{
  "100": {
    "training_loss": 24981.5625,
    "validation_loss": [
      10675.28125
    ],
    "validation_chi2s": {
      "DEUTERON": 9.442083406211133,
      "NMC": 6.1805868709788605,
      "NUCLEAR": 3.987998779296875,
      "HERACOMB": 6.9608664917790035,
      "DYE886": 48.75751842151988,
      "CDF": 2.851850782121931,
      "D0": 27.11240234375,
      "ATLAS": 12.097767223011363,
      "CMS": 8.072943015176742,
      "LHCb": 14.934529304504395,
      "total": 8.747542381286621
    }
  },
  "200": {
    "training_loss": 16760.890625,
    "validation_loss": [
      7026.42431640625
    ],
    "validation_chi2s": {
      "DEUTERON": 7.523376768501244,
      "NMC": 3.34410753437117,
      "NUCLEAR": 3.62972705078125,
      "HERACOMB": 3.9575729868770426,
      "DYE886": 45.4853682084517,
      "CDF": 1.4164344242640905,
      "D0": 31.169342041015625,
      "ATLAS": 5.818513350053267,
      "CMS": 4.120688016297387,
      "LHCb": 7.1167402267456055,
      "total": 5.843671798706055
    }
  },
  "300": {
    "training_loss": 16191.103515625,
    "validation_loss": [
      6772.83984375
    ],
    "validation_chi2s": {
      "DEUTERON": 7.426076405083955,
      "NMC": 3.376468733245251,
      "NUCLEAR": 3.666010986328125,
      "HERACOMB": 3.7246085771548203,
      "DYE886": 40.59068437056108,
      "CDF": 1.313997541155134,
      "D0": 26.9715087890625,
      "ATLAS": 5.585414192893288,
      "CMS": 4.218414306640625,
      "LHCb": 7.563732147216797,
      "total": 5.635260105133057
    }
  },
  "400": {
    "training_loss": 15719.0927734375,
    "validation_loss": [
      6549.9267578125
    ],
    "validation_chi2s": {
      "DEUTERON": 7.323029627254353,
      "NMC": 3.3392151477290133,
      "NUCLEAR": 3.556450439453125,
      "HERACOMB": 3.566628449882557,
      "DYE886": 39.41887040571733,
      "CDF": 1.4300053460257394,
      "D0": 23.323452758789063,
      "ATLAS": 5.4042979153719815,
      "CMS": 4.044220220847208,
      "LHCb": 7.28767728805542,
      "total": 5.4468536376953125
    }
  },
  "500": {
    "training_loss": 15588.896484375,
    "validation_loss": [
      6411.43115234375
    ],
    "validation_chi2s": {
      "DEUTERON": 7.119203178443719,
      "NMC": 3.278621000402114,
      "NUCLEAR": 3.539146240234375,
      "HERACOMB": 3.453377517999387,
      "DYE886": 40.08992143110795,
      "CDF": 1.6207354409354073,
      "D0": 20.911585998535156,
      "ATLAS": 5.19323036887429,
      "CMS": 3.9921764936603483,
      "LHCb": 7.176355361938477,
      "total": 5.329504489898682
    }
  },
  "600": {
    "training_loss": 15424.8984375,
    "validation_loss": [
      6315.28466796875
    ],
    "validation_chi2s": {
      "DEUTERON": 7.058479574782338,
      "NMC": 3.2354143928079044,
      "NUCLEAR": 3.479040283203125,
      "HERACOMB": 3.3980880438112746,
      "DYE886": 40.06681130149148,
      "CDF": 1.8347155707223075,
      "D0": 20.217108154296874,
      "ATLAS": 5.03467490456321,
      "CMS": 3.9213684582319415,
      "LHCb": 6.992712020874023,
      "total": 5.249018669128418
    }
  },
  "700": {
    "training_loss": 15340.5546875,
    "validation_loss": [
      6251.6943359375
    ],
    "validation_chi2s": {
      "DEUTERON": 7.017047331700871,
      "NMC": 3.196914074467678,
      "NUCLEAR": 3.43909228515625,
      "HERACOMB": 3.3623058842677698,
      "DYE886": 40.2213134765625,
      "CDF": 1.9899722508021764,
      "D0": 19.953932189941405,
      "ATLAS": 4.918703599409624,
      "CMS": 3.8613066126088627,
      "LHCb": 6.878792762756348,
      "total": 5.197399139404297
    }
  },
  "800": {
    "training_loss": 15211.6591796875,
    "validation_loss": [
      6207.43408203125
    ],
    "validation_chi2s": {
      "DEUTERON": 7.04277683846393,
      "NMC": 3.172057207892923,
      "NUCLEAR": 3.376929443359375,
      "HERACOMB": 3.34664897046058,
      "DYE886": 39.89942793412642,
      "CDF": 2.1098269053867886,
      "D0": 20.351547241210938,
      "ATLAS": 4.858630093661222,
      "CMS": 3.8017127865650613,
      "LHCb": 6.7242431640625,
      "total": 5.162154674530029
    }
  },
  "900": {
    "training_loss": 15078.2822265625,
    "validation_loss": [
      6163.29833984375
    ],
    "validation_chi2s": {
      "DEUTERON": 7.136167915306281,
      "NMC": 3.135914821250766,
      "NUCLEAR": 3.30817138671875,
      "HERACOMB": 3.304785435495813,
      "DYE886": 39.21705488725142,
      "CDF": 2.2407045364379883,
      "D0": 20.792909240722658,
      "ATLAS": 4.797921961004084,
      "CMS": 3.7682917860687755,
      "LHCb": 6.6500091552734375,
      "total": 5.128261566162109
    }
  },
  "1000": {
    "training_loss": 15089.91015625,
    "validation_loss": [
      6150.9248046875
    ],
    "validation_chi2s": {
      "DEUTERON": 6.970068480837997,
      "NMC": 3.0388752058440565,
      "NUCLEAR": 3.291730224609375,
      "HERACOMB": 3.08889750561683,
      "DYE886": 40.99358853426847,
      "CDF": 2.8792127881731306,
      "D0": 17.631298828125,
      "ATLAS": 4.677997935901988,
      "CMS": 4.43077362560835,
      "LHCb": 7.527429103851318,
      "total": 5.120804786682129
    }
  },
  "1100": {
    "training_loss": 14847.71875,
    "validation_loss": [
      6086.99853515625
    ],
    "validation_chi2s": {
      "DEUTERON": 7.183503260066853,
      "NMC": 3.0863590614468444,
      "NUCLEAR": 3.176772216796875,
      "HERACOMB": 3.2938370050168504,
      "DYE886": 39.14061390269887,
      "CDF": 2.376589911324637,
      "D0": 21.287631225585937,
      "ATLAS": 4.613000002774325,
      "CMS": 3.764679205222208,
      "LHCb": 6.360023021697998,
      "total": 5.071114540100098
    }
  },
  "1200": {
    "training_loss": 15009.8193359375,
    "validation_loss": [
      6022.72607421875
    ],
    "validation_chi2s": {
      "DEUTERON": 7.007449932952426,
      "NMC": 3.0237420773973653,
      "NUCLEAR": 3.191216064453125,
      "HERACOMB": 3.133282630272161,
      "DYE886": 41.628137761896305,
      "CDF": 2.532254082815988,
      "D0": 18.831033325195314,
      "ATLAS": 4.484793576327237,
      "CMS": 3.8302194564068905,
      "LHCb": 6.677159309387207,
      "total": 5.022456169128418
    }
  },
  "1300": {
    "training_loss": 14505.2861328125,
    "validation_loss": [
      6408.677734375
    ],
    "validation_chi2s": {
      "DEUTERON": 5.9583120773087686,
      "NMC": 3.0538258272058822,
      "NUCLEAR": 3.4344609375,
      "HERACOMB": 3.2812053206699345,
      "DYE886": 55.57100053267045,
      "CDF": 2.5258399418422153,
      "D0": 19.36331787109375,
      "ATLAS": 4.762350602583452,
      "CMS": 4.003593820040344,
      "LHCb": 8.961797714233398,
      "total": 5.321406364440918
    }
  },
  "1400": {
    "training_loss": 9119.9375,
    "validation_loss": [
      3796.464599609375
    ],
    "validation_chi2s": {
      "DEUTERON": 3.446814389964241,
      "NMC": 2.9957553639131436,
      "NUCLEAR": 2.2952802734375,
      "HERACOMB": 3.2282643037683822,
      "DYE886": 2.118768171830611,
      "CDF": 1.0761147907802038,
      "D0": 6.917636871337891,
      "ATLAS": 3.7253428372469815,
      "CMS": 3.4302250596343495,
      "LHCb": 5.3320088386535645,
      "total": 3.2076094150543213
    }
  },
  "1500": {
    "training_loss": 8336.373046875,
    "validation_loss": [
      3061.875
    ],
    "validation_chi2s": {
      "DEUTERON": 2.750621283232276,
      "NMC": 2.891664093615962,
      "NUCLEAR": 2.148042236328125,
      "HERACOMB": 2.662844589333129,
      "DYE886": 1.9171830957586116,
      "CDF": 0.9354403359549386,
      "D0": 4.339220428466797,
      "ATLAS": 2.6146618236194956,
      "CMS": 2.6784602931288424,
      "LHCb": 3.6693694591522217,
      "total": 2.5902137756347656
    }
  },
  "1600": {
    "training_loss": 7930.1533203125,
    "validation_loss": [
      2998.328125
    ],
    "validation_chi2s": {
      "DEUTERON": 2.4730370364972014,
      "NMC": 2.867613250134038,
      "NUCLEAR": 2.115397216796875,
      "HERACOMB": 2.6652580710018383,
      "DYE886": 2.030588670210405,
      "CDF": 0.9515965325491769,
      "D0": 4.467007446289062,
      "ATLAS": 2.5949379314075816,
      "CMS": 2.7828521728515625,
      "LHCb": 3.3114256858825684,
      "total": 2.5369021892547607
    }
  },
  "1700": {
    "training_loss": 7824.181640625,
    "validation_loss": [
      2867.407470703125
    ],
    "validation_chi2s": {
      "DEUTERON": 2.3145411856731966,
      "NMC": 2.863494873046875,
      "NUCLEAR": 2.081037841796875,
      "HERACOMB": 2.5759053947099675,
      "DYE886": 2.176727294921875,
      "CDF": 0.904064450945173,
      "D0": 3.839082717895508,
      "ATLAS": 2.3904907920143823,
      "CMS": 2.650877155241419,
      "LHCb": 3.126011848449707,
      "total": 2.426950454711914
    }
  },
  "1800": {
    "training_loss": 7723.02490234375,
    "validation_loss": [
      2871.7978515625
    ],
    "validation_chi2s": {
      "DEUTERON": 2.2468861442300216,
      "NMC": 2.8567301432291665,
      "NUCLEAR": 2.067069580078125,
      "HERACOMB": 2.5988051470588234,
      "DYE886": 2.2134288441051138,
      "CDF": 0.9186225618634906,
      "D0": 4.1602943420410154,
      "ATLAS": 2.4131851196289062,
      "CMS": 2.7228928863025104,
      "LHCb": 3.0659472942352295,
      "total": 2.430816888809204
    }
  },
  "1900": {
    "training_loss": 7681.96484375,
    "validation_loss": [
      2839.25830078125
    ],
    "validation_chi2s": {
      "DEUTERON": 2.1873284335160137,
      "NMC": 2.850743013269761,
      "NUCLEAR": 2.062634033203125,
      "HERACOMB": 2.582552442363664,
      "DYE886": 2.269620721990412,
      "CDF": 0.9248414039611816,
      "D0": 3.651271438598633,
      "ATLAS": 2.3691224184903232,
      "CMS": 2.712764052094006,
      "LHCb": 3.0542783737182617,
      "total": 2.4040257930755615
    }
  },
  "2000": {
    "training_loss": 7656.9501953125,
    "validation_loss": [
      2828.80859375
    ],
    "validation_chi2s": {
      "DEUTERON": 2.1692594461773167,
      "NMC": 2.833560719209559,
      "NUCLEAR": 2.0634345703125,
      "HERACOMB": 2.5810080135569855,
      "DYE886": 2.277260520241477,
      "CDF": 0.9394093241010394,
      "D0": 3.5835567474365235,
      "ATLAS": 2.349467537619851,
      "CMS": 2.7039302138031505,
      "LHCb": 3.029404401779175,
      "total": 2.395087242126465
    }
  },
  "2100": {
    "training_loss": 7639.14306640625,
    "validation_loss": [
      2804.230224609375
    ],
    "validation_chi2s": {
      "DEUTERON": 2.140017381354944,
      "NMC": 2.8509072696461395,
      "NUCLEAR": 2.0584970703125,
      "HERACOMB": 2.55363454382404,
      "DYE886": 2.3323728388006035,
      "CDF": 0.9385110310145787,
      "D0": 2.7009998321533204,
      "ATLAS": 2.3257839896462182,
      "CMS": 2.720155309458248,
      "LHCb": 3.06942081451416,
      "total": 2.375434398651123
    }
  },
  "2200": {
    "training_loss": 7630.05029296875,
    "validation_loss": [
      2788.943115234375
    ],
    "validation_chi2s": {
      "DEUTERON": 2.1280131933107898,
      "NMC": 2.8636250215418197,
      "NUCLEAR": 2.057277099609375,
      "HERACOMB": 2.5368658327588847,
      "DYE886": 2.343861839988015,
      "CDF": 0.9256715093340192,
      "D0": 2.248903274536133,
      "ATLAS": 2.3052713220769707,
      "CMS": 2.720981285220287,
      "LHCb": 3.093719005584717,
      "total": 2.363293170928955
    }
  },
  "2300": {
    "training_loss": 7624.73291015625,
    "validation_loss": [
      2797.735595703125
    ],
    "validation_chi2s": {
      "DEUTERON": 2.1292991827969527,
      "NMC": 2.816070556640625,
      "NUCLEAR": 2.06297216796875,
      "HERACOMB": 2.5649946624157476,
      "DYE886": 2.2881379560990767,
      "CDF": 0.9395452908107212,
      "D0": 2.8267269134521484,
      "ATLAS": 2.312346024946733,
      "CMS": 2.690554509397413,
      "LHCb": 3.013090133666992,
      "total": 2.3696367740631104
    }
  },
  "2400": {
    "training_loss": 7622.51171875,
    "validation_loss": [
      2786.603271484375
    ],
    "validation_chi2s": {
      "DEUTERON": 2.116097521426073,
      "NMC": 2.8155888576133576,
      "NUCLEAR": 2.06173681640625,
      "HERACOMB": 2.55531281115962,
      "DYE886": 2.2979216142134233,
      "CDF": 0.9305242810930524,
      "D0": 2.6163461685180662,
      "ATLAS": 2.29843486439098,
      "CMS": 2.687592053022541,
      "LHCb": 3.0173747539520264,
      "total": 2.3606529235839844
    }
  },
  "2500": {
    "training_loss": 7622.73974609375,
    "validation_loss": [
      2778.48876953125
    ],
    "validation_chi2s": {
      "DEUTERON": 2.1058097573655163,
      "NMC": 2.8133072198606004,
      "NUCLEAR": 2.0620048828125,
      "HERACOMB": 2.5485484802645018,
      "DYE886": 2.3068436709317295,
      "CDF": 0.9230212484087262,
      "D0": 2.4880306243896486,
      "ATLAS": 2.286895925348455,
      "CMS": 2.684287899830302,
      "LHCb": 3.017448663711548,
      "total": 2.3540618419647217
    }
  },
  "2600": {
    "training_loss": 7625.248046875,
    "validation_loss": [
      2770.51806640625
    ],
    "validation_chi2s": {
      "DEUTERON": 2.0962749120607898,
      "NMC": 2.812838086894914,
      "NUCLEAR": 2.0617060546875,
      "HERACOMB": 2.5414440678615198,
      "DYE886": 2.3132542696866123,
      "CDF": 0.9134328705923898,
      "D0": 2.3704126358032225,
      "ATLAS": 2.2758372913707388,
      "CMS": 2.6812253858222337,
      "LHCb": 3.020195245742798,
      "total": 2.347669839859009
    }
  },
  "2700": {
    "training_loss": 7618.54541015625,
    "validation_loss": [
      2771.6025390625
    ],
    "validation_chi2s": {
      "DEUTERON": 2.0858996946420243,
      "NMC": 2.8104248046875,
      "NUCLEAR": 2.062157958984375,
      "HERACOMB": 2.545877294602737,
      "DYE886": 2.326333999633789,
      "CDF": 0.9155614716666085,
      "D0": 2.393539619445801,
      "ATLAS": 2.2831334200772373,
      "CMS": 2.6837926145459785,
      "LHCb": 3.016824722290039,
      "total": 2.3487608432769775
    }
  },
  "2800": {
    "training_loss": 7613.8515625,
    "validation_loss": [
      2761.370849609375
    ],
    "validation_chi2s": {
      "DEUTERON": 2.0767676510027986,
      "NMC": 2.860927806181066,
      "NUCLEAR": 2.0550615234375,
      "HERACOMB": 2.51847789490145,
      "DYE886": 2.4216561750932173,
      "CDF": 0.893866947719029,
      "D0": 1.9174877166748048,
      "ATLAS": 2.268508044156161,
      "CMS": 2.713600784051614,
      "LHCb": 3.1085221767425537,
      "total": 2.3417630195617676
    }
  },
  "2900": {
    "training_loss": 7621.26416015625,
    "validation_loss": [
      2751.49658203125
    ],
    "validation_chi2s": {
      "DEUTERON": 2.06615770634134,
      "NMC": 2.8524807200712314,
      "NUCLEAR": 2.054590576171875,
      "HERACOMB": 2.5120340983072915,
      "DYE886": 2.4785130240700464,
      "CDF": 0.8807907785688128,
      "D0": 1.9055370330810546,
      "ATLAS": 2.246565038507635,
      "CMS": 2.701318709576716,
      "LHCb": 3.0928385257720947,
      "total": 2.333712577819824
    }
  },
  "3000": {
    "training_loss": 7602.34375,
    "validation_loss": [
      2787.236083984375
    ],
    "validation_chi2s": {
      "DEUTERON": 2.163323397660137,
      "NMC": 2.7920155244715072,
      "NUCLEAR": 2.057846435546875,
      "HERACOMB": 2.531893462137459,
      "DYE886": 2.3411754261363638,
      "CDF": 0.8538966860089984,
      "D0": 2.435990905761719,
      "ATLAS": 2.260543476451527,
      "CMS": 2.689299786677126,
      "LHCb": 3.3007314205169678,
      "total": 2.361816644668579
    }
  },
  "3100": {
    "training_loss": 8062.48828125,
    "validation_loss": [
      2991.07373046875
    ],
    "validation_chi2s": {
      "DEUTERON": 2.927086977223259,
      "NMC": 2.793112960516238,
      "NUCLEAR": 2.1192421875,
      "HERACOMB": 2.5316644805708743,
      "DYE886": 3.266659129749645,
      "CDF": 0.9942680086408343,
      "D0": 1.9574396133422851,
      "ATLAS": 2.326784307306463,
      "CMS": 2.7272263823962604,
      "LHCb": 2.9459028244018555,
      "total": 2.5235331058502197
    }
  },
  "3200": {
    "training_loss": 8008.4326171875,
    "validation_loss": [
      2922.806884765625
    ],
    "validation_chi2s": {
      "DEUTERON": 2.653115343691698,
      "NMC": 2.810107062844669,
      "NUCLEAR": 2.130074462890625,
      "HERACOMB": 2.527399000778697,
      "DYE886": 2.7639205239035864,
      "CDF": 0.9630804061889648,
      "D0": 1.804712677001953,
      "ATLAS": 2.3087198084050957,
      "CMS": 2.7263018498655227,
      "LHCb": 2.993255853652954,
      "total": 2.46628475189209
    }
  },
  "3300": {
    "training_loss": 7964.94140625,
    "validation_loss": [
      2894.80517578125
    ],
    "validation_chi2s": {
      "DEUTERON": 2.521974326366216,
      "NMC": 2.816252166149663,
      "NUCLEAR": 2.1419990234375,
      "HERACOMB": 2.5318278393714255,
      "DYE886": 2.5047747872092505,
      "CDF": 0.9536753382001605,
      "D0": 1.8286725997924804,
      "ATLAS": 2.307864796031605,
      "CMS": 2.726102985319544,
      "LHCb": 2.9724910259246826,
      "total": 2.4424304962158203
    }
  },
  "3400": {
    "training_loss": 7945.95654296875,
    "validation_loss": [
      2891.4150390625
    ],
    "validation_chi2s": {
      "DEUTERON": 2.509948882297497,
      "NMC": 2.8208429673138786,
      "NUCLEAR": 2.15080517578125,
      "HERACOMB": 2.5342784208409928,
      "DYE886": 2.3876082680442114,
      "CDF": 0.9315035683768136,
      "D0": 1.870697021484375,
      "ATLAS": 2.3057939356023613,
      "CMS": 2.719913169985912,
      "LHCb": 2.963000774383545,
      "total": 2.4399092197418213
    }
  },
  "3500": {
    "training_loss": 7943.9140625,
    "validation_loss": [
      2882.96484375
    ],
    "validation_chi2s": {
      "DEUTERON": 2.5031897701434236,
      "NMC": 2.824818629844516,
      "NUCLEAR": 2.153291015625,
      "HERACOMB": 2.53016632678462,
      "DYE886": 2.263968727805398,
      "CDF": 0.9037281445094517,
      "D0": 1.848320198059082,
      "ATLAS": 2.297089836814187,
      "CMS": 2.710121279857198,
      "LHCb": 2.9544284343719482,
      "total": 2.4331700801849365
    }
  },
  "3600": {
    "training_loss": 7940.70654296875,
    "validation_loss": [
      2878.5029296875
    ],
    "validation_chi2s": {
      "DEUTERON": 2.488172085130986,
      "NMC": 2.8288397695503984,
      "NUCLEAR": 2.154694580078125,
      "HERACOMB": 2.52775643541922,
      "DYE886": 2.1959686279296875,
      "CDF": 0.8810520172119141,
      "D0": 1.8992570877075194,
      "ATLAS": 2.298938924616033,
      "CMS": 2.7050946345094773,
      "LHCb": 2.9759633541107178,
      "total": 2.429819107055664
    }
  },
  "3700": {
    "training_loss": 7936.44775390625,
    "validation_loss": [
      2883.021240234375
    ],
    "validation_chi2s": {
      "DEUTERON": 2.5050428399992226,
      "NMC": 2.8289423923866424,
      "NUCLEAR": 2.155561767578125,
      "HERACOMB": 2.532265457452512,
      "DYE886": 2.137290261008523,
      "CDF": 0.8690436226981026,
      "D0": 1.9381046295166016,
      "ATLAS": 2.3073156530206855,
      "CMS": 2.7010628121798157,
      "LHCb": 2.975083827972412,
      "total": 2.4340338706970215
    }
  },
  "3800": {
    "training_loss": 7929.61962890625,
    "validation_loss": [
      2884.5634765625
    ],
    "validation_chi2s": {
      "DEUTERON": 2.4999571842933768,
      "NMC": 2.830331839767157,
      "NUCLEAR": 2.1580673828125,
      "HERACOMB": 2.5339826197406046,
      "DYE886": 2.12245681069114,
      "CDF": 0.8508233342851911,
      "D0": 1.9942520141601563,
      "ATLAS": 2.3144312771883877,
      "CMS": 2.701693925701204,
      "LHCb": 2.982724189758301,
      "total": 2.4356331825256348
    }
  },
  "3900": {
    "training_loss": 7922.18701171875,
    "validation_loss": [
      2882.66943359375
    ],
    "validation_chi2s": {
      "DEUTERON": 2.4668790143520676,
      "NMC": 2.8309000052657782,
      "NUCLEAR": 2.16067529296875,
      "HERACOMB": 2.5375657424428106,
      "DYE886": 2.1259191686456855,
      "CDF": 0.8361548015049526,
      "D0": 2.063071441650391,
      "ATLAS": 2.3232655958695845,
      "CMS": 2.701414764904585,
      "LHCb": 3.0123484134674072,
      "total": 2.4341537952423096
    }
  },
  "4000": {
    "training_loss": 7921.8994140625,
    "validation_loss": [
      2884.3896484375
    ],
    "validation_chi2s": {
      "DEUTERON": 2.4755211066250777,
      "NMC": 2.8319621366613053,
      "NUCLEAR": 2.15827880859375,
      "HERACOMB": 2.5409653607536766,
      "DYE886": 2.0929381630637427,
      "CDF": 0.8269331114632743,
      "D0": 2.1094844818115233,
      "ATLAS": 2.3299522399902344,
      "CMS": 2.6996314877369363,
      "LHCb": 2.9929463863372803,
      "total": 2.436061143875122
    }
  },
  "4100": {
    "training_loss": 7922.94140625,
    "validation_loss": [
      2890.288330078125
    ],
    "validation_chi2s": {
      "DEUTERON": 2.513340129188044,
      "NMC": 2.8305670046338847,
      "NUCLEAR": 2.156211181640625,
      "HERACOMB": 2.5420029584099266,
      "DYE886": 2.063337499445135,
      "CDF": 0.811826229095459,
      "D0": 2.1150407791137695,
      "ATLAS": 2.3336930708451704,
      "CMS": 2.699219500432249,
      "LHCb": 2.965725898742676,
      "total": 2.441470146179199
    }
  },
  "4200": {
    "training_loss": 7927.94580078125,
    "validation_loss": [
      2916.05810546875
    ],
    "validation_chi2s": {
      "DEUTERON": 2.658745457283893,
      "NMC": 2.830050000957414,
      "NUCLEAR": 2.152775146484375,
      "HERACOMB": 2.5456529006459356,
      "DYE886": 1.994791030883789,
      "CDF": 0.8079463413783482,
      "D0": 2.0630693435668945,
      "ATLAS": 2.3343930677934126,
      "CMS": 2.700200065237577,
      "LHCb": 2.9203226566314697,
      "total": 2.463724374771118
    }
  },
  "4300": {
    "training_loss": 7927.7333984375,
    "validation_loss": [
      2904.46044921875
    ],
    "validation_chi2s": {
      "DEUTERON": 2.603484955593128,
      "NMC": 2.8301215078316484,
      "NUCLEAR": 2.150888427734375,
      "HERACOMB": 2.539650910820057,
      "DYE886": 2.01852763782848,
      "CDF": 0.7933752196175712,
      "D0": 2.1321691513061523,
      "ATLAS": 2.334591432051225,
      "CMS": 2.7033803971087345,
      "LHCb": 2.940556526184082,
      "total": 2.4541831016540527
    }
  },
  "4400": {
    "training_loss": 7935.56103515625,
    "validation_loss": [
      2908.406982421875
    ],
    "validation_chi2s": {
      "DEUTERON": 2.677015921369714,
      "NMC": 2.823416915594363,
      "NUCLEAR": 2.146177978515625,
      "HERACOMB": 2.5295759213516136,
      "DYE886": 2.0382875962690874,
      "CDF": 0.7646070207868304,
      "D0": 1.9977151870727539,
      "ATLAS": 2.310477516867898,
      "CMS": 2.6922832551549694,
      "LHCb": 2.939040422439575,
      "total": 2.457087993621826
    }
  },
  "4500": {
    "training_loss": 7932.130859375,
    "validation_loss": [
      2950.194580078125
    ],
    "validation_chi2s": {
      "DEUTERON": 2.854138730177239,
      "NMC": 2.822988173540901,
      "NUCLEAR": 2.1436630859375,
      "HERACOMB": 2.544388116574755,
      "DYE886": 1.99262844432484,
      "CDF": 0.7859987531389508,
      "D0": 2.1032958984375,
      "ATLAS": 2.3299624703147193,
      "CMS": 2.697118039991035,
      "LHCb": 2.9088101387023926,
      "total": 2.4933979511260986
    }
  },
  "4600": {
    "training_loss": 7933.45068359375,
    "validation_loss": [
      2874.92236328125
    ],
    "validation_chi2s": {
      "DEUTERON": 2.5003030501787937,
      "NMC": 2.82250228582644,
      "NUCLEAR": 2.139144287109375,
      "HERACOMB": 2.510274849685968,
      "DYE886": 2.1036626642400567,
      "CDF": 0.7574966975620815,
      "D0": 2.210917854309082,
      "ATLAS": 2.3207132166082207,
      "CMS": 2.696420888431737,
      "LHCb": 3.0832910537719727,
      "total": 2.4292311668395996
    }
  },
  "4700": {
    "training_loss": 7939.51953125,
    "validation_loss": [
      2891.8427734375
    ],
    "validation_chi2s": {
      "DEUTERON": 2.5930060391402363,
      "NMC": 2.822225234087776,
      "NUCLEAR": 2.131716064453125,
      "HERACOMB": 2.5214239382276347,
      "DYE886": 2.079546321522106,
      "CDF": 0.7716774259294782,
      "D0": 2.165288734436035,
      "ATLAS": 2.3347802595658735,
      "CMS": 2.695769263095543,
      "LHCb": 2.963047981262207,
      "total": 2.4443836212158203
    }
  },
  "4800": {
    "training_loss": 7946.1806640625,
    "validation_loss": [
      2898.590087890625
    ],
    "validation_chi2s": {
      "DEUTERON": 2.6544657085665424,
      "NMC": 2.8178872501148895,
      "NUCLEAR": 2.12816796875,
      "HERACOMB": 2.5212529998978757,
      "DYE886": 2.0527579567649146,
      "CDF": 0.7525388172694615,
      "D0": 2.1544139862060545,
      "ATLAS": 2.3188426277854224,
      "CMS": 2.689292782642802,
      "LHCb": 2.961925745010376,
      "total": 2.450101613998413
    }
  },
  "4900": {
    "training_loss": 7985.21435546875,
    "validation_loss": [
      2865.59326171875
    ],
    "validation_chi2s": {
      "DEUTERON": 2.526339554668066,
      "NMC": 2.8270574831495097,
      "NUCLEAR": 2.124267578125,
      "HERACOMB": 2.4962335723677493,
      "DYE886": 2.0595441298051314,
      "CDF": 0.7097928864615304,
      "D0": 2.2233123779296875,
      "ATLAS": 2.286295110529119,
      "CMS": 2.6965509633548925,
      "LHCb": 3.1128196716308594,
      "total": 2.4217309951782227
    }
  },
  "5000": {
    "training_loss": 7950.1494140625,
    "validation_loss": [
      2867.3232421875
    ],
    "validation_chi2s": {
      "DEUTERON": 2.515705165578358,
      "NMC": 2.82689681707644,
      "NUCLEAR": 2.123000732421875,
      "HERACOMB": 2.5003185396880108,
      "DYE886": 2.134889776056463,
      "CDF": 0.7212625912257603,
      "D0": 2.312731170654297,
      "ATLAS": 2.308237595991655,
      "CMS": 2.696890158731429,
      "LHCb": 3.0082433223724365,
      "total": 2.423410177230835
    }
  },
  "5100": {
    "training_loss": 7960.01416015625,
    "validation_loss": [
      2905.53466796875
    ],
    "validation_chi2s": {
      "DEUTERON": 2.7248015901935636,
      "NMC": 2.822427188648897,
      "NUCLEAR": 2.1176171875,
      "HERACOMB": 2.5083047704758985,
      "DYE886": 2.0469447049227627,
      "CDF": 0.7354833057948521,
      "D0": 2.1442939758300783,
      "ATLAS": 2.319594990123402,
      "CMS": 2.6903491411052767,
      "LHCb": 2.9437718391418457,
      "total": 2.4561350345611572
    }
  },
  "5200": {
    "training_loss": 7966.11962890625,
    "validation_loss": [
      2886.572265625
    ],
    "validation_chi2s": {
      "DEUTERON": 2.6782065624028295,
      "NMC": 2.845602895699295,
      "NUCLEAR": 2.1010546875,
      "HERACOMB": 2.483297510084763,
      "DYE886": 1.9752167788418857,
      "CDF": 0.6924059050423759,
      "D0": 2.633679962158203,
      "ATLAS": 2.2616233825683594,
      "CMS": 2.7300284964139343,
      "LHCb": 3.1720399856567383,
      "total": 2.443373680114746
    }
  },
  "5300": {
    "training_loss": 8266.65234375,
    "validation_loss": [
      2957.4013671875
    ],
    "validation_chi2s": {
      "DEUTERON": 2.815675346412469,
      "NMC": 2.806766584807751,
      "NUCLEAR": 2.1099228515625,
      "HERACOMB": 2.566550460516238,
      "DYE886": 2.1528960141268643,
      "CDF": 0.7580457414899554,
      "D0": 2.5918596267700194,
      "ATLAS": 2.3761220411820845,
      "CMS": 2.6961264688460553,
      "LHCb": 2.9843974113464355,
      "total": 2.5005569458007812
    }
  },
  "5400": {
    "training_loss": 7987.2587890625,
    "validation_loss": [
      2842.094970703125
    ],
    "validation_chi2s": {
      "DEUTERON": 2.4309703010824784,
      "NMC": 2.8374071308210786,
      "NUCLEAR": 2.115157470703125,
      "HERACOMB": 2.5010665195440156,
      "DYE886": 1.9115656072443181,
      "CDF": 0.7166466031755719,
      "D0": 2.5943531036376952,
      "ATLAS": 2.3195037841796875,
      "CMS": 2.688137617267546,
      "LHCb": 2.941333293914795,
      "total": 2.4050731658935547
    }
  },
  "5500": {
    "training_loss": 7970.97119140625,
    "validation_loss": [
      2855.35302734375
    ],
    "validation_chi2s": {
      "DEUTERON": 2.4190118134911383,
      "NMC": 2.824648389629289,
      "NUCLEAR": 2.112818115234375,
      "HERACOMB": 2.5251416973039214,
      "DYE886": 1.9280520352450283,
      "CDF": 0.7298883710588727,
      "D0": 2.7827993392944337,
      "ATLAS": 2.3402735970237036,
      "CMS": 2.696924178326716,
      "LHCb": 3.0128142833709717,
      "total": 2.4161882400512695
    }
  },
  "5600": {
    "training_loss": 7974.37158203125,
    "validation_loss": [
      2850.224853515625
    ],
    "validation_chi2s": {
      "DEUTERON": 2.4145709744733366,
      "NMC": 2.8230692545572915,
      "NUCLEAR": 2.11173681640625,
      "HERACOMB": 2.5120927399280024,
      "DYE886": 1.9574033563787288,
      "CDF": 0.733917372567313,
      "D0": 2.7667707443237304,
      "ATLAS": 2.342153722589666,
      "CMS": 2.7057322517770235,
      "LHCb": 2.963717460632324,
      "total": 2.4120352268218994
    }
  },
  "5700": {
    "training_loss": 8064.96728515625,
    "validation_loss": [
      2870.738037109375
    ],
    "validation_chi2s": {
      "DEUTERON": 2.5438905023223723,
      "NMC": 2.8091206270105697,
      "NUCLEAR": 2.11321337890625,
      "HERACOMB": 2.515285516876021,
      "DYE886": 2.005223360928622,
      "CDF": 0.7373322078159877,
      "D0": 2.422794532775879,
      "ATLAS": 2.32224516435103,
      "CMS": 2.682673970206839,
      "LHCb": 3.0854761600494385,
      "total": 2.430593490600586
    }
  },
  "5800": {
    "training_loss": 8014.962890625,
    "validation_loss": [
      2845.05078125
    ],
    "validation_chi2s": {
      "DEUTERON": 2.48230223394745,
      "NMC": 2.8361580044615504,
      "NUCLEAR": 2.103259765625,
      "HERACOMB": 2.478033327588848,
      "DYE886": 1.9657013633034446,
      "CDF": 0.6802731922694615,
      "D0": 2.7844284057617186,
      "ATLAS": 2.286079753528942,
      "CMS": 2.692073884557505,
      "LHCb": 3.1639583110809326,
      "total": 2.4091429710388184
    }
  },
  "5900": {
    "training_loss": 8011.8681640625,
    "validation_loss": [
      2844.3056640625
    ],
    "validation_chi2s": {
      "DEUTERON": 2.4736918738825406,
      "NMC": 2.857033523858762,
      "NUCLEAR": 2.101971435546875,
      "HERACOMB": 2.476674597247753,
      "DYE886": 1.927927017211914,
      "CDF": 0.6826762471880231,
      "D0": 2.7155082702636717,
      "ATLAS": 2.2787210291082207,
      "CMS": 2.7023540559362194,
      "LHCb": 3.22721791267395,
      "total": 2.408357858657837
    }
  },
  "6000": {
    "training_loss": 8007.56494140625,
    "validation_loss": [
      2847.560791015625
    ],
    "validation_chi2s": {
      "DEUTERON": 2.497645743450715,
      "NMC": 2.8408669864430145,
      "NUCLEAR": 2.096343994140625,
      "HERACOMB": 2.480145024318321,
      "DYE886": 1.9652928439053623,
      "CDF": 0.6822733879089355,
      "D0": 2.7836475372314453,
      "ATLAS": 2.2650697881525215,
      "CMS": 2.704922535380379,
      "LHCb": 3.2413251399993896,
      "total": 2.4113383293151855
    }
  },
  "6100": {
    "training_loss": 8041.61962890625,
    "validation_loss": [
      2846.455322265625
    ],
    "validation_chi2s": {
      "DEUTERON": 2.4803169212531095,
      "NMC": 2.829066557042739,
      "NUCLEAR": 2.0941884765625,
      "HERACOMB": 2.4817032159543504,
      "DYE886": 1.982107856056907,
      "CDF": 0.6987520626613072,
      "D0": 2.7863557815551756,
      "ATLAS": 2.2858413349498403,
      "CMS": 2.6923678038550203,
      "LHCb": 3.2622013092041016,
      "total": 2.4106228351593018
    }
  },
  "6200": {
    "training_loss": 8014.18798828125,
    "validation_loss": [
      2857.245849609375
    ],
    "validation_chi2s": {
      "DEUTERON": 2.4139618375408114,
      "NMC": 2.7976576861213234,
      "NUCLEAR": 2.10275830078125,
      "HERACOMB": 2.528878804125817,
      "DYE886": 2.054033799604936,
      "CDF": 0.727771690913609,
      "D0": 2.798854637145996,
      "ATLAS": 2.351426037875089,
      "CMS": 2.699065661821209,
      "LHCb": 3.055990219116211,
      "total": 2.4185330867767334
    }
  },
  "6300": {
    "training_loss": 8022.56787109375,
    "validation_loss": [
      2864.866943359375
    ],
    "validation_chi2s": {
      "DEUTERON": 2.402982189880675,
      "NMC": 2.804043040556066,
      "NUCLEAR": 2.115038818359375,
      "HERACOMB": 2.5364764843111725,
      "DYE886": 2.100305210460316,
      "CDF": 0.7637534141540527,
      "D0": 2.5919471740722657,
      "ATLAS": 2.376862959428267,
      "CMS": 2.7332873735271517,
      "LHCb": 2.923757553100586,
      "total": 2.424595355987549
    }
  },
  "6400": {
    "training_loss": 8074.92529296875,
    "validation_loss": [
      2843.535888671875
    ],
    "validation_chi2s": {
      "DEUTERON": 2.4829110672224814,
      "NMC": 2.820356481215533,
      "NUCLEAR": 2.092635009765625,
      "HERACOMB": 2.48797567529616,
      "DYE886": 2.0115914778275923,
      "CDF": 0.6876397814069476,
      "D0": 2.722781753540039,
      "ATLAS": 2.2894437963312324,
      "CMS": 2.676506917984759,
      "LHCb": 3.1733713150024414,
      "total": 2.4084134101867676
    }
  },
  "6500": {
    "training_loss": 8076.45947265625,
    "validation_loss": [
      2847.878662109375
    ],
    "validation_chi2s": {
      "DEUTERON": 2.5032257535564364,
      "NMC": 2.832504870844822,
      "NUCLEAR": 2.087301513671875,
      "HERACOMB": 2.486261305466197,
      "DYE886": 2.0306399952281606,
      "CDF": 0.6773589679173061,
      "D0": 2.679990768432617,
      "ATLAS": 2.2872191342440518,
      "CMS": 2.6856484334976947,
      "LHCb": 3.2089648246765137,
      "total": 2.4123446941375732
    }
  },
  "6600": {
    "training_loss": 8115.08642578125,
    "validation_loss": [
      2849.301025390625
    ],
    "validation_chi2s": {
      "DEUTERON": 2.484285876525575,
      "NMC": 2.8087699740540746,
      "NUCLEAR": 2.0894111328125,
      "HERACOMB": 2.4912727705014297,
      "DYE886": 2.039549394087358,
      "CDF": 0.6921449388776507,
      "D0": 2.8074773788452148,
      "ATLAS": 2.305779890580611,
      "CMS": 2.676790081086706,
      "LHCb": 3.2291245460510254,
      "total": 2.4135756492614746
    }
  },
  "6700": {
    "training_loss": 8095.103515625,
    "validation_loss": [
      2846.409423828125
    ],
    "validation_chi2s": {
      "DEUTERON": 2.5003962730293843,
      "NMC": 2.8204938103170956,
      "NUCLEAR": 2.084263671875,
      "HERACOMB": 2.487506342869179,
      "DYE886": 2.079112486405806,
      "CDF": 0.7058408600943429,
      "D0": 2.590116500854492,
      "ATLAS": 2.2886135794899682,
      "CMS": 2.682029098760886,
      "LHCb": 3.215414524078369,
      "total": 2.41133975982666
    }
  },
  "6800": {
    "training_loss": 8089.0068359375,
    "validation_loss": [
      2853.679443359375
    ],
    "validation_chi2s": {
      "DEUTERON": 2.409584918425451,
      "NMC": 2.7871662214690565,
      "NUCLEAR": 2.09295361328125,
      "HERACOMB": 2.506707484426062,
      "DYE886": 2.158938841386275,
      "CDF": 0.7381535257611956,
      "D0": 2.744510269165039,
      "ATLAS": 2.374425541270863,
      "CMS": 2.6757309710393185,
      "LHCb": 3.250004529953003,
      "total": 2.4173407554626465
    }
  },
  "6900": {
    "training_loss": 8094.4306640625,
    "validation_loss": [
      2856.022216796875
    ],
    "validation_chi2s": {
      "DEUTERON": 2.399068652100824,
      "NMC": 2.787636850394455,
      "NUCLEAR": 2.08764453125,
      "HERACOMB": 2.511499143114277,
      "DYE886": 2.1736020174893467,
      "CDF": 0.7457796505519322,
      "D0": 2.7863479614257813,
      "ATLAS": 2.37600378556685,
      "CMS": 2.667723608798668,
      "LHCb": 3.3791093826293945,
      "total": 2.4192745685577393
    }
  },
  "7000": {
    "training_loss": 8117.8115234375,
    "validation_loss": [
      2847.631103515625
    ],
    "validation_chi2s": {
      "DEUTERON": 2.496665385232043,
      "NMC": 2.8225459678500306,
      "NUCLEAR": 2.08646142578125,
      "HERACOMB": 2.492545134101818,
      "DYE886": 2.185834537852894,
      "CDF": 0.7142078535897392,
      "D0": 2.458947944641113,
      "ATLAS": 2.2872562408447266,
      "CMS": 2.6825346399526127,
      "LHCb": 3.205129384994507,
      "total": 2.4130685329437256
    }
  },
  "7100": {
    "training_loss": 8100.21337890625,
    "validation_loss": [
      2860.888671875
    ],
    "validation_chi2s": {
      "DEUTERON": 2.4026635013409514,
      "NMC": 2.796164419136795,
      "NUCLEAR": 2.09153955078125,
      "HERACOMB": 2.5269059324576184,
      "DYE886": 2.227223136208274,
      "CDF": 0.7643250056675502,
      "D0": 2.6330970764160155,
      "ATLAS": 2.3757379705255683,
      "CMS": 2.683375624359631,
      "LHCb": 3.2702105045318604,
      "total": 2.423522710800171
    }
  },
  "7200": {
    "training_loss": 8106.041015625,
    "validation_loss": [
      2862.434814453125
    ],
    "validation_chi2s": {
      "DEUTERON": 2.398526319816931,
      "NMC": 2.781458536783854,
      "NUCLEAR": 2.093515625,
      "HERACOMB": 2.5237249237260007,
      "DYE886": 2.3157577514648438,
      "CDF": 0.7563050815037319,
      "D0": 2.5736906051635744,
      "ATLAS": 2.373523538762873,
      "CMS": 2.685755245021132,
      "LHCb": 3.3508121967315674,
      "total": 2.4249813556671143
    }
  },
  "7300": {
    "training_loss": 8194.36572265625,
    "validation_loss": [
      2987.90625
    ],
    "validation_chi2s": {
      "DEUTERON": 2.6321320035564364,
      "NMC": 2.876962998334099,
      "NUCLEAR": 2.069218994140625,
      "HERACOMB": 2.5266841314976514,
      "DYE886": 4.903951818292791,
      "CDF": 0.7708162580217633,
      "D0": 3.845286560058594,
      "ATLAS": 2.327556436712092,
      "CMS": 2.647029438956839,
      "LHCb": 4.147241115570068,
      "total": 2.534654378890991
    }
  },
  "7400": {
    "training_loss": 7655.71533203125,
    "validation_loss": [
      2746.524169921875
    ],
    "validation_chi2s": {
      "DEUTERON": 2.058123080884639,
      "NMC": 2.855482213637408,
      "NUCLEAR": 2.018757080078125,
      "HERACOMB": 2.515652525658701,
      "DYE886": 2.969138752330433,
      "CDF": 0.7887434959411621,
      "D0": 2.3445348739624023,
      "ATLAS": 2.246522556651722,
      "CMS": 2.6413376604924435,
      "LHCb": 3.1399738788604736,
      "total": 2.3332109451293945
    }
  },
  "7500": {
    "training_loss": 7671.62548828125,
    "validation_loss": [
      2740.311767578125
    ],
    "validation_chi2s": {
      "DEUTERON": 2.0429625250213777,
      "NMC": 2.779773188572304,
      "NUCLEAR": 2.01183203125,
      "HERACOMB": 2.5094526702282476,
      "DYE886": 2.7916136654940518,
      "CDF": 0.8474039350237165,
      "D0": 2.1806459426879883,
      "ATLAS": 2.304285916415128,
      "CMS": 2.615412977875256,
      "LHCb": 3.219336748123169,
      "total": 2.328004837036133
    }
  },
  "7600": {
    "training_loss": 7618.92919921875,
    "validation_loss": [
      2753.2197265625
    ],
    "validation_chi2s": {
      "DEUTERON": 2.0367689749494713,
      "NMC": 2.789460126091452,
      "NUCLEAR": 2.012826904296875,
      "HERACOMB": 2.5405353222017975,
      "DYE886": 2.578971516002308,
      "CDF": 0.8691052709306989,
      "D0": 2.5992809295654298,
      "ATLAS": 2.3326570337468926,
      "CMS": 2.6329218129642675,
      "LHCb": 3.126755952835083,
      "total": 2.3389108180999756
    }
  },
  "7700": {
    "training_loss": 7614.37939453125,
    "validation_loss": [
      2747.68310546875
    ],
    "validation_chi2s": {
      "DEUTERON": 2.036303468011505,
      "NMC": 2.7956674613204657,
      "NUCLEAR": 2.01351123046875,
      "HERACOMB": 2.5389763327205883,
      "DYE886": 2.546711661598899,
      "CDF": 0.8577735764639718,
      "D0": 2.5342878341674804,
      "ATLAS": 2.3107386502352627,
      "CMS": 2.635404993276127,
      "LHCb": 3.1128652095794678,
      "total": 2.3342196941375732
    }
  },
  "7800": {
    "training_loss": 7624.24658203125,
    "validation_loss": [
      2725.461669921875
    ],
    "validation_chi2s": {
      "DEUTERON": 2.0378311688627178,
      "NMC": 2.833242079790901,
      "NUCLEAR": 2.014271484375,
      "HERACOMB": 2.506894379659416,
      "DYE886": 2.592639749700373,
      "CDF": 0.8108271871294294,
      "D0": 2.1129501342773436,
      "ATLAS": 2.232113924893466,
      "CMS": 2.6545780369492826,
      "LHCb": 3.1253199577331543,
      "total": 2.315497636795044
    }
  },
  "7900": {
    "training_loss": 7663.23876953125,
    "validation_loss": [
      2732.365234375
    ],
    "validation_chi2s": {
      "DEUTERON": 2.032748246074316,
      "NMC": 2.8358953139361214,
      "NUCLEAR": 2.0129473876953123,
      "HERACOMB": 2.5092721577563317,
      "DYE886": 2.504111896861683,
      "CDF": 0.8468879972185407,
      "D0": 2.2548654556274412,
      "ATLAS": 2.2797976407137783,
      "CMS": 2.64804452364562,
      "LHCb": 3.127056837081909,
      "total": 2.321347951889038
    }
  },
  "8000": {
    "training_loss": 7600.39892578125,
    "validation_loss": [
      2739.837158203125
    ],
    "validation_chi2s": {
      "DEUTERON": 2.0270022871482434,
      "NMC": 2.797813565123315,
      "NUCLEAR": 2.0178443603515626,
      "HERACOMB": 2.5369873046875,
      "DYE886": 2.4155127785422583,
      "CDF": 0.8334065846034459,
      "D0": 2.4248891830444337,
      "ATLAS": 2.2933712005615234,
      "CMS": 2.636349537333504,
      "LHCb": 3.1225953102111816,
      "total": 2.327366352081299
    }
  },
  "8100": {
    "training_loss": 7596.08544921875,
    "validation_loss": [
      2743.060791015625
    ],
    "validation_chi2s": {
      "DEUTERON": 2.028130222908893,
      "NMC": 2.798592960133272,
      "NUCLEAR": 2.018754150390625,
      "HERACOMB": 2.5452388189976514,
      "DYE886": 2.3572568026455967,
      "CDF": 0.8475176266261509,
      "D0": 2.4598766326904298,
      "ATLAS": 2.299405878240412,
      "CMS": 2.643864365874744,
      "LHCb": 3.0869576930999756,
      "total": 2.3299360275268555
    }
  },
  "8200": {
    "training_loss": 7604.142578125,
    "validation_loss": [
      2733.10400390625
    ],
    "validation_chi2s": {
      "DEUTERON": 2.0208038785564364,
      "NMC": 2.8141105502259496,
      "NUCLEAR": 2.0185394287109375,
      "HERACOMB": 2.5158368278952206,
      "DYE886": 2.5205541090531782,
      "CDF": 0.8412242616925921,
      "D0": 2.137378120422363,
      "ATLAS": 2.2911193154074927,
      "CMS": 2.6396264248206966,
      "LHCb": 3.1510400772094727,
      "total": 2.3220062255859375
    }
  },
  "8300": {
    "training_loss": 7595.42529296875,
    "validation_loss": [
      2742.357421875
    ],
    "validation_chi2s": {
      "DEUTERON": 2.0296817608733675,
      "NMC": 2.840311985389859,
      "NUCLEAR": 2.0164306640625,
      "HERACOMB": 2.527140100017872,
      "DYE886": 2.3716680353338067,
      "CDF": 0.8346672058105469,
      "D0": 2.35937385559082,
      "ATLAS": 2.2981468547474253,
      "CMS": 2.667018702772797,
      "LHCb": 3.140042781829834,
      "total": 2.329803943634033
    }
  },
  "8400": {
    "training_loss": 7631.7353515625,
    "validation_loss": [
      2726.943359375
    ],
    "validation_chi2s": {
      "DEUTERON": 2.043995415986474,
      "NMC": 2.848037121342678,
      "NUCLEAR": 2.0191351318359376,
      "HERACOMB": 2.5035964866089664,
      "DYE886": 2.2769733775745737,
      "CDF": 0.8189349174499512,
      "D0": 2.3224605560302733,
      "ATLAS": 2.272931532426314,
      "CMS": 2.6357341828893444,
      "LHCb": 3.0941708087921143,
      "total": 2.316598653793335
    }
  },
  "8500": {
    "training_loss": 7589.86474609375,
    "validation_loss": [
      2734.9853515625
    ],
    "validation_chi2s": {
      "DEUTERON": 2.0290276826317633,
      "NMC": 2.81017198749617,
      "NUCLEAR": 2.0183369140625,
      "HERACOMB": 2.533230451197406,
      "DYE886": 2.283182317560369,
      "CDF": 0.8012978690011161,
      "D0": 2.2555660247802733,
      "ATLAS": 2.2754688262939453,
      "CMS": 2.661796945040343,
      "LHCb": 3.1318440437316895,
      "total": 2.3234846591949463
    }
  },
  "8600": {
    "training_loss": 7680.6142578125,
    "validation_loss": [
      2720.97119140625
    ],
    "validation_chi2s": {
      "DEUTERON": 2.018612837910059,
      "NMC": 2.8250759349149814,
      "NUCLEAR": 2.0218126220703123,
      "HERACOMB": 2.504202848945568,
      "DYE886": 2.4715565768155185,
      "CDF": 0.8483963012695312,
      "D0": 2.113591957092285,
      "ATLAS": 2.27811674638228,
      "CMS": 2.610223238585425,
      "LHCb": 3.0772533416748047,
      "total": 2.311704635620117
    }
  },
  "8700": {
    "training_loss": 7712.9169921875,
    "validation_loss": [
      2733.654296875
    ],
    "validation_chi2s": {
      "DEUTERON": 2.0319730084926926,
      "NMC": 2.8340932808670343,
      "NUCLEAR": 2.0183929443359374,
      "HERACOMB": 2.5328937605315565,
      "DYE886": 2.3773753426291724,
      "CDF": 0.7924417768205915,
      "D0": 2.135150909423828,
      "ATLAS": 2.2305164337158203,
      "CMS": 2.69706075699603,
      "LHCb": 3.112139940261841,
      "total": 2.322031259536743
    }
  },
  "8800": {
    "training_loss": 7640.740234375,
    "validation_loss": [
      2717.195068359375
    ],
    "validation_chi2s": {
      "DEUTERON": 2.036339451424518,
      "NMC": 2.8152217491000306,
      "NUCLEAR": 2.0270662841796874,
      "HERACOMB": 2.4892167234732434,
      "DYE886": 2.3224071155894888,
      "CDF": 0.850109304700579,
      "D0": 2.1529514312744142,
      "ATLAS": 2.275122035633434,
      "CMS": 2.6093304743532273,
      "LHCb": 3.0755088329315186,
      "total": 2.3084936141967773
    }
  },
  "8900": {
    "training_loss": 7606.06494140625,
    "validation_loss": [
      2722.39501953125
    ],
    "validation_chi2s": {
      "DEUTERON": 2.0212605794270835,
      "NMC": 2.8327119116689645,
      "NUCLEAR": 2.0217486572265626,
      "HERACOMB": 2.493542640037786,
      "DYE886": 2.4258135015314277,
      "CDF": 0.8269028663635254,
      "D0": 1.953901481628418,
      "ATLAS": 2.2857946916060015,
      "CMS": 2.624141505507172,
      "LHCb": 3.1880078315734863,
      "total": 2.312964916229248
    }
  },
  "9000": {
    "training_loss": 7632.8408203125,
    "validation_loss": [
      2720.368896484375
    ],
    "validation_chi2s": {
      "DEUTERON": 2.0364994789237407,
      "NMC": 2.8415287990196076,
      "NUCLEAR": 2.0133994140625,
      "HERACOMB": 2.5003596287147674,
      "DYE886": 2.2664146423339844,
      "CDF": 0.8016311781747001,
      "D0": 2.136726188659668,
      "ATLAS": 2.2630847584117544,
      "CMS": 2.6307535640528945,
      "LHCb": 3.172805070877075,
      "total": 2.3112480640411377
    }
  },
  "9100": {
    "training_loss": 7601.0791015625,
    "validation_loss": [
      2757.224853515625
    ],
    "validation_chi2s": {
      "DEUTERON": 2.03018750242926,
      "NMC": 2.810233321844363,
      "NUCLEAR": 2.0292454833984377,
      "HERACOMB": 2.5543996773514093,
      "DYE886": 2.273896650834517,
      "CDF": 0.9055383546011788,
      "D0": 2.6641977310180662,
      "ATLAS": 2.3490189639004795,
      "CMS": 2.643157458696209,
      "LHCb": 3.0360171794891357,
      "total": 2.3418850898742676
    }
  },
  "9200": {
    "training_loss": 7592.083984375,
    "validation_loss": [
      2750.938720703125
    ],
    "validation_chi2s": {
      "DEUTERON": 2.032821427530317,
      "NMC": 2.8249024035883883,
      "NUCLEAR": 2.020885009765625,
      "HERACOMB": 2.5552045036764706,
      "DYE886": 2.2574631084095347,
      "CDF": 0.830181326184954,
      "D0": 2.6662235260009766,
      "ATLAS": 2.3192568692294033,
      "CMS": 2.633339553582864,
      "LHCb": 3.079777956008911,
      "total": 2.3363876342773438
    }
  },
  "9300": {
    "training_loss": 7620.087890625,
    "validation_loss": [
      2732.052978515625
    ],
    "validation_chi2s": {
      "DEUTERON": 2.034096485346704,
      "NMC": 2.8625009574142157,
      "NUCLEAR": 2.01557568359375,
      "HERACOMB": 2.524402094822304,
      "DYE886": 2.2250499725341797,
      "CDF": 0.7977401869637626,
      "D0": 2.3053821563720702,
      "ATLAS": 2.2777340628884057,
      "CMS": 2.641602312932249,
      "LHCb": 3.121492385864258,
      "total": 2.3210153579711914
    }
  },
  "9400": {
    "training_loss": 7591.9658203125,
    "validation_loss": [
      2734.009765625
    ],
    "validation_chi2s": {
      "DEUTERON": 2.035042682097326,
      "NMC": 2.839549644320619,
      "NUCLEAR": 2.0179005126953125,
      "HERACOMB": 2.5333122303283293,
      "DYE886": 2.2128497037020596,
      "CDF": 0.7627729007175991,
      "D0": 2.2559782028198243,
      "ATLAS": 2.260334535078569,
      "CMS": 2.6695316502305326,
      "LHCb": 3.1228106021881104,
      "total": 2.3224663734436035
    }
  },
  "9500": {
    "training_loss": 7603.6015625,
    "validation_loss": [
      2718.34619140625
    ],
    "validation_chi2s": {
      "DEUTERON": 2.028135840572528,
      "NMC": 2.8671967749502145,
      "NUCLEAR": 2.0168494873046874,
      "HERACOMB": 2.500021741281148,
      "DYE886": 2.3391877954656426,
      "CDF": 0.773153441292899,
      "D0": 2.09215087890625,
      "ATLAS": 2.244578794999556,
      "CMS": 2.6361811903656505,
      "LHCb": 3.1490681171417236,
      "total": 2.3095388412475586
    }
  },
  "9600": {
    "training_loss": 7785.81591796875,
    "validation_loss": [
      2763.792724609375
    ],
    "validation_chi2s": {
      "DEUTERON": 2.0378600163246268,
      "NMC": 2.8819511263978246,
      "NUCLEAR": 2.015439697265625,
      "HERACOMB": 2.5392681445950775,
      "DYE886": 2.273535121570934,
      "CDF": 0.8237848963056292,
      "D0": 2.5315860748291015,
      "ATLAS": 2.355623418634588,
      "CMS": 2.7088432937371927,
      "LHCb": 3.129154920578003,
      "total": 2.3481454849243164
    }
  },
  "9700": {
    "training_loss": 7630.1376953125,
    "validation_loss": [
      2739.586669921875
    ],
    "validation_chi2s": {
      "DEUTERON": 2.0502756602728547,
      "NMC": 2.849209654564951,
      "NUCLEAR": 2.0197232666015625,
      "HERACOMB": 2.513454462188521,
      "DYE886": 2.2342159964821557,
      "CDF": 0.846905027117048,
      "D0": 2.746796417236328,
      "ATLAS": 2.3164423162286933,
      "CMS": 2.6106032074474896,
      "LHCb": 3.0984675884246826,
      "total": 2.3274006843566895
    }
  },
  "9800": {
    "training_loss": 7601.462890625,
    "validation_loss": [
      2783.201171875
    ],
    "validation_chi2s": {
      "DEUTERON": 2.0392821961967504,
      "NMC": 2.8488422468596815,
      "NUCLEAR": 2.0193818359375,
      "HERACOMB": 2.5637468325546364,
      "DYE886": 2.2318871238014917,
      "CDF": 0.8531802041190011,
      "D0": 3.137894058227539,
      "ATLAS": 2.3955249786376953,
      "CMS": 2.7087872614626023,
      "LHCb": 3.127102851867676,
      "total": 2.364607572555542
    }
  },
  "9900": {
    "training_loss": 7649.60791015625,
    "validation_loss": [
      2728.224609375
    ],
    "validation_chi2s": {
      "DEUTERON": 2.043686140829058,
      "NMC": 2.8600834865196076,
      "NUCLEAR": 2.01547216796875,
      "HERACOMB": 2.5059439465890523,
      "DYE886": 2.321793642911044,
      "CDF": 0.795384134565081,
      "D0": 2.4997203826904295,
      "ATLAS": 2.27343091097745,
      "CMS": 2.6136592177094005,
      "LHCb": 3.132596731185913,
      "total": 2.3179354667663574
    }
  },
  "10000": {
    "training_loss": 7609.69677734375,
    "validation_loss": [
      2757.982177734375
    ],
    "validation_chi2s": {
      "DEUTERON": 2.067360645502954,
      "NMC": 2.8367551915785847,
      "NUCLEAR": 2.011903564453125,
      "HERACOMB": 2.5347395753548816,
      "DYE886": 2.2669573697176846,
      "CDF": 0.794140270778111,
      "D0": 3.2755836486816405,
      "ATLAS": 2.334950186989524,
      "CMS": 2.6161991807280995,
      "LHCb": 3.1447784900665283,
      "total": 2.3430488109588623
    }
  },
  "10100": {
    "training_loss": 7620.07421875,
    "validation_loss": [
      2740.310302734375
    ],
    "validation_chi2s": {
      "DEUTERON": 2.0708707743023167,
      "NMC": 2.8409731995825673,
      "NUCLEAR": 2.011484619140625,
      "HERACOMB": 2.5117877636080475,
      "DYE886": 2.2493038177490234,
      "CDF": 0.7817897796630859,
      "D0": 2.9721904754638673,
      "ATLAS": 2.301651867953214,
      "CMS": 2.6128782678823,
      "LHCb": 3.0933520793914795,
      "total": 2.3280725479125977
    }
  },
  "10200": {
    "training_loss": 7677.57568359375,
    "validation_loss": [
      2731.862548828125
    ],
    "validation_chi2s": {
      "DEUTERON": 2.052706286681825,
      "NMC": 2.860270481483609,
      "NUCLEAR": 2.0007869873046875,
      "HERACOMB": 2.50628702001634,
      "DYE886": 2.33011211048473,
      "CDF": 0.763829163142613,
      "D0": 2.71746768951416,
      "ATLAS": 2.283815557306463,
      "CMS": 2.621492229524206,
      "LHCb": 3.1468708515167236,
      "total": 2.3210244178771973
    }
  },
  "10300": {
    "training_loss": 7677.67333984375,
    "validation_loss": [
      2731.95947265625
    ],
    "validation_chi2s": {
      "DEUTERON": 2.0924064674187655,
      "NMC": 2.937298344630821,
      "NUCLEAR": 1.9991707763671875,
      "HERACOMB": 2.5197005926393996,
      "DYE886": 2.231629805131392,
      "CDF": 0.709637096949986,
      "D0": 2.3100711822509767,
      "ATLAS": 2.1915408047762783,
      "CMS": 2.7093720983286373,
      "LHCb": 3.041510581970215,
      "total": 2.321107864379883
    }
  },
  "10400": {
    "training_loss": 7654.20556640625,
    "validation_loss": [
      2723.29931640625
    ],
    "validation_chi2s": {
      "DEUTERON": 2.071057675489739,
      "NMC": 2.896586399452359,
      "NUCLEAR": 1.9966854248046875,
      "HERACOMB": 2.505166446461397,
      "DYE886": 2.285950400612571,
      "CDF": 0.7014901297433036,
      "D0": 2.2946943283081054,
      "ATLAS": 2.2167715592817827,
      "CMS": 2.670652295722336,
      "LHCb": 3.106804370880127,
      "total": 2.3137621879577637
    }
  },
  "10500": {
    "training_loss": 7621.5234375,
    "validation_loss": [
      2722.55859375
    ],
    "validation_chi2s": {
      "DEUTERON": 2.0518308421272544,
      "NMC": 2.855447806564032,
      "NUCLEAR": 2.000692626953125,
      "HERACOMB": 2.5107717077716503,
      "DYE886": 2.380251797762784,
      "CDF": 0.689192363194057,
      "D0": 2.3510200500488283,
      "ATLAS": 2.219315615567294,
      "CMS": 2.6674647096727715,
      "LHCb": 3.103477954864502,
      "total": 2.3131322860717773
    }
  },
  "10600": {
    "training_loss": 7654.11669921875,
    "validation_loss": [
      2720.962646484375
    ],
    "validation_chi2s": {
      "DEUTERON": 2.0553707293610075,
      "NMC": 2.839032341452206,
      "NUCLEAR": 1.9941370849609374,
      "HERACOMB": 2.5063590255438113,
      "DYE886": 2.2448253631591797,
      "CDF": 0.6963187626429966,
      "D0": 2.646478843688965,
      "ATLAS": 2.25892465764826,
      "CMS": 2.624852665135118,
      "LHCb": 3.0946507453918457,
      "total": 2.3117730617523193
    }
  },
  "10700": {
    "training_loss": 7662.69384765625,
    "validation_loss": [
      2722.87841796875
    ],
    "validation_chi2s": {
      "DEUTERON": 2.0576426947294775,
      "NMC": 2.8342347986557903,
      "NUCLEAR": 1.995348876953125,
      "HERACOMB": 2.514743181615094,
      "DYE886": 2.1954695961692114,
      "CDF": 0.6950863429478237,
      "D0": 2.7951051712036135,
      "ATLAS": 2.2668630426580254,
      "CMS": 2.618412705718494,
      "LHCb": 3.0268163681030273,
      "total": 2.3133983612060547
    }
  },
  "10800": {
    "training_loss": 7643.7421875,
    "validation_loss": [
      2743.952880859375
    ],
    "validation_chi2s": {
      "DEUTERON": 2.036941452405939,
      "NMC": 2.7924140481387867,
      "NUCLEAR": 2.003363525390625,
      "HERACOMB": 2.542498619727839,
      "DYE886": 2.2009537436745386,
      "CDF": 0.7257771492004395,
      "D0": 3.0023834228515627,
      "ATLAS": 2.3470498865300957,
      "CMS": 2.59601080222208,
      "LHCb": 3.1205697059631348,
      "total": 2.331233024597168
    }
  },
  "10900": {
    "training_loss": 7657.00390625,
    "validation_loss": [
      2721.22119140625
    ],
    "validation_chi2s": {
      "DEUTERON": 2.066200977534204,
      "NMC": 2.834680295458027,
      "NUCLEAR": 1.9934615478515625,
      "HERACOMB": 2.5002269869536358,
      "DYE886": 2.257324912331321,
      "CDF": 0.6851361819675991,
      "D0": 2.57314510345459,
      "ATLAS": 2.273311961780895,
      "CMS": 2.615385462026127,
      "LHCb": 3.0792689323425293,
      "total": 2.3119921684265137
    }
  },
  "11000": {
    "training_loss": 7625.04541015625,
    "validation_loss": [
      2732.3935546875
    ],
    "validation_chi2s": {
      "DEUTERON": 2.059653362824549,
      "NMC": 2.79454698749617,
      "NUCLEAR": 2.0011845703125,
      "HERACOMB": 2.518407883986928,
      "DYE886": 2.1537707935680044,
      "CDF": 0.6851784842354911,
      "D0": 2.6809097290039063,
      "ATLAS": 2.299378134987571,
      "CMS": 2.6124107485911887,
      "LHCb": 3.2049789428710938,
      "total": 2.3214898109436035
    }
  },
  "11100": {
    "training_loss": 7640.271484375,
    "validation_loss": [
      2722.148193359375
    ],
    "validation_chi2s": {
      "DEUTERON": 2.0598832315473414,
      "NMC": 2.870797549977022,
      "NUCLEAR": 1.9995750732421875,
      "HERACOMB": 2.4990471733940973,
      "DYE886": 2.4200129075483843,
      "CDF": 0.6971962792532784,
      "D0": 2.1959745407104494,
      "ATLAS": 2.2504716352982954,
      "CMS": 2.6387389136142416,
      "LHCb": 3.093956708908081,
      "total": 2.3127827644348145
    }
  },
  "11200": {
    "training_loss": 7732.634765625,
    "validation_loss": [
      2717.21728515625
    ],
    "validation_chi2s": {
      "DEUTERON": 2.062406169834422,
      "NMC": 2.83625763537837,
      "NUCLEAR": 1.9936483154296876,
      "HERACOMB": 2.5012863258910336,
      "DYE886": 2.2835079539905894,
      "CDF": 0.7012316840035575,
      "D0": 2.4588739395141603,
      "ATLAS": 2.2551517486572266,
      "CMS": 2.611117753826204,
      "LHCb": 3.0934128761291504,
      "total": 2.3085687160491943
    }
  },
  "11300": {
    "training_loss": 7653.8046875,
    "validation_loss": [
      2719.18212890625
    ],
    "validation_chi2s": {
      "DEUTERON": 2.0776666290131374,
      "NMC": 2.808237113204657,
      "NUCLEAR": 1.9977314453125,
      "HERACOMB": 2.505333196103962,
      "DYE886": 2.1614052165638316,
      "CDF": 0.6885584422520229,
      "D0": 2.661037826538086,
      "ATLAS": 2.2501909082586113,
      "CMS": 2.617554711513832,
      "LHCb": 3.060255527496338,
      "total": 2.3102638721466064
    }
  },
  "11400": {
    "training_loss": 7641.39208984375,
    "validation_loss": [
      2724.0537109375
    ],
    "validation_chi2s": {
      "DEUTERON": 2.08971287362018,
      "NMC": 2.8072563620174633,
      "NUCLEAR": 1.9950872802734374,
      "HERACOMB": 2.497176824831495,
      "DYE886": 2.1204459450461646,
      "CDF": 0.7045610291617257,
      "D0": 2.6331302642822267,
      "ATLAS": 2.2817422693425957,
      "CMS": 2.6077805816150104,
      "LHCb": 3.134033441543579,
      "total": 2.314399480819702
    }
  },
  "11500": {
    "training_loss": 7626.98291015625,
    "validation_loss": [
      2722.976318359375
    ],
    "validation_chi2s": {
      "DEUTERON": 2.0466118807816387,
      "NMC": 2.7615924910003065,
      "NUCLEAR": 2.000310546875,
      "HERACOMB": 2.51077290453942,
      "DYE886": 2.1707787947221235,
      "CDF": 0.6922967093331474,
      "D0": 2.5946523666381838,
      "ATLAS": 2.284135645086115,
      "CMS": 2.6338686083183913,
      "LHCb": 3.140563726425171,
      "total": 2.3134851455688477
    }
  },
  "11600": {
    "training_loss": 7644.486328125,
    "validation_loss": [
      2734.845458984375
    ],
    "validation_chi2s": {
      "DEUTERON": 2.0577884503264925,
      "NMC": 2.7804233326631436,
      "NUCLEAR": 1.9972125244140626,
      "HERACOMB": 2.516916711345997,
      "DYE886": 2.168082497336648,
      "CDF": 0.7267973082406181,
      "D0": 2.8991851806640625,
      "ATLAS": 2.328578081997958,
      "CMS": 2.606539866963371,
      "LHCb": 3.1355810165405273,
      "total": 2.32356858253479
    }
  },
  "11700": {
    "training_loss": 7620.67041015625,
    "validation_loss": [
      2734.923828125
    ],
    "validation_chi2s": {
      "DEUTERON": 2.0670629093303017,
      "NMC": 2.7694109748391544,
      "NUCLEAR": 1.997589111328125,
      "HERACOMB": 2.52693186242596,
      "DYE886": 2.1254121607000176,
      "CDF": 0.6933794702802386,
      "D0": 2.999786376953125,
      "ATLAS": 2.2985028353604404,
      "CMS": 2.6162504602651127,
      "LHCb": 3.1323530673980713,
      "total": 2.323639154434204
    }
  },
  "11800": {
    "training_loss": 7640.83447265625,
    "validation_loss": [
      2726.55615234375
    ],
    "validation_chi2s": {
      "DEUTERON": 2.0479689261213463,
      "NMC": 2.7849103142233456,
      "NUCLEAR": 1.9989144287109375,
      "HERACOMB": 2.517391229766646,
      "DYE886": 2.1854901747270064,
      "CDF": 0.7318127495901925,
      "D0": 2.769954872131348,
      "ATLAS": 2.296842921863903,
      "CMS": 2.6349107085681354,
      "LHCb": 3.0070228576660156,
      "total": 2.3165283203125
    }
  },
  "11900": {
    "training_loss": 7652.12158203125,
    "validation_loss": [
      2722.9150390625
    ],
    "validation_chi2s": {
      "DEUTERON": 2.082932809099036,
      "NMC": 2.8265868542241117,
      "NUCLEAR": 1.9889901123046876,
      "HERACOMB": 2.506124459060968,
      "DYE886": 2.10496694391424,
      "CDF": 0.6733528545924595,
      "D0": 2.6843061447143555,
      "ATLAS": 2.234618447043679,
      "CMS": 2.6538883897124745,
      "LHCb": 3.157294273376465,
      "total": 2.3134355545043945
    }
  },
  "12000": {
    "training_loss": 7645.837890625,
    "validation_loss": [
      2714.483154296875
    ],
    "validation_chi2s": {
      "DEUTERON": 2.052769447440532,
      "NMC": 2.7797639136220895,
      "NUCLEAR": 2.000556640625,
      "HERACOMB": 2.5027790942223245,
      "DYE886": 2.128867409446023,
      "CDF": 0.6986676624843052,
      "D0": 2.7412961959838866,
      "ATLAS": 2.2623159235174004,
      "CMS": 2.6136104396132174,
      "LHCb": 3.0610036849975586,
      "total": 2.3062727451324463
    }
  },
  "12100": {
    "training_loss": 7624.36279296875,
    "validation_loss": [
      2740.375
    ],
    "validation_chi2s": {
      "DEUTERON": 2.0452944627448693,
      "NMC": 2.783222572476256,
      "NUCLEAR": 1.997420654296875,
      "HERACOMB": 2.5254833745021448,
      "DYE886": 2.143443887883967,
      "CDF": 0.7458975655691964,
      "D0": 3.255045700073242,
      "ATLAS": 2.328169735995206,
      "CMS": 2.6572685867059427,
      "LHCb": 3.008838653564453,
      "total": 2.3282551765441895
    }
  },
  "12200": {
    "training_loss": 7630.15087890625,
    "validation_loss": [
      2726.68310546875
    ],
    "validation_chi2s": {
      "DEUTERON": 2.026765282474347,
      "NMC": 2.777455946978401,
      "NUCLEAR": 2.0009854736328125,
      "HERACOMB": 2.521234250536152,
      "DYE886": 2.281097412109375,
      "CDF": 0.7277297973632812,
      "D0": 3.040371322631836,
      "ATLAS": 2.2896338376131924,
      "CMS": 2.630398359455046,
      "LHCb": 3.0096349716186523,
      "total": 2.3166089057922363
    }
  },
  "12300": {
    "training_loss": 12356.494140625,
    "validation_loss": [
      2740.2958984375
    ],
    "validation_chi2s": {
      "DEUTERON": 2.0643916343575093,
      "NMC": 2.8945740344477633,
      "NUCLEAR": 2.005384765625,
      "HERACOMB": 2.512020136016646,
      "DYE886": 2.48196064342152,
      "CDF": 0.7379305022103446,
      "D0": 2.2052919387817385,
      "ATLAS": 2.264836398037997,
      "CMS": 2.684632848520748,
      "LHCb": 3.1128814220428467,
      "total": 2.3280889987945557
    }
  },
  "12400": {
    "training_loss": 7649.390625,
    "validation_loss": [
      2728.88427734375
    ],
    "validation_chi2s": {
      "DEUTERON": 2.037844529792444,
      "NMC": 2.771827548157935,
      "NUCLEAR": 1.9972972412109375,
      "HERACOMB": 2.5200793696384802,
      "DYE886": 2.251519810069691,
      "CDF": 0.7554661887032645,
      "D0": 3.369049072265625,
      "ATLAS": 2.2820091247558594,
      "CMS": 2.6318149253970287,
      "LHCb": 3.001824140548706,
      "total": 2.3183720111846924
    }
  },
  "12500": {
    "training_loss": 7705.669921875,
    "validation_loss": [
      2756.59130859375
    ],
    "validation_chi2s": {
      "DEUTERON": 2.064669177306825,
      "NMC": 2.8683714025160847,
      "NUCLEAR": 1.994457763671875,
      "HERACOMB": 2.5091441036049837,
      "DYE886": 2.4451512423428623,
      "CDF": 0.7311359814235142,
      "D0": 2.507345771789551,
      "ATLAS": 2.339915535666726,
      "CMS": 2.7044540155129355,
      "LHCb": 3.223093271255493,
      "total": 2.342047691345215
    }
  },
  "12600": {
    "training_loss": 7659.86767578125,
    "validation_loss": [
      2721.36962890625
    ],
    "validation_chi2s": {
      "DEUTERON": 2.05431005373523,
      "NMC": 2.7908031987208948,
      "NUCLEAR": 2.000909912109375,
      "HERACOMB": 2.4947250465941586,
      "DYE886": 2.2351195595481177,
      "CDF": 0.7398695264543805,
      "D0": 3.069576454162598,
      "ATLAS": 2.2751164869828657,
      "CMS": 2.6212645984086835,
      "LHCb": 3.0387744903564453,
      "total": 2.3121185302734375
    }
  },
  "12700": {
    "training_loss": 7627.63720703125,
    "validation_loss": [
      2718.4794921875
    ],
    "validation_chi2s": {
      "DEUTERON": 2.026156449199316,
      "NMC": 2.7585416307636335,
      "NUCLEAR": 2.004499755859375,
      "HERACOMB": 2.508512210222631,
      "DYE886": 2.3347462740811435,
      "CDF": 0.7143892560686383,
      "D0": 2.768523597717285,
      "ATLAS": 2.2451005415482954,
      "CMS": 2.6485520659900104,
      "LHCb": 3.1090991497039795,
      "total": 2.309664726257324
    }
  },
  "12800": {
    "training_loss": 7716.64697265625,
    "validation_loss": [
      2726.02978515625
    ],
    "validation_chi2s": {
      "DEUTERON": 2.0422150721004355,
      "NMC": 2.8143047257965685,
      "NUCLEAR": 2.008134765625,
      "HERACOMB": 2.492098340801164,
      "DYE886": 2.488054795698686,
      "CDF": 0.730219909123012,
      "D0": 2.483772087097168,
      "ATLAS": 2.273394324562766,
      "CMS": 2.6411267890304817,
      "LHCb": 3.1367971897125244,
      "total": 2.3160829544067383
    }
  },
  "12900": {
    "training_loss": 7645.33154296875,
    "validation_loss": [
      2721.2373046875
    ],
    "validation_chi2s": {
      "DEUTERON": 2.0273407134250623,
      "NMC": 2.750791063495711,
      "NUCLEAR": 2.012655029296875,
      "HERACOMB": 2.5032300762101714,
      "DYE886": 2.365066875110973,
      "CDF": 0.7575304848807198,
      "D0": 2.8458385467529297,
      "ATLAS": 2.268835934725675,
      "CMS": 2.6278231261206453,
      "LHCb": 3.072977066040039,
      "total": 2.31178879737854
    }
  },
  "13000": {
    "training_loss": 7640.455078125,
    "validation_loss": [
      2715.9150390625
    ],
    "validation_chi2s": {
      "DEUTERON": 2.0177033837161846,
      "NMC": 2.756547815659467,
      "NUCLEAR": 2.0115723876953124,
      "HERACOMB": 2.4991720361647265,
      "DYE886": 2.346664081920277,
      "CDF": 0.7526403154645648,
      "D0": 2.8648942947387694,
      "ATLAS": 2.26896164634011,
      "CMS": 2.6163535196273053,
      "LHCb": 3.064253091812134,
      "total": 2.3074886798858643
    }
  },
  "13100": {
    "training_loss": 8402.6044921875,
    "validation_loss": [
      2719.66357421875
    ],
    "validation_chi2s": {
      "DEUTERON": 2.0329664239835976,
      "NMC": 2.74491912243413,
      "NUCLEAR": 2.01029541015625,
      "HERACOMB": 2.4988173939823324,
      "DYE886": 2.266952167857777,
      "CDF": 0.7524691309247699,
      "D0": 2.8021871566772463,
      "ATLAS": 2.275472814386541,
      "CMS": 2.6314612216636784,
      "LHCb": 3.0983810424804688,
      "total": 2.3106720447540283
    }
  },
  "13200": {
    "training_loss": 8467.43408203125,
    "validation_loss": [
      2712.3466796875
    ],
    "validation_chi2s": {
      "DEUTERON": 2.0451529583527672,
      "NMC": 2.7404506907743564,
      "NUCLEAR": 2.0103634033203126,
      "HERACOMB": 2.4950238396139706,
      "DYE886": 2.264006874778054,
      "CDF": 0.7250774247305733,
      "D0": 2.6461765289306642,
      "ATLAS": 2.2361379103227095,
      "CMS": 2.6297729992475665,
      "LHCb": 3.1156787872314453,
      "total": 2.304457426071167
    }
  },
  "13300": {
    "training_loss": 7605.9521484375,
    "validation_loss": [
      2729.314697265625
    ],
    "validation_chi2s": {
      "DEUTERON": 2.0182110990457867,
      "NMC": 2.7207192813648895,
      "NUCLEAR": 2.0148111572265623,
      "HERACOMB": 2.5227890513301676,
      "DYE886": 2.287801742553711,
      "CDF": 0.7450248173304966,
      "D0": 3.042505073547363,
      "ATLAS": 2.2985574548894707,
      "CMS": 2.6164615818711576,
      "LHCb": 3.101024866104126,
      "total": 2.3186511993408203
    }
  },
  "13400": {
    "training_loss": 7749.13427734375,
    "validation_loss": [
      2728.71728515625
    ],
    "validation_chi2s": {
      "DEUTERON": 2.0186857157085667,
      "NMC": 2.790321200501685,
      "NUCLEAR": 2.0199013671875,
      "HERACOMB": 2.4978583840762867,
      "DYE886": 2.4141663638028232,
      "CDF": 0.768399851662772,
      "D0": 2.693795394897461,
      "ATLAS": 2.2891781546852807,
      "CMS": 2.63626974137103,
      "LHCb": 3.167435646057129,
      "total": 2.318342447280884
    }
  },
  "13500": {
    "training_loss": 7671.4736328125,
    "validation_loss": [
      2721.10107421875
    ],
    "validation_chi2s": {
      "DEUTERON": 2.050698199675451,
      "NMC": 2.7751527674057903,
      "NUCLEAR": 2.004399169921875,
      "HERACOMB": 2.4942377626506333,
      "DYE886": 2.246760281649503,
      "CDF": 0.7231597219194684,
      "D0": 2.7554689407348634,
      "ATLAS": 2.266524401578036,
      "CMS": 2.6373411084784837,
      "LHCb": 3.1353700160980225,
      "total": 2.3118956089019775
    }
  },
  "13600": {
    "training_loss": 7685.607421875,
    "validation_loss": [
      2727.169921875
    ],
    "validation_chi2s": {
      "DEUTERON": 2.005247505150031,
      "NMC": 2.740553014418658,
      "NUCLEAR": 2.01327783203125,
      "HERACOMB": 2.521872127757353,
      "DYE886": 2.3563433560458096,
      "CDF": 0.7782877513340541,
      "D0": 2.874592399597168,
      "ATLAS": 2.303606553511186,
      "CMS": 2.6066989586001537,
      "LHCb": 3.1199593544006348,
      "total": 2.317042827606201
    }
  },
  "13700": {
    "training_loss": 7606.18359375,
    "validation_loss": [
      2726.240234375
    ],
    "validation_chi2s": {
      "DEUTERON": 2.0384348399603547,
      "NMC": 2.7829242781096815,
      "NUCLEAR": 1.999436767578125,
      "HERACOMB": 2.5004559685202206,
      "DYE886": 2.2012145302512427,
      "CDF": 0.7254319872174945,
      "D0": 2.7981199264526366,
      "ATLAS": 2.2953832799738105,
      "CMS": 2.650385371974257,
      "LHCb": 3.1489014625549316,
      "total": 2.31626033782959
    }
  },
  "13800": {
    "training_loss": 7898.9833984375,
    "validation_loss": [
      2718.850830078125
    ],
    "validation_chi2s": {
      "DEUTERON": 2.0479549578766325,
      "NMC": 2.831288954790901,
      "NUCLEAR": 2.0038060302734375,
      "HERACOMB": 2.5040211397058822,
      "DYE886": 2.288641496138139,
      "CDF": 0.6691017150878906,
      "D0": 2.4738765716552735,
      "ATLAS": 2.2065079428932886,
      "CMS": 2.6837543425012806,
      "LHCb": 3.128023386001587,
      "total": 2.3099825382232666
    }
  },
  "13900": {
    "training_loss": 7657.19873046875,
    "validation_loss": [
      2715.14990234375
    ],
    "validation_chi2s": {
      "DEUTERON": 2.0676890510824784,
      "NMC": 2.8226611567478552,
      "NUCLEAR": 2.0059664306640625,
      "HERACOMB": 2.4908580904692608,
      "DYE886": 2.2090636166659268,
      "CDF": 0.6729100772312709,
      "D0": 2.7134782791137697,
      "ATLAS": 2.2311716946688565,
      "CMS": 2.6322021484375,
      "LHCb": 3.050956964492798,
      "total": 2.306835412979126
    }
  },
  "14000": {
    "training_loss": 7627.3837890625,
    "validation_loss": [
      2722.51123046875
    ],
    "validation_chi2s": {
      "DEUTERON": 2.0490734802549753,
      "NMC": 2.791595458984375,
      "NUCLEAR": 2.00385986328125,
      "HERACOMB": 2.509041580499387,
      "DYE886": 2.169919794256037,
      "CDF": 0.66288879939488,
      "D0": 3.182936096191406,
      "ATLAS": 2.252703406594016,
      "CMS": 2.622929057136911,
      "LHCb": 3.0894782543182373,
      "total": 2.313093423843384
    }
  },
  "14100": {
    "training_loss": 7610.23193359375,
    "validation_loss": [
      2714.53125
    ],
    "validation_chi2s": {
      "DEUTERON": 2.0209871358539333,
      "NMC": 2.8212202483532476,
      "NUCLEAR": 2.004493408203125,
      "HERACOMB": 2.5046015720741424,
      "DYE886": 2.339812018654563,
      "CDF": 0.6733224051339286,
      "D0": 2.8561033248901366,
      "ATLAS": 2.2364767247980293,
      "CMS": 2.625459514680456,
      "LHCb": 3.0694706439971924,
      "total": 2.306313991546631
    }
  },
  "14200": {
    "training_loss": 7607.39453125,
    "validation_loss": [
      2721.165283203125
    ],
    "validation_chi2s": {
      "DEUTERON": 2.0455615295106497,
      "NMC": 2.8490154789943323,
      "NUCLEAR": 1.9984210205078126,
      "HERACOMB": 2.5018376369102326,
      "DYE886": 2.2296024669300425,
      "CDF": 0.6369299207414899,
      "D0": 2.880595016479492,
      "ATLAS": 2.258817672729492,
      "CMS": 2.6159167680584017,
      "LHCb": 3.141580581665039,
      "total": 2.311950206756592
    }
  },
  "14300": {
    "training_loss": 7598.06396484375,
    "validation_loss": [
      2716.043701171875
    ],
    "validation_chi2s": {
      "DEUTERON": 2.04127783324588,
      "NMC": 2.8537480971392464,
      "NUCLEAR": 2.0048433837890625,
      "HERACOMB": 2.5110894496144813,
      "DYE886": 2.2336065118963067,
      "CDF": 0.6167593002319336,
      "D0": 2.8222671508789063,
      "ATLAS": 2.2137074904008345,
      "CMS": 2.637762100970159,
      "LHCb": 3.046957492828369,
      "total": 2.30759859085083
    }
  },
  "14400": {
    "training_loss": 7662.04833984375,
    "validation_loss": [
      2736.12646484375
    ],
    "validation_chi2s": {
      "DEUTERON": 2.0211937747784514,
      "NMC": 2.8705046410654105,
      "NUCLEAR": 1.9962744140625,
      "HERACOMB": 2.5193469477634802,
      "DYE886": 2.2145746404474433,
      "CDF": 0.5997544016156878,
      "D0": 2.962091255187988,
      "ATLAS": 2.2550967823375356,
      "CMS": 2.710597304047131,
      "LHCb": 3.229739189147949,
      "total": 2.3246610164642334
    }
  },
  "14500": {
    "training_loss": 7600.5703125,
    "validation_loss": [
      2720.1240234375
    ],
    "validation_chi2s": {
      "DEUTERON": 2.048007035136816,
      "NMC": 2.868424060297947,
      "NUCLEAR": 2.002552001953125,
      "HERACOMB": 2.513161453546262,
      "DYE886": 2.2441205111416904,
      "CDF": 0.6272198132106236,
      "D0": 2.794549751281738,
      "ATLAS": 2.2268912575461646,
      "CMS": 2.6277268206486935,
      "LHCb": 3.0717930793762207,
      "total": 2.311065673828125
    }
  },
  "14600": {
    "training_loss": 7621.84716796875,
    "validation_loss": [
      2722.56591796875
    ],
    "validation_chi2s": {
      "DEUTERON": 2.0490163926461444,
      "NMC": 2.847469554227941,
      "NUCLEAR": 1.999503662109375,
      "HERACOMB": 2.5076680900224675,
      "DYE886": 2.169125296852805,
      "CDF": 0.6045630318777901,
      "D0": 2.9576980590820314,
      "ATLAS": 2.2531909942626953,
      "CMS": 2.633268012375128,
      "LHCb": 3.0912246704101562,
      "total": 2.3131392002105713
    }
  },
  "14700": {
    "training_loss": 7604.86279296875,
    "validation_loss": [
      2783.175537109375
    ],
    "validation_chi2s": {
      "DEUTERON": 2.020771235375855,
      "NMC": 2.8341959037032782,
      "NUCLEAR": 2.0115880126953125,
      "HERACOMB": 2.5951913073171977,
      "DYE886": 2.1538968519731,
      "CDF": 0.7126121520996094,
      "D0": 3.9409416198730467,
      "ATLAS": 2.405018372969194,
      "CMS": 2.6346340492123463,
      "LHCb": 3.0844802856445312,
      "total": 2.3644349575042725
    }
  },
  "14800": {
    "training_loss": 7603.896484375,
    "validation_loss": [
      2723.35205078125
    ],
    "validation_chi2s": {
      "DEUTERON": 2.0323369419989894,
      "NMC": 2.8541442272709867,
      "NUCLEAR": 2.0045218505859377,
      "HERACOMB": 2.513571346507353,
      "DYE886": 2.2556675997647373,
      "CDF": 0.670370170048305,
      "D0": 2.9748329162597655,
      "ATLAS": 2.267038865522905,
      "CMS": 2.6031686751568905,
      "LHCb": 3.0736289024353027,
      "total": 2.313807725906372
    }
  },
  "14900": {
    "training_loss": 7654.265625,
    "validation_loss": [
      2718.928466796875
    ],
    "validation_chi2s": {
      "DEUTERON": 2.032394636922808,
      "NMC": 2.857809627757353,
      "NUCLEAR": 2.0025943603515626,
      "HERACOMB": 2.506716460184334,
      "DYE886": 2.258617401123047,
      "CDF": 0.6119827542986188,
      "D0": 2.9706777572631835,
      "ATLAS": 2.2419957247647373,
      "CMS": 2.6215875344198256,
      "LHCb": 3.08937406539917,
      "total": 2.3100497722625732
    }
  },
  "15000": {
    "training_loss": 7694.4580078125,
    "validation_loss": [
      2725.06591796875
    ],
    "validation_chi2s": {
      "DEUTERON": 2.0375029151119404,
      "NMC": 2.8812399471507355,
      "NUCLEAR": 2.0040450439453124,
      "HERACOMB": 2.503427941814747,
      "DYE886": 2.282236619429155,
      "CDF": 0.6309311730521066,
      "D0": 2.9865516662597655,
      "ATLAS": 2.2688153006813745,
      "CMS": 2.6186693535476433,
      "LHCb": 3.0701181888580322,
      "total": 2.3152639865875244
    }
  },
  "15100": {
    "training_loss": 7607.70068359375,
    "validation_loss": [
      2724.31201171875
    ],
    "validation_chi2s": {
      "DEUTERON": 2.030801801539179,
      "NMC": 2.876181209788603,
      "NUCLEAR": 2.001765625,
      "HERACOMB": 2.5084220537173203,
      "DYE886": 2.3135722767223013,
      "CDF": 0.623234476361956,
      "D0": 3.0578777313232424,
      "ATLAS": 2.261302254416726,
      "CMS": 2.615670876424821,
      "LHCb": 3.077378034591675,
      "total": 2.3146235942840576
    }
  },
  "15200": {
    "training_loss": 7582.47607421875,
    "validation_loss": [
      2763.595458984375
    ],
    "validation_chi2s": {
      "DEUTERON": 2.0520597998775654,
      "NMC": 2.806353999119179,
      "NUCLEAR": 2.0068382568359375,
      "HERACOMB": 2.544396693410437,
      "DYE886": 2.0692032900723545,
      "CDF": 0.6668983186994281,
      "D0": 4.131195068359375,
      "ATLAS": 2.3588393818248403,
      "CMS": 2.616388289654841,
      "LHCb": 3.179685115814209,
      "total": 2.3479108810424805
    }
  }
}