{
  "100": {
    "training_loss": 442.375,
    "validation_loss": [
      223.04266357421875
    ],
    "validation_chi2s": {
      "DEUTERON": 4.680094528198242,
      "ATLAS": 3.2580795288085938,
      "total": 4.373385429382324
    }
  },
  "200": {
    "training_loss": 5323.75390625,
    "validation_loss": [
      152.3560028076172
    ],
    "validation_chi2s": {
      "DEUTERON": 3.1828813552856445,
      "ATLAS": 2.276431690562855,
      "total": 2.987372636795044
    }
  },
  "300": {
    "training_loss": 272.750732421875,
    "validation_loss": [
      826.4605102539062
    ],
    "validation_chi2s": {
      "DEUTERON": 2.8147125244140625,
      "ATLAS": 3.1322753212668677,
      "total": 2.883206605911255
    }
  },
  "400": {
    "training_loss": 254.456298828125,
    "validation_loss": [
      134.31924438476562
    ],
    "validation_chi2s": {
      "DEUTERON": 2.631718635559082,
      "ATLAS": 2.640954624522816,
      "total": 2.6337106227874756
    }
  },
  "500": {
    "training_loss": 252.58193969726562,
    "validation_loss": [
      119.17359924316406
    ],
    "validation_chi2s": {
      "DEUTERON": 2.3245880126953127,
      "ATLAS": 2.3809164220636543,
      "total": 2.3367371559143066
    }
  },
  "600": {
    "training_loss": 245.7078399658203,
    "validation_loss": [
      130.86190795898438
    ],
    "validation_chi2s": {
      "DEUTERON": 2.436914253234863,
      "ATLAS": 3.0350300181995737,
      "total": 2.565919876098633
    }
  },
  "700": {
    "training_loss": 250.32794189453125,
    "validation_loss": [
      121.59063720703125
    ],
    "validation_chi2s": {
      "DEUTERON": 2.3335941314697264,
      "ATLAS": 2.5678974498401987,
      "total": 2.3841302394866943
    }
  }
}