{
  "100": {
    "training_loss": 23117.75,
    "validation_loss": [
      29445.80859375
    ],
    "validation_chi2s": {
      "DEUTERON": 101.92925023320896,
      "NMC": 5.802165910309436,
      "NUCLEAR": 6.3168857421875,
      "HERACOMB": 8.175178079044118,
      "DYE886": 68.16410688920455,
      "CDF": 5.269894191196987,
      "D0": 20.908221435546874,
      "ATLAS": 9.504355945806394,
      "CMS": 6.230998377646169,
      "LHCb": 5.899749755859375,
      "total": 24.830322265625
    }
  },
  "200": {
    "training_loss": 18048.123046875,
    "validation_loss": [
      78141.65625
    ],
    "validation_chi2s": {
      "DEUTERON": 354.00272077114425,
      "NMC": 3.836628932578891,
      "NUCLEAR": 7.09148388671875,
      "HERACOMB": 4.516253702001634,
      "DYE886": 54.30563077059659,
      "CDF": 4.469393048967634,
      "D0": 25.883950805664064,
      "ATLAS": 6.625817309850934,
      "CMS": 5.4533066288117436,
      "LHCb": 5.774335861206055,
      "total": 66.27340698242188
    }
  },
  "300": {
    "training_loss": 17024.357421875,
    "validation_loss": [
      32492.708984375
    ],
    "validation_chi2s": {
      "DEUTERON": 128.48200404228857,
      "NMC": 3.9175238515816484,
      "NUCLEAR": 6.87279150390625,
      "HERACOMB": 4.167952793096405,
      "DYE886": 52.86320911754262,
      "CDF": 4.371084485735212,
      "D0": 24.200863647460938,
      "ATLAS": 6.3129616222162355,
      "CMS": 5.082691807900706,
      "LHCb": 6.025443077087402,
      "total": 27.506698608398438
    }
  },
  "400": {
    "training_loss": 16892.490234375,
    "validation_loss": [
      17952.6875
    ],
    "validation_chi2s": {
      "DEUTERON": 57.267670436878106,
      "NMC": 4.189582076727175,
      "NUCLEAR": 6.7951611328125,
      "HERACOMB": 3.866550420623979,
      "DYE886": 51.96304598721591,
      "CDF": 4.239370346069336,
      "D0": 20.671568298339842,
      "ATLAS": 6.187396871632543,
      "CMS": 4.7289295811806955,
      "LHCb": 6.061294078826904,
      "total": 15.15969181060791
    }
  },
  "500": {
    "training_loss": 15558.8603515625,
    "validation_loss": [
      16664.0703125
    ],
    "validation_chi2s": {
      "DEUTERON": 53.04737056902985,
      "NMC": 4.1033902635761335,
      "NUCLEAR": 6.0091748046875,
      "HERACOMB": 3.7392873327716503,
      "DYE886": 45.05536443536932,
      "CDF": 4.851946149553571,
      "D0": 28.990859985351562,
      "ATLAS": 5.616511903960129,
      "CMS": 4.114990972703503,
      "LHCb": 6.90205192565918,
      "total": 14.054203033447266
    }
  },
  "600": {
    "training_loss": 16349.291015625,
    "validation_loss": [
      71320.2578125
    ],
    "validation_chi2s": {
      "DEUTERON": 328.81623134328356,
      "NMC": 3.8903195250268077,
      "NUCLEAR": 5.98050439453125,
      "HERACOMB": 3.3670917585784315,
      "DYE886": 28.074038418856535,
      "CDF": 5.2980194091796875,
      "D0": 5.658172225952148,
      "ATLAS": 5.185529686938757,
      "CMS": 4.7939143027028726,
      "LHCb": 6.225678443908691,
      "total": 60.512451171875
    }
  },
  "700": {
    "training_loss": 14640.9814453125,
    "validation_loss": [
      7838.4072265625
    ],
    "validation_chi2s": {
      "DEUTERON": 13.790428958722014,
      "NMC": 3.8204342711205577,
      "NUCLEAR": 5.4054248046875,
      "HERACOMB": 3.253061531415952,
      "DYE886": 30.09307861328125,
      "CDF": 5.2114105224609375,
      "D0": 5.7316749572753904,
      "ATLAS": 5.102339821300287,
      "CMS": 4.8000434137159775,
      "LHCb": 6.172084331512451,
      "total": 6.584431171417236
    }
  },
  "800": {
    "training_loss": 11127.03515625,
    "validation_loss": [
      4498.908203125
    ],
    "validation_chi2s": {
      "DEUTERON": 3.573283788576648,
      "NMC": 3.741790771484375,
      "NUCLEAR": 3.500572509765625,
      "HERACOMB": 3.1889973559410745,
      "DYE886": 2.121056990189986,
      "CDF": 3.9305741446358815,
      "D0": 3.7612625122070313,
      "ATLAS": 4.037161289960489,
      "CMS": 4.358839465725806,
      "LHCb": 11.650763511657715,
      "total": 3.812756299972534
    }
  },
  "900": {
    "training_loss": 8430.931640625,
    "validation_loss": [
      3181.8974609375
    ],
    "validation_chi2s": {
      "DEUTERON": 2.7248999752215486,
      "NMC": 3.133303773169424,
      "NUCLEAR": 2.323370849609375,
      "HERACOMB": 2.7687677121629903,
      "DYE886": 1.3679520867087624,
      "CDF": 2.618727002825056,
      "D0": 2.9445220947265627,
      "ATLAS": 2.714641176421067,
      "CMS": 2.9803306825699343,
      "LHCb": 3.6712698936462402,
      "total": 2.695709228515625
    }
  },
  "1000": {
    "training_loss": 8234.361328125,
    "validation_loss": [
      3024.5810546875
    ],
    "validation_chi2s": {
      "DEUTERON": 2.545100425606343,
      "NMC": 3.0369771321614585,
      "NUCLEAR": 2.21631396484375,
      "HERACOMB": 2.7100177839690565,
      "DYE886": 1.560270829634233,
      "CDF": 2.1610768181937083,
      "D0": 3.127923583984375,
      "ATLAS": 2.5515554143094468,
      "CMS": 2.7969052714686238,
      "LHCb": 3.0281527042388916,
      "total": 2.564329147338867
    }
  },
  "1100": {
    "training_loss": 8151.67138671875,
    "validation_loss": [
      2979.843505859375
    ],
    "validation_chi2s": {
      "DEUTERON": 2.4905705238456157,
      "NMC": 3.0046012728821996,
      "NUCLEAR": 2.172476806640625,
      "HERACOMB": 2.6975045796313317,
      "DYE886": 1.5816156213933772,
      "CDF": 1.966881615774972,
      "D0": 2.9620447158813477,
      "ATLAS": 2.5058583226697198,
      "CMS": 2.7836397232547885,
      "LHCb": 2.934418201446533,
      "total": 2.5281825065612793
    }
  },
  "1200": {
    "training_loss": 8132.33349609375,
    "validation_loss": [
      2968.4990234375
    ],
    "validation_chi2s": {
      "DEUTERON": 2.457752284718983,
      "NMC": 2.999893786860447,
      "NUCLEAR": 2.162048583984375,
      "HERACOMB": 2.7219080706827,
      "DYE886": 1.5696922649036755,
      "CDF": 1.9149306161063058,
      "D0": 2.4503900527954103,
      "ATLAS": 2.500493718289781,
      "CMS": 2.7663468391664567,
      "LHCb": 2.9373462200164795,
      "total": 2.519089698791504
    }
  },
  "1300": {
    "training_loss": 8108.05224609375,
    "validation_loss": [
      2973.52978515625
    ],
    "validation_chi2s": {
      "DEUTERON": 2.436355666734686,
      "NMC": 3.0104507745481004,
      "NUCLEAR": 2.160921875,
      "HERACOMB": 2.7385182100183822,
      "DYE886": 1.486615614457564,
      "CDF": 1.837531362261091,
      "D0": 2.780243492126465,
      "ATLAS": 2.5273407683975395,
      "CMS": 2.770109607327369,
      "LHCb": 2.8635871410369873,
      "total": 2.5231215953826904
    }
  },
  "1400": {
    "training_loss": 8106.70556640625,
    "validation_loss": [
      2961.433349609375
    ],
    "validation_chi2s": {
      "DEUTERON": 2.4402927379703048,
      "NMC": 2.9955782422832415,
      "NUCLEAR": 2.158944091796875,
      "HERACOMB": 2.7146436903211804,
      "DYE886": 1.5793085965243252,
      "CDF": 1.9083757400512695,
      "D0": 2.45981502532959,
      "ATLAS": 2.4814737254175645,
      "CMS": 2.7801105130103325,
      "LHCb": 2.9843881130218506,
      "total": 2.5135109424591064
    }
  },
  "1500": {
    "training_loss": 8087.76123046875,
    "validation_loss": [
      2968.07421875
    ],
    "validation_chi2s": {
      "DEUTERON": 2.416549910360308,
      "NMC": 3.011464137657016,
      "NUCLEAR": 2.15958203125,
      "HERACOMB": 2.7418719522314134,
      "DYE886": 1.4873371124267578,
      "CDF": 1.8437806538173132,
      "D0": 2.6719596862792967,
      "ATLAS": 2.515760224441002,
      "CMS": 2.7685952955676663,
      "LHCb": 2.8997206687927246,
      "total": 2.5186116695404053
    }
  },
  "1600": {
    "training_loss": 8077.02099609375,
    "validation_loss": [
      2969.7470703125
    ],
    "validation_chi2s": {
      "DEUTERON": 2.4115647652849037,
      "NMC": 3.012758741191789,
      "NUCLEAR": 2.1622421875,
      "HERACOMB": 2.7437995461856617,
      "DYE886": 1.4690385298295454,
      "CDF": 1.8333313805716378,
      "D0": 2.7487464904785157,
      "ATLAS": 2.518022383766613,
      "CMS": 2.7776240687216482,
      "LHCb": 2.896090269088745,
      "total": 2.520318031311035
    }
  },
  "1700": {
    "training_loss": 8064.7001953125,
    "validation_loss": [
      2961.45263671875
    ],
    "validation_chi2s": {
      "DEUTERON": 2.414976357227534,
      "NMC": 3.0034954594630823,
      "NUCLEAR": 2.163454345703125,
      "HERACOMB": 2.736282647824755,
      "DYE886": 1.5332568775523792,
      "CDF": 1.9337117331368583,
      "D0": 2.399233818054199,
      "ATLAS": 2.4763439660784843,
      "CMS": 2.7668385659494708,
      "LHCb": 3.0140562057495117,
      "total": 2.5135395526885986
    }
  },
  "1800": {
    "training_loss": 8053.73046875,
    "validation_loss": [
      2972.306396484375
    ],
    "validation_chi2s": {
      "DEUTERON": 2.402635413022777,
      "NMC": 3.012395222981771,
      "NUCLEAR": 2.168045166015625,
      "HERACOMB": 2.7359872456469567,
      "DYE886": 1.4506872350519353,
      "CDF": 1.8422297069004603,
      "D0": 3.0567907333374023,
      "ATLAS": 2.5212476006869613,
      "CMS": 2.7986664310578377,
      "LHCb": 2.8915493488311768,
      "total": 2.522876262664795
    }
  },
  "1900": {
    "training_loss": 8048.40673828125,
    "validation_loss": [
      2967.15380859375
    ],
    "validation_chi2s": {
      "DEUTERON": 2.457382278062811,
      "NMC": 2.9975143133425246,
      "NUCLEAR": 2.1656005859375,
      "HERACOMB": 2.671078949971916,
      "DYE886": 1.5850909839976917,
      "CDF": 1.9650730405535017,
      "D0": 2.8819997787475584,
      "ATLAS": 2.4678572731456536,
      "CMS": 2.8510375484343498,
      "LHCb": 3.1117451190948486,
      "total": 2.5195553302764893
    }
  },
  "2000": {
    "training_loss": 8051.33642578125,
    "validation_loss": [
      2961.630859375
    ],
    "validation_chi2s": {
      "DEUTERON": 2.4463078892646144,
      "NMC": 2.9961790197035847,
      "NUCLEAR": 2.165385986328125,
      "HERACOMB": 2.676369660820057,
      "DYE886": 1.5735090429132634,
      "CDF": 1.971442495073591,
      "D0": 2.8315357208251952,
      "ATLAS": 2.457806817416487,
      "CMS": 2.8343882406911542,
      "LHCb": 3.101317882537842,
      "total": 2.514805555343628
    }
  },
  "2100": {
    "training_loss": 8053.05810546875,
    "validation_loss": [
      2958.0224609375
    ],
    "validation_chi2s": {
      "DEUTERON": 2.4386104754547575,
      "NMC": 2.9961440142463234,
      "NUCLEAR": 2.165825439453125,
      "HERACOMB": 2.6809760199652777,
      "DYE886": 1.5727915330366655,
      "CDF": 1.9815213339669364,
      "D0": 2.6967819213867186,
      "ATLAS": 2.449053007980873,
      "CMS": 2.8264733591387348,
      "LHCb": 3.11134934425354,
      "total": 2.511826753616333
    }
  },
  "2200": {
    "training_loss": 8055.8671875,
    "validation_loss": [
      2957.074462890625
    ],
    "validation_chi2s": {
      "DEUTERON": 2.4316374365963154,
      "NMC": 2.9969368728936887,
      "NUCLEAR": 2.1631943359375,
      "HERACOMB": 2.6836559819240198,
      "DYE886": 1.5446536324240945,
      "CDF": 1.9643162318638392,
      "D0": 2.794771194458008,
      "ATLAS": 2.4524427392016883,
      "CMS": 2.8260355303364415,
      "LHCb": 3.0963399410247803,
      "total": 2.511059284210205
    }
  },
  "2300": {
    "training_loss": 8052.21630859375,
    "validation_loss": [
      2959.39892578125
    ],
    "validation_chi2s": {
      "DEUTERON": 2.429737451657727,
      "NMC": 2.9977740119485294,
      "NUCLEAR": 2.162467529296875,
      "HERACOMB": 2.6822029063904207,
      "DYE886": 1.533729379827326,
      "CDF": 1.9469246183122908,
      "D0": 2.7772687911987304,
      "ATLAS": 2.4637245967470367,
      "CMS": 2.8396057621125252,
      "LHCb": 3.105623960494995,
      "total": 2.5131325721740723
    }
  },
  "2400": {
    "training_loss": 8049.767578125,
    "validation_loss": [
      2960.88916015625
    ],
    "validation_chi2s": {
      "DEUTERON": 2.4222992095188123,
      "NMC": 3.0003802729587927,
      "NUCLEAR": 2.160731201171875,
      "HERACOMB": 2.69056631848703,
      "DYE886": 1.535059322010387,
      "CDF": 1.9240476063319616,
      "D0": 2.553678512573242,
      "ATLAS": 2.4756880135371766,
      "CMS": 2.8419610300371723,
      "LHCb": 3.1265690326690674,
      "total": 2.5143563747406006
    }
  },
  "2500": {
    "training_loss": 8038.93212890625,
    "validation_loss": [
      2958.22509765625
    ],
    "validation_chi2s": {
      "DEUTERON": 2.4379498685770367,
      "NMC": 3.000003889495251,
      "NUCLEAR": 2.160771728515625,
      "HERACOMB": 2.675381928487541,
      "DYE886": 1.536879452792081,
      "CDF": 1.9750115530831474,
      "D0": 2.806147003173828,
      "ATLAS": 2.450599231939206,
      "CMS": 2.8442114553143902,
      "LHCb": 3.1392786502838135,
      "total": 2.5124294757843018
    }
  },
  "2600": {
    "training_loss": 8037.80908203125,
    "validation_loss": [
      2956.9609375
    ],
    "validation_chi2s": {
      "DEUTERON": 2.4371609664081935,
      "NMC": 3.0008206834980085,
      "NUCLEAR": 2.16197314453125,
      "HERACOMB": 2.6771052740757764,
      "DYE886": 1.5256847034801135,
      "CDF": 1.9694668906075614,
      "D0": 2.778463935852051,
      "ATLAS": 2.4456194296650504,
      "CMS": 2.841739285376764,
      "LHCb": 3.134265899658203,
      "total": 2.511422872543335
    }
  },
  "2700": {
    "training_loss": 8021.0029296875,
    "validation_loss": [
      2965.39892578125
    ],
    "validation_chi2s": {
      "DEUTERON": 2.45099560182486,
      "NMC": 3.007730820599724,
      "NUCLEAR": 2.15949755859375,
      "HERACOMB": 2.6698614382276347,
      "DYE886": 1.5898465243252842,
      "CDF": 1.9893737520490373,
      "D0": 2.6054357528686523,
      "ATLAS": 2.456079066484824,
      "CMS": 2.8697965068201863,
      "LHCb": 3.235475540161133,
      "total": 2.5187768936157227
    }
  },
  "2800": {
    "training_loss": 8033.0693359375,
    "validation_loss": [
      2956.77978515625
    ],
    "validation_chi2s": {
      "DEUTERON": 2.436300097413324,
      "NMC": 3.0023492551317403,
      "NUCLEAR": 2.157740234375,
      "HERACOMB": 2.675321092792586,
      "DYE886": 1.5054251930930398,
      "CDF": 1.9698059899466378,
      "D0": 2.9122951507568358,
      "ATLAS": 2.443098572478897,
      "CMS": 2.8486763738816783,
      "LHCb": 3.151747465133667,
      "total": 2.51157283782959
    }
  },
  "2900": {
    "training_loss": 8022.18994140625,
    "validation_loss": [
      2971.9833984375
    ],
    "validation_chi2s": {
      "DEUTERON": 2.4230076424518034,
      "NMC": 3.002640368891697,
      "NUCLEAR": 2.157663330078125,
      "HERACOMB": 2.6902348138148486,
      "DYE886": 1.537745562466708,
      "CDF": 1.9066798346383231,
      "D0": 2.501969909667969,
      "ATLAS": 2.4966813010730964,
      "CMS": 2.8882899130544355,
      "LHCb": 3.2304232120513916,
      "total": 2.524152994155884
    }
  },
  "3000": {
    "training_loss": 8031.87646484375,
    "validation_loss": [
      2955.697265625
    ],
    "validation_chi2s": {
      "DEUTERON": 2.4338858685090172,
      "NMC": 3.003953821518842,
      "NUCLEAR": 2.15581640625,
      "HERACOMB": 2.675817950878268,
      "DYE886": 1.487757596102628,
      "CDF": 1.9603362764630998,
      "D0": 2.9229936599731445,
      "ATLAS": 2.4421586661503234,
      "CMS": 2.8505433605563257,
      "LHCb": 3.156747579574585,
      "total": 2.5108485221862793
    }
  },
  "3100": {
    "training_loss": 8033.689453125,
    "validation_loss": [
      2954.752197265625
    ],
    "validation_chi2s": {
      "DEUTERON": 2.42980714105255,
      "NMC": 3.005014756146599,
      "NUCLEAR": 2.15539501953125,
      "HERACOMB": 2.677639032501021,
      "DYE886": 1.4807773936878552,
      "CDF": 1.9620189666748047,
      "D0": 2.8738519668579103,
      "ATLAS": 2.44232230350889,
      "CMS": 2.8496891144783265,
      "LHCb": 3.15897798538208,
      "total": 2.5100390911102295
    }
  },
  "3200": {
    "training_loss": 8021.822265625,
    "validation_loss": [
      2966.5283203125
    ],
    "validation_chi2s": {
      "DEUTERON": 2.431897519239739,
      "NMC": 3.0065795300053617,
      "NUCLEAR": 2.157082763671875,
      "HERACOMB": 2.680893044066585,
      "DYE886": 1.4974699887362393,
      "CDF": 1.904259545462472,
      "D0": 2.6477214813232424,
      "ATLAS": 2.4782683273841597,
      "CMS": 2.8878040928994455,
      "LHCb": 3.198953866958618,
      "total": 2.520132064819336
    }
  },
  "3300": {
    "training_loss": 8025.994140625,
    "validation_loss": [
      2955.62255859375
    ],
    "validation_chi2s": {
      "DEUTERON": 2.4346524518520676,
      "NMC": 3.0066265031403185,
      "NUCLEAR": 2.15429248046875,
      "HERACOMB": 2.6758173524943833,
      "DYE886": 1.4802088303999468,
      "CDF": 1.9592544010707311,
      "D0": 2.8742431640625,
      "ATLAS": 2.4402374618354883,
      "CMS": 2.8566557361233618,
      "LHCb": 3.169724464416504,
      "total": 2.51092267036438
    }
  },
  "3400": {
    "training_loss": 8034.8359375,
    "validation_loss": [
      2952.595703125
    ],
    "validation_chi2s": {
      "DEUTERON": 2.423156890109997,
      "NMC": 3.0088563806870403,
      "NUCLEAR": 2.151745361328125,
      "HERACOMB": 2.6800251879723245,
      "DYE886": 1.4650457555597478,
      "CDF": 1.9494383675711495,
      "D0": 2.8761287689208985,
      "ATLAS": 2.442108680462015,
      "CMS": 2.8477047335716987,
      "LHCb": 3.1621289253234863,
      "total": 2.508410692214966
    }
  },
  "3500": {
    "training_loss": 8020.69140625,
    "validation_loss": [
      2961.727783203125
    ],
    "validation_chi2s": {
      "DEUTERON": 2.439534960694574,
      "NMC": 3.0108893899356617,
      "NUCLEAR": 2.15644091796875,
      "HERACOMB": 2.67427112853605,
      "DYE886": 1.471500743519176,
      "CDF": 1.945404325212751,
      "D0": 2.9254535675048827,
      "ATLAS": 2.444511150491649,
      "CMS": 2.8796453168315272,
      "LHCb": 3.207089900970459,
      "total": 2.5162551403045654
    }
  },
  "3600": {
    "training_loss": 8008.19287109375,
    "validation_loss": [
      2959.4306640625
    ],
    "validation_chi2s": {
      "DEUTERON": 2.446166840358753,
      "NMC": 3.0116996017156863,
      "NUCLEAR": 2.149867431640625,
      "HERACOMB": 2.66891499438317,
      "DYE886": 1.5079215656627307,
      "CDF": 1.985846791948591,
      "D0": 2.7797525405883787,
      "ATLAS": 2.440791162951239,
      "CMS": 2.881311232043851,
      "LHCb": 3.220599889755249,
      "total": 2.514310359954834
    }
  },
  "3700": {
    "training_loss": 8014.0048828125,
    "validation_loss": [
      2956.5048828125
    ],
    "validation_chi2s": {
      "DEUTERON": 2.4347415753264925,
      "NMC": 3.00944548962163,
      "NUCLEAR": 2.149788330078125,
      "HERACOMB": 2.6746347464767157,
      "DYE886": 1.4924222772771663,
      "CDF": 1.962937355041504,
      "D0": 2.8121788024902346,
      "ATLAS": 2.4395359083153734,
      "CMS": 2.8727840300529235,
      "LHCb": 3.194183349609375,
      "total": 2.5117788314819336
    }
  },
  "3800": {
    "training_loss": 8017.43115234375,
    "validation_loss": [
      2954.8369140625
    ],
    "validation_chi2s": {
      "DEUTERON": 2.436477888875933,
      "NMC": 3.0106132357728246,
      "NUCLEAR": 2.147891845703125,
      "HERACOMB": 2.6711202384599675,
      "DYE886": 1.4579745205965908,
      "CDF": 1.9321237291608537,
      "D0": 2.9800357818603516,
      "ATLAS": 2.4405019475125718,
      "CMS": 2.8657716320407007,
      "LHCb": 3.1791880130767822,
      "total": 2.5104053020477295
    }
  },
  "3900": {
    "training_loss": 8005.68359375,
    "validation_loss": [
      2958.1630859375
    ],
    "validation_chi2s": {
      "DEUTERON": 2.443963046097637,
      "NMC": 3.0127985337201286,
      "NUCLEAR": 2.147647216796875,
      "HERACOMB": 2.6683419420828227,
      "DYE886": 1.5098715695467861,
      "CDF": 1.9847424370901925,
      "D0": 2.7871210098266603,
      "ATLAS": 2.440882715685614,
      "CMS": 2.8794759934948337,
      "LHCb": 3.2181801795959473,
      "total": 2.5132076740264893
    }
  },
  "4000": {
    "training_loss": 8010.84814453125,
    "validation_loss": [
      2956.376220703125
    ],
    "validation_chi2s": {
      "DEUTERON": 2.434614494665345,
      "NMC": 3.008294797411152,
      "NUCLEAR": 2.14996240234375,
      "HERACOMB": 2.6747735715379903,
      "DYE886": 1.4703998565673828,
      "CDF": 1.9575119018554688,
      "D0": 2.912042808532715,
      "ATLAS": 2.4347935819077766,
      "CMS": 2.8759827152375252,
      "LHCb": 3.190062999725342,
      "total": 2.511708974838257
    }
  },
  "4100": {
    "training_loss": 8003.14501953125,
    "validation_loss": [
      2962.05908203125
    ],
    "validation_chi2s": {
      "DEUTERON": 2.4472466464066387,
      "NMC": 3.014751060336244,
      "NUCLEAR": 2.150129150390625,
      "HERACOMB": 2.670937332452512,
      "DYE886": 1.4944960854270242,
      "CDF": 1.9528735024588448,
      "D0": 2.7912607192993164,
      "ATLAS": 2.446968341695851,
      "CMS": 2.8902181809948337,
      "LHCb": 3.2133798599243164,
      "total": 2.516514301300049
    }
  },
  "4200": {
    "training_loss": 8006.90185546875,
    "validation_loss": [
      2956.453125
    ],
    "validation_chi2s": {
      "DEUTERON": 2.434434729429027,
      "NMC": 3.0098407221775427,
      "NUCLEAR": 2.14678466796875,
      "HERACOMB": 2.6727959127987133,
      "DYE886": 1.47950588573109,
      "CDF": 1.9596217019217355,
      "D0": 2.850984573364258,
      "ATLAS": 2.4418980390176004,
      "CMS": 2.8769403273059475,
      "LHCb": 3.2036702632904053,
      "total": 2.5117413997650146
    }
  },
  "4300": {
    "training_loss": 8014.01953125,
    "validation_loss": [
      2955.7373046875
    ],
    "validation_chi2s": {
      "DEUTERON": 2.4207478233830844,
      "NMC": 3.0086427576401653,
      "NUCLEAR": 2.146315185546875,
      "HERACOMB": 2.6821181353400734,
      "DYE886": 1.4762455333362927,
      "CDF": 1.9635068348475866,
      "D0": 2.757145118713379,
      "ATLAS": 2.4491424560546875,
      "CMS": 2.8727990427324848,
      "LHCb": 3.189060688018799,
      "total": 2.511078357696533
    }
  },
  "4400": {
    "training_loss": 8030.4033203125,
    "validation_loss": [
      2955.859619140625
    ],
    "validation_chi2s": {
      "DEUTERON": 2.414409276857898,
      "NMC": 3.0074750114889706,
      "NUCLEAR": 2.151517333984375,
      "HERACOMB": 2.691711625242545,
      "DYE886": 1.4481412714177913,
      "CDF": 1.9552384785243444,
      "D0": 2.99938850402832,
      "ATLAS": 2.436426096949084,
      "CMS": 2.8625670402280745,
      "LHCb": 3.1509575843811035,
      "total": 2.5110342502593994
    }
  },
  "4500": {
    "training_loss": 8014.41259765625,
    "validation_loss": [
      2955.8662109375
    ],
    "validation_chi2s": {
      "DEUTERON": 2.424403859608209,
      "NMC": 3.01042953192019,
      "NUCLEAR": 2.14925390625,
      "HERACOMB": 2.678915185866013,
      "DYE886": 1.4577047174627131,
      "CDF": 1.9562843867710658,
      "D0": 2.941141700744629,
      "ATLAS": 2.4412989123114226,
      "CMS": 2.8717196064610637,
      "LHCb": 3.1815364360809326,
      "total": 2.5112674236297607
    }
  },
  "4600": {
    "training_loss": 8017.81201171875,
    "validation_loss": [
      2953.154296875
    ],
    "validation_chi2s": {
      "DEUTERON": 2.4187432284378887,
      "NMC": 3.005295398188572,
      "NUCLEAR": 2.146393310546875,
      "HERACOMB": 2.6818959354575163,
      "DYE886": 1.4296694668856533,
      "CDF": 1.9565372467041016,
      "D0": 2.9831874847412108,
      "ATLAS": 2.441298035369522,
      "CMS": 2.8688007477791078,
      "LHCb": 3.1447386741638184,
      "total": 2.508772373199463
    }
  },
  "4700": {
    "training_loss": 8026.5009765625,
    "validation_loss": [
      2949.98583984375
    ],
    "validation_chi2s": {
      "DEUTERON": 2.4207384100007774,
      "NMC": 3.012800328871783,
      "NUCLEAR": 2.146966796875,
      "HERACOMB": 2.677005543428309,
      "DYE886": 1.4217727834528142,
      "CDF": 1.9165468215942383,
      "D0": 3.018597221374512,
      "ATLAS": 2.4426311624461206,
      "CMS": 2.8462125716670865,
      "LHCb": 3.152768611907959,
      "total": 2.506239891052246
    }
  },
  "4800": {
    "training_loss": 7996.8896484375,
    "validation_loss": [
      2960.934326171875
    ],
    "validation_chi2s": {
      "DEUTERON": 2.4509811780939055,
      "NMC": 3.0181998458563113,
      "NUCLEAR": 2.14915380859375,
      "HERACOMB": 2.6681464700137867,
      "DYE886": 1.4963287006724963,
      "CDF": 1.9785819734845842,
      "D0": 2.8571075439453124,
      "ATLAS": 2.4399819209657867,
      "CMS": 2.8841439524004535,
      "LHCb": 3.2169957160949707,
      "total": 2.515540838241577
    }
  },
  "4900": {
    "training_loss": 7991.8134765625,
    "validation_loss": [
      2960.316162109375
    ],
    "validation_chi2s": {
      "DEUTERON": 2.4462775235152363,
      "NMC": 3.0203253054151347,
      "NUCLEAR": 2.145343994140625,
      "HERACOMB": 2.666161830129187,
      "DYE886": 1.4827140461314807,
      "CDF": 1.9683941432407923,
      "D0": 2.8344228744506834,
      "ATLAS": 2.445686252637841,
      "CMS": 2.8876985119235132,
      "LHCb": 3.2470803260803223,
      "total": 2.5150322914123535
    }
  },
  "5000": {
    "training_loss": 8015.85791015625,
    "validation_loss": [
      2950.46044921875
    ],
    "validation_chi2s": {
      "DEUTERON": 2.420368403344605,
      "NMC": 3.010724235983456,
      "NUCLEAR": 2.14246484375,
      "HERACOMB": 2.6737615049274917,
      "DYE886": 1.4340095520019531,
      "CDF": 1.9698189326695033,
      "D0": 3.004562759399414,
      "ATLAS": 2.4518383508441093,
      "CMS": 2.8571149764522428,
      "LHCb": 3.1306450366973877,
      "total": 2.5066213607788086
    }
  },
  "5100": {
    "training_loss": 8014.68408203125,
    "validation_loss": [
      2952.497314453125
    ],
    "validation_chi2s": {
      "DEUTERON": 2.412126379819652,
      "NMC": 3.006809010225184,
      "NUCLEAR": 2.14819580078125,
      "HERACOMB": 2.687497407003166,
      "DYE886": 1.4334917935458096,
      "CDF": 1.9732984815325056,
      "D0": 2.9557119369506837,
      "ATLAS": 2.4400013890759698,
      "CMS": 2.8668490994361138,
      "LHCb": 3.11826491355896,
      "total": 2.5083677768707275
    }
  },
  "5200": {
    "training_loss": 8019.431640625,
    "validation_loss": [
      2959.84716796875
    ],
    "validation_chi2s": {
      "DEUTERON": 2.4125162760416665,
      "NMC": 3.012116974475337,
      "NUCLEAR": 2.149112548828125,
      "HERACOMB": 2.6828014897365198,
      "DYE886": 1.4306603345003994,
      "CDF": 1.9287948608398438,
      "D0": 3.051931381225586,
      "ATLAS": 2.46453945116065,
      "CMS": 2.8757395590505292,
      "LHCb": 3.1799113750457764,
      "total": 2.514378309249878
    }
  },
  "5300": {
    "training_loss": 8016.08349609375,
    "validation_loss": [
      2953.095458984375
    ],
    "validation_chi2s": {
      "DEUTERON": 2.4140615890275186,
      "NMC": 3.010954314587163,
      "NUCLEAR": 2.140441650390625,
      "HERACOMB": 2.6846538867825775,
      "DYE886": 1.4281049208207564,
      "CDF": 1.9450604575020927,
      "D0": 3.0232221603393556,
      "ATLAS": 2.4564801797099496,
      "CMS": 2.8682504469348538,
      "LHCb": 3.098224639892578,
      "total": 2.508835554122925
    }
  },
  "5400": {
    "training_loss": 8047.6279296875,
    "validation_loss": [
      2944.8076171875
    ],
    "validation_chi2s": {
      "DEUTERON": 2.4163437269220305,
      "NMC": 3.0165207806755516,
      "NUCLEAR": 2.1405458984375,
      "HERACOMB": 2.666488348268995,
      "DYE886": 1.372448661110618,
      "CDF": 1.9397400447300501,
      "D0": 3.202235794067383,
      "ATLAS": 2.4619100285672593,
      "CMS": 2.8214551864131803,
      "LHCb": 3.1133062839508057,
      "total": 2.501497268676758
    }
  },
  "5500": {
    "training_loss": 8024.53076171875,
    "validation_loss": [
      2951.07373046875
    ],
    "validation_chi2s": {
      "DEUTERON": 2.388944863086909,
      "NMC": 3.0076171276616117,
      "NUCLEAR": 2.142285888671875,
      "HERACOMB": 2.690719305300245,
      "DYE886": 1.3651539195667615,
      "CDF": 1.9232898439679826,
      "D0": 3.311702346801758,
      "ATLAS": 2.489793624000988,
      "CMS": 2.8363905875913558,
      "LHCb": 3.020319700241089,
      "total": 2.506965398788452
    }
  },
  "5600": {
    "training_loss": 8017.01611328125,
    "validation_loss": [
      2952.739501953125
    ],
    "validation_chi2s": {
      "DEUTERON": 2.407276210500233,
      "NMC": 3.0087507659313726,
      "NUCLEAR": 2.144518798828125,
      "HERACOMB": 2.68875142016442,
      "DYE886": 1.4382896423339844,
      "CDF": 1.9233591897147042,
      "D0": 3.013716125488281,
      "ATLAS": 2.4469993854391165,
      "CMS": 2.8659045311712448,
      "LHCb": 3.1244640350341797,
      "total": 2.5085575580596924
    }
  },
  "5700": {
    "training_loss": 8008.39404296875,
    "validation_loss": [
      2949.766357421875
    ],
    "validation_chi2s": {
      "DEUTERON": 2.3918965657552085,
      "NMC": 3.0124783983417585,
      "NUCLEAR": 2.148107666015625,
      "HERACOMB": 2.7068557240604574,
      "DYE886": 1.4173646406693892,
      "CDF": 1.9228455679757255,
      "D0": 3.042959213256836,
      "ATLAS": 2.4425394343233657,
      "CMS": 2.842128630607359,
      "LHCb": 3.032147169113159,
      "total": 2.505742311477661
    }
  },
  "5800": {
    "training_loss": 8034.0595703125,
    "validation_loss": [
      2959.22216796875
    ],
    "validation_chi2s": {
      "DEUTERON": 2.3976350850726833,
      "NMC": 3.0125238755170036,
      "NUCLEAR": 2.14411767578125,
      "HERACOMB": 2.7002667196435866,
      "DYE886": 1.4165667620572178,
      "CDF": 1.9639887128557478,
      "D0": 3.219687271118164,
      "ATLAS": 2.4719350529813218,
      "CMS": 2.875086630544355,
      "LHCb": 3.0383498668670654,
      "total": 2.5138814449310303
    }
  },
  "5900": {
    "training_loss": 7982.8583984375,
    "validation_loss": [
      2976.73095703125
    ],
    "validation_chi2s": {
      "DEUTERON": 2.3494505621307527,
      "NMC": 3.043905819163603,
      "NUCLEAR": 2.152138671875,
      "HERACOMB": 2.7684001049964255,
      "DYE886": 1.3475658243352717,
      "CDF": 1.8750429153442383,
      "D0": 3.312434768676758,
      "ATLAS": 2.532147637728987,
      "CMS": 2.8286706247637348,
      "LHCb": 2.993983507156372,
      "total": 2.5282039642333984
    }
  },
  "6000": {
    "training_loss": 8016.109375,
    "validation_loss": [
      2948.18408203125
    ],
    "validation_chi2s": {
      "DEUTERON": 2.4047578270755596,
      "NMC": 3.0077278286803004,
      "NUCLEAR": 2.13951806640625,
      "HERACOMB": 2.682623171338848,
      "DYE886": 1.4128078113902698,
      "CDF": 1.938528605869838,
      "D0": 3.025492858886719,
      "ATLAS": 2.4477686388739226,
      "CMS": 2.8731962634671118,
      "LHCb": 3.0753557682037354,
      "total": 2.5046885013580322
    }
  },
  "6100": {
    "training_loss": 8004.54345703125,
    "validation_loss": [
      2951.3466796875
    ],
    "validation_chi2s": {
      "DEUTERON": 2.4115980157804726,
      "NMC": 3.015189376531863,
      "NUCLEAR": 2.14026123046875,
      "HERACOMB": 2.6804554259854982,
      "DYE886": 1.4100984226573596,
      "CDF": 1.9450863429478236,
      "D0": 3.0022830963134766,
      "ATLAS": 2.450896690631735,
      "CMS": 2.8718175580424647,
      "LHCb": 3.130574941635132,
      "total": 2.5073840618133545
    }
  },
  "6200": {
    "training_loss": 8028.236328125,
    "validation_loss": [
      2948.7734375
    ],
    "validation_chi2s": {
      "DEUTERON": 2.3930869031308304,
      "NMC": 3.013051650103401,
      "NUCLEAR": 2.139251953125,
      "HERACOMB": 2.693024080563215,
      "DYE886": 1.415287364612926,
      "CDF": 1.9219619206019811,
      "D0": 2.972319793701172,
      "ATLAS": 2.4533608973711387,
      "CMS": 2.8651140274540072,
      "LHCb": 3.0806264877319336,
      "total": 2.505188465118408
    }
  },
  "6300": {
    "training_loss": 7983.74609375,
    "validation_loss": [
      2963.513671875
    ],
    "validation_chi2s": {
      "DEUTERON": 2.3537608284262284,
      "NMC": 3.0315949683095895,
      "NUCLEAR": 2.14307861328125,
      "HERACOMB": 2.7396294088924633,
      "DYE886": 1.3426992242986506,
      "CDF": 1.840158326285226,
      "D0": 3.3242095947265624,
      "ATLAS": 2.5232084427756827,
      "CMS": 2.836945072297127,
      "LHCb": 2.9637885093688965,
      "total": 2.517533540725708
    }
  },
  "6400": {
    "training_loss": 7980.0263671875,
    "validation_loss": [
      2975.4833984375
    ],
    "validation_chi2s": {
      "DEUTERON": 2.3525594075520835,
      "NMC": 3.047149658203125,
      "NUCLEAR": 2.152330322265625,
      "HERACOMB": 2.7721324247472428,
      "DYE886": 1.4164051576094194,
      "CDF": 1.8668876375470842,
      "D0": 3.0803855895996093,
      "ATLAS": 2.5020674782237786,
      "CMS": 2.819576140372984,
      "LHCb": 3.1107563972473145,
      "total": 2.5269229412078857
    }
  },
  "6500": {
    "training_loss": 8004.021484375,
    "validation_loss": [
      2949.3017578125
    ],
    "validation_chi2s": {
      "DEUTERON": 2.4087324000116603,
      "NMC": 3.0158858953737746,
      "NUCLEAR": 2.1403310546875,
      "HERACOMB": 2.675930048126021,
      "DYE886": 1.409193299033425,
      "CDF": 1.9353842054094588,
      "D0": 2.991712188720703,
      "ATLAS": 2.454624746037626,
      "CMS": 2.8697647586945565,
      "LHCb": 3.1182377338409424,
      "total": 2.505598306655884
    }
  },
  "6600": {
    "training_loss": 8010.1337890625,
    "validation_loss": [
      2950.50634765625
    ],
    "validation_chi2s": {
      "DEUTERON": 2.4253485380713617,
      "NMC": 3.0123138427734375,
      "NUCLEAR": 2.148296142578125,
      "HERACOMB": 2.6758345061657476,
      "DYE886": 1.3898440274325283,
      "CDF": 1.9429877144949776,
      "D0": 2.99802188873291,
      "ATLAS": 2.442846188600036,
      "CMS": 2.8695636872322328,
      "LHCb": 3.070728063583374,
      "total": 2.5066308975219727
    }
  },
  "6700": {
    "training_loss": 7983.0146484375,
    "validation_loss": [
      2960.83349609375
    ],
    "validation_chi2s": {
      "DEUTERON": 2.3598511349502487,
      "NMC": 3.029689115636489,
      "NUCLEAR": 2.147646728515625,
      "HERACOMB": 2.741662517871732,
      "DYE886": 1.3774715770374646,
      "CDF": 1.8688558850969588,
      "D0": 3.1306631088256838,
      "ATLAS": 2.490436597802173,
      "CMS": 2.8164795906313005,
      "LHCb": 3.0738372802734375,
      "total": 2.5151567459106445
    }
  },
  "6800": {
    "training_loss": 8014.63232421875,
    "validation_loss": [
      2955.047119140625
    ],
    "validation_chi2s": {
      "DEUTERON": 2.409811902402052,
      "NMC": 3.0081909778071383,
      "NUCLEAR": 2.154141845703125,
      "HERACOMB": 2.6919661378548816,
      "DYE886": 1.3619013699618252,
      "CDF": 1.8770315987723214,
      "D0": 3.181326484680176,
      "ATLAS": 2.4545131990279274,
      "CMS": 2.8708788964056198,
      "LHCb": 3.024578332901001,
      "total": 2.510486125946045
    }
  },
  "6900": {
    "training_loss": 8003.62353515625,
    "validation_loss": [
      2946.8251953125
    ],
    "validation_chi2s": {
      "DEUTERON": 2.400072543775264,
      "NMC": 3.0110638188380823,
      "NUCLEAR": 2.140214111328125,
      "HERACOMB": 2.6777230057061887,
      "DYE886": 1.3881073865023525,
      "CDF": 1.927976063319615,
      "D0": 3.0337282180786134,
      "ATLAS": 2.4505997581043464,
      "CMS": 2.8784014794134323,
      "LHCb": 3.0806264877319336,
      "total": 2.5035626888275146
    }
  },
  "7000": {
    "training_loss": 8007.59716796875,
    "validation_loss": [
      2947.4912109375
    ],
    "validation_chi2s": {
      "DEUTERON": 2.3970368798099346,
      "NMC": 3.011261883903952,
      "NUCLEAR": 2.144380615234375,
      "HERACOMB": 2.6815293255974266,
      "DYE886": 1.386147065596147,
      "CDF": 1.9391489028930664,
      "D0": 3.030136489868164,
      "ATLAS": 2.444843336083423,
      "CMS": 2.8799578758978073,
      "LHCb": 3.0773234367370605,
      "total": 2.504149913787842
    }
  },
  "7100": {
    "training_loss": 7975.1494140625,
    "validation_loss": [
      2974.150390625
    ],
    "validation_chi2s": {
      "DEUTERON": 2.352127302938433,
      "NMC": 3.0377266079771754,
      "NUCLEAR": 2.14959326171875,
      "HERACOMB": 2.7624372095843546,
      "DYE886": 1.331730929287997,
      "CDF": 1.8684879030500139,
      "D0": 3.3224021911621096,
      "ATLAS": 2.516132398583423,
      "CMS": 2.86065673828125,
      "LHCb": 2.971008777618408,
      "total": 2.526430130004883
    }
  },
  "7200": {
    "training_loss": 7971.67626953125,
    "validation_loss": [
      2959.627685546875
    ],
    "validation_chi2s": {
      "DEUTERON": 2.352486529753576,
      "NMC": 3.0262624703201593,
      "NUCLEAR": 2.1477548828125,
      "HERACOMB": 2.736783096213746,
      "DYE886": 1.3735847473144531,
      "CDF": 1.877262796674456,
      "D0": 3.0726951599121093,
      "ATLAS": 2.486536135618714,
      "CMS": 2.8424616167622228,
      "LHCb": 3.0774357318878174,
      "total": 2.5142486095428467
    }
  },
  "7300": {
    "training_loss": 8004.99560546875,
    "validation_loss": [
      2948.1640625
    ],
    "validation_chi2s": {
      "DEUTERON": 2.4001695623445274,
      "NMC": 3.0132434321384802,
      "NUCLEAR": 2.14276220703125,
      "HERACOMB": 2.680348913654003,
      "DYE886": 1.387238935990767,
      "CDF": 1.9287918635777064,
      "D0": 2.990096664428711,
      "ATLAS": 2.4519370945020653,
      "CMS": 2.882691906344506,
      "LHCb": 3.0635409355163574,
      "total": 2.5047006607055664
    }
  },
  "7400": {
    "training_loss": 7973.541015625,
    "validation_loss": [
      2962.5927734375
    ],
    "validation_chi2s": {
      "DEUTERON": 2.3547984260824784,
      "NMC": 3.032018025716146,
      "NUCLEAR": 2.1414248046875,
      "HERACOMB": 2.7439341825597428,
      "DYE886": 1.3405048196965998,
      "CDF": 1.8702223641531808,
      "D0": 3.21505126953125,
      "ATLAS": 2.5232217722925645,
      "CMS": 2.8319835047568045,
      "LHCb": 2.950935125350952,
      "total": 2.5168368816375732
    }
  },
  "7500": {
    "training_loss": 8004.623046875,
    "validation_loss": [
      2948.145751953125
    ],
    "validation_chi2s": {
      "DEUTERON": 2.4013439577017257,
      "NMC": 3.0138552796606923,
      "NUCLEAR": 2.14433349609375,
      "HERACOMB": 2.682357887816585,
      "DYE886": 1.3829812136563389,
      "CDF": 1.9240478788103377,
      "D0": 3.0297782897949217,
      "ATLAS": 2.4591155655082617,
      "CMS": 2.8629672142767135,
      "LHCb": 3.052311897277832,
      "total": 2.5046908855438232
    }
  },
  "7600": {
    "training_loss": 7975.9326171875,
    "validation_loss": [
      2959.83203125
    ],
    "validation_chi2s": {
      "DEUTERON": 2.363206702085277,
      "NMC": 3.0268025117761947,
      "NUCLEAR": 2.146337158203125,
      "HERACOMB": 2.723535475388072,
      "DYE886": 1.3454393907026811,
      "CDF": 1.8652237483433314,
      "D0": 3.2870468139648437,
      "ATLAS": 2.509296811860183,
      "CMS": 2.8561568721648185,
      "LHCb": 2.9364583492279053,
      "total": 2.5145556926727295
    }
  },
  "7700": {
    "training_loss": 7985.12744140625,
    "validation_loss": [
      2956.798828125
    ],
    "validation_chi2s": {
      "DEUTERON": 2.39122168697528,
      "NMC": 3.0198783126531863,
      "NUCLEAR": 2.15065576171875,
      "HERACOMB": 2.704139460146038,
      "DYE886": 1.4418686086481267,
      "CDF": 1.9298504420689173,
      "D0": 2.874947166442871,
      "ATLAS": 2.4450295985430137,
      "CMS": 2.8843201668031755,
      "LHCb": 3.119786024093628,
      "total": 2.5120503902435303
    }
  },
  "7800": {
    "training_loss": 7981.12548828125,
    "validation_loss": [
      2969.944580078125
    ],
    "validation_chi2s": {
      "DEUTERON": 2.389649955787469,
      "NMC": 3.0077128690831803,
      "NUCLEAR": 2.14848876953125,
      "HERACOMB": 2.7113729240068425,
      "DYE886": 1.3604982549493962,
      "CDF": 1.862809317452567,
      "D0": 3.2714786529541016,
      "ATLAS": 2.49926599962958,
      "CMS": 2.9239617624590473,
      "LHCb": 3.006108522415161,
      "total": 2.523228406906128
    }
  },
  "7900": {
    "training_loss": 7963.6767578125,
    "validation_loss": [
      2965.82470703125
    ],
    "validation_chi2s": {
      "DEUTERON": 2.348997656978778,
      "NMC": 3.0403463326248468,
      "NUCLEAR": 2.152807373046875,
      "HERACOMB": 2.759673673343035,
      "DYE886": 1.3654460906982422,
      "CDF": 1.884833880833217,
      "D0": 2.907855415344238,
      "ATLAS": 2.493879120925377,
      "CMS": 2.8461195422757055,
      "LHCb": 3.0175087451934814,
      "total": 2.5196213722229004
    }
  },
  "8000": {
    "training_loss": 7960.20751953125,
    "validation_loss": [
      2971.42138671875
    ],
    "validation_chi2s": {
      "DEUTERON": 2.346037300071906,
      "NMC": 3.040163526348039,
      "NUCLEAR": 2.1521240234375,
      "HERACOMB": 2.7604196585860907,
      "DYE886": 1.3329734802246094,
      "CDF": 1.8785646983555384,
      "D0": 3.1737194061279297,
      "ATLAS": 2.5255782905666306,
      "CMS": 2.8605137486611643,
      "LHCb": 2.924532175064087,
      "total": 2.5244462490081787
    }
  },
  "8100": {
    "training_loss": 7971.52392578125,
    "validation_loss": [
      2953.21142578125
    ],
    "validation_chi2s": {
      "DEUTERON": 2.4017370423274254,
      "NMC": 3.0189277798521754,
      "NUCLEAR": 2.14474609375,
      "HERACOMB": 2.6883556889552698,
      "DYE886": 1.4506908763538708,
      "CDF": 1.9537100110735213,
      "D0": 2.8649309158325194,
      "ATLAS": 2.4517722294248383,
      "CMS": 2.8921690910093245,
      "LHCb": 3.065751552581787,
      "total": 2.5090227127075195
    }
  },
  "8200": {
    "training_loss": 7986.26318359375,
    "validation_loss": [
      2946.419189453125
    ],
    "validation_chi2s": {
      "DEUTERON": 2.400470942407105,
      "NMC": 3.0213461483226105,
      "NUCLEAR": 2.146562744140625,
      "HERACOMB": 2.6732584635416665,
      "DYE886": 1.399890812960538,
      "CDF": 1.9553610937935966,
      "D0": 2.8326038360595702,
      "ATLAS": 2.4484403763694327,
      "CMS": 2.8914639872889363,
      "LHCb": 3.0541274547576904,
      "total": 2.503274917602539
    }
  },
  "8300": {
    "training_loss": 9802.25146484375,
    "validation_loss": [
      3005.519775390625
    ],
    "validation_chi2s": {
      "DEUTERON": 2.382293853000622,
      "NMC": 2.993638880112592,
      "NUCLEAR": 2.152954833984375,
      "HERACOMB": 2.7458292643229165,
      "DYE886": 1.451188694347035,
      "CDF": 1.9091373171125139,
      "D0": 2.9789121627807615,
      "ATLAS": 2.5567788310434625,
      "CMS": 3.0136519401304183,
      "LHCb": 3.1658270359039307,
      "total": 2.5530478954315186
    }
  },
  "8400": {
    "training_loss": 7984.87548828125,
    "validation_loss": [
      2943.18359375
    ],
    "validation_chi2s": {
      "DEUTERON": 2.3866738086909205,
      "NMC": 3.0150849585439645,
      "NUCLEAR": 2.1435224609375,
      "HERACOMB": 2.6819876876531863,
      "DYE886": 1.377153049815785,
      "CDF": 1.9277677536010742,
      "D0": 2.998903274536133,
      "ATLAS": 2.4712008772225214,
      "CMS": 2.8651169807680192,
      "LHCb": 2.9377496242523193,
      "total": 2.5005197525024414
    }
  },
  "8500": {
    "training_loss": 7971.4296875,
    "validation_loss": [
      2943.21044921875
    ],
    "validation_chi2s": {
      "DEUTERON": 2.3604941296933304,
      "NMC": 3.0261969472847734,
      "NUCLEAR": 2.1513525390625,
      "HERACOMB": 2.703012703290952,
      "DYE886": 1.372384244745428,
      "CDF": 1.9282568522862025,
      "D0": 2.815940284729004,
      "ATLAS": 2.473088582356771,
      "CMS": 2.83905275406376,
      "LHCb": 2.9755074977874756,
      "total": 2.5005786418914795
    }
  },
  "8600": {
    "training_loss": 7971.1376953125,
    "validation_loss": [
      2963.88623046875
    ],
    "validation_chi2s": {
      "DEUTERON": 2.35253663324005,
      "NMC": 3.028050142176011,
      "NUCLEAR": 2.1455478515625,
      "HERACOMB": 2.753757451873979,
      "DYE886": 1.3906794461337002,
      "CDF": 1.884739603315081,
      "D0": 3.030225944519043,
      "ATLAS": 2.4985583075161637,
      "CMS": 2.8637230165543093,
      "LHCb": 2.920736074447632,
      "total": 2.518038749694824
    }
  },
  "8700": {
    "training_loss": 7964.5205078125,
    "validation_loss": [
      2947.19580078125
    ],
    "validation_chi2s": {
      "DEUTERON": 2.380974916676384,
      "NMC": 3.0167358996821383,
      "NUCLEAR": 2.149171630859375,
      "HERACOMB": 2.6897820366753473,
      "DYE886": 1.4365576830777256,
      "CDF": 1.9877380643572127,
      "D0": 2.627071189880371,
      "ATLAS": 2.450414021809896,
      "CMS": 2.8921939480689263,
      "LHCb": 3.049525737762451,
      "total": 2.5039708614349365
    }
  },
  "8800": {
    "training_loss": 7962.53466796875,
    "validation_loss": [
      2934.60498046875
    ],
    "validation_chi2s": {
      "DEUTERON": 2.388248576453669,
      "NMC": 3.0284480674594056,
      "NUCLEAR": 2.14966552734375,
      "HERACOMB": 2.679568621068219,
      "DYE886": 1.5045767697420986,
      "CDF": 1.9817431313650948,
      "D0": 2.535369300842285,
      "ATLAS": 2.4209156255612427,
      "CMS": 2.8336883052702873,
      "LHCb": 3.054759979248047,
      "total": 2.4932446479797363
    }
  },
  "8900": {
    "training_loss": 7957.09326171875,
    "validation_loss": [
      2952.6259765625
    ],
    "validation_chi2s": {
      "DEUTERON": 2.3531999730352147,
      "NMC": 3.027811087814032,
      "NUCLEAR": 2.153784423828125,
      "HERACOMB": 2.7212568295547386,
      "DYE886": 1.3770490993152966,
      "CDF": 1.8960955483572823,
      "D0": 2.9462905883789063,
      "ATLAS": 2.4864647525480423,
      "CMS": 2.8644692205613658,
      "LHCb": 2.9117939472198486,
      "total": 2.508589029312134
    }
  },
  "9000": {
    "training_loss": 7958.61376953125,
    "validation_loss": [
      2954.473876953125
    ],
    "validation_chi2s": {
      "DEUTERON": 2.355740523456934,
      "NMC": 3.0228259516697302,
      "NUCLEAR": 2.151650634765625,
      "HERACOMB": 2.7268146190767975,
      "DYE886": 1.3895743976939807,
      "CDF": 1.9454235349382674,
      "D0": 2.7770626068115236,
      "ATLAS": 2.489953753591954,
      "CMS": 2.8648659490769908,
      "LHCb": 2.9368839263916016,
      "total": 2.5101280212402344
    }
  },
  "9100": {
    "training_loss": 7951.103515625,
    "validation_loss": [
      2936.91796875
    ],
    "validation_chi2s": {
      "DEUTERON": 2.3933778070098723,
      "NMC": 3.0205431171492036,
      "NUCLEAR": 2.14854736328125,
      "HERACOMB": 2.6698857725056167,
      "DYE886": 1.4410421198064631,
      "CDF": 1.9738291331699915,
      "D0": 2.68062801361084,
      "ATLAS": 2.43670601680361,
      "CMS": 2.8728792744298137,
      "LHCb": 2.9724059104919434,
      "total": 2.495246648788452
    }
  },
  "9200": {
    "training_loss": 7976.466796875,
    "validation_loss": [
      2947.3994140625
    ],
    "validation_chi2s": {
      "DEUTERON": 2.3654332706584267,
      "NMC": 3.0221270392922794,
      "NUCLEAR": 2.159889892578125,
      "HERACOMB": 2.71498038098703,
      "DYE886": 1.453778787092729,
      "CDF": 1.9542575563703264,
      "D0": 2.772529411315918,
      "ATLAS": 2.4494663983926004,
      "CMS": 2.8665645968529487,
      "LHCb": 2.8606655597686768,
      "total": 2.5037617683410645
    }
  },
  "9300": {
    "training_loss": 7955.8046875,
    "validation_loss": [
      2956.369384765625
    ],
    "validation_chi2s": {
      "DEUTERON": 2.3411523619694496,
      "NMC": 3.0310507381663605,
      "NUCLEAR": 2.1546708984375,
      "HERACOMB": 2.741617439619077,
      "DYE886": 1.4354984110051936,
      "CDF": 1.9919252395629883,
      "D0": 2.771263313293457,
      "ATLAS": 2.480006601618624,
      "CMS": 2.8736062818957913,
      "LHCb": 2.876049757003784,
      "total": 2.5113654136657715
    }
  },
  "9400": {
    "training_loss": 8224.7666015625,
    "validation_loss": [
      2957.455810546875
    ],
    "validation_chi2s": {
      "DEUTERON": 2.4425460284029072,
      "NMC": 3.039962170170803,
      "NUCLEAR": 2.150292236328125,
      "HERACOMB": 2.6592610677083335,
      "DYE886": 1.5961234352805398,
      "CDF": 2.0841261999947682,
      "D0": 2.40369873046875,
      "ATLAS": 2.4426169559873383,
      "CMS": 2.9267329554403982,
      "LHCb": 3.077273368835449,
      "total": 2.512693405151367
    }
  },
  "9500": {
    "training_loss": 7941.15185546875,
    "validation_loss": [
      2955.872314453125
    ],
    "validation_chi2s": {
      "DEUTERON": 2.341022700219605,
      "NMC": 3.0343645881204044,
      "NUCLEAR": 2.14841162109375,
      "HERACOMB": 2.729781406377655,
      "DYE886": 1.3937733390114524,
      "CDF": 1.8814100537981306,
      "D0": 2.816701889038086,
      "ATLAS": 2.531359968514278,
      "CMS": 2.850948210685484,
      "LHCb": 2.879835367202759,
      "total": 2.5113365650177
    }
  },
  "9600": {
    "training_loss": 7953.88427734375,
    "validation_loss": [
      2935.1748046875
    ],
    "validation_chi2s": {
      "DEUTERON": 2.3634437067591727,
      "NMC": 3.016017839020374,
      "NUCLEAR": 2.14547509765625,
      "HERACOMB": 2.6836476045496322,
      "DYE886": 1.4447952617298474,
      "CDF": 1.970054762704032,
      "D0": 2.6025482177734376,
      "ATLAS": 2.47741629063398,
      "CMS": 2.8606943930349042,
      "LHCb": 2.854400873184204,
      "total": 2.493774652481079
    }
  },
  "9700": {
    "training_loss": 9455.85009765625,
    "validation_loss": [
      2940.840576171875
    ],
    "validation_chi2s": {
      "DEUTERON": 2.3315399321750623,
      "NMC": 3.03154021618413,
      "NUCLEAR": 2.154341552734375,
      "HERACOMB": 2.72053497912837,
      "DYE886": 1.4919346896084873,
      "CDF": 1.9221515655517578,
      "D0": 2.4349380493164063,
      "ATLAS": 2.4610188802083335,
      "CMS": 2.84705328172253,
      "LHCb": 2.9521689414978027,
      "total": 2.498441457748413
    }
  },
  "9800": {
    "training_loss": 7922.66455078125,
    "validation_loss": [
      2937.93505859375
    ],
    "validation_chi2s": {
      "DEUTERON": 2.336710004664179,
      "NMC": 3.0340244068818936,
      "NUCLEAR": 2.146366455078125,
      "HERACOMB": 2.7151437397875817,
      "DYE886": 1.4477684714577415,
      "CDF": 1.9282963616507394,
      "D0": 2.725510025024414,
      "ATLAS": 2.50164917693741,
      "CMS": 2.8155948269751763,
      "LHCb": 2.783440589904785,
      "total": 2.4961209297180176
    }
  },
  "9900": {
    "training_loss": 7932.35400390625,
    "validation_loss": [
      2934.5625
    ],
    "validation_chi2s": {
      "DEUTERON": 2.3940643766033114,
      "NMC": 3.0271441889744177,
      "NUCLEAR": 2.147685302734375,
      "HERACOMB": 2.6825368045981413,
      "DYE886": 1.5324339433149858,
      "CDF": 2.0245226451328824,
      "D0": 2.48622989654541,
      "ATLAS": 2.431597304070133,
      "CMS": 2.8511876752299647,
      "LHCb": 2.8684027194976807,
      "total": 2.493245840072632
    }
  },
  "10000": {
    "training_loss": 7962.921875,
    "validation_loss": [
      2928.52294921875
    ],
    "validation_chi2s": {
      "DEUTERON": 2.3708016314909828,
      "NMC": 3.0195291556564032,
      "NUCLEAR": 2.14735693359375,
      "HERACOMB": 2.66752614538654,
      "DYE886": 1.4982310208407315,
      "CDF": 1.972353117806571,
      "D0": 2.7042478561401366,
      "ATLAS": 2.452654257588003,
      "CMS": 2.8544163857736895,
      "LHCb": 2.8241848945617676,
      "total": 2.4881248474121094
    }
  },
  "10100": {
    "training_loss": 7922.69921875,
    "validation_loss": [
      2938.4404296875
    ],
    "validation_chi2s": {
      "DEUTERON": 2.3654293231110075,
      "NMC": 3.025473501168045,
      "NUCLEAR": 2.1649775390625,
      "HERACOMB": 2.683491226894404,
      "DYE886": 1.6060938401655718,
      "CDF": 1.9446488789149694,
      "D0": 2.521428871154785,
      "ATLAS": 2.432037178127245,
      "CMS": 2.8533810031029487,
      "LHCb": 2.973085403442383,
      "total": 2.4965476989746094
    }
  },
  "10200": {
    "training_loss": 7915.81884765625,
    "validation_loss": [
      2934.38037109375
    ],
    "validation_chi2s": {
      "DEUTERON": 2.345010937742926,
      "NMC": 3.0257029813878678,
      "NUCLEAR": 2.16456982421875,
      "HERACOMB": 2.684101578456904,
      "DYE886": 1.5404843417080967,
      "CDF": 1.945049558367048,
      "D0": 2.886475372314453,
      "ATLAS": 2.4434849530801004,
      "CMS": 2.8444762691374748,
      "LHCb": 2.8701627254486084,
      "total": 2.492976427078247
    }
  },
  "10300": {
    "training_loss": 8599.5078125,
    "validation_loss": [
      2952.76953125
    ],
    "validation_chi2s": {
      "DEUTERON": 2.347453406794154,
      "NMC": 3.0256084367340685,
      "NUCLEAR": 2.17646435546875,
      "HERACOMB": 2.7122667100694446,
      "DYE886": 1.5329402576793323,
      "CDF": 1.901848384312221,
      "D0": 2.9761964797973635,
      "ATLAS": 2.440807824847342,
      "CMS": 2.8764321111863658,
      "LHCb": 2.9405126571655273,
      "total": 2.508486270904541
    }
  },
  "10400": {
    "training_loss": 11650.345703125,
    "validation_loss": [
      2946.166259765625
    ],
    "validation_chi2s": {
      "DEUTERON": 2.384857177734375,
      "NMC": 3.0119975968903185,
      "NUCLEAR": 2.16971337890625,
      "HERACOMB": 2.6682683408649917,
      "DYE886": 1.5828507163307883,
      "CDF": 2.0017246518816267,
      "D0": 2.7889501571655275,
      "ATLAS": 2.41510062382139,
      "CMS": 2.9181341355846775,
      "LHCb": 2.9705252647399902,
      "total": 2.502756118774414
    }
  },
  "10500": {
    "training_loss": 7942.3134765625,
    "validation_loss": [
      2939.304931640625
    ],
    "validation_chi2s": {
      "DEUTERON": 2.3825061095887747,
      "NMC": 3.020145191865809,
      "NUCLEAR": 2.17160595703125,
      "HERACOMB": 2.665563845166973,
      "DYE886": 1.4447459307583896,
      "CDF": 2.057206698826381,
      "D0": 2.777253341674805,
      "ATLAS": 2.4354712826082077,
      "CMS": 2.8744984288369455,
      "LHCb": 2.9254698753356934,
      "total": 2.4972448348999023
    }
  },
  "10600": {
    "training_loss": 7942.2265625,
    "validation_loss": [
      2965.855712890625
    ],
    "validation_chi2s": {
      "DEUTERON": 2.3350297159223414,
      "NMC": 3.046568926642923,
      "NUCLEAR": 2.152162109375,
      "HERACOMB": 2.7526811587265114,
      "DYE886": 1.4547616785222834,
      "CDF": 1.9192071642194475,
      "D0": 2.610620880126953,
      "ATLAS": 2.525257855996318,
      "CMS": 2.903771185105847,
      "LHCb": 2.7949390411376953,
      "total": 2.5195608139038086
    }
  },
  "10700": {
    "training_loss": 7933.85009765625,
    "validation_loss": [
      2975.218017578125
    ],
    "validation_chi2s": {
      "DEUTERON": 2.328578664295709,
      "NMC": 3.037318510167739,
      "NUCLEAR": 2.152816650390625,
      "HERACOMB": 2.764855877246732,
      "DYE886": 1.4463774074207654,
      "CDF": 1.948967661176409,
      "D0": 2.65261287689209,
      "ATLAS": 2.5343947136539153,
      "CMS": 2.9434716009324595,
      "LHCb": 2.8142476081848145,
      "total": 2.5277976989746094
    }
  },
  "10800": {
    "training_loss": 8014.3564453125,
    "validation_loss": [
      2960.96142578125
    ],
    "validation_chi2s": {
      "DEUTERON": 2.3481952420514616,
      "NMC": 3.024690216662837,
      "NUCLEAR": 2.1514248046875,
      "HERACOMB": 2.721563999948938,
      "DYE886": 1.4227684194391423,
      "CDF": 1.97454833984375,
      "D0": 2.8698297500610352,
      "ATLAS": 2.5383335858926004,
      "CMS": 2.9029769897460938,
      "LHCb": 2.766777515411377,
      "total": 2.5156314373016357
    }
  },
  "10900": {
    "training_loss": 7952.38427734375,
    "validation_loss": [
      2947.04638671875
    ],
    "validation_chi2s": {
      "DEUTERON": 2.353851470188122,
      "NMC": 3.021654914407169,
      "NUCLEAR": 2.155044677734375,
      "HERACOMB": 2.7019840813929736,
      "DYE886": 1.4595981944691052,
      "CDF": 1.9388869149344308,
      "D0": 2.775663375854492,
      "ATLAS": 2.48297154218301,
      "CMS": 2.8941207393523185,
      "LHCb": 2.808863639831543,
      "total": 2.503847599029541
    }
  },
  "11000": {
    "training_loss": 7947.3330078125,
    "validation_loss": [
      2967.955078125
    ],
    "validation_chi2s": {
      "DEUTERON": 2.348697947032416,
      "NMC": 3.028036080154718,
      "NUCLEAR": 2.15796142578125,
      "HERACOMB": 2.743148105596405,
      "DYE886": 1.5656280517578125,
      "CDF": 1.9131991522652763,
      "D0": 2.6189380645751954,
      "ATLAS": 2.4770044787176726,
      "CMS": 2.9472944198116178,
      "LHCb": 2.8703432083129883,
      "total": 2.5214545726776123
    }
  },
  "11100": {
    "training_loss": 7933.99853515625,
    "validation_loss": [
      2944.10009765625
    ],
    "validation_chi2s": {
      "DEUTERON": 2.335824083926073,
      "NMC": 3.019346648571538,
      "NUCLEAR": 2.15268017578125,
      "HERACOMB": 2.695242289624183,
      "DYE886": 1.4177418622103604,
      "CDF": 1.8872600282941545,
      "D0": 2.861054039001465,
      "ATLAS": 2.5026353857983117,
      "CMS": 2.9024079845797632,
      "LHCb": 2.791522264480591,
      "total": 2.5013585090637207
    }
  },
  "11200": {
    "training_loss": 7917.6923828125,
    "validation_loss": [
      2935.34423828125
    ],
    "validation_chi2s": {
      "DEUTERON": 2.360949160447761,
      "NMC": 3.025583603802849,
      "NUCLEAR": 2.1545908203125,
      "HERACOMB": 2.676474377999898,
      "DYE886": 1.4439272447065874,
      "CDF": 1.8873755591256278,
      "D0": 2.6638132095336915,
      "ATLAS": 2.479498676870061,
      "CMS": 2.890168712985131,
      "LHCb": 2.7312605381011963,
      "total": 2.4939122200012207
    }
  },
  "11300": {
    "training_loss": 7920.0595703125,
    "validation_loss": [
      2958.5830078125
    ],
    "validation_chi2s": {
      "DEUTERON": 2.328824019550684,
      "NMC": 3.028278724820006,
      "NUCLEAR": 2.16201025390625,
      "HERACOMB": 2.72552530126634,
      "DYE886": 1.4715862274169922,
      "CDF": 1.9242294856480189,
      "D0": 2.892730140686035,
      "ATLAS": 2.495570215685614,
      "CMS": 2.927153556577621,
      "LHCb": 2.7984063625335693,
      "total": 2.5136501789093018
    }
  },
  "11400": {
    "training_loss": 7974.2197265625,
    "validation_loss": [
      2929.818603515625
    ],
    "validation_chi2s": {
      "DEUTERON": 2.3402246883259483,
      "NMC": 3.029257680855545,
      "NUCLEAR": 2.161623779296875,
      "HERACOMB": 2.678434085222631,
      "DYE886": 1.5250084616921165,
      "CDF": 1.8998308181762695,
      "D0": 2.372397613525391,
      "ATLAS": 2.4525137714956,
      "CMS": 2.8631188177293345,
      "LHCb": 2.8931360244750977,
      "total": 2.489211082458496
    }
  },
  "11500": {
    "training_loss": 7963.4111328125,
    "validation_loss": [
      2947.798095703125
    ],
    "validation_chi2s": {
      "DEUTERON": 2.345243539383162,
      "NMC": 3.0170736873851105,
      "NUCLEAR": 2.1520439453125,
      "HERACOMB": 2.6975542454937704,
      "DYE886": 1.4535544135353782,
      "CDF": 1.957087516784668,
      "D0": 2.648250198364258,
      "ATLAS": 2.488884410638919,
      "CMS": 2.9395040696667087,
      "LHCb": 2.790592908859253,
      "total": 2.5044612884521484
    }
  }
}