{
  "100": {
    "training_loss": 178926.25,
    "validation_loss": [
      88202.1796875
    ],
    "validation_chi2s": {
      "DEUTERON": 41.627414684390544,
      "NMC": 41.18974513633579,
      "NUCLEAR": 20.06741015625,
      "HERACOMB": 66.13905484068627,
      "DYE886": 14.111806696111506,
      "CDF": 58.20713588169643,
      "D0": 371.8004150390625,
      "ATLAS": 129.3500669642857,
      "CMS": 79.03139408299181,
      "LHCb": 197.6255340576172,
      "total": 66.97381591796875
    }
  },
  "200": {
    "training_loss": 146585.234375,
    "validation_loss": [
      75206.2265625
    ],
    "validation_chi2s": {
      "DEUTERON": 30.832752740205223,
      "NMC": 28.701806161917894,
      "NUCLEAR": 17.661208984375,
      "HERACOMB": 47.15797015420752,
      "DYE886": 16.713489879261363,
      "CDF": 53.95741489955357,
      "D0": 195.5736572265625,
      "ATLAS": 112.68393973214286,
      "CMS": 69.93958920338115,
      "LHCb": 193.21890258789062,
      "total": 54.118431091308594
    }
  },
  "300": {
    "training_loss": 138088.828125,
    "validation_loss": [
      72111.6953125
    ],
    "validation_chi2s": {
      "DEUTERON": 31.587344041511194,
      "NMC": 23.131541532628678,
      "NUCLEAR": 17.691572265625,
      "HERACOMB": 42.98736532373366,
      "DYE886": 20.11251276189631,
      "CDF": 51.21287318638393,
      "D0": 147.3357421875,
      "ATLAS": 107.85821428571428,
      "CMS": 58.07852523053279,
      "LHCb": 195.2149200439453,
      "total": 50.669864654541016
    }
  },
  "400": {
    "training_loss": 133430.921875,
    "validation_loss": [
      69894.1328125
    ],
    "validation_chi2s": {
      "DEUTERON": 31.916586501088307,
      "NMC": 20.509531058517158,
      "NUCLEAR": 18.95175,
      "HERACOMB": 42.129375382965684,
      "DYE886": 23.44326227361506,
      "CDF": 44.94446236746652,
      "D0": 150.756494140625,
      "ATLAS": 99.28646205357143,
      "CMS": 47.78419969902664,
      "LHCb": 199.50927734375,
      "total": 48.484500885009766
    }
  },
  "500": {
    "training_loss": 132960.40625,
    "validation_loss": [
      69115.9296875
    ],
    "validation_chi2s": {
      "DEUTERON": 31.462856615360696,
      "NMC": 19.102443321078432,
      "NUCLEAR": 19.58831640625,
      "HERACOMB": 41.164407169117645,
      "DYE886": 25.02970470081676,
      "CDF": 46.22688511439732,
      "D0": 134.5419921875,
      "ATLAS": 96.955234375,
      "CMS": 45.903212250256146,
      "LHCb": 203.42556762695312,
      "total": 47.69411849975586
    }
  },
  "600": {
    "training_loss": 133640.984375,
    "validation_loss": [
      68475.1484375
    ],
    "validation_chi2s": {
      "DEUTERON": 31.2431592039801,
      "NMC": 17.989024442784928,
      "NUCLEAR": 20.12126171875,
      "HERACOMB": 39.98098894505719,
      "DYE886": 26.65823641690341,
      "CDF": 46.939583914620535,
      "D0": 115.67984619140626,
      "ATLAS": 95.65310267857143,
      "CMS": 45.00790455302254,
      "LHCb": 205.40145874023438,
      "total": 47.05508041381836
    }
  },
  "700": {
    "training_loss": 50642.515625,
    "validation_loss": [
      57706.5234375
    ],
    "validation_chi2s": {
      "DEUTERON": 191.66169154228857,
      "NMC": 11.138446882659315,
      "NUCLEAR": 21.755408203125,
      "HERACOMB": 14.911697686887255,
      "DYE886": 113.04613148082386,
      "CDF": 8.601325988769531,
      "D0": 23.604698181152344,
      "ATLAS": 14.716442522321428,
      "CMS": 8.155313460553279,
      "LHCb": 49.5995979309082,
      "total": 48.49888229370117
    }
  },
  "800": {
    "training_loss": 28656.6484375,
    "validation_loss": [
      44547.88671875
    ],
    "validation_chi2s": {
      "DEUTERON": 167.4451764614428,
      "NMC": 5.437623865464154,
      "NUCLEAR": 9.26940234375,
      "HERACOMB": 7.665982913347631,
      "DYE886": 77.93774968927556,
      "CDF": 8.19775118146624,
      "D0": 28.403274536132812,
      "ATLAS": 14.322123325892857,
      "CMS": 5.506715868340164,
      "LHCb": 13.202621459960938,
      "total": 37.63066482543945
    }
  },
  "900": {
    "training_loss": 23233.7421875,
    "validation_loss": [
      30958.87890625
    ],
    "validation_chi2s": {
      "DEUTERON": 107.3701317630597,
      "NMC": 4.330391678155637,
      "NUCLEAR": 8.2469296875,
      "HERACOMB": 6.559485740910947,
      "DYE886": 74.39094682173295,
      "CDF": 5.758859361921038,
      "D0": 41.997137451171874,
      "ATLAS": 10.742974330357143,
      "CMS": 4.758856101114242,
      "LHCb": 6.853874683380127,
      "total": 26.061216354370117
    }
  },
  "1000": {
    "training_loss": 18519.078125,
    "validation_loss": [
      3432519936.0
    ],
    "validation_chi2s": {
      "DEUTERON": 17077176.676616915,
      "NMC": 3.220269895067402,
      "NUCLEAR": 6.08999755859375,
      "HERACOMB": 5.2777414758221,
      "DYE886": 66.37551047585227,
      "CDF": 4.846004486083984,
      "D0": 38.960601806640625,
      "ATLAS": 7.367375139508929,
      "CMS": 3.7748840832319415,
      "LHCb": 3.1538238525390625,
      "total": 2918809.25
    }
  },
  "1100": {
    "training_loss": 16359.80859375,
    "validation_loss": [
      67747.3984375
    ],
    "validation_chi2s": {
      "DEUTERON": 307.6172458022388,
      "NMC": 2.9560663559857536,
      "NUCLEAR": 4.32604248046875,
      "HERACOMB": 4.3182636335784315,
      "DYE886": 54.39281116832387,
      "CDF": 7.044837951660156,
      "D0": 27.02432861328125,
      "ATLAS": 6.064853515625,
      "CMS": 3.610467379210425,
      "LHCb": 6.3389129638671875,
      "total": 57.48775100708008
    }
  },
  "1200": {
    "training_loss": 15804.892578125,
    "validation_loss": [
      54438.44140625
    ],
    "validation_chi2s": {
      "DEUTERON": 242.22926383706468,
      "NMC": 2.9440789316214766,
      "NUCLEAR": 4.0944765625,
      "HERACOMB": 4.068626653135213,
      "DYE886": 52.09004905007102,
      "CDF": 8.963187081473214,
      "D0": 24.484873962402343,
      "ATLAS": 6.061348353794643,
      "CMS": 3.620175220927254,
      "LHCb": 7.602470874786377,
      "total": 46.17864990234375
    }
  },
  "1300": {
    "training_loss": 15470.3798828125,
    "validation_loss": [
      39859.67578125
    ],
    "validation_chi2s": {
      "DEUTERON": 170.31891324626866,
      "NMC": 2.937569412530637,
      "NUCLEAR": 3.96694970703125,
      "HERACOMB": 3.893564660564747,
      "DYE886": 49.59545343572443,
      "CDF": 9.985758100237165,
      "D0": 23.166099548339844,
      "ATLAS": 6.172869001116071,
      "CMS": 3.64614743092021,
      "LHCb": 7.896251201629639,
      "total": 33.79039764404297
    }
  },
  "1400": {
    "training_loss": 15325.61328125,
    "validation_loss": [
      25542.716796875
    ],
    "validation_chi2s": {
      "DEUTERON": 100.05357975746269,
      "NMC": 2.9166047339345895,
      "NUCLEAR": 3.8593115234375,
      "HERACOMB": 3.687288969949959,
      "DYE886": 45.77924693714488,
      "CDF": 10.676679338727679,
      "D0": 21.268658447265626,
      "ATLAS": 6.235467354910714,
      "CMS": 3.813046564821337,
      "LHCb": 7.310027599334717,
      "total": 21.63055992126465
    }
  },
  "1500": {
    "training_loss": 14521.5712890625,
    "validation_loss": [
      19607.9453125
    ],
    "validation_chi2s": {
      "DEUTERON": 71.77729516480099,
      "NMC": 2.9082503973268996,
      "NUCLEAR": 3.811112548828125,
      "HERACOMB": 3.5223340801164214,
      "DYE886": 34.91044477982955,
      "CDF": 10.29493168422154,
      "D0": 24.624801635742188,
      "ATLAS": 6.376170479910714,
      "CMS": 3.854823878554047,
      "LHCb": 7.710605144500732,
      "total": 16.603206634521484
    }
  },
  "1600": {
    "training_loss": 13719.7041015625,
    "validation_loss": [
      1200013.875
    ],
    "validation_chi2s": {
      "DEUTERON": 5945.467661691542,
      "NMC": 2.898526060814951,
      "NUCLEAR": 3.839989501953125,
      "HERACOMB": 3.386962890625,
      "DYE886": 24.819366455078125,
      "CDF": 9.361571175711495,
      "D0": 26.997491455078126,
      "ATLAS": 6.423060825892857,
      "CMS": 3.75801736800397,
      "LHCb": 9.382473945617676,
      "total": 1020.363525390625
    }
  },
  "1700": {
    "training_loss": 13613.822265625,
    "validation_loss": [
      371316.78125
    ],
    "validation_chi2s": {
      "DEUTERON": 1822.7907338308457,
      "NMC": 2.890295290479473,
      "NUCLEAR": 3.823830810546875,
      "HERACOMB": 3.3451304716222428,
      "DYE886": 24.361733176491477,
      "CDF": 9.07958984375,
      "D0": 26.72099914550781,
      "ATLAS": 6.422640206473214,
      "CMS": 3.7862081058689805,
      "LHCb": 9.091350555419922,
      "total": 315.6900634765625
    }
  },
  "1800": {
    "training_loss": 14091.8701171875,
    "validation_loss": [
      14840.71875
    ],
    "validation_chi2s": {
      "DEUTERON": 49.11639070273632,
      "NMC": 2.892199946384804,
      "NUCLEAR": 3.82672412109375,
      "HERACOMB": 3.351855708103554,
      "DYE886": 28.909312855113637,
      "CDF": 9.293829781668526,
      "D0": 24.799147033691405,
      "ATLAS": 6.330959821428571,
      "CMS": 3.9875906021868595,
      "LHCb": 6.957653999328613,
      "total": 12.558117866516113
    }
  },
  "1900": {
    "training_loss": 14116.0068359375,
    "validation_loss": [
      12583.365234375
    ],
    "validation_chi2s": {
      "DEUTERON": 38.30948771766169,
      "NMC": 2.8795028387331496,
      "NUCLEAR": 3.68157568359375,
      "HERACOMB": 3.2826314689287175,
      "DYE886": 28.202986283735797,
      "CDF": 8.924889700753349,
      "D0": 23.76472625732422,
      "ATLAS": 6.376642020089286,
      "CMS": 4.080968888079534,
      "LHCb": 6.45232629776001,
      "total": 10.640130043029785
    }
  },
  "2000": {
    "training_loss": 13893.0498046875,
    "validation_loss": [
      12671.6748046875
    ],
    "validation_chi2s": {
      "DEUTERON": 39.17118266091418,
      "NMC": 2.872644162645527,
      "NUCLEAR": 3.511752685546875,
      "HERACOMB": 3.2286785848779616,
      "DYE886": 27.13972334428267,
      "CDF": 8.83301762172154,
      "D0": 23.771258544921874,
      "ATLAS": 6.3620675223214285,
      "CMS": 4.101132002033171,
      "LHCb": 6.495699405670166,
      "total": 10.717693328857422
    }
  },
  "2100": {
    "training_loss": 13727.2578125,
    "validation_loss": [
      14071.4033203125
    ],
    "validation_chi2s": {
      "DEUTERON": 46.633094294154226,
      "NMC": 2.8655748554304536,
      "NUCLEAR": 3.371621826171875,
      "HERACOMB": 3.1816996655433005,
      "DYE886": 25.967579234730113,
      "CDF": 8.878805977957589,
      "D0": 22.67853240966797,
      "ATLAS": 6.297194475446428,
      "CMS": 4.158313188396517,
      "LHCb": 6.286317825317383,
      "total": 11.910384178161621
    }
  },
  "2200": {
    "training_loss": 13624.013671875,
    "validation_loss": [
      12354.41015625
    ],
    "validation_chi2s": {
      "DEUTERON": 38.17199160447761,
      "NMC": 2.8659892362706803,
      "NUCLEAR": 3.2730361328125,
      "HERACOMB": 3.184045130910437,
      "DYE886": 26.06949962269176,
      "CDF": 8.778990064348493,
      "D0": 24.94165802001953,
      "ATLAS": 6.263803013392857,
      "CMS": 4.061926919905866,
      "LHCb": 6.335457801818848,
      "total": 10.450821876525879
    }
  },
  "2300": {
    "training_loss": 13487.66015625,
    "validation_loss": [
      17613.884765625
    ],
    "validation_chi2s": {
      "DEUTERON": 64.8623241215796,
      "NMC": 2.8577198701746322,
      "NUCLEAR": 3.164836181640625,
      "HERACOMB": 3.154760622510723,
      "DYE886": 24.358814586292613,
      "CDF": 9.072183881487165,
      "D0": 22.845086669921876,
      "ATLAS": 6.203389369419643,
      "CMS": 4.149553893042392,
      "LHCb": 6.077121734619141,
      "total": 14.92669677734375
    }
  },
  "2400": {
    "training_loss": 13367.4228515625,
    "validation_loss": [
      15728.12890625
    ],
    "validation_chi2s": {
      "DEUTERON": 55.6494286380597,
      "NMC": 2.8552620083678004,
      "NUCLEAR": 3.08170947265625,
      "HERACOMB": 3.1553901223575367,
      "DYE886": 23.975175337357953,
      "CDF": 9.086431230817523,
      "D0": 23.761061096191405,
      "ATLAS": 6.2034521484375,
      "CMS": 4.067413580222208,
      "LHCb": 5.996992111206055,
      "total": 13.324433326721191
    }
  },
  "2500": {
    "training_loss": 13813.7373046875,
    "validation_loss": [
      12035.419921875
    ],
    "validation_chi2s": {
      "DEUTERON": 37.44125806514303,
      "NMC": 2.851171755323223,
      "NUCLEAR": 3.05834521484375,
      "HERACOMB": 3.151986714282067,
      "DYE886": 24.838783957741477,
      "CDF": 9.249631609235491,
      "D0": 23.37299499511719,
      "ATLAS": 6.086755719866072,
      "CMS": 4.063231671442751,
      "LHCb": 5.31837272644043,
      "total": 10.183852195739746
    }
  },
  "2600": {
    "training_loss": 13638.7265625,
    "validation_loss": [
      24498.189453125
    ],
    "validation_chi2s": {
      "DEUTERON": 99.83358597636816,
      "NMC": 2.840916353113511,
      "NUCLEAR": 2.977627685546875,
      "HERACOMB": 3.13176034166922,
      "DYE886": 22.345715609463777,
      "CDF": 9.289853777204241,
      "D0": 20.80955352783203,
      "ATLAS": 6.1737353515625,
      "CMS": 4.1750660880667265,
      "LHCb": 5.484827518463135,
      "total": 20.785856246948242
    }
  },
  "2700": {
    "training_loss": 8354.6279296875,
    "validation_loss": [
      3186.16552734375
    ],
    "validation_chi2s": {
      "DEUTERON": 2.2936200953241603,
      "NMC": 2.847726260914522,
      "NUCLEAR": 2.072839599609375,
      "HERACOMB": 2.9803534613715277,
      "DYE886": 1.7318132573908025,
      "CDF": 4.929818289620536,
      "D0": 4.643927001953125,
      "ATLAS": 3.395872628348214,
      "CMS": 2.4079379722720287,
      "LHCb": 4.1847991943359375,
      "total": 2.7019195556640625
    }
  },
  "2800": {
    "training_loss": 8017.68212890625,
    "validation_loss": [
      2980.916015625
    ],
    "validation_chi2s": {
      "DEUTERON": 2.0028097427899563,
      "NMC": 2.7780884387446383,
      "NUCLEAR": 2.01019970703125,
      "HERACOMB": 2.9291421728196485,
      "DYE886": 1.3410844802856445,
      "CDF": 4.409993580409458,
      "D0": 2.293178367614746,
      "ATLAS": 3.1162259347098216,
      "CMS": 2.358117025406634,
      "LHCb": 3.5629994869232178,
      "total": 2.5284574031829834
    }
  },
  "2900": {
    "training_loss": 7891.04833984375,
    "validation_loss": [
      2906.5947265625
    ],
    "validation_chi2s": {
      "DEUTERON": 1.9059480126224346,
      "NMC": 2.753238453584559,
      "NUCLEAR": 2.0065069580078125,
      "HERACOMB": 2.8819342719184027,
      "DYE886": 1.2598036852749912,
      "CDF": 4.081668308803013,
      "D0": 2.016139030456543,
      "ATLAS": 2.962996303013393,
      "CMS": 2.3925561123206966,
      "LHCb": 3.369617223739624,
      "total": 2.4674336910247803
    }
  },
  "3000": {
    "training_loss": 7872.43994140625,
    "validation_loss": [
      2900.46240234375
    ],
    "validation_chi2s": {
      "DEUTERON": 1.8701038265702736,
      "NMC": 2.7437971526501226,
      "NUCLEAR": 1.989098876953125,
      "HERACOMB": 2.8994974373212825,
      "DYE886": 1.266697883605957,
      "CDF": 3.8414459228515625,
      "D0": 2.0062089920043946,
      "ATLAS": 2.9587709263392856,
      "CMS": 2.4063568115234375,
      "LHCb": 3.4248201847076416,
      "total": 2.462686777114868
    }
  },
  "3100": {
    "training_loss": 7827.31298828125,
    "validation_loss": [
      2891.98193359375
    ],
    "validation_chi2s": {
      "DEUTERON": 1.859871631831079,
      "NMC": 2.743873446595435,
      "NUCLEAR": 1.993377197265625,
      "HERACOMB": 2.888803519454657,
      "DYE886": 1.305857398293235,
      "CDF": 3.720308576311384,
      "D0": 2.0809276580810545,
      "ATLAS": 2.94962646484375,
      "CMS": 2.430379648677638,
      "LHCb": 3.248080015182495,
      "total": 2.4560370445251465
    }
  },
  "3200": {
    "training_loss": 7828.55322265625,
    "validation_loss": [
      2884.9013671875
    ],
    "validation_chi2s": {
      "DEUTERON": 1.8525199320778918,
      "NMC": 2.7424723307291665,
      "NUCLEAR": 1.9808458251953125,
      "HERACOMB": 2.88743621227788,
      "DYE886": 1.2915508963844993,
      "CDF": 3.6444369724818637,
      "D0": 1.9827407836914062,
      "ATLAS": 2.9261635044642857,
      "CMS": 2.4273576580110143,
      "LHCb": 3.4003138542175293,
      "total": 2.450483560562134
    }
  },
  "3300": {
    "training_loss": 7804.81298828125,
    "validation_loss": [
      2879.82568359375
    ],
    "validation_chi2s": {
      "DEUTERON": 1.8507042120938277,
      "NMC": 2.7425570020488665,
      "NUCLEAR": 1.9838426513671874,
      "HERACOMB": 2.8787546594158497,
      "DYE886": 1.3248086409135298,
      "CDF": 3.5629784720284596,
      "D0": 2.0865028381347654,
      "ATLAS": 2.9294607979910716,
      "CMS": 2.440456202772797,
      "LHCb": 3.2292513847351074,
      "total": 2.4467687606811523
    }
  },
  "3400": {
    "training_loss": 7797.5712890625,
    "validation_loss": [
      2883.6025390625
    ],
    "validation_chi2s": {
      "DEUTERON": 1.8447479703533116,
      "NMC": 2.7446211272594976,
      "NUCLEAR": 1.9791280517578125,
      "HERACOMB": 2.8856211144939747,
      "DYE886": 1.3224634690718218,
      "CDF": 3.5211004529680525,
      "D0": 2.062636947631836,
      "ATLAS": 2.9322900390625,
      "CMS": 2.4418274926357584,
      "LHCb": 3.3551886081695557,
      "total": 2.4501190185546875
    }
  },
  "3500": {
    "training_loss": 7794.5595703125,
    "validation_loss": [
      2878.554443359375
    ],
    "validation_chi2s": {
      "DEUTERON": 1.845911282211987,
      "NMC": 2.744845521216299,
      "NUCLEAR": 1.9760594482421876,
      "HERACOMB": 2.879153582005719,
      "DYE886": 1.3296585949984463,
      "CDF": 3.495565959385463,
      "D0": 2.039185905456543,
      "ATLAS": 2.9242796107700895,
      "CMS": 2.441195378538038,
      "LHCb": 3.3458023071289062,
      "total": 2.4462625980377197
    }
  },
  "3600": {
    "training_loss": 7783.60888671875,
    "validation_loss": [
      2876.74365234375
    ],
    "validation_chi2s": {
      "DEUTERON": 1.845404629683613,
      "NMC": 2.747554704254749,
      "NUCLEAR": 1.97688134765625,
      "HERACOMB": 2.8691472072227326,
      "DYE886": 1.3767501657659358,
      "CDF": 3.502335412161691,
      "D0": 2.1253862380981445,
      "ATLAS": 2.928099190848214,
      "CMS": 2.455143912893827,
      "LHCb": 3.261687994003296,
      "total": 2.4452455043792725
    }
  },
  "3700": {
    "training_loss": 7791.8740234375,
    "validation_loss": [
      2875.162109375
    ],
    "validation_chi2s": {
      "DEUTERON": 1.8468652222287003,
      "NMC": 2.751507927389706,
      "NUCLEAR": 1.9726319580078124,
      "HERACOMB": 2.8809521245021448,
      "DYE886": 1.320804942737926,
      "CDF": 3.4880708966936385,
      "D0": 1.997187614440918,
      "ATLAS": 2.9061458914620535,
      "CMS": 2.432927116018827,
      "LHCb": 3.3973886966705322,
      "total": 2.4437344074249268
    }
  },
  "3800": {
    "training_loss": 7785.61328125,
    "validation_loss": [
      2874.7421875
    ],
    "validation_chi2s": {
      "DEUTERON": 1.8459481765974814,
      "NMC": 2.753357831169577,
      "NUCLEAR": 1.9723114013671874,
      "HERACOMB": 2.87808247485192,
      "DYE886": 1.3307309584184126,
      "CDF": 3.479057856968471,
      "D0": 2.028041648864746,
      "ATLAS": 2.9136301967075893,
      "CMS": 2.4346513591828893,
      "LHCb": 3.361189603805542,
      "total": 2.443544864654541
    }
  },
  "3900": {
    "training_loss": 7787.49609375,
    "validation_loss": [
      2871.57568359375
    ],
    "validation_chi2s": {
      "DEUTERON": 1.8487857040481188,
      "NMC": 2.7510028913909315,
      "NUCLEAR": 1.9709891357421876,
      "HERACOMB": 2.8733021854575163,
      "DYE886": 1.3447987816550515,
      "CDF": 3.498114994594029,
      "D0": 2.0309324264526367,
      "ATLAS": 2.9036233956473216,
      "CMS": 2.433341354620261,
      "LHCb": 3.350522041320801,
      "total": 2.4408886432647705
    }
  },
  "4000": {
    "training_loss": 7785.7421875,
    "validation_loss": [
      2869.272216796875
    ],
    "validation_chi2s": {
      "DEUTERON": 1.8548177083333333,
      "NMC": 2.755924000459559,
      "NUCLEAR": 1.9714219970703124,
      "HERACOMB": 2.8617593603196485,
      "DYE886": 1.3317038796164773,
      "CDF": 3.5029236929757253,
      "D0": 1.9886281967163086,
      "ATLAS": 2.9010128348214286,
      "CMS": 2.4300694700147285,
      "LHCb": 3.3973522186279297,
      "total": 2.4391918182373047
    }
  },
  "4100": {
    "training_loss": 7775.5419921875,
    "validation_loss": [
      2875.17333984375
    ],
    "validation_chi2s": {
      "DEUTERON": 1.8438444374805658,
      "NMC": 2.756474812825521,
      "NUCLEAR": 1.9725733642578125,
      "HERACOMB": 2.8815265730315565,
      "DYE886": 1.3707093325528232,
      "CDF": 3.5038648332868303,
      "D0": 2.1052745819091796,
      "ATLAS": 2.903834926060268,
      "CMS": 2.4456969714555585,
      "LHCb": 3.3000452518463135,
      "total": 2.4438490867614746
    }
  },
  "4200": {
    "training_loss": 7772.00244140625,
    "validation_loss": [
      2878.1171875
    ],
    "validation_chi2s": {
      "DEUTERON": 1.8450283980488185,
      "NMC": 2.7610114602481617,
      "NUCLEAR": 1.973584716796875,
      "HERACOMB": 2.8815790313521243,
      "DYE886": 1.372363350608132,
      "CDF": 3.5057280404227122,
      "D0": 2.109282875061035,
      "ATLAS": 2.912668980189732,
      "CMS": 2.4501240214363476,
      "LHCb": 3.303842544555664,
      "total": 2.44642972946167
    }
  },
  "4300": {
    "training_loss": 7780.9130859375,
    "validation_loss": [
      2870.080078125
    ],
    "validation_chi2s": {
      "DEUTERON": 1.8531582201298196,
      "NMC": 2.758968278473499,
      "NUCLEAR": 1.9694886474609374,
      "HERACOMB": 2.868097043504902,
      "DYE886": 1.3480989282781428,
      "CDF": 3.5314252035958424,
      "D0": 1.9992864608764649,
      "ATLAS": 2.8910904366629464,
      "CMS": 2.4319598088498977,
      "LHCb": 3.4056787490844727,
      "total": 2.439791202545166
    }
  },
  "4400": {
    "training_loss": 7768.62548828125,
    "validation_loss": [
      2873.66455078125
    ],
    "validation_chi2s": {
      "DEUTERON": 1.8475674301830691,
      "NMC": 2.761885998295803,
      "NUCLEAR": 1.97260693359375,
      "HERACOMB": 2.8744159773284315,
      "DYE886": 1.367444471879439,
      "CDF": 3.515984671456473,
      "D0": 2.053829002380371,
      "ATLAS": 2.89378173828125,
      "CMS": 2.4440755375096055,
      "LHCb": 3.369969606399536,
      "total": 2.4426889419555664
    }
  },
  "4500": {
    "training_loss": 7773.81884765625,
    "validation_loss": [
      2871.48681640625
    ],
    "validation_chi2s": {
      "DEUTERON": 1.8536718567805504,
      "NMC": 2.763654821059283,
      "NUCLEAR": 1.96977294921875,
      "HERACOMB": 2.8668111165364585,
      "DYE886": 1.3552350130948154,
      "CDF": 3.5221290588378906,
      "D0": 1.998127555847168,
      "ATLAS": 2.898815394810268,
      "CMS": 2.431586343733991,
      "LHCb": 3.4087536334991455,
      "total": 2.4410712718963623
    }
  },
  "4600": {
    "training_loss": 7767.16796875,
    "validation_loss": [
      2875.921875
    ],
    "validation_chi2s": {
      "DEUTERON": 1.8525786898029384,
      "NMC": 2.766928878484988,
      "NUCLEAR": 1.970352783203125,
      "HERACOMB": 2.8662157245710786,
      "DYE886": 1.3748234835537998,
      "CDF": 3.501053946358817,
      "D0": 2.0409563064575194,
      "ATLAS": 2.9284926060267855,
      "CMS": 2.4339231897573,
      "LHCb": 3.363905668258667,
      "total": 2.445038080215454
    }
  },
  "4700": {
    "training_loss": 7764.00439453125,
    "validation_loss": [
      2874.558349609375
    ],
    "validation_chi2s": {
      "DEUTERON": 1.8534703800334267,
      "NMC": 2.7625732421875,
      "NUCLEAR": 1.9715928955078126,
      "HERACOMB": 2.8690849752987133,
      "DYE886": 1.3671156276356091,
      "CDF": 3.51763425554548,
      "D0": 2.0177032470703127,
      "ATLAS": 2.91065185546875,
      "CMS": 2.4358305383901127,
      "LHCb": 3.3793575763702393,
      "total": 2.4437320232391357
    }
  },
  "4800": {
    "training_loss": 7757.89453125,
    "validation_loss": [
      2871.07861328125
    ],
    "validation_chi2s": {
      "DEUTERON": 1.865640820555426,
      "NMC": 2.772136314242494,
      "NUCLEAR": 1.9714683837890625,
      "HERACOMB": 2.84259033203125,
      "DYE886": 1.3627588098699397,
      "CDF": 3.4782921927315846,
      "D0": 1.978724479675293,
      "ATLAS": 2.92637451171875,
      "CMS": 2.435086359743212,
      "LHCb": 3.3897202014923096,
      "total": 2.4412035942077637
    }
  },
  "4900": {
    "training_loss": 7752.16943359375,
    "validation_loss": [
      2874.16015625
    ],
    "validation_chi2s": {
      "DEUTERON": 1.8523154187558302,
      "NMC": 2.7688969630821076,
      "NUCLEAR": 1.9713350830078125,
      "HERACOMB": 2.8634898865145018,
      "DYE886": 1.3964004516601562,
      "CDF": 3.526562826974051,
      "D0": 2.079518508911133,
      "ATLAS": 2.9114156668526787,
      "CMS": 2.44461935074603,
      "LHCb": 3.345820188522339,
      "total": 2.443537712097168
    }
  },
  "5000": {
    "training_loss": 7780.7412109375,
    "validation_loss": [
      2867.31689453125
    ],
    "validation_chi2s": {
      "DEUTERON": 1.8694344136252332,
      "NMC": 2.7660890467026653,
      "NUCLEAR": 1.9697874755859375,
      "HERACOMB": 2.8606369916130516,
      "DYE886": 1.3911090330644087,
      "CDF": 3.5502237592424666,
      "D0": 2.108259391784668,
      "ATLAS": 2.8595907156808034,
      "CMS": 2.451846263447746,
      "LHCb": 3.2914609909057617,
      "total": 2.437115430831909
    }
  },
  "5100": {
    "training_loss": 7764.93017578125,
    "validation_loss": [
      2866.73583984375
    ],
    "validation_chi2s": {
      "DEUTERON": 1.8921145918357432,
      "NMC": 2.7722479128370097,
      "NUCLEAR": 1.957232177734375,
      "HERACOMB": 2.842248854294322,
      "DYE886": 1.4302539825439453,
      "CDF": 3.643997464861189,
      "D0": 1.9165119171142577,
      "ATLAS": 2.849949428013393,
      "CMS": 2.440031458119877,
      "LHCb": 3.5401864051818848,
      "total": 2.437572717666626
    }
  },
  "5200": {
    "training_loss": 7740.95556640625,
    "validation_loss": [
      2882.51025390625
    ],
    "validation_chi2s": {
      "DEUTERON": 1.8991281689696051,
      "NMC": 2.787430108762255,
      "NUCLEAR": 1.9597030029296876,
      "HERACOMB": 2.8554316501991424,
      "DYE886": 1.4578045931729404,
      "CDF": 3.674346378871373,
      "D0": 1.7554216384887695,
      "ATLAS": 2.8637302943638394,
      "CMS": 2.4407243572297643,
      "LHCb": 3.7698872089385986,
      "total": 2.4510843753814697
    }
  },
  "5300": {
    "training_loss": 7758.4921875,
    "validation_loss": [
      2864.74560546875
    ],
    "validation_chi2s": {
      "DEUTERON": 1.8950177093050373,
      "NMC": 2.7847137451171875,
      "NUCLEAR": 1.958958251953125,
      "HERACOMB": 2.8347886029411766,
      "DYE886": 1.412925286726518,
      "CDF": 3.6105687277657643,
      "D0": 1.9208456039428712,
      "ATLAS": 2.8577273995535712,
      "CMS": 2.433378125800461,
      "LHCb": 3.499239921569824,
      "total": 2.4359018802642822
    }
  },
  "5400": {
    "training_loss": 7759.96923828125,
    "validation_loss": [
      2870.361328125
    ],
    "validation_chi2s": {
      "DEUTERON": 1.8998794176092195,
      "NMC": 2.7835456997740504,
      "NUCLEAR": 1.9566107177734375,
      "HERACOMB": 2.8297563939312704,
      "DYE886": 1.4492060921408914,
      "CDF": 3.520492281232561,
      "D0": 1.8966850280761718,
      "ATLAS": 2.90693359375,
      "CMS": 2.40423583984375,
      "LHCb": 3.5561330318450928,
      "total": 2.4406583309173584
    }
  },
  "5500": {
    "training_loss": 7758.73876953125,
    "validation_loss": [
      2866.212890625
    ],
    "validation_chi2s": {
      "DEUTERON": 1.8912323149875623,
      "NMC": 2.7928113750382964,
      "NUCLEAR": 1.95707958984375,
      "HERACOMB": 2.8433125813802085,
      "DYE886": 1.4030451341108843,
      "CDF": 3.6493358612060547,
      "D0": 1.9356304168701173,
      "ATLAS": 2.84299072265625,
      "CMS": 2.439423607998207,
      "LHCb": 3.5433404445648193,
      "total": 2.4372305870056152
    }
  },
  "5600": {
    "training_loss": 7761.0009765625,
    "validation_loss": [
      2868.00439453125
    ],
    "validation_chi2s": {
      "DEUTERON": 1.8915649717719993,
      "NMC": 2.7842805151845895,
      "NUCLEAR": 1.9565145263671875,
      "HERACOMB": 2.846595514833538,
      "DYE886": 1.412797581065785,
      "CDF": 3.66394533429827,
      "D0": 1.9915836334228516,
      "ATLAS": 2.852629917689732,
      "CMS": 2.4371703100986166,
      "LHCb": 3.50793719291687,
      "total": 2.438634157180786
    }
  },
  "5700": {
    "training_loss": 7737.18603515625,
    "validation_loss": [
      2867.34423828125
    ],
    "validation_chi2s": {
      "DEUTERON": 1.903397896989661,
      "NMC": 2.8002896776386335,
      "NUCLEAR": 1.95538134765625,
      "HERACOMB": 2.8283073076235703,
      "DYE886": 1.4139149405739524,
      "CDF": 3.6451323372977122,
      "D0": 1.9442131042480468,
      "ATLAS": 2.8611146763392856,
      "CMS": 2.4381488737512806,
      "LHCb": 3.54384708404541,
      "total": 2.4381985664367676
    }
  },
  "5800": {
    "training_loss": 7724.7724609375,
    "validation_loss": [
      2879.76904296875
    ],
    "validation_chi2s": {
      "DEUTERON": 1.8708309344391325,
      "NMC": 2.7888820872587314,
      "NUCLEAR": 1.9690772705078126,
      "HERACOMB": 2.8622753666896448,
      "DYE886": 1.3953749916770242,
      "CDF": 3.5148331778390065,
      "D0": 2.0389053344726564,
      "ATLAS": 2.9213485281808036,
      "CMS": 2.4470069760181863,
      "LHCb": 3.3697686195373535,
      "total": 2.448716163635254
    }
  },
  "5900": {
    "training_loss": 7732.173828125,
    "validation_loss": [
      2868.55078125
    ],
    "validation_chi2s": {
      "DEUTERON": 1.9053311324238185,
      "NMC": 2.805187748927696,
      "NUCLEAR": 1.9562508544921875,
      "HERACOMB": 2.829064861621732,
      "DYE886": 1.4108054421164773,
      "CDF": 3.661858694893973,
      "D0": 1.9648202896118163,
      "ATLAS": 2.8629021344866072,
      "CMS": 2.434958786260886,
      "LHCb": 3.5420126914978027,
      "total": 2.439225435256958
    }
  },
  "6000": {
    "training_loss": 7723.17578125,
    "validation_loss": [
      2873.620361328125
    ],
    "validation_chi2s": {
      "DEUTERON": 1.909254690900964,
      "NMC": 2.796051922966452,
      "NUCLEAR": 1.9599013671875,
      "HERACOMB": 2.8247445299734477,
      "DYE886": 1.4143435738303445,
      "CDF": 3.5962535313197543,
      "D0": 1.9682439804077148,
      "ATLAS": 2.9108333914620537,
      "CMS": 2.425083848296619,
      "LHCb": 3.4854485988616943,
      "total": 2.4434256553649902
    }
  },
  "6100": {
    "training_loss": 7732.50146484375,
    "validation_loss": [
      2870.4345703125
    ],
    "validation_chi2s": {
      "DEUTERON": 1.9052880130597014,
      "NMC": 2.808831906786152,
      "NUCLEAR": 1.9591170654296874,
      "HERACOMB": 2.8344684675628065,
      "DYE886": 1.3992811549793591,
      "CDF": 3.67010498046875,
      "D0": 1.9207763671875,
      "ATLAS": 2.848326241629464,
      "CMS": 2.444801455638448,
      "LHCb": 3.5833747386932373,
      "total": 2.4408276081085205
    }
  },
  "6200": {
    "training_loss": 7703.92138671875,
    "validation_loss": [
      2882.8330078125
    ],
    "validation_chi2s": {
      "DEUTERON": 1.8828642736026897,
      "NMC": 2.79908722522212,
      "NUCLEAR": 1.9714691162109375,
      "HERACOMB": 2.8641840118208743,
      "DYE886": 1.4074608195911755,
      "CDF": 3.5118310110909596,
      "D0": 2.072747802734375,
      "ATLAS": 2.9177901785714284,
      "CMS": 2.449623232982198,
      "LHCb": 3.3254055976867676,
      "total": 2.451251268386841
    }
  },
  "6300": {
    "training_loss": 7703.67041015625,
    "validation_loss": [
      2875.32177734375
    ],
    "validation_chi2s": {
      "DEUTERON": 1.8913776150983364,
      "NMC": 2.8044684914981617,
      "NUCLEAR": 1.9694954833984375,
      "HERACOMB": 2.8560990476919934,
      "DYE886": 1.4167978113347834,
      "CDF": 3.574962615966797,
      "D0": 2.140235710144043,
      "ATLAS": 2.8721622140066962,
      "CMS": 2.4517934830462345,
      "LHCb": 3.3156368732452393,
      "total": 2.4447102546691895
    }
  },
  "6400": {
    "training_loss": 7700.2041015625,
    "validation_loss": [
      2873.56201171875
    ],
    "validation_chi2s": {
      "DEUTERON": 1.9269272533815298,
      "NMC": 2.8204893224379597,
      "NUCLEAR": 1.9574951171875,
      "HERACOMB": 2.827230416092218,
      "DYE886": 1.444116939197887,
      "CDF": 3.669255937848772,
      "D0": 1.985694122314453,
      "ATLAS": 2.8569803292410714,
      "CMS": 2.431208876312756,
      "LHCb": 3.5620388984680176,
      "total": 2.4434866905212402
    }
  },
  "6500": {
    "training_loss": 7688.37548828125,
    "validation_loss": [
      2886.0908203125
    ],
    "validation_chi2s": {
      "DEUTERON": 1.892217379897388,
      "NMC": 2.8020211014093137,
      "NUCLEAR": 1.97123193359375,
      "HERACOMB": 2.8716436647901347,
      "DYE886": 1.4092344804243608,
      "CDF": 3.537421907697405,
      "D0": 2.127681922912598,
      "ATLAS": 2.914698486328125,
      "CMS": 2.4434704389728483,
      "LHCb": 3.301065444946289,
      "total": 2.4537596702575684
    }
  },
  "6600": {
    "training_loss": 7682.64404296875,
    "validation_loss": [
      2881.86572265625
    ],
    "validation_chi2s": {
      "DEUTERON": 1.9003619293668377,
      "NMC": 2.80961638805913,
      "NUCLEAR": 1.9734658203125,
      "HERACOMB": 2.8569597231796364,
      "DYE886": 1.419934099370783,
      "CDF": 3.54558835710798,
      "D0": 2.0483066558837892,
      "ATLAS": 2.891077880859375,
      "CMS": 2.4452322037493595,
      "LHCb": 3.3744192123413086,
      "total": 2.4503726959228516
    }
  },
  "6700": {
    "training_loss": 7691.32470703125,
    "validation_loss": [
      2872.334716796875
    ],
    "validation_chi2s": {
      "DEUTERON": 1.938243505373523,
      "NMC": 2.828192018995098,
      "NUCLEAR": 1.9616953125,
      "HERACOMB": 2.822161705665339,
      "DYE886": 1.445865977894176,
      "CDF": 3.6547047751290456,
      "D0": 1.9822221755981446,
      "ATLAS": 2.842020263671875,
      "CMS": 2.4284307761270494,
      "LHCb": 3.551598072052002,
      "total": 2.4424469470977783
    }
  },
  "6800": {
    "training_loss": 7691.69287109375,
    "validation_loss": [
      2877.786376953125
    ],
    "validation_chi2s": {
      "DEUTERON": 1.9379178327114428,
      "NMC": 2.8317278693704044,
      "NUCLEAR": 1.9607012939453126,
      "HERACOMB": 2.8302907507404003,
      "DYE886": 1.421285629272461,
      "CDF": 3.645947047642299,
      "D0": 2.0248109817504885,
      "ATLAS": 2.8797017996651784,
      "CMS": 2.4241082863729506,
      "LHCb": 3.4638350009918213,
      "total": 2.4470694065093994
    }
  },
  "6900": {
    "training_loss": 7682.28466796875,
    "validation_loss": [
      2889.78076171875
    ],
    "validation_chi2s": {
      "DEUTERON": 1.9446376212200716,
      "NMC": 2.8255277147480085,
      "NUCLEAR": 1.9717833251953125,
      "HERACOMB": 2.841739031224469,
      "DYE886": 1.4629580757834695,
      "CDF": 3.6778776986258372,
      "D0": 1.8117280960083009,
      "ATLAS": 2.8736678641183038,
      "CMS": 2.4151753910252305,
      "LHCb": 3.708550453186035,
      "total": 2.457275867462158
    }
  },
  "7000": {
    "training_loss": 7678.5791015625,
    "validation_loss": [
      2876.62353515625
    ],
    "validation_chi2s": {
      "DEUTERON": 1.9454101258842507,
      "NMC": 2.8286761115579044,
      "NUCLEAR": 1.96551513671875,
      "HERACOMB": 2.8281993990630108,
      "DYE886": 1.4580743963068181,
      "CDF": 3.7049854823521207,
      "D0": 1.9275150299072266,
      "ATLAS": 2.8385330636160715,
      "CMS": 2.4231017065829916,
      "LHCb": 3.5895259380340576,
      "total": 2.446098566055298
    }
  },
  "7100": {
    "training_loss": 7671.4765625,
    "validation_loss": [
      2879.54150390625
    ],
    "validation_chi2s": {
      "DEUTERON": 1.937142291472326,
      "NMC": 2.82530990301394,
      "NUCLEAR": 1.969590576171875,
      "HERACOMB": 2.8418507295496322,
      "DYE886": 1.4722768610174006,
      "CDF": 3.6541410173688615,
      "D0": 1.955029296875,
      "ATLAS": 2.850591343470982,
      "CMS": 2.4183134485463627,
      "LHCb": 3.5200095176696777,
      "total": 2.448560953140259
    }
  },
  "7200": {
    "training_loss": 7668.138671875,
    "validation_loss": [
      2873.4833984375
    ],
    "validation_chi2s": {
      "DEUTERON": 1.9287531458916356,
      "NMC": 2.8261485380284928,
      "NUCLEAR": 1.9722642822265626,
      "HERACOMB": 2.837381200852737,
      "DYE886": 1.438185605135831,
      "CDF": 3.643535886492048,
      "D0": 2.094013786315918,
      "ATLAS": 2.8488462611607144,
      "CMS": 2.4255611232069674,
      "LHCb": 3.368455171585083,
      "total": 2.443418264389038
    }
  },
  "7300": {
    "training_loss": 7691.74169921875,
    "validation_loss": [
      2866.53173828125
    ],
    "validation_chi2s": {
      "DEUTERON": 1.9402644978233832,
      "NMC": 2.8365592208563113,
      "NUCLEAR": 1.97243798828125,
      "HERACOMB": 2.812579385595384,
      "DYE886": 1.4462411186911843,
      "CDF": 3.630180903843471,
      "D0": 2.0602540969848633,
      "ATLAS": 2.8543565150669643,
      "CMS": 2.4045207539542774,
      "LHCb": 3.356325149536133,
      "total": 2.437511920928955
    }
  },
  "7400": {
    "training_loss": 7647.91552734375,
    "validation_loss": [
      2875.7236328125
    ],
    "validation_chi2s": {
      "DEUTERON": 1.9224150548526897,
      "NMC": 2.8251824472464766,
      "NUCLEAR": 1.981453369140625,
      "HERACOMB": 2.852419186261744,
      "DYE886": 1.480564464222301,
      "CDF": 3.664571762084961,
      "D0": 2.1470495223999024,
      "ATLAS": 2.837682582310268,
      "CMS": 2.436548702052382,
      "LHCb": 3.2241709232330322,
      "total": 2.4450809955596924
    }
  },
  "7500": {
    "training_loss": 7689.181640625,
    "validation_loss": [
      2867.913330078125
    ],
    "validation_chi2s": {
      "DEUTERON": 1.9560984141791045,
      "NMC": 2.8415069580078125,
      "NUCLEAR": 1.971353515625,
      "HERACOMB": 2.8065420911203023,
      "DYE886": 1.4395699934525923,
      "CDF": 3.7305019923618863,
      "D0": 1.8733022689819336,
      "ATLAS": 2.8206302315848215,
      "CMS": 2.4163340584176485,
      "LHCb": 3.53830623626709,
      "total": 2.4386725425720215
    }
  },
  "7600": {
    "training_loss": 7644.1630859375,
    "validation_loss": [
      2868.8544921875
    ],
    "validation_chi2s": {
      "DEUTERON": 1.951493600114661,
      "NMC": 2.8485334807751226,
      "NUCLEAR": 1.9670283203125,
      "HERACOMB": 2.8106428158828636,
      "DYE886": 1.4467452656139026,
      "CDF": 3.6923561096191406,
      "D0": 1.9083122253417968,
      "ATLAS": 2.851996895926339,
      "CMS": 2.3974419265496927,
      "LHCb": 3.4733643531799316,
      "total": 2.439483165740967
    }
  },
  "7700": {
    "training_loss": 7637.9873046875,
    "validation_loss": [
      2884.0673828125
    ],
    "validation_chi2s": {
      "DEUTERON": 1.9269488130635883,
      "NMC": 2.8266858867570464,
      "NUCLEAR": 1.9853052978515624,
      "HERACOMB": 2.857565487132353,
      "DYE886": 1.4748425917191939,
      "CDF": 3.688612256731306,
      "D0": 1.8429502487182616,
      "ATLAS": 2.862711181640625,
      "CMS": 2.4190918969326334,
      "LHCb": 3.4067234992980957,
      "total": 2.4524097442626953
    }
  },
  "7800": {
    "training_loss": 7635.74072265625,
    "validation_loss": [
      2863.5537109375
    ],
    "validation_chi2s": {
      "DEUTERON": 1.9468429337686568,
      "NMC": 2.8441353592218137,
      "NUCLEAR": 1.974478759765625,
      "HERACOMB": 2.8130176020603552,
      "DYE886": 1.4716772599653765,
      "CDF": 3.6892318725585938,
      "D0": 1.799070167541504,
      "ATLAS": 2.8149741908482144,
      "CMS": 2.3929585941502305,
      "LHCb": 3.5008106231689453,
      "total": 2.434990644454956
    }
  },
  "7900": {
    "training_loss": 7638.88037109375,
    "validation_loss": [
      2882.116455078125
    ],
    "validation_chi2s": {
      "DEUTERON": 1.9257193038712686,
      "NMC": 2.829783420936734,
      "NUCLEAR": 1.981130126953125,
      "HERACOMB": 2.86119069616779,
      "DYE886": 1.4841714338822798,
      "CDF": 3.741583687918527,
      "D0": 1.7933486938476562,
      "ATLAS": 2.8635621861049105,
      "CMS": 2.3998303022540983,
      "LHCb": 3.4134750366210938,
      "total": 2.450770139694214
    }
  },
  "8000": {
    "training_loss": 7644.5390625,
    "validation_loss": [
      2870.623046875
    ],
    "validation_chi2s": {
      "DEUTERON": 1.948987059332245,
      "NMC": 2.8392755845013786,
      "NUCLEAR": 1.9779552001953125,
      "HERACOMB": 2.8210433261846406,
      "DYE886": 1.4747441031716086,
      "CDF": 3.906559535435268,
      "D0": 1.875356101989746,
      "ATLAS": 2.824289725167411,
      "CMS": 2.402676191486296,
      "LHCb": 3.450659990310669,
      "total": 2.4410030841827393
    }
  },
  "8100": {
    "training_loss": 7629.79638671875,
    "validation_loss": [
      2887.291259765625
    ],
    "validation_chi2s": {
      "DEUTERON": 1.9292528142976524,
      "NMC": 2.835300520354626,
      "NUCLEAR": 1.990736572265625,
      "HERACOMB": 2.861183914483762,
      "DYE886": 1.4811973571777344,
      "CDF": 3.784590584891183,
      "D0": 1.7487247467041016,
      "ATLAS": 2.8809090750558037,
      "CMS": 2.3857306808721823,
      "LHCb": 3.434823513031006,
      "total": 2.455173969268799
    }
  },
  "8200": {
    "training_loss": 7640.287109375,
    "validation_loss": [
      2870.6669921875
    ],
    "validation_chi2s": {
      "DEUTERON": 1.9478914630946829,
      "NMC": 2.838592529296875,
      "NUCLEAR": 1.9820352783203126,
      "HERACOMB": 2.8246775109783497,
      "DYE886": 1.4836654663085938,
      "CDF": 3.9719666072300504,
      "D0": 1.8618715286254883,
      "ATLAS": 2.8186593191964286,
      "CMS": 2.399539634829662,
      "LHCb": 3.4199881553649902,
      "total": 2.441042900085449
    }
  },
  "8300": {
    "training_loss": 7625.26513671875,
    "validation_loss": [
      2877.345458984375
    ],
    "validation_chi2s": {
      "DEUTERON": 1.9267836233869713,
      "NMC": 2.831660551183364,
      "NUCLEAR": 1.986912841796875,
      "HERACOMB": 2.8554914885876226,
      "DYE886": 1.4920682040127842,
      "CDF": 3.867663792201451,
      "D0": 1.818017578125,
      "ATLAS": 2.8517166573660715,
      "CMS": 2.396488627449411,
      "LHCb": 3.301109552383423,
      "total": 2.446720600128174
    }
  },
  "8400": {
    "training_loss": 7619.7880859375,
    "validation_loss": [
      2869.27490234375
    ],
    "validation_chi2s": {
      "DEUTERON": 1.9531644754741915,
      "NMC": 2.848857505648744,
      "NUCLEAR": 1.9776275634765625,
      "HERACOMB": 2.8233895893969567,
      "DYE886": 1.489032051780007,
      "CDF": 4.0543637956891745,
      "D0": 1.9622276306152344,
      "ATLAS": 2.8111129324776787,
      "CMS": 2.38799798684042,
      "LHCb": 3.405956506729126,
      "total": 2.439859390258789
    }
  },
  "8500": {
    "training_loss": 7624.4921875,
    "validation_loss": [
      2887.7177734375
    ],
    "validation_chi2s": {
      "DEUTERON": 1.9474476676675219,
      "NMC": 2.8441099279067097,
      "NUCLEAR": 1.97662890625,
      "HERACOMB": 2.8504347458384394,
      "DYE886": 1.5095379569313743,
      "CDF": 3.957395281110491,
      "D0": 1.826789093017578,
      "ATLAS": 2.866857386997768,
      "CMS": 2.390109202900871,
      "LHCb": 3.5114898681640625,
      "total": 2.4555418491363525
    }
  },
  "8600": {
    "training_loss": 7616.142578125,
    "validation_loss": [
      2885.4091796875
    ],
    "validation_chi2s": {
      "DEUTERON": 1.9264643275322606,
      "NMC": 2.84242218615962,
      "NUCLEAR": 1.9889259033203126,
      "HERACOMB": 2.8707413018918504,
      "DYE886": 1.48119440945712,
      "CDF": 3.814894539969308,
      "D0": 1.920743751525879,
      "ATLAS": 2.9142599051339286,
      "CMS": 2.360805323866547,
      "LHCb": 3.1572694778442383,
      "total": 2.45357608795166
    }
  },
  "8700": {
    "training_loss": 7616.4267578125,
    "validation_loss": [
      2884.109619140625
    ],
    "validation_chi2s": {
      "DEUTERON": 1.9408649805173352,
      "NMC": 2.830526314529718,
      "NUCLEAR": 1.9964517822265626,
      "HERACOMB": 2.849399142795139,
      "DYE886": 1.4803936698219993,
      "CDF": 4.077417101178851,
      "D0": 1.6645393371582031,
      "ATLAS": 2.8366714913504465,
      "CMS": 2.376790781490138,
      "LHCb": 3.576866626739502,
      "total": 2.452467203140259
    }
  },
  "8800": {
    "training_loss": 7630.2578125,
    "validation_loss": [
      2884.9951171875
    ],
    "validation_chi2s": {
      "DEUTERON": 1.9384422492032027,
      "NMC": 2.8420697380514706,
      "NUCLEAR": 1.9834208984375,
      "HERACOMB": 2.85290567236009,
      "DYE886": 1.4902277859774502,
      "CDF": 3.9596680232456754,
      "D0": 1.8477491378784179,
      "ATLAS": 2.882758265904018,
      "CMS": 2.376041850105661,
      "LHCb": 3.3822154998779297,
      "total": 2.453221082687378
    }
  },
  "8900": {
    "training_loss": 7617.2705078125,
    "validation_loss": [
      2881.18896484375
    ],
    "validation_chi2s": {
      "DEUTERON": 1.9373827882074004,
      "NMC": 2.8203328450520835,
      "NUCLEAR": 2.0091851806640624,
      "HERACOMB": 2.8517779181985294,
      "DYE886": 1.5518625432794744,
      "CDF": 4.287879398890904,
      "D0": 1.7967191696166993,
      "ATLAS": 2.7889072963169643,
      "CMS": 2.417576273933786,
      "LHCb": 3.3704521656036377,
      "total": 2.4499762058258057
    }
  },
  "9000": {
    "training_loss": 7619.474609375,
    "validation_loss": [
      2869.525390625
    ],
    "validation_chi2s": {
      "DEUTERON": 1.9451441219196983,
      "NMC": 2.8416409959980085,
      "NUCLEAR": 1.99313916015625,
      "HERACOMB": 2.828500585618362,
      "DYE886": 1.4981254230846057,
      "CDF": 4.108668463570731,
      "D0": 1.7812507629394532,
      "ATLAS": 2.8086474609375,
      "CMS": 2.384761622694672,
      "LHCb": 3.3698675632476807,
      "total": 2.440072536468506
    }
  },
  "9100": {
    "training_loss": 7610.8271484375,
    "validation_loss": [
      2883.2431640625
    ],
    "validation_chi2s": {
      "DEUTERON": 1.9272189164043065,
      "NMC": 2.8208130481196383,
      "NUCLEAR": 2.0093548583984373,
      "HERACOMB": 2.859438229230494,
      "DYE886": 1.530263207175515,
      "CDF": 4.09095709664481,
      "D0": 1.7664592742919922,
      "ATLAS": 2.836043701171875,
      "CMS": 2.4053955078125,
      "LHCb": 3.27970552444458,
      "total": 2.45173716545105
    }
  },
  "9200": {
    "training_loss": 7605.63037109375,
    "validation_loss": [
      2894.846435546875
    ],
    "validation_chi2s": {
      "DEUTERON": 1.9286025317747202,
      "NMC": 2.8317646699793197,
      "NUCLEAR": 1.9933104248046876,
      "HERACOMB": 2.882693621068219,
      "DYE886": 1.4787006378173828,
      "CDF": 3.9547435215541293,
      "D0": 1.7963306427001953,
      "ATLAS": 2.911367710658482,
      "CMS": 2.382833261958888,
      "LHCb": 3.249143362045288,
      "total": 2.461604118347168
    }
  },
  "9300": {
    "training_loss": 7610.98486328125,
    "validation_loss": [
      2885.2060546875
    ],
    "validation_chi2s": {
      "DEUTERON": 1.923909960694574,
      "NMC": 2.8137844310087314,
      "NUCLEAR": 2.0075172119140623,
      "HERACOMB": 2.8743728936887254,
      "DYE886": 1.5064978166060015,
      "CDF": 4.130041939871652,
      "D0": 1.7489740371704101,
      "ATLAS": 2.827731410435268,
      "CMS": 2.411746165791496,
      "LHCb": 3.279087781906128,
      "total": 2.453406810760498
    }
  },
  "9400": {
    "training_loss": 7617.14404296875,
    "validation_loss": [
      2882.10107421875
    ],
    "validation_chi2s": {
      "DEUTERON": 1.942108154296875,
      "NMC": 2.827137367398131,
      "NUCLEAR": 1.99236962890625,
      "HERACOMB": 2.8580180648105595,
      "DYE886": 1.5194088328968396,
      "CDF": 4.154336111886161,
      "D0": 1.8542652130126953,
      "ATLAS": 2.8147258649553573,
      "CMS": 2.4087649486103997,
      "LHCb": 3.3561952114105225,
      "total": 2.4507551193237305
    }
  },
  "9500": {
    "training_loss": 7607.00537109375,
    "validation_loss": [
      2887.321044921875
    ],
    "validation_chi2s": {
      "DEUTERON": 1.9216563666044777,
      "NMC": 2.825061274509804,
      "NUCLEAR": 2.0083935546875,
      "HERACOMB": 2.8712273890676063,
      "DYE886": 1.526027332652699,
      "CDF": 3.9899308340890065,
      "D0": 1.732408332824707,
      "ATLAS": 2.8647495814732142,
      "CMS": 2.393459882892546,
      "LHCb": 3.25419282913208,
      "total": 2.4552032947540283
    }
  },
  "9600": {
    "training_loss": 7603.99560546875,
    "validation_loss": [
      2912.447265625
    ],
    "validation_chi2s": {
      "DEUTERON": 1.958699999757074,
      "NMC": 2.821110444910386,
      "NUCLEAR": 1.994802490234375,
      "HERACOMB": 2.8849010592192608,
      "DYE886": 1.598280819979581,
      "CDF": 4.424352373395648,
      "D0": 1.8775362014770507,
      "ATLAS": 2.820958775111607,
      "CMS": 2.477382972592213,
      "LHCb": 3.5178945064544678,
      "total": 2.4765686988830566
    }
  },
  "9700": {
    "training_loss": 7610.84326171875,
    "validation_loss": [
      2882.313232421875
    ],
    "validation_chi2s": {
      "DEUTERON": 1.9468793726679106,
      "NMC": 2.833120907054228,
      "NUCLEAR": 1.993821533203125,
      "HERACOMB": 2.8496572457107843,
      "DYE886": 1.5104760256680576,
      "CDF": 4.014767783028739,
      "D0": 1.7921546936035155,
      "ATLAS": 2.8421524483816962,
      "CMS": 2.3945427566278177,
      "LHCb": 3.3526270389556885,
      "total": 2.45094633102417
    }
  },
  "9800": {
    "training_loss": 7616.4853515625,
    "validation_loss": [
      2878.45068359375
    ],
    "validation_chi2s": {
      "DEUTERON": 1.9284379494130908,
      "NMC": 2.824397965973499,
      "NUCLEAR": 2.005346923828125,
      "HERACOMB": 2.858545241013072,
      "DYE886": 1.502158598466353,
      "CDF": 4.076284408569336,
      "D0": 1.7210330963134766,
      "ATLAS": 2.8360440499441966,
      "CMS": 2.385367721807761,
      "LHCb": 3.2695095539093018,
      "total": 2.447661876678467
    }
  }
}