{
  "100": {
    "training_loss": 6032.5,
    "validation_loss": [
      4577.23046875
    ],
    "validation_chi2s": {
      "DEUTERON": 107.63165283203125,
      "ATLAS": 23.95627940784801,
      "total": 89.58402252197266
    }
  },
  "200": {
    "training_loss": 5933.15234375,
    "validation_loss": [
      4107.08935546875
    ],
    "validation_chi2s": {
      "DEUTERON": 95.06546020507812,
      "ATLAS": 25.516840154474433,
      "total": 80.06478118896484
    }
  },
  "300": {
    "training_loss": 5241.0048828125,
    "validation_loss": [
      4179.8359375
    ],
    "validation_chi2s": {
      "DEUTERON": 98.0115234375,
      "ATLAS": 22.959157770330254,
      "total": 81.82376098632812
    }
  },
  "400": {
    "training_loss": 5015.56103515625,
    "validation_loss": [
      3812.701416015625
    ],
    "validation_chi2s": {
      "DEUTERON": 89.40122680664062,
      "ATLAS": 21.12206892533736,
      "total": 74.67434692382812
    }
  },
  "500": {
    "training_loss": 4576.6953125,
    "validation_loss": [
      3721.826171875
    ],
    "validation_chi2s": {
      "DEUTERON": 87.09037475585937,
      "ATLAS": 21.46253828568892,
      "total": 72.93534851074219
    }
  },
  "600": {
    "training_loss": 4698.95654296875,
    "validation_loss": [
      3077.608154296875
    ],
    "validation_chi2s": {
      "DEUTERON": 70.91817626953124,
      "ATLAS": 21.744762073863637,
      "total": 60.3121452331543
    }
  },
  "700": {
    "training_loss": 4384.0,
    "validation_loss": [
      3034.759521484375
    ],
    "validation_chi2s": {
      "DEUTERON": 70.58043212890625,
      "ATLAS": 19.1211631081321,
      "total": 59.48137283325195
    }
  },
  "800": {
    "training_loss": 4264.9326171875,
    "validation_loss": [
      2911.146484375
    ],
    "validation_chi2s": {
      "DEUTERON": 67.8913330078125,
      "ATLAS": 17.6984336159446,
      "total": 57.06541442871094
    }
  },
  "900": {
    "training_loss": 4122.33447265625,
    "validation_loss": [
      2937.89453125
    ],
    "validation_chi2s": {
      "DEUTERON": 68.73414916992188,
      "ATLAS": 17.088227705522016,
      "total": 57.59483337402344
    }
  }
}