{
  "100": {
    "training_loss": 1231872.0,
    "validation_loss": [
      172874.046875
    ],
    "validation_chi2s": {
      "DEUTERON": 326.4287546641791,
      "NMC": 102.2911017922794,
      "NUCLEAR": 11.10850390625,
      "HERACOMB": 68.83720766952614,
      "DYE886": 24.731822620738637,
      "CDF": 23.644016810825892,
      "D0": 177.48616943359374,
      "ATLAS": 182.77817438936782,
      "CMS": 234.60534171747966,
      "LHCb": 159.93641662597656,
      "total": 138.54815673828125
    }
  },
  "200": {
    "training_loss": 21479.9609375,
    "validation_loss": [
      19252.158203125
    ],
    "validation_chi2s": {
      "DEUTERON": 55.86591456778607,
      "NMC": 4.168011833639706,
      "NUCLEAR": 5.48966015625,
      "HERACOMB": 6.529133715660744,
      "DYE886": 33.75834794477983,
      "CDF": 4.558881487165179,
      "D0": 2.971924591064453,
      "ATLAS": 13.960558661099139,
      "CMS": 5.328869827394563,
      "LHCb": 8.1439847946167,
      "total": 16.123689651489258
    }
  },
  "300": {
    "training_loss": 19231.533203125,
    "validation_loss": [
      8776.27734375
    ],
    "validation_chi2s": {
      "DEUTERON": 7.155110069768345,
      "NMC": 3.812398873123468,
      "NUCLEAR": 4.90421044921875,
      "HERACOMB": 6.261090446920956,
      "DYE886": 28.84398026899858,
      "CDF": 3.8393257686070035,
      "D0": 7.242092132568359,
      "ATLAS": 11.692107803520114,
      "CMS": 5.575534727515244,
      "LHCb": 8.548666000366211,
      "total": 7.229757308959961
    }
  },
  "400": {
    "training_loss": 18347.177734375,
    "validation_loss": [
      8229.189453125
    ],
    "validation_chi2s": {
      "DEUTERON": 6.055267485813122,
      "NMC": 3.6547722909964766,
      "NUCLEAR": 4.723400390625,
      "HERACOMB": 6.059422312219159,
      "DYE886": 25.40042669122869,
      "CDF": 3.432453155517578,
      "D0": 8.392909240722656,
      "ATLAS": 10.742259058459052,
      "CMS": 5.6254009463922765,
      "LHCb": 9.863875389099121,
      "total": 6.787435054779053
    }
  },
  "500": {
    "training_loss": 17608.59375,
    "validation_loss": [
      7968.81103515625
    ],
    "validation_chi2s": {
      "DEUTERON": 6.309932879547574,
      "NMC": 3.5382032207414214,
      "NUCLEAR": 4.74411328125,
      "HERACOMB": 5.622235466452206,
      "DYE886": 23.659224076704547,
      "CDF": 3.093693324497768,
      "D0": 7.709568786621094,
      "ATLAS": 10.274643470501077,
      "CMS": 5.324438575806656,
      "LHCb": 10.53277587890625,
      "total": 6.593685626983643
    }
  },
  "600": {
    "training_loss": 16964.431640625,
    "validation_loss": [
      8945.3369140625
    ],
    "validation_chi2s": {
      "DEUTERON": 12.949900157416044,
      "NMC": 3.3825360466452206,
      "NUCLEAR": 4.97037158203125,
      "HERACOMB": 5.094780417049632,
      "DYE886": 21.917510986328125,
      "CDF": 2.7458774021693637,
      "D0": 6.771923065185547,
      "ATLAS": 9.663595966909124,
      "CMS": 4.869694407393292,
      "LHCb": 10.776543617248535,
      "total": 7.458714485168457
    }
  },
  "700": {
    "training_loss": 16646.1865234375,
    "validation_loss": [
      7410.517578125
    ],
    "validation_chi2s": {
      "DEUTERON": 6.8576617644200875,
      "NMC": 3.219472847732843,
      "NUCLEAR": 5.45703369140625,
      "HERACOMB": 4.567431481055964,
      "DYE886": 19.755792791193183,
      "CDF": 2.431770052228655,
      "D0": 6.566439819335938,
      "ATLAS": 8.98754251414332,
      "CMS": 4.378037863630589,
      "LHCb": 11.35041332244873,
      "total": 6.196712970733643
    }
  },
  "800": {
    "training_loss": 13310.0,
    "validation_loss": [
      8419.546875
    ],
    "validation_chi2s": {
      "DEUTERON": 17.17730075209888,
      "NMC": 2.8580621457567403,
      "NUCLEAR": 4.7889970703125,
      "HERACOMB": 3.939005134931577,
      "DYE886": 5.61923564564098,
      "CDF": 2.4191954476492747,
      "D0": 6.469668579101563,
      "ATLAS": 6.956507189520474,
      "CMS": 3.9813197686420225,
      "LHCb": 14.103879928588867,
      "total": 7.106884479522705
    }
  },
  "900": {
    "training_loss": 9650.486328125,
    "validation_loss": [
      3645.55419921875
    ],
    "validation_chi2s": {
      "DEUTERON": 3.6604954354205534,
      "NMC": 2.3801701863606772,
      "NUCLEAR": 2.71388916015625,
      "HERACOMB": 2.5487804537505108,
      "DYE886": 3.130645058371804,
      "CDF": 1.8291687284197127,
      "D0": 2.515830230712891,
      "ATLAS": 3.765911935389727,
      "CMS": 3.124513455522739,
      "LHCb": 4.29529333114624,
      "total": 3.0607292652130127
    }
  },
  "1000": {
    "training_loss": 8921.7841796875,
    "validation_loss": [
      3287.68505859375
    ],
    "validation_chi2s": {
      "DEUTERON": 3.857650529092817,
      "NMC": 2.133764379164752,
      "NUCLEAR": 2.298828857421875,
      "HERACOMB": 2.3694218654258576,
      "DYE886": 2.01234938881614,
      "CDF": 2.063199724469866,
      "D0": 2.0234790802001954,
      "ATLAS": 3.0004546066810347,
      "CMS": 3.0732751861820375,
      "LHCb": 2.5931520462036133,
      "total": 2.7601888179779053
    }
  },
  "1100": {
    "training_loss": 8545.1123046875,
    "validation_loss": [
      3253.3642578125
    ],
    "validation_chi2s": {
      "DEUTERON": 3.7720935119325247,
      "NMC": 2.058910743862975,
      "NUCLEAR": 2.2722470703125,
      "HERACOMB": 2.387142405790441,
      "DYE886": 2.3293642564253374,
      "CDF": 2.2491701671055386,
      "D0": 1.9075351715087892,
      "ATLAS": 2.8885641865346625,
      "CMS": 3.185442668635671,
      "LHCb": 2.1511406898498535,
      "total": 2.7304799556732178
    }
  },
  "1200": {
    "training_loss": 8474.2958984375,
    "validation_loss": [
      3157.78173828125
    ],
    "validation_chi2s": {
      "DEUTERON": 3.4374134576142725,
      "NMC": 2.0485971488204657,
      "NUCLEAR": 2.224295654296875,
      "HERACOMB": 2.390951917062398,
      "DYE886": 2.2351273623379795,
      "CDF": 2.296248299734933,
      "D0": 1.9443323135375976,
      "ATLAS": 2.844617997092762,
      "CMS": 3.170122844416921,
      "LHCb": 2.064894199371338,
      "total": 2.652005910873413
    }
  },
  "1300": {
    "training_loss": 8457.5732421875,
    "validation_loss": [
      345369.46875
    ],
    "validation_chi2s": {
      "DEUTERON": 1706.1043221393036,
      "NMC": 2.048048879586014,
      "NUCLEAR": 2.1842646484375,
      "HERACOMB": 2.3858052172691995,
      "DYE886": 2.111998124556108,
      "CDF": 2.3099357060023715,
      "D0": 1.990526008605957,
      "ATLAS": 2.821216451710668,
      "CMS": 3.1412050820947663,
      "LHCb": 2.110490322113037,
      "total": 293.652099609375
    }
  },
  "1400": {
    "training_loss": 8398.0498046875,
    "validation_loss": [
      3201.2158203125
    ],
    "validation_chi2s": {
      "DEUTERON": 3.8202162405744713,
      "NMC": 2.05719861797258,
      "NUCLEAR": 2.168801025390625,
      "HERACOMB": 2.3869136236851514,
      "DYE886": 2.1490050229159268,
      "CDF": 2.3131076267787387,
      "D0": 1.9556545257568358,
      "ATLAS": 2.7984264856097343,
      "CMS": 3.1456197102864585,
      "LHCb": 2.112356185913086,
      "total": 2.6954386234283447
    }
  },
  "1500": {
    "training_loss": 8418.69921875,
    "validation_loss": [
      3479.754638671875
    ],
    "validation_chi2s": {
      "DEUTERON": 5.3580346558224505,
      "NMC": 2.066653382544424,
      "NUCLEAR": 2.144585693359375,
      "HERACOMB": 2.354690452027165,
      "DYE886": 2.08447265625,
      "CDF": 2.324477876935686,
      "D0": 1.7892158508300782,
      "ATLAS": 2.739591927363955,
      "CMS": 3.1536964478531506,
      "LHCb": 2.1510519981384277,
      "total": 2.9357950687408447
    }
  },
  "1600": {
    "training_loss": 8352.5751953125,
    "validation_loss": [
      3385.66064453125
    ],
    "validation_chi2s": {
      "DEUTERON": 4.887678611337842,
      "NMC": 2.0835993149701286,
      "NUCLEAR": 2.131677978515625,
      "HERACOMB": 2.350399840111826,
      "DYE886": 2.0915184020996094,
      "CDF": 2.307539258684431,
      "D0": 1.7215307235717774,
      "ATLAS": 2.738080605693247,
      "CMS": 3.2229160215796493,
      "LHCb": 2.1456093788146973,
      "total": 2.8586008548736572
    }
  },
  "1700": {
    "training_loss": 8343.2216796875,
    "validation_loss": [
      3739.40673828125
    ],
    "validation_chi2s": {
      "DEUTERON": 6.698806990438433,
      "NMC": 2.0849337110332415,
      "NUCLEAR": 2.122291748046875,
      "HERACOMB": 2.3518116271573732,
      "DYE886": 2.0700721740722656,
      "CDF": 2.274144717625209,
      "D0": 1.717293930053711,
      "ATLAS": 2.727122515097432,
      "CMS": 3.1699804290523375,
      "LHCb": 2.224263906478882,
      "total": 3.1609315872192383
    }
  },
  "1800": {
    "training_loss": 8300.6220703125,
    "validation_loss": [
      17668.48046875
    ],
    "validation_chi2s": {
      "DEUTERON": 75.99934895833333,
      "NMC": 2.0857988245346966,
      "NUCLEAR": 2.111043701171875,
      "HERACOMB": 2.350778218188317,
      "DYE886": 2.0527267456054688,
      "CDF": 2.256093842642648,
      "D0": 1.707151222229004,
      "ATLAS": 2.7293113620801903,
      "CMS": 3.189231066199822,
      "LHCb": 2.2746129035949707,
      "total": 15.006235122680664
    }
  },
  "1900": {
    "training_loss": 8354.3994140625,
    "validation_loss": [
      3096.436767578125
    ],
    "validation_chi2s": {
      "DEUTERON": 3.614017923079913,
      "NMC": 2.0717254339479934,
      "NUCLEAR": 2.10858837890625,
      "HERACOMB": 2.329907585592831,
      "DYE886": 2.0651311007413,
      "CDF": 2.281879425048828,
      "D0": 1.6472219467163085,
      "ATLAS": 2.665916179788524,
      "CMS": 3.185661253890371,
      "LHCb": 2.1873674392700195,
      "total": 2.6154372692108154
    }
  },
  "2000": {
    "training_loss": 8368.359375,
    "validation_loss": [
      3021.83984375
    ],
    "validation_chi2s": {
      "DEUTERON": 3.230639405511505,
      "NMC": 2.0633413277420343,
      "NUCLEAR": 2.106380615234375,
      "HERACOMB": 2.336489808325674,
      "DYE886": 2.0791331204501065,
      "CDF": 2.2620319638933455,
      "D0": 1.6520757675170898,
      "ATLAS": 2.679052067899156,
      "CMS": 3.1752160545287094,
      "LHCb": 2.2035880088806152,
      "total": 2.5522680282592773
    }
  },
  "2100": {
    "training_loss": 8321.98046875,
    "validation_loss": [
      3047.04736328125
    ],
    "validation_chi2s": {
      "DEUTERON": 3.19836668707245,
      "NMC": 2.067093344295726,
      "NUCLEAR": 2.092487548828125,
      "HERACOMB": 2.3675160127527572,
      "DYE886": 2.069717060435902,
      "CDF": 2.2018540246146068,
      "D0": 1.7478321075439454,
      "ATLAS": 2.792060238191451,
      "CMS": 3.188900086937881,
      "LHCb": 2.37729811668396,
      "total": 2.575192928314209
    }
  },
  "2200": {
    "training_loss": 8304.9072265625,
    "validation_loss": [
      3050.727294921875
    ],
    "validation_chi2s": {
      "DEUTERON": 3.213209161710976,
      "NMC": 2.063255459654565,
      "NUCLEAR": 2.095046875,
      "HERACOMB": 2.360360538258272,
      "DYE886": 2.0768774205988105,
      "CDF": 2.2010673795427596,
      "D0": 1.680183219909668,
      "ATLAS": 2.797236124674479,
      "CMS": 3.249375754255589,
      "LHCb": 2.2115368843078613,
      "total": 2.5783801078796387
    }
  },
  "2300": {
    "training_loss": 8284.3662109375,
    "validation_loss": [
      3034.84619140625
    ],
    "validation_chi2s": {
      "DEUTERON": 3.134589199996113,
      "NMC": 2.0558793311025583,
      "NUCLEAR": 2.090869384765625,
      "HERACOMB": 2.358221315870098,
      "DYE886": 2.071509274569425,
      "CDF": 2.191746303013393,
      "D0": 1.697021484375,
      "ATLAS": 2.8144145395563935,
      "CMS": 3.2323861471036586,
      "LHCb": 2.255882978439331,
      "total": 2.565136671066284
    }
  },
  "2400": {
    "training_loss": 8275.0244140625,
    "validation_loss": [
      3030.161865234375
    ],
    "validation_chi2s": {
      "DEUTERON": 3.124450987251244,
      "NMC": 2.0426952885646448,
      "NUCLEAR": 2.0876416015625,
      "HERACOMB": 2.3506854686861725,
      "DYE886": 2.066225051879883,
      "CDF": 2.1927309036254883,
      "D0": 1.695282554626465,
      "ATLAS": 2.8169541632992097,
      "CMS": 3.241554322281504,
      "LHCb": 2.2651827335357666,
      "total": 2.5616652965545654
    }
  },
  "2500": {
    "training_loss": 8280.1572265625,
    "validation_loss": [
      3019.791259765625
    ],
    "validation_chi2s": {
      "DEUTERON": 3.1052240020600124,
      "NMC": 2.0385270960190716,
      "NUCLEAR": 2.089056884765625,
      "HERACOMB": 2.3531141094132964,
      "DYE886": 2.091236114501953,
      "CDF": 2.1921389443533763,
      "D0": 1.6846416473388672,
      "ATLAS": 2.7981434087643677,
      "CMS": 3.213969905201982,
      "LHCb": 2.212909460067749,
      "total": 2.5524139404296875
    }
  },
  "2600": {
    "training_loss": 8271.2451171875,
    "validation_loss": [
      3022.1328125
    ],
    "validation_chi2s": {
      "DEUTERON": 3.1288166710393344,
      "NMC": 2.0332034241919423,
      "NUCLEAR": 2.086512939453125,
      "HERACOMB": 2.3535991992825775,
      "DYE886": 2.0864474556662818,
      "CDF": 2.192692075456892,
      "D0": 1.6896654129028321,
      "ATLAS": 2.797754923502604,
      "CMS": 3.2060457555259148,
      "LHCb": 2.2103919982910156,
      "total": 2.554802417755127
    }
  },
  "2700": {
    "training_loss": 8269.203125,
    "validation_loss": [
      3025.002197265625
    ],
    "validation_chi2s": {
      "DEUTERON": 3.144149856187811,
      "NMC": 2.028079163794424,
      "NUCLEAR": 2.0844765625,
      "HERACOMB": 2.3507734311172386,
      "DYE886": 2.0884647369384766,
      "CDF": 2.190938268389021,
      "D0": 1.6902473449707032,
      "ATLAS": 2.8064957541980964,
      "CMS": 3.2073540416190296,
      "LHCb": 2.2092478275299072,
      "total": 2.557464361190796
    }
  },
  "2800": {
    "training_loss": 8266.7431640625,
    "validation_loss": [
      3029.55126953125
    ],
    "validation_chi2s": {
      "DEUTERON": 3.176133492692786,
      "NMC": 2.0242195877374387,
      "NUCLEAR": 2.081967041015625,
      "HERACOMB": 2.3493516710069446,
      "DYE886": 2.084718357432972,
      "CDF": 2.1904382705688477,
      "D0": 1.6931892395019532,
      "ATLAS": 2.8080942438936782,
      "CMS": 3.20369987177655,
      "LHCb": 2.2113239765167236,
      "total": 2.561722993850708
    }
  },
  "2900": {
    "training_loss": 8263.71875,
    "validation_loss": [
      3035.96630859375
    ],
    "validation_chi2s": {
      "DEUTERON": 3.1968945555425994,
      "NMC": 2.0230793672449447,
      "NUCLEAR": 2.07880029296875,
      "HERACOMB": 2.3545733682470384,
      "DYE886": 2.0825219587846235,
      "CDF": 2.1863921029227122,
      "D0": 1.7058889389038085,
      "ATLAS": 2.8190353218166306,
      "CMS": 3.1998764906472306,
      "LHCb": 2.226667642593384,
      "total": 2.5675864219665527
    }
  },
  "3000": {
    "training_loss": 8261.7666015625,
    "validation_loss": [
      3062.931640625
    ],
    "validation_chi2s": {
      "DEUTERON": 3.320251161186256,
      "NMC": 2.0220870971679688,
      "NUCLEAR": 2.074355712890625,
      "HERACOMB": 2.3574470071231617,
      "DYE886": 2.071224732832475,
      "CDF": 2.180809429713658,
      "D0": 1.7246952056884766,
      "ATLAS": 2.83416712969199,
      "CMS": 3.192531430624365,
      "LHCb": 2.2749722003936768,
      "total": 2.5911309719085693
    }
  },
  "3100": {
    "training_loss": 8261.779296875,
    "validation_loss": [
      3031.33056640625
    ],
    "validation_chi2s": {
      "DEUTERON": 3.2078152936489426,
      "NMC": 2.0140970267501532,
      "NUCLEAR": 2.07686376953125,
      "HERACOMB": 2.3445388694214664,
      "DYE886": 2.095389626242898,
      "CDF": 2.1915993009294783,
      "D0": 1.6819540023803712,
      "ATLAS": 2.8109632470141883,
      "CMS": 3.200491060086382,
      "LHCb": 2.196028709411621,
      "total": 2.564145565032959
    }
  },
  "3200": {
    "training_loss": 8244.5380859375,
    "validation_loss": [
      3040.807861328125
    ],
    "validation_chi2s": {
      "DEUTERON": 3.1967217744286383,
      "NMC": 2.0174087823606004,
      "NUCLEAR": 2.075422607421875,
      "HERACOMB": 2.3658491147109886,
      "DYE886": 2.1141475330699575,
      "CDF": 2.1861534118652344,
      "D0": 1.7260072708129883,
      "ATLAS": 2.8380342680832435,
      "CMS": 3.191692569391514,
      "LHCb": 2.2190592288970947,
      "total": 2.5720365047454834
    }
  },
  "3300": {
    "training_loss": 8240.50390625,
    "validation_loss": [
      3052.831298828125
    ],
    "validation_chi2s": {
      "DEUTERON": 3.23456934079602,
      "NMC": 2.0184308220358456,
      "NUCLEAR": 2.071194091796875,
      "HERACOMB": 2.3723641189874387,
      "DYE886": 2.102446295998313,
      "CDF": 2.1822428022112166,
      "D0": 1.7578466415405274,
      "ATLAS": 2.8579262919809625,
      "CMS": 3.1872767006478657,
      "LHCb": 2.2584500312805176,
      "total": 2.582927703857422
    }
  },
  "3400": {
    "training_loss": 8237.1826171875,
    "validation_loss": [
      3077.88818359375
    ],
    "validation_chi2s": {
      "DEUTERON": 3.3479775196284205,
      "NMC": 2.0187789318608305,
      "NUCLEAR": 2.068931396484375,
      "HERACOMB": 2.3768051247191586,
      "DYE886": 2.102972550825639,
      "CDF": 2.1795155661446706,
      "D0": 1.7741701126098632,
      "ATLAS": 2.866838301735363,
      "CMS": 3.1830995141006095,
      "LHCb": 2.2811508178710938,
      "total": 2.604632616043091
    }
  },
  "3500": {
    "training_loss": 8235.8017578125,
    "validation_loss": [
      3106.87255859375
    ],
    "validation_chi2s": {
      "DEUTERON": 3.489590621113184,
      "NMC": 2.0158703373927698,
      "NUCLEAR": 2.069099853515625,
      "HERACOMB": 2.375455569597631,
      "DYE886": 2.111381010575728,
      "CDF": 2.176394462585449,
      "D0": 1.7636163711547852,
      "ATLAS": 2.8730917744252875,
      "CMS": 3.186881957015371,
      "LHCb": 2.2713661193847656,
      "total": 2.6294991970062256
    }
  },
  "3600": {
    "training_loss": 8233.3642578125,
    "validation_loss": [
      3041.8173828125
    ],
    "validation_chi2s": {
      "DEUTERON": 3.2096812689482275,
      "NMC": 2.0080754897173714,
      "NUCLEAR": 2.07437890625,
      "HERACOMB": 2.363491482204861,
      "DYE886": 2.1694759022105825,
      "CDF": 2.181249346051897,
      "D0": 1.7138336181640625,
      "ATLAS": 2.8420376832457794,
      "CMS": 3.1913075020642783,
      "LHCb": 2.1990718841552734,
      "total": 2.5739221572875977
    }
  },
  "3700": {
    "training_loss": 8229.5126953125,
    "validation_loss": [
      3050.009521484375
    ],
    "validation_chi2s": {
      "DEUTERON": 3.2889762612717663,
      "NMC": 2.0016386742685355,
      "NUCLEAR": 2.0773916015625,
      "HERACOMB": 2.3544632656122344,
      "DYE886": 2.1864840767600318,
      "CDF": 2.1879663467407227,
      "D0": 1.6844951629638671,
      "ATLAS": 2.8119099934895835,
      "CMS": 3.19173698115155,
      "LHCb": 2.1838836669921875,
      "total": 2.5807695388793945
    }
  },
  "3800": {
    "training_loss": 8222.623046875,
    "validation_loss": [
      3090.731201171875
    ],
    "validation_chi2s": {
      "DEUTERON": 3.3411309541161383,
      "NMC": 2.0235079597024357,
      "NUCLEAR": 2.06360791015625,
      "HERACOMB": 2.3998706294041052,
      "DYE886": 2.112679048018022,
      "CDF": 2.1701854978288924,
      "D0": 1.8273124694824219,
      "ATLAS": 2.909674808896821,
      "CMS": 3.1810754295287094,
      "LHCb": 2.3512330055236816,
      "total": 2.6171491146087646
    }
  },
  "3900": {
    "training_loss": 8229.87109375,
    "validation_loss": [
      3072.898193359375
    ],
    "validation_chi2s": {
      "DEUTERON": 3.420254683613184,
      "NMC": 1.9985195982689952,
      "NUCLEAR": 2.07730126953125,
      "HERACOMB": 2.3500962600209356,
      "DYE886": 2.1955481442538174,
      "CDF": 2.178175245012556,
      "D0": 1.6708856582641602,
      "ATLAS": 2.8071141736260774,
      "CMS": 3.1888725466844514,
      "LHCb": 2.1909067630767822,
      "total": 2.6010942459106445
    }
  },
  "4000": {
    "training_loss": 8228.435546875,
    "validation_loss": [
      3195.654296875
    ],
    "validation_chi2s": {
      "DEUTERON": 3.9804432427705225,
      "NMC": 2.0000788370768228,
      "NUCLEAR": 2.07468017578125,
      "HERACOMB": 2.3604084089690565,
      "DYE886": 2.200303164395419,
      "CDF": 2.1653289794921875,
      "D0": 1.6926898956298828,
      "ATLAS": 2.854851733679059,
      "CMS": 3.185728243696011,
      "LHCb": 2.2082314491271973,
      "total": 2.706437826156616
    }
  },
  "4100": {
    "training_loss": 8223.33984375,
    "validation_loss": [
      3086.324462890625
    ],
    "validation_chi2s": {
      "DEUTERON": 3.325243594041511,
      "NMC": 2.017526813581878,
      "NUCLEAR": 2.06542431640625,
      "HERACOMB": 2.3912652707567403,
      "DYE886": 2.1406444202769888,
      "CDF": 2.154773030962263,
      "D0": 1.7808218002319336,
      "ATLAS": 2.9302387456784302,
      "CMS": 3.1818574734819616,
      "LHCb": 2.3386118412017822,
      "total": 2.615138292312622
    }
  },
  "4200": {
    "training_loss": 8221.1318359375,
    "validation_loss": [
      4550.4580078125
    ],
    "validation_chi2s": {
      "DEUTERON": 10.804738514458956,
      "NMC": 1.9972012089748008,
      "NUCLEAR": 2.082443603515625,
      "HERACOMB": 2.346832674313215,
      "DYE886": 2.1958758614280005,
      "CDF": 2.1751388822283064,
      "D0": 1.6452421188354491,
      "ATLAS": 2.776067799535291,
      "CMS": 3.17782692017594,
      "LHCb": 2.2356953620910645,
      "total": 3.8586649894714355
    }
  },
  "4300": {
    "training_loss": 8258.0078125,
    "validation_loss": [
      25197.201171875
    ],
    "validation_chi2s": {
      "DEUTERON": 113.34705379353234,
      "NMC": 2.011905744964001,
      "NUCLEAR": 2.088079345703125,
      "HERACOMB": 2.356313269122753,
      "DYE886": 2.19875769181685,
      "CDF": 2.1173971721104214,
      "D0": 1.7050724029541016,
      "ATLAS": 2.943804861485273,
      "CMS": 3.179659215415396,
      "LHCb": 2.4420735836029053,
      "total": 21.420177459716797
    }
  },
  "4400": {
    "training_loss": 8032.5546875,
    "validation_loss": [
      2752.556884765625
    ],
    "validation_chi2s": {
      "DEUTERON": 2.124106184167055,
      "NMC": 1.9669295666264552,
      "NUCLEAR": 2.033420654296875,
      "HERACOMB": 2.282388325610192,
      "DYE886": 2.593937787142667,
      "CDF": 2.226058006286621,
      "D0": 1.7551359176635741,
      "ATLAS": 2.688927486025054,
      "CMS": 3.1518160191977898,
      "LHCb": 2.255925416946411,
      "total": 2.3401031494140625
    }
  },
  "4500": {
    "training_loss": 8013.8212890625,
    "validation_loss": [
      2786.65283203125
    ],
    "validation_chi2s": {
      "DEUTERON": 2.1011557507870804,
      "NMC": 1.968269048952589,
      "NUCLEAR": 2.0298372802734375,
      "HERACOMB": 2.3309465794781454,
      "DYE886": 2.4633678089488638,
      "CDF": 2.178589412144252,
      "D0": 1.9579975128173828,
      "ATLAS": 2.8369733437724496,
      "CMS": 3.1482930997522867,
      "LHCb": 2.2724618911743164,
      "total": 2.369097948074341
    }
  },
  "4600": {
    "training_loss": 7996.10400390625,
    "validation_loss": [
      2749.645751953125
    ],
    "validation_chi2s": {
      "DEUTERON": 2.1446918848142102,
      "NMC": 1.981876896876915,
      "NUCLEAR": 2.031285888671875,
      "HERACOMB": 2.2658150866140727,
      "DYE886": 2.443479537963867,
      "CDF": 2.218076297215053,
      "D0": 1.7836761474609375,
      "ATLAS": 2.7024322158988867,
      "CMS": 3.1564363309038366,
      "LHCb": 2.205050468444824,
      "total": 2.3379812240600586
    }
  },
  "4700": {
    "training_loss": 7995.56640625,
    "validation_loss": [
      2742.7314453125
    ],
    "validation_chi2s": {
      "DEUTERON": 2.146599461190143,
      "NMC": 1.979139290603937,
      "NUCLEAR": 2.0325391845703127,
      "HERACOMB": 2.2718912760416665,
      "DYE886": 2.406673951582475,
      "CDF": 2.2335495267595564,
      "D0": 1.7897882461547852,
      "ATLAS": 2.663183102662536,
      "CMS": 3.1402163621855945,
      "LHCb": 2.2109055519104004,
      "total": 2.3321471214294434
    }
  },
  "4800": {
    "training_loss": 8031.4677734375,
    "validation_loss": [
      2753.5107421875
    ],
    "validation_chi2s": {
      "DEUTERON": 2.1111911754703048,
      "NMC": 1.972082399854473,
      "NUCLEAR": 2.0286656494140627,
      "HERACOMB": 2.2992071014603757,
      "DYE886": 2.4198441938920454,
      "CDF": 2.2066443307059154,
      "D0": 1.9353803634643554,
      "ATLAS": 2.7170732870869254,
      "CMS": 3.0589125718527694,
      "LHCb": 2.5202994346618652,
      "total": 2.3412866592407227
    }
  },
  "4900": {
    "training_loss": 7988.50634765625,
    "validation_loss": [
      2782.062255859375
    ],
    "validation_chi2s": {
      "DEUTERON": 2.102031043512904,
      "NMC": 1.9768350638595282,
      "NUCLEAR": 2.0322408447265623,
      "HERACOMB": 2.3405833524816178,
      "DYE886": 2.3733881170099433,
      "CDF": 2.172085762023926,
      "D0": 2.108168029785156,
      "ATLAS": 2.824358885315643,
      "CMS": 3.090003036871189,
      "LHCb": 2.307063341140747,
      "total": 2.365170955657959
    }
  },
  "5000": {
    "training_loss": 7987.45166015625,
    "validation_loss": [
      2738.002197265625
    ],
    "validation_chi2s": {
      "DEUTERON": 2.1621408035506064,
      "NMC": 1.9739755368700214,
      "NUCLEAR": 2.0357705078125,
      "HERACOMB": 2.2773301866319446,
      "DYE886": 2.3661989732222124,
      "CDF": 2.2187978199550082,
      "D0": 1.8760305404663087,
      "ATLAS": 2.646388086779364,
      "CMS": 3.0775010023659806,
      "LHCb": 2.2322826385498047,
      "total": 2.3281073570251465
    }
  },
  "5100": {
    "training_loss": 7992.42724609375,
    "validation_loss": [
      2771.12255859375
    ],
    "validation_chi2s": {
      "DEUTERON": 2.098227581574549,
      "NMC": 1.9758007573146446,
      "NUCLEAR": 2.03506787109375,
      "HERACOMB": 2.3494246738408906,
      "DYE886": 2.3751487731933594,
      "CDF": 2.181838171822684,
      "D0": 2.106491470336914,
      "ATLAS": 2.7574440090135597,
      "CMS": 3.077612900152439,
      "LHCb": 2.285132646560669,
      "total": 2.355661153793335
    }
  },
  "5200": {
    "training_loss": 7982.91455078125,
    "validation_loss": [
      2764.32861328125
    ],
    "validation_chi2s": {
      "DEUTERON": 2.144243230867149,
      "NMC": 1.9590519923789829,
      "NUCLEAR": 2.0357689208984375,
      "HERACOMB": 2.3158583298228144,
      "DYE886": 2.3855016881769355,
      "CDF": 2.1828681400844028,
      "D0": 2.1087717056274413,
      "ATLAS": 2.7325157077833153,
      "CMS": 3.0661152165110517,
      "LHCb": 2.315805673599243,
      "total": 2.3503775596618652
    }
  },
  "5300": {
    "training_loss": 7980.38818359375,
    "validation_loss": [
      2757.54248046875
    ],
    "validation_chi2s": {
      "DEUTERON": 2.1546044800412,
      "NMC": 1.961298475078508,
      "NUCLEAR": 2.0372901611328125,
      "HERACOMB": 2.3177450342116015,
      "DYE886": 2.3374082391912285,
      "CDF": 2.1925698689052036,
      "D0": 2.1141641616821287,
      "ATLAS": 2.6908127357219827,
      "CMS": 3.049574937277693,
      "LHCb": 2.32574462890625,
      "total": 2.3446342945098877
    }
  },
  "5400": {
    "training_loss": 7986.07958984375,
    "validation_loss": [
      2747.941650390625
    ],
    "validation_chi2s": {
      "DEUTERON": 2.14287889774759,
      "NMC": 1.987274169921875,
      "NUCLEAR": 2.0403292236328125,
      "HERACOMB": 2.282088934206495,
      "DYE886": 2.360407742587003,
      "CDF": 2.1950179508754184,
      "D0": 1.872715950012207,
      "ATLAS": 2.688466214585578,
      "CMS": 3.0956922081427845,
      "LHCb": 2.2738966941833496,
      "total": 2.3365819454193115
    }
  },
  "5500": {
    "training_loss": 7979.81494140625,
    "validation_loss": [
      2747.28515625
    ],
    "validation_chi2s": {
      "DEUTERON": 2.148751330019823,
      "NMC": 1.9899266560872395,
      "NUCLEAR": 2.0362142333984377,
      "HERACOMB": 2.2715799169602735,
      "DYE886": 2.3772423484108667,
      "CDF": 2.195354325430734,
      "D0": 1.8264102935791016,
      "ATLAS": 2.701875357792295,
      "CMS": 3.09686279296875,
      "LHCb": 2.2709715366363525,
      "total": 2.336041212081909
    }
  },
  "5600": {
    "training_loss": 7981.70068359375,
    "validation_loss": [
      2773.929931640625
    ],
    "validation_chi2s": {
      "DEUTERON": 2.1236636033698693,
      "NMC": 1.9691643808402268,
      "NUCLEAR": 2.0371024169921874,
      "HERACOMB": 2.3341962028952206,
      "DYE886": 2.379598790949041,
      "CDF": 2.159482683454241,
      "D0": 2.126698303222656,
      "ATLAS": 2.7811196864336387,
      "CMS": 3.070385692565422,
      "LHCb": 2.2691619396209717,
      "total": 2.3586254119873047
    }
  },
  "5700": {
    "training_loss": 7977.95849609375,
    "validation_loss": [
      2774.400146484375
    ],
    "validation_chi2s": {
      "DEUTERON": 2.127706499242071,
      "NMC": 1.967780169318704,
      "NUCLEAR": 2.0394305419921874,
      "HERACOMB": 2.332891526565053,
      "DYE886": 2.3566585887562144,
      "CDF": 2.162008830479213,
      "D0": 2.163734245300293,
      "ATLAS": 2.773578512257543,
      "CMS": 3.076684967289126,
      "LHCb": 2.274191379547119,
      "total": 2.358992338180542
    }
  },
  "5800": {
    "training_loss": 7973.2724609375,
    "validation_loss": [
      2774.42333984375
    ],
    "validation_chi2s": {
      "DEUTERON": 2.132186965562811,
      "NMC": 1.9664372462852329,
      "NUCLEAR": 2.0414166259765625,
      "HERACOMB": 2.335256938061683,
      "DYE886": 2.399667566472834,
      "CDF": 2.157081740243094,
      "D0": 2.1174617767333985,
      "ATLAS": 2.7694004102684984,
      "CMS": 3.079080473116743,
      "LHCb": 2.211369037628174,
      "total": 2.3590424060821533
    }
  },
  "5900": {
    "training_loss": 7968.6103515625,
    "validation_loss": [
      2769.74755859375
    ],
    "validation_chi2s": {
      "DEUTERON": 2.1409242544601215,
      "NMC": 1.96637336880553,
      "NUCLEAR": 2.04559814453125,
      "HERACOMB": 2.335434059691585,
      "DYE886": 2.418899882923473,
      "CDF": 2.1633852549961636,
      "D0": 2.054878997802734,
      "ATLAS": 2.730811985059716,
      "CMS": 3.083114499968242,
      "LHCb": 2.1648199558258057,
      "total": 2.354779005050659
    }
  },
  "6000": {
    "training_loss": 7968.5771484375,
    "validation_loss": [
      2762.275634765625
    ],
    "validation_chi2s": {
      "DEUTERON": 2.1448962463075247,
      "NMC": 1.9631394031001073,
      "NUCLEAR": 2.0454503173828127,
      "HERACOMB": 2.3312176473779616,
      "DYE886": 2.406850988214666,
      "CDF": 2.1648900168282643,
      "D0": 2.0458963394165037,
      "ATLAS": 2.6959496859846444,
      "CMS": 3.0749042790110517,
      "LHCb": 2.191235065460205,
      "total": 2.3485982418060303
    }
  },
  "6100": {
    "training_loss": 7968.25244140625,
    "validation_loss": [
      2779.306396484375
    ],
    "validation_chi2s": {
      "DEUTERON": 2.1380584868625623,
      "NMC": 1.9700431075750613,
      "NUCLEAR": 2.0443370361328124,
      "HERACOMB": 2.330484627119077,
      "DYE886": 2.405141310258345,
      "CDF": 2.1326859337942943,
      "D0": 2.106724739074707,
      "ATLAS": 2.788062610845456,
      "CMS": 3.079421873015117,
      "LHCb": 2.2479772567749023,
      "total": 2.3632402420043945
    }
  },
  "6200": {
    "training_loss": 7957.05859375,
    "validation_loss": [
      2775.6533203125
    ],
    "validation_chi2s": {
      "DEUTERON": 2.1144683989719373,
      "NMC": 1.9925593955844056,
      "NUCLEAR": 2.0416351318359376,
      "HERACOMB": 2.313455419602737,
      "DYE886": 2.412991610440341,
      "CDF": 2.137326513017927,
      "D0": 1.909642791748047,
      "ATLAS": 2.80425902618759,
      "CMS": 3.062790785378557,
      "LHCb": 2.4597697257995605,
      "total": 2.360098123550415
    }
  },
  "6300": {
    "training_loss": 7978.72607421875,
    "validation_loss": [
      2756.779052734375
    ],
    "validation_chi2s": {
      "DEUTERON": 2.1681292329854633,
      "NMC": 1.9675678926355697,
      "NUCLEAR": 2.045858642578125,
      "HERACOMB": 2.2961296131408293,
      "DYE886": 2.388560555197976,
      "CDF": 2.1427501950945174,
      "D0": 1.9541595458984375,
      "ATLAS": 2.698368642522001,
      "CMS": 3.065174133797002,
      "LHCb": 2.2752108573913574,
      "total": 2.3440890312194824
    }
  },
  "6400": {
    "training_loss": 7972.89404296875,
    "validation_loss": [
      2763.249267578125
    ],
    "validation_chi2s": {
      "DEUTERON": 2.133586522951648,
      "NMC": 1.9811452229817708,
      "NUCLEAR": 2.04334130859375,
      "HERACOMB": 2.286868625217014,
      "DYE886": 2.44047719782049,
      "CDF": 2.125849860055106,
      "D0": 1.9102123260498047,
      "ATLAS": 2.739227470310255,
      "CMS": 3.0659698238217734,
      "LHCb": 2.5392191410064697,
      "total": 2.3496387004852295
    }
  },
  "6500": {
    "training_loss": 7967.35693359375,
    "validation_loss": [
      2754.425537109375
    ],
    "validation_chi2s": {
      "DEUTERON": 2.1560088959499377,
      "NMC": 1.9799828622855393,
      "NUCLEAR": 2.043896728515625,
      "HERACOMB": 2.2835565704146243,
      "DYE886": 2.433775641701438,
      "CDF": 2.136192730494908,
      "D0": 1.8620128631591797,
      "ATLAS": 2.685571078596444,
      "CMS": 3.094297579633511,
      "LHCb": 2.352210521697998,
      "total": 2.3421382904052734
    }
  },
  "6600": {
    "training_loss": 7957.95849609375,
    "validation_loss": [
      2800.04296875
    ],
    "validation_chi2s": {
      "DEUTERON": 2.1290677957866917,
      "NMC": 1.9809523937748927,
      "NUCLEAR": 2.0429520263671876,
      "HERACOMB": 2.344293532028697,
      "DYE886": 2.4232697920365767,
      "CDF": 2.081620216369629,
      "D0": 2.109400749206543,
      "ATLAS": 2.8874960713002875,
      "CMS": 3.08246246586001,
      "LHCb": 2.2608516216278076,
      "total": 2.380913496017456
    }
  },
  "6700": {
    "training_loss": 7963.03173828125,
    "validation_loss": [
      2776.5419921875
    ],
    "validation_chi2s": {
      "DEUTERON": 2.148073870151197,
      "NMC": 1.966176051719516,
      "NUCLEAR": 2.044786376953125,
      "HERACOMB": 2.3294627869051268,
      "DYE886": 2.4545170177112925,
      "CDF": 2.097334997994559,
      "D0": 2.0107963562011717,
      "ATLAS": 2.7654201463721266,
      "CMS": 3.0750251087715954,
      "LHCb": 2.252290725708008,
      "total": 2.360819101333618
    }
  },
  "6800": {
    "training_loss": 7957.93505859375,
    "validation_loss": [
      2769.41796875
    ],
    "validation_chi2s": {
      "DEUTERON": 2.1675538020347482,
      "NMC": 1.9595256132238053,
      "NUCLEAR": 2.051396484375,
      "HERACOMB": 2.317238601983762,
      "DYE886": 2.5219925967129795,
      "CDF": 2.094149317060198,
      "D0": 1.9123832702636718,
      "ATLAS": 2.724250705762841,
      "CMS": 3.096549925765371,
      "LHCb": 2.1107254028320312,
      "total": 2.3547990322113037
    }
  },
  "6900": {
    "training_loss": 7978.45263671875,
    "validation_loss": [
      2748.013427734375
    ],
    "validation_chi2s": {
      "DEUTERON": 2.1561106212103547,
      "NMC": 1.9698169184666054,
      "NUCLEAR": 2.0429783935546877,
      "HERACOMB": 2.298946804470486,
      "DYE886": 2.410604650324041,
      "CDF": 2.090186664036342,
      "D0": 1.8740558624267578,
      "ATLAS": 2.6766944972948097,
      "CMS": 3.0463033536585367,
      "LHCb": 2.282346487045288,
      "total": 2.3366851806640625
    }
  },
  "7000": {
    "training_loss": 7954.51123046875,
    "validation_loss": [
      2764.5400390625
    ],
    "validation_chi2s": {
      "DEUTERON": 2.1612094860171798,
      "NMC": 1.9778022018133425,
      "NUCLEAR": 2.047261962890625,
      "HERACOMB": 2.294705459494996,
      "DYE886": 2.447940132834695,
      "CDF": 2.084695134844099,
      "D0": 1.7977205276489259,
      "ATLAS": 2.708842836577317,
      "CMS": 3.1330779781186484,
      "LHCb": 2.252227306365967,
      "total": 2.3507394790649414
    }
  },
  "7100": {
    "training_loss": 7965.5830078125,
    "validation_loss": [
      2756.6044921875
    ],
    "validation_chi2s": {
      "DEUTERON": 2.1472782875174907,
      "NMC": 1.9734528485466452,
      "NUCLEAR": 2.0427413330078124,
      "HERACOMB": 2.290194043926164,
      "DYE886": 2.4641727100719106,
      "CDF": 2.067777224949428,
      "D0": 1.8600210189819335,
      "ATLAS": 2.6977014651243714,
      "CMS": 3.078465159346418,
      "LHCb": 2.4199025630950928,
      "total": 2.3439693450927734
    }
  },
  "7200": {
    "training_loss": 7956.88720703125,
    "validation_loss": [
      2769.385009765625
    ],
    "validation_chi2s": {
      "DEUTERON": 2.137419287838153,
      "NMC": 1.9776129629097732,
      "NUCLEAR": 2.035264892578125,
      "HERACOMB": 2.2976888020833335,
      "DYE886": 2.449777429754084,
      "CDF": 2.0702039173671176,
      "D0": 1.8829792022705079,
      "ATLAS": 2.762836850922683,
      "CMS": 3.0961968646786078,
      "LHCb": 2.441753387451172,
      "total": 2.3548529148101807
    }
  },
  "7300": {
    "training_loss": 7950.427734375,
    "validation_loss": [
      2763.221435546875
    ],
    "validation_chi2s": {
      "DEUTERON": 2.165365190648321,
      "NMC": 1.982803793514476,
      "NUCLEAR": 2.04286279296875,
      "HERACOMB": 2.2987377690333948,
      "DYE886": 2.4661563526500356,
      "CDF": 2.0790304456438338,
      "D0": 1.8267610549926758,
      "ATLAS": 2.689448389513739,
      "CMS": 3.1144508423844006,
      "LHCb": 2.3294990062713623,
      "total": 2.3496196269989014
    }
  },
  "7400": {
    "training_loss": 7945.34619140625,
    "validation_loss": [
      2756.672119140625
    ],
    "validation_chi2s": {
      "DEUTERON": 2.1862651768015393,
      "NMC": 1.987449795592065,
      "NUCLEAR": 2.048317626953125,
      "HERACOMB": 2.2869557898029003,
      "DYE886": 2.458229411732067,
      "CDF": 2.084669385637556,
      "D0": 1.7837038040161133,
      "ATLAS": 2.6510770951194327,
      "CMS": 3.1541552039665905,
      "LHCb": 2.1301259994506836,
      "total": 2.3440566062927246
    }
  },
  "7500": {
    "training_loss": 7957.92724609375,
    "validation_loss": [
      2747.9462890625
    ],
    "validation_chi2s": {
      "DEUTERON": 2.181096926257385,
      "NMC": 1.978925069173177,
      "NUCLEAR": 2.0458170166015623,
      "HERACOMB": 2.2792125028722428,
      "DYE886": 2.4345886924050073,
      "CDF": 2.0842497689383372,
      "D0": 1.8646381378173829,
      "ATLAS": 2.623363626414332,
      "CMS": 3.100635311467861,
      "LHCb": 2.344465970993042,
      "total": 2.336634635925293
    }
  },
  "7600": {
    "training_loss": 7956.94189453125,
    "validation_loss": [
      2784.1083984375
    ],
    "validation_chi2s": {
      "DEUTERON": 2.154654431698927,
      "NMC": 1.9616518207624847,
      "NUCLEAR": 2.048049072265625,
      "HERACOMB": 2.340459885940053,
      "DYE886": 2.4798219854181465,
      "CDF": 2.031400271824428,
      "D0": 1.933521842956543,
      "ATLAS": 2.7795066395025145,
      "CMS": 3.1111750408885923,
      "LHCb": 2.1328463554382324,
      "total": 2.3673412799835205
    }
  },
  "7700": {
    "training_loss": 7944.78125,
    "validation_loss": [
      2782.436767578125
    ],
    "validation_chi2s": {
      "DEUTERON": 2.160546449879509,
      "NMC": 1.970514035692402,
      "NUCLEAR": 2.0468585205078127,
      "HERACOMB": 2.3080619861877043,
      "DYE886": 2.4213556809858843,
      "CDF": 2.0477724075317383,
      "D0": 1.844708251953125,
      "ATLAS": 2.7749898625516343,
      "CMS": 3.172217392339939,
      "LHCb": 2.2045531272888184,
      "total": 2.3659653663635254
    }
  },
  "7800": {
    "training_loss": 7976.3544921875,
    "validation_loss": [
      2761.701416015625
    ],
    "validation_chi2s": {
      "DEUTERON": 2.155756101086365,
      "NMC": 1.9631534651214002,
      "NUCLEAR": 2.05084814453125,
      "HERACOMB": 2.2920673844081905,
      "DYE886": 2.3996207497336646,
      "CDF": 2.0426037652151927,
      "D0": 1.9327390670776368,
      "ATLAS": 2.7142118256667565,
      "CMS": 3.0779431350832063,
      "LHCb": 2.4008448123931885,
      "total": 2.348313570022583
    }
  },
  "7900": {
    "training_loss": 7953.27197265625,
    "validation_loss": [
      2755.92431640625
    ],
    "validation_chi2s": {
      "DEUTERON": 2.178389060556592,
      "NMC": 1.9611979465858609,
      "NUCLEAR": 2.05239892578125,
      "HERACOMB": 2.3183089112923816,
      "DYE886": 2.459019574252042,
      "CDF": 2.0466376713344028,
      "D0": 1.8408313751220704,
      "ATLAS": 2.670049206963901,
      "CMS": 3.056620776168699,
      "LHCb": 2.1275360584259033,
      "total": 2.343407154083252
    }
  },
  "8000": {
    "training_loss": 7961.564453125,
    "validation_loss": [
      2771.2978515625
    ],
    "validation_chi2s": {
      "DEUTERON": 2.156265182874689,
      "NMC": 1.9633015651328891,
      "NUCLEAR": 2.05120947265625,
      "HERACOMB": 2.3218978183721406,
      "DYE886": 2.4467655528675425,
      "CDF": 2.0486883435930525,
      "D0": 1.9747581481933594,
      "ATLAS": 2.7412975793597343,
      "CMS": 3.076239609136814,
      "LHCb": 2.2223567962646484,
      "total": 2.3564939498901367
    }
  },
  "8100": {
    "training_loss": 7957.033203125,
    "validation_loss": [
      2748.63232421875
    ],
    "validation_chi2s": {
      "DEUTERON": 2.1387848355876864,
      "NMC": 1.9727651558670343,
      "NUCLEAR": 2.0528935546875,
      "HERACOMB": 2.292489643969567,
      "DYE886": 2.490407943725586,
      "CDF": 2.016155106680734,
      "D0": 1.8508764266967774,
      "ATLAS": 2.6758022966056036,
      "CMS": 3.0591053536267783,
      "LHCb": 2.31430983543396,
      "total": 2.3372111320495605
    }
  },
  "8200": {
    "training_loss": 7954.00732421875,
    "validation_loss": [
      2765.577392578125
    ],
    "validation_chi2s": {
      "DEUTERON": 2.1595038418746113,
      "NMC": 1.9645551793715532,
      "NUCLEAR": 2.05926953125,
      "HERACOMB": 2.3352290134803924,
      "DYE886": 2.5243311795321377,
      "CDF": 2.0603103637695312,
      "D0": 1.8582971572875977,
      "ATLAS": 2.6979510427891524,
      "CMS": 3.069866893737297,
      "LHCb": 2.065772533416748,
      "total": 2.351473093032837
    }
  },
  "8300": {
    "training_loss": 7953.787109375,
    "validation_loss": [
      2770.649658203125
    ],
    "validation_chi2s": {
      "DEUTERON": 2.1712503765352924,
      "NMC": 1.9638092938591452,
      "NUCLEAR": 2.05479052734375,
      "HERACOMB": 2.3389695111443016,
      "DYE886": 2.479854930530895,
      "CDF": 2.0593222209385464,
      "D0": 1.910161590576172,
      "ATLAS": 2.697295967189745,
      "CMS": 3.0894321348608993,
      "LHCb": 2.0957818031311035,
      "total": 2.3558385372161865
    }
  },
  "8400": {
    "training_loss": 7967.33984375,
    "validation_loss": [
      2757.869384765625
    ],
    "validation_chi2s": {
      "DEUTERON": 2.142979256549285,
      "NMC": 1.9782055125517004,
      "NUCLEAR": 2.05232177734375,
      "HERACOMB": 2.301522847094567,
      "DYE886": 2.478813344782049,
      "CDF": 2.0542839595249722,
      "D0": 1.785672378540039,
      "ATLAS": 2.708776013604526,
      "CMS": 3.1150614420572915,
      "LHCb": 2.112302541732788,
      "total": 2.345082998275757
    }
  },
  "8500": {
    "training_loss": 7942.9443359375,
    "validation_loss": [
      2767.917724609375
    ],
    "validation_chi2s": {
      "DEUTERON": 2.169995815599736,
      "NMC": 1.9822143853879441,
      "NUCLEAR": 2.05425244140625,
      "HERACOMB": 2.310641020731209,
      "DYE886": 2.491871573708274,
      "CDF": 2.049344335283552,
      "D0": 1.8616941452026368,
      "ATLAS": 2.6901501184222343,
      "CMS": 3.0562736697313264,
      "LHCb": 2.43949031829834,
      "total": 2.3535172939300537
    }
  },
  "8600": {
    "training_loss": 7962.9306640625,
    "validation_loss": [
      2756.8505859375
    ],
    "validation_chi2s": {
      "DEUTERON": 2.1425551988592195,
      "NMC": 1.9705466476141238,
      "NUCLEAR": 2.060291748046875,
      "HERACOMB": 2.3055232428257764,
      "DYE886": 2.491259141401811,
      "CDF": 2.0294144494192943,
      "D0": 1.8473167419433594,
      "ATLAS": 2.723182590528466,
      "CMS": 3.066530553306021,
      "LHCb": 2.0809009075164795,
      "total": 2.344223976135254
    }
  },
  "8700": {
    "training_loss": 7954.36572265625,
    "validation_loss": [
      2773.93017578125
    ],
    "validation_chi2s": {
      "DEUTERON": 2.140130038285137,
      "NMC": 1.9817636527267157,
      "NUCLEAR": 2.054088623046875,
      "HERACOMB": 2.2811564526526755,
      "DYE886": 2.5455495660955254,
      "CDF": 1.9994926452636719,
      "D0": 1.8723175048828125,
      "ATLAS": 2.766490892432202,
      "CMS": 3.093794411760036,
      "LHCb": 2.514209508895874,
      "total": 2.358736753463745
    }
  },
  "8800": {
    "training_loss": 7949.20068359375,
    "validation_loss": [
      2792.228759765625
    ],
    "validation_chi2s": {
      "DEUTERON": 2.2024678851834576,
      "NMC": 1.968974693148744,
      "NUCLEAR": 2.0955732421875,
      "HERACOMB": 2.3234430450239993,
      "DYE886": 2.5989085110751065,
      "CDF": 2.0036769594464983,
      "D0": 1.9817007064819336,
      "ATLAS": 2.7658423062028556,
      "CMS": 3.0481629410410314,
      "LHCb": 2.0731139183044434,
      "total": 2.373741388320923
    }
  },
  "8900": {
    "training_loss": 7951.9951171875,
    "validation_loss": [
      2803.320068359375
    ],
    "validation_chi2s": {
      "DEUTERON": 2.174970029005364,
      "NMC": 1.9536898743872548,
      "NUCLEAR": 2.0671708984375,
      "HERACOMB": 2.3384570950776142,
      "DYE886": 2.4975977810946377,
      "CDF": 2.028712408883231,
      "D0": 2.3243160247802734,
      "ATLAS": 2.8275679665050286,
      "CMS": 3.0879586072472054,
      "LHCb": 2.1786391735076904,
      "total": 2.3835809230804443
    }
  },
  "9000": {
    "training_loss": 7976.2587890625,
    "validation_loss": [
      2745.78662109375
    ],
    "validation_chi2s": {
      "DEUTERON": 2.1488891905219996,
      "NMC": 1.9675898832433365,
      "NUCLEAR": 2.07065087890625,
      "HERACOMB": 2.2934674032373366,
      "DYE886": 2.513886191628196,
      "CDF": 1.997551781790597,
      "D0": 1.894872283935547,
      "ATLAS": 2.6956994067663436,
      "CMS": 2.9813418504668445,
      "LHCb": 2.185725212097168,
      "total": 2.3347573280334473
    }
  },
  "9100": {
    "training_loss": 7972.822265625,
    "validation_loss": [
      2774.2626953125
    ],
    "validation_chi2s": {
      "DEUTERON": 2.1490668301558613,
      "NMC": 1.9640468522614123,
      "NUCLEAR": 2.066263671875,
      "HERACOMB": 2.314585168377247,
      "DYE886": 2.5572135231711646,
      "CDF": 2.029599462236677,
      "D0": 1.9008731842041016,
      "ATLAS": 2.762950502592942,
      "CMS": 3.0929401676829267,
      "LHCb": 2.0815744400024414,
      "total": 2.359037160873413
    }
  },
  "9200": {
    "training_loss": 7952.0966796875,
    "validation_loss": [
      2762.212646484375
    ],
    "validation_chi2s": {
      "DEUTERON": 2.1798912541783273,
      "NMC": 1.997771468817019,
      "NUCLEAR": 2.062719482421875,
      "HERACOMB": 2.2802921868617236,
      "DYE886": 2.4789404435591265,
      "CDF": 2.055854933602469,
      "D0": 1.8717460632324219,
      "ATLAS": 2.667180905396911,
      "CMS": 3.1290211251111533,
      "LHCb": 2.2524495124816895,
      "total": 2.3487894535064697
    }
  },
  "9300": {
    "training_loss": 7960.15625,
    "validation_loss": [
      2765.206787109375
    ],
    "validation_chi2s": {
      "DEUTERON": 2.1508278917910446,
      "NMC": 1.9789847579656863,
      "NUCLEAR": 2.08527587890625,
      "HERACOMB": 2.3137532153160745,
      "DYE886": 2.4703669114546343,
      "CDF": 2.0315925053187778,
      "D0": 1.9098112106323242,
      "ATLAS": 2.7056497157305137,
      "CMS": 3.0765428000349337,
      "LHCb": 2.050497055053711,
      "total": 2.3512356281280518
    }
  },
  "9400": {
    "training_loss": 7944.56201171875,
    "validation_loss": [
      2775.97802734375
    ],
    "validation_chi2s": {
      "DEUTERON": 2.1732144332050685,
      "NMC": 1.9997561585669423,
      "NUCLEAR": 2.066399658203125,
      "HERACOMB": 2.286856258616728,
      "DYE886": 2.4706296053799717,
      "CDF": 2.0497007369995117,
      "D0": 1.8610671997070312,
      "ATLAS": 2.7247168880769577,
      "CMS": 3.1702339978722054,
      "LHCb": 2.1689236164093018,
      "total": 2.360492467880249
    }
  },
  "9500": {
    "training_loss": 8012.39794921875,
    "validation_loss": [
      2761.099365234375
    ],
    "validation_chi2s": {
      "DEUTERON": 2.1418142745743936,
      "NMC": 1.9800053016812194,
      "NUCLEAR": 2.060773193359375,
      "HERACOMB": 2.323127497255413,
      "DYE886": 2.5174104517156426,
      "CDF": 2.0327747889927457,
      "D0": 1.9475835800170898,
      "ATLAS": 2.6717424063846984,
      "CMS": 3.069293262512703,
      "LHCb": 2.2488648891448975,
      "total": 2.3478004932403564
    }
  },
  "9600": {
    "training_loss": 8872.875,
    "validation_loss": [
      2943.74853515625
    ],
    "validation_chi2s": {
      "DEUTERON": 2.4242116444146453,
      "NMC": 2.1792874803730085,
      "NUCLEAR": 2.1783740234375,
      "HERACOMB": 2.290048437180862,
      "DYE886": 3.126540097323331,
      "CDF": 2.032510076250349,
      "D0": 2.0715124130249025,
      "ATLAS": 2.8958100066787895,
      "CMS": 2.8855511424987297,
      "LHCb": 4.260065078735352,
      "total": 2.502211570739746
    }
  },
  "9700": {
    "training_loss": 7969.3359375,
    "validation_loss": [
      2771.346435546875
    ],
    "validation_chi2s": {
      "DEUTERON": 2.1421877732917443,
      "NMC": 1.9765904744466145,
      "NUCLEAR": 2.060960205078125,
      "HERACOMB": 2.3063420314414826,
      "DYE886": 2.52012114091353,
      "CDF": 2.0259652818952287,
      "D0": 1.9463165283203125,
      "ATLAS": 2.734503033517421,
      "CMS": 3.036492324456936,
      "LHCb": 2.518162727355957,
      "total": 2.3565711975097656
    }
  },
  "9800": {
    "training_loss": 7936.705078125,
    "validation_loss": [
      2794.086181640625
    ],
    "validation_chi2s": {
      "DEUTERON": 2.180676512457245,
      "NMC": 1.9654391419653798,
      "NUCLEAR": 2.05828125,
      "HERACOMB": 2.3331442440257355,
      "DYE886": 2.3477765863591973,
      "CDF": 2.024132319859096,
      "D0": 2.1837181091308593,
      "ATLAS": 2.7742835735452585,
      "CMS": 3.0396430783155486,
      "LHCb": 2.5736799240112305,
      "total": 2.375579833984375
    }
  },
  "9900": {
    "training_loss": 7962.95263671875,
    "validation_loss": [
      2764.57421875
    ],
    "validation_chi2s": {
      "DEUTERON": 2.160631777635261,
      "NMC": 1.9881231270584405,
      "NUCLEAR": 2.059641845703125,
      "HERACOMB": 2.3066274605545343,
      "DYE886": 2.481000380082564,
      "CDF": 2.0338257380894254,
      "D0": 1.8853849411010741,
      "ATLAS": 2.7104657052577226,
      "CMS": 3.0397743287125256,
      "LHCb": 2.3388352394104004,
      "total": 2.350721597671509
    }
  },
  "10000": {
    "training_loss": 7941.265625,
    "validation_loss": [
      2803.28955078125
    ],
    "validation_chi2s": {
      "DEUTERON": 2.1849025137981966,
      "NMC": 1.959821065266927,
      "NUCLEAR": 2.056705810546875,
      "HERACOMB": 2.358831866893893,
      "DYE886": 2.5401335629549893,
      "CDF": 2.008605412074498,
      "D0": 2.243551826477051,
      "ATLAS": 2.7987509541127875,
      "CMS": 3.0647841042619413,
      "LHCb": 2.242748260498047,
      "total": 2.383667469024658
    }
  },
  "10100": {
    "training_loss": 7944.103515625,
    "validation_loss": [
      2763.72607421875
    ],
    "validation_chi2s": {
      "DEUTERON": 2.1665893858344996,
      "NMC": 1.996706345502068,
      "NUCLEAR": 2.055809326171875,
      "HERACOMB": 2.2895988514220793,
      "DYE886": 2.5250670693137427,
      "CDF": 2.017190524509975,
      "D0": 1.7934980392456055,
      "ATLAS": 2.7203767272247665,
      "CMS": 3.1196800169905994,
      "LHCb": 2.0864758491516113,
      "total": 2.3497674465179443
    }
  },
  "10200": {
    "training_loss": 7952.013671875,
    "validation_loss": [
      2791.68798828125
    ],
    "validation_chi2s": {
      "DEUTERON": 2.199263235822839,
      "NMC": 2.0183400172813264,
      "NUCLEAR": 2.056361328125,
      "HERACOMB": 2.2853658838209765,
      "DYE886": 2.5123429731889204,
      "CDF": 2.0040696007864818,
      "D0": 1.8248737335205079,
      "ATLAS": 2.7788233263739226,
      "CMS": 3.181911313436865,
      "LHCb": 2.2137508392333984,
      "total": 2.3738765716552734
    }
  },
  "10300": {
    "training_loss": 7967.7431640625,
    "validation_loss": [
      2765.194091796875
    ],
    "validation_chi2s": {
      "DEUTERON": 2.1477191981984607,
      "NMC": 1.983214584051394,
      "NUCLEAR": 2.059907958984375,
      "HERACOMB": 2.288311528224571,
      "DYE886": 2.473613045432351,
      "CDF": 2.016916411263602,
      "D0": 1.8669944763183595,
      "ATLAS": 2.7324737899604883,
      "CMS": 3.1091350772516515,
      "LHCb": 2.2522668838500977,
      "total": 2.3513522148132324
    }
  },
  "10400": {
    "training_loss": 8091.0458984375,
    "validation_loss": [
      2781.80322265625
    ],
    "validation_chi2s": {
      "DEUTERON": 2.0705791112795398,
      "NMC": 1.9681875191482843,
      "NUCLEAR": 2.07627001953125,
      "HERACOMB": 2.3290481068729574,
      "DYE886": 2.405394814231179,
      "CDF": 1.896580423627581,
      "D0": 1.7653663635253907,
      "ATLAS": 2.943566684065194,
      "CMS": 3.017640896928989,
      "LHCb": 2.070246458053589,
      "total": 2.365448236465454
    }
  },
  "10500": {
    "training_loss": 7963.4296875,
    "validation_loss": [
      2774.439697265625
    ],
    "validation_chi2s": {
      "DEUTERON": 2.1628783876030004,
      "NMC": 1.987394744274663,
      "NUCLEAR": 2.066282470703125,
      "HERACOMB": 2.2729107227200775,
      "DYE886": 2.450271259654652,
      "CDF": 2.010040283203125,
      "D0": 1.8327606201171875,
      "ATLAS": 2.7773121800915948,
      "CMS": 3.143842743664253,
      "LHCb": 2.187929153442383,
      "total": 2.359217405319214
    }
  },
  "10600": {
    "training_loss": 8046.8662109375,
    "validation_loss": [
      2750.53857421875
    ],
    "validation_chi2s": {
      "DEUTERON": 2.183999132754198,
      "NMC": 1.9941454120710784,
      "NUCLEAR": 2.079279052734375,
      "HERACOMB": 2.2903067395578023,
      "DYE886": 2.5685136968439277,
      "CDF": 2.0117944989885603,
      "D0": 1.725670051574707,
      "ATLAS": 2.6260523302801726,
      "CMS": 3.0795208690612297,
      "LHCb": 2.0510406494140625,
      "total": 2.338888645172119
    }
  },
  "10700": {
    "training_loss": 7970.60986328125,
    "validation_loss": [
      2761.33984375
    ],
    "validation_chi2s": {
      "DEUTERON": 2.187601117945429,
      "NMC": 1.986021453259038,
      "NUCLEAR": 2.069912841796875,
      "HERACOMB": 2.3082219541462417,
      "DYE886": 2.50510649247603,
      "CDF": 2.005518232073103,
      "D0": 1.8275054931640624,
      "ATLAS": 2.697596056707974,
      "CMS": 3.0446712835048273,
      "LHCb": 2.037587881088257,
      "total": 2.348039388656616
    }
  },
  "10800": {
    "training_loss": 7988.51171875,
    "validation_loss": [
      2787.37548828125
    ],
    "validation_chi2s": {
      "DEUTERON": 2.179706782250855,
      "NMC": 2.0055986292221966,
      "NUCLEAR": 2.08597021484375,
      "HERACOMB": 2.2810774659798816,
      "DYE886": 2.4140878157182173,
      "CDF": 1.9451597758701868,
      "D0": 1.8572519302368165,
      "ATLAS": 2.7575218814542923,
      "CMS": 3.1935633217416157,
      "LHCb": 2.173257350921631,
      "total": 2.370211601257324
    }
  },
  "10900": {
    "training_loss": 7956.4169921875,
    "validation_loss": [
      2771.607421875
    ],
    "validation_chi2s": {
      "DEUTERON": 2.1949760474968905,
      "NMC": 1.9768708172966452,
      "NUCLEAR": 2.083157958984375,
      "HERACOMB": 2.2996052262050655,
      "DYE886": 2.4103178544477983,
      "CDF": 2.017465727669852,
      "D0": 1.869268035888672,
      "ATLAS": 2.7304112226113504,
      "CMS": 3.0882094468527694,
      "LHCb": 2.0084707736968994,
      "total": 2.356746196746826
    }
  },
  "11000": {
    "training_loss": 7975.3671875,
    "validation_loss": [
      2771.61962890625
    ],
    "validation_chi2s": {
      "DEUTERON": 2.178375395969372,
      "NMC": 1.9853684668447458,
      "NUCLEAR": 2.074340087890625,
      "HERACOMB": 2.313036750344669,
      "DYE886": 2.429581728848544,
      "CDF": 1.9977912902832031,
      "D0": 1.824823760986328,
      "ATLAS": 2.7427648785470544,
      "CMS": 3.0748665662315804,
      "LHCb": 2.0313305854797363,
      "total": 2.3568174839019775
    }
  },
  "11100": {
    "training_loss": 7959.8955078125,
    "validation_loss": [
      2802.12109375
    ],
    "validation_chi2s": {
      "DEUTERON": 2.1955616509736475,
      "NMC": 1.977879991718367,
      "NUCLEAR": 2.074382568359375,
      "HERACOMB": 2.3273361305785336,
      "DYE886": 2.4339434883811255,
      "CDF": 2.003900800432478,
      "D0": 2.1066253662109373,
      "ATLAS": 2.8324904167789153,
      "CMS": 3.0989469202553352,
      "LHCb": 2.072730302810669,
      "total": 2.3825948238372803
    }
  },
  "11200": {
    "training_loss": 7964.3701171875,
    "validation_loss": [
      2788.592041015625
    ],
    "validation_chi2s": {
      "DEUTERON": 2.145488682077892,
      "NMC": 1.9855446908988206,
      "NUCLEAR": 2.065670654296875,
      "HERACOMB": 2.2937003740298203,
      "DYE886": 2.4326799566095527,
      "CDF": 2.0028211048671176,
      "D0": 1.963021469116211,
      "ATLAS": 2.8114602976831895,
      "CMS": 3.099608382558435,
      "LHCb": 2.505035638809204,
      "total": 2.37123441696167
    }
  },
  "11300": {
    "training_loss": 7966.6171875,
    "validation_loss": [
      2787.078125
    ],
    "validation_chi2s": {
      "DEUTERON": 2.2238900103972328,
      "NMC": 1.9823066861021752,
      "NUCLEAR": 2.08113427734375,
      "HERACOMB": 2.3331773546006946,
      "DYE886": 2.380332426591353,
      "CDF": 2.035837309701102,
      "D0": 2.1728397369384767,
      "ATLAS": 2.756047742120151,
      "CMS": 3.0069738868775406,
      "LHCb": 2.089327573776245,
      "total": 2.3698556423187256
    }
  },
  "11400": {
    "training_loss": 7960.939453125,
    "validation_loss": [
      2793.866943359375
    ],
    "validation_chi2s": {
      "DEUTERON": 2.1867949072994404,
      "NMC": 2.013621909945619,
      "NUCLEAR": 2.068679443359375,
      "HERACOMB": 2.288833917356005,
      "DYE886": 2.39120830189098,
      "CDF": 2.031156539916992,
      "D0": 1.892214012145996,
      "ATLAS": 2.8124721132475754,
      "CMS": 3.1555962291190296,
      "LHCb": 2.2128195762634277,
      "total": 2.3757307529449463
    }
  },
  "11500": {
    "training_loss": 8019.72900390625,
    "validation_loss": [
      2770.185791015625
    ],
    "validation_chi2s": {
      "DEUTERON": 2.163417379654462,
      "NMC": 1.9853505153282016,
      "NUCLEAR": 2.05970751953125,
      "HERACOMB": 2.323488522199244,
      "DYE886": 2.361514004794034,
      "CDF": 2.037585939679827,
      "D0": 1.9741786956787108,
      "ATLAS": 2.7728320593121407,
      "CMS": 3.0223753394150155,
      "LHCb": 2.124239683151245,
      "total": 2.3555893898010254
    }
  },
  "11600": {
    "training_loss": 7962.1806640625,
    "validation_loss": [
      2780.41015625
    ],
    "validation_chi2s": {
      "DEUTERON": 2.241557562529151,
      "NMC": 1.982946657666973,
      "NUCLEAR": 2.081100830078125,
      "HERACOMB": 2.321755403007557,
      "DYE886": 2.4806783849542793,
      "CDF": 2.0118553979056224,
      "D0": 1.9352209091186523,
      "ATLAS": 2.705097943886943,
      "CMS": 3.053821346624111,
      "LHCb": 1.984039545059204,
      "total": 2.3641345500946045
    }
  },
  "11700": {
    "training_loss": 7965.7216796875,
    "validation_loss": [
      2772.06884765625
    ],
    "validation_chi2s": {
      "DEUTERON": 2.1557557974288715,
      "NMC": 1.9850954541973038,
      "NUCLEAR": 2.05532470703125,
      "HERACOMB": 2.3120709587545956,
      "DYE886": 2.4615839177911933,
      "CDF": 2.0252749579293385,
      "D0": 1.9804473876953126,
      "ATLAS": 2.821971498686692,
      "CMS": 2.958807968511814,
      "LHCb": 2.2834484577178955,
      "total": 2.3571720123291016
    }
  },
  "11800": {
    "training_loss": 8106.06591796875,
    "validation_loss": [
      2757.60986328125
    ],
    "validation_chi2s": {
      "DEUTERON": 2.1641604295417443,
      "NMC": 1.9889261582318474,
      "NUCLEAR": 2.057190185546875,
      "HERACOMB": 2.3160781361698324,
      "DYE886": 2.4634666442871094,
      "CDF": 2.026811327253069,
      "D0": 1.8196168899536134,
      "ATLAS": 2.6611100120105964,
      "CMS": 3.0831767756764483,
      "LHCb": 2.1653122901916504,
      "total": 2.344883441925049
    }
  },
  "11900": {
    "training_loss": 7975.64892578125,
    "validation_loss": [
      2767.025146484375
    ],
    "validation_chi2s": {
      "DEUTERON": 2.181210797817553,
      "NMC": 1.9781163533528645,
      "NUCLEAR": 2.06489501953125,
      "HERACOMB": 2.3454298630259394,
      "DYE886": 2.402292078191584,
      "CDF": 2.0571596963065013,
      "D0": 1.9232685089111328,
      "ATLAS": 2.700024308829472,
      "CMS": 3.025311725895579,
      "LHCb": 2.04302716255188,
      "total": 2.3528997898101807
    }
  },
  "12000": {
    "training_loss": 8054.1875,
    "validation_loss": [
      2811.381591796875
    ],
    "validation_chi2s": {
      "DEUTERON": 2.2144530946342504,
      "NMC": 1.9789724910960478,
      "NUCLEAR": 2.061199462890625,
      "HERACOMB": 2.3746810613893996,
      "DYE886": 2.4456934495405718,
      "CDF": 1.9625026157924108,
      "D0": 1.8015716552734375,
      "ATLAS": 2.8470781698994254,
      "CMS": 3.0220661938675053,
      "LHCb": 2.210083246231079,
      "total": 2.39062237739563
    }
  },
  "12100": {
    "training_loss": 7982.701171875,
    "validation_loss": [
      2794.2138671875
    ],
    "validation_chi2s": {
      "DEUTERON": 2.1642794632793065,
      "NMC": 1.982499964096967,
      "NUCLEAR": 2.05158056640625,
      "HERACOMB": 2.2956160003063726,
      "DYE886": 2.345685438676314,
      "CDF": 2.027200698852539,
      "D0": 1.7866323471069336,
      "ATLAS": 2.8890291411301185,
      "CMS": 3.138765164507114,
      "LHCb": 2.197054386138916,
      "total": 2.3760271072387695
    }
  }
}