{
  "100": {
    "training_loss": 30187.1875,
    "validation_loss": [
      13561.439453125
    ],
    "validation_chi2s": {
      "DEUTERON": 13.729654947916666,
      "NMC": 6.64286834118413,
      "NUCLEAR": 6.89407080078125,
      "HERACOMB": 6.636213714001226,
      "DYE886": 37.81803477894176,
      "CDF": 2.953174591064453,
      "D0": 15.095150756835938,
      "ATLAS": 17.156109095982142,
      "CMS": 13.61561059170082,
      "LHCb": 20.004785537719727,
      "total": 11.190342903137207
    }
  },
  "200": {
    "training_loss": 16479.642578125,
    "validation_loss": [
      7050.06005859375
    ],
    "validation_chi2s": {
      "DEUTERON": 8.138376719916044,
      "NMC": 3.026713352577359,
      "NUCLEAR": 5.0465068359375,
      "HERACOMB": 3.407388923994077,
      "DYE886": 30.898379239169035,
      "CDF": 3.397143772670201,
      "D0": 11.686444091796876,
      "ATLAS": 5.856695033482143,
      "CMS": 4.304098660828637,
      "LHCb": 10.755446434020996,
      "total": 5.790024280548096
    }
  },
  "300": {
    "training_loss": 15788.236328125,
    "validation_loss": [
      6925.6318359375
    ],
    "validation_chi2s": {
      "DEUTERON": 9.66704927510883,
      "NMC": 2.9320385502833948,
      "NUCLEAR": 4.4100771484375,
      "HERACOMB": 3.119435827716503,
      "DYE886": 30.02579012784091,
      "CDF": 3.0173470633370534,
      "D0": 10.291146850585937,
      "ATLAS": 5.395638253348214,
      "CMS": 4.129229186011142,
      "LHCb": 9.795348167419434,
      "total": 5.693650245666504
    }
  },
  "400": {
    "training_loss": 15531.466796875,
    "validation_loss": [
      6806.6337890625
    ],
    "validation_chi2s": {
      "DEUTERON": 9.806495476717974,
      "NMC": 2.9289694393382355,
      "NUCLEAR": 4.18547802734375,
      "HERACOMB": 3.1019610236672794,
      "DYE886": 29.82308682528409,
      "CDF": 3.0992257254464284,
      "D0": 10.613743591308594,
      "ATLAS": 5.148709891183036,
      "CMS": 4.027564627225281,
      "LHCb": 9.419999122619629,
      "total": 5.606989860534668
    }
  },
  "500": {
    "training_loss": 15435.958984375,
    "validation_loss": [
      6709.677734375
    ],
    "validation_chi2s": {
      "DEUTERON": 9.771750378964553,
      "NMC": 2.9456054089116117,
      "NUCLEAR": 4.031301025390625,
      "HERACOMB": 3.1253656125536153,
      "DYE886": 29.65952647816051,
      "CDF": 3.215846197945731,
      "D0": 10.657577514648438,
      "ATLAS": 4.983902413504464,
      "CMS": 3.9677556772701075,
      "LHCb": 9.175241470336914,
      "total": 5.535704135894775
    }
  },
  "600": {
    "training_loss": 15367.2060546875,
    "validation_loss": [
      6603.482421875
    ],
    "validation_chi2s": {
      "DEUTERON": 9.624469814015859,
      "NMC": 2.966829786113664,
      "NUCLEAR": 3.865811279296875,
      "HERACOMB": 3.1552165910309435,
      "DYE886": 29.413263494318183,
      "CDF": 3.390242440359933,
      "D0": 10.614530944824219,
      "ATLAS": 4.844873046875,
      "CMS": 3.925352503041752,
      "LHCb": 9.00356388092041,
      "total": 5.450344562530518
    }
  },
  "700": {
    "training_loss": 18351.71484375,
    "validation_loss": [
      1557290624.0
    ],
    "validation_chi2s": {
      "DEUTERON": 7747688.437810945,
      "NMC": 2.861358642578125,
      "NUCLEAR": 4.3796845703125,
      "HERACOMB": 2.8927315107358047,
      "DYE886": 39.971435546875,
      "CDF": 4.220489501953125,
      "D0": 18.25695037841797,
      "ATLAS": 5.758537248883928,
      "CMS": 4.15823239185771,
      "LHCb": 9.456740379333496,
      "total": 1324226.5
    }
  },
  "800": {
    "training_loss": 17586.615234375,
    "validation_loss": [
      9397.3154296875
    ],
    "validation_chi2s": {
      "DEUTERON": 21.2812694340796,
      "NMC": 2.895519780177696,
      "NUCLEAR": 3.826786865234375,
      "HERACOMB": 3.0139778486264297,
      "DYE886": 37.27215853604403,
      "CDF": 3.213001251220703,
      "D0": 35.52174377441406,
      "ATLAS": 5.247910853794643,
      "CMS": 3.957632346231429,
      "LHCb": 7.616098880767822,
      "total": 7.777896881103516
    }
  },
  "900": {
    "training_loss": 13345.984375,
    "validation_loss": [
      26962.6640625
    ],
    "validation_chi2s": {
      "DEUTERON": 114.45575831778606,
      "NMC": 2.7088177250880823,
      "NUCLEAR": 3.818625244140625,
      "HERACOMB": 2.4884930778952206,
      "DYE886": 12.29776417125355,
      "CDF": 1.6317693165370397,
      "D0": 6.358866882324219,
      "ATLAS": 5.352287248883928,
      "CMS": 3.9808559730404713,
      "LHCb": 5.934502124786377,
      "total": 22.804141998291016
    }
  },
  "1000": {
    "training_loss": 9031.185546875,
    "validation_loss": [
      3138.053466796875
    ],
    "validation_chi2s": {
      "DEUTERON": 2.7359102922885574,
      "NMC": 2.5459878958907782,
      "NUCLEAR": 2.56570947265625,
      "HERACOMB": 2.631332497191585,
      "DYE886": 1.3122132908214221,
      "CDF": 1.6008009229387556,
      "D0": 1.0230100631713868,
      "ATLAS": 2.7163396344866073,
      "CMS": 2.82428478803791,
      "LHCb": 2.7368414402008057,
      "total": 2.622605085372925
    }
  },
  "1100": {
    "training_loss": 8503.1845703125,
    "validation_loss": [
      2883.0078125
    ],
    "validation_chi2s": {
      "DEUTERON": 2.2989658336734298,
      "NMC": 2.521102306889553,
      "NUCLEAR": 2.21805126953125,
      "HERACOMB": 2.5933123819189134,
      "DYE886": 1.0874606045809658,
      "CDF": 1.2659034729003906,
      "D0": 1.0385354042053223,
      "ATLAS": 2.599029541015625,
      "CMS": 2.9742306568583503,
      "LHCb": 2.129964828491211,
      "total": 2.438563823699951
    }
  },
  "1200": {
    "training_loss": 8343.048828125,
    "validation_loss": [
      2804.439208984375
    ],
    "validation_chi2s": {
      "DEUTERON": 2.1981954242459576,
      "NMC": 2.503986882228477,
      "NUCLEAR": 2.03269091796875,
      "HERACOMB": 2.5778950211269405,
      "DYE886": 0.8942339637062766,
      "CDF": 1.1532764434814453,
      "D0": 1.243124008178711,
      "ATLAS": 2.57066650390625,
      "CMS": 3.021475619957095,
      "LHCb": 2.1445693969726562,
      "total": 2.375714063644409
    }
  },
  "1300": {
    "training_loss": 8262.8203125,
    "validation_loss": [
      2767.97314453125
    ],
    "validation_chi2s": {
      "DEUTERON": 2.1631196434818096,
      "NMC": 2.495583627738205,
      "NUCLEAR": 1.9348765869140625,
      "HERACOMB": 2.569847356260212,
      "DYE886": 0.8312221006913618,
      "CDF": 1.1185658318655831,
      "D0": 1.292227840423584,
      "ATLAS": 2.576852504185268,
      "CMS": 3.03656005859375,
      "LHCb": 2.103242874145508,
      "total": 2.3468594551086426
    }
  },
  "1400": {
    "training_loss": 8213.546875,
    "validation_loss": [
      2749.216796875
    ],
    "validation_chi2s": {
      "DEUTERON": 2.147728915238262,
      "NMC": 2.4933648202933516,
      "NUCLEAR": 1.8801812744140625,
      "HERACOMB": 2.566684498506434,
      "DYE886": 0.8198084397749468,
      "CDF": 1.0982464381626673,
      "D0": 1.2862021446228027,
      "ATLAS": 2.587973284040179,
      "CMS": 3.0387508204725924,
      "LHCb": 2.0658347606658936,
      "total": 2.332160711288452
    }
  },
  "1500": {
    "training_loss": 8182.228515625,
    "validation_loss": [
      2737.0322265625
    ],
    "validation_chi2s": {
      "DEUTERON": 2.137219784864739,
      "NMC": 2.4949394674862133,
      "NUCLEAR": 1.84918603515625,
      "HERACOMB": 2.5607010585809844,
      "DYE886": 0.8134886134754528,
      "CDF": 1.0810063225882394,
      "D0": 1.247989559173584,
      "ATLAS": 2.597774658203125,
      "CMS": 3.037872064309042,
      "LHCb": 2.045804500579834,
      "total": 2.322563409805298
    }
  },
  "1600": {
    "training_loss": 8158.67724609375,
    "validation_loss": [
      2728.37109375
    ],
    "validation_chi2s": {
      "DEUTERON": 2.1284254083585976,
      "NMC": 2.4980159086339615,
      "NUCLEAR": 1.831877685546875,
      "HERACOMB": 2.5547840392667482,
      "DYE886": 0.8141518506136808,
      "CDF": 1.072347777230399,
      "D0": 1.1833368301391602,
      "ATLAS": 2.605631277901786,
      "CMS": 3.034428330718494,
      "LHCb": 2.022531747817993,
      "total": 2.3155641555786133
    }
  },
  "1700": {
    "training_loss": 8140.1455078125,
    "validation_loss": [
      2720.979736328125
    ],
    "validation_chi2s": {
      "DEUTERON": 2.1205643231595928,
      "NMC": 2.501795899634268,
      "NUCLEAR": 1.8196673583984375,
      "HERACOMB": 2.548867418875102,
      "DYE886": 0.8145779696377841,
      "CDF": 1.0700528281075614,
      "D0": 1.1153597831726074,
      "ATLAS": 2.6091299874441964,
      "CMS": 3.0308330098136524,
      "LHCb": 2.0145909786224365,
      "total": 2.3095970153808594
    }
  },
  "1800": {
    "training_loss": 8125.5986328125,
    "validation_loss": [
      2713.355224609375
    ],
    "validation_chi2s": {
      "DEUTERON": 2.109403695633162,
      "NMC": 2.5047739066329657,
      "NUCLEAR": 1.8097388916015624,
      "HERACOMB": 2.5425831913168913,
      "DYE886": 0.8171599128029563,
      "CDF": 1.0745222909109933,
      "D0": 1.0480052947998046,
      "ATLAS": 2.6076224190848216,
      "CMS": 3.027780251424821,
      "LHCb": 2.0269556045532227,
      "total": 2.303370475769043
    }
  },
  "1900": {
    "training_loss": 8114.43798828125,
    "validation_loss": [
      2706.3349609375
    ],
    "validation_chi2s": {
      "DEUTERON": 2.1020957225590795,
      "NMC": 2.5076483932195925,
      "NUCLEAR": 1.801062744140625,
      "HERACOMB": 2.5358663322099675,
      "DYE886": 0.8226347836581144,
      "CDF": 1.0802717208862305,
      "D0": 1.0035188674926758,
      "ATLAS": 2.6015794154575893,
      "CMS": 3.0249793881275613,
      "LHCb": 2.0447940826416016,
      "total": 2.2977077960968018
    }
  },
  "2000": {
    "training_loss": 8107.57275390625,
    "validation_loss": [
      2699.97265625
    ],
    "validation_chi2s": {
      "DEUTERON": 2.09306054566037,
      "NMC": 2.508525474398744,
      "NUCLEAR": 1.7949676513671875,
      "HERACOMB": 2.531086441738154,
      "DYE886": 0.8297502344304865,
      "CDF": 1.079702922276088,
      "D0": 0.9815855979919433,
      "ATLAS": 2.5913834054129463,
      "CMS": 3.0228106389280227,
      "LHCb": 2.0686678886413574,
      "total": 2.2925126552581787
    }
  },
  "2100": {
    "training_loss": 8099.9873046875,
    "validation_loss": [
      2695.206787109375
    ],
    "validation_chi2s": {
      "DEUTERON": 2.0918422717953202,
      "NMC": 2.5098523906632964,
      "NUCLEAR": 1.788477294921875,
      "HERACOMB": 2.5257833642897265,
      "DYE886": 0.8323764801025391,
      "CDF": 1.076509611947196,
      "D0": 0.9478771209716796,
      "ATLAS": 2.587417689732143,
      "CMS": 3.0202571681288424,
      "LHCb": 2.0759403705596924,
      "total": 2.288688898086548
    }
  },
  "2200": {
    "training_loss": 8093.45556640625,
    "validation_loss": [
      2690.31298828125
    ],
    "validation_chi2s": {
      "DEUTERON": 2.0818950596140393,
      "NMC": 2.509324167288986,
      "NUCLEAR": 1.782036376953125,
      "HERACOMB": 2.5231556611902572,
      "DYE886": 0.8328980532559481,
      "CDF": 1.0747169767107283,
      "D0": 0.9173409461975097,
      "ATLAS": 2.581631382533482,
      "CMS": 3.0230612832991803,
      "LHCb": 2.096665143966675,
      "total": 2.2846460342407227
    }
  },
  "2300": {
    "training_loss": 8088.83203125,
    "validation_loss": [
      2685.525634765625
    ],
    "validation_chi2s": {
      "DEUTERON": 2.076904296875,
      "NMC": 2.509189530914905,
      "NUCLEAR": 1.7764429931640624,
      "HERACOMB": 2.5192003437117036,
      "DYE886": 0.8367744792591442,
      "CDF": 1.070669446672712,
      "D0": 0.9137969970703125,
      "ATLAS": 2.5744520786830356,
      "CMS": 3.023035518458632,
      "LHCb": 2.1047990322113037,
      "total": 2.2807374000549316
    }
  },
  "2400": {
    "training_loss": 8081.47412109375,
    "validation_loss": [
      2683.77197265625
    ],
    "validation_chi2s": {
      "DEUTERON": 2.075962654986785,
      "NMC": 2.5089397056429994,
      "NUCLEAR": 1.7707479248046876,
      "HERACOMB": 2.5192308612898286,
      "DYE886": 0.8318041888150302,
      "CDF": 1.057314055306571,
      "D0": 0.8725699424743653,
      "ATLAS": 2.577306431361607,
      "CMS": 3.0254083852298925,
      "LHCb": 2.0992722511291504,
      "total": 2.279360294342041
    }
  },
  "2500": {
    "training_loss": 8082.9775390625,
    "validation_loss": [
      2684.908203125
    ],
    "validation_chi2s": {
      "DEUTERON": 2.0609205255460976,
      "NMC": 2.502655029296875,
      "NUCLEAR": 1.763326171875,
      "HERACOMB": 2.519124548419628,
      "DYE886": 0.8314541903409091,
      "CDF": 1.0477184568132674,
      "D0": 0.9171820640563965,
      "ATLAS": 2.5723336356026785,
      "CMS": 3.0784666968173666,
      "LHCb": 2.1319000720977783,
      "total": 2.280879259109497
    }
  },
  "2600": {
    "training_loss": 8089.5947265625,
    "validation_loss": [
      2681.6025390625
    ],
    "validation_chi2s": {
      "DEUTERON": 2.07139306519162,
      "NMC": 2.5102631812002145,
      "NUCLEAR": 1.77033642578125,
      "HERACOMB": 2.5003544427210986,
      "DYE886": 0.949992526661266,
      "CDF": 1.087954384940011,
      "D0": 1.4373884201049805,
      "ATLAS": 2.519177071707589,
      "CMS": 3.0463419429591445,
      "LHCb": 2.2379651069641113,
      "total": 2.2781293392181396
    }
  },
  "2700": {
    "training_loss": 8082.8583984375,
    "validation_loss": [
      2682.26416015625
    ],
    "validation_chi2s": {
      "DEUTERON": 2.073963525876477,
      "NMC": 2.5103816612094056,
      "NUCLEAR": 1.764122802734375,
      "HERACOMB": 2.4999946145450367,
      "DYE886": 0.9500653526999734,
      "CDF": 1.0917461940220423,
      "D0": 1.449843692779541,
      "ATLAS": 2.5162241908482144,
      "CMS": 3.060817030609631,
      "LHCb": 2.2524216175079346,
      "total": 2.278744697570801
    }
  },
  "2800": {
    "training_loss": 8085.7900390625,
    "validation_loss": [
      2676.321533203125
    ],
    "validation_chi2s": {
      "DEUTERON": 2.070190733344994,
      "NMC": 2.5105477127374387,
      "NUCLEAR": 1.761581298828125,
      "HERACOMB": 2.4964344298917482,
      "DYE886": 0.9619651274247603,
      "CDF": 1.0905521937779017,
      "D0": 1.4092453002929688,
      "ATLAS": 2.513711635044643,
      "CMS": 3.0315664322649845,
      "LHCb": 2.2703728675842285,
      "total": 2.273590564727783
    }
  },
  "2900": {
    "training_loss": 8070.732421875,
    "validation_loss": [
      2679.4765625
    ],
    "validation_chi2s": {
      "DEUTERON": 2.071809683273088,
      "NMC": 2.5099618949142157,
      "NUCLEAR": 1.7469781494140626,
      "HERACOMB": 2.5069075441048816,
      "DYE886": 0.8317552913318981,
      "CDF": 1.0550616128104073,
      "D0": 0.9527613639831543,
      "ATLAS": 2.5508274623325895,
      "CMS": 3.0833582643602715,
      "LHCb": 2.2158069610595703,
      "total": 2.2763452529907227
    }
  },
  "3000": {
    "training_loss": 8059.33447265625,
    "validation_loss": [
      2674.414794921875
    ],
    "validation_chi2s": {
      "DEUTERON": 2.066948582283893,
      "NMC": 2.5117779900045956,
      "NUCLEAR": 1.747466796875,
      "HERACOMB": 2.5103743808721406,
      "DYE886": 0.8552643169056285,
      "CDF": 1.0731624875749861,
      "D0": 0.8822262763977051,
      "ATLAS": 2.5423617117745536,
      "CMS": 3.044438346487577,
      "LHCb": 2.224663257598877,
      "total": 2.2714903354644775
    }
  },
  "3100": {
    "training_loss": 8073.8544921875,
    "validation_loss": [
      2674.60205078125
    ],
    "validation_chi2s": {
      "DEUTERON": 2.064299170650653,
      "NMC": 2.5084858314663756,
      "NUCLEAR": 1.749085205078125,
      "HERACOMB": 2.499093248953227,
      "DYE886": 0.949622934514826,
      "CDF": 1.1001781054905482,
      "D0": 1.2905495643615723,
      "ATLAS": 2.516335797991071,
      "CMS": 3.0524799784675976,
      "LHCb": 2.283247232437134,
      "total": 2.2722573280334473
    }
  },
  "3200": {
    "training_loss": 8054.24267578125,
    "validation_loss": [
      2685.074951171875
    ],
    "validation_chi2s": {
      "DEUTERON": 2.07764552481732,
      "NMC": 2.5164020014744177,
      "NUCLEAR": 1.7454091796875,
      "HERACOMB": 2.503320033254187,
      "DYE886": 0.9987493861805309,
      "CDF": 1.110584122794015,
      "D0": 1.373102855682373,
      "ATLAS": 2.523510219029018,
      "CMS": 3.083433057441086,
      "LHCb": 2.2865705490112305,
      "total": 2.281252384185791
    }
  },
  "3300": {
    "training_loss": 8068.44580078125,
    "validation_loss": [
      2673.693115234375
    ],
    "validation_chi2s": {
      "DEUTERON": 2.0679470081234452,
      "NMC": 2.5099995930989585,
      "NUCLEAR": 1.74166015625,
      "HERACOMB": 2.509613037109375,
      "DYE886": 0.8664942654696378,
      "CDF": 1.055227824619838,
      "D0": 1.0430254936218262,
      "ATLAS": 2.5457421875,
      "CMS": 3.041811083183914,
      "LHCb": 2.2086331844329834,
      "total": 2.271416664123535
    }
  },
  "3400": {
    "training_loss": 8058.04296875,
    "validation_loss": [
      2671.21630859375
    ],
    "validation_chi2s": {
      "DEUTERON": 2.0752941530142257,
      "NMC": 2.511445587756587,
      "NUCLEAR": 1.74122265625,
      "HERACOMB": 2.509512508616728,
      "DYE886": 0.8771188042380593,
      "CDF": 1.06967864717756,
      "D0": 0.841379451751709,
      "ATLAS": 2.539786028180804,
      "CMS": 3.0270936059170084,
      "LHCb": 2.2238731384277344,
      "total": 2.2691874504089355
    }
  },
  "3500": {
    "training_loss": 8062.13232421875,
    "validation_loss": [
      2676.458984375
    ],
    "validation_chi2s": {
      "DEUTERON": 2.040779986784826,
      "NMC": 2.50090430764591,
      "NUCLEAR": 1.74605126953125,
      "HERACOMB": 2.53451558032067,
      "DYE886": 0.8832908110185103,
      "CDF": 1.0262347630092077,
      "D0": 0.8129949569702148,
      "ATLAS": 2.5698997279575893,
      "CMS": 3.0272106733478483,
      "LHCb": 2.194106101989746,
      "total": 2.273662567138672
    }
  },
  "3600": {
    "training_loss": 8044.29443359375,
    "validation_loss": [
      2675.8720703125
    ],
    "validation_chi2s": {
      "DEUTERON": 2.089128029287158,
      "NMC": 2.51421371160769,
      "NUCLEAR": 1.7280257568359374,
      "HERACOMB": 2.504758548113256,
      "DYE886": 0.873419154774059,
      "CDF": 1.0989727292742049,
      "D0": 0.7604248046875,
      "ATLAS": 2.548432791573661,
      "CMS": 3.0660300332991803,
      "LHCb": 2.252655267715454,
      "total": 2.273155689239502
    }
  },
  "3700": {
    "training_loss": 8063.7763671875,
    "validation_loss": [
      2668.48583984375
    ],
    "validation_chi2s": {
      "DEUTERON": 2.056588092253576,
      "NMC": 2.5089293835209867,
      "NUCLEAR": 1.7403980712890625,
      "HERACOMB": 2.501623216018178,
      "DYE886": 0.9675440354780718,
      "CDF": 1.091691289629255,
      "D0": 1.2548148155212402,
      "ATLAS": 2.538172607421875,
      "CMS": 3.0071246037717727,
      "LHCb": 2.249593734741211,
      "total": 2.2673795223236084
    }
  },
  "3800": {
    "training_loss": 8064.2060546875,
    "validation_loss": [
      2674.283203125
    ],
    "validation_chi2s": {
      "DEUTERON": 2.074188536079369,
      "NMC": 2.510180305032169,
      "NUCLEAR": 1.7347333984375,
      "HERACOMB": 2.505056343826593,
      "DYE886": 0.964078816500577,
      "CDF": 1.1388718741280692,
      "D0": 1.2671684265136718,
      "ATLAS": 2.509058837890625,
      "CMS": 3.0425194912269466,
      "LHCb": 2.3457705974578857,
      "total": 2.2724084854125977
    }
  },
  "3900": {
    "training_loss": 8048.43701171875,
    "validation_loss": [
      2687.219482421875
    ],
    "validation_chi2s": {
      "DEUTERON": 2.0805695946536846,
      "NMC": 2.502308415431602,
      "NUCLEAR": 1.73514111328125,
      "HERACOMB": 2.526871425653595,
      "DYE886": 0.9600345438176935,
      "CDF": 1.1168885912214006,
      "D0": 1.2492547035217285,
      "ATLAS": 2.5342327008928573,
      "CMS": 3.064702518650743,
      "LHCb": 2.3099396228790283,
      "total": 2.2836344242095947
    }
  },
  "4000": {
    "training_loss": 8055.29345703125,
    "validation_loss": [
      2673.12353515625
    ],
    "validation_chi2s": {
      "DEUTERON": 2.0670525849755133,
      "NMC": 2.5154730104932597,
      "NUCLEAR": 1.734480712890625,
      "HERACOMB": 2.4990527583103552,
      "DYE886": 0.9806071194735441,
      "CDF": 1.1459384645734514,
      "D0": 1.2629860877990722,
      "ATLAS": 2.5140750558035716,
      "CMS": 3.036561059170082,
      "LHCb": 2.399935722351074,
      "total": 2.2717206478118896
    }
  },
  "4100": {
    "training_loss": 8039.3125,
    "validation_loss": [
      2696.249267578125
    ],
    "validation_chi2s": {
      "DEUTERON": 2.135833740234375,
      "NMC": 2.5286326688878678,
      "NUCLEAR": 1.72330224609375,
      "HERACOMB": 2.4938910989200367,
      "DYE886": 0.8911940834738992,
      "CDF": 1.1319191115243095,
      "D0": 0.8630668640136718,
      "ATLAS": 2.5320052664620536,
      "CMS": 3.1557982397861166,
      "LHCb": 2.444504737854004,
      "total": 2.291421413421631
    }
  },
  "4200": {
    "training_loss": 8047.84765625,
    "validation_loss": [
      2671.68994140625
    ],
    "validation_chi2s": {
      "DEUTERON": 2.1025636587569965,
      "NMC": 2.532937442555147,
      "NUCLEAR": 1.731934326171875,
      "HERACOMB": 2.497318242889604,
      "DYE886": 0.919386170127175,
      "CDF": 1.097324984414237,
      "D0": 1.0770048141479491,
      "ATLAS": 2.541812744140625,
      "CMS": 2.9871355900998977,
      "LHCb": 2.2946412563323975,
      "total": 2.2706732749938965
    }
  },
  "4300": {
    "training_loss": 8034.60595703125,
    "validation_loss": [
      2670.32763671875
    ],
    "validation_chi2s": {
      "DEUTERON": 2.0860712611260106,
      "NMC": 2.526294184666054,
      "NUCLEAR": 1.72336376953125,
      "HERACOMB": 2.5014851888020835,
      "DYE886": 0.9130223014137961,
      "CDF": 1.1192850385393416,
      "D0": 0.7771668910980225,
      "ATLAS": 2.549467250279018,
      "CMS": 3.016026231109119,
      "LHCb": 2.337841510772705,
      "total": 2.2696030139923096
    }
  },
  "4400": {
    "training_loss": 8039.376953125,
    "validation_loss": [
      2667.67431640625
    ],
    "validation_chi2s": {
      "DEUTERON": 2.082262637010261,
      "NMC": 2.5140288109872855,
      "NUCLEAR": 1.7290921630859375,
      "HERACOMB": 2.5017650329988768,
      "DYE886": 0.9863155538385565,
      "CDF": 1.0831542696271623,
      "D0": 1.227345848083496,
      "ATLAS": 2.565863037109375,
      "CMS": 2.95672857565958,
      "LHCb": 2.2162725925445557,
      "total": 2.2676749229431152
    }
  },
  "4500": {
    "training_loss": 8031.23291015625,
    "validation_loss": [
      2672.037841796875
    ],
    "validation_chi2s": {
      "DEUTERON": 2.0599306021163715,
      "NMC": 2.524630677466299,
      "NUCLEAR": 1.7307672119140625,
      "HERACOMB": 2.510332892922794,
      "DYE886": 0.9161094318736683,
      "CDF": 1.1074340002877372,
      "D0": 0.8016029357910156,
      "ATLAS": 2.5535102190290178,
      "CMS": 3.020330460345159,
      "LHCb": 2.3754749298095703,
      "total": 2.2712056636810303
    }
  },
  "4600": {
    "training_loss": 8050.7060546875,
    "validation_loss": [
      2672.052490234375
    ],
    "validation_chi2s": {
      "DEUTERON": 2.065054974152674,
      "NMC": 2.5047869214824603,
      "NUCLEAR": 1.725264892578125,
      "HERACOMB": 2.5187605315563726,
      "DYE886": 0.9816591089422052,
      "CDF": 1.116159302847726,
      "D0": 1.0135013580322265,
      "ATLAS": 2.538506033761161,
      "CMS": 3.020108332399462,
      "LHCb": 2.3160693645477295,
      "total": 2.2714521884918213
    }
  },
  "4700": {
    "training_loss": 8030.60595703125,
    "validation_loss": [
      2679.527099609375
    ],
    "validation_chi2s": {
      "DEUTERON": 2.121786848229555,
      "NMC": 2.5475697236902572,
      "NUCLEAR": 1.72868798828125,
      "HERACOMB": 2.4826895520578023,
      "DYE886": 1.0212832364169033,
      "CDF": 1.1415110996791296,
      "D0": 1.305019474029541,
      "ATLAS": 2.527698277064732,
      "CMS": 2.99503438980853,
      "LHCb": 2.480208158493042,
      "total": 2.2779741287231445
    }
  },
  "4800": {
    "training_loss": 8052.9072265625,
    "validation_loss": [
      2679.87255859375
    ],
    "validation_chi2s": {
      "DEUTERON": 2.106953027829602,
      "NMC": 2.529367484298407,
      "NUCLEAR": 1.727705078125,
      "HERACOMB": 2.493497162862541,
      "DYE886": 0.9573107632723722,
      "CDF": 1.1223610469273158,
      "D0": 1.1429726600646972,
      "ATLAS": 2.5203622000558035,
      "CMS": 3.0516487496798157,
      "LHCb": 2.4483609199523926,
      "total": 2.2784786224365234
    }
  },
  "4900": {
    "training_loss": 8064.1650390625,
    "validation_loss": [
      2671.44189453125
    ],
    "validation_chi2s": {
      "DEUTERON": 2.0672323502118313,
      "NMC": 2.510329601811428,
      "NUCLEAR": 1.73157666015625,
      "HERACOMB": 2.5081049102583743,
      "DYE886": 0.9528222517533735,
      "CDF": 1.0700153623308455,
      "D0": 0.9930898666381835,
      "ATLAS": 2.5494989885602677,
      "CMS": 3.00781750288166,
      "LHCb": 2.3605470657348633,
      "total": 2.2712173461914062
    }
  },
  "5000": {
    "training_loss": 8040.5634765625,
    "validation_loss": [
      2670.045166015625
    ],
    "validation_chi2s": {
      "DEUTERON": 2.068332956798041,
      "NMC": 2.5168570724188113,
      "NUCLEAR": 1.7244703369140626,
      "HERACOMB": 2.5068612690844567,
      "DYE886": 0.9354033036665483,
      "CDF": 1.0711536407470703,
      "D0": 0.7301424980163574,
      "ATLAS": 2.5470424107142855,
      "CMS": 3.0345326408011015,
      "LHCb": 2.3711140155792236,
      "total": 2.2699923515319824
    }
  },
  "5100": {
    "training_loss": 8028.392578125,
    "validation_loss": [
      2665.42236328125
    ],
    "validation_chi2s": {
      "DEUTERON": 2.0531649613261815,
      "NMC": 2.5157177495021448,
      "NUCLEAR": 1.725007080078125,
      "HERACOMB": 2.5038438186146856,
      "DYE886": 0.9289080879905007,
      "CDF": 1.0619762284415108,
      "D0": 0.7324622631072998,
      "ATLAS": 2.558489990234375,
      "CMS": 3.0159977146836576,
      "LHCb": 2.3628954887390137,
      "total": 2.266080141067505
    }
  },
  "5200": {
    "training_loss": 8028.83203125,
    "validation_loss": [
      2666.512939453125
    ],
    "validation_chi2s": {
      "DEUTERON": 2.0806171170514616,
      "NMC": 2.529536527745864,
      "NUCLEAR": 1.721405517578125,
      "HERACOMB": 2.4982377594592524,
      "DYE886": 0.9555181156505238,
      "CDF": 1.0622318131583077,
      "D0": 0.7403181076049805,
      "ATLAS": 2.5547823660714286,
      "CMS": 3.0076481553374745,
      "LHCb": 2.312075614929199,
      "total": 2.2669124603271484
    }
  },
  "5300": {
    "training_loss": 8024.8369140625,
    "validation_loss": [
      2667.387451171875
    ],
    "validation_chi2s": {
      "DEUTERON": 2.0539807371832244,
      "NMC": 2.51983642578125,
      "NUCLEAR": 1.7248670654296876,
      "HERACOMB": 2.5067854737923816,
      "DYE886": 0.9329131733287465,
      "CDF": 1.0490398406982422,
      "D0": 0.6647718906402588,
      "ATLAS": 2.5611240931919643,
      "CMS": 3.0248187956262806,
      "LHCb": 2.362421989440918,
      "total": 2.267850399017334
    }
  },
  "5400": {
    "training_loss": 8034.62548828125,
    "validation_loss": [
      2682.258056640625
    ],
    "validation_chi2s": {
      "DEUTERON": 2.1266763411944187,
      "NMC": 2.5348947562423407,
      "NUCLEAR": 1.7200484619140626,
      "HERACOMB": 2.500402512893178,
      "DYE886": 1.0052348917180842,
      "CDF": 1.1155882562909807,
      "D0": 1.2173044204711914,
      "ATLAS": 2.49998779296875,
      "CMS": 3.063929073146132,
      "LHCb": 2.396542549133301,
      "total": 2.280578851699829
    }
  },
  "5500": {
    "training_loss": 8023.2275390625,
    "validation_loss": [
      2675.347900390625
    ],
    "validation_chi2s": {
      "DEUTERON": 2.1179355602359298,
      "NMC": 2.5312601725260415,
      "NUCLEAR": 1.72020458984375,
      "HERACOMB": 2.493066725388072,
      "DYE886": 1.0926146940751509,
      "CDF": 1.1187373570033483,
      "D0": 1.3119588851928712,
      "ATLAS": 2.528195277622768,
      "CMS": 2.985941152103612,
      "LHCb": 2.367140769958496,
      "total": 2.2748169898986816
    }
  },
  "5600": {
    "training_loss": 8025.49853515625,
    "validation_loss": [
      2695.613525390625
    ],
    "validation_chi2s": {
      "DEUTERON": 2.176664589649409,
      "NMC": 2.5635103711894915,
      "NUCLEAR": 1.7115205078125,
      "HERACOMB": 2.485046586180045,
      "DYE886": 0.9434269991787997,
      "CDF": 1.1393070220947266,
      "D0": 1.1691226005554198,
      "ATLAS": 2.4903676060267856,
      "CMS": 3.1396957147316855,
      "LHCb": 2.487157106399536,
      "total": 2.292024850845337
    }
  },
  "5700": {
    "training_loss": 8027.3779296875,
    "validation_loss": [
      2667.48828125
    ],
    "validation_chi2s": {
      "DEUTERON": 2.0618544241682213,
      "NMC": 2.5156109379787073,
      "NUCLEAR": 1.7240224609375,
      "HERACOMB": 2.506939657373366,
      "DYE886": 0.937994350086559,
      "CDF": 1.02816527230399,
      "D0": 0.6463845729827881,
      "ATLAS": 2.5627169363839286,
      "CMS": 3.0241566642386015,
      "LHCb": 2.3313076496124268,
      "total": 2.2680094242095947
    }
  },
  "5800": {
    "training_loss": 8023.31884765625,
    "validation_loss": [
      2675.350341796875
    ],
    "validation_chi2s": {
      "DEUTERON": 2.1065945601581935,
      "NMC": 2.5333709716796875,
      "NUCLEAR": 1.722190185546875,
      "HERACOMB": 2.4975272783266953,
      "DYE886": 1.0589354254982688,
      "CDF": 1.0915017809186662,
      "D0": 1.1272470474243164,
      "ATLAS": 2.5191741071428573,
      "CMS": 3.0266853707735657,
      "LHCb": 2.358640670776367,
      "total": 2.274843215942383
    }
  },
  "5900": {
    "training_loss": 8020.7060546875,
    "validation_loss": [
      2672.575439453125
    ],
    "validation_chi2s": {
      "DEUTERON": 2.0780846135533273,
      "NMC": 2.5236226998123468,
      "NUCLEAR": 1.723521484375,
      "HERACOMB": 2.5073535395603552,
      "DYE886": 0.9385792125355114,
      "CDF": 1.0236777578081404,
      "D0": 0.5983321666717529,
      "ATLAS": 2.5717161342075894,
      "CMS": 3.028408613361296,
      "LHCb": 2.327465772628784,
      "total": 2.272383689880371
    }
  },
  "6000": {
    "training_loss": 8019.42138671875,
    "validation_loss": [
      2667.054443359375
    ],
    "validation_chi2s": {
      "DEUTERON": 2.0481171109783114,
      "NMC": 2.5203863405713847,
      "NUCLEAR": 1.726062255859375,
      "HERACOMB": 2.515527662888072,
      "DYE886": 0.948432748967951,
      "CDF": 1.047112056187221,
      "D0": 0.7059276580810547,
      "ATLAS": 2.5474415806361606,
      "CMS": 3.0182860327548666,
      "LHCb": 2.3703367710113525,
      "total": 2.267531394958496
    }
  },
  "6100": {
    "training_loss": 8025.55029296875,
    "validation_loss": [
      2671.162841796875
    ],
    "validation_chi2s": {
      "DEUTERON": 2.0714837069535137,
      "NMC": 2.520316329656863,
      "NUCLEAR": 1.7247908935546874,
      "HERACOMB": 2.5156056522543913,
      "DYE886": 0.9535742673006925,
      "CDF": 1.0426367350987025,
      "D0": 0.6622605800628663,
      "ATLAS": 2.5516610281808036,
      "CMS": 3.023078042952741,
      "LHCb": 2.3328866958618164,
      "total": 2.271076202392578
    }
  },
  "6200": {
    "training_loss": 8015.48388671875,
    "validation_loss": [
      2667.878662109375
    ],
    "validation_chi2s": {
      "DEUTERON": 2.046001225561645,
      "NMC": 2.5182381424249387,
      "NUCLEAR": 1.725343994140625,
      "HERACOMB": 2.5205742331112133,
      "DYE886": 0.9480893395163796,
      "CDF": 1.041811806815011,
      "D0": 0.6610358238220215,
      "ATLAS": 2.5542182268415177,
      "CMS": 3.0165207659611935,
      "LHCb": 2.35713791847229,
      "total": 2.2682836055755615
    }
  },
  "6300": {
    "training_loss": 8021.66015625,
    "validation_loss": [
      2672.296142578125
    ],
    "validation_chi2s": {
      "DEUTERON": 2.094772111124067,
      "NMC": 2.5384479597503065,
      "NUCLEAR": 1.71974755859375,
      "HERACOMB": 2.494305180568321,
      "DYE886": 0.9522255117242987,
      "CDF": 1.0533873013087682,
      "D0": 0.6469108104705811,
      "ATLAS": 2.5548420061383927,
      "CMS": 3.0401738901607325,
      "LHCb": 2.3667519092559814,
      "total": 2.2723050117492676
    }
  },
  "6400": {
    "training_loss": 8013.11669921875,
    "validation_loss": [
      2666.80810546875
    ],
    "validation_chi2s": {
      "DEUTERON": 2.0472849376166047,
      "NMC": 2.525600657743566,
      "NUCLEAR": 1.72589501953125,
      "HERACOMB": 2.51338245666105,
      "DYE886": 0.9583036249334161,
      "CDF": 1.058088915688651,
      "D0": 0.6981903553009033,
      "ATLAS": 2.548932059151786,
      "CMS": 3.017974353227459,
      "LHCb": 2.3695154190063477,
      "total": 2.2673728466033936
    }
  },
  "6500": {
    "training_loss": 8021.18310546875,
    "validation_loss": [
      2668.86865234375
    ],
    "validation_chi2s": {
      "DEUTERON": 2.069776696352223,
      "NMC": 2.524998982747396,
      "NUCLEAR": 1.723619140625,
      "HERACOMB": 2.5091744217218137,
      "DYE886": 0.9629871195012872,
      "CDF": 1.0363431658063615,
      "D0": 0.6488386154174804,
      "ATLAS": 2.557611083984375,
      "CMS": 3.0202401583311986,
      "LHCb": 2.31797194480896,
      "total": 2.2692747116088867
    }
  },
  "6600": {
    "training_loss": 8013.65576171875,
    "validation_loss": [
      2671.216796875
    ],
    "validation_chi2s": {
      "DEUTERON": 2.076869831749456,
      "NMC": 2.5380009669883576,
      "NUCLEAR": 1.7199932861328124,
      "HERACOMB": 2.495975269990809,
      "DYE886": 1.0225197185169568,
      "CDF": 1.0930847440447127,
      "D0": 1.0987265586853028,
      "ATLAS": 2.5282046944754466,
      "CMS": 3.026970284884093,
      "LHCb": 2.426623821258545,
      "total": 2.2714014053344727
    }
  },
  "6700": {
    "training_loss": 8012.6455078125,
    "validation_loss": [
      2678.774658203125
    ],
    "validation_chi2s": {
      "DEUTERON": 2.0753627796078202,
      "NMC": 2.5171625473920036,
      "NUCLEAR": 1.7247591552734376,
      "HERACOMB": 2.5213433558644813,
      "DYE886": 1.0758634914051404,
      "CDF": 1.0782180513654436,
      "D0": 1.0520173072814942,
      "ATLAS": 2.5347426060267857,
      "CMS": 3.0329137082959785,
      "LHCb": 2.3440182209014893,
      "total": 2.277707815170288
    }
  },
  "6800": {
    "training_loss": 8014.50732421875,
    "validation_loss": [
      2690.83984375
    ],
    "validation_chi2s": {
      "DEUTERON": 2.1464026911341727,
      "NMC": 2.556876388250613,
      "NUCLEAR": 1.7206873779296874,
      "HERACOMB": 2.4931265637765523,
      "DYE886": 1.0154325311834163,
      "CDF": 1.0913731030055456,
      "D0": 1.4665618896484376,
      "ATLAS": 2.5160384695870537,
      "CMS": 3.0589171862993085,
      "LHCb": 2.4289634227752686,
      "total": 2.2880632877349854
    }
  },
  "6900": {
    "training_loss": 8011.13232421875,
    "validation_loss": [
      2666.478759765625
    ],
    "validation_chi2s": {
      "DEUTERON": 2.053304643773321,
      "NMC": 2.527357213637408,
      "NUCLEAR": 1.7235675048828125,
      "HERACOMB": 2.510083366842831,
      "DYE886": 0.9671357761729847,
      "CDF": 1.0424438204084123,
      "D0": 0.6700785636901856,
      "ATLAS": 2.5529183523995536,
      "CMS": 3.0162250956550976,
      "LHCb": 2.3662798404693604,
      "total": 2.2672815322875977
    }
  },
  "7000": {
    "training_loss": 8009.2548828125,
    "validation_loss": [
      2670.536865234375
    ],
    "validation_chi2s": {
      "DEUTERON": 2.056348810148476,
      "NMC": 2.5234294218175553,
      "NUCLEAR": 1.726263916015625,
      "HERACOMB": 2.521211910871119,
      "DYE886": 0.96715970472856,
      "CDF": 1.012017045702253,
      "D0": 0.6055662631988525,
      "ATLAS": 2.5666830008370534,
      "CMS": 3.015869140625,
      "LHCb": 2.3042635917663574,
      "total": 2.2706947326660156
    }
  },
  "7100": {
    "training_loss": 8023.943359375,
    "validation_loss": [
      2673.91455078125
    ],
    "validation_chi2s": {
      "DEUTERON": 2.1042430365263525,
      "NMC": 2.5321972416896448,
      "NUCLEAR": 1.722746337890625,
      "HERACOMB": 2.501934974022161,
      "DYE886": 0.9668697010387074,
      "CDF": 1.0372615541730608,
      "D0": 0.786739730834961,
      "ATLAS": 2.5527811104910714,
      "CMS": 3.0227120821593236,
      "LHCb": 2.2998299598693848,
      "total": 2.2737033367156982
    }
  },
  "7200": {
    "training_loss": 8013.6875,
    "validation_loss": [
      2672.158447265625
    ],
    "validation_chi2s": {
      "DEUTERON": 2.0719238584907496,
      "NMC": 2.536825741038603,
      "NUCLEAR": 1.721738037109375,
      "HERACOMB": 2.5019942140267566,
      "DYE886": 1.0273849313909358,
      "CDF": 1.0974373817443848,
      "D0": 1.065208339691162,
      "ATLAS": 2.5171170479910714,
      "CMS": 3.0403007132108093,
      "LHCb": 2.4340925216674805,
      "total": 2.272210121154785
    }
  },
  "7300": {
    "training_loss": 8012.7578125,
    "validation_loss": [
      2671.436767578125
    ],
    "validation_chi2s": {
      "DEUTERON": 2.071064204125855,
      "NMC": 2.5229190003638173,
      "NUCLEAR": 1.724334716796875,
      "HERACOMB": 2.505870345371221,
      "DYE886": 1.0402274565263228,
      "CDF": 1.043910299028669,
      "D0": 0.994107437133789,
      "ATLAS": 2.557997349330357,
      "CMS": 2.9998894363153177,
      "LHCb": 2.3374879360198975,
      "total": 2.2716002464294434
    }
  },
  "7400": {
    "training_loss": 8049.28173828125,
    "validation_loss": [
      2661.480224609375
    ],
    "validation_chi2s": {
      "DEUTERON": 2.0631306966145835,
      "NMC": 2.5286386527267157,
      "NUCLEAR": 1.7302117919921876,
      "HERACOMB": 2.505622614442913,
      "DYE886": 1.088630502874201,
      "CDF": 1.009265354701451,
      "D0": 1.1428215026855468,
      "ATLAS": 2.581188441685268,
      "CMS": 2.9092209612736935,
      "LHCb": 2.169480323791504,
      "total": 2.2631144523620605
    }
  },
  "7500": {
    "training_loss": 8023.18359375,
    "validation_loss": [
      2667.785400390625
    ],
    "validation_chi2s": {
      "DEUTERON": 2.0698254333799753,
      "NMC": 2.5323848350375306,
      "NUCLEAR": 1.7214000244140626,
      "HERACOMB": 2.49888600866779,
      "DYE886": 1.0243033495816318,
      "CDF": 1.082169669015067,
      "D0": 0.9688902854919433,
      "ATLAS": 2.5275455147879464,
      "CMS": 3.019715606189165,
      "LHCb": 2.407214403152466,
      "total": 2.268495559692383
    }
  },
  "7600": {
    "training_loss": 8009.63916015625,
    "validation_loss": [
      2672.798828125
    ],
    "validation_chi2s": {
      "DEUTERON": 2.071684424556903,
      "NMC": 2.520069496304381,
      "NUCLEAR": 1.724561279296875,
      "HERACOMB": 2.518008163551879,
      "DYE886": 1.0554381283846768,
      "CDF": 1.059105464390346,
      "D0": 0.9881477355957031,
      "ATLAS": 2.525405970982143,
      "CMS": 3.0136958888319674,
      "LHCb": 2.3765063285827637,
      "total": 2.2727575302124023
    }
  },
  "7700": {
    "training_loss": 8004.81005859375,
    "validation_loss": [
      2670.51171875
    ],
    "validation_chi2s": {
      "DEUTERON": 2.0934762527693564,
      "NMC": 2.5290338852826286,
      "NUCLEAR": 1.721786376953125,
      "HERACOMB": 2.5109967001123366,
      "DYE886": 0.9789388830011542,
      "CDF": 1.0159309932163783,
      "D0": 0.6244534492492676,
      "ATLAS": 2.5631100027901788,
      "CMS": 3.010854502193263,
      "LHCb": 2.221038341522217,
      "total": 2.270761489868164
    }
  },
  "7800": {
    "training_loss": 8005.12109375,
    "validation_loss": [
      2664.070556640625
    ],
    "validation_chi2s": {
      "DEUTERON": 2.049227738261816,
      "NMC": 2.5297160429113053,
      "NUCLEAR": 1.7221041259765626,
      "HERACOMB": 2.5055777356515523,
      "DYE886": 0.9857607754794034,
      "CDF": 1.0282904079982214,
      "D0": 0.6606605529785157,
      "ATLAS": 2.564114292689732,
      "CMS": 3.006813174388448,
      "LHCb": 2.3387529850006104,
      "total": 2.2653281688690186
    }
  },
  "7900": {
    "training_loss": 8020.86474609375,
    "validation_loss": [
      2667.54248046875
    ],
    "validation_chi2s": {
      "DEUTERON": 2.071261277839319,
      "NMC": 2.529915603936887,
      "NUCLEAR": 1.721181884765625,
      "HERACOMB": 2.505380867353452,
      "DYE886": 1.0286590402776545,
      "CDF": 1.0524723189217704,
      "D0": 0.9155041694641113,
      "ATLAS": 2.5231743512834823,
      "CMS": 3.0172879578637297,
      "LHCb": 2.3875505924224854,
      "total": 2.2682909965515137
    }
  },
  "8000": {
    "training_loss": 7995.634765625,
    "validation_loss": [
      2674.8681640625
    ],
    "validation_chi2s": {
      "DEUTERON": 2.0869644696439678,
      "NMC": 2.54118377087163,
      "NUCLEAR": 1.7215142822265626,
      "HERACOMB": 2.4935286777471406,
      "DYE886": 1.0211936777288264,
      "CDF": 1.051065172467913,
      "D0": 1.02838191986084,
      "ATLAS": 2.5313255092075893,
      "CMS": 3.040273447505763,
      "LHCb": 2.4483423233032227,
      "total": 2.2745139598846436
    }
  },
  "8100": {
    "training_loss": 8022.7470703125,
    "validation_loss": [
      2669.056640625
    ],
    "validation_chi2s": {
      "DEUTERON": 2.100261327639148,
      "NMC": 2.5317975212545956,
      "NUCLEAR": 1.7249434814453124,
      "HERACOMB": 2.5038934844771243,
      "DYE886": 0.9919287941672585,
      "CDF": 0.9670756884983608,
      "D0": 0.9546456336975098,
      "ATLAS": 2.5664568219866073,
      "CMS": 2.962191222143955,
      "LHCb": 2.2385857105255127,
      "total": 2.2695508003234863
    }
  },
  "8200": {
    "training_loss": 7991.150390625,
    "validation_loss": [
      2668.259033203125
    ],
    "validation_chi2s": {
      "DEUTERON": 2.0707096840018657,
      "NMC": 2.526788449754902,
      "NUCLEAR": 1.7214185791015626,
      "HERACOMB": 2.5205155914905024,
      "DYE886": 0.9930085268887606,
      "CDF": 0.9982242584228516,
      "D0": 0.554755163192749,
      "ATLAS": 2.566823207310268,
      "CMS": 2.99951171875,
      "LHCb": 2.245015859603882,
      "total": 2.2687649726867676
    }
  },
  "8300": {
    "training_loss": 7992.61376953125,
    "validation_loss": [
      2673.944091796875
    ],
    "validation_chi2s": {
      "DEUTERON": 2.0890575807486007,
      "NMC": 2.5369244743795956,
      "NUCLEAR": 1.724577880859375,
      "HERACOMB": 2.51803568921058,
      "DYE886": 0.9841407429088246,
      "CDF": 0.962322643824986,
      "D0": 0.5514253616333008,
      "ATLAS": 2.575507986886161,
      "CMS": 3.004068093221696,
      "LHCb": 2.2451772689819336,
      "total": 2.273728370666504
    }
  },
  "8400": {
    "training_loss": 7998.72216796875,
    "validation_loss": [
      2682.755615234375
    ],
    "validation_chi2s": {
      "DEUTERON": 2.12915479365866,
      "NMC": 2.564468982172947,
      "NUCLEAR": 1.7225970458984374,
      "HERACOMB": 2.499218909569036,
      "DYE886": 1.027998837557706,
      "CDF": 1.0297486441476005,
      "D0": 1.1789775848388673,
      "ATLAS": 2.521743687220982,
      "CMS": 3.029421196609247,
      "LHCb": 2.376534938812256,
      "total": 2.2812209129333496
    }
  },
  "8500": {
    "training_loss": 8002.31005859375,
    "validation_loss": [
      2672.258056640625
    ],
    "validation_chi2s": {
      "DEUTERON": 2.1142266876068874,
      "NMC": 2.5549549775965072,
      "NUCLEAR": 1.7197520751953126,
      "HERACOMB": 2.4885202046313317,
      "DYE886": 1.006095452742143,
      "CDF": 0.9872653143746513,
      "D0": 0.7209580421447754,
      "ATLAS": 2.5498128836495537,
      "CMS": 3.0210471231429303,
      "LHCb": 2.328298330307007,
      "total": 2.2723066806793213
    }
  },
  "8600": {
    "training_loss": 8011.55029296875,
    "validation_loss": [
      2673.645263671875
    ],
    "validation_chi2s": {
      "DEUTERON": 2.0955166792988185,
      "NMC": 2.537948010014553,
      "NUCLEAR": 1.725835693359375,
      "HERACOMB": 2.529593274484273,
      "DYE886": 1.0146940404718572,
      "CDF": 1.0119891166687012,
      "D0": 0.7441020011901855,
      "ATLAS": 2.5131597028459822,
      "CMS": 3.0157888443743595,
      "LHCb": 2.270493984222412,
      "total": 2.2732839584350586
    }
  },
  "8700": {
    "training_loss": 7998.4189453125,
    "validation_loss": [
      2673.019287109375
    ],
    "validation_chi2s": {
      "DEUTERON": 2.069501430834111,
      "NMC": 2.5399002374387254,
      "NUCLEAR": 1.7229886474609375,
      "HERACOMB": 2.5085764367595997,
      "DYE886": 1.042955918745561,
      "CDF": 1.0267415046691895,
      "D0": 0.9941695213317872,
      "ATLAS": 2.5257094029017857,
      "CMS": 3.0349256171554817,
      "LHCb": 2.3994390964508057,
      "total": 2.2729525566101074
    }
  },
  "8800": {
    "training_loss": 8010.60400390625,
    "validation_loss": [
      2683.00244140625
    ],
    "validation_chi2s": {
      "DEUTERON": 2.128268113776819,
      "NMC": 2.5618082682291665,
      "NUCLEAR": 1.7243319091796876,
      "HERACOMB": 2.4952350691253065,
      "DYE886": 1.0617857846346768,
      "CDF": 0.9835480281284877,
      "D0": 1.2867348670959473,
      "ATLAS": 2.5384261648995534,
      "CMS": 3.009524235959913,
      "LHCb": 2.356130361557007,
      "total": 2.2814226150512695
    }
  },
  "8900": {
    "training_loss": 8004.57275390625,
    "validation_loss": [
      2672.62939453125
    ],
    "validation_chi2s": {
      "DEUTERON": 2.082541394589552,
      "NMC": 2.538953893324908,
      "NUCLEAR": 1.7230692138671875,
      "HERACOMB": 2.5235362333409928,
      "DYE886": 1.0721678300337358,
      "CDF": 1.0208097866603307,
      "D0": 0.9059207916259766,
      "ATLAS": 2.5082090541294644,
      "CMS": 3.019523995821593,
      "LHCb": 2.3254506587982178,
      "total": 2.272595167160034
    }
  },
  "9000": {
    "training_loss": 7977.6337890625,
    "validation_loss": [
      2689.2060546875
    ],
    "validation_chi2s": {
      "DEUTERON": 2.111955329553405,
      "NMC": 2.5675359987745097,
      "NUCLEAR": 1.723912841796875,
      "HERACOMB": 2.5157909517973858,
      "DYE886": 1.0040343024513938,
      "CDF": 1.0811623164585658,
      "D0": 0.8526438713073731,
      "ATLAS": 2.482623814174107,
      "CMS": 3.0864803126600924,
      "LHCb": 2.6082541942596436,
      "total": 2.286492109298706
    }
  },
  "9100": {
    "training_loss": 7989.779296875,
    "validation_loss": [
      2682.16552734375
    ],
    "validation_chi2s": {
      "DEUTERON": 2.1135805044601215,
      "NMC": 2.539302751129749,
      "NUCLEAR": 1.7244990234375,
      "HERACOMB": 2.52598641588797,
      "DYE886": 1.1017514142123135,
      "CDF": 1.0282100949968611,
      "D0": 1.1490246772766113,
      "ATLAS": 2.514073486328125,
      "CMS": 3.0090236976498463,
      "LHCb": 2.304654121398926,
      "total": 2.2807395458221436
    }
  },
  "9200": {
    "training_loss": 8027.02099609375,
    "validation_loss": [
      2682.450439453125
    ],
    "validation_chi2s": {
      "DEUTERON": 2.1406312249786223,
      "NMC": 2.5628895479090072,
      "NUCLEAR": 1.7257392578125,
      "HERACOMB": 2.4979992037505108,
      "DYE886": 1.097373442216353,
      "CDF": 0.9774504389081683,
      "D0": 1.3430418014526366,
      "ATLAS": 2.5440028599330358,
      "CMS": 2.965414328653304,
      "LHCb": 2.319786310195923,
      "total": 2.2809743881225586
    }
  },
  "9300": {
    "training_loss": 8005.5888671875,
    "validation_loss": [
      2672.0888671875
    ],
    "validation_chi2s": {
      "DEUTERON": 2.1014955435226215,
      "NMC": 2.534016627891391,
      "NUCLEAR": 1.7230792236328125,
      "HERACOMB": 2.5225941776450163,
      "DYE886": 1.1059587652033025,
      "CDF": 0.9956248828342983,
      "D0": 1.0427489280700684,
      "ATLAS": 2.5271470424107143,
      "CMS": 2.9571668280929817,
      "LHCb": 2.2811107635498047,
      "total": 2.2721664905548096
    }
  },
  "9400": {
    "training_loss": 8000.1552734375,
    "validation_loss": [
      2674.60888671875
    ],
    "validation_chi2s": {
      "DEUTERON": 2.057407512000544,
      "NMC": 2.523639155369179,
      "NUCLEAR": 1.7251153564453126,
      "HERACOMB": 2.5433303733277164,
      "DYE886": 1.1255865097045898,
      "CDF": 0.9781317029680524,
      "D0": 0.9367708206176758,
      "ATLAS": 2.573737269810268,
      "CMS": 2.9592097548187755,
      "LHCb": 2.200018882751465,
      "total": 2.2743098735809326
    }
  },
  "9500": {
    "training_loss": 7975.765625,
    "validation_loss": [
      2679.2392578125
    ],
    "validation_chi2s": {
      "DEUTERON": 2.0690757030278295,
      "NMC": 2.5317690980200673,
      "NUCLEAR": 1.7252613525390625,
      "HERACOMB": 2.5374468635110294,
      "DYE886": 1.1146885265003552,
      "CDF": 1.0368973868233817,
      "D0": 1.1549906730651855,
      "ATLAS": 2.5150601632254466,
      "CMS": 3.007755717293161,
      "LHCb": 2.3760900497436523,
      "total": 2.2782540321350098
    }
  },
  "9600": {
    "training_loss": 8007.66796875,
    "validation_loss": [
      2677.60302734375
    ],
    "validation_chi2s": {
      "DEUTERON": 2.152489809254509,
      "NMC": 2.562540390912224,
      "NUCLEAR": 1.7171690673828126,
      "HERACOMB": 2.4957712210860907,
      "DYE886": 1.0094032287597656,
      "CDF": 0.912879194532122,
      "D0": 0.6846955299377442,
      "ATLAS": 2.599332972935268,
      "CMS": 2.955503369941086,
      "LHCb": 2.1985838413238525,
      "total": 2.2768635749816895
    }
  },
  "9700": {
    "training_loss": 7970.716796875,
    "validation_loss": [
      2677.042724609375
    ],
    "validation_chi2s": {
      "DEUTERON": 2.071557192067009,
      "NMC": 2.534391814587163,
      "NUCLEAR": 1.726104248046875,
      "HERACOMB": 2.546407263263378,
      "DYE886": 1.0146780014038086,
      "CDF": 0.9377493177141462,
      "D0": 0.45539159774780275,
      "ATLAS": 2.570224609375,
      "CMS": 3.002354105965036,
      "LHCb": 2.2160377502441406,
      "total": 2.2761857509613037
    }
  },
  "9800": {
    "training_loss": 7986.68359375,
    "validation_loss": [
      2676.259033203125
    ],
    "validation_chi2s": {
      "DEUTERON": 2.12976757448111,
      "NMC": 2.5558214374617036,
      "NUCLEAR": 1.7181470947265625,
      "HERACOMB": 2.508292204414318,
      "DYE886": 1.0319855429909446,
      "CDF": 0.9674696241106305,
      "D0": 0.6636994838714599,
      "ATLAS": 2.537039446149554,
      "CMS": 3.003197591812884,
      "LHCb": 2.3208096027374268,
      "total": 2.2757272720336914
    }
  },
  "9900": {
    "training_loss": 7980.662109375,
    "validation_loss": [
      2673.48779296875
    ],
    "validation_chi2s": {
      "DEUTERON": 2.094523871122901,
      "NMC": 2.5482150807100186,
      "NUCLEAR": 1.7148101806640625,
      "HERACOMB": 2.5285175797206905,
      "DYE886": 1.0663166046142578,
      "CDF": 1.0160112380981445,
      "D0": 0.7531445980072021,
      "ATLAS": 2.4983192661830356,
      "CMS": 3.034611436187244,
      "LHCb": 2.32804274559021,
      "total": 2.273312568664551
    }
  },
  "10000": {
    "training_loss": 7991.9775390625,
    "validation_loss": [
      2661.77880859375
    ],
    "validation_chi2s": {
      "DEUTERON": 2.071448786341729,
      "NMC": 2.5451214360255823,
      "NUCLEAR": 1.7174283447265626,
      "HERACOMB": 2.5178266537734886,
      "DYE886": 1.0652523907748135,
      "CDF": 0.9962477002825055,
      "D0": 0.7390541553497314,
      "ATLAS": 2.5228866141183035,
      "CMS": 2.966726084224513,
      "LHCb": 2.329918146133423,
      "total": 2.263416290283203
    }
  },
  "10100": {
    "training_loss": 7987.060546875,
    "validation_loss": [
      2670.961181640625
    ],
    "validation_chi2s": {
      "DEUTERON": 2.1062521863339554,
      "NMC": 2.555685903511795,
      "NUCLEAR": 1.723070068359375,
      "HERACOMB": 2.519942539190155,
      "DYE886": 1.0638188448819248,
      "CDF": 0.9827220780508858,
      "D0": 0.6883774280548096,
      "ATLAS": 2.5262360491071427,
      "CMS": 2.9572033491290983,
      "LHCb": 2.3546996116638184,
      "total": 2.271219253540039
    }
  },
  "10200": {
    "training_loss": 8010.49072265625,
    "validation_loss": [
      2676.234130859375
    ],
    "validation_chi2s": {
      "DEUTERON": 2.128401267587842,
      "NMC": 2.577466179342831,
      "NUCLEAR": 1.7126407470703124,
      "HERACOMB": 2.5013298084533293,
      "DYE886": 1.0289461829445579,
      "CDF": 1.0247998918805803,
      "D0": 0.6742207527160644,
      "ATLAS": 2.5092508370535715,
      "CMS": 3.033104318087218,
      "LHCb": 2.428032159805298,
      "total": 2.2757091522216797
    }
  },
  "10300": {
    "training_loss": 7986.3349609375,
    "validation_loss": [
      2680.046142578125
    ],
    "validation_chi2s": {
      "DEUTERON": 2.118293268763604,
      "NMC": 2.57234161975337,
      "NUCLEAR": 1.7161519775390626,
      "HERACOMB": 2.5034403084150325,
      "DYE886": 1.0315005562522195,
      "CDF": 1.0373213631766183,
      "D0": 0.9552101135253906,
      "ATLAS": 2.50500244140625,
      "CMS": 3.032659061619493,
      "LHCb": 2.503838539123535,
      "total": 2.2789506912231445
    }
  },
  "10400": {
    "training_loss": 8001.24755859375,
    "validation_loss": [
      2667.09521484375
    ],
    "validation_chi2s": {
      "DEUTERON": 2.0990548964163556,
      "NMC": 2.5592044007544423,
      "NUCLEAR": 1.7102530517578125,
      "HERACOMB": 2.5272715450112337,
      "DYE886": 1.1017020832408557,
      "CDF": 1.0424580574035645,
      "D0": 0.6759589195251465,
      "ATLAS": 2.4991751534598214,
      "CMS": 3.002682044857838,
      "LHCb": 2.2431278228759766,
      "total": 2.2679378986358643
    }
  },
  "10500": {
    "training_loss": 7999.4189453125,
    "validation_loss": [
      2661.322998046875
    ],
    "validation_chi2s": {
      "DEUTERON": 2.063382125019434,
      "NMC": 2.534891165939032,
      "NUCLEAR": 1.721329833984375,
      "HERACOMB": 2.536605934691585,
      "DYE886": 1.0523515181107954,
      "CDF": 0.9443631853376117,
      "D0": 0.523902177810669,
      "ATLAS": 2.542945556640625,
      "CMS": 2.9368083516105274,
      "LHCb": 2.2644455432891846,
      "total": 2.2630295753479004
    }
  },
  "10600": {
    "training_loss": 8005.3486328125,
    "validation_loss": [
      2660.5322265625
    ],
    "validation_chi2s": {
      "DEUTERON": 2.0910819134308922,
      "NMC": 2.568525426528033,
      "NUCLEAR": 1.7142811279296875,
      "HERACOMB": 2.501608256421058,
      "DYE886": 1.0746111436323686,
      "CDF": 0.8718840735299247,
      "D0": 0.5433291435241699,
      "ATLAS": 2.6082486397879463,
      "CMS": 2.913291806080302,
      "LHCb": 2.128894805908203,
      "total": 2.262357711791992
    }
  },
  "10700": {
    "training_loss": 7964.3310546875,
    "validation_loss": [
      2678.58642578125
    ],
    "validation_chi2s": {
      "DEUTERON": 2.020606349356732,
      "NMC": 2.5078289555568323,
      "NUCLEAR": 1.727768798828125,
      "HERACOMB": 2.566629846111622,
      "DYE886": 1.07654484835538,
      "CDF": 0.9236158643450055,
      "D0": 0.6651007175445557,
      "ATLAS": 2.626052943638393,
      "CMS": 2.9553360235495645,
      "LHCb": 2.1969923973083496,
      "total": 2.277709484100342
    }
  },
  "10800": {
    "training_loss": 7971.4560546875,
    "validation_loss": [
      2666.456298828125
    ],
    "validation_chi2s": {
      "DEUTERON": 2.0912870340679417,
      "NMC": 2.555176678825827,
      "NUCLEAR": 1.707283203125,
      "HERACOMB": 2.5234452789905024,
      "DYE886": 1.0897391926158557,
      "CDF": 0.9945870808192662,
      "D0": 0.6481922149658204,
      "ATLAS": 2.5359218052455357,
      "CMS": 2.9803887038934427,
      "LHCb": 2.2494077682495117,
      "total": 2.267390012741089
    }
  },
  "10900": {
    "training_loss": 7997.6376953125,
    "validation_loss": [
      2683.9521484375
    ],
    "validation_chi2s": {
      "DEUTERON": 2.120607746181203,
      "NMC": 2.543328977098652,
      "NUCLEAR": 1.72072900390625,
      "HERACOMB": 2.529122545828227,
      "DYE886": 1.113203222101385,
      "CDF": 0.9143799373081752,
      "D0": 1.0638799667358398,
      "ATLAS": 2.5736893136160712,
      "CMS": 2.953299350425845,
      "LHCb": 2.2398605346679688,
      "total": 2.2822697162628174
    }
  },
  "11000": {
    "training_loss": 7980.3798828125,
    "validation_loss": [
      2668.3603515625
    ],
    "validation_chi2s": {
      "DEUTERON": 2.0703964612970305,
      "NMC": 2.5530033485562194,
      "NUCLEAR": 1.7202821044921874,
      "HERACOMB": 2.530869028926675,
      "DYE886": 1.0248626362193713,
      "CDF": 1.0170768329075404,
      "D0": 0.5987579822540283,
      "ATLAS": 2.515099400111607,
      "CMS": 2.983093511862833,
      "LHCb": 2.4298698902130127,
      "total": 2.269012928009033
    }
  },
  "11100": {
    "training_loss": 7988.685546875,
    "validation_loss": [
      2671.457763671875
    ],
    "validation_chi2s": {
      "DEUTERON": 2.0856078797905004,
      "NMC": 2.548680024988511,
      "NUCLEAR": 1.72005712890625,
      "HERACOMB": 2.536620894288705,
      "DYE886": 1.0310595252297141,
      "CDF": 1.0196229389735632,
      "D0": 0.6199756145477295,
      "ATLAS": 2.5027877371651788,
      "CMS": 2.9846028812596055,
      "LHCb": 2.431196451187134,
      "total": 2.2715461254119873
    }
  },
  "11200": {
    "training_loss": 7961.46484375,
    "validation_loss": [
      2693.37060546875
    ],
    "validation_chi2s": {
      "DEUTERON": 2.158618983937733,
      "NMC": 2.5999001895680145,
      "NUCLEAR": 1.707792724609375,
      "HERACOMB": 2.517043568729575,
      "DYE886": 1.0745258331298828,
      "CDF": 1.134634290422712,
      "D0": 0.9365341186523437,
      "ATLAS": 2.4414458356584823,
      "CMS": 3.0956228287493595,
      "LHCb": 2.62073016166687,
      "total": 2.290280818939209
    }
  },
  "11300": {
    "training_loss": 7976.69775390625,
    "validation_loss": [
      2669.729248046875
    ],
    "validation_chi2s": {
      "DEUTERON": 2.0615961634697606,
      "NMC": 2.534428914388021,
      "NUCLEAR": 1.72049609375,
      "HERACOMB": 2.535316217958538,
      "DYE886": 1.0694750872525303,
      "CDF": 0.9755855287824359,
      "D0": 0.8552882194519043,
      "ATLAS": 2.51853515625,
      "CMS": 2.9882097087922643,
      "LHCb": 2.3728368282318115,
      "total": 2.270164966583252
    }
  },
  "11400": {
    "training_loss": 7995.57421875,
    "validation_loss": [
      2659.711669921875
    ],
    "validation_chi2s": {
      "DEUTERON": 2.0414686819807213,
      "NMC": 2.538984410903033,
      "NUCLEAR": 1.7199661865234375,
      "HERACOMB": 2.5300787632761437,
      "DYE886": 1.0312356081875889,
      "CDF": 0.9696644374302456,
      "D0": 0.5650275707244873,
      "ATLAS": 2.545038539341518,
      "CMS": 2.9429518902888065,
      "LHCb": 2.379500389099121,
      "total": 2.261658191680908
    }
  },
  "11500": {
    "training_loss": 8008.57373046875,
    "validation_loss": [
      2676.75927734375
    ],
    "validation_chi2s": {
      "DEUTERON": 2.1267193087297884,
      "NMC": 2.5401590384689032,
      "NUCLEAR": 1.7249423828125,
      "HERACOMB": 2.5329230813419117,
      "DYE886": 1.0157746401700107,
      "CDF": 0.8801600592476981,
      "D0": 0.7578473567962647,
      "ATLAS": 2.571060093470982,
      "CMS": 2.9140800100858093,
      "LHCb": 2.2464475631713867,
      "total": 2.2761521339416504
    }
  },
  "11600": {
    "training_loss": 7980.21923828125,
    "validation_loss": [
      2664.884765625
    ],
    "validation_chi2s": {
      "DEUTERON": 2.09660498775653,
      "NMC": 2.5502801034964766,
      "NUCLEAR": 1.717606201171875,
      "HERACOMB": 2.528100905075572,
      "DYE886": 1.0504908128218218,
      "CDF": 1.0354228019714355,
      "D0": 0.5005867004394531,
      "ATLAS": 2.5156809779575893,
      "CMS": 2.955411817206711,
      "LHCb": 2.316659688949585,
      "total": 2.2659730911254883
    }
  },
  "11700": {
    "training_loss": 7991.85791015625,
    "validation_loss": [
      2672.45703125
    ],
    "validation_chi2s": {
      "DEUTERON": 2.1066431453571983,
      "NMC": 2.547396790747549,
      "NUCLEAR": 1.715075927734375,
      "HERACOMB": 2.5301284291385824,
      "DYE886": 1.0482371937144885,
      "CDF": 0.9575817244393485,
      "D0": 0.7417008876800537,
      "ATLAS": 2.519965645926339,
      "CMS": 2.9787412549628587,
      "LHCb": 2.3291988372802734,
      "total": 2.2724974155426025
    }
  },
  "11800": {
    "training_loss": 7976.23779296875,
    "validation_loss": [
      2669.078857421875
    ],
    "validation_chi2s": {
      "DEUTERON": 2.0731390957808613,
      "NMC": 2.539198033949908,
      "NUCLEAR": 1.7170594482421875,
      "HERACOMB": 2.5305048126021243,
      "DYE886": 1.030257138338956,
      "CDF": 0.9977314812796456,
      "D0": 0.8016538619995117,
      "ATLAS": 2.5273214285714287,
      "CMS": 2.97487527816022,
      "LHCb": 2.387409210205078,
      "total": 2.269625186920166
    }
  },
  "11900": {
    "training_loss": 7990.580078125,
    "validation_loss": [
      2673.1455078125
    ],
    "validation_chi2s": {
      "DEUTERON": 2.077710203863495,
      "NMC": 2.5492520799823835,
      "NUCLEAR": 1.722693359375,
      "HERACOMB": 2.54826424791922,
      "DYE886": 1.056997992775657,
      "CDF": 1.0453896522521973,
      "D0": 0.6510537147521973,
      "ATLAS": 2.493175048828125,
      "CMS": 2.9814895880026895,
      "LHCb": 2.428351402282715,
      "total": 2.2728829383850098
    }
  },
  "12000": {
    "training_loss": 7979.1708984375,
    "validation_loss": [
      2672.15576171875
    ],
    "validation_chi2s": {
      "DEUTERON": 2.0759034417754973,
      "NMC": 2.5436808268229165,
      "NUCLEAR": 1.71921533203125,
      "HERACOMB": 2.5377813601026347,
      "DYE886": 1.0593947497281162,
      "CDF": 0.9987724849155971,
      "D0": 0.8537349700927734,
      "ATLAS": 2.494185267857143,
      "CMS": 3.00259524486104,
      "LHCb": 2.4116342067718506,
      "total": 2.2722415924072266
    }
  },
  "12100": {
    "training_loss": 7968.62158203125,
    "validation_loss": [
      2669.7431640625
    ],
    "validation_chi2s": {
      "DEUTERON": 2.0721610149933922,
      "NMC": 2.555524040670956,
      "NUCLEAR": 1.720536376953125,
      "HERACOMB": 2.538323695363562,
      "DYE886": 1.0216021104292436,
      "CDF": 1.0178584371294295,
      "D0": 0.5946693420410156,
      "ATLAS": 2.506099330357143,
      "CMS": 2.9758433357613985,
      "LHCb": 2.4648873805999756,
      "total": 2.2701878547668457
    }
  },
  "12200": {
    "training_loss": 7992.00732421875,
    "validation_loss": [
      2666.18310546875
    ],
    "validation_chi2s": {
      "DEUTERON": 2.061810697489117,
      "NMC": 2.536204917758119,
      "NUCLEAR": 1.720812744140625,
      "HERACOMB": 2.538711847043505,
      "DYE886": 1.0462233803488992,
      "CDF": 0.9749658448355538,
      "D0": 0.7162989616394043,
      "ATLAS": 2.5165328543526786,
      "CMS": 2.9651979540215163,
      "LHCb": 2.3816144466400146,
      "total": 2.267162561416626
    }
  },
  "12300": {
    "training_loss": 7955.5029296875,
    "validation_loss": [
      2688.25439453125
    ],
    "validation_chi2s": {
      "DEUTERON": 2.078702101066931,
      "NMC": 2.534174601236979,
      "NUCLEAR": 1.7225430908203125,
      "HERACOMB": 2.564904705371732,
      "DYE886": 1.1096865047108044,
      "CDF": 1.0163474764142717,
      "D0": 0.9533554077148437,
      "ATLAS": 2.509742954799107,
      "CMS": 3.0333502097207994,
      "LHCb": 2.3550238609313965,
      "total": 2.285930633544922
    }
  },
  "12400": {
    "training_loss": 7965.2763671875,
    "validation_loss": [
      2682.08837890625
    ],
    "validation_chi2s": {
      "DEUTERON": 2.10967334348764,
      "NMC": 2.5648121553308822,
      "NUCLEAR": 1.722841796875,
      "HERACOMB": 2.5486869064031863,
      "DYE886": 1.0187150781804866,
      "CDF": 0.9923552104404995,
      "D0": 0.4891202449798584,
      "ATLAS": 2.5267293875558035,
      "CMS": 2.981134883693007,
      "LHCb": 2.390760660171509,
      "total": 2.2806873321533203
    }
  },
  "12500": {
    "training_loss": 7975.716796875,
    "validation_loss": [
      2674.9375
    ],
    "validation_chi2s": {
      "DEUTERON": 2.0892909415325716,
      "NMC": 2.5374031814874387,
      "NUCLEAR": 1.717114990234375,
      "HERACOMB": 2.53018208422692,
      "DYE886": 1.027112440629439,
      "CDF": 0.9228439331054688,
      "D0": 0.7101650714874268,
      "ATLAS": 2.5793626185825893,
      "CMS": 2.963658067046619,
      "LHCb": 2.279848098754883,
      "total": 2.274606704711914
    }
  },
  "12600": {
    "training_loss": 7955.28515625,
    "validation_loss": [
      2682.373779296875
    ],
    "validation_chi2s": {
      "DEUTERON": 2.0947783361026895,
      "NMC": 2.567196715111826,
      "NUCLEAR": 1.7195794677734375,
      "HERACOMB": 2.557659672755821,
      "DYE886": 1.0179510116577148,
      "CDF": 1.0042556353977747,
      "D0": 0.49981060028076174,
      "ATLAS": 2.5323434012276786,
      "CMS": 2.9789291131691855,
      "LHCb": 2.395827054977417,
      "total": 2.280777931213379
    }
  },
  "12700": {
    "training_loss": 8026.9794921875,
    "validation_loss": [
      2687.13232421875
    ],
    "validation_chi2s": {
      "DEUTERON": 2.156692732625933,
      "NMC": 2.600809134689032,
      "NUCLEAR": 1.70996533203125,
      "HERACOMB": 2.5172623777701184,
      "DYE886": 1.0155854658647017,
      "CDF": 0.9750932284763881,
      "D0": 0.562519645690918,
      "ATLAS": 2.5204745047433037,
      "CMS": 3.0144798403880637,
      "LHCb": 2.4867911338806152,
      "total": 2.284975528717041
    }
  },
  "12800": {
    "training_loss": 7952.38525390625,
    "validation_loss": [
      2685.47314453125
    ],
    "validation_chi2s": {
      "DEUTERON": 2.119966269725591,
      "NMC": 2.574430877087163,
      "NUCLEAR": 1.7125697021484374,
      "HERACOMB": 2.536667368770425,
      "DYE886": 1.013382304798473,
      "CDF": 1.00862033026559,
      "D0": 0.5688412189483643,
      "ATLAS": 2.517918701171875,
      "CMS": 3.0414533771452357,
      "LHCb": 2.4036524295806885,
      "total": 2.283524751663208
    }
  },
  "12900": {
    "training_loss": 7964.8212890625,
    "validation_loss": [
      2672.619384765625
    ],
    "validation_chi2s": {
      "DEUTERON": 2.1067471480488185,
      "NMC": 2.549261354932598,
      "NUCLEAR": 1.7184683837890624,
      "HERACOMB": 2.5195302526935253,
      "DYE886": 1.0253903649070046,
      "CDF": 0.9166653496878487,
      "D0": 0.6725415229797364,
      "ATLAS": 2.5574626813616073,
      "CMS": 2.9649850814068905,
      "LHCb": 2.2949512004852295,
      "total": 2.2725212574005127
    }
  },
  "13000": {
    "training_loss": 7977.28955078125,
    "validation_loss": [
      2664.78564453125
    ],
    "validation_chi2s": {
      "DEUTERON": 2.073926479662236,
      "NMC": 2.550161025103401,
      "NUCLEAR": 1.719615966796875,
      "HERACOMB": 2.5269366494970384,
      "DYE886": 1.0448705499822444,
      "CDF": 0.9537792887006488,
      "D0": 0.5565040588378907,
      "ATLAS": 2.5452471051897323,
      "CMS": 2.947691620373335,
      "LHCb": 2.3267605304718018,
      "total": 2.265974283218384
    }
  },
  "13100": {
    "training_loss": 7984.89013671875,
    "validation_loss": [
      2669.97265625
    ],
    "validation_chi2s": {
      "DEUTERON": 2.0726474742984298,
      "NMC": 2.5494498458563113,
      "NUCLEAR": 1.7155506591796874,
      "HERACOMB": 2.540963565602022,
      "DYE886": 1.028759089383212,
      "CDF": 0.9713464464460101,
      "D0": 0.7083375930786133,
      "ATLAS": 2.5157756696428573,
      "CMS": 2.966274574154713,
      "LHCb": 2.4456396102905273,
      "total": 2.2703816890716553
    }
  },
  "13200": {
    "training_loss": 7960.81298828125,
    "validation_loss": [
      2683.59814453125
    ],
    "validation_chi2s": {
      "DEUTERON": 2.112224370092895,
      "NMC": 2.547293868719363,
      "NUCLEAR": 1.7171138916015625,
      "HERACOMB": 2.5475761064516953,
      "DYE886": 1.074096592989835,
      "CDF": 0.995650155203683,
      "D0": 0.8460934638977051,
      "ATLAS": 2.501696951729911,
      "CMS": 3.019857688028304,
      "LHCb": 2.344128131866455,
      "total": 2.2819714546203613
    }
  },
  "13300": {
    "training_loss": 7980.3740234375,
    "validation_loss": [
      2667.548095703125
    ],
    "validation_chi2s": {
      "DEUTERON": 2.0847880045572915,
      "NMC": 2.5571516448376226,
      "NUCLEAR": 1.7175804443359375,
      "HERACOMB": 2.5374715967116015,
      "DYE886": 1.0494871139526367,
      "CDF": 1.0048368998936243,
      "D0": 0.7675882339477539,
      "ATLAS": 2.4993399483816963,
      "CMS": 2.945151657354636,
      "LHCb": 2.4293196201324463,
      "total": 2.2683234214782715
    }
  },
  "13400": {
    "training_loss": 7991.0478515625,
    "validation_loss": [
      2676.66796875
    ],
    "validation_chi2s": {
      "DEUTERON": 2.0873748627468127,
      "NMC": 2.558772965973499,
      "NUCLEAR": 1.7248336181640624,
      "HERACOMB": 2.5483575958052493,
      "DYE886": 1.1048422726717861,
      "CDF": 0.9729416710989816,
      "D0": 0.7761969566345215,
      "ATLAS": 2.511515066964286,
      "CMS": 2.9380393106429303,
      "LHCb": 2.4613139629364014,
      "total": 2.276073932647705
    }
  },
  "13500": {
    "training_loss": 7959.59375,
    "validation_loss": [
      2672.421875
    ],
    "validation_chi2s": {
      "DEUTERON": 2.080706088697139,
      "NMC": 2.5673540900735294,
      "NUCLEAR": 1.7193807373046874,
      "HERACOMB": 2.5385016148386437,
      "DYE886": 1.031302278692072,
      "CDF": 1.0082837513514928,
      "D0": 0.6224971771240234,
      "ATLAS": 2.509908970424107,
      "CMS": 2.971872548587987,
      "LHCb": 2.464409112930298,
      "total": 2.2724649906158447
    }
  },
  "13600": {
    "training_loss": 8051.3818359375,
    "validation_loss": [
      2669.708984375
    ],
    "validation_chi2s": {
      "DEUTERON": 2.0840789643093127,
      "NMC": 2.555831609987745,
      "NUCLEAR": 1.7183914794921875,
      "HERACOMB": 2.5387710870481004,
      "DYE886": 1.0580114017833362,
      "CDF": 0.9994444847106934,
      "D0": 0.7822117328643798,
      "ATLAS": 2.51220947265625,
      "CMS": 2.976598770892034,
      "LHCb": 2.2851157188415527,
      "total": 2.2701609134674072
    }
  },
  "13700": {
    "training_loss": 7968.341796875,
    "validation_loss": [
      2678.7734375
    ],
    "validation_chi2s": {
      "DEUTERON": 2.0969358225960044,
      "NMC": 2.5521539426317403,
      "NUCLEAR": 1.722178955078125,
      "HERACOMB": 2.539389417062398,
      "DYE886": 1.048192717812278,
      "CDF": 1.019005298614502,
      "D0": 0.8122736930847168,
      "ATLAS": 2.4827725655691966,
      "CMS": 3.017393268522669,
      "LHCb": 2.456510305404663,
      "total": 2.2778685092926025
    }
  },
  "13800": {
    "training_loss": 7981.0166015625,
    "validation_loss": [
      2674.76318359375
    ],
    "validation_chi2s": {
      "DEUTERON": 2.1193577401080534,
      "NMC": 2.5610258812997855,
      "NUCLEAR": 1.7210023193359374,
      "HERACOMB": 2.5301340140548407,
      "DYE886": 1.03214524009011,
      "CDF": 0.9724275044032505,
      "D0": 0.7821595191955566,
      "ATLAS": 2.516805419921875,
      "CMS": 2.950444706150743,
      "LHCb": 2.3736660480499268,
      "total": 2.274458408355713
    }
  },
  "13900": {
    "training_loss": 8033.671875,
    "validation_loss": [
      2688.78271484375
    ],
    "validation_chi2s": {
      "DEUTERON": 2.1483096601951184,
      "NMC": 2.5655170515471815,
      "NUCLEAR": 1.719594482421875,
      "HERACOMB": 2.5303324780433005,
      "DYE886": 1.010379271073775,
      "CDF": 1.0005229541233607,
      "D0": 0.6993535041809082,
      "ATLAS": 2.5012027413504465,
      "CMS": 3.0307482109695183,
      "LHCb": 2.4452874660491943,
      "total": 2.286367893218994
    }
  },
  "14000": {
    "training_loss": 8086.3427734375,
    "validation_loss": [
      2681.2548828125
    ],
    "validation_chi2s": {
      "DEUTERON": 2.140058526945351,
      "NMC": 2.609170352711397,
      "NUCLEAR": 1.709396240234375,
      "HERACOMB": 2.5123492471532884,
      "DYE886": 1.022090044888583,
      "CDF": 1.024674688066755,
      "D0": 0.5682812690734863,
      "ATLAS": 2.5092081124441963,
      "CMS": 3.0081697057505123,
      "LHCb": 2.5134544372558594,
      "total": 2.2799553871154785
    }
  },
  "14100": {
    "training_loss": 7960.47900390625,
    "validation_loss": [
      2668.521240234375
    ],
    "validation_chi2s": {
      "DEUTERON": 2.111404646688433,
      "NMC": 2.5784493240655637,
      "NUCLEAR": 1.7159822998046874,
      "HERACOMB": 2.525784760518791,
      "DYE886": 1.0167435732754795,
      "CDF": 0.9252513476780483,
      "D0": 0.5354896068572998,
      "ATLAS": 2.544537527901786,
      "CMS": 2.9219765584976947,
      "LHCb": 2.335458517074585,
      "total": 2.269123077392578
    }
  },
  "14200": {
    "training_loss": 7968.77734375,
    "validation_loss": [
      2668.18994140625
    ],
    "validation_chi2s": {
      "DEUTERON": 2.0918699046272544,
      "NMC": 2.5681693881165746,
      "NUCLEAR": 1.717111328125,
      "HERACOMB": 2.5309526032092524,
      "DYE886": 1.048837661743164,
      "CDF": 0.9640311513628278,
      "D0": 0.5707927703857422,
      "ATLAS": 2.518403843470982,
      "CMS": 2.951259425429047,
      "LHCb": 2.396662473678589,
      "total": 2.268868923187256
    }
  },
  "14300": {
    "training_loss": 7965.78369140625,
    "validation_loss": [
      2684.3935546875
    ],
    "validation_chi2s": {
      "DEUTERON": 2.103547509036847,
      "NMC": 2.5788041657092524,
      "NUCLEAR": 1.716,
      "HERACOMB": 2.551125919117647,
      "DYE886": 0.990435080094771,
      "CDF": 1.0249872207641602,
      "D0": 0.5952928543090821,
      "ATLAS": 2.4979490443638395,
      "CMS": 2.9936008140689037,
      "LHCb": 2.5980935096740723,
      "total": 2.282647132873535
    }
  },
  "14400": {
    "training_loss": 7955.56298828125,
    "validation_loss": [
      2680.248291015625
    ],
    "validation_chi2s": {
      "DEUTERON": 2.0778659801578048,
      "NMC": 2.5781315822227326,
      "NUCLEAR": 1.7182392578125,
      "HERACOMB": 2.5439141965379903,
      "DYE886": 1.015854922207919,
      "CDF": 0.9966136387416294,
      "D0": 0.5958282470703125,
      "ATLAS": 2.5313413783482144,
      "CMS": 2.9767005795338113,
      "LHCb": 2.5518901348114014,
      "total": 2.2790980339050293
    }
  },
  "14500": {
    "training_loss": 8129.7470703125,
    "validation_loss": [
      2684.589111328125
    ],
    "validation_chi2s": {
      "DEUTERON": 2.1765309803521453,
      "NMC": 2.568710925532322,
      "NUCLEAR": 1.7240054931640625,
      "HERACOMB": 2.5220392763225083,
      "DYE886": 1.0337366624311968,
      "CDF": 0.9254353387015206,
      "D0": 0.544475507736206,
      "ATLAS": 2.5557231794084823,
      "CMS": 2.911832715644211,
      "LHCb": 2.3804235458374023,
      "total": 2.282794237136841
    }
  }
}