{
  "100": {
    "training_loss": 412.0,
    "validation_loss": [
      874.3353271484375
    ],
    "validation_chi2s": {
      "DEUTERON": 2.883829879760742,
      "ATLAS": 2.1776516654274682,
      "total": 2.7315168380737305
    }
  },
  "200": {
    "training_loss": 428.4010925292969,
    "validation_loss": [
      113.6775894165039
    ],
    "validation_chi2s": {
      "DEUTERON": 2.2900627136230467,
      "ATLAS": 2.006825707175515,
      "total": 2.2289724349975586
    }
  },
  "300": {
    "training_loss": 324.4167785644531,
    "validation_loss": [
      100.94979858398438
    ],
    "validation_chi2s": {
      "DEUTERON": 2.055763053894043,
      "ATLAS": 1.7017527493563565,
      "total": 1.979407787322998
    }
  },
  "400": {
    "training_loss": 291.2060546875,
    "validation_loss": [
      86.32050323486328
    ],
    "validation_chi2s": {
      "DEUTERON": 1.6316240310668946,
      "ATLAS": 1.914140354503285,
      "total": 1.6925588846206665
    }
  },
  "500": {
    "training_loss": 297.1816711425781,
    "validation_loss": [
      95.84886169433594
    ],
    "validation_chi2s": {
      "DEUTERON": 1.727510643005371,
      "ATLAS": 2.4316761710427026,
      "total": 1.8793894052505493
    }
  },
  "600": {
    "training_loss": 289.5087585449219,
    "validation_loss": [
      94.91221618652344
    ],
    "validation_chi2s": {
      "DEUTERON": 1.7380489349365233,
      "ATLAS": 2.3082058646462182,
      "total": 1.861024022102356
    }
  }
}