{
  "100": {
    "training_loss": 22952.39453125,
    "validation_loss": [
      10073.177734375
    ],
    "validation_chi2s": {
      "DEUTERON": 8.95349364019745,
      "NMC": 3.85047254375383,
      "NUCLEAR": 4.953712890625,
      "HERACOMB": 7.024966171364379,
      "DYE886": 55.7990556196733,
      "CDF": 7.412798200334821,
      "D0": 7.121207427978516,
      "ATLAS": 9.760352394797586,
      "CMS": 5.742155245649136,
      "LHCb": 6.26375150680542,
      "total": 7.945095539093018
    }
  },
  "200": {
    "training_loss": 18367.0859375,
    "validation_loss": [
      8106.3603515625
    ],
    "validation_chi2s": {
      "DEUTERON": 5.966140367498445,
      "NMC": 2.864650053136489,
      "NUCLEAR": 5.3841328125,
      "HERACOMB": 5.244928896037582,
      "DYE886": 52.62798517400568,
      "CDF": 4.285046713692801,
      "D0": 6.878363800048828,
      "ATLAS": 7.396562749689275,
      "CMS": 4.741032298018292,
      "LHCb": 4.878807544708252,
      "total": 6.4464616775512695
    }
  },
  "300": {
    "training_loss": 16901.013671875,
    "validation_loss": [
      7401.5732421875
    ],
    "validation_chi2s": {
      "DEUTERON": 5.960220868314677,
      "NMC": 2.9912725710401347,
      "NUCLEAR": 4.85981103515625,
      "HERACOMB": 4.540144776986315,
      "DYE886": 46.41204279119318,
      "CDF": 3.7905780247279575,
      "D0": 4.758321762084961,
      "ATLAS": 7.035839427601207,
      "CMS": 4.70612366218877,
      "LHCb": 5.172306537628174,
      "total": 5.969994068145752
    }
  },
  "400": {
    "training_loss": 15969.15625,
    "validation_loss": [
      6827.50439453125
    ],
    "validation_chi2s": {
      "DEUTERON": 6.177814540578358,
      "NMC": 3.134800032073376,
      "NUCLEAR": 4.545859375,
      "HERACOMB": 3.9759202346303106,
      "DYE886": 40.37492509321733,
      "CDF": 3.485324042184012,
      "D0": 2.765563201904297,
      "ATLAS": 6.560561440207741,
      "CMS": 4.606218539602388,
      "LHCb": 5.116994380950928,
      "total": 5.58572244644165
    }
  },
  "500": {
    "training_loss": 37256.90625,
    "validation_loss": [
      6365.12939453125
    ],
    "validation_chi2s": {
      "DEUTERON": 6.363094196983831,
      "NMC": 3.240634693818934,
      "NUCLEAR": 4.1954072265625,
      "HERACOMB": 3.540805392795139,
      "DYE886": 35.50077126242898,
      "CDF": 3.0991709572928294,
      "D0": 2.694309616088867,
      "ATLAS": 5.935159856622869,
      "CMS": 4.559045807132876,
      "LHCb": 5.341134071350098,
      "total": 5.248314380645752
    }
  },
  "600": {
    "training_loss": 7888.0,
    "validation_loss": [
      3555.43994140625
    ],
    "validation_chi2s": {
      "DEUTERON": 3.757976475046642,
      "NMC": 3.0529791140088847,
      "NUCLEAR": 2.573996337890625,
      "HERACOMB": 2.588582955154718,
      "DYE886": 3.844143954190341,
      "CDF": 1.168219975062779,
      "D0": 3.7524139404296877,
      "ATLAS": 3.076523867520419,
      "CMS": 3.3752570423653454,
      "LHCb": 3.3651719093322754,
      "total": 3.0061495304107666
    }
  },
  "700": {
    "training_loss": 8061.5458984375,
    "validation_loss": [
      3083.907958984375
    ],
    "validation_chi2s": {
      "DEUTERON": 2.5429043746113185,
      "NMC": 2.7789360495174633,
      "NUCLEAR": 2.207884033203125,
      "HERACOMB": 2.5159720626531863,
      "DYE886": 3.5875188654119317,
      "CDF": 1.0623418263026647,
      "D0": 1.9082965850830078,
      "ATLAS": 2.8360509005459873,
      "CMS": 3.1222370426829267,
      "LHCb": 3.413154363632202,
      "total": 2.6082799434661865
    }
  },
  "800": {
    "training_loss": 7869.8681640625,
    "validation_loss": [
      2991.80126953125
    ],
    "validation_chi2s": {
      "DEUTERON": 2.2972237506316078,
      "NMC": 2.765870636584712,
      "NUCLEAR": 2.15786865234375,
      "HERACOMB": 2.467550240310968,
      "DYE886": 3.4863530939275567,
      "CDF": 1.1230547768729073,
      "D0": 2.083770751953125,
      "ATLAS": 2.7673235806551846,
      "CMS": 3.142376163141514,
      "LHCb": 3.4145348072052,
      "total": 2.5344345569610596
    }
  },
  "900": {
    "training_loss": 7816.56591796875,
    "validation_loss": [
      2965.15625
    ],
    "validation_chi2s": {
      "DEUTERON": 2.242825484394434,
      "NMC": 2.742695827110141,
      "NUCLEAR": 2.144973876953125,
      "HERACOMB": 2.4500989726945464,
      "DYE886": 3.3479163429953833,
      "CDF": 1.1662299292428153,
      "D0": 1.9971111297607422,
      "ATLAS": 2.7445031946355645,
      "CMS": 3.1631827005525914,
      "LHCb": 3.3913893699645996,
      "total": 2.511949300765991
    }
  },
  "1000": {
    "training_loss": 7807.57666015625,
    "validation_loss": [
      2955.2666015625
    ],
    "validation_chi2s": {
      "DEUTERON": 2.218826521688433,
      "NMC": 2.720129274854473,
      "NUCLEAR": 2.139327392578125,
      "HERACOMB": 2.4465649174708948,
      "DYE886": 3.3487871343439277,
      "CDF": 1.1993389129638672,
      "D0": 1.9206031799316405,
      "ATLAS": 2.74686691977761,
      "CMS": 3.1491096310499236,
      "LHCb": 3.3891942501068115,
      "total": 2.5031490325927734
    }
  },
  "1100": {
    "training_loss": 7794.48681640625,
    "validation_loss": [
      2950.93505859375
    ],
    "validation_chi2s": {
      "DEUTERON": 2.20725049071051,
      "NMC": 2.7174550972732843,
      "NUCLEAR": 2.135165771484375,
      "HERACOMB": 2.44502308166105,
      "DYE886": 3.3411272222345527,
      "CDF": 1.2449135099138533,
      "D0": 1.7926965713500977,
      "ATLAS": 2.7452576377175073,
      "CMS": 3.1546556426257624,
      "LHCb": 3.3947973251342773,
      "total": 2.499307155609131
    }
  },
  "1200": {
    "training_loss": 7784.0087890625,
    "validation_loss": [
      2947.897705078125
    ],
    "validation_chi2s": {
      "DEUTERON": 2.197874154617537,
      "NMC": 2.7225871366613053,
      "NUCLEAR": 2.134120361328125,
      "HERACOMB": 2.4432135687934027,
      "DYE886": 3.3201866149902344,
      "CDF": 1.2938739231654577,
      "D0": 1.6898138046264648,
      "ATLAS": 2.7408794056285513,
      "CMS": 3.1608003445757116,
      "LHCb": 3.407067060470581,
      "total": 2.49658465385437
    }
  },
  "1300": {
    "training_loss": 7788.1728515625,
    "validation_loss": [
      2957.67822265625
    ],
    "validation_chi2s": {
      "DEUTERON": 2.187929068038713,
      "NMC": 2.7105473537071076,
      "NUCLEAR": 2.139508056640625,
      "HERACOMB": 2.4751844219132964,
      "DYE886": 3.039117292924361,
      "CDF": 1.3701937539236886,
      "D0": 1.768844223022461,
      "ATLAS": 2.7842166207053443,
      "CMS": 3.1531262901740345,
      "LHCb": 3.3707501888275146,
      "total": 2.5043771266937256
    }
  },
  "1400": {
    "training_loss": 7772.05517578125,
    "validation_loss": [
      2941.013671875
    ],
    "validation_chi2s": {
      "DEUTERON": 2.1838255924965018,
      "NMC": 2.7332581164790133,
      "NUCLEAR": 2.133945556640625,
      "HERACOMB": 2.432321785322202,
      "DYE886": 3.1050723682750356,
      "CDF": 1.368826457432338,
      "D0": 1.5898128509521485,
      "ATLAS": 2.726298592307351,
      "CMS": 3.2050796136623476,
      "LHCb": 3.442686080932617,
      "total": 2.4907751083374023
    }
  },
  "1500": {
    "training_loss": 7770.48046875,
    "validation_loss": [
      2946.70654296875
    ],
    "validation_chi2s": {
      "DEUTERON": 2.1803402117828825,
      "NMC": 2.735242058249081,
      "NUCLEAR": 2.13572900390625,
      "HERACOMB": 2.4474804448146448,
      "DYE886": 3.035146886652166,
      "CDF": 1.4274460928780692,
      "D0": 1.5619001388549805,
      "ATLAS": 2.7500584342262964,
      "CMS": 3.202017683323806,
      "LHCb": 3.4085779190063477,
      "total": 2.4956910610198975
    }
  },
  "1600": {
    "training_loss": 7759.92822265625,
    "validation_loss": [
      2941.671630859375
    ],
    "validation_chi2s": {
      "DEUTERON": 2.184121354895445,
      "NMC": 2.751886106004902,
      "NUCLEAR": 2.133748779296875,
      "HERACOMB": 2.4324689877578636,
      "DYE886": 3.195712002840909,
      "CDF": 1.438829013279506,
      "D0": 1.4849555969238282,
      "ATLAS": 2.72314435785467,
      "CMS": 3.1922669449472814,
      "LHCb": 3.462311267852783,
      "total": 2.4915709495544434
    }
  },
  "1700": {
    "training_loss": 7754.2802734375,
    "validation_loss": [
      2962.247802734375
    ],
    "validation_chi2s": {
      "DEUTERON": 2.2018054563607743,
      "NMC": 2.704825607000613,
      "NUCLEAR": 2.134939453125,
      "HERACOMB": 2.462443831699346,
      "DYE886": 2.8387198014692827,
      "CDF": 1.3717844826834542,
      "D0": 1.7891845703125,
      "ATLAS": 2.800773100419478,
      "CMS": 3.1851799197313264,
      "LHCb": 3.499727249145508,
      "total": 2.507981538772583
    }
  },
  "1800": {
    "training_loss": 7767.39697265625,
    "validation_loss": [
      2948.638427734375
    ],
    "validation_chi2s": {
      "DEUTERON": 2.182244447926384,
      "NMC": 2.7265816482843137,
      "NUCLEAR": 2.138618408203125,
      "HERACOMB": 2.4491684857536766,
      "DYE886": 2.7749241915616123,
      "CDF": 1.4691017695835658,
      "D0": 1.6245481491088867,
      "ATLAS": 2.7717630212957207,
      "CMS": 3.20358177123031,
      "LHCb": 3.4459164142608643,
      "total": 2.497032642364502
    }
  },
  "1900": {
    "training_loss": 7758.380859375,
    "validation_loss": [
      2939.990234375
    ],
    "validation_chi2s": {
      "DEUTERON": 2.17923535399176,
      "NMC": 2.7542856253829657,
      "NUCLEAR": 2.13415966796875,
      "HERACOMB": 2.428719713796977,
      "DYE886": 3.0474870855158027,
      "CDF": 1.495823587690081,
      "D0": 1.4582724571228027,
      "ATLAS": 2.7315309697931465,
      "CMS": 3.2080931624745936,
      "LHCb": 3.4756245613098145,
      "total": 2.490565538406372
    }
  },
  "2000": {
    "training_loss": 7755.8369140625,
    "validation_loss": [
      2939.8662109375
    ],
    "validation_chi2s": {
      "DEUTERON": 2.1799258711326184,
      "NMC": 2.757608451095282,
      "NUCLEAR": 2.133687744140625,
      "HERACOMB": 2.4283517077078227,
      "DYE886": 3.034844831986861,
      "CDF": 1.5132645198277064,
      "D0": 1.4425437927246094,
      "ATLAS": 2.7344721013849433,
      "CMS": 3.205893663856072,
      "LHCb": 3.4784095287323,
      "total": 2.4906508922576904
    }
  },
  "2100": {
    "training_loss": 7744.84326171875,
    "validation_loss": [
      2960.525634765625
    ],
    "validation_chi2s": {
      "DEUTERON": 2.1848855089785446,
      "NMC": 2.7272012747970282,
      "NUCLEAR": 2.138314453125,
      "HERACOMB": 2.4900135713465072,
      "DYE886": 2.792835062200373,
      "CDF": 1.555438450404576,
      "D0": 1.600285530090332,
      "ATLAS": 2.7964664806019175,
      "CMS": 3.163725069867886,
      "LHCb": 3.416816473007202,
      "total": 2.5074360370635986
    }
  },
  "2200": {
    "training_loss": 7733.068359375,
    "validation_loss": [
      2956.76806640625
    ],
    "validation_chi2s": {
      "DEUTERON": 2.191704897145134,
      "NMC": 2.7138510311351105,
      "NUCLEAR": 2.132925537109375,
      "HERACOMB": 2.47195454516442,
      "DYE886": 2.638085451993075,
      "CDF": 1.512157576424735,
      "D0": 1.7657815933227539,
      "ATLAS": 2.8027898615056817,
      "CMS": 3.1685890259781506,
      "LHCb": 3.508005142211914,
      "total": 2.5043740272521973
    }
  },
  "2300": {
    "training_loss": 7762.41552734375,
    "validation_loss": [
      2943.22509765625
    ],
    "validation_chi2s": {
      "DEUTERON": 2.19307226683963,
      "NMC": 2.7563009823069855,
      "NUCLEAR": 2.129726318359375,
      "HERACOMB": 2.4386642555785336,
      "DYE886": 3.0432923056862573,
      "CDF": 1.5162850788661413,
      "D0": 1.4767467498779296,
      "ATLAS": 2.752722653475675,
      "CMS": 3.167963787792175,
      "LHCb": 3.4859721660614014,
      "total": 2.494112968444824
    }
  },
  "2400": {
    "training_loss": 7742.22119140625,
    "validation_loss": [
      2946.7763671875
    ],
    "validation_chi2s": {
      "DEUTERON": 2.1893104059779227,
      "NMC": 2.711505366306679,
      "NUCLEAR": 2.130827880859375,
      "HERACOMB": 2.456818025875715,
      "DYE886": 2.736477938565341,
      "CDF": 1.496185302734375,
      "D0": 1.5806456565856934,
      "ATLAS": 2.778840498490767,
      "CMS": 3.187282655297256,
      "LHCb": 3.467639446258545,
      "total": 2.4969351291656494
    }
  },
  "2500": {
    "training_loss": 7769.21923828125,
    "validation_loss": [
      2941.821533203125
    ],
    "validation_chi2s": {
      "DEUTERON": 2.199580861561334,
      "NMC": 2.7681023092830883,
      "NUCLEAR": 2.128373779296875,
      "HERACOMB": 2.4294447556040644,
      "DYE886": 3.1416473388671875,
      "CDF": 1.5384046009608678,
      "D0": 1.4733269691467286,
      "ATLAS": 2.7440917275168677,
      "CMS": 3.150912153042429,
      "LHCb": 3.5383143424987793,
      "total": 2.4933440685272217
    }
  },
  "2600": {
    "training_loss": 7730.5068359375,
    "validation_loss": [
      2940.60595703125
    ],
    "validation_chi2s": {
      "DEUTERON": 2.20179589114972,
      "NMC": 2.80103287042356,
      "NUCLEAR": 2.126648681640625,
      "HERACOMB": 2.41563405554279,
      "DYE886": 3.1653560291637075,
      "CDF": 1.5552350452968053,
      "D0": 1.412882423400879,
      "ATLAS": 2.739990927956321,
      "CMS": 3.177183321821011,
      "LHCb": 3.5321826934814453,
      "total": 2.493187189102173
    }
  },
  "2700": {
    "training_loss": 7744.095703125,
    "validation_loss": [
      2939.39453125
    ],
    "validation_chi2s": {
      "DEUTERON": 2.1939642607276117,
      "NMC": 2.7657742967792585,
      "NUCLEAR": 2.125904296875,
      "HERACOMB": 2.4279988606770835,
      "DYE886": 3.011376467618075,
      "CDF": 1.556459563119071,
      "D0": 1.4416316032409668,
      "ATLAS": 2.754935871471058,
      "CMS": 3.179997637989075,
      "LHCb": 3.4893479347229004,
      "total": 2.492117404937744
    }
  },
  "2800": {
    "training_loss": 7722.45068359375,
    "validation_loss": [
      2951.134033203125
    ],
    "validation_chi2s": {
      "DEUTERON": 2.196629158893035,
      "NMC": 2.704763973460478,
      "NUCLEAR": 2.125188232421875,
      "HERACOMB": 2.458536185470282,
      "DYE886": 2.5933796275745737,
      "CDF": 1.4871797561645508,
      "D0": 1.7205366134643554,
      "ATLAS": 2.803242249922319,
      "CMS": 3.1890028046398626,
      "LHCb": 3.5258195400238037,
      "total": 2.501008987426758
    }
  },
  "2900": {
    "training_loss": 7763.40087890625,
    "validation_loss": [
      2929.8427734375
    ],
    "validation_chi2s": {
      "DEUTERON": 2.197379496560168,
      "NMC": 2.7258722641888786,
      "NUCLEAR": 2.121530517578125,
      "HERACOMB": 2.426892448874081,
      "DYE886": 2.7444676485928623,
      "CDF": 1.5455936704363142,
      "D0": 1.4532246589660645,
      "ATLAS": 2.7560338107022373,
      "CMS": 3.176884845020325,
      "LHCb": 3.4622814655303955,
      "total": 2.483910083770752
    }
  },
  "3000": {
    "training_loss": 7742.71484375,
    "validation_loss": [
      2940.4169921875
    ],
    "validation_chi2s": {
      "DEUTERON": 2.2027833853194965,
      "NMC": 2.754506728228401,
      "NUCLEAR": 2.121123046875,
      "HERACOMB": 2.434670641531352,
      "DYE886": 2.9506600119850854,
      "CDF": 1.5507800238473075,
      "D0": 1.4439913749694824,
      "ATLAS": 2.7721516002308237,
      "CMS": 3.162606092003303,
      "LHCb": 3.4825360774993896,
      "total": 2.493276357650757
    }
  },
  "3100": {
    "training_loss": 7738.8115234375,
    "validation_loss": [
      2940.542236328125
    ],
    "validation_chi2s": {
      "DEUTERON": 2.2024809424556904,
      "NMC": 2.7421477074716605,
      "NUCLEAR": 2.12000634765625,
      "HERACOMB": 2.4378955317478552,
      "DYE886": 2.9035193703391333,
      "CDF": 1.5552986689976283,
      "D0": 1.4384347915649414,
      "ATLAS": 2.782921877774325,
      "CMS": 3.1611558867663874,
      "LHCb": 3.4672610759735107,
      "total": 2.4934327602386475
    }
  },
  "3200": {
    "training_loss": 7718.626953125,
    "validation_loss": [
      2950.134521484375
    ],
    "validation_chi2s": {
      "DEUTERON": 2.198582283893035,
      "NMC": 2.7042607326133576,
      "NUCLEAR": 2.123364013671875,
      "HERACOMB": 2.4706608392054736,
      "DYE886": 2.5660374381325464,
      "CDF": 1.5216854640415736,
      "D0": 1.6097225189208983,
      "ATLAS": 2.816269787875089,
      "CMS": 3.1600892601943595,
      "LHCb": 3.490535259246826,
      "total": 2.500805616378784
    }
  },
  "3300": {
    "training_loss": 7740.099609375,
    "validation_loss": [
      2939.734619140625
    ],
    "validation_chi2s": {
      "DEUTERON": 2.2073261014264616,
      "NMC": 2.7421261656518077,
      "NUCLEAR": 2.118478271484375,
      "HERACOMB": 2.4360890107996322,
      "DYE886": 2.9212365583939985,
      "CDF": 1.537529127938407,
      "D0": 1.4426535606384276,
      "ATLAS": 2.7834236838600854,
      "CMS": 3.150989811594893,
      "LHCb": 3.4809646606445312,
      "total": 2.4931116104125977
    }
  },
  "3400": {
    "training_loss": 7806.0,
    "validation_loss": [
      2937.936767578125
    ],
    "validation_chi2s": {
      "DEUTERON": 2.202266560265081,
      "NMC": 2.7008125454771754,
      "NUCLEAR": 2.113869140625,
      "HERACOMB": 2.4172538807189543,
      "DYE886": 2.5473128232088955,
      "CDF": 1.4040213993617467,
      "D0": 1.6109512329101563,
      "ATLAS": 2.8001650029962715,
      "CMS": 3.2199587938262195,
      "LHCb": 3.6058895587921143,
      "total": 2.4913370609283447
    }
  },
  "3500": {
    "training_loss": 7707.39892578125,
    "validation_loss": [
      2934.86669921875
    ],
    "validation_chi2s": {
      "DEUTERON": 2.201749127895678,
      "NMC": 2.6998820585363053,
      "NUCLEAR": 2.113329345703125,
      "HERACOMB": 2.4088846842447915,
      "DYE886": 2.5526071028275923,
      "CDF": 1.3981400898524694,
      "D0": 1.5716177940368652,
      "ATLAS": 2.7988305525346235,
      "CMS": 3.2255120006034046,
      "LHCb": 3.603055953979492,
      "total": 2.4889533519744873
    }
  },
  "3600": {
    "training_loss": 7715.50048828125,
    "validation_loss": [
      2945.050048828125
    ],
    "validation_chi2s": {
      "DEUTERON": 2.204934191347948,
      "NMC": 2.754263485179228,
      "NUCLEAR": 2.12115478515625,
      "HERACOMB": 2.448025771994996,
      "DYE886": 2.8977829326282847,
      "CDF": 1.578310557774135,
      "D0": 1.4273488998413086,
      "ATLAS": 2.8152939189564097,
      "CMS": 3.1255128441787345,
      "LHCb": 3.4661097526550293,
      "total": 2.49826979637146
    }
  },
  "3700": {
    "training_loss": 7705.9560546875,
    "validation_loss": [
      2934.147216796875
    ],
    "validation_chi2s": {
      "DEUTERON": 2.2096925042754973,
      "NMC": 2.7076395072189032,
      "NUCLEAR": 2.11367822265625,
      "HERACOMB": 2.4069142061121322,
      "DYE886": 2.550601439042525,
      "CDF": 1.3942608152117049,
      "D0": 1.5435284614562987,
      "ATLAS": 2.7958315069025215,
      "CMS": 3.211231262703252,
      "LHCb": 3.6270992755889893,
      "total": 2.488621711730957
    }
  },
  "3800": {
    "training_loss": 7733.19873046875,
    "validation_loss": [
      2936.18701171875
    ],
    "validation_chi2s": {
      "DEUTERON": 2.2061298427297107,
      "NMC": 2.741871254116881,
      "NUCLEAR": 2.1200888671875,
      "HERACOMB": 2.4148493748085174,
      "DYE886": 2.7189017209139736,
      "CDF": 1.605782917567662,
      "D0": 1.4708809852600098,
      "ATLAS": 2.8462252183394,
      "CMS": 3.1044921875,
      "LHCb": 3.551389694213867,
      "total": 2.491028308868408
    }
  },
  "3900": {
    "training_loss": 7723.76416015625,
    "validation_loss": [
      2941.054443359375
    ],
    "validation_chi2s": {
      "DEUTERON": 2.2136086231440455,
      "NMC": 2.745138130935968,
      "NUCLEAR": 2.1202724609375,
      "HERACOMB": 2.433603523603452,
      "DYE886": 2.953711076216264,
      "CDF": 1.5613697596958704,
      "D0": 1.405796718597412,
      "ATLAS": 2.8065707466819068,
      "CMS": 3.1269841387989077,
      "LHCb": 3.474482536315918,
      "total": 2.495260238647461
    }
  },
  "4000": {
    "training_loss": 7720.6025390625,
    "validation_loss": [
      2937.5634765625
    ],
    "validation_chi2s": {
      "DEUTERON": 2.21709081545398,
      "NMC": 2.7259808708639706,
      "NUCLEAR": 2.11811376953125,
      "HERACOMB": 2.4095662434895835,
      "DYE886": 2.8230498920787466,
      "CDF": 1.5411687578473772,
      "D0": 1.4330692291259766,
      "ATLAS": 2.846451152454723,
      "CMS": 3.120992769070757,
      "LHCb": 3.520970344543457,
      "total": 2.4925894737243652
    }
  },
  "4100": {
    "training_loss": 7715.3955078125,
    "validation_loss": [
      2928.237548828125
    ],
    "validation_chi2s": {
      "DEUTERON": 2.2059136385941387,
      "NMC": 2.731481813916973,
      "NUCLEAR": 2.120306396484375,
      "HERACOMB": 2.417355207056781,
      "DYE886": 2.809698451649059,
      "CDF": 1.4468724387032645,
      "D0": 1.3797773361206054,
      "ATLAS": 2.754688783125444,
      "CMS": 3.1864284112201475,
      "LHCb": 3.4955406188964844,
      "total": 2.484578847885132
    }
  },
  "4200": {
    "training_loss": 7693.3095703125,
    "validation_loss": [
      2933.049560546875
    ],
    "validation_chi2s": {
      "DEUTERON": 2.209028860822839,
      "NMC": 2.700029260971967,
      "NUCLEAR": 2.1161416015625,
      "HERACOMB": 2.396158654705372,
      "DYE886": 2.526958638971502,
      "CDF": 1.3952554975237166,
      "D0": 1.4823949813842774,
      "ATLAS": 2.830625880848278,
      "CMS": 3.198352844734502,
      "LHCb": 3.615774393081665,
      "total": 2.488499641418457
    }
  },
  "4300": {
    "training_loss": 7702.15185546875,
    "validation_loss": [
      2933.412353515625
    ],
    "validation_chi2s": {
      "DEUTERON": 2.207805424780395,
      "NMC": 2.7665973738128065,
      "NUCLEAR": 2.1206953125,
      "HERACOMB": 2.4094782810585174,
      "DYE886": 2.869891946965998,
      "CDF": 1.5190911974225725,
      "D0": 1.379874038696289,
      "ATLAS": 2.8012265292080967,
      "CMS": 3.1557026684768803,
      "LHCb": 3.490048885345459,
      "total": 2.4896080493927
    }
  },
  "4400": {
    "training_loss": 7724.91162109375,
    "validation_loss": [
      2937.72216796875
    ],
    "validation_chi2s": {
      "DEUTERON": 2.2177825472248136,
      "NMC": 2.7219708012599573,
      "NUCLEAR": 2.119277099609375,
      "HERACOMB": 2.428850959329044,
      "DYE886": 2.8803780295632104,
      "CDF": 1.455106598990304,
      "D0": 1.4014779090881349,
      "ATLAS": 2.8163327303799717,
      "CMS": 3.133022153280615,
      "LHCb": 3.4523158073425293,
      "total": 2.4929726123809814
    }
  },
  "4500": {
    "training_loss": 7686.35986328125,
    "validation_loss": [
      2938.011962890625
    ],
    "validation_chi2s": {
      "DEUTERON": 2.2066465159553794,
      "NMC": 2.6804558249080883,
      "NUCLEAR": 2.120584716796875,
      "HERACOMB": 2.411944619970384,
      "DYE886": 2.44100640036843,
      "CDF": 1.4083494458879744,
      "D0": 1.5320558547973633,
      "ATLAS": 2.8588919206099077,
      "CMS": 3.181658737058562,
      "LHCb": 3.578275203704834,
      "total": 2.492644786834717
    }
  },
  "4600": {
    "training_loss": 7713.552734375,
    "validation_loss": [
      2929.033203125
    ],
    "validation_chi2s": {
      "DEUTERON": 2.1990613035894744,
      "NMC": 2.7019084855621935,
      "NUCLEAR": 2.12397412109375,
      "HERACOMB": 2.4337606991038605,
      "DYE886": 2.6467519239945845,
      "CDF": 1.4620674678257533,
      "D0": 1.4224865913391114,
      "ATLAS": 2.7996382279829546,
      "CMS": 3.124988835032393,
      "LHCb": 3.510716199874878,
      "total": 2.4852917194366455
    }
  },
  "4700": {
    "training_loss": 7695.45849609375,
    "validation_loss": [
      2940.97607421875
    ],
    "validation_chi2s": {
      "DEUTERON": 2.2070983583061254,
      "NMC": 2.7020616718367036,
      "NUCLEAR": 2.1248173828125,
      "HERACOMB": 2.4450434267131333,
      "DYE886": 2.5488421700217505,
      "CDF": 1.4441140038626534,
      "D0": 1.4833710670471192,
      "ATLAS": 2.840750954367898,
      "CMS": 3.138847289046621,
      "LHCb": 3.4846103191375732,
      "total": 2.495241641998291
    }
  },
  "4800": {
    "training_loss": 7706.2412109375,
    "validation_loss": [
      2930.019775390625
    ],
    "validation_chi2s": {
      "DEUTERON": 2.202760155521222,
      "NMC": 2.7222293030981923,
      "NUCLEAR": 2.12404150390625,
      "HERACOMB": 2.4061879675372753,
      "DYE886": 2.6105951829390093,
      "CDF": 1.4900181634085519,
      "D0": 1.4349159240722655,
      "ATLAS": 2.8499691703102807,
      "CMS": 3.1217425586731453,
      "LHCb": 3.514000654220581,
      "total": 2.486520767211914
    }
  },
  "4900": {
    "training_loss": 7699.49853515625,
    "validation_loss": [
      2943.84765625
    ],
    "validation_chi2s": {
      "DEUTERON": 2.214649561032727,
      "NMC": 2.6896329393573835,
      "NUCLEAR": 2.122847412109375,
      "HERACOMB": 2.4403245713975696,
      "DYE886": 2.673622478138317,
      "CDF": 1.4257069996425085,
      "D0": 1.4490297317504883,
      "ATLAS": 2.8593082427978516,
      "CMS": 3.1258130577521595,
      "LHCb": 3.492363452911377,
      "total": 2.4979000091552734
    }
  },
  "5000": {
    "training_loss": 7735.85693359375,
    "validation_loss": [
      2935.82080078125
    ],
    "validation_chi2s": {
      "DEUTERON": 2.1982502344235852,
      "NMC": 2.7054634842218137,
      "NUCLEAR": 2.12634130859375,
      "HERACOMB": 2.434908399394914,
      "DYE886": 2.694568807428533,
      "CDF": 1.4534623282296317,
      "D0": 1.383392906188965,
      "ATLAS": 2.84797495061701,
      "CMS": 3.1366862475387447,
      "LHCb": 3.3902807235717773,
      "total": 2.4917893409729004
    }
  },
  "5100": {
    "training_loss": 7692.68896484375,
    "validation_loss": [
      2928.82373046875
    ],
    "validation_chi2s": {
      "DEUTERON": 2.2038953790617226,
      "NMC": 2.6735905665977326,
      "NUCLEAR": 2.12139306640625,
      "HERACOMB": 2.408652112374898,
      "DYE886": 2.5795052268288354,
      "CDF": 1.3772480828421456,
      "D0": 1.4039640426635742,
      "ATLAS": 2.8273426402698862,
      "CMS": 3.183324798335874,
      "LHCb": 3.4911768436431885,
      "total": 2.485603094100952
    }
  },
  "5200": {
    "training_loss": 7696.21630859375,
    "validation_loss": [
      2927.7158203125
    ],
    "validation_chi2s": {
      "DEUTERON": 2.2024352420028763,
      "NMC": 2.741839838962929,
      "NUCLEAR": 2.128856201171875,
      "HERACOMB": 2.403345045700572,
      "DYE886": 2.8311233520507812,
      "CDF": 1.45913451058524,
      "D0": 1.3571162223815918,
      "ATLAS": 2.7908654646439985,
      "CMS": 3.1576585226911837,
      "LHCb": 3.487811803817749,
      "total": 2.4850807189941406
    }
  },
  "5300": {
    "training_loss": 7686.2919921875,
    "validation_loss": [
      2940.734130859375
    ],
    "validation_chi2s": {
      "DEUTERON": 2.2034247099463617,
      "NMC": 2.6760457356770835,
      "NUCLEAR": 2.1303486328125,
      "HERACOMB": 2.4632394828048407,
      "DYE886": 2.5742381702769888,
      "CDF": 1.4170122146606445,
      "D0": 1.4552839279174805,
      "ATLAS": 2.820348392833363,
      "CMS": 3.1274483533409554,
      "LHCb": 3.469095230102539,
      "total": 2.4948036670684814
    }
  },
  "5400": {
    "training_loss": 7687.85595703125,
    "validation_loss": [
      2958.276123046875
    ],
    "validation_chi2s": {
      "DEUTERON": 2.2241575326492535,
      "NMC": 2.697424196729473,
      "NUCLEAR": 2.131118408203125,
      "HERACOMB": 2.4757917815563726,
      "DYE886": 2.6110335263338955,
      "CDF": 1.4253308432442802,
      "D0": 1.4668386459350586,
      "ATLAS": 2.8707956834272905,
      "CMS": 3.1214535100673273,
      "LHCb": 3.4424002170562744,
      "total": 2.509711265563965
    }
  },
  "5500": {
    "training_loss": 7694.0361328125,
    "validation_loss": [
      2936.015625
    ],
    "validation_chi2s": {
      "DEUTERON": 2.1962372888973105,
      "NMC": 2.687887154373468,
      "NUCLEAR": 2.12927734375,
      "HERACOMB": 2.4405108682470384,
      "DYE886": 2.532230030406605,
      "CDF": 1.4638832637241908,
      "D0": 1.4616995811462403,
      "ATLAS": 2.8677839799360796,
      "CMS": 3.1045207201949947,
      "LHCb": 3.4497504234313965,
      "total": 2.4916746616363525
    }
  },
  "5600": {
    "training_loss": 7679.62890625,
    "validation_loss": [
      2959.10595703125
    ],
    "validation_chi2s": {
      "DEUTERON": 2.223118264876788,
      "NMC": 2.697787415747549,
      "NUCLEAR": 2.134601806640625,
      "HERACOMB": 2.492034513186785,
      "DYE886": 2.6519428599964487,
      "CDF": 1.4350269862583704,
      "D0": 1.4451352119445802,
      "ATLAS": 2.859181837602095,
      "CMS": 3.105660539332444,
      "LHCb": 3.3890132904052734,
      "total": 2.5103116035461426
    }
  },
  "5700": {
    "training_loss": 7703.62744140625,
    "validation_loss": [
      2933.221435546875
    ],
    "validation_chi2s": {
      "DEUTERON": 2.204653459994947,
      "NMC": 2.7039127723843444,
      "NUCLEAR": 2.13046142578125,
      "HERACOMB": 2.417361190895629,
      "DYE886": 2.4885106520219282,
      "CDF": 1.454979351588658,
      "D0": 1.4411176681518554,
      "ATLAS": 2.8786719929088247,
      "CMS": 3.112164257018547,
      "LHCb": 3.4645063877105713,
      "total": 2.489824056625366
    }
  },
  "5800": {
    "training_loss": 7701.9970703125,
    "validation_loss": [
      2921.9267578125
    ],
    "validation_chi2s": {
      "DEUTERON": 2.1998549124494713,
      "NMC": 2.724835564108456,
      "NUCLEAR": 2.13263330078125,
      "HERACOMB": 2.4026565053104574,
      "DYE886": 2.7089982466264204,
      "CDF": 1.4172962733677454,
      "D0": 1.375521183013916,
      "ATLAS": 2.8060379028320312,
      "CMS": 3.1283946463732217,
      "LHCb": 3.4480526447296143,
      "total": 2.4802849292755127
    }
  },
  "5900": {
    "training_loss": 7697.703125,
    "validation_loss": [
      2940.535400390625
    ],
    "validation_chi2s": {
      "DEUTERON": 2.2082771566969837,
      "NMC": 2.7499617034313726,
      "NUCLEAR": 2.133509765625,
      "HERACOMB": 2.4183277803308822,
      "DYE886": 3.0747860995205967,
      "CDF": 1.5688749040876115,
      "D0": 1.3846537590026855,
      "ATLAS": 2.8465936834161933,
      "CMS": 3.080049840415396,
      "LHCb": 3.4545674324035645,
      "total": 2.4960649013519287
    }
  },
  "6000": {
    "training_loss": 7692.43798828125,
    "validation_loss": [
      2940.134033203125
    ],
    "validation_chi2s": {
      "DEUTERON": 2.201422999747357,
      "NMC": 2.6983095056870403,
      "NUCLEAR": 2.133331787109375,
      "HERACOMB": 2.4362078897314134,
      "DYE886": 2.4707123149525034,
      "CDF": 1.452219009399414,
      "D0": 1.451607608795166,
      "ATLAS": 2.885352048006925,
      "CMS": 3.1132388231230945,
      "LHCb": 3.4677114486694336,
      "total": 2.4954729080200195
    }
  },
  "6100": {
    "training_loss": 7699.298828125,
    "validation_loss": [
      2929.87353515625
    ],
    "validation_chi2s": {
      "DEUTERON": 2.2028163321575716,
      "NMC": 2.738181020699295,
      "NUCLEAR": 2.13446337890625,
      "HERACOMB": 2.4091669219771243,
      "DYE886": 2.771883877840909,
      "CDF": 1.4701329639979772,
      "D0": 1.364785861968994,
      "ATLAS": 2.821211728182706,
      "CMS": 3.1234949623666157,
      "LHCb": 3.4644229412078857,
      "total": 2.4870452880859375
    }
  },
  "6200": {
    "training_loss": 7689.91357421875,
    "validation_loss": [
      2929.34619140625
    ],
    "validation_chi2s": {
      "DEUTERON": 2.2043945919814987,
      "NMC": 2.752701104856005,
      "NUCLEAR": 2.133831787109375,
      "HERACOMB": 2.399252698312398,
      "DYE886": 2.7884396639737217,
      "CDF": 1.4561146327427454,
      "D0": 1.369448471069336,
      "ATLAS": 2.828122225674716,
      "CMS": 3.121477824885671,
      "LHCb": 3.475416898727417,
      "total": 2.486619472503662
    }
  },
  "6300": {
    "training_loss": 7695.39990234375,
    "validation_loss": [
      2932.242431640625
    ],
    "validation_chi2s": {
      "DEUTERON": 2.216975729263837,
      "NMC": 2.7382609049479165,
      "NUCLEAR": 2.134746826171875,
      "HERACOMB": 2.393877814797794,
      "DYE886": 2.803325653076172,
      "CDF": 1.4517040252685547,
      "D0": 1.3715571403503417,
      "ATLAS": 2.8484556024724785,
      "CMS": 3.120868465764736,
      "LHCb": 3.4342503547668457,
      "total": 2.489065170288086
    }
  },
  "6400": {
    "training_loss": 7708.92041015625,
    "validation_loss": [
      2947.132568359375
    ],
    "validation_chi2s": {
      "DEUTERON": 2.232689397252021,
      "NMC": 2.709103453393076,
      "NUCLEAR": 2.13515869140625,
      "HERACOMB": 2.4176015417560253,
      "DYE886": 2.639977541836825,
      "CDF": 1.467752184186663,
      "D0": 1.3803179740905762,
      "ATLAS": 2.902290170842951,
      "CMS": 3.1210237828696648,
      "LHCb": 3.426565408706665,
      "total": 2.5017035007476807
    }
  },
  "6500": {
    "training_loss": 7675.2265625,
    "validation_loss": [
      2948.1259765625
    ],
    "validation_chi2s": {
      "DEUTERON": 2.207192036642957,
      "NMC": 2.695603015376072,
      "NUCLEAR": 2.13880810546875,
      "HERACOMB": 2.446231218724469,
      "DYE886": 2.407777439464222,
      "CDF": 1.4487436839512415,
      "D0": 1.4517670631408692,
      "ATLAS": 2.9017472700639204,
      "CMS": 3.1176105282170985,
      "LHCb": 3.4705495834350586,
      "total": 2.501893997192383
    }
  },
  "6600": {
    "training_loss": 7686.07177734375,
    "validation_loss": [
      2940.17626953125
    ],
    "validation_chi2s": {
      "DEUTERON": 2.196051602339863,
      "NMC": 2.7079018985523895,
      "NUCLEAR": 2.139302978515625,
      "HERACOMB": 2.4282884784773286,
      "DYE886": 2.4840139909224077,
      "CDF": 1.5530270167759486,
      "D0": 1.3895355224609376,
      "ATLAS": 2.915355682373047,
      "CMS": 3.089244811515498,
      "LHCb": 3.4385571479797363,
      "total": 2.495687484741211
    }
  },
  "6700": {
    "training_loss": 7680.98876953125,
    "validation_loss": [
      2958.47607421875
    ],
    "validation_chi2s": {
      "DEUTERON": 2.210549122065454,
      "NMC": 2.6713870179419423,
      "NUCLEAR": 2.13852001953125,
      "HERACOMB": 2.469058766084559,
      "DYE886": 2.433531154285778,
      "CDF": 1.3704426629202706,
      "D0": 1.454086685180664,
      "ATLAS": 2.901330080899325,
      "CMS": 3.1478246673335875,
      "LHCb": 3.4657771587371826,
      "total": 2.5102853775024414
    }
  },
  "6800": {
    "training_loss": 7694.884765625,
    "validation_loss": [
      2928.005126953125
    ],
    "validation_chi2s": {
      "DEUTERON": 2.2025888926947297,
      "NMC": 2.7395252900965072,
      "NUCLEAR": 2.135734130859375,
      "HERACOMB": 2.3939169092116015,
      "DYE886": 2.670751224864613,
      "CDF": 1.4185751506260462,
      "D0": 1.3546913146972657,
      "ATLAS": 2.8470429507168857,
      "CMS": 3.128064411442454,
      "LHCb": 3.4677090644836426,
      "total": 2.485517740249634
    }
  },
  "6900": {
    "training_loss": 7685.90771484375,
    "validation_loss": [
      2939.6943359375
    ],
    "validation_chi2s": {
      "DEUTERON": 2.199268398000233,
      "NMC": 2.713016285615809,
      "NUCLEAR": 2.1357958984375,
      "HERACOMB": 2.4171122631995505,
      "DYE886": 2.446949005126953,
      "CDF": 1.4599509920392717,
      "D0": 1.3967126846313476,
      "ATLAS": 2.9166568409312856,
      "CMS": 3.1122572984152694,
      "LHCb": 3.4830126762390137,
      "total": 2.4954304695129395
    }
  },
  "7000": {
    "training_loss": 7680.3935546875,
    "validation_loss": [
      2948.27880859375
    ],
    "validation_chi2s": {
      "DEUTERON": 2.212570418172808,
      "NMC": 2.6986601586435355,
      "NUCLEAR": 2.137390380859375,
      "HERACOMB": 2.4389273450265523,
      "DYE886": 2.4455221349542793,
      "CDF": 1.3829714911324638,
      "D0": 1.433018112182617,
      "ATLAS": 2.908014644276012,
      "CMS": 3.1272858410346798,
      "LHCb": 3.4579224586486816,
      "total": 2.502504825592041
    }
  },
  "7100": {
    "training_loss": 7681.134765625,
    "validation_loss": [
      2955.974609375
    ],
    "validation_chi2s": {
      "DEUTERON": 2.226960594974347,
      "NMC": 2.7116827871285234,
      "NUCLEAR": 2.135604248046875,
      "HERACOMB": 2.449107650058721,
      "DYE886": 2.9014100161465732,
      "CDF": 1.4628291811261858,
      "D0": 1.4141016960144044,
      "ATLAS": 2.9198313626376065,
      "CMS": 3.0714123733644563,
      "LHCb": 3.3372514247894287,
      "total": 2.509270429611206
    }
  },
  "7200": {
    "training_loss": 7677.1357421875,
    "validation_loss": [
      2940.586669921875
    ],
    "validation_chi2s": {
      "DEUTERON": 2.193267670436878,
      "NMC": 2.6755218505859375,
      "NUCLEAR": 2.135678466796875,
      "HERACOMB": 2.440422307432087,
      "DYE886": 2.3926656896417793,
      "CDF": 1.4079010827200753,
      "D0": 1.4060415267944335,
      "ATLAS": 2.9117414301091973,
      "CMS": 3.1258329065834602,
      "LHCb": 3.4073662757873535,
      "total": 2.4961981773376465
    }
  },
  "7300": {
    "training_loss": 7683.20361328125,
    "validation_loss": [
      2934.326904296875
    ],
    "validation_chi2s": {
      "DEUTERON": 2.205313611386427,
      "NMC": 2.7447967529296875,
      "NUCLEAR": 2.137922119140625,
      "HERACOMB": 2.4144398807700163,
      "DYE886": 2.852711244062944,
      "CDF": 1.4497175216674805,
      "D0": 1.3947538375854491,
      "ATLAS": 2.8311630595814097,
      "CMS": 3.1163858553258383,
      "LHCb": 3.4139509201049805,
      "total": 2.490877151489258
    }
  },
  "7400": {
    "training_loss": 7706.796875,
    "validation_loss": [
      2934.000732421875
    ],
    "validation_chi2s": {
      "DEUTERON": 2.188174119636194,
      "NMC": 2.7287214690563726,
      "NUCLEAR": 2.136328125,
      "HERACOMB": 2.4295586480034723,
      "DYE886": 2.7732696533203125,
      "CDF": 1.44145325251988,
      "D0": 1.401519775390625,
      "ATLAS": 2.8360108462246982,
      "CMS": 3.1293009936324947,
      "LHCb": 3.383680582046509,
      "total": 2.490621328353882
    }
  },
  "7500": {
    "training_loss": 7670.44384765625,
    "validation_loss": [
      2944.181640625
    ],
    "validation_chi2s": {
      "DEUTERON": 2.200361564977845,
      "NMC": 2.698685290766697,
      "NUCLEAR": 2.13589501953125,
      "HERACOMB": 2.4360453287760415,
      "DYE886": 2.3355144153941763,
      "CDF": 1.4092621122087752,
      "D0": 1.4553550720214843,
      "ATLAS": 2.9289620139382104,
      "CMS": 3.1182963053385415,
      "LHCb": 3.4320805072784424,
      "total": 2.4991371631622314
    }
  },
  "7600": {
    "training_loss": 7691.34130859375,
    "validation_loss": [
      2936.134033203125
    ],
    "validation_chi2s": {
      "DEUTERON": 2.204796330845771,
      "NMC": 2.7455136168236827,
      "NUCLEAR": 2.134808837890625,
      "HERACOMB": 2.379803626365911,
      "DYE886": 2.427339727228338,
      "CDF": 1.4528049741472517,
      "D0": 1.3621460914611816,
      "ATLAS": 2.917592482133345,
      "CMS": 3.1546678000349337,
      "LHCb": 3.508183002471924,
      "total": 2.4924299716949463
    }
  },
  "7700": {
    "training_loss": 7682.93115234375,
    "validation_loss": [
      2944.927978515625
    ],
    "validation_chi2s": {
      "DEUTERON": 2.207893940939832,
      "NMC": 2.6948113534964766,
      "NUCLEAR": 2.13441650390625,
      "HERACOMB": 2.436471777024612,
      "DYE886": 2.5536381114612925,
      "CDF": 1.3635010038103377,
      "D0": 1.403265380859375,
      "ATLAS": 2.8807029724121094,
      "CMS": 3.140200483120554,
      "LHCb": 3.4731171131134033,
      "total": 2.4996025562286377
    }
  },
  "7800": {
    "training_loss": 7693.3515625,
    "validation_loss": [
      2935.751953125
    ],
    "validation_chi2s": {
      "DEUTERON": 2.1969959771455225,
      "NMC": 2.6732165766697302,
      "NUCLEAR": 2.134875244140625,
      "HERACOMB": 2.43987997217116,
      "DYE886": 2.538026983087713,
      "CDF": 1.3371122905186243,
      "D0": 1.35925350189209,
      "ATLAS": 2.8371542150324043,
      "CMS": 3.1698588549606197,
      "LHCb": 3.4037747383117676,
      "total": 2.491675615310669
    }
  },
  "7900": {
    "training_loss": 7680.18212890625,
    "validation_loss": [
      2939.90771484375
    ],
    "validation_chi2s": {
      "DEUTERON": 2.208992725581079,
      "NMC": 2.729360243853401,
      "NUCLEAR": 2.135815185546875,
      "HERACOMB": 2.4253554001353144,
      "DYE886": 2.9160374728116123,
      "CDF": 1.4679737091064453,
      "D0": 1.4355856895446777,
      "ATLAS": 2.8591490658846768,
      "CMS": 3.0979338855278202,
      "LHCb": 3.359346628189087,
      "total": 2.495634078979492
    }
  },
  "8000": {
    "training_loss": 7673.58349609375,
    "validation_loss": [
      2942.5205078125
    ],
    "validation_chi2s": {
      "DEUTERON": 2.2047283115671643,
      "NMC": 2.699344709807751,
      "NUCLEAR": 2.13471826171875,
      "HERACOMB": 2.4370835248161766,
      "DYE886": 2.4332698475230825,
      "CDF": 1.36350645337786,
      "D0": 1.4613912582397461,
      "ATLAS": 2.8920376517555932,
      "CMS": 3.1289715030329015,
      "LHCb": 3.4545412063598633,
      "total": 2.497743606567383
    }
  },
  "8100": {
    "training_loss": 7689.5380859375,
    "validation_loss": [
      2943.280517578125
    ],
    "validation_chi2s": {
      "DEUTERON": 2.222734897290889,
      "NMC": 2.7027934953278185,
      "NUCLEAR": 2.134829833984375,
      "HERACOMB": 2.430266935061785,
      "DYE886": 2.6469972783868965,
      "CDF": 1.353985377720424,
      "D0": 1.3703343391418457,
      "ATLAS": 2.8618297576904297,
      "CMS": 3.1342875162760415,
      "LHCb": 3.4436028003692627,
      "total": 2.498124837875366
    }
  },
  "8200": {
    "training_loss": 7674.837890625,
    "validation_loss": [
      2936.066650390625
    ],
    "validation_chi2s": {
      "DEUTERON": 2.195605073995258,
      "NMC": 2.6928842581954657,
      "NUCLEAR": 2.13627978515625,
      "HERACOMB": 2.445444144454657,
      "DYE886": 2.5032435330477627,
      "CDF": 1.3993712833949499,
      "D0": 1.4007267951965332,
      "ATLAS": 2.8508271304043857,
      "CMS": 3.1262653629954267,
      "LHCb": 3.41900372505188,
      "total": 2.4920105934143066
    }
  },
  "8300": {
    "training_loss": 7687.24267578125,
    "validation_loss": [
      2928.148681640625
    ],
    "validation_chi2s": {
      "DEUTERON": 2.192350624805659,
      "NMC": 2.72931656182981,
      "NUCLEAR": 2.132630126953125,
      "HERACOMB": 2.399600359349469,
      "DYE886": 2.543567484075373,
      "CDF": 1.4506143842424666,
      "D0": 1.3712746620178222,
      "ATLAS": 2.8939697959206323,
      "CMS": 3.1155658504827235,
      "LHCb": 3.3881337642669678,
      "total": 2.4856467247009277
    }
  },
  "8400": {
    "training_loss": 7663.65380859375,
    "validation_loss": [
      2928.633056640625
    ],
    "validation_chi2s": {
      "DEUTERON": 2.18628612916861,
      "NMC": 2.7536253087660847,
      "NUCLEAR": 2.1397978515625,
      "HERACOMB": 2.41928120532067,
      "DYE886": 2.737916252829812,
      "CDF": 1.4597406387329102,
      "D0": 1.3649696350097655,
      "ATLAS": 2.8237450339577417,
      "CMS": 3.104180312738186,
      "LHCb": 3.4455597400665283,
      "total": 2.485807418823242
    }
  },
  "8500": {
    "training_loss": 8026.84716796875,
    "validation_loss": [
      2957.892333984375
    ],
    "validation_chi2s": {
      "DEUTERON": 2.1978907039509483,
      "NMC": 2.6876092050589766,
      "NUCLEAR": 2.135102783203125,
      "HERACOMB": 2.5002890194163605,
      "DYE886": 2.709001887928356,
      "CDF": 1.417984962463379,
      "D0": 1.343172836303711,
      "ATLAS": 2.85885932228782,
      "CMS": 3.1447853150406506,
      "LHCb": 3.3069114685058594,
      "total": 2.5097224712371826
    }
  },
  "8600": {
    "training_loss": 7799.865234375,
    "validation_loss": [
      2959.72607421875
    ],
    "validation_chi2s": {
      "DEUTERON": 2.2066644317475124,
      "NMC": 2.749018351236979,
      "NUCLEAR": 2.139897705078125,
      "HERACOMB": 2.451980890012255,
      "DYE886": 2.3967160311612217,
      "CDF": 1.7272491455078125,
      "D0": 1.4609675407409668,
      "ATLAS": 3.0155823447487573,
      "CMS": 3.023192366933435,
      "LHCb": 3.395961284637451,
      "total": 2.512490749359131
    }
  },
  "8700": {
    "training_loss": 7678.841796875,
    "validation_loss": [
      2930.63330078125
    ],
    "validation_chi2s": {
      "DEUTERON": 2.188285258278918,
      "NMC": 2.770787556966146,
      "NUCLEAR": 2.1384140625,
      "HERACOMB": 2.416391011157067,
      "DYE886": 2.8019235784357246,
      "CDF": 1.4937644686017717,
      "D0": 1.3763456344604492,
      "ATLAS": 2.8263986760919746,
      "CMS": 3.1178358124523626,
      "LHCb": 3.3943862915039062,
      "total": 2.4877734184265137
    }
  },
  "8800": {
    "training_loss": 7663.85205078125,
    "validation_loss": [
      2930.17529296875
    ],
    "validation_chi2s": {
      "DEUTERON": 2.2025506318505133,
      "NMC": 2.746916228649663,
      "NUCLEAR": 2.135628662109375,
      "HERACOMB": 2.415250491472631,
      "DYE886": 2.847250158136541,
      "CDF": 1.4191991261073522,
      "D0": 1.3688840866088867,
      "ATLAS": 2.798593694513494,
      "CMS": 3.140935137989075,
      "LHCb": 3.409113883972168,
      "total": 2.4872846603393555
    }
  },
  "8900": {
    "training_loss": 8297.55615234375,
    "validation_loss": [
      2956.4267578125
    ],
    "validation_chi2s": {
      "DEUTERON": 2.2135056832536537,
      "NMC": 2.750011070101869,
      "NUCLEAR": 2.142181884765625,
      "HERACOMB": 2.4413440180759802,
      "DYE886": 2.486998818137429,
      "CDF": 1.6529757635934013,
      "D0": 1.4434139251708984,
      "ATLAS": 2.971864180131392,
      "CMS": 3.0353028832412345,
      "LHCb": 3.4829540252685547,
      "total": 2.5096142292022705
    }
  },
  "9000": {
    "training_loss": 7786.41650390625,
    "validation_loss": [
      2944.8134765625
    ],
    "validation_chi2s": {
      "DEUTERON": 2.1831479807991294,
      "NMC": 2.805466296626072,
      "NUCLEAR": 2.14471435546875,
      "HERACOMB": 2.423235924415339,
      "DYE886": 2.648646267977628,
      "CDF": 1.7850171497889928,
      "D0": 1.3681925773620605,
      "ATLAS": 2.9350610212846235,
      "CMS": 3.0487139942200203,
      "LHCb": 3.4129743576049805,
      "total": 2.4998347759246826
    }
  },
  "9100": {
    "training_loss": 7685.3017578125,
    "validation_loss": [
      2938.9248046875
    ],
    "validation_chi2s": {
      "DEUTERON": 2.1956630725765702,
      "NMC": 2.699339922736673,
      "NUCLEAR": 2.131272705078125,
      "HERACOMB": 2.4579517638761232,
      "DYE886": 2.580691944469105,
      "CDF": 1.4942148753574915,
      "D0": 1.3796076774597168,
      "ATLAS": 2.8757367567582564,
      "CMS": 3.10629173216781,
      "LHCb": 3.302706003189087,
      "total": 2.494793653488159
    }
  },
  "9200": {
    "training_loss": 7820.00927734375,
    "validation_loss": [
      2930.644287109375
    ],
    "validation_chi2s": {
      "DEUTERON": 2.206048007035137,
      "NMC": 2.7150280522365198,
      "NUCLEAR": 2.129918212890625,
      "HERACOMB": 2.423306932636336,
      "DYE886": 2.5713688243519175,
      "CDF": 1.3270081111363001,
      "D0": 1.3678836822509766,
      "ATLAS": 2.8047154166481714,
      "CMS": 3.1802658453220274,
      "LHCb": 3.447636604309082,
      "total": 2.4877407550811768
    }
  },
  "9300": {
    "training_loss": 7693.50146484375,
    "validation_loss": [
      2935.984619140625
    ],
    "validation_chi2s": {
      "DEUTERON": 2.2027287269706157,
      "NMC": 2.7318483240464153,
      "NUCLEAR": 2.134246337890625,
      "HERACOMB": 2.417782253689236,
      "DYE886": 2.4374507557262075,
      "CDF": 1.51095335824149,
      "D0": 1.3869917869567872,
      "ATLAS": 2.9101396040482954,
      "CMS": 3.09713844361344,
      "LHCb": 3.4145777225494385,
      "total": 2.4923133850097656
    }
  },
  "9400": {
    "training_loss": 7708.43359375,
    "validation_loss": [
      2941.853515625
    ],
    "validation_chi2s": {
      "DEUTERON": 2.197418364719372,
      "NMC": 2.7427736170151653,
      "NUCLEAR": 2.135532958984375,
      "HERACOMB": 2.4192987579146243,
      "DYE886": 2.55200212652033,
      "CDF": 1.6222858428955078,
      "D0": 1.39286470413208,
      "ATLAS": 2.939851240678267,
      "CMS": 3.0769534227324695,
      "LHCb": 3.399092197418213,
      "total": 2.4973089694976807
    }
  },
  "9500": {
    "training_loss": 7705.73388671875,
    "validation_loss": [
      2934.807861328125
    ],
    "validation_chi2s": {
      "DEUTERON": 2.197153271727301,
      "NMC": 2.752316942401961,
      "NUCLEAR": 2.13469189453125,
      "HERACOMB": 2.41900634765625,
      "DYE886": 2.638833826238459,
      "CDF": 1.6280525752476283,
      "D0": 1.3919003486633301,
      "ATLAS": 2.885822816328569,
      "CMS": 3.068469287903328,
      "LHCb": 3.443899154663086,
      "total": 2.4913291931152344
    }
  },
  "9600": {
    "training_loss": 7684.57958984375,
    "validation_loss": [
      2936.78076171875
    ],
    "validation_chi2s": {
      "DEUTERON": 2.201514552481732,
      "NMC": 2.7960623946844363,
      "NUCLEAR": 2.13658203125,
      "HERACOMB": 2.420529633565666,
      "DYE886": 2.6977467970414595,
      "CDF": 1.5576820373535156,
      "D0": 1.4101551055908204,
      "ATLAS": 2.8746925700794566,
      "CMS": 3.0801344460588163,
      "LHCb": 3.364635705947876,
      "total": 2.4930031299591064
    }
  },
  "9700": {
    "training_loss": 7671.46826171875,
    "validation_loss": [
      2951.3671875
    ],
    "validation_chi2s": {
      "DEUTERON": 2.196466550305115,
      "NMC": 2.7497606464460786,
      "NUCLEAR": 2.135240966796875,
      "HERACOMB": 2.474893607345282,
      "DYE886": 2.9523773193359375,
      "CDF": 1.512655530657087,
      "D0": 1.4463623046875,
      "ATLAS": 2.8173405040394175,
      "CMS": 3.1425595167206555,
      "LHCb": 3.315988063812256,
      "total": 2.505397319793701
    }
  },
  "9800": {
    "training_loss": 7708.255859375,
    "validation_loss": [
      2956.9521484375
    ],
    "validation_chi2s": {
      "DEUTERON": 2.231122980070351,
      "NMC": 2.7286921482460174,
      "NUCLEAR": 2.128349365234375,
      "HERACOMB": 2.4286943822125204,
      "DYE886": 2.6289974559437144,
      "CDF": 1.4626294544764928,
      "D0": 1.3827177047729493,
      "ATLAS": 2.9635966907848013,
      "CMS": 3.1120064588097054,
      "LHCb": 3.368192672729492,
      "total": 2.5101377964019775
    }
  },
  "9900": {
    "training_loss": 7697.248046875,
    "validation_loss": [
      2934.793701171875
    ],
    "validation_chi2s": {
      "DEUTERON": 2.201893365205224,
      "NMC": 2.682864320044424,
      "NUCLEAR": 2.128747314453125,
      "HERACOMB": 2.4133462344898895,
      "DYE886": 2.4082766446200283,
      "CDF": 1.4802292415073939,
      "D0": 1.3803836822509765,
      "ATLAS": 2.91571044921875,
      "CMS": 3.1313253263147867,
      "LHCb": 3.411271810531616,
      "total": 2.4912593364715576
    }
  },
  "10000": {
    "training_loss": 7674.36474609375,
    "validation_loss": [
      2943.38525390625
    ],
    "validation_chi2s": {
      "DEUTERON": 2.203883384590718,
      "NMC": 2.701547959271599,
      "NUCLEAR": 2.132696044921875,
      "HERACOMB": 2.448608597898795,
      "DYE886": 2.4675216674804688,
      "CDF": 1.4324068341936385,
      "D0": 1.379922866821289,
      "ATLAS": 2.8639476082541724,
      "CMS": 3.137627578363186,
      "LHCb": 3.488232374191284,
      "total": 2.498239278793335
    }
  },
  "10100": {
    "training_loss": 7711.3701171875,
    "validation_loss": [
      2945.7587890625
    ],
    "validation_chi2s": {
      "DEUTERON": 2.21446387447528,
      "NMC": 2.688040340647978,
      "NUCLEAR": 2.125481689453125,
      "HERACOMB": 2.4374491373697915,
      "DYE886": 2.814293081110174,
      "CDF": 1.4740777696881975,
      "D0": 1.4505050659179688,
      "ATLAS": 2.9098628651012075,
      "CMS": 3.096785630637068,
      "LHCb": 3.3293724060058594,
      "total": 2.5006325244903564
    }
  },
  "10200": {
    "training_loss": 7675.60595703125,
    "validation_loss": [
      2939.37890625
    ],
    "validation_chi2s": {
      "DEUTERON": 2.2070130305503732,
      "NMC": 2.716779821059283,
      "NUCLEAR": 2.1397294921875,
      "HERACOMB": 2.428018008961397,
      "DYE886": 2.6420246471058237,
      "CDF": 1.4575999123709542,
      "D0": 1.3616469383239747,
      "ATLAS": 2.8659903786399146,
      "CMS": 3.1084991703188516,
      "LHCb": 3.455580234527588,
      "total": 2.495206832885742
    }
  },
  "10300": {
    "training_loss": 7677.43994140625,
    "validation_loss": [
      2948.571533203125
    ],
    "validation_chi2s": {
      "DEUTERON": 2.205705633210899,
      "NMC": 2.7373860677083335,
      "NUCLEAR": 2.133264892578125,
      "HERACOMB": 2.4668501311657476,
      "DYE886": 2.9478714682839136,
      "CDF": 1.5257174628121513,
      "D0": 1.4379563331604004,
      "ATLAS": 2.8392757068980825,
      "CMS": 3.100756389338796,
      "LHCb": 3.325854539871216,
      "total": 2.5030319690704346
    }
  },
  "10400": {
    "training_loss": 7687.2109375,
    "validation_loss": [
      2945.745849609375
    ],
    "validation_chi2s": {
      "DEUTERON": 2.218263388866216,
      "NMC": 2.6859558703852633,
      "NUCLEAR": 2.128317138671875,
      "HERACOMB": 2.412125331903595,
      "DYE886": 2.4435320767489346,
      "CDF": 1.4559176308768136,
      "D0": 1.4129793167114257,
      "ATLAS": 2.9602650729092685,
      "CMS": 3.132823168746824,
      "LHCb": 3.38318133354187,
      "total": 2.5006186962127686
    }
  },
  "10500": {
    "training_loss": 7697.498046875,
    "validation_loss": [
      2942.99609375
    ],
    "validation_chi2s": {
      "DEUTERON": 2.200309184060168,
      "NMC": 2.741245942957261,
      "NUCLEAR": 2.136674072265625,
      "HERACOMB": 2.4367053462009802,
      "DYE886": 2.9439301924272017,
      "CDF": 1.5660901750837053,
      "D0": 1.4214882850646973,
      "ATLAS": 2.8517091924493965,
      "CMS": 3.098342771452617,
      "LHCb": 3.3809032440185547,
      "total": 2.4982986450195312
    }
  },
  "10600": {
    "training_loss": 7682.63671875,
    "validation_loss": [
      2964.86474609375
    ],
    "validation_chi2s": {
      "DEUTERON": 2.238880518063977,
      "NMC": 2.7031010646446076,
      "NUCLEAR": 2.12831689453125,
      "HERACOMB": 2.437509574142157,
      "DYE886": 2.503318439830433,
      "CDF": 1.4192564828055245,
      "D0": 1.442603302001953,
      "ATLAS": 2.963193026455966,
      "CMS": 3.1505662871570124,
      "LHCb": 3.4546070098876953,
      "total": 2.516853094100952
    }
  },
  "10700": {
    "training_loss": 7696.0830078125,
    "validation_loss": [
      2936.7080078125
    ],
    "validation_chi2s": {
      "DEUTERON": 2.2089292611648785,
      "NMC": 2.6934141271254597,
      "NUCLEAR": 2.1262998046875,
      "HERACOMB": 2.435605716082006,
      "DYE886": 2.5510838248512964,
      "CDF": 1.3200269426618303,
      "D0": 1.3793808937072753,
      "ATLAS": 2.818146445534446,
      "CMS": 3.2019400247713414,
      "LHCb": 3.4208648204803467,
      "total": 2.492943286895752
    }
  },
  "10800": {
    "training_loss": 7672.39453125,
    "validation_loss": [
      2950.513671875
    ],
    "validation_chi2s": {
      "DEUTERON": 2.2050175453299907,
      "NMC": 2.7768560671338847,
      "NUCLEAR": 2.136619873046875,
      "HERACOMB": 2.4553240607766544,
      "DYE886": 3.0372324856844815,
      "CDF": 1.5294723510742188,
      "D0": 1.4648219108581544,
      "ATLAS": 2.8332429365678267,
      "CMS": 3.1081793560245172,
      "LHCb": 3.3459644317626953,
      "total": 2.504680633544922
    }
  },
  "10900": {
    "training_loss": 7678.66748046875,
    "validation_loss": [
      2948.8974609375
    ],
    "validation_chi2s": {
      "DEUTERON": 2.2083512491254664,
      "NMC": 2.72400770000383,
      "NUCLEAR": 2.134544921875,
      "HERACOMB": 2.468520619510825,
      "DYE886": 2.700010126287287,
      "CDF": 1.4739851270403181,
      "D0": 1.3848776817321777,
      "ATLAS": 2.842152335427024,
      "CMS": 3.1318359375,
      "LHCb": 3.3565778732299805,
      "total": 2.502732276916504
    }
  },
  "11000": {
    "training_loss": 7681.2490234375,
    "validation_loss": [
      2941.676513671875
    ],
    "validation_chi2s": {
      "DEUTERON": 2.1937981600785137,
      "NMC": 2.751974666819853,
      "NUCLEAR": 2.134039306640625,
      "HERACOMB": 2.4155632467830883,
      "DYE886": 2.5602493286132812,
      "CDF": 1.5868708746773856,
      "D0": 1.3861310005187988,
      "ATLAS": 2.9481436989524146,
      "CMS": 3.073950790777439,
      "LHCb": 3.4051103591918945,
      "total": 2.4967777729034424
    }
  },
  "11100": {
    "training_loss": 7716.22119140625,
    "validation_loss": [
      2941.86669921875
    ],
    "validation_chi2s": {
      "DEUTERON": 2.210822110152363,
      "NMC": 2.8290566837086395,
      "NUCLEAR": 2.140479736328125,
      "HERACOMB": 2.4143327700546364,
      "DYE886": 2.896674936467951,
      "CDF": 1.5204598563058036,
      "D0": 1.4315396308898927,
      "ATLAS": 2.818900368430398,
      "CMS": 3.140723251714939,
      "LHCb": 3.380567789077759,
      "total": 2.4973363876342773
    }
  },
  "11200": {
    "training_loss": 7682.90283203125,
    "validation_loss": [
      2940.18505859375
    ],
    "validation_chi2s": {
      "DEUTERON": 2.1988883706467663,
      "NMC": 2.782490150601256,
      "NUCLEAR": 2.136390380859375,
      "HERACOMB": 2.4291804693882764,
      "DYE886": 2.778703516179865,
      "CDF": 1.578472682407924,
      "D0": 1.3717823028564453,
      "ATLAS": 2.8612395199862393,
      "CMS": 3.0857022913490852,
      "LHCb": 3.4327545166015625,
      "total": 2.495905637741089
    }
  },
  "11300": {
    "training_loss": 7679.2041015625,
    "validation_loss": [
      2949.49951171875
    ],
    "validation_chi2s": {
      "DEUTERON": 2.206433652052239,
      "NMC": 2.7512613932291665,
      "NUCLEAR": 2.134860107421875,
      "HERACOMB": 2.4457780426623774,
      "DYE886": 2.752155997536399,
      "CDF": 1.646758760724749,
      "D0": 1.3835887908935547,
      "ATLAS": 2.913116455078125,
      "CMS": 3.0746013362233233,
      "LHCb": 3.3366377353668213,
      "total": 2.5038185119628906
    }
  },
  "11400": {
    "training_loss": 7701.837890625,
    "validation_loss": [
      2939.04296875
    ],
    "validation_chi2s": {
      "DEUTERON": 2.216970415257696,
      "NMC": 2.737939572801777,
      "NUCLEAR": 2.13074560546875,
      "HERACOMB": 2.403663385927288,
      "DYE886": 2.37093110518022,
      "CDF": 1.5883472987583704,
      "D0": 1.427412223815918,
      "ATLAS": 2.9433271234685723,
      "CMS": 3.093678544207317,
      "LHCb": 3.4214792251586914,
      "total": 2.4949419498443604
    }
  },
  "11500": {
    "training_loss": 7848.17578125,
    "validation_loss": [
      2963.80712890625
    ],
    "validation_chi2s": {
      "DEUTERON": 2.211880660175684,
      "NMC": 2.829199099073223,
      "NUCLEAR": 2.13492578125,
      "HERACOMB": 2.436416925168505,
      "DYE886": 2.8556144020774146,
      "CDF": 1.7974814006260462,
      "D0": 1.4397150039672852,
      "ATLAS": 2.962655847722834,
      "CMS": 3.0634180084476625,
      "LHCb": 3.3631503582000732,
      "total": 2.515962600708008
    }
  },
  "11600": {
    "training_loss": 7796.19189453125,
    "validation_loss": [
      2940.6015625
    ],
    "validation_chi2s": {
      "DEUTERON": 2.2310464583819187,
      "NMC": 2.811824723785999,
      "NUCLEAR": 2.124807861328125,
      "HERACOMB": 2.395694707733354,
      "DYE886": 3.086538488214666,
      "CDF": 1.439718246459961,
      "D0": 1.4031479835510254,
      "ATLAS": 2.7949662642045454,
      "CMS": 3.171996077870935,
      "LHCb": 3.4491195678710938,
      "total": 2.4962499141693115
    }
  },
  "11700": {
    "training_loss": 7689.29833984375,
    "validation_loss": [
      2941.77734375
    ],
    "validation_chi2s": {
      "DEUTERON": 2.2213209161710976,
      "NMC": 2.8103655646829044,
      "NUCLEAR": 2.13218798828125,
      "HERACOMB": 2.415081747217116,
      "DYE886": 3.0773135098544033,
      "CDF": 1.4809212003435408,
      "D0": 1.4442209243774413,
      "ATLAS": 2.7891077561811968,
      "CMS": 3.1321185352356453,
      "LHCb": 3.476795196533203,
      "total": 2.4972639083862305
    }
  },
  "11800": {
    "training_loss": 7686.06201171875,
    "validation_loss": [
      2953.36328125
    ],
    "validation_chi2s": {
      "DEUTERON": 2.197039248338386,
      "NMC": 2.825784720626532,
      "NUCLEAR": 2.13841162109375,
      "HERACOMB": 2.4405042860243054,
      "DYE886": 2.864606510509144,
      "CDF": 1.6943133217947823,
      "D0": 1.4036203384399415,
      "ATLAS": 2.896346699107777,
      "CMS": 3.0813085044302593,
      "LHCb": 3.3928298950195312,
      "total": 2.5070998668670654
    }
  },
  "11900": {
    "training_loss": 7704.0712890625,
    "validation_loss": [
      2934.76318359375
    ],
    "validation_chi2s": {
      "DEUTERON": 2.218844133823072,
      "NMC": 2.7437881768918504,
      "NUCLEAR": 2.12533349609375,
      "HERACOMB": 2.415274626289318,
      "DYE886": 2.8820809451016514,
      "CDF": 1.471046311514718,
      "D0": 1.387958812713623,
      "ATLAS": 2.8244653181596235,
      "CMS": 3.1206677444582063,
      "LHCb": 3.4345078468322754,
      "total": 2.4913101196289062
    }
  },
  "12000": {
    "training_loss": 7698.98779296875,
    "validation_loss": [
      2943.439453125
    ],
    "validation_chi2s": {
      "DEUTERON": 2.2256738463444496,
      "NMC": 2.7502863266888786,
      "NUCLEAR": 2.123164794921875,
      "HERACOMB": 2.396078870187398,
      "DYE886": 2.695074428211559,
      "CDF": 1.525362151009696,
      "D0": 1.3441816329956056,
      "ATLAS": 2.913890838623047,
      "CMS": 3.136742568597561,
      "LHCb": 3.4217934608459473,
      "total": 2.498462438583374
    }
  },
  "12100": {
    "training_loss": 7701.5625,
    "validation_loss": [
      2935.87841796875
    ],
    "validation_chi2s": {
      "DEUTERON": 2.224104088930348,
      "NMC": 2.7664998372395835,
      "NUCLEAR": 2.125517578125,
      "HERACOMB": 2.4027668074065565,
      "DYE886": 2.89590766213157,
      "CDF": 1.511824335370745,
      "D0": 1.390975284576416,
      "ATLAS": 2.8286483071067114,
      "CMS": 3.1123054318311736,
      "LHCb": 3.507730484008789,
      "total": 2.4922478199005127
    }
  },
  "12200": {
    "training_loss": 7710.24267578125,
    "validation_loss": [
      2942.13427734375
    ],
    "validation_chi2s": {
      "DEUTERON": 2.2105524622978856,
      "NMC": 2.669345631318934,
      "NUCLEAR": 2.117880126953125,
      "HERACOMB": 2.4279619603375204,
      "DYE886": 2.598669572310014,
      "CDF": 1.4294319152832031,
      "D0": 1.4159660339355469,
      "ATLAS": 2.890949422662908,
      "CMS": 3.145240845719004,
      "LHCb": 3.501574754714966,
      "total": 2.4974043369293213
    }
  },
  "12300": {
    "training_loss": 7731.66015625,
    "validation_loss": [
      2935.7626953125
    ],
    "validation_chi2s": {
      "DEUTERON": 2.2027246275944496,
      "NMC": 2.742533066693474,
      "NUCLEAR": 2.12291845703125,
      "HERACOMB": 2.412815069061479,
      "DYE886": 2.75741923939098,
      "CDF": 1.5235966273716517,
      "D0": 1.379688835144043,
      "ATLAS": 2.8813162716952236,
      "CMS": 3.0992349764195883,
      "LHCb": 3.457876682281494,
      "total": 2.4921584129333496
    }
  },
  "12400": {
    "training_loss": 7740.791015625,
    "validation_loss": [
      2956.859619140625
    ],
    "validation_chi2s": {
      "DEUTERON": 2.218458185148476,
      "NMC": 2.717051487342984,
      "NUCLEAR": 2.124086181640625,
      "HERACOMB": 2.4037832621655433,
      "DYE886": 2.397199110551314,
      "CDF": 1.6403533390590124,
      "D0": 1.4565671920776366,
      "ATLAS": 3.027419697154652,
      "CMS": 3.1241197043318087,
      "LHCb": 3.4349472522735596,
      "total": 2.5100646018981934
    }
  },
  "12500": {
    "training_loss": 7852.09814453125,
    "validation_loss": [
      2934.4931640625
    ],
    "validation_chi2s": {
      "DEUTERON": 2.2364187667618936,
      "NMC": 2.7261187983494177,
      "NUCLEAR": 2.11849755859375,
      "HERACOMB": 2.395214604396446,
      "DYE886": 2.9215098294344815,
      "CDF": 1.3621984209333147,
      "D0": 1.4055551528930663,
      "ATLAS": 2.7984079881147905,
      "CMS": 3.1945120958777946,
      "LHCb": 3.438751459121704,
      "total": 2.491053819656372
    }
  }
}