{
  "100": {
    "training_loss": 24008.25,
    "validation_loss": [
      11390.7802734375
    ],
    "validation_chi2s": {
      "DEUTERON": 6.620588463930348,
      "NMC": 5.576553643918505,
      "NUCLEAR": 6.75264794921875,
      "HERACOMB": 7.759968277675654,
      "DYE886": 62.3217939897017,
      "CDF": 4.479181562151227,
      "D0": 24.14244689941406,
      "ATLAS": 13.918362165178571,
      "CMS": 6.053280738092238,
      "LHCb": 10.660075187683105,
      "total": 9.209809303283691
    }
  },
  "200": {
    "training_loss": 17979.21484375,
    "validation_loss": [
      8792.6044921875
    ],
    "validation_chi2s": {
      "DEUTERON": 6.963921238533893,
      "NMC": 4.4180127312155335,
      "NUCLEAR": 5.99185400390625,
      "HERACOMB": 6.1548362183415035,
      "DYE886": 44.42229669744318,
      "CDF": 3.7497621263776506,
      "D0": 15.160932922363282,
      "ATLAS": 8.716319056919643,
      "CMS": 4.2813154651272685,
      "LHCb": 6.426640033721924,
      "total": 7.150636672973633
    }
  },
  "300": {
    "training_loss": 17868.576171875,
    "validation_loss": [
      8000.212890625
    ],
    "validation_chi2s": {
      "DEUTERON": 7.223071046136505,
      "NMC": 4.268073287664675,
      "NUCLEAR": 5.6290517578125,
      "HERACOMB": 5.054681516161152,
      "DYE886": 36.98701893199574,
      "CDF": 3.395442145211356,
      "D0": 15.842332458496093,
      "ATLAS": 7.906395089285715,
      "CMS": 5.0321866927608365,
      "LHCb": 6.074006080627441,
      "total": 6.6395487785339355
    }
  },
  "400": {
    "training_loss": 21214.849609375,
    "validation_loss": [
      7777.7568359375
    ],
    "validation_chi2s": {
      "DEUTERON": 7.099198830068408,
      "NMC": 4.250785079656863,
      "NUCLEAR": 5.49862158203125,
      "HERACOMB": 4.744104323044322,
      "DYE886": 36.108556574041195,
      "CDF": 2.891219002859933,
      "D0": 15.636320495605469,
      "ATLAS": 7.719911411830357,
      "CMS": 5.061881772933468,
      "LHCb": 5.685792922973633,
      "total": 6.453033447265625
    }
  },
  "500": {
    "training_loss": 17561.75390625,
    "validation_loss": [
      7663.71337890625
    ],
    "validation_chi2s": {
      "DEUTERON": 6.858415442319652,
      "NMC": 4.211820415422028,
      "NUCLEAR": 5.41121728515625,
      "HERACOMB": 4.615774915109273,
      "DYE886": 36.1983115456321,
      "CDF": 2.5645179748535156,
      "D0": 16.516021728515625,
      "ATLAS": 7.5827315848214285,
      "CMS": 5.127689484627016,
      "LHCb": 5.582025051116943,
      "total": 6.349309921264648
    }
  },
  "600": {
    "training_loss": 16388.029296875,
    "validation_loss": [
      7576.8193359375
    ],
    "validation_chi2s": {
      "DEUTERON": 6.564867313821518,
      "NMC": 4.18337204877068,
      "NUCLEAR": 5.3601591796875,
      "HERACOMB": 4.499844819112541,
      "DYE886": 36.563928777521305,
      "CDF": 2.3719449724469865,
      "D0": 17.212509155273438,
      "ATLAS": 7.480029994419643,
      "CMS": 5.2228624897618445,
      "LHCb": 5.735123634338379,
      "total": 6.267556667327881
    }
  },
  "700": {
    "training_loss": 15861.291015625,
    "validation_loss": [
      7510.8271484375
    ],
    "validation_chi2s": {
      "DEUTERON": 6.180997478428171,
      "NMC": 4.151260974360447,
      "NUCLEAR": 5.3619208984375,
      "HERACOMB": 4.396245819291258,
      "DYE886": 37.59352527965199,
      "CDF": 2.2157810756138394,
      "D0": 18.425323486328125,
      "ATLAS": 7.383265206473214,
      "CMS": 5.321469214654738,
      "LHCb": 6.178474426269531,
      "total": 6.2107744216918945
    }
  },
  "800": {
    "training_loss": 15487.3447265625,
    "validation_loss": [
      7393.1875
    ],
    "validation_chi2s": {
      "DEUTERON": 5.806322999261505,
      "NMC": 4.077429677925858,
      "NUCLEAR": 5.2493681640625,
      "HERACOMB": 4.196101568882762,
      "DYE886": 39.2529823996804,
      "CDF": 1.9908018112182617,
      "D0": 19.635617065429688,
      "ATLAS": 7.190230887276786,
      "CMS": 5.4457835535849295,
      "LHCb": 6.704108715057373,
      "total": 6.106388092041016
    }
  },
  "900": {
    "training_loss": 15236.1142578125,
    "validation_loss": [
      7254.0654296875
    ],
    "validation_chi2s": {
      "DEUTERON": 5.531877356382152,
      "NMC": 3.988855997721354,
      "NUCLEAR": 4.99653271484375,
      "HERACOMB": 4.017200744229983,
      "DYE886": 40.66332730379972,
      "CDF": 1.7207544871738978,
      "D0": 19.324176025390624,
      "ATLAS": 7.048469587053572,
      "CMS": 5.5794564524004535,
      "LHCb": 6.804609775543213,
      "total": 5.973427772521973
    }
  },
  "1000": {
    "training_loss": 14936.2783203125,
    "validation_loss": [
      7145.9873046875
    ],
    "validation_chi2s": {
      "DEUTERON": 5.397276313743781,
      "NMC": 3.900800817153033,
      "NUCLEAR": 4.6984873046875,
      "HERACOMB": 3.9902140299479165,
      "DYE886": 40.7165360884233,
      "CDF": 1.561154774257115,
      "D0": 19.9308349609375,
      "ATLAS": 7.062771344866071,
      "CMS": 5.614725420551915,
      "LHCb": 6.3533453941345215,
      "total": 5.875160217285156
    }
  },
  "1100": {
    "training_loss": 14685.623046875,
    "validation_loss": [
      7018.185546875
    ],
    "validation_chi2s": {
      "DEUTERON": 5.233391149720149,
      "NMC": 3.820920458026961,
      "NUCLEAR": 4.48676806640625,
      "HERACOMB": 3.9188531613817403,
      "DYE886": 40.00123457475142,
      "CDF": 1.388307707650321,
      "D0": 19.394084167480468,
      "ATLAS": 7.0802385602678575,
      "CMS": 5.6000883040889615,
      "LHCb": 6.139294624328613,
      "total": 5.75656795501709
    }
  },
  "1200": {
    "training_loss": 14495.154296875,
    "validation_loss": [
      6877.6376953125
    ],
    "validation_chi2s": {
      "DEUTERON": 5.153625184623756,
      "NMC": 3.764730116900276,
      "NUCLEAR": 4.34374560546875,
      "HERACOMB": 3.8566236308976714,
      "DYE886": 40.32960094105113,
      "CDF": 1.254537854875837,
      "D0": 16.87323913574219,
      "ATLAS": 7.003607700892857,
      "CMS": 5.5285934940461186,
      "LHCb": 5.775008201599121,
      "total": 5.649138927459717
    }
  },
  "1300": {
    "training_loss": 14905.5078125,
    "validation_loss": [
      9513.3603515625
    ],
    "validation_chi2s": {
      "DEUTERON": 21.67980410447761,
      "NMC": 4.092644186580882,
      "NUCLEAR": 3.490618896484375,
      "HERACOMB": 3.356967502170139,
      "DYE886": 8.995389764959162,
      "CDF": 1.321258544921875,
      "D0": 5.055631637573242,
      "ATLAS": 7.661895926339286,
      "CMS": 9.062445855909779,
      "LHCb": 9.417543411254883,
      "total": 8.05593490600586
    }
  },
  "1400": {
    "training_loss": 9197.5458984375,
    "validation_loss": [
      3388.2734375
    ],
    "validation_chi2s": {
      "DEUTERON": 3.1447957356770835,
      "NMC": 3.0561502494064032,
      "NUCLEAR": 2.148537353515625,
      "HERACOMB": 2.8495126362719567,
      "DYE886": 5.069332122802734,
      "CDF": 0.8476885386875698,
      "D0": 4.231925201416016,
      "ATLAS": 3.0085581752232144,
      "CMS": 3.184146019720262,
      "LHCb": 2.571445941925049,
      "total": 2.8526735305786133
    }
  },
  "1500": {
    "training_loss": 9117.5,
    "validation_loss": [
      3357.08349609375
    ],
    "validation_chi2s": {
      "DEUTERON": 3.261488577619714,
      "NMC": 2.963968613568474,
      "NUCLEAR": 2.127015380859375,
      "HERACOMB": 2.8250592798968546,
      "DYE886": 3.8895728371360083,
      "CDF": 0.6103901863098145,
      "D0": 4.071770477294922,
      "ATLAS": 2.9682571847098216,
      "CMS": 3.159905218308972,
      "LHCb": 2.790430784225464,
      "total": 2.8302814960479736
    }
  },
  "1600": {
    "training_loss": 8855.943359375,
    "validation_loss": [
      3321.0654296875
    ],
    "validation_chi2s": {
      "DEUTERON": 3.1484842632540424,
      "NMC": 2.893586701037837,
      "NUCLEAR": 2.153919921875,
      "HERACOMB": 2.8199385100719976,
      "DYE886": 3.994034853848544,
      "CDF": 0.5671647616795131,
      "D0": 3.732709503173828,
      "ATLAS": 2.95817138671875,
      "CMS": 3.0788394558814263,
      "LHCb": 2.699544668197632,
      "total": 2.79864764213562
    }
  },
  "1700": {
    "training_loss": 8711.716796875,
    "validation_loss": [
      3253.93505859375
    ],
    "validation_chi2s": {
      "DEUTERON": 3.016357421875,
      "NMC": 2.926137886795343,
      "NUCLEAR": 2.111513916015625,
      "HERACOMB": 2.787874707988664,
      "DYE886": 3.6909907947887075,
      "CDF": 0.5733819689069476,
      "D0": 3.9518409729003907,
      "ATLAS": 2.81819091796875,
      "CMS": 3.024195517263105,
      "LHCb": 3.089388370513916,
      "total": 2.740464210510254
    }
  },
  "1800": {
    "training_loss": 8649.0341796875,
    "validation_loss": [
      3266.1142578125
    ],
    "validation_chi2s": {
      "DEUTERON": 3.03236229739972,
      "NMC": 2.8937916475183822,
      "NUCLEAR": 2.11130517578125,
      "HERACOMB": 2.7868638381459356,
      "DYE886": 4.041751861572266,
      "CDF": 0.5398478167397636,
      "D0": 3.6134483337402346,
      "ATLAS": 2.8342368861607143,
      "CMS": 3.0697885328723538,
      "LHCb": 2.9545509815216064,
      "total": 2.7484869956970215
    }
  },
  "1900": {
    "training_loss": 8603.931640625,
    "validation_loss": [
      3221.953857421875
    ],
    "validation_chi2s": {
      "DEUTERON": 3.0325481357859143,
      "NMC": 2.9510524974149814,
      "NUCLEAR": 2.084942626953125,
      "HERACOMB": 2.74833629333895,
      "DYE886": 3.052315451882102,
      "CDF": 0.596256937299456,
      "D0": 4.687580108642578,
      "ATLAS": 2.7241177804129464,
      "CMS": 3.027838430097026,
      "LHCb": 3.379720687866211,
      "total": 2.7171449661254883
    }
  },
  "2000": {
    "training_loss": 8576.689453125,
    "validation_loss": [
      3245.0615234375
    ],
    "validation_chi2s": {
      "DEUTERON": 3.0197723540500623,
      "NMC": 2.9105550728592218,
      "NUCLEAR": 2.08096826171875,
      "HERACOMB": 2.855966804853452,
      "DYE886": 2.7108064131303267,
      "CDF": 0.6298601967947823,
      "D0": 4.134233093261718,
      "ATLAS": 2.7586493791852678,
      "CMS": 3.1007550147271927,
      "LHCb": 3.1353108882904053,
      "total": 2.735616683959961
    }
  },
  "2100": {
    "training_loss": 10920.453125,
    "validation_loss": [
      3302.0205078125
    ],
    "validation_chi2s": {
      "DEUTERON": 3.1887668590640548,
      "NMC": 2.985441619274663,
      "NUCLEAR": 2.0535029296875,
      "HERACOMB": 2.765713760276246,
      "DYE886": 2.873538450761275,
      "CDF": 0.6642852510724749,
      "D0": 6.92998046875,
      "ATLAS": 2.7136321149553573,
      "CMS": 3.1893125964749243,
      "LHCb": 3.878584623336792,
      "total": 2.7882230281829834
    }
  },
  "2200": {
    "training_loss": 8473.6044921875,
    "validation_loss": [
      3195.140625
    ],
    "validation_chi2s": {
      "DEUTERON": 2.7958352767412937,
      "NMC": 2.858896292892157,
      "NUCLEAR": 2.080094970703125,
      "HERACOMB": 2.8239373101128473,
      "DYE886": 3.0228777798739346,
      "CDF": 0.6545730318341937,
      "D0": 3.349308395385742,
      "ATLAS": 2.7631525530133927,
      "CMS": 3.126277308310232,
      "LHCb": 3.113081216812134,
      "total": 2.6887288093566895
    }
  },
  "2300": {
    "training_loss": 8659.0009765625,
    "validation_loss": [
      3182.92724609375
    ],
    "validation_chi2s": {
      "DEUTERON": 2.77526612542755,
      "NMC": 2.8454290651807597,
      "NUCLEAR": 2.0781943359375,
      "HERACOMB": 2.7905219582950367,
      "DYE886": 3.1988525390625,
      "CDF": 0.6588890211922782,
      "D0": 3.3301265716552733,
      "ATLAS": 2.7793582589285712,
      "CMS": 3.0945267215851815,
      "LHCb": 3.156641960144043,
      "total": 2.678950309753418
    }
  },
  "2400": {
    "training_loss": 8463.837890625,
    "validation_loss": [
      3188.757080078125
    ],
    "validation_chi2s": {
      "DEUTERON": 3.0123342637398944,
      "NMC": 2.9174355899586395,
      "NUCLEAR": 2.026045166015625,
      "HERACOMB": 2.761715758080576,
      "DYE886": 2.732555562799627,
      "CDF": 0.6770574024745396,
      "D0": 4.079539489746094,
      "ATLAS": 2.6995542689732144,
      "CMS": 3.0754072127803678,
      "LHCb": 3.213291883468628,
      "total": 2.6894006729125977
    }
  },
  "2500": {
    "training_loss": 8442.287109375,
    "validation_loss": [
      3198.349853515625
    ],
    "validation_chi2s": {
      "DEUTERON": 2.9921577415656095,
      "NMC": 2.8637826956954657,
      "NUCLEAR": 2.0343333740234373,
      "HERACOMB": 2.803427502999898,
      "DYE886": 2.81982404535467,
      "CDF": 0.7229847226824079,
      "D0": 3.3676288604736326,
      "ATLAS": 2.732843540736607,
      "CMS": 3.0953767838016635,
      "LHCb": 3.1190185546875,
      "total": 2.6965744495391846
    }
  },
  "2600": {
    "training_loss": 8433.1845703125,
    "validation_loss": [
      3189.232421875
    ],
    "validation_chi2s": {
      "DEUTERON": 2.9606426485735384,
      "NMC": 2.859963211358762,
      "NUCLEAR": 2.028759765625,
      "HERACOMB": 2.8024583205678106,
      "DYE886": 2.812109513716264,
      "CDF": 0.7221458298819405,
      "D0": 3.402046966552734,
      "ATLAS": 2.7305669294084822,
      "CMS": 3.0949259111958165,
      "LHCb": 3.119636058807373,
      "total": 2.6893715858459473
    }
  },
  "2700": {
    "training_loss": 8426.080078125,
    "validation_loss": [
      3180.749755859375
    ],
    "validation_chi2s": {
      "DEUTERON": 2.934985108636505,
      "NMC": 2.855983060948989,
      "NUCLEAR": 2.0247386474609375,
      "HERACOMB": 2.8003827263327206,
      "DYE886": 2.80908185785467,
      "CDF": 0.723301615033831,
      "D0": 3.4005149841308593,
      "ATLAS": 2.7262826102120536,
      "CMS": 3.0931812409431703,
      "LHCb": 3.1203866004943848,
      "total": 2.6825664043426514
    }
  },
  "2800": {
    "training_loss": 8421.919921875,
    "validation_loss": [
      3186.54052734375
    ],
    "validation_chi2s": {
      "DEUTERON": 2.9752176009600437,
      "NMC": 2.8537618599685968,
      "NUCLEAR": 2.0209742431640625,
      "HERACOMB": 2.802563237208946,
      "DYE886": 2.787101225419478,
      "CDF": 0.7267118862697056,
      "D0": 3.3999862670898438,
      "ATLAS": 2.724815499441964,
      "CMS": 3.090422599546371,
      "LHCb": 3.108323812484741,
      "total": 2.6878716945648193
    }
  },
  "2900": {
    "training_loss": 8418.3505859375,
    "validation_loss": [
      3176.8642578125
    ],
    "validation_chi2s": {
      "DEUTERON": 2.9464837069535137,
      "NMC": 2.8504644655713847,
      "NUCLEAR": 2.0176619873046877,
      "HERACOMB": 2.795892453661152,
      "DYE886": 2.77351205999201,
      "CDF": 0.726156370980399,
      "D0": 3.471026611328125,
      "ATLAS": 2.717641078404018,
      "CMS": 3.0868933893019155,
      "LHCb": 3.1311986446380615,
      "total": 2.6799204349517822
    }
  },
  "3000": {
    "training_loss": 8413.267578125,
    "validation_loss": [
      3175.3125
    ],
    "validation_chi2s": {
      "DEUTERON": 2.9410573475396453,
      "NMC": 2.8443657370174633,
      "NUCLEAR": 2.01518408203125,
      "HERACOMB": 2.798859041500715,
      "DYE886": 2.762464176524769,
      "CDF": 0.7267212867736816,
      "D0": 3.4461410522460936,
      "ATLAS": 2.714997384207589,
      "CMS": 3.0922445481823337,
      "LHCb": 3.1258649826049805,
      "total": 2.678586721420288
    }
  },
  "3100": {
    "training_loss": 8415.9560546875,
    "validation_loss": [
      3167.505859375
    ],
    "validation_chi2s": {
      "DEUTERON": 2.932141356207245,
      "NMC": 2.846434050915288,
      "NUCLEAR": 2.0108533935546875,
      "HERACOMB": 2.78631551904616,
      "DYE886": 2.745677947998047,
      "CDF": 0.7238589014325824,
      "D0": 3.5188709259033204,
      "ATLAS": 2.7091474260602677,
      "CMS": 3.0846466556672127,
      "LHCb": 3.1568362712860107,
      "total": 2.6724369525909424
    }
  },
  "3200": {
    "training_loss": 8425.44140625,
    "validation_loss": [
      3165.98486328125
    ],
    "validation_chi2s": {
      "DEUTERON": 2.961274559818097,
      "NMC": 2.854871862074908,
      "NUCLEAR": 2.0056707763671877,
      "HERACOMB": 2.7731307285283906,
      "DYE886": 2.7477071935480293,
      "CDF": 0.7175928524562291,
      "D0": 3.4914310455322264,
      "ATLAS": 2.714107491629464,
      "CMS": 3.0706253051757812,
      "LHCb": 3.1312060356140137,
      "total": 2.6715807914733887
    }
  },
  "3300": {
    "training_loss": 8420.0869140625,
    "validation_loss": [
      3166.81298828125
    ],
    "validation_chi2s": {
      "DEUTERON": 2.961478617653918,
      "NMC": 2.851675594554228,
      "NUCLEAR": 2.0059500732421873,
      "HERACOMB": 2.7748917723013684,
      "DYE886": 2.722895708951083,
      "CDF": 0.7211136136736188,
      "D0": 3.597051239013672,
      "ATLAS": 2.7062064034598214,
      "CMS": 3.0771356398059475,
      "LHCb": 3.1498632431030273,
      "total": 2.67246675491333
    }
  },
  "3400": {
    "training_loss": 8417.9091796875,
    "validation_loss": [
      3302.98779296875
    ],
    "validation_chi2s": {
      "DEUTERON": 3.6374587633123445,
      "NMC": 2.851580451516544,
      "NUCLEAR": 1.99607080078125,
      "HERACOMB": 2.7425582985472836,
      "DYE886": 2.5793795152144,
      "CDF": 0.7257789203098842,
      "D0": 4.787992477416992,
      "ATLAS": 2.6707786342075894,
      "CMS": 3.1175938267861643,
      "LHCb": 3.401031970977783,
      "total": 2.790583848953247
    }
  },
  "3500": {
    "training_loss": 8412.615234375,
    "validation_loss": [
      3159.787109375
    ],
    "validation_chi2s": {
      "DEUTERON": 2.947339110113495,
      "NMC": 2.8359327129289214,
      "NUCLEAR": 2.0051749267578125,
      "HERACOMB": 2.7677069769965277,
      "DYE886": 2.740056644786488,
      "CDF": 0.7296157564435687,
      "D0": 3.6393943786621095,
      "ATLAS": 2.7011809430803573,
      "CMS": 3.082342332409274,
      "LHCb": 3.1336498260498047,
      "total": 2.667433261871338
    }
  },
  "3600": {
    "training_loss": 8423.0107421875,
    "validation_loss": [
      3885.6455078125
    ],
    "validation_chi2s": {
      "DEUTERON": 6.620833819185323,
      "NMC": 2.872965195599724,
      "NUCLEAR": 2.0029635009765623,
      "HERACOMB": 2.769186780343648,
      "DYE886": 2.5874567898837,
      "CDF": 0.7321674483163017,
      "D0": 3.672613525390625,
      "ATLAS": 2.7106344168526784,
      "CMS": 3.0359263266286542,
      "LHCb": 2.9862263202667236,
      "total": 3.2857143878936768
    }
  },
  "3700": {
    "training_loss": 8416.1181640625,
    "validation_loss": [
      3204.046875
    ],
    "validation_chi2s": {
      "DEUTERON": 3.218937053016169,
      "NMC": 2.8822610892501532,
      "NUCLEAR": 1.9933779296875,
      "HERACOMB": 2.7296320098677493,
      "DYE886": 2.538056980479847,
      "CDF": 0.7183013643537249,
      "D0": 4.770654678344727,
      "ATLAS": 2.686156529017857,
      "CMS": 3.0658783451203377,
      "LHCb": 3.259229898452759,
      "total": 2.708596706390381
    }
  },
  "3800": {
    "training_loss": 8414.068359375,
    "validation_loss": [
      3222.13720703125
    ],
    "validation_chi2s": {
      "DEUTERON": 3.304474028781872,
      "NMC": 2.8806876388250613,
      "NUCLEAR": 1.99377099609375,
      "HERACOMB": 2.7298601935891544,
      "DYE886": 2.5244802995161577,
      "CDF": 0.7156298501150948,
      "D0": 4.808095932006836,
      "ATLAS": 2.6905953543526784,
      "CMS": 3.067019554876512,
      "LHCb": 3.264345645904541,
      "total": 2.724233388900757
    }
  },
  "3900": {
    "training_loss": 8416.654296875,
    "validation_loss": [
      3229.966064453125
    ],
    "validation_chi2s": {
      "DEUTERON": 3.363529945487407,
      "NMC": 2.8790959376914826,
      "NUCLEAR": 1.993785888671875,
      "HERACOMB": 2.7227428162020018,
      "DYE886": 2.519464146007191,
      "CDF": 0.7153221539088658,
      "D0": 4.848220443725586,
      "ATLAS": 2.6897586495535712,
      "CMS": 3.0623981106665825,
      "LHCb": 3.2422068119049072,
      "total": 2.731428623199463
    }
  },
  "4000": {
    "training_loss": 8248.49609375,
    "validation_loss": [
      3016.79736328125
    ],
    "validation_chi2s": {
      "DEUTERON": 2.5228569068718905,
      "NMC": 2.867959116019455,
      "NUCLEAR": 1.964465576171875,
      "HERACOMB": 2.7344254637076184,
      "DYE886": 2.3667260950261895,
      "CDF": 0.7013630867004395,
      "D0": 3.8787994384765625,
      "ATLAS": 2.603307407924107,
      "CMS": 3.0850943288495465,
      "LHCb": 3.086665391921997,
      "total": 2.558472156524658
    }
  },
  "4100": {
    "training_loss": 8241.6953125,
    "validation_loss": [
      3002.4990234375
    ],
    "validation_chi2s": {
      "DEUTERON": 2.426979937956701,
      "NMC": 2.8626272164139093,
      "NUCLEAR": 1.9675167236328126,
      "HERACOMB": 2.7698138866549225,
      "DYE886": 2.378000779585405,
      "CDF": 0.7229692595345634,
      "D0": 3.763058090209961,
      "ATLAS": 2.605370396205357,
      "CMS": 3.0402337351152973,
      "LHCb": 3.0613608360290527,
      "total": 2.54597544670105
    }
  },
  "4200": {
    "training_loss": 8226.3193359375,
    "validation_loss": [
      3005.77001953125
    ],
    "validation_chi2s": {
      "DEUTERON": 2.3716418517762747,
      "NMC": 2.7967242072610294,
      "NUCLEAR": 1.9729373779296875,
      "HERACOMB": 2.7992426055708743,
      "DYE886": 2.3187150088223545,
      "CDF": 0.7384820665631976,
      "D0": 3.6689388275146486,
      "ATLAS": 2.6332041713169643,
      "CMS": 3.0700826337260585,
      "LHCb": 3.0833706855773926,
      "total": 2.5485355854034424
    }
  },
  "4300": {
    "training_loss": 8206.1669921875,
    "validation_loss": [
      2987.134765625
    ],
    "validation_chi2s": {
      "DEUTERON": 2.3558922003750777,
      "NMC": 2.8573162602443323,
      "NUCLEAR": 1.9657979736328124,
      "HERACOMB": 2.7554799996170343,
      "DYE886": 2.3968415693803267,
      "CDF": 0.7488775934491839,
      "D0": 3.863810729980469,
      "ATLAS": 2.600296107700893,
      "CMS": 3.0422813661636843,
      "LHCb": 3.200610876083374,
      "total": 2.534132957458496
    }
  },
  "4400": {
    "training_loss": 8211.755859375,
    "validation_loss": [
      2991.752197265625
    ],
    "validation_chi2s": {
      "DEUTERON": 2.34594043333139,
      "NMC": 2.7997885311351105,
      "NUCLEAR": 1.970505859375,
      "HERACOMB": 2.7787832621655433,
      "DYE886": 2.3296865983442827,
      "CDF": 0.7640564101082938,
      "D0": 3.575344467163086,
      "ATLAS": 2.6379343959263393,
      "CMS": 3.0614134265530493,
      "LHCb": 3.0783467292785645,
      "total": 2.537668228149414
    }
  },
  "4500": {
    "training_loss": 8284.0966796875,
    "validation_loss": [
      2997.91650390625
    ],
    "validation_chi2s": {
      "DEUTERON": 2.331759476543066,
      "NMC": 2.8364936978209254,
      "NUCLEAR": 1.9695750732421875,
      "HERACOMB": 2.806872797947304,
      "DYE886": 2.3819880052046343,
      "CDF": 0.7706734112330845,
      "D0": 3.8107200622558595,
      "ATLAS": 2.638107386997768,
      "CMS": 3.003722160093246,
      "LHCb": 3.155308723449707,
      "total": 2.542994737625122
    }
  },
  "4600": {
    "training_loss": 8191.208984375,
    "validation_loss": [
      2982.195556640625
    ],
    "validation_chi2s": {
      "DEUTERON": 2.378813178978156,
      "NMC": 2.8714656455844056,
      "NUCLEAR": 1.9578363037109374,
      "HERACOMB": 2.723203372332006,
      "DYE886": 2.412177866155451,
      "CDF": 0.7806785447256905,
      "D0": 3.6071678161621095,
      "ATLAS": 2.5903705705915177,
      "CMS": 3.0894900906470513,
      "LHCb": 3.2255306243896484,
      "total": 2.5310511589050293
    }
  },
  "4700": {
    "training_loss": 8194.0498046875,
    "validation_loss": [
      2986.44873046875
    ],
    "validation_chi2s": {
      "DEUTERON": 2.3561805231654227,
      "NMC": 2.823781032188266,
      "NUCLEAR": 1.9665076904296874,
      "HERACOMB": 2.7654949512357025,
      "DYE886": 2.386627370660955,
      "CDF": 0.7753169195992606,
      "D0": 3.4631553649902345,
      "ATLAS": 2.644557407924107,
      "CMS": 3.0329557849514868,
      "LHCb": 3.0709598064422607,
      "total": 2.5341196060180664
    }
  },
  "4800": {
    "training_loss": 8203.0478515625,
    "validation_loss": [
      2989.6884765625
    ],
    "validation_chi2s": {
      "DEUTERON": 2.3351558856110075,
      "NMC": 2.808531817267923,
      "NUCLEAR": 1.9681341552734375,
      "HERACOMB": 2.780835319967831,
      "DYE886": 2.3595069538463247,
      "CDF": 0.7805816105433873,
      "D0": 3.656204605102539,
      "ATLAS": 2.6257275390625,
      "CMS": 3.0454844813193045,
      "LHCb": 3.1752583980560303,
      "total": 2.5367202758789062
    }
  },
  "4900": {
    "training_loss": 8181.01953125,
    "validation_loss": [
      2977.464599609375
    ],
    "validation_chi2s": {
      "DEUTERON": 2.341652941347948,
      "NMC": 2.8468253939759496,
      "NUCLEAR": 1.9638804931640625,
      "HERACOMB": 2.7396497539445464,
      "DYE886": 2.3963971571488814,
      "CDF": 0.7737828663417271,
      "D0": 3.6896915435791016,
      "ATLAS": 2.612639683314732,
      "CMS": 3.0206759052891887,
      "LHCb": 3.284210443496704,
      "total": 2.5272223949432373
    }
  },
  "5000": {
    "training_loss": 8174.107421875,
    "validation_loss": [
      2988.0986328125
    ],
    "validation_chi2s": {
      "DEUTERON": 2.3370587552957867,
      "NMC": 2.8028498630897674,
      "NUCLEAR": 1.9726373291015624,
      "HERACOMB": 2.7626103419883576,
      "DYE886": 2.3714285763827236,
      "CDF": 0.7968160765511649,
      "D0": 3.6807003021240234,
      "ATLAS": 2.6538037109375,
      "CMS": 3.0224791496030745,
      "LHCb": 3.1914725303649902,
      "total": 2.5357372760772705
    }
  },
  "5100": {
    "training_loss": 8187.81884765625,
    "validation_loss": [
      2988.3876953125
    ],
    "validation_chi2s": {
      "DEUTERON": 2.3333951276333176,
      "NMC": 2.79529556573606,
      "NUCLEAR": 1.9748974609375,
      "HERACOMB": 2.775167826733558,
      "DYE886": 2.3740340146151455,
      "CDF": 0.8048385211399623,
      "D0": 3.455792999267578,
      "ATLAS": 2.653146798270089,
      "CMS": 3.0434169154013357,
      "LHCb": 3.076402187347412,
      "total": 2.5356945991516113
    }
  },
  "5200": {
    "training_loss": 8171.412109375,
    "validation_loss": [
      2999.513671875
    ],
    "validation_chi2s": {
      "DEUTERON": 2.3423499871249223,
      "NMC": 2.7893305759803924,
      "NUCLEAR": 1.971733642578125,
      "HERACOMB": 2.8004748774509802,
      "DYE886": 2.3721195567737925,
      "CDF": 0.7912853785923549,
      "D0": 3.4971187591552733,
      "ATLAS": 2.643143310546875,
      "CMS": 3.059598861202117,
      "LHCb": 3.1223416328430176,
      "total": 2.5445661544799805
    }
  },
  "5300": {
    "training_loss": 8170.279296875,
    "validation_loss": [
      2989.759521484375
    ],
    "validation_chi2s": {
      "DEUTERON": 2.4279138365788246,
      "NMC": 2.8097555123123468,
      "NUCLEAR": 1.9629176025390624,
      "HERACOMB": 2.712085000829759,
      "DYE886": 2.3762155012650923,
      "CDF": 0.7855469839913505,
      "D0": 3.465038299560547,
      "ATLAS": 2.6481260463169645,
      "CMS": 3.072352255544355,
      "LHCb": 3.1495299339294434,
      "total": 2.5378098487854004
    }
  },
  "5400": {
    "training_loss": 8167.1591796875,
    "validation_loss": [
      2985.156005859375
    ],
    "validation_chi2s": {
      "DEUTERON": 2.322626218273865,
      "NMC": 2.815264533547794,
      "NUCLEAR": 1.972673828125,
      "HERACOMB": 2.777472203073938,
      "DYE886": 2.4102661826393823,
      "CDF": 0.8012263434273856,
      "D0": 3.5372135162353517,
      "ATLAS": 2.6351993233816966,
      "CMS": 3.0211144724199848,
      "LHCb": 3.130577564239502,
      "total": 2.5326523780822754
    }
  },
  "5500": {
    "training_loss": 8165.35498046875,
    "validation_loss": [
      3006.018310546875
    ],
    "validation_chi2s": {
      "DEUTERON": 2.46301026605255,
      "NMC": 2.7980589025160847,
      "NUCLEAR": 1.9708619384765624,
      "HERACOMB": 2.7554554658777572,
      "DYE886": 2.3747893246737393,
      "CDF": 0.811239310673305,
      "D0": 3.384746551513672,
      "ATLAS": 2.6780074637276785,
      "CMS": 3.007726853893649,
      "LHCb": 3.0668606758117676,
      "total": 2.551079273223877
    }
  },
  "5600": {
    "training_loss": 8196.55810546875,
    "validation_loss": [
      2973.633056640625
    ],
    "validation_chi2s": {
      "DEUTERON": 2.3417473788285137,
      "NMC": 2.8225770838120403,
      "NUCLEAR": 1.965612548828125,
      "HERACOMB": 2.727842044207006,
      "DYE886": 2.402220292524858,
      "CDF": 0.8071519306727818,
      "D0": 3.3877567291259765,
      "ATLAS": 2.6425048828125,
      "CMS": 3.0284047280588458,
      "LHCb": 3.185739755630493,
      "total": 2.523808002471924
    }
  },
  "5700": {
    "training_loss": 8166.79541015625,
    "validation_loss": [
      2968.516845703125
    ],
    "validation_chi2s": {
      "DEUTERON": 2.3351971830301617,
      "NMC": 2.846578560623468,
      "NUCLEAR": 1.9623988037109374,
      "HERACOMB": 2.7128349752987133,
      "DYE886": 2.405437296087092,
      "CDF": 0.7968950271606445,
      "D0": 3.44512939453125,
      "ATLAS": 2.642509242466518,
      "CMS": 3.027767550560736,
      "LHCb": 3.1950764656066895,
      "total": 2.519822835922241
    }
  },
  "5800": {
    "training_loss": 8178.9248046875,
    "validation_loss": [
      2978.819091796875
    ],
    "validation_chi2s": {
      "DEUTERON": 2.3522552945720614,
      "NMC": 2.83293929754519,
      "NUCLEAR": 1.97500634765625,
      "HERACOMB": 2.7427200616574754,
      "DYE886": 2.427854364568537,
      "CDF": 0.8122335161481585,
      "D0": 3.526694107055664,
      "ATLAS": 2.662627127511161,
      "CMS": 2.968285345262097,
      "LHCb": 3.122448444366455,
      "total": 2.528538227081299
    }
  },
  "5900": {
    "training_loss": 8313.90673828125,
    "validation_loss": [
      2964.89404296875
    ],
    "validation_chi2s": {
      "DEUTERON": 2.350447166025342,
      "NMC": 2.8903225169462314,
      "NUCLEAR": 1.956985595703125,
      "HERACOMB": 2.6773143095128678,
      "DYE886": 2.391538966785778,
      "CDF": 0.7926509039742606,
      "D0": 3.3788990020751952,
      "ATLAS": 2.63471435546875,
      "CMS": 3.0611778997605845,
      "LHCb": 3.2421250343322754,
      "total": 2.516732931137085
    }
  },
  "6000": {
    "training_loss": 8204.146484375,
    "validation_loss": [
      2965.75634765625
    ],
    "validation_chi2s": {
      "DEUTERON": 2.3312276204427085,
      "NMC": 2.8772050446155024,
      "NUCLEAR": 1.95862109375,
      "HERACOMB": 2.7104362537658293,
      "DYE886": 2.4098554091020064,
      "CDF": 0.7964187349591937,
      "D0": 3.3734989166259766,
      "ATLAS": 2.659524274553571,
      "CMS": 2.9867630004882812,
      "LHCb": 3.2229857444763184,
      "total": 2.5174877643585205
    }
  },
  "6100": {
    "training_loss": 8163.07421875,
    "validation_loss": [
      2972.1689453125
    ],
    "validation_chi2s": {
      "DEUTERON": 2.370958926072761,
      "NMC": 2.877716064453125,
      "NUCLEAR": 1.9616058349609375,
      "HERACOMB": 2.714662838605494,
      "DYE886": 2.439504450017756,
      "CDF": 0.8048780305044991,
      "D0": 3.272267532348633,
      "ATLAS": 2.6361338588169643,
      "CMS": 3.0178134056829635,
      "LHCb": 3.125386953353882,
      "total": 2.5229074954986572
    }
  },
  "6200": {
    "training_loss": 8150.65087890625,
    "validation_loss": [
      2983.7724609375
    ],
    "validation_chi2s": {
      "DEUTERON": 2.3651369009444965,
      "NMC": 2.7941487630208335,
      "NUCLEAR": 1.968335205078125,
      "HERACOMB": 2.7439433577793095,
      "DYE886": 2.375825361772017,
      "CDF": 0.8197409766060966,
      "D0": 3.2375106811523438,
      "ATLAS": 2.659285365513393,
      "CMS": 3.042575467017389,
      "LHCb": 3.1269445419311523,
      "total": 2.532022476196289
    }
  },
  "6300": {
    "training_loss": 8181.88037109375,
    "validation_loss": [
      2962.923828125
    ],
    "validation_chi2s": {
      "DEUTERON": 2.346140088133551,
      "NMC": 2.8359796860638786,
      "NUCLEAR": 1.9630047607421874,
      "HERACOMB": 2.6919236525990606,
      "DYE886": 2.3643313321200283,
      "CDF": 0.818453175680978,
      "D0": 3.3143630981445313,
      "ATLAS": 2.634225899832589,
      "CMS": 3.0581652733587448,
      "LHCb": 3.156036376953125,
      "total": 2.5150868892669678
    }
  },
  "6400": {
    "training_loss": 8149.1474609375,
    "validation_loss": [
      2961.108642578125
    ],
    "validation_chi2s": {
      "DEUTERON": 2.3562380662604943,
      "NMC": 2.8639559278301165,
      "NUCLEAR": 1.956586181640625,
      "HERACOMB": 2.672860538258272,
      "DYE886": 2.3871085427024146,
      "CDF": 0.8021294730050224,
      "D0": 3.1571029663085937,
      "ATLAS": 2.660285470145089,
      "CMS": 3.0346800281155493,
      "LHCb": 3.20957612991333,
      "total": 2.5135538578033447
    }
  },
  "6500": {
    "training_loss": 8160.6787109375,
    "validation_loss": [
      2963.714599609375
    ],
    "validation_chi2s": {
      "DEUTERON": 2.323081249028296,
      "NMC": 2.859086878159467,
      "NUCLEAR": 1.96254931640625,
      "HERACOMB": 2.6997136134727326,
      "DYE886": 2.419247713955966,
      "CDF": 0.8330651691981724,
      "D0": 3.3101474761962892,
      "ATLAS": 2.635415387834821,
      "CMS": 3.0298584968813005,
      "LHCb": 3.2810256481170654,
      "total": 2.5157485008239746
    }
  },
  "6600": {
    "training_loss": 8153.27734375,
    "validation_loss": [
      2959.577880859375
    ],
    "validation_chi2s": {
      "DEUTERON": 2.3504515690590018,
      "NMC": 2.885404998180913,
      "NUCLEAR": 1.9592484130859376,
      "HERACOMB": 2.678133696512459,
      "DYE886": 2.4036584333939985,
      "CDF": 0.8048926080976214,
      "D0": 3.1401952743530273,
      "ATLAS": 2.6503294154575894,
      "CMS": 3.0272952664283013,
      "LHCb": 3.169287919998169,
      "total": 2.512261152267456
    }
  },
  "6700": {
    "training_loss": 8161.7626953125,
    "validation_loss": [
      2974.477294921875
    ],
    "validation_chi2s": {
      "DEUTERON": 2.3849830437655473,
      "NMC": 2.8022778080958948,
      "NUCLEAR": 1.9755179443359374,
      "HERACOMB": 2.7059028974545547,
      "DYE886": 2.3767766085538,
      "CDF": 0.8465555054800851,
      "D0": 3.1686582565307617,
      "ATLAS": 2.686563895089286,
      "CMS": 3.013210665795111,
      "LHCb": 3.013899803161621,
      "total": 2.5248870849609375
    }
  },
  "6800": {
    "training_loss": 8154.51513671875,
    "validation_loss": [
      2960.145751953125
    ],
    "validation_chi2s": {
      "DEUTERON": 2.330513721674829,
      "NMC": 2.8604853012982536,
      "NUCLEAR": 1.9602161865234375,
      "HERACOMB": 2.6875873640471815,
      "DYE886": 2.4146026264537466,
      "CDF": 0.8344580786568778,
      "D0": 3.0841211318969726,
      "ATLAS": 2.6393190220424105,
      "CMS": 3.039151591639365,
      "LHCb": 3.271728515625,
      "total": 2.5127406120300293
    }
  },
  "6900": {
    "training_loss": 8141.87646484375,
    "validation_loss": [
      2965.9052734375
    ],
    "validation_chi2s": {
      "DEUTERON": 2.3045022689287937,
      "NMC": 2.816357182521446,
      "NUCLEAR": 1.9689365234375,
      "HERACOMB": 2.717660342945772,
      "DYE886": 2.381029649214311,
      "CDF": 0.8513423374720982,
      "D0": 3.082088279724121,
      "ATLAS": 2.6657779366629466,
      "CMS": 3.03594724593624,
      "LHCb": 3.2114076614379883,
      "total": 2.517465114593506
    }
  },
  "7000": {
    "training_loss": 8137.56640625,
    "validation_loss": [
      2971.59716796875
    ],
    "validation_chi2s": {
      "DEUTERON": 2.326045705311334,
      "NMC": 2.8120123171338847,
      "NUCLEAR": 1.9710404052734376,
      "HERACOMB": 2.7304605720869075,
      "DYE886": 2.385752244429155,
      "CDF": 0.8591081755501884,
      "D0": 3.050564765930176,
      "ATLAS": 2.663594970703125,
      "CMS": 3.0239745109311995,
      "LHCb": 3.170708417892456,
      "total": 2.5219008922576904
    }
  },
  "7100": {
    "training_loss": 8151.5146484375,
    "validation_loss": [
      2958.4482421875
    ],
    "validation_chi2s": {
      "DEUTERON": 2.3160769334479943,
      "NMC": 2.8612392649931064,
      "NUCLEAR": 1.9630399169921875,
      "HERACOMB": 2.689526526756536,
      "DYE886": 2.3880530270663174,
      "CDF": 0.8236073766435895,
      "D0": 3.03149528503418,
      "ATLAS": 2.6641256277901784,
      "CMS": 3.031255414409022,
      "LHCb": 3.2000784873962402,
      "total": 2.5113136768341064
    }
  },
  "7200": {
    "training_loss": 8135.42138671875,
    "validation_loss": [
      2965.25537109375
    ],
    "validation_chi2s": {
      "DEUTERON": 2.2988994845110384,
      "NMC": 2.822535196940104,
      "NUCLEAR": 1.969561767578125,
      "HERACOMB": 2.7182176378038196,
      "DYE886": 2.3777552517977627,
      "CDF": 0.8645727975027901,
      "D0": 3.0250518798828123,
      "ATLAS": 2.6622542898995536,
      "CMS": 3.0418024370747228,
      "LHCb": 3.2166860103607178,
      "total": 2.5168235301971436
    }
  },
  "7300": {
    "training_loss": 8173.81005859375,
    "validation_loss": [
      2964.982421875
    ],
    "validation_chi2s": {
      "DEUTERON": 2.3400298920436877,
      "NMC": 2.8628662707758883,
      "NUCLEAR": 1.9583870849609375,
      "HERACOMB": 2.6831898408777572,
      "DYE886": 2.44234882701527,
      "CDF": 0.8262943540300641,
      "D0": 2.928740310668945,
      "ATLAS": 2.635446254185268,
      "CMS": 3.0977556782384075,
      "LHCb": 3.241487979888916,
      "total": 2.516859292984009
    }
  },
  "7400": {
    "training_loss": 8135.3310546875,
    "validation_loss": [
      2971.282470703125
    ],
    "validation_chi2s": {
      "DEUTERON": 2.3349935806805813,
      "NMC": 2.815358779009651,
      "NUCLEAR": 1.9723062744140625,
      "HERACOMB": 2.722269095626532,
      "DYE886": 2.375834898515181,
      "CDF": 0.850398063659668,
      "D0": 3.054006576538086,
      "ATLAS": 2.679190673828125,
      "CMS": 3.0248206353956655,
      "LHCb": 3.101313829421997,
      "total": 2.522026300430298
    }
  },
  "7500": {
    "training_loss": 8139.71630859375,
    "validation_loss": [
      2962.2607421875
    ],
    "validation_chi2s": {
      "DEUTERON": 2.285483592778296,
      "NMC": 2.8385081571691178,
      "NUCLEAR": 1.9774439697265624,
      "HERACOMB": 2.712847740821589,
      "DYE886": 2.361975583163175,
      "CDF": 0.878124645778111,
      "D0": 3.2228965759277344,
      "ATLAS": 2.666895228794643,
      "CMS": 3.0346544327274447,
      "LHCb": 3.121925115585327,
      "total": 2.5143320560455322
    }
  },
  "7600": {
    "training_loss": 8134.1220703125,
    "validation_loss": [
      2974.33251953125
    ],
    "validation_chi2s": {
      "DEUTERON": 2.3279229159378887,
      "NMC": 2.8048308129404105,
      "NUCLEAR": 1.9739390869140625,
      "HERACOMB": 2.708732854307087,
      "DYE886": 2.3582706451416016,
      "CDF": 0.9035753522600446,
      "D0": 3.2082637786865233,
      "ATLAS": 2.6472433035714285,
      "CMS": 3.115390408423639,
      "LHCb": 3.136371374130249,
      "total": 2.5242319107055664
    }
  },
  "7700": {
    "training_loss": 8132.74609375,
    "validation_loss": [
      2961.711669921875
    ],
    "validation_chi2s": {
      "DEUTERON": 2.2837381695040424,
      "NMC": 2.829289754231771,
      "NUCLEAR": 1.9722142333984376,
      "HERACOMB": 2.70886270361009,
      "DYE886": 2.384988784790039,
      "CDF": 0.8847818374633789,
      "D0": 3.0692434310913086,
      "ATLAS": 2.6669988141741072,
      "CMS": 3.0454810357862905,
      "LHCb": 3.2026243209838867,
      "total": 2.5140023231506348
    }
  },
  "7800": {
    "training_loss": 8155.615234375,
    "validation_loss": [
      2963.2119140625
    ],
    "validation_chi2s": {
      "DEUTERON": 2.329483259969683,
      "NMC": 2.845011692421109,
      "NUCLEAR": 1.9793455810546876,
      "HERACOMB": 2.6893390331392975,
      "DYE886": 2.336878689852628,
      "CDF": 0.9092311177934919,
      "D0": 3.169967269897461,
      "ATLAS": 2.6751853724888393,
      "CMS": 3.0241620463709675,
      "LHCb": 3.105084180831909,
      "total": 2.515354633331299
    }
  },
  "7900": {
    "training_loss": 8142.75048828125,
    "validation_loss": [
      2960.0830078125
    ],
    "validation_chi2s": {
      "DEUTERON": 2.3418193456545398,
      "NMC": 2.883386350145527,
      "NUCLEAR": 1.96776953125,
      "HERACOMB": 2.663192050908905,
      "DYE886": 2.3666182431307705,
      "CDF": 0.8680719648088727,
      "D0": 3.077550506591797,
      "ATLAS": 2.6414079938616073,
      "CMS": 3.0678509127709175,
      "LHCb": 3.242969036102295,
      "total": 2.5127248764038086
    }
  },
  "8000": {
    "training_loss": 8136.29345703125,
    "validation_loss": [
      2986.726806640625
    ],
    "validation_chi2s": {
      "DEUTERON": 2.3726618372978856,
      "NMC": 2.8174650902841605,
      "NUCLEAR": 1.9850028076171875,
      "HERACOMB": 2.7085932314006333,
      "DYE886": 2.4128504666415127,
      "CDF": 0.9320319720676967,
      "D0": 3.1301671981811525,
      "ATLAS": 2.6742117745535716,
      "CMS": 3.1008332775485132,
      "LHCb": 3.0281786918640137,
      "total": 2.534785032272339
    }
  },
  "8100": {
    "training_loss": 8117.43798828125,
    "validation_loss": [
      2979.0146484375
    ],
    "validation_chi2s": {
      "DEUTERON": 2.3299873314093595,
      "NMC": 2.805646110983456,
      "NUCLEAR": 1.9767982177734376,
      "HERACOMB": 2.723165075763378,
      "DYE886": 2.379190271550959,
      "CDF": 0.917581285749163,
      "D0": 3.2128509521484374,
      "ATLAS": 2.661088169642857,
      "CMS": 3.0648279497700353,
      "LHCb": 3.2081165313720703,
      "total": 2.5281715393066406
    }
  },
  "8200": {
    "training_loss": 8155.962890625,
    "validation_loss": [
      2959.402587890625
    ],
    "validation_chi2s": {
      "DEUTERON": 2.290864403568097,
      "NMC": 2.8488972981770835,
      "NUCLEAR": 1.9718814697265625,
      "HERACOMB": 2.6917058408649917,
      "DYE886": 2.373952692205256,
      "CDF": 0.893416268484933,
      "D0": 3.081076431274414,
      "ATLAS": 2.662744838169643,
      "CMS": 3.038299560546875,
      "LHCb": 3.2799854278564453,
      "total": 2.5121991634368896
    }
  },
  "8300": {
    "training_loss": 8120.2470703125,
    "validation_loss": [
      2972.77880859375
    ],
    "validation_chi2s": {
      "DEUTERON": 2.3107735553191078,
      "NMC": 2.8335879456763173,
      "NUCLEAR": 1.9792042236328125,
      "HERACOMB": 2.745168249591503,
      "DYE886": 2.367769414728338,
      "CDF": 0.8916982923235212,
      "D0": 3.051705169677734,
      "ATLAS": 2.7054424176897323,
      "CMS": 2.975398402060232,
      "LHCb": 3.0346455574035645,
      "total": 2.523057460784912
    }
  },
  "8400": {
    "training_loss": 8130.66845703125,
    "validation_loss": [
      2955.998046875
    ],
    "validation_chi2s": {
      "DEUTERON": 2.304595643608131,
      "NMC": 2.8774150773590685,
      "NUCLEAR": 1.9692066650390625,
      "HERACOMB": 2.682314604715584,
      "DYE886": 2.4159181768243965,
      "CDF": 0.865663869040353,
      "D0": 2.925725555419922,
      "ATLAS": 2.6986017717633928,
      "CMS": 2.9883814165669103,
      "LHCb": 3.1760692596435547,
      "total": 2.5093190670013428
    }
  },
  "8500": {
    "training_loss": 8126.6240234375,
    "validation_loss": [
      2961.755615234375
    ],
    "validation_chi2s": {
      "DEUTERON": 2.303723387457245,
      "NMC": 2.8545951095281863,
      "NUCLEAR": 1.9751749267578125,
      "HERACOMB": 2.7195209179049225,
      "DYE886": 2.4135173450816763,
      "CDF": 0.8840137209211077,
      "D0": 2.9182769775390627,
      "ATLAS": 2.6557564871651786,
      "CMS": 2.9843028899162047,
      "LHCb": 3.239237070083618,
      "total": 2.514035940170288
    }
  },
  "8600": {
    "training_loss": 8116.4248046875,
    "validation_loss": [
      2975.30322265625
    ],
    "validation_chi2s": {
      "DEUTERON": 2.315070612513604,
      "NMC": 2.8618451286764706,
      "NUCLEAR": 1.9766075439453126,
      "HERACOMB": 2.7486592211754495,
      "DYE886": 2.4146638350053267,
      "CDF": 0.8944065911429269,
      "D0": 2.875724220275879,
      "ATLAS": 2.6774862234933035,
      "CMS": 2.975000196887601,
      "LHCb": 3.213097095489502,
      "total": 2.5254199504852295
    }
  },
  "8700": {
    "training_loss": 8113.63134765625,
    "validation_loss": [
      2965.821044921875
    ],
    "validation_chi2s": {
      "DEUTERON": 2.3518672202950093,
      "NMC": 2.9229188806870403,
      "NUCLEAR": 1.9646927490234376,
      "HERACOMB": 2.658516877616932,
      "DYE886": 2.430090817538175,
      "CDF": 0.8904665538242885,
      "D0": 2.8673105239868164,
      "ATLAS": 2.6482882254464286,
      "CMS": 3.0638937181042087,
      "LHCb": 3.361708641052246,
      "total": 2.517648696899414
    }
  },
  "8800": {
    "training_loss": 8118.365234375,
    "validation_loss": [
      2972.33837890625
    ],
    "validation_chi2s": {
      "DEUTERON": 2.307486614777674,
      "NMC": 2.825969322054994,
      "NUCLEAR": 1.9764078369140625,
      "HERACOMB": 2.715893913717831,
      "DYE886": 2.3848648071289062,
      "CDF": 0.9429666655404227,
      "D0": 3.0728763580322265,
      "ATLAS": 2.6678220912388393,
      "CMS": 3.065155521515877,
      "LHCb": 3.1912779808044434,
      "total": 2.5228865146636963
    }
  },
  "8900": {
    "training_loss": 8149.994140625,
    "validation_loss": [
      2968.6845703125
    ],
    "validation_chi2s": {
      "DEUTERON": 2.300839552238806,
      "NMC": 2.842976588828891,
      "NUCLEAR": 1.976479736328125,
      "HERACOMB": 2.6848314073350696,
      "DYE886": 2.368273128162731,
      "CDF": 0.9598931585039411,
      "D0": 2.9953500747680666,
      "ATLAS": 2.699865199497768,
      "CMS": 3.069280316752772,
      "LHCb": 3.240561008453369,
      "total": 2.5201010704040527
    }
  },
  "9000": {
    "training_loss": 8123.8916015625,
    "validation_loss": [
      2971.56396484375
    ],
    "validation_chi2s": {
      "DEUTERON": 2.2824072387088,
      "NMC": 2.8337839163985907,
      "NUCLEAR": 1.979530029296875,
      "HERACOMB": 2.744448194316789,
      "DYE886": 2.3968968824906782,
      "CDF": 0.9153819765363421,
      "D0": 3.041917419433594,
      "ATLAS": 2.6999290248325893,
      "CMS": 2.9929669287896927,
      "LHCb": 3.1236345767974854,
      "total": 2.5221571922302246
    }
  },
  "9100": {
    "training_loss": 8122.2646484375,
    "validation_loss": [
      2966.169921875
    ],
    "validation_chi2s": {
      "DEUTERON": 2.313260510193175,
      "NMC": 2.852188409543505,
      "NUCLEAR": 1.97732421875,
      "HERACOMB": 2.715328440946691,
      "DYE886": 2.419099807739258,
      "CDF": 0.8984620230538505,
      "D0": 2.896882438659668,
      "ATLAS": 2.66928955078125,
      "CMS": 2.9951683782762095,
      "LHCb": 3.232694625854492,
      "total": 2.517911434173584
    }
  },
  "9200": {
    "training_loss": 8115.40625,
    "validation_loss": [
      3005.210205078125
    ],
    "validation_chi2s": {
      "DEUTERON": 2.4408578445662314,
      "NMC": 2.8169489841835174,
      "NUCLEAR": 1.9822449951171874,
      "HERACOMB": 2.747438916973039,
      "DYE886": 2.39002123746005,
      "CDF": 0.9328650065830776,
      "D0": 2.9715225219726564,
      "ATLAS": 2.7011279296875,
      "CMS": 3.0042968257780998,
      "LHCb": 3.122116804122925,
      "total": 2.5505247116088867
    }
  },
  "9300": {
    "training_loss": 8123.33740234375,
    "validation_loss": [
      2976.185546875
    ],
    "validation_chi2s": {
      "DEUTERON": 2.3251306334538246,
      "NMC": 2.8776969161688113,
      "NUCLEAR": 1.9735423583984375,
      "HERACOMB": 2.7101544149560866,
      "DYE886": 2.436378999189897,
      "CDF": 0.9108360154288155,
      "D0": 2.8428138732910155,
      "ATLAS": 2.6558966936383928,
      "CMS": 3.0577879874936995,
      "LHCb": 3.3406620025634766,
      "total": 2.5263664722442627
    }
  },
  "9400": {
    "training_loss": 8136.732421875,
    "validation_loss": [
      2964.4892578125
    ],
    "validation_chi2s": {
      "DEUTERON": 2.3165776646552394,
      "NMC": 2.8688782336665133,
      "NUCLEAR": 1.973900146484375,
      "HERACOMB": 2.681670743655535,
      "DYE886": 2.4103547876531426,
      "CDF": 0.9095870426722935,
      "D0": 2.805989074707031,
      "ATLAS": 2.6779248046875,
      "CMS": 3.0557115616336947,
      "LHCb": 3.2335879802703857,
      "total": 2.5165417194366455
    }
  },
  "9500": {
    "training_loss": 8153.6689453125,
    "validation_loss": [
      2969.1220703125
    ],
    "validation_chi2s": {
      "DEUTERON": 2.355696037634095,
      "NMC": 2.9220168169806984,
      "NUCLEAR": 1.9728765869140625,
      "HERACOMB": 2.6865457771650325,
      "DYE886": 2.4589224728670986,
      "CDF": 0.8884213992527553,
      "D0": 2.7265491485595703,
      "ATLAS": 2.6669777134486607,
      "CMS": 3.0141190559633317,
      "LHCb": 3.226546287536621,
      "total": 2.520477056503296
    }
  },
  "9600": {
    "training_loss": 8165.1884765625,
    "validation_loss": [
      2980.6552734375
    ],
    "validation_chi2s": {
      "DEUTERON": 2.365384229973181,
      "NMC": 2.935220755782782,
      "NUCLEAR": 1.9691773681640625,
      "HERACOMB": 2.6703315684997957,
      "DYE886": 2.456131848421964,
      "CDF": 0.897791930607387,
      "D0": 2.8431915283203124,
      "ATLAS": 2.6596915108816965,
      "CMS": 3.084985548450101,
      "LHCb": 3.41697359085083,
      "total": 2.5302488803863525
    }
  },
  "9700": {
    "training_loss": 8130.67333984375,
    "validation_loss": [
      2969.55810546875
    ],
    "validation_chi2s": {
      "DEUTERON": 2.314658093808302,
      "NMC": 2.8738780302159928,
      "NUCLEAR": 1.979986572265625,
      "HERACOMB": 2.7096783008450775,
      "DYE886": 2.4032284129749644,
      "CDF": 0.9000765936715263,
      "D0": 2.8529834747314453,
      "ATLAS": 2.7281375558035714,
      "CMS": 2.964175316595262,
      "LHCb": 3.1531877517700195,
      "total": 2.5208466053009033
    }
  },
  "9800": {
    "training_loss": 8131.0595703125,
    "validation_loss": [
      2969.59228515625
    ],
    "validation_chi2s": {
      "DEUTERON": 2.305450135795631,
      "NMC": 2.851967905081955,
      "NUCLEAR": 1.9805501708984374,
      "HERACOMB": 2.705472260518791,
      "DYE886": 2.398540670221502,
      "CDF": 0.9009528841291156,
      "D0": 2.979137420654297,
      "ATLAS": 2.6577408272879466,
      "CMS": 3.0550780757780998,
      "LHCb": 3.2668566703796387,
      "total": 2.520541191101074
    }
  },
  "9900": {
    "training_loss": 8124.68115234375,
    "validation_loss": [
      2972.1201171875
    ],
    "validation_chi2s": {
      "DEUTERON": 2.310127827658582,
      "NMC": 2.859055163813572,
      "NUCLEAR": 1.977910400390625,
      "HERACOMB": 2.6917588975694446,
      "DYE886": 2.414295196533203,
      "CDF": 0.902855464390346,
      "D0": 2.911275291442871,
      "ATLAS": 2.6621599469866073,
      "CMS": 3.0994009202526462,
      "LHCb": 3.2813823223114014,
      "total": 2.5229697227478027
    }
  },
  "10000": {
    "training_loss": 8142.03466796875,
    "validation_loss": [
      2978.0810546875
    ],
    "validation_chi2s": {
      "DEUTERON": 2.3508988565473414,
      "NMC": 2.915379842122396,
      "NUCLEAR": 1.9723560791015624,
      "HERACOMB": 2.685540691699857,
      "DYE886": 2.4842456470836294,
      "CDF": 0.889108385358538,
      "D0": 2.868118667602539,
      "ATLAS": 2.646084507533482,
      "CMS": 3.0804519653320312,
      "LHCb": 3.3561339378356934,
      "total": 2.5280771255493164
    }
  },
  "10100": {
    "training_loss": 8120.06201171875,
    "validation_loss": [
      2979.05322265625
    ],
    "validation_chi2s": {
      "DEUTERON": 2.308466062023865,
      "NMC": 2.8362453685087314,
      "NUCLEAR": 1.979648193359375,
      "HERACOMB": 2.6940199908088234,
      "DYE886": 2.4006866108287466,
      "CDF": 0.9131912503923688,
      "D0": 3.0117877960205077,
      "ATLAS": 2.6816510881696427,
      "CMS": 3.1276562598443802,
      "LHCb": 3.2705061435699463,
      "total": 2.5288898944854736
    }
  },
  "10200": {
    "training_loss": 8116.15625,
    "validation_loss": [
      2984.78271484375
    ],
    "validation_chi2s": {
      "DEUTERON": 2.326191309079602,
      "NMC": 2.8083068249272367,
      "NUCLEAR": 1.980624267578125,
      "HERACOMB": 2.7189763885697507,
      "DYE886": 2.4178728623823686,
      "CDF": 0.8884147916521344,
      "D0": 2.981617546081543,
      "ATLAS": 2.661372767857143,
      "CMS": 3.1346647201045865,
      "LHCb": 3.1917922496795654,
      "total": 2.5328993797302246
    }
  },
  "10300": {
    "training_loss": 8164.533203125,
    "validation_loss": [
      2969.85693359375
    ],
    "validation_chi2s": {
      "DEUTERON": 2.3449120972287,
      "NMC": 2.857547535615809,
      "NUCLEAR": 1.9738258056640625,
      "HERACOMB": 2.6615245544832518,
      "DYE886": 2.40631086176092,
      "CDF": 0.8709058080400739,
      "D0": 2.955784034729004,
      "ATLAS": 2.6843558175223214,
      "CMS": 3.0703572919291835,
      "LHCb": 3.3067715167999268,
      "total": 2.521087884902954
    }
  },
  "10400": {
    "training_loss": 8252.0224609375,
    "validation_loss": [
      2985.90234375
    ],
    "validation_chi2s": {
      "DEUTERON": 2.388527941347948,
      "NMC": 2.845131668390012,
      "NUCLEAR": 1.97342919921875,
      "HERACOMB": 2.6732564689287175,
      "DYE886": 2.4225248856977983,
      "CDF": 0.8803066526140485,
      "D0": 3.1324180603027343,
      "ATLAS": 2.668250732421875,
      "CMS": 3.1422968218403478,
      "LHCb": 3.185335874557495,
      "total": 2.5346951484680176
    }
  },
  "10500": {
    "training_loss": 8146.6708984375,
    "validation_loss": [
      2967.6669921875
    ],
    "validation_chi2s": {
      "DEUTERON": 2.3196722381743626,
      "NMC": 2.8581210865693936,
      "NUCLEAR": 1.9708040771484374,
      "HERACOMB": 2.699667537913603,
      "DYE886": 2.403898585926403,
      "CDF": 0.8559662273951939,
      "D0": 3.194886016845703,
      "ATLAS": 2.6809824916294644,
      "CMS": 3.0035289641349547,
      "LHCb": 3.2628464698791504,
      "total": 2.519239902496338
    }
  }
}