{
  "100": {
    "training_loss": 269.59375,
    "validation_loss": [
      124.47842407226562
    ],
    "validation_chi2s": {
      "DEUTERON": 2.6199254989624023,
      "ATLAS": 1.789219075983221,
      "total": 2.44075345993042
    }
  },
  "200": {
    "training_loss": 237.113037109375,
    "validation_loss": [
      131.6007080078125
    ],
    "validation_chi2s": {
      "DEUTERON": 2.752800178527832,
      "ATLAS": 1.95351843400435,
      "total": 2.5804059505462646
    }
  },
  "300": {
    "training_loss": 227.87379455566406,
    "validation_loss": [
      131.25047302246094
    ],
    "validation_chi2s": {
      "DEUTERON": 2.741790199279785,
      "ATLAS": 1.9617150046608665,
      "total": 2.5735387802124023
    }
  },
  "400": {
    "training_loss": 223.84164428710938,
    "validation_loss": [
      129.79310607910156
    ],
    "validation_chi2s": {
      "DEUTERON": 2.715175437927246,
      "ATLAS": 1.9260082244873047,
      "total": 2.5449628829956055
    }
  }
}