{
  "100": {
    "training_loss": 18422.5625,
    "validation_loss": [
      236.23831176757812
    ],
    "validation_chi2s": {
      "DEUTERON": 3.3784847259521484,
      "ATLAS": 9.190810463645242,
      "total": 4.632123947143555
    }
  },
  "200": {
    "training_loss": 463.8193359375,
    "validation_loss": [
      182.63848876953125
    ],
    "validation_chi2s": {
      "DEUTERON": 2.9433828353881837,
      "ATLAS": 5.900287974964488,
      "total": 3.5811469554901123
    }
  },
  "300": {
    "training_loss": 270.857177734375,
    "validation_loss": [
      117.89617156982422
    ],
    "validation_chi2s": {
      "DEUTERON": 2.1044639587402343,
      "ATLAS": 3.0652375654740767,
      "total": 2.311689615249634
    }
  },
  "400": {
    "training_loss": 6648.400634765625,
    "validation_loss": [
      109.32505798339844
    ],
    "validation_chi2s": {
      "DEUTERON": 1.9594268798828125,
      "ATLAS": 2.813452807339755,
      "total": 2.1436285972595215
    }
  },
  "500": {
    "training_loss": 268.2728576660156,
    "validation_loss": [
      115.45011901855469
    ],
    "validation_chi2s": {
      "DEUTERON": 2.166767883300781,
      "ATLAS": 2.616309946233576,
      "total": 2.263727903366089
    }
  },
  "600": {
    "training_loss": 261.0096435546875,
    "validation_loss": [
      111.66216278076172
    ],
    "validation_chi2s": {
      "DEUTERON": 2.1027904510498048,
      "ATLAS": 2.504595149647106,
      "total": 2.1894540786743164
    }
  },
  "700": {
    "training_loss": 252.8087158203125,
    "validation_loss": [
      111.6301498413086
    ],
    "validation_chi2s": {
      "DEUTERON": 2.148725891113281,
      "ATLAS": 2.3346470919522373,
      "total": 2.188826560974121
    }
  },
  "800": {
    "training_loss": 246.1337890625,
    "validation_loss": [
      120.99629974365234
    ],
    "validation_chi2s": {
      "DEUTERON": 2.244523048400879,
      "ATLAS": 2.8377616188742896,
      "total": 2.372476577758789
    }
  }
}