{
  "100": {
    "training_loss": 326.25,
    "validation_loss": [
      271.2854919433594
    ],
    "validation_chi2s": {
      "DEUTERON": 5.383238220214844,
      "ATLAS": 5.086906779896129,
      "total": 5.319323539733887
    }
  },
  "200": {
    "training_loss": 307.7203369140625,
    "validation_loss": [
      216.5635986328125
    ],
    "validation_chi2s": {
      "DEUTERON": 4.293934631347656,
      "ATLAS": 4.073292818936435,
      "total": 4.246345043182373
    }
  },
  "300": {
    "training_loss": 282.2620849609375,
    "validation_loss": [
      111.14193725585938
    ],
    "validation_chi2s": {
      "DEUTERON": 1.9894914627075195,
      "ATLAS": 2.869298588145863,
      "total": 2.1792538166046143
    }
  },
  "400": {
    "training_loss": 276.437744140625,
    "validation_loss": [
      110.11553955078125
    ],
    "validation_chi2s": {
      "DEUTERON": 1.8897310256958009,
      "ATLAS": 3.138754064386541,
      "total": 2.159128189086914
    }
  },
  "500": {
    "training_loss": 4508.310211181641,
    "validation_loss": [
      115.22872924804688
    ],
    "validation_chi2s": {
      "DEUTERON": 2.143295478820801,
      "ATLAS": 2.681537628173828,
      "total": 2.2593867778778076
    }
  },
  "600": {
    "training_loss": 254.7164306640625,
    "validation_loss": [
      10034.681640625
    ],
    "validation_chi2s": {
      "DEUTERON": 2.731028938293457,
      "ATLAS": 4.461694197221235,
      "total": 3.1043097972869873
    }
  }
}