10 total replicas found
10 valid replicas found
Passing average chi2: 1.26434166431427
10 replicas pass Positivity
10 replicas pass IntegNumber_0
10 replicas pass IntegNumber_1
10 replicas pass IntegNumber_2
10 replicas pass IntegNumber_3
10 replicas pass IntegNumber_4
10 replicas pass ChiSquared
10 replicas pass ArcLength_0
10 replicas pass ArcLength_1
10 replicas pass ArcLength_2
10 replicas pass ArcLength_3
10 replicas pass ArcLength_4
10 replicas pass Total
10 replicas written to the postfit folder
Beginning construction of replica 0


*****************************************************************

Postfit complete
Please upload your results with:
	vp-upload /mnt/storage/laurent/NNPDF/nnpdf40-like

and install with:
	vp-get fit nnpdf40-like

*****************************************************************


