{
  "100": {
    "training_loss": 512.0,
    "validation_loss": [
      75.12142181396484
    ],
    "validation_chi2s": {
      "DEUTERON": 1.6905967712402343,
      "ATLAS": 0.6815958456559614,
      "total": 1.4729690551757812
    }
  },
  "200": {
    "training_loss": 237.7628631591797,
    "validation_loss": [
      75.62322235107422
    ],
    "validation_chi2s": {
      "DEUTERON": 1.6833515167236328,
      "ATLAS": 0.7535600662231445,
      "total": 1.482808232307434
    }
  },
  "300": {
    "training_loss": 235.78231811523438,
    "validation_loss": [
      75.63706970214844
    ],
    "validation_chi2s": {
      "DEUTERON": 1.665716552734375,
      "ATLAS": 0.8189464915882457,
      "total": 1.4830797910690308
    }
  },
  "400": {
    "training_loss": 234.9717254638672,
    "validation_loss": [
      74.76979064941406
    ],
    "validation_chi2s": {
      "DEUTERON": 1.6388336181640626,
      "ATLAS": 0.8378586335615679,
      "total": 1.4660743474960327
    }
  }
}