{
  "100": {
    "training_loss": 333.7258605957031,
    "validation_loss": [
      217.6348419189453
    ],
    "validation_chi2s": {
      "DEUTERON": 4.282730484008789,
      "ATLAS": 4.211420579390093,
      "total": 4.267349720001221
    }
  },
  "200": {
    "training_loss": 305.9700012207031,
    "validation_loss": [
      140.22283935546875
    ],
    "validation_chi2s": {
      "DEUTERON": 2.7207992553710936,
      "ATLAS": 2.853715029629794,
      "total": 2.749467372894287
    }
  },
  "300": {
    "training_loss": 269.2193908691406,
    "validation_loss": [
      128.46429443359375
    ],
    "validation_chi2s": {
      "DEUTERON": 2.3057624816894533,
      "ATLAS": 3.2939817255193535,
      "total": 2.5189077854156494
    }
  },
  "400": {
    "training_loss": 258.2857971191406,
    "validation_loss": [
      111.28269958496094
    ],
    "validation_chi2s": {
      "DEUTERON": 1.979891586303711,
      "ATLAS": 2.917002938010476,
      "total": 2.182013750076294
    }
  },
  "500": {
    "training_loss": 257.6368408203125,
    "validation_loss": [
      108.12579345703125
    ],
    "validation_chi2s": {
      "DEUTERON": 1.866090965270996,
      "ATLAS": 3.0438319119540127,
      "total": 2.1201136112213135
    }
  },
  "600": {
    "training_loss": 253.99795532226562,
    "validation_loss": [
      109.20533752441406
    ],
    "validation_chi2s": {
      "DEUTERON": 1.8957008361816405,
      "ATLAS": 3.0343007174405185,
      "total": 2.1412811279296875
    }
  },
  "700": {
    "training_loss": 252.51412963867188,
    "validation_loss": [
      108.80618286132812
    ],
    "validation_chi2s": {
      "DEUTERON": 1.8866153717041017,
      "ATLAS": 3.031051288951527,
      "total": 2.1334545612335205
    }
  }
}