
CondaError: Run 'conda init' before 'conda activate'

[INFO]: Starting NNPDF fit comparison:
    Current fit: 240701-02-rs-nnpdf40-baseline
    Reference fit: 240701-02-rs-nnpdf40-baseline
    Title: test_comparison_1
    Author: Kamil Laurent
    Keywords: ['NNPDF comparison 1']
    Current fit label: Current Fit
    Reference fit label: Reference Fit
    Thcovmat if present: False
[WARNING]: Output folder exists: /mnt/storage/laurent/NNPDF/output Overwriting contents
[WARNING]: The usage of old names is deprecated and support will be dropped in future versions! Update your runcards
[WARNING]: Please change NMC_NC_NOTFIXED_DW_EM-F2 to NMC_NC_NOTFIXED_EM-F2
[WARNING]: Please change SLAC_NC_NOTFIXED_P_DW_EM-F2 to SLAC_NC_NOTFIXED_P_EM-F2
[WARNING]: Please change SLAC_NC_NOTFIXED_D_DW_EM-F2 to SLAC_NC_NOTFIXED_D_EM-F2
[WARNING]: Please change BCDMS_NC_NOTFIXED_P_DW_EM-F2 to BCDMS_NC_NOTFIXED_P_EM-F2
[WARNING]: Please change BCDMS_NC_NOTFIXED_D_DW_EM-F2 to BCDMS_NC_NOTFIXED_D_EM-F2
[WARNING]: Please change CHORUS_CC_NOTFIXED_PB_DW_NU-SIGMARED to CHORUS_CC_NOTFIXED_PB_NU-SIGMARED
[WARNING]: Please change CHORUS_CC_NOTFIXED_PB_DW_NB-SIGMARED to CHORUS_CC_NOTFIXED_PB_NB-SIGMARED
[WARNING]: Please change NUTEV_CC_NOTFIXED_FE_DW_NU-SIGMARED to NUTEV_CC_NOTFIXED_FE_NU-SIGMARED
[WARNING]: Please change NUTEV_CC_NOTFIXED_FE_DW_NB-SIGMARED to NUTEV_CC_NOTFIXED_FE_NB-SIGMARED
[WARNING]: Please change ATLAS_WJ_JET_8TEV_WP-PT to ATLAS_WJ_8TEV_WP-PT
[WARNING]: Please change ATLAS_WJ_JET_8TEV_WM-PT to ATLAS_WJ_8TEV_WM-PT
[WARNING]: Please change CMS_TTBAR_13TEV_LJ_2016_DIF_YTTBAR to CMS_TTBAR_13TEV_LJ_2016_DIF_YT
[INFO]: All requirements processed and checked successfully. Executing actions.
/home/klaurent/.conda/envs/nnpdf/lib/python3.9/site-packages/validphys/sumrules.py:141: IntegrationWarning: The integral is probably divergent, or slowly convergent.
  return quad(rule_f, *lim, args=(pdf_member, Q), **config)[0]
/home/klaurent/.conda/envs/nnpdf/lib/python3.9/site-packages/validphys/sumrules.py:141: IntegrationWarning: The integral is probably divergent, or slowly convergent.
  return quad(rule_f, *lim, args=(pdf_member, Q), **config)[0]
/home/klaurent/.conda/envs/nnpdf/lib/python3.9/site-packages/validphys/sumrules.py:141: IntegrationWarning: The integral is probably divergent, or slowly convergent.
  return quad(rule_f, *lim, args=(pdf_member, Q), **config)[0]
/home/klaurent/.conda/envs/nnpdf/lib/python3.9/site-packages/validphys/pdfplots.py:134: UserWarning: No artists with labels found to put in legend.  Note that artists whose label start with an underscore are ignored when legend() is called with no argument.
  return flstate.ax.legend()
/home/klaurent/.conda/envs/nnpdf/lib/python3.9/site-packages/validphys/pdfplots.py:134: UserWarning: No artists with labels found to put in legend.  Note that artists whose label start with an underscore are ignored when legend() is called with no argument.
  return flstate.ax.legend()
/home/klaurent/.conda/envs/nnpdf/lib/python3.9/site-packages/validphys/pdfplots.py:134: UserWarning: No artists with labels found to put in legend.  Note that artists whose label start with an underscore are ignored when legend() is called with no argument.
  return flstate.ax.legend()
/home/klaurent/.conda/envs/nnpdf/lib/python3.9/site-packages/validphys/pdfplots.py:134: UserWarning: No artists with labels found to put in legend.  Note that artists whose label start with an underscore are ignored when legend() is called with no argument.
  return flstate.ax.legend()
/home/klaurent/.conda/envs/nnpdf/lib/python3.9/site-packages/validphys/pdfplots.py:134: UserWarning: No artists with labels found to put in legend.  Note that artists whose label start with an underscore are ignored when legend() is called with no argument.
  return flstate.ax.legend()
/home/klaurent/.conda/envs/nnpdf/lib/python3.9/site-packages/validphys/pdfplots.py:134: UserWarning: No artists with labels found to put in legend.  Note that artists whose label start with an underscore are ignored when legend() is called with no argument.
  return flstate.ax.legend()
/home/klaurent/.conda/envs/nnpdf/lib/python3.9/site-packages/validphys/pdfplots.py:134: UserWarning: No artists with labels found to put in legend.  Note that artists whose label start with an underscore are ignored when legend() is called with no argument.
  return flstate.ax.legend()
/home/klaurent/.conda/envs/nnpdf/lib/python3.9/site-packages/validphys/pdfplots.py:134: UserWarning: No artists with labels found to put in legend.  Note that artists whose label start with an underscore are ignored when legend() is called with no argument.
  return flstate.ax.legend()
