{
  "100": {
    "training_loss": 328.125,
    "validation_loss": [
      189.17298889160156
    ],
    "validation_chi2s": {
      "DEUTERON": 3.6612998962402346,
      "ATLAS": 3.8837269869717685,
      "total": 3.7092742919921875
    }
  },
  "200": {
    "training_loss": 316.8224182128906,
    "validation_loss": [
      177.46453857421875
    ],
    "validation_chi2s": {
      "DEUTERON": 3.3531215667724608,
      "ATLAS": 3.9399701898748223,
      "total": 3.479696750640869
    }
  },
  "300": {
    "training_loss": 312.8216247558594,
    "validation_loss": [
      170.01388549804688
    ],
    "validation_chi2s": {
      "DEUTERON": 3.1601207733154295,
      "ATLAS": 3.9644591591574927,
      "total": 3.3336055278778076
    }
  },
  "400": {
    "training_loss": 304.6067810058594,
    "validation_loss": [
      169.0780487060547
    ],
    "validation_chi2s": {
      "DEUTERON": 3.1602869033813477,
      "ATLAS": 3.878779324618253,
      "total": 3.315255880355835
    }
  },
  "500": {
    "training_loss": 295.8724060058594,
    "validation_loss": [
      172.1027069091797
    ],
    "validation_chi2s": {
      "DEUTERON": 3.230112075805664,
      "ATLAS": 3.8998388810591265,
      "total": 3.374562978744507
    }
  },
  "600": {
    "training_loss": 290.7384033203125,
    "validation_loss": [
      175.2209014892578
    ],
    "validation_chi2s": {
      "DEUTERON": 3.315848159790039,
      "ATLAS": 3.871543537486683,
      "total": 3.435703992843628
    }
  }
}