{
  "100": {
    "training_loss": 319.28839111328125,
    "validation_loss": [
      162.95962524414062
    ],
    "validation_chi2s": {
      "DEUTERON": 3.5806808471679688,
      "ATLAS": 1.7938534129749646,
      "total": 3.195286750793457
    }
  },
  "200": {
    "training_loss": 271.46026611328125,
    "validation_loss": [
      141.1905975341797
    ],
    "validation_chi2s": {
      "DEUTERON": 3.083984375,
      "ATLAS": 1.621020577170632,
      "total": 2.7684431076049805
    }
  },
  "300": {
    "training_loss": 262.47723388671875,
    "validation_loss": [
      126.64493560791016
    ],
    "validation_chi2s": {
      "DEUTERON": 2.772874450683594,
      "ATLAS": 1.4299962303855203,
      "total": 2.48323392868042
    }
  },
  "400": {
    "training_loss": 267.7789611816406,
    "validation_loss": [
      121.86577606201172
    ],
    "validation_chi2s": {
      "DEUTERON": 2.6777978897094727,
      "ATLAS": 1.3412602164528586,
      "total": 2.3895249366760254
    }
  },
  "500": {
    "training_loss": 259.51739501953125,
    "validation_loss": [
      118.0368881225586
    ],
    "validation_chi2s": {
      "DEUTERON": 2.595786476135254,
      "ATLAS": 1.291402816772461,
      "total": 2.314448833465576
    }
  },
  "600": {
    "training_loss": 241.8463897705078,
    "validation_loss": [
      140.58030700683594
    ],
    "validation_chi2s": {
      "DEUTERON": 3.179195022583008,
      "ATLAS": 1.2193186499855735,
      "total": 2.756476640701294
    }
  },
  "700": {
    "training_loss": 244.83448791503906,
    "validation_loss": [
      118.077880859375
    ],
    "validation_chi2s": {
      "DEUTERON": 2.615158271789551,
      "ATLAS": 1.224686622619629,
      "total": 2.3152525424957275
    }
  },
  "800": {
    "training_loss": 245.9334716796875,
    "validation_loss": [
      116.90983581542969
    ],
    "validation_chi2s": {
      "DEUTERON": 2.5988325119018554,
      "ATLAS": 1.1778672825206409,
      "total": 2.2923498153686523
    }
  },
  "900": {
    "training_loss": 243.02088928222656,
    "validation_loss": [
      126.3275375366211
    ],
    "validation_chi2s": {
      "DEUTERON": 2.8584884643554687,
      "ATLAS": 1.0898183475841174,
      "total": 2.477010488510132
    }
  }
}