{
  "100": {
    "training_loss": 4548.03125,
    "validation_loss": [
      136.50746154785156
    ],
    "validation_chi2s": {
      "DEUTERON": 2.854954147338867,
      "ATLAS": 2.028117613358931,
      "total": 2.676616907119751
    }
  },
  "200": {
    "training_loss": 297.60736083984375,
    "validation_loss": [
      131.91908264160156
    ],
    "validation_chi2s": {
      "DEUTERON": 2.6095619201660156,
      "ATLAS": 2.503328496759588,
      "total": 2.586648941040039
    }
  },
  "300": {
    "training_loss": 329.7701110839844,
    "validation_loss": [
      102.0041732788086
    ],
    "validation_chi2s": {
      "DEUTERON": 2.1191497802734376,
      "ATLAS": 1.5671078075062146,
      "total": 2.000082015991211
    }
  },
  "400": {
    "training_loss": 317.3684387207031,
    "validation_loss": [
      96.45600891113281
    ],
    "validation_chi2s": {
      "DEUTERON": 1.9949258804321288,
      "ATLAS": 1.5144526741721414,
      "total": 1.8912944793701172
    }
  },
  "500": {
    "training_loss": 308.722900390625,
    "validation_loss": [
      93.95872497558594
    ],
    "validation_chi2s": {
      "DEUTERON": 1.9414453506469727,
      "ATLAS": 1.4819011688232422,
      "total": 1.8423279523849487
    }
  },
  "600": {
    "training_loss": 302.2476501464844,
    "validation_loss": [
      93.19084930419922
    ],
    "validation_chi2s": {
      "DEUTERON": 1.9281629562377929,
      "ATLAS": 1.4603939056396484,
      "total": 1.827271580696106
    }
  },
  "700": {
    "training_loss": 312.73126220703125,
    "validation_loss": [
      95.16024780273438
    ],
    "validation_chi2s": {
      "DEUTERON": 1.9476224899291992,
      "ATLAS": 1.5686681920831853,
      "total": 1.86588716506958
    }
  },
  "800": {
    "training_loss": 269.3283386230469,
    "validation_loss": [
      117.15742492675781
    ],
    "validation_chi2s": {
      "DEUTERON": 2.366838836669922,
      "ATLAS": 2.043988834727894,
      "total": 2.2972044944763184
    }
  },
  "900": {
    "training_loss": 278.65252685546875,
    "validation_loss": [
      96.24343872070312
    ],
    "validation_chi2s": {
      "DEUTERON": 1.9631425857543945,
      "ATLAS": 1.6107037284157493,
      "total": 1.8871264457702637
    }
  }
}