{
  "100": {
    "training_loss": 300.375,
    "validation_loss": [
      122.5546646118164
    ],
    "validation_chi2s": {
      "DEUTERON": 2.428302001953125,
      "ATLAS": 2.3111440485174004,
      "total": 2.4030325412750244
    }
  },
  "200": {
    "training_loss": 290.8448791503906,
    "validation_loss": [
      103.38211059570312
    ],
    "validation_chi2s": {
      "DEUTERON": 1.9284006118774415,
      "ATLAS": 2.3860078291459517,
      "total": 2.0271003246307373
    }
  },
  "300": {
    "training_loss": 274.4374084472656,
    "validation_loss": [
      101.38603210449219
    ],
    "validation_chi2s": {
      "DEUTERON": 1.8841049194335937,
      "ATLAS": 2.365621566772461,
      "total": 1.9879614114761353
    }
  },
  "400": {
    "training_loss": 254.70831298828125,
    "validation_loss": [
      96.83250427246094
    ],
    "validation_chi2s": {
      "DEUTERON": 1.7929418563842774,
      "ATLAS": 2.283166365189986,
      "total": 1.8986765146255493
    }
  },
  "500": {
    "training_loss": 235.23992919921875,
    "validation_loss": [
      108.62252807617188
    ],
    "validation_chi2s": {
      "DEUTERON": 2.0965320587158205,
      "ATLAS": 2.2510223388671875,
      "total": 2.1298534870147705
    }
  },
  "600": {
    "training_loss": 912.2442169189453,
    "validation_loss": [
      100.7359848022461
    ],
    "validation_chi2s": {
      "DEUTERON": 1.934892463684082,
      "ATLAS": 2.1218442049893467,
      "total": 1.9752154350280762
    }
  },
  "700": {
    "training_loss": 242.08009338378906,
    "validation_loss": [
      107.2871322631836
    ],
    "validation_chi2s": {
      "DEUTERON": 2.0710914611816404,
      "ATLAS": 2.22213433005593,
      "total": 2.1036694049835205
    }
  }
}