{
  "100": {
    "training_loss": 365.9990234375,
    "validation_loss": [
      184.67465209960938
    ],
    "validation_chi2s": {
      "DEUTERON": 3.5017642974853516,
      "ATLAS": 4.054917075417259,
      "total": 3.6210715770721436
    }
  },
  "200": {
    "training_loss": 286.95318603515625,
    "validation_loss": [
      120.06842803955078
    ],
    "validation_chi2s": {
      "DEUTERON": 2.3374961853027343,
      "ATLAS": 2.4153258583762427,
      "total": 2.354283094406128
    }
  },
  "300": {
    "training_loss": 296.293701171875,
    "validation_loss": [
      101.676025390625
    ],
    "validation_chi2s": {
      "DEUTERON": 1.8758060455322265,
      "ATLAS": 2.422162316062234,
      "total": 1.993647575378418
    }
  },
  "400": {
    "training_loss": 285.32177734375,
    "validation_loss": [
      103.19749450683594
    ],
    "validation_chi2s": {
      "DEUTERON": 1.7858421325683593,
      "ATLAS": 2.8876190185546875,
      "total": 2.023480176925659
    }
  },
  "500": {
    "training_loss": 267.64825439453125,
    "validation_loss": [
      124.52696228027344
    ],
    "validation_chi2s": {
      "DEUTERON": 2.2766115188598635,
      "ATLAS": 3.042045246471058,
      "total": 2.4417052268981934
    }
  },
  "600": {
    "training_loss": 273.8236999511719,
    "validation_loss": [
      111.87754821777344
    ],
    "validation_chi2s": {
      "DEUTERON": 2.1251672744750976,
      "ATLAS": 2.4428055503151636,
      "total": 2.1936774253845215
    }
  }
}