{
  "100": {
    "training_loss": 257.0,
    "validation_loss": [
      126.68169403076172
    ],
    "validation_chi2s": {
      "DEUTERON": 2.208103561401367,
      "ATLAS": 3.4870501431551846,
      "total": 2.483954668045044
    }
  },
  "200": {
    "training_loss": 253.87149047851562,
    "validation_loss": [
      99.21629333496094
    ],
    "validation_chi2s": {
      "DEUTERON": 1.5697822570800781,
      "ATLAS": 3.311364260586825,
      "total": 1.9454175233840942
    }
  },
  "300": {
    "training_loss": 235.906494140625,
    "validation_loss": [
      95.57797241210938
    ],
    "validation_chi2s": {
      "DEUTERON": 1.510075855255127,
      "ATLAS": 3.197722001509233,
      "total": 1.8740779161453247
    }
  },
  "400": {
    "training_loss": 219.56869506835938,
    "validation_loss": [
      101.19775390625
    ],
    "validation_chi2s": {
      "DEUTERON": 1.6882688522338867,
      "ATLAS": 3.060636346990412,
      "total": 1.9842697381973267
    }
  },
  "500": {
    "training_loss": 214.50904846191406,
    "validation_loss": [
      106.59126281738281
    ],
    "validation_chi2s": {
      "DEUTERON": 1.7760473251342774,
      "ATLAS": 3.2317608920010654,
      "total": 2.090024709701538
    }
  },
  "600": {
    "training_loss": 224.392333984375,
    "validation_loss": [
      92.1353759765625
    ],
    "validation_chi2s": {
      "DEUTERON": 1.3111071586608887,
      "ATLAS": 3.6082815690474077,
      "total": 1.806576132774353
    }
  },
  "700": {
    "training_loss": 219.99679565429688,
    "validation_loss": [
      93.6837387084961
    ],
    "validation_chi2s": {
      "DEUTERON": 1.29379301071167,
      "ATLAS": 3.812002008611506,
      "total": 1.8369362354278564
    }
  },
  "800": {
    "training_loss": 217.108154296875,
    "validation_loss": [
      95.87344360351562
    ],
    "validation_chi2s": {
      "DEUTERON": 1.3085034370422364,
      "ATLAS": 3.9575736305930396,
      "total": 1.8798714876174927
    }
  },
  "900": {
    "training_loss": 217.14297485351562,
    "validation_loss": [
      92.4476318359375
    ],
    "validation_chi2s": {
      "DEUTERON": 1.3667325019836425,
      "ATLAS": 3.4343937960538,
      "total": 1.8126987218856812
    }
  }
}