{
  "100": {
    "training_loss": 368.359375,
    "validation_loss": [
      236.64236450195312
    ],
    "validation_chi2s": {
      "DEUTERON": 5.044084167480468,
      "ATLAS": 3.1708179820667612,
      "total": 4.6400465965271
    }
  },
  "200": {
    "training_loss": 333.7672119140625,
    "validation_loss": [
      206.98377990722656
    ],
    "validation_chi2s": {
      "DEUTERON": 4.308815002441406,
      "ATLAS": 3.1482890735973013,
      "total": 4.058505535125732
    }
  },
  "300": {
    "training_loss": 263.81646728515625,
    "validation_loss": [
      132.79664611816406
    ],
    "validation_chi2s": {
      "DEUTERON": 2.841100883483887,
      "ATLAS": 1.7411467812278054,
      "total": 2.603855848312378
    }
  },
  "400": {
    "training_loss": 258.83245849609375,
    "validation_loss": [
      132.00906372070312
    ],
    "validation_chi2s": {
      "DEUTERON": 2.6132362365722654,
      "ATLAS": 2.498146750710227,
      "total": 2.5884130001068115
    }
  },
  "500": {
    "training_loss": 256.8476257324219,
    "validation_loss": [
      126.11517333984375
    ],
    "validation_chi2s": {
      "DEUTERON": 2.4931428909301756,
      "ATLAS": 2.3990419561212715,
      "total": 2.472846508026123
    }
  },
  "600": {
    "training_loss": 255.64149475097656,
    "validation_loss": [
      125.2409439086914
    ],
    "validation_chi2s": {
      "DEUTERON": 2.474441146850586,
      "ATLAS": 2.387572548606179,
      "total": 2.455704689025879
    }
  },
  "700": {
    "training_loss": 255.11988830566406,
    "validation_loss": [
      125.76143646240234
    ],
    "validation_chi2s": {
      "DEUTERON": 2.4898046493530273,
      "ATLAS": 2.379022945057262,
      "total": 2.4659104347229004
    }
  },
  "800": {
    "training_loss": 238.24118041992188,
    "validation_loss": [
      121.81561279296875
    ],
    "validation_chi2s": {
      "DEUTERON": 2.503304672241211,
      "ATLAS": 1.9712208834561435,
      "total": 2.3885414600372314
    }
  }
}