{
  "100": {
    "training_loss": 7370752.0,
    "validation_loss": [
      202496192.0
    ],
    "validation_chi2s": {
      "DEUTERON": 77.99923235385572,
      "NMC": 274.4873621323529,
      "NUCLEAR": 25.147560546875,
      "HERACOMB": 428.288756127451,
      "DYE886": 12.839802135120738,
      "CDF": 142.1304670061384,
      "D0": 18594.234375,
      "ATLAS": 847.3180675287356,
      "CMS": 1669146.314049587,
      "LHCb": 827.61376953125,
      "total": 172482.84375
    }
  },
  "200": {
    "training_loss": 649099.0,
    "validation_loss": [
      523212.46875
    ],
    "validation_chi2s": {
      "DEUTERON": 62.44464688277363,
      "NMC": 280.29637714460785,
      "NUCLEAR": 37.72973046875,
      "HERACOMB": 333.6845128676471,
      "DYE886": 9.908537431196732,
      "CDF": 135.6278076171875,
      "D0": 984.68662109375,
      "ATLAS": 634.4303609913793,
      "CMS": 1998.677298553719,
      "LHCb": 625.7432250976562,
      "total": 444.3400573730469
    }
  },
  "300": {
    "training_loss": 1069736.75,
    "validation_loss": [
      416580.90625
    ],
    "validation_chi2s": {
      "DEUTERON": 64.07913557213931,
      "NMC": 286.814453125,
      "NUCLEAR": 62.066015625,
      "HERACOMB": 281.4518484477124,
      "DYE886": 18.26019425825639,
      "CDF": 170.12876674107142,
      "D0": 4835.4765625,
      "ATLAS": 524.5334051724138,
      "CMS": 908.9515108471074,
      "LHCb": 1075.4473876953125,
      "total": 353.28948974609375
    }
  },
  "400": {
    "training_loss": 793091.0,
    "validation_loss": [
      23119778.0
    ],
    "validation_chi2s": {
      "DEUTERON": 64.24573421952736,
      "NMC": 300.5777994791667,
      "NUCLEAR": 40.83291796875,
      "HERACOMB": 286.7828584558824,
      "DYE886": 9.23750097101385,
      "CDF": 159.31281389508928,
      "D0": 1139.03017578125,
      "ATLAS": 549.7547144396551,
      "CMS": 188960.5785123967,
      "LHCb": 600.0225219726562,
      "total": 19691.654296875
    }
  },
  "500": {
    "training_loss": 596500.5625,
    "validation_loss": [
      274921.5
    ],
    "validation_chi2s": {
      "DEUTERON": 66.80403645833333,
      "NMC": 298.17587699142155,
      "NUCLEAR": 42.7262265625,
      "HERACOMB": 242.3967524509804,
      "DYE886": 11.394975142045455,
      "CDF": 146.75969587053572,
      "D0": 1736.6658203125,
      "ATLAS": 456.509069683908,
      "CMS": 379.4540289256198,
      "LHCb": 482.3280334472656,
      "total": 232.4661102294922
    }
  },
  "600": {
    "training_loss": 562123.9375,
    "validation_loss": [
      262922.03125
    ],
    "validation_chi2s": {
      "DEUTERON": 84.86207633706468,
      "NMC": 298.93338311887254,
      "NUCLEAR": 38.350796875,
      "HERACOMB": 230.30397263071896,
      "DYE886": 13.532956210049717,
      "CDF": 147.59800502232142,
      "D0": 1491.017578125,
      "ATLAS": 429.0462913074713,
      "CMS": 368.597882231405,
      "LHCb": 406.5108337402344,
      "total": 222.20394897460938
    }
  },
  "700": {
    "training_loss": 555509.25,
    "validation_loss": [
      248429.4375
    ],
    "validation_chi2s": {
      "DEUTERON": 87.45650652985074,
      "NMC": 298.99475337009807,
      "NUCLEAR": 42.2101796875,
      "HERACOMB": 231.85429432189542,
      "DYE886": 16.47068231756037,
      "CDF": 149.91029575892858,
      "D0": 1722.4703125,
      "ATLAS": 433.89421695402297,
      "CMS": 198.34625193698346,
      "LHCb": 437.3955383300781,
      "total": 209.93016052246094
    }
  },
  "800": {
    "training_loss": 11111966.375,
    "validation_loss": [
      324726.96875
    ],
    "validation_chi2s": {
      "DEUTERON": 77.37133181747512,
      "NMC": 302.46312040441177,
      "NUCLEAR": 41.3299765625,
      "HERACOMB": 234.25822099673204,
      "DYE886": 186.30115855823863,
      "CDF": 305.6647251674107,
      "D0": 3011.5720703125,
      "ATLAS": 405.4454471982759,
      "CMS": 443.4202931301653,
      "LHCb": 1528.3741455078125,
      "total": 274.66448974609375
    }
  },
  "900": {
    "training_loss": 583328.0,
    "validation_loss": [
      9508741.0
    ],
    "validation_chi2s": {
      "DEUTERON": 70.90933516013682,
      "NMC": 316.1094324448529,
      "NUCLEAR": 45.12287109375,
      "HERACOMB": 243.9151092728758,
      "DYE886": 9.75268485329368,
      "CDF": 152.80156598772322,
      "D0": 1826.9673828125,
      "ATLAS": 487.9102011494253,
      "CMS": 76608.81818181818,
      "LHCb": 515.3338012695312,
      "total": 8097.87158203125
    }
  },
  "1000": {
    "training_loss": 503481.875,
    "validation_loss": [
      224669.109375
    ],
    "validation_chi2s": {
      "DEUTERON": 83.21914839863184,
      "NMC": 301.74618949142155,
      "NUCLEAR": 31.04180859375,
      "HERACOMB": 201.76178257761438,
      "DYE886": 22.714725841175426,
      "CDF": 156.15494210379464,
      "D0": 1352.21845703125,
      "ATLAS": 390.0919540229885,
      "CMS": 216.017578125,
      "LHCb": 365.4120178222656,
      "total": 189.47015380859375
    }
  },
  "1100": {
    "training_loss": 471076.96875,
    "validation_loss": [
      318426.1875
    ],
    "validation_chi2s": {
      "DEUTERON": 82.67664606654229,
      "NMC": 306.2431832107843,
      "NUCLEAR": 32.207505859375,
      "HERACOMB": 201.52368004493465,
      "DYE886": 23.23819940740412,
      "CDF": 154.04818289620536,
      "D0": 1252.4431640625,
      "ATLAS": 384.83180675287355,
      "CMS": 1009.995222107438,
      "LHCb": 344.3807678222656,
      "total": 269.3857421875
    }
  },
  "1200": {
    "training_loss": 451996.15625,
    "validation_loss": [
      316584.625
    ],
    "validation_chi2s": {
      "DEUTERON": 80.21343963774876,
      "NMC": 313.8102979473039,
      "NUCLEAR": 32.12984375,
      "HERACOMB": 197.29321129493465,
      "DYE886": 18.064910888671875,
      "CDF": 138.59793526785714,
      "D0": 1087.00224609375,
      "ATLAS": 376.0521282327586,
      "CMS": 1040.560950413223,
      "LHCb": 322.5730285644531,
      "total": 267.8299255371094
    }
  },
  "1300": {
    "training_loss": 435834.21875,
    "validation_loss": [
      279465.375
    ],
    "validation_chi2s": {
      "DEUTERON": 79.66321225901741,
      "NMC": 318.3223039215686,
      "NUCLEAR": 32.157470703125,
      "HERACOMB": 196.3790594362745,
      "DYE886": 15.124879316850143,
      "CDF": 130.29141671316964,
      "D0": 913.7880859375,
      "ATLAS": 370.3109060704023,
      "CMS": 761.5603047520661,
      "LHCb": 308.4956970214844,
      "total": 236.1291046142578
    }
  },
  "1400": {
    "training_loss": 451030.6875,
    "validation_loss": [
      342462.0
    ],
    "validation_chi2s": {
      "DEUTERON": 77.95578261038557,
      "NMC": 313.09882429534315,
      "NUCLEAR": 30.789267578125,
      "HERACOMB": 193.32074652777777,
      "DYE886": 13.758848710493607,
      "CDF": 141.998779296875,
      "D0": 943.554296875,
      "ATLAS": 362.849609375,
      "CMS": 1301.7556818181818,
      "LHCb": 313.4730224609375,
      "total": 289.52490234375
    }
  },
  "1500": {
    "training_loss": 423594.625,
    "validation_loss": [
      1462971.0
    ],
    "validation_chi2s": {
      "DEUTERON": 75.39914684390547,
      "NMC": 308.8217294730392,
      "NUCLEAR": 31.690455078125,
      "HERACOMB": 194.90963286356208,
      "DYE886": 13.943376020951705,
      "CDF": 153.25859723772322,
      "D0": 839.7017578125,
      "ATLAS": 360.6718974497126,
      "CMS": 10573.653925619834,
      "LHCb": 308.79083251953125,
      "total": 1243.8646240234375
    }
  },
  "1600": {
    "training_loss": 1700668.4375,
    "validation_loss": [
      2445059.75
    ],
    "validation_chi2s": {
      "DEUTERON": 78.79241973725124,
      "NMC": 305.54484528186276,
      "NUCLEAR": 41.38165625,
      "HERACOMB": 194.23376225490196,
      "DYE886": 26.31216153231534,
      "CDF": 185.57822963169642,
      "D0": 2459.8064453125,
      "ATLAS": 353.96518049568965,
      "CMS": 18540.902892561982,
      "LHCb": 301.2537536621094,
      "total": 2080.37158203125
    }
  },
  "1700": {
    "training_loss": 402171.0,
    "validation_loss": [
      391266.375
    ],
    "validation_chi2s": {
      "DEUTERON": 65.22023670708955,
      "NMC": 272.90100337009807,
      "NUCLEAR": 29.16501953125,
      "HERACOMB": 186.36746834150327,
      "DYE886": 12.890892722389914,
      "CDF": 153.99752371651786,
      "D0": 1308.94892578125,
      "ATLAS": 336.3708917025862,
      "CMS": 1773.9208419421489,
      "LHCb": 295.8536071777344,
      "total": 330.8673400878906
    }
  },
  "1800": {
    "training_loss": 426545.5,
    "validation_loss": [
      437369.125
    ],
    "validation_chi2s": {
      "DEUTERON": 63.19455942941542,
      "NMC": 267.26233149509807,
      "NUCLEAR": 30.385974609375,
      "HERACOMB": 181.1350209354575,
      "DYE886": 13.737199263139205,
      "CDF": 175.51810128348214,
      "D0": 1218.70048828125,
      "ATLAS": 332.8574667744253,
      "CMS": 2183.4860537190084,
      "LHCb": 289.6956787109375,
      "total": 370.071044921875
    }
  },
  "1900": {
    "training_loss": 399787.75,
    "validation_loss": [
      48071084.0
    ],
    "validation_chi2s": {
      "DEUTERON": 61.068568291355724,
      "NMC": 248.9114008884804,
      "NUCLEAR": 32.72637109375,
      "HERACOMB": 180.53080320669935,
      "DYE886": 20.394126198508523,
      "CDF": 221.64454868861608,
      "D0": 1177.899609375,
      "ATLAS": 323.5272315014368,
      "CMS": 395874.347107438,
      "LHCb": 279.4103698730469,
      "total": 40943.95703125
    }
  },
  "2000": {
    "training_loss": 388364.40625,
    "validation_loss": [
      15545353.0
    ],
    "validation_chi2s": {
      "DEUTERON": 59.617211792599505,
      "NMC": 250.92474724264707,
      "NUCLEAR": 34.09655078125,
      "HERACOMB": 175.63999948937908,
      "DYE886": 22.74517822265625,
      "CDF": 233.55646623883928,
      "D0": 1108.73203125,
      "ATLAS": 321.3183144755747,
      "CMS": 127087.01652892563,
      "LHCb": 273.3413391113281,
      "total": 13238.890625
    }
  },
  "2100": {
    "training_loss": 402411.6875,
    "validation_loss": [
      1349110.375
    ],
    "validation_chi2s": {
      "DEUTERON": 56.88661186256219,
      "NMC": 248.3214231004902,
      "NUCLEAR": 34.3308203125,
      "HERACOMB": 173.30581086601308,
      "DYE886": 23.31554343483665,
      "CDF": 242.343505859375,
      "D0": 1083.0294921875,
      "ATLAS": 318.9602191091954,
      "CMS": 9777.55785123967,
      "LHCb": 275.31475830078125,
      "total": 1146.6322021484375
    }
  },
  "2200": {
    "training_loss": 385252.03125,
    "validation_loss": [
      7324849.5
    ],
    "validation_chi2s": {
      "DEUTERON": 56.7138526119403,
      "NMC": 245.9390318627451,
      "NUCLEAR": 36.1212578125,
      "HERACOMB": 173.7193882761438,
      "DYE886": 26.75135664506392,
      "CDF": 259.0060511997768,
      "D0": 1101.88818359375,
      "ATLAS": 318.7781294899425,
      "CMS": 59159.52892561984,
      "LHCb": 269.6110534667969,
      "total": 6236.75390625
    }
  },
  "2300": {
    "training_loss": 396387.90625,
    "validation_loss": [
      6309420.5
    ],
    "validation_chi2s": {
      "DEUTERON": 54.87031638681592,
      "NMC": 243.8221315870098,
      "NUCLEAR": 36.1593984375,
      "HERACOMB": 173.01705473856208,
      "DYE886": 25.618344393643465,
      "CDF": 259.9199741908482,
      "D0": 1132.51728515625,
      "ATLAS": 318.66958512931035,
      "CMS": 50770.79752066116,
      "LHCb": 270.6224060058594,
      "total": 5371.83154296875
    }
  },
  "2400": {
    "training_loss": 385847.625,
    "validation_loss": [
      11191666.0
    ],
    "validation_chi2s": {
      "DEUTERON": 55.59003323227612,
      "NMC": 244.4821346507353,
      "NUCLEAR": 36.87032421875,
      "HERACOMB": 172.13424223856208,
      "DYE886": 28.181324351917613,
      "CDF": 268.03147670200894,
      "D0": 1102.824609375,
      "ATLAS": 318.2999506106322,
      "CMS": 91121.84297520661,
      "LHCb": 268.5998840332031,
      "total": 9530.4765625
    }
  },
  "2500": {
    "training_loss": 379413.5,
    "validation_loss": [
      13006744.0
    ],
    "validation_chi2s": {
      "DEUTERON": 55.79030142257463,
      "NMC": 244.2896178002451,
      "NUCLEAR": 38.1446484375,
      "HERACOMB": 169.82175500408496,
      "DYE886": 31.9034423828125,
      "CDF": 277.6824428013393,
      "D0": 1120.18671875,
      "ATLAS": 315.38766163793105,
      "CMS": 106128.30578512397,
      "LHCb": 262.94830322265625,
      "total": 11076.5234375
    }
  },
  "2600": {
    "training_loss": 379770.0,
    "validation_loss": [
      11063381.0
    ],
    "validation_chi2s": {
      "DEUTERON": 54.438981848569654,
      "NMC": 242.42589613970588,
      "NUCLEAR": 38.4929375,
      "HERACOMB": 169.9108455882353,
      "DYE886": 33.27614524147727,
      "CDF": 284.9728306361607,
      "D0": 1111.97841796875,
      "ATLAS": 314.2984689295977,
      "CMS": 90071.27272727272,
      "LHCb": 262.9967041015625,
      "total": 9421.20703125
    }
  },
  "2700": {
    "training_loss": 379881.9375,
    "validation_loss": [
      8644182.0
    ],
    "validation_chi2s": {
      "DEUTERON": 52.8603418454602,
      "NMC": 240.53894761029412,
      "NUCLEAR": 39.220109375,
      "HERACOMB": 169.85264756944446,
      "DYE886": 34.73835893110795,
      "CDF": 292.07334681919644,
      "D0": 1133.9759765625,
      "ATLAS": 313.10780352011494,
      "CMS": 70079.62809917355,
      "LHCb": 262.06134033203125,
      "total": 7360.58154296875
    }
  },
  "2800": {
    "training_loss": 406909.5,
    "validation_loss": [
      201684.5625
    ],
    "validation_chi2s": {
      "DEUTERON": 69.16649661847015,
      "NMC": 240.16871553308823,
      "NUCLEAR": 38.80280859375,
      "HERACOMB": 171.0284415849673,
      "DYE886": 29.34337546608665,
      "CDF": 276.8486328125,
      "D0": 1195.91884765625,
      "ATLAS": 314.65411727729884,
      "CMS": 271.14782412190084,
      "LHCb": 268.0594482421875,
      "total": 169.39161682128906
    }
  },
  "2900": {
    "training_loss": 429198.09375,
    "validation_loss": [
      211730.46875
    ],
    "validation_chi2s": {
      "DEUTERON": 138.8447119869403,
      "NMC": 236.76288679534315,
      "NUCLEAR": 39.22627734375,
      "HERACOMB": 167.66479013480392,
      "DYE886": 31.7825234153054,
      "CDF": 287.21718052455356,
      "D0": 1224.2919921875,
      "ATLAS": 310.3026445761494,
      "CMS": 251.08953706095042,
      "LHCb": 264.1110534667969,
      "total": 177.91600036621094
    }
  },
  "3000": {
    "training_loss": 404400.125,
    "validation_loss": [
      302245.3125
    ],
    "validation_chi2s": {
      "DEUTERON": 522.7146299751244,
      "NMC": 236.69263174019608,
      "NUCLEAR": 39.61619921875,
      "HERACOMB": 168.8079554738562,
      "DYE886": 30.23195856267756,
      "CDF": 282.495361328125,
      "D0": 1275.93046875,
      "ATLAS": 311.73078304597703,
      "CMS": 352.20686983471074,
      "LHCb": 265.24224853515625,
      "total": 255.06307983398438
    }
  },
  "3100": {
    "training_loss": 404905.78125,
    "validation_loss": [
      236349.609375
    ],
    "validation_chi2s": {
      "DEUTERON": 242.94391324626866,
      "NMC": 236.55267693014707,
      "NUCLEAR": 39.79426171875,
      "HERACOMB": 167.8720894607843,
      "DYE886": 30.84737881747159,
      "CDF": 285.4116908482143,
      "D0": 1264.9501953125,
      "ATLAS": 312.110070941092,
      "CMS": 274.36947959710744,
      "LHCb": 265.6611022949219,
      "total": 198.9321746826172
    }
  },
  "3200": {
    "training_loss": 419458.25,
    "validation_loss": [
      205894.515625
    ],
    "validation_chi2s": {
      "DEUTERON": 125.9335062966418,
      "NMC": 236.16341145833334,
      "NUCLEAR": 40.40159375,
      "HERACOMB": 166.55196844362746,
      "DYE886": 32.83603182705966,
      "CDF": 290.19775390625,
      "D0": 1255.91005859375,
      "ATLAS": 309.7382139008621,
      "CMS": 223.81416257747935,
      "LHCb": 262.1551818847656,
      "total": 172.9983673095703
    }
  },
  "3300": {
    "training_loss": 423660.125,
    "validation_loss": [
      378548.8125
    ],
    "validation_chi2s": {
      "DEUTERON": 172.53721626243782,
      "NMC": 226.1968443627451,
      "NUCLEAR": 39.52778515625,
      "HERACOMB": 187.20548662173204,
      "DYE886": 26.938290682705965,
      "CDF": 279.5551234654018,
      "D0": 1341.93544921875,
      "ATLAS": 322.1836835488506,
      "CMS": 1501.122804752066,
      "LHCb": 280.2356262207031,
      "total": 320.2854309082031
    }
  },
  "3400": {
    "training_loss": 379203.59375,
    "validation_loss": [
      472373.65625
    ],
    "validation_chi2s": {
      "DEUTERON": 72.61887340640547,
      "NMC": 234.50714231004903,
      "NUCLEAR": 40.7795859375,
      "HERACOMB": 171.3175040849673,
      "DYE886": 31.46783447265625,
      "CDF": 278.6304931640625,
      "D0": 1301.61787109375,
      "ATLAS": 309.64893139367814,
      "CMS": 2499.846849173554,
      "LHCb": 265.0883483886719,
      "total": 400.0650634765625
    }
  },
  "3500": {
    "training_loss": 394415.4375,
    "validation_loss": [
      213162.828125
    ],
    "validation_chi2s": {
      "DEUTERON": 80.3661429182214,
      "NMC": 234.2204350490196,
      "NUCLEAR": 40.7095625,
      "HERACOMB": 166.796875,
      "DYE886": 32.28623546253551,
      "CDF": 286.1681431361607,
      "D0": 1311.0529296875,
      "ATLAS": 309.87064475574715,
      "CMS": 355.15595945247935,
      "LHCb": 261.87908935546875,
      "total": 179.2261962890625
    }
  },
  "3600": {
    "training_loss": 413853.875,
    "validation_loss": [
      195220.8125
    ],
    "validation_chi2s": {
      "DEUTERON": 78.40497706778606,
      "NMC": 234.32301240808823,
      "NUCLEAR": 41.3361484375,
      "HERACOMB": 166.0770782271242,
      "DYE886": 34.76422674005682,
      "CDF": 291.17421177455356,
      "D0": 1262.92431640625,
      "ATLAS": 308.2179418103448,
      "CMS": 217.31642239152893,
      "LHCb": 258.9515380859375,
      "total": 163.9756622314453
    }
  },
  "3700": {
    "training_loss": 382935.875,
    "validation_loss": [
      1009291.9375
    ],
    "validation_chi2s": {
      "DEUTERON": 80.60772310323384,
      "NMC": 232.27303538602942,
      "NUCLEAR": 42.80646484375,
      "HERACOMB": 163.28169679330065,
      "DYE886": 41.1851279518821,
      "CDF": 302.1874302455357,
      "D0": 1307.78095703125,
      "ATLAS": 306.4381061422414,
      "CMS": 6945.895144628099,
      "LHCb": 250.0618133544922,
      "total": 857.40087890625
    }
  },
  "3800": {
    "training_loss": 381977.9375,
    "validation_loss": [
      625480.5625
    ],
    "validation_chi2s": {
      "DEUTERON": 79.8143851057214,
      "NMC": 232.02550551470588,
      "NUCLEAR": 43.3321796875,
      "HERACOMB": 157.50271905637254,
      "DYE886": 42.39589344371449,
      "CDF": 303.30775669642856,
      "D0": 1328.61201171875,
      "ATLAS": 305.6944818606322,
      "CMS": 3789.1477272727275,
      "LHCb": 247.57394409179688,
      "total": 530.5339965820312
    }
  },
  "3900": {
    "training_loss": 387678.0625,
    "validation_loss": [
      28446544.0
    ],
    "validation_chi2s": {
      "DEUTERON": 5603.75435323383,
      "NMC": 230.28871783088235,
      "NUCLEAR": 42.36266015625,
      "HERACOMB": 159.88624642565358,
      "DYE886": 42.14869273792613,
      "CDF": 302.632080078125,
      "D0": 1241.58583984375,
      "ATLAS": 304.8565463362069,
      "CMS": 224545.04132231406,
      "LHCb": 249.9093475341797,
      "total": 24228.33984375
    }
  },
  "4000": {
    "training_loss": 380441.65625,
    "validation_loss": [
      3264815.25
    ],
    "validation_chi2s": {
      "DEUTERON": 68.14709168998756,
      "NMC": 229.19330193014707,
      "NUCLEAR": 44.32557421875,
      "HERACOMB": 153.02420343137254,
      "DYE886": 44.79103781960227,
      "CDF": 307.9669712611607,
      "D0": 1356.11591796875,
      "ATLAS": 304.57471264367814,
      "CMS": 25632.415289256198,
      "LHCb": 244.6237335205078,
      "total": 2778.825927734375
    }
  },
  "4100": {
    "training_loss": 640846.5,
    "validation_loss": [
      260448.0625
    ],
    "validation_chi2s": {
      "DEUTERON": 47.42419737251244,
      "NMC": 221.8356694240196,
      "NUCLEAR": 64.1658515625,
      "HERACOMB": 296.5188929738562,
      "DYE886": 53.34123091264205,
      "CDF": 314.0691615513393,
      "D0": 2906.5712890625,
      "ATLAS": 403.84285201149424,
      "CMS": 157.19444085743802,
      "LHCb": 292.17779541015625,
      "total": 220.3566436767578
    }
  },
  "4200": {
    "training_loss": 410647.9375,
    "validation_loss": [
      30666020.0
    ],
    "validation_chi2s": {
      "DEUTERON": 55.82099269278607,
      "NMC": 231.78592218137254,
      "NUCLEAR": 42.99692578125,
      "HERACOMB": 170.5901628880719,
      "DYE886": 40.20862371271307,
      "CDF": 306.8534458705357,
      "D0": 1410.0984375,
      "ATLAS": 304.02125987787355,
      "CMS": 252059.5041322314,
      "LHCb": 259.9642028808594,
      "total": 26118.859375
    }
  },
  "4300": {
    "training_loss": 405376.78125,
    "validation_loss": [
      1068451.875
    ],
    "validation_chi2s": {
      "DEUTERON": 2087.049751243781,
      "NMC": 236.3166743259804,
      "NUCLEAR": 41.74380859375,
      "HERACOMB": 171.97685610702615,
      "DYE886": 34.694238836115055,
      "CDF": 285.88528878348217,
      "D0": 1412.833984375,
      "ATLAS": 307.5566855244253,
      "CMS": 4071.74819214876,
      "LHCb": 260.3448181152344,
      "total": 908.0325927734375
    }
  },
  "4400": {
    "training_loss": 411462.28125,
    "validation_loss": [
      594184.25
    ],
    "validation_chi2s": {
      "DEUTERON": 52.348501632462686,
      "NMC": 228.01472503063727,
      "NUCLEAR": 37.16631640625,
      "HERACOMB": 171.62485957924838,
      "DYE886": 33.38072620738637,
      "CDF": 280.71139090401783,
      "D0": 1773.1380859375,
      "ATLAS": 308.2734375,
      "CMS": 3515.411415289256,
      "LHCb": 262.03106689453125,
      "total": 504.0712890625
    }
  },
  "4500": {
    "training_loss": 925734.25,
    "validation_loss": [
      4912027.5
    ],
    "validation_chi2s": {
      "DEUTERON": 52.70552996735075,
      "NMC": 226.94299555759804,
      "NUCLEAR": 31.195671875,
      "HERACOMB": 166.45648233251634,
      "DYE886": 33.06774070046165,
      "CDF": 285.31966727120533,
      "D0": 1984.77109375,
      "ATLAS": 297.12663882902297,
      "CMS": 39198.9173553719,
      "LHCb": 353.4277038574219,
      "total": 4181.90234375
    }
  },
  "4600": {
    "training_loss": 397576.46875,
    "validation_loss": [
      247113.21875
    ],
    "validation_chi2s": {
      "DEUTERON": 47.336598258706466,
      "NMC": 232.4972234987745,
      "NUCLEAR": 38.4246953125,
      "HERACOMB": 170.3615962009804,
      "DYE886": 25.844948508522727,
      "CDF": 258.6988525390625,
      "D0": 1728.3357421875,
      "ATLAS": 306.7903645833333,
      "CMS": 662.8353564049587,
      "LHCb": 262.21075439453125,
      "total": 208.47276306152344
    }
  },
  "4700": {
    "training_loss": 403424.125,
    "validation_loss": [
      190702.5
    ],
    "validation_chi2s": {
      "DEUTERON": 46.94733364427861,
      "NMC": 232.12796798406862,
      "NUCLEAR": 39.5436015625,
      "HERACOMB": 170.45390369689542,
      "DYE886": 27.29774336381392,
      "CDF": 263.88427734375,
      "D0": 1764.709765625,
      "ATLAS": 305.34134788074715,
      "CMS": 194.77032218491735,
      "LHCb": 258.6353759765625,
      "total": 160.46633911132812
    }
  },
  "4800": {
    "training_loss": 412565.875,
    "validation_loss": [
      334186.6875
    ],
    "validation_chi2s": {
      "DEUTERON": 273.19678949004975,
      "NMC": 227.40854779411765,
      "NUCLEAR": 40.9470234375,
      "HERACOMB": 175.47716247957516,
      "DYE886": 36.17138949307528,
      "CDF": 287.61117117745533,
      "D0": 1791.533984375,
      "ATLAS": 307.41428699712645,
      "CMS": 982.1386880165289,
      "LHCb": 262.87811279296875,
      "total": 282.7159423828125
    }
  },
  "4900": {
    "training_loss": 391940.125,
    "validation_loss": [
      3305829.25
    ],
    "validation_chi2s": {
      "DEUTERON": 47.48785855876866,
      "NMC": 232.9081839767157,
      "NUCLEAR": 40.80987109375,
      "HERACOMB": 168.7912837009804,
      "DYE886": 30.5643837668679,
      "CDF": 273.0864955357143,
      "D0": 1792.85390625,
      "ATLAS": 302.998046875,
      "CMS": 25940.778925619834,
      "LHCb": 257.610107421875,
      "total": 2813.959228515625
    }
  },
  "5000": {
    "training_loss": 387773.84375,
    "validation_loss": [
      25734550.0
    ],
    "validation_chi2s": {
      "DEUTERON": 47.56340854322139,
      "NMC": 232.11808746936273,
      "NUCLEAR": 41.762484375,
      "HERACOMB": 167.64878216911765,
      "DYE886": 32.29115156693892,
      "CDF": 275.5895298549107,
      "D0": 2014.6525390625,
      "ATLAS": 301.5261763649425,
      "CMS": 211287.40495867768,
      "LHCb": 256.13079833984375,
      "total": 21918.5390625
    }
  },
  "5100": {
    "training_loss": 466430.8125,
    "validation_loss": [
      222290.15625
    ],
    "validation_chi2s": {
      "DEUTERON": 48.05908931902985,
      "NMC": 223.75635723039215,
      "NUCLEAR": 39.43128125,
      "HERACOMB": 182.2648207720588,
      "DYE886": 29.74947842684659,
      "CDF": 295.10372488839283,
      "D0": 1664.721875,
      "ATLAS": 311.7870869252874,
      "CMS": 391.9137073863636,
      "LHCb": 362.4460144042969,
      "total": 186.831787109375
    }
  },
  "5200": {
    "training_loss": 392441.4375,
    "validation_loss": [
      3350766.0
    ],
    "validation_chi2s": {
      "DEUTERON": 47.49719663401741,
      "NMC": 233.27795649509804,
      "NUCLEAR": 41.535171875,
      "HERACOMB": 167.75625510620915,
      "DYE886": 31.73776522549716,
      "CDF": 274.08339146205356,
      "D0": 1853.436328125,
      "ATLAS": 302.07195132902297,
      "CMS": 26311.243801652894,
      "LHCb": 255.16009521484375,
      "total": 2852.3837890625
    }
  },
  "5300": {
    "training_loss": 2366592.0,
    "validation_loss": [
      225382.453125
    ],
    "validation_chi2s": {
      "DEUTERON": 41.51846723414179,
      "NMC": 210.6252680759804,
      "NUCLEAR": 51.98634375,
      "HERACOMB": 192.54912173202615,
      "DYE886": 1167.7956321022727,
      "CDF": 674.1755022321429,
      "D0": 1644.0640625,
      "ATLAS": 262.2752559267241,
      "CMS": 250.6200284090909,
      "LHCb": 280.8286437988281,
      "total": 189.78067016601562
    }
  },
  "5400": {
    "training_loss": 414463.0,
    "validation_loss": [
      161782.5
    ],
    "validation_chi2s": {
      "DEUTERON": 54.3427734375,
      "NMC": 212.8522518382353,
      "NUCLEAR": 25.7305703125,
      "HERACOMB": 137.88879953022877,
      "DYE886": 42.95934503728693,
      "CDF": 205.01714215959822,
      "D0": 1509.426953125,
      "ATLAS": 254.2379220545977,
      "CMS": 163.8939017303719,
      "LHCb": 258.5658874511719,
      "total": 136.4754180908203
    }
  },
  "5500": {
    "training_loss": 358928.1875,
    "validation_loss": [
      157176.25
    ],
    "validation_chi2s": {
      "DEUTERON": 46.92521280317164,
      "NMC": 222.7384535845588,
      "NUCLEAR": 26.961615234375,
      "HERACOMB": 146.11367698120915,
      "DYE886": 30.97713678533381,
      "CDF": 202.53180803571428,
      "D0": 1278.97880859375,
      "ATLAS": 251.70359644396552,
      "CMS": 113.59906863378099,
      "LHCb": 345.6354064941406,
      "total": 132.6525421142578
    }
  },
  "5600": {
    "training_loss": 354492.1875,
    "validation_loss": [
      153787.453125
    ],
    "validation_chi2s": {
      "DEUTERON": 46.23213522232587,
      "NMC": 220.49751072303923,
      "NUCLEAR": 27.50644921875,
      "HERACOMB": 146.45336754493465,
      "DYE886": 34.25705788352273,
      "CDF": 229.45957728794642,
      "D0": 1093.25419921875,
      "ATLAS": 246.46450700431035,
      "CMS": 101.72532767303719,
      "LHCb": 362.9067687988281,
      "total": 129.75161743164062
    }
  },
  "5700": {
    "training_loss": 343701.6875,
    "validation_loss": [
      152031.96875
    ],
    "validation_chi2s": {
      "DEUTERON": 45.34413868159204,
      "NMC": 217.60680912990196,
      "NUCLEAR": 27.502650390625,
      "HERACOMB": 144.64482485702615,
      "DYE886": 35.73222767223012,
      "CDF": 245.52394321986608,
      "D0": 1113.459375,
      "ATLAS": 240.97011943247125,
      "CMS": 95.65278764204545,
      "LHCb": 378.4655456542969,
      "total": 128.2812042236328
    }
  },
  "5800": {
    "training_loss": 339528.71875,
    "validation_loss": [
      150480.953125
    ],
    "validation_chi2s": {
      "DEUTERON": 44.65181902985075,
      "NMC": 216.0641850490196,
      "NUCLEAR": 27.908873046875,
      "HERACOMB": 144.12207669526143,
      "DYE886": 38.24614368785512,
      "CDF": 259.85958426339283,
      "D0": 1049.88330078125,
      "ATLAS": 236.76174119971265,
      "CMS": 92.69981598657024,
      "LHCb": 389.0730285644531,
      "total": 126.99803161621094
    }
  },
  "5900": {
    "training_loss": 335172.0625,
    "validation_loss": [
      149020.5625
    ],
    "validation_chi2s": {
      "DEUTERON": 43.96176344838308,
      "NMC": 214.4412722120098,
      "NUCLEAR": 28.29066796875,
      "HERACOMB": 143.81423611111111,
      "DYE886": 38.88765092329545,
      "CDF": 267.053955078125,
      "D0": 1024.09638671875,
      "ATLAS": 232.52521102729884,
      "CMS": 90.43402150051652,
      "LHCb": 390.24267578125,
      "total": 125.816162109375
    }
  },
  "6000": {
    "training_loss": 328924.5625,
    "validation_loss": [
      147390.0625
    ],
    "validation_chi2s": {
      "DEUTERON": 43.32884891946517,
      "NMC": 212.73152190563727,
      "NUCLEAR": 28.50691796875,
      "HERACOMB": 142.20103145424838,
      "DYE886": 37.25774869051847,
      "CDF": 269.2483607700893,
      "D0": 1052.42001953125,
      "ATLAS": 229.26290858477012,
      "CMS": 88.90671810433884,
      "LHCb": 377.3041076660156,
      "total": 124.48932647705078
    }
  },
  "6100": {
    "training_loss": 328708.21875,
    "validation_loss": [
      143952.515625
    ],
    "validation_chi2s": {
      "DEUTERON": 42.90799906716418,
      "NMC": 212.59147135416666,
      "NUCLEAR": 31.293501953125,
      "HERACOMB": 141.0557981004902,
      "DYE886": 38.24544178355824,
      "CDF": 273.89414760044644,
      "D0": 898.0642578125,
      "ATLAS": 228.38530441810346,
      "CMS": 92.0108067536157,
      "LHCb": 301.8775634765625,
      "total": 121.5714340209961
    }
  },
  "6200": {
    "training_loss": 336886.375,
    "validation_loss": [
      141749.125
    ],
    "validation_chi2s": {
      "DEUTERON": 54.65389361784826,
      "NMC": 199.45528875612746,
      "NUCLEAR": 31.72176171875,
      "HERACOMB": 131.681436376634,
      "DYE886": 72.48571222478694,
      "CDF": 314.9952915736607,
      "D0": 997.394140625,
      "ATLAS": 212.0866558908046,
      "CMS": 89.01112958419421,
      "LHCb": 301.61761474609375,
      "total": 119.66046905517578
    }
  },
  "6300": {
    "training_loss": 320853.96875,
    "validation_loss": [
      130706.1171875
    ],
    "validation_chi2s": {
      "DEUTERON": 46.28270269745025,
      "NMC": 161.11194087009804,
      "NUCLEAR": 29.01421484375,
      "HERACOMB": 114.0604958129085,
      "DYE886": 51.97648481889205,
      "CDF": 315.91720145089283,
      "D0": 1587.26435546875,
      "ATLAS": 182.58966415229884,
      "CMS": 81.6272356017562,
      "LHCb": 283.49609375,
      "total": 110.4110107421875
    }
  },
  "6400": {
    "training_loss": 305326.96875,
    "validation_loss": [
      133292.140625
    ],
    "validation_chi2s": {
      "DEUTERON": 41.93006160603234,
      "NMC": 160.07198797487746,
      "NUCLEAR": 29.60551953125,
      "HERACOMB": 112.36292381535948,
      "DYE886": 55.0339189009233,
      "CDF": 330.10452706473217,
      "D0": 2000.4265625,
      "ATLAS": 180.49720501077587,
      "CMS": 83.5350916838843,
      "LHCb": 274.4231872558594,
      "total": 112.60442352294922
    }
  },
  "6500": {
    "training_loss": 315342.875,
    "validation_loss": [
      134241.296875
    ],
    "validation_chi2s": {
      "DEUTERON": 65.74433496579601,
      "NMC": 149.8099054074755,
      "NUCLEAR": 30.1116796875,
      "HERACOMB": 109.32504850898692,
      "DYE886": 66.09156383167614,
      "CDF": 368.9146205357143,
      "D0": 1846.5984375,
      "ATLAS": 170.6323522808908,
      "CMS": 84.45518304493801,
      "LHCb": 278.11614990234375,
      "total": 113.41356658935547
    }
  },
  "6600": {
    "training_loss": 448156.0,
    "validation_loss": [
      147039.71875
    ],
    "validation_chi2s": {
      "DEUTERON": 62.59855507618159,
      "NMC": 164.23768765318627,
      "NUCLEAR": 29.229474609375,
      "HERACOMB": 123.99243004493464,
      "DYE886": 54.18008145419034,
      "CDF": 387.97133091517856,
      "D0": 2285.636328125,
      "ATLAS": 186.47932381465517,
      "CMS": 89.06735052944215,
      "LHCb": 304.49786376953125,
      "total": 124.31014251708984
    }
  },
  "6700": {
    "training_loss": 295729.84375,
    "validation_loss": [
      182393.984375
    ],
    "validation_chi2s": {
      "DEUTERON": 195.17587842039802,
      "NMC": 163.14361213235293,
      "NUCLEAR": 27.751208984375,
      "HERACOMB": 111.54747497957516,
      "DYE886": 63.17876642400568,
      "CDF": 351.199462890625,
      "D0": 3645.2859375,
      "ATLAS": 178.29978223778735,
      "CMS": 87.57634943181819,
      "LHCb": 336.3305969238281,
      "total": 154.43496704101562
    }
  },
  "6800": {
    "training_loss": 314139.59375,
    "validation_loss": [
      133577.34375
    ],
    "validation_chi2s": {
      "DEUTERON": 37.72180115049751,
      "NMC": 159.25183823529412,
      "NUCLEAR": 29.51930859375,
      "HERACOMB": 111.82486979166667,
      "DYE886": 50.27545720880682,
      "CDF": 338.10110909598217,
      "D0": 2197.7341796875,
      "ATLAS": 175.58771102729884,
      "CMS": 85.95992058367769,
      "LHCb": 276.0655822753906,
      "total": 112.8958969116211
    }
  },
  "6900": {
    "training_loss": 301804.8125,
    "validation_loss": [
      133765.421875
    ],
    "validation_chi2s": {
      "DEUTERON": 34.56771805037314,
      "NMC": 164.00924862132354,
      "NUCLEAR": 29.088076171875,
      "HERACOMB": 113.52218647875817,
      "DYE886": 42.496490478515625,
      "CDF": 320.70957728794644,
      "D0": 2232.29375,
      "ATLAS": 180.05264457614942,
      "CMS": 86.35404022469008,
      "LHCb": 254.55230712890625,
      "total": 113.07401275634766
    }
  },
  "7000": {
    "training_loss": 558116.34375,
    "validation_loss": [
      169804.40625
    ],
    "validation_chi2s": {
      "DEUTERON": 32.84979399875622,
      "NMC": 140.37987323835785,
      "NUCLEAR": 27.67260546875,
      "HERACOMB": 105.92717269199346,
      "DYE886": 71.18223987926136,
      "CDF": 431.8612583705357,
      "D0": 6049.47890625,
      "ATLAS": 164.3768970007184,
      "CMS": 108.11750225981405,
      "LHCb": 277.8570251464844,
      "total": 143.7419891357422
    }
  },
  "7100": {
    "training_loss": 1036414.0,
    "validation_loss": [
      66693936.0
    ],
    "validation_chi2s": {
      "DEUTERON": 330860.05970149254,
      "NMC": 86.30110677083333,
      "NUCLEAR": 31.667333984375,
      "HERACOMB": 80.98902803308823,
      "DYE886": 110.55833851207386,
      "CDF": 529.1353585379464,
      "D0": 10803.896875,
      "ATLAS": 128.1782507183908,
      "CMS": 97.01363959194215,
      "LHCb": 142.28749084472656,
      "total": 56808.12890625
    }
  },
  "7200": {
    "training_loss": 302080.0,
    "validation_loss": [
      131797.5
    ],
    "validation_chi2s": {
      "DEUTERON": 35.98910962764303,
      "NMC": 167.44492953431373,
      "NUCLEAR": 28.4038515625,
      "HERACOMB": 104.56880616830065,
      "DYE886": 57.94096790660512,
      "CDF": 345.8073032924107,
      "D0": 1717.962109375,
      "ATLAS": 184.9065081716954,
      "CMS": 113.22185724431819,
      "LHCb": 287.7978515625,
      "total": 111.4400405883789
    }
  },
  "7300": {
    "training_loss": 297068.3125,
    "validation_loss": [
      143503.6875
    ],
    "validation_chi2s": {
      "DEUTERON": 52.6396387204602,
      "NMC": 163.1682559742647,
      "NUCLEAR": 26.469865234375,
      "HERACOMB": 110.10823886846406,
      "DYE886": 62.7311845259233,
      "CDF": 325.77089146205356,
      "D0": 2642.5140625,
      "ATLAS": 173.2082659841954,
      "CMS": 101.35769628099173,
      "LHCb": 338.0837097167969,
      "total": 121.39654541015625
    }
  },
  "7400": {
    "training_loss": 299668.65625,
    "validation_loss": [
      165723.546875
    ],
    "validation_chi2s": {
      "DEUTERON": 54.41075870646766,
      "NMC": 160.3886527267157,
      "NUCLEAR": 25.461755859375,
      "HERACOMB": 110.61130259395425,
      "DYE886": 51.2708573774858,
      "CDF": 324.0706263950893,
      "D0": 4937.612890625,
      "ATLAS": 171.65181618175288,
      "CMS": 99.85942342458678,
      "LHCb": 334.8871765136719,
      "total": 140.34776306152344
    }
  },
  "7500": {
    "training_loss": 299337.03125,
    "validation_loss": [
      149638.3125
    ],
    "validation_chi2s": {
      "DEUTERON": 38.54814793221393,
      "NMC": 161.65699678308823,
      "NUCLEAR": 26.5947890625,
      "HERACOMB": 109.76210171568627,
      "DYE886": 47.38239080255682,
      "CDF": 314.36122349330356,
      "D0": 3827.2625,
      "ATLAS": 171.966482579023,
      "CMS": 96.77150051652893,
      "LHCb": 291.499755859375,
      "total": 126.66413116455078
    }
  },
  "7600": {
    "training_loss": 301836.25,
    "validation_loss": [
      436772.75
    ],
    "validation_chi2s": {
      "DEUTERON": 844.0050528606965,
      "NMC": 137.93279909620097,
      "NUCLEAR": 27.8517109375,
      "HERACOMB": 101.41689644607843,
      "DYE886": 67.28548362038352,
      "CDF": 383.81787109375,
      "D0": 16752.246875,
      "ATLAS": 154.94355019755747,
      "CMS": 109.84499289772727,
      "LHCb": 287.9754638671875,
      "total": 371.2369689941406
    }
  },
  "7700": {
    "training_loss": 314034.28125,
    "validation_loss": [
      133254.03125
    ],
    "validation_chi2s": {
      "DEUTERON": 34.399355760261194,
      "NMC": 157.69771560968138,
      "NUCLEAR": 31.909703125,
      "HERACOMB": 112.10526450163398,
      "DYE886": 56.09540904651988,
      "CDF": 370.86404854910717,
      "D0": 1935.5123046875,
      "ATLAS": 174.23834859913794,
      "CMS": 117.2797084839876,
      "LHCb": 229.63803100585938,
      "total": 112.67504119873047
    }
  },
  "7800": {
    "training_loss": 300333.5,
    "validation_loss": [
      1229468.125
    ],
    "validation_chi2s": {
      "DEUTERON": 145.46886660447763,
      "NMC": 136.9954044117647,
      "NUCLEAR": 28.64402734375,
      "HERACOMB": 99.6212788500817,
      "DYE886": 59.83608731356534,
      "CDF": 399.8682338169643,
      "D0": 110127.9,
      "ATLAS": 153.45109330100576,
      "CMS": 106.92721784607438,
      "LHCb": 301.1036071777344,
      "total": 1046.456298828125
    }
  },
  "7900": {
    "training_loss": 2359296.0,
    "validation_loss": [
      62050652.0
    ],
    "validation_chi2s": {
      "DEUTERON": 32.93428608908582,
      "NMC": 143.7401673560049,
      "NUCLEAR": 27.1724921875,
      "HERACOMB": 93.36334507761438,
      "DYE886": 55.00027743252841,
      "CDF": 301.39219447544644,
      "D0": 6194891.2,
      "ATLAS": 159.39300466954023,
      "CMS": 100.26984600981405,
      "LHCb": 261.5851135253906,
      "total": 52853.30859375
    }
  },
  "8000": {
    "training_loss": 329892.21875,
    "validation_loss": [
      191923.8125
    ],
    "validation_chi2s": {
      "DEUTERON": 175.53173585199005,
      "NMC": 161.12432981004903,
      "NUCLEAR": 27.838326171875,
      "HERACOMB": 107.30861928104575,
      "DYE886": 37.221044367009945,
      "CDF": 282.24525669642856,
      "D0": 5667.276953125,
      "ATLAS": 170.61890490301724,
      "CMS": 92.95056656766529,
      "LHCb": 230.28407287597656,
      "total": 162.74818420410156
    }
  },
  "8100": {
    "training_loss": 302732.0625,
    "validation_loss": [
      344768.09375
    ],
    "validation_chi2s": {
      "DEUTERON": 35.11711705146144,
      "NMC": 149.55868949142157,
      "NUCLEAR": 26.566701171875,
      "HERACOMB": 101.45567810457516,
      "DYE886": 62.25301291725852,
      "CDF": 284.32334681919644,
      "D0": 23529.934375,
      "ATLAS": 161.2417721803161,
      "CMS": 123.33755165289256,
      "LHCb": 309.67730712890625,
      "total": 292.9488220214844
    }
  },
  "8200": {
    "training_loss": 747844.75,
    "validation_loss": [
      252314.59375
    ],
    "validation_chi2s": {
      "DEUTERON": 26.745972287002488,
      "NMC": 107.77375344669117,
      "NUCLEAR": 32.73490234375,
      "HERACOMB": 86.21760748570262,
      "DYE886": 107.15721546519886,
      "CDF": 416.40492466517856,
      "D0": 15670.778125,
      "ATLAS": 130.63138694324712,
      "CMS": 131.39858277376032,
      "LHCb": 166.65164184570312,
      "total": 214.123291015625
    }
  },
  "8300": {
    "training_loss": 300350.8125,
    "validation_loss": [
      36682404.0
    ],
    "validation_chi2s": {
      "DEUTERON": 180617.17412935322,
      "NMC": 144.3381108302696,
      "NUCLEAR": 29.415447265625,
      "HERACOMB": 94.61948529411765,
      "DYE886": 47.42617520419034,
      "CDF": 290.7643519810268,
      "D0": 28344.55,
      "ATLAS": 155.43674793462642,
      "CMS": 115.54226659349173,
      "LHCb": 196.50570678710938,
      "total": 31244.93359375
    }
  },
  "8400": {
    "training_loss": 318697.5625,
    "validation_loss": [
      132420.75
    ],
    "validation_chi2s": {
      "DEUTERON": 60.08567028140547,
      "NMC": 151.5147154564951,
      "NUCLEAR": 28.167890625,
      "HERACOMB": 95.3090469260621,
      "DYE886": 28.776539195667613,
      "CDF": 253.53846958705358,
      "D0": 2682.296875,
      "ATLAS": 162.78174389367817,
      "CMS": 100.68439275568181,
      "LHCb": 183.4068603515625,
      "total": 112.11046600341797
    }
  },
  "8500": {
    "training_loss": 310831.84375,
    "validation_loss": [
      195878.09375
    ],
    "validation_chi2s": {
      "DEUTERON": 77.9257618159204,
      "NMC": 144.55870863970588,
      "NUCLEAR": 27.221302734375,
      "HERACOMB": 91.81469566993464,
      "DYE886": 43.35292746803977,
      "CDF": 295.2133091517857,
      "D0": 8509.79609375,
      "ATLAS": 160.05943561422413,
      "CMS": 121.89194053460744,
      "LHCb": 200.5897674560547,
      "total": 166.1605987548828
    }
  },
  "8600": {
    "training_loss": 1092809.5625,
    "validation_loss": [
      444299.875
    ],
    "validation_chi2s": {
      "DEUTERON": 33.085172283115675,
      "NMC": 130.33362055759804,
      "NUCLEAR": 27.254529296875,
      "HERACOMB": 80.55391518586602,
      "DYE886": 59.93025346235795,
      "CDF": 325.78819056919644,
      "D0": 34530.10625,
      "ATLAS": 150.83329965876436,
      "CMS": 137.2396048553719,
      "LHCb": 217.32650756835938,
      "total": 377.7391357421875
    }
  },
  "8700": {
    "training_loss": 309711.3125,
    "validation_loss": [
      539986.1875
    ],
    "validation_chi2s": {
      "DEUTERON": 93.20030705845771,
      "NMC": 123.22819967830883,
      "NUCLEAR": 27.503287109375,
      "HERACOMB": 72.62635314542484,
      "DYE886": 83.87086070667614,
      "CDF": 311.1427525111607,
      "D0": 43070.628125,
      "ATLAS": 145.38576463721265,
      "CMS": 152.88534672004133,
      "LHCb": 203.34974670410156,
      "total": 459.24212646484375
    }
  },
  "8800": {
    "training_loss": 310706.4375,
    "validation_loss": [
      590392.1875
    ],
    "validation_chi2s": {
      "DEUTERON": 704.421097636816,
      "NMC": 134.7101811427696,
      "NUCLEAR": 26.72580859375,
      "HERACOMB": 82.63288909313725,
      "DYE886": 59.01108620383523,
      "CDF": 274.88792201450894,
      "D0": 35618.7,
      "ATLAS": 151.85250538793105,
      "CMS": 134.1592442536157,
      "LHCb": 222.6851806640625,
      "total": 502.22906494140625
    }
  },
  "8900": {
    "training_loss": 505472.75,
    "validation_loss": [
      228497.28125
    ],
    "validation_chi2s": {
      "DEUTERON": 209.71496035447763,
      "NMC": 116.81167662377452,
      "NUCLEAR": 27.548712890625,
      "HERACOMB": 60.33101000816993,
      "DYE886": 69.56451970880681,
      "CDF": 253.42783900669642,
      "D0": 10389.4265625,
      "ATLAS": 146.0932897808908,
      "CMS": 143.6366541838843,
      "LHCb": 132.430419921875,
      "total": 193.9482879638672
    }
  },
  "9000": {
    "training_loss": 321725.1875,
    "validation_loss": [
      254823.296875
    ],
    "validation_chi2s": {
      "DEUTERON": 45.267111707089555,
      "NMC": 129.20662913602942,
      "NUCLEAR": 26.282072265625,
      "HERACOMB": 70.75645935457516,
      "DYE886": 38.53919566761363,
      "CDF": 249.08830915178572,
      "D0": 15898.684375,
      "ATLAS": 156.082693516523,
      "CMS": 133.17808948863637,
      "LHCb": 164.1344451904297,
      "total": 216.3660888671875
    }
  },
  "9100": {
    "training_loss": 1054068.5,
    "validation_loss": [
      1912029.75
    ],
    "validation_chi2s": {
      "DEUTERON": 28.026789878731343,
      "NMC": 114.63622089460785,
      "NUCLEAR": 27.435578125,
      "HERACOMB": 60.9397403492647,
      "DYE886": 86.40911865234375,
      "CDF": 288.9165562220982,
      "D0": 181254.775,
      "ATLAS": 151.84315508261494,
      "CMS": 199.07764075413223,
      "LHCb": 225.79083251953125,
      "total": 1627.9317626953125
    }
  },
  "9200": {
    "training_loss": 406920.8125,
    "validation_loss": [
      120544.921875
    ],
    "validation_chi2s": {
      "DEUTERON": 29.68554930425995,
      "NMC": 119.29925896139706,
      "NUCLEAR": 27.252513671875,
      "HERACOMB": 71.11449397467321,
      "DYE886": 36.66553844105113,
      "CDF": 266.0798863002232,
      "D0": 2182.2818359375,
      "ATLAS": 157.12908584770116,
      "CMS": 181.77970041322314,
      "LHCb": 166.63587951660156,
      "total": 102.03185272216797
    }
  },
  "9300": {
    "training_loss": 60260941.375,
    "validation_loss": [
      356908.3125
    ],
    "validation_chi2s": {
      "DEUTERON": 45.01829232742537,
      "NMC": 142.06331380208334,
      "NUCLEAR": 23.474921875,
      "HERACOMB": 91.56032347834967,
      "DYE886": 15.773273814808238,
      "CDF": 244.28510393415178,
      "D0": 24610.2609375,
      "ATLAS": 207.20712104885058,
      "CMS": 98.36087616219008,
      "LHCb": 193.8174285888672,
      "total": 300.2534484863281
    }
  },
  "9400": {
    "training_loss": 435591.875,
    "validation_loss": [
      173890.75
    ],
    "validation_chi2s": {
      "DEUTERON": 268.74160447761193,
      "NMC": 123.31701899509804,
      "NUCLEAR": 25.800818359375,
      "HERACOMB": 73.44754008374183,
      "DYE886": 56.36093971946023,
      "CDF": 268.51670619419644,
      "D0": 1755.3794921875,
      "ATLAS": 160.73484644396552,
      "CMS": 234.15760588842974,
      "LHCb": 215.02305603027344,
      "total": 147.43304443359375
    }
  },
  "9500": {
    "training_loss": 113808.0,
    "validation_loss": [
      29530.375
    ],
    "validation_chi2s": {
      "DEUTERON": 15.07223040073072,
      "NMC": 20.031387628293505,
      "NUCLEAR": 9.947421875,
      "HERACOMB": 24.573414522058822,
      "DYE886": 48.65263227982955,
      "CDF": 32.58348519461496,
      "D0": 71.44127807617187,
      "ATLAS": 46.15282641882184,
      "CMS": 18.35561805914256,
      "LHCb": 94.1799087524414,
      "total": 24.987796783447266
    }
  },
  "9600": {
    "training_loss": 48670.2109375,
    "validation_loss": [
      13808.171875
    ],
    "validation_chi2s": {
      "DEUTERON": 11.58295315415112,
      "NMC": 4.628458958046109,
      "NUCLEAR": 4.56246484375,
      "HERACOMB": 8.331396165236928,
      "DYE886": 28.73867242986506,
      "CDF": 8.954939705984932,
      "D0": 19.348301696777344,
      "ATLAS": 18.866998080549568,
      "CMS": 9.90716098753874,
      "LHCb": 67.83677673339844,
      "total": 11.750484466552734
    }
  },
  "9700": {
    "training_loss": 12808.734375,
    "validation_loss": [
      5200.9189453125
    ],
    "validation_chi2s": {
      "DEUTERON": 4.743621978000622,
      "NMC": 3.3157465317670036,
      "NUCLEAR": 3.02034619140625,
      "HERACOMB": 3.3635660807291665,
      "DYE886": 3.658895665949041,
      "CDF": 3.1002649579729353,
      "D0": 8.312222290039063,
      "ATLAS": 5.889554429328305,
      "CMS": 6.560550910382231,
      "LHCb": 9.015439987182617,
      "total": 4.428731918334961
    }
  },
  "9800": {
    "training_loss": 11853.0927734375,
    "validation_loss": [
      4622.63623046875
    ],
    "validation_chi2s": {
      "DEUTERON": 3.790817336656561,
      "NMC": 3.3866604075712314,
      "NUCLEAR": 3.011245849609375,
      "HERACOMB": 3.1261403202231413,
      "DYE886": 4.634075164794922,
      "CDF": 1.7049966539655412,
      "D0": 6.248664855957031,
      "ATLAS": 5.009313122979526,
      "CMS": 5.789682435595299,
      "LHCb": 7.172929286956787,
      "total": 3.937105417251587
    }
  },
  "9900": {
    "training_loss": 10465.7646484375,
    "validation_loss": [
      4145.63916015625
    ],
    "validation_chi2s": {
      "DEUTERON": 3.144221823013837,
      "NMC": 3.412331973805147,
      "NUCLEAR": 3.1625029296875,
      "HERACOMB": 2.927359188304228,
      "DYE886": 3.4918892600319604,
      "CDF": 1.5460424423217773,
      "D0": 5.098091506958008,
      "ATLAS": 4.35326902893768,
      "CMS": 5.0396219048618285,
      "LHCb": 4.50789213180542,
      "total": 3.5285823345184326
    }
  },
  "10000": {
    "training_loss": 9595.2587890625,
    "validation_loss": [
      3747.16845703125
    ],
    "validation_chi2s": {
      "DEUTERON": 2.655397026099969,
      "NMC": 3.432718613568474,
      "NUCLEAR": 2.889149658203125,
      "HERACOMB": 2.801797904220282,
      "DYE886": 4.075259815562855,
      "CDF": 1.1624807630266463,
      "D0": 3.633612060546875,
      "ATLAS": 3.8046240094064294,
      "CMS": 4.43356096251937,
      "LHCb": 3.935047149658203,
      "total": 3.1916162967681885
    }
  },
  "10100": {
    "training_loss": 8942.33203125,
    "validation_loss": [
      3498.21826171875
    ],
    "validation_chi2s": {
      "DEUTERON": 2.73790380373523,
      "NMC": 3.2574175666360294,
      "NUCLEAR": 2.7964248046875,
      "HERACOMB": 2.603503657322304,
      "DYE886": 2.9185354059392754,
      "CDF": 0.8628835678100586,
      "D0": 4.172267150878906,
      "ATLAS": 3.4238123400457976,
      "CMS": 4.0027158122417354,
      "LHCb": 2.858027696609497,
      "total": 2.977619171142578
    }
  },
  "10200": {
    "training_loss": 8583.736328125,
    "validation_loss": [
      3306.21533203125
    ],
    "validation_chi2s": {
      "DEUTERON": 2.587431191211909,
      "NMC": 3.20500961004519,
      "NUCLEAR": 2.491224365234375,
      "HERACOMB": 2.5727584938597836,
      "DYE886": 2.951814131303267,
      "CDF": 0.7082663944789341,
      "D0": 3.540220260620117,
      "ATLAS": 3.2066239981815734,
      "CMS": 3.861068347268853,
      "LHCb": 2.549325704574585,
      "total": 2.8156893253326416
    }
  },
  "10300": {
    "training_loss": 8384.296875,
    "validation_loss": [
      3212.892822265625
    ],
    "validation_chi2s": {
      "DEUTERON": 2.22750292725824,
      "NMC": 3.1412960875268077,
      "NUCLEAR": 2.36045166015625,
      "HERACOMB": 2.6368485993030024,
      "DYE886": 3.936582391912287,
      "CDF": 0.4775369507925851,
      "D0": 3.1709346771240234,
      "ATLAS": 3.1273182836072198,
      "CMS": 3.708503660091684,
      "LHCb": 2.915558099746704,
      "total": 2.7365925312042236
    }
  },
  "10400": {
    "training_loss": 16289.96484375,
    "validation_loss": [
      9295.546875
    ],
    "validation_chi2s": {
      "DEUTERON": 31.633312927549753,
      "NMC": 3.147912717333027,
      "NUCLEAR": 2.33911474609375,
      "HERACOMB": 2.812907698886846,
      "DYE886": 4.586223949085582,
      "CDF": 2.0766119275774275,
      "D0": 5.6184337615966795,
      "ATLAS": 3.0727521523661996,
      "CMS": 3.877551370415806,
      "LHCb": 4.458453178405762,
      "total": 7.906728267669678
    }
  },
  "10500": {
    "training_loss": 8200.125,
    "validation_loss": [
      3131.704345703125
    ],
    "validation_chi2s": {
      "DEUTERON": 2.306414400167133,
      "NMC": 3.088861203661152,
      "NUCLEAR": 2.223803955078125,
      "HERACOMB": 2.5050224354064543,
      "DYE886": 2.955545252019709,
      "CDF": 0.4454190731048584,
      "D0": 5.040113830566407,
      "ATLAS": 3.060943252738865,
      "CMS": 3.6346912226401087,
      "LHCb": 3.024819850921631,
      "total": 2.667245388031006
    }
  },
  "10600": {
    "training_loss": 3078983.4052734375,
    "validation_loss": [
      36867.46875
    ],
    "validation_chi2s": {
      "DEUTERON": 166.9697411380597,
      "NMC": 3.0389347450405944,
      "NUCLEAR": 2.637472412109375,
      "HERACOMB": 2.549859339894812,
      "DYE886": 7.155610518022017,
      "CDF": 0.6499135153634208,
      "D0": 11.915374755859375,
      "ATLAS": 3.0806046409168464,
      "CMS": 3.8808727422036413,
      "LHCb": 12.641876220703125,
      "total": 31.385690689086914
    }
  },
  "10700": {
    "training_loss": 19236.9384765625,
    "validation_loss": [
      28013.60546875
    ],
    "validation_chi2s": {
      "DEUTERON": 124.5673585199005,
      "NMC": 3.061932732077206,
      "NUCLEAR": 2.36504248046875,
      "HERACOMB": 2.6261393229166665,
      "DYE886": 4.178720647638494,
      "CDF": 0.5808772359575544,
      "D0": 9.476075744628906,
      "ATLAS": 2.9396821822243173,
      "CMS": 3.7361773025891014,
      "LHCb": 8.13713550567627,
      "total": 23.853309631347656
    }
  },
  "10800": {
    "training_loss": 8026.203125,
    "validation_loss": [
      3060.62158203125
    ],
    "validation_chi2s": {
      "DEUTERON": 2.1889505718477924,
      "NMC": 3.1185129203048407,
      "NUCLEAR": 2.129593994140625,
      "HERACOMB": 2.5266282823350696,
      "DYE886": 3.149294766512784,
      "CDF": 0.36669720922197613,
      "D0": 5.094168472290039,
      "ATLAS": 2.9288193275188577,
      "CMS": 3.554686995577221,
      "LHCb": 2.9197418689727783,
      "total": 2.606921672821045
    }
  },
  "10900": {
    "training_loss": 8023.24267578125,
    "validation_loss": [
      3082.840087890625
    ],
    "validation_chi2s": {
      "DEUTERON": 2.235337594255286,
      "NMC": 3.0633868049172794,
      "NUCLEAR": 2.125873779296875,
      "HERACOMB": 2.523333780126634,
      "DYE886": 2.884800997647372,
      "CDF": 0.34490036964416504,
      "D0": 5.946296310424804,
      "ATLAS": 2.9753996750404097,
      "CMS": 3.5370778485763172,
      "LHCb": 3.2049357891082764,
      "total": 2.625852346420288
    }
  },
  "11000": {
    "training_loss": 7960.064453125,
    "validation_loss": [
      3044.533935546875
    ],
    "validation_chi2s": {
      "DEUTERON": 2.133848427540034,
      "NMC": 3.0650356517118564,
      "NUCLEAR": 2.110925537109375,
      "HERACOMB": 2.5708237192989176,
      "DYE886": 3.3509563099254263,
      "CDF": 0.32902700560433523,
      "D0": 5.015649795532227,
      "ATLAS": 2.9491131661952226,
      "CMS": 3.5192651669841166,
      "LHCb": 2.4907679557800293,
      "total": 2.593258857727051
    }
  },
  "11100": {
    "training_loss": 8013.51171875,
    "validation_loss": [
      3066.3134765625
    ],
    "validation_chi2s": {
      "DEUTERON": 2.12226708255597,
      "NMC": 3.058910893458946,
      "NUCLEAR": 2.108714111328125,
      "HERACOMB": 2.5371592403237337,
      "DYE886": 3.0094965154474433,
      "CDF": 0.3004187856401716,
      "D0": 6.134540939331055,
      "ATLAS": 3.090062634698276,
      "CMS": 3.5180036056140236,
      "LHCb": 2.722790002822876,
      "total": 2.6118104457855225
    }
  },
  "11200": {
    "training_loss": 7924.08544921875,
    "validation_loss": [
      3153.676025390625
    ],
    "validation_chi2s": {
      "DEUTERON": 2.238922270969372,
      "NMC": 3.0974854114008883,
      "NUCLEAR": 2.143871337890625,
      "HERACOMB": 2.620794558057598,
      "DYE886": 2.862840999256481,
      "CDF": 0.5139962945665631,
      "D0": 7.336721038818359,
      "ATLAS": 2.7965661410627694,
      "CMS": 3.573597048924974,
      "LHCb": 4.625837802886963,
      "total": 2.6856119632720947
    }
  },
  "11300": {
    "training_loss": 8311.7353515625,
    "validation_loss": [
      3050.08544921875
    ],
    "validation_chi2s": {
      "DEUTERON": 2.1799172168940455,
      "NMC": 3.0872829661649814,
      "NUCLEAR": 2.096783203125,
      "HERACOMB": 2.5355605580448324,
      "DYE886": 2.9757139032537285,
      "CDF": 0.4075357913970947,
      "D0": 5.788998413085937,
      "ATLAS": 2.8694201940777657,
      "CMS": 3.538670059077996,
      "LHCb": 3.14579176902771,
      "total": 2.5979762077331543
    }
  },
  "11400": {
    "training_loss": 7984.9501953125,
    "validation_loss": [
      3090.675537109375
    ],
    "validation_chi2s": {
      "DEUTERON": 2.212676850124378,
      "NMC": 3.111050474877451,
      "NUCLEAR": 2.116808349609375,
      "HERACOMB": 2.531461428972631,
      "DYE886": 2.8518267544833096,
      "CDF": 0.4009794167109898,
      "D0": 6.8133056640625,
      "ATLAS": 2.848931849687949,
      "CMS": 3.584936472995222,
      "LHCb": 3.7561278343200684,
      "total": 2.6325457096099854
    }
  },
  "11500": {
    "training_loss": 8003.86181640625,
    "validation_loss": [
      3049.85400390625
    ],
    "validation_chi2s": {
      "DEUTERON": 2.1089524605974037,
      "NMC": 3.0843709309895835,
      "NUCLEAR": 2.109536376953125,
      "HERACOMB": 2.5895098517922794,
      "DYE886": 3.349288593639027,
      "CDF": 0.29590109416416716,
      "D0": 5.819600296020508,
      "ATLAS": 2.927985180383441,
      "CMS": 3.545704991364282,
      "LHCb": 2.3877761363983154,
      "total": 2.5978164672851562
    }
  },
  "11600": {
    "training_loss": 7934.5595703125,
    "validation_loss": [
      3036.60205078125
    ],
    "validation_chi2s": {
      "DEUTERON": 2.129917581283038,
      "NMC": 3.077203488817402,
      "NUCLEAR": 2.109224365234375,
      "HERACOMB": 2.5613931892744075,
      "DYE886": 3.542761369185014,
      "CDF": 0.3107994965144566,
      "D0": 5.269107437133789,
      "ATLAS": 2.890423829528107,
      "CMS": 3.5573049497998452,
      "LHCb": 2.320636510848999,
      "total": 2.5865235328674316
    }
  },
  "11700": {
    "training_loss": 7955.63232421875,
    "validation_loss": [
      3044.9072265625
    ],
    "validation_chi2s": {
      "DEUTERON": 2.1024532792580066,
      "NMC": 3.056888355928309,
      "NUCLEAR": 2.108734130859375,
      "HERACOMB": 2.5790487052568425,
      "DYE886": 3.5012741088867188,
      "CDF": 0.29478914397103445,
      "D0": 5.605131912231445,
      "ATLAS": 2.931437349867547,
      "CMS": 3.5647830174974175,
      "LHCb": 2.295775890350342,
      "total": 2.593597412109375
    }
  },
  "11800": {
    "training_loss": 7958.60302734375,
    "validation_loss": [
      3075.2841796875
    ],
    "validation_chi2s": {
      "DEUTERON": 2.1555582682291665,
      "NMC": 3.121087766161152,
      "NUCLEAR": 2.129850341796875,
      "HERACOMB": 2.5516616721558414,
      "DYE886": 2.908921328457919,
      "CDF": 0.39487528800964355,
      "D0": 6.593858337402343,
      "ATLAS": 2.7907022059648887,
      "CMS": 3.6397150213068183,
      "LHCb": 3.4639456272125244,
      "total": 2.619460344314575
    }
  },
  "11900": {
    "training_loss": 8015.5341796875,
    "validation_loss": [
      3041.118408203125
    ],
    "validation_chi2s": {
      "DEUTERON": 2.154022368625622,
      "NMC": 3.107442519244026,
      "NUCLEAR": 2.099655029296875,
      "HERACOMB": 2.534658594069138,
      "DYE886": 3.3578883084383877,
      "CDF": 0.2908280236380441,
      "D0": 5.305281448364258,
      "ATLAS": 2.9573585247171335,
      "CMS": 3.5257167343265756,
      "LHCb": 2.4685096740722656,
      "total": 2.5903782844543457
    }
  },
  "12000": {
    "training_loss": 7997.806640625,
    "validation_loss": [
      3049.5576171875
    ],
    "validation_chi2s": {
      "DEUTERON": 2.1767913666530627,
      "NMC": 3.162891761929381,
      "NUCLEAR": 2.11063037109375,
      "HERACOMB": 2.5346177045036766,
      "DYE886": 3.6647647510875356,
      "CDF": 0.3019615241459438,
      "D0": 4.659658050537109,
      "ATLAS": 2.92510933711611,
      "CMS": 3.554481947717588,
      "LHCb": 2.470580816268921,
      "total": 2.5975708961486816
    }
  },
  "12100": {
    "training_loss": 7914.205078125,
    "validation_loss": [
      3138.93701171875
    ],
    "validation_chi2s": {
      "DEUTERON": 2.1780691573868936,
      "NMC": 3.1229741713579964,
      "NUCLEAR": 2.150162841796875,
      "HERACOMB": 2.5583637711269405,
      "DYE886": 2.9070666920055044,
      "CDF": 0.4294370583125523,
      "D0": 7.313751220703125,
      "ATLAS": 2.8312286727729883,
      "CMS": 3.601015957919034,
      "LHCb": 4.770905494689941,
      "total": 2.6734142303466797
    }
  },
  "12200": {
    "training_loss": 7914.0703125,
    "validation_loss": [
      3056.3173828125
    ],
    "validation_chi2s": {
      "DEUTERON": 2.087611411934468,
      "NMC": 3.060537300857843,
      "NUCLEAR": 2.0980126953125,
      "HERACOMB": 2.5807377435023486,
      "DYE886": 3.258549776944247,
      "CDF": 0.28515013626643587,
      "D0": 5.807258605957031,
      "ATLAS": 3.060882217582615,
      "CMS": 3.514935201849819,
      "LHCb": 2.398313045501709,
      "total": 2.603330373764038
    }
  },
  "12300": {
    "training_loss": 7981.0556640625,
    "validation_loss": [
      3048.1953125
    ],
    "validation_chi2s": {
      "DEUTERON": 2.121378125242926,
      "NMC": 3.1147128834443936,
      "NUCLEAR": 2.10037548828125,
      "HERACOMB": 2.590903288398693,
      "DYE886": 2.943357987837358,
      "CDF": 0.32025541578020367,
      "D0": 6.065359878540039,
      "ATLAS": 2.8595112767712823,
      "CMS": 3.552218854919938,
      "LHCb": 2.8127169609069824,
      "total": 2.596411943435669
    }
  },
  "12400": {
    "training_loss": 7906.6162109375,
    "validation_loss": [
      3108.7314453125
    ],
    "validation_chi2s": {
      "DEUTERON": 2.1684828421369713,
      "NMC": 3.127809113147212,
      "NUCLEAR": 2.125282470703125,
      "HERACOMB": 2.538244309768178,
      "DYE886": 2.879953384399414,
      "CDF": 0.39009043148585726,
      "D0": 7.036342620849609,
      "ATLAS": 2.833628862753682,
      "CMS": 3.5890374301878873,
      "LHCb": 4.40899133682251,
      "total": 2.6475913524627686
    }
  },
  "12500": {
    "training_loss": 8075.453125,
    "validation_loss": [
      3054.76025390625
    ],
    "validation_chi2s": {
      "DEUTERON": 2.089311438413402,
      "NMC": 3.0721187217562806,
      "NUCLEAR": 2.102056396484375,
      "HERACOMB": 2.5981455285564747,
      "DYE886": 3.561412117697976,
      "CDF": 0.2815786600112915,
      "D0": 5.395026779174804,
      "ATLAS": 2.9914014092807113,
      "CMS": 3.5313238979371127,
      "LHCb": 2.3598623275756836,
      "total": 2.6020090579986572
    }
  },
  "12600": {
    "training_loss": 7917.7802734375,
    "validation_loss": [
      3060.35546875
    ],
    "validation_chi2s": {
      "DEUTERON": 2.0770254562150186,
      "NMC": 3.085910871917126,
      "NUCLEAR": 2.098134765625,
      "HERACOMB": 2.6279705770654616,
      "DYE886": 3.177842226895419,
      "CDF": 0.2822484459195818,
      "D0": 5.750860595703125,
      "ATLAS": 3.005968817349138,
      "CMS": 3.5394720912964877,
      "LHCb": 2.3775625228881836,
      "total": 2.606771469116211
    }
  },
  "12700": {
    "training_loss": 7944.2705078125,
    "validation_loss": [
      3044.92138671875
    ],
    "validation_chi2s": {
      "DEUTERON": 2.16187889896222,
      "NMC": 3.1618792963962927,
      "NUCLEAR": 2.091233642578125,
      "HERACOMB": 2.5786858851613563,
      "DYE886": 3.18558744950728,
      "CDF": 0.3422970771789551,
      "D0": 4.979373931884766,
      "ATLAS": 2.8885038529319327,
      "CMS": 3.552932360940728,
      "LHCb": 2.5768473148345947,
      "total": 2.593625545501709
    }
  },
  "12800": {
    "training_loss": 7941.1728515625,
    "validation_loss": [
      3061.73193359375
    ],
    "validation_chi2s": {
      "DEUTERON": 2.1295837098686254,
      "NMC": 3.105191099877451,
      "NUCLEAR": 2.101604736328125,
      "HERACOMB": 2.5697454315385007,
      "DYE886": 2.8885428688742896,
      "CDF": 0.3828590597425188,
      "D0": 6.184976959228516,
      "ATLAS": 2.849334541408495,
      "CMS": 3.567824939065728,
      "LHCb": 3.375012159347534,
      "total": 2.6079418659210205
    }
  },
  "12900": {
    "training_loss": 7983.5185546875,
    "validation_loss": [
      3045.037353515625
    ],
    "validation_chi2s": {
      "DEUTERON": 2.1516300030608675,
      "NMC": 3.163397097120098,
      "NUCLEAR": 2.0922216796875,
      "HERACOMB": 2.5648368885314543,
      "DYE886": 3.0228195190429688,
      "CDF": 0.3708703177315848,
      "D0": 5.3610786437988285,
      "ATLAS": 2.8498193148908944,
      "CMS": 3.5659505040192405,
      "LHCb": 2.914783000946045,
      "total": 2.5937280654907227
    }
  },
  "13000": {
    "training_loss": 7933.5126953125,
    "validation_loss": [
      3068.9580078125
    ],
    "validation_chi2s": {
      "DEUTERON": 2.19035741701648,
      "NMC": 3.0982028736787686,
      "NUCLEAR": 2.10662353515625,
      "HERACOMB": 2.5424064686095793,
      "DYE886": 2.8555434833873403,
      "CDF": 0.3896703038896833,
      "D0": 6.0689643859863285,
      "ATLAS": 2.837470219053071,
      "CMS": 3.5618916661286155,
      "LHCb": 3.591254711151123,
      "total": 2.6139440536499023
    }
  },
  "13100": {
    "training_loss": 8491.50341796875,
    "validation_loss": [
      3026.4462890625
    ],
    "validation_chi2s": {
      "DEUTERON": 2.115725389167444,
      "NMC": 3.0931755514705883,
      "NUCLEAR": 2.087337890625,
      "HERACOMB": 2.5585193509369892,
      "DYE886": 3.0832415494051846,
      "CDF": 0.39266770226614817,
      "D0": 5.377890777587891,
      "ATLAS": 2.816950304754849,
      "CMS": 3.5834093330320247,
      "LHCb": 2.8309760093688965,
      "total": 2.577893018722534
    }
  },
  "13200": {
    "training_loss": 7964.31640625,
    "validation_loss": [
      3024.76611328125
    ],
    "validation_chi2s": {
      "DEUTERON": 2.0929317948830066,
      "NMC": 3.082443835688572,
      "NUCLEAR": 2.09575,
      "HERACOMB": 2.542508592792586,
      "DYE886": 3.445710615678267,
      "CDF": 0.28227308818272184,
      "D0": 4.995108795166016,
      "ATLAS": 2.9487322226338004,
      "CMS": 3.5268496678880425,
      "LHCb": 2.4180102348327637,
      "total": 2.5764617919921875
    }
  },
  "13300": {
    "training_loss": 7987.5703125,
    "validation_loss": [
      3047.98291015625
    ],
    "validation_chi2s": {
      "DEUTERON": 2.107927768384639,
      "NMC": 3.0905914306640625,
      "NUCLEAR": 2.105650390625,
      "HERACOMB": 2.5557241003497753,
      "DYE886": 2.941777316006747,
      "CDF": 0.34235293524605886,
      "D0": 6.1077838897705075,
      "ATLAS": 2.836217419854526,
      "CMS": 3.644187990298941,
      "LHCb": 2.9862937927246094,
      "total": 2.596236228942871
    }
  },
  "13400": {
    "training_loss": 7875.8671875,
    "validation_loss": [
      3015.01318359375
    ],
    "validation_chi2s": {
      "DEUTERON": 2.0891816248348105,
      "NMC": 3.079024969362745,
      "NUCLEAR": 2.095292236328125,
      "HERACOMB": 2.5494398727915644,
      "DYE886": 3.490989338267933,
      "CDF": 0.3114001750946045,
      "D0": 5.002510452270508,
      "ATLAS": 2.8561741620644754,
      "CMS": 3.5594285696991217,
      "LHCb": 2.4196877479553223,
      "total": 2.5681509971618652
    }
  },
  "13500": {
    "training_loss": 7956.0400390625,
    "validation_loss": [
      3035.116455078125
    ],
    "validation_chi2s": {
      "DEUTERON": 2.1225177518170866,
      "NMC": 3.0794004552504597,
      "NUCLEAR": 2.106933837890625,
      "HERACOMB": 2.4924787134906046,
      "DYE886": 2.9778189225630327,
      "CDF": 0.384422881262643,
      "D0": 6.430210113525391,
      "ATLAS": 2.79712036834366,
      "CMS": 3.612462571829804,
      "LHCb": 3.303025960922241,
      "total": 2.585277557373047
    }
  },
  "13600": {
    "training_loss": 7903.4755859375,
    "validation_loss": [
      3036.6689453125
    ],
    "validation_chi2s": {
      "DEUTERON": 2.0700704849774563,
      "NMC": 3.025941437365962,
      "NUCLEAR": 2.0998232421875,
      "HERACOMB": 2.5290962169372957,
      "DYE886": 3.5065345764160156,
      "CDF": 0.2788881744657244,
      "D0": 5.960151672363281,
      "ATLAS": 2.9615997665229883,
      "CMS": 3.6113180365444215,
      "LHCb": 2.3879899978637695,
      "total": 2.586599349975586
    }
  },
  "13700": {
    "training_loss": 8325.7373046875,
    "validation_loss": [
      3038.79736328125
    ],
    "validation_chi2s": {
      "DEUTERON": 2.0598637974677394,
      "NMC": 3.027352127374387,
      "NUCLEAR": 2.09590283203125,
      "HERACOMB": 2.5332964728860294,
      "DYE886": 3.2007619684392754,
      "CDF": 0.27802932262420654,
      "D0": 6.1731101989746096,
      "ATLAS": 2.96160923749551,
      "CMS": 3.6464193044615185,
      "LHCb": 2.5179378986358643,
      "total": 2.5884130001068115
    }
  },
  "13800": {
    "training_loss": 8744.3447265625,
    "validation_loss": [
      3009.49072265625
    ],
    "validation_chi2s": {
      "DEUTERON": 2.088881155744714,
      "NMC": 3.041104185814951,
      "NUCLEAR": 2.10596142578125,
      "HERACOMB": 2.5070695066763684,
      "DYE886": 3.237481550736861,
      "CDF": 0.29187703132629395,
      "D0": 5.708972930908203,
      "ATLAS": 2.8211035015939294,
      "CMS": 3.6222612365218234,
      "LHCb": 2.5422611236572266,
      "total": 2.5634500980377197
    }
  },
  "13900": {
    "training_loss": 8058.5771484375,
    "validation_loss": [
      3063.34033203125
    ],
    "validation_chi2s": {
      "DEUTERON": 2.2163205882210044,
      "NMC": 3.191992067823223,
      "NUCLEAR": 2.158108154296875,
      "HERACOMB": 2.535821852341197,
      "DYE886": 4.168807289817116,
      "CDF": 0.3268153667449951,
      "D0": 3.7592819213867186,
      "ATLAS": 2.797875766096444,
      "CMS": 3.587008893982438,
      "LHCb": 2.722659111022949,
      "total": 2.6093170642852783
    }
  },
  "14000": {
    "training_loss": 7912.10400390625,
    "validation_loss": [
      3066.4716796875
    ],
    "validation_chi2s": {
      "DEUTERON": 2.1518433224502487,
      "NMC": 3.03541535022212,
      "NUCLEAR": 2.13650927734375,
      "HERACOMB": 2.483663122638378,
      "DYE886": 3.15339487249201,
      "CDF": 0.31991325105939594,
      "D0": 6.530641174316406,
      "ATLAS": 2.780713136168732,
      "CMS": 3.6321103434917354,
      "LHCb": 3.8977248668670654,
      "total": 2.611952304840088
    }
  },
  "14100": {
    "training_loss": 8186.47265625,
    "validation_loss": [
      2998.492431640625
    ],
    "validation_chi2s": {
      "DEUTERON": 2.123105025410059,
      "NMC": 3.0156997979856004,
      "NUCLEAR": 2.1213779296875,
      "HERACOMB": 2.504922505297692,
      "DYE886": 3.498448458584872,
      "CDF": 0.3358119896480015,
      "D0": 4.883103561401367,
      "ATLAS": 2.7598277124865302,
      "CMS": 3.593006228612474,
      "LHCb": 2.436919927597046,
      "total": 2.5540785789489746
    }
  },
  "14200": {
    "training_loss": 8024.962890625,
    "validation_loss": [
      3034.53759765625
    ],
    "validation_chi2s": {
      "DEUTERON": 2.096042765906794,
      "NMC": 3.013991711186428,
      "NUCLEAR": 2.17275146484375,
      "HERACOMB": 2.4928726495481004,
      "DYE886": 3.096634951504794,
      "CDF": 0.3534529549734933,
      "D0": 6.5367988586425785,
      "ATLAS": 2.8579997797121948,
      "CMS": 3.5936821551362343,
      "LHCb": 2.667811870574951,
      "total": 2.584744930267334
    }
  },
  "14300": {
    "training_loss": 7894.85009765625,
    "validation_loss": [
      3024.3212890625
    ],
    "validation_chi2s": {
      "DEUTERON": 2.0645106680950716,
      "NMC": 2.9842681884765625,
      "NUCLEAR": 2.116703857421875,
      "HERACOMB": 2.589249355341095,
      "DYE886": 3.746923966841264,
      "CDF": 0.3640476294926235,
      "D0": 4.693837356567383,
      "ATLAS": 2.9127583120061065,
      "CMS": 3.514452721461777,
      "LHCb": 2.2400898933410645,
      "total": 2.576082944869995
    }
  },
  "14400": {
    "training_loss": 7897.0615234375,
    "validation_loss": [
      3054.226318359375
    ],
    "validation_chi2s": {
      "DEUTERON": 2.1053679357120645,
      "NMC": 3.033310534907322,
      "NUCLEAR": 2.120293701171875,
      "HERACOMB": 2.533880695018893,
      "DYE886": 3.0908466685901987,
      "CDF": 0.3548610210418701,
      "D0": 6.367941284179688,
      "ATLAS": 2.801204111384249,
      "CMS": 3.64188807463843,
      "LHCb": 3.3958606719970703,
      "total": 2.601555347442627
    }
  },
  "14500": {
    "training_loss": 7942.24658203125,
    "validation_loss": [
      3031.13720703125
    ],
    "validation_chi2s": {
      "DEUTERON": 2.125718909116527,
      "NMC": 3.066081626742494,
      "NUCLEAR": 2.10805517578125,
      "HERACOMB": 2.582583957248264,
      "DYE886": 3.0810522599653765,
      "CDF": 0.32926896640232634,
      "D0": 4.9034679412841795,
      "ATLAS": 2.864887106007543,
      "CMS": 3.5298754479274277,
      "LHCb": 2.671363353729248,
      "total": 2.5818872451782227
    }
  },
  "14600": {
    "training_loss": 7907.01220703125,
    "validation_loss": [
      3058.15283203125
    ],
    "validation_chi2s": {
      "DEUTERON": 2.10356785408893,
      "NMC": 3.070962045706955,
      "NUCLEAR": 2.133180419921875,
      "HERACOMB": 2.55023233251634,
      "DYE886": 3.061717987060547,
      "CDF": 0.34257510730198454,
      "D0": 6.111205673217773,
      "ATLAS": 2.846775624943876,
      "CMS": 3.5992787258684142,
      "LHCb": 3.2290873527526855,
      "total": 2.6049001216888428
    }
  },
  "14700": {
    "training_loss": 7892.15869140625,
    "validation_loss": [
      3037.22119140625
    ],
    "validation_chi2s": {
      "DEUTERON": 2.0789564142179726,
      "NMC": 3.012220494887408,
      "NUCLEAR": 2.1150869140625,
      "HERACOMB": 2.6348805147058822,
      "DYE886": 3.464761560613459,
      "CDF": 0.3116309642791748,
      "D0": 4.803223037719727,
      "ATLAS": 2.865136157507184,
      "CMS": 3.578732577237216,
      "LHCb": 2.271376132965088,
      "total": 2.587071180343628
    }
  },
  "14800": {
    "training_loss": 7931.458984375,
    "validation_loss": [
      3122.765869140625
    ],
    "validation_chi2s": {
      "DEUTERON": 2.1961360191231343,
      "NMC": 2.975202672621783,
      "NUCLEAR": 2.16523095703125,
      "HERACOMB": 2.5588995241651347,
      "DYE886": 3.2337400263006035,
      "CDF": 0.31812517983572824,
      "D0": 6.458988952636719,
      "ATLAS": 3.0467988814430673,
      "CMS": 3.610691039030217,
      "LHCb": 3.103976011276245,
      "total": 2.6591250896453857
    }
  },
  "14900": {
    "training_loss": 8140.45849609375,
    "validation_loss": [
      3024.95654296875
    ],
    "validation_chi2s": {
      "DEUTERON": 2.1100340885902518,
      "NMC": 3.055080339020374,
      "NUCLEAR": 2.136275146484375,
      "HERACOMB": 2.5736319348703023,
      "DYE886": 3.3156041232022373,
      "CDF": 0.3262248379843576,
      "D0": 4.66718635559082,
      "ATLAS": 2.8188560748922415,
      "CMS": 3.5871957826220298,
      "LHCb": 2.406251907348633,
      "total": 2.5766239166259766
    }
  },
  "15000": {
    "training_loss": 9294.69140625,
    "validation_loss": [
      3044.3798828125
    ],
    "validation_chi2s": {
      "DEUTERON": 2.147630226552783,
      "NMC": 3.1028490253523286,
      "NUCLEAR": 2.142063232421875,
      "HERACOMB": 2.565295649509804,
      "DYE886": 3.20754692771218,
      "CDF": 0.40106228419712614,
      "D0": 4.886273956298828,
      "ATLAS": 2.795582563027568,
      "CMS": 3.586775094024406,
      "LHCb": 2.8530282974243164,
      "total": 2.593168258666992
    }
  },
  "15100": {
    "training_loss": 7943.2177734375,
    "validation_loss": [
      3016.6240234375
    ],
    "validation_chi2s": {
      "DEUTERON": 2.0972689348666824,
      "NMC": 3.090875363817402,
      "NUCLEAR": 2.146232666015625,
      "HERACOMB": 2.5607162176393996,
      "DYE886": 3.5571889010342685,
      "CDF": 0.327380861554827,
      "D0": 4.2503509521484375,
      "ATLAS": 2.8062656446434984,
      "CMS": 3.5699541076155734,
      "LHCb": 2.312181234359741,
      "total": 2.569523572921753
    }
  },
  "15200": {
    "training_loss": 8023.9794921875,
    "validation_loss": [
      3054.296875
    ],
    "validation_chi2s": {
      "DEUTERON": 2.1272162442183613,
      "NMC": 3.0802142573337927,
      "NUCLEAR": 2.189999267578125,
      "HERACOMB": 2.4956008811402164,
      "DYE886": 4.085708964954723,
      "CDF": 0.3590238094329834,
      "D0": 3.8975757598876952,
      "ATLAS": 2.893604673188308,
      "CMS": 3.6025781552653666,
      "LHCb": 2.739628314971924,
      "total": 2.601581573486328
    }
  },
  "15300": {
    "training_loss": 7973.068359375,
    "validation_loss": [
      3015.9404296875
    ],
    "validation_chi2s": {
      "DEUTERON": 2.1124082347053794,
      "NMC": 3.0696575688380823,
      "NUCLEAR": 2.1699609375,
      "HERACOMB": 2.534924475975286,
      "DYE886": 3.378036152232777,
      "CDF": 0.29950267927987234,
      "D0": 4.146192932128907,
      "ATLAS": 2.827362060546875,
      "CMS": 3.5885771444021177,
      "LHCb": 2.267545223236084,
      "total": 2.5689430236816406
    }
  },
  "15400": {
    "training_loss": 11999.861328125,
    "validation_loss": [
      3015.36572265625
    ],
    "validation_chi2s": {
      "DEUTERON": 2.090892127497279,
      "NMC": 3.0338266410079657,
      "NUCLEAR": 2.141048095703125,
      "HERACOMB": 2.546377543530433,
      "DYE886": 3.27317289872603,
      "CDF": 0.3408433028629848,
      "D0": 4.647480773925781,
      "ATLAS": 2.825775848037895,
      "CMS": 3.5908112328899793,
      "LHCb": 2.463916540145874,
      "total": 2.568430185317993
    }
  },
  "15500": {
    "training_loss": 10087.1884765625,
    "validation_loss": [
      3032.75048828125
    ],
    "validation_chi2s": {
      "DEUTERON": 2.07838037595227,
      "NMC": 3.0083196303423714,
      "NUCLEAR": 2.144517578125,
      "HERACOMB": 2.5454416711345997,
      "DYE886": 3.127562089399858,
      "CDF": 0.2950061729976109,
      "D0": 4.733390808105469,
      "ATLAS": 2.9664713541666665,
      "CMS": 3.584459541257748,
      "LHCb": 2.451409339904785,
      "total": 2.583261728286743
    }
  },
  "15600": {
    "training_loss": 8447.5439453125,
    "validation_loss": [
      3029.02294921875
    ],
    "validation_chi2s": {
      "DEUTERON": 2.094260144589552,
      "NMC": 3.041770187078738,
      "NUCLEAR": 2.155707763671875,
      "HERACOMB": 2.566165899139604,
      "DYE886": 3.665975744074041,
      "CDF": 0.29915506499154226,
      "D0": 3.7153385162353514,
      "ATLAS": 2.9124592748181573,
      "CMS": 3.541173509329804,
      "LHCb": 2.3006908893585205,
      "total": 2.5800862312316895
    }
  }
}