{
  "100": {
    "training_loss": -640.0,
    "validation_loss": [
      198.63461303710938
    ],
    "validation_chi2s": {
      "DEUTERON": 4.355678939819336,
      "ATLAS": 2.2188599326393823,
      "total": 3.894796371459961
    }
  },
  "200": {
    "training_loss": 323.72412109375,
    "validation_loss": [
      159.36915588378906
    ],
    "validation_chi2s": {
      "DEUTERON": 3.2052303314208985,
      "ATLAS": 2.832721883600408,
      "total": 3.124885320663452
    }
  },
  "300": {
    "training_loss": 298.015869140625,
    "validation_loss": [
      125.97854614257812
    ],
    "validation_chi2s": {
      "DEUTERON": 2.462698554992676,
      "ATLAS": 2.49732797796076,
      "total": 2.470167636871338
    }
  },
  "400": {
    "training_loss": 276.89459228515625,
    "validation_loss": [
      119.3743667602539
    ],
    "validation_chi2s": {
      "DEUTERON": 2.4281808853149416,
      "ATLAS": 2.0224668329412285,
      "total": 2.3406739234924316
    }
  },
  "500": {
    "training_loss": 262.391845703125,
    "validation_loss": [
      120.93421936035156
    ],
    "validation_chi2s": {
      "DEUTERON": 2.5003808975219726,
      "ATLAS": 1.9017261158336292,
      "total": 2.3712592124938965
    }
  },
  "600": {
    "training_loss": 258.1922912597656,
    "validation_loss": [
      121.89288330078125
    ],
    "validation_chi2s": {
      "DEUTERON": 2.528191566467285,
      "ATLAS": 1.8877476778897373,
      "total": 2.390056610107422
    }
  }
}