{
  "100": {
    "training_loss": 342.84375,
    "validation_loss": [
      6304.28173828125
    ],
    "validation_chi2s": {
      "DEUTERON": 2.564516067504883,
      "ATLAS": 1.2102157419378108,
      "total": 2.272412061691284
    }
  },
  "200": {
    "training_loss": 287.9970703125,
    "validation_loss": [
      2946.251953125
    ],
    "validation_chi2s": {
      "DEUTERON": 1.8834739685058595,
      "ATLAS": 1.0788281180641868,
      "total": 1.7099229097366333
    }
  },
  "300": {
    "training_loss": 37477.390869140625,
    "validation_loss": [
      70.20368957519531
    ],
    "validation_chi2s": {
      "DEUTERON": 1.5140869140625,
      "ATLAS": 0.8763833479447798,
      "total": 1.3765429258346558
    }
  },
  "400": {
    "training_loss": 262.10498046875,
    "validation_loss": [
      74.00433349609375
    ],
    "validation_chi2s": {
      "DEUTERON": 1.616602325439453,
      "ATLAS": 0.849112944169478,
      "total": 1.4510654211044312
    }
  },
  "500": {
    "training_loss": 226.58409118652344,
    "validation_loss": [
      82.68311309814453
    ],
    "validation_chi2s": {
      "DEUTERON": 1.8508371353149413,
      "ATLAS": 0.7863302230834961,
      "total": 1.6212376356124878
    }
  }
}