{
  "100": {
    "training_loss": 362.125,
    "validation_loss": [
      140.51905822753906
    ],
    "validation_chi2s": {
      "DEUTERON": 2.57010440826416,
      "ATLAS": 3.428625626997514,
      "total": 2.7552757263183594
    }
  },
  "200": {
    "training_loss": 257.8408203125,
    "validation_loss": [
      83.91357421875
    ],
    "validation_chi2s": {
      "DEUTERON": 1.6851381301879882,
      "ATLAS": 1.5007322484796697,
      "total": 1.6453644037246704
    }
  },
  "300": {
    "training_loss": 246.6422119140625,
    "validation_loss": [
      92.77366638183594
    ],
    "validation_chi2s": {
      "DEUTERON": 1.766775894165039,
      "ATLAS": 2.009330055930398,
      "total": 1.8190914392471313
    }
  },
  "400": {
    "training_loss": 246.9332733154297,
    "validation_loss": [
      83.31637573242188
    ],
    "validation_chi2s": {
      "DEUTERON": 1.657181739807129,
      "ATLAS": 1.5481007315895774,
      "total": 1.6336544752120972
    }
  },
  "500": {
    "training_loss": 240.60354614257812,
    "validation_loss": [
      84.39867401123047
    ],
    "validation_chi2s": {
      "DEUTERON": 1.6872966766357422,
      "ATLAS": 1.5369827964089133,
      "total": 1.6548761129379272
    }
  },
  "600": {
    "training_loss": 224.68727111816406,
    "validation_loss": [
      106.29695129394531
    ],
    "validation_chi2s": {
      "DEUTERON": 2.010985565185547,
      "ATLAS": 2.350684946233576,
      "total": 2.084254026412964
    }
  }
}