{
  "100": {
    "training_loss": 310.390625,
    "validation_loss": [
      103.48004150390625
    ],
    "validation_chi2s": {
      "DEUTERON": 2.264374542236328,
      "ATLAS": 1.17318716916171,
      "total": 2.029020309448242
    }
  },
  "200": {
    "training_loss": 282.8812561035156,
    "validation_loss": [
      87.1696548461914
    ],
    "validation_chi2s": {
      "DEUTERON": 1.9250091552734374,
      "ATLAS": 0.9244809584184126,
      "total": 1.7092089653015137
    }
  },
  "300": {
    "training_loss": 259.37518310546875,
    "validation_loss": [
      87.29273986816406
    ],
    "validation_chi2s": {
      "DEUTERON": 1.9697296142578125,
      "ATLAS": 0.7730510018088601,
      "total": 1.7116224765777588
    }
  },
  "400": {
    "training_loss": 264.3671875,
    "validation_loss": [
      87.57091522216797
    ],
    "validation_chi2s": {
      "DEUTERON": 1.922865104675293,
      "ATLAS": 0.9687555486505682,
      "total": 1.7170767784118652
    }
  },
  "500": {
    "training_loss": 267.9085388183594,
    "validation_loss": [
      81.9753646850586
    ],
    "validation_chi2s": {
      "DEUTERON": 1.774305534362793,
      "ATLAS": 1.0002860155972568,
      "total": 1.6073601245880127
    }
  },
  "600": {
    "training_loss": 257.53021240234375,
    "validation_loss": [
      86.73613739013672
    ],
    "validation_chi2s": {
      "DEUTERON": 1.8733985900878907,
      "ATLAS": 1.072745149785822,
      "total": 1.7007086277008057
    }
  },
  "700": {
    "training_loss": 259.67901611328125,
    "validation_loss": [
      84.92485809326172
    ],
    "validation_chi2s": {
      "DEUTERON": 1.8496307373046874,
      "ATLAS": 0.9945120377974077,
      "total": 1.6651934385299683
    }
  },
  "800": {
    "training_loss": 248.52606201171875,
    "validation_loss": [
      83.79881286621094
    ],
    "validation_chi2s": {
      "DEUTERON": 1.8687883377075196,
      "ATLAS": 0.8224802884188566,
      "total": 1.6431139707565308
    }
  },
  "900": {
    "training_loss": 248.42787170410156,
    "validation_loss": [
      82.61457061767578
    ],
    "validation_chi2s": {
      "DEUTERON": 1.8385347366333007,
      "ATLAS": 0.8248348236083984,
      "total": 1.6198935508728027
    }
  }
}