{
  "100": {
    "training_loss": 275.143310546875,
    "validation_loss": [
      244.9140625
    ],
    "validation_chi2s": {
      "DEUTERON": 2.5009714126586915,
      "ATLAS": 2.5483814586292612,
      "total": 2.5111968517303467
    }
  },
  "200": {
    "training_loss": 264.79345703125,
    "validation_loss": [
      129.4778594970703
    ],
    "validation_chi2s": {
      "DEUTERON": 2.477828598022461,
      "ATLAS": 2.7604283419522373,
      "total": 2.5387816429138184
    }
  },
  "300": {
    "training_loss": 710.05859375,
    "validation_loss": [
      121.47866821289062
    ],
    "validation_chi2s": {
      "DEUTERON": 2.2997905731201174,
      "ATLAS": 2.6806404807350854,
      "total": 2.381934642791748
    }
  },
  "400": {
    "training_loss": 268.745361328125,
    "validation_loss": [
      111.49835968017578
    ],
    "validation_chi2s": {
      "DEUTERON": 2.0488056182861327,
      "ATLAS": 2.686012614857067,
      "total": 2.1862425804138184
    }
  },
  "500": {
    "training_loss": 233.13861083984375,
    "validation_loss": [
      108.65320587158203
    ],
    "validation_chi2s": {
      "DEUTERON": 2.01485595703125,
      "ATLAS": 2.5508155822753906,
      "total": 2.130455255508423
    }
  }
}