{
  "100": {
    "training_loss": 13505.5,
    "validation_loss": [
      5538.095703125
    ],
    "validation_chi2s": {
      "DEUTERON": 4.044630971120958,
      "NMC": 3.0613415287990198,
      "NUCLEAR": 5.08379638671875,
      "HERACOMB": 3.5098067140267566,
      "DYE886": 2.2873510880903765,
      "CDF": 3.664400100708008,
      "D0": 3.4001701354980467,
      "ATLAS": 7.321522799405185,
      "CMS": 5.314916098990092,
      "LHCb": 4.753211975097656,
      "total": 4.684591770172119
    }
  },
  "200": {
    "training_loss": 8489.212890625,
    "validation_loss": [
      3161.715576171875
    ],
    "validation_chi2s": {
      "DEUTERON": 2.6482841529656405,
      "NMC": 2.6427875593596815,
      "NUCLEAR": 2.549056640625,
      "HERACOMB": 2.4537098205167482,
      "DYE886": 2.268096230246804,
      "CDF": 1.8874860491071428,
      "D0": 1.9134710311889649,
      "ATLAS": 3.048670682040128,
      "CMS": 2.818828799860264,
      "LHCb": 3.8219282627105713,
      "total": 2.6680948734283447
    }
  },
  "300": {
    "training_loss": 8089.0615234375,
    "validation_loss": [
      3023.595947265625
    ],
    "validation_chi2s": {
      "DEUTERON": 2.5038880305503732,
      "NMC": 2.481328328450521,
      "NUCLEAR": 2.360190673828125,
      "HERACOMB": 2.40827951867596,
      "DYE886": 2.638063083995472,
      "CDF": 1.3841118131365096,
      "D0": 1.7603723526000976,
      "ATLAS": 2.954458063299006,
      "CMS": 2.68719482421875,
      "LHCb": 3.635350465774536,
      "total": 2.5543134212493896
    }
  },
  "400": {
    "training_loss": 8002.43408203125,
    "validation_loss": [
      2962.63134765625
    ],
    "validation_chi2s": {
      "DEUTERON": 2.363145818757774,
      "NMC": 2.4062942804074754,
      "NUCLEAR": 2.2955947265625,
      "HERACOMB": 2.4092646580116424,
      "DYE886": 2.661924882368608,
      "CDF": 1.4380632128034319,
      "D0": 1.6990205764770507,
      "ATLAS": 2.9581586664373223,
      "CMS": 2.597249100847942,
      "LHCb": 3.5694491863250732,
      "total": 2.503214120864868
    }
  },
  "500": {
    "training_loss": 7959.2021484375,
    "validation_loss": [
      2931.86328125
    ],
    "validation_chi2s": {
      "DEUTERON": 2.267508587433924,
      "NMC": 2.3774791044347428,
      "NUCLEAR": 2.2693583984375,
      "HERACOMB": 2.40466348486009,
      "DYE886": 2.6706985126842153,
      "CDF": 1.5146427154541016,
      "D0": 1.709637451171875,
      "ATLAS": 2.975890419699929,
      "CMS": 2.568784388100229,
      "LHCb": 3.5356335639953613,
      "total": 2.4783525466918945
    }
  },
  "600": {
    "training_loss": 7874.763671875,
    "validation_loss": [
      2904.49072265625
    ],
    "validation_chi2s": {
      "DEUTERON": 2.1362101236979165,
      "NMC": 2.390097973393459,
      "NUCLEAR": 2.25365087890625,
      "HERACOMB": 2.3771585701337825,
      "DYE886": 2.8906078338623047,
      "CDF": 1.4015790394374303,
      "D0": 1.8806581497192383,
      "ATLAS": 3.002701152454723,
      "CMS": 2.6000026299701475,
      "LHCb": 3.4953248500823975,
      "total": 2.4570744037628174
    }
  },
  "700": {
    "training_loss": 7883.10595703125,
    "validation_loss": [
      2877.993408203125
    ],
    "validation_chi2s": {
      "DEUTERON": 2.073519274963075,
      "NMC": 2.3598010493259802,
      "NUCLEAR": 2.237076904296875,
      "HERACOMB": 2.386450474558313,
      "DYE886": 2.706949060613459,
      "CDF": 1.5120256968906947,
      "D0": 1.7785409927368163,
      "ATLAS": 3.009062333540483,
      "CMS": 2.549543923478786,
      "LHCb": 3.4615421295166016,
      "total": 2.4350860118865967
    }
  },
  "800": {
    "training_loss": 7886.8544921875,
    "validation_loss": [
      2869.224853515625
    ],
    "validation_chi2s": {
      "DEUTERON": 2.0550960711578825,
      "NMC": 2.3536484662224266,
      "NUCLEAR": 2.227390869140625,
      "HERACOMB": 2.3896855373008576,
      "DYE886": 2.608297521417791,
      "CDF": 1.5316202981131417,
      "D0": 1.7656595230102539,
      "ATLAS": 3.0211022116921167,
      "CMS": 2.532464996586001,
      "LHCb": 3.442643165588379,
      "total": 2.4281272888183594
    }
  },
  "900": {
    "training_loss": 7842.37451171875,
    "validation_loss": [
      2870.7802734375
    ],
    "validation_chi2s": {
      "DEUTERON": 2.074812248571595,
      "NMC": 2.3671044742359832,
      "NUCLEAR": 2.21685498046875,
      "HERACOMB": 2.370859582439747,
      "DYE886": 2.7186853235418145,
      "CDF": 1.4291251046316964,
      "D0": 1.89001522064209,
      "ATLAS": 3.025830702348189,
      "CMS": 2.5558747082221798,
      "LHCb": 3.4324052333831787,
      "total": 2.430328845977783
    }
  },
  "1000": {
    "training_loss": 7849.85595703125,
    "validation_loss": [
      2864.724609375
    ],
    "validation_chi2s": {
      "DEUTERON": 2.072358847850591,
      "NMC": 2.356758716059666,
      "NUCLEAR": 2.213699951171875,
      "HERACOMB": 2.3755231869766136,
      "DYE886": 2.6033671985973013,
      "CDF": 1.4563394274030412,
      "D0": 1.8360797882080078,
      "ATLAS": 3.0343305414373223,
      "CMS": 2.532600464859629,
      "LHCb": 3.4035627841949463,
      "total": 2.4256105422973633
    }
  },
  "1100": {
    "training_loss": 7828.45849609375,
    "validation_loss": [
      2869.89599609375
    ],
    "validation_chi2s": {
      "DEUTERON": 2.1032982062344527,
      "NMC": 2.364267685834099,
      "NUCLEAR": 2.206554931640625,
      "HERACOMB": 2.36509774401297,
      "DYE886": 2.660501306707209,
      "CDF": 1.400766372680664,
      "D0": 1.928949737548828,
      "ATLAS": 3.039906241677024,
      "CMS": 2.5465095333936736,
      "LHCb": 3.3946168422698975,
      "total": 2.4305577278137207
    }
  },
  "1200": {
    "training_loss": 7841.74755859375,
    "validation_loss": [
      2866.475830078125
    ],
    "validation_chi2s": {
      "DEUTERON": 2.1133056944282496,
      "NMC": 2.3518963982077206,
      "NUCLEAR": 2.203388427734375,
      "HERACOMB": 2.371383367800245,
      "DYE886": 2.5515447096391157,
      "CDF": 1.4384359632219588,
      "D0": 1.8503545761108398,
      "ATLAS": 3.0445067665793677,
      "CMS": 2.520447769785315,
      "LHCb": 3.380735158920288,
      "total": 2.4278016090393066
    }
  },
  "1300": {
    "training_loss": 7827.54248046875,
    "validation_loss": [
      2867.31787109375
    ],
    "validation_chi2s": {
      "DEUTERON": 2.13215234860852,
      "NMC": 2.3557362275965072,
      "NUCLEAR": 2.19641064453125,
      "HERACOMB": 2.3630329206878065,
      "DYE886": 2.601491407914595,
      "CDF": 1.4037113189697266,
      "D0": 1.8982913970947266,
      "ATLAS": 3.041834744540128,
      "CMS": 2.526159270992124,
      "LHCb": 3.3850443363189697,
      "total": 2.428981065750122
    }
  },
  "1400": {
    "training_loss": 7818.00927734375,
    "validation_loss": [
      2868.265380859375
    ],
    "validation_chi2s": {
      "DEUTERON": 2.145942194544854,
      "NMC": 2.359264897365196,
      "NUCLEAR": 2.1927587890625,
      "HERACOMB": 2.3568891138812296,
      "DYE886": 2.6190225427800957,
      "CDF": 1.3805716378348214,
      "D0": 1.9434349060058593,
      "ATLAS": 3.0449256896972656,
      "CMS": 2.529068861550432,
      "LHCb": 3.3726089000701904,
      "total": 2.430116653442383
    }
  },
  "1500": {
    "training_loss": 7827.15478515625,
    "validation_loss": [
      2865.15966796875
    ],
    "validation_chi2s": {
      "DEUTERON": 2.148324994898554,
      "NMC": 2.3498174629959405,
      "NUCLEAR": 2.1935009765625,
      "HERACOMB": 2.361569473166871,
      "DYE886": 2.5223910591819068,
      "CDF": 1.429710933140346,
      "D0": 1.872318649291992,
      "ATLAS": 3.0532295920632104,
      "CMS": 2.5071180390148626,
      "LHCb": 3.3499677181243896,
      "total": 2.4277048110961914
    }
  },
  "1600": {
    "training_loss": 7815.06298828125,
    "validation_loss": [
      2866.298095703125
    ],
    "validation_chi2s": {
      "DEUTERON": 2.1650522716009797,
      "NMC": 2.3558793909409466,
      "NUCLEAR": 2.18834423828125,
      "HERACOMB": 2.3526042863434435,
      "DYE886": 2.5771876248446377,
      "CDF": 1.3662426812308175,
      "D0": 1.9328489303588867,
      "ATLAS": 3.0463253368030894,
      "CMS": 2.515247375984502,
      "LHCb": 3.369156837463379,
      "total": 2.428896903991699
    }
  },
  "1700": {
    "training_loss": 7809.43505859375,
    "validation_loss": [
      2864.03857421875
    ],
    "validation_chi2s": {
      "DEUTERON": 2.141486020823616,
      "NMC": 2.355712890625,
      "NUCLEAR": 2.195400390625,
      "HERACOMB": 2.3517705381306167,
      "DYE886": 2.54591196233576,
      "CDF": 1.3611921582903181,
      "D0": 1.9764331817626952,
      "ATLAS": 3.059770410711115,
      "CMS": 2.5152922839653202,
      "LHCb": 3.33192777633667,
      "total": 2.4269073009490967
    }
  },
  "1800": {
    "training_loss": 7816.935546875,
    "validation_loss": [
      3285.09521484375
    ],
    "validation_chi2s": {
      "DEUTERON": 4.055526505655317,
      "NMC": 2.3356890210918353,
      "NUCLEAR": 2.2053291015625,
      "HERACOMB": 2.445529114966299,
      "DYE886": 2.1117999336936255,
      "CDF": 1.5927760260445731,
      "D0": 1.8290103912353515,
      "ATLAS": 3.129027626731179,
      "CMS": 2.483449052019817,
      "LHCb": 3.486143112182617,
      "total": 2.782320976257324
    }
  },
  "1900": {
    "training_loss": 7825.8759765625,
    "validation_loss": [
      3215.1484375
    ],
    "validation_chi2s": {
      "DEUTERON": 3.7443437718633397,
      "NMC": 2.3369523590686274,
      "NUCLEAR": 2.208285400390625,
      "HERACOMB": 2.437271417356005,
      "DYE886": 2.121970610185103,
      "CDF": 1.5581272670200892,
      "D0": 1.7590425491333008,
      "ATLAS": 3.122433402321555,
      "CMS": 2.472974823742378,
      "LHCb": 3.414454221725464,
      "total": 2.7231252193450928
    }
  },
  "2000": {
    "training_loss": 7836.98388671875,
    "validation_loss": [
      4156.24609375
    ],
    "validation_chi2s": {
      "DEUTERON": 8.482010115438433,
      "NMC": 2.3273722330729165,
      "NUCLEAR": 2.19038037109375,
      "HERACOMB": 2.4124201356975083,
      "DYE886": 2.1738241369074043,
      "CDF": 1.5336713790893555,
      "D0": 1.8214073181152344,
      "ATLAS": 3.085329229181463,
      "CMS": 2.4910873785251524,
      "LHCb": 3.5742251873016357,
      "total": 3.5228750705718994
    }
  },
  "2100": {
    "training_loss": 7825.4814453125,
    "validation_loss": [
      2857.1142578125
    ],
    "validation_chi2s": {
      "DEUTERON": 2.156757867158349,
      "NMC": 2.345636853984758,
      "NUCLEAR": 2.1858759765625,
      "HERACOMB": 2.3544000363817403,
      "DYE886": 2.4171933260830967,
      "CDF": 1.3753618512834822,
      "D0": 1.855367088317871,
      "ATLAS": 3.0556373596191406,
      "CMS": 2.4856435884305133,
      "LHCb": 3.367976188659668,
      "total": 2.421657085418701
    }
  },
  "2200": {
    "training_loss": 7809.7685546875,
    "validation_loss": [
      2856.88037109375
    ],
    "validation_chi2s": {
      "DEUTERON": 2.164277489505597,
      "NMC": 2.3525067497702206,
      "NUCLEAR": 2.181801513671875,
      "HERACOMB": 2.3463186625561683,
      "DYE886": 2.4815798672762783,
      "CDF": 1.3361403601510184,
      "D0": 1.9173810958862305,
      "ATLAS": 3.048173731023615,
      "CMS": 2.493367264910442,
      "LHCb": 3.3744451999664307,
      "total": 2.4216365814208984
    }
  },
  "2300": {
    "training_loss": 7800.33740234375,
    "validation_loss": [
      2855.078125
    ],
    "validation_chi2s": {
      "DEUTERON": 2.157584271027674,
      "NMC": 2.3606028837316178,
      "NUCLEAR": 2.178339599609375,
      "HERACOMB": 2.340212354473039,
      "DYE886": 2.518004677512429,
      "CDF": 1.3255326407296317,
      "D0": 1.9605527877807618,
      "ATLAS": 3.049021287397905,
      "CMS": 2.4990241818311736,
      "LHCb": 3.3782925605773926,
      "total": 2.4203298091888428
    }
  },
  "2400": {
    "training_loss": 7801.31005859375,
    "validation_loss": [
      6638.86083984375
    ],
    "validation_chi2s": {
      "DEUTERON": 20.76915714396766,
      "NMC": 2.3444022384344363,
      "NUCLEAR": 2.237211669921875,
      "HERACOMB": 2.3936239005693425,
      "DYE886": 2.187154769897461,
      "CDF": 1.4555965151105608,
      "D0": 1.869729232788086,
      "ATLAS": 3.174157229336825,
      "CMS": 2.467457592971926,
      "LHCb": 3.3521292209625244,
      "total": 5.630167007446289
    }
  },
  "2500": {
    "training_loss": 7812.427734375,
    "validation_loss": [
      2849.59033203125
    ],
    "validation_chi2s": {
      "DEUTERON": 2.1431175725377023,
      "NMC": 2.349564645804611,
      "NUCLEAR": 2.178783203125,
      "HERACOMB": 2.347234788283803,
      "DYE886": 2.4241789037531074,
      "CDF": 1.372933796473912,
      "D0": 1.8676149368286132,
      "ATLAS": 3.0581335587935015,
      "CMS": 2.480822803528328,
      "LHCb": 3.3541455268859863,
      "total": 2.4158473014831543
    }
  },
  "2600": {
    "training_loss": 7796.802734375,
    "validation_loss": [
      2847.4892578125
    ],
    "validation_chi2s": {
      "DEUTERON": 2.1336480135941387,
      "NMC": 2.3583204979990042,
      "NUCLEAR": 2.176294677734375,
      "HERACOMB": 2.3378365709890727,
      "DYE886": 2.49687368219549,
      "CDF": 1.3284576960972376,
      "D0": 1.9438848495483398,
      "ATLAS": 3.05705434625799,
      "CMS": 2.4899584762449187,
      "LHCb": 3.358858585357666,
      "total": 2.4143025875091553
    }
  },
  "2700": {
    "training_loss": 7794.1533203125,
    "validation_loss": [
      2846.1083984375
    ],
    "validation_chi2s": {
      "DEUTERON": 2.12751610599347,
      "NMC": 2.3568329156613816,
      "NUCLEAR": 2.176828125,
      "HERACOMB": 2.3370279548994075,
      "DYE886": 2.488922119140625,
      "CDF": 1.3199668611798967,
      "D0": 1.9583120346069336,
      "ATLAS": 3.063710646195845,
      "CMS": 2.487286823551829,
      "LHCb": 3.3397159576416016,
      "total": 2.4132139682769775
    }
  },
  "2800": {
    "training_loss": 7793.7158203125,
    "validation_loss": [
      2847.03369140625
    ],
    "validation_chi2s": {
      "DEUTERON": 2.1056006891810477,
      "NMC": 2.349991891898361,
      "NUCLEAR": 2.190048583984375,
      "HERACOMB": 2.342874963299122,
      "DYE886": 2.4156435186212715,
      "CDF": 1.331554685320173,
      "D0": 1.9667505264282226,
      "ATLAS": 3.0862159729003906,
      "CMS": 2.481761901359248,
      "LHCb": 3.2866697311401367,
      "total": 2.4136195182800293
    }
  },
  "2900": {
    "training_loss": 7795.30126953125,
    "validation_loss": [
      2842.834228515625
    ],
    "validation_chi2s": {
      "DEUTERON": 2.1198912663246268,
      "NMC": 2.3531588386086857,
      "NUCLEAR": 2.175467529296875,
      "HERACOMB": 2.3386725132761437,
      "DYE886": 2.4523908441716973,
      "CDF": 1.326730183192662,
      "D0": 1.9227518081665038,
      "ATLAS": 3.064510692249645,
      "CMS": 2.483303163109756,
      "LHCb": 3.336674451828003,
      "total": 2.410569667816162
    }
  },
  "3000": {
    "training_loss": 7788.89306640625,
    "validation_loss": [
      2840.001953125
    ],
    "validation_chi2s": {
      "DEUTERON": 2.110409712910059,
      "NMC": 2.3563192030962776,
      "NUCLEAR": 2.173354736328125,
      "HERACOMB": 2.3349106732536766,
      "DYE886": 2.4649274999445137,
      "CDF": 1.3074137823922294,
      "D0": 1.9564462661743165,
      "ATLAS": 3.0635500821200283,
      "CMS": 2.487713077204014,
      "LHCb": 3.335010528564453,
      "total": 2.4083399772644043
    }
  },
  "3100": {
    "training_loss": 7787.13037109375,
    "validation_loss": [
      2838.17333984375
    ],
    "validation_chi2s": {
      "DEUTERON": 2.0988910731984607,
      "NMC": 2.356016570446538,
      "NUCLEAR": 2.1736162109375,
      "HERACOMB": 2.334819319980596,
      "DYE886": 2.4576875513250176,
      "CDF": 1.3202723094395228,
      "D0": 1.9603591918945313,
      "ATLAS": 3.0715595592151987,
      "CMS": 2.4840006014195883,
      "LHCb": 3.3244903087615967,
      "total": 2.406891107559204
    }
  },
  "3200": {
    "training_loss": 7785.7470703125,
    "validation_loss": [
      2835.5244140625
    ],
    "validation_chi2s": {
      "DEUTERON": 2.09026219002643,
      "NMC": 2.3559170891256893,
      "NUCLEAR": 2.173822021484375,
      "HERACOMB": 2.335141848894506,
      "DYE886": 2.426541415127841,
      "CDF": 1.3153565270560128,
      "D0": 1.9525800704956056,
      "ATLAS": 3.0689142400568183,
      "CMS": 2.4891000142911586,
      "LHCb": 3.3158621788024902,
      "total": 2.4047679901123047
    }
  },
  "3300": {
    "training_loss": 7786.30810546875,
    "validation_loss": [
      2940.01171875
    ],
    "validation_chi2s": {
      "DEUTERON": 2.5157879122454134,
      "NMC": 2.342644036984911,
      "NUCLEAR": 2.15557421875,
      "HERACOMB": 2.36027596666922,
      "DYE886": 2.319945075295188,
      "CDF": 1.364037241254534,
      "D0": 1.851241683959961,
      "ATLAS": 3.0608430342240767,
      "CMS": 2.5382335631828,
      "LHCb": 3.774653911590576,
      "total": 2.493281364440918
    }
  },
  "3400": {
    "training_loss": 7795.423828125,
    "validation_loss": [
      3323.84619140625
    ],
    "validation_chi2s": {
      "DEUTERON": 4.3766081700870645,
      "NMC": 2.328104206160003,
      "NUCLEAR": 2.186852783203125,
      "HERACOMB": 2.4133839326746322,
      "DYE886": 2.0515480041503906,
      "CDF": 1.5007290158952986,
      "D0": 1.6908737182617188,
      "ATLAS": 3.1385553533380683,
      "CMS": 2.46530250611344,
      "LHCb": 3.361358165740967,
      "total": 2.817800760269165
    }
  },
  "3500": {
    "training_loss": 7799.69580078125,
    "validation_loss": [
      5057.2314453125
    ],
    "validation_chi2s": {
      "DEUTERON": 13.028359180659203,
      "NMC": 2.328805212881051,
      "NUCLEAR": 2.183982666015625,
      "HERACOMB": 2.4042673547283497,
      "DYE886": 2.055299932306463,
      "CDF": 1.4565033231462752,
      "D0": 1.682640838623047,
      "ATLAS": 3.1328340010209517,
      "CMS": 2.464198911093115,
      "LHCb": 3.3537914752960205,
      "total": 4.289648532867432
    }
  },
  "3600": {
    "training_loss": 7791.6416015625,
    "validation_loss": [
      3514.41162109375
    ],
    "validation_chi2s": {
      "DEUTERON": 5.318943004703048,
      "NMC": 2.3331556133195464,
      "NUCLEAR": 2.192566650390625,
      "HERACOMB": 2.414364484400531,
      "DYE886": 2.034474806352095,
      "CDF": 1.4726404462541853,
      "D0": 1.6634286880493163,
      "ATLAS": 3.155130212957209,
      "CMS": 2.457294743235518,
      "LHCb": 3.3116722106933594,
      "total": 2.9798479080200195
    }
  },
  "3700": {
    "training_loss": 7801.1455078125,
    "validation_loss": [
      695556.5
    ],
    "validation_chi2s": {
      "DEUTERON": 3448.370646766169,
      "NMC": 2.326648038976333,
      "NUCLEAR": 2.182804931640625,
      "HERACOMB": 2.3980571273105595,
      "DYE886": 2.054096221923828,
      "CDF": 1.4102894919259208,
      "D0": 1.6759716033935548,
      "ATLAS": 3.129511746493253,
      "CMS": 2.4632364908854165,
      "LHCb": 3.3295390605926514,
      "total": 590.4523315429688
    }
  },
  "3800": {
    "training_loss": 7781.11474609375,
    "validation_loss": [
      3508.336669921875
    ],
    "validation_chi2s": {
      "DEUTERON": 5.305246229788557,
      "NMC": 2.322450974408318,
      "NUCLEAR": 2.17197216796875,
      "HERACOMB": 2.4058823928334356,
      "DYE886": 2.0306405154141514,
      "CDF": 1.4568489619663783,
      "D0": 1.7407756805419923,
      "ATLAS": 3.1199968511408027,
      "CMS": 2.4984639485677085,
      "LHCb": 3.4944684505462646,
      "total": 2.9749794006347656
    }
  },
  "3900": {
    "training_loss": 7787.18896484375,
    "validation_loss": [
      9757207.0
    ],
    "validation_chi2s": {
      "DEUTERON": 48531.18407960199,
      "NMC": 2.326307408949908,
      "NUCLEAR": 2.180576171875,
      "HERACOMB": 2.407806396484375,
      "DYE886": 2.0322964408180932,
      "CDF": 1.4240758078438895,
      "D0": 1.6762002944946288,
      "ATLAS": 3.13960786299272,
      "CMS": 2.474065765132749,
      "LHCb": 3.3483221530914307,
      "total": 8282.8564453125
    }
  },
  "4000": {
    "training_loss": 7779.8740234375,
    "validation_loss": [
      2636084.5
    ],
    "validation_chi2s": {
      "DEUTERON": 13102.716417910447,
      "NMC": 2.320232914943321,
      "NUCLEAR": 2.168183349609375,
      "HERACOMB": 2.401659797219669,
      "DYE886": 2.036950718272816,
      "CDF": 1.4164430073329382,
      "D0": 1.7407495498657226,
      "ATLAS": 3.113761208274148,
      "CMS": 2.5021910628652186,
      "LHCb": 3.5077250003814697,
      "total": 2237.76025390625
    }
  },
  "4100": {
    "training_loss": 7786.982421875,
    "validation_loss": [
      140588.28125
    ],
    "validation_chi2s": {
      "DEUTERON": 687.3322450248756,
      "NMC": 2.3248430139878216,
      "NUCLEAR": 2.182425537109375,
      "HERACOMB": 2.401074577780331,
      "DYE886": 2.0294300426136362,
      "CDF": 1.3532578604561942,
      "D0": 1.6634029388427733,
      "ATLAS": 3.132368261163885,
      "CMS": 2.4724336949790398,
      "LHCb": 3.313721179962158,
      "total": 119.34201049804688
    }
  },
  "4200": {
    "training_loss": 7778.88818359375,
    "validation_loss": [
      91312.7421875
    ],
    "validation_chi2s": {
      "DEUTERON": 442.14699937810946,
      "NMC": 2.3314101275275734,
      "NUCLEAR": 2.190504638671875,
      "HERACOMB": 2.4115917729396448,
      "DYE886": 2.007902665571733,
      "CDF": 1.3666853223528181,
      "D0": 1.6452030181884765,
      "ATLAS": 3.149445273659446,
      "CMS": 2.4706373757463163,
      "LHCb": 3.2796578407287598,
      "total": 77.5121841430664
    }
  },
  "4300": {
    "training_loss": 7780.5478515625,
    "validation_loss": [
      2955.470458984375
    ],
    "validation_chi2s": {
      "DEUTERON": 2.6508406454057836,
      "NMC": 2.3213059668447458,
      "NUCLEAR": 2.15554052734375,
      "HERACOMB": 2.36579904992596,
      "DYE886": 2.086956024169922,
      "CDF": 1.3014674867902483,
      "D0": 1.7642814636230468,
      "ATLAS": 3.0883799466219815,
      "CMS": 2.512890079157139,
      "LHCb": 3.565467357635498,
      "total": 2.507153272628784
    }
  },
  "4400": {
    "training_loss": 7772.4443359375,
    "validation_loss": [
      4353.3447265625
    ],
    "validation_chi2s": {
      "DEUTERON": 9.502483918299129,
      "NMC": 2.3240018358417585,
      "NUCLEAR": 2.188144287109375,
      "HERACOMB": 2.413034077563317,
      "DYE886": 2.00417744029652,
      "CDF": 1.3742303848266602,
      "D0": 1.6579160690307617,
      "ATLAS": 3.167738827792081,
      "CMS": 2.4686284259082827,
      "LHCb": 3.276392936706543,
      "total": 3.69290828704834
    }
  },
  "4500": {
    "training_loss": 7763.408203125,
    "validation_loss": [
      15991.2021484375
    ],
    "validation_chi2s": {
      "DEUTERON": 67.43026566386816,
      "NMC": 2.3120501649145986,
      "NUCLEAR": 2.1661220703125,
      "HERACOMB": 2.4038462919347428,
      "DYE886": 2.0051966580477627,
      "CDF": 1.353381838117327,
      "D0": 1.7310880661010741,
      "ATLAS": 3.1130041642622515,
      "CMS": 2.519088621061992,
      "LHCb": 3.477670907974243,
      "total": 13.572517395019531
    }
  },
  "4600": {
    "training_loss": 7771.67236328125,
    "validation_loss": [
      3081.7197265625
    ],
    "validation_chi2s": {
      "DEUTERON": 3.1939897679570897,
      "NMC": 2.3265705482632506,
      "NUCLEAR": 2.191355224609375,
      "HERACOMB": 2.397613126468035,
      "DYE886": 2.0060483759099785,
      "CDF": 1.3657143456595284,
      "D0": 1.6811214447021485,
      "ATLAS": 3.2038442438299004,
      "CMS": 2.434611498824949,
      "LHCb": 3.2243218421936035,
      "total": 2.613898277282715
    }
  },
  "4700": {
    "training_loss": 7773.333984375,
    "validation_loss": [
      2824.732666015625
    ],
    "validation_chi2s": {
      "DEUTERON": 2.0600229139944806,
      "NMC": 2.3406403485466454,
      "NUCLEAR": 2.159481201171875,
      "HERACOMB": 2.335000430836397,
      "DYE886": 2.2683148817582564,
      "CDF": 1.2654458454677038,
      "D0": 1.9166765213012695,
      "ATLAS": 3.1065750122070312,
      "CMS": 2.4755579010257875,
      "LHCb": 3.328834295272827,
      "total": 2.3968753814697266
    }
  },
  "4800": {
    "training_loss": 7778.27392578125,
    "validation_loss": [
      2824.3935546875
    ],
    "validation_chi2s": {
      "DEUTERON": 2.033082724803716,
      "NMC": 2.3382168938131893,
      "NUCLEAR": 2.176575927734375,
      "HERACOMB": 2.345498477711397,
      "DYE886": 2.2026133103804155,
      "CDF": 1.2890382494245256,
      "D0": 1.899930763244629,
      "ATLAS": 3.1357026533647017,
      "CMS": 2.4521228821297,
      "LHCb": 3.2307417392730713,
      "total": 2.3965396881103516
    }
  },
  "4900": {
    "training_loss": 7762.69287109375,
    "validation_loss": [
      2817.5166015625
    ],
    "validation_chi2s": {
      "DEUTERON": 2.052119468575093,
      "NMC": 2.345577464384191,
      "NUCLEAR": 2.1545751953125,
      "HERACOMB": 2.3319694169985703,
      "DYE886": 2.229708584872159,
      "CDF": 1.1990314211164201,
      "D0": 1.8983753204345704,
      "ATLAS": 3.070044084028764,
      "CMS": 2.498676331062627,
      "LHCb": 3.3720364570617676,
      "total": 2.390770435333252
    }
  },
  "5000": {
    "training_loss": 7758.3857421875,
    "validation_loss": [
      3044.99267578125
    ],
    "validation_chi2s": {
      "DEUTERON": 3.0050540753264925,
      "NMC": 2.3081757788564645,
      "NUCLEAR": 2.16857275390625,
      "HERACOMB": 2.4046768487668504,
      "DYE886": 2.0221115459095347,
      "CDF": 1.4157351085117884,
      "D0": 1.7596384048461915,
      "ATLAS": 3.1462357260964136,
      "CMS": 2.5070249976181405,
      "LHCb": 3.41367506980896,
      "total": 2.5832250118255615
    }
  },
  "5100": {
    "training_loss": 7749.89013671875,
    "validation_loss": [
      3357.03271484375
    ],
    "validation_chi2s": {
      "DEUTERON": 4.5486799401430345,
      "NMC": 2.3110788382735907,
      "NUCLEAR": 2.17365283203125,
      "HERACOMB": 2.415136798534518,
      "DYE886": 1.9927356026389382,
      "CDF": 1.3052197865077428,
      "D0": 1.7107152938842773,
      "ATLAS": 3.143451690673828,
      "CMS": 2.5165333321424033,
      "LHCb": 3.345106601715088,
      "total": 2.847625732421875
    }
  },
  "5200": {
    "training_loss": 7748.8408203125,
    "validation_loss": [
      3766.89697265625
    ],
    "validation_chi2s": {
      "DEUTERON": 6.58110205806903,
      "NMC": 2.309785431506587,
      "NUCLEAR": 2.181300537109375,
      "HERACOMB": 2.4140644946129495,
      "DYE886": 1.9928781336004084,
      "CDF": 1.3595164162772042,
      "D0": 1.7149606704711915,
      "ATLAS": 3.1674509915438565,
      "CMS": 2.491644882574314,
      "LHCb": 3.2982959747314453,
      "total": 3.195779323577881
    }
  },
  "5300": {
    "training_loss": 7746.52001953125,
    "validation_loss": [
      3189.21533203125
    ],
    "validation_chi2s": {
      "DEUTERON": 3.7121746006296643,
      "NMC": 2.325393975949755,
      "NUCLEAR": 2.194399169921875,
      "HERACOMB": 2.4119342479830475,
      "DYE886": 1.9854242151433772,
      "CDF": 1.326425007411412,
      "D0": 1.6816265106201171,
      "ATLAS": 3.164054523814808,
      "CMS": 2.484352918175178,
      "LHCb": 3.229078531265259,
      "total": 2.7053940296173096
    }
  },
  "5400": {
    "training_loss": 7747.068359375,
    "validation_loss": [
      2820.99658203125
    ],
    "validation_chi2s": {
      "DEUTERON": 2.0336205022252023,
      "NMC": 2.3437987682866117,
      "NUCLEAR": 2.168904541015625,
      "HERACOMB": 2.337631724239175,
      "DYE886": 2.266535672274503,
      "CDF": 1.2041260855538505,
      "D0": 2.0390193939208983,
      "ATLAS": 3.1020708951083096,
      "CMS": 2.487626486677464,
      "LHCb": 3.238480567932129,
      "total": 2.3939638137817383
    }
  },
  "5500": {
    "training_loss": 7745.75341796875,
    "validation_loss": [
      2817.952392578125
    ],
    "validation_chi2s": {
      "DEUTERON": 2.03509521484375,
      "NMC": 2.3491339590035234,
      "NUCLEAR": 2.1713837890625,
      "HERACOMB": 2.3304882174223858,
      "DYE886": 2.2232881025834517,
      "CDF": 1.2047529220581055,
      "D0": 2.0222684860229494,
      "ATLAS": 3.1025463451038706,
      "CMS": 2.484484664792937,
      "LHCb": 3.21976375579834,
      "total": 2.3914055824279785
    }
  },
  "5600": {
    "training_loss": 7770.67041015625,
    "validation_loss": [
      2822.5458984375
    ],
    "validation_chi2s": {
      "DEUTERON": 2.0343132967972637,
      "NMC": 2.3289554072361365,
      "NUCLEAR": 2.17200439453125,
      "HERACOMB": 2.343704921747345,
      "DYE886": 2.159934650767933,
      "CDF": 1.262662478855678,
      "D0": 1.9445455551147461,
      "ATLAS": 3.12265361439098,
      "CMS": 2.4813894876619664,
      "LHCb": 3.2250876426696777,
      "total": 2.3952903747558594
    }
  },
  "5700": {
    "training_loss": 7754.0078125,
    "validation_loss": [
      3051.931640625
    ],
    "validation_chi2s": {
      "DEUTERON": 2.9357806912702116,
      "NMC": 2.3026701983283546,
      "NUCLEAR": 2.1866787109375,
      "HERACOMB": 2.4226694543377247,
      "DYE886": 2.043702732432972,
      "CDF": 1.5640621185302734,
      "D0": 1.7872543334960938,
      "ATLAS": 3.216996279629794,
      "CMS": 2.515490524167937,
      "LHCb": 3.300265312194824,
      "total": 2.5895774364471436
    }
  },
  "5800": {
    "training_loss": 7752.181640625,
    "validation_loss": [
      2836.1611328125
    ],
    "validation_chi2s": {
      "DEUTERON": 2.035686132326648,
      "NMC": 2.334666682224648,
      "NUCLEAR": 2.1710908203125,
      "HERACOMB": 2.3616568372140523,
      "DYE886": 2.235126668756658,
      "CDF": 1.3453553063528878,
      "D0": 1.9567346572875977,
      "ATLAS": 3.160186073996804,
      "CMS": 2.450767455062246,
      "LHCb": 3.309389591217041,
      "total": 2.406940460205078
    }
  },
  "5900": {
    "training_loss": 7760.2138671875,
    "validation_loss": [
      2823.818115234375
    ],
    "validation_chi2s": {
      "DEUTERON": 2.018496537089941,
      "NMC": 2.334926829618566,
      "NUCLEAR": 2.17838330078125,
      "HERACOMB": 2.3662282906326593,
      "DYE886": 2.1760533072731714,
      "CDF": 1.2544185093470983,
      "D0": 1.9143192291259765,
      "ATLAS": 3.087880568070845,
      "CMS": 2.4985664181592986,
      "LHCb": 3.218043088912964,
      "total": 2.396456718444824
    }
  },
  "6000": {
    "training_loss": 7744.919921875,
    "validation_loss": [
      2915.15185546875
    ],
    "validation_chi2s": {
      "DEUTERON": 2.3798832679862407,
      "NMC": 2.306594250248928,
      "NUCLEAR": 2.161424560546875,
      "HERACOMB": 2.38697745129953,
      "DYE886": 2.0833041451194068,
      "CDF": 1.3124840600149972,
      "D0": 1.8694204330444335,
      "ATLAS": 3.133965925736861,
      "CMS": 2.5351902411236025,
      "LHCb": 3.446352958679199,
      "total": 2.4738268852233887
    }
  },
  "6100": {
    "training_loss": 7740.89599609375,
    "validation_loss": [
      2821.12646484375
    ],
    "validation_chi2s": {
      "DEUTERON": 2.0221747403121113,
      "NMC": 2.3506613338694855,
      "NUCLEAR": 2.168146484375,
      "HERACOMB": 2.3466168571920956,
      "DYE886": 2.2766057794744317,
      "CDF": 1.219500950404576,
      "D0": 2.042655181884766,
      "ATLAS": 3.093079306862571,
      "CMS": 2.4990383241234757,
      "LHCb": 3.223073959350586,
      "total": 2.394221305847168
    }
  },
  "6200": {
    "training_loss": 7754.5625,
    "validation_loss": [
      2860.82470703125
    ],
    "validation_chi2s": {
      "DEUTERON": 2.159181205787469,
      "NMC": 2.3190692078833486,
      "NUCLEAR": 2.16597021484375,
      "HERACOMB": 2.3857407912709356,
      "DYE886": 2.0691382668235083,
      "CDF": 1.3584868567330497,
      "D0": 1.7906143188476562,
      "ATLAS": 3.0855112942782315,
      "CMS": 2.537908538570249,
      "LHCb": 3.3754308223724365,
      "total": 2.427809953689575
    }
  },
  "6300": {
    "training_loss": 7739.86376953125,
    "validation_loss": [
      2825.42919921875
    ],
    "validation_chi2s": {
      "DEUTERON": 2.018962195856654,
      "NMC": 2.3409383437212776,
      "NUCLEAR": 2.183045654296875,
      "HERACOMB": 2.3671651603349675,
      "DYE886": 2.1343997608531606,
      "CDF": 1.2003425870622908,
      "D0": 1.957099151611328,
      "ATLAS": 3.1006913618607954,
      "CMS": 2.494734353166286,
      "LHCb": 3.186094045639038,
      "total": 2.3979392051696777
    }
  },
  "6400": {
    "training_loss": 7727.31787109375,
    "validation_loss": [
      3246.80810546875
    ],
    "validation_chi2s": {
      "DEUTERON": 3.9659587803171643,
      "NMC": 2.318028618307675,
      "NUCLEAR": 2.188845458984375,
      "HERACOMB": 2.4314838484221815,
      "DYE886": 1.9876936132257634,
      "CDF": 1.4051212583269392,
      "D0": 1.7037181854248047,
      "ATLAS": 3.1291413740678267,
      "CMS": 2.5429015120839686,
      "LHCb": 3.275966167449951,
      "total": 2.755145311355591
    }
  },
  "6500": {
    "training_loss": 7749.96826171875,
    "validation_loss": [
      2815.47265625
    ],
    "validation_chi2s": {
      "DEUTERON": 2.036668767976524,
      "NMC": 2.3432950786515776,
      "NUCLEAR": 2.1623359375,
      "HERACOMB": 2.3373305376838234,
      "DYE886": 2.1839195598255503,
      "CDF": 1.2177839279174805,
      "D0": 1.9702157974243164,
      "ATLAS": 3.063783125443892,
      "CMS": 2.5223202589081555,
      "LHCb": 3.2662277221679688,
      "total": 2.3896000385284424
    }
  },
  "6600": {
    "training_loss": 7744.7861328125,
    "validation_loss": [
      2824.823486328125
    ],
    "validation_chi2s": {
      "DEUTERON": 2.025438147397777,
      "NMC": 2.345064499798943,
      "NUCLEAR": 2.175702880859375,
      "HERACOMB": 2.3616704005821076,
      "DYE886": 2.181900891390714,
      "CDF": 1.2549206869942802,
      "D0": 1.9074329376220702,
      "ATLAS": 3.110214580189098,
      "CMS": 2.4876912434895835,
      "LHCb": 3.1784205436706543,
      "total": 2.3975062370300293
    }
  },
  "6700": {
    "training_loss": 7752.2265625,
    "validation_loss": [
      2866.30126953125
    ],
    "validation_chi2s": {
      "DEUTERON": 2.143700139439521,
      "NMC": 2.310040642233456,
      "NUCLEAR": 2.1677421875,
      "HERACOMB": 2.403246711282169,
      "DYE886": 2.0713001598011362,
      "CDF": 1.251664161682129,
      "D0": 1.7811550140380858,
      "ATLAS": 3.129520069469105,
      "CMS": 2.531178296096926,
      "LHCb": 3.2927486896514893,
      "total": 2.4326529502868652
    }
  },
  "6800": {
    "training_loss": 7757.18212890625,
    "validation_loss": [
      2816.327880859375
    ],
    "validation_chi2s": {
      "DEUTERON": 2.0371547717953202,
      "NMC": 2.3407164928959867,
      "NUCLEAR": 2.166221435546875,
      "HERACOMB": 2.345312180861928,
      "DYE886": 2.1861547990278765,
      "CDF": 1.2094038554600306,
      "D0": 1.8825000762939452,
      "ATLAS": 3.079641168767756,
      "CMS": 2.486882403614075,
      "LHCb": 3.269888162612915,
      "total": 2.3904852867126465
    }
  },
  "6900": {
    "training_loss": 7724.08251953125,
    "validation_loss": [
      3364.93017578125
    ],
    "validation_chi2s": {
      "DEUTERON": 4.5670767257462686,
      "NMC": 2.3113741407207415,
      "NUCLEAR": 2.173678466796875,
      "HERACOMB": 2.4264350841247957,
      "DYE886": 1.9790918176824397,
      "CDF": 1.385143416268485,
      "D0": 1.6923337936401368,
      "ATLAS": 3.1387870094992896,
      "CMS": 2.545344655106707,
      "LHCb": 3.3307461738586426,
      "total": 2.855703592300415
    }
  },
  "7000": {
    "training_loss": 7719.28759765625,
    "validation_loss": [
      3010.480712890625
    ],
    "validation_chi2s": {
      "DEUTERON": 2.810457599696828,
      "NMC": 2.304055606617647,
      "NUCLEAR": 2.173194580078125,
      "HERACOMB": 2.4265483781403185,
      "DYE886": 1.9884275956587358,
      "CDF": 1.2912114007132394,
      "D0": 1.7211343765258789,
      "ATLAS": 3.11770976673473,
      "CMS": 2.5542016998539125,
      "LHCb": 3.3951175212860107,
      "total": 2.554969310760498
    }
  },
  "7100": {
    "training_loss": 7739.55810546875,
    "validation_loss": [
      2827.40625
    ],
    "validation_chi2s": {
      "DEUTERON": 2.0379631080437655,
      "NMC": 2.3426211488013173,
      "NUCLEAR": 2.17602099609375,
      "HERACOMB": 2.3722390567555145,
      "DYE886": 2.183603113347834,
      "CDF": 1.1673650741577148,
      "D0": 1.8859197616577148,
      "ATLAS": 3.101016304709695,
      "CMS": 2.495204770468115,
      "LHCb": 3.137561321258545,
      "total": 2.3999791145324707
    }
  },
  "7200": {
    "training_loss": 7739.85205078125,
    "validation_loss": [
      2891.94287109375
    ],
    "validation_chi2s": {
      "DEUTERON": 2.166964402839319,
      "NMC": 2.3236324833888635,
      "NUCLEAR": 2.184781494140625,
      "HERACOMB": 2.3973257027420343,
      "DYE886": 2.1417111483487217,
      "CDF": 1.734985079084124,
      "D0": 1.832625389099121,
      "ATLAS": 3.292859510941939,
      "CMS": 2.4036708924828507,
      "LHCb": 3.2860875129699707,
      "total": 2.454822301864624
    }
  },
  "7300": {
    "training_loss": 7734.27734375,
    "validation_loss": [
      2823.618896484375
    ],
    "validation_chi2s": {
      "DEUTERON": 2.0421370321245336,
      "NMC": 2.3376541137695312,
      "NUCLEAR": 2.17197802734375,
      "HERACOMB": 2.357953239889706,
      "DYE886": 2.185556411743164,
      "CDF": 1.1885980878557478,
      "D0": 1.9950380325317383,
      "ATLAS": 3.0879585959694604,
      "CMS": 2.497336534949822,
      "LHCb": 3.191950559616089,
      "total": 2.3967456817626953
    }
  },
  "7400": {
    "training_loss": 7725.27587890625,
    "validation_loss": [
      2828.206787109375
    ],
    "validation_chi2s": {
      "DEUTERON": 2.0613412430037314,
      "NMC": 2.343725466260723,
      "NUCLEAR": 2.16949755859375,
      "HERACOMB": 2.3492940266927085,
      "DYE886": 2.260995864868164,
      "CDF": 1.246197291782924,
      "D0": 2.09820499420166,
      "ATLAS": 3.06950551813299,
      "CMS": 2.529378999539507,
      "LHCb": 3.1902852058410645,
      "total": 2.4006800651550293
    }
  },
  "7500": {
    "training_loss": 7745.4013671875,
    "validation_loss": [
      2863.89404296875
    ],
    "validation_chi2s": {
      "DEUTERON": 2.1368500818660605,
      "NMC": 2.308473175647212,
      "NUCLEAR": 2.17021337890625,
      "HERACOMB": 2.405835120506536,
      "DYE886": 2.0541213642467153,
      "CDF": 1.3730970110212053,
      "D0": 1.6922595977783204,
      "ATLAS": 3.1517444957386362,
      "CMS": 2.5032336227292937,
      "LHCb": 3.2303409576416016,
      "total": 2.430966377258301
    }
  },
  "7600": {
    "training_loss": 7716.501953125,
    "validation_loss": [
      2830.08154296875
    ],
    "validation_chi2s": {
      "DEUTERON": 2.059987841553949,
      "NMC": 2.3457251156077668,
      "NUCLEAR": 2.168925048828125,
      "HERACOMB": 2.34567240796058,
      "DYE886": 2.279047879305753,
      "CDF": 1.2760301317487444,
      "D0": 2.1129505157470705,
      "ATLAS": 3.060484452681108,
      "CMS": 2.5591944252572407,
      "LHCb": 3.20434832572937,
      "total": 2.4022603034973145
    }
  },
  "7700": {
    "training_loss": 7756.72802734375,
    "validation_loss": [
      2825.87744140625
    ],
    "validation_chi2s": {
      "DEUTERON": 2.093804051033893,
      "NMC": 2.340180939319087,
      "NUCLEAR": 2.165942626953125,
      "HERACOMB": 2.3396740084380108,
      "DYE886": 2.1498721729625356,
      "CDF": 1.2354119164603097,
      "D0": 1.915019416809082,
      "ATLAS": 3.08737494728782,
      "CMS": 2.4840422839653202,
      "LHCb": 3.251688241958618,
      "total": 2.39872145652771
    }
  },
  "7800": {
    "training_loss": 7724.869140625,
    "validation_loss": [
      2871.70361328125
    ],
    "validation_chi2s": {
      "DEUTERON": 2.133751408970771,
      "NMC": 2.316295249789369,
      "NUCLEAR": 2.190880126953125,
      "HERACOMB": 2.425005943946589,
      "DYE886": 2.0137108889493076,
      "CDF": 1.4140144075666154,
      "D0": 1.6573778152465821,
      "ATLAS": 3.1351273276589136,
      "CMS": 2.5128786660791413,
      "LHCb": 3.219303607940674,
      "total": 2.437559127807617
    }
  },
  "7900": {
    "training_loss": 7723.51708984375,
    "validation_loss": [
      3020.47021484375
    ],
    "validation_chi2s": {
      "DEUTERON": 2.894059669912158,
      "NMC": 2.3293639538334867,
      "NUCLEAR": 2.194040771484375,
      "HERACOMB": 2.415713042215584,
      "DYE886": 2.009684822776101,
      "CDF": 1.2961869921003069,
      "D0": 1.6778289794921875,
      "ATLAS": 3.156554482199929,
      "CMS": 2.4694571146150914,
      "LHCb": 3.197969436645508,
      "total": 2.5635979175567627
    }
  },
  "8000": {
    "training_loss": 7752.2685546875,
    "validation_loss": [
      2835.562255859375
    ],
    "validation_chi2s": {
      "DEUTERON": 2.0523270184720928,
      "NMC": 2.3344976387771905,
      "NUCLEAR": 2.176459228515625,
      "HERACOMB": 2.3748709485421773,
      "DYE886": 2.1387419267134233,
      "CDF": 1.452355112348284,
      "D0": 1.7187171936035157,
      "ATLAS": 3.12327749078924,
      "CMS": 2.4983059022484757,
      "LHCb": 3.175387382507324,
      "total": 2.406968832015991
    }
  },
  "8100": {
    "training_loss": 7724.18408203125,
    "validation_loss": [
      2821.4912109375
    ],
    "validation_chi2s": {
      "DEUTERON": 2.0584820040422884,
      "NMC": 2.3545135797238816,
      "NUCLEAR": 2.1765546875,
      "HERACOMB": 2.338779025607639,
      "DYE886": 2.0499222495339136,
      "CDF": 1.3159467152186803,
      "D0": 1.7936223983764648,
      "ATLAS": 3.157101717862216,
      "CMS": 2.43475738773501,
      "LHCb": 3.124744176864624,
      "total": 2.3947393894195557
    }
  },
  "8200": {
    "training_loss": 7737.498046875,
    "validation_loss": [
      2833.81591796875
    ],
    "validation_chi2s": {
      "DEUTERON": 2.04377587161847,
      "NMC": 2.327975404028799,
      "NUCLEAR": 2.177371337890625,
      "HERACOMB": 2.3710801866319446,
      "DYE886": 2.243684768676758,
      "CDF": 1.365952627999442,
      "D0": 1.8502172470092773,
      "ATLAS": 3.098928624933416,
      "CMS": 2.5042203577553352,
      "LHCb": 3.23044490814209,
      "total": 2.4054741859436035
    }
  },
  "8300": {
    "training_loss": 7724.02734375,
    "validation_loss": [
      2851.00439453125
    ],
    "validation_chi2s": {
      "DEUTERON": 2.0547090596820583,
      "NMC": 2.333802167107077,
      "NUCLEAR": 2.190953125,
      "HERACOMB": 2.382742489085478,
      "DYE886": 2.1980712197043677,
      "CDF": 1.3774374553135462,
      "D0": 1.9671363830566406,
      "ATLAS": 3.1396467035466973,
      "CMS": 2.509679778804624,
      "LHCb": 3.2172164916992188,
      "total": 2.4200069904327393
    }
  },
  "8400": {
    "training_loss": 7728.30810546875,
    "validation_loss": [
      2893.7001953125
    ],
    "validation_chi2s": {
      "DEUTERON": 2.252666416452892,
      "NMC": 2.309238209443934,
      "NUCLEAR": 2.18741455078125,
      "HERACOMB": 2.4258049858940973,
      "DYE886": 2.0359009829434482,
      "CDF": 1.3936541421072823,
      "D0": 1.645711898803711,
      "ATLAS": 3.1470517245205967,
      "CMS": 2.486849653042429,
      "LHCb": 3.2037367820739746,
      "total": 2.4558513164520264
    }
  },
  "8500": {
    "training_loss": 7715.5078125,
    "validation_loss": [
      2817.51123046875
    ],
    "validation_chi2s": {
      "DEUTERON": 2.063727231761116,
      "NMC": 2.3641411276424633,
      "NUCLEAR": 2.16721337890625,
      "HERACOMB": 2.33145121655433,
      "DYE886": 2.14856615933505,
      "CDF": 1.1603186471121651,
      "D0": 1.993695068359375,
      "ATLAS": 3.0904991843483667,
      "CMS": 2.479702088891006,
      "LHCb": 3.2028512954711914,
      "total": 2.3916451930999756
    }
  },
  "8600": {
    "training_loss": 7741.4501953125,
    "validation_loss": [
      2850.221435546875
    ],
    "validation_chi2s": {
      "DEUTERON": 2.0795694986979165,
      "NMC": 2.325955858417586,
      "NUCLEAR": 2.18009228515625,
      "HERACOMB": 2.3944809857536766,
      "DYE886": 2.2060503526167436,
      "CDF": 1.3317721230643136,
      "D0": 1.9408756256103517,
      "ATLAS": 3.109529668634588,
      "CMS": 2.511688232421875,
      "LHCb": 3.1955950260162354,
      "total": 2.419431209564209
    }
  },
  "8700": {
    "training_loss": 7740.01416015625,
    "validation_loss": [
      2849.021728515625
    ],
    "validation_chi2s": {
      "DEUTERON": 2.078169182165345,
      "NMC": 2.34534065396178,
      "NUCLEAR": 2.18409423828125,
      "HERACOMB": 2.3771613625919117,
      "DYE886": 2.309369347312234,
      "CDF": 1.574115208217076,
      "D0": 1.7992834091186523,
      "ATLAS": 3.129041151566939,
      "CMS": 2.4691737725482725,
      "LHCb": 3.2468221187591553,
      "total": 2.4184165000915527
    }
  },
  "8800": {
    "training_loss": 7753.8212890625,
    "validation_loss": [
      2837.86669921875
    ],
    "validation_chi2s": {
      "DEUTERON": 2.067768305688355,
      "NMC": 2.3090645285213696,
      "NUCLEAR": 2.171583984375,
      "HERACOMB": 2.373547123927696,
      "DYE886": 2.15144850990989,
      "CDF": 1.3862791061401367,
      "D0": 1.7968143463134765,
      "ATLAS": 3.126353523947976,
      "CMS": 2.490181775597053,
      "LHCb": 3.23833966255188,
      "total": 2.4089529514312744
    }
  },
  "8900": {
    "training_loss": 7741.55712890625,
    "validation_loss": [
      2827.33935546875
    ],
    "validation_chi2s": {
      "DEUTERON": 2.101061616964008,
      "NMC": 2.3408309338139555,
      "NUCLEAR": 2.16438720703125,
      "HERACOMB": 2.3469555424708948,
      "DYE886": 2.084283481944691,
      "CDF": 1.2263593673706055,
      "D0": 1.7715471267700196,
      "ATLAS": 3.1047807173295454,
      "CMS": 2.471440509082825,
      "LHCb": 3.240037202835083,
      "total": 2.4000213146209717
    }
  },
  "9000": {
    "training_loss": 7732.8828125,
    "validation_loss": [
      3020.15478515625
    ],
    "validation_chi2s": {
      "DEUTERON": 2.930701108714241,
      "NMC": 2.3041690003638173,
      "NUCLEAR": 2.176019775390625,
      "HERACOMB": 2.4118546629263684,
      "DYE886": 2.0495308962735264,
      "CDF": 1.4045049122401647,
      "D0": 1.6668277740478517,
      "ATLAS": 3.1023025512695312,
      "CMS": 2.503969518149771,
      "LHCb": 3.298475980758667,
      "total": 2.56345534324646
    }
  },
  "9100": {
    "training_loss": 7736.70166015625,
    "validation_loss": [
      2828.24853515625
    ],
    "validation_chi2s": {
      "DEUTERON": 2.07146776493509,
      "NMC": 2.30128194771561,
      "NUCLEAR": 2.16291845703125,
      "HERACOMB": 2.3761947731566586,
      "DYE886": 2.0895762010054155,
      "CDF": 1.18621826171875,
      "D0": 1.713364028930664,
      "ATLAS": 3.0938099947842685,
      "CMS": 2.478335248745554,
      "LHCb": 3.3055174350738525,
      "total": 2.400768995285034
    }
  },
  "9200": {
    "training_loss": 7719.51513671875,
    "validation_loss": [
      2898.17822265625
    ],
    "validation_chi2s": {
      "DEUTERON": 2.259063568874378,
      "NMC": 2.3028435800589766,
      "NUCLEAR": 2.196877197265625,
      "HERACOMB": 2.4277357712290644,
      "DYE886": 2.0133056640625,
      "CDF": 1.3854193006243025,
      "D0": 1.6233671188354493,
      "ATLAS": 3.132282950661399,
      "CMS": 2.51507965336001,
      "LHCb": 3.2271881103515625,
      "total": 2.459893226623535
    }
  },
  "9300": {
    "training_loss": 7734.681640625,
    "validation_loss": [
      3074.035888671875
    ],
    "validation_chi2s": {
      "DEUTERON": 3.183709139847637,
      "NMC": 2.305587170170803,
      "NUCLEAR": 2.17206298828125,
      "HERACOMB": 2.401944229026246,
      "DYE886": 2.0509199662642046,
      "CDF": 1.461367470877511,
      "D0": 1.761056137084961,
      "ATLAS": 3.130648526278409,
      "CMS": 2.5013231727165905,
      "LHCb": 3.336237668991089,
      "total": 2.6094212532043457
    }
  },
  "9400": {
    "training_loss": 7734.984375,
    "validation_loss": [
      2849.8095703125
    ],
    "validation_chi2s": {
      "DEUTERON": 2.045860935799518,
      "NMC": 2.3290679034064796,
      "NUCLEAR": 2.180017578125,
      "HERACOMB": 2.4091776928870505,
      "DYE886": 2.1156064813787285,
      "CDF": 1.380592209952218,
      "D0": 1.8031129837036133,
      "ATLAS": 3.171515031294389,
      "CMS": 2.4691157147167173,
      "LHCb": 3.1682043075561523,
      "total": 2.419119119644165
    }
  },
  "9500": {
    "training_loss": 7780.79443359375,
    "validation_loss": [
      2824.2197265625
    ],
    "validation_chi2s": {
      "DEUTERON": 2.0805853848433613,
      "NMC": 2.327330794988894,
      "NUCLEAR": 2.160722412109375,
      "HERACOMB": 2.3498056449142157,
      "DYE886": 2.113108895041726,
      "CDF": 1.3015940529959542,
      "D0": 1.6641317367553712,
      "ATLAS": 3.096524325284091,
      "CMS": 2.479907276184578,
      "LHCb": 3.3047728538513184,
      "total": 2.397387981414795
    }
  },
  "9600": {
    "training_loss": 7736.81787109375,
    "validation_loss": [
      3025.28173828125
    ],
    "validation_chi2s": {
      "DEUTERON": 2.9639743785953048,
      "NMC": 2.310180813658471,
      "NUCLEAR": 2.169878662109375,
      "HERACOMB": 2.407644433912888,
      "DYE886": 2.065404024991122,
      "CDF": 1.3886480331420898,
      "D0": 1.7076318740844727,
      "ATLAS": 3.109892411665483,
      "CMS": 2.4841913983104673,
      "LHCb": 3.352374792098999,
      "total": 2.568077564239502
    }
  },
  "9700": {
    "training_loss": 7784.1259765625,
    "validation_loss": [
      2833.35595703125
    ],
    "validation_chi2s": {
      "DEUTERON": 2.1467405100960044,
      "NMC": 2.3345697440353095,
      "NUCLEAR": 2.15896826171875,
      "HERACOMB": 2.3420154845792482,
      "DYE886": 2.106371272693981,
      "CDF": 1.293257440839495,
      "D0": 1.7089006423950195,
      "ATLAS": 3.1063495982776987,
      "CMS": 2.4564623328728405,
      "LHCb": 3.2807435989379883,
      "total": 2.405165433883667
    }
  },
  "9800": {
    "training_loss": 7750.353515625,
    "validation_loss": [
      2839.2861328125
    ],
    "validation_chi2s": {
      "DEUTERON": 2.0201168534767566,
      "NMC": 2.3046978221220127,
      "NUCLEAR": 2.171466064453125,
      "HERACOMB": 2.3809700760186887,
      "DYE886": 2.240031675858931,
      "CDF": 1.3024444580078125,
      "D0": 1.864915657043457,
      "ATLAS": 3.214053067294034,
      "CMS": 2.4465706677940804,
      "LHCb": 3.1422412395477295,
      "total": 2.4102094173431396
    }
  },
  "9900": {
    "training_loss": 7742.31005859375,
    "validation_loss": [
      2822.4443359375
    ],
    "validation_chi2s": {
      "DEUTERON": 2.050369338609686,
      "NMC": 2.3233283547794117,
      "NUCLEAR": 2.164275634765625,
      "HERACOMB": 2.358988045087827,
      "DYE886": 2.1896176771684126,
      "CDF": 1.14149842943464,
      "D0": 1.8953737258911132,
      "ATLAS": 3.083860223943537,
      "CMS": 2.5052286783854165,
      "LHCb": 3.213190793991089,
      "total": 2.3959028720855713
    }
  },
  "10000": {
    "training_loss": 7751.06787109375,
    "validation_loss": [
      3276.1201171875
    ],
    "validation_chi2s": {
      "DEUTERON": 4.145671180231655,
      "NMC": 2.29130584118413,
      "NUCLEAR": 2.173710205078125,
      "HERACOMB": 2.416976629518995,
      "DYE886": 2.0434240861372515,
      "CDF": 1.3298326219831194,
      "D0": 1.7220245361328126,
      "ATLAS": 3.227752685546875,
      "CMS": 2.4403435931942328,
      "LHCb": 3.217825412750244,
      "total": 2.7808661460876465
    }
  },
  "10100": {
    "training_loss": 7753.79296875,
    "validation_loss": [
      2907.41845703125
    ],
    "validation_chi2s": {
      "DEUTERON": 2.331342251146611,
      "NMC": 2.305339439242494,
      "NUCLEAR": 2.17759326171875,
      "HERACOMB": 2.428024391722835,
      "DYE886": 2.066618659279563,
      "CDF": 1.2113526208060128,
      "D0": 1.6417205810546875,
      "ATLAS": 3.157072587446733,
      "CMS": 2.4767714089494413,
      "LHCb": 3.209831714630127,
      "total": 2.467665910720825
    }
  },
  "10200": {
    "training_loss": 7729.38134765625,
    "validation_loss": [
      3096.84375
    ],
    "validation_chi2s": {
      "DEUTERON": 3.2888481178093905,
      "NMC": 2.3098557416130516,
      "NUCLEAR": 2.180060791015625,
      "HERACOMB": 2.4083610983455883,
      "DYE886": 2.0115706703879614,
      "CDF": 1.3174495697021484,
      "D0": 1.6404674530029297,
      "ATLAS": 3.195619062943892,
      "CMS": 2.434098654646214,
      "LHCb": 3.2569050788879395,
      "total": 2.628828763961792
    }
  },
  "10300": {
    "training_loss": 7732.302734375,
    "validation_loss": [
      3045.836669921875
    ],
    "validation_chi2s": {
      "DEUTERON": 2.9546250680192787,
      "NMC": 2.3214613970588234,
      "NUCLEAR": 2.171560302734375,
      "HERACOMB": 2.4279773188572302,
      "DYE886": 2.0361459905450996,
      "CDF": 1.4393563951764787,
      "D0": 1.7183645248413086,
      "ATLAS": 3.2202574990012427,
      "CMS": 2.4466175606580283,
      "LHCb": 3.37060546875,
      "total": 2.5855164527893066
    }
  },
  "10400": {
    "training_loss": 7787.71630859375,
    "validation_loss": [
      2846.09423828125
    ],
    "validation_chi2s": {
      "DEUTERON": 2.039125357101213,
      "NMC": 2.32677354999617,
      "NUCLEAR": 2.17423486328125,
      "HERACOMB": 2.407708859911152,
      "DYE886": 2.187602996826172,
      "CDF": 1.3160359518868583,
      "D0": 1.737830924987793,
      "ATLAS": 3.1602096557617188,
      "CMS": 2.4746622225133383,
      "LHCb": 3.185696601867676,
      "total": 2.416033983230591
    }
  },
  "10500": {
    "training_loss": 7719.11669921875,
    "validation_loss": [
      2830.0419921875
    ],
    "validation_chi2s": {
      "DEUTERON": 2.0353188585879196,
      "NMC": 2.33709716796875,
      "NUCLEAR": 2.1759755859375,
      "HERACOMB": 2.3639027713950163,
      "DYE886": 2.292705535888672,
      "CDF": 1.1570728846958704,
      "D0": 1.9087154388427734,
      "ATLAS": 3.106009743430398,
      "CMS": 2.488965290348704,
      "LHCb": 3.2481257915496826,
      "total": 2.4023818969726562
    }
  },
  "10600": {
    "training_loss": 7737.3115234375,
    "validation_loss": [
      2854.1552734375
    ],
    "validation_chi2s": {
      "DEUTERON": 2.0955928973297575,
      "NMC": 2.330283520268459,
      "NUCLEAR": 2.177043212890625,
      "HERACOMB": 2.3961776035283906,
      "DYE886": 2.095512043346058,
      "CDF": 1.3057094301496233,
      "D0": 1.704056167602539,
      "ATLAS": 3.183802517977628,
      "CMS": 2.433338444407393,
      "LHCb": 3.271038770675659,
      "total": 2.422881841659546
    }
  },
  "10700": {
    "training_loss": 7721.29248046875,
    "validation_loss": [
      4154.39453125
    ],
    "validation_chi2s": {
      "DEUTERON": 8.529038158815299,
      "NMC": 2.3165904026405486,
      "NUCLEAR": 2.177721923828125,
      "HERACOMB": 2.4028254490272674,
      "DYE886": 2.0401887026700107,
      "CDF": 1.3483307702200753,
      "D0": 1.768467330932617,
      "ATLAS": 3.1857344887473364,
      "CMS": 2.4368583865282014,
      "LHCb": 3.417874813079834,
      "total": 3.5262982845306396
    }
  },
  "10800": {
    "training_loss": 7869.56787109375,
    "validation_loss": [
      2833.57470703125
    ],
    "validation_chi2s": {
      "DEUTERON": 2.053016017325482,
      "NMC": 2.344582351983762,
      "NUCLEAR": 2.1682060546875,
      "HERACOMB": 2.3713384890088847,
      "DYE886": 2.10592963478782,
      "CDF": 1.2300559452601842,
      "D0": 1.6897970199584962,
      "ATLAS": 3.1656858270818535,
      "CMS": 2.4222015132748984,
      "LHCb": 3.3353843688964844,
      "total": 2.4054105281829834
    }
  },
  "10900": {
    "training_loss": 7747.27099609375,
    "validation_loss": [
      2889.152587890625
    ],
    "validation_chi2s": {
      "DEUTERON": 2.2622343604244404,
      "NMC": 2.322826759487975,
      "NUCLEAR": 2.174160888671875,
      "HERACOMB": 2.4003670885671977,
      "DYE886": 2.0584841641512783,
      "CDF": 1.2007438114711217,
      "D0": 1.7948862075805665,
      "ATLAS": 3.150448192249645,
      "CMS": 2.465315904074568,
      "LHCb": 3.3927953243255615,
      "total": 2.452587842941284
    }
  },
  "11000": {
    "training_loss": 8116.2626953125,
    "validation_loss": [
      2826.376953125
    ],
    "validation_chi2s": {
      "DEUTERON": 2.012102117585899,
      "NMC": 2.322208479339001,
      "NUCLEAR": 2.17020263671875,
      "HERACOMB": 2.3796552271624796,
      "DYE886": 2.108438318425959,
      "CDF": 1.059983253479004,
      "D0": 1.7794286727905273,
      "ATLAS": 3.1230642145330254,
      "CMS": 2.482983596925813,
      "LHCb": 3.3155624866485596,
      "total": 2.399282217025757
    }
  },
  "11100": {
    "training_loss": 7874.22412109375,
    "validation_loss": [
      2836.23583984375
    ],
    "validation_chi2s": {
      "DEUTERON": 2.0175096502351524,
      "NMC": 2.3545696782130823,
      "NUCLEAR": 2.194803955078125,
      "HERACOMB": 2.368374294704861,
      "DYE886": 2.143361525102095,
      "CDF": 1.2351457050868444,
      "D0": 1.9317167282104493,
      "ATLAS": 3.158572110262784,
      "CMS": 2.4642083392879828,
      "LHCb": 3.220893383026123,
      "total": 2.4076554775238037
    }
  },
  "11200": {
    "training_loss": 7736.73681640625,
    "validation_loss": [
      2908.92236328125
    ],
    "validation_chi2s": {
      "DEUTERON": 2.412894481450171,
      "NMC": 2.355063045726103,
      "NUCLEAR": 2.181140380859375,
      "HERACOMB": 2.3618576947380516,
      "DYE886": 2.0854110717773438,
      "CDF": 1.1076555933271135,
      "D0": 1.9712509155273437,
      "ATLAS": 3.1529821916060015,
      "CMS": 2.4181826211572663,
      "LHCb": 3.437486171722412,
      "total": 2.4692866802215576
    }
  },
  "11300": {
    "training_loss": 7867.4541015625,
    "validation_loss": [
      2832.5888671875
    ],
    "validation_chi2s": {
      "DEUTERON": 2.032370951638293,
      "NMC": 2.368016411276425,
      "NUCLEAR": 2.18614208984375,
      "HERACOMB": 2.3408426521650325,
      "DYE886": 2.136945204301314,
      "CDF": 1.1114108903067452,
      "D0": 1.9440847396850587,
      "ATLAS": 3.1438990506258877,
      "CMS": 2.4621966602356453,
      "LHCb": 3.439385175704956,
      "total": 2.4045660495758057
    }
  },
  "11400": {
    "training_loss": 7747.2890625,
    "validation_loss": [
      2841.80859375
    ],
    "validation_chi2s": {
      "DEUTERON": 2.017676813685479,
      "NMC": 2.34324675915288,
      "NUCLEAR": 2.198788330078125,
      "HERACOMB": 2.382405997880923,
      "DYE886": 2.096474040638317,
      "CDF": 0.994994980948312,
      "D0": 1.9197908401489259,
      "ATLAS": 3.133312225341797,
      "CMS": 2.5160882221004828,
      "LHCb": 3.273564100265503,
      "total": 2.412353992462158
    }
  },
  "11500": {
    "training_loss": 7736.232421875,
    "validation_loss": [
      2914.09326171875
    ],
    "validation_chi2s": {
      "DEUTERON": 2.248175929434857,
      "NMC": 2.3239114798751532,
      "NUCLEAR": 2.2135029296875,
      "HERACOMB": 2.439089706520629,
      "DYE886": 2.0319271087646484,
      "CDF": 1.031339236668178,
      "D0": 1.8224517822265625,
      "ATLAS": 3.180156014182351,
      "CMS": 2.4937709405170225,
      "LHCb": 3.333073854446411,
      "total": 2.473162889480591
    }
  },
  "11600": {
    "training_loss": 7739.2333984375,
    "validation_loss": [
      25770.748046875
    ],
    "validation_chi2s": {
      "DEUTERON": 115.96164684390547,
      "NMC": 2.3382892982632506,
      "NUCLEAR": 2.214358154296875,
      "HERACOMB": 2.413656197342218,
      "DYE886": 2.0071447545831855,
      "CDF": 1.1682558059692383,
      "D0": 1.8688341140747071,
      "ATLAS": 3.2246985001997515,
      "CMS": 2.461257810515117,
      "LHCb": 3.4053049087524414,
      "total": 21.876047134399414
    }
  },
  "11700": {
    "training_loss": 7794.10595703125,
    "validation_loss": [
      2845.8154296875
    ],
    "validation_chi2s": {
      "DEUTERON": 2.072211118479866,
      "NMC": 2.3927886065314796,
      "NUCLEAR": 2.188211181640625,
      "HERACOMB": 2.3494673585580066,
      "DYE886": 2.2016001614657315,
      "CDF": 0.9934822491237095,
      "D0": 2.1652624130249025,
      "ATLAS": 3.078230771151456,
      "CMS": 2.524136675082571,
      "LHCb": 3.498957633972168,
      "total": 2.4157745838165283
    }
  },
  "11800": {
    "training_loss": 7737.791015625,
    "validation_loss": [
      2836.918701171875
    ],
    "validation_chi2s": {
      "DEUTERON": 1.9969594775147699,
      "NMC": 2.370941311705346,
      "NUCLEAR": 2.202806396484375,
      "HERACOMB": 2.3606192395578023,
      "DYE886": 2.3111719651655718,
      "CDF": 1.0169941357203893,
      "D0": 2.1994651794433593,
      "ATLAS": 3.0913287076083096,
      "CMS": 2.529923849958714,
      "LHCb": 3.323143482208252,
      "total": 2.408245086669922
    }
  },
  "11900": {
    "training_loss": 7730.7197265625,
    "validation_loss": [
      2833.969482421875
    ],
    "validation_chi2s": {
      "DEUTERON": 1.9860709271027674,
      "NMC": 2.386185739554611,
      "NUCLEAR": 2.217002685546875,
      "HERACOMB": 2.3532818563623366,
      "DYE886": 2.212005788629705,
      "CDF": 0.9305033683776855,
      "D0": 2.1893989562988283,
      "ATLAS": 3.140859430486506,
      "CMS": 2.4831230349657014,
      "LHCb": 3.231812000274658,
      "total": 2.4057350158691406
    }
  },
  "12000": {
    "training_loss": 7775.4140625,
    "validation_loss": [
      2850.067138671875
    ],
    "validation_chi2s": {
      "DEUTERON": 1.9821907916472326,
      "NMC": 2.3545159732594207,
      "NUCLEAR": 2.204832763671875,
      "HERACOMB": 2.4264115476919934,
      "DYE886": 2.1322995966131035,
      "CDF": 0.9503226961408343,
      "D0": 1.8120975494384766,
      "ATLAS": 3.1281062039462,
      "CMS": 2.524788709190803,
      "LHCb": 3.2827353477478027,
      "total": 2.419370174407959
    }
  },
  "12100": {
    "training_loss": 7769.892578125,
    "validation_loss": [
      2836.02490234375
    ],
    "validation_chi2s": {
      "DEUTERON": 2.063489923429726,
      "NMC": 2.36493667901731,
      "NUCLEAR": 2.2006513671875,
      "HERACOMB": 2.3480224609375,
      "DYE886": 2.1380896134810015,
      "CDF": 0.9602255140032087,
      "D0": 2.090443420410156,
      "ATLAS": 3.126515128395774,
      "CMS": 2.4669115020007624,
      "LHCb": 3.2383413314819336,
      "total": 2.4074862003326416
    }
  },
  "12200": {
    "training_loss": 7853.39404296875,
    "validation_loss": [
      2878.296875
    ],
    "validation_chi2s": {
      "DEUTERON": 2.176881401099969,
      "NMC": 2.3517122455671724,
      "NUCLEAR": 2.17993115234375,
      "HERACOMB": 2.3709024666181575,
      "DYE886": 2.199207826094194,
      "CDF": 1.0588537624904089,
      "D0": 2.1385135650634766,
      "ATLAS": 3.0899817726828833,
      "CMS": 2.5500341896119156,
      "LHCb": 3.6141130924224854,
      "total": 2.443371534347534
    }
  },
  "12300": {
    "training_loss": 7831.04052734375,
    "validation_loss": [
      2837.83935546875
    ],
    "validation_chi2s": {
      "DEUTERON": 2.106739708440221,
      "NMC": 2.3717038023705577,
      "NUCLEAR": 2.1873212890625,
      "HERACOMB": 2.3323613584431167,
      "DYE886": 2.1920942826704546,
      "CDF": 0.9212931905473981,
      "D0": 2.2413661956787108,
      "ATLAS": 3.105749650435014,
      "CMS": 2.472790725832063,
      "LHCb": 3.2825160026550293,
      "total": 2.409031629562378
    }
  },
  "12400": {
    "training_loss": 7783.8994140625,
    "validation_loss": [
      2829.861328125
    ],
    "validation_chi2s": {
      "DEUTERON": 2.005861652431203,
      "NMC": 2.355945213168275,
      "NUCLEAR": 2.1919541015625,
      "HERACOMB": 2.354367524190666,
      "DYE886": 2.388635982166637,
      "CDF": 1.011582578931536,
      "D0": 2.241900634765625,
      "ATLAS": 3.10892035744407,
      "CMS": 2.4826047323583587,
      "LHCb": 3.2348830699920654,
      "total": 2.402252197265625
    }
  },
  "12500": {
    "training_loss": 7756.57470703125,
    "validation_loss": [
      2868.603271484375
    ],
    "validation_chi2s": {
      "DEUTERON": 2.1434693597442473,
      "NMC": 2.349007849599801,
      "NUCLEAR": 2.195892822265625,
      "HERACOMB": 2.3726567287071076,
      "DYE886": 2.2237472534179688,
      "CDF": 1.1225694247654505,
      "D0": 2.1287349700927733,
      "ATLAS": 3.118715459650213,
      "CMS": 2.52547721552655,
      "LHCb": 3.29259991645813,
      "total": 2.435145616531372
    }
  },
  "12600": {
    "training_loss": 7709.00341796875,
    "validation_loss": [
      8808.28125
    ],
    "validation_chi2s": {
      "DEUTERON": 31.630631024564675,
      "NMC": 2.3129619523590685,
      "NUCLEAR": 2.19795751953125,
      "HERACOMB": 2.4249002294602735,
      "DYE886": 2.0811731165105645,
      "CDF": 1.1607832227434431,
      "D0": 1.8999540328979492,
      "ATLAS": 3.108824990012429,
      "CMS": 2.530584319820249,
      "LHCb": 3.409306287765503,
      "total": 7.476782321929932
    }
  },
  "12700": {
    "training_loss": 7759.39794921875,
    "validation_loss": [
      2865.811767578125
    ],
    "validation_chi2s": {
      "DEUTERON": 2.213387560488573,
      "NMC": 2.3444182452033546,
      "NUCLEAR": 2.190231201171875,
      "HERACOMB": 2.358650955499387,
      "DYE886": 2.1125654740767046,
      "CDF": 1.016486508505685,
      "D0": 1.9486007690429688,
      "ATLAS": 3.097883397882635,
      "CMS": 2.505902546208079,
      "LHCb": 3.2968645095825195,
      "total": 2.432760715484619
    }
  },
  "12800": {
    "training_loss": 7733.0234375,
    "validation_loss": [
      2858.39453125
    ],
    "validation_chi2s": {
      "DEUTERON": 2.0658964090679417,
      "NMC": 2.314474966011795,
      "NUCLEAR": 2.198506591796875,
      "HERACOMB": 2.3956837373621322,
      "DYE886": 2.2022354819557886,
      "CDF": 1.1848861149379186,
      "D0": 1.964759635925293,
      "ATLAS": 3.214006944136186,
      "CMS": 2.4129976102007116,
      "LHCb": 3.2353806495666504,
      "total": 2.4264655113220215
    }
  },
  "12900": {
    "training_loss": 7756.57275390625,
    "validation_loss": [
      2839.3359375
    ],
    "validation_chi2s": {
      "DEUTERON": 2.0143077337919775,
      "NMC": 2.3268689922257964,
      "NUCLEAR": 2.1997412109375,
      "HERACOMB": 2.3860766840916052,
      "DYE886": 2.299741744995117,
      "CDF": 1.0565136500767298,
      "D0": 2.0487747192382812,
      "ATLAS": 3.1253783486106177,
      "CMS": 2.4820752647834095,
      "LHCb": 3.183336019515991,
      "total": 2.410294771194458
    }
  },
  "13000": {
    "training_loss": 7733.08447265625,
    "validation_loss": [
      2896.004150390625
    ],
    "validation_chi2s": {
      "DEUTERON": 2.304212579679726,
      "NMC": 2.3136460547353708,
      "NUCLEAR": 2.191031982421875,
      "HERACOMB": 2.383313347311581,
      "DYE886": 2.103399623524059,
      "CDF": 1.0111573083060128,
      "D0": 1.8320207595825195,
      "ATLAS": 3.1681664206764917,
      "CMS": 2.4780734922827743,
      "LHCb": 3.2401938438415527,
      "total": 2.4583652019500732
    }
  },
  "13100": {
    "training_loss": 8205.75,
    "validation_loss": [
      2856.0263671875
    ],
    "validation_chi2s": {
      "DEUTERON": 2.1626729633084576,
      "NMC": 2.317900115368413,
      "NUCLEAR": 2.188033447265625,
      "HERACOMB": 2.3730612362132355,
      "DYE886": 2.1882273934104224,
      "CDF": 1.015206950051444,
      "D0": 2.0330549240112306,
      "ATLAS": 3.0861906571821733,
      "CMS": 2.495960018499111,
      "LHCb": 3.2561264038085938,
      "total": 2.424466848373413
    }
  },
  "13200": {
    "training_loss": 7807.70849609375,
    "validation_loss": [
      2825.611083984375
    ],
    "validation_chi2s": {
      "DEUTERON": 2.0602977240263525,
      "NMC": 2.389740139830346,
      "NUCLEAR": 2.16844140625,
      "HERACOMB": 2.3264395520578023,
      "DYE886": 2.3489029624245386,
      "CDF": 0.9158340862819127,
      "D0": 2.328601264953613,
      "ATLAS": 3.035562341863459,
      "CMS": 2.5483457983993905,
      "LHCb": 3.328622817993164,
      "total": 2.398634672164917
    }
  },
  "13300": {
    "training_loss": 7875.2001953125,
    "validation_loss": [
      2845.36181640625
    ],
    "validation_chi2s": {
      "DEUTERON": 2.0386331283037937,
      "NMC": 2.325984281652114,
      "NUCLEAR": 2.1900283203125,
      "HERACOMB": 2.3878413181678924,
      "DYE886": 2.271473624489524,
      "CDF": 1.105355943952288,
      "D0": 2.1020889282226562,
      "ATLAS": 3.0938457142223013,
      "CMS": 2.5369294949663366,
      "LHCb": 3.234027862548828,
      "total": 2.415412425994873
    }
  },
  "13400": {
    "training_loss": 8027.83056640625,
    "validation_loss": [
      2840.9609375
    ],
    "validation_chi2s": {
      "DEUTERON": 2.083788364087764,
      "NMC": 2.3210317574295343,
      "NUCLEAR": 2.176062744140625,
      "HERACOMB": 2.364736918530433,
      "DYE886": 2.216909581964666,
      "CDF": 1.0334175654820033,
      "D0": 2.0652061462402345,
      "ATLAS": 3.1254404241388496,
      "CMS": 2.4823834178893547,
      "LHCb": 3.2514944076538086,
      "total": 2.411677360534668
    }
  },
  "13500": {
    "training_loss": 8250.55615234375,
    "validation_loss": [
      2838.61767578125
    ],
    "validation_chi2s": {
      "DEUTERON": 2.1131907600668534,
      "NMC": 2.3251704795687806,
      "NUCLEAR": 2.169141357421875,
      "HERACOMB": 2.3522514393127043,
      "DYE886": 2.16537787697532,
      "CDF": 0.957798957824707,
      "D0": 2.059010696411133,
      "ATLAS": 3.0566281405362217,
      "CMS": 2.5137286922795985,
      "LHCb": 3.4724202156066895,
      "total": 2.4096901416778564
    }
  },
  "13600": {
    "training_loss": 7740.06005859375,
    "validation_loss": [
      2843.904052734375
    ],
    "validation_chi2s": {
      "DEUTERON": 2.037005068650886,
      "NMC": 2.3473039514878216,
      "NUCLEAR": 2.18942138671875,
      "HERACOMB": 2.347808438968035,
      "DYE886": 2.4304353540593926,
      "CDF": 1.1596521650041853,
      "D0": 2.1988000869750977,
      "ATLAS": 3.122458718039773,
      "CMS": 2.52911773929751,
      "LHCb": 3.269838333129883,
      "total": 2.414074420928955
    }
  },
  "13700": {
    "training_loss": 7783.06201171875,
    "validation_loss": [
      2849.491943359375
    ],
    "validation_chi2s": {
      "DEUTERON": 2.0492963648554103,
      "NMC": 2.3378686343922332,
      "NUCLEAR": 2.185699462890625,
      "HERACOMB": 2.3586431765088847,
      "DYE886": 2.337521119551225,
      "CDF": 1.1085305213928223,
      "D0": 2.417387771606445,
      "ATLAS": 3.1332931518554688,
      "CMS": 2.5266316731770835,
      "LHCb": 3.2623331546783447,
      "total": 2.418759346008301
    }
  },
  "13800": {
    "training_loss": 8131.9638671875,
    "validation_loss": [
      2906.078125
    ],
    "validation_chi2s": {
      "DEUTERON": 2.255788622803949,
      "NMC": 2.3199714211856617,
      "NUCLEAR": 2.18636083984375,
      "HERACOMB": 2.3939079334533293,
      "DYE886": 2.129522843794389,
      "CDF": 1.1523310797555106,
      "D0": 2.1385543823242186,
      "ATLAS": 3.136574485085227,
      "CMS": 2.599645599117124,
      "LHCb": 3.3476173877716064,
      "total": 2.4669580459594727
    }
  },
  "13900": {
    "training_loss": 7748.0419921875,
    "validation_loss": [
      2880.3994140625
    ],
    "validation_chi2s": {
      "DEUTERON": 2.074110192445973,
      "NMC": 2.308641321518842,
      "NUCLEAR": 2.19525048828125,
      "HERACOMB": 2.4538522358813317,
      "DYE886": 2.062768069180575,
      "CDF": 1.0601490565708704,
      "D0": 2.06101131439209,
      "ATLAS": 3.174075386740945,
      "CMS": 2.5163266561864837,
      "LHCb": 3.26057767868042,
      "total": 2.445012092590332
    }
  },
  "14000": {
    "training_loss": 7774.82861328125,
    "validation_loss": [
      2860.359375
    ],
    "validation_chi2s": {
      "DEUTERON": 2.056043178880986,
      "NMC": 2.3064153334673714,
      "NUCLEAR": 2.18543359375,
      "HERACOMB": 2.384171230341095,
      "DYE886": 2.2522300373424184,
      "CDF": 1.0963125228881836,
      "D0": 2.5899625778198243,
      "ATLAS": 3.1699915799227627,
      "CMS": 2.494634612788999,
      "LHCb": 3.293423891067505,
      "total": 2.4279098510742188
    }
  },
  "14100": {
    "training_loss": 7736.3115234375,
    "validation_loss": [
      3077.302734375
    ],
    "validation_chi2s": {
      "DEUTERON": 3.0503877098880596,
      "NMC": 2.3039691401462927,
      "NUCLEAR": 2.200365478515625,
      "HERACOMB": 2.457644194559334,
      "DYE886": 2.0259841572154653,
      "CDF": 0.9457858630589077,
      "D0": 2.1219724655151366,
      "ATLAS": 3.224776874889027,
      "CMS": 2.4371980496538366,
      "LHCb": 3.2620558738708496,
      "total": 2.611964702606201
    }
  },
  "14200": {
    "training_loss": 7774.69384765625,
    "validation_loss": [
      2850.22216796875
    ],
    "validation_chi2s": {
      "DEUTERON": 2.013661095158971,
      "NMC": 2.3838928821040133,
      "NUCLEAR": 2.199083984375,
      "HERACOMB": 2.3634170831418504,
      "DYE886": 2.220622496171431,
      "CDF": 1.1220372063773019,
      "D0": 2.2291454315185546,
      "ATLAS": 3.171751542524858,
      "CMS": 2.5024103924510923,
      "LHCb": 3.3050012588500977,
      "total": 2.4194271564483643
    }
  },
  "14300": {
    "training_loss": 7768.544921875,
    "validation_loss": [
      2943.84765625
    ],
    "validation_chi2s": {
      "DEUTERON": 2.3529846798721237,
      "NMC": 2.3242287729300704,
      "NUCLEAR": 2.204255859375,
      "HERACOMB": 2.4407488255718954,
      "DYE886": 2.0186471072110264,
      "CDF": 1.0958284650530135,
      "D0": 1.980816650390625,
      "ATLAS": 3.221086328679865,
      "CMS": 2.516977201632368,
      "LHCb": 3.3133130073547363,
      "total": 2.499009609222412
    }
  },
  "14400": {
    "training_loss": 7836.91748046875,
    "validation_loss": [
      2859.521728515625
    ],
    "validation_chi2s": {
      "DEUTERON": 2.0283766409650963,
      "NMC": 2.3754680857938877,
      "NUCLEAR": 2.19483154296875,
      "HERACOMB": 2.3860493578941995,
      "DYE886": 2.1287657997824927,
      "CDF": 1.0517639432634627,
      "D0": 2.1779571533203126,
      "ATLAS": 3.155613985928622,
      "CMS": 2.510787095480818,
      "LHCb": 3.488765001296997,
      "total": 2.4274377822875977
    }
  }
}