{
  "100": {
    "training_loss": 302.9443359375,
    "validation_loss": [
      100.99378204345703
    ],
    "validation_chi2s": {
      "DEUTERON": 1.8640827178955077,
      "ATLAS": 2.4027704759077593,
      "total": 1.980270266532898
    }
  },
  "200": {
    "training_loss": 281.678955078125,
    "validation_loss": [
      109.93661499023438
    ],
    "validation_chi2s": {
      "DEUTERON": 2.0756080627441404,
      "ATLAS": 2.4465722170743076,
      "total": 2.1556198596954346
    }
  },
  "300": {
    "training_loss": 272.52825927734375,
    "validation_loss": [
      111.0836181640625
    ],
    "validation_chi2s": {
      "DEUTERON": 2.1127328872680664,
      "ATLAS": 2.4158458709716797,
      "total": 2.178110122680664
    }
  },
  "400": {
    "training_loss": 259.5234375,
    "validation_loss": [
      111.18161010742188
    ],
    "validation_chi2s": {
      "DEUTERON": 2.136016273498535,
      "ATLAS": 2.34008771722967,
      "total": 2.1800317764282227
    }
  },
  "500": {
    "training_loss": 254.21157836914062,
    "validation_loss": [
      105.139404296875
    ],
    "validation_chi2s": {
      "DEUTERON": 2.0048070907592774,
      "ATLAS": 2.267920580777255,
      "total": 2.0615570545196533
    }
  },
  "600": {
    "training_loss": 247.66903686523438,
    "validation_loss": [
      103.16583251953125
    ],
    "validation_chi2s": {
      "DEUTERON": 1.973649024963379,
      "ATLAS": 2.201806675304066,
      "total": 2.022859573364258
    }
  },
  "700": {
    "training_loss": 243.0897674560547,
    "validation_loss": [
      100.9089584350586
    ],
    "validation_chi2s": {
      "DEUTERON": 1.9426689147949219,
      "ATLAS": 2.109291423450817,
      "total": 1.978607177734375
    }
  },
  "800": {
    "training_loss": 254.05572509765625,
    "validation_loss": [
      97.48199462890625
    ],
    "validation_chi2s": {
      "DEUTERON": 1.754658317565918,
      "ATLAS": 2.481424158269709,
      "total": 1.9114116430282593
    }
  }
}