{
  "100": {
    "training_loss": 8852602.5,
    "validation_loss": [
      88503.8671875
    ],
    "validation_chi2s": {
      "DEUTERON": 68.67905103389303,
      "NMC": 74.83755553002452,
      "NUCLEAR": 11.0444013671875,
      "HERACOMB": 69.79199857026144,
      "DYE886": 29.490828080610797,
      "CDF": 75.65926688058036,
      "D0": 39.51968994140625,
      "ATLAS": 102.28755580357142,
      "CMS": 77.14425684400827,
      "LHCb": 195.13772583007812,
      "total": 65.35442352294922
    }
  },
  "200": {
    "training_loss": 24347.75,
    "validation_loss": [
      10030.890625
    ],
    "validation_chi2s": {
      "DEUTERON": 9.329605026624689,
      "NMC": 5.558156331380208,
      "NUCLEAR": 5.04752392578125,
      "HERACOMB": 7.971624636182598,
      "DYE886": 38.53924283114347,
      "CDF": 3.0470570155552457,
      "D0": 5.983230972290039,
      "ATLAS": 9.186123744419643,
      "CMS": 4.312636698573089,
      "LHCb": 18.232582092285156,
      "total": 8.086624145507812
    }
  },
  "300": {
    "training_loss": 16290.578125,
    "validation_loss": [
      8126.80908203125
    ],
    "validation_chi2s": {
      "DEUTERON": 15.006266276041666,
      "NMC": 2.91692247577742,
      "NUCLEAR": 4.85274365234375,
      "HERACOMB": 4.165174696180555,
      "DYE886": 18.06951904296875,
      "CDF": 1.6040394646780831,
      "D0": 2.7867612838745117,
      "ATLAS": 6.207931780133928,
      "CMS": 2.7158599096881457,
      "LHCb": 12.493487358093262,
      "total": 6.726958751678467
    }
  },
  "400": {
    "training_loss": 9034.119140625,
    "validation_loss": [
      3257.354248046875
    ],
    "validation_chi2s": {
      "DEUTERON": 2.710512986823694,
      "NMC": 2.3456661747951135,
      "NUCLEAR": 2.415397705078125,
      "HERACOMB": 2.5590826296338847,
      "DYE886": 3.9328363591974433,
      "CDF": 0.8601771763392857,
      "D0": 5.831960678100586,
      "ATLAS": 3.1044402204241073,
      "CMS": 2.2144147384265236,
      "LHCb": 4.98889684677124,
      "total": 2.7005107402801514
    }
  },
  "500": {
    "training_loss": 8457.06640625,
    "validation_loss": [
      3112.475830078125
    ],
    "validation_chi2s": {
      "DEUTERON": 2.5152773121696206,
      "NMC": 2.299529879700904,
      "NUCLEAR": 2.368595947265625,
      "HERACOMB": 2.3729567184946894,
      "DYE886": 3.9404692216352983,
      "CDF": 0.8193270819527763,
      "D0": 9.693888854980468,
      "ATLAS": 2.811659458705357,
      "CMS": 2.3630731756036933,
      "LHCb": 4.472082138061523,
      "total": 2.5970757007598877
    }
  },
  "600": {
    "training_loss": 8283.33203125,
    "validation_loss": [
      3033.914794921875
    ],
    "validation_chi2s": {
      "DEUTERON": 2.5575625291511193,
      "NMC": 2.2158430510876226,
      "NUCLEAR": 2.318826904296875,
      "HERACOMB": 2.373300789228452,
      "DYE886": 3.4638390974564985,
      "CDF": 1.2513750621250697,
      "D0": 8.879236602783203,
      "ATLAS": 2.647710658482143,
      "CMS": 2.3267358196668386,
      "LHCb": 4.294373989105225,
      "total": 2.5438942909240723
    }
  },
  "700": {
    "training_loss": 8198.27734375,
    "validation_loss": [
      3062.826904296875
    ],
    "validation_chi2s": {
      "DEUTERON": 2.5636660447761193,
      "NMC": 2.2099235385071996,
      "NUCLEAR": 2.342032958984375,
      "HERACOMB": 2.3795233832465277,
      "DYE886": 3.426708221435547,
      "CDF": 1.3631203515189034,
      "D0": 8.280104827880859,
      "ATLAS": 2.6353084891183034,
      "CMS": 2.3624537444311726,
      "LHCb": 5.108971118927002,
      "total": 2.57012677192688
    }
  },
  "800": {
    "training_loss": 8196.375,
    "validation_loss": [
      2957.615234375
    ],
    "validation_chi2s": {
      "DEUTERON": 2.67262108646222,
      "NMC": 2.170667610916437,
      "NUCLEAR": 2.296284423828125,
      "HERACOMB": 2.3603046890956905,
      "DYE886": 3.232023065740412,
      "CDF": 1.1571847370692663,
      "D0": 5.583152770996094,
      "ATLAS": 2.5115131487165177,
      "CMS": 2.2739315821119575,
      "LHCb": 3.9930858612060547,
      "total": 2.486553907394409
    }
  },
  "900": {
    "training_loss": 8172.9248046875,
    "validation_loss": [
      2950.090087890625
    ],
    "validation_chi2s": {
      "DEUTERON": 2.6964187242498445,
      "NMC": 2.171019610236673,
      "NUCLEAR": 2.28869921875,
      "HERACOMB": 2.3586252249923407,
      "DYE886": 3.1922101107510654,
      "CDF": 1.1518872124808175,
      "D0": 5.038970565795898,
      "ATLAS": 2.4998610142299107,
      "CMS": 2.279662581514721,
      "LHCb": 3.9818925857543945,
      "total": 2.4817304611206055
    }
  },
  "1000": {
    "training_loss": 8155.119140625,
    "validation_loss": [
      2946.291748046875
    ],
    "validation_chi2s": {
      "DEUTERON": 2.722453710451648,
      "NMC": 2.1700443941004135,
      "NUCLEAR": 2.28124951171875,
      "HERACOMB": 2.3586018880208335,
      "DYE886": 3.1669096513227983,
      "CDF": 1.1400196892874581,
      "D0": 4.668864440917969,
      "ATLAS": 2.4885653250558035,
      "CMS": 2.284062913626679,
      "LHCb": 3.9938299655914307,
      "total": 2.479952096939087
    }
  },
  "1100": {
    "training_loss": 8136.96435546875,
    "validation_loss": [
      2944.486328125
    ],
    "validation_chi2s": {
      "DEUTERON": 2.750169744539024,
      "NMC": 2.169229694441253,
      "NUCLEAR": 2.274270263671875,
      "HERACOMB": 2.359509237451491,
      "DYE886": 3.1501014015891333,
      "CDF": 1.1240292276654924,
      "D0": 4.351242446899414,
      "ATLAS": 2.4774462890625,
      "CMS": 2.287934106243543,
      "LHCb": 4.020356178283691,
      "total": 2.4797613620758057
    }
  },
  "1200": {
    "training_loss": 8119.25537109375,
    "validation_loss": [
      2945.3837890625
    ],
    "validation_chi2s": {
      "DEUTERON": 2.783586340757152,
      "NMC": 2.169814016304764,
      "NUCLEAR": 2.26642138671875,
      "HERACOMB": 2.361746195874183,
      "DYE886": 3.1452997381036933,
      "CDF": 1.1168759890965052,
      "D0": 4.062561416625977,
      "ATLAS": 2.46976318359375,
      "CMS": 2.291933422246255,
      "LHCb": 4.050576686859131,
      "total": 2.481916904449463
    }
  },
  "1300": {
    "training_loss": 8114.18505859375,
    "validation_loss": [
      2955.53564453125
    ],
    "validation_chi2s": {
      "DEUTERON": 2.7880628595304726,
      "NMC": 2.1696370442708335,
      "NUCLEAR": 2.265568359375,
      "HERACOMB": 2.3590504764731413,
      "DYE886": 3.120233015580611,
      "CDF": 1.1523234503609794,
      "D0": 3.9694984436035154,
      "ATLAS": 2.4747154017857143,
      "CMS": 2.3146902037060952,
      "LHCb": 4.324042320251465,
      "total": 2.491270065307617
    }
  },
  "1400": {
    "training_loss": 8108.36328125,
    "validation_loss": [
      2956.841796875
    ],
    "validation_chi2s": {
      "DEUTERON": 2.785803647776741,
      "NMC": 2.169484905168122,
      "NUCLEAR": 2.259240478515625,
      "HERACOMB": 2.364743101830576,
      "DYE886": 3.1068992614746094,
      "CDF": 1.1652007784162248,
      "D0": 3.8515979766845705,
      "ATLAS": 2.464892403738839,
      "CMS": 2.3214648538384557,
      "LHCb": 4.462643623352051,
      "total": 2.4928460121154785
    }
  },
  "1500": {
    "training_loss": 8103.3447265625,
    "validation_loss": [
      2963.792236328125
    ],
    "validation_chi2s": {
      "DEUTERON": 2.7656966631685322,
      "NMC": 2.1696512558880974,
      "NUCLEAR": 2.25323681640625,
      "HERACOMB": 2.366170446857128,
      "DYE886": 3.0851804559881035,
      "CDF": 1.1837814876011439,
      "D0": 3.6510684967041014,
      "ATLAS": 2.4668837193080355,
      "CMS": 2.3372880919905734,
      "LHCb": 4.841947078704834,
      "total": 2.4987611770629883
    }
  },
  "1600": {
    "training_loss": 8107.31982421875,
    "validation_loss": [
      2967.0009765625
    ],
    "validation_chi2s": {
      "DEUTERON": 2.7727129732198383,
      "NMC": 2.1713336121802236,
      "NUCLEAR": 2.248884033203125,
      "HERACOMB": 2.36862162671058,
      "DYE886": 3.106491435657848,
      "CDF": 1.2040413447788783,
      "D0": 3.8007354736328125,
      "ATLAS": 2.4679225376674108,
      "CMS": 2.3452090428880425,
      "LHCb": 4.802389621734619,
      "total": 2.5014333724975586
    }
  },
  "1700": {
    "training_loss": 8108.31396484375,
    "validation_loss": [
      2953.48095703125
    ],
    "validation_chi2s": {
      "DEUTERON": 2.6889851888020835,
      "NMC": 2.1768550498812806,
      "NUCLEAR": 2.237813232421875,
      "HERACOMB": 2.3830821716707518,
      "DYE886": 3.153057098388672,
      "CDF": 1.2155506951468331,
      "D0": 3.4172103881835936,
      "ATLAS": 2.4414707728794642,
      "CMS": 2.357912426152505,
      "LHCb": 5.0192341804504395,
      "total": 2.489711284637451
    }
  },
  "1800": {
    "training_loss": 8143.7578125,
    "validation_loss": [
      3131.27587890625
    ],
    "validation_chi2s": {
      "DEUTERON": 3.2676081870918843,
      "NMC": 2.210729860791973,
      "NUCLEAR": 2.26427001953125,
      "HERACOMB": 2.3869866265190973,
      "DYE886": 3.311710010875355,
      "CDF": 1.551168986729213,
      "D0": 4.484790802001953,
      "ATLAS": 2.5449332101004463,
      "CMS": 2.394153185127195,
      "LHCb": 5.187878131866455,
      "total": 2.634598970413208
    }
  },
  "1900": {
    "training_loss": 7898.658203125,
    "validation_loss": [
      2851.474609375
    ],
    "validation_chi2s": {
      "DEUTERON": 2.3368997905977924,
      "NMC": 2.2475784900141695,
      "NUCLEAR": 2.137749267578125,
      "HERACOMB": 2.41017081067453,
      "DYE886": 2.9427663629705254,
      "CDF": 1.3468799591064453,
      "D0": 5.948727416992187,
      "ATLAS": 2.5047310965401786,
      "CMS": 2.3948460098140494,
      "LHCb": 3.864093542098999,
      "total": 2.4184718132019043
    }
  },
  "2000": {
    "training_loss": 7850.83837890625,
    "validation_loss": [
      2900.3369140625
    ],
    "validation_chi2s": {
      "DEUTERON": 2.578273488514459,
      "NMC": 2.262975954541973,
      "NUCLEAR": 2.127778564453125,
      "HERACOMB": 2.407516579222835,
      "DYE886": 2.8762023232199927,
      "CDF": 1.2950164249965124,
      "D0": 6.315916442871094,
      "ATLAS": 2.524165736607143,
      "CMS": 2.4054759632457388,
      "LHCb": 3.891378402709961,
      "total": 2.4639196395874023
    }
  },
  "2100": {
    "training_loss": 7839.724609375,
    "validation_loss": [
      2930.17138671875
    ],
    "validation_chi2s": {
      "DEUTERON": 2.7618593434196206,
      "NMC": 2.258701249664905,
      "NUCLEAR": 2.1238525390625,
      "HERACOMB": 2.4014934464996935,
      "DYE886": 2.870075052434748,
      "CDF": 1.2501649856567383,
      "D0": 6.244671249389649,
      "ATLAS": 2.5123896135602677,
      "CMS": 2.393646996868543,
      "LHCb": 3.9577014446258545,
      "total": 2.4905812740325928
    }
  },
  "2200": {
    "training_loss": 7823.91943359375,
    "validation_loss": [
      3090.5634765625
    ],
    "validation_chi2s": {
      "DEUTERON": 3.5414453003537,
      "NMC": 2.2658233642578125,
      "NUCLEAR": 2.12109033203125,
      "HERACOMB": 2.403872221903084,
      "DYE886": 2.8511702797629614,
      "CDF": 1.2265995570591517,
      "D0": 6.443103790283203,
      "ATLAS": 2.523754708426339,
      "CMS": 2.3994188545163997,
      "LHCb": 3.964101552963257,
      "total": 2.627937078475952
    }
  },
  "2300": {
    "training_loss": 7814.89697265625,
    "validation_loss": [
      3392.00390625
    ],
    "validation_chi2s": {
      "DEUTERON": 5.028381651313744,
      "NMC": 2.2689042932846966,
      "NUCLEAR": 2.120224853515625,
      "HERACOMB": 2.402780769697202,
      "DYE886": 2.848618420687589,
      "CDF": 1.2513865062168665,
      "D0": 6.601461791992188,
      "ATLAS": 2.5294955008370534,
      "CMS": 2.398455407008652,
      "LHCb": 3.986173152923584,
      "total": 2.884768009185791
    }
  },
  "2400": {
    "training_loss": 7810.072265625,
    "validation_loss": [
      3437.807373046875
    ],
    "validation_chi2s": {
      "DEUTERON": 5.260099040928171,
      "NMC": 2.2672167011335786,
      "NUCLEAR": 2.119280517578125,
      "HERACOMB": 2.4011398016237746,
      "DYE886": 2.851925416426225,
      "CDF": 1.2446065630231584,
      "D0": 6.6222175598144535,
      "ATLAS": 2.5311349051339285,
      "CMS": 2.3974503446216424,
      "LHCb": 3.985996961593628,
      "total": 2.924038887023926
    }
  },
  "2500": {
    "training_loss": 7805.7265625,
    "validation_loss": [
      3896.03857421875
    ],
    "validation_chi2s": {
      "DEUTERON": 7.54172557622046,
      "NMC": 2.2654825846354165,
      "NUCLEAR": 2.119297119140625,
      "HERACOMB": 2.3981135748570264,
      "DYE886": 2.8541623895818535,
      "CDF": 1.256241934640067,
      "D0": 6.671713256835938,
      "ATLAS": 2.5328435407366072,
      "CMS": 2.393561244996126,
      "LHCb": 3.9896836280822754,
      "total": 3.313969373703003
    }
  },
  "2600": {
    "training_loss": 7823.17919921875,
    "validation_loss": [
      3034.816650390625
    ],
    "validation_chi2s": {
      "DEUTERON": 3.38554784670398,
      "NMC": 2.2388151580212163,
      "NUCLEAR": 2.118164306640625,
      "HERACOMB": 2.391580818525327,
      "DYE886": 2.8810468153520064,
      "CDF": 1.1070372036525182,
      "D0": 5.97993049621582,
      "ATLAS": 2.4792091587611607,
      "CMS": 2.3466173912868027,
      "LHCb": 4.021116733551025,
      "total": 2.5816588401794434
    }
  },
  "2700": {
    "training_loss": 7799.07275390625,
    "validation_loss": [
      7176.7802734375
    ],
    "validation_chi2s": {
      "DEUTERON": 23.87205330768035,
      "NMC": 2.2562833299823835,
      "NUCLEAR": 2.122283447265625,
      "HERACOMB": 2.3932303634344363,
      "DYE886": 2.85553654757413,
      "CDF": 1.1966461454119002,
      "D0": 6.679464721679688,
      "ATLAS": 2.5342607770647323,
      "CMS": 2.3817595174489927,
      "LHCb": 4.021697521209717,
      "total": 6.1060662269592285
    }
  },
  "2800": {
    "training_loss": 7798.564453125,
    "validation_loss": [
      3401.2685546875
    ],
    "validation_chi2s": {
      "DEUTERON": 5.0643386461248445,
      "NMC": 2.256726433249081,
      "NUCLEAR": 2.121629150390625,
      "HERACOMB": 2.394162645526961,
      "DYE886": 2.858169902454723,
      "CDF": 1.2633931296212333,
      "D0": 6.752816772460937,
      "ATLAS": 2.542431640625,
      "CMS": 2.408184713568569,
      "LHCb": 4.0008697509765625,
      "total": 2.8933117389678955
    }
  },
  "2900": {
    "training_loss": 7816.1298828125,
    "validation_loss": [
      2992.50634765625
    ],
    "validation_chi2s": {
      "DEUTERON": 3.1632833148709576,
      "NMC": 2.2356634700999543,
      "NUCLEAR": 2.121631103515625,
      "HERACOMB": 2.389657413258272,
      "DYE886": 2.880255092274059,
      "CDF": 1.1307031086512975,
      "D0": 6.058580017089843,
      "ATLAS": 2.4791407993861605,
      "CMS": 2.3546266161705836,
      "LHCb": 4.033326625823975,
      "total": 2.545680046081543
    }
  },
  "3000": {
    "training_loss": 7793.0595703125,
    "validation_loss": [
      4630.990234375
    ],
    "validation_chi2s": {
      "DEUTERON": 11.196299994169776,
      "NMC": 2.251060635435815,
      "NUCLEAR": 2.12519384765625,
      "HERACOMB": 2.3890516493055554,
      "DYE886": 2.8551531704989346,
      "CDF": 1.2377619062151228,
      "D0": 6.706874084472656,
      "ATLAS": 2.5408407156808037,
      "CMS": 2.3945264579836003,
      "LHCb": 4.027344226837158,
      "total": 3.9399280548095703
    }
  },
  "3100": {
    "training_loss": 7828.6611328125,
    "validation_loss": [
      2872.81005859375
    ],
    "validation_chi2s": {
      "DEUTERON": 2.6394228199821206,
      "NMC": 2.217092476639093,
      "NUCLEAR": 2.12302490234375,
      "HERACOMB": 2.3801311418121935,
      "DYE886": 2.9018790505149146,
      "CDF": 1.0649238995143346,
      "D0": 5.681817245483399,
      "ATLAS": 2.453778250558036,
      "CMS": 2.3379448504487343,
      "LHCb": 4.024083137512207,
      "total": 2.4441356658935547
    }
  },
  "3200": {
    "training_loss": 7808.8271484375,
    "validation_loss": [
      4255.15625
    ],
    "validation_chi2s": {
      "DEUTERON": 9.44807031735852,
      "NMC": 2.2261295692593444,
      "NUCLEAR": 2.125161376953125,
      "HERACOMB": 2.3735971887127247,
      "DYE886": 2.8723522533069956,
      "CDF": 1.1581215177263533,
      "D0": 6.2046669006347654,
      "ATLAS": 2.488041469029018,
      "CMS": 2.3674891448217976,
      "LHCb": 4.012148380279541,
      "total": 3.6202664375305176
    }
  },
  "3300": {
    "training_loss": 7804.99072265625,
    "validation_loss": [
      2863.9306640625
    ],
    "validation_chi2s": {
      "DEUTERON": 2.506697014196595,
      "NMC": 2.2285660388422945,
      "NUCLEAR": 2.126279541015625,
      "HERACOMB": 2.3801155838311887,
      "DYE886": 2.8758808482776987,
      "CDF": 1.136913776397705,
      "D0": 6.030950927734375,
      "ATLAS": 2.4996439034598215,
      "CMS": 2.374790160123967,
      "LHCb": 4.034597873687744,
      "total": 2.4364426136016846
    }
  },
  "3400": {
    "training_loss": 7791.82373046875,
    "validation_loss": [
      3050.3203125
    ],
    "validation_chi2s": {
      "DEUTERON": 3.3444620768229165,
      "NMC": 2.245578541475184,
      "NUCLEAR": 2.127182861328125,
      "HERACOMB": 2.3847548540900734,
      "DYE886": 2.860458027232777,
      "CDF": 1.2867657797677177,
      "D0": 6.573436737060547,
      "ATLAS": 2.5266036551339286,
      "CMS": 2.417172518643466,
      "LHCb": 4.010011672973633,
      "total": 2.5948235988616943
    }
  },
  "3500": {
    "training_loss": 7786.12158203125,
    "validation_loss": [
      5213.4912109375
    ],
    "validation_chi2s": {
      "DEUTERON": 14.12720941192475,
      "NMC": 2.238327624751072,
      "NUCLEAR": 2.12757275390625,
      "HERACOMB": 2.379555496515012,
      "DYE886": 2.849795601584695,
      "CDF": 1.2252605983189173,
      "D0": 6.523996734619141,
      "ATLAS": 2.541663295200893,
      "CMS": 2.385873085211131,
      "LHCb": 4.018694877624512,
      "total": 4.436044692993164
    }
  },
  "3600": {
    "training_loss": 7839.12548828125,
    "validation_loss": [
      2815.619873046875
    ],
    "validation_chi2s": {
      "DEUTERON": 2.349949167735541,
      "NMC": 2.22089864693436,
      "NUCLEAR": 2.12541748046875,
      "HERACOMB": 2.3799819447635824,
      "DYE886": 2.948335820978338,
      "CDF": 1.1596054349626814,
      "D0": 5.617629623413086,
      "ATLAS": 2.4385306222098215,
      "CMS": 2.3596605032928717,
      "LHCb": 3.992544651031494,
      "total": 2.3952462673187256
    }
  },
  "3700": {
    "training_loss": 7780.9501953125,
    "validation_loss": [
      39617.67578125
    ],
    "validation_chi2s": {
      "DEUTERON": 185.28634172885572,
      "NMC": 2.235038009344363,
      "NUCLEAR": 2.129732177734375,
      "HERACOMB": 2.3718989752476514,
      "DYE886": 2.8506331010298296,
      "CDF": 1.2160230364118303,
      "D0": 6.7289283752441404,
      "ATLAS": 2.538942173549107,
      "CMS": 2.399653915531379,
      "LHCb": 4.008465766906738,
      "total": 33.715946197509766
    }
  },
  "3800": {
    "training_loss": 7809.19287109375,
    "validation_loss": [
      3111.43310546875
    ],
    "validation_chi2s": {
      "DEUTERON": 3.7953196663168534,
      "NMC": 2.212381549910003,
      "NUCLEAR": 2.126810302734375,
      "HERACOMB": 2.359042697482639,
      "DYE886": 2.868963588367809,
      "CDF": 1.1912190573556083,
      "D0": 6.077675628662109,
      "ATLAS": 2.4841856166294645,
      "CMS": 2.3726526685982696,
      "LHCb": 3.983790874481201,
      "total": 2.6474874019622803
    }
  },
  "3900": {
    "training_loss": 7777.98193359375,
    "validation_loss": [
      7372.568359375
    ],
    "validation_chi2s": {
      "DEUTERON": 24.839112542754975,
      "NMC": 2.2416814168294272,
      "NUCLEAR": 2.131757080078125,
      "HERACOMB": 2.3736532373366015,
      "DYE886": 2.84799506447532,
      "CDF": 1.313274928501674,
      "D0": 6.740421295166016,
      "ATLAS": 2.5410743931361606,
      "CMS": 2.414078137106147,
      "LHCb": 4.029036045074463,
      "total": 6.2733941078186035
    }
  },
  "4000": {
    "training_loss": 7774.9677734375,
    "validation_loss": [
      3632.072021484375
    ],
    "validation_chi2s": {
      "DEUTERON": 6.223995986862562,
      "NMC": 2.245607862285539,
      "NUCLEAR": 2.133904541015625,
      "HERACOMB": 2.3775275735294117,
      "DYE886": 2.845649545842951,
      "CDF": 1.282726832798549,
      "D0": 6.65399169921875,
      "ATLAS": 2.529376395089286,
      "CMS": 2.4222185119124484,
      "LHCb": 4.068736553192139,
      "total": 3.0898728370666504
    }
  },
  "4100": {
    "training_loss": 7774.35546875,
    "validation_loss": [
      334665.875
    ],
    "validation_chi2s": {
      "DEUTERON": 1653.2013370646766,
      "NMC": 2.234171250287224,
      "NUCLEAR": 2.131699951171875,
      "HERACOMB": 2.3664720323350696,
      "DYE886": 2.8463528373024682,
      "CDF": 1.2169084548950195,
      "D0": 6.636356353759766,
      "ATLAS": 2.526362827845982,
      "CMS": 2.4098558662351497,
      "LHCb": 4.024975299835205,
      "total": 284.8208923339844
    }
  },
  "4200": {
    "training_loss": 7771.6376953125,
    "validation_loss": [
      6508.841796875
    ],
    "validation_chi2s": {
      "DEUTERON": 20.51396095693408,
      "NMC": 2.2324043722713696,
      "NUCLEAR": 2.1282353515625,
      "HERACOMB": 2.36897208020578,
      "DYE886": 2.8404625979336826,
      "CDF": 1.3755670275006975,
      "D0": 6.958547973632813,
      "ATLAS": 2.5674440220424106,
      "CMS": 2.4476240173844266,
      "LHCb": 3.965614080429077,
      "total": 5.538887023925781
    }
  },
  "4300": {
    "training_loss": 7773.03515625,
    "validation_loss": [
      3501.287353515625
    ],
    "validation_chi2s": {
      "DEUTERON": 5.765676014458955,
      "NMC": 2.1999647851083792,
      "NUCLEAR": 2.12755517578125,
      "HERACOMB": 2.346426571116728,
      "DYE886": 2.8540613001043145,
      "CDF": 1.03680419921875,
      "D0": 5.975621032714844,
      "ATLAS": 2.4941020856584823,
      "CMS": 2.377210885040031,
      "LHCb": 3.9368560314178467,
      "total": 2.979478359222412
    }
  },
  "4400": {
    "training_loss": 7779.96142578125,
    "validation_loss": [
      3209.58154296875
    ],
    "validation_chi2s": {
      "DEUTERON": 4.2044328528257155,
      "NMC": 2.2306760900160847,
      "NUCLEAR": 2.13125732421875,
      "HERACOMB": 2.365011975656148,
      "DYE886": 2.8435245860706675,
      "CDF": 1.2641166959490096,
      "D0": 6.370581817626953,
      "ATLAS": 2.506348876953125,
      "CMS": 2.403915026956353,
      "LHCb": 4.020360469818115,
      "total": 2.730733871459961
    }
  },
  "4500": {
    "training_loss": 7790.744140625,
    "validation_loss": [
      3624.015625
    ],
    "validation_chi2s": {
      "DEUTERON": 6.3718310303949,
      "NMC": 2.202952366249234,
      "NUCLEAR": 2.13060205078125,
      "HERACOMB": 2.354105033126532,
      "DYE886": 2.8579675501043145,
      "CDF": 1.1100262233189173,
      "D0": 5.934407043457031,
      "ATLAS": 2.4616509137834823,
      "CMS": 2.3761755572862864,
      "LHCb": 4.031006813049316,
      "total": 3.0837302207946777
    }
  },
  "4600": {
    "training_loss": 7771.60107421875,
    "validation_loss": [
      3345.2822265625
    ],
    "validation_chi2s": {
      "DEUTERON": 4.851341437344527,
      "NMC": 2.2304484049479165,
      "NUCLEAR": 2.131607421875,
      "HERACOMB": 2.3686651092728757,
      "DYE886": 2.8389063748446377,
      "CDF": 1.2917097636631556,
      "D0": 6.569915771484375,
      "ATLAS": 2.5098856026785716,
      "CMS": 2.423105539369189,
      "LHCb": 3.9994418621063232,
      "total": 2.8461201190948486
    }
  },
  "4700": {
    "training_loss": 7771.94921875,
    "validation_loss": [
      2797.894775390625
    ],
    "validation_chi2s": {
      "DEUTERON": 2.3892594522504664,
      "NMC": 2.1947926540000764,
      "NUCLEAR": 2.12568359375,
      "HERACOMB": 2.353168961269404,
      "DYE886": 3.0037207169966265,
      "CDF": 1.01059661592756,
      "D0": 4.975054550170898,
      "ATLAS": 2.392971888950893,
      "CMS": 2.3587860864056043,
      "LHCb": 3.968780994415283,
      "total": 2.3810696601867676
    }
  },
  "4800": {
    "training_loss": 7774.3017578125,
    "validation_loss": [
      2795.5771484375
    ],
    "validation_chi2s": {
      "DEUTERON": 2.393779697702892,
      "NMC": 2.190585267310049,
      "NUCLEAR": 2.127451416015625,
      "HERACOMB": 2.350636999591503,
      "DYE886": 3.0109582380814985,
      "CDF": 0.9615816388811383,
      "D0": 4.911589813232422,
      "ATLAS": 2.388561837332589,
      "CMS": 2.3504805131392046,
      "LHCb": 3.968414783477783,
      "total": 2.3791584968566895
    }
  },
  "4900": {
    "training_loss": 7806.353515625,
    "validation_loss": [
      2809.059326171875
    ],
    "validation_chi2s": {
      "DEUTERON": 2.4042507190609452,
      "NMC": 2.2011699302523744,
      "NUCLEAR": 2.123425048828125,
      "HERACOMB": 2.3416275323606004,
      "DYE886": 2.92558461969549,
      "CDF": 1.1367511068071638,
      "D0": 5.3760723114013675,
      "ATLAS": 2.4534920828683036,
      "CMS": 2.359505141076963,
      "LHCb": 3.911020278930664,
      "total": 2.3906409740448
    }
  },
  "5000": {
    "training_loss": 7782.31591796875,
    "validation_loss": [
      2806.0322265625
    ],
    "validation_chi2s": {
      "DEUTERON": 2.3937437142898785,
      "NMC": 2.2023453057981004,
      "NUCLEAR": 2.126395751953125,
      "HERACOMB": 2.3435491424760007,
      "DYE886": 2.9310184825550425,
      "CDF": 1.1038358552115304,
      "D0": 5.395291519165039,
      "ATLAS": 2.423413260323661,
      "CMS": 2.3736516779119317,
      "LHCb": 3.9475865364074707,
      "total": 2.3880691528320312
    }
  },
  "5100": {
    "training_loss": 7764.06005859375,
    "validation_loss": [
      2838.5224609375
    ],
    "validation_chi2s": {
      "DEUTERON": 2.5484364068330225,
      "NMC": 2.202237596698836,
      "NUCLEAR": 2.12155029296875,
      "HERACOMB": 2.337250154781965,
      "DYE886": 2.9157191189852627,
      "CDF": 1.0886832645961217,
      "D0": 5.358246994018555,
      "ATLAS": 2.462464773995536,
      "CMS": 2.385666271871772,
      "LHCb": 3.855839729309082,
      "total": 2.4157183170318604
    }
  },
  "5200": {
    "training_loss": 7790.65966796875,
    "validation_loss": [
      2811.20166015625
    ],
    "validation_chi2s": {
      "DEUTERON": 2.416187950627721,
      "NMC": 2.1959805956073835,
      "NUCLEAR": 2.12751904296875,
      "HERACOMB": 2.3440098980673,
      "DYE886": 2.899449261752042,
      "CDF": 1.1037304741995675,
      "D0": 5.500772857666016,
      "ATLAS": 2.4249502999441965,
      "CMS": 2.3715104032153924,
      "LHCb": 3.9537110328674316,
      "total": 2.392472267150879
    }
  },
  "5300": {
    "training_loss": 7769.1640625,
    "validation_loss": [
      2803.97265625
    ],
    "validation_chi2s": {
      "DEUTERON": 2.3842129683613185,
      "NMC": 2.194716958438649,
      "NUCLEAR": 2.126919677734375,
      "HERACOMB": 2.3365458569495505,
      "DYE886": 2.9234244606711646,
      "CDF": 1.10879271371024,
      "D0": 5.245303344726563,
      "ATLAS": 2.434522705078125,
      "CMS": 2.370166873143724,
      "LHCb": 4.011551856994629,
      "total": 2.3860437870025635
    }
  },
  "5400": {
    "training_loss": 7763.94580078125,
    "validation_loss": [
      2807.16259765625
    ],
    "validation_chi2s": {
      "DEUTERON": 2.3963916076356497,
      "NMC": 2.1981057559742645,
      "NUCLEAR": 2.126025390625,
      "HERACOMB": 2.3388905244715072,
      "DYE886": 2.932944904674183,
      "CDF": 1.1163837569100517,
      "D0": 5.436875915527343,
      "ATLAS": 2.425701904296875,
      "CMS": 2.3875359149018593,
      "LHCb": 3.9387640953063965,
      "total": 2.3890411853790283
    }
  },
  "5500": {
    "training_loss": 7770.2041015625,
    "validation_loss": [
      2821.829833984375
    ],
    "validation_chi2s": {
      "DEUTERON": 2.4881497663051926,
      "NMC": 2.1905252793255974,
      "NUCLEAR": 2.127899169921875,
      "HERACOMB": 2.3468454398360907,
      "DYE886": 2.898737820712003,
      "CDF": 1.0586165019444056,
      "D0": 5.3014263153076175,
      "ATLAS": 2.4106312779017856,
      "CMS": 2.368978200865186,
      "LHCb": 3.973090887069702,
      "total": 2.4015207290649414
    }
  },
  "5600": {
    "training_loss": 7778.66552734375,
    "validation_loss": [
      2815.6357421875
    ],
    "validation_chi2s": {
      "DEUTERON": 2.45508055425995,
      "NMC": 2.1905085245768228,
      "NUCLEAR": 2.128283203125,
      "HERACOMB": 2.343646080665339,
      "DYE886": 2.9005685286088423,
      "CDF": 1.052408082144601,
      "D0": 5.442588043212891,
      "ATLAS": 2.414543980189732,
      "CMS": 2.373047379422779,
      "LHCb": 3.934250593185425,
      "total": 2.396254062652588
    }
  },
  "5700": {
    "training_loss": 7769.3408203125,
    "validation_loss": [
      2813.392578125
    ],
    "validation_chi2s": {
      "DEUTERON": 2.452121867469294,
      "NMC": 2.194895725624234,
      "NUCLEAR": 2.127464111328125,
      "HERACOMB": 2.3445901309742645,
      "DYE886": 2.9151666814630683,
      "CDF": 1.0915745326450892,
      "D0": 5.342142486572266,
      "ATLAS": 2.4106038992745535,
      "CMS": 2.3690122494027634,
      "LHCb": 3.92270827293396,
      "total": 2.3943450450897217
    }
  },
  "5800": {
    "training_loss": 7789.53125,
    "validation_loss": [
      2816.1171875
    ],
    "validation_chi2s": {
      "DEUTERON": 2.4037534799148785,
      "NMC": 2.199549357096354,
      "NUCLEAR": 2.126992919921875,
      "HERACOMB": 2.3409433801189747,
      "DYE886": 2.8888424960049717,
      "CDF": 1.1938186373029436,
      "D0": 5.7496284484863285,
      "ATLAS": 2.437836739676339,
      "CMS": 2.3962442697572315,
      "LHCb": 3.959432601928711,
      "total": 2.396667957305908
    }
  },
  "5900": {
    "training_loss": 7769.876953125,
    "validation_loss": [
      2807.78076171875
    ],
    "validation_chi2s": {
      "DEUTERON": 2.418324181096471,
      "NMC": 2.1964555628159466,
      "NUCLEAR": 2.1293291015625,
      "HERACOMB": 2.3350477031632964,
      "DYE886": 2.8919554623690518,
      "CDF": 1.0974544797624861,
      "D0": 5.431324005126953,
      "ATLAS": 2.42680908203125,
      "CMS": 2.3699925950736054,
      "LHCb": 3.9284608364105225,
      "total": 2.389573574066162
    }
  },
  "6000": {
    "training_loss": 7756.65966796875,
    "validation_loss": [
      2799.2119140625
    ],
    "validation_chi2s": {
      "DEUTERON": 2.3496348822294775,
      "NMC": 2.1955333036534928,
      "NUCLEAR": 2.133881591796875,
      "HERACOMB": 2.3379829755795547,
      "DYE886": 2.9240341186523438,
      "CDF": 1.097623416355678,
      "D0": 5.328601837158203,
      "ATLAS": 2.4010885184151785,
      "CMS": 2.404774815583032,
      "LHCb": 4.039637565612793,
      "total": 2.3820226192474365
    }
  },
  "6100": {
    "training_loss": 7748.7294921875,
    "validation_loss": [
      4850.7626953125
    ],
    "validation_chi2s": {
      "DEUTERON": 12.307892908504353,
      "NMC": 2.241600186217065,
      "NUCLEAR": 2.13831103515625,
      "HERACOMB": 2.346917445363562,
      "DYE886": 2.8050703568892046,
      "CDF": 1.2459494726998466,
      "D0": 6.804395294189453,
      "ATLAS": 2.533428955078125,
      "CMS": 2.472005544615186,
      "LHCb": 4.002828121185303,
      "total": 4.127636432647705
    }
  },
  "6200": {
    "training_loss": 7746.4970703125,
    "validation_loss": [
      4051.85546875
    ],
    "validation_chi2s": {
      "DEUTERON": 8.36289256840796,
      "NMC": 2.227148467419194,
      "NUCLEAR": 2.138921875,
      "HERACOMB": 2.345663432202308,
      "DYE886": 2.8030690279873935,
      "CDF": 1.2780395235334123,
      "D0": 6.698832702636719,
      "ATLAS": 2.523992919921875,
      "CMS": 2.463002859068311,
      "LHCb": 3.9625349044799805,
      "total": 3.44779109954834
    }
  },
  "6300": {
    "training_loss": 7743.44580078125,
    "validation_loss": [
      2901.93310546875
    ],
    "validation_chi2s": {
      "DEUTERON": 2.7303761344643966,
      "NMC": 2.187408447265625,
      "NUCLEAR": 2.139345947265625,
      "HERACOMB": 2.387362012676164,
      "DYE886": 2.8358090140602807,
      "CDF": 0.966754572732108,
      "D0": 5.287910842895508,
      "ATLAS": 2.4566392299107145,
      "CMS": 2.4279891085033576,
      "LHCb": 4.066139221191406,
      "total": 2.4694314002990723
    }
  },
  "6400": {
    "training_loss": 7764.9140625,
    "validation_loss": [
      2809.45263671875
    ],
    "validation_chi2s": {
      "DEUTERON": 2.426544341281872,
      "NMC": 2.2016612034217986,
      "NUCLEAR": 2.133452392578125,
      "HERACOMB": 2.3196393181295956,
      "DYE886": 2.882878390225497,
      "CDF": 1.1023872920445033,
      "D0": 5.491649627685547,
      "ATLAS": 2.4285550362723214,
      "CMS": 2.389339982970687,
      "LHCb": 3.9396438598632812,
      "total": 2.391000270843506
    }
  },
  "6500": {
    "training_loss": 7792.9365234375,
    "validation_loss": [
      2815.802490234375
    ],
    "validation_chi2s": {
      "DEUTERON": 2.438907756141169,
      "NMC": 2.1974282358206954,
      "NUCLEAR": 2.136312744140625,
      "HERACOMB": 2.3240653642641953,
      "DYE886": 2.855971249667081,
      "CDF": 1.1284642900739397,
      "D0": 5.452931976318359,
      "ATLAS": 2.4353773716517857,
      "CMS": 2.400291001501162,
      "LHCb": 3.9487478733062744,
      "total": 2.396406412124634
    }
  },
  "6600": {
    "training_loss": 7754.830078125,
    "validation_loss": [
      2963.7080078125
    ],
    "validation_chi2s": {
      "DEUTERON": 3.1336202289334576,
      "NMC": 2.1913532930261947,
      "NUCLEAR": 2.135224609375,
      "HERACOMB": 2.320855433644812,
      "DYE886": 2.8096854469992896,
      "CDF": 1.1195826530456543,
      "D0": 5.749097442626953,
      "ATLAS": 2.4756724330357143,
      "CMS": 2.410902291290031,
      "LHCb": 3.935389280319214,
      "total": 2.522246837615967
    }
  },
  "6700": {
    "training_loss": 7739.55029296875,
    "validation_loss": [
      3106.489990234375
    ],
    "validation_chi2s": {
      "DEUTERON": 3.7575276692708335,
      "NMC": 2.204290651807598,
      "NUCLEAR": 2.143580322265625,
      "HERACOMB": 2.3578938004238155,
      "DYE886": 2.804922277277166,
      "CDF": 1.054891722542899,
      "D0": 5.7054790496826175,
      "ATLAS": 2.4787904575892856,
      "CMS": 2.4217052617348913,
      "LHCb": 3.9901187419891357,
      "total": 2.643181324005127
    }
  },
  "6800": {
    "training_loss": 7737.27978515625,
    "validation_loss": [
      5114.96240234375
    ],
    "validation_chi2s": {
      "DEUTERON": 13.632568359375,
      "NMC": 2.2297270531747855,
      "NUCLEAR": 2.141948486328125,
      "HERACOMB": 2.3377065222247753,
      "DYE886": 2.7918401197953657,
      "CDF": 1.299853733607701,
      "D0": 6.833557891845703,
      "ATLAS": 2.5433201381138395,
      "CMS": 2.4791517021242253,
      "LHCb": 3.9284000396728516,
      "total": 4.352604389190674
    }
  },
  "6900": {
    "training_loss": 7738.2431640625,
    "validation_loss": [
      5166.259765625
    ],
    "validation_chi2s": {
      "DEUTERON": 13.928379343516792,
      "NMC": 2.224535773782169,
      "NUCLEAR": 2.14562939453125,
      "HERACOMB": 2.341312383514604,
      "DYE886": 2.7861026417125356,
      "CDF": 1.1504908970424108,
      "D0": 6.411045074462891,
      "ATLAS": 2.522434605189732,
      "CMS": 2.456682946071152,
      "LHCb": 3.9832725524902344,
      "total": 4.396180629730225
    }
  },
  "7000": {
    "training_loss": 7747.04833984375,
    "validation_loss": [
      2808.82470703125
    ],
    "validation_chi2s": {
      "DEUTERON": 2.455312548585199,
      "NMC": 2.2069341622146905,
      "NUCLEAR": 2.13462646484375,
      "HERACOMB": 2.3199422998366015,
      "DYE886": 2.9177513122558594,
      "CDF": 1.1336780275617326,
      "D0": 5.053264617919922,
      "ATLAS": 2.410528041294643,
      "CMS": 2.3938318678170196,
      "LHCb": 3.8943521976470947,
      "total": 2.390131711959839
    }
  },
  "7100": {
    "training_loss": 7793.5380859375,
    "validation_loss": [
      2816.78955078125
    ],
    "validation_chi2s": {
      "DEUTERON": 2.4656945982975746,
      "NMC": 2.196353987151501,
      "NUCLEAR": 2.1388125,
      "HERACOMB": 2.320965935202206,
      "DYE886": 2.8423373482444068,
      "CDF": 1.1143180302211217,
      "D0": 5.377451705932617,
      "ATLAS": 2.428717041015625,
      "CMS": 2.3865949142077736,
      "LHCb": 3.947430372238159,
      "total": 2.3972465991973877
    }
  },
  "7200": {
    "training_loss": 7748.26611328125,
    "validation_loss": [
      2894.999755859375
    ],
    "validation_chi2s": {
      "DEUTERON": 2.8796617498445274,
      "NMC": 2.195216459386489,
      "NUCLEAR": 2.140240966796875,
      "HERACOMB": 2.3163107080397265,
      "DYE886": 2.8363725488836113,
      "CDF": 1.0111117362976074,
      "D0": 5.312479400634766,
      "ATLAS": 2.4110037667410715,
      "CMS": 2.395514369996126,
      "LHCb": 3.934525966644287,
      "total": 2.4637532234191895
    }
  },
  "7300": {
    "training_loss": 7743.53759765625,
    "validation_loss": [
      2796.366943359375
    ],
    "validation_chi2s": {
      "DEUTERON": 2.3898514325345928,
      "NMC": 2.2064801384420956,
      "NUCLEAR": 2.13733349609375,
      "HERACOMB": 2.330325656467014,
      "DYE886": 2.922549161044034,
      "CDF": 1.131509780883789,
      "D0": 4.777234268188477,
      "ATLAS": 2.4128859165736607,
      "CMS": 2.3687688654119317,
      "LHCb": 3.9737627506256104,
      "total": 2.379854679107666
    }
  },
  "7400": {
    "training_loss": 7771.41162109375,
    "validation_loss": [
      2803.520263671875
    ],
    "validation_chi2s": {
      "DEUTERON": 2.428543014905939,
      "NMC": 2.195779987410003,
      "NUCLEAR": 2.141345947265625,
      "HERACOMB": 2.320757897071589,
      "DYE886": 2.8513091694224966,
      "CDF": 1.0420970916748047,
      "D0": 5.199621963500976,
      "ATLAS": 2.41206787109375,
      "CMS": 2.3784494951736828,
      "LHCb": 3.936602830886841,
      "total": 2.3859622478485107
    }
  },
  "7500": {
    "training_loss": 7773.0625,
    "validation_loss": [
      2804.853271484375
    ],
    "validation_chi2s": {
      "DEUTERON": 2.4142249567591727,
      "NMC": 2.2062216366038605,
      "NUCLEAR": 2.14214306640625,
      "HERACOMB": 2.311989578546262,
      "DYE886": 2.8451624783602627,
      "CDF": 1.0982815878731864,
      "D0": 5.422718811035156,
      "ATLAS": 2.4281025041852677,
      "CMS": 2.3932018437661413,
      "LHCb": 3.907707929611206,
      "total": 2.3870909214019775
    }
  },
  "7600": {
    "training_loss": 7752.2119140625,
    "validation_loss": [
      2792.551513671875
    ],
    "validation_chi2s": {
      "DEUTERON": 2.3800634887088,
      "NMC": 2.2176399978936887,
      "NUCLEAR": 2.141761962890625,
      "HERACOMB": 2.3077157213796977,
      "DYE886": 2.912717645818537,
      "CDF": 1.184720720563616,
      "D0": 4.813378143310547,
      "ATLAS": 2.450819091796875,
      "CMS": 2.354260657444473,
      "LHCb": 3.9114933013916016,
      "total": 2.3766188621520996
    }
  },
  "7700": {
    "training_loss": 7738.0517578125,
    "validation_loss": [
      2795.55419921875
    ],
    "validation_chi2s": {
      "DEUTERON": 2.389508451395367,
      "NMC": 2.207955005122166,
      "NUCLEAR": 2.143781494140625,
      "HERACOMB": 2.3188773759829453,
      "DYE886": 2.8684586611661045,
      "CDF": 1.0581885065351213,
      "D0": 5.084103012084961,
      "ATLAS": 2.4046139090401786,
      "CMS": 2.3815564872804753,
      "LHCb": 3.962111473083496,
      "total": 2.3791801929473877
    }
  },
  "7800": {
    "training_loss": 7740.14306640625,
    "validation_loss": [
      2996.51611328125
    ],
    "validation_chi2s": {
      "DEUTERON": 3.13379149175995,
      "NMC": 2.2382475909064796,
      "NUCLEAR": 2.148218994140625,
      "HERACOMB": 2.3306230532577614,
      "DYE886": 2.7652204686945137,
      "CDF": 1.4042767116001673,
      "D0": 6.239865112304687,
      "ATLAS": 2.5598388671875,
      "CMS": 2.448268165273115,
      "LHCb": 3.893399477005005,
      "total": 2.5499000549316406
    }
  },
  "7900": {
    "training_loss": 7751.0205078125,
    "validation_loss": [
      3148.243896484375
    ],
    "validation_chi2s": {
      "DEUTERON": 3.9895997308379973,
      "NMC": 2.2104034423828125,
      "NUCLEAR": 2.146632080078125,
      "HERACOMB": 2.3071847554125817,
      "DYE886": 2.765596563165838,
      "CDF": 1.2400225230625697,
      "D0": 6.211972045898437,
      "ATLAS": 2.5106792340959823,
      "CMS": 2.417357894014721,
      "LHCb": 3.977893829345703,
      "total": 2.6792349815368652
    }
  },
  "8000": {
    "training_loss": 7734.92822265625,
    "validation_loss": [
      3023.959716796875
    ],
    "validation_chi2s": {
      "DEUTERON": 3.236339056669776,
      "NMC": 2.2347943175072764,
      "NUCLEAR": 2.149520751953125,
      "HERACOMB": 2.3276558670343137,
      "DYE886": 2.7585345181551846,
      "CDF": 1.2967750004359655,
      "D0": 6.631569671630859,
      "ATLAS": 2.56316162109375,
      "CMS": 2.4687890927653666,
      "LHCb": 3.9503090381622314,
      "total": 2.5735225677490234
    }
  },
  "8100": {
    "training_loss": 7780.8251953125,
    "validation_loss": [
      2809.580810546875
    ],
    "validation_chi2s": {
      "DEUTERON": 2.3660272247162624,
      "NMC": 2.2070233214135264,
      "NUCLEAR": 2.14280908203125,
      "HERACOMB": 2.3050666759216707,
      "DYE886": 2.7904891967773438,
      "CDF": 1.2514033998761858,
      "D0": 5.697824096679687,
      "ATLAS": 2.469403076171875,
      "CMS": 2.427418858551782,
      "LHCb": 3.980719804763794,
      "total": 2.391112804412842
    }
  },
  "8200": {
    "training_loss": 7809.1513671875,
    "validation_loss": [
      2810.0888671875
    ],
    "validation_chi2s": {
      "DEUTERON": 2.459613856984608,
      "NMC": 2.208718542959176,
      "NUCLEAR": 2.144747802734375,
      "HERACOMB": 2.3027782564848858,
      "DYE886": 2.822503523393111,
      "CDF": 1.022608688899449,
      "D0": 5.376945877075196,
      "ATLAS": 2.4180250767299105,
      "CMS": 2.396651086728435,
      "LHCb": 3.93831205368042,
      "total": 2.3915421962738037
    }
  },
  "8300": {
    "training_loss": 7734.48193359375,
    "validation_loss": [
      2791.087890625
    ],
    "validation_chi2s": {
      "DEUTERON": 2.4156834237018034,
      "NMC": 2.1969540165919885,
      "NUCLEAR": 2.1441171875,
      "HERACOMB": 2.347524605545343,
      "DYE886": 2.892160589044744,
      "CDF": 0.9161516598292759,
      "D0": 4.543284606933594,
      "ATLAS": 2.367445591517857,
      "CMS": 2.360729627372805,
      "LHCb": 3.864727735519409,
      "total": 2.3753743171691895
    }
  },
  "8400": {
    "training_loss": 7795.30615234375,
    "validation_loss": [
      2798.607421875
    ],
    "validation_chi2s": {
      "DEUTERON": 2.4054366534029072,
      "NMC": 2.2214739930395986,
      "NUCLEAR": 2.145429443359375,
      "HERACOMB": 2.293332168479371,
      "DYE886": 2.8012462962757456,
      "CDF": 1.1352921213422502,
      "D0": 5.406870651245117,
      "ATLAS": 2.432561558314732,
      "CMS": 2.3907891896145403,
      "LHCb": 3.9080214500427246,
      "total": 2.381777286529541
    }
  },
  "8500": {
    "training_loss": 7729.55712890625,
    "validation_loss": [
      2789.78564453125
    ],
    "validation_chi2s": {
      "DEUTERON": 2.403422645075404,
      "NMC": 2.220287996179917,
      "NUCLEAR": 2.14641357421875,
      "HERACOMB": 2.311379426445057,
      "DYE886": 2.8799381256103516,
      "CDF": 0.9920473779950824,
      "D0": 4.993074035644531,
      "ATLAS": 2.3849647739955357,
      "CMS": 2.367191283170842,
      "LHCb": 3.9227914810180664,
      "total": 2.374272584915161
    }
  },
  "8600": {
    "training_loss": 7734.15625,
    "validation_loss": [
      2888.8603515625
    ],
    "validation_chi2s": {
      "DEUTERON": 2.603641946517413,
      "NMC": 2.241681117637485,
      "NUCLEAR": 2.152836669921875,
      "HERACOMB": 2.3157027500127656,
      "DYE886": 2.759400107643821,
      "CDF": 1.291487693786621,
      "D0": 6.6440574645996096,
      "ATLAS": 2.536014578683036,
      "CMS": 2.464651817132619,
      "LHCb": 3.9367122650146484,
      "total": 2.4584338665008545
    }
  },
  "8700": {
    "training_loss": 7750.5419921875,
    "validation_loss": [
      2786.682861328125
    ],
    "validation_chi2s": {
      "DEUTERON": 2.3667356576492535,
      "NMC": 2.226086336023667,
      "NUCLEAR": 2.147752197265625,
      "HERACOMB": 2.2905931659773286,
      "DYE886": 2.8465922962535513,
      "CDF": 1.0847612108503069,
      "D0": 5.208168029785156,
      "ATLAS": 2.419658900669643,
      "CMS": 2.375683492865444,
      "LHCb": 3.948928117752075,
      "total": 2.3716320991516113
    }
  },
  "8800": {
    "training_loss": 7746.21044921875,
    "validation_loss": [
      2981.982177734375
    ],
    "validation_chi2s": {
      "DEUTERON": 3.156199896513526,
      "NMC": 2.2402264464135264,
      "NUCLEAR": 2.152981201171875,
      "HERACOMB": 2.303655686721303,
      "DYE886": 2.7636689272793857,
      "CDF": 1.2482245309012276,
      "D0": 6.421640777587891,
      "ATLAS": 2.4942231096540177,
      "CMS": 2.434996045325413,
      "LHCb": 3.912079334259033,
      "total": 2.537767171859741
    }
  },
  "8900": {
    "training_loss": 7730.556640625,
    "validation_loss": [
      2968.137451171875
    ],
    "validation_chi2s": {
      "DEUTERON": 2.98151515372357,
      "NMC": 2.2442221548043046,
      "NUCLEAR": 2.15613134765625,
      "HERACOMB": 2.3139905742570464,
      "DYE886": 2.760394876653498,
      "CDF": 1.2487016405378069,
      "D0": 6.809251403808593,
      "ATLAS": 2.543567417689732,
      "CMS": 2.462000318795196,
      "LHCb": 3.950409173965454,
      "total": 2.525834321975708
    }
  },
  "9000": {
    "training_loss": 7728.83154296875,
    "validation_loss": [
      3461.52783203125
    ],
    "validation_chi2s": {
      "DEUTERON": 5.435536550645211,
      "NMC": 2.2485891603956034,
      "NUCLEAR": 2.156396240234375,
      "HERACOMB": 2.313205694061479,
      "DYE886": 2.7636883475563745,
      "CDF": 1.2193553107125419,
      "D0": 6.833107757568359,
      "ATLAS": 2.548897705078125,
      "CMS": 2.4549177185563016,
      "LHCb": 3.9501826763153076,
      "total": 2.9458181858062744
    }
  },
  "9100": {
    "training_loss": 7782.810546875,
    "validation_loss": [
      2781.0537109375
    ],
    "validation_chi2s": {
      "DEUTERON": 2.4033722379314364,
      "NMC": 2.2607194489123774,
      "NUCLEAR": 2.1504111328125,
      "HERACOMB": 2.2907694897620505,
      "DYE886": 2.880950234153054,
      "CDF": 0.8815958840506417,
      "D0": 4.7770843505859375,
      "ATLAS": 2.3885578264508927,
      "CMS": 2.345624182835098,
      "LHCb": 3.90478253364563,
      "total": 2.3668484687805176
    }
  },
  "9200": {
    "training_loss": 7732.15771484375,
    "validation_loss": [
      3174.394775390625
    ],
    "validation_chi2s": {
      "DEUTERON": 4.01783107169232,
      "NMC": 2.2573306513767615,
      "NUCLEAR": 2.155906494140625,
      "HERACOMB": 2.334316677517361,
      "DYE886": 2.771659504283558,
      "CDF": 1.145620618547712,
      "D0": 6.5536956787109375,
      "ATLAS": 2.522958809988839,
      "CMS": 2.4468240028570505,
      "LHCb": 3.9347715377807617,
      "total": 2.7012887001037598
    }
  },
  "9300": {
    "training_loss": 7793.9755859375,
    "validation_loss": [
      2840.37841796875
    ],
    "validation_chi2s": {
      "DEUTERON": 2.4785692205476524,
      "NMC": 2.2593002319335938,
      "NUCLEAR": 2.15058447265625,
      "HERACOMB": 2.3091618157679736,
      "DYE886": 2.7923948114568535,
      "CDF": 1.3961097172328405,
      "D0": 5.685534286499023,
      "ATLAS": 2.512452915736607,
      "CMS": 2.39525913206999,
      "LHCb": 3.910371780395508,
      "total": 2.4173316955566406
    }
  },
  "9400": {
    "training_loss": 7740.62939453125,
    "validation_loss": [
      2941.50048828125
    ],
    "validation_chi2s": {
      "DEUTERON": 2.8347259065998136,
      "NMC": 2.2627156575520835,
      "NUCLEAR": 2.14991162109375,
      "HERACOMB": 2.3514482086780024,
      "DYE886": 2.784650455821644,
      "CDF": 1.162858009338379,
      "D0": 6.560417938232422,
      "ATLAS": 2.5269356863839287,
      "CMS": 2.4458855242768593,
      "LHCb": 3.928006887435913,
      "total": 2.5030369758605957
    }
  },
  "9500": {
    "training_loss": 7771.76708984375,
    "validation_loss": [
      2798.67724609375
    ],
    "validation_chi2s": {
      "DEUTERON": 2.3682064227203825,
      "NMC": 2.2423122630399814,
      "NUCLEAR": 2.148783203125,
      "HERACOMB": 2.317330952563317,
      "DYE886": 2.8831717751242896,
      "CDF": 1.0373425483703613,
      "D0": 5.323263549804688,
      "ATLAS": 2.4222879464285714,
      "CMS": 2.369522473043647,
      "LHCb": 3.9834423065185547,
      "total": 2.381849527359009
    }
  },
  "9600": {
    "training_loss": 7759.095703125,
    "validation_loss": [
      2856.86572265625
    ],
    "validation_chi2s": {
      "DEUTERON": 2.4385628012282337,
      "NMC": 2.2653477986653647,
      "NUCLEAR": 2.152985595703125,
      "HERACOMB": 2.319424498314951,
      "DYE886": 2.789843125776811,
      "CDF": 1.3080402101789201,
      "D0": 6.297282409667969,
      "ATLAS": 2.5498519461495537,
      "CMS": 2.4600842688694473,
      "LHCb": 3.930102825164795,
      "total": 2.4313507080078125
    }
  },
  "9700": {
    "training_loss": 7744.53076171875,
    "validation_loss": [
      2855.7177734375
    ],
    "validation_chi2s": {
      "DEUTERON": 2.343980172380286,
      "NMC": 2.2798011630189183,
      "NUCLEAR": 2.1550478515625,
      "HERACOMB": 2.3366830863204657,
      "DYE886": 2.7950767170299184,
      "CDF": 1.3453076226370675,
      "D0": 6.733023834228516,
      "ATLAS": 2.568616245814732,
      "CMS": 2.4825328480113638,
      "LHCb": 3.9495842456817627,
      "total": 2.4303975105285645
    }
  },
  "9800": {
    "training_loss": 7798.384765625,
    "validation_loss": [
      2799.767333984375
    ],
    "validation_chi2s": {
      "DEUTERON": 2.360618021950793,
      "NMC": 2.2654691209980085,
      "NUCLEAR": 2.15210693359375,
      "HERACOMB": 2.2921950396369484,
      "DYE886": 2.863777854225852,
      "CDF": 1.0769625391278947,
      "D0": 5.215674591064453,
      "ATLAS": 2.458081229073661,
      "CMS": 2.3759962349883783,
      "LHCb": 4.0598530769348145,
      "total": 2.382753372192383
    }
  },
  "9900": {
    "training_loss": 7869.103515625,
    "validation_loss": [
      2810.5498046875
    ],
    "validation_chi2s": {
      "DEUTERON": 2.4895619254800216,
      "NMC": 2.2731973984662224,
      "NUCLEAR": 2.15408056640625,
      "HERACOMB": 2.2923745548023895,
      "DYE886": 2.8863351995294746,
      "CDF": 1.1056867327008928,
      "D0": 4.958008193969727,
      "ATLAS": 2.4117515345982143,
      "CMS": 2.3829436499225207,
      "LHCb": 3.8438005447387695,
      "total": 2.3919451236724854
    }
  },
  "10000": {
    "training_loss": 7765.83203125,
    "validation_loss": [
      2790.82666015625
    ],
    "validation_chi2s": {
      "DEUTERON": 2.3665082181864117,
      "NMC": 2.2515984329522825,
      "NUCLEAR": 2.152733154296875,
      "HERACOMB": 2.30610626819087,
      "DYE886": 2.8954812830144707,
      "CDF": 0.9515842710222516,
      "D0": 5.068488311767578,
      "ATLAS": 2.4127396065848212,
      "CMS": 2.378621251129907,
      "LHCb": 3.9183077812194824,
      "total": 2.375171661376953
    }
  },
  "10100": {
    "training_loss": 7743.52294921875,
    "validation_loss": [
      2859.55078125
    ],
    "validation_chi2s": {
      "DEUTERON": 2.40297900147699,
      "NMC": 2.2782067691578582,
      "NUCLEAR": 2.156058837890625,
      "HERACOMB": 2.3348458483328227,
      "DYE886": 2.8076223893599077,
      "CDF": 1.1842058726719447,
      "D0": 6.548213195800781,
      "ATLAS": 2.5514850725446427,
      "CMS": 2.470202737603306,
      "LHCb": 3.9251036643981934,
      "total": 2.4333715438842773
    }
  },
  "10200": {
    "training_loss": 7739.2548828125,
    "validation_loss": [
      2824.05224609375
    ],
    "validation_chi2s": {
      "DEUTERON": 2.300122768724736,
      "NMC": 2.285040313122319,
      "NUCLEAR": 2.156782470703125,
      "HERACOMB": 2.337349885429432,
      "DYE886": 2.8409900665283203,
      "CDF": 1.1778638022286552,
      "D0": 6.0169933319091795,
      "ATLAS": 2.518393205915179,
      "CMS": 2.417686525455191,
      "LHCb": 3.942181348800659,
      "total": 2.403073787689209
    }
  },
  "10300": {
    "training_loss": 7748.88427734375,
    "validation_loss": [
      2836.8916015625
    ],
    "validation_chi2s": {
      "DEUTERON": 2.333338950996968,
      "NMC": 2.2753924201516544,
      "NUCLEAR": 2.152275390625,
      "HERACOMB": 2.327890234055862,
      "DYE886": 2.807333165949041,
      "CDF": 1.1226071630205428,
      "D0": 6.345910263061524,
      "ATLAS": 2.548696812220982,
      "CMS": 2.4412271799134815,
      "LHCb": 3.9671642780303955,
      "total": 2.414372444152832
    }
  },
  "10400": {
    "training_loss": 7774.421875,
    "validation_loss": [
      2797.593017578125
    ],
    "validation_chi2s": {
      "DEUTERON": 2.3871658856595928,
      "NMC": 2.2484322342218137,
      "NUCLEAR": 2.1494130859375,
      "HERACOMB": 2.311184752221201,
      "DYE886": 2.917515841397372,
      "CDF": 0.9492152759007045,
      "D0": 4.8232269287109375,
      "ATLAS": 2.4513462611607144,
      "CMS": 2.353008932318569,
      "LHCb": 3.930121421813965,
      "total": 2.3809292316436768
    }
  },
  "10500": {
    "training_loss": 7772.6171875,
    "validation_loss": [
      2798.924072265625
    ],
    "validation_chi2s": {
      "DEUTERON": 2.3536908353739117,
      "NMC": 2.269633872836244,
      "NUCLEAR": 2.151609130859375,
      "HERACOMB": 2.331136267169628,
      "DYE886": 2.9638831398703833,
      "CDF": 0.9057405335562569,
      "D0": 4.968249130249023,
      "ATLAS": 2.432591029575893,
      "CMS": 2.361083479952221,
      "LHCb": 3.9445486068725586,
      "total": 2.382061004638672
    }
  },
  "10600": {
    "training_loss": 7763.37060546875,
    "validation_loss": [
      2805.5625
    ],
    "validation_chi2s": {
      "DEUTERON": 2.3675057330534828,
      "NMC": 2.247698615579044,
      "NUCLEAR": 2.146216796875,
      "HERACOMB": 2.3139963586345997,
      "DYE886": 2.8336830139160156,
      "CDF": 0.9316273416791644,
      "D0": 5.40221939086914,
      "ATLAS": 2.4815544782366072,
      "CMS": 2.364939035462939,
      "LHCb": 3.972182273864746,
      "total": 2.3877127170562744
    }
  },
  "10700": {
    "training_loss": 7789.31591796875,
    "validation_loss": [
      2805.497802734375
    ],
    "validation_chi2s": {
      "DEUTERON": 2.3840641761893657,
      "NMC": 2.2379802629059435,
      "NUCLEAR": 2.148273193359375,
      "HERACOMB": 2.3223713394863155,
      "DYE886": 2.856643329967152,
      "CDF": 0.8993771416800362,
      "D0": 5.341591644287109,
      "ATLAS": 2.4723878696986605,
      "CMS": 2.3421613204577736,
      "LHCb": 3.9319679737091064,
      "total": 2.387657880783081
    }
  },
  "10800": {
    "training_loss": 7785.26513671875,
    "validation_loss": [
      2812.53076171875
    ],
    "validation_chi2s": {
      "DEUTERON": 2.3297943570720614,
      "NMC": 2.2708713307100186,
      "NUCLEAR": 2.155749755859375,
      "HERACOMB": 2.3221238080193016,
      "DYE886": 2.851978475397283,
      "CDF": 1.0394853864397322,
      "D0": 5.242846298217773,
      "ATLAS": 2.5408096749441964,
      "CMS": 2.3631475779635847,
      "LHCb": 3.9339897632598877,
      "total": 2.393641710281372
    }
  },
  "10900": {
    "training_loss": 7769.21875,
    "validation_loss": [
      2845.28271484375
    ],
    "validation_chi2s": {
      "DEUTERON": 2.469794733607354,
      "NMC": 2.267788008147595,
      "NUCLEAR": 2.15429052734375,
      "HERACOMB": 2.342221129174326,
      "DYE886": 2.8271734064275567,
      "CDF": 0.9498874119349888,
      "D0": 5.625277328491211,
      "ATLAS": 2.4960421316964285,
      "CMS": 2.3785902291290033,
      "LHCb": 4.002542018890381,
      "total": 2.421426296234131
    }
  },
  "11000": {
    "training_loss": 7754.48681640625,
    "validation_loss": [
      2835.536376953125
    ],
    "validation_chi2s": {
      "DEUTERON": 2.383388234608209,
      "NMC": 2.2590438244389555,
      "NUCLEAR": 2.150264404296875,
      "HERACOMB": 2.343970005808313,
      "DYE886": 2.7956289811567827,
      "CDF": 0.9484618050711495,
      "D0": 6.023611068725586,
      "ATLAS": 2.5090638950892856,
      "CMS": 2.4117222305171744,
      "LHCb": 3.972189426422119,
      "total": 2.4131805896759033
    }
  },
  "11100": {
    "training_loss": 7756.07470703125,
    "validation_loss": [
      2832.0751953125
    ],
    "validation_chi2s": {
      "DEUTERON": 2.298209119198927,
      "NMC": 2.301751679065181,
      "NUCLEAR": 2.1578330078125,
      "HERACOMB": 2.342715992647059,
      "DYE886": 2.781855496493253,
      "CDF": 1.0857736042567663,
      "D0": 6.018905258178711,
      "ATLAS": 2.573631068638393,
      "CMS": 2.428415597962939,
      "LHCb": 3.8462655544281006,
      "total": 2.410173177719116
    }
  },
  "11200": {
    "training_loss": 7938.6513671875,
    "validation_loss": [
      2803.48876953125
    ],
    "validation_chi2s": {
      "DEUTERON": 2.34780322022699,
      "NMC": 2.2657979329427085,
      "NUCLEAR": 2.15504052734375,
      "HERACOMB": 2.369732426662071,
      "DYE886": 2.8948381597345527,
      "CDF": 0.8217591558183942,
      "D0": 4.942124938964843,
      "ATLAS": 2.4042227608816966,
      "CMS": 2.3744438738862343,
      "LHCb": 3.9131181240081787,
      "total": 2.3859477043151855
    }
  },
  "11300": {
    "training_loss": 7747.11669921875,
    "validation_loss": [
      2806.6259765625
    ],
    "validation_chi2s": {
      "DEUTERON": 2.3851480816134174,
      "NMC": 2.2565437765682446,
      "NUCLEAR": 2.154254638671875,
      "HERACOMB": 2.3561345518024917,
      "DYE886": 2.8336939378218218,
      "CDF": 0.7721796716962542,
      "D0": 4.962617874145508,
      "ATLAS": 2.4073629324776786,
      "CMS": 2.380550416047908,
      "LHCb": 3.9337127208709717,
      "total": 2.388617992401123
    }
  },
  "11400": {
    "training_loss": 7760.81640625,
    "validation_loss": [
      2839.8857421875
    ],
    "validation_chi2s": {
      "DEUTERON": 2.3034409859880287,
      "NMC": 2.2694199505974266,
      "NUCLEAR": 2.1629560546875,
      "HERACOMB": 2.361959818921058,
      "DYE886": 2.782853213223544,
      "CDF": 1.0107996804373605,
      "D0": 5.962845230102539,
      "ATLAS": 2.5430044991629464,
      "CMS": 2.463789758603435,
      "LHCb": 3.955740213394165,
      "total": 2.416923999786377
    }
  },
  "11500": {
    "training_loss": 7758.06884765625,
    "validation_loss": [
      2810.51953125
    ],
    "validation_chi2s": {
      "DEUTERON": 2.3756861141071983,
      "NMC": 2.248665603936887,
      "NUCLEAR": 2.15234765625,
      "HERACOMB": 2.356225306691687,
      "DYE886": 2.8508037220348013,
      "CDF": 0.7852423531668526,
      "D0": 5.170962524414063,
      "ATLAS": 2.4249625069754464,
      "CMS": 2.3888837325671486,
      "LHCb": 3.9339237213134766,
      "total": 2.3919315338134766
    }
  }
}