{
  "100": {
    "training_loss": 37320.78125,
    "validation_loss": [
      17421.119140625
    ],
    "validation_chi2s": {
      "DEUTERON": 15.997632686178482,
      "NMC": 9.752030914905024,
      "NUCLEAR": 6.74165234375,
      "HERACOMB": 19.479088477839053,
      "DYE886": 34.685327703302555,
      "CDF": 17.17835017613002,
      "D0": 57.14368896484375,
      "ATLAS": 13.147151227678572,
      "CMS": 11.194291637789819,
      "LHCb": 12.85905933380127,
      "total": 14.358223915100098
    }
  },
  "200": {
    "training_loss": 18582.62890625,
    "validation_loss": [
      8144.0908203125
    ],
    "validation_chi2s": {
      "DEUTERON": 5.55934378400964,
      "NMC": 2.5104537664675246,
      "NUCLEAR": 6.083611328125,
      "HERACOMB": 5.152079663245506,
      "DYE886": 53.21721857244318,
      "CDF": 6.585875374930246,
      "D0": 14.594676208496093,
      "ATLAS": 7.466233956473214,
      "CMS": 5.3813845726751515,
      "LHCb": 3.1591174602508545,
      "total": 6.60500955581665
    }
  },
  "300": {
    "training_loss": 16564.146484375,
    "validation_loss": [
      7415.91943359375
    ],
    "validation_chi2s": {
      "DEUTERON": 5.5571313355099505,
      "NMC": 2.3392100614659928,
      "NUCLEAR": 5.6130498046875,
      "HERACOMB": 4.389344857409109,
      "DYE886": 41.2674033425071,
      "CDF": 6.9284226553780695,
      "D0": 18.530735778808594,
      "ATLAS": 6.9229052734375,
      "CMS": 6.2872998637537805,
      "LHCb": 3.8899617195129395,
      "total": 6.145998477935791
    }
  },
  "400": {
    "training_loss": 15908.255859375,
    "validation_loss": [
      7184.3193359375
    ],
    "validation_chi2s": {
      "DEUTERON": 5.678537852728545,
      "NMC": 2.277868532666973,
      "NUCLEAR": 5.3457080078125,
      "HERACOMB": 4.234323538985907,
      "DYE886": 36.77090176669034,
      "CDF": 6.703539712088449,
      "D0": 28.840582275390624,
      "ATLAS": 6.716399274553571,
      "CMS": 5.6835942422190024,
      "LHCb": 3.90811824798584,
      "total": 5.975528717041016
    }
  },
  "500": {
    "training_loss": 15425.6640625,
    "validation_loss": [
      7014.0595703125
    ],
    "validation_chi2s": {
      "DEUTERON": 5.680411419465174,
      "NMC": 2.171344083898208,
      "NUCLEAR": 4.98357861328125,
      "HERACOMB": 4.138272154564951,
      "DYE886": 35.63675204190341,
      "CDF": 6.549544743129185,
      "D0": 34.13358154296875,
      "ATLAS": 6.510207170758928,
      "CMS": 5.3616515128843245,
      "LHCb": 4.115588188171387,
      "total": 5.833385467529297
    }
  },
  "600": {
    "training_loss": 15236.9658203125,
    "validation_loss": [
      6836.7744140625
    ],
    "validation_chi2s": {
      "DEUTERON": 5.833308433418844,
      "NMC": 2.1302253872740504,
      "NUCLEAR": 4.72032421875,
      "HERACOMB": 4.083332535488154,
      "DYE886": 34.5862509987571,
      "CDF": 6.57416752406529,
      "D0": 31.730657958984374,
      "ATLAS": 6.311019112723215,
      "CMS": 5.196816721270161,
      "LHCb": 3.908999443054199,
      "total": 5.695128917694092
    }
  },
  "700": {
    "training_loss": 15045.6787109375,
    "validation_loss": [
      6745.376953125
    ],
    "validation_chi2s": {
      "DEUTERON": 5.902816848375311,
      "NMC": 2.1023736093558516,
      "NUCLEAR": 4.5522001953125,
      "HERACOMB": 4.030871821384804,
      "DYE886": 34.18764426491477,
      "CDF": 6.658003670828683,
      "D0": 31.032308959960936,
      "ATLAS": 6.208316127232143,
      "CMS": 5.105431341355847,
      "LHCb": 3.8992888927459717,
      "total": 5.618461608886719
    }
  },
  "800": {
    "training_loss": 14843.3134765625,
    "validation_loss": [
      6684.240234375
    ],
    "validation_chi2s": {
      "DEUTERON": 5.953819768345771,
      "NMC": 2.0841167674345127,
      "NUCLEAR": 4.416451171875,
      "HERACOMB": 3.9973926419526142,
      "DYE886": 34.03566672585227,
      "CDF": 6.743414197649274,
      "D0": 31.074703979492188,
      "ATLAS": 6.129638671875,
      "CMS": 5.0202169110698085,
      "LHCb": 3.9313180446624756,
      "total": 5.567108631134033
    }
  },
  "900": {
    "training_loss": 14800.626953125,
    "validation_loss": [
      6580.7197265625
    ],
    "validation_chi2s": {
      "DEUTERON": 6.057103399020522,
      "NMC": 2.0647289799708948,
      "NUCLEAR": 4.26680322265625,
      "HERACOMB": 3.9463241676879086,
      "DYE886": 33.076146906072445,
      "CDF": 6.811920710972378,
      "D0": 29.647152709960938,
      "ATLAS": 6.011916852678572,
      "CMS": 4.939278879473286,
      "LHCb": 3.8871192932128906,
      "total": 5.482028007507324
    }
  },
  "1000": {
    "training_loss": 14658.599609375,
    "validation_loss": [
      6529.7548828125
    ],
    "validation_chi2s": {
      "DEUTERON": 6.115411103661381,
      "NMC": 2.0576770258884802,
      "NUCLEAR": 4.15561572265625,
      "HERACOMB": 3.9315692178564134,
      "DYE886": 32.82214078036222,
      "CDF": 6.901084354945591,
      "D0": 29.206112670898438,
      "ATLAS": 5.947964564732143,
      "CMS": 4.880461662046371,
      "LHCb": 3.8595168590545654,
      "total": 5.4398417472839355
    }
  },
  "1100": {
    "training_loss": 1144898.455078125,
    "validation_loss": [
      7930.12158203125
    ],
    "validation_chi2s": {
      "DEUTERON": 14.16513380363806,
      "NMC": 2.099689857632506,
      "NUCLEAR": 3.824631103515625,
      "HERACOMB": 4.234238169551674,
      "DYE886": 17.193566062233664,
      "CDF": 6.144260951450893,
      "D0": 28.401513671875,
      "ATLAS": 5.570892159598214,
      "CMS": 6.0024143342048895,
      "LHCb": 7.0156755447387695,
      "total": 6.6681671142578125
    }
  },
  "1200": {
    "training_loss": 8641.38671875,
    "validation_loss": [
      3218.86865234375
    ],
    "validation_chi2s": {
      "DEUTERON": 2.709693415247979,
      "NMC": 1.9760031606636794,
      "NUCLEAR": 2.3202978515625,
      "HERACOMB": 2.9832404641544117,
      "DYE886": 2.7055097059770064,
      "CDF": 4.43096787588937,
      "D0": 1.5635729789733888,
      "ATLAS": 2.775570765904018,
      "CMS": 2.986172583795363,
      "LHCb": 2.6358537673950195,
      "total": 2.7036521434783936
    }
  },
  "1300": {
    "training_loss": 8228.6455078125,
    "validation_loss": [
      3037.206787109375
    ],
    "validation_chi2s": {
      "DEUTERON": 2.4419992930853547,
      "NMC": 1.881629046271829,
      "NUCLEAR": 2.031908935546875,
      "HERACOMB": 2.8918818056193833,
      "DYE886": 2.4675253087824043,
      "CDF": 4.602957044328962,
      "D0": 1.7026802062988282,
      "ATLAS": 2.773802315848214,
      "CMS": 2.9489709177324848,
      "LHCb": 2.7417640686035156,
      "total": 2.5654118061065674
    }
  },
  "1400": {
    "training_loss": 8151.98193359375,
    "validation_loss": [
      2982.5087890625
    ],
    "validation_chi2s": {
      "DEUTERON": 2.3377916326570274,
      "NMC": 1.8615146711760877,
      "NUCLEAR": 1.966309814453125,
      "HERACOMB": 2.8609449598524304,
      "DYE886": 2.4153886274857954,
      "CDF": 4.426482881818499,
      "D0": 1.6932880401611328,
      "ATLAS": 2.784583565848214,
      "CMS": 2.9433490384009575,
      "LHCb": 2.709907293319702,
      "total": 2.5228450298309326
    }
  },
  "1500": {
    "training_loss": 8091.78173828125,
    "validation_loss": [
      2963.349609375
    ],
    "validation_chi2s": {
      "DEUTERON": 2.2777916448033273,
      "NMC": 1.8495754167145373,
      "NUCLEAR": 1.9412552490234376,
      "HERACOMB": 2.8629718855315565,
      "DYE886": 2.361368005925959,
      "CDF": 4.18409538269043,
      "D0": 1.7167125701904298,
      "ATLAS": 2.7951381138392857,
      "CMS": 2.9690775717458417,
      "LHCb": 2.662987470626831,
      "total": 2.5080506801605225
    }
  },
  "1600": {
    "training_loss": 8054.09765625,
    "validation_loss": [
      2951.1171875
    ],
    "validation_chi2s": {
      "DEUTERON": 2.242416305921564,
      "NMC": 1.8415241615445006,
      "NUCLEAR": 1.9307117919921875,
      "HERACOMB": 2.86915558459712,
      "DYE886": 2.3060347817160864,
      "CDF": 4.043204171316964,
      "D0": 1.7721561431884765,
      "ATLAS": 2.7961246163504465,
      "CMS": 2.9697127803679435,
      "LHCb": 2.6059486865997314,
      "total": 2.4982991218566895
    }
  },
  "1700": {
    "training_loss": 8023.2685546875,
    "validation_loss": [
      2948.15234375
    ],
    "validation_chi2s": {
      "DEUTERON": 2.22070995729361,
      "NMC": 1.8358314364564186,
      "NUCLEAR": 1.9258924560546875,
      "HERACOMB": 2.87849396350337,
      "DYE886": 2.2512115131724966,
      "CDF": 3.9263807024274553,
      "D0": 1.875605010986328,
      "ATLAS": 2.801490304129464,
      "CMS": 2.9849395751953125,
      "LHCb": 2.5615689754486084,
      "total": 2.4961063861846924
    }
  },
  "1800": {
    "training_loss": 8006.7294921875,
    "validation_loss": [
      2945.67431640625
    ],
    "validation_chi2s": {
      "DEUTERON": 2.2052802090621113,
      "NMC": 1.8338678397384345,
      "NUCLEAR": 1.9216781005859376,
      "HERACOMB": 2.8813530417049633,
      "DYE886": 2.230937437577681,
      "CDF": 3.829188755580357,
      "D0": 1.9201257705688477,
      "ATLAS": 2.804100167410714,
      "CMS": 3.0024925970262095,
      "LHCb": 2.54158091545105,
      "total": 2.4943509101867676
    }
  },
  "1900": {
    "training_loss": 7994.03466796875,
    "validation_loss": [
      2937.296875
    ],
    "validation_chi2s": {
      "DEUTERON": 2.1940274214863185,
      "NMC": 1.8297072765873927,
      "NUCLEAR": 1.917406005859375,
      "HERACOMB": 2.878390443091299,
      "DYE886": 2.2150570262562144,
      "CDF": 3.7830025809151784,
      "D0": 1.9262613296508788,
      "ATLAS": 2.805307791573661,
      "CMS": 2.9893082649477067,
      "LHCb": 2.508643388748169,
      "total": 2.487952470779419
    }
  },
  "2000": {
    "training_loss": 7983.189453125,
    "validation_loss": [
      2936.95703125
    ],
    "validation_chi2s": {
      "DEUTERON": 2.1850036317436254,
      "NMC": 1.828413720224418,
      "NUCLEAR": 1.9144012451171875,
      "HERACOMB": 2.8801227644378065,
      "DYE886": 2.2100108753551138,
      "CDF": 3.692136492047991,
      "D0": 1.9581075668334962,
      "ATLAS": 2.8072708565848212,
      "CMS": 3.009215324155746,
      "LHCb": 2.5003511905670166,
      "total": 2.487967014312744
    }
  },
  "2100": {
    "training_loss": 7977.3505859375,
    "validation_loss": [
      2930.878173828125
    ],
    "validation_chi2s": {
      "DEUTERON": 2.180574028053094,
      "NMC": 1.826697405646829,
      "NUCLEAR": 1.9115234375,
      "HERACOMB": 2.8738389358021856,
      "DYE886": 2.2146596041592685,
      "CDF": 3.6412405286516463,
      "D0": 1.917997169494629,
      "ATLAS": 2.8048597935267856,
      "CMS": 3.0067096833259828,
      "LHCb": 2.4824836254119873,
      "total": 2.4832305908203125
    }
  },
  "2200": {
    "training_loss": 7970.83154296875,
    "validation_loss": [
      2927.25244140625
    ],
    "validation_chi2s": {
      "DEUTERON": 2.1775032916472328,
      "NMC": 1.8243161369772518,
      "NUCLEAR": 1.9103411865234374,
      "HERACOMB": 2.8715044408062704,
      "DYE886": 2.2114235271107066,
      "CDF": 3.583052226475307,
      "D0": 1.9054630279541016,
      "ATLAS": 2.8035025460379464,
      "CMS": 3.005336146200857,
      "LHCb": 2.4636964797973633,
      "total": 2.480377197265625
    }
  },
  "2300": {
    "training_loss": 7964.36865234375,
    "validation_loss": [
      2925.09423828125
    ],
    "validation_chi2s": {
      "DEUTERON": 2.1741922103350437,
      "NMC": 1.8227549534217984,
      "NUCLEAR": 1.9093121337890624,
      "HERACOMB": 2.869425056806577,
      "DYE886": 2.210059079256925,
      "CDF": 3.5319415501185825,
      "D0": 1.895411491394043,
      "ATLAS": 2.8033740234375,
      "CMS": 3.010982882591986,
      "LHCb": 2.455019950866699,
      "total": 2.4789111614227295
    }
  },
  "2400": {
    "training_loss": 7958.53515625,
    "validation_loss": [
      2923.25439453125
    ],
    "validation_chi2s": {
      "DEUTERON": 2.1744322515838777,
      "NMC": 1.8200800278607536,
      "NUCLEAR": 1.9083966064453124,
      "HERACOMB": 2.8677567625357434,
      "DYE886": 2.208364313299006,
      "CDF": 3.476030077253069,
      "D0": 1.8813644409179688,
      "ATLAS": 2.8029385811941965,
      "CMS": 3.0126500283518145,
      "LHCb": 2.4476122856140137,
      "total": 2.477634906768799
    }
  },
  "2500": {
    "training_loss": 7953.14208984375,
    "validation_loss": [
      2921.1025390625
    ],
    "validation_chi2s": {
      "DEUTERON": 2.1747592907046798,
      "NMC": 1.818034751742494,
      "NUCLEAR": 1.9076522216796874,
      "HERACOMB": 2.8651861053666257,
      "DYE886": 2.208941026167436,
      "CDF": 3.430230276925223,
      "D0": 1.856373405456543,
      "ATLAS": 2.801630161830357,
      "CMS": 3.0141394830519155,
      "LHCb": 2.4401445388793945,
      "total": 2.476062297821045
    }
  },
  "2600": {
    "training_loss": 7947.615234375,
    "validation_loss": [
      2920.35546875
    ],
    "validation_chi2s": {
      "DEUTERON": 2.1768531609530473,
      "NMC": 1.8160214891620712,
      "NUCLEAR": 1.907636962890625,
      "HERACOMB": 2.863008985332414,
      "DYE886": 2.2105704220858486,
      "CDF": 3.378026689801897,
      "D0": 1.8378131866455079,
      "ATLAS": 2.8011936732700895,
      "CMS": 3.0190742246566282,
      "LHCb": 2.434905529022217,
      "total": 2.4756391048431396
    }
  },
  "2700": {
    "training_loss": 7943.02197265625,
    "validation_loss": [
      2918.491943359375
    ],
    "validation_chi2s": {
      "DEUTERON": 2.180742254304649,
      "NMC": 1.8135194965437347,
      "NUCLEAR": 1.90644921875,
      "HERACOMB": 2.860977073120915,
      "DYE886": 2.2111386385830967,
      "CDF": 3.332553046090262,
      "D0": 1.7929967880249023,
      "ATLAS": 2.801952950613839,
      "CMS": 3.0175970754315777,
      "LHCb": 2.4224207401275635,
      "total": 2.4743924140930176
    }
  },
  "2800": {
    "training_loss": 7965.5078125,
    "validation_loss": [
      2906.978271484375
    ],
    "validation_chi2s": {
      "DEUTERON": 2.19389988533893,
      "NMC": 1.8235482608570772,
      "NUCLEAR": 1.899048095703125,
      "HERACOMB": 2.8248291015625,
      "DYE886": 2.3084170601584693,
      "CDF": 3.3856773376464844,
      "D0": 1.518211269378662,
      "ATLAS": 2.786380092075893,
      "CMS": 3.0122185983965473,
      "LHCb": 2.509596347808838,
      "total": 2.4653992652893066
    }
  },
  "2900": {
    "training_loss": 7943.095703125,
    "validation_loss": [
      2913.072509765625
    ],
    "validation_chi2s": {
      "DEUTERON": 2.2219784864738807,
      "NMC": 1.8123879526175706,
      "NUCLEAR": 1.9018011474609375,
      "HERACOMB": 2.8407024308746935,
      "DYE886": 2.2456531524658203,
      "CDF": 3.312656947544643,
      "D0": 1.6082590103149415,
      "ATLAS": 2.791246337890625,
      "CMS": 2.9959827546150453,
      "LHCb": 2.4385478496551514,
      "total": 2.4706568717956543
    }
  },
  "3000": {
    "training_loss": 7930.57080078125,
    "validation_loss": [
      2925.7333984375
    ],
    "validation_chi2s": {
      "DEUTERON": 2.2705278538945897,
      "NMC": 1.8045953488817401,
      "NUCLEAR": 1.9035487060546874,
      "HERACOMB": 2.850412805095997,
      "DYE886": 2.2055660594593394,
      "CDF": 3.2422068459647044,
      "D0": 1.6544538497924806,
      "ATLAS": 2.798851841517857,
      "CMS": 3.002650599325857,
      "LHCb": 2.3985354900360107,
      "total": 2.481466293334961
    }
  },
  "3100": {
    "training_loss": 7942.3369140625,
    "validation_loss": [
      2919.9736328125
    ],
    "validation_chi2s": {
      "DEUTERON": 2.243002820370802,
      "NMC": 1.8137275845396752,
      "NUCLEAR": 1.8999443359375,
      "HERACOMB": 2.8265033796721815,
      "DYE886": 2.3144990747625176,
      "CDF": 3.238673891339983,
      "D0": 1.4657257080078125,
      "ATLAS": 2.795828508649554,
      "CMS": 3.0367754044071322,
      "LHCb": 2.509230852127075,
      "total": 2.476750373840332
    }
  },
  "3200": {
    "training_loss": 7926.0439453125,
    "validation_loss": [
      2941.88525390625
    ],
    "validation_chi2s": {
      "DEUTERON": 2.3673171617498445,
      "NMC": 1.8038730995327819,
      "NUCLEAR": 1.902427490234375,
      "HERACOMB": 2.844790789036969,
      "DYE886": 2.2226486206054688,
      "CDF": 3.193854740687779,
      "D0": 1.579139232635498,
      "ATLAS": 2.781767054966518,
      "CMS": 3.0167706397271927,
      "LHCb": 2.434058427810669,
      "total": 2.4955570697784424
    }
  },
  "3300": {
    "training_loss": 7947.3505859375,
    "validation_loss": [
      2922.689453125
    ],
    "validation_chi2s": {
      "DEUTERON": 2.280433161341729,
      "NMC": 1.8143015842811734,
      "NUCLEAR": 1.8956884765625,
      "HERACOMB": 2.817959056181066,
      "DYE886": 2.361702312122692,
      "CDF": 3.205585207257952,
      "D0": 1.3754698753356933,
      "ATLAS": 2.7786228724888393,
      "CMS": 3.0442017586000505,
      "LHCb": 2.556652545928955,
      "total": 2.4794721603393555
    }
  },
  "3400": {
    "training_loss": 7922.1337890625,
    "validation_loss": [
      2966.189697265625
    ],
    "validation_chi2s": {
      "DEUTERON": 2.546129217195274,
      "NMC": 1.7958587945676316,
      "NUCLEAR": 1.898154541015625,
      "HERACOMB": 2.8319253360523895,
      "DYE886": 2.204722144386985,
      "CDF": 3.174262728009905,
      "D0": 1.5155518531799317,
      "ATLAS": 2.788254917689732,
      "CMS": 2.976219423355595,
      "LHCb": 2.4164516925811768,
      "total": 2.516697883605957
    }
  },
  "3500": {
    "training_loss": 7953.41015625,
    "validation_loss": [
      2935.366455078125
    ],
    "validation_chi2s": {
      "DEUTERON": 2.3766166724968905,
      "NMC": 1.8135880114985448,
      "NUCLEAR": 1.88990625,
      "HERACOMB": 2.805495717167075,
      "DYE886": 2.376050255515359,
      "CDF": 3.1750575474330356,
      "D0": 1.3223040580749512,
      "ATLAS": 2.7719967215401784,
      "CMS": 3.042846187468498,
      "LHCb": 2.5855917930603027,
      "total": 2.490682601928711
    }
  },
  "3600": {
    "training_loss": 7917.2841796875,
    "validation_loss": [
      2948.55908203125
    ],
    "validation_chi2s": {
      "DEUTERON": 2.430794331564832,
      "NMC": 1.790042054419424,
      "NUCLEAR": 1.8972276611328125,
      "HERACOMB": 2.8470808041641136,
      "DYE886": 2.226975354281339,
      "CDF": 3.0723359244210378,
      "D0": 1.491346836090088,
      "ATLAS": 2.779980294363839,
      "CMS": 2.998656734343498,
      "LHCb": 2.426910877227783,
      "total": 2.501527786254883
    }
  },
  "3700": {
    "training_loss": 7916.69287109375,
    "validation_loss": [
      2981.057861328125
    ],
    "validation_chi2s": {
      "DEUTERON": 2.6233402081389925,
      "NMC": 1.7898610432942708,
      "NUCLEAR": 1.895010986328125,
      "HERACOMB": 2.835520027509702,
      "DYE886": 2.210309635509144,
      "CDF": 3.1358348301478793,
      "D0": 1.4459102630615235,
      "ATLAS": 2.7736153738839286,
      "CMS": 2.9908134706558718,
      "LHCb": 2.4445667266845703,
      "total": 2.5292890071868896
    }
  },
  "3800": {
    "training_loss": 7957.255859375,
    "validation_loss": [
      2919.98681640625
    ],
    "validation_chi2s": {
      "DEUTERON": 2.3581189207769744,
      "NMC": 1.8105776917700673,
      "NUCLEAR": 1.8846517333984374,
      "HERACOMB": 2.798709246068219,
      "DYE886": 2.353406385941939,
      "CDF": 3.140652520315988,
      "D0": 1.3005265235900878,
      "ATLAS": 2.7543605259486608,
      "CMS": 3.022183325982863,
      "LHCb": 2.5610623359680176,
      "total": 2.4782445430755615
    }
  },
  "3900": {
    "training_loss": 7912.77490234375,
    "validation_loss": [
      2986.224609375
    ],
    "validation_chi2s": {
      "DEUTERON": 2.6294145726445897,
      "NMC": 1.787593168370864,
      "NUCLEAR": 1.893380859375,
      "HERACOMB": 2.839902192159416,
      "DYE886": 2.2164899652654473,
      "CDF": 3.0676542009626115,
      "D0": 1.4639042854309081,
      "ATLAS": 2.7705405970982144,
      "CMS": 3.019981630386845,
      "LHCb": 2.453481435775757,
      "total": 2.533738613128662
    }
  },
  "4000": {
    "training_loss": 7916.78564453125,
    "validation_loss": [
      2950.59326171875
    ],
    "validation_chi2s": {
      "DEUTERON": 2.46463574461676,
      "NMC": 1.78952460195504,
      "NUCLEAR": 1.889298828125,
      "HERACOMB": 2.8320061178768383,
      "DYE886": 2.237723784013228,
      "CDF": 3.0493504660470143,
      "D0": 1.410667610168457,
      "ATLAS": 2.770009591238839,
      "CMS": 3.0259933471679688,
      "LHCb": 2.4775311946868896,
      "total": 2.5038318634033203
    }
  },
  "4100": {
    "training_loss": 7903.521484375,
    "validation_loss": [
      9172.2578125
    ],
    "validation_chi2s": {
      "DEUTERON": 33.48938413401741,
      "NMC": 1.7849191403856464,
      "NUCLEAR": 1.886174072265625,
      "HERACOMB": 2.819289662479575,
      "DYE886": 2.1813703016801314,
      "CDF": 3.0262840815952847,
      "D0": 1.518885612487793,
      "ATLAS": 2.7781448800223214,
      "CMS": 2.9413213422221522,
      "LHCb": 2.4641456604003906,
      "total": 7.785022735595703
    }
  },
  "4200": {
    "training_loss": 7916.7158203125,
    "validation_loss": [
      2951.30419921875
    ],
    "validation_chi2s": {
      "DEUTERON": 2.488679648631841,
      "NMC": 1.7854861091164982,
      "NUCLEAR": 1.8852799072265625,
      "HERACOMB": 2.818316889744179,
      "DYE886": 2.2354495308615943,
      "CDF": 3.083944320678711,
      "D0": 1.3478508949279786,
      "ATLAS": 2.78518798828125,
      "CMS": 3.0125621672599547,
      "LHCb": 2.507955312728882,
      "total": 2.504648208618164
    }
  },
  "4300": {
    "training_loss": 7920.0771484375,
    "validation_loss": [
      3005.06787109375
    ],
    "validation_chi2s": {
      "DEUTERON": 2.768891747318097,
      "NMC": 1.794980666216682,
      "NUCLEAR": 1.8838193359375,
      "HERACOMB": 2.81901620104422,
      "DYE886": 2.310238404707475,
      "CDF": 3.095374516078404,
      "D0": 1.3190364837646484,
      "ATLAS": 2.747607596261161,
      "CMS": 3.0202735162550405,
      "LHCb": 2.545651912689209,
      "total": 2.5502161979675293
    }
  },
  "4400": {
    "training_loss": 7909.74365234375,
    "validation_loss": [
      2937.76171875
    ],
    "validation_chi2s": {
      "DEUTERON": 2.4145875238067473,
      "NMC": 1.787869322533701,
      "NUCLEAR": 1.8870498046875,
      "HERACOMB": 2.827145046657986,
      "DYE886": 2.228177157315341,
      "CDF": 3.1036374228341237,
      "D0": 1.3486163139343261,
      "ATLAS": 2.7503920200892855,
      "CMS": 3.0444033222813762,
      "LHCb": 2.507449150085449,
      "total": 2.4929347038269043
    }
  },
  "4500": {
    "training_loss": 7918.896484375,
    "validation_loss": [
      2931.181884765625
    ],
    "validation_chi2s": {
      "DEUTERON": 2.406256680464863,
      "NMC": 1.789498721852022,
      "NUCLEAR": 1.8814925537109375,
      "HERACOMB": 2.808957567401961,
      "DYE886": 2.2891686179421167,
      "CDF": 3.076122556413923,
      "D0": 1.2903901100158692,
      "ATLAS": 2.769160853794643,
      "CMS": 3.028597431798135,
      "LHCb": 2.5218071937561035,
      "total": 2.487675428390503
    }
  },
  "4600": {
    "training_loss": 7916.2060546875,
    "validation_loss": [
      2932.1591796875
    ],
    "validation_chi2s": {
      "DEUTERON": 2.3665013858928017,
      "NMC": 1.7997016158758425,
      "NUCLEAR": 1.880846923828125,
      "HERACOMB": 2.804318696065666,
      "DYE886": 2.3122881109064277,
      "CDF": 3.0601128169468472,
      "D0": 1.2741090774536132,
      "ATLAS": 2.7693833705357145,
      "CMS": 3.0849828412455897,
      "LHCb": 2.6130897998809814,
      "total": 2.488638401031494
    }
  },
  "4700": {
    "training_loss": 7899.349609375,
    "validation_loss": [
      2953.033447265625
    ],
    "validation_chi2s": {
      "DEUTERON": 2.4689236920864426,
      "NMC": 1.777653413660386,
      "NUCLEAR": 1.8846513671875,
      "HERACOMB": 2.8392691020092933,
      "DYE886": 2.2254579717462715,
      "CDF": 2.9831845419747487,
      "D0": 1.3706675529479981,
      "ATLAS": 2.769416329520089,
      "CMS": 3.0439010127898185,
      "LHCb": 2.4846408367156982,
      "total": 2.505978584289551
    }
  },
  "4800": {
    "training_loss": 7909.47314453125,
    "validation_loss": [
      2939.0771484375
    ],
    "validation_chi2s": {
      "DEUTERON": 2.424760808992149,
      "NMC": 1.7812681011125153,
      "NUCLEAR": 1.880770751953125,
      "HERACOMB": 2.8176461014093137,
      "DYE886": 2.249453978105025,
      "CDF": 3.0518760681152344,
      "D0": 1.301264190673828,
      "ATLAS": 2.765501534598214,
      "CMS": 3.055025162235383,
      "LHCb": 2.5373857021331787,
      "total": 2.494448184967041
    }
  },
  "4900": {
    "training_loss": 7914.25390625,
    "validation_loss": [
      2932.7861328125
    ],
    "validation_chi2s": {
      "DEUTERON": 2.435697944603156,
      "NMC": 1.7940932629155177,
      "NUCLEAR": 1.879917236328125,
      "HERACOMB": 2.80679341235192,
      "DYE886": 2.25473369251598,
      "CDF": 3.1084518432617188,
      "D0": 1.2687009811401366,
      "ATLAS": 2.7471010044642856,
      "CMS": 3.0405364498015373,
      "LHCb": 2.5212655067443848,
      "total": 2.4893312454223633
    }
  },
  "5000": {
    "training_loss": 7895.74072265625,
    "validation_loss": [
      2945.12353515625
    ],
    "validation_chi2s": {
      "DEUTERON": 2.4469703180872977,
      "NMC": 1.7801338644588696,
      "NUCLEAR": 1.8847357177734374,
      "HERACOMB": 2.8295028786254086,
      "DYE886": 2.216026479547674,
      "CDF": 3.023314884730748,
      "D0": 1.3317300796508789,
      "ATLAS": 2.756751534598214,
      "CMS": 3.061462894562752,
      "LHCb": 2.479412317276001,
      "total": 2.499377727508545
    }
  },
  "5100": {
    "training_loss": 7910.39453125,
    "validation_loss": [
      2915.260009765625
    ],
    "validation_chi2s": {
      "DEUTERON": 2.3153217372609607,
      "NMC": 1.784638199151731,
      "NUCLEAR": 1.8825660400390625,
      "HERACOMB": 2.8154109381382764,
      "DYE886": 2.2768761027943003,
      "CDF": 3.053949628557478,
      "D0": 1.2944982528686524,
      "ATLAS": 2.74651123046875,
      "CMS": 3.0637074132119455,
      "LHCb": 2.5273826122283936,
      "total": 2.4740092754364014
    }
  },
  "5200": {
    "training_loss": 7906.80078125,
    "validation_loss": [
      2950.19140625
    ],
    "validation_chi2s": {
      "DEUTERON": 2.5086508983403295,
      "NMC": 1.7814332550647212,
      "NUCLEAR": 1.8796390380859376,
      "HERACOMB": 2.823147044462316,
      "DYE886": 2.2535400390625,
      "CDF": 3.044757298060826,
      "D0": 1.2617206573486328,
      "ATLAS": 2.744597691127232,
      "CMS": 3.0424339540543093,
      "LHCb": 2.4890713691711426,
      "total": 2.503913402557373
    }
  },
  "5300": {
    "training_loss": 7909.8212890625,
    "validation_loss": [
      2914.521728515625
    ],
    "validation_chi2s": {
      "DEUTERON": 2.326973834441076,
      "NMC": 1.7834206375421262,
      "NUCLEAR": 1.8790791015625,
      "HERACOMB": 2.8182530621298,
      "DYE886": 2.31790473244407,
      "CDF": 3.0535964965820312,
      "D0": 1.2311903953552246,
      "ATLAS": 2.7412109375,
      "CMS": 3.0465375838741178,
      "LHCb": 2.529165267944336,
      "total": 2.473623514175415
    }
  },
  "5400": {
    "training_loss": 7891.81982421875,
    "validation_loss": [
      2941.45361328125
    ],
    "validation_chi2s": {
      "DEUTERON": 2.428367045388293,
      "NMC": 1.7789095710305607,
      "NUCLEAR": 1.8797193603515625,
      "HERACOMB": 2.8230907963771448,
      "DYE886": 2.2166167172518643,
      "CDF": 3.036381040300642,
      "D0": 1.2741789817810059,
      "ATLAS": 2.7646273367745535,
      "CMS": 3.0731988722278225,
      "LHCb": 2.518590211868286,
      "total": 2.496490001678467
    }
  },
  "5500": {
    "training_loss": 7882.9990234375,
    "validation_loss": [
      3042.16259765625
    ],
    "validation_chi2s": {
      "DEUTERON": 2.9478380193757774,
      "NMC": 1.7753547219669117,
      "NUCLEAR": 1.88171728515625,
      "HERACOMB": 2.833960040722018,
      "DYE886": 2.143914829600941,
      "CDF": 2.9811038970947266,
      "D0": 1.320387077331543,
      "ATLAS": 2.7614264787946428,
      "CMS": 3.057041291267641,
      "LHCb": 2.413607597351074,
      "total": 2.581897735595703
    }
  },
  "5600": {
    "training_loss": 7882.04052734375,
    "validation_loss": [
      2936.486328125
    ],
    "validation_chi2s": {
      "DEUTERON": 2.3080744956856343,
      "NMC": 1.7644618913239123,
      "NUCLEAR": 1.8877921142578125,
      "HERACOMB": 2.8831224628523286,
      "DYE886": 2.314886613325639,
      "CDF": 2.8273672376360213,
      "D0": 1.2928888320922851,
      "ATLAS": 2.773394252232143,
      "CMS": 3.0593086981004283,
      "LHCb": 2.4321813583374023,
      "total": 2.490891456604004
    }
  },
  "5700": {
    "training_loss": 7909.55078125,
    "validation_loss": [
      2924.287353515625
    ],
    "validation_chi2s": {
      "DEUTERON": 2.308481396727301,
      "NMC": 1.7828194113338696,
      "NUCLEAR": 1.88158642578125,
      "HERACOMB": 2.807275310840482,
      "DYE886": 2.180802258578214,
      "CDF": 2.948725019182478,
      "D0": 1.264600658416748,
      "ATLAS": 2.8051803152901784,
      "CMS": 3.1214983540196575,
      "LHCb": 2.5105884075164795,
      "total": 2.4821114540100098
    }
  },
  "5800": {
    "training_loss": 7899.390625,
    "validation_loss": [
      2899.6494140625
    ],
    "validation_chi2s": {
      "DEUTERON": 2.297347946546564,
      "NMC": 1.862200419108073,
      "NUCLEAR": 1.8717540283203125,
      "HERACOMB": 2.747228884229473,
      "DYE886": 2.502907146107067,
      "CDF": 3.3080207279750278,
      "D0": 1.3204910278320312,
      "ATLAS": 2.704188232421875,
      "CMS": 3.0846043248330393,
      "LHCb": 2.722257137298584,
      "total": 2.4614522457122803
    }
  },
  "5900": {
    "training_loss": 7893.2587890625,
    "validation_loss": [
      2931.53173828125
    ],
    "validation_chi2s": {
      "DEUTERON": 2.393138221247279,
      "NMC": 1.7885628494561887,
      "NUCLEAR": 1.881504150390625,
      "HERACOMB": 2.81839009203942,
      "DYE886": 2.284197547219016,
      "CDF": 3.0444935389927457,
      "D0": 1.1999539375305175,
      "ATLAS": 2.7484584263392855,
      "CMS": 3.0703304659935737,
      "LHCb": 2.5136642456054688,
      "total": 2.4878969192504883
    }
  },
  "6000": {
    "training_loss": 7879.97607421875,
    "validation_loss": [
      2941.99169921875
    ],
    "validation_chi2s": {
      "DEUTERON": 2.4307325372648476,
      "NMC": 1.7729374006682752,
      "NUCLEAR": 1.8846016845703124,
      "HERACOMB": 2.847039515676062,
      "DYE886": 2.1996600411155005,
      "CDF": 2.809610366821289,
      "D0": 1.2549013137817382,
      "ATLAS": 2.7676846749441966,
      "CMS": 3.052279072423135,
      "LHCb": 2.384275436401367,
      "total": 2.4966678619384766
    }
  },
  "6100": {
    "training_loss": 7884.66943359375,
    "validation_loss": [
      2933.3271484375
    ],
    "validation_chi2s": {
      "DEUTERON": 2.246059133045709,
      "NMC": 1.8521276735791974,
      "NUCLEAR": 1.87878955078125,
      "HERACOMB": 2.760739793964461,
      "DYE886": 2.7091265591708096,
      "CDF": 3.2886911119733537,
      "D0": 1.5672712326049805,
      "ATLAS": 2.722462158203125,
      "CMS": 3.2409589213709675,
      "LHCb": 2.996821880340576,
      "total": 2.4897305965423584
    }
  },
  "6200": {
    "training_loss": 7878.2666015625,
    "validation_loss": [
      2948.980224609375
    ],
    "validation_chi2s": {
      "DEUTERON": 2.4643607827561413,
      "NMC": 1.7772949817133885,
      "NUCLEAR": 1.880833984375,
      "HERACOMB": 2.82649240930096,
      "DYE886": 2.1846755634654653,
      "CDF": 2.930720738002232,
      "D0": 1.2230650901794433,
      "ATLAS": 2.7773503766741072,
      "CMS": 3.0872263754567792,
      "LHCb": 2.4392077922821045,
      "total": 2.5032336711883545
    }
  },
  "6300": {
    "training_loss": 7876.25146484375,
    "validation_loss": [
      2959.917236328125
    ],
    "validation_chi2s": {
      "DEUTERON": 2.530854637943097,
      "NMC": 1.775771645938649,
      "NUCLEAR": 1.8778792724609374,
      "HERACOMB": 2.8236638486774917,
      "DYE886": 2.1896625865589487,
      "CDF": 2.991194588797433,
      "D0": 1.2154727935791017,
      "ATLAS": 2.758130057198661,
      "CMS": 3.0883983489005797,
      "LHCb": 2.5010673999786377,
      "total": 2.51248836517334
    }
  },
  "6400": {
    "training_loss": 7893.9716796875,
    "validation_loss": [
      2915.92236328125
    ],
    "validation_chi2s": {
      "DEUTERON": 2.3856705243314678,
      "NMC": 1.8341024062212776,
      "NUCLEAR": 1.8677440185546874,
      "HERACOMB": 2.761374280343648,
      "DYE886": 2.4142513275146484,
      "CDF": 3.1819874899727956,
      "D0": 1.3594639778137207,
      "ATLAS": 2.700225132533482,
      "CMS": 3.0881660215316282,
      "LHCb": 2.701697826385498,
      "total": 2.475283622741699
    }
  },
  "6500": {
    "training_loss": 7915.19970703125,
    "validation_loss": [
      2907.13330078125
    ],
    "validation_chi2s": {
      "DEUTERON": 2.3326967153976215,
      "NMC": 1.82342903286803,
      "NUCLEAR": 1.8716488037109376,
      "HERACOMB": 2.7856279759625204,
      "DYE886": 2.3857898712158203,
      "CDF": 3.181532451084682,
      "D0": 1.6099679946899415,
      "ATLAS": 2.653842075892857,
      "CMS": 3.1008298320154988,
      "LHCb": 2.6575920581817627,
      "total": 2.4677484035491943
    }
  },
  "6600": {
    "training_loss": 7896.08154296875,
    "validation_loss": [
      2913.3955078125
    ],
    "validation_chi2s": {
      "DEUTERON": 2.351884680600902,
      "NMC": 1.8306756113089768,
      "NUCLEAR": 1.87078515625,
      "HERACOMB": 2.7651995490579044,
      "DYE886": 2.472144213589755,
      "CDF": 3.0215841020856584,
      "D0": 1.3069156646728515,
      "ATLAS": 2.728504638671875,
      "CMS": 3.093659431703629,
      "LHCb": 2.616455078125,
      "total": 2.4731552600860596
    }
  },
  "6700": {
    "training_loss": 7869.060546875,
    "validation_loss": [
      2973.419189453125
    ],
    "validation_chi2s": {
      "DEUTERON": 2.5595408577231034,
      "NMC": 1.775324353984758,
      "NUCLEAR": 1.8768963623046875,
      "HERACOMB": 2.82740753772212,
      "DYE886": 2.1892915205522017,
      "CDF": 2.9374583108084544,
      "D0": 1.2141766548156738,
      "ATLAS": 2.7790084402901787,
      "CMS": 3.1174540365895917,
      "LHCb": 2.5017714500427246,
      "total": 2.5239694118499756
    }
  },
  "6800": {
    "training_loss": 7886.92041015625,
    "validation_loss": [
      2915.4033203125
    ],
    "validation_chi2s": {
      "DEUTERON": 2.354966955991527,
      "NMC": 1.83116927801394,
      "NUCLEAR": 1.868626953125,
      "HERACOMB": 2.763177410449857,
      "DYE886": 2.4817258661443535,
      "CDF": 3.140111105782645,
      "D0": 1.3926399230957032,
      "ATLAS": 2.7043376813616073,
      "CMS": 3.1089639971333165,
      "LHCb": 2.708906650543213,
      "total": 2.4748623371124268
    }
  },
  "6900": {
    "training_loss": 7865.55126953125,
    "validation_loss": [
      2990.50390625
    ],
    "validation_chi2s": {
      "DEUTERON": 2.6835248197489117,
      "NMC": 1.7757939357383579,
      "NUCLEAR": 1.8761822509765624,
      "HERACOMB": 2.825479345383987,
      "DYE886": 2.172442002729936,
      "CDF": 2.955967766898019,
      "D0": 1.1890373229980469,
      "ATLAS": 2.751236572265625,
      "CMS": 3.1052278087985132,
      "LHCb": 2.4881129264831543,
      "total": 2.5382907390594482
    }
  },
  "7000": {
    "training_loss": 7874.10205078125,
    "validation_loss": [
      2966.84521484375
    ],
    "validation_chi2s": {
      "DEUTERON": 2.601670602067786,
      "NMC": 1.7867554309321385,
      "NUCLEAR": 1.873812255859375,
      "HERACOMB": 2.7859445210375817,
      "DYE886": 2.4714136990633877,
      "CDF": 3.246948787144252,
      "D0": 1.414320182800293,
      "ATLAS": 2.775626918247768,
      "CMS": 2.988836473034274,
      "LHCb": 2.629950523376465,
      "total": 2.5184755325317383
    }
  },
  "7100": {
    "training_loss": 7918.18798828125,
    "validation_loss": [
      2936.236328125
    ],
    "validation_chi2s": {
      "DEUTERON": 2.4686645204155004,
      "NMC": 1.8137893676757812,
      "NUCLEAR": 1.867718994140625,
      "HERACOMB": 2.779984218622345,
      "DYE886": 2.34298359264027,
      "CDF": 3.0600534166608537,
      "D0": 1.4376936912536622,
      "ATLAS": 2.704413539341518,
      "CMS": 3.0943999751921623,
      "LHCb": 2.6746432781219482,
      "total": 2.4925460815429688
    }
  },
  "7200": {
    "training_loss": 7888.04833984375,
    "validation_loss": [
      2918.333984375
    ],
    "validation_chi2s": {
      "DEUTERON": 2.334347853020056,
      "NMC": 1.848606034821155,
      "NUCLEAR": 1.8639747314453126,
      "HERACOMB": 2.747613445606107,
      "DYE886": 2.479644081809304,
      "CDF": 3.0434717450823103,
      "D0": 2.1710458755493165,
      "ATLAS": 2.706860874720982,
      "CMS": 3.1298648465064263,
      "LHCb": 2.7720184326171875,
      "total": 2.4773528575897217
    }
  },
  "7300": {
    "training_loss": 7880.6689453125,
    "validation_loss": [
      2928.986572265625
    ],
    "validation_chi2s": {
      "DEUTERON": 2.4497865895133706,
      "NMC": 1.838521172018612,
      "NUCLEAR": 1.86895654296875,
      "HERACOMB": 2.7685112049377043,
      "DYE886": 2.435332038185813,
      "CDF": 3.113024575369699,
      "D0": 1.3703518867492677,
      "ATLAS": 2.7106808035714285,
      "CMS": 3.0783369002803678,
      "LHCb": 2.6015257835388184,
      "total": 2.4863998889923096
    }
  },
  "7400": {
    "training_loss": 7866.9267578125,
    "validation_loss": [
      2952.2177734375
    ],
    "validation_chi2s": {
      "DEUTERON": 2.6064289149953357,
      "NMC": 1.8302791819852942,
      "NUCLEAR": 1.8663564453125,
      "HERACOMB": 2.76115447399663,
      "DYE886": 2.397620287808505,
      "CDF": 3.2876104627336775,
      "D0": 1.5731316566467286,
      "ATLAS": 2.732619105747768,
      "CMS": 2.9850030714465725,
      "LHCb": 2.6115381717681885,
      "total": 2.5060689449310303
    }
  },
  "7500": {
    "training_loss": 7880.00830078125,
    "validation_loss": [
      2948.634033203125
    ],
    "validation_chi2s": {
      "DEUTERON": 2.5240859605779695,
      "NMC": 1.7910063500497855,
      "NUCLEAR": 1.86839599609375,
      "HERACOMB": 2.790866228490094,
      "DYE886": 2.192935596812855,
      "CDF": 2.8125602177211215,
      "D0": 1.180422878265381,
      "ATLAS": 2.7944662039620534,
      "CMS": 3.0711224463678177,
      "LHCb": 2.476531982421875,
      "total": 2.50307559967041
    }
  },
  "7600": {
    "training_loss": 7923.20947265625,
    "validation_loss": [
      2943.985595703125
    ],
    "validation_chi2s": {
      "DEUTERON": 2.426979937956701,
      "NMC": 1.872648650524663,
      "NUCLEAR": 1.867289794921875,
      "HERACOMB": 2.7512286815767975,
      "DYE886": 2.465362722223455,
      "CDF": 3.1024701254708424,
      "D0": 1.4842616081237794,
      "ATLAS": 2.7172086007254466,
      "CMS": 3.2064939929592993,
      "LHCb": 2.7511372566223145,
      "total": 2.499131917953491
    }
  },
  "7700": {
    "training_loss": 7925.18310546875,
    "validation_loss": [
      2927.858154296875
    ],
    "validation_chi2s": {
      "DEUTERON": 2.472929086258162,
      "NMC": 1.8076089597215839,
      "NUCLEAR": 1.86771240234375,
      "HERACOMB": 2.7782664579503678,
      "DYE886": 2.4006644162264736,
      "CDF": 2.9606045314243863,
      "D0": 1.4674304962158202,
      "ATLAS": 2.7079616001674105,
      "CMS": 3.0371581046811995,
      "LHCb": 2.587548017501831,
      "total": 2.4854331016540527
    }
  },
  "7800": {
    "training_loss": 7859.47705078125,
    "validation_loss": [
      2961.45068359375
    ],
    "validation_chi2s": {
      "DEUTERON": 2.553762255616449,
      "NMC": 1.7777321011412377,
      "NUCLEAR": 1.8724901123046875,
      "HERACOMB": 2.817874085669424,
      "DYE886": 2.163532257080078,
      "CDF": 2.8570278712681363,
      "D0": 1.2225072860717774,
      "ATLAS": 2.772344273158482,
      "CMS": 3.0842509115895917,
      "LHCb": 2.4869258403778076,
      "total": 2.513899326324463
    }
  },
  "7900": {
    "training_loss": 7873.11865234375,
    "validation_loss": [
      2930.19677734375
    ],
    "validation_chi2s": {
      "DEUTERON": 2.367930701716029,
      "NMC": 1.7760334388882506,
      "NUCLEAR": 1.8719814453125,
      "HERACOMB": 2.823739843430862,
      "DYE886": 2.1960613944313745,
      "CDF": 2.8683719635009766,
      "D0": 1.2813834190368651,
      "ATLAS": 2.774827183314732,
      "CMS": 3.0946017849829888,
      "LHCb": 2.5332674980163574,
      "total": 2.4874255657196045
    }
  },
  "8000": {
    "training_loss": 7881.66259765625,
    "validation_loss": [
      2916.3173828125
    ],
    "validation_chi2s": {
      "DEUTERON": 2.374341518724736,
      "NMC": 1.8428350710401349,
      "NUCLEAR": 1.8687210693359375,
      "HERACOMB": 2.7623859480315565,
      "DYE886": 2.388416463678533,
      "CDF": 3.21416745867048,
      "D0": 1.6581584930419921,
      "ATLAS": 2.6895682198660715,
      "CMS": 3.093997586158014,
      "LHCb": 2.707688808441162,
      "total": 2.4756362438201904
    }
  },
  "8100": {
    "training_loss": 7856.75830078125,
    "validation_loss": [
      2978.8984375
    ],
    "validation_chi2s": {
      "DEUTERON": 2.5405170193952116,
      "NMC": 1.7676484351064645,
      "NUCLEAR": 1.877933837890625,
      "HERACOMB": 2.8415475483813317,
      "DYE886": 2.1540504802357066,
      "CDF": 2.8417134966169084,
      "D0": 1.2461708068847657,
      "ATLAS": 2.8008293805803572,
      "CMS": 3.1270724881079888,
      "LHCb": 2.512634038925171,
      "total": 2.5278780460357666
    }
  },
  "8200": {
    "training_loss": 7860.48828125,
    "validation_loss": [
      2920.699462890625
    ],
    "validation_chi2s": {
      "DEUTERON": 2.277572555921564,
      "NMC": 1.770767660701976,
      "NUCLEAR": 1.88031982421875,
      "HERACOMB": 2.814749723945568,
      "DYE886": 2.3066479076038706,
      "CDF": 3.0112391880580356,
      "D0": 1.5696681976318358,
      "ATLAS": 2.7675230189732143,
      "CMS": 3.0842393444430445,
      "LHCb": 2.6883678436279297,
      "total": 2.4786131381988525
    }
  },
  "8300": {
    "training_loss": 7891.24609375,
    "validation_loss": [
      2936.667724609375
    ],
    "validation_chi2s": {
      "DEUTERON": 2.5361709215154695,
      "NMC": 1.8521032894358915,
      "NUCLEAR": 1.8642718505859375,
      "HERACOMB": 2.756933872995813,
      "DYE886": 2.3803299990567295,
      "CDF": 3.160311017717634,
      "D0": 1.3687195777893066,
      "ATLAS": 2.666207275390625,
      "CMS": 3.0846481323242188,
      "LHCb": 2.6708250045776367,
      "total": 2.492905616760254
    }
  },
  "8400": {
    "training_loss": 7901.251953125,
    "validation_loss": [
      2945.654296875
    ],
    "validation_chi2s": {
      "DEUTERON": 2.564078715310168,
      "NMC": 1.7850045596852022,
      "NUCLEAR": 1.869656494140625,
      "HERACOMB": 2.7941144556781046,
      "DYE886": 2.2028555436567827,
      "CDF": 2.9659249441964284,
      "D0": 1.2463064193725586,
      "ATLAS": 2.7107877022879463,
      "CMS": 3.0621753815681703,
      "LHCb": 2.5320606231689453,
      "total": 2.500542402267456
    }
  },
  "8500": {
    "training_loss": 7887.703125,
    "validation_loss": [
      2949.580810546875
    ],
    "validation_chi2s": {
      "DEUTERON": 2.546797263681592,
      "NMC": 1.8255091648475796,
      "NUCLEAR": 1.8612017822265625,
      "HERACOMB": 2.7573682996961804,
      "DYE886": 2.2888497439297764,
      "CDF": 2.9667745317731584,
      "D0": 1.3687837600708008,
      "ATLAS": 2.7136104910714285,
      "CMS": 3.1485120711788053,
      "LHCb": 2.668391704559326,
      "total": 2.5038692951202393
    }
  },
  "8600": {
    "training_loss": 7866.673828125,
    "validation_loss": [
      2916.197021484375
    ],
    "validation_chi2s": {
      "DEUTERON": 2.4110318463833176,
      "NMC": 1.891306110456878,
      "NUCLEAR": 1.8586700439453125,
      "HERACOMB": 2.7343825795292074,
      "DYE886": 2.493241223421964,
      "CDF": 3.360727310180664,
      "D0": 2.151071548461914,
      "ATLAS": 2.6138575962611608,
      "CMS": 3.118140928206905,
      "LHCb": 2.804997444152832,
      "total": 2.475538492202759
    }
  },
  "8700": {
    "training_loss": 7856.8662109375,
    "validation_loss": [
      3020.26220703125
    ],
    "validation_chi2s": {
      "DEUTERON": 2.6301084300178794,
      "NMC": 1.7723526300168504,
      "NUCLEAR": 1.8651021728515624,
      "HERACOMB": 2.8322835685380925,
      "DYE886": 2.127116636796431,
      "CDF": 2.6694063459123885,
      "D0": 1.1819488525390625,
      "ATLAS": 2.8097171456473213,
      "CMS": 3.3468379359091482,
      "LHCb": 2.6321094036102295,
      "total": 2.5638656616210938
    }
  },
  "8800": {
    "training_loss": 7865.40283203125,
    "validation_loss": [
      2969.631103515625
    ],
    "validation_chi2s": {
      "DEUTERON": 2.746067331798041,
      "NMC": 1.7815150840609681,
      "NUCLEAR": 1.86631982421875,
      "HERACOMB": 2.7581609588822507,
      "DYE886": 2.3038109866055576,
      "CDF": 3.1803490774972096,
      "D0": 1.2539606094360352,
      "ATLAS": 2.742136056082589,
      "CMS": 2.968053510112147,
      "LHCb": 2.5862536430358887,
      "total": 2.5208423137664795
    }
  },
  "8900": {
    "training_loss": 7910.19384765625,
    "validation_loss": [
      2924.034423828125
    ],
    "validation_chi2s": {
      "DEUTERON": 2.4607953882929103,
      "NMC": 1.7965553134095436,
      "NUCLEAR": 1.8593983154296876,
      "HERACOMB": 2.7565473170062296,
      "DYE886": 2.261958035555753,
      "CDF": 2.9357664925711497,
      "D0": 1.2818612098693847,
      "ATLAS": 2.7052546037946428,
      "CMS": 3.1319781887915825,
      "LHCb": 2.6406898498535156,
      "total": 2.482186794281006
    }
  },
  "9000": {
    "training_loss": 7900.443359375,
    "validation_loss": [
      2942.623046875
    ],
    "validation_chi2s": {
      "DEUTERON": 2.6772148170281405,
      "NMC": 1.8178491031422335,
      "NUCLEAR": 1.85909912109375,
      "HERACOMB": 2.7512811398973653,
      "DYE886": 2.271442413330078,
      "CDF": 3.0857625688825334,
      "D0": 1.292409324645996,
      "ATLAS": 2.6557247488839284,
      "CMS": 3.0105800013388357,
      "LHCb": 2.5801150798797607,
      "total": 2.4979803562164307
    }
  },
  "9100": {
    "training_loss": 7852.49609375,
    "validation_loss": [
      3037.923583984375
    ],
    "validation_chi2s": {
      "DEUTERON": 3.136586962647699,
      "NMC": 1.7512014052447151,
      "NUCLEAR": 1.8667603759765625,
      "HERACOMB": 2.7940540189057392,
      "DYE886": 2.2194557189941406,
      "CDF": 3.1331787109375,
      "D0": 1.2129405975341796,
      "ATLAS": 2.716433628627232,
      "CMS": 2.9076550391412552,
      "LHCb": 2.427201747894287,
      "total": 2.578880548477173
    }
  },
  "9200": {
    "training_loss": 7861.447265625,
    "validation_loss": [
      2940.9072265625
    ],
    "validation_chi2s": {
      "DEUTERON": 2.327723716621968,
      "NMC": 1.8652327294443167,
      "NUCLEAR": 1.868063232421875,
      "HERACOMB": 2.7196148641748366,
      "DYE886": 2.8552568609064277,
      "CDF": 3.0665719168526784,
      "D0": 1.74805908203125,
      "ATLAS": 2.711871512276786,
      "CMS": 3.27832523469002,
      "LHCb": 2.9833500385284424,
      "total": 2.496211051940918
    }
  },
  "9300": {
    "training_loss": 7899.93896484375,
    "validation_loss": [
      2973.09814453125
    ],
    "validation_chi2s": {
      "DEUTERON": 2.795289604224969,
      "NMC": 1.796388214709712,
      "NUCLEAR": 1.8578543701171875,
      "HERACOMB": 2.7367446001838234,
      "DYE886": 2.2536900260231714,
      "CDF": 2.894592830113002,
      "D0": 1.2146504402160645,
      "ATLAS": 2.6931502859933034,
      "CMS": 3.0866765668315272,
      "LHCb": 2.5525171756744385,
      "total": 2.523850679397583
    }
  },
  "9400": {
    "training_loss": 7891.181640625,
    "validation_loss": [
      2893.13232421875
    ],
    "validation_chi2s": {
      "DEUTERON": 2.297581003673041,
      "NMC": 1.8010882209329044,
      "NUCLEAR": 1.866188720703125,
      "HERACOMB": 2.751650542215584,
      "DYE886": 2.5788842981511895,
      "CDF": 3.0606117248535156,
      "D0": 1.5664358139038086,
      "ATLAS": 2.6679912458147323,
      "CMS": 3.088770712575605,
      "LHCb": 2.724306344985962,
      "total": 2.4559671878814697
    }
  },
  "9500": {
    "training_loss": 7870.064453125,
    "validation_loss": [
      2950.003662109375
    ],
    "validation_chi2s": {
      "DEUTERON": 2.57000732421875,
      "NMC": 1.7708821016199447,
      "NUCLEAR": 1.86935693359375,
      "HERACOMB": 2.767227870966095,
      "DYE886": 2.118906194513494,
      "CDF": 2.768706730433873,
      "D0": 1.1743725776672362,
      "ATLAS": 2.7290713936941966,
      "CMS": 3.1552771291425152,
      "LHCb": 2.575618028640747,
      "total": 2.504244327545166
    }
  },
  "9600": {
    "training_loss": 7851.49169921875,
    "validation_loss": [
      2945.688232421875
    ],
    "validation_chi2s": {
      "DEUTERON": 2.6959234588774876,
      "NMC": 1.7441575293447458,
      "NUCLEAR": 1.8677017822265625,
      "HERACOMB": 2.770348841847937,
      "DYE886": 2.192256060513583,
      "CDF": 3.023299898420061,
      "D0": 1.317894172668457,
      "ATLAS": 2.724993373325893,
      "CMS": 2.9134120325888357,
      "LHCb": 2.4800565242767334,
      "total": 2.500471591949463
    }
  },
  "9700": {
    "training_loss": 7878.34326171875,
    "validation_loss": [
      2916.518798828125
    ],
    "validation_chi2s": {
      "DEUTERON": 2.3310510436100746,
      "NMC": 1.7472175149356617,
      "NUCLEAR": 1.8707073974609374,
      "HERACOMB": 2.793081844554228,
      "DYE886": 2.2050450064919214,
      "CDF": 2.7865507943289622,
      "D0": 1.3438847541809082,
      "ATLAS": 2.738424595424107,
      "CMS": 3.1615224038400958,
      "LHCb": 2.6186680793762207,
      "total": 2.4758195877075195
    }
  },
  "9800": {
    "training_loss": 7880.123046875,
    "validation_loss": [
      2918.3232421875
    ],
    "validation_chi2s": {
      "DEUTERON": 2.4674629477126087,
      "NMC": 1.750778647030101,
      "NUCLEAR": 1.8701414794921876,
      "HERACOMB": 2.785723517922794,
      "DYE886": 2.168988834727894,
      "CDF": 2.8925465175083707,
      "D0": 1.2949310302734376,
      "ATLAS": 2.722308872767857,
      "CMS": 3.019687775642641,
      "LHCb": 2.541006088256836,
      "total": 2.477325439453125
    }
  },
  "9900": {
    "training_loss": 7928.2353515625,
    "validation_loss": [
      2950.493896484375
    ],
    "validation_chi2s": {
      "DEUTERON": 2.364351946323072,
      "NMC": 1.8235267190372242,
      "NUCLEAR": 1.86456689453125,
      "HERACOMB": 2.7575789308236316,
      "DYE886": 2.327988537875089,
      "CDF": 2.9121815817696706,
      "D0": 1.5245012283325194,
      "ATLAS": 2.7459781319754466,
      "CMS": 3.3407745361328125,
      "LHCb": 2.832474708557129,
      "total": 2.5046544075012207
    }
  },
  "10000": {
    "training_loss": 7885.462890625,
    "validation_loss": [
      2932.12939453125
    ],
    "validation_chi2s": {
      "DEUTERON": 2.4905205721878887,
      "NMC": 1.7723571178959865,
      "NUCLEAR": 1.8731138916015626,
      "HERACOMB": 2.77133198657067,
      "DYE886": 2.211741187355735,
      "CDF": 2.9956490652901784,
      "D0": 1.3680343627929688,
      "ATLAS": 2.709854213169643,
      "CMS": 3.0945722518428678,
      "LHCb": 2.6078262329101562,
      "total": 2.4889652729034424
    }
  },
  "10100": {
    "training_loss": 7870.04736328125,
    "validation_loss": [
      2931.17919921875
    ],
    "validation_chi2s": {
      "DEUTERON": 2.3885545113786537,
      "NMC": 1.7799718520220589,
      "NUCLEAR": 1.87197021484375,
      "HERACOMB": 2.7778673358992036,
      "DYE886": 2.163943204012784,
      "CDF": 2.8510360717773438,
      "D0": 1.470044994354248,
      "ATLAS": 2.7453944614955357,
      "CMS": 3.1679547217584427,
      "LHCb": 2.7108285427093506,
      "total": 2.488267660140991
    }
  },
  "10200": {
    "training_loss": 8068.6015625,
    "validation_loss": [
      2944.66064453125
    ],
    "validation_chi2s": {
      "DEUTERON": 2.593045514614428,
      "NMC": 1.8077365650850183,
      "NUCLEAR": 1.8692933349609375,
      "HERACOMB": 2.755206338720384,
      "DYE886": 2.0663937655362217,
      "CDF": 3.3650131225585938,
      "D0": 1.2728174209594727,
      "ATLAS": 2.678836146763393,
      "CMS": 3.1253465221774195,
      "LHCb": 2.586332321166992,
      "total": 2.4997105598449707
    }
  },
  "10300": {
    "training_loss": 7885.79736328125,
    "validation_loss": [
      2960.72705078125
    ],
    "validation_chi2s": {
      "DEUTERON": 2.3903902727573074,
      "NMC": 1.8764630485983456,
      "NUCLEAR": 1.866390380859375,
      "HERACOMB": 2.736712486915339,
      "DYE886": 2.6392329822887075,
      "CDF": 3.492535727364676,
      "D0": 1.9910627365112306,
      "ATLAS": 2.7181614467075894,
      "CMS": 3.2754332019436743,
      "LHCb": 3.0085036754608154,
      "total": 2.5133492946624756
    }
  },
  "10400": {
    "training_loss": 7879.3447265625,
    "validation_loss": [
      2936.955078125
    ],
    "validation_chi2s": {
      "DEUTERON": 2.4659320584577116,
      "NMC": 1.8138041776769303,
      "NUCLEAR": 1.8628955078125,
      "HERACOMB": 2.766293793721916,
      "DYE886": 2.1621204723011362,
      "CDF": 3.175616128104074,
      "D0": 1.415141487121582,
      "ATLAS": 2.756917550223214,
      "CMS": 3.1030490013860885,
      "LHCb": 2.6688027381896973,
      "total": 2.4931695461273193
    }
  },
  "10500": {
    "training_loss": 8015.76806640625,
    "validation_loss": [
      2957.109130859375
    ],
    "validation_chi2s": {
      "DEUTERON": 2.417093457274176,
      "NMC": 1.771922691195619,
      "NUCLEAR": 1.86945654296875,
      "HERACOMB": 2.7983027439491424,
      "DYE886": 2.1306460987437856,
      "CDF": 3.159808840070452,
      "D0": 1.236541175842285,
      "ATLAS": 2.821815185546875,
      "CMS": 3.1901963756930445,
      "LHCb": 2.7029306888580322,
      "total": 2.5102739334106445
    }
  },
  "10600": {
    "training_loss": 7873.275390625,
    "validation_loss": [
      2947.26611328125
    ],
    "validation_chi2s": {
      "DEUTERON": 2.496956744597326,
      "NMC": 1.7709987864774817,
      "NUCLEAR": 1.8741922607421875,
      "HERACOMB": 2.8066035251991424,
      "DYE886": 2.1477914289994673,
      "CDF": 3.277073178972517,
      "D0": 1.2235054969787598,
      "ATLAS": 2.7509619140625,
      "CMS": 3.0713924284904235,
      "LHCb": 2.5866212844848633,
      "total": 2.501737594604492
    }
  },
  "10700": {
    "training_loss": 7891.5595703125,
    "validation_loss": [
      2917.04248046875
    ],
    "validation_chi2s": {
      "DEUTERON": 2.3737339000796798,
      "NMC": 1.826015547210095,
      "NUCLEAR": 1.8612552490234375,
      "HERACOMB": 2.7664794921875,
      "DYE886": 2.2509710138494317,
      "CDF": 3.25747925894601,
      "D0": 1.343248462677002,
      "ATLAS": 2.756822509765625,
      "CMS": 3.0665251208889868,
      "LHCb": 2.702695369720459,
      "total": 2.476264238357544
    }
  },
  "10800": {
    "training_loss": 7871.37109375,
    "validation_loss": [
      2924.43896484375
    ],
    "validation_chi2s": {
      "DEUTERON": 2.3376861116779386,
      "NMC": 1.8560584573184742,
      "NUCLEAR": 1.8643282470703124,
      "HERACOMB": 2.7388654721328636,
      "DYE886": 2.654089494185014,
      "CDF": 3.5371755872453963,
      "D0": 1.5414512634277344,
      "ATLAS": 2.7409816196986605,
      "CMS": 3.1045335338961695,
      "LHCb": 2.891578197479248,
      "total": 2.4825448989868164
    }
  },
  "10900": {
    "training_loss": 7870.67626953125,
    "validation_loss": [
      2917.37353515625
    ],
    "validation_chi2s": {
      "DEUTERON": 2.2905180821964395,
      "NMC": 1.829350041408165,
      "NUCLEAR": 1.8626439208984376,
      "HERACOMB": 2.769046758514604,
      "DYE886": 2.5450279929421167,
      "CDF": 3.400163378034319,
      "D0": 1.3957811355590821,
      "ATLAS": 2.735713413783482,
      "CMS": 3.1210435436617945,
      "LHCb": 2.8495161533355713,
      "total": 2.476547956466675
    }
  },
  "11000": {
    "training_loss": 7886.55322265625,
    "validation_loss": [
      2911.318359375
    ],
    "validation_chi2s": {
      "DEUTERON": 2.3705870974716263,
      "NMC": 1.8399270749559589,
      "NUCLEAR": 1.8588731689453124,
      "HERACOMB": 2.757275151271446,
      "DYE886": 2.269573211669922,
      "CDF": 3.452916009085519,
      "D0": 1.1829389572143554,
      "ATLAS": 2.7152272251674106,
      "CMS": 3.1026904198431198,
      "LHCb": 2.709991693496704,
      "total": 2.471406936645508
    }
  },
  "11100": {
    "training_loss": 7868.5771484375,
    "validation_loss": [
      2925.21142578125
    ],
    "validation_chi2s": {
      "DEUTERON": 2.286253516353778,
      "NMC": 1.8740702610389859,
      "NUCLEAR": 1.859091552734375,
      "HERACOMB": 2.748298395692913,
      "DYE886": 2.5928700186989526,
      "CDF": 3.3640003204345703,
      "D0": 1.3892789840698243,
      "ATLAS": 2.75476806640625,
      "CMS": 3.1707049954322075,
      "LHCb": 2.956519365310669,
      "total": 2.483201265335083
    }
  },
  "11200": {
    "training_loss": 7865.44921875,
    "validation_loss": [
      2929.666015625
    ],
    "validation_chi2s": {
      "DEUTERON": 2.29798486813977,
      "NMC": 1.82651190664254,
      "NUCLEAR": 1.869421630859375,
      "HERACOMB": 2.7613292020909928,
      "DYE886": 2.727518255060369,
      "CDF": 3.412418910435268,
      "D0": 1.3582502365112306,
      "ATLAS": 2.7401205008370537,
      "CMS": 3.168639152280746,
      "LHCb": 2.8870465755462646,
      "total": 2.4869794845581055
    }
  },
  "11300": {
    "training_loss": 7883.439453125,
    "validation_loss": [
      2918.505859375
    ],
    "validation_chi2s": {
      "DEUTERON": 2.3553567003847946,
      "NMC": 1.8296299354702819,
      "NUCLEAR": 1.8607144775390625,
      "HERACOMB": 2.765622008080576,
      "DYE886": 2.3453433296897193,
      "CDF": 3.361894062587193,
      "D0": 1.2199121475219727,
      "ATLAS": 2.7346576799665177,
      "CMS": 3.1192164267263105,
      "LHCb": 2.7384727001190186,
      "total": 2.477509021759033
    }
  },
  "11400": {
    "training_loss": 7866.66796875,
    "validation_loss": [
      2936.474609375
    ],
    "validation_chi2s": {
      "DEUTERON": 2.277836586112407,
      "NMC": 1.817224988750383,
      "NUCLEAR": 1.8760029296875,
      "HERACOMB": 2.7705728368821485,
      "DYE886": 2.7853126525878906,
      "CDF": 3.2669890267508372,
      "D0": 1.6396648406982421,
      "ATLAS": 2.737410365513393,
      "CMS": 3.1870501118321575,
      "LHCb": 2.9491093158721924,
      "total": 2.492762804031372
    }
  },
  "11500": {
    "training_loss": 7867.607421875,
    "validation_loss": [
      2970.658203125
    ],
    "validation_chi2s": {
      "DEUTERON": 2.6044666802705225,
      "NMC": 1.7512254901960784,
      "NUCLEAR": 1.880335205078125,
      "HERACOMB": 2.7973287744459765,
      "DYE886": 2.144502119584517,
      "CDF": 3.304688044956752,
      "D0": 1.1696449279785157,
      "ATLAS": 2.733323451450893,
      "CMS": 3.1301306447675152,
      "LHCb": 2.6011803150177,
      "total": 2.521723747253418
    }
  },
  "11600": {
    "training_loss": 7898.1806640625,
    "validation_loss": [
      2891.9111328125
    ],
    "validation_chi2s": {
      "DEUTERON": 2.2238233575773476,
      "NMC": 1.7909400790345436,
      "NUCLEAR": 1.8733509521484375,
      "HERACOMB": 2.7585505067912583,
      "DYE886": 2.270769639448686,
      "CDF": 3.4488391876220703,
      "D0": 1.2910711288452148,
      "ATLAS": 2.7151220703125,
      "CMS": 3.163152387065272,
      "LHCb": 2.710386276245117,
      "total": 2.454923629760742
    }
  },
  "11700": {
    "training_loss": 7858.4130859375,
    "validation_loss": [
      2912.298095703125
    ],
    "validation_chi2s": {
      "DEUTERON": 2.3553823594430194,
      "NMC": 1.7275356217926623,
      "NUCLEAR": 1.8790706787109375,
      "HERACOMB": 2.792135999093648,
      "DYE886": 2.2652468247847124,
      "CDF": 3.39023562840053,
      "D0": 1.1559210777282716,
      "ATLAS": 2.6919989885602678,
      "CMS": 3.1305677352413053,
      "LHCb": 2.5579187870025635,
      "total": 2.471958875656128
    }
  },
  "11800": {
    "training_loss": 7892.08203125,
    "validation_loss": [
      2898.33642578125
    ],
    "validation_chi2s": {
      "DEUTERON": 2.231573000476135,
      "NMC": 1.779754638671875,
      "NUCLEAR": 1.8719912109375,
      "HERACOMB": 2.7319076637816586,
      "DYE886": 2.7524114088578657,
      "CDF": 3.528302328927176,
      "D0": 1.5962599754333495,
      "ATLAS": 2.7365286690848216,
      "CMS": 3.1259418610603578,
      "LHCb": 2.729322910308838,
      "total": 2.460387706756592
    }
  },
  "11900": {
    "training_loss": 8003.80517578125,
    "validation_loss": [
      2893.826171875
    ],
    "validation_chi2s": {
      "DEUTERON": 2.1994577284476056,
      "NMC": 1.7219995236864276,
      "NUCLEAR": 1.88219970703125,
      "HERACOMB": 2.7606039608226105,
      "DYE886": 2.4405120502818716,
      "CDF": 3.3687659672328403,
      "D0": 1.4391018867492675,
      "ATLAS": 2.7279434640066964,
      "CMS": 3.1628376130134828,
      "LHCb": 2.7304067611694336,
      "total": 2.4565589427948
    }
  },
  "12000": {
    "training_loss": 7870.1259765625,
    "validation_loss": [
      2880.521484375
    ],
    "validation_chi2s": {
      "DEUTERON": 2.2117619300956157,
      "NMC": 1.710120257209329,
      "NUCLEAR": 1.88498876953125,
      "HERACOMB": 2.7852398242825775,
      "DYE886": 2.169833096590909,
      "CDF": 3.2506506783621654,
      "D0": 1.1400548934936523,
      "ATLAS": 2.738138427734375,
      "CMS": 3.1063040456464215,
      "LHCb": 2.46760630607605,
      "total": 2.4452643394470215
    }
  },
  "12100": {
    "training_loss": 7873.576171875,
    "validation_loss": [
      2905.42236328125
    ],
    "validation_chi2s": {
      "DEUTERON": 2.18970850095227,
      "NMC": 1.7456804163315718,
      "NUCLEAR": 1.891479248046875,
      "HERACOMB": 2.753696217256434,
      "DYE886": 2.6428808732466265,
      "CDF": 3.1709766387939453,
      "D0": 1.684547233581543,
      "ATLAS": 2.760019356863839,
      "CMS": 3.1456404655210433,
      "LHCb": 2.8284974098205566,
      "total": 2.466402769088745
    }
  },
  "12200": {
    "training_loss": 7855.12353515625,
    "validation_loss": [
      2914.13037109375
    ],
    "validation_chi2s": {
      "DEUTERON": 2.192782425761816,
      "NMC": 1.7437570609298407,
      "NUCLEAR": 1.90341162109375,
      "HERACOMB": 2.7540017919602735,
      "DYE886": 2.9711036682128906,
      "CDF": 3.1385650634765625,
      "D0": 1.7745195388793946,
      "ATLAS": 2.7257130650111607,
      "CMS": 3.1614537392893145,
      "LHCb": 2.8677148818969727,
      "total": 2.473790168762207
    }
  },
  "12300": {
    "training_loss": 7859.05029296875,
    "validation_loss": [
      2882.59765625
    ],
    "validation_chi2s": {
      "DEUTERON": 2.229633691892102,
      "NMC": 1.6952193017099417,
      "NUCLEAR": 1.8926058349609376,
      "HERACOMB": 2.786446964039522,
      "DYE886": 2.1365252408114346,
      "CDF": 3.190934589930943,
      "D0": 1.128790283203125,
      "ATLAS": 2.7304049246651787,
      "CMS": 3.1091532553395917,
      "LHCb": 2.442253351211548,
      "total": 2.446988582611084
    }
  },
  "12400": {
    "training_loss": 8097.1748046875,
    "validation_loss": [
      2891.901611328125
    ],
    "validation_chi2s": {
      "DEUTERON": 2.3264037174965018,
      "NMC": 1.7360658832624847,
      "NUCLEAR": 1.8882696533203125,
      "HERACOMB": 2.7564629448784723,
      "DYE886": 2.214848431673917,
      "CDF": 3.2416063036237444,
      "D0": 1.1672009468078612,
      "ATLAS": 2.715335867745536,
      "CMS": 3.084709905808972,
      "LHCb": 2.4820592403411865,
      "total": 2.4549193382263184
    }
  },
  "12500": {
    "training_loss": 7884.05224609375,
    "validation_loss": [
      2873.34375
    ],
    "validation_chi2s": {
      "DEUTERON": 2.268962195856654,
      "NMC": 1.8196847953048407,
      "NUCLEAR": 1.891060302734375,
      "HERACOMB": 2.732089971405229,
      "DYE886": 2.3872174349698154,
      "CDF": 3.398536137172154,
      "D0": 1.3703259468078612,
      "ATLAS": 2.677033865792411,
      "CMS": 3.0130657072990172,
      "LHCb": 2.6119027137756348,
      "total": 2.439171075820923
    }
  },
  "12600": {
    "training_loss": 7902.71484375,
    "validation_loss": [
      2895.04248046875
    ],
    "validation_chi2s": {
      "DEUTERON": 2.377406637466962,
      "NMC": 1.7571988573261337,
      "NUCLEAR": 1.8817921142578125,
      "HERACOMB": 2.7346536474290235,
      "DYE886": 2.256851543079723,
      "CDF": 3.1433639526367188,
      "D0": 1.2527008056640625,
      "ATLAS": 2.7103616768973215,
      "CMS": 3.0589287050308718,
      "LHCb": 2.5785210132598877,
      "total": 2.4575912952423096
    }
  },
  "12700": {
    "training_loss": 7858.9150390625,
    "validation_loss": [
      2873.72412109375
    ],
    "validation_chi2s": {
      "DEUTERON": 2.2639283137534982,
      "NMC": 1.7050485049977022,
      "NUCLEAR": 1.877788818359375,
      "HERACOMB": 2.7561593647875817,
      "DYE886": 2.209989374334162,
      "CDF": 3.0588013785226003,
      "D0": 1.1524301528930665,
      "ATLAS": 2.730752999441964,
      "CMS": 3.0449201522334928,
      "LHCb": 2.558410882949829,
      "total": 2.4394872188568115
    }
  },
  "12800": {
    "training_loss": 7957.43994140625,
    "validation_loss": [
      2904.94677734375
    ],
    "validation_chi2s": {
      "DEUTERON": 2.3011799522893344,
      "NMC": 1.8067770565257353,
      "NUCLEAR": 1.8807139892578124,
      "HERACOMB": 2.7198552150352326,
      "DYE886": 2.88336181640625,
      "CDF": 3.655388423374721,
      "D0": 1.892750358581543,
      "ATLAS": 2.6338016183035715,
      "CMS": 3.1294312015656502,
      "LHCb": 2.8404972553253174,
      "total": 2.465999126434326
    }
  },
  "12900": {
    "training_loss": 7838.72412109375,
    "validation_loss": [
      2873.45751953125
    ],
    "validation_chi2s": {
      "DEUTERON": 2.243270798109064,
      "NMC": 1.6986001706590839,
      "NUCLEAR": 1.8774459228515625,
      "HERACOMB": 2.7520885592192608,
      "DYE886": 2.38952654058283,
      "CDF": 3.003493990216936,
      "D0": 1.3502937316894532,
      "ATLAS": 2.7094423130580356,
      "CMS": 3.049049131331905,
      "LHCb": 2.6587183475494385,
      "total": 2.4392504692077637
    }
  },
  "13000": {
    "training_loss": 7830.24462890625,
    "validation_loss": [
      2908.76953125
    ],
    "validation_chi2s": {
      "DEUTERON": 2.4211099349444187,
      "NMC": 1.6794230143229167,
      "NUCLEAR": 1.88464697265625,
      "HERACOMB": 2.783626581329146,
      "DYE886": 2.1207738356156782,
      "CDF": 3.039043698992048,
      "D0": 1.1364893913269043,
      "ATLAS": 2.7369644601004466,
      "CMS": 3.0461954916677167,
      "LHCb": 2.4162304401397705,
      "total": 2.4690632820129395
    }
  },
  "13100": {
    "training_loss": 7846.44580078125,
    "validation_loss": [
      2879.5673828125
    ],
    "validation_chi2s": {
      "DEUTERON": 2.251990778529229,
      "NMC": 1.7470242369408702,
      "NUCLEAR": 1.875858642578125,
      "HERACOMB": 2.7255873337290644,
      "DYE886": 2.603428753939542,
      "CDF": 2.983039311000279,
      "D0": 1.5409515380859375,
      "ATLAS": 2.727394321986607,
      "CMS": 3.0429195280997985,
      "LHCb": 2.7075717449188232,
      "total": 2.4444544315338135
    }
  },
  "13200": {
    "training_loss": 7855.9052734375,
    "validation_loss": [
      2877.83642578125
    ],
    "validation_chi2s": {
      "DEUTERON": 2.24286571901236,
      "NMC": 1.6803234324735754,
      "NUCLEAR": 1.88756298828125,
      "HERACOMB": 2.775582506765727,
      "DYE886": 2.499886079268022,
      "CDF": 2.871783937726702,
      "D0": 1.1932345390319825,
      "ATLAS": 2.7181666782924108,
      "CMS": 3.0401008359847532,
      "LHCb": 2.5124855041503906,
      "total": 2.442966938018799
    }
  },
  "13300": {
    "training_loss": 7841.9814453125,
    "validation_loss": [
      2893.396484375
    ],
    "validation_chi2s": {
      "DEUTERON": 2.3557383978544775,
      "NMC": 1.6810703651577819,
      "NUCLEAR": 1.88577099609375,
      "HERACOMB": 2.7827066658369075,
      "DYE886": 2.4020279971036045,
      "CDF": 3.0601534162248885,
      "D0": 1.2162506103515625,
      "ATLAS": 2.6644400460379463,
      "CMS": 3.038389636624244,
      "LHCb": 2.5258872509002686,
      "total": 2.455418109893799
    }
  },
  "13400": {
    "training_loss": 7824.8623046875,
    "validation_loss": [
      2922.4912109375
    ],
    "validation_chi2s": {
      "DEUTERON": 2.5125568446828357,
      "NMC": 1.6812733668907016,
      "NUCLEAR": 1.8794952392578126,
      "HERACOMB": 2.757845610574959,
      "DYE886": 2.189659292047674,
      "CDF": 3.0843772888183594,
      "D0": 1.2253311157226563,
      "ATLAS": 2.7129432896205357,
      "CMS": 3.06305669969128,
      "LHCb": 2.5419957637786865,
      "total": 2.4808895587921143
    }
  },
  "13500": {
    "training_loss": 7826.18701171875,
    "validation_loss": [
      2889.662109375
    ],
    "validation_chi2s": {
      "DEUTERON": 2.2766842059235075,
      "NMC": 1.6605374205346202,
      "NUCLEAR": 1.888138916015625,
      "HERACOMB": 2.7957261029411766,
      "DYE886": 2.5006242231889204,
      "CDF": 2.995298385620117,
      "D0": 1.2604051589965821,
      "ATLAS": 2.694463413783482,
      "CMS": 3.0462508663054435,
      "LHCb": 2.536642551422119,
      "total": 2.4523355960845947
    }
  },
  "13600": {
    "training_loss": 7827.25048828125,
    "validation_loss": [
      2878.600341796875
    ],
    "validation_chi2s": {
      "DEUTERON": 2.299882575647155,
      "NMC": 1.6983881931678921,
      "NUCLEAR": 1.88380322265625,
      "HERACOMB": 2.7592115215226714,
      "DYE886": 2.2681317762895064,
      "CDF": 3.095703125,
      "D0": 1.2200381278991699,
      "ATLAS": 2.691834542410714,
      "CMS": 3.043280324628276,
      "LHCb": 2.5696756839752197,
      "total": 2.443633556365967
    }
  },
  "13700": {
    "training_loss": 8109.76220703125,
    "validation_loss": [
      2914.468505859375
    ],
    "validation_chi2s": {
      "DEUTERON": 2.2681723827153295,
      "NMC": 1.7462595023360907,
      "NUCLEAR": 1.9007528076171876,
      "HERACOMB": 2.7297133900760824,
      "DYE886": 3.0271485068581323,
      "CDF": 3.273644038609096,
      "D0": 1.8438072204589844,
      "ATLAS": 2.745751953125,
      "CMS": 3.0369516188098538,
      "LHCb": 2.937082529067993,
      "total": 2.4740819931030273
    }
  },
  "13800": {
    "training_loss": 8101.8759765625,
    "validation_loss": [
      2903.949462890625
    ],
    "validation_chi2s": {
      "DEUTERON": 2.38982471067514,
      "NMC": 1.7234274172315411,
      "NUCLEAR": 1.8913773193359376,
      "HERACOMB": 2.751852397046058,
      "DYE886": 2.2335021279074927,
      "CDF": 3.2902864728655135,
      "D0": 1.2498122215270997,
      "ATLAS": 2.684388950892857,
      "CMS": 3.0884554463048137,
      "LHCb": 2.6046440601348877,
      "total": 2.4651215076446533
    }
  },
  "13900": {
    "training_loss": 7891.03515625,
    "validation_loss": [
      2899.93310546875
    ],
    "validation_chi2s": {
      "DEUTERON": 2.4357963296311413,
      "NMC": 1.751671136594286,
      "NUCLEAR": 1.8974044189453125,
      "HERACOMB": 2.7399637060227735,
      "DYE886": 2.1648278669877485,
      "CDF": 3.4097952161516463,
      "D0": 1.1903862953186035,
      "ATLAS": 2.6746533203125,
      "CMS": 3.036280970419607,
      "LHCb": 2.5081593990325928,
      "total": 2.461742639541626
    }
  },
  "14000": {
    "training_loss": 7843.6962890625,
    "validation_loss": [
      2876.49462890625
    ],
    "validation_chi2s": {
      "DEUTERON": 2.278930512233753,
      "NMC": 1.7367827471564798,
      "NUCLEAR": 1.89010107421875,
      "HERACOMB": 2.7419262057036358,
      "DYE886": 2.256358406760476,
      "CDF": 3.331812177385603,
      "D0": 1.289322853088379,
      "ATLAS": 2.7393954031808034,
      "CMS": 2.989927230342742,
      "LHCb": 2.5718140602111816,
      "total": 2.4418461322784424
    }
  },
  "14100": {
    "training_loss": 7809.96826171875,
    "validation_loss": [
      2906.160888671875
    ],
    "validation_chi2s": {
      "DEUTERON": 2.2370852949607434,
      "NMC": 1.755506478103937,
      "NUCLEAR": 1.89608984375,
      "HERACOMB": 2.7378667694291257,
      "DYE886": 2.8531185496937144,
      "CDF": 3.5070879799979076,
      "D0": 1.6142728805541993,
      "ATLAS": 2.687426583426339,
      "CMS": 3.1326193040417087,
      "LHCb": 2.9050259590148926,
      "total": 2.467029571533203
    }
  },
  "14200": {
    "training_loss": 7855.11181640625,
    "validation_loss": [
      2885.39404296875
    ],
    "validation_chi2s": {
      "DEUTERON": 2.2352745853253264,
      "NMC": 1.7183261946135877,
      "NUCLEAR": 1.9009298095703124,
      "HERACOMB": 2.7592107236774917,
      "DYE886": 2.5415314761075107,
      "CDF": 3.4138486044747487,
      "D0": 1.4583014488220214,
      "ATLAS": 2.676975272042411,
      "CMS": 3.058069536762853,
      "LHCb": 2.7116761207580566,
      "total": 2.4493331909179688
    }
  },
  "14300": {
    "training_loss": 8446.705078125,
    "validation_loss": [
      2898.216796875
    ],
    "validation_chi2s": {
      "DEUTERON": 2.3795490929143344,
      "NMC": 1.7759125653435202,
      "NUCLEAR": 1.89846923828125,
      "HERACOMB": 2.723208358864379,
      "DYE886": 2.466706015846946,
      "CDF": 3.564802987234933,
      "D0": 1.4050365447998048,
      "ATLAS": 2.669898681640625,
      "CMS": 3.0480974258915072,
      "LHCb": 2.5927810668945312,
      "total": 2.4602861404418945
    }
  },
  "14400": {
    "training_loss": 7811.66796875,
    "validation_loss": [
      2870.3115234375
    ],
    "validation_chi2s": {
      "DEUTERON": 2.2385873367537314,
      "NMC": 1.689374886307062,
      "NUCLEAR": 1.901216796875,
      "HERACOMB": 2.756185294755923,
      "DYE886": 2.367317719893022,
      "CDF": 3.3088599613734653,
      "D0": 1.307762622833252,
      "ATLAS": 2.713202950613839,
      "CMS": 3.006506642987651,
      "LHCb": 2.4863204956054688,
      "total": 2.4365971088409424
    }
  },
  "14500": {
    "training_loss": 9543.63330078125,
    "validation_loss": [
      2897.3974609375
    ],
    "validation_chi2s": {
      "DEUTERON": 2.317314641392646,
      "NMC": 1.6986034617704504,
      "NUCLEAR": 1.9046439208984376,
      "HERACOMB": 2.7553754818984886,
      "DYE886": 2.5929154482754795,
      "CDF": 3.4510557992117747,
      "D0": 1.4729227066040038,
      "ATLAS": 2.685020751953125,
      "CMS": 3.0420079385080645,
      "LHCb": 2.5832579135894775,
      "total": 2.459590435028076
    }
  },
  "14600": {
    "training_loss": 7830.802734375,
    "validation_loss": [
      2876.470458984375
    ],
    "validation_chi2s": {
      "DEUTERON": 2.259446936460277,
      "NMC": 1.7375762041877298,
      "NUCLEAR": 1.9038865966796874,
      "HERACOMB": 2.7307733273973653,
      "DYE886": 2.573400844227184,
      "CDF": 3.5133214678083147,
      "D0": 1.5520034790039063,
      "ATLAS": 2.6385548618861607,
      "CMS": 3.0401202786353325,
      "LHCb": 2.708000659942627,
      "total": 2.4418163299560547
    }
  },
  "14700": {
    "training_loss": 7815.107421875,
    "validation_loss": [
      2894.3837890625
    ],
    "validation_chi2s": {
      "DEUTERON": 2.3283328535544934,
      "NMC": 1.672136194565717,
      "NUCLEAR": 1.9069700927734374,
      "HERACOMB": 2.7847635107102735,
      "DYE886": 2.2917086861350318,
      "CDF": 3.2403665270124162,
      "D0": 1.4105859756469727,
      "ATLAS": 2.7159054129464284,
      "CMS": 3.006038050497732,
      "LHCb": 2.405991554260254,
      "total": 2.4570322036743164
    }
  },
  "14800": {
    "training_loss": 7828.43359375,
    "validation_loss": [
      2886.59814453125
    ],
    "validation_chi2s": {
      "DEUTERON": 2.2429622820953825,
      "NMC": 1.6865285237630208,
      "NUCLEAR": 1.9119310302734376,
      "HERACOMB": 2.7730906368081087,
      "DYE886": 2.558436480435458,
      "CDF": 3.168271473475865,
      "D0": 1.4559598922729493,
      "ATLAS": 2.6922215053013394,
      "CMS": 3.048406293315272,
      "LHCb": 2.5324079990386963,
      "total": 2.450423002243042
    }
  },
  "14900": {
    "training_loss": 9023.1201171875,
    "validation_loss": [
      2960.119140625
    ],
    "validation_chi2s": {
      "DEUTERON": 2.705910450190454,
      "NMC": 1.7371486589020373,
      "NUCLEAR": 1.9064034423828125,
      "HERACOMB": 2.74481201171875,
      "DYE886": 2.379869981245561,
      "CDF": 3.4107682364327565,
      "D0": 1.5021675109863282,
      "ATLAS": 2.665537109375,
      "CMS": 3.0159813665574595,
      "LHCb": 2.4810590744018555,
      "total": 2.5128138065338135
    }
  },
  "15000": {
    "training_loss": 7853.56787109375,
    "validation_loss": [
      2941.7587890625
    ],
    "validation_chi2s": {
      "DEUTERON": 2.623975155958489,
      "NMC": 1.7364786185470282,
      "NUCLEAR": 1.9088746337890625,
      "HERACOMB": 2.7326949375127656,
      "DYE886": 2.251964742487127,
      "CDF": 3.2865573338099887,
      "D0": 1.4410287857055664,
      "ATLAS": 2.6657162039620537,
      "CMS": 3.0723618538148942,
      "LHCb": 2.4351072311401367,
      "total": 2.497248649597168
    }
  },
  "15100": {
    "training_loss": 7796.2275390625,
    "validation_loss": [
      2883.296142578125
    ],
    "validation_chi2s": {
      "DEUTERON": 2.269242775380908,
      "NMC": 1.723996031518076,
      "NUCLEAR": 1.909964599609375,
      "HERACOMB": 2.745601678985396,
      "DYE886": 2.666839773004705,
      "CDF": 3.3488194601876393,
      "D0": 1.5848787307739258,
      "ATLAS": 2.6370804268973216,
      "CMS": 3.0270407892042592,
      "LHCb": 2.7126896381378174,
      "total": 2.447619915008545
    }
  },
  "15200": {
    "training_loss": 7793.37548828125,
    "validation_loss": [
      2920.297607421875
    ],
    "validation_chi2s": {
      "DEUTERON": 2.36181883550995,
      "NMC": 1.7793674842984069,
      "NUCLEAR": 1.9026435546875,
      "HERACOMB": 2.72821005029616,
      "DYE886": 2.8946762084960938,
      "CDF": 3.3426342010498047,
      "D0": 1.7300640106201173,
      "ATLAS": 2.6471475655691963,
      "CMS": 3.1198823990360385,
      "LHCb": 2.8072402477264404,
      "total": 2.479029417037964
    }
  },
  "15300": {
    "training_loss": 9991.80419921875,
    "validation_loss": [
      2924.70068359375
    ],
    "validation_chi2s": {
      "DEUTERON": 2.473009859151508,
      "NMC": 1.6902664782954198,
      "NUCLEAR": 1.90697509765625,
      "HERACOMB": 2.7925706252553106,
      "DYE886": 2.3003944050181997,
      "CDF": 3.0166217258998325,
      "D0": 1.4191291809082032,
      "ATLAS": 2.6786483328683035,
      "CMS": 3.0303120766916583,
      "LHCb": 2.4901721477508545,
      "total": 2.4827444553375244
    }
  },
  "15400": {
    "training_loss": 7798.7470703125,
    "validation_loss": [
      2914.07275390625
    ],
    "validation_chi2s": {
      "DEUTERON": 2.281761966534515,
      "NMC": 1.7636407590379901,
      "NUCLEAR": 1.9076478271484374,
      "HERACOMB": 2.733633203444138,
      "DYE886": 2.899172002618963,
      "CDF": 3.4075799669538225,
      "D0": 1.7774932861328125,
      "ATLAS": 2.678528878348214,
      "CMS": 3.0955045146326863,
      "LHCb": 2.9400784969329834,
      "total": 2.473735809326172
    }
  },
  "15500": {
    "training_loss": 7813.60888671875,
    "validation_loss": [
      2896.98486328125
    ],
    "validation_chi2s": {
      "DEUTERON": 2.2521535389458953,
      "NMC": 1.681512570848652,
      "NUCLEAR": 1.9210343017578124,
      "HERACOMB": 2.8224908168019813,
      "DYE886": 2.4463530453768643,
      "CDF": 3.0827462332589284,
      "D0": 1.3701623916625976,
      "ATLAS": 2.6773296247209823,
      "CMS": 3.0267301990139868,
      "LHCb": 2.5517635345458984,
      "total": 2.459240436553955
    }
  }
}