{
  "100": {
    "training_loss": 270.265625,
    "validation_loss": [
      122.49166870117188
    ],
    "validation_chi2s": {
      "DEUTERON": 2.5294736862182616,
      "ATLAS": 1.93752028725364,
      "total": 2.4017975330352783
    }
  },
  "200": {
    "training_loss": 243.16903686523438,
    "validation_loss": [
      93.08445739746094
    ],
    "validation_chi2s": {
      "DEUTERON": 1.9570526123046874,
      "ATLAS": 1.3456687060269443,
      "total": 1.8251854181289673
    }
  },
  "300": {
    "training_loss": 221.99102783203125,
    "validation_loss": [
      93.42572784423828
    ],
    "validation_chi2s": {
      "DEUTERON": 1.9772872924804688,
      "ATLAS": 1.3031124635176226,
      "total": 1.8318769931793213
    }
  },
  "400": {
    "training_loss": 217.06512451171875,
    "validation_loss": [
      92.94878387451172
    ],
    "validation_chi2s": {
      "DEUTERON": 1.965380859375,
      "ATLAS": 1.3030498678034002,
      "total": 1.822525143623352
    }
  },
  "500": {
    "training_loss": 214.15843200683594,
    "validation_loss": [
      92.78014373779297
    ],
    "validation_chi2s": {
      "DEUTERON": 1.962271499633789,
      "ATLAS": 1.2990260557694868,
      "total": 1.8192185163497925
    }
  },
  "600": {
    "training_loss": 203.4966583251953,
    "validation_loss": [
      95.71907043457031
    ],
    "validation_chi2s": {
      "DEUTERON": 2.0351850509643556,
      "ATLAS": 1.3010611100630327,
      "total": 1.8768445253372192
    }
  },
  "700": {
    "training_loss": 214.1299285888672,
    "validation_loss": [
      91.66360473632812
    ],
    "validation_chi2s": {
      "DEUTERON": 1.9472291946411133,
      "ATLAS": 1.2522220611572266,
      "total": 1.7973257303237915
    }
  },
  "800": {
    "training_loss": 198.9438018798828,
    "validation_loss": [
      107.00457000732422
    ],
    "validation_chi2s": {
      "DEUTERON": 2.3073034286499023,
      "ATLAS": 1.3374942432750354,
      "total": 2.0981290340423584
    }
  },
  "900": {
    "training_loss": 213.04238891601562,
    "validation_loss": [
      90.55206298828125
    ],
    "validation_chi2s": {
      "DEUTERON": 1.9228849411010742,
      "ATLAS": 1.2396966760808772,
      "total": 1.7755306959152222
    }
  }
}