{
  "100": {
    "training_loss": 2560.0,
    "validation_loss": [
      153.26211547851562
    ],
    "validation_chi2s": {
      "DEUTERON": 3.3749160766601562,
      "ATLAS": 1.6604980121959338,
      "total": 3.0051395893096924
    }
  },
  "200": {
    "training_loss": 322.160888671875,
    "validation_loss": [
      114.46867370605469
    ],
    "validation_chi2s": {
      "DEUTERON": 2.415448760986328,
      "ATLAS": 1.6227933710271663,
      "total": 2.244483709335327
    }
  },
  "300": {
    "training_loss": 290.4360656738281,
    "validation_loss": [
      124.10249328613281
    ],
    "validation_chi2s": {
      "DEUTERON": 2.6171638488769533,
      "ATLAS": 1.7650857405229048,
      "total": 2.433382272720337
    }
  },
  "400": {
    "training_loss": 273.0394592285156,
    "validation_loss": [
      129.4366455078125
    ],
    "validation_chi2s": {
      "DEUTERON": 2.7712244033813476,
      "ATLAS": 1.689788818359375,
      "total": 2.537973403930664
    }
  },
  "500": {
    "training_loss": 266.02142333984375,
    "validation_loss": [
      143.40625
    ],
    "validation_chi2s": {
      "DEUTERON": 2.8426496505737306,
      "ATLAS": 2.700023651123047,
      "total": 2.811887264251709
    }
  },
  "600": {
    "training_loss": 269.82379150390625,
    "validation_loss": [
      127.73689270019531
    ],
    "validation_chi2s": {
      "DEUTERON": 2.6992729187011717,
      "ATLAS": 1.796906904740767,
      "total": 2.5046448707580566
    }
  }
}