{
  "100": {
    "training_loss": 311.53125,
    "validation_loss": [
      131.71157836914062
    ],
    "validation_chi2s": {
      "DEUTERON": 2.6437973022460937,
      "ATLAS": 2.3599713065407495,
      "total": 2.5825798511505127
    }
  },
  "200": {
    "training_loss": 263.77288818359375,
    "validation_loss": [
      100.04608917236328
    ],
    "validation_chi2s": {
      "DEUTERON": 1.935372543334961,
      "ATLAS": 2.057381023060192,
      "total": 1.9616881608963013
    }
  },
  "300": {
    "training_loss": 264.6426696777344,
    "validation_loss": [
      95.63074493408203
    ],
    "validation_chi2s": {
      "DEUTERON": 1.833315658569336,
      "ATLAS": 2.0271020369096235,
      "total": 1.875112771987915
    }
  },
  "400": {
    "training_loss": 263.6129455566406,
    "validation_loss": [
      94.01898193359375
    ],
    "validation_chi2s": {
      "DEUTERON": 1.7980905532836915,
      "ATLAS": 2.0086695931174536,
      "total": 1.843509554862976
    }
  }
}