{
  "100": {
    "training_loss": 26624.0,
    "validation_loss": [
      14456.724609375
    ],
    "validation_chi2s": {
      "DEUTERON": 18.516114495879975,
      "NMC": 4.783120248831954,
      "NUCLEAR": 6.28044482421875,
      "HERACOMB": 12.994005789164625,
      "DYE886": 62.32821932705966,
      "CDF": 7.706939697265625,
      "D0": 11.177949523925781,
      "ATLAS": 11.148035426597811,
      "CMS": 5.8728642617502524,
      "LHCb": 9.867332458496094,
      "total": 11.920419692993164
    }
  },
  "200": {
    "training_loss": 21753.857421875,
    "validation_loss": [
      10369.546875
    ],
    "validation_chi2s": {
      "DEUTERON": 10.204446517412935,
      "NMC": 3.3260213814529718,
      "NUCLEAR": 5.8199306640625,
      "HERACOMB": 8.431801789726308,
      "DYE886": 50.85696688565341,
      "CDF": 3.7899867466517856,
      "D0": 16.41759033203125,
      "ATLAS": 9.365546102577683,
      "CMS": 5.217295985068044,
      "LHCb": 6.067833423614502,
      "total": 8.528992652893066
    }
  },
  "300": {
    "training_loss": 19929.99609375,
    "validation_loss": [
      9229.328125
    ],
    "validation_chi2s": {
      "DEUTERON": 9.094537687538867,
      "NMC": 2.8958632525275734,
      "NUCLEAR": 5.64498388671875,
      "HERACOMB": 6.844616459865196,
      "DYE886": 44.67322332208807,
      "CDF": 3.469430923461914,
      "D0": 18.896961975097657,
      "ATLAS": 8.646485064662782,
      "CMS": 5.1060077298072075,
      "LHCb": 4.756340026855469,
      "total": 7.621383190155029
    }
  },
  "400": {
    "training_loss": 18833.908203125,
    "validation_loss": [
      8290.4755859375
    ],
    "validation_chi2s": {
      "DEUTERON": 7.6630731838852615,
      "NMC": 2.5948540182674633,
      "NUCLEAR": 5.4905244140625,
      "HERACOMB": 5.591991549223856,
      "DYE886": 43.83533269708807,
      "CDF": 3.5363426208496094,
      "D0": 17.2773681640625,
      "ATLAS": 7.957529186528955,
      "CMS": 4.928763112714214,
      "LHCb": 4.306827545166016,
      "total": 6.843871116638184
    }
  },
  "500": {
    "training_loss": 17742.671875,
    "validation_loss": [
      7846.267578125
    ],
    "validation_chi2s": {
      "DEUTERON": 7.625433622901119,
      "NMC": 2.484878091251149,
      "NUCLEAR": 5.28362939453125,
      "HERACOMB": 5.031641343060662,
      "DYE886": 39.70946433327415,
      "CDF": 3.661994661603655,
      "D0": 16.300639343261718,
      "ATLAS": 7.433353057688913,
      "CMS": 4.818932317918347,
      "LHCb": 4.64711332321167,
      "total": 6.478167533874512
    }
  },
  "600": {
    "training_loss": 17141.828125,
    "validation_loss": [
      7582.8046875
    ],
    "validation_chi2s": {
      "DEUTERON": 7.632751768501244,
      "NMC": 2.4594379499846815,
      "NUCLEAR": 5.1286669921875,
      "HERACOMB": 4.809924156837214,
      "DYE886": 36.1946855024858,
      "CDF": 3.6592508043561662,
      "D0": 15.289901733398438,
      "ATLAS": 7.186651714777542,
      "CMS": 4.7351256339780745,
      "LHCb": 4.67195987701416,
      "total": 6.26873779296875
    }
  },
  "700": {
    "training_loss": 16851.791015625,
    "validation_loss": [
      7365.34326171875
    ],
    "validation_chi2s": {
      "DEUTERON": 7.52773243159204,
      "NMC": 2.4348922430300246,
      "NUCLEAR": 5.0496083984375,
      "HERACOMB": 4.575932122523488,
      "DYE886": 34.9185957475142,
      "CDF": 3.8016670772007535,
      "D0": 14.388398742675781,
      "ATLAS": 6.939118638550494,
      "CMS": 4.706588252898185,
      "LHCb": 4.496304035186768,
      "total": 6.096879959106445
    }
  },
  "800": {
    "training_loss": 16595.208984375,
    "validation_loss": [
      7280.95703125
    ],
    "validation_chi2s": {
      "DEUTERON": 7.837754586442786,
      "NMC": 2.4297688802083335,
      "NUCLEAR": 5.0374833984375,
      "HERACOMB": 4.32901020922692,
      "DYE886": 34.0269775390625,
      "CDF": 3.842340741838728,
      "D0": 13.767070007324218,
      "ATLAS": 6.804197149761652,
      "CMS": 4.630630985383065,
      "LHCb": 4.4075493812561035,
      "total": 6.0305914878845215
    }
  },
  "900": {
    "training_loss": 16424.728515625,
    "validation_loss": [
      7388.0712890625
    ],
    "validation_chi2s": {
      "DEUTERON": 8.967121181203359,
      "NMC": 2.4327826406441484,
      "NUCLEAR": 5.011771484375,
      "HERACOMB": 4.118086272594976,
      "DYE886": 33.55685702237216,
      "CDF": 3.9617579323904857,
      "D0": 13.364773559570313,
      "ATLAS": 6.712300273658192,
      "CMS": 4.561364942981351,
      "LHCb": 4.35405158996582,
      "total": 6.128973007202148
    }
  },
  "1000": {
    "training_loss": 16193.0283203125,
    "validation_loss": [
      8511.994140625
    ],
    "validation_chi2s": {
      "DEUTERON": 15.134406094527364,
      "NMC": 2.4386065613989736,
      "NUCLEAR": 4.97594091796875,
      "HERACOMB": 3.926535612617443,
      "DYE886": 32.9767012162642,
      "CDF": 4.160125732421875,
      "D0": 13.167066955566407,
      "ATLAS": 6.610678462658898,
      "CMS": 4.504443753150202,
      "LHCb": 4.394035816192627,
      "total": 7.091032981872559
    }
  },
  "1100": {
    "training_loss": 15987.9599609375,
    "validation_loss": [
      9536.09375
    ],
    "validation_chi2s": {
      "DEUTERON": 20.66666909592662,
      "NMC": 2.4491876340379903,
      "NUCLEAR": 4.9389052734375,
      "HERACOMB": 3.759926789726307,
      "DYE886": 32.53131658380682,
      "CDF": 4.218410491943359,
      "D0": 12.89635772705078,
      "ATLAS": 6.572352522510593,
      "CMS": 4.460331086189516,
      "LHCb": 4.443387031555176,
      "total": 7.963500499725342
    }
  },
  "1200": {
    "training_loss": 15807.1513671875,
    "validation_loss": [
      10557.8828125
    ],
    "validation_chi2s": {
      "DEUTERON": 26.142021824471392,
      "NMC": 2.460413614908854,
      "NUCLEAR": 4.89243505859375,
      "HERACOMB": 3.6076556436376634,
      "DYE886": 32.16873446377841,
      "CDF": 4.186214991978237,
      "D0": 12.881118774414062,
      "ATLAS": 6.548470879678672,
      "CMS": 4.4060565579322075,
      "LHCb": 4.5525689125061035,
      "total": 8.833913803100586
    }
  },
  "1300": {
    "training_loss": 15699.58203125,
    "validation_loss": [
      19616.3125
    ],
    "validation_chi2s": {
      "DEUTERON": 71.73888370646766,
      "NMC": 2.485552769081265,
      "NUCLEAR": 4.79594482421875,
      "HERACOMB": 3.4293220869076797,
      "DYE886": 32.08173717151988,
      "CDF": 4.171116420200893,
      "D0": 12.437939453125,
      "ATLAS": 6.497162037650071,
      "CMS": 4.3564162715788814,
      "LHCb": 4.465919017791748,
      "total": 16.51450538635254
    }
  },
  "1400": {
    "training_loss": 15616.64453125,
    "validation_loss": [
      252489.9375
    ],
    "validation_chi2s": {
      "DEUTERON": 1230.7283893034826,
      "NMC": 2.4913318110447302,
      "NUCLEAR": 4.61062646484375,
      "HERACOMB": 3.289196936912786,
      "DYE886": 32.38310102982955,
      "CDF": 4.4332185472760886,
      "D0": 12.431353759765624,
      "ATLAS": 6.4661010052524714,
      "CMS": 4.38972423922631,
      "LHCb": 4.546339988708496,
      "total": 213.86839294433594
    }
  },
  "1500": {
    "training_loss": 15564.4091796875,
    "validation_loss": [
      49799.37890625
    ],
    "validation_chi2s": {
      "DEUTERON": 223.02765469527364,
      "NMC": 2.5073101567287073,
      "NUCLEAR": 4.26317333984375,
      "HERACOMB": 3.0854448306015114,
      "DYE886": 32.02265514026988,
      "CDF": 4.4617767333984375,
      "D0": 13.07884521484375,
      "ATLAS": 6.448998747572387,
      "CMS": 4.4579846782069055,
      "LHCb": 4.786484718322754,
      "total": 42.101966857910156
    }
  },
  "1600": {
    "training_loss": 15290.2080078125,
    "validation_loss": [
      15959.1767578125
    ],
    "validation_chi2s": {
      "DEUTERON": 55.498017723880594,
      "NMC": 2.4956074134976256,
      "NUCLEAR": 3.904715576171875,
      "HERACOMB": 2.9649125641467524,
      "DYE886": 31.367609197443183,
      "CDF": 4.235540390014648,
      "D0": 14.020492553710938,
      "ATLAS": 6.3653198931850286,
      "CMS": 4.3728937948903726,
      "LHCb": 4.710699558258057,
      "total": 13.428309440612793
    }
  },
  "1700": {
    "training_loss": 15142.673828125,
    "validation_loss": [
      11977.787109375
    ],
    "validation_chi2s": {
      "DEUTERON": 36.13689851523632,
      "NMC": 2.470775230258119,
      "NUCLEAR": 3.72818017578125,
      "HERACOMB": 2.894314236111111,
      "DYE886": 32.09811678799716,
      "CDF": 4.556055613926479,
      "D0": 13.461012268066407,
      "ATLAS": 6.281858282574152,
      "CMS": 4.2947904525264615,
      "LHCb": 4.47300386428833,
      "total": 10.057178497314453
    }
  },
  "1800": {
    "training_loss": 15348.3408203125,
    "validation_loss": [
      10150.466796875
    ],
    "validation_chi2s": {
      "DEUTERON": 27.46207925217662,
      "NMC": 2.4811320585363053,
      "NUCLEAR": 3.599688232421875,
      "HERACOMB": 2.8050734576056984,
      "DYE886": 32.29065496271307,
      "CDF": 4.64079339163644,
      "D0": 11.957501220703126,
      "ATLAS": 6.3043357719809325,
      "CMS": 4.2536419283959175,
      "LHCb": 4.150142192840576,
      "total": 8.51124382019043
    }
  },
  "1900": {
    "training_loss": 14924.07421875,
    "validation_loss": [
      9636.1494140625
    ],
    "validation_chi2s": {
      "DEUTERON": 24.96514983675373,
      "NMC": 2.451395221785003,
      "NUCLEAR": 3.50205810546875,
      "HERACOMB": 2.823462193308313,
      "DYE886": 32.406641179865055,
      "CDF": 4.8270672389439175,
      "D0": 13.009803771972656,
      "ATLAS": 6.299766066384181,
      "CMS": 4.137763238722278,
      "LHCb": 4.539126873016357,
      "total": 8.078591346740723
    }
  },
  "2000": {
    "training_loss": 14874.81640625,
    "validation_loss": [
      8510.6357421875
    ],
    "validation_chi2s": {
      "DEUTERON": 20.01093652829602,
      "NMC": 2.4402664782954195,
      "NUCLEAR": 3.34731494140625,
      "HERACOMB": 2.772134818282782,
      "DYE886": 31.19528475674716,
      "CDF": 5.046103341238839,
      "D0": 11.77184829711914,
      "ATLAS": 6.231967387226342,
      "CMS": 4.044386586835308,
      "LHCb": 4.262259483337402,
      "total": 7.128852367401123
    }
  },
  "2100": {
    "training_loss": 14745.5654296875,
    "validation_loss": [
      8830.927734375
    ],
    "validation_chi2s": {
      "DEUTERON": 21.77382618159204,
      "NMC": 2.4283028396905637,
      "NUCLEAR": 3.210185791015625,
      "HERACOMB": 2.783987606272978,
      "DYE886": 31.221518776633523,
      "CDF": 5.043903350830078,
      "D0": 12.641094970703126,
      "ATLAS": 6.159134859419138,
      "CMS": 3.9164185062531502,
      "LHCb": 4.774358749389648,
      "total": 7.400002479553223
    }
  },
  "2200": {
    "training_loss": 14778.630859375,
    "validation_loss": [
      7961.46923828125
    ],
    "validation_chi2s": {
      "DEUTERON": 17.829685799518035,
      "NMC": 2.4430784337660847,
      "NUCLEAR": 3.1364072265625,
      "HERACOMB": 2.6767312841477735,
      "DYE886": 31.54884754527699,
      "CDF": 5.5565032958984375,
      "D0": 10.431044769287109,
      "ATLAS": 6.136027707891949,
      "CMS": 3.9897281277564263,
      "LHCb": 4.296415328979492,
      "total": 6.667046546936035
    }
  },
  "2300": {
    "training_loss": 14873.6044921875,
    "validation_loss": [
      7715.3291015625
    ],
    "validation_chi2s": {
      "DEUTERON": 16.961289742692784,
      "NMC": 2.448470770143995,
      "NUCLEAR": 3.048462158203125,
      "HERACOMB": 2.6478656444674225,
      "DYE886": 30.89302479137074,
      "CDF": 5.6929152352469305,
      "D0": 9.586917114257812,
      "ATLAS": 6.147647836114054,
      "CMS": 3.8941687307050152,
      "LHCb": 4.109111309051514,
      "total": 6.46129035949707
    }
  },
  "2400": {
    "training_loss": 14634.2353515625,
    "validation_loss": [
      7514.91015625
    ],
    "validation_chi2s": {
      "DEUTERON": 16.08405482353856,
      "NMC": 2.439355438830806,
      "NUCLEAR": 3.0038271484375,
      "HERACOMB": 2.6190227433746935,
      "DYE886": 31.0625693581321,
      "CDF": 5.936380113874163,
      "D0": 9.11548309326172,
      "ATLAS": 6.126884158721752,
      "CMS": 3.8827344832881803,
      "LHCb": 4.200539588928223,
      "total": 6.293305397033691
    }
  },
  "2500": {
    "training_loss": 14460.8662109375,
    "validation_loss": [
      7478.79296875
    ],
    "validation_chi2s": {
      "DEUTERON": 16.014763827347636,
      "NMC": 2.406252393535539,
      "NUCLEAR": 2.9739580078125,
      "HERACOMB": 2.633169136795343,
      "DYE886": 30.8086464621804,
      "CDF": 6.051791599818638,
      "D0": 8.172644805908202,
      "ATLAS": 6.15806726143185,
      "CMS": 3.8646033502394155,
      "LHCb": 4.055880546569824,
      "total": 6.264221668243408
    }
  },
  "2600": {
    "training_loss": 8154.15625,
    "validation_loss": [
      3033.2275390625
    ],
    "validation_chi2s": {
      "DEUTERON": 2.592581829621424,
      "NMC": 2.565655876608456,
      "NUCLEAR": 2.05195361328125,
      "HERACOMB": 2.385281830831291,
      "DYE886": 0.9898265491832386,
      "CDF": 2.825188773018973,
      "D0": 2.6635236740112305,
      "ATLAS": 3.434348585915431,
      "CMS": 2.9578052643806703,
      "LHCb": 2.73484468460083,
      "total": 2.5637223720550537
    }
  },
  "2700": {
    "training_loss": 7963.55029296875,
    "validation_loss": [
      2971.886474609375
    ],
    "validation_chi2s": {
      "DEUTERON": 2.455954632355799,
      "NMC": 2.4363333010206034,
      "NUCLEAR": 1.9965701904296875,
      "HERACOMB": 2.3368037604039014,
      "DYE886": 1.1100723960182883,
      "CDF": 1.5028322764805384,
      "D0": 3.175770950317383,
      "ATLAS": 3.4130738684013067,
      "CMS": 3.0562485725648942,
      "LHCb": 2.6243820190429688,
      "total": 2.51345157623291
    }
  },
  "2800": {
    "training_loss": 7870.8701171875,
    "validation_loss": [
      2952.67578125
    ],
    "validation_chi2s": {
      "DEUTERON": 2.3676768440512284,
      "NMC": 2.4062778248506436,
      "NUCLEAR": 2.0047158203125,
      "HERACOMB": 2.3272236344081905,
      "DYE886": 1.4403812235051936,
      "CDF": 1.2242017473493303,
      "D0": 3.0059364318847654,
      "ATLAS": 3.371623066185558,
      "CMS": 3.1294376004126763,
      "LHCb": 2.5105957984924316,
      "total": 2.4978106021881104
    }
  },
  "2900": {
    "training_loss": 7826.966796875,
    "validation_loss": [
      2965.446533203125
    ],
    "validation_chi2s": {
      "DEUTERON": 2.408481730750544,
      "NMC": 2.4263359518612133,
      "NUCLEAR": 2.003522705078125,
      "HERACOMB": 2.3225233289930554,
      "DYE886": 1.6459210135719993,
      "CDF": 0.9928480557032994,
      "D0": 3.0390058517456056,
      "ATLAS": 3.38853325278072,
      "CMS": 3.1283916350333922,
      "LHCb": 2.531132221221924,
      "total": 2.5098798274993896
    }
  },
  "3000": {
    "training_loss": 24387.0,
    "validation_loss": [
      21599.28125
    ],
    "validation_chi2s": {
      "DEUTERON": 82.59450792910448,
      "NMC": 2.339854221717984,
      "NUCLEAR": 2.764103271484375,
      "HERACOMB": 2.51274178698172,
      "DYE886": 58.24152166193182,
      "CDF": 1.8213341576712472,
      "D0": 13.593556213378907,
      "ATLAS": 4.799798825366349,
      "CMS": 5.995349514868952,
      "LHCb": 9.121777534484863,
      "total": 18.21664047241211
    }
  },
  "3100": {
    "training_loss": 8734.40625,
    "validation_loss": [
      3369.5693359375
    ],
    "validation_chi2s": {
      "DEUTERON": 3.3246617862834267,
      "NMC": 2.828447229721967,
      "NUCLEAR": 2.28361181640625,
      "HERACOMB": 2.371402117161969,
      "DYE886": 3.1256724270907315,
      "CDF": 1.139028481074742,
      "D0": 3.13851318359375,
      "ATLAS": 3.8157710705773304,
      "CMS": 3.003319524949597,
      "LHCb": 2.8611786365509033,
      "total": 2.8445286750793457
    }
  },
  "3200": {
    "training_loss": 17718.435546875,
    "validation_loss": [
      7391.3466796875
    ],
    "validation_chi2s": {
      "DEUTERON": 9.532771324043843,
      "NMC": 2.448763379863664,
      "NUCLEAR": 3.5132939453125,
      "HERACOMB": 3.6429180070465685,
      "DYE886": 47.95256458629262,
      "CDF": 1.0715337480817522,
      "D0": 6.652975463867188,
      "ATLAS": 8.826758088365112,
      "CMS": 3.7353303970829135,
      "LHCb": 3.204890727996826,
      "total": 6.178890705108643
    }
  },
  "3300": {
    "training_loss": 7953.6640625,
    "validation_loss": [
      2952.513916015625
    ],
    "validation_chi2s": {
      "DEUTERON": 2.376985464523088,
      "NMC": 2.6362005495557597,
      "NUCLEAR": 2.0285997314453126,
      "HERACOMB": 2.250742195478452,
      "DYE886": 2.0526716058904473,
      "CDF": 1.158529281616211,
      "D0": 2.6570295333862304,
      "ATLAS": 3.33543266684322,
      "CMS": 3.1969582342332408,
      "LHCb": 2.3554036617279053,
      "total": 2.5000877380371094
    }
  },
  "3400": {
    "training_loss": 7793.2568359375,
    "validation_loss": [
      2972.40771484375
    ],
    "validation_chi2s": {
      "DEUTERON": 2.392610312694341,
      "NMC": 2.398242277257583,
      "NUCLEAR": 1.9910115966796875,
      "HERACOMB": 2.327120113996119,
      "DYE886": 1.8545072728937322,
      "CDF": 0.7585221018110003,
      "D0": 3.112209701538086,
      "ATLAS": 3.452419474973517,
      "CMS": 3.1534583799300657,
      "LHCb": 2.418682336807251,
      "total": 2.5167901515960693
    }
  },
  "3500": {
    "training_loss": 7788.51171875,
    "validation_loss": [
      2894.6416015625
    ],
    "validation_chi2s": {
      "DEUTERON": 2.3013988893423507,
      "NMC": 2.6360171448950673,
      "NUCLEAR": 1.962850830078125,
      "HERACOMB": 2.2425359588822507,
      "DYE886": 2.0300384868275034,
      "CDF": 0.8382665770394462,
      "D0": 2.654183006286621,
      "ATLAS": 3.308256160067973,
      "CMS": 3.0370057629000757,
      "LHCb": 2.513618230819702,
      "total": 2.4522061347961426
    }
  },
  "3600": {
    "training_loss": 7802.57373046875,
    "validation_loss": [
      2924.33984375
    ],
    "validation_chi2s": {
      "DEUTERON": 2.3074056900555813,
      "NMC": 2.5509808110255823,
      "NUCLEAR": 1.9658638916015625,
      "HERACOMB": 2.2837666031581905,
      "DYE886": 2.032917196100408,
      "CDF": 0.6977555411202567,
      "D0": 2.7895891189575197,
      "ATLAS": 3.406157585187147,
      "CMS": 3.0391702959614415,
      "LHCb": 2.55049991607666,
      "total": 2.4771645069122314
    }
  },
  "3700": {
    "training_loss": 7782.82421875,
    "validation_loss": [
      2918.467041015625
    ],
    "validation_chi2s": {
      "DEUTERON": 2.3054455809332244,
      "NMC": 2.5464848537071076,
      "NUCLEAR": 1.9665274658203125,
      "HERACOMB": 2.275247411790237,
      "DYE886": 1.977970296686346,
      "CDF": 0.6702230998447963,
      "D0": 2.8062021255493166,
      "ATLAS": 3.4403127896583685,
      "CMS": 2.9890628937752015,
      "LHCb": 2.5195558071136475,
      "total": 2.4725396633148193
    }
  },
  "3800": {
    "training_loss": 7765.55322265625,
    "validation_loss": [
      2947.9912109375
    ],
    "validation_chi2s": {
      "DEUTERON": 2.334376548653218,
      "NMC": 2.4332199096679688,
      "NUCLEAR": 1.9738680419921875,
      "HERACOMB": 2.3127575045317608,
      "DYE886": 1.9636797471479936,
      "CDF": 0.6458027022225517,
      "D0": 2.9902023315429687,
      "ATLAS": 3.457836086467161,
      "CMS": 3.0990947600333922,
      "LHCb": 2.450862407684326,
      "total": 2.497330904006958
    }
  },
  "3900": {
    "training_loss": 30659.53125,
    "validation_loss": [
      18409.34765625
    ],
    "validation_chi2s": {
      "DEUTERON": 56.64047924440298,
      "NMC": 2.196528565649893,
      "NUCLEAR": 3.993223876953125,
      "HERACOMB": 3.1975484611162175,
      "DYE886": 75.79067160866477,
      "CDF": 3.274211883544922,
      "D0": 19.790794372558594,
      "ATLAS": 5.156583451955332,
      "CMS": 9.24201423891129,
      "LHCb": 26.701766967773438,
      "total": 15.48721981048584
    }
  },
  "4000": {
    "training_loss": 21169.1015625,
    "validation_loss": [
      7349.88525390625
    ],
    "validation_chi2s": {
      "DEUTERON": 7.5379377526430345,
      "NMC": 2.6770453359566484,
      "NUCLEAR": 3.987797119140625,
      "HERACOMB": 3.9115788079554736,
      "DYE886": 45.54119595614347,
      "CDF": 2.497739791870117,
      "D0": 4.271832275390625,
      "ATLAS": 6.307219941737288,
      "CMS": 5.9800410116872476,
      "LHCb": 15.451569557189941,
      "total": 6.152550220489502
    }
  },
  "4100": {
    "training_loss": 7763.96484375,
    "validation_loss": [
      2946.673095703125
    ],
    "validation_chi2s": {
      "DEUTERON": 2.388534469984064,
      "NMC": 2.42724983364928,
      "NUCLEAR": 1.9694854736328125,
      "HERACOMB": 2.290071973613664,
      "DYE886": 1.8653890436345881,
      "CDF": 0.7501179831368583,
      "D0": 3.103647232055664,
      "ATLAS": 3.3576753260725636,
      "CMS": 3.2063192552135837,
      "LHCb": 2.4633519649505615,
      "total": 2.495816707611084
    }
  },
  "4200": {
    "training_loss": 7769.24658203125,
    "validation_loss": [
      2916.1826171875
    ],
    "validation_chi2s": {
      "DEUTERON": 2.3074134333216727,
      "NMC": 2.584863400926777,
      "NUCLEAR": 1.9633555908203124,
      "HERACOMB": 2.278011346954146,
      "DYE886": 2.0148204456676138,
      "CDF": 0.6848211288452148,
      "D0": 2.7331716537475588,
      "ATLAS": 3.3947947011829096,
      "CMS": 3.0201113300938762,
      "LHCb": 2.499931573867798,
      "total": 2.4706358909606934
    }
  },
  "4300": {
    "training_loss": 7770.53857421875,
    "validation_loss": [
      2901.39453125
    ],
    "validation_chi2s": {
      "DEUTERON": 2.3083401959926926,
      "NMC": 2.583056281594669,
      "NUCLEAR": 1.9566844482421875,
      "HERACOMB": 2.2478719474443425,
      "DYE886": 2.015818162397905,
      "CDF": 0.7137983185904366,
      "D0": 2.7607963562011717,
      "ATLAS": 3.356397380936617,
      "CMS": 3.0354776690083165,
      "LHCb": 2.5188002586364746,
      "total": 2.458277702331543
    }
  },
  "4400": {
    "training_loss": 7747.32568359375,
    "validation_loss": [
      2897.888916015625
    ],
    "validation_chi2s": {
      "DEUTERON": 2.330376620316387,
      "NMC": 2.574658562155331,
      "NUCLEAR": 1.9532447509765625,
      "HERACOMB": 2.2334979686861725,
      "DYE886": 1.8282947540283203,
      "CDF": 0.8421805245535714,
      "D0": 2.80163631439209,
      "ATLAS": 3.249900343727931,
      "CMS": 3.1735773394184728,
      "LHCb": 2.5774669647216797,
      "total": 2.4549524784088135
    }
  },
  "4500": {
    "training_loss": 7772.50537109375,
    "validation_loss": [
      2925.2861328125
    ],
    "validation_chi2s": {
      "DEUTERON": 2.344994388409515,
      "NMC": 2.5271023021024814,
      "NUCLEAR": 1.9635733642578126,
      "HERACOMB": 2.275979833665237,
      "DYE886": 1.9948824102228337,
      "CDF": 0.6822537694658551,
      "D0": 2.8733194351196287,
      "ATLAS": 3.3559946178716453,
      "CMS": 3.1016380556168093,
      "LHCb": 2.523414373397827,
      "total": 2.4782447814941406
    }
  },
  "4600": {
    "training_loss": 7749.4384765625,
    "validation_loss": [
      2930.96142578125
    ],
    "validation_chi2s": {
      "DEUTERON": 2.318393991954291,
      "NMC": 2.5604511335784315,
      "NUCLEAR": 1.967507568359375,
      "HERACOMB": 2.2849773332184435,
      "DYE886": 2.0680937333540483,
      "CDF": 0.6309361457824707,
      "D0": 2.7836013793945313,
      "ATLAS": 3.4734162583862993,
      "CMS": 2.9852981567382812,
      "LHCb": 2.499326467514038,
      "total": 2.4833569526672363
    }
  },
  "4700": {
    "training_loss": 7759.14697265625,
    "validation_loss": [
      2921.45849609375
    ],
    "validation_chi2s": {
      "DEUTERON": 2.331639076346782,
      "NMC": 2.5000695621266082,
      "NUCLEAR": 1.9682696533203126,
      "HERACOMB": 2.276870627808415,
      "DYE886": 1.913389726118608,
      "CDF": 0.7062149047851562,
      "D0": 2.833412742614746,
      "ATLAS": 3.3639674644685735,
      "CMS": 3.1054776099420365,
      "LHCb": 2.494039297103882,
      "total": 2.4751152992248535
    }
  },
  "4800": {
    "training_loss": 7736.1005859375,
    "validation_loss": [
      2962.77490234375
    ],
    "validation_chi2s": {
      "DEUTERON": 2.4356545215815455,
      "NMC": 2.4357391058229934,
      "NUCLEAR": 1.974312255859375,
      "HERACOMB": 2.298019109987745,
      "DYE886": 1.9297665682705967,
      "CDF": 0.6740352766854423,
      "D0": 3.0452123641967774,
      "ATLAS": 3.3943712482344632,
      "CMS": 3.164245113249748,
      "LHCb": 2.505754232406616,
      "total": 2.5097804069519043
    }
  },
  "4900": {
    "training_loss": 7737.41162109375,
    "validation_loss": [
      2891.80419921875
    ],
    "validation_chi2s": {
      "DEUTERON": 2.3344568660603233,
      "NMC": 2.6708502675972734,
      "NUCLEAR": 1.9534525146484376,
      "HERACOMB": 2.213002722247753,
      "DYE886": 1.974165829745206,
      "CDF": 0.7694805009024483,
      "D0": 2.722970390319824,
      "ATLAS": 3.2779534118997176,
      "CMS": 3.0816091722057712,
      "LHCb": 2.557244062423706,
      "total": 2.450150728225708
    }
  },
  "5000": {
    "training_loss": 7738.939453125,
    "validation_loss": [
      2911.31494140625
    ],
    "validation_chi2s": {
      "DEUTERON": 2.3208557432563746,
      "NMC": 2.5851003609451593,
      "NUCLEAR": 1.976734375,
      "HERACOMB": 2.257477205563215,
      "DYE886": 1.9912745735862039,
      "CDF": 0.7445562907627651,
      "D0": 2.6278966903686523,
      "ATLAS": 3.3403927215748586,
      "CMS": 3.057797339654738,
      "LHCb": 2.5538272857666016,
      "total": 2.4667301177978516
    }
  },
  "5100": {
    "training_loss": 7746.271484375,
    "validation_loss": [
      2910.21533203125
    ],
    "validation_chi2s": {
      "DEUTERON": 2.336340757151741,
      "NMC": 2.6047429103477326,
      "NUCLEAR": 1.955444091796875,
      "HERACOMB": 2.2520213407628678,
      "DYE886": 2.0424796017733486,
      "CDF": 0.735137803213937,
      "D0": 2.7507806777954102,
      "ATLAS": 3.319432490289548,
      "CMS": 3.0702531876102572,
      "LHCb": 2.6059234142303467,
      "total": 2.4658091068267822
    }
  },
  "5200": {
    "training_loss": 7735.8916015625,
    "validation_loss": [
      2936.37939453125
    ],
    "validation_chi2s": {
      "DEUTERON": 2.382224011777052,
      "NMC": 2.4536381141812194,
      "NUCLEAR": 1.9725914306640624,
      "HERACOMB": 2.2738846922232434,
      "DYE886": 1.9148292541503906,
      "CDF": 0.7242195946829659,
      "D0": 2.946910095214844,
      "ATLAS": 3.352365957141596,
      "CMS": 3.1586104362241683,
      "LHCb": 2.5258395671844482,
      "total": 2.4876673221588135
    }
  },
  "5300": {
    "training_loss": 7735.07958984375,
    "validation_loss": [
      2935.212158203125
    ],
    "validation_chi2s": {
      "DEUTERON": 2.340517414149953,
      "NMC": 2.4478128470626532,
      "NUCLEAR": 1.97715234375,
      "HERACOMB": 2.284607133055045,
      "DYE886": 1.979282552545721,
      "CDF": 0.7239039284842355,
      "D0": 2.918800926208496,
      "ATLAS": 3.36085087835452,
      "CMS": 3.1605702061806955,
      "LHCb": 2.538438320159912,
      "total": 2.486840009689331
    }
  },
  "5400": {
    "training_loss": 7757.4453125,
    "validation_loss": [
      2913.154296875
    ],
    "validation_chi2s": {
      "DEUTERON": 2.332963478505908,
      "NMC": 2.5125409294577206,
      "NUCLEAR": 1.959919189453125,
      "HERACOMB": 2.263931972528595,
      "DYE886": 1.888026844371449,
      "CDF": 0.7592244148254395,
      "D0": 2.8640092849731444,
      "ATLAS": 3.3085916810116527,
      "CMS": 3.1445425710370465,
      "LHCb": 2.5503931045532227,
      "total": 2.4681832790374756
    }
  },
  "5500": {
    "training_loss": 7736.142578125,
    "validation_loss": [
      2900.79931640625
    ],
    "validation_chi2s": {
      "DEUTERON": 2.32533104739972,
      "NMC": 2.64140349743413,
      "NUCLEAR": 1.950509765625,
      "HERACOMB": 2.235738716873468,
      "DYE886": 2.001737421209162,
      "CDF": 0.7208991731916156,
      "D0": 2.769700813293457,
      "ATLAS": 3.327504993158545,
      "CMS": 3.050476566437752,
      "LHCb": 2.5765767097473145,
      "total": 2.4579036235809326
    }
  },
  "5600": {
    "training_loss": 7732.32177734375,
    "validation_loss": [
      2903.6083984375
    ],
    "validation_chi2s": {
      "DEUTERON": 2.3198907197411383,
      "NMC": 2.6212469362745097,
      "NUCLEAR": 1.9543583984375,
      "HERACOMB": 2.231625625510621,
      "DYE886": 2.0252822529185903,
      "CDF": 0.7083499772208077,
      "D0": 2.8987045288085938,
      "ATLAS": 3.3301650225105934,
      "CMS": 3.0539223455613658,
      "LHCb": 2.6590147018432617,
      "total": 2.460308790206909
    }
  },
  "5700": {
    "training_loss": 7734.251953125,
    "validation_loss": [
      2937.70458984375
    ],
    "validation_chi2s": {
      "DEUTERON": 2.3485029989214086,
      "NMC": 2.4736043892654718,
      "NUCLEAR": 1.972667236328125,
      "HERACOMB": 2.292166915594363,
      "DYE886": 1.992142764004794,
      "CDF": 0.7021521159580776,
      "D0": 2.9552743911743162,
      "ATLAS": 3.3621853758386298,
      "CMS": 3.1363116848853325,
      "LHCb": 2.5610547065734863,
      "total": 2.489009380340576
    }
  },
  "5800": {
    "training_loss": 7739.623046875,
    "validation_loss": [
      2935.66943359375
    ],
    "validation_chi2s": {
      "DEUTERON": 2.3265673888856497,
      "NMC": 2.476682326372932,
      "NUCLEAR": 1.9669625244140625,
      "HERACOMB": 2.3048835704529207,
      "DYE886": 2.0269955721768467,
      "CDF": 0.6859261648995536,
      "D0": 2.9221391677856445,
      "ATLAS": 3.3682344081038136,
      "CMS": 3.1226208594537552,
      "LHCb": 2.5625903606414795,
      "total": 2.4872782230377197
    }
  },
  "5900": {
    "training_loss": 7757.26708984375,
    "validation_loss": [
      2934.864013671875
    ],
    "validation_chi2s": {
      "DEUTERON": 2.336558935061023,
      "NMC": 2.4990668203316484,
      "NUCLEAR": 1.967638427734375,
      "HERACOMB": 2.302323085809845,
      "DYE886": 1.976807334206321,
      "CDF": 0.6756865637642997,
      "D0": 2.9286542892456056,
      "ATLAS": 3.4003278656867937,
      "CMS": 3.0650307439988658,
      "LHCb": 2.542231321334839,
      "total": 2.4866950511932373
    }
  },
  "6000": {
    "training_loss": 7742.349609375,
    "validation_loss": [
      2902.878173828125
    ],
    "validation_chi2s": {
      "DEUTERON": 2.315443200258473,
      "NMC": 2.6301350313074447,
      "NUCLEAR": 1.9524356689453124,
      "HERACOMB": 2.2365948047513275,
      "DYE886": 2.0521269711581143,
      "CDF": 0.6809317725045341,
      "D0": 2.8604116439819336,
      "ATLAS": 3.3553208173331566,
      "CMS": 3.0212796118951615,
      "LHCb": 2.6078202724456787,
      "total": 2.459784746170044
    }
  },
  "6100": {
    "training_loss": 7739.1220703125,
    "validation_loss": [
      2922.861328125
    ],
    "validation_chi2s": {
      "DEUTERON": 2.336901460714008,
      "NMC": 2.593443328259038,
      "NUCLEAR": 1.9533878173828125,
      "HERACOMB": 2.273260577831393,
      "DYE886": 2.096559697931463,
      "CDF": 0.6293478012084961,
      "D0": 2.886861801147461,
      "ATLAS": 3.372099967999647,
      "CMS": 3.045198009860131,
      "LHCb": 2.5837483406066895,
      "total": 2.4766881465911865
    }
  },
  "6200": {
    "training_loss": 7720.77490234375,
    "validation_loss": [
      2907.2890625
    ],
    "validation_chi2s": {
      "DEUTERON": 2.3279646688432836,
      "NMC": 2.6225463268803617,
      "NUCLEAR": 1.9625682373046875,
      "HERACOMB": 2.238085578469669,
      "DYE886": 1.9842761646617542,
      "CDF": 0.7461718150547573,
      "D0": 2.773973846435547,
      "ATLAS": 3.2764485677083335,
      "CMS": 3.141392369424143,
      "LHCb": 2.6055057048797607,
      "total": 2.4632408618927
    }
  },
  "6300": {
    "training_loss": 7726.08935546875,
    "validation_loss": [
      2936.2861328125
    ],
    "validation_chi2s": {
      "DEUTERON": 2.34522850833722,
      "NMC": 2.4818351596009496,
      "NUCLEAR": 1.9686334228515625,
      "HERACOMB": 2.291220870672488,
      "DYE886": 1.9643839055841619,
      "CDF": 0.6426136153084892,
      "D0": 3.074383354187012,
      "ATLAS": 3.37371826171875,
      "CMS": 3.120814169606855,
      "LHCb": 2.5629501342773438,
      "total": 2.4879987239837646
    }
  },
  "6400": {
    "training_loss": 7768.1318359375,
    "validation_loss": [
      2952.120849609375
    ],
    "validation_chi2s": {
      "DEUTERON": 2.3309761920378578,
      "NMC": 2.48993293911803,
      "NUCLEAR": 1.9785040283203126,
      "HERACOMB": 2.309537201925041,
      "DYE886": 2.127106406471946,
      "CDF": 0.5698573248726981,
      "D0": 2.9965152740478516,
      "ATLAS": 3.473153152034781,
      "CMS": 3.051390617124496,
      "LHCb": 2.530968427658081,
      "total": 2.5014572143554688
    }
  },
  "6500": {
    "training_loss": 7712.83642578125,
    "validation_loss": [
      2941.0400390625
    ],
    "validation_chi2s": {
      "DEUTERON": 2.338876752711054,
      "NMC": 2.4582479140337776,
      "NUCLEAR": 1.9754130859375,
      "HERACOMB": 2.2967537275326797,
      "DYE886": 2.06151684847745,
      "CDF": 0.6318028994968959,
      "D0": 3.1218145370483397,
      "ATLAS": 3.3424999862067444,
      "CMS": 3.169709728610131,
      "LHCb": 2.5767822265625,
      "total": 2.4917478561401367
    }
  },
  "6600": {
    "training_loss": 7710.1494140625,
    "validation_loss": [
      2920.1337890625
    ],
    "validation_chi2s": {
      "DEUTERON": 2.344722614952581,
      "NMC": 2.493112601485907,
      "NUCLEAR": 1.958369873046875,
      "HERACOMB": 2.2572071349698732,
      "DYE886": 1.843794215809215,
      "CDF": 0.703965323311942,
      "D0": 3.104115676879883,
      "ATLAS": 3.315084856108757,
      "CMS": 3.1813440630512853,
      "LHCb": 2.6011734008789062,
      "total": 2.474374771118164
    }
  },
  "6700": {
    "training_loss": 7714.12353515625,
    "validation_loss": [
      2924.92041015625
    ],
    "validation_chi2s": {
      "DEUTERON": 2.331815349521922,
      "NMC": 2.5011369293811274,
      "NUCLEAR": 1.9677603759765625,
      "HERACOMB": 2.2785082050398286,
      "DYE886": 1.9262169924649326,
      "CDF": 0.6596087728227887,
      "D0": 2.9599849700927736,
      "ATLAS": 3.3590718932070973,
      "CMS": 3.1133750177198842,
      "LHCb": 2.561845302581787,
      "total": 2.478477716445923
    }
  },
  "6800": {
    "training_loss": 7702.05712890625,
    "validation_loss": [
      2907.51171875
    ],
    "validation_chi2s": {
      "DEUTERON": 2.3239878184759797,
      "NMC": 2.590769150677849,
      "NUCLEAR": 1.9567242431640626,
      "HERACOMB": 2.2536078559027777,
      "DYE886": 1.8612618879838423,
      "CDF": 0.6944409097943988,
      "D0": 2.831886863708496,
      "ATLAS": 3.340124787583863,
      "CMS": 3.0629681002709175,
      "LHCb": 2.628049612045288,
      "total": 2.463789463043213
    }
  },
  "6900": {
    "training_loss": 7702.99853515625,
    "validation_loss": [
      2926.142822265625
    ],
    "validation_chi2s": {
      "DEUTERON": 2.3355987700656873,
      "NMC": 2.5012860765644147,
      "NUCLEAR": 1.9674586181640625,
      "HERACOMB": 2.271905238332312,
      "DYE886": 1.9366430802778765,
      "CDF": 0.6472979954310826,
      "D0": 2.9844974517822265,
      "ATLAS": 3.3807200631179377,
      "CMS": 3.102391396799395,
      "LHCb": 2.5549910068511963,
      "total": 2.479588747024536
    }
  },
  "7000": {
    "training_loss": 7686.82568359375,
    "validation_loss": [
      2949.18505859375
    ],
    "validation_chi2s": {
      "DEUTERON": 2.377244939851524,
      "NMC": 2.4618557200712314,
      "NUCLEAR": 1.976229248046875,
      "HERACOMB": 2.2820300931244892,
      "DYE886": 1.971094998446378,
      "CDF": 0.5795643670218331,
      "D0": 3.184878349304199,
      "ATLAS": 3.4367793023923023,
      "CMS": 3.1032097108902468,
      "LHCb": 2.5253396034240723,
      "total": 2.499091625213623
    }
  },
  "7100": {
    "training_loss": 7689.0654296875,
    "validation_loss": [
      2909.615234375
    ],
    "validation_chi2s": {
      "DEUTERON": 2.3493558209926926,
      "NMC": 2.5834147135416665,
      "NUCLEAR": 1.9607847900390625,
      "HERACOMB": 2.2508253708384394,
      "DYE886": 2.048651088367809,
      "CDF": 0.6261019025530133,
      "D0": 2.8705232620239256,
      "ATLAS": 3.336984063272422,
      "CMS": 3.0179603330550657,
      "LHCb": 2.6095592975616455,
      "total": 2.465644598007202
    }
  },
  "7200": {
    "training_loss": 7705.8662109375,
    "validation_loss": [
      2909.798583984375
    ],
    "validation_chi2s": {
      "DEUTERON": 2.3385436404403763,
      "NMC": 2.5043661080154718,
      "NUCLEAR": 1.9644776611328125,
      "HERACOMB": 2.2523755840226714,
      "DYE886": 1.9205192219127307,
      "CDF": 0.6414615086146763,
      "D0": 2.9480331420898436,
      "ATLAS": 3.3732196355270125,
      "CMS": 3.0392593876008065,
      "LHCb": 2.5439107418060303,
      "total": 2.465823173522949
    }
  },
  "7300": {
    "training_loss": 7694.3642578125,
    "validation_loss": [
      2909.43359375
    ],
    "validation_chi2s": {
      "DEUTERON": 2.356268735667366,
      "NMC": 2.551766189874387,
      "NUCLEAR": 1.96026513671875,
      "HERACOMB": 2.2443678114149304,
      "DYE886": 2.045758507468484,
      "CDF": 0.6355390548706055,
      "D0": 2.9081581115722654,
      "ATLAS": 3.34498173772952,
      "CMS": 3.0215870026619203,
      "LHCb": 2.607938051223755,
      "total": 2.4655277729034424
    }
  },
  "7400": {
    "training_loss": 7706.85009765625,
    "validation_loss": [
      2899.613037109375
    ],
    "validation_chi2s": {
      "DEUTERON": 2.3370044006043997,
      "NMC": 2.55720490100337,
      "NUCLEAR": 1.967868896484375,
      "HERACOMB": 2.2162242216222428,
      "DYE886": 1.9325370788574219,
      "CDF": 0.648883615221296,
      "D0": 2.8139293670654295,
      "ATLAS": 3.4026337532000355,
      "CMS": 2.9842910766601562,
      "LHCb": 2.5543947219848633,
      "total": 2.457240104675293
    }
  },
  "7500": {
    "training_loss": 7688.26806640625,
    "validation_loss": [
      2908.6884765625
    ],
    "validation_chi2s": {
      "DEUTERON": 2.354906983636505,
      "NMC": 2.5745463651769303,
      "NUCLEAR": 1.9600650634765624,
      "HERACOMB": 2.2431528926674837,
      "DYE886": 1.9297096946022727,
      "CDF": 0.654259477342878,
      "D0": 2.811728858947754,
      "ATLAS": 3.3644698838056146,
      "CMS": 3.025264616935484,
      "LHCb": 2.554377555847168,
      "total": 2.4649102687835693
    }
  },
  "7600": {
    "training_loss": 7728.92529296875,
    "validation_loss": [
      2935.38232421875
    ],
    "validation_chi2s": {
      "DEUTERON": 2.354823477825715,
      "NMC": 2.5225396249808516,
      "NUCLEAR": 1.9699970703125,
      "HERACOMB": 2.2607354058159723,
      "DYE886": 2.147633292458274,
      "CDF": 0.5465631484985352,
      "D0": 2.9095279693603517,
      "ATLAS": 3.5384186997925493,
      "CMS": 2.913658880418347,
      "LHCb": 2.5409908294677734,
      "total": 2.4875662326812744
    }
  },
  "7700": {
    "training_loss": 7798.92236328125,
    "validation_loss": [
      2954.97119140625
    ],
    "validation_chi2s": {
      "DEUTERON": 2.368255918891869,
      "NMC": 2.4707228716681984,
      "NUCLEAR": 1.9842435302734376,
      "HERACOMB": 2.3002915725209356,
      "DYE886": 2.1454878720370205,
      "CDF": 0.5650264876229423,
      "D0": 2.930306816101074,
      "ATLAS": 3.498286532816914,
      "CMS": 2.9953519759639615,
      "LHCb": 2.5436923503875732,
      "total": 2.503774404525757
    }
  },
  "7800": {
    "training_loss": 7669.8857421875,
    "validation_loss": [
      2938.406005859375
    ],
    "validation_chi2s": {
      "DEUTERON": 2.426054389915656,
      "NMC": 2.473483964508655,
      "NUCLEAR": 1.9724798583984375,
      "HERACOMB": 2.268667183670343,
      "DYE886": 1.8463238802823154,
      "CDF": 0.7687029157366071,
      "D0": 2.9628252029418944,
      "ATLAS": 3.2838372699284957,
      "CMS": 3.1841620168378277,
      "LHCb": 2.6615729331970215,
      "total": 2.4898226261138916
    }
  },
  "7900": {
    "training_loss": 7698.06494140625,
    "validation_loss": [
      2912.0068359375
    ],
    "validation_chi2s": {
      "DEUTERON": 2.3669334905064523,
      "NMC": 2.5586125990923714,
      "NUCLEAR": 1.9606622314453126,
      "HERACOMB": 2.2456044714435253,
      "DYE886": 1.9918126192959873,
      "CDF": 0.6179346357073102,
      "D0": 2.857838821411133,
      "ATLAS": 3.3792507365598516,
      "CMS": 2.9925386982579387,
      "LHCb": 2.5763018131256104,
      "total": 2.467738151550293
    }
  },
  "8000": {
    "training_loss": 7674.9775390625,
    "validation_loss": [
      2909.95556640625
    ],
    "validation_chi2s": {
      "DEUTERON": 2.3630434861823693,
      "NMC": 2.5922037760416665,
      "NUCLEAR": 1.95593701171875,
      "HERACOMB": 2.2558180865119484,
      "DYE886": 1.9183680794455789,
      "CDF": 0.7945833206176758,
      "D0": 2.664775848388672,
      "ATLAS": 3.305962341653425,
      "CMS": 3.0514964442099295,
      "LHCb": 2.670877456665039,
      "total": 2.465984344482422
    }
  },
  "8100": {
    "training_loss": 7698.69140625,
    "validation_loss": [
      2909.76611328125
    ],
    "validation_chi2s": {
      "DEUTERON": 2.383108110570196,
      "NMC": 2.5215861002604165,
      "NUCLEAR": 1.9626597900390625,
      "HERACOMB": 2.239648557176777,
      "DYE886": 1.9945592013272373,
      "CDF": 0.6163328034537179,
      "D0": 2.9223941802978515,
      "ATLAS": 3.345280361714336,
      "CMS": 3.0199931975333922,
      "LHCb": 2.5642433166503906,
      "total": 2.465823173522949
    }
  },
  "8200": {
    "training_loss": 7674.0625,
    "validation_loss": [
      2942.911376953125
    ],
    "validation_chi2s": {
      "DEUTERON": 2.410381108374145,
      "NMC": 2.4262960097369026,
      "NUCLEAR": 1.965336181640625,
      "HERACOMB": 2.283388624004289,
      "DYE886": 1.7828651775013318,
      "CDF": 0.6772706168038505,
      "D0": 3.0715394973754884,
      "ATLAS": 3.394722976253531,
      "CMS": 3.1104300714308217,
      "LHCb": 2.5940630435943604,
      "total": 2.4936671257019043
    }
  },
  "8300": {
    "training_loss": 7716.896484375,
    "validation_loss": [
      2914.042236328125
    ],
    "validation_chi2s": {
      "DEUTERON": 2.3710375733636506,
      "NMC": 2.513013951918658,
      "NUCLEAR": 1.961521484375,
      "HERACOMB": 2.2634881711473653,
      "DYE886": 1.920567599209872,
      "CDF": 0.6655468259538923,
      "D0": 2.828245735168457,
      "ATLAS": 3.3848387292549433,
      "CMS": 2.9804246963993197,
      "LHCb": 2.573298454284668,
      "total": 2.469473123550415
    }
  },
  "8400": {
    "training_loss": 7692.30126953125,
    "validation_loss": [
      2929.457275390625
    ],
    "validation_chi2s": {
      "DEUTERON": 2.392181396484375,
      "NMC": 2.48320037243413,
      "NUCLEAR": 1.9609705810546876,
      "HERACOMB": 2.2654462826797386,
      "DYE886": 1.8396817987615413,
      "CDF": 0.68057952608381,
      "D0": 2.997219467163086,
      "ATLAS": 3.3812759313206215,
      "CMS": 3.0765782017861643,
      "LHCb": 2.5960564613342285,
      "total": 2.482377290725708
    }
  },
  "8500": {
    "training_loss": 7715.10009765625,
    "validation_loss": [
      2909.015625
    ],
    "validation_chi2s": {
      "DEUTERON": 2.3955498690628887,
      "NMC": 2.5884701597924327,
      "NUCLEAR": 1.9596646728515625,
      "HERACOMB": 2.222452400556577,
      "DYE886": 1.860699393532493,
      "CDF": 0.6420846666608538,
      "D0": 2.8631031036376955,
      "ATLAS": 3.415948038047316,
      "CMS": 2.936856669764365,
      "LHCb": 2.581789255142212,
      "total": 2.465233325958252
    }
  },
  "8600": {
    "training_loss": 7692.2294921875,
    "validation_loss": [
      2932.78271484375
    ],
    "validation_chi2s": {
      "DEUTERON": 2.454753666967895,
      "NMC": 2.4775960585650276,
      "NUCLEAR": 1.9606507568359375,
      "HERACOMB": 2.2663867426853552,
      "DYE886": 1.6494001908735796,
      "CDF": 0.7520814623151507,
      "D0": 2.949553680419922,
      "ATLAS": 3.3388733944650424,
      "CMS": 3.08807865265877,
      "LHCb": 2.633310317993164,
      "total": 2.4853007793426514
    }
  },
  "8700": {
    "training_loss": 7697.55615234375,
    "validation_loss": [
      2916.26611328125
    ],
    "validation_chi2s": {
      "DEUTERON": 2.4151826924945583,
      "NMC": 2.463411667767693,
      "NUCLEAR": 1.9589200439453125,
      "HERACOMB": 2.2418899037479574,
      "DYE886": 1.613459673794833,
      "CDF": 0.7333716664995465,
      "D0": 3.174037742614746,
      "ATLAS": 3.338923739848164,
      "CMS": 3.0835760793378277,
      "LHCb": 2.6116385459899902,
      "total": 2.4712960720062256
    }
  },
  "8800": {
    "training_loss": 8273.85009765625,
    "validation_loss": [
      2974.13671875
    ],
    "validation_chi2s": {
      "DEUTERON": 2.413642389857354,
      "NMC": 2.468071283078661,
      "NUCLEAR": 1.988729736328125,
      "HERACOMB": 2.2785662482766544,
      "DYE886": 1.9648768685080789,
      "CDF": 0.5781352860586983,
      "D0": 3.0350013732910157,
      "ATLAS": 3.549733997064795,
      "CMS": 3.0483541181010585,
      "LHCb": 2.645364999771118,
      "total": 2.5203492641448975
    }
  },
  "8900": {
    "training_loss": 7706.83935546875,
    "validation_loss": [
      2896.63427734375
    ],
    "validation_chi2s": {
      "DEUTERON": 2.394563437694341,
      "NMC": 2.61402863147212,
      "NUCLEAR": 1.9586300048828125,
      "HERACOMB": 2.2011728723064747,
      "DYE886": 1.9751080599698154,
      "CDF": 0.6555249350411552,
      "D0": 2.797326850891113,
      "ATLAS": 3.3592412054201977,
      "CMS": 2.9493459886120212,
      "LHCb": 2.576133966445923,
      "total": 2.4547407627105713
    }
  },
  "9000": {
    "training_loss": 7693.2587890625,
    "validation_loss": [
      2919.318359375
    ],
    "validation_chi2s": {
      "DEUTERON": 2.4384644162002487,
      "NMC": 2.494267781575521,
      "NUCLEAR": 1.970651123046875,
      "HERACOMB": 2.220080805759804,
      "DYE886": 1.8231405778364702,
      "CDF": 0.7076581546238491,
      "D0": 3.0598276138305662,
      "ATLAS": 3.332419874977931,
      "CMS": 3.0823947537329888,
      "LHCb": 2.568415880203247,
      "total": 2.473942279815674
    }
  },
  "9100": {
    "training_loss": 7689.3818359375,
    "validation_loss": [
      2924.74609375
    ],
    "validation_chi2s": {
      "DEUTERON": 2.3906075396941078,
      "NMC": 2.452235053567325,
      "NUCLEAR": 1.9725174560546874,
      "HERACOMB": 2.262734207452512,
      "DYE886": 1.7985992431640625,
      "CDF": 0.6886696815490723,
      "D0": 3.0406448364257814,
      "ATLAS": 3.344284833487818,
      "CMS": 3.0948360812279487,
      "LHCb": 2.595447063446045,
      "total": 2.478517770767212
    }
  },
  "9200": {
    "training_loss": 7685.62353515625,
    "validation_loss": [
      2935.29345703125
    ],
    "validation_chi2s": {
      "DEUTERON": 2.3975254647174284,
      "NMC": 2.454548405665977,
      "NUCLEAR": 1.9836766357421876,
      "HERACOMB": 2.259275149675756,
      "DYE886": 1.8419605601917615,
      "CDF": 0.7074543407985142,
      "D0": 3.0577526092529297,
      "ATLAS": 3.3410751428981285,
      "CMS": 3.1487763927828882,
      "LHCb": 2.5906989574432373,
      "total": 2.4873862266540527
    }
  },
  "9300": {
    "training_loss": 7694.7978515625,
    "validation_loss": [
      2937.6025390625
    ],
    "validation_chi2s": {
      "DEUTERON": 2.3732305877837376,
      "NMC": 2.5771861356847428,
      "NUCLEAR": 1.97712353515625,
      "HERACOMB": 2.2666376649943833,
      "DYE886": 1.9731384624134412,
      "CDF": 0.6866550445556641,
      "D0": 2.73986930847168,
      "ATLAS": 3.423681571658722,
      "CMS": 3.0334608016475553,
      "LHCb": 2.60825777053833,
      "total": 2.4894468784332275
    }
  },
  "9400": {
    "training_loss": 7680.7666015625,
    "validation_loss": [
      2911.8271484375
    ],
    "validation_chi2s": {
      "DEUTERON": 2.3568973066794934,
      "NMC": 2.5751668892654718,
      "NUCLEAR": 1.975347900390625,
      "HERACOMB": 2.2480229396446076,
      "DYE886": 1.911258177323775,
      "CDF": 0.7445242745535714,
      "D0": 2.7273345947265626,
      "ATLAS": 3.35450873940678,
      "CMS": 2.999024421938004,
      "LHCb": 2.6501595973968506,
      "total": 2.4675989151000977
    }
  },
  "9500": {
    "training_loss": 7689.33349609375,
    "validation_loss": [
      2912.3974609375
    ],
    "validation_chi2s": {
      "DEUTERON": 2.368752550722948,
      "NMC": 2.4585640103209254,
      "NUCLEAR": 1.991214111328125,
      "HERACOMB": 2.2366556404462825,
      "DYE886": 1.8274555206298828,
      "CDF": 0.7118307522365025,
      "D0": 2.951142692565918,
      "ATLAS": 3.3407854845294844,
      "CMS": 3.0775532876291583,
      "LHCb": 2.52927827835083,
      "total": 2.468048334121704
    }
  },
  "9600": {
    "training_loss": 9550.27001953125,
    "validation_loss": [
      2954.271484375
    ],
    "validation_chi2s": {
      "DEUTERON": 2.408157424547186,
      "NMC": 2.475443222943474,
      "NUCLEAR": 2.005127685546875,
      "HERACOMB": 2.2621633492264093,
      "DYE886": 1.9696355299516157,
      "CDF": 0.5811700820922852,
      "D0": 3.0208965301513673,
      "ATLAS": 3.4693906967249295,
      "CMS": 3.0536297213646675,
      "LHCb": 2.502545118331909,
      "total": 2.5035712718963623
    }
  },
  "9700": {
    "training_loss": 9187.1796875,
    "validation_loss": [
      2931.3017578125
    ],
    "validation_chi2s": {
      "DEUTERON": 2.388065774642413,
      "NMC": 2.4676435881969976,
      "NUCLEAR": 1.9970560302734375,
      "HERACOMB": 2.2454570695465685,
      "DYE886": 1.9026986902410334,
      "CDF": 0.5934202330453056,
      "D0": 3.0910707473754884,
      "ATLAS": 3.422276728570798,
      "CMS": 3.0358328050182712,
      "LHCb": 2.4973349571228027,
      "total": 2.4841103553771973
    }
  },
  "9800": {
    "training_loss": 7698.45556640625,
    "validation_loss": [
      2905.938720703125
    ],
    "validation_chi2s": {
      "DEUTERON": 2.3577416263409514,
      "NMC": 2.6187085918351714,
      "NUCLEAR": 1.9860743408203125,
      "HERACOMB": 2.200689777050143,
      "DYE886": 1.8750742132013494,
      "CDF": 0.6113833699907575,
      "D0": 2.7548099517822267,
      "ATLAS": 3.418289443193856,
      "CMS": 2.977349558184224,
      "LHCb": 2.5376052856445312,
      "total": 2.462628126144409
    }
  },
  "9900": {
    "training_loss": 8357.1806640625,
    "validation_loss": [
      2930.461181640625
    ],
    "validation_chi2s": {
      "DEUTERON": 2.3800385887943096,
      "NMC": 2.4712409225164675,
      "NUCLEAR": 1.9953743896484375,
      "HERACOMB": 2.2364860983455883,
      "DYE886": 1.9518188129771838,
      "CDF": 0.545029878616333,
      "D0": 3.129133605957031,
      "ATLAS": 3.4230567371777894,
      "CMS": 3.0566243817729335,
      "LHCb": 2.4955363273620605,
      "total": 2.4834201335906982
    }
  },
  "10000": {
    "training_loss": 7671.05224609375,
    "validation_loss": [
      2925.24560546875
    ],
    "validation_chi2s": {
      "DEUTERON": 2.423144288324005,
      "NMC": 2.4494232476926316,
      "NUCLEAR": 1.9926165771484374,
      "HERACOMB": 2.2143351236979165,
      "DYE886": 1.8821190920743076,
      "CDF": 0.6460249083382743,
      "D0": 3.1657831192016603,
      "ATLAS": 3.28668212890625,
      "CMS": 3.1900632304529988,
      "LHCb": 2.572869300842285,
      "total": 2.478764772415161
    }
  },
  "10100": {
    "training_loss": 7681.57177734375,
    "validation_loss": [
      2915.7783203125
    ],
    "validation_chi2s": {
      "DEUTERON": 2.3931143841340172,
      "NMC": 2.483415641036688,
      "NUCLEAR": 1.9972418212890626,
      "HERACOMB": 2.1940323574091094,
      "DYE886": 1.884295030073686,
      "CDF": 0.5700615814753941,
      "D0": 3.108784484863281,
      "ATLAS": 3.3611301917814265,
      "CMS": 3.1022109985351562,
      "LHCb": 2.5397138595581055,
      "total": 2.4709763526916504
    }
  },
  "10200": {
    "training_loss": 7678.97412109375,
    "validation_loss": [
      2899.59375
    ],
    "validation_chi2s": {
      "DEUTERON": 2.3530364534748136,
      "NMC": 2.5401360006893383,
      "NUCLEAR": 1.9825406494140625,
      "HERACOMB": 2.217965319265727,
      "DYE886": 1.8837398182262073,
      "CDF": 0.6124500547136579,
      "D0": 2.893497276306152,
      "ATLAS": 3.3446079405014126,
      "CMS": 3.00994626937374,
      "LHCb": 2.589231252670288,
      "total": 2.4572784900665283
    }
  },
  "10300": {
    "training_loss": 8374.0361328125,
    "validation_loss": [
      2932.66650390625
    ],
    "validation_chi2s": {
      "DEUTERON": 2.386487211160992,
      "NMC": 2.4937992469937194,
      "NUCLEAR": 2.0001961669921875,
      "HERACOMB": 2.2382519291896448,
      "DYE886": 1.9802282506769353,
      "CDF": 0.536834853036063,
      "D0": 3.0975255966186523,
      "ATLAS": 3.4091434802039196,
      "CMS": 3.0550288538778982,
      "LHCb": 2.5095152854919434,
      "total": 2.4853103160858154
    }
  },
  "10400": {
    "training_loss": 8600.3076171875,
    "validation_loss": [
      2936.646484375
    ],
    "validation_chi2s": {
      "DEUTERON": 2.3937484209810322,
      "NMC": 2.458758784275429,
      "NUCLEAR": 2.000186767578125,
      "HERACOMB": 2.251522488064236,
      "DYE886": 1.943808295510032,
      "CDF": 0.5282020909445626,
      "D0": 3.134391021728516,
      "ATLAS": 3.4094765873278603,
      "CMS": 3.0655323151619203,
      "LHCb": 2.4888463020324707,
      "total": 2.488647699356079
    }
  },
  "10500": {
    "training_loss": 7684.3232421875,
    "validation_loss": [
      2907.552490234375
    ],
    "validation_chi2s": {
      "DEUTERON": 2.3690738203513684,
      "NMC": 2.534864537856158,
      "NUCLEAR": 1.99370849609375,
      "HERACOMB": 2.221166872510723,
      "DYE886": 1.8906881159002131,
      "CDF": 0.5497866017477853,
      "D0": 2.840771484375,
      "ATLAS": 3.3597236245365467,
      "CMS": 3.0294088548229587,
      "LHCb": 2.494246006011963,
      "total": 2.46402645111084
    }
  },
  "10600": {
    "training_loss": 7676.9501953125,
    "validation_loss": [
      2911.2138671875
    ],
    "validation_chi2s": {
      "DEUTERON": 2.367124794727534,
      "NMC": 2.5125899969362746,
      "NUCLEAR": 1.9904825439453124,
      "HERACOMB": 2.237526887382557,
      "DYE886": 1.983851519497958,
      "CDF": 0.5447155748094831,
      "D0": 2.919851303100586,
      "ATLAS": 3.3367661298331566,
      "CMS": 3.034947549143145,
      "LHCb": 2.543069362640381,
      "total": 2.467130184173584
    }
  },
  "10700": {
    "training_loss": 7680.8232421875,
    "validation_loss": [
      2904.805419921875
    ],
    "validation_chi2s": {
      "DEUTERON": 2.359919761543843,
      "NMC": 2.502025978237975,
      "NUCLEAR": 1.9947117919921875,
      "HERACOMB": 2.2281661688112746,
      "DYE886": 1.8454383503306995,
      "CDF": 0.6177069800240653,
      "D0": 2.918024253845215,
      "ATLAS": 3.307255114539195,
      "CMS": 3.0805139849262853,
      "LHCb": 2.5276803970336914,
      "total": 2.461696147918701
    }
  },
  "10800": {
    "training_loss": 11073.916015625,
    "validation_loss": [
      2907.072509765625
    ],
    "validation_chi2s": {
      "DEUTERON": 2.3653110485171798,
      "NMC": 2.526137707280178,
      "NUCLEAR": 2.005852294921875,
      "HERACOMB": 2.1963552836499183,
      "DYE886": 1.960525165904652,
      "CDF": 0.5277254922049386,
      "D0": 2.927825927734375,
      "ATLAS": 3.3672478454934676,
      "CMS": 3.048679474861391,
      "LHCb": 2.4725332260131836,
      "total": 2.463620901107788
    }
  },
  "10900": {
    "training_loss": 7706.326171875,
    "validation_loss": [
      2915.97314453125
    ],
    "validation_chi2s": {
      "DEUTERON": 2.3697156004644744,
      "NMC": 2.535292980717678,
      "NUCLEAR": 1.991060791015625,
      "HERACOMB": 2.2367723253038196,
      "DYE886": 1.984166752208363,
      "CDF": 0.512021371296474,
      "D0": 2.8840383529663085,
      "ATLAS": 3.3760372528248586,
      "CMS": 3.0164068898847027,
      "LHCb": 2.5148026943206787,
      "total": 2.471163511276245
    }
  },
  "11000": {
    "training_loss": 7661.80859375,
    "validation_loss": [
      2902.215576171875
    ],
    "validation_chi2s": {
      "DEUTERON": 2.3662381148456935,
      "NMC": 2.5860006294998468,
      "NUCLEAR": 1.9907305908203126,
      "HERACOMB": 2.204150430517259,
      "DYE886": 2.1141607111150567,
      "CDF": 0.49618407658168245,
      "D0": 2.9244436264038085,
      "ATLAS": 3.3549521925759183,
      "CMS": 2.9431834067067792,
      "LHCb": 2.642267942428589,
      "total": 2.4595048427581787
    }
  },
  "11100": {
    "training_loss": 7663.1845703125,
    "validation_loss": [
      2901.6669921875
    ],
    "validation_chi2s": {
      "DEUTERON": 2.350602486833411,
      "NMC": 2.5488783892463234,
      "NUCLEAR": 1.990561767578125,
      "HERACOMB": 2.234513027216095,
      "DYE886": 2.068635593761097,
      "CDF": 0.5497306074414935,
      "D0": 2.9127716064453124,
      "ATLAS": 3.318852139058086,
      "CMS": 2.9678236438382055,
      "LHCb": 2.620899200439453,
      "total": 2.4590394496917725
    }
  },
  "11200": {
    "training_loss": 7661.0498046875,
    "validation_loss": [
      2909.94482421875
    ],
    "validation_chi2s": {
      "DEUTERON": 2.400572060352534,
      "NMC": 2.4155903236538756,
      "NUCLEAR": 1.99563720703125,
      "HERACOMB": 2.2228253931781046,
      "DYE886": 1.7256230441006748,
      "CDF": 0.6467774936131069,
      "D0": 3.2499691009521485,
      "ATLAS": 3.2141675356417725,
      "CMS": 3.2116000267767135,
      "LHCb": 2.5842835903167725,
      "total": 2.465794801712036
    }
  },
  "11300": {
    "training_loss": 7662.5029296875,
    "validation_loss": [
      2924.96435546875
    ],
    "validation_chi2s": {
      "DEUTERON": 2.402252349094372,
      "NMC": 2.462360756070006,
      "NUCLEAR": 2.0029371337890627,
      "HERACOMB": 2.2302166309232025,
      "DYE886": 1.9092561548406428,
      "CDF": 0.5849560328892299,
      "D0": 3.1745298385620115,
      "ATLAS": 3.263887394619527,
      "CMS": 3.1851075695407007,
      "LHCb": 2.588484048843384,
      "total": 2.478771448135376
    }
  },
  "11400": {
    "training_loss": 34741.7900390625,
    "validation_loss": [
      2907.10009765625
    ],
    "validation_chi2s": {
      "DEUTERON": 2.3694357800839554,
      "NMC": 2.567600325042126,
      "NUCLEAR": 1.9833135986328125,
      "HERACOMB": 2.192889444189134,
      "DYE886": 1.975541201504794,
      "CDF": 0.4310274124145508,
      "D0": 3.4906192779541017,
      "ATLAS": 3.401565810381356,
      "CMS": 2.927923387096774,
      "LHCb": 2.7036960124969482,
      "total": 2.46364426612854
    }
  },
  "11500": {
    "training_loss": 7676.1865234375,
    "validation_loss": [
      2913.94677734375
    ],
    "validation_chi2s": {
      "DEUTERON": 2.3671370928560322,
      "NMC": 2.441855187509574,
      "NUCLEAR": 1.982858154296875,
      "HERACOMB": 2.2530467712801268,
      "DYE886": 1.9111421758478337,
      "CDF": 0.5007482256208148,
      "D0": 3.3993091583251953,
      "ATLAS": 3.258793200476695,
      "CMS": 3.1498304797757055,
      "LHCb": 2.547745943069458,
      "total": 2.4694344997406006
    }
  },
  "11600": {
    "training_loss": 7686.109375,
    "validation_loss": [
      2906.5361328125
    ],
    "validation_chi2s": {
      "DEUTERON": 2.366884146163713,
      "NMC": 2.655050838694853,
      "NUCLEAR": 1.9685438232421875,
      "HERACOMB": 2.210660647722631,
      "DYE886": 2.1917469718239526,
      "CDF": 0.4991488456726074,
      "D0": 2.920275115966797,
      "ATLAS": 3.3249080679510947,
      "CMS": 3.0112676312846522,
      "LHCb": 2.6239190101623535,
      "total": 2.4631659984588623
    }
  },
  "11700": {
    "training_loss": 7659.2451171875,
    "validation_loss": [
      2931.701171875
    ],
    "validation_chi2s": {
      "DEUTERON": 2.41936815556009,
      "NMC": 2.4534895653818167,
      "NUCLEAR": 1.97770166015625,
      "HERACOMB": 2.2553718915951797,
      "DYE886": 2.0248536196621982,
      "CDF": 0.5979633331298828,
      "D0": 3.2265598297119142,
      "ATLAS": 3.2431264758783547,
      "CMS": 3.2107088642735637,
      "LHCb": 2.577976703643799,
      "total": 2.4844448566436768
    }
  },
  "11800": {
    "training_loss": 7667.419921875,
    "validation_loss": [
      2923.27099609375
    ],
    "validation_chi2s": {
      "DEUTERON": 2.4076487982451025,
      "NMC": 2.5285135904947915,
      "NUCLEAR": 1.9737977294921876,
      "HERACOMB": 2.2315225040211395,
      "DYE886": 2.1084726507013496,
      "CDF": 0.515251636505127,
      "D0": 3.0853689193725584,
      "ATLAS": 3.361405022400247,
      "CMS": 3.0461679274036038,
      "LHCb": 2.516996145248413,
      "total": 2.477348566055298
    }
  },
  "11900": {
    "training_loss": 7667.107421875,
    "validation_loss": [
      2932.367919921875
    ],
    "validation_chi2s": {
      "DEUTERON": 2.3798213218575093,
      "NMC": 2.575639612534467,
      "NUCLEAR": 1.979639892578125,
      "HERACOMB": 2.259283128127553,
      "DYE886": 2.0722904205322266,
      "CDF": 0.5323796272277832,
      "D0": 2.940470504760742,
      "ATLAS": 3.420882575256003,
      "CMS": 2.9753836354901715,
      "LHCb": 2.6015632152557373,
      "total": 2.4850575923919678
    }
  },
  "12000": {
    "training_loss": 7674.392578125,
    "validation_loss": [
      2920.892578125
    ],
    "validation_chi2s": {
      "DEUTERON": 2.401105434740361,
      "NMC": 2.4555940815046724,
      "NUCLEAR": 1.9910460205078124,
      "HERACOMB": 2.2500538545496322,
      "DYE886": 1.9400516856800427,
      "CDF": 0.6269333703177316,
      "D0": 3.1975093841552735,
      "ATLAS": 3.294774287164548,
      "CMS": 3.0933540098128782,
      "LHCb": 2.5299618244171143,
      "total": 2.4753305912017822
    }
  },
  "12100": {
    "training_loss": 7661.810546875,
    "validation_loss": [
      2909.02099609375
    ],
    "validation_chi2s": {
      "DEUTERON": 2.36884668454602,
      "NMC": 2.524323407341452,
      "NUCLEAR": 1.9763626708984374,
      "HERACOMB": 2.2357863881229574,
      "DYE886": 2.020906448364258,
      "CDF": 0.594646726335798,
      "D0": 3.2634441375732424,
      "ATLAS": 3.3026385118732344,
      "CMS": 2.979397189232611,
      "LHCb": 2.832136631011963,
      "total": 2.465269088745117
    }
  },
  "12200": {
    "training_loss": 7665.0107421875,
    "validation_loss": [
      2924.044921875
    ],
    "validation_chi2s": {
      "DEUTERON": 2.3690674435439987,
      "NMC": 2.5187371945848653,
      "NUCLEAR": 1.9878990478515626,
      "HERACOMB": 2.273404189963746,
      "DYE886": 2.1022267775102095,
      "CDF": 0.6322298049926758,
      "D0": 2.9535137176513673,
      "ATLAS": 3.328497073071151,
      "CMS": 3.002953806231099,
      "LHCb": 2.6578221321105957,
      "total": 2.478004217147827
    }
  },
  "12300": {
    "training_loss": 7667.830078125,
    "validation_loss": [
      2945.6533203125
    ],
    "validation_chi2s": {
      "DEUTERON": 2.450744477077503,
      "NMC": 2.447291505103018,
      "NUCLEAR": 2.006606201171875,
      "HERACOMB": 2.2293747047972836,
      "DYE886": 2.164975946599787,
      "CDF": 0.6752567291259766,
      "D0": 3.2102848052978517,
      "ATLAS": 3.2976846641066384,
      "CMS": 3.1825864238123738,
      "LHCb": 2.548428535461426,
      "total": 2.4962639808654785
    }
  },
  "12400": {
    "training_loss": 7897.736328125,
    "validation_loss": [
      2916.049072265625
    ],
    "validation_chi2s": {
      "DEUTERON": 2.3972218072236475,
      "NMC": 2.457944383808211,
      "NUCLEAR": 1.9815899658203124,
      "HERACOMB": 2.237060746336295,
      "DYE886": 2.0375435569069604,
      "CDF": 0.5467483997344971,
      "D0": 3.220653533935547,
      "ATLAS": 3.3037702484992937,
      "CMS": 3.0942375429214968,
      "LHCb": 2.487518787384033,
      "total": 2.471226930618286
    }
  },
  "12500": {
    "training_loss": 7715.94921875,
    "validation_loss": [
      2902.7919921875
    ],
    "validation_chi2s": {
      "DEUTERON": 2.3547199306203357,
      "NMC": 2.508705737544041,
      "NUCLEAR": 1.9707607421875,
      "HERACOMB": 2.2336415808185253,
      "DYE886": 2.1360112970525567,
      "CDF": 0.5510873113359723,
      "D0": 2.9886266708374025,
      "ATLAS": 3.3181024756135242,
      "CMS": 3.0341688586819555,
      "LHCb": 2.5339810848236084,
      "total": 2.4599931240081787
    }
  }
}