{
  "100": {
    "training_loss": 339.54364013671875,
    "validation_loss": [
      116.51092529296875
    ],
    "validation_chi2s": {
      "DEUTERON": 2.121897888183594,
      "ATLAS": 2.8759098052978516,
      "total": 2.2845280170440674
    }
  },
  "200": {
    "training_loss": 303.2783203125,
    "validation_loss": [
      101.904052734375
    ],
    "validation_chi2s": {
      "DEUTERON": 1.794193649291992,
      "ATLAS": 2.73966459794478,
      "total": 1.9981186389923096
    }
  },
  "300": {
    "training_loss": 290.0061950683594,
    "validation_loss": [
      100.99425506591797
    ],
    "validation_chi2s": {
      "DEUTERON": 1.7596197128295898,
      "ATLAS": 2.782678950916637,
      "total": 1.980279564857483
    }
  },
  "400": {
    "training_loss": 275.6470642089844,
    "validation_loss": [
      101.40008544921875
    ],
    "validation_chi2s": {
      "DEUTERON": 1.8033889770507812,
      "ATLAS": 2.660411314530806,
      "total": 1.9882370233535767
    }
  },
  "500": {
    "training_loss": 269.05120849609375,
    "validation_loss": [
      112.72169494628906
    ],
    "validation_chi2s": {
      "DEUTERON": 1.9207420349121094,
      "ATLAS": 3.2629106695001777,
      "total": 2.2102293968200684
    }
  },
  "600": {
    "training_loss": 274.40570068359375,
    "validation_loss": [
      101.38150024414062
    ],
    "validation_chi2s": {
      "DEUTERON": 1.7597515106201171,
      "ATLAS": 2.817403619939631,
      "total": 1.98787260055542
    }
  },
  "700": {
    "training_loss": 266.6595764160156,
    "validation_loss": [
      101.52265930175781
    ],
    "validation_chi2s": {
      "DEUTERON": 1.963587760925293,
      "ATLAS": 2.089013533158736,
      "total": 1.99064040184021
    }
  },
  "800": {
    "training_loss": 271.9335632324219,
    "validation_loss": [
      96.64283752441406
    ],
    "validation_chi2s": {
      "DEUTERON": 1.7920364379882812,
      "ATLAS": 2.2692161906849253,
      "total": 1.8949575424194336
    }
  },
  "900": {
    "training_loss": 265.777587890625,
    "validation_loss": [
      100.7413558959961
    ],
    "validation_chi2s": {
      "DEUTERON": 1.9137535095214844,
      "ATLAS": 2.199201757257635,
      "total": 1.975320816040039
    }
  }
}