{
  "100": {
    "training_loss": 25244.625,
    "validation_loss": [
      12009.5078125
    ],
    "validation_chi2s": {
      "DEUTERON": 18.996996220071516,
      "NMC": 5.062152338962929,
      "NUCLEAR": 5.20046875,
      "HERACOMB": 6.014500836141749,
      "DYE886": 63.96194180575284,
      "CDF": 4.41697747366769,
      "D0": 35.27462158203125,
      "ATLAS": 8.94891217111171,
      "CMS": 6.314135942302767,
      "LHCb": 9.802217483520508,
      "total": 9.914088249206543
    }
  },
  "200": {
    "training_loss": 18678.59375,
    "validation_loss": [
      8888.30078125
    ],
    "validation_chi2s": {
      "DEUTERON": 15.15443898670709,
      "NMC": 3.0763678457222734,
      "NUCLEAR": 4.3847060546875,
      "HERACOMB": 4.264956405739379,
      "DYE886": 51.13571444424716,
      "CDF": 5.168877737862723,
      "D0": 23.797003173828124,
      "ATLAS": 5.492841347880747,
      "CMS": 4.349651399205943,
      "LHCb": 4.351285934448242,
      "total": 7.343813896179199
    }
  },
  "300": {
    "training_loss": 16402.650390625,
    "validation_loss": [
      7038.751953125
    ],
    "validation_chi2s": {
      "DEUTERON": 10.865302394278608,
      "NMC": 2.7174628762637867,
      "NUCLEAR": 3.649249267578125,
      "HERACOMB": 3.624901067197712,
      "DYE886": 35.09342262961648,
      "CDF": 6.936913626534598,
      "D0": 29.30345764160156,
      "ATLAS": 4.744059244791667,
      "CMS": 3.8397054203221055,
      "LHCb": 4.703368663787842,
      "total": 5.87414026260376
    }
  },
  "400": {
    "training_loss": 15718.494140625,
    "validation_loss": [
      7035.79052734375
    ],
    "validation_chi2s": {
      "DEUTERON": 11.71107961170709,
      "NMC": 2.669179878982843,
      "NUCLEAR": 3.26563037109375,
      "HERACOMB": 3.465024461933211,
      "DYE886": 33.94118152965199,
      "CDF": 6.201722826276507,
      "D0": 34.394091796875,
      "ATLAS": 4.5328940906743895,
      "CMS": 3.738917366403048,
      "LHCb": 4.603892803192139,
      "total": 5.866396427154541
    }
  },
  "500": {
    "training_loss": 15372.453125,
    "validation_loss": [
      7281.1826171875
    ],
    "validation_chi2s": {
      "DEUTERON": 13.43472214124689,
      "NMC": 2.6217277377259496,
      "NUCLEAR": 3.176050048828125,
      "HERACOMB": 3.3396125743591707,
      "DYE886": 33.0571122602983,
      "CDF": 6.094302586146763,
      "D0": 34.9717041015625,
      "ATLAS": 4.447130575947378,
      "CMS": 3.7009462450371413,
      "LHCb": 4.718340873718262,
      "total": 6.081665992736816
    }
  },
  "600": {
    "training_loss": 15172.861328125,
    "validation_loss": [
      7358.75439453125
    ],
    "validation_chi2s": {
      "DEUTERON": 14.000111745957712,
      "NMC": 2.6055555156632964,
      "NUCLEAR": 3.1602822265625,
      "HERACOMB": 3.2938800886565565,
      "DYE886": 33.06079656427557,
      "CDF": 6.055583408900669,
      "D0": 35.25053100585937,
      "ATLAS": 4.423918976180855,
      "CMS": 3.672052852443007,
      "LHCb": 4.644237041473389,
      "total": 6.156173229217529
    }
  },
  "700": {
    "training_loss": 15121.6396484375,
    "validation_loss": [
      6971.55810546875
    ],
    "validation_chi2s": {
      "DEUTERON": 11.869480721393035,
      "NMC": 2.6293978223613665,
      "NUCLEAR": 3.167550048828125,
      "HERACOMB": 3.3195172478170956,
      "DYE886": 34.187402898615055,
      "CDF": 6.276425497872489,
      "D0": 37.08139343261719,
      "ATLAS": 4.400154903017241,
      "CMS": 3.6444146828573256,
      "LHCb": 4.5560221672058105,
      "total": 5.830157279968262
    }
  },
  "800": {
    "training_loss": 15094.07421875,
    "validation_loss": [
      6674.767578125
    ],
    "validation_chi2s": {
      "DEUTERON": 10.30789898165423,
      "NMC": 2.6451553643918504,
      "NUCLEAR": 3.181989013671875,
      "HERACOMB": 3.306363373800041,
      "DYE886": 35.11226307262074,
      "CDF": 6.482175554547991,
      "D0": 38.02311706542969,
      "ATLAS": 4.411834015243355,
      "CMS": 3.603756763896004,
      "LHCb": 4.341394901275635,
      "total": 5.581576824188232
    }
  },
  "900": {
    "training_loss": 15078.162109375,
    "validation_loss": [
      6465.7333984375
    ],
    "validation_chi2s": {
      "DEUTERON": 9.243704572838931,
      "NMC": 2.6505303476371016,
      "NUCLEAR": 3.19672607421875,
      "HERACOMB": 3.2759146098217933,
      "DYE886": 35.89539129083807,
      "CDF": 6.609699794224331,
      "D0": 38.598611450195314,
      "ATLAS": 4.431990700206537,
      "CMS": 3.56487536821209,
      "LHCb": 4.11474084854126,
      "total": 5.40806770324707
    }
  },
  "1000": {
    "training_loss": 15090.51171875,
    "validation_loss": [
      6278.505859375
    ],
    "validation_chi2s": {
      "DEUTERON": 8.301998916550062,
      "NMC": 2.6466818416819855,
      "NUCLEAR": 3.216696533203125,
      "HERACOMB": 3.2342401641646243,
      "DYE886": 36.7077470259233,
      "CDF": 6.7288633074079245,
      "D0": 39.1043701171875,
      "ATLAS": 4.456973021057831,
      "CMS": 3.5301593717981556,
      "LHCb": 3.8748724460601807,
      "total": 5.253990173339844
    }
  },
  "1100": {
    "training_loss": 15117.84765625,
    "validation_loss": [
      6137.7724609375
    ],
    "validation_chi2s": {
      "DEUTERON": 7.627229453319341,
      "NMC": 2.6318652583103552,
      "NUCLEAR": 3.237333740234375,
      "HERACOMB": 3.1854080499387254,
      "DYE886": 37.56711647727273,
      "CDF": 6.81378664289202,
      "D0": 39.130377197265624,
      "ATLAS": 4.464322144957794,
      "CMS": 3.515647262823386,
      "LHCb": 3.6123294830322266,
      "total": 5.13884162902832
    }
  },
  "1200": {
    "training_loss": 15135.76953125,
    "validation_loss": [
      6049.8798828125
    ],
    "validation_chi2s": {
      "DEUTERON": 7.211682068174751,
      "NMC": 2.620875040690104,
      "NUCLEAR": 3.2663603515625,
      "HERACOMB": 3.144101610370711,
      "DYE886": 38.24574973366477,
      "CDF": 7.062137058803013,
      "D0": 39.46319580078125,
      "ATLAS": 4.423885652388649,
      "CMS": 3.5005678270683913,
      "LHCb": 3.391960620880127,
      "total": 5.066162109375
    }
  },
  "1300": {
    "training_loss": 15107.7392578125,
    "validation_loss": [
      6000.642578125
    ],
    "validation_chi2s": {
      "DEUTERON": 7.032474347014926,
      "NMC": 2.6226483513327206,
      "NUCLEAR": 3.27026171875,
      "HERACOMB": 3.1313305025786358,
      "DYE886": 37.98694402521307,
      "CDF": 7.378512246268136,
      "D0": 39.629345703125,
      "ATLAS": 4.416423227595187,
      "CMS": 3.491607666015625,
      "LHCb": 3.318878173828125,
      "total": 5.02751350402832
    }
  },
  "1400": {
    "training_loss": 15070.3798828125,
    "validation_loss": [
      5950.369140625
    ],
    "validation_chi2s": {
      "DEUTERON": 6.97609911866449,
      "NMC": 2.624928493125766,
      "NUCLEAR": 3.264432373046875,
      "HERACOMB": 3.107247346366932,
      "DYE886": 37.58306607333097,
      "CDF": 7.640630449567523,
      "D0": 38.48309326171875,
      "ATLAS": 4.401754445043103,
      "CMS": 3.477942544905866,
      "LHCb": 3.1755621433258057,
      "total": 4.987206935882568
    }
  },
  "1500": {
    "training_loss": 15061.8154296875,
    "validation_loss": [
      5902.35986328125
    ],
    "validation_chi2s": {
      "DEUTERON": 6.8535283786147385,
      "NMC": 2.627686444450827,
      "NUCLEAR": 3.2538486328125,
      "HERACOMB": 3.08314444348703,
      "DYE886": 37.55061201615767,
      "CDF": 7.942996433803013,
      "D0": 37.83628540039062,
      "ATLAS": 4.393999472431753,
      "CMS": 3.451356481333248,
      "LHCb": 3.1167235374450684,
      "total": 4.948007583618164
    }
  },
  "1600": {
    "training_loss": 15040.4365234375,
    "validation_loss": [
      5878.09375
    ],
    "validation_chi2s": {
      "DEUTERON": 6.801741414995336,
      "NMC": 2.638375674977022,
      "NUCLEAR": 3.24655126953125,
      "HERACOMB": 3.0796257467830883,
      "DYE886": 37.41406804865057,
      "CDF": 8.208473205566406,
      "D0": 37.42818603515625,
      "ATLAS": 4.384859983948456,
      "CMS": 3.430656308033427,
      "LHCb": 3.1008687019348145,
      "total": 4.9287614822387695
    }
  },
  "1700": {
    "training_loss": 15055.90625,
    "validation_loss": [
      5809.0576171875
    ],
    "validation_chi2s": {
      "DEUTERON": 6.709762952814055,
      "NMC": 2.641358319450827,
      "NUCLEAR": 3.252081298828125,
      "HERACOMB": 3.0535447862413196,
      "DYE886": 37.23295731977983,
      "CDF": 8.5497191292899,
      "D0": 34.541864013671876,
      "ATLAS": 4.379068659639906,
      "CMS": 3.4068133244748977,
      "LHCb": 2.8457558155059814,
      "total": 4.871337413787842
    }
  },
  "1800": {
    "training_loss": 15020.0078125,
    "validation_loss": [
      5762.591796875
    ],
    "validation_chi2s": {
      "DEUTERON": 4.37804052248523,
      "NMC": 2.614167755725337,
      "NUCLEAR": 3.9428193359375,
      "HERACOMB": 2.8794667362387663,
      "DYE886": 49.77292147549716,
      "CDF": 13.940356663295201,
      "D0": 27.911944580078124,
      "ATLAS": 4.643278626189835,
      "CMS": 3.2726282838915215,
      "LHCb": 3.1696431636810303,
      "total": 4.817410469055176
    }
  },
  "1900": {
    "training_loss": 14309.75,
    "validation_loss": [
      5904.9443359375
    ],
    "validation_chi2s": {
      "DEUTERON": 4.055522558107898,
      "NMC": 2.51976791082644,
      "NUCLEAR": 4.06390576171875,
      "HERACOMB": 2.8567492915134802,
      "DYE886": 45.48654452237216,
      "CDF": 16.547686985560826,
      "D0": 41.23798828125,
      "ATLAS": 4.868726357646372,
      "CMS": 3.5436556456518953,
      "LHCb": 2.9880945682525635,
      "total": 4.883260250091553
    }
  },
  "2000": {
    "training_loss": 11231.5,
    "validation_loss": [
      3669.45361328125
    ],
    "validation_chi2s": {
      "DEUTERON": 2.8028640367498445,
      "NMC": 2.5174859738817403,
      "NUCLEAR": 3.435088134765625,
      "HERACOMB": 2.7457508760340072,
      "DYE886": 2.9574519070712,
      "CDF": 6.266482216971261,
      "D0": 12.7252685546875,
      "ATLAS": 3.4165053093570403,
      "CMS": 2.9876571405129355,
      "LHCb": 1.9766913652420044,
      "total": 3.105652332305908
    }
  },
  "2100": {
    "training_loss": 8248.0546875,
    "validation_loss": [
      2905.17919921875
    ],
    "validation_chi2s": {
      "DEUTERON": 2.3582270228447606,
      "NMC": 2.3625768025716147,
      "NUCLEAR": 2.364031494140625,
      "HERACOMB": 2.5841656853170956,
      "DYE886": 2.4691831415349785,
      "CDF": 4.204636710030692,
      "D0": 3.2645164489746095,
      "ATLAS": 2.3615463081447556,
      "CMS": 2.826542588530994,
      "LHCb": 1.476954460144043,
      "total": 2.464397430419922
    }
  },
  "2200": {
    "training_loss": 8171.7294921875,
    "validation_loss": [
      2872.20654296875
    ],
    "validation_chi2s": {
      "DEUTERON": 2.2987429490729943,
      "NMC": 2.3326896218692554,
      "NUCLEAR": 2.329284912109375,
      "HERACOMB": 2.5708731857000613,
      "DYE886": 2.5439475666392934,
      "CDF": 3.641861779349191,
      "D0": 3.194396209716797,
      "ATLAS": 2.362724041116649,
      "CMS": 2.8144771388319674,
      "LHCb": 1.4696838855743408,
      "total": 2.438244104385376
    }
  },
  "2300": {
    "training_loss": 8139.5146484375,
    "validation_loss": [
      2853.47607421875
    ],
    "validation_chi2s": {
      "DEUTERON": 2.221076320059857,
      "NMC": 2.2890228570676316,
      "NUCLEAR": 2.31848876953125,
      "HERACOMB": 2.574094485613256,
      "DYE886": 2.681855461814187,
      "CDF": 3.2399289267403737,
      "D0": 3.168059730529785,
      "ATLAS": 2.3829180838047774,
      "CMS": 2.783049536533043,
      "LHCb": 1.5305255651474,
      "total": 2.42295241355896
    }
  },
  "2400": {
    "training_loss": 8115.34814453125,
    "validation_loss": [
      2859.119140625
    ],
    "validation_chi2s": {
      "DEUTERON": 2.2851664225260415,
      "NMC": 2.3021555881874236,
      "NUCLEAR": 2.29741162109375,
      "HERACOMB": 2.5484694935917074,
      "DYE886": 2.4968948364257812,
      "CDF": 3.259699140276228,
      "D0": 3.2516902923583983,
      "ATLAS": 2.3702980129198097,
      "CMS": 2.879887565237577,
      "LHCb": 1.525662899017334,
      "total": 2.4287476539611816
    }
  },
  "2500": {
    "training_loss": 8119.6318359375,
    "validation_loss": [
      2843.77099609375
    ],
    "validation_chi2s": {
      "DEUTERON": 2.2206720001068874,
      "NMC": 2.2788133808210786,
      "NUCLEAR": 2.301943115234375,
      "HERACOMB": 2.563107758565666,
      "DYE886": 2.3786536130038174,
      "CDF": 3.0342606135777066,
      "D0": 3.1819616317749024,
      "ATLAS": 2.380894628064386,
      "CMS": 2.8318331358862703,
      "LHCb": 1.575101375579834,
      "total": 2.4152543544769287
    }
  },
  "2600": {
    "training_loss": 8112.16455078125,
    "validation_loss": [
      2847.79541015625
    ],
    "validation_chi2s": {
      "DEUTERON": 2.2133673672652363,
      "NMC": 2.274267308852252,
      "NUCLEAR": 2.29746826171875,
      "HERACOMB": 2.556103675194036,
      "DYE886": 2.4155616760253906,
      "CDF": 2.9812545776367188,
      "D0": 3.175733947753906,
      "ATLAS": 2.385553820379849,
      "CMS": 2.8768805832159323,
      "LHCb": 1.6565589904785156,
      "total": 2.4189391136169434
    }
  },
  "2700": {
    "training_loss": 8112.58349609375,
    "validation_loss": [
      2841.51904296875
    ],
    "validation_chi2s": {
      "DEUTERON": 2.208515527829602,
      "NMC": 2.259959800570619,
      "NUCLEAR": 2.29957080078125,
      "HERACOMB": 2.556490231183619,
      "DYE886": 2.419391632080078,
      "CDF": 2.978142874581473,
      "D0": 3.1620672225952147,
      "ATLAS": 2.386335175612877,
      "CMS": 2.847988441342213,
      "LHCb": 1.6123937368392944,
      "total": 2.413886070251465
    }
  },
  "2800": {
    "training_loss": 8104.658203125,
    "validation_loss": [
      2845.697265625
    ],
    "validation_chi2s": {
      "DEUTERON": 2.2328784240418997,
      "NMC": 2.262823217055377,
      "NUCLEAR": 2.293456787109375,
      "HERACOMB": 2.5435533710554536,
      "DYE886": 2.4019499692049893,
      "CDF": 2.9645252227783203,
      "D0": 3.1766983032226563,
      "ATLAS": 2.3849806511539153,
      "CMS": 2.889955114145748,
      "LHCb": 1.6311719417572021,
      "total": 2.4178929328918457
    }
  },
  "2900": {
    "training_loss": 8100.3779296875,
    "validation_loss": [
      2844.897705078125
    ],
    "validation_chi2s": {
      "DEUTERON": 2.2377730791841572,
      "NMC": 2.2590149524165133,
      "NUCLEAR": 2.28991552734375,
      "HERACOMB": 2.540136997995813,
      "DYE886": 2.4172345941716973,
      "CDF": 2.9479242052350725,
      "D0": 3.1688278198242186,
      "ATLAS": 2.3849580260528915,
      "CMS": 2.8894748375064037,
      "LHCb": 1.654740333557129,
      "total": 2.417630672454834
    }
  },
  "3000": {
    "training_loss": 8101.44873046875,
    "validation_loss": [
      2836.361328125
    ],
    "validation_chi2s": {
      "DEUTERON": 2.2201132703183304,
      "NMC": 2.2444088505763635,
      "NUCLEAR": 2.297881591796875,
      "HERACOMB": 2.543753430734273,
      "DYE886": 2.3795653256503018,
      "CDF": 2.901056562151228,
      "D0": 3.1669715881347655,
      "ATLAS": 2.3911095980940194,
      "CMS": 2.8412570640689037,
      "LHCb": 1.6166093349456787,
      "total": 2.410478115081787
    }
  },
  "3100": {
    "training_loss": 8086.01123046875,
    "validation_loss": [
      2835.802734375
    ],
    "validation_chi2s": {
      "DEUTERON": 2.2312575003400963,
      "NMC": 2.243402368882123,
      "NUCLEAR": 2.30055126953125,
      "HERACOMB": 2.5373692730673,
      "DYE886": 2.622614773837003,
      "CDF": 2.931067875453404,
      "D0": 3.208804702758789,
      "ATLAS": 2.3873975030307113,
      "CMS": 2.8138542800653177,
      "LHCb": 1.5389269590377808,
      "total": 2.4108216762542725
    }
  },
  "3200": {
    "training_loss": 8088.0703125,
    "validation_loss": [
      2831.62744140625
    ],
    "validation_chi2s": {
      "DEUTERON": 2.203203647290889,
      "NMC": 2.2353587431066178,
      "NUCLEAR": 2.294585205078125,
      "HERACOMB": 2.542367573657067,
      "DYE886": 2.3548240661621094,
      "CDF": 2.809216635567801,
      "D0": 3.1694259643554688,
      "ATLAS": 2.4078014856097343,
      "CMS": 2.829255901399206,
      "LHCb": 1.6387903690338135,
      "total": 2.406970977783203
    }
  },
  "3300": {
    "training_loss": 8093.89013671875,
    "validation_loss": [
      2834.10986328125
    ],
    "validation_chi2s": {
      "DEUTERON": 2.225555723579369,
      "NMC": 2.2352625528971353,
      "NUCLEAR": 2.294368896484375,
      "HERACOMB": 2.5408524656607434,
      "DYE886": 2.362885735251687,
      "CDF": 2.83892822265625,
      "D0": 3.165964698791504,
      "ATLAS": 2.394795209511943,
      "CMS": 2.8322954021516393,
      "LHCb": 1.6544820070266724,
      "total": 2.4094650745391846
    }
  },
  "3400": {
    "training_loss": 8084.58740234375,
    "validation_loss": [
      2833.57470703125
    ],
    "validation_chi2s": {
      "DEUTERON": 2.2532937728350437,
      "NMC": 2.234062494016161,
      "NUCLEAR": 2.298747314453125,
      "HERACOMB": 2.5285103991140727,
      "DYE886": 2.496398232199929,
      "CDF": 2.8527750287737166,
      "D0": 3.1873376846313475,
      "ATLAS": 2.3932717860430137,
      "CMS": 2.806582341428663,
      "LHCb": 1.5834416151046753,
      "total": 2.4098095893859863
    }
  },
  "3500": {
    "training_loss": 8084.59326171875,
    "validation_loss": [
      2834.23046875
    ],
    "validation_chi2s": {
      "DEUTERON": 2.2181738099055504,
      "NMC": 2.2259941849054075,
      "NUCLEAR": 2.29602978515625,
      "HERACOMB": 2.5350108427159928,
      "DYE886": 2.355980786410245,
      "CDF": 2.7333831787109375,
      "D0": 3.172684097290039,
      "ATLAS": 2.4172587778376435,
      "CMS": 2.835138289654841,
      "LHCb": 1.6799290180206299,
      "total": 2.4102461338043213
    }
  },
  "3600": {
    "training_loss": 8085.29052734375,
    "validation_loss": [
      2834.8388671875
    ],
    "validation_chi2s": {
      "DEUTERON": 2.2155986425295398,
      "NMC": 2.219888874128753,
      "NUCLEAR": 2.296724609375,
      "HERACOMB": 2.5322698456010007,
      "DYE886": 2.3499081351540307,
      "CDF": 2.7091236114501953,
      "D0": 3.1885690689086914,
      "ATLAS": 2.4176053452765807,
      "CMS": 2.8535621517994363,
      "LHCb": 1.6850814819335938,
      "total": 2.4109561443328857
    }
  },
  "3700": {
    "training_loss": 8083.9375,
    "validation_loss": [
      2830.67138671875
    ],
    "validation_chi2s": {
      "DEUTERON": 2.2166447425956157,
      "NMC": 2.216932259353937,
      "NUCLEAR": 2.29762841796875,
      "HERACOMB": 2.5352280560661766,
      "DYE886": 2.3661896098743784,
      "CDF": 2.756637845720564,
      "D0": 3.1857744216918946,
      "ATLAS": 2.393542234925018,
      "CMS": 2.8385174860719773,
      "LHCb": 1.677382230758667,
      "total": 2.407198429107666
    }
  },
  "3800": {
    "training_loss": 8110.265625,
    "validation_loss": [
      2838.42431640625
    ],
    "validation_chi2s": {
      "DEUTERON": 2.256559609180659,
      "NMC": 2.223983465456495,
      "NUCLEAR": 2.293371826171875,
      "HERACOMB": 2.5144786959380108,
      "DYE886": 2.4716637351296167,
      "CDF": 2.719314302716936,
      "D0": 3.1758005142211916,
      "ATLAS": 2.4252519278690734,
      "CMS": 2.8470028736552253,
      "LHCb": 1.6588630676269531,
      "total": 2.4147632122039795
    }
  },
  "3900": {
    "training_loss": 8073.20751953125,
    "validation_loss": [
      2845.6962890625
    ],
    "validation_chi2s": {
      "DEUTERON": 2.2608801998309236,
      "NMC": 2.2193854836856617,
      "NUCLEAR": 2.287876220703125,
      "HERACOMB": 2.5174664266748366,
      "DYE886": 2.3622793717817827,
      "CDF": 2.71584347316197,
      "D0": 3.228704071044922,
      "ATLAS": 2.4252342136426903,
      "CMS": 2.908662639680456,
      "LHCb": 1.700534701347351,
      "total": 2.4208273887634277
    }
  },
  "4000": {
    "training_loss": 8079.17919921875,
    "validation_loss": [
      2843.541015625
    ],
    "validation_chi2s": {
      "DEUTERON": 2.3062346349308145,
      "NMC": 2.236201417212393,
      "NUCLEAR": 2.28900537109375,
      "HERACOMB": 2.5185722400939543,
      "DYE886": 2.4548762928355825,
      "CDF": 2.8269045693533763,
      "D0": 3.1968610763549803,
      "ATLAS": 2.387321910638919,
      "CMS": 2.876859320968878,
      "LHCb": 1.5604052543640137,
      "total": 2.4192354679107666
    }
  },
  "4100": {
    "training_loss": 8078.02099609375,
    "validation_loss": [
      2834.36669921875
    ],
    "validation_chi2s": {
      "DEUTERON": 2.2271433967856034,
      "NMC": 2.2044574513154873,
      "NUCLEAR": 2.30382177734375,
      "HERACOMB": 2.5373577043121935,
      "DYE886": 2.317024577747692,
      "CDF": 2.692859649658203,
      "D0": 3.195743179321289,
      "ATLAS": 2.4035618222992996,
      "CMS": 2.8342440245581453,
      "LHCb": 1.6880420446395874,
      "total": 2.410439968109131
    }
  },
  "4200": {
    "training_loss": 8106.830078125,
    "validation_loss": [
      2841.4677734375
    ],
    "validation_chi2s": {
      "DEUTERON": 2.2394310491002023,
      "NMC": 2.2050164914598653,
      "NUCLEAR": 2.302103759765625,
      "HERACOMB": 2.5262163947610294,
      "DYE886": 2.5041623549027876,
      "CDF": 2.6958389282226562,
      "D0": 3.182478141784668,
      "ATLAS": 2.4149806581694504,
      "CMS": 2.8834748815317623,
      "LHCb": 1.5935609340667725,
      "total": 2.4169373512268066
    }
  },
  "4300": {
    "training_loss": 8104.44384765625,
    "validation_loss": [
      2844.1796875
    ],
    "validation_chi2s": {
      "DEUTERON": 2.2815283020930504,
      "NMC": 2.2154541015625,
      "NUCLEAR": 2.2936396484375,
      "HERACOMB": 2.543585284862643,
      "DYE886": 2.4677952853116123,
      "CDF": 2.842970711844308,
      "D0": 3.2370460510253904,
      "ATLAS": 2.408483395631286,
      "CMS": 2.8156865854732325,
      "LHCb": 1.5902836322784424,
      "total": 2.419884204864502
    }
  },
  "4400": {
    "training_loss": 8075.1435546875,
    "validation_loss": [
      2835.920166015625
    ],
    "validation_chi2s": {
      "DEUTERON": 2.2642925509172884,
      "NMC": 2.2058684405158546,
      "NUCLEAR": 2.303659423828125,
      "HERACOMB": 2.541910607830372,
      "DYE886": 2.4622655348344282,
      "CDF": 2.815105983189174,
      "D0": 3.195964813232422,
      "ATLAS": 2.4000900093166306,
      "CMS": 2.802763892001793,
      "LHCb": 1.5043278932571411,
      "total": 2.412670612335205
    }
  },
  "4500": {
    "training_loss": 8067.99853515625,
    "validation_loss": [
      2842.825927734375
    ],
    "validation_chi2s": {
      "DEUTERON": 2.2527069547283114,
      "NMC": 2.2180841483321845,
      "NUCLEAR": 2.296620361328125,
      "HERACOMB": 2.5115671594158497,
      "DYE886": 2.3175203149968926,
      "CDF": 2.613326753888811,
      "D0": 3.198440742492676,
      "ATLAS": 2.4566492541082976,
      "CMS": 2.8687849201139857,
      "LHCb": 1.708085060119629,
      "total": 2.418707847595215
    }
  },
  "4600": {
    "training_loss": 8115.90234375,
    "validation_loss": [
      2830.032958984375
    ],
    "validation_chi2s": {
      "DEUTERON": 2.25793016727884,
      "NMC": 2.19972199084712,
      "NUCLEAR": 2.30379541015625,
      "HERACOMB": 2.5278791041156046,
      "DYE886": 2.4784377704967153,
      "CDF": 2.7986771719796315,
      "D0": 3.1928104400634765,
      "ATLAS": 2.368609548985273,
      "CMS": 2.835303885037782,
      "LHCb": 1.5257935523986816,
      "total": 2.407169818878174
    }
  },
  "4700": {
    "training_loss": 8064.79345703125,
    "validation_loss": [
      2835.44140625
    ],
    "validation_chi2s": {
      "DEUTERON": 2.208149316892102,
      "NMC": 2.1974402034983918,
      "NUCLEAR": 2.312593017578125,
      "HERACOMB": 2.541857750587214,
      "DYE886": 2.2621876109730112,
      "CDF": 2.6340544564383372,
      "D0": 3.1865474700927736,
      "ATLAS": 2.422497804137482,
      "CMS": 2.819791449875128,
      "LHCb": 1.7392719984054565,
      "total": 2.411167621612549
    }
  },
  "4800": {
    "training_loss": 8071.16748046875,
    "validation_loss": [
      2831.024169921875
    ],
    "validation_chi2s": {
      "DEUTERON": 2.2278616985871422,
      "NMC": 2.193642859365426,
      "NUCLEAR": 2.298649658203125,
      "HERACOMB": 2.5160905426623774,
      "DYE886": 2.330709284002131,
      "CDF": 2.6280640193394254,
      "D0": 3.2028564453125,
      "ATLAS": 2.421136614920079,
      "CMS": 2.8435471331486935,
      "LHCb": 1.7319506406784058,
      "total": 2.408149480819702
    }
  },
  "4900": {
    "training_loss": 8063.18017578125,
    "validation_loss": [
      2836.463623046875
    ],
    "validation_chi2s": {
      "DEUTERON": 2.295580508104011,
      "NMC": 2.214163537118949,
      "NUCLEAR": 2.294669677734375,
      "HERACOMB": 2.51521271350337,
      "DYE886": 2.4483245502818716,
      "CDF": 2.8013738904680525,
      "D0": 3.1989700317382814,
      "ATLAS": 2.399077667587105,
      "CMS": 2.8390347840356047,
      "LHCb": 1.532200813293457,
      "total": 2.4135756492614746
    }
  },
  "5000": {
    "training_loss": 8060.14111328125,
    "validation_loss": [
      2832.6181640625
    ],
    "validation_chi2s": {
      "DEUTERON": 2.2545670087064678,
      "NMC": 2.186362472234988,
      "NUCLEAR": 2.305385009765625,
      "HERACOMB": 2.504492067823223,
      "DYE886": 2.307896700772372,
      "CDF": 2.6299760001046315,
      "D0": 3.1827125549316406,
      "ATLAS": 2.4830367866603806,
      "CMS": 2.78633768050397,
      "LHCb": 1.6158180236816406,
      "total": 2.4102909564971924
    }
  },
  "5100": {
    "training_loss": 8059.0966796875,
    "validation_loss": [
      2846.56396484375
    ],
    "validation_chi2s": {
      "DEUTERON": 2.3420306912702116,
      "NMC": 2.2343003516103708,
      "NUCLEAR": 2.296203369140625,
      "HERACOMB": 2.4974680383220997,
      "DYE886": 2.3852627494118432,
      "CDF": 2.7910570417131697,
      "D0": 3.1964078903198243,
      "ATLAS": 2.409752856725934,
      "CMS": 2.860467879498591,
      "LHCb": 1.587475061416626,
      "total": 2.4221482276916504
    }
  },
  "5200": {
    "training_loss": 8055.8427734375,
    "validation_loss": [
      2826.092529296875
    ],
    "validation_chi2s": {
      "DEUTERON": 2.203631045213386,
      "NMC": 2.169506746179917,
      "NUCLEAR": 2.314739501953125,
      "HERACOMB": 2.5348764058032067,
      "DYE886": 2.3259424729780718,
      "CDF": 2.684805461338588,
      "D0": 3.174793243408203,
      "ATLAS": 2.4393103588586564,
      "CMS": 2.762303837010118,
      "LHCb": 1.6750599145889282,
      "total": 2.403988838195801
    }
  },
  "5300": {
    "training_loss": 8059.5029296875,
    "validation_loss": [
      2825.181640625
    ],
    "validation_chi2s": {
      "DEUTERON": 2.2038704791472328,
      "NMC": 2.180076748717065,
      "NUCLEAR": 2.303322265625,
      "HERACOMB": 2.5070818732766544,
      "DYE886": 2.3522484519264917,
      "CDF": 2.634380613054548,
      "D0": 3.192832183837891,
      "ATLAS": 2.4096228939363327,
      "CMS": 2.8770751953125,
      "LHCb": 1.6939163208007812,
      "total": 2.403200626373291
    }
  },
  "5400": {
    "training_loss": 8072.87109375,
    "validation_loss": [
      2828.599609375
    ],
    "validation_chi2s": {
      "DEUTERON": 2.2576441219196983,
      "NMC": 2.1704825607000613,
      "NUCLEAR": 2.300373291015625,
      "HERACOMB": 2.4874309464996935,
      "DYE886": 2.419912164861506,
      "CDF": 2.6253874642508372,
      "D0": 3.191628837585449,
      "ATLAS": 2.4802763489471085,
      "CMS": 2.793831496942239,
      "LHCb": 1.6124628782272339,
      "total": 2.4070422649383545
    }
  },
  "5500": {
    "training_loss": 8055.25048828125,
    "validation_loss": [
      2829.955322265625
    ],
    "validation_chi2s": {
      "DEUTERON": 2.2429249322236475,
      "NMC": 2.171230241364124,
      "NUCLEAR": 2.299064453125,
      "HERACOMB": 2.4921759312448937,
      "DYE886": 2.3394589857621626,
      "CDF": 2.6287291390555247,
      "D0": 3.200346755981445,
      "ATLAS": 2.4287639047907685,
      "CMS": 2.894891207335425,
      "LHCb": 1.6574583053588867,
      "total": 2.4081919193267822
    }
  },
  "5600": {
    "training_loss": 8044.41650390625,
    "validation_loss": [
      2824.81396484375
    ],
    "validation_chi2s": {
      "DEUTERON": 2.2075257562286223,
      "NMC": 2.172742058249081,
      "NUCLEAR": 2.31180859375,
      "HERACOMB": 2.509484584035437,
      "DYE886": 2.274779059670188,
      "CDF": 2.612983158656529,
      "D0": 3.2138107299804686,
      "ATLAS": 2.407647494612069,
      "CMS": 2.8571081943199284,
      "LHCb": 1.7150999307632446,
      "total": 2.4027507305145264
    }
  },
  "5700": {
    "training_loss": 8071.79345703125,
    "validation_loss": [
      2824.27783203125
    ],
    "validation_chi2s": {
      "DEUTERON": 2.2743038348297575,
      "NMC": 2.1781716440238204,
      "NUCLEAR": 2.306317138671875,
      "HERACOMB": 2.4976856505948732,
      "DYE886": 2.4332434914328833,
      "CDF": 2.803633281162807,
      "D0": 3.2071483612060545,
      "ATLAS": 2.3766307611575073,
      "CMS": 2.8365298411885247,
      "LHCb": 1.5631365776062012,
      "total": 2.403346300125122
    }
  },
  "5800": {
    "training_loss": 8047.43896484375,
    "validation_loss": [
      2817.80419921875
    ],
    "validation_chi2s": {
      "DEUTERON": 2.2017615778529227,
      "NMC": 2.1518376668294272,
      "NUCLEAR": 2.30316162109375,
      "HERACOMB": 2.486697926240809,
      "DYE886": 2.3062943545254795,
      "CDF": 2.5618155343191966,
      "D0": 3.227558135986328,
      "ATLAS": 2.4497852544674927,
      "CMS": 2.840186197249616,
      "LHCb": 1.706485629081726,
      "total": 2.3977339267730713
    }
  },
  "5900": {
    "training_loss": 8052.80615234375,
    "validation_loss": [
      2820.309814453125
    ],
    "validation_chi2s": {
      "DEUTERON": 2.263246299022466,
      "NMC": 2.169822094487209,
      "NUCLEAR": 2.30345556640625,
      "HERACOMB": 2.4887248519199345,
      "DYE886": 2.4625511169433594,
      "CDF": 2.7302325112479076,
      "D0": 3.207968902587891,
      "ATLAS": 2.40380824297324,
      "CMS": 2.8114103723744877,
      "LHCb": 1.5794527530670166,
      "total": 2.4001293182373047
    }
  },
  "6000": {
    "training_loss": 8058.92236328125,
    "validation_loss": [
      2814.692138671875
    ],
    "validation_chi2s": {
      "DEUTERON": 2.234695510484686,
      "NMC": 2.1686954872280944,
      "NUCLEAR": 2.307748291015625,
      "HERACOMB": 2.476202073440053,
      "DYE886": 2.4164113131436435,
      "CDF": 2.6594156537737166,
      "D0": 3.1967443466186523,
      "ATLAS": 2.409453994926365,
      "CMS": 2.834865132316214,
      "LHCb": 1.6016371250152588,
      "total": 2.3953423500061035
    }
  },
  "6100": {
    "training_loss": 8050.39013671875,
    "validation_loss": [
      2821.360107421875
    ],
    "validation_chi2s": {
      "DEUTERON": 2.246760581856343,
      "NMC": 2.155385634478401,
      "NUCLEAR": 2.319052734375,
      "HERACOMB": 2.492846520118464,
      "DYE886": 2.3558977300470527,
      "CDF": 2.6529952457972934,
      "D0": 3.2092288970947265,
      "ATLAS": 2.446009142645474,
      "CMS": 2.7834650258548925,
      "LHCb": 1.545662760734558,
      "total": 2.4010555744171143
    }
  },
  "6200": {
    "training_loss": 8040.44677734375,
    "validation_loss": [
      2810.0341796875
    ],
    "validation_chi2s": {
      "DEUTERON": 2.196947543775264,
      "NMC": 2.1316465490004597,
      "NUCLEAR": 2.308472412109375,
      "HERACOMB": 2.47222940282884,
      "DYE886": 2.3506410772150215,
      "CDF": 2.5184238978794644,
      "D0": 3.2136817932128907,
      "ATLAS": 2.4640667794764726,
      "CMS": 2.8064800324987194,
      "LHCb": 1.6689269542694092,
      "total": 2.39144229888916
    }
  },
  "6300": {
    "training_loss": 8038.88818359375,
    "validation_loss": [
      2821.465087890625
    ],
    "validation_chi2s": {
      "DEUTERON": 2.2742514539120804,
      "NMC": 2.166513779584099,
      "NUCLEAR": 2.317562255859375,
      "HERACOMB": 2.464361253127553,
      "DYE886": 2.38186992298473,
      "CDF": 2.6119902474539622,
      "D0": 3.2015007019042967,
      "ATLAS": 2.432702250864314,
      "CMS": 2.826907548748079,
      "LHCb": 1.5432406663894653,
      "total": 2.401156187057495
    }
  },
  "6400": {
    "training_loss": 8039.72900390625,
    "validation_loss": [
      2813.415283203125
    ],
    "validation_chi2s": {
      "DEUTERON": 2.241317976766558,
      "NMC": 2.1337826298732385,
      "NUCLEAR": 2.304266845703125,
      "HERACOMB": 2.4723983465456496,
      "DYE886": 2.4383505040949043,
      "CDF": 2.6496099744524275,
      "D0": 3.200543212890625,
      "ATLAS": 2.4298739378479706,
      "CMS": 2.8109618640336835,
      "LHCb": 1.608319640159607,
      "total": 2.3943374156951904
    }
  },
  "6500": {
    "training_loss": 8220.98095703125,
    "validation_loss": [
      2804.2392578125
    ],
    "validation_chi2s": {
      "DEUTERON": 2.194333052753809,
      "NMC": 2.152135961196002,
      "NUCLEAR": 2.320177001953125,
      "HERACOMB": 2.476053474775327,
      "DYE886": 2.3014672019264917,
      "CDF": 2.5059029715401784,
      "D0": 3.248930740356445,
      "ATLAS": 2.423857414859465,
      "CMS": 2.8054692002593495,
      "LHCb": 1.5674068927764893,
      "total": 2.3858511447906494
    }
  },
  "6600": {
    "training_loss": 8033.77783203125,
    "validation_loss": [
      2814.897216796875
    ],
    "validation_chi2s": {
      "DEUTERON": 2.227146433360541,
      "NMC": 2.1367000505036,
      "NUCLEAR": 2.31057666015625,
      "HERACOMB": 2.4647378360523895,
      "DYE886": 2.354782971468839,
      "CDF": 2.5565182822091237,
      "D0": 3.2518848419189452,
      "ATLAS": 2.424982180540589,
      "CMS": 2.8621390921170593,
      "LHCb": 1.6425448656082153,
      "total": 2.395226240158081
    }
  },
  "6700": {
    "training_loss": 8057.890625,
    "validation_loss": [
      2806.150146484375
    ],
    "validation_chi2s": {
      "DEUTERON": 2.211131688967273,
      "NMC": 2.156663932052313,
      "NUCLEAR": 2.32674365234375,
      "HERACOMB": 2.47738667407067,
      "DYE886": 2.4667564738880503,
      "CDF": 2.5610403333391463,
      "D0": 3.2046279907226562,
      "ATLAS": 2.4574725271641524,
      "CMS": 2.7361024950371413,
      "LHCb": 1.445915699005127,
      "total": 2.388178586959839
    }
  },
  "6800": {
    "training_loss": 8032.31298828125,
    "validation_loss": [
      2809.18603515625
    ],
    "validation_chi2s": {
      "DEUTERON": 2.2045430804959576,
      "NMC": 2.130107505648744,
      "NUCLEAR": 2.314468017578125,
      "HERACOMB": 2.4716689165900734,
      "DYE886": 2.2882506630637427,
      "CDF": 2.4902986798967635,
      "D0": 3.2029098510742187,
      "ATLAS": 2.4733444740032327,
      "CMS": 2.8185622418513065,
      "LHCb": 1.5119363069534302,
      "total": 2.3907299041748047
    }
  },
  "6900": {
    "training_loss": 8018.86474609375,
    "validation_loss": [
      2805.618408203125
    ],
    "validation_chi2s": {
      "DEUTERON": 2.1812584720440764,
      "NMC": 2.1220109228994333,
      "NUCLEAR": 2.31125537109375,
      "HERACOMB": 2.4701468274484273,
      "DYE886": 2.293210983276367,
      "CDF": 2.4645254952566966,
      "D0": 3.2329708099365235,
      "ATLAS": 2.459540356164691,
      "CMS": 2.829616359022797,
      "LHCb": 1.6144977807998657,
      "total": 2.387407064437866
    }
  },
  "7000": {
    "training_loss": 8035.587890625,
    "validation_loss": [
      2810.126953125
    ],
    "validation_chi2s": {
      "DEUTERON": 2.228091111823694,
      "NMC": 2.1198187435374543,
      "NUCLEAR": 2.302857666015625,
      "HERACOMB": 2.4533952700546364,
      "DYE886": 2.384736494584517,
      "CDF": 2.5198560442243303,
      "D0": 3.2074249267578123,
      "ATLAS": 2.4701429345141883,
      "CMS": 2.818393144451204,
      "LHCb": 1.6198617219924927,
      "total": 2.3915510177612305
    }
  },
  "7100": {
    "training_loss": 8019.31005859375,
    "validation_loss": [
      2806.323974609375
    ],
    "validation_chi2s": {
      "DEUTERON": 2.202427195079291,
      "NMC": 2.113183863022748,
      "NUCLEAR": 2.3053125,
      "HERACOMB": 2.480822993259804,
      "DYE886": 2.356778231534091,
      "CDF": 2.562762124197824,
      "D0": 3.193197250366211,
      "ATLAS": 2.4521589608028016,
      "CMS": 2.7999167520491803,
      "LHCb": 1.5738108158111572,
      "total": 2.3883135318756104
    }
  },
  "7200": {
    "training_loss": 8013.71826171875,
    "validation_loss": [
      2805.3330078125
    ],
    "validation_chi2s": {
      "DEUTERON": 2.198086714863184,
      "NMC": 2.1239574656767,
      "NUCLEAR": 2.304072509765625,
      "HERACOMB": 2.4570815142463234,
      "DYE886": 2.3173758766867896,
      "CDF": 2.4799513135637556,
      "D0": 3.2661949157714845,
      "ATLAS": 2.432745221017421,
      "CMS": 2.872868522268827,
      "LHCb": 1.6314414739608765,
      "total": 2.387251138687134
    }
  },
  "7300": {
    "training_loss": 8073.86572265625,
    "validation_loss": [
      2797.058349609375
    ],
    "validation_chi2s": {
      "DEUTERON": 2.189028611823694,
      "NMC": 2.14569091796875,
      "NUCLEAR": 2.314367431640625,
      "HERACOMB": 2.4619920518663196,
      "DYE886": 2.3936580311168325,
      "CDF": 2.4824630192347934,
      "D0": 3.2567584991455076,
      "ATLAS": 2.4156045146372125,
      "CMS": 2.817869843029585,
      "LHCb": 1.5155359506607056,
      "total": 2.3800716400146484
    }
  },
  "7400": {
    "training_loss": 8059.93359375,
    "validation_loss": [
      2813.33056640625
    ],
    "validation_chi2s": {
      "DEUTERON": 2.2658686851387593,
      "NMC": 2.1441430484547332,
      "NUCLEAR": 2.305518798828125,
      "HERACOMB": 2.4675135394327,
      "DYE886": 2.427730907093395,
      "CDF": 2.5880661010742188,
      "D0": 3.189988136291504,
      "ATLAS": 2.447265625,
      "CMS": 2.779167550509093,
      "LHCb": 1.5233668088912964,
      "total": 2.3942863941192627
    }
  },
  "7500": {
    "training_loss": 8028.65869140625,
    "validation_loss": [
      2804.701171875
    ],
    "validation_chi2s": {
      "DEUTERON": 2.2294180950715172,
      "NMC": 2.129363265692019,
      "NUCLEAR": 2.30916943359375,
      "HERACOMB": 2.4629805820440156,
      "DYE886": 2.45465105230158,
      "CDF": 2.5423148018973216,
      "D0": 3.2047637939453124,
      "ATLAS": 2.441393095871498,
      "CMS": 2.8002099209144466,
      "LHCb": 1.4595727920532227,
      "total": 2.3869409561157227
    }
  },
  "7600": {
    "training_loss": 8012.9443359375,
    "validation_loss": [
      2805.84912109375
    ],
    "validation_chi2s": {
      "DEUTERON": 2.2216640491390702,
      "NMC": 2.1336144840016082,
      "NUCLEAR": 2.309311767578125,
      "HERACOMB": 2.4575330946180554,
      "DYE886": 2.451420870694247,
      "CDF": 2.5264088766915456,
      "D0": 3.1928287506103517,
      "ATLAS": 2.4403760186557113,
      "CMS": 2.8160225289766907,
      "LHCb": 1.5429565906524658,
      "total": 2.387915849685669
    }
  },
  "7700": {
    "training_loss": 8047.54638671875,
    "validation_loss": [
      2798.31640625
    ],
    "validation_chi2s": {
      "DEUTERON": 2.203299754887671,
      "NMC": 2.1268000883214615,
      "NUCLEAR": 2.311255859375,
      "HERACOMB": 2.455603107128268,
      "DYE886": 2.3980816927823154,
      "CDF": 2.4669301169259206,
      "D0": 3.1954166412353517,
      "ATLAS": 2.4375099971376617,
      "CMS": 2.8074846111360143,
      "LHCb": 1.5340266227722168,
      "total": 2.381504774093628
    }
  },
  "7800": {
    "training_loss": 8007.15283203125,
    "validation_loss": [
      2811.79736328125
    ],
    "validation_chi2s": {
      "DEUTERON": 2.204639491750233,
      "NMC": 2.1304399078967524,
      "NUCLEAR": 2.3044921875,
      "HERACOMB": 2.454273697597529,
      "DYE886": 2.311338251287287,
      "CDF": 2.4359103611537387,
      "D0": 3.3324958801269533,
      "ATLAS": 2.437242880634878,
      "CMS": 2.8991574146708503,
      "LHCb": 1.674659013748169,
      "total": 2.392772912979126
    }
  },
  "7900": {
    "training_loss": 8015.72509765625,
    "validation_loss": [
      2800.141845703125
    ],
    "validation_chi2s": {
      "DEUTERON": 2.210571440891247,
      "NMC": 2.1263720942478552,
      "NUCLEAR": 2.3074697265625,
      "HERACOMB": 2.4528399698095384,
      "DYE886": 2.4754201715642754,
      "CDF": 2.5085013253348216,
      "D0": 3.199360656738281,
      "ATLAS": 2.404376501324533,
      "CMS": 2.845832949779073,
      "LHCb": 1.5726406574249268,
      "total": 2.3830606937408447
    }
  },
  "8000": {
    "training_loss": 8019.021484375,
    "validation_loss": [
      2809.881591796875
    ],
    "validation_chi2s": {
      "DEUTERON": 2.2108996946420243,
      "NMC": 2.1116922415939032,
      "NUCLEAR": 2.29885009765625,
      "HERACOMB": 2.4444992963005516,
      "DYE886": 2.325708736072887,
      "CDF": 2.3978966304234097,
      "D0": 3.280137634277344,
      "ATLAS": 2.472589777803969,
      "CMS": 2.870331060690958,
      "LHCb": 1.6767656803131104,
      "total": 2.3911798000335693
    }
  },
  "8100": {
    "training_loss": 8024.1533203125,
    "validation_loss": [
      2815.057373046875
    ],
    "validation_chi2s": {
      "DEUTERON": 2.232774117692786,
      "NMC": 2.1184925752527572,
      "NUCLEAR": 2.29766015625,
      "HERACOMB": 2.4429036059410745,
      "DYE886": 2.3187600916082207,
      "CDF": 2.4244488307407925,
      "D0": 3.2722457885742187,
      "ATLAS": 2.4713959091011133,
      "CMS": 2.8814031882364244,
      "LHCb": 1.6813509464263916,
      "total": 2.395606756210327
    }
  },
  "8200": {
    "training_loss": 8018.22216796875,
    "validation_loss": [
      2799.9892578125
    ],
    "validation_chi2s": {
      "DEUTERON": 2.1980950654442633,
      "NMC": 2.131299187155331,
      "NUCLEAR": 2.308776611328125,
      "HERACOMB": 2.458395764718648,
      "DYE886": 2.357161608609286,
      "CDF": 2.4846720014299666,
      "D0": 3.2552490234375,
      "ATLAS": 2.4052767698792206,
      "CMS": 2.855736654312884,
      "LHCb": 1.597422480583191,
      "total": 2.3828210830688477
    }
  },
  "8300": {
    "training_loss": 8010.421875,
    "validation_loss": [
      2806.3232421875
    ],
    "validation_chi2s": {
      "DEUTERON": 2.2141728187674907,
      "NMC": 2.121135188084023,
      "NUCLEAR": 2.311920654296875,
      "HERACOMB": 2.4717784208409928,
      "DYE886": 2.5590294924649326,
      "CDF": 2.5197266169956754,
      "D0": 3.195608711242676,
      "ATLAS": 2.43945347577676,
      "CMS": 2.783697659852075,
      "LHCb": 1.5235282182693481,
      "total": 2.388334274291992
    }
  },
  "8400": {
    "training_loss": 8020.31396484375,
    "validation_loss": [
      2810.09375
    ],
    "validation_chi2s": {
      "DEUTERON": 2.2319232693952116,
      "NMC": 2.1244708790498623,
      "NUCLEAR": 2.314347900390625,
      "HERACOMB": 2.4584721583946076,
      "DYE886": 2.4834955388849433,
      "CDF": 2.4741804940359935,
      "D0": 3.1850650787353514,
      "ATLAS": 2.462000178194594,
      "CMS": 2.790347490154329,
      "LHCb": 1.5496594905853271,
      "total": 2.3915321826934814
    }
  },
  "8500": {
    "training_loss": 8018.95458984375,
    "validation_loss": [
      2806.817138671875
    ],
    "validation_chi2s": {
      "DEUTERON": 2.2366390702736316,
      "NMC": 2.135175817153033,
      "NUCLEAR": 2.308858642578125,
      "HERACOMB": 2.45600901086346,
      "DYE886": 2.48782695423473,
      "CDF": 2.5212533133370534,
      "D0": 3.203059768676758,
      "ATLAS": 2.4193755401962105,
      "CMS": 2.8358937247854765,
      "LHCb": 1.5065184831619263,
      "total": 2.3887510299682617
    }
  },
  "8600": {
    "training_loss": 8014.47607421875,
    "validation_loss": [
      2806.968994140625
    ],
    "validation_chi2s": {
      "DEUTERON": 2.2061102568213617,
      "NMC": 2.1378179811963847,
      "NUCLEAR": 2.30909716796875,
      "HERACOMB": 2.459658155254289,
      "DYE886": 2.377643758600408,
      "CDF": 2.4427201407296315,
      "D0": 3.276401901245117,
      "ATLAS": 2.424125759080909,
      "CMS": 2.8729990974801485,
      "LHCb": 1.5588887929916382,
      "total": 2.3887200355529785
    }
  },
  "8700": {
    "training_loss": 8003.63623046875,
    "validation_loss": [
      2801.984619140625
    ],
    "validation_chi2s": {
      "DEUTERON": 2.177196142092273,
      "NMC": 2.127930435479856,
      "NUCLEAR": 2.310700439453125,
      "HERACOMB": 2.4701713611877043,
      "DYE886": 2.3415875868363814,
      "CDF": 2.4095567975725447,
      "D0": 3.252656173706055,
      "ATLAS": 2.423801992131376,
      "CMS": 2.8315532246574024,
      "LHCb": 1.6748385429382324,
      "total": 2.3841552734375
    }
  },
  "8800": {
    "training_loss": 8008.1552734375,
    "validation_loss": [
      2809.810791015625
    ],
    "validation_chi2s": {
      "DEUTERON": 2.216847130315221,
      "NMC": 2.1278004365808822,
      "NUCLEAR": 2.3009638671875,
      "HERACOMB": 2.459708419500613,
      "DYE886": 2.3226545507257637,
      "CDF": 2.418838228498186,
      "D0": 3.451478958129883,
      "ATLAS": 2.4351906612001617,
      "CMS": 2.8748346547611425,
      "LHCb": 1.580749273300171,
      "total": 2.3911471366882324
    }
  },
  "8900": {
    "training_loss": 8004.61669921875,
    "validation_loss": [
      2807.14306640625
    ],
    "validation_chi2s": {
      "DEUTERON": 2.2245147856906873,
      "NMC": 2.122341380399816,
      "NUCLEAR": 2.314083740234375,
      "HERACOMB": 2.478119295406965,
      "DYE886": 2.656030308116566,
      "CDF": 2.5404916490827287,
      "D0": 3.1891386032104494,
      "ATLAS": 2.394414616727281,
      "CMS": 2.798495183225538,
      "LHCb": 1.5236917734146118,
      "total": 2.389023542404175
    }
  },
  "9000": {
    "training_loss": 8009.3056640625,
    "validation_loss": [
      2808.0966796875
    ],
    "validation_chi2s": {
      "DEUTERON": 2.1948535216981497,
      "NMC": 2.1037361294615504,
      "NUCLEAR": 2.306066162109375,
      "HERACOMB": 2.465509152879902,
      "DYE886": 2.3533505526455967,
      "CDF": 2.3914715903145924,
      "D0": 3.275699234008789,
      "ATLAS": 2.4511515299479165,
      "CMS": 2.8328402159643953,
      "LHCb": 1.7267272472381592,
      "total": 2.389831304550171
    }
  },
  "9100": {
    "training_loss": 8015.7529296875,
    "validation_loss": [
      2802.964599609375
    ],
    "validation_chi2s": {
      "DEUTERON": 2.2110694391810477,
      "NMC": 2.106205061370251,
      "NUCLEAR": 2.3165888671875,
      "HERACOMB": 2.4797199722988155,
      "DYE886": 2.506484118374911,
      "CDF": 2.5076866149902344,
      "D0": 3.2235218048095704,
      "ATLAS": 2.3913132240032327,
      "CMS": 2.8246710105020494,
      "LHCb": 1.484710693359375,
      "total": 2.385467052459717
    }
  },
  "9200": {
    "training_loss": 8021.2705078125,
    "validation_loss": [
      2803.421875
    ],
    "validation_chi2s": {
      "DEUTERON": 2.208286418250544,
      "NMC": 2.116900724523208,
      "NUCLEAR": 2.31366748046875,
      "HERACOMB": 2.4696162604039014,
      "DYE886": 2.540538094260476,
      "CDF": 2.4691600799560547,
      "D0": 3.2008895874023438,
      "ATLAS": 2.400434647483387,
      "CMS": 2.820718483846696,
      "LHCb": 1.576521873474121,
      "total": 2.3858587741851807
    }
  },
  "9300": {
    "training_loss": 8037.4443359375,
    "validation_loss": [
      2815.40625
    ],
    "validation_chi2s": {
      "DEUTERON": 2.2307370313957557,
      "NMC": 2.113729439529718,
      "NUCLEAR": 2.30796044921875,
      "HERACOMB": 2.4539683223549837,
      "DYE886": 2.45895732532848,
      "CDF": 2.422717775617327,
      "D0": 3.338407516479492,
      "ATLAS": 2.455584120476383,
      "CMS": 2.880062165807505,
      "LHCb": 1.505868673324585,
      "total": 2.3960423469543457
    }
  },
  "9400": {
    "training_loss": 8032.73779296875,
    "validation_loss": [
      2809.4140625
    ],
    "validation_chi2s": {
      "DEUTERON": 2.22850681893268,
      "NMC": 2.1092367733226105,
      "NUCLEAR": 2.30576025390625,
      "HERACOMB": 2.480373606962316,
      "DYE886": 2.4887332916259766,
      "CDF": 2.485717228480748,
      "D0": 3.248790740966797,
      "ATLAS": 2.4313805240324173,
      "CMS": 2.8042479968461835,
      "LHCb": 1.5193673372268677,
      "total": 2.390956163406372
    }
  },
  "9500": {
    "training_loss": 8017.30224609375,
    "validation_loss": [
      2810.468505859375
    ],
    "validation_chi2s": {
      "DEUTERON": 2.2165302637204602,
      "NMC": 2.0944695566214766,
      "NUCLEAR": 2.31569189453125,
      "HERACOMB": 2.489799748838337,
      "DYE886": 2.478394248268821,
      "CDF": 2.5298235757010326,
      "D0": 3.188162994384766,
      "ATLAS": 2.4199941350125718,
      "CMS": 2.80047357277792,
      "LHCb": 1.5760658979415894,
      "total": 2.3918533325195312
    }
  },
  "9600": {
    "training_loss": 8020.46337890625,
    "validation_loss": [
      2806.8740234375
    ],
    "validation_chi2s": {
      "DEUTERON": 2.219851517558691,
      "NMC": 2.0964463177849266,
      "NUCLEAR": 2.313538818359375,
      "HERACOMB": 2.479299308427798,
      "DYE886": 2.554301521994851,
      "CDF": 2.5433921813964844,
      "D0": 3.233650970458984,
      "ATLAS": 2.4181746559581536,
      "CMS": 2.796809212106173,
      "LHCb": 1.511527180671692,
      "total": 2.38879656791687
    }
  },
  "9700": {
    "training_loss": 8014.5048828125,
    "validation_loss": [
      2800.6669921875
    ],
    "validation_chi2s": {
      "DEUTERON": 2.190253566153607,
      "NMC": 2.079376968682981,
      "NUCLEAR": 2.32911767578125,
      "HERACOMB": 2.47154225866779,
      "DYE886": 2.4142107530073686,
      "CDF": 2.4553113664899553,
      "D0": 3.5343212127685546,
      "ATLAS": 2.420264759282956,
      "CMS": 2.803076822249616,
      "LHCb": 1.4579217433929443,
      "total": 2.3831987380981445
    }
  },
  "9800": {
    "training_loss": 8018.05810546875,
    "validation_loss": [
      2801.828857421875
    ],
    "validation_chi2s": {
      "DEUTERON": 2.2038322183030163,
      "NMC": 2.0782952402152266,
      "NUCLEAR": 2.319468505859375,
      "HERACOMB": 2.468498479307087,
      "DYE886": 2.484486839988015,
      "CDF": 2.4956447056361606,
      "D0": 3.510050964355469,
      "ATLAS": 2.4376318920617814,
      "CMS": 2.784293503057761,
      "LHCb": 1.4503227472305298,
      "total": 2.3843929767608643
    }
  },
  "9900": {
    "training_loss": 8018.46875,
    "validation_loss": [
      2814.8837890625
    ],
    "validation_chi2s": {
      "DEUTERON": 2.2111351810284514,
      "NMC": 2.0919563443053004,
      "NUCLEAR": 2.309270751953125,
      "HERACOMB": 2.4745198168785745,
      "DYE886": 2.367172588001598,
      "CDF": 2.5205655779157365,
      "D0": 3.4113418579101564,
      "ATLAS": 2.441729841561153,
      "CMS": 2.862884521484375,
      "LHCb": 1.5944026708602905,
      "total": 2.3954362869262695
    }
  },
  "10000": {
    "training_loss": 8023.21044921875,
    "validation_loss": [
      2820.0029296875
    ],
    "validation_chi2s": {
      "DEUTERON": 2.2000463684993004,
      "NMC": 2.0915115954829195,
      "NUCLEAR": 2.30416748046875,
      "HERACOMB": 2.4756657220179736,
      "DYE886": 2.327013535933061,
      "CDF": 2.408820561000279,
      "D0": 3.243813323974609,
      "ATLAS": 2.516290072737069,
      "CMS": 2.8463302362160605,
      "LHCb": 1.6217347383499146,
      "total": 2.399955987930298
    }
  },
  "10100": {
    "training_loss": 8036.81689453125,
    "validation_loss": [
      2806.67333984375
    ],
    "validation_chi2s": {
      "DEUTERON": 2.2133514252468127,
      "NMC": 2.10356918035769,
      "NUCLEAR": 2.28845849609375,
      "HERACOMB": 2.4647990706699345,
      "DYE886": 2.3012523651123047,
      "CDF": 2.5798963819231306,
      "D0": 3.172588348388672,
      "ATLAS": 2.4812544899425286,
      "CMS": 2.8254809770427767,
      "LHCb": 1.6007651090621948,
      "total": 2.38858962059021
    }
  },
  "10200": {
    "training_loss": 8215.6044921875,
    "validation_loss": [
      2816.965087890625
    ],
    "validation_chi2s": {
      "DEUTERON": 2.2787733694807213,
      "NMC": 2.140311446844363,
      "NUCLEAR": 2.292134033203125,
      "HERACOMB": 2.4735971089282067,
      "DYE886": 2.3364519639448686,
      "CDF": 2.855605806623186,
      "D0": 3.20174560546875,
      "ATLAS": 2.424835731243265,
      "CMS": 2.8182373046875,
      "LHCb": 1.5823875665664673,
      "total": 2.3973915576934814
    }
  },
  "10300": {
    "training_loss": 8039.9677734375,
    "validation_loss": [
      2805.8525390625
    ],
    "validation_chi2s": {
      "DEUTERON": 2.1993150094255287,
      "NMC": 2.118564530914905,
      "NUCLEAR": 2.308871826171875,
      "HERACOMB": 2.485694635927288,
      "DYE886": 2.2817202481356533,
      "CDF": 2.6482840946742465,
      "D0": 3.1783779144287108,
      "ATLAS": 2.450519956391433,
      "CMS": 2.7944165839523567,
      "LHCb": 1.545034646987915,
      "total": 2.3874213695526123
    }
  },
  "10400": {
    "training_loss": 8025.7490234375,
    "validation_loss": [
      2804.5068359375
    ],
    "validation_chi2s": {
      "DEUTERON": 2.185729828640003,
      "NMC": 2.1154879401711857,
      "NUCLEAR": 2.3000263671875,
      "HERACOMB": 2.4786785848779616,
      "DYE886": 2.2976091558283027,
      "CDF": 2.656963893345424,
      "D0": 3.253417205810547,
      "ATLAS": 2.427990266646462,
      "CMS": 2.842593333760246,
      "LHCb": 1.6286851167678833,
      "total": 2.386186122894287
    }
  },
  "10500": {
    "training_loss": 8021.18701171875,
    "validation_loss": [
      2805.878173828125
    ],
    "validation_chi2s": {
      "DEUTERON": 2.1795217030083953,
      "NMC": 2.1137059529622397,
      "NUCLEAR": 2.31680126953125,
      "HERACOMB": 2.481528487859988,
      "DYE886": 2.248231887817383,
      "CDF": 2.554522378104074,
      "D0": 3.283535385131836,
      "ATLAS": 2.4455703209186423,
      "CMS": 2.814663746317879,
      "LHCb": 1.6219114065170288,
      "total": 2.3875985145568848
    }
  },
  "10600": {
    "training_loss": 8027.2080078125,
    "validation_loss": [
      2808.84521484375
    ],
    "validation_chi2s": {
      "DEUTERON": 2.2035733502895676,
      "NMC": 2.092049243403416,
      "NUCLEAR": 2.299292724609375,
      "HERACOMB": 2.463691462099163,
      "DYE886": 2.309625105424361,
      "CDF": 2.544045857020787,
      "D0": 3.249435806274414,
      "ATLAS": 2.4831697310524423,
      "CMS": 2.8181817727010756,
      "LHCb": 1.6722030639648438,
      "total": 2.3905022144317627
    }
  },
  "10700": {
    "training_loss": 8240.24169921875,
    "validation_loss": [
      2808.4716796875
    ],
    "validation_chi2s": {
      "DEUTERON": 2.2351783258997977,
      "NMC": 2.1196829103956034,
      "NUCLEAR": 2.320258056640625,
      "HERACOMB": 2.4749157475490198,
      "DYE886": 2.346809733997692,
      "CDF": 2.6164210183279857,
      "D0": 3.2106597900390623,
      "ATLAS": 2.4486217279543823,
      "CMS": 2.7687855704886015,
      "LHCb": 1.4916740655899048,
      "total": 2.3901278972625732
    }
  },
  "10800": {
    "training_loss": 8165.90869140625,
    "validation_loss": [
      2808.7705078125
    ],
    "validation_chi2s": {
      "DEUTERON": 2.2353133016557836,
      "NMC": 2.1053351607977175,
      "NUCLEAR": 2.313581298828125,
      "HERACOMB": 2.4675542295368667,
      "DYE886": 2.2807748967950996,
      "CDF": 2.603299004690988,
      "D0": 3.222026824951172,
      "ATLAS": 2.450067103594199,
      "CMS": 2.8167359399013834,
      "LHCb": 1.5013402700424194,
      "total": 2.3904287815093994
    }
  },
  "10900": {
    "training_loss": 8016.94287109375,
    "validation_loss": [
      2812.605712890625
    ],
    "validation_chi2s": {
      "DEUTERON": 2.2395901656269435,
      "NMC": 2.0977495978860294,
      "NUCLEAR": 2.311862548828125,
      "HERACOMB": 2.4682878481796364,
      "DYE886": 2.573941317471591,
      "CDF": 2.6396094730922153,
      "D0": 3.226628875732422,
      "ATLAS": 2.4441252960555855,
      "CMS": 2.797994394771388,
      "LHCb": 1.505566120147705,
      "total": 2.3936901092529297
    }
  },
  "11000": {
    "training_loss": 8021.9365234375,
    "validation_loss": [
      2801.85888671875
    ],
    "validation_chi2s": {
      "DEUTERON": 2.2034139301053326,
      "NMC": 2.087381400314032,
      "NUCLEAR": 2.308226318359375,
      "HERACOMB": 2.4648365693933822,
      "DYE886": 2.361399910666726,
      "CDF": 2.5704661778041293,
      "D0": 3.2030738830566405,
      "ATLAS": 2.4437045393318964,
      "CMS": 2.8234182889344264,
      "LHCb": 1.549314022064209,
      "total": 2.384556293487549
    }
  },
  "11100": {
    "training_loss": 8043.48583984375,
    "validation_loss": [
      2827.531494140625
    ],
    "validation_chi2s": {
      "DEUTERON": 2.3068533370743936,
      "NMC": 2.1105641383750764,
      "NUCLEAR": 2.2904833984375,
      "HERACOMB": 2.4754957809946894,
      "DYE886": 2.32498481056907,
      "CDF": 2.8532943725585938,
      "D0": 3.2312877655029295,
      "ATLAS": 2.404485066731771,
      "CMS": 2.906530411517034,
      "LHCb": 1.5520180463790894,
      "total": 2.4063966274261475
    }
  },
  "11200": {
    "training_loss": 8000.1142578125,
    "validation_loss": [
      2811.398193359375
    ],
    "validation_chi2s": {
      "DEUTERON": 2.255061363106343,
      "NMC": 2.1062482946059284,
      "NUCLEAR": 2.312528076171875,
      "HERACOMB": 2.491082683887357,
      "DYE886": 2.453445781360973,
      "CDF": 2.7905782972063338,
      "D0": 3.2146347045898436,
      "ATLAS": 2.377545060782597,
      "CMS": 2.8246955246221823,
      "LHCb": 1.4479413032531738,
      "total": 2.3926684856414795
    }
  },
  "11300": {
    "training_loss": 8060.32861328125,
    "validation_loss": [
      2813.592529296875
    ],
    "validation_chi2s": {
      "DEUTERON": 2.237378628099736,
      "NMC": 2.100433200013404,
      "NUCLEAR": 2.296157470703125,
      "HERACOMB": 2.4607783298866424,
      "DYE886": 2.4732288013805044,
      "CDF": 2.5650433131626675,
      "D0": 3.1914243698120117,
      "ATLAS": 2.4878252402119254,
      "CMS": 2.801326564100922,
      "LHCb": 1.5873677730560303,
      "total": 2.3945465087890625
    }
  },
  "11400": {
    "training_loss": 8010.85009765625,
    "validation_loss": [
      2803.451904296875
    ],
    "validation_chi2s": {
      "DEUTERON": 2.21777784053366,
      "NMC": 2.0940776151769303,
      "NUCLEAR": 2.300875732421875,
      "HERACOMB": 2.470349480124081,
      "DYE886": 2.374601190740412,
      "CDF": 2.6422713143484935,
      "D0": 3.1966379165649412,
      "ATLAS": 2.4489644368489585,
      "CMS": 2.797090374055456,
      "LHCb": 1.5515801906585693,
      "total": 2.3859031200408936
    }
  },
  "11500": {
    "training_loss": 8016.1142578125,
    "validation_loss": [
      2814.3095703125
    ],
    "validation_chi2s": {
      "DEUTERON": 2.251371924556903,
      "NMC": 2.1082476447610294,
      "NUCLEAR": 2.303610595703125,
      "HERACOMB": 2.4763163647620505,
      "DYE886": 2.337234843860973,
      "CDF": 2.6150910513741628,
      "D0": 3.1945220947265627,
      "ATLAS": 2.461925111967942,
      "CMS": 2.7883660988729506,
      "LHCb": 1.5710934400558472,
      "total": 2.3950657844543457
    }
  },
  "11600": {
    "training_loss": 8018.8974609375,
    "validation_loss": [
      2803.04931640625
    ],
    "validation_chi2s": {
      "DEUTERON": 2.1950604642801617,
      "NMC": 2.0937567318187043,
      "NUCLEAR": 2.302363037109375,
      "HERACOMB": 2.4739389855877247,
      "DYE886": 2.3731699856844815,
      "CDF": 2.5566700526646207,
      "D0": 3.2119186401367186,
      "ATLAS": 2.4558203686242814,
      "CMS": 2.7831330846567623,
      "LHCb": 1.667620062828064,
      "total": 2.3855738639831543
    }
  },
  "11700": {
    "training_loss": 8046.849609375,
    "validation_loss": [
      2811.6220703125
    ],
    "validation_chi2s": {
      "DEUTERON": 2.2298240851407027,
      "NMC": 2.1106426762599573,
      "NUCLEAR": 2.294055908203125,
      "HERACOMB": 2.47395334680096,
      "DYE886": 2.4116878509521484,
      "CDF": 2.649886812482561,
      "D0": 3.2083053588867188,
      "ATLAS": 2.450409812488775,
      "CMS": 2.817472614225794,
      "LHCb": 1.6076891422271729,
      "total": 2.3928675651550293
    }
  },
  "11800": {
    "training_loss": 8003.8125,
    "validation_loss": [
      2814.502197265625
    ],
    "validation_chi2s": {
      "DEUTERON": 2.2351567662177394,
      "NMC": 2.1113958919749543,
      "NUCLEAR": 2.31393798828125,
      "HERACOMB": 2.485263600068934,
      "DYE886": 2.563118501143022,
      "CDF": 2.709193910871233,
      "D0": 3.1953990936279295,
      "ATLAS": 2.409448908663344,
      "CMS": 2.800564375080046,
      "LHCb": 1.573033332824707,
      "total": 2.3953020572662354
    }
  },
  "11900": {
    "training_loss": 8005.81982421875,
    "validation_loss": [
      2811.497802734375
    ],
    "validation_chi2s": {
      "DEUTERON": 2.2309515654151117,
      "NMC": 2.104934991574755,
      "NUCLEAR": 2.297739013671875,
      "HERACOMB": 2.46623299791922,
      "DYE886": 2.366405487060547,
      "CDF": 2.598872593470982,
      "D0": 3.216951370239258,
      "ATLAS": 2.4612263646619073,
      "CMS": 2.8076682168929303,
      "LHCb": 1.6682151556015015,
      "total": 2.392739772796631
    }
  },
  "12000": {
    "training_loss": 8015.34130859375,
    "validation_loss": [
      2806.883544921875
    ],
    "validation_chi2s": {
      "DEUTERON": 2.1998603782843595,
      "NMC": 2.112370958515242,
      "NUCLEAR": 2.321800048828125,
      "HERACOMB": 2.481732536764706,
      "DYE886": 2.3495877005837182,
      "CDF": 2.5394862038748607,
      "D0": 3.285867691040039,
      "ATLAS": 2.4198818864493536,
      "CMS": 2.8151422719486425,
      "LHCb": 1.5619635581970215,
      "total": 2.388577461242676
    }
  },
  "12100": {
    "training_loss": 8046.7744140625,
    "validation_loss": [
      2811.73681640625
    ],
    "validation_chi2s": {
      "DEUTERON": 2.2265784420184236,
      "NMC": 2.120401419845282,
      "NUCLEAR": 2.307978271484375,
      "HERACOMB": 2.4710795084635415,
      "DYE886": 2.3975819674405185,
      "CDF": 2.562669209071568,
      "D0": 3.1926025390625,
      "ATLAS": 2.475854281721444,
      "CMS": 2.7811754570632683,
      "LHCb": 1.56859290599823,
      "total": 2.3929669857025146
    }
  },
  "12200": {
    "training_loss": 8016.1201171875,
    "validation_loss": [
      2815.1640625
    ],
    "validation_chi2s": {
      "DEUTERON": 2.2101847330729165,
      "NMC": 2.1235258812997855,
      "NUCLEAR": 2.321979736328125,
      "HERACOMB": 2.4717951755897674,
      "DYE886": 2.2776912342418325,
      "CDF": 2.5073999677385603,
      "D0": 3.331098175048828,
      "ATLAS": 2.464446846095995,
      "CMS": 2.83452868852459,
      "LHCb": 1.5668401718139648,
      "total": 2.3958709239959717
    }
  },
  "12300": {
    "training_loss": 8011.47119140625,
    "validation_loss": [
      2806.9228515625
    ],
    "validation_chi2s": {
      "DEUTERON": 2.1928870357684236,
      "NMC": 2.112702911975337,
      "NUCLEAR": 2.310828369140625,
      "HERACOMB": 2.4790031084048203,
      "DYE886": 2.298815120350231,
      "CDF": 2.6053668430873325,
      "D0": 3.298064422607422,
      "ATLAS": 2.4282389673693427,
      "CMS": 2.835845697121542,
      "LHCb": 1.6133021116256714,
      "total": 2.3886849880218506
    }
  },
  "12400": {
    "training_loss": 8010.35205078125,
    "validation_loss": [
      2811.50244140625
    ],
    "validation_chi2s": {
      "DEUTERON": 2.22686084348764,
      "NMC": 2.1286036173502603,
      "NUCLEAR": 2.317219482421875,
      "HERACOMB": 2.479647368387459,
      "DYE886": 2.488911195234819,
      "CDF": 2.712611607142857,
      "D0": 3.19872989654541,
      "ATLAS": 2.4024135545752516,
      "CMS": 2.817203459192495,
      "LHCb": 1.5565338134765625,
      "total": 2.392760992050171
    }
  },
  "12500": {
    "training_loss": 8064.52685546875,
    "validation_loss": [
      2816.92431640625
    ],
    "validation_chi2s": {
      "DEUTERON": 2.2468255645600124,
      "NMC": 2.1211821612189796,
      "NUCLEAR": 2.307302978515625,
      "HERACOMB": 2.4566656374463847,
      "DYE886": 2.4172486391934482,
      "CDF": 2.58544431413923,
      "D0": 3.216015625,
      "ATLAS": 2.45764125078574,
      "CMS": 2.8207227362961067,
      "LHCb": 1.6678438186645508,
      "total": 2.3973824977874756
    }
  },
  "12600": {
    "training_loss": 8058.80078125,
    "validation_loss": [
      2841.655517578125
    ],
    "validation_chi2s": {
      "DEUTERON": 2.2699135547846705,
      "NMC": 2.1254241045783546,
      "NUCLEAR": 2.322507568359375,
      "HERACOMB": 2.478261511310253,
      "DYE886": 2.2457589236172764,
      "CDF": 2.3932277134486606,
      "D0": 3.3769298553466798,
      "ATLAS": 2.499151997182561,
      "CMS": 2.887970721135374,
      "LHCb": 1.5910511016845703,
      "total": 2.418426752090454
    }
  },
  "12700": {
    "training_loss": 8030.748046875,
    "validation_loss": [
      2813.4794921875
    ],
    "validation_chi2s": {
      "DEUTERON": 2.182654385542988,
      "NMC": 2.128528968960631,
      "NUCLEAR": 2.3291630859375,
      "HERACOMB": 2.4915968951056984,
      "DYE886": 2.3717177997935903,
      "CDF": 2.4229583740234375,
      "D0": 3.383400726318359,
      "ATLAS": 2.4471730199353448,
      "CMS": 2.8025287565637806,
      "LHCb": 1.5658496618270874,
      "total": 2.3938589096069336
    }
  },
  "12800": {
    "training_loss": 8028.2216796875,
    "validation_loss": [
      2815.112548828125
    ],
    "validation_chi2s": {
      "DEUTERON": 2.223517270823616,
      "NMC": 2.0970149320714615,
      "NUCLEAR": 2.304781494140625,
      "HERACOMB": 2.4741835251353144,
      "DYE886": 2.3933755701238457,
      "CDF": 2.4836839948381697,
      "D0": 3.214000701904297,
      "ATLAS": 2.491630992670169,
      "CMS": 2.802975764040087,
      "LHCb": 1.5698177814483643,
      "total": 2.395822286605835
    }
  },
  "12900": {
    "training_loss": 8009.1689453125,
    "validation_loss": [
      2810.27197265625
    ],
    "validation_chi2s": {
      "DEUTERON": 2.187865907280006,
      "NMC": 2.1075354183421418,
      "NUCLEAR": 2.32512158203125,
      "HERACOMB": 2.4902814478656046,
      "DYE886": 2.2837494936856357,
      "CDF": 2.5447161538260326,
      "D0": 3.3696414947509767,
      "ATLAS": 2.457780684547863,
      "CMS": 2.805303604876409,
      "LHCb": 1.4914896488189697,
      "total": 2.3914318084716797
    }
  },
  "13000": {
    "training_loss": 8040.814453125,
    "validation_loss": [
      2795.8037109375
    ],
    "validation_chi2s": {
      "DEUTERON": 2.1742195395094837,
      "NMC": 2.1222661336263022,
      "NUCLEAR": 2.32259765625,
      "HERACOMB": 2.479430952882455,
      "DYE886": 2.3543515638871626,
      "CDF": 2.5195304325648715,
      "D0": 3.1966232299804687,
      "ATLAS": 2.4782637672862786,
      "CMS": 2.7186446893410605,
      "LHCb": 1.465721845626831,
      "total": 2.3794069290161133
    }
  }
}