{
  "100": {
    "training_loss": 267.875,
    "validation_loss": [
      212.16299438476562
    ],
    "validation_chi2s": {
      "DEUTERON": 2.9517423629760744,
      "ATLAS": 8.553937045010654,
      "total": 4.160058498382568
    }
  },
  "200": {
    "training_loss": 230.76341247558594,
    "validation_loss": [
      133.63986206054688
    ],
    "validation_chi2s": {
      "DEUTERON": 3.059164047241211,
      "ATLAS": 1.024845296686346,
      "total": 2.620389461517334
    }
  },
  "300": {
    "training_loss": 229.9734649658203,
    "validation_loss": [
      121.22100830078125
    ],
    "validation_chi2s": {
      "DEUTERON": 2.7521188735961912,
      "ATLAS": 1.01238675550981,
      "total": 2.376882553100586
    }
  },
  "400": {
    "training_loss": 284.25762939453125,
    "validation_loss": [
      110.12252044677734
    ],
    "validation_chi2s": {
      "DEUTERON": 2.4835920333862305,
      "ATLAS": 0.9798943779685281,
      "total": 2.1592650413513184
    }
  },
  "500": {
    "training_loss": 217.26345825195312,
    "validation_loss": [
      108.5230484008789
    ],
    "validation_chi2s": {
      "DEUTERON": 2.4236370086669923,
      "ATLAS": 1.052506533536044,
      "total": 2.1279029846191406
    }
  },
  "600": {
    "training_loss": 217.9688720703125,
    "validation_loss": [
      110.11924743652344
    ],
    "validation_chi2s": {
      "DEUTERON": 2.4967863082885744,
      "ATLAS": 0.931617563421076,
      "total": 2.15920090675354
    }
  },
  "700": {
    "training_loss": 218.5701141357422,
    "validation_loss": [
      107.0068359375
    ],
    "validation_chi2s": {
      "DEUTERON": 2.4169483184814453,
      "ATLAS": 0.9389915466308594,
      "total": 2.098173141479492
    }
  },
  "800": {
    "training_loss": 213.4432373046875,
    "validation_loss": [
      105.04753112792969
    ],
    "validation_chi2s": {
      "DEUTERON": 2.354938507080078,
      "ATLAS": 0.9863626306707208,
      "total": 2.059755563735962
    }
  },
  "900": {
    "training_loss": 210.94398498535156,
    "validation_loss": [
      102.15457153320312
    ],
    "validation_chi2s": {
      "DEUTERON": 2.2586830139160154,
      "ATLAS": 1.073386712507768,
      "total": 2.003030776977539
    }
  }
}