{
  "100": {
    "training_loss": 11596.21875,
    "validation_loss": [
      167.323486328125
    ],
    "validation_chi2s": {
      "DEUTERON": 3.460617446899414,
      "ATLAS": 2.6271624131636186,
      "total": 3.2808525562286377
    }
  },
  "200": {
    "training_loss": 294.03515625,
    "validation_loss": [
      143.23719787597656
    ],
    "validation_chi2s": {
      "DEUTERON": 2.9137182235717773,
      "ATLAS": 2.426224101673473,
      "total": 2.80857253074646
    }
  },
  "300": {
    "training_loss": 259.4921875,
    "validation_loss": [
      120.78411102294922
    ],
    "validation_chi2s": {
      "DEUTERON": 2.3376644134521483,
      "ATLAS": 2.4797758622602983,
      "total": 2.3683159351348877
    }
  },
  "400": {
    "training_loss": 248.96026611328125,
    "validation_loss": [
      114.43550109863281
    ],
    "validation_chi2s": {
      "DEUTERON": 2.1535736083984376,
      "ATLAS": 2.572050441395153,
      "total": 2.243833303451538
    }
  },
  "500": {
    "training_loss": 240.99603271484375,
    "validation_loss": [
      112.97769927978516
    ],
    "validation_chi2s": {
      "DEUTERON": 2.102303886413574,
      "ATLAS": 2.6259585293856533,
      "total": 2.2152490615844727
    }
  },
  "600": {
    "training_loss": 235.61727905273438,
    "validation_loss": [
      113.49388122558594
    ],
    "validation_chi2s": {
      "DEUTERON": 2.10021915435791,
      "ATLAS": 2.6804650046608667,
      "total": 2.225370168685913
    }
  },
  "700": {
    "training_loss": 234.636474609375,
    "validation_loss": [
      110.78807067871094
    ],
    "validation_chi2s": {
      "DEUTERON": 2.0421260833740233,
      "ATLAS": 2.645729758522727,
      "total": 2.1723151206970215
    }
  },
  "800": {
    "training_loss": 233.04168701171875,
    "validation_loss": [
      110.42507934570312
    ],
    "validation_chi2s": {
      "DEUTERON": 2.0283586502075197,
      "ATLAS": 2.6627941131591797,
      "total": 2.1651976108551025
    }
  },
  "900": {
    "training_loss": 231.86349487304688,
    "validation_loss": [
      110.21883392333984
    ],
    "validation_chi2s": {
      "DEUTERON": 2.031787300109863,
      "ATLAS": 2.631576884876598,
      "total": 2.161153793334961
    }
  }
}