{
  "100": {
    "training_loss": 495616.0,
    "validation_loss": [
      231846.390625
    ],
    "validation_chi2s": {
      "DEUTERON": 33.70206827192164,
      "NMC": 76.62540690104167,
      "NUCLEAR": 26.13964453125,
      "HERACOMB": 63.294270833333336,
      "DYE886": 348.4728338068182,
      "CDF": 60.372061593191965,
      "D0": 7944.090625,
      "ATLAS": 264.17555930397725,
      "CMS": 148.77694021177686,
      "LHCb": 567.20361328125,
      "total": 175.81829833984375
    }
  },
  "200": {
    "training_loss": 46080.0,
    "validation_loss": [
      13769.9375
    ],
    "validation_chi2s": {
      "DEUTERON": 12.183512369791666,
      "NMC": 7.191113640280331,
      "NUCLEAR": 5.6408984375,
      "HERACOMB": 9.765126346762663,
      "DYE886": 28.09634954279119,
      "CDF": 11.611579895019531,
      "D0": 7.604268646240234,
      "ATLAS": 15.609617753462357,
      "CMS": 11.674836970557852,
      "LHCb": 28.51032829284668,
      "total": 11.106894493103027
    }
  },
  "300": {
    "training_loss": 11964.0,
    "validation_loss": [
      3737.353759765625
    ],
    "validation_chi2s": {
      "DEUTERON": 4.393355184526586,
      "NMC": 3.005205042221967,
      "NUCLEAR": 2.4078232421875,
      "HERACOMB": 2.691803377438215,
      "DYE886": 3.278729872270064,
      "CDF": 2.639252253941127,
      "D0": 3.459519958496094,
      "ATLAS": 2.8783465298739346,
      "CMS": 3.1028941761363638,
      "LHCb": 5.874666213989258,
      "total": 3.109870672225952
    }
  },
  "400": {
    "training_loss": 8392.1376953125,
    "validation_loss": [
      2908.7294921875
    ],
    "validation_chi2s": {
      "DEUTERON": 2.4066543199529695,
      "NMC": 2.733408310834099,
      "NUCLEAR": 2.24277294921875,
      "HERACOMB": 2.5490126266978144,
      "DYE886": 1.934927680275657,
      "CDF": 2.5214805603027344,
      "D0": 2.253799057006836,
      "ATLAS": 2.2107377485795454,
      "CMS": 2.8838289118995353,
      "LHCb": 3.1430366039276123,
      "total": 2.4534010887145996
    }
  },
  "500": {
    "training_loss": 8244.8173828125,
    "validation_loss": [
      2838.782958984375
    ],
    "validation_chi2s": {
      "DEUTERON": 2.3339445958683145,
      "NMC": 2.6958929323682597,
      "NUCLEAR": 2.152224609375,
      "HERACOMB": 2.529125737208946,
      "DYE886": 2.0953698591752485,
      "CDF": 2.3441262926374162,
      "D0": 2.0853328704833984,
      "ATLAS": 2.2161341580477627,
      "CMS": 2.834197241412707,
      "LHCb": 2.846147060394287,
      "total": 2.4030582904815674
    }
  },
  "600": {
    "training_loss": 8190.2294921875,
    "validation_loss": [
      2834.10205078125
    ],
    "validation_chi2s": {
      "DEUTERON": 2.398101958469372,
      "NMC": 2.683482151405484,
      "NUCLEAR": 2.121872314453125,
      "HERACOMB": 2.532625884012459,
      "DYE886": 2.109664570201527,
      "CDF": 2.346494402204241,
      "D0": 2.0223163604736327,
      "ATLAS": 2.2263577201149682,
      "CMS": 2.801146704303332,
      "LHCb": 2.7158994674682617,
      "total": 2.4022748470306396
    }
  },
  "700": {
    "training_loss": 8176.080078125,
    "validation_loss": [
      2828.23291015625
    ],
    "validation_chi2s": {
      "DEUTERON": 2.424571630373523,
      "NMC": 2.676352108226103,
      "NUCLEAR": 2.105672607421875,
      "HERACOMB": 2.529404185176675,
      "DYE886": 2.164364381269975,
      "CDF": 2.3546175275530135,
      "D0": 1.9706693649291993,
      "ATLAS": 2.2372270063920454,
      "CMS": 2.7811365048747416,
      "LHCb": 2.6037144660949707,
      "total": 2.399355411529541
    }
  },
  "800": {
    "training_loss": 8159.11181640625,
    "validation_loss": [
      2867.544921875
    ],
    "validation_chi2s": {
      "DEUTERON": 2.6268152644978233,
      "NMC": 2.6780934053308822,
      "NUCLEAR": 2.10742822265625,
      "HERACOMB": 2.534969354766646,
      "DYE886": 2.123553015969016,
      "CDF": 2.375037057059152,
      "D0": 1.9639474868774414,
      "ATLAS": 2.241251165216619,
      "CMS": 2.7739797544873452,
      "LHCb": 2.5440711975097656,
      "total": 2.433363199234009
    }
  },
  "900": {
    "training_loss": 8151.3798828125,
    "validation_loss": [
      2860.94482421875
    ],
    "validation_chi2s": {
      "DEUTERON": 2.5971366920281405,
      "NMC": 2.677587770948223,
      "NUCLEAR": 2.10843408203125,
      "HERACOMB": 2.5352280560661766,
      "DYE886": 2.1358789964155718,
      "CDF": 2.3979805537632535,
      "D0": 1.925882911682129,
      "ATLAS": 2.242047569968484,
      "CMS": 2.7724508490444215,
      "LHCb": 2.524611711502075,
      "total": 2.428025960922241
    }
  },
  "1000": {
    "training_loss": 8150.0615234375,
    "validation_loss": [
      2857.54931640625
    ],
    "validation_chi2s": {
      "DEUTERON": 2.5903007545281405,
      "NMC": 2.6768855674594056,
      "NUCLEAR": 2.109104736328125,
      "HERACOMB": 2.5318292356004903,
      "DYE886": 2.168693022294478,
      "CDF": 2.414873940604074,
      "D0": 1.9148078918457032,
      "ATLAS": 2.244145306673917,
      "CMS": 2.764710229290418,
      "LHCb": 2.495739698410034,
      "total": 2.4254374504089355
    }
  },
  "1100": {
    "training_loss": 8144.98095703125,
    "validation_loss": [
      2876.677490234375
    ],
    "validation_chi2s": {
      "DEUTERON": 2.6833228875155473,
      "NMC": 2.6778645234949447,
      "NUCLEAR": 2.11179296875,
      "HERACOMB": 2.5316231920828227,
      "DYE886": 2.164872082796964,
      "CDF": 2.427445547921317,
      "D0": 1.9134140014648438,
      "ATLAS": 2.2415490583939985,
      "CMS": 2.7695864842942925,
      "LHCb": 2.48897123336792,
      "total": 2.441817045211792
    }
  },
  "1200": {
    "training_loss": 8145.0283203125,
    "validation_loss": [
      2849.607666015625
    ],
    "validation_chi2s": {
      "DEUTERON": 2.548452197022699,
      "NMC": 2.6774405685125613,
      "NUCLEAR": 2.115146484375,
      "HERACOMB": 2.5286001566967933,
      "DYE886": 2.2001882032914595,
      "CDF": 2.4296267373221263,
      "D0": 1.9074172973632812,
      "ATLAS": 2.2425710504705254,
      "CMS": 2.7658711583161155,
      "LHCb": 2.487983465194702,
      "total": 2.419039726257324
    }
  },
  "1300": {
    "training_loss": 8140.3974609375,
    "validation_loss": [
      2865.076904296875
    ],
    "validation_chi2s": {
      "DEUTERON": 2.6250215596820583,
      "NMC": 2.678713331035539,
      "NUCLEAR": 2.118056884765625,
      "HERACOMB": 2.5287517472809435,
      "DYE886": 2.1905860900878906,
      "CDF": 2.4341907501220703,
      "D0": 1.9047737121582031,
      "ATLAS": 2.2418134862726387,
      "CMS": 2.764037329303332,
      "LHCb": 2.486835479736328,
      "total": 2.4323320388793945
    }
  },
  "1400": {
    "training_loss": 8140.38134765625,
    "validation_loss": [
      2851.38330078125
    ],
    "validation_chi2s": {
      "DEUTERON": 2.556602971470771,
      "NMC": 2.679150749655331,
      "NUCLEAR": 2.119797607421875,
      "HERACOMB": 2.526611527586295,
      "DYE886": 2.213821064342152,
      "CDF": 2.439166750226702,
      "D0": 1.9054651260375977,
      "ATLAS": 2.2428611408580434,
      "CMS": 2.7611764955126548,
      "LHCb": 2.4897217750549316,
      "total": 2.420881509780884
    }
  },
  "1500": {
    "training_loss": 8140.67626953125,
    "validation_loss": [
      2866.415283203125
    ],
    "validation_chi2s": {
      "DEUTERON": 2.63929103262982,
      "NMC": 2.6789173799402572,
      "NUCLEAR": 2.12139404296875,
      "HERACOMB": 2.523934757008272,
      "DYE886": 2.2233267697420986,
      "CDF": 2.437465395246233,
      "D0": 1.9133619308471679,
      "ATLAS": 2.2421354814009233,
      "CMS": 2.7526308170034866,
      "LHCb": 2.4851717948913574,
      "total": 2.433770179748535
    }
  },
  "1600": {
    "training_loss": 8138.68017578125,
    "validation_loss": [
      2859.12158203125
    ],
    "validation_chi2s": {
      "DEUTERON": 2.6011972000349814,
      "NMC": 2.6792123831954657,
      "NUCLEAR": 2.123041015625,
      "HERACOMB": 2.523694007225286,
      "DYE886": 2.233184814453125,
      "CDF": 2.440404619489397,
      "D0": 1.9102548599243163,
      "ATLAS": 2.242352919145064,
      "CMS": 2.751102415983342,
      "LHCb": 2.4886417388916016,
      "total": 2.4277045726776123
    }
  },
  "1700": {
    "training_loss": 8134.51806640625,
    "validation_loss": [
      2880.81787109375
    ],
    "validation_chi2s": {
      "DEUTERON": 2.7119787415461754,
      "NMC": 2.678914088828891,
      "NUCLEAR": 2.12348583984375,
      "HERACOMB": 2.5210367838541665,
      "DYE886": 2.202461762861772,
      "CDF": 2.447796957833426,
      "D0": 1.9008909225463868,
      "ATLAS": 2.2400731173428623,
      "CMS": 2.7597119039740443,
      "LHCb": 2.5011816024780273,
      "total": 2.4463045597076416
    }
  },
  "1800": {
    "training_loss": 8135.60107421875,
    "validation_loss": [
      2849.41845703125
    ],
    "validation_chi2s": {
      "DEUTERON": 2.551273478797419,
      "NMC": 2.683162913602941,
      "NUCLEAR": 2.124672607421875,
      "HERACOMB": 2.525657903135212,
      "DYE886": 2.2611990841952236,
      "CDF": 2.4511803218296597,
      "D0": 1.9030548095703126,
      "ATLAS": 2.2487574490633877,
      "CMS": 2.7339752449477013,
      "LHCb": 2.479341745376587,
      "total": 2.419670820236206
    }
  },
  "1900": {
    "training_loss": 8135.64697265625,
    "validation_loss": [
      2866.69384765625
    ],
    "validation_chi2s": {
      "DEUTERON": 2.642782182835821,
      "NMC": 2.677632350547641,
      "NUCLEAR": 2.1247578125,
      "HERACOMB": 2.51628102819904,
      "DYE886": 2.243493687022816,
      "CDF": 2.441466740199498,
      "D0": 1.9158855438232423,
      "ATLAS": 2.23756928877397,
      "CMS": 2.7612415660511362,
      "LHCb": 2.512723922729492,
      "total": 2.4344096183776855
    }
  },
  "2000": {
    "training_loss": 8132.4873046875,
    "validation_loss": [
      2876.07177734375
    ],
    "validation_chi2s": {
      "DEUTERON": 2.6925349449043843,
      "NMC": 2.680773566750919,
      "NUCLEAR": 2.12508251953125,
      "HERACOMB": 2.5207744922513275,
      "DYE886": 2.2425982735373755,
      "CDF": 2.449813025338309,
      "D0": 1.908833122253418,
      "ATLAS": 2.241018121892756,
      "CMS": 2.7439691212551653,
      "LHCb": 2.493100166320801,
      "total": 2.4424655437469482
    }
  },
  "2100": {
    "training_loss": 8133.00439453125,
    "validation_loss": [
      2896.185546875
    ],
    "validation_chi2s": {
      "DEUTERON": 2.7994396911924753,
      "NMC": 2.676177978515625,
      "NUCLEAR": 2.124934326171875,
      "HERACOMB": 2.511608647365196,
      "DYE886": 2.234044681895863,
      "CDF": 2.437668936593192,
      "D0": 1.9202924728393556,
      "ATLAS": 2.2338822104714136,
      "CMS": 2.7630849790967202,
      "LHCb": 2.520803689956665,
      "total": 2.459639549255371
    }
  },
  "2200": {
    "training_loss": 8129.5107421875,
    "validation_loss": [
      2885.919189453125
    ],
    "validation_chi2s": {
      "DEUTERON": 2.7412689360813123,
      "NMC": 2.6818291159237133,
      "NUCLEAR": 2.125814453125,
      "HERACOMB": 2.519356521905637,
      "DYE886": 2.2401214946400034,
      "CDF": 2.460180010114397,
      "D0": 1.9033945083618165,
      "ATLAS": 2.2419679815118965,
      "CMS": 2.745898538384556,
      "LHCb": 2.4978954792022705,
      "total": 2.4510676860809326
    }
  },
  "2300": {
    "training_loss": 8128.56689453125,
    "validation_loss": [
      2919.16455078125
    ],
    "validation_chi2s": {
      "DEUTERON": 2.9106451385649876,
      "NMC": 2.6836909873812806,
      "NUCLEAR": 2.125919189453125,
      "HERACOMB": 2.517300873800041,
      "DYE886": 2.2474712025035513,
      "CDF": 2.459854943411691,
      "D0": 1.9115741729736329,
      "ATLAS": 2.2437211816961113,
      "CMS": 2.7406538025406766,
      "LHCb": 2.493011713027954,
      "total": 2.4793806076049805
    }
  },
  "2400": {
    "training_loss": 8131.78857421875,
    "validation_loss": [
      2857.533203125
    ],
    "validation_chi2s": {
      "DEUTERON": 2.6022108087492226,
      "NMC": 2.6827144248812806,
      "NUCLEAR": 2.125255859375,
      "HERACOMB": 2.514047261157067,
      "DYE886": 2.2926483154296875,
      "CDF": 2.4643731798444475,
      "D0": 1.9136787414550782,
      "ATLAS": 2.246572667902166,
      "CMS": 2.741660630407412,
      "LHCb": 2.501584529876709,
      "total": 2.4272871017456055
    }
  },
  "2500": {
    "training_loss": 8127.61962890625,
    "validation_loss": [
      2882.870361328125
    ],
    "validation_chi2s": {
      "DEUTERON": 2.727824500544154,
      "NMC": 2.6849712297028185,
      "NUCLEAR": 2.125039306640625,
      "HERACOMB": 2.517246021943934,
      "DYE886": 2.2728235071355645,
      "CDF": 2.4734385354178294,
      "D0": 1.8976615905761718,
      "ATLAS": 2.2483896775679155,
      "CMS": 2.7375029256521177,
      "LHCb": 2.4933273792266846,
      "total": 2.4488067626953125
    }
  },
  "2600": {
    "training_loss": 8130.88623046875,
    "validation_loss": [
      2866.435546875
    ],
    "validation_chi2s": {
      "DEUTERON": 2.6528742396416356,
      "NMC": 2.688803280101103,
      "NUCLEAR": 2.12622705078125,
      "HERACOMB": 2.5160049737668504,
      "DYE886": 2.3192256580699575,
      "CDF": 2.4807891845703125,
      "D0": 1.899622344970703,
      "ATLAS": 2.2602447162974966,
      "CMS": 2.7066052649631973,
      "LHCb": 2.4677250385284424,
      "total": 2.434919595718384
    }
  },
  "2700": {
    "training_loss": 8132.0869140625,
    "validation_loss": [
      2843.602783203125
    ],
    "validation_chi2s": {
      "DEUTERON": 2.540568792997901,
      "NMC": 2.685686896829044,
      "NUCLEAR": 2.12619189453125,
      "HERACOMB": 2.5141041076261232,
      "DYE886": 2.3507135564630683,
      "CDF": 2.47347286769322,
      "D0": 1.904453659057617,
      "ATLAS": 2.2573930566961113,
      "CMS": 2.708164183561467,
      "LHCb": 2.475156545639038,
      "total": 2.41560959815979
    }
  },
  "2800": {
    "training_loss": 8125.326171875,
    "validation_loss": [
      2942.957763671875
    ],
    "validation_chi2s": {
      "DEUTERON": 3.0396570613728233,
      "NMC": 2.6813052308325673,
      "NUCLEAR": 2.125050048828125,
      "HERACOMB": 2.5068977705014297,
      "DYE886": 2.240052483298562,
      "CDF": 2.468721662248884,
      "D0": 1.9069988250732421,
      "ATLAS": 2.234617580067028,
      "CMS": 2.761691006747159,
      "LHCb": 2.53227162361145,
      "total": 2.500181198120117
    }
  },
  "2900": {
    "training_loss": 8125.361328125,
    "validation_loss": [
      2952.314697265625
    ],
    "validation_chi2s": {
      "DEUTERON": 3.0975278028801307,
      "NMC": 2.6788027894263173,
      "NUCLEAR": 2.124510009765625,
      "HERACOMB": 2.50187752916922,
      "DYE886": 2.2362022399902344,
      "CDF": 2.4541149139404297,
      "D0": 1.9084877014160155,
      "ATLAS": 2.227665987881747,
      "CMS": 2.766584664336906,
      "LHCb": 2.5441882610321045,
      "total": 2.5081841945648193
    }
  },
  "3000": {
    "training_loss": 8121.75634765625,
    "validation_loss": [
      2984.0869140625
    ],
    "validation_chi2s": {
      "DEUTERON": 3.2463603612795398,
      "NMC": 2.683248183306526,
      "NUCLEAR": 2.125964599609375,
      "HERACOMB": 2.5102666717728757,
      "DYE886": 2.2144718170166016,
      "CDF": 2.470888410295759,
      "D0": 1.902731704711914,
      "ATLAS": 2.2359324368563565,
      "CMS": 2.7540421919389204,
      "LHCb": 2.523142099380493,
      "total": 2.535325050354004
    }
  },
  "3100": {
    "training_loss": 8125.3408203125,
    "validation_loss": [
      2898.43212890625
    ],
    "validation_chi2s": {
      "DEUTERON": 2.820159760280628,
      "NMC": 2.683735866172641,
      "NUCLEAR": 2.12477392578125,
      "HERACOMB": 2.5038581798279207,
      "DYE886": 2.279224569147283,
      "CDF": 2.4656175885881697,
      "D0": 1.9150789260864258,
      "ATLAS": 2.241216312755238,
      "CMS": 2.7535180966716166,
      "LHCb": 2.5236222743988037,
      "total": 2.4626152515411377
    }
  },
  "3200": {
    "training_loss": 8127.955078125,
    "validation_loss": [
      2847.814697265625
    ],
    "validation_chi2s": {
      "DEUTERON": 2.5732512972248136,
      "NMC": 2.6946572696461395,
      "NUCLEAR": 2.1273330078125,
      "HERACOMB": 2.508749170241013,
      "DYE886": 2.3636452067982066,
      "CDF": 2.496070316859654,
      "D0": 1.886176300048828,
      "ATLAS": 2.270453019575639,
      "CMS": 2.684961744576446,
      "LHCb": 2.457627773284912,
      "total": 2.4197449684143066
    }
  },
  "3300": {
    "training_loss": 8125.76513671875,
    "validation_loss": [
      2897.189697265625
    ],
    "validation_chi2s": {
      "DEUTERON": 2.8158384104866294,
      "NMC": 2.693308213177849,
      "NUCLEAR": 2.12584619140625,
      "HERACOMB": 2.51139781677645,
      "DYE886": 2.3076785694469106,
      "CDF": 2.487941469464983,
      "D0": 1.8969505310058594,
      "ATLAS": 2.2530677101828833,
      "CMS": 2.71598929413094,
      "LHCb": 2.4773991107940674,
      "total": 2.4616470336914062
    }
  },
  "3400": {
    "training_loss": 8125.23486328125,
    "validation_loss": [
      2890.549072265625
    ],
    "validation_chi2s": {
      "DEUTERON": 2.7847384172885574,
      "NMC": 2.6821001838235294,
      "NUCLEAR": 2.124934326171875,
      "HERACOMB": 2.5072163101894405,
      "DYE886": 2.288810383189808,
      "CDF": 2.4560138157435825,
      "D0": 1.90747127532959,
      "ATLAS": 2.2394031177867544,
      "CMS": 2.7435779413901087,
      "LHCb": 2.523116111755371,
      "total": 2.4561476707458496
    }
  },
  "3500": {
    "training_loss": 8123.4296875,
    "validation_loss": [
      2880.636962890625
    ],
    "validation_chi2s": {
      "DEUTERON": 2.737425239525031,
      "NMC": 2.6854789584290746,
      "NUCLEAR": 2.1267724609375,
      "HERACOMB": 2.506717058568219,
      "DYE886": 2.2713682001287285,
      "CDF": 2.4581680297851562,
      "D0": 1.9008245468139648,
      "ATLAS": 2.2427005767822266,
      "CMS": 2.7369813524987086,
      "LHCb": 2.5262258052825928,
      "total": 2.447997570037842
    }
  },
  "3600": {
    "training_loss": 8122.66796875,
    "validation_loss": [
      2804.087158203125
    ],
    "validation_chi2s": {
      "DEUTERON": 2.3500070144881064,
      "NMC": 2.6792599547143077,
      "NUCLEAR": 2.12848583984375,
      "HERACOMB": 2.481142330792994,
      "DYE886": 2.667633056640625,
      "CDF": 2.4098453521728516,
      "D0": 2.0132829666137697,
      "ATLAS": 2.2670279416170986,
      "CMS": 2.699648265996255,
      "LHCb": 2.5370821952819824,
      "total": 2.383397340774536
    }
  },
  "3700": {
    "training_loss": 8126.93408203125,
    "validation_loss": [
      2801.986328125
    ],
    "validation_chi2s": {
      "DEUTERON": 2.338117001661614,
      "NMC": 2.687173282398897,
      "NUCLEAR": 2.127677490234375,
      "HERACOMB": 2.4824294545292074,
      "DYE886": 2.644019907171076,
      "CDF": 2.4385386875697543,
      "D0": 1.9746818542480469,
      "ATLAS": 2.2774581909179688,
      "CMS": 2.6940564872804753,
      "LHCb": 2.5178825855255127,
      "total": 2.3817355632781982
    }
  },
  "3800": {
    "training_loss": 8121.6455078125,
    "validation_loss": [
      2898.946533203125
    ],
    "validation_chi2s": {
      "DEUTERON": 2.8438140717311877,
      "NMC": 2.6839467964920343,
      "NUCLEAR": 2.124407958984375,
      "HERACOMB": 2.4979728748595793,
      "DYE886": 2.2490156347101387,
      "CDF": 2.4548407963344028,
      "D0": 1.895130729675293,
      "ATLAS": 2.2379452098499644,
      "CMS": 2.7465038457192663,
      "LHCb": 2.553463935852051,
      "total": 2.463860034942627
    }
  },
  "3900": {
    "training_loss": 8125.76123046875,
    "validation_loss": [
      2817.389404296875
    ],
    "validation_chi2s": {
      "DEUTERON": 2.4141247497862253,
      "NMC": 2.6985237271178004,
      "NUCLEAR": 2.13134765625,
      "HERACOMB": 2.504052854051777,
      "DYE886": 2.433092810890891,
      "CDF": 2.4892270224434987,
      "D0": 1.881382369995117,
      "ATLAS": 2.281940980391069,
      "CMS": 2.67396431915031,
      "LHCb": 2.4798994064331055,
      "total": 2.3947582244873047
    }
  },
  "4000": {
    "training_loss": 8119.81494140625,
    "validation_loss": [
      2816.3837890625
    ],
    "validation_chi2s": {
      "DEUTERON": 2.428322863222948,
      "NMC": 2.6754264083563113,
      "NUCLEAR": 2.128435791015625,
      "HERACOMB": 2.4644111184512867,
      "DYE886": 2.5446850169788706,
      "CDF": 2.3910860334123885,
      "D0": 2.0719200134277345,
      "ATLAS": 2.239810250022195,
      "CMS": 2.757239223511751,
      "LHCb": 2.613335371017456,
      "total": 2.3942668437957764
    }
  },
  "4100": {
    "training_loss": 8123.0048828125,
    "validation_loss": [
      2848.97216796875
    ],
    "validation_chi2s": {
      "DEUTERON": 2.563301959441076,
      "NMC": 2.68663054821538,
      "NUCLEAR": 2.12917919921875,
      "HERACOMB": 2.5116563186146856,
      "DYE886": 2.3378786607222124,
      "CDF": 2.45776857648577,
      "D0": 1.9137563705444336,
      "ATLAS": 2.243326360529119,
      "CMS": 2.7309275225174328,
      "LHCb": 2.5465798377990723,
      "total": 2.421459913253784
    }
  },
  "4200": {
    "training_loss": 8124.72119140625,
    "validation_loss": [
      2838.5185546875
    ],
    "validation_chi2s": {
      "DEUTERON": 2.527884563996424,
      "NMC": 2.6817959056181064,
      "NUCLEAR": 2.126166259765625,
      "HERACOMB": 2.5086420595256333,
      "DYE886": 2.3429444052956323,
      "CDF": 2.45190920148577,
      "D0": 1.8970745086669922,
      "ATLAS": 2.2473231228915127,
      "CMS": 2.7198113055268593,
      "LHCb": 2.5299994945526123,
      "total": 2.4126932621002197
    }
  },
  "4300": {
    "training_loss": 8124.7578125,
    "validation_loss": [
      2828.404541015625
    ],
    "validation_chi2s": {
      "DEUTERON": 2.4983414227689678,
      "NMC": 2.6860614851409315,
      "NUCLEAR": 2.13386767578125,
      "HERACOMB": 2.487923416436887,
      "DYE886": 2.451778758655895,
      "CDF": 2.4349793025425504,
      "D0": 1.95037841796875,
      "ATLAS": 2.260870500044389,
      "CMS": 2.6869345420648245,
      "LHCb": 2.501997232437134,
      "total": 2.404346227645874
    }
  },
  "4400": {
    "training_loss": 8115.275390625,
    "validation_loss": [
      2881.850341796875
    ],
    "validation_chi2s": {
      "DEUTERON": 2.7534452979244404,
      "NMC": 2.6708810843673407,
      "NUCLEAR": 2.1295458984375,
      "HERACOMB": 2.4786123637280433,
      "DYE886": 2.32156059958718,
      "CDF": 2.429217747279576,
      "D0": 2.0002700805664064,
      "ATLAS": 2.2132450450550425,
      "CMS": 2.798813244528022,
      "LHCb": 2.6198177337646484,
      "total": 2.4494919776916504
    }
  },
  "4500": {
    "training_loss": 8113.54736328125,
    "validation_loss": [
      2816.013427734375
    ],
    "validation_chi2s": {
      "DEUTERON": 2.418090516655006,
      "NMC": 2.6817190132889093,
      "NUCLEAR": 2.129578125,
      "HERACOMB": 2.462278079363256,
      "DYE886": 2.584543228149414,
      "CDF": 2.417097636631557,
      "D0": 2.068389320373535,
      "ATLAS": 2.250387191772461,
      "CMS": 2.747933127663352,
      "LHCb": 2.6188995838165283,
      "total": 2.3941256999969482
    }
  },
  "4600": {
    "training_loss": 8118.94189453125,
    "validation_loss": [
      2831.1708984375
    ],
    "validation_chi2s": {
      "DEUTERON": 2.546955469235852,
      "NMC": 2.676563636929381,
      "NUCLEAR": 2.1297470703125,
      "HERACOMB": 2.4625044679330066,
      "DYE886": 2.3868878104469995,
      "CDF": 2.3939898354666576,
      "D0": 2.0311887741088865,
      "ATLAS": 2.240883393721147,
      "CMS": 2.717124497594912,
      "LHCb": 2.6095242500305176,
      "total": 2.4070234298706055
    }
  },
  "4700": {
    "training_loss": 8121.4873046875,
    "validation_loss": [
      2815.0302734375
    ],
    "validation_chi2s": {
      "DEUTERON": 2.3623080277324315,
      "NMC": 2.677225449505974,
      "NUCLEAR": 2.135035888671875,
      "HERACOMB": 2.4718274883195464,
      "DYE886": 2.811057524247603,
      "CDF": 2.4319844927106584,
      "D0": 2.0906896591186523,
      "ATLAS": 2.2504695545543325,
      "CMS": 2.75138968475594,
      "LHCb": 2.632352113723755,
      "total": 2.393291473388672
    }
  },
  "4800": {
    "training_loss": 8126.1513671875,
    "validation_loss": [
      2815.958984375
    ],
    "validation_chi2s": {
      "DEUTERON": 2.4140339561955844,
      "NMC": 2.683706844554228,
      "NUCLEAR": 2.132857177734375,
      "HERACOMB": 2.4986320944393383,
      "DYE886": 2.3747069618918677,
      "CDF": 2.451904296875,
      "D0": 1.915109634399414,
      "ATLAS": 2.2404584017666904,
      "CMS": 2.7295285059400825,
      "LHCb": 2.5650599002838135,
      "total": 2.3938088417053223
    }
  },
  "4900": {
    "training_loss": 8115.767578125,
    "validation_loss": [
      2810.15625
    ],
    "validation_chi2s": {
      "DEUTERON": 2.382626661613806,
      "NMC": 2.681544584386489,
      "NUCLEAR": 2.13180810546875,
      "HERACOMB": 2.457055783739277,
      "DYE886": 2.6322526064786045,
      "CDF": 2.4493955884660994,
      "D0": 2.0596340179443358,
      "ATLAS": 2.26287165555087,
      "CMS": 2.746311660640496,
      "LHCb": 2.5960240364074707,
      "total": 2.389261245727539
    }
  },
  "5000": {
    "training_loss": 8116.71044921875,
    "validation_loss": [
      2813.489013671875
    ],
    "validation_chi2s": {
      "DEUTERON": 2.4196880587297884,
      "NMC": 2.6715249454273895,
      "NUCLEAR": 2.13454736328125,
      "HERACOMB": 2.459280774484273,
      "DYE886": 2.5462072545831855,
      "CDF": 2.4307801382882253,
      "D0": 2.060713768005371,
      "ATLAS": 2.2492604689164595,
      "CMS": 2.7383977716619317,
      "LHCb": 2.610450029373169,
      "total": 2.392152786254883
    }
  },
  "5100": {
    "training_loss": 8121.32373046875,
    "validation_loss": [
      2811.9072265625
    ],
    "validation_chi2s": {
      "DEUTERON": 2.4126107135222328,
      "NMC": 2.672787535424326,
      "NUCLEAR": 2.1326630859375,
      "HERACOMB": 2.4594734540951797,
      "DYE886": 2.546331925825639,
      "CDF": 2.4491988590785434,
      "D0": 2.0447677612304687,
      "ATLAS": 2.2450729716907847,
      "CMS": 2.7450067189114153,
      "LHCb": 2.616151809692383,
      "total": 2.39083194732666
    }
  },
  "5200": {
    "training_loss": 8126.3671875,
    "validation_loss": [
      2831.417724609375
    ],
    "validation_chi2s": {
      "DEUTERON": 2.4980073995258083,
      "NMC": 2.6805778952205883,
      "NUCLEAR": 2.13297216796875,
      "HERACOMB": 2.485664118349163,
      "DYE886": 2.2587555972012607,
      "CDF": 2.491184779575893,
      "D0": 1.916605567932129,
      "ATLAS": 2.2447750785134057,
      "CMS": 2.750571511008523,
      "LHCb": 2.6339921951293945,
      "total": 2.407439947128296
    }
  },
  "5300": {
    "training_loss": 8115.19140625,
    "validation_loss": [
      2830.47216796875
    ],
    "validation_chi2s": {
      "DEUTERON": 2.5253831853914024,
      "NMC": 2.681228936887255,
      "NUCLEAR": 2.140267578125,
      "HERACOMB": 2.4459908678640727,
      "DYE886": 2.36517316644842,
      "CDF": 2.432116917201451,
      "D0": 2.058769416809082,
      "ATLAS": 2.26004340431907,
      "CMS": 2.7314168126129905,
      "LHCb": 2.6436216831207275,
      "total": 2.40679931640625
    }
  },
  "5400": {
    "training_loss": 8116.55859375,
    "validation_loss": [
      3077.249267578125
    ],
    "validation_chi2s": {
      "DEUTERON": 3.7191083158426617,
      "NMC": 2.688833199295343,
      "NUCLEAR": 2.141578857421875,
      "HERACOMB": 2.506195467281965,
      "DYE886": 2.121170390735973,
      "CDF": 2.5116187504359653,
      "D0": 1.9344491958618164,
      "ATLAS": 2.2288273898038,
      "CMS": 2.7310619511880163,
      "LHCb": 2.6043426990509033,
      "total": 2.6161770820617676
    }
  },
  "5500": {
    "training_loss": 8138.515625,
    "validation_loss": [
      2869.399169921875
    ],
    "validation_chi2s": {
      "DEUTERON": 2.7555050067047575,
      "NMC": 2.6850188012216605,
      "NUCLEAR": 2.13178662109375,
      "HERACOMB": 2.475347980175143,
      "DYE886": 2.1821426044810903,
      "CDF": 2.4635216849190846,
      "D0": 1.8963659286499024,
      "ATLAS": 2.253977515480735,
      "CMS": 2.6873607793130163,
      "LHCb": 2.5632922649383545,
      "total": 2.4398868083953857
    }
  },
  "5600": {
    "training_loss": 8131.8447265625,
    "validation_loss": [
      2812.756103515625
    ],
    "validation_chi2s": {
      "DEUTERON": 2.4030486908718127,
      "NMC": 2.674043244006587,
      "NUCLEAR": 2.138760009765625,
      "HERACOMB": 2.467795378242443,
      "DYE886": 2.4708567532626065,
      "CDF": 2.4320836748395647,
      "D0": 2.0184412002563477,
      "ATLAS": 2.2483145973899146,
      "CMS": 2.7283905281508263,
      "LHCb": 2.6885149478912354,
      "total": 2.3917205333709717
    }
  },
  "5700": {
    "training_loss": 8115.81396484375,
    "validation_loss": [
      3432.45361328125
    ],
    "validation_chi2s": {
      "DEUTERON": 5.470963055814677,
      "NMC": 2.6579948874080883,
      "NUCLEAR": 2.138855224609375,
      "HERACOMB": 2.490819993361928,
      "DYE886": 2.0618771639737217,
      "CDF": 2.469682148524693,
      "D0": 2.019595909118652,
      "ATLAS": 2.2013910466974433,
      "CMS": 2.804519275003228,
      "LHCb": 2.798847198486328,
      "total": 2.9177944660186768
    }
  },
  "5800": {
    "training_loss": 8141.6259765625,
    "validation_loss": [
      2825.74169921875
    ],
    "validation_chi2s": {
      "DEUTERON": 2.4224455724308145,
      "NMC": 2.6783905029296875,
      "NUCLEAR": 2.136858642578125,
      "HERACOMB": 2.5221370123570264,
      "DYE886": 2.2134226018732246,
      "CDF": 2.4315406254359653,
      "D0": 1.9194866180419923,
      "ATLAS": 2.258014505559748,
      "CMS": 2.7020679820667612,
      "LHCb": 2.7029426097869873,
      "total": 2.402435302734375
    }
  },
  "5900": {
    "training_loss": 8131.294921875,
    "validation_loss": [
      2817.4150390625
    ],
    "validation_chi2s": {
      "DEUTERON": 2.444591465281017,
      "NMC": 2.675359987745098,
      "NUCLEAR": 2.133628662109375,
      "HERACOMB": 2.4554852255029616,
      "DYE886": 2.2644391493363814,
      "CDF": 2.4352904728480746,
      "D0": 2.0034685134887695,
      "ATLAS": 2.251479062167081,
      "CMS": 2.7429680942503873,
      "LHCb": 2.8040614128112793,
      "total": 2.3957319259643555
    }
  },
  "6000": {
    "training_loss": 8153.72265625,
    "validation_loss": [
      2993.31396484375
    ],
    "validation_chi2s": {
      "DEUTERON": 3.370077104710821,
      "NMC": 2.680177277209712,
      "NUCLEAR": 2.133756591796875,
      "HERACOMB": 2.4898482179330066,
      "DYE886": 2.0387420654296875,
      "CDF": 2.4039366585867747,
      "D0": 1.911346435546875,
      "ATLAS": 2.264910264448686,
      "CMS": 2.6415173238959193,
      "LHCb": 2.6485002040863037,
      "total": 2.545238494873047
    }
  },
  "6100": {
    "training_loss": 8157.32421875,
    "validation_loss": [
      2810.052734375
    ],
    "validation_chi2s": {
      "DEUTERON": 2.3434997862251246,
      "NMC": 2.684935625861673,
      "NUCLEAR": 2.138015380859375,
      "HERACOMB": 2.4920147665185866,
      "DYE886": 2.485081585970792,
      "CDF": 2.47277341570173,
      "D0": 2.011346626281738,
      "ATLAS": 2.250795017589222,
      "CMS": 2.7122406762493543,
      "LHCb": 2.7624704837799072,
      "total": 2.389328718185425
    }
  },
  "6200": {
    "training_loss": 8141.3583984375,
    "validation_loss": [
      2835.314697265625
    ],
    "validation_chi2s": {
      "DEUTERON": 2.5054268149001087,
      "NMC": 2.682553758808211,
      "NUCLEAR": 2.133456298828125,
      "HERACOMB": 2.518961389080372,
      "DYE886": 2.033738222989169,
      "CDF": 2.4542947496686662,
      "D0": 1.9530502319335938,
      "ATLAS": 2.222780227661133,
      "CMS": 2.7210980880358986,
      "LHCb": 2.7689497470855713,
      "total": 2.410789966583252
    }
  },
  "6300": {
    "training_loss": 8188.73291015625,
    "validation_loss": [
      2823.9521484375
    ],
    "validation_chi2s": {
      "DEUTERON": 2.4117925084052394,
      "NMC": 2.665053722905178,
      "NUCLEAR": 2.133947998046875,
      "HERACOMB": 2.49295063891442,
      "DYE886": 2.264622601595792,
      "CDF": 2.452488490513393,
      "D0": 2.023163986206055,
      "ATLAS": 2.2333932356400923,
      "CMS": 2.763893821022727,
      "LHCb": 2.8794002532958984,
      "total": 2.4012651443481445
    }
  },
  "6400": {
    "training_loss": 8138.07861328125,
    "validation_loss": [
      2814.763671875
    ],
    "validation_chi2s": {
      "DEUTERON": 2.3711277596393034,
      "NMC": 2.6694072648590685,
      "NUCLEAR": 2.13519189453125,
      "HERACOMB": 2.483650955499387,
      "DYE886": 2.3912147175181997,
      "CDF": 2.425200871058873,
      "D0": 2.0526424407958985,
      "ATLAS": 2.2347661798650567,
      "CMS": 2.7503800825639204,
      "LHCb": 2.8746204376220703,
      "total": 2.3934895992279053
    }
  },
  "6500": {
    "training_loss": 8161.27978515625,
    "validation_loss": [
      2964.933349609375
    ],
    "validation_chi2s": {
      "DEUTERON": 3.202776401197139,
      "NMC": 2.6793539009842218,
      "NUCLEAR": 2.134715576171875,
      "HERACOMB": 2.493890101613562,
      "DYE886": 1.9728455977006392,
      "CDF": 2.39056396484375,
      "D0": 1.9205547332763673,
      "ATLAS": 2.28087026422674,
      "CMS": 2.6394918142271435,
      "LHCb": 2.7357466220855713,
      "total": 2.521183490753174
    }
  },
  "6600": {
    "training_loss": 8150.18701171875,
    "validation_loss": [
      2839.99853515625
    ],
    "validation_chi2s": {
      "DEUTERON": 2.5328555889983675,
      "NMC": 2.6628346162683822,
      "NUCLEAR": 2.139103515625,
      "HERACOMB": 2.5210523418351714,
      "DYE886": 2.02527531710538,
      "CDF": 2.3884478977748325,
      "D0": 1.9526058197021485,
      "ATLAS": 2.224506898359819,
      "CMS": 2.699103237183626,
      "LHCb": 2.8019356727600098,
      "total": 2.414705991744995
    }
  },
  "6700": {
    "training_loss": 8140.97021484375,
    "validation_loss": [
      2814.638671875
    ],
    "validation_chi2s": {
      "DEUTERON": 2.3647520150711285,
      "NMC": 2.6644113578048407,
      "NUCLEAR": 2.143620361328125,
      "HERACOMB": 2.490476321550756,
      "DYE886": 2.528493881225586,
      "CDF": 2.3555992671421597,
      "D0": 2.025857162475586,
      "ATLAS": 2.2645239396528765,
      "CMS": 2.6881776920034866,
      "LHCb": 2.786684513092041,
      "total": 2.3933374881744385
    }
  },
  "6800": {
    "training_loss": 8130.7265625,
    "validation_loss": [
      3110.750244140625
    ],
    "validation_chi2s": {
      "DEUTERON": 3.889181108617071,
      "NMC": 2.6864692837584254,
      "NUCLEAR": 2.1383642578125,
      "HERACOMB": 2.5228279462826797,
      "DYE886": 2.0069701454856177,
      "CDF": 2.3943822043282643,
      "D0": 1.9373912811279297,
      "ATLAS": 2.2473487854003906,
      "CMS": 2.6771096473883005,
      "LHCb": 2.667630195617676,
      "total": 2.6449215412139893
    }
  },
  "6900": {
    "training_loss": 8154.765625,
    "validation_loss": [
      2925.72802734375
    ],
    "validation_chi2s": {
      "DEUTERON": 3.012559273942786,
      "NMC": 2.6877890194163605,
      "NUCLEAR": 2.13999609375,
      "HERACOMB": 2.4899968165977326,
      "DYE886": 2.0560835058038887,
      "CDF": 2.4035560062953403,
      "D0": 1.8710237503051759,
      "ATLAS": 2.288157896562056,
      "CMS": 2.6452558533219266,
      "LHCb": 2.581677198410034,
      "total": 2.4878523349761963
    }
  },
  "7000": {
    "training_loss": 8126.4697265625,
    "validation_loss": [
      2849.171630859375
    ],
    "validation_chi2s": {
      "DEUTERON": 2.6278692596587376,
      "NMC": 2.68821746227788,
      "NUCLEAR": 2.126514404296875,
      "HERACOMB": 2.4559332155713847,
      "DYE886": 2.1525178389115767,
      "CDF": 2.3813544682094028,
      "D0": 1.9745929718017579,
      "ATLAS": 2.2651303031227807,
      "CMS": 2.7420379386460487,
      "LHCb": 2.702789306640625,
      "total": 2.422750473022461
    }
  },
  "7100": {
    "training_loss": 8137.5576171875,
    "validation_loss": [
      2842.2392578125
    ],
    "validation_chi2s": {
      "DEUTERON": 2.515743122765081,
      "NMC": 2.685817942899816,
      "NUCLEAR": 2.143159423828125,
      "HERACOMB": 2.5335033142488768,
      "DYE886": 2.1336938684636895,
      "CDF": 2.373488289969308,
      "D0": 1.8963668823242188,
      "ATLAS": 2.2291703657670454,
      "CMS": 2.7099188181979597,
      "LHCb": 2.6677989959716797,
      "total": 2.416501522064209
    }
  },
  "7200": {
    "training_loss": 8141.97314453125,
    "validation_loss": [
      2866.57275390625
    ],
    "validation_chi2s": {
      "DEUTERON": 2.673715771727301,
      "NMC": 2.7152392817478552,
      "NUCLEAR": 2.13887255859375,
      "HERACOMB": 2.5240374795751634,
      "DYE886": 2.1154157465154473,
      "CDF": 2.385623114449637,
      "D0": 1.86145076751709,
      "ATLAS": 2.271259307861328,
      "CMS": 2.648844064759814,
      "LHCb": 2.5393831729888916,
      "total": 2.4373579025268555
    }
  },
  "7300": {
    "training_loss": 8379.32568359375,
    "validation_loss": [
      2888.224609375
    ],
    "validation_chi2s": {
      "DEUTERON": 2.762178791103078,
      "NMC": 2.7240456973805145,
      "NUCLEAR": 2.140182373046875,
      "HERACOMB": 2.5236128264782476,
      "DYE886": 2.141478105024858,
      "CDF": 2.423418862479074,
      "D0": 1.8244617462158204,
      "ATLAS": 2.3060727552934126,
      "CMS": 2.626951611731663,
      "LHCb": 2.524312973022461,
      "total": 2.4559733867645264
    }
  },
  "7400": {
    "training_loss": 8128.931640625,
    "validation_loss": [
      2824.6845703125
    ],
    "validation_chi2s": {
      "DEUTERON": 2.4142295116215795,
      "NMC": 2.6917192047717524,
      "NUCLEAR": 2.140728759765625,
      "HERACOMB": 2.4911564845664826,
      "DYE886": 2.4986906918612393,
      "CDF": 2.3119618552071706,
      "D0": 2.0505739212036134,
      "ATLAS": 2.253761638294567,
      "CMS": 2.729800642029313,
      "LHCb": 2.688716173171997,
      "total": 2.401939868927002
    }
  },
  "7500": {
    "training_loss": 8121.0341796875,
    "validation_loss": [
      2817.6708984375
    ],
    "validation_chi2s": {
      "DEUTERON": 2.3801779675839554,
      "NMC": 2.690885955212163,
      "NUCLEAR": 2.14490966796875,
      "HERACOMB": 2.4968672609017566,
      "DYE886": 2.5446447892622515,
      "CDF": 2.3114692143031528,
      "D0": 2.065019989013672,
      "ATLAS": 2.2487187819047407,
      "CMS": 2.7132369112377326,
      "LHCb": 2.6519527435302734,
      "total": 2.3959789276123047
    }
  },
  "7600": {
    "training_loss": 8129.31005859375,
    "validation_loss": [
      2922.17626953125
    ],
    "validation_chi2s": {
      "DEUTERON": 2.928052911710976,
      "NMC": 2.6967031441482843,
      "NUCLEAR": 2.13284814453125,
      "HERACOMB": 2.5289288689108456,
      "DYE886": 2.081239006736062,
      "CDF": 2.34872191292899,
      "D0": 1.8727741241455078,
      "ATLAS": 2.2498212294145064,
      "CMS": 2.719455183044938,
      "LHCb": 2.5868279933929443,
      "total": 2.484602212905884
    }
  },
  "7700": {
    "training_loss": 8128.95263671875,
    "validation_loss": [
      2892.60595703125
    ],
    "validation_chi2s": {
      "DEUTERON": 2.8537855765119713,
      "NMC": 2.709451114430147,
      "NUCLEAR": 2.131193603515625,
      "HERACOMB": 2.463055180568321,
      "DYE886": 2.1633262634277344,
      "CDF": 2.3865479060581754,
      "D0": 1.9686803817749023,
      "ATLAS": 2.265987916426225,
      "CMS": 2.725559959726885,
      "LHCb": 2.5509719848632812,
      "total": 2.4596171379089355
    }
  },
  "7800": {
    "training_loss": 8132.89892578125,
    "validation_loss": [
      2979.0048828125
    ],
    "validation_chi2s": {
      "DEUTERON": 3.25342920407727,
      "NMC": 2.7139464733647367,
      "NUCLEAR": 2.13062744140625,
      "HERACOMB": 2.486468146829044,
      "DYE886": 2.084087198430842,
      "CDF": 2.4413768223353793,
      "D0": 1.8928930282592773,
      "ATLAS": 2.272227720780806,
      "CMS": 2.7281953165353823,
      "LHCb": 2.537085771560669,
      "total": 2.5331170558929443
    }
  },
  "7900": {
    "training_loss": 8121.43310546875,
    "validation_loss": [
      2819.452880859375
    ],
    "validation_chi2s": {
      "DEUTERON": 2.3665760856362716,
      "NMC": 2.7058772666781556,
      "NUCLEAR": 2.138519775390625,
      "HERACOMB": 2.5155440187142566,
      "DYE886": 2.5108297521417793,
      "CDF": 2.3228506360735213,
      "D0": 2.033736991882324,
      "ATLAS": 2.2415807897394355,
      "CMS": 2.7374073375355112,
      "LHCb": 2.613309383392334,
      "total": 2.3973419666290283
    }
  },
  "8000": {
    "training_loss": 8141.7060546875,
    "validation_loss": [
      2813.1318359375
    ],
    "validation_chi2s": {
      "DEUTERON": 2.368978320069574,
      "NMC": 2.7034415450750613,
      "NUCLEAR": 2.125425537109375,
      "HERACOMB": 2.499545028786254,
      "DYE886": 2.4406450445001777,
      "CDF": 2.383894784109933,
      "D0": 1.9653076171875,
      "ATLAS": 2.2661209106445312,
      "CMS": 2.725031324654571,
      "LHCb": 2.629401683807373,
      "total": 2.392005681991577
    }
  },
  "8100": {
    "training_loss": 8114.18115234375,
    "validation_loss": [
      2900.054443359375
    ],
    "validation_chi2s": {
      "DEUTERON": 2.8290384017412937,
      "NMC": 2.6912384033203125,
      "NUCLEAR": 2.14551708984375,
      "HERACOMB": 2.5165814169092116,
      "DYE886": 2.239300987937234,
      "CDF": 2.243435859680176,
      "D0": 2.0842666625976562,
      "ATLAS": 2.222781614823775,
      "CMS": 2.704173947168776,
      "LHCb": 2.607140302658081,
      "total": 2.465984344482422
    }
  },
  "8200": {
    "training_loss": 8122.78173828125,
    "validation_loss": [
      2894.200927734375
    ],
    "validation_chi2s": {
      "DEUTERON": 2.819026814171331,
      "NMC": 2.7081906187768077,
      "NUCLEAR": 2.136585205078125,
      "HERACOMB": 2.4693499795751634,
      "DYE886": 2.253575411709872,
      "CDF": 2.350366864885603,
      "D0": 2.018708610534668,
      "ATLAS": 2.2682321721857246,
      "CMS": 2.7443658497707903,
      "LHCb": 2.5680460929870605,
      "total": 2.4610395431518555
    }
  },
  "8300": {
    "training_loss": 8130.83251953125,
    "validation_loss": [
      2831.2490234375
    ],
    "validation_chi2s": {
      "DEUTERON": 2.4624179821109298,
      "NMC": 2.7002596387676165,
      "NUCLEAR": 2.129642822265625,
      "HERACOMB": 2.5108566782832926,
      "DYE886": 2.229913364757191,
      "CDF": 2.391292027064732,
      "D0": 1.9252161026000976,
      "ATLAS": 2.247507095336914,
      "CMS": 2.7523299288158576,
      "LHCb": 2.6314287185668945,
      "total": 2.407517433166504
    }
  }
}