{
  "100": {
    "training_loss": 435.5,
    "validation_loss": [
      136.79701232910156
    ],
    "validation_chi2s": {
      "DEUTERON": 2.6212274551391603,
      "ATLAS": 2.9043561762029473,
      "total": 2.6822943687438965
    }
  },
  "200": {
    "training_loss": 367.03857421875,
    "validation_loss": [
      106.3628158569336
    ],
    "validation_chi2s": {
      "DEUTERON": 1.807653045654297,
      "ATLAS": 3.096063093705611,
      "total": 2.085545301437378
    }
  },
  "300": {
    "training_loss": 344.8063049316406,
    "validation_loss": [
      103.39637756347656
    ],
    "validation_chi2s": {
      "DEUTERON": 1.7499710083007813,
      "ATLAS": 3.0361397483132104,
      "total": 2.0273799896240234
    }
  },
  "400": {
    "training_loss": 339.2627258300781,
    "validation_loss": [
      95.44966125488281
    ],
    "validation_chi2s": {
      "DEUTERON": 1.6028772354125977,
      "ATLAS": 2.8485972664572974,
      "total": 1.8715620040893555
    }
  },
  "500": {
    "training_loss": 323.5779724121094,
    "validation_loss": [
      97.32098388671875
    ],
    "validation_chi2s": {
      "DEUTERON": 1.6535978317260742,
      "ATLAS": 2.834279320456765,
      "total": 1.908254623413086
    }
  },
  "600": {
    "training_loss": 323.13299560546875,
    "validation_loss": [
      94.16950988769531
    ],
    "validation_chi2s": {
      "DEUTERON": 1.5669734954833985,
      "ATLAS": 2.86277944391424,
      "total": 1.8464609384536743
    }
  },
  "700": {
    "training_loss": 321.1484069824219,
    "validation_loss": [
      96.3336181640625
    ],
    "validation_chi2s": {
      "DEUTERON": 1.6275554656982423,
      "ATLAS": 2.8392186598344282,
      "total": 1.8888946771621704
    }
  },
  "800": {
    "training_loss": 317.8560791015625,
    "validation_loss": [
      94.15652465820312
    ],
    "validation_chi2s": {
      "DEUTERON": 1.54347562789917,
      "ATLAS": 2.9432844682173296,
      "total": 1.8453952074050903
    }
  },
  "900": {
    "training_loss": 315.6414794921875,
    "validation_loss": [
      97.36104583740234
    ],
    "validation_chi2s": {
      "DEUTERON": 1.6390678405761718,
      "ATLAS": 2.8907576474276455,
      "total": 1.909040093421936
    }
  }
}