{
  "100": {
    "training_loss": 11882.375,
    "validation_loss": [
      5165.88818359375
    ],
    "validation_chi2s": {
      "DEUTERON": 5.9780230925450875,
      "NMC": 3.5438468783509496,
      "NUCLEAR": 3.22484912109375,
      "HERACOMB": 4.315618776807598,
      "DYE886": 5.17328505082564,
      "CDF": 4.012786865234375,
      "D0": 9.298551940917969,
      "ATLAS": 4.388455130837181,
      "CMS": 4.130488698075458,
      "LHCb": 3.7002596855163574,
      "total": 4.365725517272949
    }
  },
  "200": {
    "training_loss": 8504.90234375,
    "validation_loss": [
      3631.9091796875
    ],
    "validation_chi2s": {
      "DEUTERON": 3.0646131524992226,
      "NMC": 3.4993417777267157,
      "NUCLEAR": 2.507403564453125,
      "HERACOMB": 2.968432457618464,
      "DYE886": 3.6676774458451704,
      "CDF": 1.895454270499093,
      "D0": 6.288076019287109,
      "ATLAS": 3.3741898970170454,
      "CMS": 3.413373249333079,
      "LHCb": 3.200838327407837,
      "total": 3.058244466781616
    }
  },
  "300": {
    "training_loss": 7985.9140625,
    "validation_loss": [
      3392.191162109375
    ],
    "validation_chi2s": {
      "DEUTERON": 2.638935146047108,
      "NMC": 3.2521197749119177,
      "NUCLEAR": 2.34296337890625,
      "HERACOMB": 2.750390545215482,
      "DYE886": 3.8314389315518467,
      "CDF": 1.8788265500749861,
      "D0": 4.896573257446289,
      "ATLAS": 3.1871355230158027,
      "CMS": 3.4504602943978657,
      "LHCb": 3.564072608947754,
      "total": 2.860311269760132
    }
  },
  "400": {
    "training_loss": 7874.8330078125,
    "validation_loss": [
      3272.7548828125
    ],
    "validation_chi2s": {
      "DEUTERON": 2.441727975114661,
      "NMC": 3.194227330824908,
      "NUCLEAR": 2.236594482421875,
      "HERACOMB": 2.745233074512357,
      "DYE886": 4.8044586181640625,
      "CDF": 2.10124819619315,
      "D0": 2.6039966583251952,
      "ATLAS": 2.986986680464311,
      "CMS": 3.306992941755589,
      "LHCb": 3.826101303100586,
      "total": 2.7625081539154053
    }
  },
  "500": {
    "training_loss": 7946.72900390625,
    "validation_loss": [
      3232.002197265625
    ],
    "validation_chi2s": {
      "DEUTERON": 2.4124913761271767,
      "NMC": 3.109543445063572,
      "NUCLEAR": 2.18955615234375,
      "HERACOMB": 2.670101988549326,
      "DYE886": 4.5461273193359375,
      "CDF": 2.0328084400721957,
      "D0": 2.8357234954833985,
      "ATLAS": 3.1006750626997515,
      "CMS": 3.337153737137957,
      "LHCb": 3.2957684993743896,
      "total": 2.7268190383911133
    }
  },
  "600": {
    "training_loss": 7763.5078125,
    "validation_loss": [
      3225.794189453125
    ],
    "validation_chi2s": {
      "DEUTERON": 2.42140478637088,
      "NMC": 3.063772164139093,
      "NUCLEAR": 2.1765732421875,
      "HERACOMB": 2.6446359671798407,
      "DYE886": 3.711905739524148,
      "CDF": 2.086558069501604,
      "D0": 3.1945066452026367,
      "ATLAS": 3.18739145452326,
      "CMS": 3.410519731723196,
      "LHCb": 3.1864349842071533,
      "total": 2.722419500350952
    }
  },
  "700": {
    "training_loss": 685208.2021484375,
    "validation_loss": [
      3246.93212890625
    ],
    "validation_chi2s": {
      "DEUTERON": 2.4276355344857743,
      "NMC": 3.0812994265088847,
      "NUCLEAR": 2.16903662109375,
      "HERACOMB": 2.6483992034313726,
      "DYE886": 4.786080793900923,
      "CDF": 2.0792320796421597,
      "D0": 2.548772430419922,
      "ATLAS": 3.230830105868253,
      "CMS": 3.3951589692898883,
      "LHCb": 3.159902334213257,
      "total": 2.7423207759857178
    }
  },
  "800": {
    "training_loss": 7911.09375,
    "validation_loss": [
      3229.996337890625
    ],
    "validation_chi2s": {
      "DEUTERON": 2.445661098802861,
      "NMC": 3.060389200846354,
      "NUCLEAR": 2.145826904296875,
      "HERACOMB": 2.6277212504467933,
      "DYE886": 4.9443043795498935,
      "CDF": 2.0387276240757535,
      "D0": 2.4633440017700194,
      "ATLAS": 3.1543475064364346,
      "CMS": 3.337283002651804,
      "LHCb": 3.516596794128418,
      "total": 2.728402614593506
    }
  },
  "900": {
    "training_loss": 7740.9345703125,
    "validation_loss": [
      3180.381591796875
    ],
    "validation_chi2s": {
      "DEUTERON": 2.4056543758259483,
      "NMC": 3.0176167207605697,
      "NUCLEAR": 2.135529541015625,
      "HERACOMB": 2.6174017214307597,
      "DYE886": 3.769777471368963,
      "CDF": 2.059228079659598,
      "D0": 2.815241241455078,
      "ATLAS": 3.177445498379794,
      "CMS": 3.3624203069423273,
      "LHCb": 2.9964892864227295,
      "total": 2.6879796981811523
    }
  },
  "1000": {
    "training_loss": 51218.03125,
    "validation_loss": [
      15723.095703125
    ],
    "validation_chi2s": {
      "DEUTERON": 3.189487741954291,
      "NMC": 3.441106160481771,
      "NUCLEAR": 5.445146484375,
      "HERACOMB": 3.824770459941789,
      "DYE886": 194.7355069247159,
      "CDF": 3.3765880039760043,
      "D0": 26.58409423828125,
      "ATLAS": 15.29327392578125,
      "CMS": 12.375632185276931,
      "LHCb": 102.14280700683594,
      "total": 13.076652526855469
    }
  },
  "1100": {
    "training_loss": 21310.56640625,
    "validation_loss": [
      10750.900390625
    ],
    "validation_chi2s": {
      "DEUTERON": 3.44648340329602,
      "NMC": 3.8974776922487746,
      "NUCLEAR": 6.14296923828125,
      "HERACOMB": 4.7026710260927285,
      "DYE886": 144.7542391690341,
      "CDF": 3.0127231052943637,
      "D0": 46.02813720703125,
      "ATLAS": 8.984730807217685,
      "CMS": 6.173795870649136,
      "LHCb": 8.653071403503418,
      "total": 8.616150856018066
    }
  },
  "1200": {
    "training_loss": 7760.353515625,
    "validation_loss": [
      3235.6650390625
    ],
    "validation_chi2s": {
      "DEUTERON": 2.5525697926383706,
      "NMC": 3.029651118259804,
      "NUCLEAR": 2.14714794921875,
      "HERACOMB": 2.6073865703507964,
      "DYE886": 3.4820886091752485,
      "CDF": 2.382322311401367,
      "D0": 2.5097375869750977,
      "ATLAS": 3.3402387445623223,
      "CMS": 3.4238457408377796,
      "LHCb": 3.006756067276001,
      "total": 2.7384016513824463
    }
  },
  "1300": {
    "training_loss": 7740.76025390625,
    "validation_loss": [
      3177.15185546875
    ],
    "validation_chi2s": {
      "DEUTERON": 2.4652413894881064,
      "NMC": 3.0060053806678924,
      "NUCLEAR": 2.129633056640625,
      "HERACOMB": 2.615542742161969,
      "DYE886": 3.5073353160511362,
      "CDF": 2.256699970790318,
      "D0": 2.398944091796875,
      "ATLAS": 3.209842335094105,
      "CMS": 3.3392634197948423,
      "LHCb": 2.95084547996521,
      "total": 2.689831018447876
    }
  },
  "1400": {
    "training_loss": 7724.87255859375,
    "validation_loss": [
      3159.40185546875
    ],
    "validation_chi2s": {
      "DEUTERON": 2.431028755150031,
      "NMC": 2.994043986002604,
      "NUCLEAR": 2.118861572265625,
      "HERACOMB": 2.6124798145169525,
      "DYE886": 3.607942060990767,
      "CDF": 2.117870330810547,
      "D0": 2.4105825424194336,
      "ATLAS": 3.1848376880992544,
      "CMS": 3.3261961898183436,
      "LHCb": 2.929706335067749,
      "total": 2.6758716106414795
    }
  },
  "1500": {
    "training_loss": 7717.16748046875,
    "validation_loss": [
      3149.374755859375
    ],
    "validation_chi2s": {
      "DEUTERON": 2.4118754069010415,
      "NMC": 2.991143918504902,
      "NUCLEAR": 2.107092041015625,
      "HERACOMB": 2.614590713401246,
      "DYE886": 3.6713700727982954,
      "CDF": 2.045474188668387,
      "D0": 2.407217597961426,
      "ATLAS": 3.1671465093439277,
      "CMS": 3.3191808685054625,
      "LHCb": 2.9377574920654297,
      "total": 2.668097734451294
    }
  },
  "1600": {
    "training_loss": 7707.91259765625,
    "validation_loss": [
      3144.604248046875
    ],
    "validation_chi2s": {
      "DEUTERON": 2.4037556055173352,
      "NMC": 2.988242055855545,
      "NUCLEAR": 2.0993798828125,
      "HERACOMB": 2.6111500060636232,
      "DYE886": 3.692148035222834,
      "CDF": 1.9932207380022322,
      "D0": 2.4383106231689453,
      "ATLAS": 3.1616023670543325,
      "CMS": 3.3272576060721546,
      "LHCb": 2.9466657638549805,
      "total": 2.664654493331909
    }
  },
  "1700": {
    "training_loss": 7699.15380859375,
    "validation_loss": [
      3141.497802734375
    ],
    "validation_chi2s": {
      "DEUTERON": 2.3946021540247977,
      "NMC": 2.9880933574601714,
      "NUCLEAR": 2.090177978515625,
      "HERACOMB": 2.610192591847937,
      "DYE886": 3.718882127241655,
      "CDF": 1.9557089124407088,
      "D0": 2.4575977325439453,
      "ATLAS": 3.163998343727805,
      "CMS": 3.3303743688071648,
      "LHCb": 2.9618844985961914,
      "total": 2.662421464920044
    }
  },
  "1800": {
    "training_loss": 7687.48095703125,
    "validation_loss": [
      3141.06787109375
    ],
    "validation_chi2s": {
      "DEUTERON": 2.388119977505053,
      "NMC": 2.983860090667126,
      "NUCLEAR": 2.081059814453125,
      "HERACOMB": 2.608181224149816,
      "DYE886": 3.7328650734641333,
      "CDF": 1.9180236543927873,
      "D0": 2.4852764129638674,
      "ATLAS": 3.1758544228293677,
      "CMS": 3.338221852372332,
      "LHCb": 2.99074649810791,
      "total": 2.6623215675354004
    }
  },
  "1900": {
    "training_loss": 10126.9619140625,
    "validation_loss": [
      3179.562255859375
    ],
    "validation_chi2s": {
      "DEUTERON": 2.417977252409826,
      "NMC": 3.0515023025811887,
      "NUCLEAR": 2.091570556640625,
      "HERACOMB": 2.721138947929432,
      "DYE886": 4.086461847478693,
      "CDF": 2.0316880089896068,
      "D0": 2.4921501159667967,
      "ATLAS": 3.061563665216619,
      "CMS": 3.369068921096926,
      "LHCb": 3.0183217525482178,
      "total": 2.6961488723754883
    }
  },
  "2000": {
    "training_loss": 66693.59375,
    "validation_loss": [
      12618.7333984375
    ],
    "validation_chi2s": {
      "DEUTERON": 3.4046752322372513,
      "NMC": 3.528437894933364,
      "NUCLEAR": 3.496334228515625,
      "HERACOMB": 4.079627342473447,
      "DYE886": 144.50390625,
      "CDF": 2.4399811880929128,
      "D0": 56.744989013671876,
      "ATLAS": 15.727855335582387,
      "CMS": 13.032508415904472,
      "LHCb": 41.20967102050781,
      "total": 10.560410499572754
    }
  },
  "2100": {
    "training_loss": 51226.88671875,
    "validation_loss": [
      12790.8984375
    ],
    "validation_chi2s": {
      "DEUTERON": 2.9809215033232275,
      "NMC": 2.648701686485141,
      "NUCLEAR": 3.851510986328125,
      "HERACOMB": 3.205318874782986,
      "DYE886": 193.15505149147728,
      "CDF": 3.302656718662807,
      "D0": 34.194577026367185,
      "ATLAS": 10.884219082919033,
      "CMS": 9.687487098259654,
      "LHCb": 68.98140716552734,
      "total": 10.70205307006836
    }
  },
  "2200": {
    "training_loss": 36765.953125,
    "validation_loss": [
      11032.1435546875
    ],
    "validation_chi2s": {
      "DEUTERON": 2.9410269817902672,
      "NMC": 2.7183215571384802,
      "NUCLEAR": 3.9527861328125,
      "HERACOMB": 3.188535004659416,
      "DYE886": 152.2136896306818,
      "CDF": 3.092410223824637,
      "D0": 24.829261779785156,
      "ATLAS": 9.96999775279652,
      "CMS": 7.008675427940803,
      "LHCb": 60.8156623840332,
      "total": 9.231917381286621
    }
  },
  "2300": {
    "training_loss": 8921.7890625,
    "validation_loss": [
      4143.7275390625
    ],
    "validation_chi2s": {
      "DEUTERON": 2.966518117420709,
      "NMC": 3.1516424440870097,
      "NUCLEAR": 2.714561767578125,
      "HERACOMB": 2.726842942580678,
      "DYE886": 17.67116338556463,
      "CDF": 2.6238648550851003,
      "D0": 3.410531997680664,
      "ATLAS": 3.3329249295321377,
      "CMS": 3.553541726213161,
      "LHCb": 11.49417495727539,
      "total": 3.4828438758850098
    }
  },
  "2400": {
    "training_loss": 7715.244140625,
    "validation_loss": [
      3167.395263671875
    ],
    "validation_chi2s": {
      "DEUTERON": 2.4523464221859452,
      "NMC": 3.0015330595128678,
      "NUCLEAR": 2.0826640625,
      "HERACOMB": 2.6082356770833335,
      "DYE886": 3.7688335071910513,
      "CDF": 2.0386526925223216,
      "D0": 2.4879465103149414,
      "ATLAS": 3.24534780328924,
      "CMS": 3.357372501032139,
      "LHCb": 2.8843722343444824,
      "total": 2.6853036880493164
    }
  },
  "2500": {
    "training_loss": 7669.8349609375,
    "validation_loss": [
      3162.85107421875
    ],
    "validation_chi2s": {
      "DEUTERON": 2.4471555491585044,
      "NMC": 3.0614911247702206,
      "NUCLEAR": 2.071483642578125,
      "HERACOMB": 2.665365580639808,
      "DYE886": 4.555173006924716,
      "CDF": 1.9991036823817663,
      "D0": 2.014029693603516,
      "ATLAS": 3.144400856711648,
      "CMS": 3.2793914050590702,
      "LHCb": 2.748471975326538,
      "total": 2.682993173599243
    }
  },
  "2600": {
    "training_loss": 7661.5595703125,
    "validation_loss": [
      3157.06103515625
    ],
    "validation_chi2s": {
      "DEUTERON": 2.437752491206079,
      "NMC": 3.052807976217831,
      "NUCLEAR": 2.067444091796875,
      "HERACOMB": 2.6578175663168913,
      "DYE886": 4.68845644864169,
      "CDF": 1.9259782518659319,
      "D0": 2.0006181716918947,
      "ATLAS": 3.128446405584162,
      "CMS": 3.2764458384940296,
      "LHCb": 2.776512384414673,
      "total": 2.678205966949463
    }
  },
  "2700": {
    "training_loss": 7657.1767578125,
    "validation_loss": [
      3155.556884765625
    ],
    "validation_chi2s": {
      "DEUTERON": 2.4307979754547575,
      "NMC": 3.051360186408548,
      "NUCLEAR": 2.064162109375,
      "HERACOMB": 2.6553584080116424,
      "DYE886": 4.759591536088423,
      "CDF": 1.8619230815342493,
      "D0": 2.022897148132324,
      "ATLAS": 3.126028234308416,
      "CMS": 3.276005442549543,
      "LHCb": 2.806818962097168,
      "total": 2.6771740913391113
    }
  },
  "2800": {
    "training_loss": 7646.79296875,
    "validation_loss": [
      3142.221435546875
    ],
    "validation_chi2s": {
      "DEUTERON": 2.379111066979555,
      "NMC": 2.9638785567938113,
      "NUCLEAR": 2.048835693359375,
      "HERACOMB": 2.5938251969081905,
      "DYE886": 3.9403457641601562,
      "CDF": 1.6916228703090124,
      "D0": 2.4757640838623045,
      "ATLAS": 3.229591716419567,
      "CMS": 3.386188786204268,
      "LHCb": 2.9912679195404053,
      "total": 2.664851427078247
    }
  },
  "2900": {
    "training_loss": 7674.6884765625,
    "validation_loss": [
      3131.890625
    ],
    "validation_chi2s": {
      "DEUTERON": 2.389401563957556,
      "NMC": 2.988271675857843,
      "NUCLEAR": 2.0408963623046876,
      "HERACOMB": 2.606142530254289,
      "DYE886": 3.9293365478515625,
      "CDF": 1.6994026729038783,
      "D0": 2.449262809753418,
      "ATLAS": 3.184470783580433,
      "CMS": 3.3219306759717986,
      "LHCb": 3.0434563159942627,
      "total": 2.6567606925964355
    }
  },
  "3000": {
    "training_loss": 7636.89013671875,
    "validation_loss": [
      3151.767333984375
    ],
    "validation_chi2s": {
      "DEUTERON": 2.4022748197489117,
      "NMC": 3.050315108953738,
      "NUCLEAR": 2.0456063232421875,
      "HERACOMB": 2.6854990042892157,
      "DYE886": 4.470315066250888,
      "CDF": 1.7937912259783064,
      "D0": 2.187748908996582,
      "ATLAS": 3.143522782759233,
      "CMS": 3.2865997562563516,
      "LHCb": 2.7710440158843994,
      "total": 2.6744937896728516
    }
  },
  "3100": {
    "training_loss": 7645.97119140625,
    "validation_loss": [
      3146.453369140625
    ],
    "validation_chi2s": {
      "DEUTERON": 2.4038438180192787,
      "NMC": 3.019070494408701,
      "NUCLEAR": 2.04713427734375,
      "HERACOMB": 2.6435106065538196,
      "DYE886": 4.80602333762429,
      "CDF": 1.727747917175293,
      "D0": 2.0553525924682616,
      "ATLAS": 3.147561853582209,
      "CMS": 3.267198019880589,
      "LHCb": 2.9083783626556396,
      "total": 2.6698877811431885
    }
  },
  "3200": {
    "training_loss": 7665.41015625,
    "validation_loss": [
      3158.631103515625
    ],
    "validation_chi2s": {
      "DEUTERON": 2.478670034835588,
      "NMC": 3.042220770143995,
      "NUCLEAR": 2.045897705078125,
      "HERACOMB": 2.6031723521114176,
      "DYE886": 5.008471402254972,
      "CDF": 1.6824226379394531,
      "D0": 1.9836389541625976,
      "ATLAS": 3.05929912220348,
      "CMS": 3.3388418802400914,
      "LHCb": 3.2724523544311523,
      "total": 2.6800029277801514
    }
  },
  "3300": {
    "training_loss": 7658.5283203125,
    "validation_loss": [
      3143.831298828125
    ],
    "validation_chi2s": {
      "DEUTERON": 2.3788250216204134,
      "NMC": 2.963382496553309,
      "NUCLEAR": 2.046921875,
      "HERACOMB": 2.623379177517361,
      "DYE886": 4.837207447398793,
      "CDF": 1.6479579380580358,
      "D0": 2.1119524002075196,
      "ATLAS": 3.2026134837757456,
      "CMS": 3.2667134602864585,
      "LHCb": 2.938486337661743,
      "total": 2.6675143241882324
    }
  },
  "3400": {
    "training_loss": 7700.03076171875,
    "validation_loss": [
      3134.306396484375
    ],
    "validation_chi2s": {
      "DEUTERON": 2.3780927515741603,
      "NMC": 2.9815999947342218,
      "NUCLEAR": 2.0440980224609375,
      "HERACOMB": 2.634419958575878,
      "DYE886": 4.616073261607777,
      "CDF": 1.638571058000837,
      "D0": 2.154267120361328,
      "ATLAS": 3.1712764393199575,
      "CMS": 3.2634527935245172,
      "LHCb": 2.86659836769104,
      "total": 2.6596453189849854
    }
  },
  "3500": {
    "training_loss": 7624.25,
    "validation_loss": [
      3148.216552734375
    ],
    "validation_chi2s": {
      "DEUTERON": 2.3526230237970305,
      "NMC": 2.9770250507429536,
      "NUCLEAR": 2.04576025390625,
      "HERACOMB": 2.667087330537684,
      "DYE886": 4.014464638449929,
      "CDF": 1.707792145865304,
      "D0": 2.6252079010009766,
      "ATLAS": 3.1997413635253906,
      "CMS": 3.2919527379477898,
      "LHCb": 3.1333913803100586,
      "total": 2.6715893745422363
    }
  },
  "3600": {
    "training_loss": 7627.73583984375,
    "validation_loss": [
      3141.975830078125
    ],
    "validation_chi2s": {
      "DEUTERON": 2.361569684536303,
      "NMC": 2.9964052088120403,
      "NUCLEAR": 2.0441298828125,
      "HERACOMB": 2.6698959450316586,
      "DYE886": 4.437350186434659,
      "CDF": 1.7109455381120955,
      "D0": 2.2879192352294924,
      "ATLAS": 3.2077102661132812,
      "CMS": 3.2573016407043953,
      "LHCb": 2.744441032409668,
      "total": 2.666398525238037
    }
  },
  "3700": {
    "training_loss": 7740.56982421875,
    "validation_loss": [
      3129.551513671875
    ],
    "validation_chi2s": {
      "DEUTERON": 2.367765056553172,
      "NMC": 2.9027213302313113,
      "NUCLEAR": 2.037907470703125,
      "HERACOMB": 2.606195188036152,
      "DYE886": 4.514230901544744,
      "CDF": 1.5625584466116769,
      "D0": 2.2649532318115235,
      "ATLAS": 3.183014609596946,
      "CMS": 3.3143313027978913,
      "LHCb": 2.9925923347473145,
      "total": 2.654897451400757
    }
  },
  "3800": {
    "training_loss": 7628.70166015625,
    "validation_loss": [
      3129.97705078125
    ],
    "validation_chi2s": {
      "DEUTERON": 2.392074509046564,
      "NMC": 3.013650333180147,
      "NUCLEAR": 2.03577880859375,
      "HERACOMB": 2.652691411037071,
      "DYE886": 4.3045054349032315,
      "CDF": 1.6883196149553572,
      "D0": 2.242648887634277,
      "ATLAS": 3.1256880326704546,
      "CMS": 3.285990893356199,
      "LHCb": 2.830090284347534,
      "total": 2.656177043914795
    }
  },
  "3900": {
    "training_loss": 7631.14599609375,
    "validation_loss": [
      3138.194580078125
    ],
    "validation_chi2s": {
      "DEUTERON": 2.3657695713327893,
      "NMC": 2.977517520680147,
      "NUCLEAR": 2.038524658203125,
      "HERACOMB": 2.6665597554125817,
      "DYE886": 4.372056094082919,
      "CDF": 1.6662953240530831,
      "D0": 2.3251821517944338,
      "ATLAS": 3.1793875260786577,
      "CMS": 3.276994658679497,
      "LHCb": 2.8293514251708984,
      "total": 2.6632039546966553
    }
  },
  "4000": {
    "training_loss": 7634.197265625,
    "validation_loss": [
      3133.519287109375
    ],
    "validation_chi2s": {
      "DEUTERON": 2.373908503138604,
      "NMC": 2.944131888595282,
      "NUCLEAR": 2.0385224609375,
      "HERACOMB": 2.606070524726818,
      "DYE886": 4.04414159601385,
      "CDF": 1.6061197008405412,
      "D0": 2.683109474182129,
      "ATLAS": 3.1541852084073154,
      "CMS": 3.313368882590193,
      "LHCb": 3.3800294399261475,
      "total": 2.658982515335083
    }
  },
  "4100": {
    "training_loss": 7631.32421875,
    "validation_loss": [
      3132.895263671875
    ],
    "validation_chi2s": {
      "DEUTERON": 2.3329598346159828,
      "NMC": 2.907397101907169,
      "NUCLEAR": 2.03877978515625,
      "HERACOMB": 2.6198102165670956,
      "DYE886": 3.878786954012784,
      "CDF": 1.6104586465018136,
      "D0": 2.630299758911133,
      "ATLAS": 3.2198992642489346,
      "CMS": 3.2980639449949187,
      "LHCb": 3.3685412406921387,
      "total": 2.65842604637146
    }
  },
  "4200": {
    "training_loss": 7647.4443359375,
    "validation_loss": [
      3134.526611328125
    ],
    "validation_chi2s": {
      "DEUTERON": 2.360901182563744,
      "NMC": 2.9308214374617036,
      "NUCLEAR": 2.0399581298828124,
      "HERACOMB": 2.628915425219567,
      "DYE886": 4.686512340198863,
      "CDF": 1.5756950378417969,
      "D0": 2.1758779525756835,
      "ATLAS": 3.2128236944025215,
      "CMS": 3.253860349577617,
      "LHCb": 2.9187228679656982,
      "total": 2.659952163696289
    }
  },
  "4300": {
    "training_loss": 7630.3720703125,
    "validation_loss": [
      3139.719482421875
    ],
    "validation_chi2s": {
      "DEUTERON": 2.351485978311567,
      "NMC": 2.9454453412224266,
      "NUCLEAR": 2.0425355224609376,
      "HERACOMB": 2.6406988006791257,
      "DYE886": 4.651098771528765,
      "CDF": 1.6066883632114954,
      "D0": 2.176314926147461,
      "ATLAS": 3.2539541071111504,
      "CMS": 3.2407993223608993,
      "LHCb": 2.834397554397583,
      "total": 2.6646037101745605
    }
  },
  "4400": {
    "training_loss": 7627.87060546875,
    "validation_loss": [
      3139.84375
    ],
    "validation_chi2s": {
      "DEUTERON": 2.3557938153470928,
      "NMC": 2.944345511642157,
      "NUCLEAR": 2.041012939453125,
      "HERACOMB": 2.637066610498366,
      "DYE886": 4.003992254083807,
      "CDF": 1.6376427241734095,
      "D0": 2.697555732727051,
      "ATLAS": 3.182733015580611,
      "CMS": 3.294573528010671,
      "LHCb": 3.317699909210205,
      "total": 2.6646506786346436
    }
  },
  "4500": {
    "training_loss": 7623.865234375,
    "validation_loss": [
      3120.482421875
    ],
    "validation_chi2s": {
      "DEUTERON": 2.33551905997357,
      "NMC": 2.89024382946538,
      "NUCLEAR": 2.0310478515625,
      "HERACOMB": 2.610312468086193,
      "DYE886": 3.8361871892755683,
      "CDF": 1.5453146525791712,
      "D0": 2.4521463394165037,
      "ATLAS": 3.2323136763139204,
      "CMS": 3.309687420604675,
      "LHCb": 3.1288387775421143,
      "total": 2.647874116897583
    }
  },
  "4600": {
    "training_loss": 7623.22265625,
    "validation_loss": [
      3129.78662109375
    ],
    "validation_chi2s": {
      "DEUTERON": 2.3603898233442164,
      "NMC": 2.932802686504289,
      "NUCLEAR": 2.0353475341796874,
      "HERACOMB": 2.599517822265625,
      "DYE886": 3.890764063054865,
      "CDF": 1.585794176374163,
      "D0": 2.620355796813965,
      "ATLAS": 3.188328829678622,
      "CMS": 3.3281329395325203,
      "LHCb": 3.3456690311431885,
      "total": 2.656000852584839
    }
  },
  "4700": {
    "training_loss": 7625.9150390625,
    "validation_loss": [
      3141.6513671875
    ],
    "validation_chi2s": {
      "DEUTERON": 2.3629488968730565,
      "NMC": 2.963004317938113,
      "NUCLEAR": 2.04259619140625,
      "HERACOMB": 2.6427983302696076,
      "DYE886": 4.696085149591619,
      "CDF": 1.575155530657087,
      "D0": 2.2177352905273438,
      "ATLAS": 3.2284424521706323,
      "CMS": 3.2395610033981197,
      "LHCb": 2.8870351314544678,
      "total": 2.6663713455200195
    }
  },
  "4800": {
    "training_loss": 7624.484375,
    "validation_loss": [
      3139.46044921875
    ],
    "validation_chi2s": {
      "DEUTERON": 2.336524469935479,
      "NMC": 2.8919073366651347,
      "NUCLEAR": 2.0412318115234376,
      "HERACOMB": 2.615756564670139,
      "DYE886": 4.005814639004794,
      "CDF": 1.5377144132341658,
      "D0": 2.7450283050537108,
      "ATLAS": 3.2137780623002485,
      "CMS": 3.3097243890529726,
      "LHCb": 3.478785514831543,
      "total": 2.6640429496765137
    }
  },
  "4900": {
    "training_loss": 7623.0048828125,
    "validation_loss": [
      3135.037841796875
    ],
    "validation_chi2s": {
      "DEUTERON": 2.37524854365866,
      "NMC": 2.9668097402535234,
      "NUCLEAR": 2.0365032958984375,
      "HERACOMB": 2.6185041440078636,
      "DYE886": 3.9629585959694604,
      "CDF": 1.6049902779715401,
      "D0": 2.7038751602172852,
      "ATLAS": 3.1404540322043677,
      "CMS": 3.297575167524136,
      "LHCb": 3.4787328243255615,
      "total": 2.660628318786621
    }
  },
  "5000": {
    "training_loss": 7622.287109375,
    "validation_loss": [
      3138.445068359375
    ],
    "validation_chi2s": {
      "DEUTERON": 2.3600674909145676,
      "NMC": 2.9501459458295036,
      "NUCLEAR": 2.0416153564453126,
      "HERACOMB": 2.641815584469465,
      "DYE886": 4.668393915349787,
      "CDF": 1.577108655657087,
      "D0": 2.209482955932617,
      "ATLAS": 3.21220571344549,
      "CMS": 3.25177001953125,
      "LHCb": 2.9064297676086426,
      "total": 2.6636598110198975
    }
  },
  "5100": {
    "training_loss": 7630.83935546875,
    "validation_loss": [
      3142.226318359375
    ],
    "validation_chi2s": {
      "DEUTERON": 2.3793781337453357,
      "NMC": 2.9784869025735294,
      "NUCLEAR": 2.0394248046875,
      "HERACOMB": 2.6511336183236316,
      "DYE886": 4.3168324557217685,
      "CDF": 1.5977130617414201,
      "D0": 2.55091552734375,
      "ATLAS": 3.1522029529918325,
      "CMS": 3.275982864503938,
      "LHCb": 3.153388500213623,
      "total": 2.6668643951416016
    }
  },
  "5200": {
    "training_loss": 7612.73193359375,
    "validation_loss": [
      3131.5166015625
    ],
    "validation_chi2s": {
      "DEUTERON": 2.385018419863573,
      "NMC": 2.9314434575099573,
      "NUCLEAR": 2.0328133544921876,
      "HERACOMB": 2.598489399828942,
      "DYE886": 3.9041512229225854,
      "CDF": 1.6037928717476981,
      "D0": 2.5884281158447267,
      "ATLAS": 3.1263788396661933,
      "CMS": 3.343888197487932,
      "LHCb": 3.5595648288726807,
      "total": 2.657625198364258
    }
  },
  "5300": {
    "training_loss": 7620.11279296875,
    "validation_loss": [
      3136.56005859375
    ],
    "validation_chi2s": {
      "DEUTERON": 2.32493750728778,
      "NMC": 2.849283255782782,
      "NUCLEAR": 2.036666015625,
      "HERACOMB": 2.6272664786943425,
      "DYE886": 4.039545232599432,
      "CDF": 1.579307964869908,
      "D0": 2.5170127868652346,
      "ATLAS": 3.2479334744540127,
      "CMS": 3.317950985295986,
      "LHCb": 3.2701375484466553,
      "total": 2.6614766120910645
    }
  },
  "5400": {
    "training_loss": 7620.4404296875,
    "validation_loss": [
      3132.647216796875
    ],
    "validation_chi2s": {
      "DEUTERON": 2.4059512010261193,
      "NMC": 2.9502165551279105,
      "NUCLEAR": 2.0343831787109377,
      "HERACOMB": 2.6023854773029003,
      "DYE886": 4.156045740300959,
      "CDF": 1.6086996623447962,
      "D0": 2.481052780151367,
      "ATLAS": 3.112113605846058,
      "CMS": 3.3299659791031506,
      "LHCb": 3.3778574466705322,
      "total": 2.658655881881714
    }
  },
  "5500": {
    "training_loss": 7606.8193359375,
    "validation_loss": [
      3136.44140625
    ],
    "validation_chi2s": {
      "DEUTERON": 2.394105825851213,
      "NMC": 3.0076036640242036,
      "NUCLEAR": 2.034877685546875,
      "HERACOMB": 2.66325328552645,
      "DYE886": 4.132888447154652,
      "CDF": 1.6734181812831335,
      "D0": 2.3616762161254883,
      "ATLAS": 3.110034942626953,
      "CMS": 3.3013509114583335,
      "LHCb": 3.059100389480591,
      "total": 2.6620166301727295
    }
  },
  "5600": {
    "training_loss": 7622.57080078125,
    "validation_loss": [
      3129.1484375
    ],
    "validation_chi2s": {
      "DEUTERON": 2.3419778548662937,
      "NMC": 2.866847318761489,
      "NUCLEAR": 2.0342347412109376,
      "HERACOMB": 2.620388454861111,
      "DYE886": 4.086404280229048,
      "CDF": 1.6161835534232003,
      "D0": 2.3823078155517576,
      "ATLAS": 3.2277232083407315,
      "CMS": 3.306948529995554,
      "LHCb": 3.1571223735809326,
      "total": 2.65555477142334
    }
  },
  "5700": {
    "training_loss": 7617.37841796875,
    "validation_loss": [
      3125.265625
    ],
    "validation_chi2s": {
      "DEUTERON": 2.339728663809857,
      "NMC": 2.872335994944853,
      "NUCLEAR": 2.0337459716796875,
      "HERACOMB": 2.6153420840992645,
      "DYE886": 4.015381552956321,
      "CDF": 1.554999896458217,
      "D0": 2.3312541961669924,
      "ATLAS": 3.223881808194247,
      "CMS": 3.3053941183943087,
      "LHCb": 3.202054262161255,
      "total": 2.6523549556732178
    }
  },
  "5800": {
    "training_loss": 7605.9365234375,
    "validation_loss": [
      3145.08154296875
    ],
    "validation_chi2s": {
      "DEUTERON": 2.3781811159048507,
      "NMC": 2.9531244016161153,
      "NUCLEAR": 2.04074853515625,
      "HERACOMB": 2.6677088519327,
      "DYE886": 4.450148842551491,
      "CDF": 1.6891449519566126,
      "D0": 2.2636333465576173,
      "ATLAS": 3.1840910478071733,
      "CMS": 3.279908963335239,
      "LHCb": 2.9175360202789307,
      "total": 2.6695103645324707
    }
  },
  "5900": {
    "training_loss": 10415.45849609375,
    "validation_loss": [
      5586.271484375
    ],
    "validation_chi2s": {
      "DEUTERON": 3.166195997551306,
      "NMC": 2.791175692689185,
      "NUCLEAR": 2.778816650390625,
      "HERACOMB": 2.748709285960478,
      "DYE886": 14.456130981445312,
      "CDF": 1.9520398548671178,
      "D0": 12.743585205078125,
      "ATLAS": 3.823805722323331,
      "CMS": 4.340940894150153,
      "LHCb": 48.7553596496582,
      "total": 4.703562259674072
    }
  },
  "6000": {
    "training_loss": 17264.875,
    "validation_loss": [
      4247.88525390625
    ],
    "validation_chi2s": {
      "DEUTERON": 3.9031086632268344,
      "NMC": 2.9321336933210786,
      "NUCLEAR": 2.234377197265625,
      "HERACOMB": 2.8317210876863768,
      "DYE886": 16.84945956143466,
      "CDF": 2.030137607029506,
      "D0": 5.0911205291748045,
      "ATLAS": 4.224216461181641,
      "CMS": 3.6174281670795225,
      "LHCb": 6.289290904998779,
      "total": 3.552324056625366
    }
  },
  "6100": {
    "training_loss": 7599.9228515625,
    "validation_loss": [
      3150.251708984375
    ],
    "validation_chi2s": {
      "DEUTERON": 2.3953225814287937,
      "NMC": 2.9655905330882355,
      "NUCLEAR": 2.04162109375,
      "HERACOMB": 2.6615776111877043,
      "DYE886": 4.511720137162642,
      "CDF": 1.6666840144566126,
      "D0": 2.068349838256836,
      "ATLAS": 3.2123003872958096,
      "CMS": 3.264422408933562,
      "LHCb": 2.9363293647766113,
      "total": 2.674034357070923
    }
  },
  "6200": {
    "training_loss": 7605.03076171875,
    "validation_loss": [
      3143.288330078125
    ],
    "validation_chi2s": {
      "DEUTERON": 2.406788536565221,
      "NMC": 2.960606892903646,
      "NUCLEAR": 2.04109130859375,
      "HERACOMB": 2.6524223377502043,
      "DYE886": 4.308133905584162,
      "CDF": 1.6703312737601144,
      "D0": 2.238504981994629,
      "ATLAS": 3.164982882412997,
      "CMS": 3.2869726661744156,
      "LHCb": 3.006240129470825,
      "total": 2.668132781982422
    }
  },
  "6300": {
    "training_loss": 7599.7705078125,
    "validation_loss": [
      3128.117919921875
    ],
    "validation_chi2s": {
      "DEUTERON": 2.4281761966534514,
      "NMC": 2.943191827512255,
      "NUCLEAR": 2.0283641357421875,
      "HERACOMB": 2.598592720779718,
      "DYE886": 3.914899999445135,
      "CDF": 1.7149336678641183,
      "D0": 2.210226631164551,
      "ATLAS": 3.1337803927334873,
      "CMS": 3.344349186594893,
      "LHCb": 3.260031223297119,
      "total": 2.6552484035491943
    }
  },
  "6400": {
    "training_loss": 7600.95166015625,
    "validation_loss": [
      3130.042724609375
    ],
    "validation_chi2s": {
      "DEUTERON": 2.351314411827581,
      "NMC": 2.8606139538334867,
      "NUCLEAR": 2.0371011962890626,
      "HERACOMB": 2.614861781301062,
      "DYE886": 3.8870981389825996,
      "CDF": 1.5919088636125838,
      "D0": 2.2342239379882813,
      "ATLAS": 3.248361760919744,
      "CMS": 3.286616627762957,
      "LHCb": 3.336210012435913,
      "total": 2.656752586364746
    }
  },
  "6500": {
    "training_loss": 7616.41650390625,
    "validation_loss": [
      3126.112060546875
    ],
    "validation_chi2s": {
      "DEUTERON": 2.340637510688744,
      "NMC": 2.8584286558861827,
      "NUCLEAR": 2.034471923828125,
      "HERACOMB": 2.6195991865170547,
      "DYE886": 3.9812393188476562,
      "CDF": 1.6997338703700475,
      "D0": 2.142551612854004,
      "ATLAS": 3.2866512645374644,
      "CMS": 3.2885461822757875,
      "LHCb": 2.987666130065918,
      "total": 2.653583526611328
    }
  },
  "6600": {
    "training_loss": 7599.05859375,
    "validation_loss": [
      3125.267333984375
    ],
    "validation_chi2s": {
      "DEUTERON": 2.400741501234064,
      "NMC": 2.878381467333027,
      "NUCLEAR": 2.023478759765625,
      "HERACOMB": 2.6149645038679536,
      "DYE886": 3.959389079700817,
      "CDF": 1.6616619655064173,
      "D0": 2.156818389892578,
      "ATLAS": 3.139301993630149,
      "CMS": 3.3323056600927337,
      "LHCb": 3.3410050868988037,
      "total": 2.6528050899505615
    }
  },
  "6700": {
    "training_loss": 7585.54248046875,
    "validation_loss": [
      3140.1376953125
    ],
    "validation_chi2s": {
      "DEUTERON": 2.3331336785311723,
      "NMC": 2.864673090916054,
      "NUCLEAR": 2.0363779296875,
      "HERACOMB": 2.6626016454758985,
      "DYE886": 3.955595536665483,
      "CDF": 1.671318735395159,
      "D0": 2.1827573776245117,
      "ATLAS": 3.287962480024858,
      "CMS": 3.272865357437754,
      "LHCb": 3.104074478149414,
      "total": 2.665562868118286
    }
  },
  "6800": {
    "training_loss": 7595.1259765625,
    "validation_loss": [
      3136.720458984375
    ],
    "validation_chi2s": {
      "DEUTERON": 2.369974164820429,
      "NMC": 2.828723383884804,
      "NUCLEAR": 2.0314952392578123,
      "HERACOMB": 2.611947053398182,
      "DYE886": 3.89194072376598,
      "CDF": 1.6172821862357003,
      "D0": 2.2436906814575197,
      "ATLAS": 3.2319602966308594,
      "CMS": 3.3247169556656506,
      "LHCb": 3.4848716259002686,
      "total": 2.662496566772461
    }
  },
  "6900": {
    "training_loss": 7577.81201171875,
    "validation_loss": [
      3151.223876953125
    ],
    "validation_chi2s": {
      "DEUTERON": 2.388170688306514,
      "NMC": 2.910465315276501,
      "NUCLEAR": 2.0437413330078127,
      "HERACOMB": 2.659128226485907,
      "DYE886": 4.541045448996804,
      "CDF": 1.6738594600132533,
      "D0": 2.0680789947509766,
      "ATLAS": 3.2479900013316763,
      "CMS": 3.23812766966781,
      "LHCb": 2.9939444065093994,
      "total": 2.674981117248535
    }
  },
  "7000": {
    "training_loss": 7589.94970703125,
    "validation_loss": [
      3139.4052734375
    ],
    "validation_chi2s": {
      "DEUTERON": 2.371199119150342,
      "NMC": 2.8226261512905944,
      "NUCLEAR": 2.0306329345703125,
      "HERACOMB": 2.6161690506280637,
      "DYE886": 3.918444199995561,
      "CDF": 1.631545066833496,
      "D0": 2.2320369720458983,
      "ATLAS": 3.2391801313920454,
      "CMS": 3.3293184109819616,
      "LHCb": 3.4648852348327637,
      "total": 2.6648521423339844
    }
  },
  "7100": {
    "training_loss": 7572.46435546875,
    "validation_loss": [
      3146.515625
    ],
    "validation_chi2s": {
      "DEUTERON": 2.3973754579155004,
      "NMC": 2.9511691822725186,
      "NUCLEAR": 2.0385482177734375,
      "HERACOMB": 2.6558177673738768,
      "DYE886": 4.165457292036577,
      "CDF": 1.700950758797782,
      "D0": 2.2834896087646483,
      "ATLAS": 3.1947208751331675,
      "CMS": 3.265203460445249,
      "LHCb": 3.170694351196289,
      "total": 2.670996904373169
    }
  },
  "7200": {
    "training_loss": 7581.92578125,
    "validation_loss": [
      3143.0732421875
    ],
    "validation_chi2s": {
      "DEUTERON": 2.401555910632385,
      "NMC": 2.902842502967984,
      "NUCLEAR": 2.036888427734375,
      "HERACOMB": 2.630697013505923,
      "DYE886": 3.9382858276367188,
      "CDF": 1.7179982321602958,
      "D0": 2.4555923461914064,
      "ATLAS": 3.146499286998402,
      "CMS": 3.308048155249619,
      "LHCb": 3.5665500164031982,
      "total": 2.6680819988250732
    }
  },
  "7300": {
    "training_loss": 7587.23779296875,
    "validation_loss": [
      3143.285888671875
    ],
    "validation_chi2s": {
      "DEUTERON": 2.381238946867226,
      "NMC": 2.8520181693282782,
      "NUCLEAR": 2.0414595947265624,
      "HERACOMB": 2.6519232855902777,
      "DYE886": 4.456877274946733,
      "CDF": 1.6948325293404716,
      "D0": 2.2197261810302735,
      "ATLAS": 3.1974768205122515,
      "CMS": 3.2668052611312244,
      "LHCb": 3.1423499584198,
      "total": 2.6682310104370117
    }
  },
  "7400": {
    "training_loss": 7565.96435546875,
    "validation_loss": [
      3142.677978515625
    ],
    "validation_chi2s": {
      "DEUTERON": 2.3468369820817787,
      "NMC": 2.885783176796109,
      "NUCLEAR": 2.0379837646484376,
      "HERACOMB": 2.6770396513097428,
      "DYE886": 3.9327801791104404,
      "CDF": 1.7002454485212053,
      "D0": 2.2621320724487304,
      "ATLAS": 3.242620988325639,
      "CMS": 3.266305814913618,
      "LHCb": 3.174323558807373,
      "total": 2.6677746772766113
    }
  },
  "7500": {
    "training_loss": 7573.84130859375,
    "validation_loss": [
      3142.271484375
    ],
    "validation_chi2s": {
      "DEUTERON": 2.3724202777615826,
      "NMC": 2.8450434067670036,
      "NUCLEAR": 2.042036376953125,
      "HERACOMB": 2.6630997003293504,
      "DYE886": 4.50860595703125,
      "CDF": 1.6978916440691267,
      "D0": 2.1215585708618163,
      "ATLAS": 3.2096255909312856,
      "CMS": 3.248407379398501,
      "LHCb": 3.0635788440704346,
      "total": 2.6673548221588135
    }
  },
  "7600": {
    "training_loss": 7588.32568359375,
    "validation_loss": [
      3139.873291015625
    ],
    "validation_chi2s": {
      "DEUTERON": 2.3660077906366603,
      "NMC": 2.8393306358187806,
      "NUCLEAR": 2.035274169921875,
      "HERACOMB": 2.6650528253293504,
      "DYE886": 4.289680827747691,
      "CDF": 1.7098620278494698,
      "D0": 2.1320419311523438,
      "ATLAS": 3.231742165305398,
      "CMS": 3.2575554576346546,
      "LHCb": 3.0626673698425293,
      "total": 2.665391683578491
    }
  },
  "7700": {
    "training_loss": 7572.33984375,
    "validation_loss": [
      3140.508544921875
    ],
    "validation_chi2s": {
      "DEUTERON": 2.3838297526041665,
      "NMC": 2.8418911204618564,
      "NUCLEAR": 2.036306640625,
      "HERACOMB": 2.6624741897084356,
      "DYE886": 4.419621207497337,
      "CDF": 1.753079550606864,
      "D0": 2.077688217163086,
      "ATLAS": 3.212378068403764,
      "CMS": 3.2582844059641767,
      "LHCb": 3.0059051513671875,
      "total": 2.6659562587738037
    }
  },
  "7800": {
    "training_loss": 7555.57080078125,
    "validation_loss": [
      3148.523681640625
    ],
    "validation_chi2s": {
      "DEUTERON": 2.3552030496929417,
      "NMC": 2.88017302868413,
      "NUCLEAR": 2.03655224609375,
      "HERACOMB": 2.691488428053513,
      "DYE886": 3.9698836586692114,
      "CDF": 1.7497869219098772,
      "D0": 2.281096076965332,
      "ATLAS": 3.250012831254439,
      "CMS": 3.2542754382621952,
      "LHCb": 3.1504225730895996,
      "total": 2.6727559566497803
    }
  },
  "7900": {
    "training_loss": 7568.23779296875,
    "validation_loss": [
      3132.224365234375
    ],
    "validation_chi2s": {
      "DEUTERON": 2.3649504552433145,
      "NMC": 2.766544416839001,
      "NUCLEAR": 2.0286446533203124,
      "HERACOMB": 2.635483286739175,
      "DYE886": 3.85113525390625,
      "CDF": 1.6822964804513114,
      "D0": 2.166468620300293,
      "ATLAS": 3.2126950350674717,
      "CMS": 3.320658613995808,
      "LHCb": 3.4362494945526123,
      "total": 2.658802032470703
    }
  },
  "8000": {
    "training_loss": 7568.1083984375,
    "validation_loss": [
      3136.128173828125
    ],
    "validation_chi2s": {
      "DEUTERON": 2.361417855789412,
      "NMC": 2.7870782590379903,
      "NUCLEAR": 2.03034130859375,
      "HERACOMB": 2.6362861184512867,
      "DYE886": 3.8313858725807886,
      "CDF": 1.6409341267177038,
      "D0": 2.1281877517700196,
      "ATLAS": 3.258927431973544,
      "CMS": 3.3035246065961634,
      "LHCb": 3.375127077102661,
      "total": 2.6621756553649902
    }
  },
  "8100": {
    "training_loss": 7557.01953125,
    "validation_loss": [
      3129.1591796875
    ],
    "validation_chi2s": {
      "DEUTERON": 2.3727450394511815,
      "NMC": 2.836318371342678,
      "NUCLEAR": 2.030988037109375,
      "HERACOMB": 2.6357036914700775,
      "DYE886": 3.7510174837979404,
      "CDF": 1.8024046761648995,
      "D0": 2.327351379394531,
      "ATLAS": 3.157645485617898,
      "CMS": 3.306555771246189,
      "LHCb": 3.513246536254883,
      "total": 2.656311273574829
    }
  },
  "8200": {
    "training_loss": 7561.916015625,
    "validation_loss": [
      3126.755126953125
    ],
    "validation_chi2s": {
      "DEUTERON": 2.345380033426617,
      "NMC": 2.7972576664943323,
      "NUCLEAR": 2.02760009765625,
      "HERACOMB": 2.6396677852456087,
      "DYE886": 3.800166043368253,
      "CDF": 1.7139505658830916,
      "D0": 2.0417243957519533,
      "ATLAS": 3.2656097412109375,
      "CMS": 3.273242237122078,
      "LHCb": 3.2691688537597656,
      "total": 2.6542513370513916
    }
  },
  "8300": {
    "training_loss": 7546.74365234375,
    "validation_loss": [
      3157.214599609375
    ],
    "validation_chi2s": {
      "DEUTERON": 2.379337747298663,
      "NMC": 2.878331502278646,
      "NUCLEAR": 2.0439105224609375,
      "HERACOMB": 2.6872907651016136,
      "DYE886": 3.9981509121981533,
      "CDF": 1.7705659866333008,
      "D0": 2.531887435913086,
      "ATLAS": 3.207392605868253,
      "CMS": 3.2567347084603657,
      "LHCb": 3.378868818283081,
      "total": 2.680140495300293
    }
  },
  "8400": {
    "training_loss": 7553.97509765625,
    "validation_loss": [
      3137.57275390625
    ],
    "validation_chi2s": {
      "DEUTERON": 2.3309075654442633,
      "NMC": 2.753347359451593,
      "NUCLEAR": 2.0416114501953126,
      "HERACOMB": 2.6392038382735907,
      "DYE886": 3.6517725857821377,
      "CDF": 1.7115989412580217,
      "D0": 2.300324058532715,
      "ATLAS": 3.243140133944425,
      "CMS": 3.2870270023501016,
      "LHCb": 3.7544479370117188,
      "total": 2.6634085178375244
    }
  },
  "8500": {
    "training_loss": 7551.46630859375,
    "validation_loss": [
      3133.11572265625
    ],
    "validation_chi2s": {
      "DEUTERON": 2.3335407314015857,
      "NMC": 2.755646649528952,
      "NUCLEAR": 2.0327591552734376,
      "HERACOMB": 2.63969491198172,
      "DYE886": 3.6582156094637783,
      "CDF": 1.6969154902866908,
      "D0": 2.083196449279785,
      "ATLAS": 3.2835606661709873,
      "CMS": 3.286655581094385,
      "LHCb": 3.505746841430664,
      "total": 2.659640312194824
    }
  },
  "8600": {
    "training_loss": 8169.94091796875,
    "validation_loss": [
      3125.281005859375
    ],
    "validation_chi2s": {
      "DEUTERON": 2.317721086948072,
      "NMC": 2.7786428414139093,
      "NUCLEAR": 2.036321044921875,
      "HERACOMB": 2.6517992206648286,
      "DYE886": 3.858956076882102,
      "CDF": 1.8621082305908203,
      "D0": 2.0290081024169924,
      "ATLAS": 3.319144509055398,
      "CMS": 3.245411942644817,
      "LHCb": 2.9873905181884766,
      "total": 2.653036594390869
    }
  },
  "8700": {
    "training_loss": 7559.11279296875,
    "validation_loss": [
      3131.64697265625
    ],
    "validation_chi2s": {
      "DEUTERON": 2.368592826881219,
      "NMC": 2.8587718290441178,
      "NUCLEAR": 2.0380938720703123,
      "HERACOMB": 2.6630681854447507,
      "DYE886": 4.054946205832741,
      "CDF": 1.832171848842076,
      "D0": 2.083836555480957,
      "ATLAS": 3.2395158247514204,
      "CMS": 3.2356919699568087,
      "LHCb": 2.9474642276763916,
      "total": 2.658440589904785
    }
  },
  "8800": {
    "training_loss": 7555.84814453125,
    "validation_loss": [
      3128.042724609375
    ],
    "validation_chi2s": {
      "DEUTERON": 2.38928662959616,
      "NMC": 2.8493206547755823,
      "NUCLEAR": 2.0324462890625,
      "HERACOMB": 2.648547602634804,
      "DYE886": 4.003222378817472,
      "CDF": 1.7832847322736467,
      "D0": 2.03367919921875,
      "ATLAS": 3.1855392456054688,
      "CMS": 3.2595629188103405,
      "LHCb": 3.1696603298187256,
      "total": 2.6553738117218018
    }
  },
  "8900": {
    "training_loss": 7573.5791015625,
    "validation_loss": [
      3130.24267578125
    ],
    "validation_chi2s": {
      "DEUTERON": 2.3514383040850437,
      "NMC": 2.7783975040211395,
      "NUCLEAR": 2.038785400390625,
      "HERACOMB": 2.663869820389093,
      "DYE886": 4.242802706631747,
      "CDF": 1.723503657749721,
      "D0": 1.8401805877685546,
      "ATLAS": 3.231093319979581,
      "CMS": 3.2486366334000256,
      "LHCb": 3.093404531478882,
      "total": 2.657240629196167
    }
  },
  "9000": {
    "training_loss": 7551.32568359375,
    "validation_loss": [
      3133.244140625
    ],
    "validation_chi2s": {
      "DEUTERON": 2.3751929743372977,
      "NMC": 2.859650555778952,
      "NUCLEAR": 2.0357489013671874,
      "HERACOMB": 2.683437970728656,
      "DYE886": 4.167999267578125,
      "CDF": 1.8354921340942383,
      "D0": 1.9747543334960938,
      "ATLAS": 3.1875218478116123,
      "CMS": 3.2398937194328,
      "LHCb": 3.003455638885498,
      "total": 2.659795045852661
    }
  },
  "9100": {
    "training_loss": 7538.404296875,
    "validation_loss": [
      3131.162841796875
    ],
    "validation_chi2s": {
      "DEUTERON": 2.312269372133473,
      "NMC": 2.7473733939376532,
      "NUCLEAR": 2.033339111328125,
      "HERACOMB": 2.6518596574371935,
      "DYE886": 3.6354564319957388,
      "CDF": 1.7146214076450892,
      "D0": 1.9284976959228515,
      "ATLAS": 3.3367129239169033,
      "CMS": 3.263516557895071,
      "LHCb": 3.3288209438323975,
      "total": 2.6580216884613037
    }
  },
  "9200": {
    "training_loss": 7547.97900390625,
    "validation_loss": [
      3126.16064453125
    ],
    "validation_chi2s": {
      "DEUTERON": 2.355811275652985,
      "NMC": 2.8307908002068016,
      "NUCLEAR": 2.0347630615234373,
      "HERACOMB": 2.661511190576491,
      "DYE886": 3.9761546741832388,
      "CDF": 1.9001631055559431,
      "D0": 2.074776458740234,
      "ATLAS": 3.209108526056463,
      "CMS": 3.2453886202680384,
      "LHCb": 3.1139771938323975,
      "total": 2.653785467147827
    }
  },
  "9300": {
    "training_loss": 7559.4990234375,
    "validation_loss": [
      3129.522705078125
    ],
    "validation_chi2s": {
      "DEUTERON": 2.341184246006297,
      "NMC": 2.7712330537683822,
      "NUCLEAR": 2.033859619140625,
      "HERACOMB": 2.6352854211345997,
      "DYE886": 3.813884041526101,
      "CDF": 1.83144896371024,
      "D0": 1.9241144180297851,
      "ATLAS": 3.29683442549272,
      "CMS": 3.262984361105818,
      "LHCb": 3.287172555923462,
      "total": 2.656637668609619
    }
  },
  "9400": {
    "training_loss": 7540.51806640625,
    "validation_loss": [
      3128.88134765625
    ],
    "validation_chi2s": {
      "DEUTERON": 2.384854900303172,
      "NMC": 2.8788628671683516,
      "NUCLEAR": 2.0318013916015625,
      "HERACOMB": 2.6569527021420547,
      "DYE886": 3.946299119429155,
      "CDF": 1.8775787353515625,
      "D0": 1.9923530578613282,
      "ATLAS": 3.1887359619140625,
      "CMS": 3.2537665638497204,
      "LHCb": 3.137784719467163,
      "total": 2.6560959815979004
    }
  },
  "9500": {
    "training_loss": 7529.31298828125,
    "validation_loss": [
      3133.98095703125
    ],
    "validation_chi2s": {
      "DEUTERON": 2.3418723338872045,
      "NMC": 2.8439708036534928,
      "NUCLEAR": 2.038480224609375,
      "HERACOMB": 2.684482150607639,
      "DYE886": 3.8245183771306817,
      "CDF": 1.8889920370919364,
      "D0": 2.077014923095703,
      "ATLAS": 3.202392578125,
      "CMS": 3.243858275374746,
      "LHCb": 3.324925184249878,
      "total": 2.660421371459961
    }
  },
  "9600": {
    "training_loss": 7538.4111328125,
    "validation_loss": [
      3125.4296875
    ],
    "validation_chi2s": {
      "DEUTERON": 2.346262006617304,
      "NMC": 2.7847257127948835,
      "NUCLEAR": 2.042906982421875,
      "HERACOMB": 2.6790607926113155,
      "DYE886": 4.26125058260831,
      "CDF": 1.8701071058000838,
      "D0": 1.933188247680664,
      "ATLAS": 3.183535835959695,
      "CMS": 3.2317269177940804,
      "LHCb": 3.0410242080688477,
      "total": 2.653163433074951
    }
  },
  "9700": {
    "training_loss": 7535.728515625,
    "validation_loss": [
      3123.19873046875
    ],
    "validation_chi2s": {
      "DEUTERON": 2.336005671107354,
      "NMC": 2.737575755399816,
      "NUCLEAR": 2.030338623046875,
      "HERACOMB": 2.655361599392361,
      "DYE886": 3.7737558538263496,
      "CDF": 1.8240721566336495,
      "D0": 1.9470069885253907,
      "ATLAS": 3.17091889814897,
      "CMS": 3.3194267459032014,
      "LHCb": 3.5071146488189697,
      "total": 2.651221752166748
    }
  },
  "9800": {
    "training_loss": 7525.9267578125,
    "validation_loss": [
      3151.72900390625
    ],
    "validation_chi2s": {
      "DEUTERON": 2.319669201599425,
      "NMC": 2.83171739765242,
      "NUCLEAR": 2.048935302734375,
      "HERACOMB": 2.6916924769582313,
      "DYE886": 3.8677541559392754,
      "CDF": 1.8863160269601005,
      "D0": 2.033205032348633,
      "ATLAS": 3.341711911288175,
      "CMS": 3.2002330252794717,
      "LHCb": 3.2740416526794434,
      "total": 2.6754915714263916
    }
  },
  "9900": {
    "training_loss": 7522.31005859375,
    "validation_loss": [
      3134.70556640625
    ],
    "validation_chi2s": {
      "DEUTERON": 2.349524806387982,
      "NMC": 2.781183878580729,
      "NUCLEAR": 2.0424171142578125,
      "HERACOMB": 2.642868141722835,
      "DYE886": 3.7584492076526987,
      "CDF": 1.9197774614606584,
      "D0": 2.116571044921875,
      "ATLAS": 3.139720223166726,
      "CMS": 3.2995808919270835,
      "LHCb": 3.9072062969207764,
      "total": 2.6605913639068604
    }
  },
  "10000": {
    "training_loss": 7523.27978515625,
    "validation_loss": [
      3117.202880859375
    ],
    "validation_chi2s": {
      "DEUTERON": 2.3051264369072606,
      "NMC": 2.752852795170803,
      "NUCLEAR": 2.03606884765625,
      "HERACOMB": 2.6775337169372957,
      "DYE886": 3.881127790971236,
      "CDF": 1.9095322745186942,
      "D0": 1.719336700439453,
      "ATLAS": 3.2757131403142754,
      "CMS": 3.2353054139672257,
      "LHCb": 2.9599609375,
      "total": 2.6461803913116455
    }
  },
  "10100": {
    "training_loss": 7523.1103515625,
    "validation_loss": [
      3110.31396484375
    ],
    "validation_chi2s": {
      "DEUTERON": 2.305095463842895,
      "NMC": 2.7169745950137867,
      "NUCLEAR": 2.031542236328125,
      "HERACOMB": 2.651224572674122,
      "DYE886": 3.654246590354226,
      "CDF": 1.840460913521903,
      "D0": 1.7789907455444336,
      "ATLAS": 3.2473560680042612,
      "CMS": 3.2847282595750764,
      "LHCb": 3.205402374267578,
      "total": 2.6402764320373535
    }
  },
  "10200": {
    "training_loss": 7526.37548828125,
    "validation_loss": [
      3112.96484375
    ],
    "validation_chi2s": {
      "DEUTERON": 2.3110210361765393,
      "NMC": 2.7372568167892157,
      "NUCLEAR": 2.0337548828125,
      "HERACOMB": 2.664705962137459,
      "DYE886": 3.7457396767356177,
      "CDF": 1.921037265232631,
      "D0": 1.8273963928222656,
      "ATLAS": 3.188890977339311,
      "CMS": 3.2883104774040905,
      "LHCb": 3.2796268463134766,
      "total": 2.6423909664154053
    }
  },
  "10300": {
    "training_loss": 16238.98828125,
    "validation_loss": [
      3127.014404296875
    ],
    "validation_chi2s": {
      "DEUTERON": 2.310654977067786,
      "NMC": 2.8077925139782476,
      "NUCLEAR": 2.0459320068359377,
      "HERACOMB": 2.6777910220077614,
      "DYE886": 3.9806144020774146,
      "CDF": 2.0020510809762135,
      "D0": 1.6857534408569337,
      "ATLAS": 3.3367046009410513,
      "CMS": 3.2001322924606197,
      "LHCb": 2.7864580154418945,
      "total": 2.6545114517211914
    }
  },
  "10400": {
    "training_loss": 7517.0380859375,
    "validation_loss": [
      3117.64208984375
    ],
    "validation_chi2s": {
      "DEUTERON": 2.3260863954155004,
      "NMC": 2.7535047344132964,
      "NUCLEAR": 2.0344295654296873,
      "HERACOMB": 2.6421155742570464,
      "DYE886": 3.5991262956099077,
      "CDF": 1.8866231100899833,
      "D0": 1.8498344421386719,
      "ATLAS": 3.228719884699041,
      "CMS": 3.3011908802559704,
      "LHCb": 3.3550050258636475,
      "total": 2.646531105041504
    }
  },
  "10500": {
    "training_loss": 7525.69091796875,
    "validation_loss": [
      3112.1513671875
    ],
    "validation_chi2s": {
      "DEUTERON": 2.323093547156794,
      "NMC": 2.787396000880821,
      "NUCLEAR": 2.031578125,
      "HERACOMB": 2.678307826222937,
      "DYE886": 3.6530161770907315,
      "CDF": 2.0273057392665317,
      "D0": 1.8075645446777344,
      "ATLAS": 3.18936504017223,
      "CMS": 3.263384563166921,
      "LHCb": 3.1323037147521973,
      "total": 2.641890525817871
    }
  },
  "10600": {
    "training_loss": 7521.66015625,
    "validation_loss": [
      3141.5537109375
    ],
    "validation_chi2s": {
      "DEUTERON": 2.336513234608209,
      "NMC": 2.8634350346583948,
      "NUCLEAR": 2.055062744140625,
      "HERACOMB": 2.68489124572355,
      "DYE886": 4.016850211403587,
      "CDF": 1.9675964627947127,
      "D0": 1.9531120300292968,
      "ATLAS": 3.2714483087713067,
      "CMS": 3.1987376639513467,
      "LHCb": 3.1138253211975098,
      "total": 2.666853427886963
    }
  },
  "10700": {
    "training_loss": 7531.55126953125,
    "validation_loss": [
      3124.788330078125
    ],
    "validation_chi2s": {
      "DEUTERON": 2.3122922982742535,
      "NMC": 2.7799694584865198,
      "NUCLEAR": 2.0427784423828124,
      "HERACOMB": 2.664160236034518,
      "DYE886": 3.695534099232067,
      "CDF": 1.8963958195277624,
      "D0": 1.848731231689453,
      "ATLAS": 3.2707231695001777,
      "CMS": 3.244276589494411,
      "LHCb": 3.2672536373138428,
      "total": 2.6526196002960205
    }
  },
  "10800": {
    "training_loss": 7522.4375,
    "validation_loss": [
      3139.1396484375
    ],
    "validation_chi2s": {
      "DEUTERON": 2.3477271540247977,
      "NMC": 2.789997474820006,
      "NUCLEAR": 2.0533837890625,
      "HERACOMB": 2.6814287971047794,
      "DYE886": 4.1899566650390625,
      "CDF": 1.94500732421875,
      "D0": 2.125580406188965,
      "ATLAS": 3.2424534884366123,
      "CMS": 3.218498167952871,
      "LHCb": 3.046766757965088,
      "total": 2.664804697036743
    }
  },
  "10900": {
    "training_loss": 7521.509765625,
    "validation_loss": [
      3120.449462890625
    ],
    "validation_chi2s": {
      "DEUTERON": 2.320986467807447,
      "NMC": 2.7550048828125,
      "NUCLEAR": 2.0427884521484376,
      "HERACOMB": 2.644848991842831,
      "DYE886": 3.7295282537286933,
      "CDF": 1.888057027544294,
      "D0": 1.7918346405029297,
      "ATLAS": 3.2590002580122515,
      "CMS": 3.2717027121443087,
      "LHCb": 3.254941940307617,
      "total": 2.648888349533081
    }
  },
  "11000": {
    "training_loss": 7539.37890625,
    "validation_loss": [
      3125.95068359375
    ],
    "validation_chi2s": {
      "DEUTERON": 2.3690595484491603,
      "NMC": 2.8680045931946996,
      "NUCLEAR": 2.0430885009765625,
      "HERACOMB": 2.6570452521829044,
      "DYE886": 3.800228812477805,
      "CDF": 2.0261150087629045,
      "D0": 2.0205942153930665,
      "ATLAS": 3.1902389526367188,
      "CMS": 3.257401381081682,
      "LHCb": 3.110522508621216,
      "total": 2.6536078453063965
    }
  },
  "11100": {
    "training_loss": 9431.1748046875,
    "validation_loss": [
      3141.67529296875
    ],
    "validation_chi2s": {
      "DEUTERON": 2.260674471878887,
      "NMC": 2.720571480545343,
      "NUCLEAR": 2.05611083984375,
      "HERACOMB": 2.6743973875357434,
      "DYE886": 3.7471174760298296,
      "CDF": 2.0173375265938893,
      "D0": 1.729888916015625,
      "ATLAS": 3.468015497381037,
      "CMS": 3.2169385460334095,
      "LHCb": 3.0070574283599854,
      "total": 2.6669564247131348
    }
  },
  "11200": {
    "training_loss": 7582.384765625,
    "validation_loss": [
      3138.6162109375
    ],
    "validation_chi2s": {
      "DEUTERON": 2.3271800178793534,
      "NMC": 2.7508096133961395,
      "NUCLEAR": 2.05248779296875,
      "HERACOMB": 2.7069925545087825,
      "DYE886": 4.3499839089133525,
      "CDF": 1.9389389583042689,
      "D0": 1.7555635452270508,
      "ATLAS": 3.231583681973544,
      "CMS": 3.2298333392879828,
      "LHCb": 3.0048491954803467,
      "total": 2.6642849445343018
    }
  },
  "11300": {
    "training_loss": 7511.7001953125,
    "validation_loss": [
      3150.294677734375
    ],
    "validation_chi2s": {
      "DEUTERON": 2.341906191697761,
      "NMC": 2.8630418964460786,
      "NUCLEAR": 2.06039306640625,
      "HERACOMB": 2.7104789384829453,
      "DYE886": 4.067650534889915,
      "CDF": 2.0532331466674805,
      "D0": 2.2124916076660157,
      "ATLAS": 3.2232322692871094,
      "CMS": 3.2160637087938264,
      "LHCb": 3.1312804222106934,
      "total": 2.67427396774292
    }
  },
  "11400": {
    "training_loss": 7509.31640625,
    "validation_loss": [
      3122.03759765625
    ],
    "validation_chi2s": {
      "DEUTERON": 2.298629684827814,
      "NMC": 2.705600514131434,
      "NUCLEAR": 2.0343173828125,
      "HERACOMB": 2.651727614059947,
      "DYE886": 3.5725923018022017,
      "CDF": 1.9469479152134486,
      "D0": 1.7983779907226562,
      "ATLAS": 3.3220950039950283,
      "CMS": 3.263314099815803,
      "LHCb": 3.2987265586853027,
      "total": 2.6501388549804688
    }
  },
  "11500": {
    "training_loss": 7516.0205078125,
    "validation_loss": [
      3134.26220703125
    ],
    "validation_chi2s": {
      "DEUTERON": 2.320526274875622,
      "NMC": 2.7532716638901653,
      "NUCLEAR": 2.0376422119140627,
      "HERACOMB": 2.6569197910283906,
      "DYE886": 3.8418724753639917,
      "CDF": 1.9118033817836217,
      "D0": 1.8098316192626953,
      "ATLAS": 3.3575623252175073,
      "CMS": 3.2178568025914633,
      "LHCb": 3.19563889503479,
      "total": 2.6606626510620117
    }
  },
  "11600": {
    "training_loss": 7538.642578125,
    "validation_loss": [
      3127.08837890625
    ],
    "validation_chi2s": {
      "DEUTERON": 2.3591940201337063,
      "NMC": 2.819597132065717,
      "NUCLEAR": 2.0422586669921876,
      "HERACOMB": 2.6584454704733456,
      "DYE886": 3.8327511874112217,
      "CDF": 1.9879916054861886,
      "D0": 2.069289779663086,
      "ATLAS": 3.202412345192649,
      "CMS": 3.237047893245046,
      "LHCb": 3.2603416442871094,
      "total": 2.654574155807495
    }
  },
  "11700": {
    "training_loss": 7523.505859375,
    "validation_loss": [
      3146.278076171875
    ],
    "validation_chi2s": {
      "DEUTERON": 2.3607321971684545,
      "NMC": 2.818736057655484,
      "NUCLEAR": 2.057068603515625,
      "HERACOMB": 2.68724129870047,
      "DYE886": 4.41908749667081,
      "CDF": 1.9097599302019392,
      "D0": 1.730815315246582,
      "ATLAS": 3.21192758733576,
      "CMS": 3.2279608501651422,
      "LHCb": 3.162987470626831,
      "total": 2.6708626747131348
    }
  },
  "11800": {
    "training_loss": 7514.3681640625,
    "validation_loss": [
      3163.36669921875
    ],
    "validation_chi2s": {
      "DEUTERON": 2.309123632326648,
      "NMC": 2.712974697935815,
      "NUCLEAR": 2.05613330078125,
      "HERACOMB": 2.6541097803053515,
      "DYE886": 3.6263302889737217,
      "CDF": 1.9083751950945174,
      "D0": 2.1764102935791017,
      "ATLAS": 3.245233015580611,
      "CMS": 3.3023763517054117,
      "LHCb": 4.4386887550354,
      "total": 2.685042381286621
    }
  },
  "11900": {
    "training_loss": 7521.12890625,
    "validation_loss": [
      3115.61962890625
    ],
    "validation_chi2s": {
      "DEUTERON": 2.3530000145755596,
      "NMC": 2.799726598403033,
      "NUCLEAR": 2.0279254150390624,
      "HERACOMB": 2.667230344286152,
      "DYE886": 3.7227533513849433,
      "CDF": 1.9656290326799666,
      "D0": 1.951143455505371,
      "ATLAS": 3.1552047729492188,
      "CMS": 3.267841618235518,
      "LHCb": 3.2592077255249023,
      "total": 2.644838333129883
    }
  },
  "12000": {
    "training_loss": 7901.06396484375,
    "validation_loss": [
      3115.7353515625
    ],
    "validation_chi2s": {
      "DEUTERON": 2.325071572071284,
      "NMC": 2.7207162894454657,
      "NUCLEAR": 2.040420166015625,
      "HERACOMB": 2.6586497188393587,
      "DYE886": 4.112818631258878,
      "CDF": 1.9269768851143974,
      "D0": 1.791849708557129,
      "ATLAS": 3.2377818714488638,
      "CMS": 3.232570741234756,
      "LHCb": 3.020038366317749,
      "total": 2.6449356079101562
    }
  },
  "12100": {
    "training_loss": 7521.396484375,
    "validation_loss": [
      3112.51220703125
    ],
    "validation_chi2s": {
      "DEUTERON": 2.3449131600299284,
      "NMC": 2.7246267281326593,
      "NUCLEAR": 2.026506591796875,
      "HERACOMB": 2.6503640966477735,
      "DYE886": 3.7668110240589487,
      "CDF": 1.8688030242919922,
      "D0": 1.876602554321289,
      "ATLAS": 3.1547896645285864,
      "CMS": 3.3033754922510163,
      "LHCb": 3.383481025695801,
      "total": 2.6421635150909424
    }
  },
  "12200": {
    "training_loss": 7968.1591796875,
    "validation_loss": [
      3181.295654296875
    ],
    "validation_chi2s": {
      "DEUTERON": 2.3293437293512906,
      "NMC": 2.802677827722886,
      "NUCLEAR": 2.056670166015625,
      "HERACOMB": 2.7186692181755516,
      "DYE886": 4.374136491255327,
      "CDF": 2.144862311226981,
      "D0": 2.27799072265625,
      "ATLAS": 3.4420772899280894,
      "CMS": 3.1840351383860517,
      "LHCb": 2.8941774368286133,
      "total": 2.7005903720855713
    }
  },
  "12300": {
    "training_loss": 7529.171875,
    "validation_loss": [
      3112.754150390625
    ],
    "validation_chi2s": {
      "DEUTERON": 2.3548521734588777,
      "NMC": 2.7772294586780024,
      "NUCLEAR": 2.0221446533203125,
      "HERACOMB": 2.6581620359732434,
      "DYE886": 3.7013397216796875,
      "CDF": 1.9624192374093192,
      "D0": 2.0010000228881837,
      "ATLAS": 3.1436715559525923,
      "CMS": 3.2801039781027694,
      "LHCb": 3.3419055938720703,
      "total": 2.6424057483673096
    }
  },
  "12400": {
    "training_loss": 7547.25146484375,
    "validation_loss": [
      3118.059326171875
    ],
    "validation_chi2s": {
      "DEUTERON": 2.343599689540578,
      "NMC": 2.7403381946040133,
      "NUCLEAR": 2.0414864501953125,
      "HERACOMB": 2.6650837418300655,
      "DYE886": 4.218197909268466,
      "CDF": 1.8822118214198522,
      "D0": 1.8618856430053712,
      "ATLAS": 3.193231062455611,
      "CMS": 3.234935729484248,
      "LHCb": 3.0265910625457764,
      "total": 2.646909475326538
    }
  },
  "12500": {
    "training_loss": 7544.27734375,
    "validation_loss": [
      3132.886962890625
    ],
    "validation_chi2s": {
      "DEUTERON": 2.359004234200093,
      "NMC": 2.8070385502833948,
      "NUCLEAR": 2.033035888671875,
      "HERACOMB": 2.680132897071589,
      "DYE886": 4.170053655450994,
      "CDF": 1.9427949360438757,
      "D0": 1.750776481628418,
      "ATLAS": 3.2569656372070312,
      "CMS": 3.2337621673335875,
      "LHCb": 2.917541980743408,
      "total": 2.659496545791626
    }
  },
  "12600": {
    "training_loss": 7526.7099609375,
    "validation_loss": [
      3117.46875
    ],
    "validation_chi2s": {
      "DEUTERON": 2.352604652518657,
      "NMC": 2.780697093290441,
      "NUCLEAR": 2.028541015625,
      "HERACOMB": 2.670687008527369,
      "DYE886": 3.815085671164773,
      "CDF": 1.988964353288923,
      "D0": 1.971012496948242,
      "ATLAS": 3.150411432439631,
      "CMS": 3.26607780146405,
      "LHCb": 3.2702927589416504,
      "total": 2.6464080810546875
    }
  },
  "12700": {
    "training_loss": 7521.7734375,
    "validation_loss": [
      3117.458251953125
    ],
    "validation_chi2s": {
      "DEUTERON": 2.385044230750544,
      "NMC": 2.799655091528799,
      "NUCLEAR": 2.0289501953125,
      "HERACOMB": 2.6292674744051268,
      "DYE886": 4.185694954612038,
      "CDF": 1.924949782235282,
      "D0": 1.699177360534668,
      "ATLAS": 3.2213849154385654,
      "CMS": 3.2302010388878304,
      "LHCb": 3.0203990936279297,
      "total": 2.646394729614258
    }
  },
  "12800": {
    "training_loss": 7512.30859375,
    "validation_loss": [
      3168.628173828125
    ],
    "validation_chi2s": {
      "DEUTERON": 2.2969131090154695,
      "NMC": 2.7770819570503984,
      "NUCLEAR": 2.0454814453125,
      "HERACOMB": 2.6767839419296364,
      "DYE886": 3.8090282786976206,
      "CDF": 2.035442761012486,
      "D0": 1.9529701232910157,
      "ATLAS": 3.4418223987926138,
      "CMS": 3.205703859406758,
      "LHCb": 3.662888526916504,
      "total": 2.6898372173309326
    }
  },
  "12900": {
    "training_loss": 13360.7509765625,
    "validation_loss": [
      10667.728515625
    ],
    "validation_chi2s": {
      "DEUTERON": 37.34072314210199,
      "NMC": 2.603815714518229,
      "NUCLEAR": 2.13465478515625,
      "HERACOMB": 2.6822944591247957,
      "DYE886": 7.14297832142223,
      "CDF": 2.1725685937064037,
      "D0": 2.855538749694824,
      "ATLAS": 3.9783380681818183,
      "CMS": 3.6513458500063516,
      "LHCb": 9.731829643249512,
      "total": 9.044445037841797
    }
  },
  "13000": {
    "training_loss": 7517.404296875,
    "validation_loss": [
      3130.39990234375
    ],
    "validation_chi2s": {
      "DEUTERON": 2.374624072022699,
      "NMC": 2.8234211042815565,
      "NUCLEAR": 2.03989599609375,
      "HERACOMB": 2.6786479077308005,
      "DYE886": 4.376048694957387,
      "CDF": 2.0759057998657227,
      "D0": 2.0190319061279296,
      "ATLAS": 3.1858159845525567,
      "CMS": 3.210549207237678,
      "LHCb": 2.902181625366211,
      "total": 2.6573853492736816
    }
  },
  "13100": {
    "training_loss": 7519.8984375,
    "validation_loss": [
      3117.602294921875
    ],
    "validation_chi2s": {
      "DEUTERON": 2.3156135521124845,
      "NMC": 2.723864387063419,
      "NUCLEAR": 2.0244755859375,
      "HERACOMB": 2.6383371789470997,
      "DYE886": 3.6841690757057886,
      "CDF": 2.0034685134887695,
      "D0": 1.8126131057739259,
      "ATLAS": 3.2685120322487573,
      "CMS": 3.283188734597307,
      "LHCb": 3.3595070838928223,
      "total": 2.64652156829834
    }
  },
  "13200": {
    "training_loss": 7507.5009765625,
    "validation_loss": [
      3120.697021484375
    ],
    "validation_chi2s": {
      "DEUTERON": 2.376305727223259,
      "NMC": 2.798071169385723,
      "NUCLEAR": 2.038546142578125,
      "HERACOMB": 2.6574477650760824,
      "DYE886": 4.517323233864524,
      "CDF": 2.0312952314104353,
      "D0": 1.8819049835205077,
      "ATLAS": 3.130735223943537,
      "CMS": 3.231531158695376,
      "LHCb": 3.019850492477417,
      "total": 2.6491482257843018
    }
  },
  "13300": {
    "training_loss": 23971.7763671875,
    "validation_loss": [
      7225.8798828125
    ],
    "validation_chi2s": {
      "DEUTERON": 20.899180853544777,
      "NMC": 2.728984458773744,
      "NUCLEAR": 2.1192666015625,
      "HERACOMB": 2.7161270839716094,
      "DYE886": 4.848099101673473,
      "CDF": 2.2477851595197404,
      "D0": 2.540766143798828,
      "ATLAS": 3.765981154008345,
      "CMS": 3.4893699583968494,
      "LHCb": 8.627711296081543,
      "total": 6.126279354095459
    }
  },
  "13400": {
    "training_loss": 7520.015625,
    "validation_loss": [
      3166.848876953125
    ],
    "validation_chi2s": {
      "DEUTERON": 2.295645794465174,
      "NMC": 2.758900661094516,
      "NUCLEAR": 2.046535888671875,
      "HERACOMB": 2.676029180389604,
      "DYE886": 3.673401572487571,
      "CDF": 2.0994595118931363,
      "D0": 2.031916046142578,
      "ATLAS": 3.4271358143199575,
      "CMS": 3.2156004866933436,
      "LHCb": 3.730823040008545,
      "total": 2.688063621520996
    }
  },
  "13500": {
    "training_loss": 7535.376953125,
    "validation_loss": [
      3140.443359375
    ],
    "validation_chi2s": {
      "DEUTERON": 2.3259222685401117,
      "NMC": 2.7679266836128984,
      "NUCLEAR": 2.047379150390625,
      "HERACOMB": 2.6756631689133985,
      "DYE886": 3.983087019486861,
      "CDF": 2.0240786416190013,
      "D0": 2.0285547256469725,
      "ATLAS": 3.342192909934304,
      "CMS": 3.1871685245172765,
      "LHCb": 3.0887930393218994,
      "total": 2.6659114360809326
    }
  },
  "13600": {
    "training_loss": 321443.677734375,
    "validation_loss": [
      4894.6396484375
    ],
    "validation_chi2s": {
      "DEUTERON": 8.531474706545398,
      "NMC": 2.6797563141467524,
      "NUCLEAR": 2.11995849609375,
      "HERACOMB": 2.692971023858762,
      "DYE886": 8.124238447709518,
      "CDF": 2.1816654205322266,
      "D0": 2.7585987091064452,
      "ATLAS": 3.98468017578125,
      "CMS": 3.6541713311420225,
      "LHCb": 9.420838356018066,
      "total": 4.142068862915039
    }
  },
  "13700": {
    "training_loss": 7518.46484375,
    "validation_loss": [
      3129.68505859375
    ],
    "validation_chi2s": {
      "DEUTERON": 2.3161961190143034,
      "NMC": 2.7170993580537686,
      "NUCLEAR": 2.030995849609375,
      "HERACOMB": 2.637795641531352,
      "DYE886": 3.780167666348544,
      "CDF": 1.985776492527553,
      "D0": 1.8368534088134765,
      "ATLAS": 3.3102746443314985,
      "CMS": 3.2838385357120172,
      "LHCb": 3.395418882369995,
      "total": 2.656747341156006
    }
  },
  "13800": {
    "training_loss": 68089.853515625,
    "validation_loss": [
      3151.953369140625
    ],
    "validation_chi2s": {
      "DEUTERON": 2.405491463580535,
      "NMC": 2.8794298358992036,
      "NUCLEAR": 2.0250396728515625,
      "HERACOMB": 2.735729940576491,
      "DYE886": 3.6871490478515625,
      "CDF": 2.204540252685547,
      "D0": 1.871073341369629,
      "ATLAS": 3.20125337080522,
      "CMS": 3.294816428083714,
      "LHCb": 2.929565906524658,
      "total": 2.675243616104126
    }
  },
  "13900": {
    "training_loss": 7539.384765625,
    "validation_loss": [
      3122.223876953125
    ],
    "validation_chi2s": {
      "DEUTERON": 2.340314115457867,
      "NMC": 2.756509219898897,
      "NUCLEAR": 2.0413905029296875,
      "HERACOMB": 2.662326388888889,
      "DYE886": 4.547761396928267,
      "CDF": 1.971527372087751,
      "D0": 1.8461362838745117,
      "ATLAS": 3.188221671364524,
      "CMS": 3.225047041730183,
      "LHCb": 3.003086805343628,
      "total": 2.6504452228546143
    }
  },
  "14000": {
    "training_loss": 173100.828125,
    "validation_loss": [
      9448.2275390625
    ],
    "validation_chi2s": {
      "DEUTERON": 5.997916302277674,
      "NMC": 3.0465330236098347,
      "NUCLEAR": 3.1683955078125,
      "HERACOMB": 3.795526242723652,
      "DYE886": 82.09564208984375,
      "CDF": 3.9610048021589006,
      "D0": 18.12834777832031,
      "ATLAS": 10.95784482088956,
      "CMS": 8.425798121506606,
      "LHCb": 33.58700942993164,
      "total": 7.953596591949463
    }
  },
  "14100": {
    "training_loss": 7903.625,
    "validation_loss": [
      3344.73046875
    ],
    "validation_chi2s": {
      "DEUTERON": 2.413070754625311,
      "NMC": 2.9960330140356923,
      "NUCLEAR": 2.102373046875,
      "HERACOMB": 2.762704288258272,
      "DYE886": 5.547099720348012,
      "CDF": 2.6290953499930247,
      "D0": 2.0566259384155274,
      "ATLAS": 3.4573672901500356,
      "CMS": 3.2610327247681656,
      "LHCb": 5.166092872619629,
      "total": 2.839329242706299
    }
  },
  "14200": {
    "training_loss": 7507.013671875,
    "validation_loss": [
      3136.491455078125
    ],
    "validation_chi2s": {
      "DEUTERON": 2.2896564540578357,
      "NMC": 2.7361309575099573,
      "NUCLEAR": 2.0293585205078126,
      "HERACOMB": 2.6805764989915235,
      "DYE886": 3.490964022549716,
      "CDF": 1.8980554853166853,
      "D0": 1.7164529800415038,
      "ATLAS": 3.4297121221368965,
      "CMS": 3.2309034394054876,
      "LHCb": 3.1503055095672607,
      "total": 2.662523031234741
    }
  },
  "14300": {
    "training_loss": 7507.89453125,
    "validation_loss": [
      3144.217529296875
    ],
    "validation_chi2s": {
      "DEUTERON": 2.3595933297380287,
      "NMC": 2.8647257486979165,
      "NUCLEAR": 2.039814453125,
      "HERACOMB": 2.719345192504085,
      "DYE886": 4.122679970481179,
      "CDF": 1.9508758272443498,
      "D0": 2.317759132385254,
      "ATLAS": 3.1672162142666904,
      "CMS": 3.2413538490853657,
      "LHCb": 3.066118001937866,
      "total": 2.669114828109741
    }
  },
  "14400": {
    "training_loss": 7557.41015625,
    "validation_loss": [
      3125.79736328125
    ],
    "validation_chi2s": {
      "DEUTERON": 2.31448926024176,
      "NMC": 2.7651286405675553,
      "NUCLEAR": 2.0380985107421874,
      "HERACOMB": 2.6509724535973245,
      "DYE886": 4.189922679554332,
      "CDF": 1.9193984440394811,
      "D0": 1.7506498336791991,
      "ATLAS": 3.3645525845614346,
      "CMS": 3.1891980675177845,
      "LHCb": 2.852754592895508,
      "total": 2.6534781455993652
    }
  },
  "14500": {
    "training_loss": 7528.5078125,
    "validation_loss": [
      3115.29296875
    ],
    "validation_chi2s": {
      "DEUTERON": 2.299404011436956,
      "NMC": 2.7075311997357536,
      "NUCLEAR": 2.0318624267578125,
      "HERACOMB": 2.640710169972937,
      "DYE886": 3.8262447010387075,
      "CDF": 1.9092723301478796,
      "D0": 1.8622608184814453,
      "ATLAS": 3.298403653231534,
      "CMS": 3.2595356266673017,
      "LHCb": 3.1687161922454834,
      "total": 2.6445608139038086
    }
  },
  "14600": {
    "training_loss": 7513.201171875,
    "validation_loss": [
      3115.901123046875
    ],
    "validation_chi2s": {
      "DEUTERON": 2.2909758458683145,
      "NMC": 2.710053986194087,
      "NUCLEAR": 2.028472412109375,
      "HERACOMB": 2.6399400499131946,
      "DYE886": 3.6687386252663354,
      "CDF": 1.8493833541870117,
      "D0": 1.878302001953125,
      "ATLAS": 3.2773683721368965,
      "CMS": 3.283872774946011,
      "LHCb": 3.408951759338379,
      "total": 2.645075798034668
    }
  },
  "14700": {
    "training_loss": 7517.50390625,
    "validation_loss": [
      3162.2177734375
    ],
    "validation_chi2s": {
      "DEUTERON": 2.355549371064599,
      "NMC": 2.912065393784467,
      "NUCLEAR": 2.047139404296875,
      "HERACOMB": 2.7183478860294117,
      "DYE886": 4.27021581476385,
      "CDF": 2.0072330747331892,
      "D0": 2.1824073791503906,
      "ATLAS": 3.3042626814408735,
      "CMS": 3.1990887401549797,
      "LHCb": 2.868129253387451,
      "total": 2.6843950748443604
    }
  },
  "14800": {
    "training_loss": 7533.59765625,
    "validation_loss": [
      3136.65576171875
    ],
    "validation_chi2s": {
      "DEUTERON": 2.3320260878226056,
      "NMC": 2.816409241919424,
      "NUCLEAR": 2.0369984130859375,
      "HERACOMB": 2.6823622759650734,
      "DYE886": 4.269007596102628,
      "CDF": 1.9275251116071428,
      "D0": 2.1639175415039062,
      "ATLAS": 3.2468157681551846,
      "CMS": 3.2128293417333587,
      "LHCb": 3.080047607421875,
      "total": 2.6626956462860107
    }
  },
  "14900": {
    "training_loss": 7528.18359375,
    "validation_loss": [
      3117.8134765625
    ],
    "validation_chi2s": {
      "DEUTERON": 2.3185113555756374,
      "NMC": 2.777884090647978,
      "NUCLEAR": 2.0303505859375,
      "HERACOMB": 2.638956306806577,
      "DYE886": 3.8272836858575996,
      "CDF": 1.8781747817993164,
      "D0": 1.8398166656494142,
      "ATLAS": 3.2663834311745386,
      "CMS": 3.258105022151296,
      "LHCb": 3.2376773357391357,
      "total": 2.646674633026123
    }
  }
}