{
  "100": {
    "training_loss": 393.359375,
    "validation_loss": [
      203.26263427734375
    ],
    "validation_chi2s": {
      "DEUTERON": 4.286716461181641,
      "ATLAS": 2.890361785888672,
      "total": 3.985541820526123
    }
  },
  "200": {
    "training_loss": 333.091796875,
    "validation_loss": [
      455.6041564941406
    ],
    "validation_chi2s": {
      "DEUTERON": 3.0921268463134766,
      "ATLAS": 2.937887018377131,
      "total": 3.058859348297119
    }
  },
  "300": {
    "training_loss": 300.97265625,
    "validation_loss": [
      137.87232971191406
    ],
    "validation_chi2s": {
      "DEUTERON": 2.6440120697021485,
      "ATLAS": 2.919258464466442,
      "total": 2.703378915786743
    }
  },
  "400": {
    "training_loss": 270.87811279296875,
    "validation_loss": [
      150.1105194091797
    ],
    "validation_chi2s": {
      "DEUTERON": 2.726814842224121,
      "ATLAS": 3.730720866810192,
      "total": 2.9433434009552
    }
  },
  "500": {
    "training_loss": 269.6835021972656,
    "validation_loss": [
      179.27667236328125
    ],
    "validation_chi2s": {
      "DEUTERON": 2.519112777709961,
      "ATLAS": 7.137468511408025,
      "total": 3.5152289867401123
    }
  },
  "600": {
    "training_loss": 271.8340148925781,
    "validation_loss": [
      147.13528442382812
    ],
    "validation_chi2s": {
      "DEUTERON": 2.6887544631958007,
      "ATLAS": 3.5986466841264204,
      "total": 2.885005474090576
    }
  },
  "700": {
    "training_loss": 265.6249694824219,
    "validation_loss": [
      149.57672119140625
    ],
    "validation_chi2s": {
      "DEUTERON": 2.779867744445801,
      "ATLAS": 3.4892730712890625,
      "total": 2.9328768253326416
    }
  },
  "800": {
    "training_loss": 274.9208679199219,
    "validation_loss": [
      136.69793701171875
    ],
    "validation_chi2s": {
      "DEUTERON": 2.447549819946289,
      "ATLAS": 3.526903672651811,
      "total": 2.680351734161377
    }
  },
  "900": {
    "training_loss": 266.1763000488281,
    "validation_loss": [
      137.49755859375
    ],
    "validation_chi2s": {
      "DEUTERON": 2.544225311279297,
      "ATLAS": 3.2480493025346235,
      "total": 2.696030616760254
    }
  }
}