{
  "100": {
    "training_loss": 327.125,
    "validation_loss": [
      120.23260498046875
    ],
    "validation_chi2s": {
      "DEUTERON": 2.0971593856811523,
      "ATLAS": 3.3042030334472656,
      "total": 2.357501983642578
    }
  },
  "200": {
    "training_loss": 292.2444152832031,
    "validation_loss": [
      116.30572509765625
    ],
    "validation_chi2s": {
      "DEUTERON": 2.135134696960449,
      "ATLAS": 2.8091217387806284,
      "total": 2.2805044651031494
    }
  },
  "300": {
    "training_loss": 276.9976501464844,
    "validation_loss": [
      120.69398498535156
    ],
    "validation_chi2s": {
      "DEUTERON": 2.3143043518066406,
      "ATLAS": 2.556528264825994,
      "total": 2.366548776626587
    }
  },
  "400": {
    "training_loss": 273.26141357421875,
    "validation_loss": [
      121.14431762695312
    ],
    "validation_chi2s": {
      "DEUTERON": 2.344093894958496,
      "ATLAS": 2.4891421578147193,
      "total": 2.3753788471221924
    }
  },
  "500": {
    "training_loss": 274.4879455566406,
    "validation_loss": [
      115.59747314453125
    ],
    "validation_chi2s": {
      "DEUTERON": 2.3022594451904297,
      "ATLAS": 2.1370084935968574,
      "total": 2.2666170597076416
    }
  },
  "600": {
    "training_loss": 275.1538391113281,
    "validation_loss": [
      118.00714111328125
    ],
    "validation_chi2s": {
      "DEUTERON": 2.2654306411743166,
      "ATLAS": 2.4899928353049536,
      "total": 2.3138656616210938
    }
  },
  "700": {
    "training_loss": 270.9167175292969,
    "validation_loss": [
      120.40086364746094
    ],
    "validation_chi2s": {
      "DEUTERON": 2.304615020751953,
      "ATLAS": 2.565115148370916,
      "total": 2.3608012199401855
    }
  },
  "800": {
    "training_loss": 1020.7475891113281,
    "validation_loss": [
      108.39628601074219
    ],
    "validation_chi2s": {
      "DEUTERON": 2.033123016357422,
      "ATLAS": 2.4610332142223013,
      "total": 2.125417470932007
    }
  },
  "900": {
    "training_loss": 266.8847351074219,
    "validation_loss": [
      118.66172790527344
    ],
    "validation_chi2s": {
      "DEUTERON": 2.351995849609375,
      "ATLAS": 2.2347178025679155,
      "total": 2.326700448989868
    }
  }
}