{
  "100": {
    "training_loss": 1365552.0,
    "validation_loss": [
      423655.0
    ],
    "validation_chi2s": {
      "DEUTERON": 97.86747901119404,
      "NMC": 303.7844286151961,
      "NUCLEAR": 69.004421875,
      "HERACOMB": 295.1745812908497,
      "DYE886": 14.490972345525568,
      "CDF": 108.32941545758929,
      "D0": 9188.3125,
      "ATLAS": 700.4717857142857,
      "CMS": 287.1708504098361,
      "LHCb": 786.79736328125,
      "total": 355.8623046875
    }
  },
  "200": {
    "training_loss": 2901412.0,
    "validation_loss": [
      400289.21875
    ],
    "validation_chi2s": {
      "DEUTERON": 95.52500194340796,
      "NMC": 321.087220435049,
      "NUCLEAR": 57.29364453125,
      "HERACOMB": 296.1106515522876,
      "DYE886": 12.827398126775568,
      "CDF": 89.80132184709821,
      "D0": 9144.553125,
      "ATLAS": 605.8713392857143,
      "CMS": 308.22665855532784,
      "LHCb": 581.6035766601562,
      "total": 335.9762268066406
    }
  },
  "300": {
    "training_loss": 3141728.0,
    "validation_loss": [
      1567405.5
    ],
    "validation_chi2s": {
      "DEUTERON": 111.16938743781094,
      "NMC": 405.59099264705884,
      "NUCLEAR": 67.7500859375,
      "HERACOMB": 379.8420649509804,
      "DYE886": 11.49323758212003,
      "CDF": 115.07881382533482,
      "D0": 104832.60625,
      "ATLAS": 880.7751785714286,
      "CMS": 1295.6740522540983,
      "LHCb": 822.4867553710938,
      "total": 1330.0267333984375
    }
  },
  "400": {
    "training_loss": 809537.5,
    "validation_loss": [
      401134.65625
    ],
    "validation_chi2s": {
      "DEUTERON": 109.75598569651741,
      "NMC": 370.9928385416667,
      "NUCLEAR": 89.0635703125,
      "HERACOMB": 335.296466503268,
      "DYE886": 26.317710182883523,
      "CDF": 96.79123360770089,
      "D0": 3150.8826171875,
      "ATLAS": 675.2511160714286,
      "CMS": 484.83923539959017,
      "LHCb": 646.8789672851562,
      "total": 337.2729187011719
    }
  },
  "500": {
    "training_loss": 756271.8125,
    "validation_loss": [
      8758888.0
    ],
    "validation_chi2s": {
      "DEUTERON": 100.66457750310946,
      "NMC": 388.9821537990196,
      "NUCLEAR": 84.262828125,
      "HERACOMB": 330.61361315359477,
      "DYE886": 29.087948885830965,
      "CDF": 84.61683000837054,
      "D0": 840852.4,
      "ATLAS": 595.2967410714285,
      "CMS": 513.1934554303278,
      "LHCb": 490.86297607421875,
      "total": 7444.35009765625
    }
  },
  "600": {
    "training_loss": 722704.5,
    "validation_loss": [
      9042688.0
    ],
    "validation_chi2s": {
      "DEUTERON": 98.9247803949005,
      "NMC": 388.1195235906863,
      "NUCLEAR": 80.3688125,
      "HERACOMB": 325.3256229575163,
      "DYE886": 25.744171142578125,
      "CDF": 81.52362932477679,
      "D0": 870775.2,
      "ATLAS": 583.3913839285714,
      "CMS": 435.52894467213116,
      "LHCb": 473.6083679199219,
      "total": 7685.87744140625
    }
  },
  "700": {
    "training_loss": 691726.3125,
    "validation_loss": [
      3786867.25
    ],
    "validation_chi2s": {
      "DEUTERON": 97.84458566542288,
      "NMC": 384.07862285539215,
      "NUCLEAR": 76.6869453125,
      "HERACOMB": 319.11532373366015,
      "DYE886": 23.25425304066051,
      "CDF": 79.01461356026786,
      "D0": 346348.075,
      "ATLAS": 578.8276785714286,
      "CMS": 377.72649846311475,
      "LHCb": 466.3924865722656,
      "total": 3216.771484375
    }
  },
  "800": {
    "training_loss": 671436.4375,
    "validation_loss": [
      945926.75
    ],
    "validation_chi2s": {
      "DEUTERON": 96.71241449004975,
      "NMC": 378.7179074754902,
      "NUCLEAR": 73.448125,
      "HERACOMB": 312.55484068627453,
      "DYE886": 21.507869373668324,
      "CDF": 76.662841796875,
      "D0": 63118.86875,
      "ATLAS": 576.4407142857143,
      "CMS": 339.69002945696724,
      "LHCb": 463.1141052246094,
      "total": 801.1012573242188
    }
  },
  "900": {
    "training_loss": 654786.0625,
    "validation_loss": [
      411066.375
    ],
    "validation_chi2s": {
      "DEUTERON": 95.06494869402985,
      "NMC": 371.77477787990193,
      "NUCLEAR": 70.4589453125,
      "HERACOMB": 305.33621834150324,
      "DYE886": 20.11978426846591,
      "CDF": 74.48733084542411,
      "D0": 10369.1703125,
      "ATLAS": 573.3969642857143,
      "CMS": 315.2498399077869,
      "LHCb": 461.9903869628906,
      "total": 346.3950500488281
    }
  },
  "1000": {
    "training_loss": 567579.875,
    "validation_loss": [
      337071.5
    ],
    "validation_chi2s": {
      "DEUTERON": 86.2959907493781,
      "NMC": 340.9994638480392,
      "NUCLEAR": 63.29036328125,
      "HERACOMB": 280.23123468137254,
      "DYE886": 23.643787730823863,
      "CDF": 67.63988385881696,
      "D0": 6253.296484375,
      "ATLAS": 531.1841517857143,
      "CMS": 218.60125832479508,
      "LHCb": 415.9231872558594,
      "total": 282.9698486328125
    }
  },
  "1100": {
    "training_loss": 557500.0,
    "validation_loss": [
      324916.125
    ],
    "validation_chi2s": {
      "DEUTERON": 82.7548099347015,
      "NMC": 330.36316636029414,
      "NUCLEAR": 57.85916015625,
      "HERACOMB": 277.0575980392157,
      "DYE886": 19.95042558149858,
      "CDF": 66.37193516322544,
      "D0": 4814.99609375,
      "ATLAS": 525.019375,
      "CMS": 280.61168032786884,
      "LHCb": 415.6422119140625,
      "total": 273.1238708496094
    }
  },
  "1200": {
    "training_loss": 554794.5,
    "validation_loss": [
      282046.3125
    ],
    "validation_chi2s": {
      "DEUTERON": 80.13254042288557,
      "NMC": 309.8176317401961,
      "NUCLEAR": 48.950296875,
      "HERACOMB": 261.98092830882354,
      "DYE886": 17.947458440607246,
      "CDF": 60.90252685546875,
      "D0": 2837.2033203125,
      "ATLAS": 503.65477678571426,
      "CMS": 194.9988793545082,
      "LHCb": 406.04022216796875,
      "total": 236.75767517089844
    }
  },
  "1300": {
    "training_loss": 471118.40625,
    "validation_loss": [
      242703.875
    ],
    "validation_chi2s": {
      "DEUTERON": 76.8984277829602,
      "NMC": 279.8957950367647,
      "NUCLEAR": 42.7730703125,
      "HERACOMB": 226.68652982026143,
      "DYE886": 17.061214100230824,
      "CDF": 59.17577689034598,
      "D0": 2874.56015625,
      "ATLAS": 441.62066964285714,
      "CMS": 90.57000032018442,
      "LHCb": 351.9046630859375,
      "total": 203.16319274902344
    }
  },
  "1400": {
    "training_loss": 474420.21875,
    "validation_loss": [
      239296.84375
    ],
    "validation_chi2s": {
      "DEUTERON": 77.05920592350746,
      "NMC": 275.86144301470586,
      "NUCLEAR": 41.3466796875,
      "HERACOMB": 220.75658700980392,
      "DYE886": 16.645618785511363,
      "CDF": 58.84460013253348,
      "D0": 2773.189453125,
      "ATLAS": 438.6096875,
      "CMS": 94.11831615010246,
      "LHCb": 348.4211730957031,
      "total": 200.1230010986328
    }
  },
  "1500": {
    "training_loss": 494323.90625,
    "validation_loss": [
      237089.0625
    ],
    "validation_chi2s": {
      "DEUTERON": 76.65238261815921,
      "NMC": 274.12199371936276,
      "NUCLEAR": 40.09167578125,
      "HERACOMB": 215.4116881127451,
      "DYE886": 16.65052101828835,
      "CDF": 57.9556884765625,
      "D0": 2719.814453125,
      "ATLAS": 432.02933035714284,
      "CMS": 107.53763767930327,
      "LHCb": 341.6470031738281,
      "total": 198.08999633789062
    }
  },
  "1600": {
    "training_loss": 451669.46875,
    "validation_loss": [
      231446.15625
    ],
    "validation_chi2s": {
      "DEUTERON": 76.3868110618781,
      "NMC": 274.70881204044116,
      "NUCLEAR": 41.40806640625,
      "HERACOMB": 211.43599366830065,
      "DYE886": 17.22399763627486,
      "CDF": 59.400721958705354,
      "D0": 2557.579296875,
      "ATLAS": 424.9903125,
      "CMS": 93.20329309682377,
      "LHCb": 334.5380859375,
      "total": 193.22718811035156
    }
  },
  "1700": {
    "training_loss": 460899.59375,
    "validation_loss": [
      229470.40625
    ],
    "validation_chi2s": {
      "DEUTERON": 76.14190279073384,
      "NMC": 273.27035462622547,
      "NUCLEAR": 39.86308203125,
      "HERACOMB": 209.67386642156862,
      "DYE886": 16.89201493696733,
      "CDF": 59.44726998465402,
      "D0": 2468.6939453125,
      "ATLAS": 424.3958928571429,
      "CMS": 93.23646420338115,
      "LHCb": 336.5326843261719,
      "total": 191.54348754882812
    }
  },
  "1800": {
    "training_loss": 491508.40625,
    "validation_loss": [
      227351.21875
    ],
    "validation_chi2s": {
      "DEUTERON": 75.41370782804727,
      "NMC": 270.9684053308824,
      "NUCLEAR": 38.16002734375,
      "HERACOMB": 205.2972962622549,
      "DYE886": 16.915599476207387,
      "CDF": 58.75960431780134,
      "D0": 2372.4849609375,
      "ATLAS": 415.7936160714286,
      "CMS": 112.8248351050205,
      "LHCb": 332.8886413574219,
      "total": 189.64947509765625
    }
  },
  "1900": {
    "training_loss": 445104.875,
    "validation_loss": [
      220717.953125
    ],
    "validation_chi2s": {
      "DEUTERON": 74.77894220304727,
      "NMC": 269.85855162377453,
      "NUCLEAR": 38.80378515625,
      "HERACOMB": 203.59819240196077,
      "DYE886": 17.407746748490766,
      "CDF": 61.570299421037944,
      "D0": 2167.3947265625,
      "ATLAS": 408.89428571428573,
      "CMS": 90.70915247182377,
      "LHCb": 331.62506103515625,
      "total": 184.11416625976562
    }
  },
  "2000": {
    "training_loss": 459240.3125,
    "validation_loss": [
      219031.796875
    ],
    "validation_chi2s": {
      "DEUTERON": 74.1894239738806,
      "NMC": 267.99226409313724,
      "NUCLEAR": 36.951828125,
      "HERACOMB": 201.75693167892157,
      "DYE886": 16.81093250621449,
      "CDF": 61.870082310267854,
      "D0": 2099.0544921875,
      "ATLAS": 406.7816517857143,
      "CMS": 95.27134829661885,
      "LHCb": 335.70037841796875,
      "total": 182.73898315429688
    }
  },
  "2100": {
    "training_loss": 483168.5,
    "validation_loss": [
      430335.5
    ],
    "validation_chi2s": {
      "DEUTERON": 75.10019725590796,
      "NMC": 256.89765242034315,
      "NUCLEAR": 35.876828125,
      "HERACOMB": 210.0430198120915,
      "DYE886": 17.030215176669035,
      "CDF": 81.40733119419643,
      "D0": 22197.390625,
      "ATLAS": 409.03825892857145,
      "CMS": 152.76179879610655,
      "LHCb": 360.978515625,
      "total": 362.35345458984375
    }
  },
  "2200": {
    "training_loss": 483840.28125,
    "validation_loss": [
      10131236.0
    ],
    "validation_chi2s": {
      "DEUTERON": 77.8037400886194,
      "NMC": 268.3065831801471,
      "NUCLEAR": 36.7074375,
      "HERACOMB": 201.36321742238562,
      "DYE886": 16.74243996360085,
      "CDF": 78.77648053850446,
      "D0": 992606.2,
      "ATLAS": 381.85875,
      "CMS": 180.09608734631146,
      "LHCb": 343.06304931640625,
      "total": 8611.2861328125
    }
  },
  "2300": {
    "training_loss": 435650.5625,
    "validation_loss": [
      370373.28125
    ],
    "validation_chi2s": {
      "DEUTERON": 74.61962161847015,
      "NMC": 266.2373238357843,
      "NUCLEAR": 39.9165390625,
      "HERACOMB": 194.73680044934642,
      "DYE886": 21.254259976473723,
      "CDF": 85.26962716238839,
      "D0": 16761.2546875,
      "ATLAS": 361.9588392857143,
      "CMS": 209.1877721567623,
      "LHCb": 322.46917724609375,
      "total": 311.2287292480469
    }
  },
  "2400": {
    "training_loss": 445230.625,
    "validation_loss": [
      687840.375
    ],
    "validation_chi2s": {
      "DEUTERON": 74.23433127332089,
      "NMC": 259.7520871629902,
      "NUCLEAR": 37.262375,
      "HERACOMB": 194.93725745506535,
      "DYE886": 18.880977283824574,
      "CDF": 88.64842006138393,
      "D0": 49612.3625,
      "ATLAS": 362.35796875,
      "CMS": 125.05592021004098,
      "LHCb": 343.3139343261719,
      "total": 581.5900268554688
    }
  },
  "2500": {
    "training_loss": 469398.1875,
    "validation_loss": [
      344051.21875
    ],
    "validation_chi2s": {
      "DEUTERON": 73.9100785136816,
      "NMC": 256.89956724877453,
      "NUCLEAR": 35.63442578125,
      "HERACOMB": 194.73945567810458,
      "DYE886": 17.80201027610085,
      "CDF": 90.05977957589286,
      "D0": 15374.9015625,
      "ATLAS": 360.06953125,
      "CMS": 121.86417776639344,
      "LHCb": 352.0438232421875,
      "total": 289.4326477050781
    }
  },
  "2600": {
    "training_loss": 583783.0625,
    "validation_loss": [
      396380.875
    ],
    "validation_chi2s": {
      "DEUTERON": 73.02322858364428,
      "NMC": 253.47732843137254,
      "NUCLEAR": 33.526046875,
      "HERACOMB": 195.01299530228758,
      "DYE886": 17.853790283203125,
      "CDF": 91.73586600167411,
      "D0": 15918.2875,
      "ATLAS": 354.0246205357143,
      "CMS": 516.0404713114754,
      "LHCb": 375.4257507324219,
      "total": 334.0163269042969
    }
  },
  "2700": {
    "training_loss": 467595.5625,
    "validation_loss": [
      221844.90625
    ],
    "validation_chi2s": {
      "DEUTERON": 71.99321750621891,
      "NMC": 249.8466605392157,
      "NUCLEAR": 33.9513125,
      "HERACOMB": 198.73936631944446,
      "DYE886": 17.083378184925426,
      "CDF": 95.57363455636161,
      "D0": 2090.1779296875,
      "ATLAS": 353.27283482142855,
      "CMS": 217.161853227459,
      "LHCb": 374.7851257324219,
      "total": 186.02987670898438
    }
  },
  "2800": {
    "training_loss": 436418.53125,
    "validation_loss": [
      258541.875
    ],
    "validation_chi2s": {
      "DEUTERON": 72.54425625777363,
      "NMC": 247.2638250612745,
      "NUCLEAR": 32.94785546875,
      "HERACOMB": 200.52115247140523,
      "DYE886": 15.893149636008523,
      "CDF": 96.59101213727679,
      "D0": 4361.768359375,
      "ATLAS": 353.4656919642857,
      "CMS": 328.236840420082,
      "LHCb": 385.25799560546875,
      "total": 217.39915466308594
    }
  },
  "2900": {
    "training_loss": 420922.78125,
    "validation_loss": [
      16381828.0
    ],
    "validation_chi2s": {
      "DEUTERON": 73.12927549751244,
      "NMC": 250.2009037990196,
      "NUCLEAR": 33.869078125,
      "HERACOMB": 206.59027777777777,
      "DYE886": 16.92388916015625,
      "CDF": 97.10186767578125,
      "D0": 1612418.2,
      "ATLAS": 356.60761160714287,
      "CMS": 652.6581070696722,
      "LHCb": 393.079345703125,
      "total": 13927.708984375
    }
  },
  "3000": {
    "training_loss": 460904.90625,
    "validation_loss": [
      227860.21875
    ],
    "validation_chi2s": {
      "DEUTERON": 71.36810576026119,
      "NMC": 241.57563572303923,
      "NUCLEAR": 35.10183984375,
      "HERACOMB": 203.98169424019608,
      "DYE886": 17.02637412331321,
      "CDF": 104.91806466238839,
      "D0": 4128.249609375,
      "ATLAS": 346.28839285714287,
      "CMS": 105.17328381147541,
      "LHCb": 374.0993347167969,
      "total": 191.88221740722656
    }
  },
  "3100": {
    "training_loss": 428182.0,
    "validation_loss": [
      378754.46875
    ],
    "validation_chi2s": {
      "DEUTERON": 71.72048935012438,
      "NMC": 239.58947993259804,
      "NUCLEAR": 37.3492265625,
      "HERACOMB": 204.15738613153596,
      "DYE886": 18.74856289950284,
      "CDF": 111.613037109375,
      "D0": 17606.6015625,
      "ATLAS": 343.1594642857143,
      "CMS": 241.85028176229508,
      "LHCb": 362.39288330078125,
      "total": 320.4585876464844
    }
  },
  "3200": {
    "training_loss": 416075.875,
    "validation_loss": [
      1069528.75
    ],
    "validation_chi2s": {
      "DEUTERON": 70.99465076958955,
      "NMC": 239.19010416666666,
      "NUCLEAR": 37.0822421875,
      "HERACOMB": 206.3397926879085,
      "DYE886": 19.899670687588777,
      "CDF": 111.59907749720982,
      "D0": 87503.3125,
      "ATLAS": 343.3727232142857,
      "CMS": 169.93774013831967,
      "LHCb": 365.8660888671875,
      "total": 907.8755493164062
    }
  },
  "3300": {
    "training_loss": 424177.375,
    "validation_loss": [
      325269.3125
    ],
    "validation_chi2s": {
      "DEUTERON": 71.1689161613806,
      "NMC": 239.16863893995097,
      "NUCLEAR": 36.171828125,
      "HERACOMB": 207.38343801062092,
      "DYE886": 18.44919932972301,
      "CDF": 110.47540283203125,
      "D0": 13568.384375,
      "ATLAS": 344.7762053571429,
      "CMS": 125.60343557889344,
      "LHCb": 371.4547424316406,
      "total": 275.0118408203125
    }
  },
  "3400": {
    "training_loss": 438673.03125,
    "validation_loss": [
      271826.0
    ],
    "validation_chi2s": {
      "DEUTERON": 71.16151177705224,
      "NMC": 239.53509880514707,
      "NUCLEAR": 35.390328125,
      "HERACOMB": 207.39224622140523,
      "DYE886": 17.613037109375,
      "CDF": 109.65202113560268,
      "D0": 8502.6390625,
      "ATLAS": 344.6304464285714,
      "CMS": 103.79218429815573,
      "LHCb": 374.6552429199219,
      "total": 229.56863403320312
    }
  },
  "3500": {
    "training_loss": 483915.53125,
    "validation_loss": [
      262966.1875
    ],
    "validation_chi2s": {
      "DEUTERON": 70.73610463308458,
      "NMC": 241.2917241115196,
      "NUCLEAR": 36.23715234375,
      "HERACOMB": 205.1475949754902,
      "DYE886": 19.491589632901277,
      "CDF": 107.85014997209821,
      "D0": 7649.92421875,
      "ATLAS": 340.3334375,
      "CMS": 113.29883612961065,
      "LHCb": 364.4071350097656,
      "total": 222.0094757080078
    }
  },
  "3600": {
    "training_loss": 480427.5,
    "validation_loss": [
      265212.78125
    ],
    "validation_chi2s": {
      "DEUTERON": 65.93778665267413,
      "NMC": 212.4386488970588,
      "NUCLEAR": 27.45055859375,
      "HERACOMB": 166.97293709150327,
      "DYE886": 219.43825461647728,
      "CDF": 155.99005998883928,
      "D0": 4023.4609375,
      "ATLAS": 269.2799330357143,
      "CMS": 571.847400102459,
      "LHCb": 564.8681640625,
      "total": 223.77853393554688
    }
  },
  "3700": {
    "training_loss": 568322.71875,
    "validation_loss": [
      237208.265625
    ],
    "validation_chi2s": {
      "DEUTERON": 52.080996385261194,
      "NMC": 213.99754901960785,
      "NUCLEAR": 37.78846484375,
      "HERACOMB": 162.55984477124184,
      "DYE886": 1377.634854403409,
      "CDF": 244.18511090959822,
      "D0": 1997.7859375,
      "ATLAS": 240.90122767857142,
      "CMS": 293.7190381659836,
      "LHCb": 671.2505493164062,
      "total": 197.31222534179688
    }
  },
  "3800": {
    "training_loss": 357224.4375,
    "validation_loss": [
      404963.3125
    ],
    "validation_chi2s": {
      "DEUTERON": 49.02809682058458,
      "NMC": 208.44667202818627,
      "NUCLEAR": 25.139462890625,
      "HERACOMB": 175.44418913398692,
      "DYE886": 54.04645330255682,
      "CDF": 88.08908517020089,
      "D0": 25507.0296875,
      "ATLAS": 264.4990401785714,
      "CMS": 89.38155577612704,
      "LHCb": 277.3216857910156,
      "total": 343.0257873535156
    }
  },
  "3900": {
    "training_loss": 365594.96875,
    "validation_loss": [
      171065.25
    ],
    "validation_chi2s": {
      "DEUTERON": 47.48658562655473,
      "NMC": 198.01028262867646,
      "NUCLEAR": 25.7921953125,
      "HERACOMB": 166.5427134395425,
      "DYE886": 62.4911942915483,
      "CDF": 90.20969063895089,
      "D0": 2505.847265625,
      "ATLAS": 254.58803571428572,
      "CMS": 102.22475345799181,
      "LHCb": 264.3524169921875,
      "total": 144.21920776367188
    }
  },
  "4000": {
    "training_loss": 348522.96875,
    "validation_loss": [
      214690.625
    ],
    "validation_chi2s": {
      "DEUTERON": 46.5205223880597,
      "NMC": 193.4782475490196,
      "NUCLEAR": 25.88820703125,
      "HERACOMB": 162.0,
      "DYE886": 71.35878684303977,
      "CDF": 92.31497628348214,
      "D0": 7210.10390625,
      "ATLAS": 250.15895089285715,
      "CMS": 94.3653064164959,
      "LHCb": 262.6084289550781,
      "total": 181.3546142578125
    }
  },
  "4100": {
    "training_loss": 330308.1875,
    "validation_loss": [
      5135416.0
    ],
    "validation_chi2s": {
      "DEUTERON": 45.514701881218905,
      "NMC": 190.3932866115196,
      "NUCLEAR": 25.0941875,
      "HERACOMB": 158.84566482843138,
      "DYE886": 76.67031028053977,
      "CDF": 92.38035365513393,
      "D0": 499626.1,
      "ATLAS": 247.05455357142858,
      "CMS": 81.65678630891394,
      "LHCb": 265.6023864746094,
      "total": 4365.6708984375
    }
  },
  "4200": {
    "training_loss": 322707.9375,
    "validation_loss": [
      3445347.0
    ],
    "validation_chi2s": {
      "DEUTERON": 44.78875641324627,
      "NMC": 187.76717601102942,
      "NUCLEAR": 24.647705078125,
      "HERACOMB": 156.45553768382354,
      "DYE886": 77.09246271306819,
      "CDF": 91.33296421595982,
      "D0": 330809.05,
      "ATLAS": 244.87732142857143,
      "CMS": 79.03437179815573,
      "LHCb": 264.46856689453125,
      "total": 2928.57177734375
    }
  },
  "4300": {
    "training_loss": 316519.625,
    "validation_loss": [
      4941355.0
    ],
    "validation_chi2s": {
      "DEUTERON": 44.06688238495025,
      "NMC": 185.09964767156862,
      "NUCLEAR": 24.1389375,
      "HERACOMB": 153.80905330882354,
      "DYE886": 80.76980313387784,
      "CDF": 90.99043491908482,
      "D0": 480560.95,
      "ATLAS": 241.89185267857144,
      "CMS": 80.58291976178279,
      "LHCb": 264.217041015625,
      "total": 4200.71240234375
    }
  },
  "4400": {
    "training_loss": 313120.15625,
    "validation_loss": [
      1852462.5
    ],
    "validation_chi2s": {
      "DEUTERON": 43.39979788557214,
      "NMC": 182.33601409313727,
      "NUCLEAR": 24.002580078125,
      "HERACOMB": 150.75922947303923,
      "DYE886": 84.43326637961648,
      "CDF": 91.00789097377232,
      "D0": 171832.0625,
      "ATLAS": 239.07502232142858,
      "CMS": 82.16342213114754,
      "LHCb": 260.7933044433594,
      "total": 1574.131103515625
    }
  },
  "4500": {
    "training_loss": 309292.8125,
    "validation_loss": [
      866512.5
    ],
    "validation_chi2s": {
      "DEUTERON": 42.708984375,
      "NMC": 179.2904603247549,
      "NUCLEAR": 23.87967578125,
      "HERACOMB": 147.47388174019608,
      "DYE886": 87.58277476917614,
      "CDF": 90.49610246930804,
      "D0": 73405.1125,
      "ATLAS": 236.12890625,
      "CMS": 84.54775550717213,
      "LHCb": 255.9100799560547,
      "total": 735.7680053710938
    }
  },
  "4600": {
    "training_loss": 307078.59375,
    "validation_loss": [
      1012185.75
    ],
    "validation_chi2s": {
      "DEUTERON": 42.02012398942786,
      "NMC": 176.7431832107843,
      "NUCLEAR": 23.865169921875,
      "HERACOMB": 143.8837571486928,
      "DYE886": 93.34032093394886,
      "CDF": 90.19510323660714,
      "D0": 88154.44375,
      "ATLAS": 233.94973214285713,
      "CMS": 84.76534483862704,
      "LHCb": 249.92324829101562,
      "total": 859.663330078125
    }
  },
  "4700": {
    "training_loss": 304137.34375,
    "validation_loss": [
      895486.625
    ],
    "validation_chi2s": {
      "DEUTERON": 41.67743314676617,
      "NMC": 174.9814644607843,
      "NUCLEAR": 23.89313671875,
      "HERACOMB": 139.82530381944446,
      "DYE886": 96.09675736860795,
      "CDF": 89.56133161272321,
      "D0": 76626.74375,
      "ATLAS": 233.52783482142857,
      "CMS": 86.20475794057377,
      "LHCb": 244.80328369140625,
      "total": 760.4486694335938
    }
  },
  "4800": {
    "training_loss": 300559.53125,
    "validation_loss": [
      698585.125
    ],
    "validation_chi2s": {
      "DEUTERON": 41.380509561567166,
      "NMC": 173.45063572303923,
      "NUCLEAR": 23.91098046875,
      "HERACOMB": 134.191610498366,
      "DYE886": 99.97173517400569,
      "CDF": 88.88242013113839,
      "D0": 57100.175,
      "ATLAS": 233.98660714285714,
      "CMS": 88.36633100665983,
      "LHCb": 238.5117950439453,
      "total": 593.016845703125
    }
  },
  "4900": {
    "training_loss": 304972.875,
    "validation_loss": [
      308481.53125
    ],
    "validation_chi2s": {
      "DEUTERON": 40.96026702425373,
      "NMC": 173.4246515012255,
      "NUCLEAR": 25.088763671875,
      "HERACOMB": 129.46116727941177,
      "DYE886": 121.63890491832386,
      "CDF": 91.15973772321429,
      "D0": 18156.06875,
      "ATLAS": 235.94026785714286,
      "CMS": 88.71640464907787,
      "LHCb": 226.86105346679688,
      "total": 261.2349853515625
    }
  },
  "5000": {
    "training_loss": 302247.9375,
    "validation_loss": [
      368893.75
    ],
    "validation_chi2s": {
      "DEUTERON": 40.564618314676615,
      "NMC": 172.6007582720588,
      "NUCLEAR": 25.316498046875,
      "HERACOMB": 124.35157526552288,
      "DYE886": 132.7529962713068,
      "CDF": 94.14369419642857,
      "D0": 24349.884375,
      "ATLAS": 235.03109375,
      "CMS": 88.60626120645492,
      "LHCb": 225.63487243652344,
      "total": 312.5646057128906
    }
  },
  "5100": {
    "training_loss": 302094.15625,
    "validation_loss": [
      421392.78125
    ],
    "validation_chi2s": {
      "DEUTERON": 40.19986493314676,
      "NMC": 171.7735906862745,
      "NUCLEAR": 25.5676875,
      "HERACOMB": 120.96097579656863,
      "DYE886": 138.31822620738637,
      "CDF": 96.31228201729911,
      "D0": 29726.71875,
      "ATLAS": 233.5181919642857,
      "CMS": 88.48268602715164,
      "LHCb": 224.45977783203125,
      "total": 357.20599365234375
    }
  },
  "5200": {
    "training_loss": 298985.21875,
    "validation_loss": [
      658772.5625
    ],
    "validation_chi2s": {
      "DEUTERON": 39.86201803482587,
      "NMC": 171.79697074142157,
      "NUCLEAR": 25.5996484375,
      "HERACOMB": 119.818359375,
      "DYE886": 136.9067049893466,
      "CDF": 96.00602504185268,
      "D0": 53543.76875,
      "ATLAS": 232.96933035714287,
      "CMS": 86.25602747182377,
      "LHCb": 226.27407836914062,
      "total": 559.0931396484375
    }
  },
  "5300": {
    "training_loss": 294966.375,
    "validation_loss": [
      329169.34375
    ],
    "validation_chi2s": {
      "DEUTERON": 39.34828542832712,
      "NMC": 169.85181142769608,
      "NUCLEAR": 24.983228515625,
      "HERACOMB": 114.386616625817,
      "DYE886": 125.56923606178977,
      "CDF": 94.58244105747768,
      "D0": 20867.6671875,
      "ATLAS": 230.17080357142856,
      "CMS": 86.61220062756148,
      "LHCb": 223.85157775878906,
      "total": 278.8526306152344
    }
  },
  "5400": {
    "training_loss": 292757.3125,
    "validation_loss": [
      167646.9375
    ],
    "validation_chi2s": {
      "DEUTERON": 39.174372279228855,
      "NMC": 170.01034007352942,
      "NUCLEAR": 25.182490234375,
      "HERACOMB": 113.52075674019608,
      "DYE886": 112.13823908025569,
      "CDF": 92.24802071707589,
      "D0": 4820.49375,
      "ATLAS": 230.3713169642857,
      "CMS": 83.46650070440573,
      "LHCb": 221.1808624267578,
      "total": 141.55691528320312
    }
  },
  "5500": {
    "training_loss": 292907.5625,
    "validation_loss": [
      1261491.75
    ],
    "validation_chi2s": {
      "DEUTERON": 38.68734209810324,
      "NMC": 169.5908394607843,
      "NUCLEAR": 25.2029375,
      "HERACOMB": 111.6703941993464,
      "DYE886": 145.60350452769887,
      "CDF": 96.69816371372768,
      "D0": 114201.725,
      "ATLAS": 227.69176339285715,
      "CMS": 85.94794601690573,
      "LHCb": 224.96249389648438,
      "total": 1071.7049560546875
    }
  },
  "5600": {
    "training_loss": 296143.84375,
    "validation_loss": [
      193612.515625
    ],
    "validation_chi2s": {
      "DEUTERON": 38.462725435323385,
      "NMC": 170.9036075367647,
      "NUCLEAR": 26.0128125,
      "HERACOMB": 110.87628931781046,
      "DYE886": 155.52329323508522,
      "CDF": 98.78067452566964,
      "D0": 7379.39296875,
      "ATLAS": 227.70410714285714,
      "CMS": 87.45197233606558,
      "LHCb": 223.0048828125,
      "total": 163.63848876953125
    }
  },
  "5700": {
    "training_loss": 295192.28125,
    "validation_loss": [
      1020234.875
    ],
    "validation_chi2s": {
      "DEUTERON": 38.93134425528607,
      "NMC": 173.63137637867646,
      "NUCLEAR": 26.207189453125,
      "HERACOMB": 111.34954554738562,
      "DYE886": 127.361083984375,
      "CDF": 94.69606236049107,
      "D0": 90091.46875,
      "ATLAS": 230.36006696428572,
      "CMS": 83.42218717981558,
      "LHCb": 216.7411651611328,
      "total": 866.5908813476562
    }
  },
  "5800": {
    "training_loss": 291488.71875,
    "validation_loss": [
      160795.46875
    ],
    "validation_chi2s": {
      "DEUTERON": 38.73605361862562,
      "NMC": 173.64656096813727,
      "NUCLEAR": 28.4988046875,
      "HERACOMB": 113.8690895629085,
      "DYE886": 119.12131569602273,
      "CDF": 95.60136195591518,
      "D0": 3457.244921875,
      "ATLAS": 228.4220982142857,
      "CMS": 136.75212922643442,
      "LHCb": 206.01487731933594,
      "total": 135.81886291503906
    }
  },
  "5900": {
    "training_loss": 298584.40625,
    "validation_loss": [
      575527.1875
    ],
    "validation_chi2s": {
      "DEUTERON": 38.33059798662935,
      "NMC": 174.59725413602942,
      "NUCLEAR": 29.22816796875,
      "HERACOMB": 111.7680504493464,
      "DYE886": 144.70295854048297,
      "CDF": 98.29473005022321,
      "D0": 45193.6,
      "ATLAS": 227.71979910714285,
      "CMS": 115.26351178278688,
      "LHCb": 206.06846618652344,
      "total": 488.4623718261719
    }
  },
  "6000": {
    "training_loss": 290751.3125,
    "validation_loss": [
      145783.265625
    ],
    "validation_chi2s": {
      "DEUTERON": 39.090081817475124,
      "NMC": 176.4797602634804,
      "NUCLEAR": 28.139658203125,
      "HERACOMB": 110.60831546160131,
      "DYE886": 114.99668190696023,
      "CDF": 92.57978166852679,
      "D0": 2303.7671875,
      "ATLAS": 232.67004464285714,
      "CMS": 110.12062948258196,
      "LHCb": 207.14559936523438,
      "total": 123.07391357421875
    }
  },
  "6100": {
    "training_loss": 292438.25,
    "validation_loss": [
      7769830.0
    ],
    "validation_chi2s": {
      "DEUTERON": 38.02112241526741,
      "NMC": 172.54461550245097,
      "NUCLEAR": 25.925595703125,
      "HERACOMB": 104.05770016339869,
      "DYE886": 143.74363014914772,
      "CDF": 97.4652099609375,
      "D0": 765365.95,
      "ATLAS": 224.79587053571427,
      "CMS": 83.76553694928279,
      "LHCb": 216.34324645996094,
      "total": 6606.08056640625
    }
  },
  "6200": {
    "training_loss": 296447.0,
    "validation_loss": [
      256353456.0
    ],
    "validation_chi2s": {
      "DEUTERON": 38.5830126710199,
      "NMC": 176.00455729166666,
      "NUCLEAR": 31.707681640625,
      "HERACOMB": 110.87865093954248,
      "DYE886": 159.00779030539772,
      "CDF": 100.01014055524554,
      "D0": 25621977.6,
      "ATLAS": 227.67006696428572,
      "CMS": 195.76568903688525,
      "LHCb": 190.28225708007812,
      "total": 217986.71875
    }
  },
  "6300": {
    "training_loss": 293769.28125,
    "validation_loss": [
      256683.328125
    ],
    "validation_chi2s": {
      "DEUTERON": 37.623707633706466,
      "NMC": 172.30459175857843,
      "NUCLEAR": 29.649462890625,
      "HERACOMB": 108.4223983864379,
      "DYE886": 144.93595747514203,
      "CDF": 96.81497628348214,
      "D0": 13148.396875,
      "ATLAS": 223.53705357142857,
      "CMS": 147.77769595286884,
      "LHCb": 193.7601776123047,
      "total": 217.3792266845703
    }
  },
  "6400": {
    "training_loss": 299058.9375,
    "validation_loss": [
      138137.75
    ],
    "validation_chi2s": {
      "DEUTERON": 38.51768744169776,
      "NMC": 178.3651003370098,
      "NUCLEAR": 29.588095703125,
      "HERACOMB": 111.12996578839869,
      "DYE886": 131.91410688920453,
      "CDF": 94.72780064174107,
      "D0": 1640.7529296875,
      "ATLAS": 229.87823660714287,
      "CMS": 99.06978419569673,
      "LHCb": 204.9459991455078,
      "total": 116.57115173339844
    }
  },
  "6500": {
    "training_loss": 292475.09375,
    "validation_loss": [
      306128.28125
    ],
    "validation_chi2s": {
      "DEUTERON": 37.60915393734453,
      "NMC": 171.6564223345588,
      "NUCLEAR": 26.76863671875,
      "HERACOMB": 105.11704069648692,
      "DYE886": 124.55124733664773,
      "CDF": 91.76287841796875,
      "D0": 19104.75625,
      "ATLAS": 223.2446205357143,
      "CMS": 78.38278048155738,
      "LHCb": 215.0428009033203,
      "total": 259.45050048828125
    }
  },
  "6600": {
    "training_loss": 301282.21875,
    "validation_loss": [
      147501.09375
    ],
    "validation_chi2s": {
      "DEUTERON": 36.47259308924129,
      "NMC": 166.4828431372549,
      "NUCLEAR": 29.188501953125,
      "HERACOMB": 107.16900275735294,
      "DYE886": 135.17664683948863,
      "CDF": 94.55092947823661,
      "D0": 3013.51328125,
      "ATLAS": 215.81921875,
      "CMS": 104.04314485143442,
      "LHCb": 198.90542602539062,
      "total": 124.58326721191406
    }
  },
  "6700": {
    "training_loss": 296978.84375,
    "validation_loss": [
      968058.625
    ],
    "validation_chi2s": {
      "DEUTERON": 37.25536380597015,
      "NMC": 170.97805606617646,
      "NUCLEAR": 32.494974609375,
      "HERACOMB": 108.7527956495098,
      "DYE886": 168.76234019886363,
      "CDF": 100.27298409598214,
      "D0": 84190.55,
      "ATLAS": 220.7421205357143,
      "CMS": 149.2931128329918,
      "LHCb": 195.08123779296875,
      "total": 822.2931518554688
    }
  },
  "6800": {
    "training_loss": 291775.46875,
    "validation_loss": [
      180060.40625
    ],
    "validation_chi2s": {
      "DEUTERON": 35.91293532338308,
      "NMC": 163.1688112745098,
      "NUCLEAR": 31.35434375,
      "HERACOMB": 103.91772620506536,
      "DYE886": 153.2788751775568,
      "CDF": 96.94505964006696,
      "D0": 6041.938671875,
      "ATLAS": 211.84700892857143,
      "CMS": 134.32386654713116,
      "LHCb": 186.36627197265625,
      "total": 152.27220153808594
    }
  },
  "6900": {
    "training_loss": 298711.4375,
    "validation_loss": [
      169325.15625
    ],
    "validation_chi2s": {
      "DEUTERON": 37.94891752176617,
      "NMC": 171.87754672181373,
      "NUCLEAR": 29.274841796875,
      "HERACOMB": 109.92644505718954,
      "DYE886": 133.69364790482953,
      "CDF": 93.97438267299107,
      "D0": 5112.276171875,
      "ATLAS": 223.6747544642857,
      "CMS": 82.21417136270492,
      "LHCb": 221.70787048339844,
      "total": 143.14573669433594
    }
  },
  "7000": {
    "training_loss": 307964.25,
    "validation_loss": [
      139571.5625
    ],
    "validation_chi2s": {
      "DEUTERON": 37.259447391946516,
      "NMC": 173.05602787990196,
      "NUCLEAR": 30.419005859375,
      "HERACOMB": 110.32852073120915,
      "DYE886": 123.14543013139205,
      "CDF": 89.97068568638393,
      "D0": 2257.9671875,
      "ATLAS": 223.99569196428573,
      "CMS": 76.1644227074795,
      "LHCb": 203.58517456054688,
      "total": 117.86138153076172
    }
  },
  "7100": {
    "training_loss": 317153.03125,
    "validation_loss": [
      150454.96875
    ],
    "validation_chi2s": {
      "DEUTERON": 38.75360745102612,
      "NMC": 175.22895603553923,
      "NUCLEAR": 32.59837109375,
      "HERACOMB": 114.49244281045752,
      "DYE886": 132.1494806463068,
      "CDF": 95.92524065290179,
      "D0": 2995.205859375,
      "ATLAS": 225.1560267857143,
      "CMS": 82.60191470286885,
      "LHCb": 205.06842041015625,
      "total": 127.11155700683594
    }
  },
  "7200": {
    "training_loss": 305319.125,
    "validation_loss": [
      164567.71875
    ],
    "validation_chi2s": {
      "DEUTERON": 37.51967214707712,
      "NMC": 174.7901922487745,
      "NUCLEAR": 32.646578125,
      "HERACOMB": 109.62155330882354,
      "DYE886": 123.6397372159091,
      "CDF": 86.80498395647321,
      "D0": 4494.992578125,
      "ATLAS": 227.73029017857144,
      "CMS": 91.97153560450819,
      "LHCb": 190.41348266601562,
      "total": 139.12057495117188
    }
  },
  "7300": {
    "training_loss": 362700.03125,
    "validation_loss": [
      1561587.625
    ],
    "validation_chi2s": {
      "DEUTERON": 35.98786827580846,
      "NMC": 168.1810853247549,
      "NUCLEAR": 29.434458984375,
      "HERACOMB": 108.52239072712419,
      "DYE886": 126.90973455255681,
      "CDF": 85.64444405691964,
      "D0": 144607.3375,
      "ATLAS": 218.24901785714286,
      "CMS": 81.71035316342213,
      "LHCb": 207.90103149414062,
      "total": 1327.0894775390625
    }
  },
  "7400": {
    "training_loss": 301034.59375,
    "validation_loss": [
      153387.34375
    ],
    "validation_chi2s": {
      "DEUTERON": 36.040962181281095,
      "NMC": 168.52753523284315,
      "NUCLEAR": 27.749974609375,
      "HERACOMB": 108.80610447303921,
      "DYE886": 132.67405007102272,
      "CDF": 85.26529366629464,
      "D0": 3784.502734375,
      "ATLAS": 218.34962053571428,
      "CMS": 81.25449859118852,
      "LHCb": 215.14736938476562,
      "total": 129.6266632080078
    }
  },
  "7500": {
    "training_loss": 354033.375,
    "validation_loss": [
      134572.3125
    ],
    "validation_chi2s": {
      "DEUTERON": 39.594588094682834,
      "NMC": 163.7243221507353,
      "NUCLEAR": 26.582533203125,
      "HERACOMB": 108.05754697712419,
      "DYE886": 116.40718217329545,
      "CDF": 85.30108642578125,
      "D0": 1764.55078125,
      "ATLAS": 213.55640625,
      "CMS": 101.87114978227459,
      "LHCb": 222.50112915039062,
      "total": 113.72785186767578
    }
  },
  "7600": {
    "training_loss": 393692.71875,
    "validation_loss": [
      132244.953125
    ],
    "validation_chi2s": {
      "DEUTERON": 38.02526673274254,
      "NMC": 174.42455575980392,
      "NUCLEAR": 26.79716796875,
      "HERACOMB": 113.08459712009804,
      "DYE886": 110.92214133522727,
      "CDF": 82.40184674944196,
      "D0": 1442.4244140625,
      "ATLAS": 222.39526785714287,
      "CMS": 84.3612560835041,
      "LHCb": 216.7760009765625,
      "total": 111.7613296508789
    }
  },
  "7700": {
    "training_loss": 360529.125,
    "validation_loss": [
      133745.078125
    ],
    "validation_chi2s": {
      "DEUTERON": 38.1083887204602,
      "NMC": 169.99239813112746,
      "NUCLEAR": 26.46573828125,
      "HERACOMB": 110.85371987336602,
      "DYE886": 113.76044256036931,
      "CDF": 81.79913330078125,
      "D0": 1602.82958984375,
      "ATLAS": 219.7578794642857,
      "CMS": 95.50570728739754,
      "LHCb": 214.72425842285156,
      "total": 113.0537338256836
    }
  },
  "7800": {
    "training_loss": 306688.5,
    "validation_loss": [
      145811.375
    ],
    "validation_chi2s": {
      "DEUTERON": 38.557080321051,
      "NMC": 172.80702359068627,
      "NUCLEAR": 31.68362109375,
      "HERACOMB": 111.65790951797386,
      "DYE886": 110.75733531605114,
      "CDF": 80.55521065848214,
      "D0": 2122.4216796875,
      "ATLAS": 224.50363839285714,
      "CMS": 137.875,
      "LHCb": 188.401611328125,
      "total": 123.31108856201172
    }
  },
  "7900": {
    "training_loss": 305952.0625,
    "validation_loss": [
      139058.34375
    ],
    "validation_chi2s": {
      "DEUTERON": 38.60866808535448,
      "NMC": 171.48180912990196,
      "NUCLEAR": 24.96927734375,
      "HERACOMB": 109.09657118055556,
      "DYE886": 104.4844970703125,
      "CDF": 79.71732875279018,
      "D0": 2422.425,
      "ATLAS": 223.875,
      "CMS": 68.53024942366804,
      "LHCb": 235.10289001464844,
      "total": 117.58063507080078
    }
  },
  "8000": {
    "training_loss": 310500.21875,
    "validation_loss": [
      134051.46875
    ],
    "validation_chi2s": {
      "DEUTERON": 37.783037935323385,
      "NMC": 170.65450750612746,
      "NUCLEAR": 24.692533203125,
      "HERACOMB": 108.1309104370915,
      "DYE886": 119.1611661044034,
      "CDF": 81.21403285435268,
      "D0": 1951.8775390625,
      "ATLAS": 220.72446428571428,
      "CMS": 75.93115234375,
      "LHCb": 222.22122192382812,
      "total": 113.3241958618164
    }
  },
  "8100": {
    "training_loss": 310151.0,
    "validation_loss": [
      135921.75
    ],
    "validation_chi2s": {
      "DEUTERON": 38.560036730410445,
      "NMC": 175.07042738970588,
      "NUCLEAR": 25.84316796875,
      "HERACOMB": 111.28432649101308,
      "DYE886": 105.0482177734375,
      "CDF": 79.20268031529018,
      "D0": 1978.330859375,
      "ATLAS": 226.95189732142856,
      "CMS": 70.93656346055327,
      "LHCb": 216.6765899658203,
      "total": 114.9202651977539
    }
  },
  "8200": {
    "training_loss": 308116.0625,
    "validation_loss": [
      152145.875
    ],
    "validation_chi2s": {
      "DEUTERON": 37.85521610696517,
      "NMC": 167.3243527879902,
      "NUCLEAR": 30.594564453125,
      "HERACOMB": 109.81694240196079,
      "DYE886": 129.0592041015625,
      "CDF": 82.36802455357143,
      "D0": 2545.3513671875,
      "ATLAS": 218.30685267857143,
      "CMS": 171.763928022541,
      "LHCb": 185.2937774658203,
      "total": 128.70132446289062
    }
  },
  "8300": {
    "training_loss": 315613.8125,
    "validation_loss": [
      133343.6875
    ],
    "validation_chi2s": {
      "DEUTERON": 37.95443437111319,
      "NMC": 170.53707107843138,
      "NUCLEAR": 26.54873828125,
      "HERACOMB": 108.13564644607843,
      "DYE886": 107.16776899857955,
      "CDF": 78.65681675502232,
      "D0": 1683.3537109375,
      "ATLAS": 222.2707142857143,
      "CMS": 93.70295690317623,
      "LHCb": 201.5735321044922,
      "total": 112.73319244384766
    }
  },
  "8400": {
    "training_loss": 318081.6875,
    "validation_loss": [
      139044.390625
    ],
    "validation_chi2s": {
      "DEUTERON": 37.83387019978234,
      "NMC": 171.7911879595588,
      "NUCLEAR": 28.581060546875,
      "HERACOMB": 112.42320261437908,
      "DYE886": 123.85272771661931,
      "CDF": 82.14219447544643,
      "D0": 1535.71875,
      "ATLAS": 222.08296875,
      "CMS": 135.43396196209017,
      "LHCb": 196.89053344726562,
      "total": 117.56600952148438
    }
  },
  "8500": {
    "training_loss": 352287.8125,
    "validation_loss": [
      136431.0
    ],
    "validation_chi2s": {
      "DEUTERON": 38.90306281094527,
      "NMC": 179.95335477941177,
      "NUCLEAR": 25.907099609375,
      "HERACOMB": 116.95691636029412,
      "DYE886": 93.86503462357955,
      "CDF": 78.3736572265625,
      "D0": 1496.58798828125,
      "ATLAS": 234.0427232142857,
      "CMS": 89.6046202612705,
      "LHCb": 216.7013702392578,
      "total": 115.36219024658203
    }
  },
  "8600": {
    "training_loss": 347051.5,
    "validation_loss": [
      134794.46875
    ],
    "validation_chi2s": {
      "DEUTERON": 38.060716923196516,
      "NMC": 171.03720511642157,
      "NUCLEAR": 26.250890625,
      "HERACOMB": 111.98300908905229,
      "DYE886": 103.51210715553977,
      "CDF": 77.80073765345982,
      "D0": 1573.9509765625,
      "ATLAS": 223.15147321428572,
      "CMS": 103.41469486424181,
      "LHCb": 206.55099487304688,
      "total": 113.98106384277344
    }
  },
  "8700": {
    "training_loss": 322395.625,
    "validation_loss": [
      139636.75
    ],
    "validation_chi2s": {
      "DEUTERON": 37.60752633317786,
      "NMC": 169.43326822916666,
      "NUCLEAR": 27.748134765625,
      "HERACOMB": 109.93028747957516,
      "DYE886": 119.87102716619319,
      "CDF": 80.73172433035714,
      "D0": 1687.2177734375,
      "ATLAS": 220.80370535714286,
      "CMS": 139.15565765881146,
      "LHCb": 199.85955810546875,
      "total": 118.08122253417969
    }
  },
  "8800": {
    "training_loss": 324580.03125,
    "validation_loss": [
      132404.15625
    ],
    "validation_chi2s": {
      "DEUTERON": 37.68895269745025,
      "NMC": 164.46733302696077,
      "NUCLEAR": 25.907765625,
      "HERACOMB": 104.14530994689542,
      "DYE886": 106.6960782137784,
      "CDF": 77.79820033482143,
      "D0": 1837.8,
      "ATLAS": 216.44558035714286,
      "CMS": 97.36312916239754,
      "LHCb": 197.59925842285156,
      "total": 111.95414733886719
    }
  },
  "8900": {
    "training_loss": 487986.75,
    "validation_loss": [
      136776.53125
    ],
    "validation_chi2s": {
      "DEUTERON": 39.259228758551,
      "NMC": 178.11894914215685,
      "NUCLEAR": 26.14475390625,
      "HERACOMB": 115.35762612336602,
      "DYE886": 87.37021706321023,
      "CDF": 76.09992327008929,
      "D0": 1825.480859375,
      "ATLAS": 233.44292410714286,
      "CMS": 72.15552958504098,
      "LHCb": 214.05410766601562,
      "total": 115.66807556152344
    }
  },
  "9000": {
    "training_loss": 373749.4375,
    "validation_loss": [
      134866.421875
    ],
    "validation_chi2s": {
      "DEUTERON": 38.36113621346393,
      "NMC": 175.01120174632354,
      "NUCLEAR": 26.950814453125,
      "HERACOMB": 116.87613613153594,
      "DYE886": 94.8316317471591,
      "CDF": 76.58018275669643,
      "D0": 1426.8234375,
      "ATLAS": 229.57794642857144,
      "CMS": 93.52794409579919,
      "LHCb": 203.36660766601562,
      "total": 114.0500259399414
    }
  },
  "9100": {
    "training_loss": 410577.4375,
    "validation_loss": [
      133887.890625
    ],
    "validation_chi2s": {
      "DEUTERON": 39.05366964008085,
      "NMC": 171.5460516237745,
      "NUCLEAR": 25.392001953125,
      "HERACOMB": 114.01373570261438,
      "DYE886": 100.11803089488636,
      "CDF": 82.21950857979911,
      "D0": 1514.085546875,
      "ATLAS": 224.515625,
      "CMS": 90.93143250512296,
      "LHCb": 218.70985412597656,
      "total": 113.21122741699219
    }
  },
  "9200": {
    "training_loss": 406658.125,
    "validation_loss": [
      137229.75
    ],
    "validation_chi2s": {
      "DEUTERON": 38.62752643034826,
      "NMC": 177.8115042892157,
      "NUCLEAR": 26.6085546875,
      "HERACOMB": 119.0077614379085,
      "DYE886": 80.74671519886364,
      "CDF": 74.22293526785714,
      "D0": 1527.75146484375,
      "ATLAS": 234.55165178571428,
      "CMS": 92.80838563012296,
      "LHCb": 208.12762451171875,
      "total": 116.07464599609375
    }
  },
  "9300": {
    "training_loss": 349590.15625,
    "validation_loss": [
      145606.5625
    ],
    "validation_chi2s": {
      "DEUTERON": 38.68518491526741,
      "NMC": 176.01859298406862,
      "NUCLEAR": 26.570208984375,
      "HERACOMB": 114.81607434640523,
      "DYE886": 94.39171253551136,
      "CDF": 76.14600481305804,
      "D0": 1709.973828125,
      "ATLAS": 231.85308035714286,
      "CMS": 158.95741547131146,
      "LHCb": 208.05264282226562,
      "total": 123.18289947509766
    }
  },
  "9400": {
    "training_loss": 356906.53125,
    "validation_loss": [
      138696.46875
    ],
    "validation_chi2s": {
      "DEUTERON": 39.51089766013681,
      "NMC": 177.68123851102942,
      "NUCLEAR": 23.6032734375,
      "HERACOMB": 117.51258680555556,
      "DYE886": 87.1258711381392,
      "CDF": 78.46473911830357,
      "D0": 1871.928515625,
      "ATLAS": 233.05785714285713,
      "CMS": 77.0446337090164,
      "LHCb": 241.6219940185547,
      "total": 117.31707000732422
    }
  },
  "9500": {
    "training_loss": 416074.0,
    "validation_loss": [
      132022.90625
    ],
    "validation_chi2s": {
      "DEUTERON": 39.32039266557836,
      "NMC": 168.70638020833334,
      "NUCLEAR": 27.74626953125,
      "HERACOMB": 113.45431219362744,
      "DYE886": 86.78940651633523,
      "CDF": 76.31515066964286,
      "D0": 1709.4453125,
      "ATLAS": 216.8346875,
      "CMS": 71.56984823258196,
      "LHCb": 217.3392333984375,
      "total": 111.67642974853516
    }
  },
  "9600": {
    "training_loss": 343835.84375,
    "validation_loss": [
      149465.5625
    ],
    "validation_chi2s": {
      "DEUTERON": 40.2611916005908,
      "NMC": 164.4241153492647,
      "NUCLEAR": 30.82107421875,
      "HERACOMB": 112.2290390114379,
      "DYE886": 102.75185324928977,
      "CDF": 78.68932233537946,
      "D0": 2536.468359375,
      "ATLAS": 211.65279017857142,
      "CMS": 154.30403112192624,
      "LHCb": 193.7166290283203,
      "total": 126.50067901611328
    }
  },
  "9700": {
    "training_loss": 347426.875,
    "validation_loss": [
      148699.046875
    ],
    "validation_chi2s": {
      "DEUTERON": 40.146022815609456,
      "NMC": 164.86038985906862,
      "NUCLEAR": 30.41336328125,
      "HERACOMB": 110.73212826797386,
      "DYE886": 87.96776788884944,
      "CDF": 74.3740234375,
      "D0": 2796.0587890625,
      "ATLAS": 214.605,
      "CMS": 131.2090003842213,
      "LHCb": 189.97140502929688,
      "total": 125.870361328125
    }
  },
  "9800": {
    "training_loss": 356540.625,
    "validation_loss": [
      136382.84375
    ],
    "validation_chi2s": {
      "DEUTERON": 39.5976513914801,
      "NMC": 168.73165594362746,
      "NUCLEAR": 25.555951171875,
      "HERACOMB": 114.0352073120915,
      "DYE886": 82.31459738991477,
      "CDF": 74.19982038225446,
      "D0": 2185.29609375,
      "ATLAS": 220.04741071428572,
      "CMS": 65.20832799692623,
      "LHCb": 225.58277893066406,
      "total": 115.4029312133789
    }
  },
  "9900": {
    "training_loss": 390002.0625,
    "validation_loss": [
      133511.40625
    ],
    "validation_chi2s": {
      "DEUTERON": 39.375952269900495,
      "NMC": 167.42292815563727,
      "NUCLEAR": 25.320498046875,
      "HERACOMB": 111.38174019607843,
      "DYE886": 83.22290593927556,
      "CDF": 75.84625244140625,
      "D0": 1863.2193359375,
      "ATLAS": 218.19029017857142,
      "CMS": 78.19488025102459,
      "LHCb": 226.76211547851562,
      "total": 112.95880126953125
    }
  },
  "10000": {
    "training_loss": 483677.53125,
    "validation_loss": [
      134885.3125
    ],
    "validation_chi2s": {
      "DEUTERON": 39.58780560090174,
      "NMC": 168.86728324142157,
      "NUCLEAR": 25.5481640625,
      "HERACOMB": 116.94027011846406,
      "DYE886": 76.63755104758523,
      "CDF": 73.49545724051339,
      "D0": 1781.8109375,
      "ATLAS": 220.2575,
      "CMS": 78.84622342469262,
      "LHCb": 228.3004913330078,
      "total": 114.14002990722656
    }
  },
  "10100": {
    "training_loss": 370957.09375,
    "validation_loss": [
      136319.65625
    ],
    "validation_chi2s": {
      "DEUTERON": 38.37827464241293,
      "NMC": 167.43843826593138,
      "NUCLEAR": 23.220001953125,
      "HERACOMB": 110.80904054330065,
      "DYE886": 83.85384299538352,
      "CDF": 75.65821184430804,
      "D0": 2334.6408203125,
      "ATLAS": 217.20832589285715,
      "CMS": 67.73664830942623,
      "LHCb": 240.48179626464844,
      "total": 115.35503387451172
    }
  },
  "10200": {
    "training_loss": 400344.4375,
    "validation_loss": [
      133729.78125
    ],
    "validation_chi2s": {
      "DEUTERON": 38.19538051927861,
      "NMC": 170.37329580269608,
      "NUCLEAR": 24.586708984375,
      "HERACOMB": 112.92281964869281,
      "DYE886": 79.16694224964489,
      "CDF": 74.59148297991071,
      "D0": 1866.83359375,
      "ATLAS": 220.59332589285714,
      "CMS": 72.00858094262296,
      "LHCb": 240.00454711914062,
      "total": 113.15351104736328
    }
  },
  "10300": {
    "training_loss": 385125.6875,
    "validation_loss": [
      139665.65625
    ],
    "validation_chi2s": {
      "DEUTERON": 38.98692815220771,
      "NMC": 169.3914292279412,
      "NUCLEAR": 26.49853515625,
      "HERACOMB": 112.9101051879085,
      "DYE886": 75.32134454900569,
      "CDF": 72.82618059430804,
      "D0": 1904.7546875,
      "ATLAS": 220.22845982142857,
      "CMS": 121.06840740266394,
      "LHCb": 213.75091552734375,
      "total": 118.21022033691406
    }
  },
  "10400": {
    "training_loss": 427531.0,
    "validation_loss": [
      133377.3125
    ],
    "validation_chi2s": {
      "DEUTERON": 39.608864855410445,
      "NMC": 166.80214077818627,
      "NUCLEAR": 24.36492578125,
      "HERACOMB": 115.9698606004902,
      "DYE886": 76.6846036044034,
      "CDF": 71.62471662248883,
      "D0": 1639.3388671875,
      "ATLAS": 217.7697767857143,
      "CMS": 86.56573386270492,
      "LHCb": 232.44972229003906,
      "total": 112.87181091308594
    }
  },
  "10500": {
    "training_loss": 426214.4375,
    "validation_loss": [
      135884.640625
    ],
    "validation_chi2s": {
      "DEUTERON": 39.46736046330846,
      "NMC": 175.68843826593138,
      "NUCLEAR": 23.951951171875,
      "HERACOMB": 119.52906709558823,
      "DYE886": 61.57033469460227,
      "CDF": 73.36336844308036,
      "D0": 1764.1052734375,
      "ATLAS": 230.19294642857142,
      "CMS": 70.16700019211065,
      "LHCb": 232.20465087890625,
      "total": 115.00064849853516
    }
  },
  "10600": {
    "training_loss": 543809.125,
    "validation_loss": [
      136802.96875
    ],
    "validation_chi2s": {
      "DEUTERON": 39.10519667288557,
      "NMC": 168.42179840686273,
      "NUCLEAR": 24.51441796875,
      "HERACOMB": 117.67159415849673,
      "DYE886": 69.5052823153409,
      "CDF": 73.79793875558036,
      "D0": 1660.284375,
      "ATLAS": 218.73511160714287,
      "CMS": 109.84435835040983,
      "LHCb": 226.65733337402344,
      "total": 115.78826904296875
    }
  },
  "10700": {
    "training_loss": 399584.15625,
    "validation_loss": [
      135328.59375
    ],
    "validation_chi2s": {
      "DEUTERON": 38.211401488650495,
      "NMC": 175.05614276960785,
      "NUCLEAR": 23.371984375,
      "HERACOMB": 117.9542866625817,
      "DYE886": 58.64260031960227,
      "CDF": 70.92153930664062,
      "D0": 1999.11875,
      "ATLAS": 223.00966517857142,
      "CMS": 64.24146708504098,
      "LHCb": 235.0070037841797,
      "total": 114.54721069335938
    }
  },
  "10800": {
    "training_loss": 481878.25,
    "validation_loss": [
      137087.3125
    ],
    "validation_chi2s": {
      "DEUTERON": 41.409612095771145,
      "NMC": 165.37490425857843,
      "NUCLEAR": 24.666962890625,
      "HERACOMB": 113.45267820669935,
      "DYE886": 65.47620183771306,
      "CDF": 69.20373099190849,
      "D0": 1860.7796875,
      "ATLAS": 214.45761160714287,
      "CMS": 107.64012070952869,
      "LHCb": 238.83229064941406,
      "total": 116.05290985107422
    }
  },
  "10900": {
    "training_loss": 416498.71875,
    "validation_loss": [
      137073.921875
    ],
    "validation_chi2s": {
      "DEUTERON": 39.84019113417288,
      "NMC": 170.0820121017157,
      "NUCLEAR": 24.6211484375,
      "HERACOMB": 115.60189440359477,
      "DYE886": 67.3005038174716,
      "CDF": 69.61696951729911,
      "D0": 1655.618359375,
      "ATLAS": 219.7757142857143,
      "CMS": 114.38908011014344,
      "LHCb": 228.4893798828125,
      "total": 116.0404052734375
    }
  },
  "11000": {
    "training_loss": 440509.25,
    "validation_loss": [
      142207.125
    ],
    "validation_chi2s": {
      "DEUTERON": 40.58098180970149,
      "NMC": 179.08926930147058,
      "NUCLEAR": 23.166666015625,
      "HERACOMB": 124.53633067810458,
      "DYE886": 44.71980424360795,
      "CDF": 69.57945905412946,
      "D0": 2010.5291015625,
      "ATLAS": 235.6860267857143,
      "CMS": 76.60014568391394,
      "LHCb": 257.8540954589844,
      "total": 120.41487121582031
    }
  },
  "11100": {
    "training_loss": 422172.9375,
    "validation_loss": [
      136170.015625
    ],
    "validation_chi2s": {
      "DEUTERON": 41.38352184390547,
      "NMC": 163.18300015318627,
      "NUCLEAR": 23.435271484375,
      "HERACOMB": 110.40784569035948,
      "DYE886": 63.19379771839488,
      "CDF": 67.41721017020089,
      "D0": 1984.783203125,
      "ATLAS": 210.78671875,
      "CMS": 109.47580206198771,
      "LHCb": 229.48626708984375,
      "total": 115.2902603149414
    }
  },
  "11200": {
    "training_loss": 473900.0,
    "validation_loss": [
      199490.71875
    ],
    "validation_chi2s": {
      "DEUTERON": 39.15680387126866,
      "NMC": 164.20013786764707,
      "NUCLEAR": 27.79763671875,
      "HERACOMB": 108.39825878267973,
      "DYE886": 54.46924382990057,
      "CDF": 76.15891810825893,
      "D0": 8732.06015625,
      "ATLAS": 206.55176339285714,
      "CMS": 78.43697169569673,
      "LHCb": 243.03155517578125,
      "total": 169.14024353027344
    }
  },
  "11300": {
    "training_loss": 651380.0,
    "validation_loss": [
      187866.21875
    ],
    "validation_chi2s": {
      "DEUTERON": 53.46982373289801,
      "NMC": 238.5213311887255,
      "NUCLEAR": 42.62630078125,
      "HERACOMB": 149.65216503267973,
      "DYE886": 38.083984375,
      "CDF": 85.02117919921875,
      "D0": 1026.8876953125,
      "ATLAS": 376.6716964285714,
      "CMS": 172.39875768442624,
      "LHCb": 285.0286560058594,
      "total": 159.12852478027344
    }
  },
  "11400": {
    "training_loss": 501013.4375,
    "validation_loss": [
      142247.875
    ],
    "validation_chi2s": {
      "DEUTERON": 39.96104924595771,
      "NMC": 187.10414751838235,
      "NUCLEAR": 22.864044921875,
      "HERACOMB": 131.51568882761438,
      "DYE886": 48.79447243430398,
      "CDF": 69.495849609375,
      "D0": 1514.57353515625,
      "ATLAS": 231.09301339285713,
      "CMS": 108.13324474897541,
      "LHCb": 243.2809600830078,
      "total": 120.4579086303711
    }
  },
  "11500": {
    "training_loss": 475421.75,
    "validation_loss": [
      146472.203125
    ],
    "validation_chi2s": {
      "DEUTERON": 39.57850639381219,
      "NMC": 183.8800359987745,
      "NUCLEAR": 23.621134765625,
      "HERACOMB": 128.34936683006535,
      "DYE886": 41.01105846058238,
      "CDF": 67.07971627371651,
      "D0": 1947.7884765625,
      "ATLAS": 230.05805803571428,
      "CMS": 119.61870037141394,
      "LHCb": 240.20704650878906,
      "total": 124.06744384765625
    }
  },
  "11600": {
    "training_loss": 477796.0625,
    "validation_loss": [
      144647.09375
    ],
    "validation_chi2s": {
      "DEUTERON": 40.22288217117537,
      "NMC": 178.7907284007353,
      "NUCLEAR": 25.012580078125,
      "HERACOMB": 126.32683568218954,
      "DYE886": 38.93591863458807,
      "CDF": 63.08512660435268,
      "D0": 1891.2275390625,
      "ATLAS": 226.13703125,
      "CMS": 125.63016297387296,
      "LHCb": 214.93556213378906,
      "total": 122.53531646728516
    }
  },
  "11700": {
    "training_loss": 483256.3125,
    "validation_loss": [
      142209.03125
    ],
    "validation_chi2s": {
      "DEUTERON": 40.95767257462686,
      "NMC": 178.70385263480392,
      "NUCLEAR": 21.30748828125,
      "HERACOMB": 127.44039777369281,
      "DYE886": 35.520788019353695,
      "CDF": 63.57643781389509,
      "D0": 1845.56796875,
      "ATLAS": 227.09354910714285,
      "CMS": 102.27652727971312,
      "LHCb": 253.304443359375,
      "total": 120.47366333007812
    }
  },
  "11800": {
    "training_loss": 527870.5625,
    "validation_loss": [
      142133.625
    ],
    "validation_chi2s": {
      "DEUTERON": 42.17218108675373,
      "NMC": 175.27240349264707,
      "NUCLEAR": 21.79139453125,
      "HERACOMB": 125.85266033496733,
      "DYE886": 34.07880748401988,
      "CDF": 62.646728515625,
      "D0": 1903.0896484375,
      "ATLAS": 223.44796875,
      "CMS": 107.97645043545081,
      "LHCb": 242.19082641601562,
      "total": 120.42520904541016
    }
  },
  "11900": {
    "training_loss": 542857.5,
    "validation_loss": [
      146999.625
    ],
    "validation_chi2s": {
      "DEUTERON": 42.913513487251244,
      "NMC": 173.73682598039215,
      "NUCLEAR": 21.44451171875,
      "HERACOMB": 127.48630259395425,
      "DYE886": 31.56654774058949,
      "CDF": 61.65655081612723,
      "D0": 1989.9369140625,
      "ATLAS": 222.72234375,
      "CMS": 140.3389952612705,
      "LHCb": 234.9800567626953,
      "total": 124.5754165649414
    }
  },
  "12000": {
    "training_loss": 498454.0,
    "validation_loss": [
      147485.125
    ],
    "validation_chi2s": {
      "DEUTERON": 45.03083702580846,
      "NMC": 167.9988702512255,
      "NUCLEAR": 20.859412109375,
      "HERACOMB": 122.75151909722223,
      "DYE886": 39.31125710227273,
      "CDF": 62.928684779575896,
      "D0": 1928.4826171875,
      "ATLAS": 214.82794642857144,
      "CMS": 165.28746157786884,
      "LHCb": 257.3599548339844,
      "total": 124.98435974121094
    }
  },
  "12100": {
    "training_loss": 2564517.625,
    "validation_loss": [
      144513.125
    ],
    "validation_chi2s": {
      "DEUTERON": 44.390343205845774,
      "NMC": 177.8908930759804,
      "NUCLEAR": 21.75168359375,
      "HERACOMB": 127.59247344771242,
      "DYE886": 27.593475341796875,
      "CDF": 61.95811244419643,
      "D0": 1752.7375,
      "ATLAS": 229.72573660714286,
      "CMS": 119.48997022284836,
      "LHCb": 256.2131652832031,
      "total": 122.46841430664062
    }
  },
  "12200": {
    "training_loss": 664305.5,
    "validation_loss": [
      145439.84375
    ],
    "validation_chi2s": {
      "DEUTERON": 46.31794154228856,
      "NMC": 169.85033700980392,
      "NUCLEAR": 20.798572265625,
      "HERACOMB": 131.80029616013073,
      "DYE886": 27.638153076171875,
      "CDF": 60.05328805106027,
      "D0": 2077.90546875,
      "ATLAS": 220.66616071428572,
      "CMS": 105.98411084784836,
      "LHCb": 253.86953735351562,
      "total": 123.2829360961914
    }
  },
  "12300": {
    "training_loss": 791040.0,
    "validation_loss": [
      151716.1875
    ],
    "validation_chi2s": {
      "DEUTERON": 46.123027440920396,
      "NMC": 175.18746170343138,
      "NUCLEAR": 20.16581640625,
      "HERACOMB": 131.54188368055554,
      "DYE886": 24.622935901988637,
      "CDF": 59.915662493024556,
      "D0": 2648.6865234375,
      "ATLAS": 230.0415625,
      "CMS": 95.03684522284836,
      "LHCb": 264.4310607910156,
      "total": 128.62254333496094
    }
  },
  "12400": {
    "training_loss": 529986.75,
    "validation_loss": [
      158648.109375
    ],
    "validation_chi2s": {
      "DEUTERON": 49.143603272699,
      "NMC": 163.7052313112745,
      "NUCLEAR": 21.317228515625,
      "HERACOMB": 127.9718137254902,
      "DYE886": 33.466527765447445,
      "CDF": 61.03350830078125,
      "D0": 2350.7603515625,
      "ATLAS": 211.8032142857143,
      "CMS": 211.06474129098362,
      "LHCb": 249.43548583984375,
      "total": 134.51022338867188
    }
  },
  "12500": {
    "training_loss": 638296.875,
    "validation_loss": [
      153098.40625
    ],
    "validation_chi2s": {
      "DEUTERON": 47.61845557369403,
      "NMC": 170.92627910539215,
      "NUCLEAR": 21.714751953125,
      "HERACOMB": 134.53728809232027,
      "DYE886": 19.62921281294389,
      "CDF": 56.217786516462056,
      "D0": 2763.0734375,
      "ATLAS": 226.11723214285715,
      "CMS": 101.08961161629098,
      "LHCb": 231.8765869140625,
      "total": 129.8173828125
    }
  },
  "12600": {
    "training_loss": 553881.875,
    "validation_loss": [
      150127.53125
    ],
    "validation_chi2s": {
      "DEUTERON": 47.54856090640547,
      "NMC": 168.64022288602942,
      "NUCLEAR": 18.428115234375,
      "HERACOMB": 130.65410539215685,
      "DYE886": 27.46840320933949,
      "CDF": 58.64461408342634,
      "D0": 2930.50546875,
      "ATLAS": 219.6289955357143,
      "CMS": 83.72426517674181,
      "LHCb": 249.32693481445312,
      "total": 127.28985595703125
    }
  },
  "12700": {
    "training_loss": 8723292.0,
    "validation_loss": [
      170112.109375
    ],
    "validation_chi2s": {
      "DEUTERON": 51.00356615360697,
      "NMC": 163.53172870710785,
      "NUCLEAR": 22.321978515625,
      "HERACOMB": 129.6355698529412,
      "DYE886": 25.20351617986506,
      "CDF": 57.291957310267854,
      "D0": 3649.565234375,
      "ATLAS": 213.914375,
      "CMS": 197.0912685706967,
      "LHCb": 216.13636779785156,
      "total": 144.29293823242188
    }
  },
  "12800": {
    "training_loss": 569454.625,
    "validation_loss": [
      156478.6875
    ],
    "validation_chi2s": {
      "DEUTERON": 48.12335296175373,
      "NMC": 167.69427849264707,
      "NUCLEAR": 22.0364609375,
      "HERACOMB": 132.3356821895425,
      "DYE886": 28.22964754971591,
      "CDF": 58.87184797014509,
      "D0": 2094.9677734375,
      "ATLAS": 220.13756696428572,
      "CMS": 196.71918224897541,
      "LHCb": 228.21197509765625,
      "total": 132.68576049804688
    }
  },
  "12900": {
    "training_loss": 649832.3125,
    "validation_loss": [
      155565.71875
    ],
    "validation_chi2s": {
      "DEUTERON": 47.99580223880597,
      "NMC": 171.68895526960785,
      "NUCLEAR": 20.93529296875,
      "HERACOMB": 146.61282169117646,
      "DYE886": 20.239546342329547,
      "CDF": 56.989100864955354,
      "D0": 1919.74609375,
      "ATLAS": 236.30904017857142,
      "CMS": 145.99828701331967,
      "LHCb": 232.39735412597656,
      "total": 131.92593383789062
    }
  },
  "13000": {
    "training_loss": 1024229.375,
    "validation_loss": [
      161656.5625
    ],
    "validation_chi2s": {
      "DEUTERON": 49.41762865360697,
      "NMC": 166.42934283088235,
      "NUCLEAR": 19.443357421875,
      "HERACOMB": 135.90464154411765,
      "DYE886": 20.11584611372514,
      "CDF": 56.229156494140625,
      "D0": 3260.551953125,
      "ATLAS": 223.70772321428572,
      "CMS": 134.91302190061475,
      "LHCb": 229.15545654296875,
      "total": 137.1185302734375
    }
  },
  "13100": {
    "training_loss": 614530.0,
    "validation_loss": [
      151860.4375
    ],
    "validation_chi2s": {
      "DEUTERON": 49.5000340096393,
      "NMC": 166.2071844362745,
      "NUCLEAR": 21.196384765625,
      "HERACOMB": 132.77858200571896,
      "DYE886": 26.342751242897727,
      "CDF": 58.567701067243306,
      "D0": 1883.5185546875,
      "ATLAS": 220.56194196428572,
      "CMS": 172.14534772028688,
      "LHCb": 239.13844299316406,
      "total": 128.7692413330078
    }
  },
  "13200": {
    "training_loss": 2073657.5,
    "validation_loss": [
      199702.21875
    ],
    "validation_chi2s": {
      "DEUTERON": 46.12142898787314,
      "NMC": 181.16007965686273,
      "NUCLEAR": 18.492447265625,
      "HERACOMB": 165.64444189133988,
      "DYE886": 15.183940540660512,
      "CDF": 55.811043875558035,
      "D0": 5695.49765625,
      "ATLAS": 262.21020089285713,
      "CMS": 110.06467725409836,
      "LHCb": 265.5190734863281,
      "total": 169.48204040527344
    }
  },
  "13300": {
    "training_loss": 661722.25,
    "validation_loss": [
      161708.390625
    ],
    "validation_chi2s": {
      "DEUTERON": 47.78103136660448,
      "NMC": 173.39445465686273,
      "NUCLEAR": 22.3139140625,
      "HERACOMB": 153.0640318627451,
      "DYE886": 14.611186634410512,
      "CDF": 53.06325422014509,
      "D0": 2067.22734375,
      "ATLAS": 239.513125,
      "CMS": 166.52811219262296,
      "LHCb": 214.83877563476562,
      "total": 137.18911743164062
    }
  },
  "13400": {
    "training_loss": 12368157.75,
    "validation_loss": [
      189858.28125
    ],
    "validation_chi2s": {
      "DEUTERON": 101.26516829912936,
      "NMC": 153.81016390931373,
      "NUCLEAR": 16.1446767578125,
      "HERACOMB": 100.92940027573529,
      "DYE886": 10.377192410555752,
      "CDF": 46.810154506138396,
      "D0": 7261.42578125,
      "ATLAS": 210.50975446428572,
      "CMS": 82.98557569159836,
      "LHCb": 196.7882080078125,
      "total": 161.18202209472656
    }
  },
  "13500": {
    "training_loss": 440832.0,
    "validation_loss": [
      210476.03125
    ],
    "validation_chi2s": {
      "DEUTERON": 49.16841573383085,
      "NMC": 151.0089613970588,
      "NUCLEAR": 12.248369140625,
      "HERACOMB": 95.2321027369281,
      "DYE886": 8.520742242986506,
      "CDF": 43.61574009486607,
      "D0": 11066.9640625,
      "ATLAS": 196.6822767857143,
      "CMS": 72.00366611168033,
      "LHCb": 190.379638671875,
      "total": 178.78045654296875
    }
  },
  "13600": {
    "training_loss": 5592868.0,
    "validation_loss": [
      121643.0859375
    ],
    "validation_chi2s": {
      "DEUTERON": 57.24931494869403,
      "NMC": 167.70706954656862,
      "NUCLEAR": 10.6191455078125,
      "HERACOMB": 108.60360498366013,
      "DYE886": 7.860950816761363,
      "CDF": 39.192395891462056,
      "D0": 1469.44052734375,
      "ATLAS": 208.25379464285714,
      "CMS": 65.99986792392419,
      "LHCb": 182.8791961669922,
      "total": 103.26351165771484
    }
  },
  "13700": {
    "training_loss": 573480.5,
    "validation_loss": [
      194226.125
    ],
    "validation_chi2s": {
      "DEUTERON": 457.31323849502485,
      "NMC": 162.15019914215685,
      "NUCLEAR": 8.6637890625,
      "HERACOMB": 96.40377987132354,
      "DYE886": 7.538442438299006,
      "CDF": 40.88716779436384,
      "D0": 989.766015625,
      "ATLAS": 204.11035714285714,
      "CMS": 81.69857838114754,
      "LHCb": 192.70602416992188,
      "total": 165.01527404785156
    }
  },
  "13800": {
    "training_loss": 80916238.0,
    "validation_loss": [
      164803.25
    ],
    "validation_chi2s": {
      "DEUTERON": 292.8039878731343,
      "NMC": 161.98862591911765,
      "NUCLEAR": 8.33355859375,
      "HERACOMB": 101.18602558210785,
      "DYE886": 7.716922413219105,
      "CDF": 40.097486223493306,
      "D0": 1246.7958984375,
      "ATLAS": 205.87267857142857,
      "CMS": 79.11064773309427,
      "LHCb": 184.5155029296875,
      "total": 140.01995849609375
    }
  },
  "13900": {
    "training_loss": 673100.0,
    "validation_loss": [
      229308.625
    ],
    "validation_chi2s": {
      "DEUTERON": 568.1844682835821,
      "NMC": 133.92949601715685,
      "NUCLEAR": 7.6698623046875,
      "HERACOMB": 65.29090073529412,
      "DYE886": 8.740144209428268,
      "CDF": 39.84403337751116,
      "D0": 3159.912890625,
      "ATLAS": 209.58924107142857,
      "CMS": 89.5789734887295,
      "LHCb": 202.07455444335938,
      "total": 194.7920379638672
    }
  },
  "14000": {
    "training_loss": 258418.0,
    "validation_loss": [
      149121.546875
    ],
    "validation_chi2s": {
      "DEUTERON": 352.0638603855721,
      "NMC": 86.98009535845588,
      "NUCLEAR": 6.0841416015625,
      "HERACOMB": 51.889482485702615,
      "DYE886": 5.691207192160866,
      "CDF": 28.795122419084823,
      "D0": 1072.2861328125,
      "ATLAS": 153.91084821428572,
      "CMS": 117.86193647540983,
      "LHCb": 127.5168685913086,
      "total": 126.7378921508789
    }
  },
  "14100": {
    "training_loss": 1312592.0,
    "validation_loss": [
      67111.4375
    ],
    "validation_chi2s": {
      "DEUTERON": 29.858624358675375,
      "NMC": 69.52471564797794,
      "NUCLEAR": 6.138095703125,
      "HERACOMB": 38.6782896752451,
      "DYE886": 4.902615980668501,
      "CDF": 28.455945696149552,
      "D0": 139.85877685546876,
      "ATLAS": 154.24168526785715,
      "CMS": 91.75152087602459,
      "LHCb": 131.26893615722656,
      "total": 56.980995178222656
    }
  },
  "14200": {
    "training_loss": 28728.0,
    "validation_loss": [
      12999.1201171875
    ],
    "validation_chi2s": {
      "DEUTERON": 11.393865632773633,
      "NMC": 4.7749463249655335,
      "NUCLEAR": 7.4255849609375,
      "HERACOMB": 8.287375855290033,
      "DYE886": 23.58203125,
      "CDF": 8.417102813720703,
      "D0": 20.667831420898438,
      "ATLAS": 18.951311383928573,
      "CMS": 10.480023493532274,
      "LHCb": 21.676626205444336,
      "total": 11.053672790527344
    }
  },
  "14300": {
    "training_loss": 9989.71875,
    "validation_loss": [
      3767.71484375
    ],
    "validation_chi2s": {
      "DEUTERON": 3.936287799284826,
      "NMC": 2.2049956976198684,
      "NUCLEAR": 2.5697861328125,
      "HERACOMB": 3.0118547826031454,
      "DYE886": 2.4703136790882456,
      "CDF": 2.273531641278948,
      "D0": 3.8982864379882813,
      "ATLAS": 3.821109793526786,
      "CMS": 3.0281592197105534,
      "LHCb": 4.756335735321045,
      "total": 3.203486204147339
    }
  },
  "14400": {
    "training_loss": 9051.390625,
    "validation_loss": [
      3247.38720703125
    ],
    "validation_chi2s": {
      "DEUTERON": 3.3351932354827425,
      "NMC": 2.014874177820542,
      "NUCLEAR": 2.0906142578125,
      "HERACOMB": 2.654635759740094,
      "DYE886": 2.8914276469837534,
      "CDF": 1.1864498683384486,
      "D0": 2.243229103088379,
      "ATLAS": 3.291585867745536,
      "CMS": 2.7189473636814805,
      "LHCb": 4.278848648071289,
      "total": 2.761152744293213
    }
  },
  "14500": {
    "training_loss": 8834.052734375,
    "validation_loss": [
      3112.33740234375
    ],
    "validation_chi2s": {
      "DEUTERON": 3.0943266455806904,
      "NMC": 2.019312989478018,
      "NUCLEAR": 2.070149169921875,
      "HERACOMB": 2.5342540865630108,
      "DYE886": 2.6054021661931817,
      "CDF": 1.0071652276175362,
      "D0": 1.9861791610717774,
      "ATLAS": 3.151714564732143,
      "CMS": 2.643881125528304,
      "LHCb": 4.247923374176025,
      "total": 2.6464552879333496
    }
  },
  "14600": {
    "training_loss": 8569.248046875,
    "validation_loss": [
      3027.48388671875
    ],
    "validation_chi2s": {
      "DEUTERON": 3.049194032280006,
      "NMC": 2.0370816997453276,
      "NUCLEAR": 2.011081787109375,
      "HERACOMB": 2.469656352124183,
      "DYE886": 2.5515788685191763,
      "CDF": 0.8786416053771973,
      "D0": 1.8075986862182618,
      "ATLAS": 2.9847513253348215,
      "CMS": 2.6348411685130637,
      "LHCb": 3.999281167984009,
      "total": 2.5743069648742676
    }
  },
  "14700": {
    "training_loss": 8612.248046875,
    "validation_loss": [
      2996.9755859375
    ],
    "validation_chi2s": {
      "DEUTERON": 3.030667281269434,
      "NMC": 2.1340677597943474,
      "NUCLEAR": 2.0027457275390623,
      "HERACOMB": 2.4022019330193016,
      "DYE886": 2.628632978959517,
      "CDF": 0.8427302496773856,
      "D0": 2.0901731491088866,
      "ATLAS": 2.928101632254464,
      "CMS": 2.5986173035668547,
      "LHCb": 4.035060405731201,
      "total": 2.548438310623169
    }
  },
  "14800": {
    "training_loss": 8440.1533203125,
    "validation_loss": [
      2987.11962890625
    ],
    "validation_chi2s": {
      "DEUTERON": 2.9431100721976056,
      "NMC": 2.050860835056679,
      "NUCLEAR": 1.9581632080078124,
      "HERACOMB": 2.472860298904718,
      "DYE886": 2.3713753440163354,
      "CDF": 0.7524435860770089,
      "D0": 1.9997783660888673,
      "ATLAS": 2.989320242745536,
      "CMS": 2.5804833584144466,
      "LHCb": 4.041043758392334,
      "total": 2.540045738220215
    }
  },
  "14900": {
    "training_loss": 8391.09375,
    "validation_loss": [
      2936.0
    ],
    "validation_chi2s": {
      "DEUTERON": 2.943082135708178,
      "NMC": 2.075181848862592,
      "NUCLEAR": 1.9203121337890625,
      "HERACOMB": 2.431490231183619,
      "DYE886": 2.368948156183416,
      "CDF": 0.8248924527849469,
      "D0": 1.935544776916504,
      "ATLAS": 2.883040248325893,
      "CMS": 2.546102304927638,
      "LHCb": 3.8152356147766113,
      "total": 2.4965972900390625
    }
  },
  "15000": {
    "training_loss": 8716.87890625,
    "validation_loss": [
      2916.55859375
    ],
    "validation_chi2s": {
      "DEUTERON": 3.1079963949782337,
      "NMC": 2.1331428079044117,
      "NUCLEAR": 1.882154296875,
      "HERACOMB": 2.3835333531198937,
      "DYE886": 2.5040224248712715,
      "CDF": 0.9529715265546527,
      "D0": 1.8356992721557617,
      "ATLAS": 2.685428641183036,
      "CMS": 2.591338360895876,
      "LHCb": 3.64646053314209,
      "total": 2.479841470718384
    }
  },
  "15100": {
    "training_loss": 8372.4140625,
    "validation_loss": [
      2917.083251953125
    ],
    "validation_chi2s": {
      "DEUTERON": 2.9559690560867535,
      "NMC": 2.0404927870806526,
      "NUCLEAR": 1.8899454345703126,
      "HERACOMB": 2.4874018251506333,
      "DYE886": 2.5636938268488105,
      "CDF": 0.8633340426853725,
      "D0": 2.031936264038086,
      "ATLAS": 2.6836917550223216,
      "CMS": 2.520229902423796,
      "LHCb": 3.9134111404418945,
      "total": 2.4804024696350098
    }
  },
  "15200": {
    "training_loss": 8236.52734375,
    "validation_loss": [
      2907.93017578125
    ],
    "validation_chi2s": {
      "DEUTERON": 3.0116695574860075,
      "NMC": 2.0530391019933365,
      "NUCLEAR": 1.8635123291015625,
      "HERACOMB": 2.4618414585886437,
      "DYE886": 2.321543433449485,
      "CDF": 0.8680357933044434,
      "D0": 1.8020832061767578,
      "ATLAS": 2.6695296805245534,
      "CMS": 2.6120545434170084,
      "LHCb": 3.674232006072998,
      "total": 2.4726505279541016
    }
  },
  "15300": {
    "training_loss": 8230.95703125,
    "validation_loss": [
      2897.927001953125
    ],
    "validation_chi2s": {
      "DEUTERON": 3.0019585908348883,
      "NMC": 2.0865595200482536,
      "NUCLEAR": 1.8633189697265624,
      "HERACOMB": 2.437567018995098,
      "DYE886": 2.3092224814675073,
      "CDF": 0.7221088409423828,
      "D0": 1.8789627075195312,
      "ATLAS": 2.694680873325893,
      "CMS": 2.563607387855405,
      "LHCb": 3.668696403503418,
      "total": 2.464207649230957
    }
  },
  "15400": {
    "training_loss": 8237.72265625,
    "validation_loss": [
      2919.474609375
    ],
    "validation_chi2s": {
      "DEUTERON": 2.957593016363495,
      "NMC": 2.06817252963197,
      "NUCLEAR": 1.8701197509765626,
      "HERACOMB": 2.472845738230188,
      "DYE886": 2.3244979164817114,
      "CDF": 0.6526016507829938,
      "D0": 2.1130691528320313,
      "ATLAS": 2.8838663155691964,
      "CMS": 2.480223108510502,
      "LHCb": 3.474975347518921,
      "total": 2.482546329498291
    }
  },
  "15500": {
    "training_loss": 8271.99609375,
    "validation_loss": [
      2897.8466796875
    ],
    "validation_chi2s": {
      "DEUTERON": 3.04371240720227,
      "NMC": 2.138957453709023,
      "NUCLEAR": 1.859231201171875,
      "HERACOMB": 2.406244215622447,
      "DYE886": 2.4056963487104936,
      "CDF": 0.5914252144949776,
      "D0": 1.879903793334961,
      "ATLAS": 2.7771444266183036,
      "CMS": 2.5084693783619363,
      "LHCb": 3.3727502822875977,
      "total": 2.4641306400299072
    }
  },
  "15600": {
    "training_loss": 8186.9296875,
    "validation_loss": [
      2891.419921875
    ],
    "validation_chi2s": {
      "DEUTERON": 2.9355319957828048,
      "NMC": 2.075084162693398,
      "NUCLEAR": 1.8547054443359374,
      "HERACOMB": 2.492398330588746,
      "DYE886": 2.4457855224609375,
      "CDF": 0.6180353845868792,
      "D0": 1.9900135040283202,
      "ATLAS": 2.732264927455357,
      "CMS": 2.490047517370005,
      "LHCb": 3.4119961261749268,
      "total": 2.458648920059204
    }
  },
  "15700": {
    "training_loss": 8239.265625,
    "validation_loss": [
      2891.880859375
    ],
    "validation_chi2s": {
      "DEUTERON": 2.964163860871424,
      "NMC": 2.0808377733417585,
      "NUCLEAR": 1.85514892578125,
      "HERACOMB": 2.478216632518893,
      "DYE886": 2.46328388560902,
      "CDF": 0.5731566292898995,
      "D0": 1.8658214569091798,
      "ATLAS": 2.719505440848214,
      "CMS": 2.479399133901127,
      "LHCb": 3.517953395843506,
      "total": 2.459080457687378
    }
  },
  "15800": {
    "training_loss": 8171.73828125,
    "validation_loss": [
      2893.25634765625
    ],
    "validation_chi2s": {
      "DEUTERON": 3.0487749849385883,
      "NMC": 2.1399762022729014,
      "NUCLEAR": 1.8546480712890625,
      "HERACOMB": 2.4313312605315565,
      "DYE886": 2.418549797751687,
      "CDF": 0.5871784346444267,
      "D0": 2.299699592590332,
      "ATLAS": 2.656771763392857,
      "CMS": 2.5122180375896517,
      "LHCb": 3.4976024627685547,
      "total": 2.460252046585083
    }
  },
  "15900": {
    "training_loss": 625200.44921875,
    "validation_loss": [
      2876.912109375
    ],
    "validation_chi2s": {
      "DEUTERON": 2.9853570283348883,
      "NMC": 2.089252845913756,
      "NUCLEAR": 1.8485958251953125,
      "HERACOMB": 2.473691055198121,
      "DYE886": 2.418381777676669,
      "CDF": 0.6302077429635184,
      "D0": 1.8885156631469726,
      "ATLAS": 2.6346958705357144,
      "CMS": 2.5180196293064805,
      "LHCb": 3.3104710578918457,
      "total": 2.445929765701294
    }
  },
  "16000": {
    "training_loss": 8169.515625,
    "validation_loss": [
      2896.378662109375
    ],
    "validation_chi2s": {
      "DEUTERON": 3.048383874086598,
      "NMC": 2.1436529720530793,
      "NUCLEAR": 1.84575634765625,
      "HERACOMB": 2.4429155736187704,
      "DYE886": 2.526720393787731,
      "CDF": 0.544201271874564,
      "D0": 2.146466827392578,
      "ATLAS": 2.7056117466517855,
      "CMS": 2.472419363553407,
      "LHCb": 3.4180285930633545,
      "total": 2.462907314300537
    }
  },
  "16100": {
    "training_loss": 8721.90234375,
    "validation_loss": [
      2890.7822265625
    ],
    "validation_chi2s": {
      "DEUTERON": 3.226961505946828,
      "NMC": 2.2044442868700216,
      "NUCLEAR": 1.8382403564453125,
      "HERACOMB": 2.364247839435253,
      "DYE886": 2.584193142977628,
      "CDF": 0.738236495426723,
      "D0": 1.8306747436523438,
      "ATLAS": 2.515227225167411,
      "CMS": 2.600125422243212,
      "LHCb": 3.4013609886169434,
      "total": 2.4580068588256836
    }
  },
  "16200": {
    "training_loss": 8127.017578125,
    "validation_loss": [
      2894.8955078125
    ],
    "validation_chi2s": {
      "DEUTERON": 2.984183392121424,
      "NMC": 2.108730241364124,
      "NUCLEAR": 1.861541015625,
      "HERACOMB": 2.474972394556781,
      "DYE886": 2.513551712036133,
      "CDF": 0.5312795298440116,
      "D0": 2.0727142333984374,
      "ATLAS": 2.732739780970982,
      "CMS": 2.462405095334913,
      "LHCb": 3.3227179050445557,
      "total": 2.4615705013275146
    }
  },
  "16300": {
    "training_loss": 8116.796875,
    "validation_loss": [
      2891.2353515625
    ],
    "validation_chi2s": {
      "DEUTERON": 3.0714560741215795,
      "NMC": 2.1183191935221353,
      "NUCLEAR": 1.8562137451171874,
      "HERACOMB": 2.4403734394148286,
      "DYE886": 2.374519174749201,
      "CDF": 0.5358636719839913,
      "D0": 1.7275821685791015,
      "ATLAS": 2.6432139369419643,
      "CMS": 2.5752996225826075,
      "LHCb": 3.28173828125,
      "total": 2.458533763885498
    }
  },
  "16400": {
    "training_loss": 8165.0322265625,
    "validation_loss": [
      2875.559814453125
    ],
    "validation_chi2s": {
      "DEUTERON": 3.048048636213464,
      "NMC": 2.138681748334099,
      "NUCLEAR": 1.8484024658203124,
      "HERACOMB": 2.4227362738715277,
      "DYE886": 2.488553827459162,
      "CDF": 0.48791507312229704,
      "D0": 1.8885374069213867,
      "ATLAS": 2.6770047433035713,
      "CMS": 2.482232515929175,
      "LHCb": 3.187946081161499,
      "total": 2.445204019546509
    }
  },
  "16500": {
    "training_loss": 8192.94140625,
    "validation_loss": [
      2887.271484375
    ],
    "validation_chi2s": {
      "DEUTERON": 3.1365335189287937,
      "NMC": 2.148456049900429,
      "NUCLEAR": 1.84219873046875,
      "HERACOMB": 2.4141037884880516,
      "DYE886": 2.491535013372248,
      "CDF": 0.5266403470720563,
      "D0": 1.9229206085205077,
      "ATLAS": 2.64038330078125,
      "CMS": 2.5355399710233093,
      "LHCb": 3.0876452922821045,
      "total": 2.4551167488098145
    }
  },
  "16600": {
    "training_loss": 8094.216796875,
    "validation_loss": [
      2892.65380859375
    ],
    "validation_chi2s": {
      "DEUTERON": 3.2256879664179103,
      "NMC": 2.176436929141774,
      "NUCLEAR": 1.8477255859375,
      "HERACOMB": 2.3799615997114993,
      "DYE886": 2.451609178022905,
      "CDF": 0.6538066182817731,
      "D0": 1.7154022216796876,
      "ATLAS": 2.4904727608816963,
      "CMS": 2.628927011958888,
      "LHCb": 3.463852643966675,
      "total": 2.459721326828003
    }
  },
  "16700": {
    "training_loss": 8185.1640625,
    "validation_loss": [
      2886.49267578125
    ],
    "validation_chi2s": {
      "DEUTERON": 3.155470511213464,
      "NMC": 2.179906209309896,
      "NUCLEAR": 1.8544862060546874,
      "HERACOMB": 2.409139595779718,
      "DYE886": 2.463025353171609,
      "CDF": 0.5848289898463658,
      "D0": 1.9353731155395508,
      "ATLAS": 2.562515171595982,
      "CMS": 2.525454661885246,
      "LHCb": 3.314687490463257,
      "total": 2.454500675201416
    }
  },
  "16800": {
    "training_loss": 8309.16796875,
    "validation_loss": [
      2894.89501953125
    ],
    "validation_chi2s": {
      "DEUTERON": 3.087883944535137,
      "NMC": 2.149388032801011,
      "NUCLEAR": 1.8463250732421874,
      "HERACOMB": 2.414635951222937,
      "DYE886": 2.4400074698708276,
      "CDF": 0.469785281590053,
      "D0": 1.716275405883789,
      "ATLAS": 2.7330678013392857,
      "CMS": 2.5249746353899845,
      "LHCb": 3.2402029037475586,
      "total": 2.4616453647613525
    }
  },
  "16900": {
    "training_loss": 9319.443359375,
    "validation_loss": [
      2898.43017578125
    ],
    "validation_chi2s": {
      "DEUTERON": 3.318865268384639,
      "NMC": 2.184945499195772,
      "NUCLEAR": 1.84133447265625,
      "HERACOMB": 2.384645748761744,
      "DYE886": 2.5838498202237217,
      "CDF": 0.8004721232822963,
      "D0": 1.608307456970215,
      "ATLAS": 2.400140380859375,
      "CMS": 2.664175314981429,
      "LHCb": 3.311880588531494,
      "total": 2.4643917083740234
    }
  },
  "17000": {
    "training_loss": 8141.78125,
    "validation_loss": [
      2889.2705078125
    ],
    "validation_chi2s": {
      "DEUTERON": 3.0582946473686254,
      "NMC": 2.124875536151961,
      "NUCLEAR": 1.8647535400390625,
      "HERACOMB": 2.4439777050142975,
      "DYE886": 2.5667055303400215,
      "CDF": 0.543881722858974,
      "D0": 2.0485103607177733,
      "ATLAS": 2.6517476981026786,
      "CMS": 2.4538779336898053,
      "LHCb": 3.3734445571899414,
      "total": 2.456862449645996
    }
  }
}