{
  "100": {
    "training_loss": 317.25,
    "validation_loss": [
      136.69667053222656
    ],
    "validation_chi2s": {
      "DEUTERON": 2.6414695739746095,
      "ATLAS": 2.8216257962313565,
      "total": 2.6803269386291504
    }
  },
  "200": {
    "training_loss": 268.7890625,
    "validation_loss": [
      106.7110824584961
    ],
    "validation_chi2s": {
      "DEUTERON": 2.185084915161133,
      "ATLAS": 1.7552445151589133,
      "total": 2.092374324798584
    }
  },
  "300": {
    "training_loss": 264.77520751953125,
    "validation_loss": [
      104.94679260253906
    ],
    "validation_chi2s": {
      "DEUTERON": 2.1678842544555663,
      "ATLAS": 1.6574020385742188,
      "total": 2.0577802658081055
    }
  },
  "400": {
    "training_loss": 260.34423828125,
    "validation_loss": [
      107.99411010742188
    ],
    "validation_chi2s": {
      "DEUTERON": 2.2375118255615236,
      "ATLAS": 1.681239908391779,
      "total": 2.1175315380096436
    }
  },
  "500": {
    "training_loss": 256.8158721923828,
    "validation_loss": [
      111.49462890625
    ],
    "validation_chi2s": {
      "DEUTERON": 2.3222867965698244,
      "ATLAS": 1.6911959214644,
      "total": 2.186169147491455
    }
  }
}