{
  "100": {
    "training_loss": 174032.0,
    "validation_loss": [
      102692.5
    ],
    "validation_chi2s": {
      "DEUTERON": 31.018690726057216,
      "NMC": 118.28410309436275,
      "NUCLEAR": 10.8374287109375,
      "HERACOMB": 92.16839639501634,
      "DYE886": 15.82844404740767,
      "CDF": 48.295545305524556,
      "D0": 327.790283203125,
      "ATLAS": 154.19854910714287,
      "CMS": 120.65369652920081,
      "LHCb": 150.3952178955078,
      "total": 79.64411163330078
    }
  },
  "200": {
    "training_loss": 53701.0,
    "validation_loss": [
      29523.5625
    ],
    "validation_chi2s": {
      "DEUTERON": 30.783135105721392,
      "NMC": 18.466680788526347,
      "NUCLEAR": 6.70032373046875,
      "HERACOMB": 21.50817791309232,
      "DYE886": 9.457547968084162,
      "CDF": 19.850882393973215,
      "D0": 7.25208740234375,
      "ATLAS": 46.00626116071429,
      "CMS": 27.52390576972336,
      "LHCb": 38.31031036376953,
      "total": 24.183910369873047
    }
  },
  "300": {
    "training_loss": 9118.9609375,
    "validation_loss": [
      3597.2216796875
    ],
    "validation_chi2s": {
      "DEUTERON": 2.7600176607198383,
      "NMC": 1.6437051810470282,
      "NUCLEAR": 2.841718017578125,
      "HERACOMB": 2.8514486076005925,
      "DYE886": 3.173899217085405,
      "CDF": 3.2302657536097934,
      "D0": 13.835774230957032,
      "ATLAS": 3.0809176199776784,
      "CMS": 3.542909966140497,
      "LHCb": 4.4350266456604,
      "total": 3.0320382118225098
    }
  },
  "400": {
    "training_loss": 8105.0625,
    "validation_loss": [
      3138.7822265625
    ],
    "validation_chi2s": {
      "DEUTERON": 2.364826866643346,
      "NMC": 1.640841614966299,
      "NUCLEAR": 2.51050439453125,
      "HERACOMB": 2.692941703048407,
      "DYE886": 1.9206790924072266,
      "CDF": 2.240877560206822,
      "D0": 11.093665313720702,
      "ATLAS": 2.664131382533482,
      "CMS": 3.059606583392034,
      "LHCb": 3.2356255054473877,
      "total": 2.6552653312683105
    }
  },
  "500": {
    "training_loss": 7979.732421875,
    "validation_loss": [
      3032.16064453125
    ],
    "validation_chi2s": {
      "DEUTERON": 2.2818155620821674,
      "NMC": 1.6215310190238206,
      "NUCLEAR": 2.469158935546875,
      "HERACOMB": 2.572293350119996,
      "DYE886": 2.1102019223299893,
      "CDF": 1.852085794721331,
      "D0": 7.869271087646484,
      "ATLAS": 2.632694091796875,
      "CMS": 3.000270655897797,
      "LHCb": 3.371856927871704,
      "total": 2.5667433738708496
    }
  },
  "600": {
    "training_loss": 7918.9501953125,
    "validation_loss": [
      3014.17578125
    ],
    "validation_chi2s": {
      "DEUTERON": 2.196959082760028,
      "NMC": 1.6156019323012407,
      "NUCLEAR": 2.44535546875,
      "HERACOMB": 2.625176722707312,
      "DYE886": 1.9513171802867542,
      "CDF": 1.9905441829136439,
      "D0": 8.275656127929688,
      "ATLAS": 2.6312862723214288,
      "CMS": 2.912142894307121,
      "LHCb": 3.3737268447875977,
      "total": 2.55268931388855
    }
  },
  "700": {
    "training_loss": 7892.46142578125,
    "validation_loss": [
      2996.390625
    ],
    "validation_chi2s": {
      "DEUTERON": 2.2165700428521453,
      "NMC": 1.60882568359375,
      "NUCLEAR": 2.421312255859375,
      "HERACOMB": 2.6030267453661153,
      "DYE886": 1.944758501919833,
      "CDF": 2.09307370867048,
      "D0": 7.785044097900391,
      "ATLAS": 2.6239039829799107,
      "CMS": 2.9099956574987194,
      "LHCb": 3.356058120727539,
      "total": 2.539386034011841
    }
  },
  "800": {
    "training_loss": 7874.60888671875,
    "validation_loss": [
      2981.886962890625
    ],
    "validation_chi2s": {
      "DEUTERON": 2.200228259338075,
      "NMC": 1.6065367156384038,
      "NUCLEAR": 2.39682421875,
      "HERACOMB": 2.6017986621732025,
      "DYE886": 1.9073562622070312,
      "CDF": 2.1720279966081892,
      "D0": 7.469928741455078,
      "ATLAS": 2.622918003627232,
      "CMS": 2.9128498014856556,
      "LHCb": 3.333413600921631,
      "total": 2.527592182159424
    }
  },
  "900": {
    "training_loss": 7865.4296875,
    "validation_loss": [
      2973.837890625
    ],
    "validation_chi2s": {
      "DEUTERON": 2.2095938155900186,
      "NMC": 1.602305393592984,
      "NUCLEAR": 2.382124267578125,
      "HERACOMB": 2.5913030088337417,
      "DYE886": 1.8771690021861682,
      "CDF": 2.207688195364816,
      "D0": 7.161663818359375,
      "ATLAS": 2.625989990234375,
      "CMS": 2.919595436971696,
      "LHCb": 3.328080654144287,
      "total": 2.5211915969848633
    }
  },
  "1000": {
    "training_loss": 7862.3857421875,
    "validation_loss": [
      2965.192138671875
    ],
    "validation_chi2s": {
      "DEUTERON": 2.216401816600591,
      "NMC": 1.6026572433172488,
      "NUCLEAR": 2.3750419921875,
      "HERACOMB": 2.578400057125715,
      "DYE886": 1.91208908774636,
      "CDF": 2.2941992623465404,
      "D0": 6.724420166015625,
      "ATLAS": 2.6251267787388395,
      "CMS": 2.922454333696209,
      "LHCb": 3.3043980598449707,
      "total": 2.514481544494629
    }
  },
  "1100": {
    "training_loss": 7856.361328125,
    "validation_loss": [
      2962.294189453125
    ],
    "validation_chi2s": {
      "DEUTERON": 2.2181791239116917,
      "NMC": 1.599928014418658,
      "NUCLEAR": 2.367314453125,
      "HERACOMB": 2.577544767093035,
      "DYE886": 1.8609985004771838,
      "CDF": 2.271284512111119,
      "D0": 6.673003387451172,
      "ATLAS": 2.6321323939732144,
      "CMS": 2.923405631643827,
      "LHCb": 3.302764892578125,
      "total": 2.512368679046631
    }
  },
  "1200": {
    "training_loss": 7855.05126953125,
    "validation_loss": [
      2956.674560546875
    ],
    "validation_chi2s": {
      "DEUTERON": 2.225186324238184,
      "NMC": 1.5997347364238663,
      "NUCLEAR": 2.360859130859375,
      "HERACOMB": 2.5713327445235907,
      "DYE886": 1.8805124109441584,
      "CDF": 2.2761017935616628,
      "D0": 6.365109634399414,
      "ATLAS": 2.633567592075893,
      "CMS": 2.9246761134413424,
      "LHCb": 3.27679181098938,
      "total": 2.507983684539795
    }
  },
  "1300": {
    "training_loss": 7857.50390625,
    "validation_loss": [
      2940.008544921875
    ],
    "validation_chi2s": {
      "DEUTERON": 2.272911565220771,
      "NMC": 1.6006068809359681,
      "NUCLEAR": 2.3462451171875,
      "HERACOMB": 2.529711555032169,
      "DYE886": 2.0234834497625176,
      "CDF": 2.0458474840436662,
      "D0": 4.965399932861328,
      "ATLAS": 2.6309212820870536,
      "CMS": 2.982638749919954,
      "LHCb": 3.2047924995422363,
      "total": 2.4953038692474365
    }
  },
  "1400": {
    "training_loss": 7882.15087890625,
    "validation_loss": [
      2939.21923828125
    ],
    "validation_chi2s": {
      "DEUTERON": 2.2756592100532496,
      "NMC": 1.5875621122472428,
      "NUCLEAR": 2.343997314453125,
      "HERACOMB": 2.527829837175756,
      "DYE886": 1.8560728593306108,
      "CDF": 2.0669967106410434,
      "D0": 5.322726821899414,
      "ATLAS": 2.6300636509486606,
      "CMS": 2.985992431640625,
      "LHCb": 3.2121524810791016,
      "total": 2.4946932792663574
    }
  },
  "1500": {
    "training_loss": 7856.474609375,
    "validation_loss": [
      2934.396484375
    ],
    "validation_chi2s": {
      "DEUTERON": 2.278603321284204,
      "NMC": 1.5950089996936274,
      "NUCLEAR": 2.33879248046875,
      "HERACOMB": 2.5253617031122344,
      "DYE886": 1.987380634654652,
      "CDF": 2.0653912680489674,
      "D0": 4.764315414428711,
      "ATLAS": 2.642984444754464,
      "CMS": 2.979622012279073,
      "LHCb": 3.153730869293213,
      "total": 2.4911415576934814
    }
  },
  "1600": {
    "training_loss": 7840.783203125,
    "validation_loss": [
      2967.85498046875
    ],
    "validation_chi2s": {
      "DEUTERON": 2.3151084178715795,
      "NMC": 1.5980272480085784,
      "NUCLEAR": 2.34999658203125,
      "HERACOMB": 2.569768967971303,
      "DYE886": 1.8050616871226917,
      "CDF": 2.327223641531808,
      "D0": 6.0706634521484375,
      "ATLAS": 2.6582341657366073,
      "CMS": 2.920505211001537,
      "LHCb": 3.20794677734375,
      "total": 2.5183162689208984
    }
  },
  "1700": {
    "training_loss": 7837.66943359375,
    "validation_loss": [
      2957.609619140625
    ],
    "validation_chi2s": {
      "DEUTERON": 2.2494080197158737,
      "NMC": 1.60040657193053,
      "NUCLEAR": 2.341282470703125,
      "HERACOMB": 2.5824638815487133,
      "DYE886": 2.053865432739258,
      "CDF": 2.043962206159319,
      "D0": 4.434801864624023,
      "ATLAS": 2.706741943359375,
      "CMS": 3.0018445624679817,
      "LHCb": 3.1199071407318115,
      "total": 2.510960102081299
    }
  },
  "1800": {
    "training_loss": 7846.138671875,
    "validation_loss": [
      2946.22509765625
    ],
    "validation_chi2s": {
      "DEUTERON": 2.250603215611396,
      "NMC": 1.6112807030771292,
      "NUCLEAR": 2.34622216796875,
      "HERACOMB": 2.557345720677594,
      "DYE886": 1.8076584555886008,
      "CDF": 2.1753262111118863,
      "D0": 5.82403678894043,
      "ATLAS": 2.6476065499441965,
      "CMS": 2.9189280525582735,
      "LHCb": 3.230992317199707,
      "total": 2.499760150909424
    }
  },
  "1900": {
    "training_loss": 7850.8740234375,
    "validation_loss": [
      2943.609130859375
    ],
    "validation_chi2s": {
      "DEUTERON": 2.239533837161847,
      "NMC": 1.5853322347005208,
      "NUCLEAR": 2.34309228515625,
      "HERACOMB": 2.547399583205678,
      "DYE886": 1.769754409790039,
      "CDF": 2.137228012084961,
      "D0": 5.473687362670899,
      "ATLAS": 2.6843594796316963,
      "CMS": 2.9430722095927253,
      "LHCb": 3.290992498397827,
      "total": 2.499181032180786
    }
  },
  "2000": {
    "training_loss": 7854.26513671875,
    "validation_loss": [
      2928.71728515625
    ],
    "validation_chi2s": {
      "DEUTERON": 2.2884321070429103,
      "NMC": 1.5961160098805147,
      "NUCLEAR": 2.328459716796875,
      "HERACOMB": 2.5194833792892157,
      "DYE886": 2.003931392322887,
      "CDF": 2.084857395717076,
      "D0": 4.522834777832031,
      "ATLAS": 2.654949428013393,
      "CMS": 2.9656832335425203,
      "LHCb": 3.130244016647339,
      "total": 2.487210750579834
    }
  },
  "2100": {
    "training_loss": 7840.8193359375,
    "validation_loss": [
      2963.138671875
    ],
    "validation_chi2s": {
      "DEUTERON": 2.375736369422419,
      "NMC": 1.578291051528033,
      "NUCLEAR": 2.335100830078125,
      "HERACOMB": 2.531473596111622,
      "DYE886": 1.7536617625843396,
      "CDF": 2.106427328927176,
      "D0": 5.596470642089844,
      "ATLAS": 2.6847359793526784,
      "CMS": 2.9437068251312755,
      "LHCb": 3.2448623180389404,
      "total": 2.5157389640808105
    }
  },
  "2200": {
    "training_loss": 7840.31640625,
    "validation_loss": [
      2963.3427734375
    ],
    "validation_chi2s": {
      "DEUTERON": 2.2573541290131374,
      "NMC": 1.5921719120998008,
      "NUCLEAR": 2.338279541015625,
      "HERACOMB": 2.590203578176062,
      "DYE886": 1.770991932262074,
      "CDF": 2.1209543773106168,
      "D0": 5.29668083190918,
      "ATLAS": 2.744327915736607,
      "CMS": 2.943025182505123,
      "LHCb": 3.145721673965454,
      "total": 2.5160255432128906
    }
  },
  "2300": {
    "training_loss": 7844.541015625,
    "validation_loss": [
      2942.10546875
    ],
    "validation_chi2s": {
      "DEUTERON": 2.237117027168843,
      "NMC": 1.5925177779852175,
      "NUCLEAR": 2.337313720703125,
      "HERACOMB": 2.5609451992059844,
      "DYE886": 1.7899494171142578,
      "CDF": 2.224503789629255,
      "D0": 5.584146118164062,
      "ATLAS": 2.6890277971540177,
      "CMS": 2.9136555155769726,
      "LHCb": 3.188192129135132,
      "total": 2.498058319091797
    }
  },
  "2400": {
    "training_loss": 7847.96044921875,
    "validation_loss": [
      2933.112060546875
    ],
    "validation_chi2s": {
      "DEUTERON": 2.2216581278179417,
      "NMC": 1.589246712478937,
      "NUCLEAR": 2.33308740234375,
      "HERACOMB": 2.554660772186479,
      "DYE886": 1.7911637046120383,
      "CDF": 2.200246810913086,
      "D0": 5.439749526977539,
      "ATLAS": 2.68961181640625,
      "CMS": 2.9125531306032273,
      "LHCb": 3.1676018238067627,
      "total": 2.4908032417297363
    }
  },
  "2500": {
    "training_loss": 7858.31103515625,
    "validation_loss": [
      2934.913330078125
    ],
    "validation_chi2s": {
      "DEUTERON": 2.2431034828299907,
      "NMC": 1.5934742946250766,
      "NUCLEAR": 2.3279462890625,
      "HERACOMB": 2.555789523654514,
      "DYE886": 2.0593821785666724,
      "CDF": 2.111959457397461,
      "D0": 4.582400512695313,
      "ATLAS": 2.6897298758370534,
      "CMS": 2.936194998319032,
      "LHCb": 3.1291205883026123,
      "total": 2.4924774169921875
    }
  },
  "2600": {
    "training_loss": 7845.81787109375,
    "validation_loss": [
      2927.807861328125
    ],
    "validation_chi2s": {
      "DEUTERON": 2.2731159267140857,
      "NMC": 1.592652863147212,
      "NUCLEAR": 2.32225146484375,
      "HERACOMB": 2.524442186542586,
      "DYE886": 2.048336722634055,
      "CDF": 2.0562423978533064,
      "D0": 4.362755584716797,
      "ATLAS": 2.68151611328125,
      "CMS": 2.9551188984855274,
      "LHCb": 3.1556150913238525,
      "total": 2.487260103225708
    }
  },
  "2700": {
    "training_loss": 7865.42822265625,
    "validation_loss": [
      2924.189453125
    ],
    "validation_chi2s": {
      "DEUTERON": 2.2472918306417133,
      "NMC": 1.5859309177772671,
      "NUCLEAR": 2.321404541015625,
      "HERACOMB": 2.533919589971405,
      "DYE886": 1.9334987293590198,
      "CDF": 2.1075943538120816,
      "D0": 4.7535137176513675,
      "ATLAS": 2.687691650390625,
      "CMS": 2.923061933673796,
      "LHCb": 3.1595513820648193,
      "total": 2.4840214252471924
    }
  },
  "2800": {
    "training_loss": 7841.74609375,
    "validation_loss": [
      2928.458251953125
    ],
    "validation_chi2s": {
      "DEUTERON": 2.299925087696284,
      "NMC": 1.6015301872702206,
      "NUCLEAR": 2.315078857421875,
      "HERACOMB": 2.507659912109375,
      "DYE886": 2.1311270973899146,
      "CDF": 1.9903815133231026,
      "D0": 4.143224716186523,
      "ATLAS": 2.683668736049107,
      "CMS": 2.9788938428534837,
      "LHCb": 3.15643048286438,
      "total": 2.4884345531463623
    }
  },
  "2900": {
    "training_loss": 7853.7734375,
    "validation_loss": [
      2921.196044921875
    ],
    "validation_chi2s": {
      "DEUTERON": 2.280702961024953,
      "NMC": 1.5904196944891238,
      "NUCLEAR": 2.31616357421875,
      "HERACOMB": 2.508487477022059,
      "DYE886": 1.9401548559015447,
      "CDF": 1.9870590482439314,
      "D0": 4.41307258605957,
      "ATLAS": 2.6864278738839285,
      "CMS": 2.955358036228868,
      "LHCb": 3.182753324508667,
      "total": 2.4825007915496826
    }
  },
  "3000": {
    "training_loss": 7840.20068359375,
    "validation_loss": [
      2941.093994140625
    ],
    "validation_chi2s": {
      "DEUTERON": 2.247483742177783,
      "NMC": 1.5805505490770526,
      "NUCLEAR": 2.326285400390625,
      "HERACOMB": 2.5660508099724266,
      "DYE886": 1.7660329992120916,
      "CDF": 2.1510460717337474,
      "D0": 5.57905158996582,
      "ATLAS": 2.700496826171875,
      "CMS": 2.904329894018955,
      "LHCb": 3.1918554306030273,
      "total": 2.49820613861084
    }
  },
  "3100": {
    "training_loss": 7846.41845703125,
    "validation_loss": [
      2921.53857421875
    ],
    "validation_chi2s": {
      "DEUTERON": 2.306259383016558,
      "NMC": 1.5831717696844363,
      "NUCLEAR": 2.316027099609375,
      "HERACOMB": 2.4880744086371527,
      "DYE886": 1.8221315904097124,
      "CDF": 2.066375051225935,
      "D0": 5.034624481201172,
      "ATLAS": 2.6667801339285715,
      "CMS": 2.9458698210169056,
      "LHCb": 3.262408494949341,
      "total": 2.483022689819336
    }
  },
  "3200": {
    "training_loss": 7840.99462890625,
    "validation_loss": [
      2920.413330078125
    ],
    "validation_chi2s": {
      "DEUTERON": 2.303408494636194,
      "NMC": 1.5962407729204964,
      "NUCLEAR": 2.3113623046875,
      "HERACOMB": 2.4981466056474675,
      "DYE886": 1.966008099642667,
      "CDF": 1.960517202104841,
      "D0": 4.302230453491211,
      "ATLAS": 2.6859456961495534,
      "CMS": 2.956328595270876,
      "LHCb": 3.1840765476226807,
      "total": 2.482370615005493
    }
  },
  "3300": {
    "training_loss": 7851.9951171875,
    "validation_loss": [
      2929.761962890625
    ],
    "validation_chi2s": {
      "DEUTERON": 2.2592032513215172,
      "NMC": 1.5910984114104627,
      "NUCLEAR": 2.317773193359375,
      "HERACOMB": 2.5337458591835174,
      "DYE886": 2.0478265935724433,
      "CDF": 2.0276437486921037,
      "D0": 4.492029190063477,
      "ATLAS": 2.711213902064732,
      "CMS": 2.932222960425205,
      "LHCb": 3.1736724376678467,
      "total": 2.489738702774048
    }
  },
  "3400": {
    "training_loss": 7853.8076171875,
    "validation_loss": [
      2929.573974609375
    ],
    "validation_chi2s": {
      "DEUTERON": 2.2574484146649563,
      "NMC": 1.5899942435470282,
      "NUCLEAR": 2.317721923828125,
      "HERACOMB": 2.533975040211397,
      "DYE886": 2.048777840354226,
      "CDF": 2.0429603031703403,
      "D0": 4.546569061279297,
      "ATLAS": 2.7107257952008927,
      "CMS": 2.9315648313428535,
      "LHCb": 3.164776086807251,
      "total": 2.4896295070648193
    }
  },
  "3500": {
    "training_loss": 7830.13427734375,
    "validation_loss": [
      2939.834228515625
    ],
    "validation_chi2s": {
      "DEUTERON": 2.3103669579349346,
      "NMC": 1.6064629648246018,
      "NUCLEAR": 2.314644287109375,
      "HERACOMB": 2.5157355015573937,
      "DYE886": 2.257409009066495,
      "CDF": 1.9520538875034876,
      "D0": 4.019898986816406,
      "ATLAS": 2.7122059849330356,
      "CMS": 2.9762995985687755,
      "LHCb": 3.2046914100646973,
      "total": 2.4988186359405518
    }
  },
  "3600": {
    "training_loss": 7856.42578125,
    "validation_loss": [
      2917.092529296875
    ],
    "validation_chi2s": {
      "DEUTERON": 2.273527686275653,
      "NMC": 1.5860064637427236,
      "NUCLEAR": 2.31158984375,
      "HERACOMB": 2.5054975522109886,
      "DYE886": 1.914738048206676,
      "CDF": 1.9903241566249303,
      "D0": 4.600325012207032,
      "ATLAS": 2.6973543875558037,
      "CMS": 2.93201183881916,
      "LHCb": 3.1824941635131836,
      "total": 2.479666233062744
    }
  },
  "3700": {
    "training_loss": 7834.4638671875,
    "validation_loss": [
      2933.51708984375
    ],
    "validation_chi2s": {
      "DEUTERON": 2.2125192518851056,
      "NMC": 1.5800562839882046,
      "NUCLEAR": 2.3190419921875,
      "HERACOMB": 2.5556477066738155,
      "DYE886": 1.7306473471901633,
      "CDF": 2.1612239565168108,
      "D0": 5.838571166992187,
      "ATLAS": 2.7314838518415177,
      "CMS": 2.891757402263704,
      "LHCb": 3.1963682174682617,
      "total": 2.49299693107605
    }
  },
  "3800": {
    "training_loss": 7834.87060546875,
    "validation_loss": [
      2930.88671875
    ],
    "validation_chi2s": {
      "DEUTERON": 2.233717126039723,
      "NMC": 1.5772751452876073,
      "NUCLEAR": 2.319368408203125,
      "HERACOMB": 2.5393241932189543,
      "DYE886": 1.7411311756480823,
      "CDF": 2.1417969294956754,
      "D0": 5.703714752197266,
      "ATLAS": 2.7215767996651787,
      "CMS": 2.9001604924436477,
      "LHCb": 3.212390184402466,
      "total": 2.491088390350342
    }
  },
  "3900": {
    "training_loss": 7853.3525390625,
    "validation_loss": [
      2916.103759765625
    ],
    "validation_chi2s": {
      "DEUTERON": 2.2755580921078202,
      "NMC": 1.5833432066674327,
      "NUCLEAR": 2.310935302734375,
      "HERACOMB": 2.507058735766442,
      "DYE886": 1.924794457175515,
      "CDF": 2.0224157060895647,
      "D0": 4.544501113891601,
      "ATLAS": 2.694265311104911,
      "CMS": 2.932709490666624,
      "LHCb": 3.1565725803375244,
      "total": 2.478976249694824
    }
  },
  "4000": {
    "training_loss": 7835.3232421875,
    "validation_loss": [
      2926.385009765625
    ],
    "validation_chi2s": {
      "DEUTERON": 2.2511543539626087,
      "NMC": 1.573563070858226,
      "NUCLEAR": 2.3194423828125,
      "HERACOMB": 2.5238471934997957,
      "DYE886": 1.7356033325195312,
      "CDF": 2.156826972961426,
      "D0": 5.692664718627929,
      "ATLAS": 2.720643310546875,
      "CMS": 2.881889718477843,
      "LHCb": 3.2015488147735596,
      "total": 2.487459182739258
    }
  },
  "4100": {
    "training_loss": 7881.9306640625,
    "validation_loss": [
      2927.541015625
    ],
    "validation_chi2s": {
      "DEUTERON": 2.235070072003265,
      "NMC": 1.5766015146292893,
      "NUCLEAR": 2.315326171875,
      "HERACOMB": 2.5489663516773895,
      "DYE886": 1.9366220994429155,
      "CDF": 2.1227421079363142,
      "D0": 4.913239669799805,
      "ATLAS": 2.7273311941964287,
      "CMS": 2.8961549352427,
      "LHCb": 3.135650873184204,
      "total": 2.488114833831787
    }
  },
  "4200": {
    "training_loss": 7857.5908203125,
    "validation_loss": [
      2926.2802734375
    ],
    "validation_chi2s": {
      "DEUTERON": 2.2160334800606343,
      "NMC": 1.5788043153052236,
      "NUCLEAR": 2.32105322265625,
      "HERACOMB": 2.5389948826210174,
      "DYE886": 1.7795874855735085,
      "CDF": 2.114339828491211,
      "D0": 5.379635620117187,
      "ATLAS": 2.7223775809151785,
      "CMS": 2.8982136210457226,
      "LHCb": 3.248443126678467,
      "total": 2.487103223800659
    }
  },
  "4300": {
    "training_loss": 7841.1943359375,
    "validation_loss": [
      2918.414794921875
    ],
    "validation_chi2s": {
      "DEUTERON": 2.2823369419989894,
      "NMC": 1.5873220107134651,
      "NUCLEAR": 2.3080771484375,
      "HERACOMB": 2.5023384842218137,
      "DYE886": 2.025297511707653,
      "CDF": 2.073522295270647,
      "D0": 4.371517944335937,
      "ATLAS": 2.712185756138393,
      "CMS": 2.934425479075948,
      "LHCb": 3.1250977516174316,
      "total": 2.481173515319824
    }
  },
  "4400": {
    "training_loss": 7850.49267578125,
    "validation_loss": [
      2927.528076171875
    ],
    "validation_chi2s": {
      "DEUTERON": 2.26183201424518,
      "NMC": 1.580885644052543,
      "NUCLEAR": 2.31317626953125,
      "HERACOMB": 2.5287924373851105,
      "DYE886": 2.088490919633345,
      "CDF": 2.090598923819406,
      "D0": 4.555713272094726,
      "ATLAS": 2.7191402762276784,
      "CMS": 2.925416039638832,
      "LHCb": 3.125877618789673,
      "total": 2.488328456878662
    }
  },
  "4500": {
    "training_loss": 7823.77783203125,
    "validation_loss": [
      2927.523193359375
    ],
    "validation_chi2s": {
      "DEUTERON": 2.224132025419776,
      "NMC": 1.5708314484240962,
      "NUCLEAR": 2.315293212890625,
      "HERACOMB": 2.542996475119996,
      "DYE886": 1.7531916878440164,
      "CDF": 2.1763285228184293,
      "D0": 5.741512298583984,
      "ATLAS": 2.732146170479911,
      "CMS": 2.887728581663038,
      "LHCb": 3.143425703048706,
      "total": 2.4884192943573
    }
  },
  "4600": {
    "training_loss": 10882.7265625,
    "validation_loss": [
      3459.8115234375
    ],
    "validation_chi2s": {
      "DEUTERON": 3.253008334790889,
      "NMC": 1.599852767645144,
      "NUCLEAR": 2.55141796875,
      "HERACOMB": 2.6783702576082518,
      "DYE886": 3.2100472883744673,
      "CDF": 4.233939579554966,
      "D0": 4.687000274658203,
      "ATLAS": 3.6809793526785715,
      "CMS": 2.9445900838883197,
      "LHCb": 2.8616042137145996,
      "total": 2.9209136962890625
    }
  },
  "4700": {
    "training_loss": 8248.19921875,
    "validation_loss": [
      3144.0654296875
    ],
    "validation_chi2s": {
      "DEUTERON": 2.9196072858364426,
      "NMC": 1.5856356153301163,
      "NUCLEAR": 2.470275146484375,
      "HERACOMB": 2.4875432432087417,
      "DYE886": 3.2344884005459873,
      "CDF": 1.973885944911412,
      "D0": 3.0750946044921874,
      "ATLAS": 2.882852260044643,
      "CMS": 2.946987464779713,
      "LHCb": 3.275197982788086,
      "total": 2.662440776824951
    }
  },
  "4800": {
    "training_loss": 8181.802734375,
    "validation_loss": [
      3123.081787109375
    ],
    "validation_chi2s": {
      "DEUTERON": 2.82523144774176,
      "NMC": 1.5780195348403032,
      "NUCLEAR": 2.483147705078125,
      "HERACOMB": 2.5244731030433005,
      "DYE886": 2.5989931279962715,
      "CDF": 2.1555750710623607,
      "D0": 3.972800445556641,
      "ATLAS": 2.866385149274554,
      "CMS": 2.914367925925333,
      "LHCb": 3.114187002182007,
      "total": 2.6449368000030518
    }
  },
  "4900": {
    "training_loss": 8174.46533203125,
    "validation_loss": [
      3099.401611328125
    ],
    "validation_chi2s": {
      "DEUTERON": 2.7916639337492226,
      "NMC": 1.5769358616249234,
      "NUCLEAR": 2.464274169921875,
      "HERACOMB": 2.5289597854115606,
      "DYE886": 2.2950973510742188,
      "CDF": 2.2219322749546597,
      "D0": 3.510031890869141,
      "ATLAS": 2.8617049734933038,
      "CMS": 2.9253364938204407,
      "LHCb": 3.0416762828826904,
      "total": 2.6255505084991455
    }
  },
  "5000": {
    "training_loss": 8156.21044921875,
    "validation_loss": [
      3095.818115234375
    ],
    "validation_chi2s": {
      "DEUTERON": 2.749707274175995,
      "NMC": 1.5797478170955883,
      "NUCLEAR": 2.464789794921875,
      "HERACOMB": 2.5437031664879495,
      "DYE886": 2.2469735579057173,
      "CDF": 2.2581018720354353,
      "D0": 3.76507568359375,
      "ATLAS": 2.853950718470982,
      "CMS": 2.929444109807249,
      "LHCb": 3.007835626602173,
      "total": 2.6222822666168213
    }
  },
  "5100": {
    "training_loss": 8146.91943359375,
    "validation_loss": [
      3101.46923828125
    ],
    "validation_chi2s": {
      "DEUTERON": 2.736449891655006,
      "NMC": 1.5773699891333486,
      "NUCLEAR": 2.471712646484375,
      "HERACOMB": 2.5648059720307392,
      "DYE886": 2.2513755451549184,
      "CDF": 2.218508856637137,
      "D0": 3.873884582519531,
      "ATLAS": 2.8440359933035713,
      "CMS": 2.9425719214267416,
      "LHCb": 2.9760196208953857,
      "total": 2.6266684532165527
    }
  },
  "5200": {
    "training_loss": 8151.57861328125,
    "validation_loss": [
      3091.814208984375
    ],
    "validation_chi2s": {
      "DEUTERON": 2.766453377643035,
      "NMC": 1.5673373353247548,
      "NUCLEAR": 2.472548095703125,
      "HERACOMB": 2.5135537939133985,
      "DYE886": 2.2935562133789062,
      "CDF": 2.1905133383614674,
      "D0": 3.8699367523193358,
      "ATLAS": 2.8252338518415177,
      "CMS": 2.9562830690477715,
      "LHCb": 3.0458221435546875,
      "total": 2.619316339492798
    }
  },
  "5300": {
    "training_loss": 8156.5849609375,
    "validation_loss": [
      3092.030029296875
    ],
    "validation_chi2s": {
      "DEUTERON": 2.7589490899992226,
      "NMC": 1.5769829843558518,
      "NUCLEAR": 2.46462646484375,
      "HERACOMB": 2.5406147077971815,
      "DYE886": 2.1540362618186255,
      "CDF": 2.2809579031808034,
      "D0": 3.8569877624511717,
      "ATLAS": 2.8395600237165177,
      "CMS": 2.9383439861360143,
      "LHCb": 2.9875524044036865,
      "total": 2.6203126907348633
    }
  },
  "5400": {
    "training_loss": 8167.23828125,
    "validation_loss": [
      3098.8427734375
    ],
    "validation_chi2s": {
      "DEUTERON": 2.8447162381452116,
      "NMC": 1.5889704087201286,
      "NUCLEAR": 2.441455810546875,
      "HERACOMB": 2.5388223486008985,
      "DYE886": 2.1297872716730293,
      "CDF": 2.2969771793910434,
      "D0": 3.00866641998291,
      "ATLAS": 2.8527694266183037,
      "CMS": 2.960268864866163,
      "LHCb": 2.9961142539978027,
      "total": 2.6270008087158203
    }
  },
  "5500": {
    "training_loss": 8161.1298828125,
    "validation_loss": [
      3093.771728515625
    ],
    "validation_chi2s": {
      "DEUTERON": 2.8608152474930035,
      "NMC": 1.5827409332873774,
      "NUCLEAR": 2.43955126953125,
      "HERACOMB": 2.5127306171492036,
      "DYE886": 2.165888179432262,
      "CDF": 2.1860034125191823,
      "D0": 3.0209712982177734,
      "ATLAS": 2.823243233816964,
      "CMS": 2.990846977859247,
      "LHCb": 3.0492706298828125,
      "total": 2.6226327419281006
    }
  },
  "5600": {
    "training_loss": 8157.83056640625,
    "validation_loss": [
      3103.395751953125
    ],
    "validation_chi2s": {
      "DEUTERON": 2.8749590062383397,
      "NMC": 1.5879902559168197,
      "NUCLEAR": 2.43775830078125,
      "HERACOMB": 2.5315866906658497,
      "DYE886": 2.1772809462113814,
      "CDF": 2.216167449951172,
      "D0": 2.9244190216064454,
      "ATLAS": 2.83388427734375,
      "CMS": 3.0033979572233607,
      "LHCb": 3.0139412879943848,
      "total": 2.631298780441284
    }
  },
  "5700": {
    "training_loss": 8173.6943359375,
    "validation_loss": [
      3088.948974609375
    ],
    "validation_chi2s": {
      "DEUTERON": 2.772810447275342,
      "NMC": 1.5756647446576286,
      "NUCLEAR": 2.457736083984375,
      "HERACOMB": 2.5330401651220384,
      "DYE886": 2.114111293445934,
      "CDF": 2.3645572662353516,
      "D0": 3.9602970123291015,
      "ATLAS": 2.829835205078125,
      "CMS": 2.9310435310738985,
      "LHCb": 3.0170156955718994,
      "total": 2.618415355682373
    }
  },
  "5800": {
    "training_loss": 8171.84912109375,
    "validation_loss": [
      3094.902587890625
    ],
    "validation_chi2s": {
      "DEUTERON": 2.774365780958489,
      "NMC": 1.5711934706744026,
      "NUCLEAR": 2.456865478515625,
      "HERACOMB": 2.534731995825674,
      "DYE886": 2.140671816739169,
      "CDF": 2.347714287894113,
      "D0": 4.117337036132812,
      "ATLAS": 2.8442667061941966,
      "CMS": 2.940371654072746,
      "LHCb": 3.0055198669433594,
      "total": 2.623276948928833
    }
  },
  "5900": {
    "training_loss": 8189.34033203125,
    "validation_loss": [
      3091.80126953125
    ],
    "validation_chi2s": {
      "DEUTERON": 2.7845674581195583,
      "NMC": 1.5669612510531556,
      "NUCLEAR": 2.453836669921875,
      "HERACOMB": 2.5215803158828636,
      "DYE886": 2.108941685069691,
      "CDF": 2.3156637464250838,
      "D0": 3.858540725708008,
      "ATLAS": 2.841189662388393,
      "CMS": 2.954403236264088,
      "LHCb": 3.083427906036377,
      "total": 2.620903730392456
    }
  },
  "6000": {
    "training_loss": 8186.78125,
    "validation_loss": [
      3092.5302734375
    ],
    "validation_chi2s": {
      "DEUTERON": 2.789860208236163,
      "NMC": 1.5689433976715685,
      "NUCLEAR": 2.458914794921875,
      "HERACOMB": 2.53614737317453,
      "DYE886": 2.1493405428799717,
      "CDF": 2.3974821908133372,
      "D0": 3.9324581146240236,
      "ATLAS": 2.8503463309151784,
      "CMS": 2.896422839555584,
      "LHCb": 2.963510513305664,
      "total": 2.6207199096679688
    }
  },
  "6100": {
    "training_loss": 8193.0009765625,
    "validation_loss": [
      3095.2626953125
    ],
    "validation_chi2s": {
      "DEUTERON": 2.7966466495646767,
      "NMC": 1.5721896302466298,
      "NUCLEAR": 2.457426513671875,
      "HERACOMB": 2.532560061785131,
      "DYE886": 2.1086502075195312,
      "CDF": 2.2916292463030135,
      "D0": 3.9178440093994142,
      "ATLAS": 2.824568394252232,
      "CMS": 2.9456957207351433,
      "LHCb": 3.0906238555908203,
      "total": 2.623990297317505
    }
  },
  "6200": {
    "training_loss": 8195.7275390625,
    "validation_loss": [
      3089.139892578125
    ],
    "validation_chi2s": {
      "DEUTERON": 2.8203310231071206,
      "NMC": 1.5668020809397978,
      "NUCLEAR": 2.4632421875,
      "HERACOMB": 2.513970867481107,
      "DYE886": 2.21985539523038,
      "CDF": 2.3142901829310825,
      "D0": 3.9841747283935547,
      "ATLAS": 2.827491978236607,
      "CMS": 2.8956383877113216,
      "LHCb": 2.9455387592315674,
      "total": 2.6182773113250732
    }
  },
  "6300": {
    "training_loss": 8197.7294921875,
    "validation_loss": [
      3096.800048828125
    ],
    "validation_chi2s": {
      "DEUTERON": 2.7996968890897076,
      "NMC": 1.5723190307617188,
      "NUCLEAR": 2.46026708984375,
      "HERACOMB": 2.5377765730315565,
      "DYE886": 2.0618757768110796,
      "CDF": 2.2799269812447682,
      "D0": 3.948267364501953,
      "ATLAS": 2.817364327566964,
      "CMS": 2.927430199795082,
      "LHCb": 3.1825568675994873,
      "total": 2.6253268718719482
    }
  },
  "6400": {
    "training_loss": 8210.6611328125,
    "validation_loss": [
      3101.804931640625
    ],
    "validation_chi2s": {
      "DEUTERON": 2.9272287852728547,
      "NMC": 1.5929276709463083,
      "NUCLEAR": 2.437075927734375,
      "HERACOMB": 2.5169998867059844,
      "DYE886": 2.0702734860506924,
      "CDF": 2.2459215436662947,
      "D0": 2.908380317687988,
      "ATLAS": 2.8283194405691963,
      "CMS": 2.974027039574795,
      "LHCb": 3.0264275074005127,
      "total": 2.631009578704834
    }
  },
  "6500": {
    "training_loss": 8251.0703125,
    "validation_loss": [
      3103.80810546875
    ],
    "validation_chi2s": {
      "DEUTERON": 2.897942538285137,
      "NMC": 1.5924396888882506,
      "NUCLEAR": 2.453203125,
      "HERACOMB": 2.5391923493030024,
      "DYE886": 1.946395527232777,
      "CDF": 2.4421144212995256,
      "D0": 2.9062992095947267,
      "ATLAS": 2.9083693150111607,
      "CMS": 2.881313136366547,
      "LHCb": 2.9010958671569824,
      "total": 2.632902145385742
    }
  },
  "6600": {
    "training_loss": 8249.3935546875,
    "validation_loss": [
      3120.08251953125
    ],
    "validation_chi2s": {
      "DEUTERON": 2.9943073329640857,
      "NMC": 1.5887470619351256,
      "NUCLEAR": 2.4494033203125,
      "HERACOMB": 2.521936354294322,
      "DYE886": 2.1120940121737393,
      "CDF": 2.2910469600132535,
      "D0": 2.435867691040039,
      "ATLAS": 2.8694377790178573,
      "CMS": 2.975255247022285,
      "LHCb": 2.9400429725646973,
      "total": 2.647127151489258
    }
  },
  "6700": {
    "training_loss": 8235.0087890625,
    "validation_loss": [
      3104.98876953125
    ],
    "validation_chi2s": {
      "DEUTERON": 2.8710154063666047,
      "NMC": 1.5796229044596355,
      "NUCLEAR": 2.462132568359375,
      "HERACOMB": 2.5209895115272674,
      "DYE886": 1.9445504275235264,
      "CDF": 2.4601426805768694,
      "D0": 3.221356964111328,
      "ATLAS": 2.856868198939732,
      "CMS": 2.9452734775230534,
      "LHCb": 3.1437740325927734,
      "total": 2.633232593536377
    }
  },
  "6800": {
    "training_loss": 8237.54296875,
    "validation_loss": [
      3114.973388671875
    ],
    "validation_chi2s": {
      "DEUTERON": 2.892150575248756,
      "NMC": 1.589084550446155,
      "NUCLEAR": 2.445547119140625,
      "HERACOMB": 2.5346234888812296,
      "DYE886": 1.8268533186479048,
      "CDF": 2.8118490491594588,
      "D0": 3.4992313385009766,
      "ATLAS": 2.917424839564732,
      "CMS": 2.847788075931737,
      "LHCb": 3.3026251792907715,
      "total": 2.6427524089813232
    }
  },
  "6900": {
    "training_loss": 8271.900390625,
    "validation_loss": [
      3107.033447265625
    ],
    "validation_chi2s": {
      "DEUTERON": 2.866008397951648,
      "NMC": 1.5725794773475796,
      "NUCLEAR": 2.455541748046875,
      "HERACOMB": 2.522857267093035,
      "DYE886": 1.960646542635831,
      "CDF": 2.4570816584995816,
      "D0": 3.1069332122802735,
      "ATLAS": 2.859744349888393,
      "CMS": 2.96566397244813,
      "LHCb": 3.198920726776123,
      "total": 2.634510040283203
    }
  },
  "7000": {
    "training_loss": 7852.67919921875,
    "validation_loss": [
      2940.69384765625
    ],
    "validation_chi2s": {
      "DEUTERON": 2.345680958002954,
      "NMC": 1.5778440587660845,
      "NUCLEAR": 2.32190869140625,
      "HERACOMB": 2.4922601039113563,
      "DYE886": 2.116173657503995,
      "CDF": 2.129337855747768,
      "D0": 4.6666217803955075,
      "ATLAS": 2.7337923758370537,
      "CMS": 2.939603211449795,
      "LHCb": 3.1145012378692627,
      "total": 2.499912738800049
    }
  },
  "7100": {
    "training_loss": 7847.96923828125,
    "validation_loss": [
      2924.904541015625
    ],
    "validation_chi2s": {
      "DEUTERON": 2.3855232504469837,
      "NMC": 1.592946071250766,
      "NUCLEAR": 2.310378662109375,
      "HERACOMB": 2.4461737738715277,
      "DYE886": 1.945674029263583,
      "CDF": 1.9957241330827986,
      "D0": 4.408866119384766,
      "ATLAS": 2.726146240234375,
      "CMS": 2.9461857529937245,
      "LHCb": 3.1240150928497314,
      "total": 2.4865617752075195
    }
  },
  "7200": {
    "training_loss": 7817.74169921875,
    "validation_loss": [
      2915.640869140625
    ],
    "validation_chi2s": {
      "DEUTERON": 2.332656784437189,
      "NMC": 1.5990524291992188,
      "NUCLEAR": 2.309534423828125,
      "HERACOMB": 2.4710457995046977,
      "DYE886": 2.0646792325106533,
      "CDF": 1.9363629477364677,
      "D0": 4.253678894042968,
      "ATLAS": 2.702066650390625,
      "CMS": 2.925933587746542,
      "LHCb": 3.117166042327881,
      "total": 2.4787654876708984
    }
  },
  "7300": {
    "training_loss": 7812.8466796875,
    "validation_loss": [
      2910.59619140625
    ],
    "validation_chi2s": {
      "DEUTERON": 2.2659295684662624,
      "NMC": 1.5639835432464002,
      "NUCLEAR": 2.316255615234375,
      "HERACOMB": 2.505035799313215,
      "DYE886": 1.905540639703924,
      "CDF": 2.072202273777553,
      "D0": 5.053470230102539,
      "ATLAS": 2.7239189801897323,
      "CMS": 2.859291702020364,
      "LHCb": 3.0200445652008057,
      "total": 2.474440813064575
    }
  },
  "7400": {
    "training_loss": 7811.1494140625,
    "validation_loss": [
      2909.021484375
    ],
    "validation_chi2s": {
      "DEUTERON": 2.3085738604341572,
      "NMC": 1.5896700690774357,
      "NUCLEAR": 2.3067392578125,
      "HERACOMB": 2.469308092703227,
      "DYE886": 1.937181992964311,
      "CDF": 1.953066008431571,
      "D0": 4.544852447509766,
      "ATLAS": 2.707437744140625,
      "CMS": 2.90895981085105,
      "LHCb": 3.1519618034362793,
      "total": 2.473371744155884
    }
  },
  "7500": {
    "training_loss": 7825.125,
    "validation_loss": [
      2908.005859375
    ],
    "validation_chi2s": {
      "DEUTERON": 2.2546588650983366,
      "NMC": 1.5649052040249694,
      "NUCLEAR": 2.31787841796875,
      "HERACOMB": 2.5034592572380516,
      "DYE886": 1.821889183738015,
      "CDF": 2.143751553126744,
      "D0": 5.2605541229248045,
      "ATLAS": 2.7391657366071427,
      "CMS": 2.8261913862384733,
      "LHCb": 3.040555238723755,
      "total": 2.4725043773651123
    }
  },
  "7600": {
    "training_loss": 7814.216796875,
    "validation_loss": [
      2911.7607421875
    ],
    "validation_chi2s": {
      "DEUTERON": 2.2288634646591263,
      "NMC": 1.5727957931219363,
      "NUCLEAR": 2.3129560546875,
      "HERACOMB": 2.5344355963414014,
      "DYE886": 1.9817133816805752,
      "CDF": 2.044642993382045,
      "D0": 5.0628101348876955,
      "ATLAS": 2.7209552873883927,
      "CMS": 2.8457586569864244,
      "LHCb": 3.0449962615966797,
      "total": 2.4756107330322266
    }
  },
  "7700": {
    "training_loss": 7804.095703125,
    "validation_loss": [
      2909.55517578125
    ],
    "validation_chi2s": {
      "DEUTERON": 2.3530019883492694,
      "NMC": 1.611118241852405,
      "NUCLEAR": 2.305184814453125,
      "HERACOMB": 2.4425246294806984,
      "DYE886": 1.8980430256236682,
      "CDF": 1.929727418082101,
      "D0": 4.619092559814453,
      "ATLAS": 2.7164059012276787,
      "CMS": 2.900418390993212,
      "LHCb": 3.124497413635254,
      "total": 2.4740569591522217
    }
  },
  "7800": {
    "training_loss": 7796.42919921875,
    "validation_loss": [
      2909.684326171875
    ],
    "validation_chi2s": {
      "DEUTERON": 2.2269713748153763,
      "NMC": 1.5677358589920343,
      "NUCLEAR": 2.3100888671875,
      "HERACOMB": 2.5084641400505516,
      "DYE886": 1.7406347448175603,
      "CDF": 2.1390611103602817,
      "D0": 5.910169982910157,
      "ATLAS": 2.7087601143973212,
      "CMS": 2.861001686971696,
      "LHCb": 3.1673996448516846,
      "total": 2.474055290222168
    }
  },
  "7900": {
    "training_loss": 7812.787109375,
    "validation_loss": [
      2901.278564453125
    ],
    "validation_chi2s": {
      "DEUTERON": 2.240497646047108,
      "NMC": 1.5657490748985141,
      "NUCLEAR": 2.307582275390625,
      "HERACOMB": 2.4908529044755925,
      "DYE886": 1.8410410447554155,
      "CDF": 2.117608206612723,
      "D0": 5.437204742431641,
      "ATLAS": 2.7203566196986606,
      "CMS": 2.8489004666688014,
      "LHCb": 3.081583261489868,
      "total": 2.4670298099517822
    }
  },
  "8000": {
    "training_loss": 7794.28466796875,
    "validation_loss": [
      2919.639892578125
    ],
    "validation_chi2s": {
      "DEUTERON": 2.293258591077814,
      "NMC": 1.5636047662473191,
      "NUCLEAR": 2.311236328125,
      "HERACOMB": 2.505726334316279,
      "DYE886": 1.7475806149569424,
      "CDF": 2.1006574630737305,
      "D0": 5.857932662963867,
      "ATLAS": 2.7013804408482143,
      "CMS": 2.8679922135149845,
      "LHCb": 3.1204075813293457,
      "total": 2.4825432300567627
    }
  },
  "8100": {
    "training_loss": 7780.982421875,
    "validation_loss": [
      2910.873779296875
    ],
    "validation_chi2s": {
      "DEUTERON": 2.3021815665325716,
      "NMC": 1.5843627032111673,
      "NUCLEAR": 2.301695068359375,
      "HERACOMB": 2.4535099602992236,
      "DYE886": 2.0744455510919746,
      "CDF": 2.014519827706473,
      "D0": 4.799152755737305,
      "ATLAS": 2.7034995814732143,
      "CMS": 2.935269965500128,
      "LHCb": 3.1925113201141357,
      "total": 2.4752092361450195
    }
  },
  "8200": {
    "training_loss": 7789.17822265625,
    "validation_loss": [
      2912.927978515625
    ],
    "validation_chi2s": {
      "DEUTERON": 2.237819386951959,
      "NMC": 1.5651212206073837,
      "NUCLEAR": 2.30879150390625,
      "HERACOMB": 2.506200852736928,
      "DYE886": 1.735033555464311,
      "CDF": 2.154141289847238,
      "D0": 6.0173187255859375,
      "ATLAS": 2.713942173549107,
      "CMS": 2.8644779392930326,
      "LHCb": 3.1670620441436768,
      "total": 2.476950168609619
    }
  },
  "8300": {
    "training_loss": 7840.4521484375,
    "validation_loss": [
      2902.11083984375
    ],
    "validation_chi2s": {
      "DEUTERON": 2.27701367430426,
      "NMC": 1.577818328259038,
      "NUCLEAR": 2.304678466796875,
      "HERACOMB": 2.4564256855085786,
      "DYE886": 1.8392500443892046,
      "CDF": 2.217185837881906,
      "D0": 5.119964981079102,
      "ATLAS": 2.7413420758928573,
      "CMS": 2.867091944960297,
      "LHCb": 3.106290340423584,
      "total": 2.4677629470825195
    }
  },
  "8400": {
    "training_loss": 7806.87255859375,
    "validation_loss": [
      2893.5791015625
    ],
    "validation_chi2s": {
      "DEUTERON": 2.2592503182330534,
      "NMC": 1.5681855444814645,
      "NUCLEAR": 2.3004697265625,
      "HERACOMB": 2.476919136795343,
      "DYE886": 1.7567542682994495,
      "CDF": 2.0593844822474887,
      "D0": 5.29474983215332,
      "ATLAS": 2.711524832589286,
      "CMS": 2.843632432280994,
      "LHCb": 3.0926923751831055,
      "total": 2.4605095386505127
    }
  },
  "8500": {
    "training_loss": 7797.1201171875,
    "validation_loss": [
      2901.990966796875
    ],
    "validation_chi2s": {
      "DEUTERON": 2.309718801014459,
      "NMC": 1.5973355162377452,
      "NUCLEAR": 2.2989755859375,
      "HERACOMB": 2.439547071269914,
      "DYE886": 1.9780448566783557,
      "CDF": 2.059445789882115,
      "D0": 4.79481086730957,
      "ATLAS": 2.7188399832589285,
      "CMS": 2.8908198622406505,
      "LHCb": 3.1452341079711914,
      "total": 2.4676601886749268
    }
  },
  "8600": {
    "training_loss": 7785.1171875,
    "validation_loss": [
      2920.90625
    ],
    "validation_chi2s": {
      "DEUTERON": 2.293466596461054,
      "NMC": 1.5655598359949447,
      "NUCLEAR": 2.307122314453125,
      "HERACOMB": 2.509531457439747,
      "DYE886": 1.718964316628196,
      "CDF": 2.152578490121024,
      "D0": 5.890840911865235,
      "ATLAS": 2.7421109444754466,
      "CMS": 2.8355257628393953,
      "LHCb": 3.055143117904663,
      "total": 2.4837493896484375
    }
  },
  "8700": {
    "training_loss": 7808.85546875,
    "validation_loss": [
      2911.18603515625
    ],
    "validation_chi2s": {
      "DEUTERON": 2.319471368742226,
      "NMC": 1.5820873484892004,
      "NUCLEAR": 2.30704150390625,
      "HERACOMB": 2.4961380304074754,
      "DYE886": 1.8174429806795986,
      "CDF": 1.962825093950544,
      "D0": 4.920385360717773,
      "ATLAS": 2.715131138392857,
      "CMS": 2.863161430984247,
      "LHCb": 3.0089762210845947,
      "total": 2.4754652976989746
    }
  },
  "8800": {
    "training_loss": 7783.080078125,
    "validation_loss": [
      2931.473388671875
    ],
    "validation_chi2s": {
      "DEUTERON": 2.3466692113164647,
      "NMC": 1.5530277326995252,
      "NUCLEAR": 2.303812744140625,
      "HERACOMB": 2.5238836949167687,
      "DYE886": 1.7278555089777166,
      "CDF": 2.0965584346226285,
      "D0": 5.631093215942383,
      "ATLAS": 2.716706717354911,
      "CMS": 2.8639966620773567,
      "LHCb": 3.0743086338043213,
      "total": 2.4926493167877197
    }
  },
  "8900": {
    "training_loss": 7786.88134765625,
    "validation_loss": [
      2899.9892578125
    ],
    "validation_chi2s": {
      "DEUTERON": 2.284493213862329,
      "NMC": 1.5982006297392004,
      "NUCLEAR": 2.29837744140625,
      "HERACOMB": 2.451669730392157,
      "DYE886": 2.0938493555242363,
      "CDF": 1.9753995622907365,
      "D0": 4.352120590209961,
      "ATLAS": 2.7201231166294644,
      "CMS": 2.9116426061411373,
      "LHCb": 3.119373321533203,
      "total": 2.4659626483917236
    }
  },
  "9000": {
    "training_loss": 7782.916015625,
    "validation_loss": [
      2903.2177734375
    ],
    "validation_chi2s": {
      "DEUTERON": 2.3089631493411846,
      "NMC": 1.5578034344841452,
      "NUCLEAR": 2.301726318359375,
      "HERACOMB": 2.4732841541564543,
      "DYE886": 1.837702144276012,
      "CDF": 1.950080326625279,
      "D0": 4.9641578674316404,
      "ATLAS": 2.6758872767857143,
      "CMS": 2.912435813028304,
      "LHCb": 3.1270859241485596,
      "total": 2.468700647354126
    }
  },
  "9100": {
    "training_loss": 7815.18212890625,
    "validation_loss": [
      2897.75634765625
    ],
    "validation_chi2s": {
      "DEUTERON": 2.3210812089455066,
      "NMC": 1.5708912868125766,
      "NUCLEAR": 2.29826318359375,
      "HERACOMB": 2.449630438112745,
      "DYE886": 1.7559783241965554,
      "CDF": 2.031140463692801,
      "D0": 5.05456428527832,
      "ATLAS": 2.6808724539620536,
      "CMS": 2.891901485255507,
      "LHCb": 3.1740641593933105,
      "total": 2.4640607833862305
    }
  },
  "9200": {
    "training_loss": 7775.52587890625,
    "validation_loss": [
      2903.31103515625
    ],
    "validation_chi2s": {
      "DEUTERON": 2.2611490885416665,
      "NMC": 1.5598892511106004,
      "NUCLEAR": 2.30337548828125,
      "HERACOMB": 2.486440621170343,
      "DYE886": 1.8093594637784092,
      "CDF": 2.0968990325927734,
      "D0": 5.219950866699219,
      "ATLAS": 2.6931619698660714,
      "CMS": 2.905086079581839,
      "LHCb": 3.129042863845825,
      "total": 2.4687728881835938
    }
  },
  "9300": {
    "training_loss": 7794.8193359375,
    "validation_loss": [
      2899.832763671875
    ],
    "validation_chi2s": {
      "DEUTERON": 2.2925424148787314,
      "NMC": 1.5633395325903798,
      "NUCLEAR": 2.30078466796875,
      "HERACOMB": 2.4816176470588234,
      "DYE886": 1.91859262639826,
      "CDF": 1.870448384966169,
      "D0": 4.2067817687988285,
      "ATLAS": 2.738550502232143,
      "CMS": 2.890010395988089,
      "LHCb": 2.983819007873535,
      "total": 2.465801239013672
    }
  },
  "9400": {
    "training_loss": 7843.97216796875,
    "validation_loss": [
      2926.445556640625
    ],
    "validation_chi2s": {
      "DEUTERON": 2.202427498736785,
      "NMC": 1.605585584453508,
      "NUCLEAR": 2.318589599609375,
      "HERACOMB": 2.537136102813521,
      "DYE886": 2.293636668812145,
      "CDF": 2.401557377406529,
      "D0": 4.1903564453125,
      "ATLAS": 2.8504493931361607,
      "CMS": 2.811898903768571,
      "LHCb": 2.959956169128418,
      "total": 2.488399028778076
    }
  },
  "9500": {
    "training_loss": 7790.95947265625,
    "validation_loss": [
      2895.428466796875
    ],
    "validation_chi2s": {
      "DEUTERON": 2.257448566493703,
      "NMC": 1.5555101282456343,
      "NUCLEAR": 2.300702880859375,
      "HERACOMB": 2.472781112770629,
      "DYE886": 1.805748852816495,
      "CDF": 2.1138384682791576,
      "D0": 4.975848770141601,
      "ATLAS": 2.7115973772321427,
      "CMS": 2.882392007796491,
      "LHCb": 3.1251113414764404,
      "total": 2.4620678424835205
    }
  },
  "9600": {
    "training_loss": 7787.974609375,
    "validation_loss": [
      2906.196044921875
    ],
    "validation_chi2s": {
      "DEUTERON": 2.2606957279034514,
      "NMC": 1.5488523595473345,
      "NUCLEAR": 2.3078818359375,
      "HERACOMB": 2.514764324512357,
      "DYE886": 1.7468700408935547,
      "CDF": 2.105074882507324,
      "D0": 5.151714324951172,
      "ATLAS": 2.724584437779018,
      "CMS": 2.8450077244492826,
      "LHCb": 3.049572467803955,
      "total": 2.4711248874664307
    }
  },
  "9700": {
    "training_loss": 7820.59130859375,
    "validation_loss": [
      2896.27294921875
    ],
    "validation_chi2s": {
      "DEUTERON": 2.3081754618023167,
      "NMC": 1.571872636383655,
      "NUCLEAR": 2.301862548828125,
      "HERACOMB": 2.4509135726230595,
      "DYE886": 1.755175157026811,
      "CDF": 1.9801737921578544,
      "D0": 4.910057067871094,
      "ATLAS": 2.681506870814732,
      "CMS": 2.893641987784964,
      "LHCb": 3.213468313217163,
      "total": 2.462796688079834
    }
  },
  "9800": {
    "training_loss": 7782.40771484375,
    "validation_loss": [
      2916.384765625
    ],
    "validation_chi2s": {
      "DEUTERON": 2.292478191318797,
      "NMC": 1.5573889040479474,
      "NUCLEAR": 2.306189697265625,
      "HERACOMB": 2.518411873212827,
      "DYE886": 1.7053356170654297,
      "CDF": 2.1382177897862027,
      "D0": 5.5404399871826175,
      "ATLAS": 2.743684605189732,
      "CMS": 2.828832657610784,
      "LHCb": 2.994432210922241,
      "total": 2.4799065589904785
    }
  },
  "9900": {
    "training_loss": 7790.07470703125,
    "validation_loss": [
      2902.846435546875
    ],
    "validation_chi2s": {
      "DEUTERON": 2.284152054668066,
      "NMC": 1.5583104152305454,
      "NUCLEAR": 2.301882568359375,
      "HERACOMB": 2.4847067041334765,
      "DYE886": 1.817295941439542,
      "CDF": 2.0915768487112865,
      "D0": 4.889217758178711,
      "ATLAS": 2.7098697335379462,
      "CMS": 2.891515763079534,
      "LHCb": 3.060298442840576,
      "total": 2.4683797359466553
    }
  },
  "10000": {
    "training_loss": 7785.814453125,
    "validation_loss": [
      2899.72607421875
    ],
    "validation_chi2s": {
      "DEUTERON": 2.213983640148865,
      "NMC": 1.5637423945408242,
      "NUCLEAR": 2.305341796875,
      "HERACOMB": 2.5097855711294934,
      "DYE886": 1.7494257146661931,
      "CDF": 2.1643149512154713,
      "D0": 5.367282104492188,
      "ATLAS": 2.7208009556361605,
      "CMS": 2.858267612144595,
      "LHCb": 3.076463222503662,
      "total": 2.465729236602783
    }
  },
  "10100": {
    "training_loss": 7785.48779296875,
    "validation_loss": [
      2898.8056640625
    ],
    "validation_chi2s": {
      "DEUTERON": 2.275521197722326,
      "NMC": 1.5750612745098038,
      "NUCLEAR": 2.300869384765625,
      "HERACOMB": 2.4812883364608864,
      "DYE886": 2.0150186365300957,
      "CDF": 1.9990718024117606,
      "D0": 4.326215362548828,
      "ATLAS": 2.7140689522879464,
      "CMS": 2.8973506239594005,
      "LHCb": 3.0177571773529053,
      "total": 2.4649598598480225
    }
  },
  "10200": {
    "training_loss": 7799.939453125,
    "validation_loss": [
      2895.33984375
    ],
    "validation_chi2s": {
      "DEUTERON": 2.2343631573577425,
      "NMC": 1.5584751203948377,
      "NUCLEAR": 2.306967041015625,
      "HERACOMB": 2.4930828817529616,
      "DYE886": 1.7964217446067117,
      "CDF": 2.069605691092355,
      "D0": 5.026823043823242,
      "ATLAS": 2.715363943917411,
      "CMS": 2.8635624119492826,
      "LHCb": 3.0714616775512695,
      "total": 2.462007761001587
    }
  },
  "10300": {
    "training_loss": 7782.22412109375,
    "validation_loss": [
      2906.467041015625
    ],
    "validation_chi2s": {
      "DEUTERON": 2.217636184312811,
      "NMC": 1.5593747905656403,
      "NUCLEAR": 2.3067529296875,
      "HERACOMB": 2.5284597359451593,
      "DYE886": 1.735164468938654,
      "CDF": 2.1302381243024553,
      "D0": 5.3393901824951175,
      "ATLAS": 2.7388607352120538,
      "CMS": 2.8481557877337345,
      "LHCb": 3.045081615447998,
      "total": 2.4714009761810303
    }
  },
  "10400": {
    "training_loss": 7784.88623046875,
    "validation_loss": [
      2914.154541015625
    ],
    "validation_chi2s": {
      "DEUTERON": 2.2977704859491603,
      "NMC": 1.5574702842562806,
      "NUCLEAR": 2.3084912109375,
      "HERACOMB": 2.5174273322610294,
      "DYE886": 1.7649118250066584,
      "CDF": 2.0936100823538646,
      "D0": 5.214219665527343,
      "ATLAS": 2.7184073311941965,
      "CMS": 2.8551700779649076,
      "LHCb": 2.9858803749084473,
      "total": 2.477860689163208
    }
  },
  "10500": {
    "training_loss": 7789.93115234375,
    "validation_loss": [
      2894.876953125
    ],
    "validation_chi2s": {
      "DEUTERON": 2.2417968446342504,
      "NMC": 1.582614075903799,
      "NUCLEAR": 2.302771484375,
      "HERACOMB": 2.4829169379340277,
      "DYE886": 2.0049013658003374,
      "CDF": 2.0811459677559987,
      "D0": 4.468587112426758,
      "ATLAS": 2.7524684361049108,
      "CMS": 2.8359222412109375,
      "LHCb": 3.032318115234375,
      "total": 2.4615986347198486
    }
  },
  "10600": {
    "training_loss": 7776.3935546875,
    "validation_loss": [
      2899.271728515625
    ],
    "validation_chi2s": {
      "DEUTERON": 2.2902771299751246,
      "NMC": 1.5907402786554075,
      "NUCLEAR": 2.30302685546875,
      "HERACOMB": 2.4701117222605187,
      "DYE886": 2.0604997114701704,
      "CDF": 1.946798869541713,
      "D0": 4.033610153198242,
      "ATLAS": 2.714931117466518,
      "CMS": 2.9116323502337345,
      "LHCb": 3.0168774127960205,
      "total": 2.4653499126434326
    }
  },
  "10700": {
    "training_loss": 7806.015625,
    "validation_loss": [
      2899.558349609375
    ],
    "validation_chi2s": {
      "DEUTERON": 2.2744046491176926,
      "NMC": 1.5768443088905484,
      "NUCLEAR": 2.3028203125,
      "HERACOMB": 2.4933912489149304,
      "DYE886": 2.1445494565096768,
      "CDF": 1.873406273978097,
      "D0": 3.975363540649414,
      "ATLAS": 2.7109964425223216,
      "CMS": 2.8994003045754355,
      "LHCb": 2.9706451892852783,
      "total": 2.4655754566192627
    }
  },
  "10800": {
    "training_loss": 7782.03759765625,
    "validation_loss": [
      2891.6982421875
    ],
    "validation_chi2s": {
      "DEUTERON": 2.2693728926169934,
      "NMC": 1.5849410412358302,
      "NUCLEAR": 2.302716064453125,
      "HERACOMB": 2.480764950022978,
      "DYE886": 1.9956219413063743,
      "CDF": 1.9506285531180245,
      "D0": 4.106099319458008,
      "ATLAS": 2.7155039760044644,
      "CMS": 2.874272080718494,
      "LHCb": 2.982266902923584,
      "total": 2.4589242935180664
    }
  },
  "10900": {
    "training_loss": 7775.81005859375,
    "validation_loss": [
      2898.62451171875
    ],
    "validation_chi2s": {
      "DEUTERON": 2.212268886281483,
      "NMC": 1.5656868429744946,
      "NUCLEAR": 2.310964111328125,
      "HERACOMB": 2.5181196624157476,
      "DYE886": 1.7371543537486682,
      "CDF": 2.106476511274065,
      "D0": 5.187835693359375,
      "ATLAS": 2.755255126953125,
      "CMS": 2.809233118276127,
      "LHCb": 3.002591848373413,
      "total": 2.4648146629333496
    }
  },
  "11000": {
    "training_loss": 7784.9892578125,
    "validation_loss": [
      2893.0888671875
    ],
    "validation_chi2s": {
      "DEUTERON": 2.209536576152441,
      "NMC": 1.5682441861021752,
      "NUCLEAR": 2.31238916015625,
      "HERACOMB": 2.5026237138735703,
      "DYE886": 1.7988413030450994,
      "CDF": 2.139016696384975,
      "D0": 4.828155899047852,
      "ATLAS": 2.747410191127232,
      "CMS": 2.8207782682825306,
      "LHCb": 3.039311408996582,
      "total": 2.460048198699951
    }
  },
  "11100": {
    "training_loss": 7894.07763671875,
    "validation_loss": [
      2900.324951171875
    ],
    "validation_chi2s": {
      "DEUTERON": 2.3096495671058768,
      "NMC": 1.5712470260320925,
      "NUCLEAR": 2.30468017578125,
      "HERACOMB": 2.464513841018178,
      "DYE886": 1.7823812311345881,
      "CDF": 2.0277881622314453,
      "D0": 4.82435188293457,
      "ATLAS": 2.6986774553571427,
      "CMS": 2.8863050116867317,
      "LHCb": 3.111889362335205,
      "total": 2.4662528038024902
    }
  },
  "11200": {
    "training_loss": 7785.56689453125,
    "validation_loss": [
      2903.098876953125
    ],
    "validation_chi2s": {
      "DEUTERON": 2.2646648350046643,
      "NMC": 1.5834929522346048,
      "NUCLEAR": 2.304595947265625,
      "HERACOMB": 2.478265301074857,
      "DYE886": 2.1688737002286045,
      "CDF": 2.0170966557094028,
      "D0": 4.1826019287109375,
      "ATLAS": 2.7386104910714284,
      "CMS": 2.8897542484471055,
      "LHCb": 3.0365281105041504,
      "total": 2.468614339828491
    }
  },
  "11300": {
    "training_loss": 7779.525390625,
    "validation_loss": [
      2911.87548828125
    ],
    "validation_chi2s": {
      "DEUTERON": 2.29557959713153,
      "NMC": 1.5590018478094363,
      "NUCLEAR": 2.309492431640625,
      "HERACOMB": 2.5084058973524304,
      "DYE886": 1.7041034698486328,
      "CDF": 2.1471740177699496,
      "D0": 5.383047103881836,
      "ATLAS": 2.7463180106026788,
      "CMS": 2.816192626953125,
      "LHCb": 2.9836676120758057,
      "total": 2.4760844707489014
    }
  },
  "11400": {
    "training_loss": 7795.96484375,
    "validation_loss": [
      2886.675048828125
    ],
    "validation_chi2s": {
      "DEUTERON": 2.278558835461365,
      "NMC": 1.5731307385014552,
      "NUCLEAR": 2.302084716796875,
      "HERACOMB": 2.4487422369664014,
      "DYE886": 1.7854395779696377,
      "CDF": 2.058873040335519,
      "D0": 4.802101898193359,
      "ATLAS": 2.7142829241071427,
      "CMS": 2.859593375784452,
      "LHCb": 3.0636117458343506,
      "total": 2.454655170440674
    }
  },
  "11500": {
    "training_loss": 7961.43310546875,
    "validation_loss": [
      2913.921875
    ],
    "validation_chi2s": {
      "DEUTERON": 2.3215148318466263,
      "NMC": 1.5803209192612593,
      "NUCLEAR": 2.306938232421875,
      "HERACOMB": 2.4634527069291257,
      "DYE886": 2.3068322268399326,
      "CDF": 1.8253325053623743,
      "D0": 3.99493293762207,
      "ATLAS": 2.703852015904018,
      "CMS": 2.984226664558786,
      "LHCb": 2.981123685836792,
      "total": 2.477801561355591
    }
  },
  "11600": {
    "training_loss": 7768.634765625,
    "validation_loss": [
      2922.02001953125
    ],
    "validation_chi2s": {
      "DEUTERON": 2.2864897618839395,
      "NMC": 1.5596859501857383,
      "NUCLEAR": 2.314116943359375,
      "HERACOMB": 2.5312811159620097,
      "DYE886": 1.7066983309659092,
      "CDF": 2.128098487854004,
      "D0": 5.507901382446289,
      "ATLAS": 2.762208251953125,
      "CMS": 2.8163041912141393,
      "LHCb": 2.977449655532837,
      "total": 2.4846994876861572
    }
  },
  "11700": {
    "training_loss": 7772.0107421875,
    "validation_loss": [
      2911.689453125
    ],
    "validation_chi2s": {
      "DEUTERON": 2.3063664222831157,
      "NMC": 1.5572403552485448,
      "NUCLEAR": 2.307567626953125,
      "HERACOMB": 2.5084116817299837,
      "DYE886": 1.7581067518754439,
      "CDF": 1.9361513682774134,
      "D0": 5.312537384033203,
      "ATLAS": 2.706932373046875,
      "CMS": 2.863344286308914,
      "LHCb": 2.992509603500366,
      "total": 2.47586989402771
    }
  },
  "11800": {
    "training_loss": 7832.98095703125,
    "validation_loss": [
      2892.8408203125
    ],
    "validation_chi2s": {
      "DEUTERON": 2.295625449413091,
      "NMC": 1.5760895972158395,
      "NUCLEAR": 2.304941162109375,
      "HERACOMB": 2.4595289043351714,
      "DYE886": 1.7948542508212002,
      "CDF": 1.9981320244925362,
      "D0": 4.908438110351563,
      "ATLAS": 2.70174072265625,
      "CMS": 2.862394239081711,
      "LHCb": 3.050422430038452,
      "total": 2.4598987102508545
    }
  },
  "11900": {
    "training_loss": 7791.15283203125,
    "validation_loss": [
      2902.2919921875
    ],
    "validation_chi2s": {
      "DEUTERON": 2.2684930450287624,
      "NMC": 1.5924081241383272,
      "NUCLEAR": 2.309259521484375,
      "HERACOMB": 2.4643081964231004,
      "DYE886": 2.075694517655806,
      "CDF": 2.0759102957589284,
      "D0": 3.9622177124023437,
      "ATLAS": 2.786558314732143,
      "CMS": 2.864592755427126,
      "LHCb": 3.0241241455078125,
      "total": 2.46793532371521
    }
  },
  "12000": {
    "training_loss": 7776.3896484375,
    "validation_loss": [
      2893.56494140625
    ],
    "validation_chi2s": {
      "DEUTERON": 2.252957472160681,
      "NMC": 1.567984188304228,
      "NUCLEAR": 2.306794677734375,
      "HERACOMB": 2.4875899171517566,
      "DYE886": 1.8271189602938565,
      "CDF": 2.068835667201451,
      "D0": 4.70382080078125,
      "ATLAS": 2.755492466517857,
      "CMS": 2.827509395411757,
      "LHCb": 2.9358737468719482,
      "total": 2.4604971408843994
    }
  },
  "12100": {
    "training_loss": 7774.2353515625,
    "validation_loss": [
      2900.460205078125
    ],
    "validation_chi2s": {
      "DEUTERON": 2.265740086190143,
      "NMC": 1.5959385890586704,
      "NUCLEAR": 2.307633544921875,
      "HERACOMB": 2.4767864950342116,
      "DYE886": 2.1252782995050605,
      "CDF": 1.9662877491542272,
      "D0": 4.070257949829101,
      "ATLAS": 2.7316871861049106,
      "CMS": 2.8853064365074284,
      "LHCb": 3.049164056777954,
      "total": 2.4663779735565186
    }
  },
  "12200": {
    "training_loss": 7807.84912109375,
    "validation_loss": [
      2894.008056640625
    ],
    "validation_chi2s": {
      "DEUTERON": 2.2311812823091572,
      "NMC": 1.5746741201363357,
      "NUCLEAR": 2.30917919921875,
      "HERACOMB": 2.5005816291360294,
      "DYE886": 1.918095675381747,
      "CDF": 2.132378714425223,
      "D0": 4.522287368774414,
      "ATLAS": 2.7550863211495535,
      "CMS": 2.808539969022157,
      "LHCb": 2.988069772720337,
      "total": 2.460881233215332
    }
  },
  "12300": {
    "training_loss": 7768.8837890625,
    "validation_loss": [
      2905.43505859375
    ],
    "validation_chi2s": {
      "DEUTERON": 2.218871766655006,
      "NMC": 1.559728136249617,
      "NUCLEAR": 2.31265380859375,
      "HERACOMB": 2.5587104348575367,
      "DYE886": 1.7528953552246094,
      "CDF": 2.0201756613595143,
      "D0": 5.0281005859375,
      "ATLAS": 2.7397609165736605,
      "CMS": 2.8034292752625514,
      "LHCb": 2.9342470169067383,
      "total": 2.4702606201171875
    }
  },
  "12400": {
    "training_loss": 7764.09326171875,
    "validation_loss": [
      2900.36669921875
    ],
    "validation_chi2s": {
      "DEUTERON": 2.2720912345013216,
      "NMC": 1.562440460803462,
      "NUCLEAR": 2.30696142578125,
      "HERACOMB": 2.4869161368974675,
      "DYE886": 2.0170907107266514,
      "CDF": 1.9178927285330636,
      "D0": 4.485325622558594,
      "ATLAS": 2.7112407575334823,
      "CMS": 2.894385415999616,
      "LHCb": 2.9944703578948975,
      "total": 2.4661319255828857
    }
  },
  "12500": {
    "training_loss": 7918.205078125,
    "validation_loss": [
      2893.31982421875
    ],
    "validation_chi2s": {
      "DEUTERON": 2.2367921136504973,
      "NMC": 1.561441608503753,
      "NUCLEAR": 2.3081123046875,
      "HERACOMB": 2.482810226141238,
      "DYE886": 1.8771254799582742,
      "CDF": 2.040719985961914,
      "D0": 4.566376495361328,
      "ATLAS": 2.7294491141183035,
      "CMS": 2.8760183365618595,
      "LHCb": 3.048419237136841,
      "total": 2.460305690765381
    }
  },
  "12600": {
    "training_loss": 7777.1083984375,
    "validation_loss": [
      2904.427734375
    ],
    "validation_chi2s": {
      "DEUTERON": 2.2297633536419466,
      "NMC": 1.5665495629404105,
      "NUCLEAR": 2.3147548828125,
      "HERACOMB": 2.5137309155433005,
      "DYE886": 1.7765057303688743,
      "CDF": 2.082467351640974,
      "D0": 4.954140090942383,
      "ATLAS": 2.73972412109375,
      "CMS": 2.8593039590804303,
      "LHCb": 3.0278308391571045,
      "total": 2.469682216644287
    }
  },
  "12700": {
    "training_loss": 7827.419921875,
    "validation_loss": [
      2898.23095703125
    ],
    "validation_chi2s": {
      "DEUTERON": 2.333526914985619,
      "NMC": 1.5700801774567248,
      "NUCLEAR": 2.308608642578125,
      "HERACOMB": 2.4581528208614176,
      "DYE886": 1.7718493721701882,
      "CDF": 2.000058855329241,
      "D0": 4.595323181152343,
      "ATLAS": 2.704185616629464,
      "CMS": 2.8724547839555585,
      "LHCb": 3.036386251449585,
      "total": 2.4644815921783447
    }
  },
  "12800": {
    "training_loss": 7797.25146484375,
    "validation_loss": [
      2888.30224609375
    ],
    "validation_chi2s": {
      "DEUTERON": 2.242510287915889,
      "NMC": 1.5766257491766238,
      "NUCLEAR": 2.313040771484375,
      "HERACOMB": 2.477432550168505,
      "DYE886": 1.8228470195423474,
      "CDF": 2.114968844822475,
      "D0": 4.451827621459961,
      "ATLAS": 2.7442606026785716,
      "CMS": 2.8335191070056354,
      "LHCb": 2.981919050216675,
      "total": 2.4560282230377197
    }
  },
  "12900": {
    "training_loss": 7900.4990234375,
    "validation_loss": [
      2896.962158203125
    ],
    "validation_chi2s": {
      "DEUTERON": 2.2902405392471237,
      "NMC": 1.5675638236251532,
      "NUCLEAR": 2.307508544921875,
      "HERACOMB": 2.4842094471252043,
      "DYE886": 1.792666868730025,
      "CDF": 1.9255613599504744,
      "D0": 4.6709739685058596,
      "ATLAS": 2.7472855050223215,
      "CMS": 2.832951279937244,
      "LHCb": 2.925276041030884,
      "total": 2.463402032852173
    }
  },
  "13000": {
    "training_loss": 7783.32470703125,
    "validation_loss": [
      2906.9267578125
    ],
    "validation_chi2s": {
      "DEUTERON": 2.2902464605682527,
      "NMC": 1.5713870478611367,
      "NUCLEAR": 2.308619384765625,
      "HERACOMB": 2.4753657322303924,
      "DYE886": 1.959010210904208,
      "CDF": 1.8172642844063895,
      "D0": 3.8462486267089844,
      "ATLAS": 2.775814208984375,
      "CMS": 2.886557907354636,
      "LHCb": 3.1128954887390137,
      "total": 2.471869945526123
    }
  },
  "13100": {
    "training_loss": 7773.271484375,
    "validation_loss": [
      2903.87255859375
    ],
    "validation_chi2s": {
      "DEUTERON": 2.243927153781872,
      "NMC": 1.55486686556947,
      "NUCLEAR": 2.31178173828125,
      "HERACOMB": 2.528275234247345,
      "DYE886": 1.7470677115700461,
      "CDF": 2.0274340765816823,
      "D0": 4.597270584106445,
      "ATLAS": 2.7843807547433035,
      "CMS": 2.812343409804047,
      "LHCb": 2.9053761959075928,
      "total": 2.4692771434783936
    }
  },
  "13200": {
    "training_loss": 7771.3984375,
    "validation_loss": [
      2929.31689453125
    ],
    "validation_chi2s": {
      "DEUTERON": 2.2972421219099814,
      "NMC": 1.5514680451037837,
      "NUCLEAR": 2.312287841796875,
      "HERACOMB": 2.5422076056985294,
      "DYE886": 1.7059657356955789,
      "CDF": 2.0597099576677596,
      "D0": 4.957988739013672,
      "ATLAS": 2.8197964913504463,
      "CMS": 2.821805860175461,
      "LHCb": 2.91253399848938,
      "total": 2.490912437438965
    }
  },
  "13300": {
    "training_loss": 7812.3173828125,
    "validation_loss": [
      2937.853515625
    ],
    "validation_chi2s": {
      "DEUTERON": 2.406797798118781,
      "NMC": 1.6606496175130208,
      "NUCLEAR": 2.3031591796875,
      "HERACOMB": 2.4628429537505108,
      "DYE886": 2.5028709064830434,
      "CDF": 1.8949462345668249,
      "D0": 3.378165054321289,
      "ATLAS": 2.779088134765625,
      "CMS": 2.9305645051549694,
      "LHCb": 2.9370288848876953,
      "total": 2.4981653690338135
    }
  },
  "13400": {
    "training_loss": 7778.98828125,
    "validation_loss": [
      2901.514892578125
    ],
    "validation_chi2s": {
      "DEUTERON": 2.3120584820040424,
      "NMC": 1.593298968146829,
      "NUCLEAR": 2.308995849609375,
      "HERACOMB": 2.48213245666105,
      "DYE886": 1.7766562375155361,
      "CDF": 1.9618046624319894,
      "D0": 4.32657470703125,
      "ATLAS": 2.7119142368861606,
      "CMS": 2.8813904308881915,
      "LHCb": 3.016530990600586,
      "total": 2.467255115509033
    }
  },
  "13500": {
    "training_loss": 7782.990234375,
    "validation_loss": [
      2906.978515625
    ],
    "validation_chi2s": {
      "DEUTERON": 2.283447569282494,
      "NMC": 1.5623288622089462,
      "NUCLEAR": 2.312529052734375,
      "HERACOMB": 2.503806120429943,
      "DYE886": 1.7650472467595881,
      "CDF": 1.9607339586530412,
      "D0": 4.746473693847657,
      "ATLAS": 2.747685546875,
      "CMS": 2.858704864001665,
      "LHCb": 2.9467365741729736,
      "total": 2.471829891204834
    }
  },
  "13600": {
    "training_loss": 7779.00244140625,
    "validation_loss": [
      2901.02880859375
    ],
    "validation_chi2s": {
      "DEUTERON": 2.237738917716107,
      "NMC": 1.5649307849360448,
      "NUCLEAR": 2.308199462890625,
      "HERACOMB": 2.506151984719669,
      "DYE886": 1.736753983931108,
      "CDF": 2.1215927941458568,
      "D0": 4.885185623168946,
      "ATLAS": 2.7567027064732144,
      "CMS": 2.8487688908811477,
      "LHCb": 2.987974166870117,
      "total": 2.4668612480163574
    }
  },
  "13700": {
    "training_loss": 7774.4482421875,
    "validation_loss": [
      2906.6328125
    ],
    "validation_chi2s": {
      "DEUTERON": 2.2453666421311413,
      "NMC": 1.5946505677466298,
      "NUCLEAR": 2.3155087890625,
      "HERACOMB": 2.484169953788807,
      "DYE886": 2.2345034859397193,
      "CDF": 1.9731298174176897,
      "D0": 3.6293460845947267,
      "ATLAS": 2.773636474609375,
      "CMS": 2.8919807809298157,
      "LHCb": 3.046292543411255,
      "total": 2.4716265201568604
    }
  },
  "13800": {
    "training_loss": 7783.43359375,
    "validation_loss": [
      2894.08447265625
    ],
    "validation_chi2s": {
      "DEUTERON": 2.243067954903218,
      "NMC": 1.5778207217945772,
      "NUCLEAR": 2.3096123046875,
      "HERACOMB": 2.4898456249361725,
      "DYE886": 2.0057138963179155,
      "CDF": 2.000102996826172,
      "D0": 3.828203582763672,
      "ATLAS": 2.749132080078125,
      "CMS": 2.8746790651415215,
      "LHCb": 2.9764227867126465,
      "total": 2.46095609664917
    }
  },
  "13900": {
    "training_loss": 7994.25,
    "validation_loss": [
      2920.2451171875
    ],
    "validation_chi2s": {
      "DEUTERON": 2.3857915318427394,
      "NMC": 1.56189338833678,
      "NUCLEAR": 2.298357421875,
      "HERACOMB": 2.4695905298968546,
      "DYE886": 1.7204988653009587,
      "CDF": 1.903881617954799,
      "D0": 4.721642303466797,
      "ATLAS": 2.7254378836495534,
      "CMS": 2.926604224033043,
      "LHCb": 3.0721535682678223,
      "total": 2.4831507205963135
    }
  },
  "14000": {
    "training_loss": 7823.96142578125,
    "validation_loss": [
      2893.68115234375
    ],
    "validation_chi2s": {
      "DEUTERON": 2.1958127757210044,
      "NMC": 1.58651299570121,
      "NUCLEAR": 2.305909423828125,
      "HERACOMB": 2.4834299523845997,
      "DYE886": 1.802983197298917,
      "CDF": 2.2652036121913364,
      "D0": 4.4042407989501955,
      "ATLAS": 2.825845424107143,
      "CMS": 2.828043202884862,
      "LHCb": 2.99661922454834,
      "total": 2.4606103897094727
    }
  },
  "14100": {
    "training_loss": 7788.2158203125,
    "validation_loss": [
      2899.943359375
    ],
    "validation_chi2s": {
      "DEUTERON": 2.216579152576959,
      "NMC": 1.566413580202589,
      "NUCLEAR": 2.310190673828125,
      "HERACOMB": 2.5056497411790235,
      "DYE886": 1.744518973610618,
      "CDF": 2.0567096982683455,
      "D0": 4.883050918579102,
      "ATLAS": 2.7624701799665177,
      "CMS": 2.854460669345543,
      "LHCb": 3.030121088027954,
      "total": 2.4659383296966553
    }
  },
  "14200": {
    "training_loss": 7786.44140625,
    "validation_loss": [
      2908.0302734375
    ],
    "validation_chi2s": {
      "DEUTERON": 2.2725362445584576,
      "NMC": 1.567133436016008,
      "NUCLEAR": 2.307863037109375,
      "HERACOMB": 2.4792468501072302,
      "DYE886": 2.230397657914595,
      "CDF": 1.778890745980399,
      "D0": 3.7376781463623048,
      "ATLAS": 2.739640590122768,
      "CMS": 2.9383394835425203,
      "LHCb": 3.090055227279663,
      "total": 2.4728002548217773
    }
  },
  "14300": {
    "training_loss": 7775.48486328125,
    "validation_loss": [
      2910.440185546875
    ],
    "validation_chi2s": {
      "DEUTERON": 2.3154307503012284,
      "NMC": 1.5740838144339768,
      "NUCLEAR": 2.3057529296875,
      "HERACOMB": 2.484768736596201,
      "DYE886": 2.1143403486772017,
      "CDF": 1.8382091522216797,
      "D0": 3.5228271484375,
      "ATLAS": 2.736828090122768,
      "CMS": 2.946750078044954,
      "LHCb": 2.966111898422241,
      "total": 2.4748575687408447
    }
  },
  "14400": {
    "training_loss": 7790.279296875,
    "validation_loss": [
      2896.03466796875
    ],
    "validation_chi2s": {
      "DEUTERON": 2.2445364425431436,
      "NMC": 1.5718937294155944,
      "NUCLEAR": 2.309492431640625,
      "HERACOMB": 2.481087678398182,
      "DYE886": 1.9260019822554155,
      "CDF": 2.1492462158203125,
      "D0": 4.382662200927735,
      "ATLAS": 2.7794346400669645,
      "CMS": 2.84073251192687,
      "LHCb": 2.93479323387146,
      "total": 2.4626119136810303
    }
  },
  "14500": {
    "training_loss": 7799.4873046875,
    "validation_loss": [
      2901.84326171875
    ],
    "validation_chi2s": {
      "DEUTERON": 2.2142170009328357,
      "NMC": 1.5589545754825367,
      "NUCLEAR": 2.3120595703125,
      "HERACOMB": 2.511759041181577,
      "DYE886": 1.7483895041725852,
      "CDF": 2.0869825908115933,
      "D0": 4.817396545410157,
      "ATLAS": 2.769934779575893,
      "CMS": 2.83276617331583,
      "LHCb": 3.096320390701294,
      "total": 2.4675538539886475
    }
  },
  "14600": {
    "training_loss": 7792.6171875,
    "validation_loss": [
      2894.65087890625
    ],
    "validation_chi2s": {
      "DEUTERON": 2.204298180727223,
      "NMC": 1.5636466531192554,
      "NUCLEAR": 2.30271044921875,
      "HERACOMB": 2.5243047577103757,
      "DYE886": 1.7836749336936257,
      "CDF": 2.0172533307756697,
      "D0": 4.482153701782226,
      "ATLAS": 2.8049368722098214,
      "CMS": 2.77654779152792,
      "LHCb": 2.9974470138549805,
      "total": 2.461419105529785
    }
  },
  "14700": {
    "training_loss": 7791.35888671875,
    "validation_loss": [
      2898.751220703125
    ],
    "validation_chi2s": {
      "DEUTERON": 2.2694946592719996,
      "NMC": 1.5698499492570466,
      "NUCLEAR": 2.30019482421875,
      "HERACOMB": 2.491329417509191,
      "DYE886": 2.087183865633878,
      "CDF": 1.9643573760986328,
      "D0": 3.8901668548583985,
      "ATLAS": 2.734828404017857,
      "CMS": 2.8689462630475155,
      "LHCb": 3.060885190963745,
      "total": 2.4649245738983154
    }
  },
  "14800": {
    "training_loss": 7785.39453125,
    "validation_loss": [
      2903.90380859375
    ],
    "validation_chi2s": {
      "DEUTERON": 2.3136892745743936,
      "NMC": 1.591729856004902,
      "NUCLEAR": 2.30069482421875,
      "HERACOMB": 2.4651804406658497,
      "DYE886": 2.071204098788175,
      "CDF": 1.8834124973842077,
      "D0": 3.854512023925781,
      "ATLAS": 2.7246456473214287,
      "CMS": 2.899448832527536,
      "LHCb": 3.1346333026885986,
      "total": 2.469301223754883
    }
  },
  "14900": {
    "training_loss": 7878.0048828125,
    "validation_loss": [
      2889.766357421875
    ],
    "validation_chi2s": {
      "DEUTERON": 2.2492806353972328,
      "NMC": 1.572538039263557,
      "NUCLEAR": 2.30320068359375,
      "HERACOMB": 2.4695624058542687,
      "DYE886": 1.814707495949485,
      "CDF": 2.2548813138689314,
      "D0": 4.558280563354492,
      "ATLAS": 2.7762594168526786,
      "CMS": 2.8027756487736935,
      "LHCb": 3.0281472206115723,
      "total": 2.4572842121124268
    }
  },
  "15000": {
    "training_loss": 7821.9111328125,
    "validation_loss": [
      2904.3828125
    ],
    "validation_chi2s": {
      "DEUTERON": 2.2864984161225124,
      "NMC": 1.5879953421798407,
      "NUCLEAR": 2.300383544921875,
      "HERACOMB": 2.479333416309232,
      "DYE886": 2.036203211004084,
      "CDF": 2.0335540771484375,
      "D0": 4.22962646484375,
      "ATLAS": 2.749775390625,
      "CMS": 2.876493110031378,
      "LHCb": 3.0173380374908447,
      "total": 2.469703435897827
    }
  },
  "15100": {
    "training_loss": 7824.91796875,
    "validation_loss": [
      2897.4541015625
    ],
    "validation_chi2s": {
      "DEUTERON": 2.1972188617459576,
      "NMC": 1.5614695829503678,
      "NUCLEAR": 2.309945068359375,
      "HERACOMB": 2.5067007027420343,
      "DYE886": 1.7486263621937146,
      "CDF": 2.139820098876953,
      "D0": 5.052652740478516,
      "ATLAS": 2.783565673828125,
      "CMS": 2.774819045770364,
      "LHCb": 3.187824249267578,
      "total": 2.463817834854126
    }
  }
}