{
  "100": {
    "training_loss": 293.0303955078125,
    "validation_loss": [
      69.48958587646484
    ],
    "validation_chi2s": {
      "DEUTERON": 1.5639479637145997,
      "ATLAS": 0.6301519654013894,
      "total": 1.3625410795211792
    }
  },
  "200": {
    "training_loss": 283.17083740234375,
    "validation_loss": [
      77.04412841796875
    ],
    "validation_chi2s": {
      "DEUTERON": 1.6980506896972656,
      "ATLAS": 0.8292820670387961,
      "total": 1.510669231414795
    }
  },
  "300": {
    "training_loss": 313.3307189941406,
    "validation_loss": [
      99.8407211303711
    ],
    "validation_chi2s": {
      "DEUTERON": 2.3028268814086914,
      "ATLAS": 0.7025132612748579,
      "total": 1.9576611518859863
    }
  },
  "400": {
    "training_loss": 276.3798828125,
    "validation_loss": [
      87.20359802246094
    ],
    "validation_chi2s": {
      "DEUTERON": 1.9727132797241211,
      "ATLAS": 0.7540970715609464,
      "total": 1.7098745107650757
    }
  },
  "500": {
    "training_loss": 274.1344299316406,
    "validation_loss": [
      88.60327911376953
    ],
    "validation_chi2s": {
      "DEUTERON": 2.000522994995117,
      "ATLAS": 0.7802148298783735,
      "total": 1.7373193502426147
    }
  },
  "600": {
    "training_loss": 272.69696044921875,
    "validation_loss": [
      88.71969604492188
    ],
    "validation_chi2s": {
      "DEUTERON": 2.0051780700683595,
      "ATLAS": 0.7738702947443182,
      "total": 1.7396018505096436
    }
  },
  "700": {
    "training_loss": 271.545166015625,
    "validation_loss": [
      86.17527770996094
    ],
    "validation_chi2s": {
      "DEUTERON": 1.9461603164672852,
      "ATLAS": 0.757169550115412,
      "total": 1.689711332321167
    }
  },
  "800": {
    "training_loss": 270.7578125,
    "validation_loss": [
      83.89005279541016
    ],
    "validation_chi2s": {
      "DEUTERON": 1.894411849975586,
      "ATLAS": 0.7375981590964578,
      "total": 1.6449029445648193
    }
  },
  "900": {
    "training_loss": 289.7962646484375,
    "validation_loss": [
      58.054534912109375
    ],
    "validation_chi2s": {
      "DEUTERON": 1.248635482788086,
      "ATLAS": 0.7371930209073153,
      "total": 1.1383243799209595
    }
  }
}