{
  "100": {
    "training_loss": 294.0,
    "validation_loss": [
      114.44652557373047
    ],
    "validation_chi2s": {
      "DEUTERON": 2.6032028198242188,
      "ATLAS": 0.9380378723144531,
      "total": 2.2440497875213623
    }
  },
  "200": {
    "training_loss": 246.34530639648438,
    "validation_loss": [
      101.23628234863281
    ],
    "validation_chi2s": {
      "DEUTERON": 2.3364810943603516,
      "ATLAS": 0.707003420049494,
      "total": 1.98502516746521
    }
  },
  "300": {
    "training_loss": 241.22682189941406,
    "validation_loss": [
      106.52277374267578
    ],
    "validation_chi2s": {
      "DEUTERON": 2.4550806045532227,
      "ATLAS": 0.7563231208107688,
      "total": 2.088681936264038
    }
  },
  "400": {
    "training_loss": 236.28854370117188,
    "validation_loss": [
      108.7302017211914
    ],
    "validation_chi2s": {
      "DEUTERON": 2.50408992767334,
      "ATLAS": 0.7787826711481268,
      "total": 2.131964921951294
    }
  }
}