{
  "100": {
    "training_loss": 14328.875,
    "validation_loss": [
      6062.01953125
    ],
    "validation_chi2s": {
      "DEUTERON": 4.138704670009329,
      "NMC": 2.4113127764533546,
      "NUCLEAR": 2.77977099609375,
      "HERACOMB": 3.7467416002859477,
      "DYE886": 3.4374639337713067,
      "CDF": 6.469013759068081,
      "D0": 6.059064483642578,
      "ATLAS": 8.616965304599718,
      "CMS": 9.35095413332063,
      "LHCb": 10.770296096801758,
      "total": 5.090200901031494
    }
  },
  "200": {
    "training_loss": 8514.6279296875,
    "validation_loss": [
      3003.58349609375
    ],
    "validation_chi2s": {
      "DEUTERON": 2.4782461289742694,
      "NMC": 2.2796817854339,
      "NUCLEAR": 1.8417354736328124,
      "HERACOMB": 2.6331793093213847,
      "DYE886": 3.872454209761186,
      "CDF": 1.9646419797624861,
      "D0": 4.481960678100586,
      "ATLAS": 2.744396081131496,
      "CMS": 3.4799273731262703,
      "LHCb": 1.421248197555542,
      "total": 2.530811309814453
    }
  },
  "300": {
    "training_loss": 8241.875,
    "validation_loss": [
      2907.02490234375
    ],
    "validation_chi2s": {
      "DEUTERON": 2.3900362081195583,
      "NMC": 2.2363920024797026,
      "NUCLEAR": 1.7722908935546875,
      "HERACOMB": 2.571944891237745,
      "DYE886": 4.159631902521307,
      "CDF": 1.6709645135062081,
      "D0": 3.0610916137695314,
      "ATLAS": 2.6048141650939254,
      "CMS": 3.4923725903518803,
      "LHCb": 1.4084304571151733,
      "total": 2.454787492752075
    }
  },
  "400": {
    "training_loss": 8207.560546875,
    "validation_loss": [
      2855.990234375
    ],
    "validation_chi2s": {
      "DEUTERON": 2.3540625121463,
      "NMC": 2.214205274394914,
      "NUCLEAR": 1.7389788818359375,
      "HERACOMB": 2.552253473817913,
      "DYE886": 4.183022932572798,
      "CDF": 1.476144518171038,
      "D0": 2.9465286254882814,
      "ATLAS": 2.5408813819456637,
      "CMS": 3.3855883590574187,
      "LHCb": 1.335793137550354,
      "total": 2.4111015796661377
    }
  },
  "500": {
    "training_loss": 8149.744140625,
    "validation_loss": [
      2842.976318359375
    ],
    "validation_chi2s": {
      "DEUTERON": 2.339523087686567,
      "NMC": 2.207579220042509,
      "NUCLEAR": 1.72614501953125,
      "HERACOMB": 2.5443869198069855,
      "DYE886": 4.201513117009943,
      "CDF": 1.3832904270717077,
      "D0": 2.6975980758666993,
      "ATLAS": 2.534813355863764,
      "CMS": 3.391043810340447,
      "LHCb": 1.3042047023773193,
      "total": 2.4000604152679443
    }
  },
  "600": {
    "training_loss": 8109.302734375,
    "validation_loss": [
      2835.2294921875
    ],
    "validation_chi2s": {
      "DEUTERON": 2.33294237431009,
      "NMC": 2.2008282530541514,
      "NUCLEAR": 1.7190689697265624,
      "HERACOMB": 2.5386055341733047,
      "DYE886": 4.1703713156960225,
      "CDF": 1.323608670915876,
      "D0": 2.588107109069824,
      "ATLAS": 2.5330339067437677,
      "CMS": 3.397563158981199,
      "LHCb": 1.2969940900802612,
      "total": 2.3940024375915527
    }
  },
  "700": {
    "training_loss": 8110.82421875,
    "validation_loss": [
      2820.03466796875
    ],
    "validation_chi2s": {
      "DEUTERON": 2.32532618887982,
      "NMC": 2.187422658882889,
      "NUCLEAR": 1.7115821533203126,
      "HERACOMB": 2.5317424699371935,
      "DYE886": 4.122869318181818,
      "CDF": 1.287407738821847,
      "D0": 2.703156852722168,
      "ATLAS": 2.514840801110428,
      "CMS": 3.350822386702871,
      "LHCb": 1.3068327903747559,
      "total": 2.381284475326538
    }
  },
  "800": {
    "training_loss": 8085.59033203125,
    "validation_loss": [
      2814.489501953125
    ],
    "validation_chi2s": {
      "DEUTERON": 2.322056253158038,
      "NMC": 2.183465546252681,
      "NUCLEAR": 1.70821630859375,
      "HERACOMB": 2.5269478193295547,
      "DYE886": 4.011402476917613,
      "CDF": 1.2829794202532088,
      "D0": 2.6909767150878907,
      "ATLAS": 2.517223572463132,
      "CMS": 3.353611643721418,
      "LHCb": 1.314660906791687,
      "total": 2.3772547245025635
    }
  },
  "900": {
    "training_loss": 8061.97265625,
    "validation_loss": [
      2809.96533203125
    ],
    "validation_chi2s": {
      "DEUTERON": 2.325443400672419,
      "NMC": 2.192098280962776,
      "NUCLEAR": 1.704201904296875,
      "HERACOMB": 2.521673464307598,
      "DYE886": 3.840896953235973,
      "CDF": 1.298605510166713,
      "D0": 2.750125503540039,
      "ATLAS": 2.5245321895299333,
      "CMS": 3.356328204395325,
      "LHCb": 1.3140804767608643,
      "total": 2.3747715950012207
    }
  },
  "1000": {
    "training_loss": 8049.517578125,
    "validation_loss": [
      2804.0439453125
    ],
    "validation_chi2s": {
      "DEUTERON": 2.319638228535059,
      "NMC": 2.1927409452550553,
      "NUCLEAR": 1.6993309326171875,
      "HERACOMB": 2.519379061031965,
      "DYE886": 3.6989655928178267,
      "CDF": 1.3125621250697546,
      "D0": 2.8057260513305664,
      "ATLAS": 2.530513463395365,
      "CMS": 3.3510709933149134,
      "LHCb": 1.3162966966629028,
      "total": 2.3705058097839355
    }
  },
  "1100": {
    "training_loss": 8045.9990234375,
    "validation_loss": [
      2801.99072265625
    ],
    "validation_chi2s": {
      "DEUTERON": 2.301594141110852,
      "NMC": 2.1583670821844363,
      "NUCLEAR": 1.6963790283203124,
      "HERACOMB": 2.5160626180810866,
      "DYE886": 3.830927762118253,
      "CDF": 1.316972323826381,
      "D0": 2.9147899627685545,
      "ATLAS": 2.5072643837232267,
      "CMS": 3.3584004223831303,
      "LHCb": 1.434604525566101,
      "total": 2.3683369159698486
    }
  },
  "1200": {
    "training_loss": 8033.8994140625,
    "validation_loss": [
      2813.79150390625
    ],
    "validation_chi2s": {
      "DEUTERON": 2.2983910100377023,
      "NMC": 2.134583417107077,
      "NUCLEAR": 1.6999422607421875,
      "HERACOMB": 2.5337085599213642,
      "DYE886": 3.4584388732910156,
      "CDF": 1.3395118713378906,
      "D0": 4.546520233154297,
      "ATLAS": 2.519280080045207,
      "CMS": 3.3147684733072915,
      "LHCb": 1.4954649209976196,
      "total": 2.3780267238616943
    }
  },
  "1300": {
    "training_loss": 8005.482421875,
    "validation_loss": [
      2795.50927734375
    ],
    "validation_chi2s": {
      "DEUTERON": 2.316586622551306,
      "NMC": 2.1881817088407627,
      "NUCLEAR": 1.6905013427734374,
      "HERACOMB": 2.513415367774714,
      "DYE886": 3.3613350608132104,
      "CDF": 1.3600929805210658,
      "D0": 2.800303077697754,
      "ATLAS": 2.5504517287350774,
      "CMS": 3.361645458190422,
      "LHCb": 1.330688238143921,
      "total": 2.3648130893707275
    }
  },
  "1400": {
    "training_loss": 8025.7470703125,
    "validation_loss": [
      2799.063232421875
    ],
    "validation_chi2s": {
      "DEUTERON": 2.305042931096471,
      "NMC": 2.1451384600471046,
      "NUCLEAR": 1.683758544921875,
      "HERACOMB": 2.507489372702206,
      "DYE886": 3.461070320822976,
      "CDF": 1.3522768020629883,
      "D0": 3.6853191375732424,
      "ATLAS": 2.512350360998947,
      "CMS": 3.341738569058054,
      "LHCb": 1.5976848602294922,
      "total": 2.3667523860931396
    }
  },
  "1500": {
    "training_loss": 8025.49853515625,
    "validation_loss": [
      2779.837890625
    ],
    "validation_chi2s": {
      "DEUTERON": 2.3103300635494404,
      "NMC": 2.1487152997185204,
      "NUCLEAR": 1.6849541015625,
      "HERACOMB": 2.494781494140625,
      "DYE886": 3.4690815318714487,
      "CDF": 1.3451722008841378,
      "D0": 3.151236915588379,
      "ATLAS": 2.516416056772296,
      "CMS": 3.2984127882050305,
      "LHCb": 1.4080396890640259,
      "total": 2.3513009548187256
    }
  },
  "1600": {
    "training_loss": 8005.62158203125,
    "validation_loss": [
      2777.24267578125
    ],
    "validation_chi2s": {
      "DEUTERON": 2.3136906410331157,
      "NMC": 2.1512226777918197,
      "NUCLEAR": 1.683609375,
      "HERACOMB": 2.4921613705703636,
      "DYE886": 3.354311162775213,
      "CDF": 1.343911988394601,
      "D0": 3.0663291931152346,
      "ATLAS": 2.5258125562346385,
      "CMS": 3.302926908663618,
      "LHCb": 1.3911205530166626,
      "total": 2.3495795726776123
    }
  },
  "1700": {
    "training_loss": 7991.91650390625,
    "validation_loss": [
      2776.16748046875
    ],
    "validation_chi2s": {
      "DEUTERON": 2.314948542201104,
      "NMC": 2.149128483790977,
      "NUCLEAR": 1.682428466796875,
      "HERACOMB": 2.490067226434845,
      "DYE886": 3.312479192560369,
      "CDF": 1.3391267231532507,
      "D0": 3.0496665954589846,
      "ATLAS": 2.530031697133954,
      "CMS": 3.3055179254795477,
      "LHCb": 1.3931713104248047,
      "total": 2.3489227294921875
    }
  },
  "1800": {
    "training_loss": 11272.15625,
    "validation_loss": [
      4125.98681640625
    ],
    "validation_chi2s": {
      "DEUTERON": 2.510766024613262,
      "NMC": 2.265178306429994,
      "NUCLEAR": 2.09798486328125,
      "HERACOMB": 3.1538680332158906,
      "DYE886": 14.08396356756037,
      "CDF": 1.3677733285086495,
      "D0": 7.149954986572266,
      "ATLAS": 3.353647296348315,
      "CMS": 6.523078732374238,
      "LHCb": 6.732206344604492,
      "total": 3.48763370513916
    }
  },
  "1900": {
    "training_loss": 8026.5205078125,
    "validation_loss": [
      2783.872802734375
    ],
    "validation_chi2s": {
      "DEUTERON": 2.3121044861143503,
      "NMC": 2.1287874707988665,
      "NUCLEAR": 1.6803646240234376,
      "HERACOMB": 2.4954728269888684,
      "DYE886": 3.0608104359019888,
      "CDF": 1.3401550565447127,
      "D0": 3.8868656158447266,
      "ATLAS": 2.532026998112711,
      "CMS": 3.3119137151454523,
      "LHCb": 1.508352279663086,
      "total": 2.3550238609313965
    }
  },
  "2000": {
    "training_loss": 7979.021484375,
    "validation_loss": [
      2770.99755859375
    ],
    "validation_chi2s": {
      "DEUTERON": 2.3215281927763525,
      "NMC": 2.1564106660730697,
      "NUCLEAR": 1.6788343505859376,
      "HERACOMB": 2.4812634037990198,
      "DYE886": 3.1421439430930396,
      "CDF": 1.3296687262398856,
      "D0": 3.077549362182617,
      "ATLAS": 2.53767326440704,
      "CMS": 3.296022244585239,
      "LHCb": 1.4221138954162598,
      "total": 2.3452658653259277
    }
  },
  "2100": {
    "training_loss": 7977.4326171875,
    "validation_loss": [
      2791.37841796875
    ],
    "validation_chi2s": {
      "DEUTERON": 2.3048785005635883,
      "NMC": 2.114476671405867,
      "NUCLEAR": 1.68334814453125,
      "HERACOMB": 2.5055222854115606,
      "DYE886": 2.999964627352628,
      "CDF": 1.3286638259887695,
      "D0": 4.366288375854492,
      "ATLAS": 2.55465012453915,
      "CMS": 3.3051524588732217,
      "LHCb": 1.4950993061065674,
      "total": 2.361621379852295
    }
  },
  "2200": {
    "training_loss": 7965.4443359375,
    "validation_loss": [
      2797.799072265625
    ],
    "validation_chi2s": {
      "DEUTERON": 2.308074647514381,
      "NMC": 2.1079378315046724,
      "NUCLEAR": 1.6794822998046874,
      "HERACOMB": 2.5074452917560253,
      "DYE886": 3.055537137118253,
      "CDF": 1.32400267464774,
      "D0": 4.662628936767578,
      "ATLAS": 2.562523316801264,
      "CMS": 3.307850907488567,
      "LHCb": 1.518139362335205,
      "total": 2.3671765327453613
    }
  },
  "2300": {
    "training_loss": 7970.07763671875,
    "validation_loss": [
      2792.0927734375
    ],
    "validation_chi2s": {
      "DEUTERON": 2.300597840873756,
      "NMC": 2.108963461483226,
      "NUCLEAR": 1.6827652587890625,
      "HERACOMB": 2.5033036774280024,
      "DYE886": 3.0319449684836646,
      "CDF": 1.3149100712367467,
      "D0": 4.459144592285156,
      "ATLAS": 2.568265079112535,
      "CMS": 3.292673002413618,
      "LHCb": 1.5112464427947998,
      "total": 2.3624472618103027
    }
  },
  "2400": {
    "training_loss": 7966.94775390625,
    "validation_loss": [
      2792.809814453125
    ],
    "validation_chi2s": {
      "DEUTERON": 2.29956494990866,
      "NMC": 2.112583235198376,
      "NUCLEAR": 1.6820040283203126,
      "HERACOMB": 2.5004266477098653,
      "DYE886": 3.02109770341353,
      "CDF": 1.3105302538190569,
      "D0": 4.526103210449219,
      "ATLAS": 2.574193032939782,
      "CMS": 3.2954364559514735,
      "LHCb": 1.5197566747665405,
      "total": 2.3632729053497314
    }
  },
  "2500": {
    "training_loss": 7966.45703125,
    "validation_loss": [
      2792.685791015625
    ],
    "validation_chi2s": {
      "DEUTERON": 2.297287063219061,
      "NMC": 2.1174250584022674,
      "NUCLEAR": 1.6801197509765624,
      "HERACOMB": 2.497845219630821,
      "DYE886": 2.9872325550426138,
      "CDF": 1.3081512451171875,
      "D0": 4.545902252197266,
      "ATLAS": 2.579067958874649,
      "CMS": 3.3022530408409554,
      "LHCb": 1.5340243577957153,
      "total": 2.3633809089660645
    }
  },
  "2600": {
    "training_loss": 7956.919921875,
    "validation_loss": [
      2798.061767578125
    ],
    "validation_chi2s": {
      "DEUTERON": 2.3069142204018966,
      "NMC": 2.125710281671262,
      "NUCLEAR": 1.6729345703125,
      "HERACOMB": 2.492800245098039,
      "DYE886": 3.01341420953924,
      "CDF": 1.306795392717634,
      "D0": 4.901835632324219,
      "ATLAS": 2.5770718006605513,
      "CMS": 3.3167250718527694,
      "LHCb": 1.568846344947815,
      "total": 2.3681962490081787
    }
  },
  "2700": {
    "training_loss": 7931.107421875,
    "validation_loss": [
      2772.328369140625
    ],
    "validation_chi2s": {
      "DEUTERON": 2.312897032173119,
      "NMC": 2.163233887915518,
      "NUCLEAR": 1.6720745849609375,
      "HERACOMB": 2.4690932728885824,
      "DYE886": 3.064371282404119,
      "CDF": 1.2876783098493303,
      "D0": 3.1929813385009767,
      "ATLAS": 2.576183876294768,
      "CMS": 3.308972118346672,
      "LHCb": 1.473717451095581,
      "total": 2.3473401069641113
    }
  },
  "2800": {
    "training_loss": 7936.8408203125,
    "validation_loss": [
      2780.27880859375
    ],
    "validation_chi2s": {
      "DEUTERON": 2.307772660136816,
      "NMC": 2.1438932231828276,
      "NUCLEAR": 1.675775146484375,
      "HERACOMB": 2.4836541468801063,
      "DYE886": 2.9288163618607954,
      "CDF": 1.2798021861485072,
      "D0": 4.1847412109375,
      "ATLAS": 2.6111717652738764,
      "CMS": 3.251402816152185,
      "LHCb": 1.422080397605896,
      "total": 2.353898763656616
    }
  },
  "2900": {
    "training_loss": 7927.51171875,
    "validation_loss": [
      2834.17333984375
    ],
    "validation_chi2s": {
      "DEUTERON": 2.3225504557291665,
      "NMC": 2.101293676039752,
      "NUCLEAR": 1.675394287109375,
      "HERACOMB": 2.5065965839460786,
      "DYE886": 3.175383134321733,
      "CDF": 1.2779009682791573,
      "D0": 6.172183227539063,
      "ATLAS": 2.641248381539677,
      "CMS": 3.2955414066469766,
      "LHCb": 1.6871439218521118,
      "total": 2.398197889328003
    }
  },
  "3000": {
    "training_loss": 8984.0,
    "validation_loss": [
      2987.349365234375
    ],
    "validation_chi2s": {
      "DEUTERON": 2.363525086967506,
      "NMC": 2.0837176453833486,
      "NUCLEAR": 1.7858277587890625,
      "HERACOMB": 2.6750966988357843,
      "DYE886": 4.958578629927202,
      "CDF": 1.313713891165597,
      "D0": 1.9645061492919922,
      "ATLAS": 2.681118740124649,
      "CMS": 3.661395809514736,
      "LHCb": 2.134430408477783,
      "total": 2.525590419769287
    }
  },
  "3100": {
    "training_loss": 7991.224609375,
    "validation_loss": [
      2802.937255859375
    ],
    "validation_chi2s": {
      "DEUTERON": 2.350283039149953,
      "NMC": 2.1787211100260415,
      "NUCLEAR": 1.6871925048828125,
      "HERACOMB": 2.4842355765548407,
      "DYE886": 3.268076463179155,
      "CDF": 1.1467959540230888,
      "D0": 3.9813613891601562,
      "ATLAS": 2.602447852659761,
      "CMS": 3.2905965665491617,
      "LHCb": 1.4361547231674194,
      "total": 2.372178792953491
    }
  },
  "3200": {
    "training_loss": 7922.9208984375,
    "validation_loss": [
      2792.193115234375
    ],
    "validation_chi2s": {
      "DEUTERON": 2.3180268700443096,
      "NMC": 2.1271601658241424,
      "NUCLEAR": 1.6790364990234374,
      "HERACOMB": 2.4800313313802085,
      "DYE886": 2.9014948064630683,
      "CDF": 1.2518679755074638,
      "D0": 4.780747985839843,
      "ATLAS": 2.6255854917376227,
      "CMS": 3.267021117171621,
      "LHCb": 1.457515001296997,
      "total": 2.3638126850128174
    }
  },
  "3300": {
    "training_loss": 7939.0947265625,
    "validation_loss": [
      2792.046875
    ],
    "validation_chi2s": {
      "DEUTERON": 2.3052898046389148,
      "NMC": 2.1325641706878065,
      "NUCLEAR": 1.670593994140625,
      "HERACOMB": 2.480871262893178,
      "DYE886": 2.806351574984464,
      "CDF": 1.259568350655692,
      "D0": 4.725978851318359,
      "ATLAS": 2.6072048230117626,
      "CMS": 3.321333474260036,
      "LHCb": 1.5555129051208496,
      "total": 2.363659620285034
    }
  },
  "3400": {
    "training_loss": 7907.59814453125,
    "validation_loss": [
      2775.718017578125
    ],
    "validation_chi2s": {
      "DEUTERON": 2.3249226280705844,
      "NMC": 2.2037247302485445,
      "NUCLEAR": 1.66828857421875,
      "HERACOMB": 2.4582996243744892,
      "DYE886": 2.8529475818980825,
      "CDF": 1.2668139593941825,
      "D0": 3.5860595703125,
      "ATLAS": 2.60266387596559,
      "CMS": 3.3163831757336126,
      "LHCb": 1.4547932147979736,
      "total": 2.3510568141937256
    }
  },
  "3500": {
    "training_loss": 7941.17626953125,
    "validation_loss": [
      2790.211669921875
    ],
    "validation_chi2s": {
      "DEUTERON": 2.2958733857567633,
      "NMC": 2.1329556633444393,
      "NUCLEAR": 1.6733138427734375,
      "HERACOMB": 2.4773294286790235,
      "DYE886": 2.856454675847834,
      "CDF": 1.2412900924682617,
      "D0": 4.499647903442383,
      "ATLAS": 2.620389959785376,
      "CMS": 3.322404814929497,
      "LHCb": 1.533463478088379,
      "total": 2.3621408939361572
    }
  },
  "3600": {
    "training_loss": 7909.26025390625,
    "validation_loss": [
      2772.5400390625
    ],
    "validation_chi2s": {
      "DEUTERON": 2.3109751838949784,
      "NMC": 2.18639762728822,
      "NUCLEAR": 1.6683961181640625,
      "HERACOMB": 2.4505818684895835,
      "DYE886": 2.936312588778409,
      "CDF": 1.2356649126325334,
      "D0": 3.513532257080078,
      "ATLAS": 2.608158411604635,
      "CMS": 3.313166424510925,
      "LHCb": 1.4907869100570679,
      "total": 2.3481781482696533
    }
  },
  "3700": {
    "training_loss": 7895.77734375,
    "validation_loss": [
      2776.876953125
    ],
    "validation_chi2s": {
      "DEUTERON": 2.3323830372065455,
      "NMC": 2.228394302667356,
      "NUCLEAR": 1.6666201171875,
      "HERACOMB": 2.452730864481209,
      "DYE886": 2.7690840634432705,
      "CDF": 1.255566188267299,
      "D0": 3.7744209289550783,
      "ATLAS": 2.599900492121664,
      "CMS": 3.3240349002000764,
      "LHCb": 1.452966570854187,
      "total": 2.351893424987793
    }
  },
  "3800": {
    "training_loss": 7897.6083984375,
    "validation_loss": [
      2774.081298828125
    ],
    "validation_chi2s": {
      "DEUTERON": 2.3040185425412,
      "NMC": 2.1850445317287073,
      "NUCLEAR": 1.6663414306640625,
      "HERACOMB": 2.4502068812551063,
      "DYE886": 2.948674288662997,
      "CDF": 1.230963843209403,
      "D0": 3.5016094207763673,
      "ATLAS": 2.598925986986482,
      "CMS": 3.3392137977165905,
      "LHCb": 1.5443488359451294,
      "total": 2.349278450012207
    }
  },
  "3900": {
    "training_loss": 7885.33251953125,
    "validation_loss": [
      2778.583251953125
    ],
    "validation_chi2s": {
      "DEUTERON": 2.3028382258628732,
      "NMC": 2.196731118594899,
      "NUCLEAR": 1.66653515625,
      "HERACOMB": 2.443944993361928,
      "DYE886": 2.9989117709073154,
      "CDF": 1.2222681045532227,
      "D0": 3.438157653808594,
      "ATLAS": 2.6158370114444347,
      "CMS": 3.337776246109629,
      "LHCb": 1.6333982944488525,
      "total": 2.353163003921509
    }
  },
  "4000": {
    "training_loss": 7910.97509765625,
    "validation_loss": [
      2790.970703125
    ],
    "validation_chi2s": {
      "DEUTERON": 2.2801592622823383,
      "NMC": 2.129853790881587,
      "NUCLEAR": 1.66796484375,
      "HERACOMB": 2.4762750762739993,
      "DYE886": 2.804643457586115,
      "CDF": 1.2153385707310267,
      "D0": 4.885212707519531,
      "ATLAS": 2.6369694056135886,
      "CMS": 3.321037230452871,
      "LHCb": 1.542062520980835,
      "total": 2.3626623153686523
    }
  },
  "4100": {
    "training_loss": 7927.7001953125,
    "validation_loss": [
      2769.493408203125
    ],
    "validation_chi2s": {
      "DEUTERON": 2.3052989143637284,
      "NMC": 2.1934160718730853,
      "NUCLEAR": 1.668214599609375,
      "HERACOMB": 2.447534299364277,
      "DYE886": 2.916127985174006,
      "CDF": 1.2105184282575334,
      "D0": 3.6820819854736326,
      "ATLAS": 2.6039157824569874,
      "CMS": 3.314864243918318,
      "LHCb": 1.4274451732635498,
      "total": 2.3454079627990723
    }
  },
  "4200": {
    "training_loss": 7916.5986328125,
    "validation_loss": [
      2784.404052734375
    ],
    "validation_chi2s": {
      "DEUTERON": 2.268467234141791,
      "NMC": 2.1204228120691635,
      "NUCLEAR": 1.6717049560546875,
      "HERACOMB": 2.47496022741779,
      "DYE886": 2.999857122247869,
      "CDF": 1.181649616786412,
      "D0": 4.462512969970703,
      "ATLAS": 2.6857123214207337,
      "CMS": 3.255026964637322,
      "LHCb": 1.4011510610580444,
      "total": 2.3572230339050293
    }
  },
  "4300": {
    "training_loss": 7912.81298828125,
    "validation_loss": [
      2791.38623046875
    ],
    "validation_chi2s": {
      "DEUTERON": 2.3033963483364426,
      "NMC": 2.1732464958639706,
      "NUCLEAR": 1.672786376953125,
      "HERACOMB": 2.4578354779411766,
      "DYE886": 2.8169323314319956,
      "CDF": 1.2004944937569755,
      "D0": 4.684626770019531,
      "ATLAS": 2.628061701742451,
      "CMS": 3.343673830109883,
      "LHCb": 1.5267295837402344,
      "total": 2.3637773990631104
    }
  },
  "4400": {
    "training_loss": 46251.40625,
    "validation_loss": [
      36640.40234375
    ],
    "validation_chi2s": {
      "DEUTERON": 157.62546641791045,
      "NMC": 2.173115748985141,
      "NUCLEAR": 2.552494384765625,
      "HERACOMB": 3.1397042866625817,
      "DYE886": 40.60872025923295,
      "CDF": 1.2398640768868583,
      "D0": 13.432319641113281,
      "ATLAS": 5.715885462385885,
      "CMS": 4.521039761178862,
      "LHCb": 17.03534507751465,
      "total": 30.97242546081543
    }
  },
  "4500": {
    "training_loss": 7916.53125,
    "validation_loss": [
      2798.76171875
    ],
    "validation_chi2s": {
      "DEUTERON": 2.3012200350785137,
      "NMC": 2.126290714039522,
      "NUCLEAR": 1.672888671875,
      "HERACOMB": 2.48616077697355,
      "DYE886": 2.780154488303445,
      "CDF": 1.1516105106898717,
      "D0": 4.230813980102539,
      "ATLAS": 2.664517863412921,
      "CMS": 3.348212265386814,
      "LHCb": 1.4998838901519775,
      "total": 2.369166851043701
    }
  },
  "4600": {
    "training_loss": 7899.9619140625,
    "validation_loss": [
      2796.719970703125
    ],
    "validation_chi2s": {
      "DEUTERON": 2.2931316622454134,
      "NMC": 2.1131742888805913,
      "NUCLEAR": 1.6717783203125,
      "HERACOMB": 2.4844503963694855,
      "DYE886": 2.79437932101163,
      "CDF": 1.1789898191179549,
      "D0": 4.810524749755859,
      "ATLAS": 2.6564788818359375,
      "CMS": 3.323917295874619,
      "LHCb": 1.4770843982696533,
      "total": 2.3675200939178467
    }
  },
  "4700": {
    "training_loss": 7921.78955078125,
    "validation_loss": [
      2782.455322265625
    ],
    "validation_chi2s": {
      "DEUTERON": 2.2775667864291824,
      "NMC": 2.125291861739813,
      "NUCLEAR": 1.670951904296875,
      "HERACOMB": 2.467410417943219,
      "DYE886": 2.8749481547962534,
      "CDF": 1.1837595530918665,
      "D0": 4.1886943817138675,
      "ATLAS": 2.6538077365146595,
      "CMS": 3.3205333182482217,
      "LHCb": 1.465882420539856,
      "total": 2.3560001850128174
    }
  },
  "4800": {
    "training_loss": 7882.017578125,
    "validation_loss": [
      2773.661376953125
    ],
    "validation_chi2s": {
      "DEUTERON": 2.3285571046136506,
      "NMC": 2.2440092797372855,
      "NUCLEAR": 1.668659423828125,
      "HERACOMB": 2.4351639093137254,
      "DYE886": 2.802851590243253,
      "CDF": 1.1688965388706751,
      "D0": 3.328731918334961,
      "ATLAS": 2.6278441354130093,
      "CMS": 3.33551422367251,
      "LHCb": 1.4412460327148438,
      "total": 2.3492255210876465
    }
  },
  "4900": {
    "training_loss": 7891.0107421875,
    "validation_loss": [
      2771.829345703125
    ],
    "validation_chi2s": {
      "DEUTERON": 2.3017783093808304,
      "NMC": 2.2094582950367645,
      "NUCLEAR": 1.667474609375,
      "HERACOMB": 2.435250276054432,
      "DYE886": 2.8910099376331675,
      "CDF": 1.193800789969308,
      "D0": 3.683472442626953,
      "ATLAS": 2.6160691507746665,
      "CMS": 3.3332916507876016,
      "LHCb": 1.509372353553772,
      "total": 2.34757924079895
    }
  },
  "5000": {
    "training_loss": 7881.29638671875,
    "validation_loss": [
      2800.062255859375
    ],
    "validation_chi2s": {
      "DEUTERON": 2.372035391888215,
      "NMC": 2.2137518490062043,
      "NUCLEAR": 1.6701322021484375,
      "HERACOMB": 2.4429975522109886,
      "DYE886": 2.839014920321378,
      "CDF": 1.1999901362827845,
      "D0": 5.079615783691406,
      "ATLAS": 2.6317044375987537,
      "CMS": 3.320545971878176,
      "LHCb": 1.4079928398132324,
      "total": 2.3714842796325684
    }
  },
  "5100": {
    "training_loss": 7888.5263671875,
    "validation_loss": [
      2769.90576171875
    ],
    "validation_chi2s": {
      "DEUTERON": 2.2832213444496268,
      "NMC": 2.156037274528952,
      "NUCLEAR": 1.6723206787109375,
      "HERACOMB": 2.4487173043045343,
      "DYE886": 2.8170055042613638,
      "CDF": 1.1505821772984095,
      "D0": 4.062030410766601,
      "ATLAS": 2.6506308223424333,
      "CMS": 3.28885383916095,
      "LHCb": 1.410334587097168,
      "total": 2.3460962772369385
    }
  },
  "5200": {
    "training_loss": 7906.64013671875,
    "validation_loss": [
      2766.426025390625
    ],
    "validation_chi2s": {
      "DEUTERON": 2.2906223885455534,
      "NMC": 2.166638093836167,
      "NUCLEAR": 1.6703875732421876,
      "HERACOMB": 2.4472297219669117,
      "DYE886": 2.8488114096901636,
      "CDF": 1.1649747576032365,
      "D0": 3.823567199707031,
      "ATLAS": 2.6183492253335676,
      "CMS": 3.307842223624873,
      "LHCb": 1.4281662702560425,
      "total": 2.3432703018188477
    }
  },
  "5300": {
    "training_loss": 7946.9375,
    "validation_loss": [
      2774.3349609375
    ],
    "validation_chi2s": {
      "DEUTERON": 2.297823474181825,
      "NMC": 2.144641203038833,
      "NUCLEAR": 1.66992626953125,
      "HERACOMB": 2.4659010943244484,
      "DYE886": 2.776022130792791,
      "CDF": 1.1657063620431083,
      "D0": 4.346849060058593,
      "ATLAS": 2.598747682035639,
      "CMS": 3.303425858660442,
      "LHCb": 1.4648444652557373,
      "total": 2.348949670791626
    }
  },
  "5400": {
    "training_loss": 7900.87353515625,
    "validation_loss": [
      2789.33642578125
    ],
    "validation_chi2s": {
      "DEUTERON": 2.288990533173974,
      "NMC": 2.121382619820389,
      "NUCLEAR": 1.672718017578125,
      "HERACOMB": 2.4751908046747344,
      "DYE886": 2.7166472348299893,
      "CDF": 1.123074735913958,
      "D0": 5.1277507781982425,
      "ATLAS": 2.6662301052822155,
      "CMS": 3.3001485685022867,
      "LHCb": 1.3849055767059326,
      "total": 2.36236834526062
    }
  },
  "5500": {
    "training_loss": 11965.5849609375,
    "validation_loss": [
      12824.5244140625
    ],
    "validation_chi2s": {
      "DEUTERON": 44.65054123911692,
      "NMC": 2.162692799287684,
      "NUCLEAR": 2.26181689453125,
      "HERACOMB": 2.55177277209712,
      "DYE886": 19.436431884765625,
      "CDF": 1.1669803346906389,
      "D0": 14.248460388183593,
      "ATLAS": 3.402936613961552,
      "CMS": 4.625235208650914,
      "LHCb": 17.906631469726562,
      "total": 10.811225891113281
    }
  },
  "5600": {
    "training_loss": 7895.7548828125,
    "validation_loss": [
      2782.64501953125
    ],
    "validation_chi2s": {
      "DEUTERON": 2.2792157984491603,
      "NMC": 2.1071579877068016,
      "NUCLEAR": 1.6730909423828124,
      "HERACOMB": 2.4829119514016544,
      "DYE886": 2.9120719216086646,
      "CDF": 1.101074491228376,
      "D0": 4.224111557006836,
      "ATLAS": 2.704777749736657,
      "CMS": 3.2297395535600866,
      "LHCb": 1.385772466659546,
      "total": 2.3565242290496826
    }
  },
  "5700": {
    "training_loss": 7910.9609375,
    "validation_loss": [
      2782.6025390625
    ],
    "validation_chi2s": {
      "DEUTERON": 2.3022078329057836,
      "NMC": 2.13569611194087,
      "NUCLEAR": 1.68212255859375,
      "HERACOMB": 2.4604845233992036,
      "DYE886": 2.6939579356800425,
      "CDF": 1.1066619328090124,
      "D0": 4.716032409667969,
      "ATLAS": 2.676143174760797,
      "CMS": 3.275802736359883,
      "LHCb": 1.3508471250534058,
      "total": 2.3574419021606445
    }
  },
  "5800": {
    "training_loss": 7888.39306640625,
    "validation_loss": [
      2769.7783203125
    ],
    "validation_chi2s": {
      "DEUTERON": 2.2929737603486475,
      "NMC": 2.1611174041149663,
      "NUCLEAR": 1.67244580078125,
      "HERACOMB": 2.4485834657756333,
      "DYE886": 2.863440426913175,
      "CDF": 1.1538381576538086,
      "D0": 3.7961776733398436,
      "ATLAS": 2.6428287806135886,
      "CMS": 3.2980016692867125,
      "LHCb": 1.4274755716323853,
      "total": 2.3468425273895264
    }
  },
  "5900": {
    "training_loss": 7901.48486328125,
    "validation_loss": [
      2771.2802734375
    ],
    "validation_chi2s": {
      "DEUTERON": 2.310959090047808,
      "NMC": 2.1843180936925553,
      "NUCLEAR": 1.67078564453125,
      "HERACOMB": 2.435806573606005,
      "DYE886": 2.867900674993342,
      "CDF": 1.1753154482160295,
      "D0": 4.057460784912109,
      "ATLAS": 2.6294780259721735,
      "CMS": 3.2958150724085367,
      "LHCb": 1.4542102813720703,
      "total": 2.348151683807373
    }
  },
  "6000": {
    "training_loss": 7902.68017578125,
    "validation_loss": [
      2783.91845703125
    ],
    "validation_chi2s": {
      "DEUTERON": 2.301783775215718,
      "NMC": 2.137331495098039,
      "NUCLEAR": 1.6745699462890624,
      "HERACOMB": 2.45329314587163,
      "DYE886": 2.795179020274769,
      "CDF": 1.1349408285958427,
      "D0": 4.767952346801758,
      "ATLAS": 2.6791126379806003,
      "CMS": 3.2803553139291157,
      "LHCb": 1.4063948392868042,
      "total": 2.3588991165161133
    }
  },
  "6100": {
    "training_loss": 7924.462890625,
    "validation_loss": [
      2769.109619140625
    ],
    "validation_chi2s": {
      "DEUTERON": 2.323026287021922,
      "NMC": 2.1977296717026653,
      "NUCLEAR": 1.6854091796875,
      "HERACOMB": 2.437300937627655,
      "DYE886": 2.723922382701527,
      "CDF": 1.113628319331578,
      "D0": 3.7647212982177733,
      "ATLAS": 2.640565507867363,
      "CMS": 3.280559756891514,
      "LHCb": 1.3623015880584717,
      "total": 2.3463313579559326
    }
  },
  "6200": {
    "training_loss": 7918.5400390625,
    "validation_loss": [
      2770.757568359375
    ],
    "validation_chi2s": {
      "DEUTERON": 2.292489122988573,
      "NMC": 2.1559131098728552,
      "NUCLEAR": 1.6709522705078126,
      "HERACOMB": 2.4471503363715277,
      "DYE886": 2.9136231162331323,
      "CDF": 1.1683900015694755,
      "D0": 4.279232025146484,
      "ATLAS": 2.628162341171436,
      "CMS": 3.2806366711128048,
      "LHCb": 1.4592186212539673,
      "total": 2.3478009700775146
    }
  },
  "6300": {
    "training_loss": 7883.91845703125,
    "validation_loss": [
      2785.2529296875
    ],
    "validation_chi2s": {
      "DEUTERON": 2.284512647941931,
      "NMC": 2.0985648959290746,
      "NUCLEAR": 1.6786900634765625,
      "HERACOMB": 2.486346475439134,
      "DYE886": 2.748896512118253,
      "CDF": 1.109736783163888,
      "D0": 4.596635055541992,
      "ATLAS": 2.6880443444412747,
      "CMS": 3.2594740952902694,
      "LHCb": 1.362746000289917,
      "total": 2.3592488765716553
    }
  },
  "6400": {
    "training_loss": 7881.515625,
    "validation_loss": [
      2769.467041015625
    ],
    "validation_chi2s": {
      "DEUTERON": 2.2969879605876864,
      "NMC": 2.1614539950501683,
      "NUCLEAR": 1.6707508544921874,
      "HERACOMB": 2.4459477842243667,
      "DYE886": 2.9407417990944604,
      "CDF": 1.1728688648768835,
      "D0": 3.8197498321533203,
      "ATLAS": 2.631080541717872,
      "CMS": 3.28719993529281,
      "LHCb": 1.4772040843963623,
      "total": 2.3467023372650146
    }
  },
  "6500": {
    "training_loss": 7882.44384765625,
    "validation_loss": [
      2778.34326171875
    ],
    "validation_chi2s": {
      "DEUTERON": 2.271882773631841,
      "NMC": 2.1065340229109224,
      "NUCLEAR": 1.6735980224609375,
      "HERACOMB": 2.467795178781148,
      "DYE886": 2.8713302612304688,
      "CDF": 1.1762041364397322,
      "D0": 4.441904067993164,
      "ATLAS": 2.680998041388694,
      "CMS": 3.249533552464431,
      "LHCb": 1.4775201082229614,
      "total": 2.3539316654205322
    }
  },
  "6600": {
    "training_loss": 7886.55615234375,
    "validation_loss": [
      2782.483642578125
    ],
    "validation_chi2s": {
      "DEUTERON": 2.3664778524370336,
      "NMC": 2.2449650483972885,
      "NUCLEAR": 1.674399658203125,
      "HERACOMB": 2.432452432470384,
      "DYE886": 2.6574748646129263,
      "CDF": 1.1401497295924596,
      "D0": 4.397868347167969,
      "ATLAS": 2.623948000790028,
      "CMS": 3.307483952219893,
      "LHCb": 1.3979564905166626,
      "total": 2.3577356338500977
    }
  },
  "6700": {
    "training_loss": 7888.25,
    "validation_loss": [
      2770.98193359375
    ],
    "validation_chi2s": {
      "DEUTERON": 2.3369538416316855,
      "NMC": 2.225291233436734,
      "NUCLEAR": 1.6718673095703125,
      "HERACOMB": 2.427221958933313,
      "DYE886": 2.795649441805753,
      "CDF": 1.1371639115469796,
      "D0": 4.004763793945313,
      "ATLAS": 2.633343128675825,
      "CMS": 3.2826369370871444,
      "LHCb": 1.3977816104888916,
      "total": 2.3480124473571777
    }
  },
  "6800": {
    "training_loss": 7885.76171875,
    "validation_loss": [
      2770.9033203125
    ],
    "validation_chi2s": {
      "DEUTERON": 2.3226265219313587,
      "NMC": 2.2087130079082415,
      "NUCLEAR": 1.6729962158203124,
      "HERACOMB": 2.4269524867238563,
      "DYE886": 2.8598112626509233,
      "CDF": 1.2039432525634766,
      "D0": 4.029946517944336,
      "ATLAS": 2.618624226430829,
      "CMS": 3.291794691628557,
      "LHCb": 1.4854369163513184,
      "total": 2.3479418754577637
    }
  },
  "6900": {
    "training_loss": 7874.42724609375,
    "validation_loss": [
      2797.7529296875
    ],
    "validation_chi2s": {
      "DEUTERON": 2.2836554228369867,
      "NMC": 2.0961851232192097,
      "NUCLEAR": 1.6748134765625,
      "HERACOMB": 2.485787983813317,
      "DYE886": 2.8555679321289062,
      "CDF": 1.1368825776236398,
      "D0": 5.423022842407226,
      "ATLAS": 2.6994827784849016,
      "CMS": 3.2541101967416157,
      "LHCb": 1.4236584901809692,
      "total": 2.3700053691864014
    }
  },
  "7000": {
    "training_loss": 7894.16552734375,
    "validation_loss": [
      2773.525390625
    ],
    "validation_chi2s": {
      "DEUTERON": 2.29053614981732,
      "NMC": 2.1478163775275734,
      "NUCLEAR": 1.682775634765625,
      "HERACOMB": 2.449551650901246,
      "DYE886": 2.7521086606112393,
      "CDF": 1.165642602103097,
      "D0": 4.480929183959961,
      "ATLAS": 2.640761300419154,
      "CMS": 3.278072450219131,
      "LHCb": 1.4453333616256714,
      "total": 2.350184440612793
    }
  },
  "7100": {
    "training_loss": 7883.23095703125,
    "validation_loss": [
      2785.1376953125
    ],
    "validation_chi2s": {
      "DEUTERON": 2.3322328785758706,
      "NMC": 2.1705353680778954,
      "NUCLEAR": 1.676453369140625,
      "HERACOMB": 2.4454726674198324,
      "DYE886": 2.7177899100563745,
      "CDF": 1.1843862533569336,
      "D0": 4.77746467590332,
      "ATLAS": 2.623238724269224,
      "CMS": 3.3144030067009655,
      "LHCb": 1.482843041419983,
      "total": 2.3600168228149414
    }
  },
  "7200": {
    "training_loss": 7879.19970703125,
    "validation_loss": [
      2777.042236328125
    ],
    "validation_chi2s": {
      "DEUTERON": 2.3378894103700247,
      "NMC": 2.239751180013021,
      "NUCLEAR": 1.6723104248046874,
      "HERACOMB": 2.4230996923508985,
      "DYE886": 2.8515683954412285,
      "CDF": 1.2214311872209822,
      "D0": 4.19824447631836,
      "ATLAS": 2.6083944942174333,
      "CMS": 3.3209317835365852,
      "LHCb": 1.469987392425537,
      "total": 2.3531904220581055
    }
  },
  "7300": {
    "training_loss": 7877.9912109375,
    "validation_loss": [
      2794.320068359375
    ],
    "validation_chi2s": {
      "DEUTERON": 2.292369330107276,
      "NMC": 2.1048513674268534,
      "NUCLEAR": 1.6745546875,
      "HERACOMB": 2.4692943298738768,
      "DYE886": 2.8275562633167612,
      "CDF": 1.1271249907357352,
      "D0": 5.060015106201172,
      "ATLAS": 2.703822446673104,
      "CMS": 3.281211790999746,
      "LHCb": 1.4359805583953857,
      "total": 2.367689371109009
    }
  },
  "7400": {
    "training_loss": 7893.6875,
    "validation_loss": [
      2769.7490234375
    ],
    "validation_chi2s": {
      "DEUTERON": 2.28637012083139,
      "NMC": 2.1304695278990504,
      "NUCLEAR": 1.674168212890625,
      "HERACOMB": 2.4490396337571485,
      "DYE886": 2.9403058832341973,
      "CDF": 1.1845930644444056,
      "D0": 3.7904331207275392,
      "ATLAS": 2.651907245764572,
      "CMS": 3.276775329093623,
      "LHCb": 1.4795494079589844,
      "total": 2.3470120429992676
    }
  },
  "7500": {
    "training_loss": 7890.72021484375,
    "validation_loss": [
      2769.196044921875
    ],
    "validation_chi2s": {
      "DEUTERON": 2.2978155790869867,
      "NMC": 2.1414510689529718,
      "NUCLEAR": 1.676189453125,
      "HERACOMB": 2.452486324933619,
      "DYE886": 2.868727770718661,
      "CDF": 1.1390846797398158,
      "D0": 4.01162109375,
      "ATLAS": 2.648731360274754,
      "CMS": 3.2576279058689024,
      "LHCb": 1.4051769971847534,
      "total": 2.34653639793396
    }
  },
  "7600": {
    "training_loss": 7893.19921875,
    "validation_loss": [
      2775.1298828125
    ],
    "validation_chi2s": {
      "DEUTERON": 2.3281924119636193,
      "NMC": 2.207715202780331,
      "NUCLEAR": 1.67346044921875,
      "HERACOMB": 2.424782746757557,
      "DYE886": 2.8790232918479224,
      "CDF": 1.1737495149884904,
      "D0": 4.2435356140136715,
      "ATLAS": 2.6340978386696805,
      "CMS": 3.2900750385067328,
      "LHCb": 1.4506779909133911,
      "total": 2.351583957672119
    }
  },
  "7700": {
    "training_loss": 7881.6416015625,
    "validation_loss": [
      2769.49072265625
    ],
    "validation_chi2s": {
      "DEUTERON": 2.343848385027985,
      "NMC": 2.2108656939338234,
      "NUCLEAR": 1.676163818359375,
      "HERACOMB": 2.4319477953941995,
      "DYE886": 2.7680483731356533,
      "CDF": 1.1443138122558594,
      "D0": 3.940657043457031,
      "ATLAS": 2.624793406282918,
      "CMS": 3.2576551980119413,
      "LHCb": 1.4357408285140991,
      "total": 2.3468196392059326
    }
  },
  "7800": {
    "training_loss": 7905.06005859375,
    "validation_loss": [
      2782.868408203125
    ],
    "validation_chi2s": {
      "DEUTERON": 2.3107639901080534,
      "NMC": 2.1377156575520835,
      "NUCLEAR": 1.687158935546875,
      "HERACOMB": 2.465753293504902,
      "DYE886": 2.707497336647727,
      "CDF": 1.1396948950631278,
      "D0": 4.356882095336914,
      "ATLAS": 2.642954622761587,
      "CMS": 3.29351806640625,
      "LHCb": 1.4344934225082397,
      "total": 2.357933521270752
    }
  },
  "7900": {
    "training_loss": 7874.5576171875,
    "validation_loss": [
      2806.3466796875
    ],
    "validation_chi2s": {
      "DEUTERON": 2.3239571490691078,
      "NMC": 2.1473696839575673,
      "NUCLEAR": 1.6769273681640624,
      "HERACOMB": 2.4764787262561274,
      "DYE886": 2.663133968006481,
      "CDF": 1.140245028904506,
      "D0": 4.615540313720703,
      "ATLAS": 2.661661726705144,
      "CMS": 3.3703511555989585,
      "LHCb": 1.6059422492980957,
      "total": 2.3780601024627686
    }
  },
  "8000": {
    "training_loss": 7868.59521484375,
    "validation_loss": [
      2772.6220703125
    ],
    "validation_chi2s": {
      "DEUTERON": 2.301677495092895,
      "NMC": 2.1605110916436887,
      "NUCLEAR": 1.6778154296875,
      "HERACOMB": 2.448309405956393,
      "DYE886": 2.9686133644797583,
      "CDF": 1.1754744393484933,
      "D0": 3.742290496826172,
      "ATLAS": 2.645930258075843,
      "CMS": 3.2742505577521595,
      "LHCb": 1.4500923156738281,
      "total": 2.3496031761169434
    }
  },
  "8100": {
    "training_loss": 7875.98779296875,
    "validation_loss": [
      2770.92578125
    ],
    "validation_chi2s": {
      "DEUTERON": 2.3125115389847637,
      "NMC": 2.1566000545726105,
      "NUCLEAR": 1.68296044921875,
      "HERACOMB": 2.451498991523693,
      "DYE886": 2.8449852683327417,
      "CDF": 1.1188310895647322,
      "D0": 3.611191177368164,
      "ATLAS": 2.6846292902914324,
      "CMS": 3.2366243688071648,
      "LHCb": 1.3330730199813843,
      "total": 2.348187208175659
    }
  },
  "8200": {
    "training_loss": 7875.6650390625,
    "validation_loss": [
      2769.167236328125
    ],
    "validation_chi2s": {
      "DEUTERON": 2.3097745221645676,
      "NMC": 2.1529362996419272,
      "NUCLEAR": 1.6838221435546874,
      "HERACOMB": 2.45204132678462,
      "DYE886": 2.863684220747514,
      "CDF": 1.120319093976702,
      "D0": 3.522351837158203,
      "ATLAS": 2.6814871798740345,
      "CMS": 3.227523927766133,
      "LHCb": 1.3566014766693115,
      "total": 2.346705675125122
    }
  },
  "8300": {
    "training_loss": 7882.828125,
    "validation_loss": [
      2781.19873046875
    ],
    "validation_chi2s": {
      "DEUTERON": 2.3087404165694965,
      "NMC": 2.1251775704178155,
      "NUCLEAR": 1.684266845703125,
      "HERACOMB": 2.4524895163143383,
      "DYE886": 2.774192463267933,
      "CDF": 1.1162666593279158,
      "D0": 4.226541519165039,
      "ATLAS": 2.707902201106039,
      "CMS": 3.2468542083492125,
      "LHCb": 1.3961684703826904,
      "total": 2.3568880558013916
    }
  },
  "8400": {
    "training_loss": 7983.6064453125,
    "validation_loss": [
      2792.4873046875
    ],
    "validation_chi2s": {
      "DEUTERON": 2.3276567601445897,
      "NMC": 2.129429985495175,
      "NUCLEAR": 1.6834373779296874,
      "HERACOMB": 2.471891116472631,
      "DYE886": 2.682116248390891,
      "CDF": 1.1594517571585519,
      "D0": 4.844340515136719,
      "ATLAS": 2.649210554830144,
      "CMS": 3.2926288387639735,
      "LHCb": 1.4490488767623901,
      "total": 2.366276979446411
    }
  },
  "8500": {
    "training_loss": 7939.94384765625,
    "validation_loss": [
      2775.682373046875
    ],
    "validation_chi2s": {
      "DEUTERON": 2.3624940179473723,
      "NMC": 2.261870589910769,
      "NUCLEAR": 1.69093505859375,
      "HERACOMB": 2.4292149761923,
      "DYE886": 2.748849695379084,
      "CDF": 1.1847705841064453,
      "D0": 3.3658538818359376,
      "ATLAS": 2.6142223229568997,
      "CMS": 3.2977624908695375,
      "LHCb": 1.4360588788986206,
      "total": 2.352226495742798
    }
  },
  "8600": {
    "training_loss": 8060.552734375,
    "validation_loss": [
      2793.515380859375
    ],
    "validation_chi2s": {
      "DEUTERON": 2.3013884131588154,
      "NMC": 2.1324548160328582,
      "NUCLEAR": 1.6845517578125,
      "HERACOMB": 2.4598223119000204,
      "DYE886": 2.9429359436035156,
      "CDF": 1.2014380863734655,
      "D0": 4.820183563232422,
      "ATLAS": 2.656426247586025,
      "CMS": 3.3055856596163617,
      "LHCb": 1.484073519706726,
      "total": 2.367335319519043
    }
  },
  "8700": {
    "training_loss": 7886.15771484375,
    "validation_loss": [
      2773.1796875
    ],
    "validation_chi2s": {
      "DEUTERON": 2.301851035350591,
      "NMC": 2.1352610868566178,
      "NUCLEAR": 1.68266259765625,
      "HERACOMB": 2.460366442312602,
      "DYE886": 2.9574290188876065,
      "CDF": 1.2323665618896484,
      "D0": 3.8692665100097656,
      "ATLAS": 2.618823962265186,
      "CMS": 3.2736114253842734,
      "LHCb": 1.4592119455337524,
      "total": 2.349992036819458
    }
  },
  "8800": {
    "training_loss": 7887.439453125,
    "validation_loss": [
      2778.6533203125
    ],
    "validation_chi2s": {
      "DEUTERON": 2.356601847938044,
      "NMC": 2.2798049029181984,
      "NUCLEAR": 1.6821417236328124,
      "HERACOMB": 2.4236593807444855,
      "DYE886": 2.9344763322310015,
      "CDF": 1.2098986761910575,
      "D0": 3.436055374145508,
      "ATLAS": 2.5967487806684515,
      "CMS": 3.3273866234756095,
      "LHCb": 1.4878113269805908,
      "total": 2.3547542095184326
    }
  },
  "8900": {
    "training_loss": 7909.31494140625,
    "validation_loss": [
      2767.126220703125
    ],
    "validation_chi2s": {
      "DEUTERON": 2.336575939880675,
      "NMC": 2.206599516027114,
      "NUCLEAR": 1.6922742919921876,
      "HERACOMB": 2.4343130074295343,
      "DYE886": 2.757314508611506,
      "CDF": 1.1377649307250977,
      "D0": 3.5595550537109375,
      "ATLAS": 2.6429189617714184,
      "CMS": 3.2389881165047,
      "LHCb": 1.3705209493637085,
      "total": 2.3449740409851074
    }
  },
  "9000": {
    "training_loss": 7868.8974609375,
    "validation_loss": [
      2794.1376953125
    ],
    "validation_chi2s": {
      "DEUTERON": 2.308437062733209,
      "NMC": 2.101025300867417,
      "NUCLEAR": 1.682858642578125,
      "HERACOMB": 2.484669205410029,
      "DYE886": 2.716501409357244,
      "CDF": 1.1532336643763952,
      "D0": 4.7577064514160154,
      "ATLAS": 2.6949341163206637,
      "CMS": 3.249262615917175,
      "LHCb": 1.4666496515274048,
      "total": 2.3676905632019043
    }
  },
  "9100": {
    "training_loss": 7913.236328125,
    "validation_loss": [
      2789.817138671875
    ],
    "validation_chi2s": {
      "DEUTERON": 2.349720513642724,
      "NMC": 2.208744722254136,
      "NUCLEAR": 1.680185546875,
      "HERACOMB": 2.4382986430249183,
      "DYE886": 2.7859875072132456,
      "CDF": 1.1876014981951033,
      "D0": 4.510366439819336,
      "ATLAS": 2.636698519245962,
      "CMS": 3.305428357628303,
      "LHCb": 1.5017224550247192,
      "total": 2.364211320877075
    }
  },
  "9200": {
    "training_loss": 7870.662109375,
    "validation_loss": [
      2789.522216796875
    ],
    "validation_chi2s": {
      "DEUTERON": 2.3191276284592663,
      "NMC": 2.1495268578622855,
      "NUCLEAR": 1.6805867919921875,
      "HERACOMB": 2.4660967658547794,
      "DYE886": 2.8292747844349253,
      "CDF": 1.220008441380092,
      "D0": 4.7982933044433596,
      "ATLAS": 2.6258582640229986,
      "CMS": 3.2938314298304117,
      "LHCb": 1.4809496402740479,
      "total": 2.3637664318084717
    }
  },
  "9300": {
    "training_loss": 7862.96337890625,
    "validation_loss": [
      2799.96337890625
    ],
    "validation_chi2s": {
      "DEUTERON": 2.319438725561645,
      "NMC": 2.115847718481924,
      "NUCLEAR": 1.6825682373046875,
      "HERACOMB": 2.4749079685585174,
      "DYE886": 2.776703574440696,
      "CDF": 1.1823492050170898,
      "D0": 4.991648101806641,
      "ATLAS": 2.6878554097722085,
      "CMS": 3.286582140418572,
      "LHCb": 1.4335951805114746,
      "total": 2.3728158473968506
    }
  },
  "9400": {
    "training_loss": 7861.419921875,
    "validation_loss": [
      2792.771484375
    ],
    "validation_chi2s": {
      "DEUTERON": 2.3105019336909205,
      "NMC": 2.1334452909581803,
      "NUCLEAR": 1.6816480712890625,
      "HERACOMB": 2.4593334322661358,
      "DYE886": 2.9735606800426138,
      "CDF": 1.2368217195783342,
      "D0": 4.505816650390625,
      "ATLAS": 2.6615912619601474,
      "CMS": 3.291393993346672,
      "LHCb": 1.5260677337646484,
      "total": 2.366743803024292
    }
  },
  "9500": {
    "training_loss": 7855.3935546875,
    "validation_loss": [
      2779.3759765625
    ],
    "validation_chi2s": {
      "DEUTERON": 2.2994099327580844,
      "NMC": 2.1275212904986214,
      "NUCLEAR": 1.68964697265625,
      "HERACOMB": 2.478261910232843,
      "DYE886": 3.0365226052024146,
      "CDF": 1.2058602741786413,
      "D0": 3.635243225097656,
      "ATLAS": 2.681624680422665,
      "CMS": 3.2162242362169717,
      "LHCb": 1.3477619886398315,
      "total": 2.3551650047302246
    }
  },
  "9600": {
    "training_loss": 7853.138671875,
    "validation_loss": [
      2779.864990234375
    ],
    "validation_chi2s": {
      "DEUTERON": 2.3092394776605256,
      "NMC": 2.155751247032016,
      "NUCLEAR": 1.6878270263671875,
      "HERACOMB": 2.453632828456904,
      "DYE886": 3.111372860995206,
      "CDF": 1.230881827218192,
      "D0": 3.4945274353027345,
      "ATLAS": 2.67987969216336,
      "CMS": 3.2464584722751524,
      "LHCb": 1.3950413465499878,
      "total": 2.355809211730957
    }
  },
  "9700": {
    "training_loss": 7844.87548828125,
    "validation_loss": [
      2786.897216796875
    ],
    "validation_chi2s": {
      "DEUTERON": 2.338512363718517,
      "NMC": 2.210554085525812,
      "NUCLEAR": 1.68201123046875,
      "HERACOMB": 2.4350480223013684,
      "DYE886": 2.9411052357066763,
      "CDF": 1.2792322976248605,
      "D0": 3.731189727783203,
      "ATLAS": 2.6033481212144487,
      "CMS": 3.3443504271468494,
      "LHCb": 1.647711157798767,
      "total": 2.361741781234741
    }
  },
  "9800": {
    "training_loss": 7894.77099609375,
    "validation_loss": [
      2781.666015625
    ],
    "validation_chi2s": {
      "DEUTERON": 2.337098989913713,
      "NMC": 2.1917093314376532,
      "NUCLEAR": 1.6869654541015624,
      "HERACOMB": 2.4308852650760824,
      "DYE886": 2.9065080122514204,
      "CDF": 1.2110011237008231,
      "D0": 4.059535217285156,
      "ATLAS": 2.667196895299333,
      "CMS": 3.2639899525215954,
      "LHCb": 1.415006160736084,
      "total": 2.3573336601257324
    }
  },
  "9900": {
    "training_loss": 7850.46435546875,
    "validation_loss": [
      2807.7802734375
    ],
    "validation_chi2s": {
      "DEUTERON": 2.2898090419484607,
      "NMC": 2.0874943452722885,
      "NUCLEAR": 1.6838741455078126,
      "HERACOMB": 2.4943488625919117,
      "DYE886": 3.065398476340554,
      "CDF": 1.200162478855678,
      "D0": 4.6849323272705075,
      "ATLAS": 2.735104850168978,
      "CMS": 3.2395984680672,
      "LHCb": 1.5099180936813354,
      "total": 2.3790500164031982
    }
  },
  "10000": {
    "training_loss": 7865.57958984375,
    "validation_loss": [
      2785.386474609375
    ],
    "validation_chi2s": {
      "DEUTERON": 2.3313449840640548,
      "NMC": 2.178743848613664,
      "NUCLEAR": 1.694971923828125,
      "HERACOMB": 2.4345756979549633,
      "DYE886": 2.907195871526545,
      "CDF": 1.142139502934047,
      "D0": 3.2854843139648438,
      "ATLAS": 2.7187055952093573,
      "CMS": 3.278847795191819,
      "LHCb": 1.402891993522644,
      "total": 2.3604815006256104
    }
  },
  "10100": {
    "training_loss": 7876.07568359375,
    "validation_loss": [
      2779.3515625
    ],
    "validation_chi2s": {
      "DEUTERON": 2.3222880956545398,
      "NMC": 2.1573095882640168,
      "NUCLEAR": 1.6842001953125,
      "HERACOMB": 2.459287157245711,
      "DYE886": 3.075105840509588,
      "CDF": 1.1922689165387834,
      "D0": 3.750693511962891,
      "ATLAS": 2.6474765391831987,
      "CMS": 3.2472985740599594,
      "LHCb": 1.399035930633545,
      "total": 2.35537052154541
    }
  },
  "10200": {
    "training_loss": 7866.15283203125,
    "validation_loss": [
      2782.441162109375
    ],
    "validation_chi2s": {
      "DEUTERON": 2.317134572498834,
      "NMC": 2.1489534565046724,
      "NUCLEAR": 1.68540771484375,
      "HERACOMB": 2.4505353940078636,
      "DYE886": 3.0410232543945312,
      "CDF": 1.167539187840053,
      "D0": 3.8604759216308593,
      "ATLAS": 2.69485336475158,
      "CMS": 3.2335428377477133,
      "LHCb": 1.3994284868240356,
      "total": 2.357989549636841
    }
  },
  "10300": {
    "training_loss": 7872.2646484375,
    "validation_loss": [
      2786.90625
    ],
    "validation_chi2s": {
      "DEUTERON": 2.3696211629839086,
      "NMC": 2.2421529433306526,
      "NUCLEAR": 1.6884200439453125,
      "HERACOMB": 2.432467790990094,
      "DYE886": 2.9780054959383877,
      "CDF": 1.2388219833374023,
      "D0": 3.7959053039550783,
      "ATLAS": 2.6289419109901684,
      "CMS": 3.2866910608803352,
      "LHCb": 1.4204177856445312,
      "total": 2.361778497695923
    }
  },
  "10400": {
    "training_loss": 7885.5439453125,
    "validation_loss": [
      2781.177734375
    ],
    "validation_chi2s": {
      "DEUTERON": 2.3251289633376087,
      "NMC": 2.172130958706725,
      "NUCLEAR": 1.6893265380859375,
      "HERACOMB": 2.4363351460375817,
      "DYE886": 3.161561445756392,
      "CDF": 1.2065685817173548,
      "D0": 3.9038551330566404,
      "ATLAS": 2.664504490541608,
      "CMS": 3.24285491695249,
      "LHCb": 1.4062594175338745,
      "total": 2.3569250106811523
    }
  },
  "10500": {
    "training_loss": 7849.04736328125,
    "validation_loss": [
      2802.551025390625
    ],
    "validation_chi2s": {
      "DEUTERON": 2.3114836583683145,
      "NMC": 2.1016338572782627,
      "NUCLEAR": 1.686658935546875,
      "HERACOMB": 2.4785204120710786,
      "DYE886": 3.108835393732244,
      "CDF": 1.189749036516462,
      "D0": 4.442324829101563,
      "ATLAS": 2.6930199098051264,
      "CMS": 3.2629764215732977,
      "LHCb": 1.5235579013824463,
      "total": 2.3749890327453613
    }
  },
  "10600": {
    "training_loss": 7871.255859375,
    "validation_loss": [
      2784.43408203125
    ],
    "validation_chi2s": {
      "DEUTERON": 2.309492424352845,
      "NMC": 2.146912967457491,
      "NUCLEAR": 1.6876851806640625,
      "HERACOMB": 2.4526718239379086,
      "DYE886": 3.059775612571023,
      "CDF": 1.1960491452898299,
      "D0": 3.2701694488525392,
      "ATLAS": 2.6802213861701194,
      "CMS": 3.31414794921875,
      "LHCb": 1.4117943048477173,
      "total": 2.359682559967041
    }
  },
  "10700": {
    "training_loss": 8627.51513671875,
    "validation_loss": [
      2802.715576171875
    ],
    "validation_chi2s": {
      "DEUTERON": 2.3608762826492535,
      "NMC": 2.1776544907513786,
      "NUCLEAR": 1.684261962890625,
      "HERACOMB": 2.466687370749081,
      "DYE886": 2.8412160006436435,
      "CDF": 1.2584638595581055,
      "D0": 4.394316864013672,
      "ATLAS": 2.618982207909059,
      "CMS": 3.348344260114964,
      "LHCb": 1.4973862171173096,
      "total": 2.37514328956604
    }
  },
  "10800": {
    "training_loss": 7865.64697265625,
    "validation_loss": [
      2811.086669921875
    ],
    "validation_chi2s": {
      "DEUTERON": 2.3872128007423816,
      "NMC": 2.318239548627068,
      "NUCLEAR": 1.6866865234375,
      "HERACOMB": 2.4374928193933822,
      "DYE886": 3.100213484330611,
      "CDF": 1.329202107020787,
      "D0": 3.824618911743164,
      "ATLAS": 2.619560841763957,
      "CMS": 3.3683020118775406,
      "LHCb": 1.535494327545166,
      "total": 2.382270097732544
    }
  },
  "10900": {
    "training_loss": 7911.33935546875,
    "validation_loss": [
      2783.557373046875
    ],
    "validation_chi2s": {
      "DEUTERON": 2.3509705197158737,
      "NMC": 2.2575089697744333,
      "NUCLEAR": 1.6931678466796876,
      "HERACOMB": 2.436600030637255,
      "DYE886": 2.91476128318093,
      "CDF": 1.2235836301531111,
      "D0": 3.330988311767578,
      "ATLAS": 2.609480954288097,
      "CMS": 3.3389944681307164,
      "LHCb": 1.431179404258728,
      "total": 2.3589415550231934
    }
  },
  "11000": {
    "training_loss": 7848.9091796875,
    "validation_loss": [
      2805.264404296875
    ],
    "validation_chi2s": {
      "DEUTERON": 2.3398791260980256,
      "NMC": 2.162962520823759,
      "NUCLEAR": 1.6836820068359375,
      "HERACOMB": 2.468416500714869,
      "DYE886": 2.961153897372159,
      "CDF": 1.2543937138148717,
      "D0": 4.715617752075195,
      "ATLAS": 2.6317191820466115,
      "CMS": 3.324604809768801,
      "LHCb": 1.5601208209991455,
      "total": 2.377340078353882
    }
  },
  "11100": {
    "training_loss": 7841.0107421875,
    "validation_loss": [
      2810.172119140625
    ],
    "validation_chi2s": {
      "DEUTERON": 2.3430997174770676,
      "NMC": 2.145175111060049,
      "NUCLEAR": 1.6876512451171874,
      "HERACOMB": 2.464888828252655,
      "DYE886": 3.012446316805753,
      "CDF": 1.2376452854701452,
      "D0": 4.397695159912109,
      "ATLAS": 2.669991653956724,
      "CMS": 3.3422839156980437,
      "LHCb": 1.511147379875183,
      "total": 2.3814966678619385
    }
  },
  "11200": {
    "training_loss": 7862.0693359375,
    "validation_loss": [
      2778.49658203125
    ],
    "validation_chi2s": {
      "DEUTERON": 2.3327167567922107,
      "NMC": 2.150806053012025,
      "NUCLEAR": 1.686511962890625,
      "HERACOMB": 2.464727464065053,
      "DYE886": 2.9639816284179688,
      "CDF": 1.2205119814191545,
      "D0": 3.6776309967041017,
      "ATLAS": 2.6330316093530546,
      "CMS": 3.2493234029630336,
      "LHCb": 1.4097775220870972,
      "total": 2.3545665740966797
    }
  },
  "11300": {
    "training_loss": 7886.7822265625,
    "validation_loss": [
      2788.330810546875
    ],
    "validation_chi2s": {
      "DEUTERON": 2.362988979662236,
      "NMC": 2.193055695178462,
      "NUCLEAR": 1.6895369873046875,
      "HERACOMB": 2.442193523731107,
      "DYE886": 2.8643457239324395,
      "CDF": 1.1660569054739816,
      "D0": 3.889388656616211,
      "ATLAS": 2.6779953174376754,
      "CMS": 3.2636991671430384,
      "LHCb": 1.3635176420211792,
      "total": 2.3629872798919678
    }
  },
  "11400": {
    "training_loss": 7890.20751953125,
    "validation_loss": [
      2781.97705078125
    ],
    "validation_chi2s": {
      "DEUTERON": 2.3544258383376087,
      "NMC": 2.196250167547488,
      "NUCLEAR": 1.6873726806640625,
      "HERACOMB": 2.434896431717218,
      "DYE886": 2.9980912642045454,
      "CDF": 1.2634632928030831,
      "D0": 3.689902496337891,
      "ATLAS": 2.641178431135885,
      "CMS": 3.272619231929624,
      "LHCb": 1.4200801849365234,
      "total": 2.3576066493988037
    }
  },
  "11500": {
    "training_loss": 7857.96044921875,
    "validation_loss": [
      2780.12255859375
    ],
    "validation_chi2s": {
      "DEUTERON": 2.33728907950482,
      "NMC": 2.1638231464460786,
      "NUCLEAR": 1.6907889404296874,
      "HERACOMB": 2.456555335350286,
      "DYE886": 3.023509979248047,
      "CDF": 1.2404796055385046,
      "D0": 3.4204601287841796,
      "ATLAS": 2.643301288733322,
      "CMS": 3.2546317247840446,
      "LHCb": 1.4167485237121582,
      "total": 2.3560352325439453
    }
  },
  "11600": {
    "training_loss": 7864.11328125,
    "validation_loss": [
      2779.42578125
    ],
    "validation_chi2s": {
      "DEUTERON": 2.3337798616779386,
      "NMC": 2.144415163526348,
      "NUCLEAR": 1.690159423828125,
      "HERACOMB": 2.467782213796977,
      "DYE886": 2.9216787164861504,
      "CDF": 1.158216885157994,
      "D0": 3.481156921386719,
      "ATLAS": 2.671945807639133,
      "CMS": 3.237924467257368,
      "LHCb": 1.3194082975387573,
      "total": 2.3554444313049316
    }
  },
  "11700": {
    "training_loss": 8073.9130859375,
    "validation_loss": [
      2783.02392578125
    ],
    "validation_chi2s": {
      "DEUTERON": 2.3302996431417133,
      "NMC": 2.173443962545956,
      "NUCLEAR": 1.694419189453125,
      "HERACOMB": 2.436935125612745,
      "DYE886": 3.0264497236772017,
      "CDF": 1.1294875144958496,
      "D0": 3.2851795196533202,
      "ATLAS": 2.6925695183571805,
      "CMS": 3.283048304115854,
      "LHCb": 1.376521348953247,
      "total": 2.358494758605957
    }
  },
  "11800": {
    "training_loss": 7850.17919921875,
    "validation_loss": [
      2785.801025390625
    ],
    "validation_chi2s": {
      "DEUTERON": 2.3289596026216572,
      "NMC": 2.1379734114104627,
      "NUCLEAR": 1.6876304931640624,
      "HERACOMB": 2.460293638939951,
      "DYE886": 3.118743896484375,
      "CDF": 1.2381368364606584,
      "D0": 3.415756607055664,
      "ATLAS": 2.6721181119425914,
      "CMS": 3.2579874178258383,
      "LHCb": 1.439978837966919,
      "total": 2.3608481884002686
    }
  },
  "11900": {
    "training_loss": 7843.26904296875,
    "validation_loss": [
      2803.693603515625
    ],
    "validation_chi2s": {
      "DEUTERON": 2.353025673633784,
      "NMC": 2.155551686006434,
      "NUCLEAR": 1.6886522216796875,
      "HERACOMB": 2.470798467498979,
      "DYE886": 3.0093577991832388,
      "CDF": 1.2131622859409876,
      "D0": 4.255438232421875,
      "ATLAS": 2.651096986920646,
      "CMS": 3.312446656265879,
      "LHCb": 1.4367979764938354,
      "total": 2.375995635986328
    }
  },
  "12000": {
    "training_loss": 7934.0869140625,
    "validation_loss": [
      2794.711669921875
    ],
    "validation_chi2s": {
      "DEUTERON": 2.3797572501263216,
      "NMC": 2.2749395931468293,
      "NUCLEAR": 1.69180859375,
      "HERACOMB": 2.437934626161663,
      "DYE886": 2.9661019065163354,
      "CDF": 1.21611145564488,
      "D0": 3.1217910766601564,
      "ATLAS": 2.626414095417837,
      "CMS": 3.3642930441755587,
      "LHCb": 1.4094921350479126,
      "total": 2.3683996200561523
    }
  },
  "12100": {
    "training_loss": 7849.515625,
    "validation_loss": [
      2789.40185546875
    ],
    "validation_chi2s": {
      "DEUTERON": 2.329517876923974,
      "NMC": 2.139562868604473,
      "NUCLEAR": 1.6914454345703125,
      "HERACOMB": 2.4594529095818016,
      "DYE886": 2.938723477450284,
      "CDF": 1.0972504615783691,
      "D0": 3.724863815307617,
      "ATLAS": 2.7426769813794767,
      "CMS": 3.2191462322948423,
      "LHCb": 1.3395081758499146,
      "total": 2.3638999462127686
    }
  },
  "12200": {
    "training_loss": 7881.10693359375,
    "validation_loss": [
      2789.452392578125
    ],
    "validation_chi2s": {
      "DEUTERON": 2.3494258140450093,
      "NMC": 2.2194164500517,
      "NUCLEAR": 1.693224853515625,
      "HERACOMB": 2.4415755926393996,
      "DYE886": 2.9715992320667612,
      "CDF": 1.1158244269234794,
      "D0": 3.3163448333740235,
      "ATLAS": 2.731905476430829,
      "CMS": 3.2413161363058944,
      "LHCb": 1.3214703798294067,
      "total": 2.363941192626953
    }
  },
  "12300": {
    "training_loss": 7842.13330078125,
    "validation_loss": [
      2789.174072265625
    ],
    "validation_chi2s": {
      "DEUTERON": 2.3576778582672575,
      "NMC": 2.199915717629825,
      "NUCLEAR": 1.692744873046875,
      "HERACOMB": 2.450531404781965,
      "DYE886": 2.929962158203125,
      "CDF": 1.1940189089093889,
      "D0": 3.4611045837402346,
      "ATLAS": 2.637490947594803,
      "CMS": 3.3111748424002796,
      "LHCb": 1.4330378770828247,
      "total": 2.3637044429779053
    }
  },
  "12400": {
    "training_loss": 7851.9365234375,
    "validation_loss": [
      2815.2578125
    ],
    "validation_chi2s": {
      "DEUTERON": 2.333010545417444,
      "NMC": 2.1155877206839766,
      "NUCLEAR": 1.6915374755859376,
      "HERACOMB": 2.4806231330422794,
      "DYE886": 3.0356951626864346,
      "CDF": 1.1665645326886858,
      "D0": 4.406470489501953,
      "ATLAS": 2.7465083090107094,
      "CMS": 3.2793514592860773,
      "LHCb": 1.4122564792633057,
      "total": 2.385789632797241
    }
  },
  "12500": {
    "training_loss": 7851.2900390625,
    "validation_loss": [
      2789.36474609375
    ],
    "validation_chi2s": {
      "DEUTERON": 2.3444376323946674,
      "NMC": 2.163325590245864,
      "NUCLEAR": 1.689537841796875,
      "HERACOMB": 2.468216241574755,
      "DYE886": 2.97998046875,
      "CDF": 1.195986339024135,
      "D0": 3.4735584259033203,
      "ATLAS": 2.688937240772033,
      "CMS": 3.2399537621474845,
      "LHCb": 1.3853901624679565,
      "total": 2.3638687133789062
    }
  },
  "12600": {
    "training_loss": 7960.12890625,
    "validation_loss": [
      2798.486083984375
    ],
    "validation_chi2s": {
      "DEUTERON": 2.3671079417366294,
      "NMC": 2.244045182770374,
      "NUCLEAR": 1.6927186279296875,
      "HERACOMB": 2.4348371917126226,
      "DYE886": 2.979123895818537,
      "CDF": 1.2005973543439592,
      "D0": 2.9804803848266603,
      "ATLAS": 2.675983557540379,
      "CMS": 3.362215863979929,
      "LHCb": 1.4488835334777832,
      "total": 2.371581792831421
    }
  }
}