{
  "100": {
    "training_loss": 392.03076171875,
    "validation_loss": [
      131.27566528320312
    ],
    "validation_chi2s": {
      "DEUTERON": 2.5908935546875,
      "ATLAS": 2.512720975008878,
      "total": 2.5740325450897217
    }
  },
  "200": {
    "training_loss": 355.19866943359375,
    "validation_loss": [
      126.05443572998047
    ],
    "validation_chi2s": {
      "DEUTERON": 2.696908378601074,
      "ATLAS": 1.6525549455122515,
      "total": 2.47165584564209
    }
  },
  "300": {
    "training_loss": 320.64459228515625,
    "validation_loss": [
      121.59442138671875
    ],
    "validation_chi2s": {
      "DEUTERON": 2.653105354309082,
      "ATLAS": 1.4063827341253108,
      "total": 2.384204387664795
    }
  },
  "400": {
    "training_loss": 319.11859130859375,
    "validation_loss": [
      95.88733673095703
    ],
    "validation_chi2s": {
      "DEUTERON": 1.8398975372314452,
      "ATLAS": 2.0264942862770776,
      "total": 1.8801438808441162
    }
  },
  "500": {
    "training_loss": 323.0325012207031,
    "validation_loss": [
      89.63105010986328
    ],
    "validation_chi2s": {
      "DEUTERON": 1.7197868347167968,
      "ATLAS": 1.8945073214444248,
      "total": 1.7574716806411743
    }
  },
  "600": {
    "training_loss": 326.83013916015625,
    "validation_loss": [
      84.49014282226562
    ],
    "validation_chi2s": {
      "DEUTERON": 1.6242515563964843,
      "ATLAS": 1.7745526053688743,
      "total": 1.6566694974899292
    }
  },
  "700": {
    "training_loss": 324.36175537109375,
    "validation_loss": [
      81.47607421875
    ],
    "validation_chi2s": {
      "DEUTERON": 1.5745187759399415,
      "ATLAS": 1.681393189863725,
      "total": 1.5975700616836548
    }
  },
  "800": {
    "training_loss": 307.6550598144531,
    "validation_loss": [
      84.0680160522461
    ],
    "validation_chi2s": {
      "DEUTERON": 1.6236845016479493,
      "ATLAS": 1.7382399819113992,
      "total": 1.648392677307129
    }
  },
  "900": {
    "training_loss": 292.8591003417969,
    "validation_loss": [
      90.40319061279297
    ],
    "validation_chi2s": {
      "DEUTERON": 1.741716194152832,
      "ATLAS": 1.8849586140025745,
      "total": 1.7726116180419922
    }
  }
}