{
  "100": {
    "training_loss": 378.0,
    "validation_loss": [
      165.99822998046875
    ],
    "validation_chi2s": {
      "DEUTERON": 3.8693618774414062,
      "ATLAS": 1.020341006192294,
      "total": 3.2548673152923584
    }
  },
  "200": {
    "training_loss": 284.11859130859375,
    "validation_loss": [
      110.18932342529297
    ],
    "validation_chi2s": {
      "DEUTERON": 2.4474214553833007,
      "ATLAS": 1.117496750571511,
      "total": 2.1605749130249023
    }
  },
  "300": {
    "training_loss": 269.6712341308594,
    "validation_loss": [
      94.02006530761719
    ],
    "validation_chi2s": {
      "DEUTERON": 2.054799461364746,
      "ATLAS": 1.0752809697931462,
      "total": 1.8435306549072266
    }
  },
  "400": {
    "training_loss": 275.62548828125,
    "validation_loss": [
      93.010986328125
    ],
    "validation_chi2s": {
      "DEUTERON": 1.9627065658569336,
      "ATLAS": 1.318429946899414,
      "total": 1.8237450122833252
    }
  },
  "500": {
    "training_loss": 269.82574462890625,
    "validation_loss": [
      91.91022491455078
    ],
    "validation_chi2s": {
      "DEUTERON": 1.9143310546875,
      "ATLAS": 1.3942712437022815,
      "total": 1.8021612167358398
    }
  },
  "600": {
    "training_loss": 263.9934997558594,
    "validation_loss": [
      90.61215209960938
    ],
    "validation_chi2s": {
      "DEUTERON": 1.9198816299438477,
      "ATLAS": 1.2560808008367366,
      "total": 1.7767088413238525
    }
  },
  "700": {
    "training_loss": 266.49505615234375,
    "validation_loss": [
      92.17758178710938
    ],
    "validation_chi2s": {
      "DEUTERON": 1.96705322265625,
      "ATLAS": 1.2268597862937234,
      "total": 1.8074036836624146
    }
  },
  "800": {
    "training_loss": 251.62615966796875,
    "validation_loss": [
      115.52169036865234
    ],
    "validation_chi2s": {
      "DEUTERON": 2.252223777770996,
      "ATLAS": 2.312067378651012,
      "total": 2.2651312351226807
    }
  }
}