{
  "100": {
    "training_loss": 270.25,
    "validation_loss": [
      215.06370544433594
    ],
    "validation_chi2s": {
      "DEUTERON": 5.1560615539550785,
      "ATLAS": 0.8019318147139116,
      "total": 4.216935634613037
    }
  },
  "200": {
    "training_loss": 402.334716796875,
    "validation_loss": [
      196.76283264160156
    ],
    "validation_chi2s": {
      "DEUTERON": 4.676681900024414,
      "ATLAS": 0.881414760242809,
      "total": 3.8580946922302246
    }
  },
  "300": {
    "training_loss": 220.53475952148438,
    "validation_loss": [
      155.96804809570312
    ],
    "validation_chi2s": {
      "DEUTERON": 3.5964431762695312,
      "ATLAS": 1.1009381034157493,
      "total": 3.058197021484375
    }
  },
  "400": {
    "training_loss": 217.27621459960938,
    "validation_loss": [
      124.31950378417969
    ],
    "validation_chi2s": {
      "DEUTERON": 2.7645896911621093,
      "ATLAS": 1.2487200823697178,
      "total": 2.4376375675201416
    }
  },
  "500": {
    "training_loss": 202.43814086914062,
    "validation_loss": [
      111.38134765625
    ],
    "validation_chi2s": {
      "DEUTERON": 2.4248464584350584,
      "ATLAS": 1.307953487743031,
      "total": 2.183948040008545
    }
  },
  "600": {
    "training_loss": 195.73406982421875,
    "validation_loss": [
      113.45055389404297
    ],
    "validation_chi2s": {
      "DEUTERON": 2.549183654785156,
      "ATLAS": 1.0439282330599697,
      "total": 2.224520683288574
    }
  },
  "700": {
    "training_loss": 191.2303466796875,
    "validation_loss": [
      110.7599868774414
    ],
    "validation_chi2s": {
      "DEUTERON": 2.4234844207763673,
      "ATLAS": 1.2564190951260654,
      "total": 2.171764373779297
    }
  },
  "800": {
    "training_loss": 186.25042724609375,
    "validation_loss": [
      113.94007873535156
    ],
    "validation_chi2s": {
      "DEUTERON": 2.4719873428344727,
      "ATLAS": 1.3691441796042703,
      "total": 2.234119176864624
    }
  },
  "900": {
    "training_loss": 183.7720489501953,
    "validation_loss": [
      120.46215057373047
    ],
    "validation_chi2s": {
      "DEUTERON": 2.6609416961669923,
      "ATLAS": 1.2749529751864346,
      "total": 2.3620028495788574
    }
  }
}