{
  "100": {
    "training_loss": 257.35113525390625,
    "validation_loss": [
      167.05307006835938
    ],
    "validation_chi2s": {
      "DEUTERON": 3.209416961669922,
      "ATLAS": 3.516035253351385,
      "total": 3.275550365447998
    }
  },
  "200": {
    "training_loss": 231.21527099609375,
    "validation_loss": [
      1352.0498046875
    ],
    "validation_chi2s": {
      "DEUTERON": 3.364273452758789,
      "ATLAS": 2.889962976629084,
      "total": 3.2619712352752686
    }
  },
  "300": {
    "training_loss": 546.7495727539062,
    "validation_loss": [
      161.89569091796875
    ],
    "validation_chi2s": {
      "DEUTERON": 3.327234649658203,
      "ATLAS": 2.6187544735995205,
      "total": 3.1744253635406494
    }
  },
  "400": {
    "training_loss": 225.401123046875,
    "validation_loss": [
      148.77847290039062
    ],
    "validation_chi2s": {
      "DEUTERON": 3.0568599700927734,
      "ATLAS": 2.4094607613303443,
      "total": 2.917224884033203
    }
  },
  "500": {
    "training_loss": 223.2154998779297,
    "validation_loss": [
      148.554443359375
    ],
    "validation_chi2s": {
      "DEUTERON": 3.044826316833496,
      "ATLAS": 2.432853872125799,
      "total": 2.912832260131836
    }
  },
  "600": {
    "training_loss": 208.71282958984375,
    "validation_loss": [
      154.73963928222656
    ],
    "validation_chi2s": {
      "DEUTERON": 3.0700550079345703,
      "ATLAS": 2.9034031954678623,
      "total": 3.0341105461120605
    }
  },
  "700": {
    "training_loss": 272.3125,
    "validation_loss": [
      147.77761840820312
    ],
    "validation_chi2s": {
      "DEUTERON": 3.0001523971557615,
      "ATLAS": 2.5246843858198686,
      "total": 2.8976004123687744
    }
  }
}