{
  "100": {
    "training_loss": 336.5625,
    "validation_loss": [
      84.70928955078125
    ],
    "validation_chi2s": {
      "DEUTERON": 1.5017467498779298,
      "ATLAS": 2.239948099309748,
      "total": 1.6609666347503662
    }
  },
  "200": {
    "training_loss": 287.20123291015625,
    "validation_loss": [
      79.62938690185547
    ],
    "validation_chi2s": {
      "DEUTERON": 1.444094467163086,
      "ATLAS": 1.9877829118208452,
      "total": 1.5613607168197632
    }
  },
  "300": {
    "training_loss": 281.6112060546875,
    "validation_loss": [
      68.98690032958984
    ],
    "validation_chi2s": {
      "DEUTERON": 1.232724380493164,
      "ATLAS": 1.7889028029008345,
      "total": 1.352684497833252
    }
  },
  "400": {
    "training_loss": 270.9603271484375,
    "validation_loss": [
      69.21788024902344
    ],
    "validation_chi2s": {
      "DEUTERON": 1.3061570167541503,
      "ATLAS": 1.542873035777699,
      "total": 1.3572133779525757
    }
  },
  "500": {
    "training_loss": 274.7418212890625,
    "validation_loss": [
      62.48829650878906
    ],
    "validation_chi2s": {
      "DEUTERON": 1.2128954887390138,
      "ATLAS": 1.2702255249023438,
      "total": 1.2252607345581055
    }
  },
  "600": {
    "training_loss": 272.9530944824219,
    "validation_loss": [
      61.37992477416992
    ],
    "validation_chi2s": {
      "DEUTERON": 1.2260064125061034,
      "ATLAS": 1.1217885450883345,
      "total": 1.2035280466079712
    }
  },
  "700": {
    "training_loss": 261.00372314453125,
    "validation_loss": [
      57.82758331298828
    ],
    "validation_chi2s": {
      "DEUTERON": 1.130094337463379,
      "ATLAS": 1.1476195942271838,
      "total": 1.1338742971420288
    }
  },
  "800": {
    "training_loss": 261.3854675292969,
    "validation_loss": [
      66.89104461669922
    ],
    "validation_chi2s": {
      "DEUTERON": 1.3752209663391113,
      "ATLAS": 1.0802011489868164,
      "total": 1.311589241027832
    }
  }
}