{
  "100": {
    "training_loss": 26591.78125,
    "validation_loss": [
      11203.6875
    ],
    "validation_chi2s": {
      "DEUTERON": 11.888590494791666,
      "NMC": 5.918133305568321,
      "NUCLEAR": 7.06720361328125,
      "HERACOMB": 7.387007569955065,
      "DYE886": 49.91012850674716,
      "CDF": 2.5948050362723216,
      "D0": 2.1149829864501952,
      "ATLAS": 12.287790178571429,
      "CMS": 4.736733680914257,
      "LHCb": 11.358929634094238,
      "total": 9.313179969787598
    }
  },
  "200": {
    "training_loss": 16906.62109375,
    "validation_loss": [
      7397.0732421875
    ],
    "validation_chi2s": {
      "DEUTERON": 6.458596300722948,
      "NMC": 4.181010526769302,
      "NUCLEAR": 6.45667919921875,
      "HERACOMB": 3.8825312595741424,
      "DYE886": 41.15663840553977,
      "CDF": 1.9724328177315849,
      "D0": 5.85241470336914,
      "ATLAS": 6.810953543526786,
      "CMS": 3.8851391500677943,
      "LHCb": 9.26541519165039,
      "total": 6.17014741897583
    }
  },
  "300": {
    "training_loss": 15814.6181640625,
    "validation_loss": [
      6862.6943359375
    ],
    "validation_chi2s": {
      "DEUTERON": 6.3198290772699,
      "NMC": 4.069889741785386,
      "NUCLEAR": 5.67136181640625,
      "HERACOMB": 3.387430427900327,
      "DYE886": 41.04481090198863,
      "CDF": 1.7598518644060408,
      "D0": 6.138673400878906,
      "ATLAS": 6.076993582589286,
      "CMS": 4.047935044469912,
      "LHCb": 8.589418411254883,
      "total": 5.733677387237549
    }
  },
  "400": {
    "training_loss": 15395.00390625,
    "validation_loss": [
      6713.583984375
    ],
    "validation_chi2s": {
      "DEUTERON": 6.301781497784515,
      "NMC": 3.981692445044424,
      "NUCLEAR": 5.46486669921875,
      "HERACOMB": 3.195132984834559,
      "DYE886": 41.52570689808238,
      "CDF": 1.7194366455078125,
      "D0": 5.764393615722656,
      "ATLAS": 5.8863922991071425,
      "CMS": 4.121934370561079,
      "LHCb": 8.362397193908691,
      "total": 5.61137580871582
    }
  },
  "500": {
    "training_loss": 15162.55078125,
    "validation_loss": [
      6625.314453125
    ],
    "validation_chi2s": {
      "DEUTERON": 6.270511456389926,
      "NMC": 3.9334154316023286,
      "NUCLEAR": 5.33143408203125,
      "HERACOMB": 3.081188924951491,
      "DYE886": 42.37267234108665,
      "CDF": 1.6998962674822127,
      "D0": 5.410077285766602,
      "ATLAS": 5.753111746651785,
      "CMS": 4.120076077043517,
      "LHCb": 8.308876037597656,
      "total": 5.537094593048096
    }
  },
  "600": {
    "training_loss": 14988.62890625,
    "validation_loss": [
      6529.52783203125
    ],
    "validation_chi2s": {
      "DEUTERON": 6.2742871336676,
      "NMC": 3.881143008961397,
      "NUCLEAR": 5.19115625,
      "HERACOMB": 3.004080180249183,
      "DYE886": 41.99560546875,
      "CDF": 1.6866528647286552,
      "D0": 5.313252258300781,
      "ATLAS": 5.624700753348214,
      "CMS": 4.10887763913998,
      "LHCb": 8.179122924804688,
      "total": 5.453769207000732
    }
  },
  "700": {
    "training_loss": 14826.720703125,
    "validation_loss": [
      6457.138671875
    ],
    "validation_chi2s": {
      "DEUTERON": 6.279003541861007,
      "NMC": 3.8373580633425246,
      "NUCLEAR": 5.09980810546875,
      "HERACOMB": 2.9385689130795547,
      "DYE886": 41.58998801491477,
      "CDF": 1.683178220476423,
      "D0": 5.067608261108399,
      "ATLAS": 5.538834751674107,
      "CMS": 4.100810153425233,
      "LHCb": 8.169173240661621,
      "total": 5.392582893371582
    }
  },
  "800": {
    "training_loss": 14685.873046875,
    "validation_loss": [
      6400.64697265625
    ],
    "validation_chi2s": {
      "DEUTERON": 6.27113577619714,
      "NMC": 3.8062376134535847,
      "NUCLEAR": 5.06090234375,
      "HERACOMB": 2.874564376531863,
      "DYE886": 41.14819890802557,
      "CDF": 1.689699990408761,
      "D0": 4.829747009277344,
      "ATLAS": 5.478980189732143,
      "CMS": 4.091274293001033,
      "LHCb": 8.207985877990723,
      "total": 5.345843315124512
    }
  },
  "900": {
    "training_loss": 14570.734375,
    "validation_loss": [
      6347.9541015625
    ],
    "validation_chi2s": {
      "DEUTERON": 6.249188627176617,
      "NMC": 3.7841775931564032,
      "NUCLEAR": 4.9995859375,
      "HERACOMB": 2.8485005696614585,
      "DYE886": 40.60885342684659,
      "CDF": 1.713484627859933,
      "D0": 4.588126373291016,
      "ATLAS": 5.41302734375,
      "CMS": 4.0817159857631715,
      "LHCb": 8.318122863769531,
      "total": 5.301477909088135
    }
  },
  "1000": {
    "training_loss": 14469.9697265625,
    "validation_loss": [
      6301.244140625
    ],
    "validation_chi2s": {
      "DEUTERON": 6.293743076609142,
      "NMC": 3.7608169854856004,
      "NUCLEAR": 4.92663525390625,
      "HERACOMB": 2.817019394020629,
      "DYE886": 40.19180575284091,
      "CDF": 1.732725007193429,
      "D0": 4.383380889892578,
      "ATLAS": 5.347664271763393,
      "CMS": 4.059486578318698,
      "LHCb": 8.317422866821289,
      "total": 5.262885093688965
    }
  },
  "1100": {
    "training_loss": 14364.6259765625,
    "validation_loss": [
      6244.3564453125
    ],
    "validation_chi2s": {
      "DEUTERON": 6.330015571556281,
      "NMC": 3.7393436805874694,
      "NUCLEAR": 4.84466015625,
      "HERACOMB": 2.78254669787837,
      "DYE886": 39.46170876242898,
      "CDF": 1.7492252077375139,
      "D0": 4.155472946166992,
      "ATLAS": 5.274551130022322,
      "CMS": 4.052532858099819,
      "LHCb": 8.319479942321777,
      "total": 5.214677810668945
    }
  },
  "1200": {
    "training_loss": 14272.708984375,
    "validation_loss": [
      6188.1005859375
    ],
    "validation_chi2s": {
      "DEUTERON": 6.340176558613184,
      "NMC": 3.720747106215533,
      "NUCLEAR": 4.74548779296875,
      "HERACOMB": 2.770029504314747,
      "DYE886": 38.9820390181108,
      "CDF": 1.7774977002825056,
      "D0": 3.9752822875976563,
      "ATLAS": 5.192596261160714,
      "CMS": 4.034648296261622,
      "LHCb": 8.330979347229004,
      "total": 5.167168140411377
    }
  },
  "1300": {
    "training_loss": 14197.71484375,
    "validation_loss": [
      6141.9619140625
    ],
    "validation_chi2s": {
      "DEUTERON": 6.365098336442786,
      "NMC": 3.7032518573835786,
      "NUCLEAR": 4.66114111328125,
      "HERACOMB": 2.7551463008706087,
      "DYE886": 38.64081920276988,
      "CDF": 1.8046302795410156,
      "D0": 3.8684326171875,
      "ATLAS": 5.13240966796875,
      "CMS": 4.0074932003809405,
      "LHCb": 8.314964294433594,
      "total": 5.129517078399658
    }
  },
  "1400": {
    "training_loss": 14133.27734375,
    "validation_loss": [
      6106.091796875
    ],
    "validation_chi2s": {
      "DEUTERON": 6.395362056902985,
      "NMC": 3.6874883315142464,
      "NUCLEAR": 4.604546875,
      "HERACOMB": 2.742224001416973,
      "DYE886": 38.28177157315341,
      "CDF": 1.8325729370117188,
      "D0": 3.768668365478516,
      "ATLAS": 5.095251813616072,
      "CMS": 3.979461165499096,
      "LHCb": 8.269632339477539,
      "total": 5.101542949676514
    }
  },
  "1500": {
    "training_loss": 14063.08984375,
    "validation_loss": [
      6075.09619140625
    ],
    "validation_chi2s": {
      "DEUTERON": 6.435931305387127,
      "NMC": 3.6732488893995097,
      "NUCLEAR": 4.5657587890625,
      "HERACOMB": 2.724896399803411,
      "DYE886": 37.69012728604403,
      "CDF": 1.8600361687796456,
      "D0": 3.6787765502929686,
      "ATLAS": 5.063447963169643,
      "CMS": 3.958261789369189,
      "LHCb": 8.314305305480957,
      "total": 5.07771635055542
    }
  },
  "1600": {
    "training_loss": 13996.03515625,
    "validation_loss": [
      6039.521484375
    ],
    "validation_chi2s": {
      "DEUTERON": 6.474926393423507,
      "NMC": 3.667112761852788,
      "NUCLEAR": 4.49518359375,
      "HERACOMB": 2.701895720039318,
      "DYE886": 37.06702769886363,
      "CDF": 1.8807336262294225,
      "D0": 3.581956481933594,
      "ATLAS": 5.022190290178571,
      "CMS": 3.9490752417193957,
      "LHCb": 8.497461318969727,
      "total": 5.04864501953125
    }
  },
  "1700": {
    "training_loss": 13948.880859375,
    "validation_loss": [
      6017.6826171875
    ],
    "validation_chi2s": {
      "DEUTERON": 6.471834552821829,
      "NMC": 3.657042559455423,
      "NUCLEAR": 4.4723505859375,
      "HERACOMB": 2.6876328412224266,
      "DYE886": 36.61668534712358,
      "CDF": 1.9017843518938338,
      "D0": 3.515576934814453,
      "ATLAS": 5.02362060546875,
      "CMS": 3.9205907396048554,
      "LHCb": 8.630013465881348,
      "total": 5.031125545501709
    }
  },
  "1800": {
    "training_loss": 13895.9169921875,
    "validation_loss": [
      5995.7626953125
    ],
    "validation_chi2s": {
      "DEUTERON": 6.484987173507463,
      "NMC": 3.6478654450061274,
      "NUCLEAR": 4.46981689453125,
      "HERACOMB": 2.675039652905433,
      "DYE886": 35.90589488636363,
      "CDF": 1.9272241592407227,
      "D0": 3.4621349334716798,
      "ATLAS": 5.026504603794643,
      "CMS": 3.883753248482696,
      "LHCb": 8.719244003295898,
      "total": 5.014612674713135
    }
  },
  "1900": {
    "training_loss": 13835.7373046875,
    "validation_loss": [
      5962.923828125
    ],
    "validation_chi2s": {
      "DEUTERON": 6.476999766791045,
      "NMC": 3.640529856962316,
      "NUCLEAR": 4.43536474609375,
      "HERACOMB": 2.679446750217014,
      "DYE886": 34.98961015181108,
      "CDF": 2.005243573869978,
      "D0": 3.4161739349365234,
      "ATLAS": 4.992912248883928,
      "CMS": 3.8587305998999226,
      "LHCb": 8.936617851257324,
      "total": 4.988002777099609
    }
  },
  "2000": {
    "training_loss": 9482.013671875,
    "validation_loss": [
      3734.5732421875
    ],
    "validation_chi2s": {
      "DEUTERON": 3.574708549537469,
      "NMC": 3.249026429419424,
      "NUCLEAR": 2.8708837890625,
      "HERACOMB": 2.416958279079861,
      "DYE886": 2.4565193869850854,
      "CDF": 2.147414888654436,
      "D0": 3.4371814727783203,
      "ATLAS": 3.3449808175223215,
      "CMS": 3.8842382509846334,
      "LHCb": 6.261258125305176,
      "total": 3.149531126022339
    }
  },
  "2100": {
    "training_loss": 8645.755859375,
    "validation_loss": [
      3375.2158203125
    ],
    "validation_chi2s": {
      "DEUTERON": 2.4747589263156873,
      "NMC": 3.0606548832912073,
      "NUCLEAR": 2.501081787109375,
      "HERACOMB": 2.294922074461295,
      "DYE886": 2.036031549627131,
      "CDF": 2.1826481137956892,
      "D0": 5.895173263549805,
      "ATLAS": 3.3046798270089286,
      "CMS": 3.9852796822540033,
      "LHCb": 6.235345363616943,
      "total": 2.8596835136413574
    }
  },
  "2200": {
    "training_loss": 8384.634765625,
    "validation_loss": [
      3231.8310546875
    ],
    "validation_chi2s": {
      "DEUTERON": 2.168618121550451,
      "NMC": 2.9687042236328125,
      "NUCLEAR": 2.35210546875,
      "HERACOMB": 2.25990265490962,
      "DYE886": 2.0345075780695137,
      "CDF": 2.0907769884381975,
      "D0": 5.989279556274414,
      "ATLAS": 3.2479575892857144,
      "CMS": 3.9575694691051138,
      "LHCb": 5.932966232299805,
      "total": 2.743194580078125
    }
  },
  "2300": {
    "training_loss": 8271.2294921875,
    "validation_loss": [
      3138.12060546875
    ],
    "validation_chi2s": {
      "DEUTERON": 2.082201753682758,
      "NMC": 2.921847474341299,
      "NUCLEAR": 2.254624267578125,
      "HERACOMB": 2.2336918450648486,
      "DYE886": 2.089905478737571,
      "CDF": 2.0681830814906528,
      "D0": 5.439594650268555,
      "ATLAS": 3.1876419503348212,
      "CMS": 3.87756801636751,
      "LHCb": 5.482191562652588,
      "total": 2.6655378341674805
    }
  },
  "2400": {
    "training_loss": 8180.708984375,
    "validation_loss": [
      3098.505615234375
    ],
    "validation_chi2s": {
      "DEUTERON": 2.0596154056378264,
      "NMC": 2.8800937428193936,
      "NUCLEAR": 2.20351123046875,
      "HERACOMB": 2.2271592881944446,
      "DYE886": 2.168110067194158,
      "CDF": 2.0460853576660156,
      "D0": 5.44542350769043,
      "ATLAS": 3.2118854631696427,
      "CMS": 3.86740339294938,
      "LHCb": 4.82102108001709,
      "total": 2.633225440979004
    }
  },
  "2500": {
    "training_loss": 8138.7509765625,
    "validation_loss": [
      3062.57421875
    ],
    "validation_chi2s": {
      "DEUTERON": 2.041415086433069,
      "NMC": 2.8571696561925553,
      "NUCLEAR": 2.16835498046875,
      "HERACOMB": 2.2139958400352326,
      "DYE886": 2.202611056241122,
      "CDF": 2.0659869057791576,
      "D0": 5.078834152221679,
      "ATLAS": 3.1864125279017856,
      "CMS": 3.8486993963068183,
      "LHCb": 4.568593978881836,
      "total": 2.6032588481903076
    }
  },
  "2600": {
    "training_loss": 8104.77197265625,
    "validation_loss": [
      3045.3662109375
    ],
    "validation_chi2s": {
      "DEUTERON": 2.039180319107587,
      "NMC": 2.837353874655331,
      "NUCLEAR": 2.147761474609375,
      "HERACOMB": 2.210703132978452,
      "DYE886": 2.227028239857067,
      "CDF": 2.0775270462036133,
      "D0": 5.028058242797852,
      "ATLAS": 3.1956651088169643,
      "CMS": 3.8469725049231664,
      "LHCb": 4.238951206207275,
      "total": 2.5890939235687256
    }
  },
  "2700": {
    "training_loss": 8084.7119140625,
    "validation_loss": [
      3028.312744140625
    ],
    "validation_chi2s": {
      "DEUTERON": 2.0311068254916824,
      "NMC": 2.8252497654335174,
      "NUCLEAR": 2.137325439453125,
      "HERACOMB": 2.204288058810764,
      "DYE886": 2.2408053658225318,
      "CDF": 2.1030791146414622,
      "D0": 4.868805694580078,
      "ATLAS": 3.1863727678571427,
      "CMS": 3.842115165773502,
      "LHCb": 4.037955284118652,
      "total": 2.574993133544922
    }
  },
  "2800": {
    "training_loss": 8071.9072265625,
    "validation_loss": [
      3013.02392578125
    ],
    "validation_chi2s": {
      "DEUTERON": 2.0228717860890857,
      "NMC": 2.816536697686887,
      "NUCLEAR": 2.1335107421875,
      "HERACOMB": 2.1980157989302493,
      "DYE886": 2.258119236339222,
      "CDF": 2.126273972647531,
      "D0": 4.680362701416016,
      "ATLAS": 3.1634720284598212,
      "CMS": 3.8388757626872416,
      "LHCb": 3.8960251808166504,
      "total": 2.562009811401367
    }
  },
  "2900": {
    "training_loss": 8060.8271484375,
    "validation_loss": [
      3005.981201171875
    ],
    "validation_chi2s": {
      "DEUTERON": 2.0185448186314523,
      "NMC": 2.807535208907782,
      "NUCLEAR": 2.132611083984375,
      "HERACOMB": 2.194503086065155,
      "DYE886": 2.263114235617898,
      "CDF": 2.1589625222342357,
      "D0": 4.683633804321289,
      "ATLAS": 3.162087751116071,
      "CMS": 3.843066759345945,
      "LHCb": 3.7480390071868896,
      "total": 2.556284189224243
    }
  },
  "3000": {
    "training_loss": 8050.52294921875,
    "validation_loss": [
      2998.83203125
    ],
    "validation_chi2s": {
      "DEUTERON": 2.022825478321284,
      "NMC": 2.8012542724609375,
      "NUCLEAR": 2.1348388671875,
      "HERACOMB": 2.1934136284722223,
      "DYE886": 2.280925230546431,
      "CDF": 2.1894664764404297,
      "D0": 4.60137939453125,
      "ATLAS": 3.165185546875,
      "CMS": 3.8264566216587035,
      "LHCb": 3.562920331954956,
      "total": 2.5504584312438965
    }
  },
  "3100": {
    "training_loss": 8044.16259765625,
    "validation_loss": [
      2992.1328125
    ],
    "validation_chi2s": {
      "DEUTERON": 2.0275824247901117,
      "NMC": 2.7968205470664826,
      "NUCLEAR": 2.132812255859375,
      "HERACOMB": 2.1795851763556984,
      "DYE886": 2.3123978701504795,
      "CDF": 2.1800845009940013,
      "D0": 4.464488983154297,
      "ATLAS": 3.1512294224330355,
      "CMS": 3.8421918380358986,
      "LHCb": 3.521843671798706,
      "total": 2.5448389053344727
    }
  },
  "3200": {
    "training_loss": 8038.96728515625,
    "validation_loss": [
      2986.421875
    ],
    "validation_chi2s": {
      "DEUTERON": 2.0225740499164333,
      "NMC": 2.793960870481005,
      "NUCLEAR": 2.1347138671875,
      "HERACOMB": 2.179595947265625,
      "DYE886": 2.3116829612038354,
      "CDF": 2.2279875619070872,
      "D0": 4.430246353149414,
      "ATLAS": 3.1371714564732143,
      "CMS": 3.844559094137397,
      "LHCb": 3.4334945678710938,
      "total": 2.539989948272705
    }
  },
  "3300": {
    "training_loss": 8035.12109375,
    "validation_loss": [
      2981.85400390625
    ],
    "validation_chi2s": {
      "DEUTERON": 2.0222533876030004,
      "NMC": 2.786996280445772,
      "NUCLEAR": 2.137374267578125,
      "HERACOMB": 2.1769887886795343,
      "DYE886": 2.3238405747847124,
      "CDF": 2.226929255894252,
      "D0": 4.30264892578125,
      "ATLAS": 3.129634835379464,
      "CMS": 3.8473470388365185,
      "LHCb": 3.367090940475464,
      "total": 2.5360114574432373
    }
  },
  "3400": {
    "training_loss": 8030.36962890625,
    "validation_loss": [
      2980.32177734375
    ],
    "validation_chi2s": {
      "DEUTERON": 2.0247823990399563,
      "NMC": 2.786825142654718,
      "NUCLEAR": 2.138700927734375,
      "HERACOMB": 2.177256066814747,
      "DYE886": 2.336647727272727,
      "CDF": 2.2620720182146346,
      "D0": 4.2740638732910154,
      "ATLAS": 3.134498814174107,
      "CMS": 3.843203457919034,
      "LHCb": 3.2804458141326904,
      "total": 2.5349323749542236
    }
  },
  "3500": {
    "training_loss": 8028.3125,
    "validation_loss": [
      2976.50048828125
    ],
    "validation_chi2s": {
      "DEUTERON": 2.027299871492149,
      "NMC": 2.7885613534964766,
      "NUCLEAR": 2.138233642578125,
      "HERACOMB": 2.1691549463209765,
      "DYE886": 2.344058643687855,
      "CDF": 2.2753808157784596,
      "D0": 4.270056915283203,
      "ATLAS": 3.118533412388393,
      "CMS": 3.854448554929623,
      "LHCb": 3.266411542892456,
      "total": 2.531810998916626
    }
  },
  "3600": {
    "training_loss": 8026.548828125,
    "validation_loss": [
      2975.345703125
    ],
    "validation_chi2s": {
      "DEUTERON": 2.0274611136213463,
      "NMC": 2.7826475255629597,
      "NUCLEAR": 2.1406162109375,
      "HERACOMB": 2.1693476259318833,
      "DYE886": 2.346543398770419,
      "CDF": 2.2574597767421176,
      "D0": 4.1438133239746096,
      "ATLAS": 3.1277113560267855,
      "CMS": 3.84999424958032,
      "LHCb": 3.22796630859375,
      "total": 2.5308659076690674
    }
  },
  "3700": {
    "training_loss": 8025.33349609375,
    "validation_loss": [
      2968.9365234375
    ],
    "validation_chi2s": {
      "DEUTERON": 2.0365511006976833,
      "NMC": 2.790761910232843,
      "NUCLEAR": 2.138915771484375,
      "HERACOMB": 2.157705269607843,
      "DYE886": 2.3640225150368432,
      "CDF": 2.287228448050363,
      "D0": 4.103600692749024,
      "ATLAS": 3.106913364955357,
      "CMS": 3.8438821587680785,
      "LHCb": 3.219186544418335,
      "total": 2.5255753993988037
    }
  },
  "3800": {
    "training_loss": 8022.8583984375,
    "validation_loss": [
      2972.36767578125
    ],
    "validation_chi2s": {
      "DEUTERON": 2.025574034126244,
      "NMC": 2.784780165728401,
      "NUCLEAR": 2.141858154296875,
      "HERACOMB": 2.1665888767616424,
      "DYE886": 2.3495797243985264,
      "CDF": 2.2763846261160716,
      "D0": 4.080256652832031,
      "ATLAS": 3.129356863839286,
      "CMS": 3.8468668283509815,
      "LHCb": 3.181851387023926,
      "total": 2.528477191925049
    }
  },
  "3900": {
    "training_loss": 8021.353515625,
    "validation_loss": [
      2964.972900390625
    ],
    "validation_chi2s": {
      "DEUTERON": 2.0332646156424907,
      "NMC": 2.7865142822265625,
      "NUCLEAR": 2.140759521484375,
      "HERACOMB": 2.1526776482077206,
      "DYE886": 2.3588612296364526,
      "CDF": 2.273083141871861,
      "D0": 4.043083190917969,
      "ATLAS": 3.102638113839286,
      "CMS": 3.8464451309077994,
      "LHCb": 3.197934627532959,
      "total": 2.5222644805908203
    }
  },
  "4000": {
    "training_loss": 8020.986328125,
    "validation_loss": [
      2968.480712890625
    ],
    "validation_chi2s": {
      "DEUTERON": 2.0276941707478233,
      "NMC": 2.7815632539636947,
      "NUCLEAR": 2.14215625,
      "HERACOMB": 2.157681334252451,
      "DYE886": 2.345963391390714,
      "CDF": 2.246408462524414,
      "D0": 4.012690734863281,
      "ATLAS": 3.115952845982143,
      "CMS": 3.852495934352402,
      "LHCb": 3.2209670543670654,
      "total": 2.525271415710449
    }
  },
  "4100": {
    "training_loss": 8016.24755859375,
    "validation_loss": [
      2967.2216796875
    ],
    "validation_chi2s": {
      "DEUTERON": 2.0328139879217195,
      "NMC": 2.7817768770105697,
      "NUCLEAR": 2.140725830078125,
      "HERACOMB": 2.1538702272901347,
      "DYE886": 2.3527679443359375,
      "CDF": 2.2532058443341936,
      "D0": 4.018292617797852,
      "ATLAS": 3.1192431640625,
      "CMS": 3.8527708447669164,
      "LHCb": 3.1760566234588623,
      "total": 2.5243701934814453
    }
  },
  "4200": {
    "training_loss": 8016.2119140625,
    "validation_loss": [
      2965.08642578125
    ],
    "validation_chi2s": {
      "DEUTERON": 2.0404365501593595,
      "NMC": 2.788908416149663,
      "NUCLEAR": 2.140566162109375,
      "HERACOMB": 2.1463551240808822,
      "DYE886": 2.354161349209872,
      "CDF": 2.2580860682896207,
      "D0": 3.980025863647461,
      "ATLAS": 3.1038291713169643,
      "CMS": 3.853881331514721,
      "LHCb": 3.21752667427063,
      "total": 2.522670269012451
    }
  },
  "4300": {
    "training_loss": 8016.75,
    "validation_loss": [
      2963.79345703125
    ],
    "validation_chi2s": {
      "DEUTERON": 2.041934037089941,
      "NMC": 2.790501912434896,
      "NUCLEAR": 2.1405703125,
      "HERACOMB": 2.150048748340482,
      "DYE886": 2.363538395274769,
      "CDF": 2.2408192498343333,
      "D0": 3.856547546386719,
      "ATLAS": 3.1032557896205355,
      "CMS": 3.8460378095138172,
      "LHCb": 3.199031114578247,
      "total": 2.521583080291748
    }
  },
  "4400": {
    "training_loss": 8010.12353515625,
    "validation_loss": [
      2942.133056640625
    ],
    "validation_chi2s": {
      "DEUTERON": 2.0821206771319187,
      "NMC": 2.8680021996591605,
      "NUCLEAR": 2.14917431640625,
      "HERACOMB": 2.143637264476103,
      "DYE886": 2.3844516060569068,
      "CDF": 2.2134455272129605,
      "D0": 3.0200103759765624,
      "ATLAS": 2.9940952845982145,
      "CMS": 3.725586694134168,
      "LHCb": 3.4659814834594727,
      "total": 2.503699541091919
    }
  },
  "4500": {
    "training_loss": 8009.376953125,
    "validation_loss": [
      2943.59423828125
    ],
    "validation_chi2s": {
      "DEUTERON": 2.061499904044232,
      "NMC": 2.846658744064032,
      "NUCLEAR": 2.14900830078125,
      "HERACOMB": 2.1481024050245097,
      "DYE886": 2.350383931940252,
      "CDF": 2.1969543184552873,
      "D0": 3.0031784057617186,
      "ATLAS": 3.02207763671875,
      "CMS": 3.728249794195506,
      "LHCb": 3.5027120113372803,
      "total": 2.5049359798431396
    }
  },
  "4600": {
    "training_loss": 8007.37939453125,
    "validation_loss": [
      2940.986328125
    ],
    "validation_chi2s": {
      "DEUTERON": 2.031913187966418,
      "NMC": 2.8329455805759802,
      "NUCLEAR": 2.156389892578125,
      "HERACOMB": 2.169027690014808,
      "DYE886": 2.3539737354625356,
      "CDF": 2.260434014456613,
      "D0": 2.9625518798828123,
      "ATLAS": 3.071819893973214,
      "CMS": 3.6865002340521693,
      "LHCb": 3.2452590465545654,
      "total": 2.5024969577789307
    }
  },
  "4700": {
    "training_loss": 8003.76904296875,
    "validation_loss": [
      2966.897216796875
    ],
    "validation_chi2s": {
      "DEUTERON": 2.0495403536516634,
      "NMC": 2.8207855224609375,
      "NUCLEAR": 2.144723388671875,
      "HERACOMB": 2.185964746412888,
      "DYE886": 2.341461181640625,
      "CDF": 2.1428985595703125,
      "D0": 3.1795316696166993,
      "ATLAS": 3.0959744698660714,
      "CMS": 3.782042952608471,
      "LHCb": 3.3758249282836914,
      "total": 2.52481746673584
    }
  },
  "4800": {
    "training_loss": 8005.755859375,
    "validation_loss": [
      2967.4755859375
    ],
    "validation_chi2s": {
      "DEUTERON": 2.0493584628128887,
      "NMC": 2.790334664139093,
      "NUCLEAR": 2.13960888671875,
      "HERACOMB": 2.132354337405535,
      "DYE886": 2.353030811656605,
      "CDF": 2.2023307255336215,
      "D0": 3.837513732910156,
      "ATLAS": 3.1251576450892857,
      "CMS": 3.8827930797230112,
      "LHCb": 3.2239129543304443,
      "total": 2.525169849395752
    }
  },
  "4900": {
    "training_loss": 7997.07373046875,
    "validation_loss": [
      2944.61962890625
    ],
    "validation_chi2s": {
      "DEUTERON": 2.062020221159826,
      "NMC": 2.8436862721162686,
      "NUCLEAR": 2.148415283203125,
      "HERACOMB": 2.149879206239788,
      "DYE886": 2.380941217595881,
      "CDF": 2.1840831211635043,
      "D0": 2.91387825012207,
      "ATLAS": 3.00978759765625,
      "CMS": 3.7410348939501548,
      "LHCb": 3.55045747756958,
      "total": 2.5057549476623535
    }
  },
  "5000": {
    "training_loss": 8003.5517578125,
    "validation_loss": [
      2941.22412109375
    ],
    "validation_chi2s": {
      "DEUTERON": 2.047276131549285,
      "NMC": 2.829987469841452,
      "NUCLEAR": 2.148386962890625,
      "HERACOMB": 2.141829746221405,
      "DYE886": 2.3459266315806997,
      "CDF": 2.2392447335379466,
      "D0": 3.0723203659057616,
      "ATLAS": 3.0370779854910714,
      "CMS": 3.7491992288384557,
      "LHCb": 3.420649766921997,
      "total": 2.502926826477051
    }
  },
  "5100": {
    "training_loss": 7990.42041015625,
    "validation_loss": [
      2951.7373046875
    ],
    "validation_chi2s": {
      "DEUTERON": 2.0578866835257306,
      "NMC": 2.8480167762905944,
      "NUCLEAR": 2.148635986328125,
      "HERACOMB": 2.170675439772263,
      "DYE886": 2.370430339466442,
      "CDF": 2.1727512904575894,
      "D0": 2.904438781738281,
      "ATLAS": 3.0342044503348213,
      "CMS": 3.7452372401213845,
      "LHCb": 3.457836151123047,
      "total": 2.5119006633758545
    }
  },
  "5200": {
    "training_loss": 7995.43994140625,
    "validation_loss": [
      2959.298095703125
    ],
    "validation_chi2s": {
      "DEUTERON": 2.0885565458838617,
      "NMC": 2.8099197686887254,
      "NUCLEAR": 2.136934326171875,
      "HERACOMB": 2.1053594452103757,
      "DYE886": 2.3687256899746982,
      "CDF": 2.173558098929269,
      "D0": 3.7117965698242186,
      "ATLAS": 3.084023786272321,
      "CMS": 3.8652532908542097,
      "LHCb": 3.3010895252227783,
      "total": 2.51834774017334
    }
  },
  "5300": {
    "training_loss": 7993.0869140625,
    "validation_loss": [
      2939.226806640625
    ],
    "validation_chi2s": {
      "DEUTERON": 2.085913966544232,
      "NMC": 2.858843635110294,
      "NUCLEAR": 2.1462001953125,
      "HERACOMB": 2.130241643369587,
      "DYE886": 2.3594431443647905,
      "CDF": 2.185379845755441,
      "D0": 2.9200616836547852,
      "ATLAS": 2.994808175223214,
      "CMS": 3.7541887267561984,
      "LHCb": 3.4609625339508057,
      "total": 2.501258373260498
    }
  },
  "5400": {
    "training_loss": 7992.576171875,
    "validation_loss": [
      2936.341796875
    ],
    "validation_chi2s": {
      "DEUTERON": 2.036144199656017,
      "NMC": 2.838095272288603,
      "NUCLEAR": 2.151155029296875,
      "HERACOMB": 2.149093328737745,
      "DYE886": 2.3472036881880327,
      "CDF": 2.2209698813302174,
      "D0": 2.9123491287231444,
      "ATLAS": 3.0587179129464284,
      "CMS": 3.7198751150083935,
      "LHCb": 3.281721591949463,
      "total": 2.498828649520874
    }
  },
  "5500": {
    "training_loss": 8001.4306640625,
    "validation_loss": [
      2968.12646484375
    ],
    "validation_chi2s": {
      "DEUTERON": 2.0354359185517725,
      "NMC": 2.7941897523169423,
      "NUCLEAR": 2.146144775390625,
      "HERACOMB": 2.1476081399356617,
      "DYE886": 2.3018041090531782,
      "CDF": 2.1999405452183316,
      "D0": 3.7907997131347657,
      "ATLAS": 3.1145797293526787,
      "CMS": 3.8666593693504647,
      "LHCb": 3.2981507778167725,
      "total": 2.5257325172424316
    }
  },
  "5600": {
    "training_loss": 8008.72802734375,
    "validation_loss": [
      2936.7890625
    ],
    "validation_chi2s": {
      "DEUTERON": 2.0390562750213777,
      "NMC": 2.822475657743566,
      "NUCLEAR": 2.145141845703125,
      "HERACOMB": 2.1206122504340277,
      "DYE886": 2.3119286623868076,
      "CDF": 2.2061585017613004,
      "D0": 3.088481903076172,
      "ATLAS": 3.065162179129464,
      "CMS": 3.773164355065212,
      "LHCb": 3.357771396636963,
      "total": 2.499221086502075
    }
  },
  "5700": {
    "training_loss": 7985.46142578125,
    "validation_loss": [
      2968.956787109375
    ],
    "validation_chi2s": {
      "DEUTERON": 2.0433343536225124,
      "NMC": 2.7757317038143383,
      "NUCLEAR": 2.141673828125,
      "HERACOMB": 2.155010946435866,
      "DYE886": 2.3395136052911933,
      "CDF": 2.1809752328055247,
      "D0": 3.664406585693359,
      "ATLAS": 3.1177542550223216,
      "CMS": 3.879657839940599,
      "LHCb": 3.21047306060791,
      "total": 2.5261998176574707
    }
  },
  "5800": {
    "training_loss": 7982.98681640625,
    "validation_loss": [
      2967.1904296875
    ],
    "validation_chi2s": {
      "DEUTERON": 2.0453081273320897,
      "NMC": 2.781436097388174,
      "NUCLEAR": 2.143225341796875,
      "HERACOMB": 2.146325803270527,
      "DYE886": 2.3453759280118076,
      "CDF": 2.1892008100237166,
      "D0": 3.621510314941406,
      "ATLAS": 3.107000209263393,
      "CMS": 3.891635358826188,
      "LHCb": 3.2266006469726562,
      "total": 2.5247185230255127
    }
  },
  "5900": {
    "training_loss": 7978.50146484375,
    "validation_loss": [
      2965.284912109375
    ],
    "validation_chi2s": {
      "DEUTERON": 2.0381477317999845,
      "NMC": 2.8156059115540746,
      "NUCLEAR": 2.15566259765625,
      "HERACOMB": 2.2071345709507764,
      "DYE886": 2.3427455208518286,
      "CDF": 2.1484576633998325,
      "D0": 2.8849735260009766,
      "ATLAS": 3.050276576450893,
      "CMS": 3.7580354548682853,
      "LHCb": 3.5384247303009033,
      "total": 2.5231845378875732
    }
  },
  "6000": {
    "training_loss": 7981.4833984375,
    "validation_loss": [
      2965.165283203125
    ],
    "validation_chi2s": {
      "DEUTERON": 2.0435425108344996,
      "NMC": 2.777630974264706,
      "NUCLEAR": 2.140490234375,
      "HERACOMB": 2.1395670572916665,
      "DYE886": 2.337386217984286,
      "CDF": 2.166855812072754,
      "D0": 3.611383056640625,
      "ATLAS": 3.1133262416294643,
      "CMS": 3.8847762178783576,
      "LHCb": 3.2773706912994385,
      "total": 2.523158550262451
    }
  },
  "6100": {
    "training_loss": 7991.14453125,
    "validation_loss": [
      2967.2646484375
    ],
    "validation_chi2s": {
      "DEUTERON": 2.051438820302783,
      "NMC": 2.7888722139246322,
      "NUCLEAR": 2.1409599609375,
      "HERACOMB": 2.14251748876634,
      "DYE886": 2.343483664772727,
      "CDF": 2.1514249529157365,
      "D0": 3.4482986450195314,
      "ATLAS": 3.132018345424107,
      "CMS": 3.8656439662964877,
      "LHCb": 3.2724685668945312,
      "total": 2.5251801013946533
    }
  },
  "6200": {
    "training_loss": 7983.50537109375,
    "validation_loss": [
      2953.52734375
    ],
    "validation_chi2s": {
      "DEUTERON": 2.078970837948927,
      "NMC": 2.8085856718175553,
      "NUCLEAR": 2.1370751953125,
      "HERACOMB": 2.094608082490809,
      "DYE886": 2.3545128215443003,
      "CDF": 2.1504524775913785,
      "D0": 3.516485595703125,
      "ATLAS": 3.0714522879464288,
      "CMS": 3.8864451006424328,
      "LHCb": 3.350186347961426,
      "total": 2.5134615898132324
    }
  },
  "6300": {
    "training_loss": 7997.80810546875,
    "validation_loss": [
      2940.53955078125
    ],
    "validation_chi2s": {
      "DEUTERON": 2.050502492420709,
      "NMC": 2.825032851275276,
      "NUCLEAR": 2.147274658203125,
      "HERACOMB": 2.137838924632353,
      "DYE886": 2.35621469671076,
      "CDF": 2.187441417149135,
      "D0": 2.973464012145996,
      "ATLAS": 3.019326869419643,
      "CMS": 3.7866339565308627,
      "LHCb": 3.422396183013916,
      "total": 2.502289295196533
    }
  },
  "6400": {
    "training_loss": 7977.53662109375,
    "validation_loss": [
      2962.607666015625
    ],
    "validation_chi2s": {
      "DEUTERON": 2.1144527606110075,
      "NMC": 2.8325494504442403,
      "NUCLEAR": 2.13736083984375,
      "HERACOMB": 2.086291543798509,
      "DYE886": 2.4209164706143467,
      "CDF": 2.108151844569615,
      "D0": 3.446474075317383,
      "ATLAS": 3.100467703683036,
      "CMS": 3.8874098092071283,
      "LHCb": 3.271930694580078,
      "total": 2.521151065826416
    }
  },
  "6500": {
    "training_loss": 7972.72998046875,
    "validation_loss": [
      2944.2041015625
    ],
    "validation_chi2s": {
      "DEUTERON": 2.075655809089319,
      "NMC": 2.829340616861979,
      "NUCLEAR": 2.150974365234375,
      "HERACOMB": 2.130068311504289,
      "DYE886": 2.3312112634832207,
      "CDF": 2.1357496806553433,
      "D0": 2.938331413269043,
      "ATLAS": 3.0143167550223215,
      "CMS": 3.769698718362603,
      "LHCb": 3.5550122261047363,
      "total": 2.505589246749878
    }
  },
  "6600": {
    "training_loss": 7969.7080078125,
    "validation_loss": [
      2965.805419921875
    ],
    "validation_chi2s": {
      "DEUTERON": 2.0329029595673975,
      "NMC": 2.771005667892157,
      "NUCLEAR": 2.143085205078125,
      "HERACOMB": 2.1419599944469976,
      "DYE886": 2.309901324185458,
      "CDF": 2.1358069011143277,
      "D0": 3.70001220703125,
      "ATLAS": 3.1196456473214287,
      "CMS": 3.894325949928977,
      "LHCb": 3.2579095363616943,
      "total": 2.5236759185791016
    }
  },
  "6700": {
    "training_loss": 7963.11279296875,
    "validation_loss": [
      2968.640625
    ],
    "validation_chi2s": {
      "DEUTERON": 2.0432557063316232,
      "NMC": 2.7755270565257355,
      "NUCLEAR": 2.1368935546875,
      "HERACOMB": 2.132784176496119,
      "DYE886": 2.358984513716264,
      "CDF": 2.1680567605154857,
      "D0": 3.7654552459716797,
      "ATLAS": 3.123819405691964,
      "CMS": 3.921783951688404,
      "LHCb": 3.226013660430908,
      "total": 2.5261847972869873
    }
  },
  "6800": {
    "training_loss": 7972.83837890625,
    "validation_loss": [
      2943.97412109375
    ],
    "validation_chi2s": {
      "DEUTERON": 2.0843666797846705,
      "NMC": 2.8456163593367036,
      "NUCLEAR": 2.142121337890625,
      "HERACOMB": 2.1193380916819855,
      "DYE886": 2.365997314453125,
      "CDF": 2.116627965654646,
      "D0": 2.975014877319336,
      "ATLAS": 3.0171773856026785,
      "CMS": 3.7950585735730886,
      "LHCb": 3.4968202114105225,
      "total": 2.5054099559783936
    }
  },
  "6900": {
    "training_loss": 7969.64453125,
    "validation_loss": [
      2943.7294921875
    ],
    "validation_chi2s": {
      "DEUTERON": 2.0639601370588463,
      "NMC": 2.814068364162071,
      "NUCLEAR": 2.1457578125,
      "HERACOMB": 2.1103314169092116,
      "DYE886": 2.3511839779940518,
      "CDF": 2.189032963344029,
      "D0": 3.2174057006835937,
      "ATLAS": 3.031449497767857,
      "CMS": 3.8441694275406766,
      "LHCb": 3.3803205490112305,
      "total": 2.5052053928375244
    }
  },
  "7000": {
    "training_loss": 7962.4375,
    "validation_loss": [
      2962.765625
    ],
    "validation_chi2s": {
      "DEUTERON": 2.049593949199316,
      "NMC": 2.7785082050398286,
      "NUCLEAR": 2.136618896484375,
      "HERACOMB": 2.125112895092933,
      "DYE886": 2.3546326377175073,
      "CDF": 2.128983906337193,
      "D0": 3.5152122497558596,
      "ATLAS": 3.1275777762276786,
      "CMS": 3.8871457438823604,
      "LHCb": 3.2826268672943115,
      "total": 2.521432399749756
    }
  },
  "7100": {
    "training_loss": 7955.13330078125,
    "validation_loss": [
      2969.38427734375
    ],
    "validation_chi2s": {
      "DEUTERON": 2.020479876010572,
      "NMC": 2.7798354204963234,
      "NUCLEAR": 2.142298828125,
      "HERACOMB": 2.193695467281965,
      "DYE886": 2.342884583906694,
      "CDF": 2.1377224240984236,
      "D0": 3.1967164993286135,
      "ATLAS": 3.1373681640625,
      "CMS": 3.7996069537706614,
      "LHCb": 3.345853805541992,
      "total": 2.5268659591674805
    }
  },
  "7200": {
    "training_loss": 7972.78857421875,
    "validation_loss": [
      2932.359375
    ],
    "validation_chi2s": {
      "DEUTERON": 2.057341011009406,
      "NMC": 2.8394757439108456,
      "NUCLEAR": 2.148119384765625,
      "HERACOMB": 2.1085763569750817,
      "DYE886": 2.3562550978227095,
      "CDF": 2.1619923455374583,
      "D0": 2.818288040161133,
      "ATLAS": 3.070984584263393,
      "CMS": 3.762746006989282,
      "LHCb": 3.245213270187378,
      "total": 2.495582103729248
    }
  },
  "7300": {
    "training_loss": 7965.44482421875,
    "validation_loss": [
      2944.281982421875
    ],
    "validation_chi2s": {
      "DEUTERON": 2.0823458391635574,
      "NMC": 2.8407514983532476,
      "NUCLEAR": 2.142374267578125,
      "HERACOMB": 2.1122540243310866,
      "DYE886": 2.343102888627486,
      "CDF": 2.1030210767473494,
      "D0": 2.9800207138061525,
      "ATLAS": 3.023841378348214,
      "CMS": 3.808642679009556,
      "LHCb": 3.523617744445801,
      "total": 2.505716323852539
    }
  },
  "7400": {
    "training_loss": 7950.69384765625,
    "validation_loss": [
      2942.58447265625
    ],
    "validation_chi2s": {
      "DEUTERON": 2.0888922392432367,
      "NMC": 2.85453826305913,
      "NUCLEAR": 2.138284912109375,
      "HERACOMB": 2.107373405905331,
      "DYE886": 2.3830691250887783,
      "CDF": 2.1025168555123463,
      "D0": 2.935240936279297,
      "ATLAS": 3.030660226004464,
      "CMS": 3.7955945227756973,
      "LHCb": 3.4850575923919678,
      "total": 2.5042788982391357
    }
  },
  "7500": {
    "training_loss": 7953.4560546875,
    "validation_loss": [
      2966.3291015625
    ],
    "validation_chi2s": {
      "DEUTERON": 2.0435989911283428,
      "NMC": 2.787077361462163,
      "NUCLEAR": 2.14724755859375,
      "HERACOMB": 2.1953059177772674,
      "DYE886": 2.3631139235063032,
      "CDF": 2.09552914755685,
      "D0": 2.994021987915039,
      "ATLAS": 3.080198800223214,
      "CMS": 3.8091400398695763,
      "LHCb": 3.376208543777466,
      "total": 2.524303674697876
    }
  },
  "7600": {
    "training_loss": 7951.88232421875,
    "validation_loss": [
      2940.935791015625
    ],
    "validation_chi2s": {
      "DEUTERON": 2.0901594019647853,
      "NMC": 2.842977486404718,
      "NUCLEAR": 2.142602783203125,
      "HERACOMB": 2.097173753127553,
      "DYE886": 2.3678592335094106,
      "CDF": 2.1101157324654713,
      "D0": 3.0441471099853517,
      "ATLAS": 3.0262782505580357,
      "CMS": 3.820121828189566,
      "LHCb": 3.414210081100464,
      "total": 2.502887487411499
    }
  },
  "7700": {
    "training_loss": 7952.22412109375,
    "validation_loss": [
      2962.77294921875
    ],
    "validation_chi2s": {
      "DEUTERON": 2.0603590628400963,
      "NMC": 2.7897246117685355,
      "NUCLEAR": 2.143715087890625,
      "HERACOMB": 2.1117687350005108,
      "DYE886": 2.4031892256303267,
      "CDF": 2.1622915267944336,
      "D0": 3.68762321472168,
      "ATLAS": 3.1247586495535713,
      "CMS": 3.889801025390625,
      "LHCb": 3.1809494495391846,
      "total": 2.5214548110961914
    }
  },
  "7800": {
    "training_loss": 7952.626953125,
    "validation_loss": [
      2957.8603515625
    ],
    "validation_chi2s": {
      "DEUTERON": 2.041194782921331,
      "NMC": 2.7860765644148286,
      "NUCLEAR": 2.141325927734375,
      "HERACOMB": 2.1473871368208743,
      "DYE886": 2.3503244573419746,
      "CDF": 2.0976200103759766,
      "D0": 3.1492074966430663,
      "ATLAS": 3.1268980189732143,
      "CMS": 3.8263085735730886,
      "LHCb": 3.2800543308258057,
      "total": 2.517307758331299
    }
  },
  "7900": {
    "training_loss": 7951.50634765625,
    "validation_loss": [
      2946.392578125
    ],
    "validation_chi2s": {
      "DEUTERON": 2.037207608199238,
      "NMC": 2.802773569144455,
      "NUCLEAR": 2.151353759765625,
      "HERACOMB": 2.1448813045726105,
      "DYE886": 2.3910000540993432,
      "CDF": 2.123021806989397,
      "D0": 2.9027570724487304,
      "ATLAS": 3.04517578125,
      "CMS": 3.7877096381069215,
      "LHCb": 3.501962900161743,
      "total": 2.5075442790985107
    }
  },
  "8000": {
    "training_loss": 7934.6923828125,
    "validation_loss": [
      2968.05810546875
    ],
    "validation_chi2s": {
      "DEUTERON": 2.035952288119947,
      "NMC": 2.767555984796262,
      "NUCLEAR": 2.139004150390625,
      "HERACOMB": 2.149896559372447,
      "DYE886": 2.3735509352250532,
      "CDF": 2.08681092943464,
      "D0": 3.4034175872802734,
      "ATLAS": 3.1475938197544644,
      "CMS": 3.8897664724302685,
      "LHCb": 3.208264112472534,
      "total": 2.5259628295898438
    }
  },
  "8100": {
    "training_loss": 7955.47705078125,
    "validation_loss": [
      2940.99072265625
    ],
    "validation_chi2s": {
      "DEUTERON": 2.0450885829640857,
      "NMC": 2.8048514571844363,
      "NUCLEAR": 2.15210302734375,
      "HERACOMB": 2.1258259692223245,
      "DYE886": 2.3817098790949043,
      "CDF": 2.109288760593959,
      "D0": 2.894207572937012,
      "ATLAS": 3.0132938058035714,
      "CMS": 3.811676529813404,
      "LHCb": 3.5527184009552,
      "total": 2.502953052520752
    }
  },
  "8200": {
    "training_loss": 7943.92626953125,
    "validation_loss": [
      2938.79150390625
    ],
    "validation_chi2s": {
      "DEUTERON": 2.0706738524175994,
      "NMC": 2.8281728707107843,
      "NUCLEAR": 2.140341796875,
      "HERACOMB": 2.104565190333946,
      "DYE886": 2.3642616271972656,
      "CDF": 2.0962730135236467,
      "D0": 3.0620168685913085,
      "ATLAS": 3.0299368722098214,
      "CMS": 3.8274614318343234,
      "LHCb": 3.3933796882629395,
      "total": 2.501091480255127
    }
  },
  "8300": {
    "training_loss": 7973.30322265625,
    "validation_loss": [
      2927.751708984375
    ],
    "validation_chi2s": {
      "DEUTERON": 2.042380261777052,
      "NMC": 2.811502793255974,
      "NUCLEAR": 2.145944091796875,
      "HERACOMB": 2.100289139093137,
      "DYE886": 2.3450116244229404,
      "CDF": 2.1273490360804965,
      "D0": 2.970440673828125,
      "ATLAS": 3.035687081473214,
      "CMS": 3.8168420712809916,
      "LHCb": 3.2937140464782715,
      "total": 2.4916999340057373
    }
  },
  "8400": {
    "training_loss": 7938.5263671875,
    "validation_loss": [
      2932.15283203125
    ],
    "validation_chi2s": {
      "DEUTERON": 2.0765846973627955,
      "NMC": 2.858419081744026,
      "NUCLEAR": 2.139322265625,
      "HERACOMB": 2.096646576925041,
      "DYE886": 2.392009908502752,
      "CDF": 2.1058556692940846,
      "D0": 2.926723861694336,
      "ATLAS": 3.0287785993303573,
      "CMS": 3.802919750371255,
      "LHCb": 3.3047890663146973,
      "total": 2.4954490661621094
    }
  },
  "8500": {
    "training_loss": 7943.84228515625,
    "validation_loss": [
      2954.775390625
    ],
    "validation_chi2s": {
      "DEUTERON": 2.0209803035603233,
      "NMC": 2.790852565391391,
      "NUCLEAR": 2.152322265625,
      "HERACOMB": 2.1692560731975083,
      "DYE886": 2.318472081964666,
      "CDF": 2.0666285923549106,
      "D0": 2.9058279037475585,
      "ATLAS": 3.0861366489955357,
      "CMS": 3.8214888139204546,
      "LHCb": 3.348011016845703,
      "total": 2.5145232677459717
    }
  },
  "8600": {
    "training_loss": 7937.5751953125,
    "validation_loss": [
      2953.30859375
    ],
    "validation_chi2s": {
      "DEUTERON": 2.0497647565395676,
      "NMC": 2.7937418619791665,
      "NUCLEAR": 2.14032861328125,
      "HERACOMB": 2.0941902110779207,
      "DYE886": 2.383824261752042,
      "CDF": 2.0958644321986606,
      "D0": 3.601778030395508,
      "ATLAS": 3.083800223214286,
      "CMS": 3.931264073395532,
      "LHCb": 3.2636890411376953,
      "total": 2.5134527683258057
    }
  },
  "8700": {
    "training_loss": 7927.236328125,
    "validation_loss": [
      2959.341552734375
    ],
    "validation_chi2s": {
      "DEUTERON": 2.030202837132696,
      "NMC": 2.7880446490119484,
      "NUCLEAR": 2.138435302734375,
      "HERACOMB": 2.141803217869179,
      "DYE886": 2.3628704764626245,
      "CDF": 2.1005036490304128,
      "D0": 3.2668819427490234,
      "ATLAS": 3.1251290457589285,
      "CMS": 3.8812699751420454,
      "LHCb": 3.224783182144165,
      "total": 2.5185885429382324
    }
  },
  "8800": {
    "training_loss": 7926.77685546875,
    "validation_loss": [
      2956.192138671875
    ],
    "validation_chi2s": {
      "DEUTERON": 2.0261805899700716,
      "NMC": 2.79442491718367,
      "NUCLEAR": 2.1355986328125,
      "HERACOMB": 2.133227379493464,
      "DYE886": 2.3478117856112393,
      "CDF": 2.126385007585798,
      "D0": 3.3049854278564452,
      "ATLAS": 3.12389892578125,
      "CMS": 3.8892625540741217,
      "LHCb": 3.214898109436035,
      "total": 2.5159075260162354
    }
  },
  "8900": {
    "training_loss": 7919.44287109375,
    "validation_loss": [
      2931.16943359375
    ],
    "validation_chi2s": {
      "DEUTERON": 2.056887650371191,
      "NMC": 2.859266393324908,
      "NUCLEAR": 2.1475029296875,
      "HERACOMB": 2.1135397518382355,
      "DYE886": 2.4523176713423296,
      "CDF": 2.137967790876116,
      "D0": 2.7709842681884767,
      "ATLAS": 2.9727103097098215,
      "CMS": 3.7835206591393336,
      "LHCb": 3.550976276397705,
      "total": 2.49460768699646
    }
  },
  "9000": {
    "training_loss": 7924.51416015625,
    "validation_loss": [
      2931.604248046875
    ],
    "validation_chi2s": {
      "DEUTERON": 2.067116960364195,
      "NMC": 2.8506622314453125,
      "NUCLEAR": 2.15180810546875,
      "HERACOMB": 2.1236067628548816,
      "DYE886": 2.380006269975142,
      "CDF": 2.146954263959612,
      "D0": 2.627372932434082,
      "ATLAS": 2.9971561104910713,
      "CMS": 3.772201916403022,
      "LHCb": 3.3857383728027344,
      "total": 2.494974136352539
    }
  },
  "9100": {
    "training_loss": 7935.64697265625,
    "validation_loss": [
      2948.18603515625
    ],
    "validation_chi2s": {
      "DEUTERON": 2.0414217668979324,
      "NMC": 2.825204288258272,
      "NUCLEAR": 2.1509404296875,
      "HERACOMB": 2.1528340258629495,
      "DYE886": 2.3544094779274682,
      "CDF": 2.068758283342634,
      "D0": 2.7965206146240233,
      "ATLAS": 3.0412820870535713,
      "CMS": 3.8145986509717202,
      "LHCb": 3.4136996269226074,
      "total": 2.509094476699829
    }
  },
  "9200": {
    "training_loss": 7920.80615234375,
    "validation_loss": [
      2960.755615234375
    ],
    "validation_chi2s": {
      "DEUTERON": 2.0174417827852924,
      "NMC": 2.8017081466375613,
      "NUCLEAR": 2.137826904296875,
      "HERACOMB": 2.143716251148897,
      "DYE886": 2.3504954251376065,
      "CDF": 2.1210975646972656,
      "D0": 3.390432357788086,
      "ATLAS": 3.1198639787946427,
      "CMS": 3.903486519805656,
      "LHCb": 3.2235143184661865,
      "total": 2.5197787284851074
    }
  },
  "9300": {
    "training_loss": 7926.7490234375,
    "validation_loss": [
      2948.281005859375
    ],
    "validation_chi2s": {
      "DEUTERON": 2.028006482480177,
      "NMC": 2.7992667403875613,
      "NUCLEAR": 2.142693115234375,
      "HERACOMB": 2.138830646190768,
      "DYE886": 2.385978351939808,
      "CDF": 2.140936715262277,
      "D0": 3.199494552612305,
      "ATLAS": 3.100753696986607,
      "CMS": 3.872432235843879,
      "LHCb": 3.0313851833343506,
      "total": 2.509124279022217
    }
  },
  "9400": {
    "training_loss": 7969.1767578125,
    "validation_loss": [
      2930.6171875
    ],
    "validation_chi2s": {
      "DEUTERON": 2.0371347304007306,
      "NMC": 2.827303418926164,
      "NUCLEAR": 2.14162548828125,
      "HERACOMB": 2.0942001841426676,
      "DYE886": 2.325068560513583,
      "CDF": 2.143831525530134,
      "D0": 2.911724662780762,
      "ATLAS": 3.0662297712053572,
      "CMS": 3.852914100836131,
      "LHCb": 3.208127498626709,
      "total": 2.4941418170928955
    }
  },
  "9500": {
    "training_loss": 7922.63037109375,
    "validation_loss": [
      2956.919677734375
    ],
    "validation_chi2s": {
      "DEUTERON": 2.040182996152052,
      "NMC": 2.8072001139322915,
      "NUCLEAR": 2.137515380859375,
      "HERACOMB": 2.1037372264986725,
      "DYE886": 2.4170279069380327,
      "CDF": 2.2071793419974193,
      "D0": 3.7284313201904298,
      "ATLAS": 3.1107864815848214,
      "CMS": 3.9644041455481664,
      "LHCb": 2.984321355819702,
      "total": 2.5164716243743896
    }
  },
  "9600": {
    "training_loss": 7923.08544921875,
    "validation_loss": [
      2950.427490234375
    ],
    "validation_chi2s": {
      "DEUTERON": 2.044801322974969,
      "NMC": 2.8137545118144915,
      "NUCLEAR": 2.137970703125,
      "HERACOMB": 2.092636208129085,
      "DYE886": 2.4039237282492896,
      "CDF": 2.2887352534702847,
      "D0": 3.4656219482421875,
      "ATLAS": 3.10639404296875,
      "CMS": 3.9660990060853565,
      "LHCb": 2.937389373779297,
      "total": 2.510998249053955
    }
  },
  "9700": {
    "training_loss": 7955.880859375,
    "validation_loss": [
      2970.611328125
    ],
    "validation_chi2s": {
      "DEUTERON": 2.0577456346198693,
      "NMC": 2.8252937466490504,
      "NUCLEAR": 2.1678759765625,
      "HERACOMB": 2.1106429754518996,
      "DYE886": 2.327225078235973,
      "CDF": 2.0292821611676897,
      "D0": 3.182789993286133,
      "ATLAS": 3.0812451171875,
      "CMS": 3.89778023711906,
      "LHCb": 3.656435012817383,
      "total": 2.5281782150268555
    }
  },
  "9800": {
    "training_loss": 7916.8994140625,
    "validation_loss": [
      2935.361083984375
    ],
    "validation_chi2s": {
      "DEUTERON": 2.0422662383881374,
      "NMC": 2.8280502020143996,
      "NUCLEAR": 2.144168212890625,
      "HERACOMB": 2.0896373075597428,
      "DYE886": 2.360183369029652,
      "CDF": 2.220013209751674,
      "D0": 3.2752819061279297,
      "ATLAS": 3.0354268973214285,
      "CMS": 3.911113644434401,
      "LHCb": 3.1406567096710205,
      "total": 2.498178243637085
    }
  },
  "9900": {
    "training_loss": 7923.666015625,
    "validation_loss": [
      2950.1396484375
    ],
    "validation_chi2s": {
      "DEUTERON": 2.0253957871773944,
      "NMC": 2.8236700319776347,
      "NUCLEAR": 2.148315185546875,
      "HERACOMB": 2.164847180734273,
      "DYE886": 2.3418540954589844,
      "CDF": 2.0738047191074918,
      "D0": 2.841301918029785,
      "ATLAS": 3.072468959263393,
      "CMS": 3.806319812112603,
      "LHCb": 3.3377747535705566,
      "total": 2.5107572078704834
    }
  },
  "10000": {
    "training_loss": 7970.6982421875,
    "validation_loss": [
      2944.1171875
    ],
    "validation_chi2s": {
      "DEUTERON": 2.0939867010164024,
      "NMC": 2.9000746783088234,
      "NUCLEAR": 2.152629150390625,
      "HERACOMB": 2.113460765165441,
      "DYE886": 2.4031200408935547,
      "CDF": 2.0667780467442105,
      "D0": 2.796344184875488,
      "ATLAS": 2.9979684012276784,
      "CMS": 3.8203183008619575,
      "LHCb": 3.3825650215148926,
      "total": 2.5056307315826416
    }
  },
  "10100": {
    "training_loss": 7912.72119140625,
    "validation_loss": [
      2932.462890625
    ],
    "validation_chi2s": {
      "DEUTERON": 2.0727763769045398,
      "NMC": 2.831920249789369,
      "NUCLEAR": 2.14869970703125,
      "HERACOMB": 2.10167000963797,
      "DYE886": 2.3366961045698686,
      "CDF": 2.0317995888846263,
      "D0": 2.70528564453125,
      "ATLAS": 2.987957589285714,
      "CMS": 3.8349763223947573,
      "LHCb": 3.484323740005493,
      "total": 2.4957003593444824
    }
  },
  "10200": {
    "training_loss": 7915.69970703125,
    "validation_loss": [
      2945.296630859375
    ],
    "validation_chi2s": {
      "DEUTERON": 2.0731349964046952,
      "NMC": 2.8195854635799633,
      "NUCLEAR": 2.138988525390625,
      "HERACOMB": 2.090694851345486,
      "DYE886": 2.367131840098988,
      "CDF": 2.1403705051967075,
      "D0": 3.4637828826904298,
      "ATLAS": 3.035076381138393,
      "CMS": 3.942049893465909,
      "LHCb": 3.1394591331481934,
      "total": 2.5066256523132324
    }
  },
  "10300": {
    "training_loss": 7946.79931640625,
    "validation_loss": [
      2923.1875
    ],
    "validation_chi2s": {
      "DEUTERON": 2.060564638963386,
      "NMC": 2.877869549919577,
      "NUCLEAR": 2.15624853515625,
      "HERACOMB": 2.101540359796262,
      "DYE886": 2.3039767525412818,
      "CDF": 2.1451813834054128,
      "D0": 2.655966377258301,
      "ATLAS": 3.022967354910714,
      "CMS": 3.7677698056559916,
      "LHCb": 3.2164487838745117,
      "total": 2.487819194793701
    }
  },
  "10400": {
    "training_loss": 7930.10791015625,
    "validation_loss": [
      2940.0693359375
    ],
    "validation_chi2s": {
      "DEUTERON": 2.061959186003576,
      "NMC": 2.8200752407896754,
      "NUCLEAR": 2.134181884765625,
      "HERACOMB": 2.074386297487745,
      "DYE886": 2.3110051588578657,
      "CDF": 2.049132755824498,
      "D0": 3.2643890380859375,
      "ATLAS": 3.1039181082589287,
      "CMS": 3.9003752401052427,
      "LHCb": 3.1413350105285645,
      "total": 2.5021865367889404
    }
  },
  "10500": {
    "training_loss": 7916.76123046875,
    "validation_loss": [
      2940.714599609375
    ],
    "validation_chi2s": {
      "DEUTERON": 2.085817251632463,
      "NMC": 2.8727958529603246,
      "NUCLEAR": 2.150799560546875,
      "HERACOMB": 2.061783136106005,
      "DYE886": 2.3117618560791016,
      "CDF": 2.023499080113002,
      "D0": 3.17318115234375,
      "ATLAS": 3.03871337890625,
      "CMS": 3.8781614697669164,
      "LHCb": 3.392416000366211,
      "total": 2.5027337074279785
    }
  },
  "10600": {
    "training_loss": 7907.8896484375,
    "validation_loss": [
      2942.889892578125
    ],
    "validation_chi2s": {
      "DEUTERON": 2.0476915350007774,
      "NMC": 2.850748997108609,
      "NUCLEAR": 2.14404736328125,
      "HERACOMB": 2.1471453897314134,
      "DYE886": 2.3289824399081143,
      "CDF": 2.0099479130336215,
      "D0": 2.726428413391113,
      "ATLAS": 3.017191685267857,
      "CMS": 3.7904309989992253,
      "LHCb": 3.551659345626831,
      "total": 2.5045855045318604
    }
  },
  "10700": {
    "training_loss": 7905.0634765625,
    "validation_loss": [
      2934.496826171875
    ],
    "validation_chi2s": {
      "DEUTERON": 2.0465499346529072,
      "NMC": 2.8375597187117036,
      "NUCLEAR": 2.147899658203125,
      "HERACOMB": 2.1410761814491424,
      "DYE886": 2.302371631969105,
      "CDF": 2.0173379353114536,
      "D0": 2.7800882339477537,
      "ATLAS": 2.9899679129464287,
      "CMS": 3.807634085663094,
      "LHCb": 3.4293100833892822,
      "total": 2.4974441528320312
    }
  },
  "10800": {
    "training_loss": 7908.02685546875,
    "validation_loss": [
      2938.48974609375
    ],
    "validation_chi2s": {
      "DEUTERON": 2.0478646197722328,
      "NMC": 2.8496515610638786,
      "NUCLEAR": 2.15225927734375,
      "HERACOMB": 2.151267057929943,
      "DYE886": 2.261656327681108,
      "CDF": 2.0277932030814037,
      "D0": 2.6502557754516602,
      "ATLAS": 3.01384521484375,
      "CMS": 3.787614554413094,
      "LHCb": 3.405855894088745,
      "total": 2.500826120376587
    }
  },
  "10900": {
    "training_loss": 7919.82275390625,
    "validation_loss": [
      2937.854736328125
    ],
    "validation_chi2s": {
      "DEUTERON": 2.029205170436878,
      "NMC": 2.8421053418926165,
      "NUCLEAR": 2.14219384765625,
      "HERACOMB": 2.1308853049683414,
      "DYE886": 2.304594386707653,
      "CDF": 2.0442468098231723,
      "D0": 2.956062126159668,
      "ATLAS": 3.004369419642857,
      "CMS": 3.8250782864152892,
      "LHCb": 3.570739507675171,
      "total": 2.5002987384796143
    }
  },
  "11000": {
    "training_loss": 7961.755859375,
    "validation_loss": [
      2943.944580078125
    ],
    "validation_chi2s": {
      "DEUTERON": 2.079922804191931,
      "NMC": 2.9192696365655637,
      "NUCLEAR": 2.163710693359375,
      "HERACOMB": 2.1147654414956087,
      "DYE886": 2.2707946083762427,
      "CDF": 2.021327154976981,
      "D0": 2.7802862167358398,
      "ATLAS": 3.000975864955357,
      "CMS": 3.7945680224205836,
      "LHCb": 3.5227560997009277,
      "total": 2.5054850578308105
    }
  },
  "11100": {
    "training_loss": 7914.82568359375,
    "validation_loss": [
      2936.52197265625
    ],
    "validation_chi2s": {
      "DEUTERON": 2.045002496064599,
      "NMC": 2.8536215389476105,
      "NUCLEAR": 2.137462890625,
      "HERACOMB": 2.119240555108762,
      "DYE886": 2.257893302223899,
      "CDF": 2.0176752635410855,
      "D0": 2.8900516510009764,
      "ATLAS": 3.065110560825893,
      "CMS": 3.8057498143724175,
      "LHCb": 3.3593902587890625,
      "total": 2.4991676807403564
    }
  },
  "11200": {
    "training_loss": 7913.0126953125,
    "validation_loss": [
      2924.48583984375
    ],
    "validation_chi2s": {
      "DEUTERON": 2.041547784757851,
      "NMC": 2.873174929151348,
      "NUCLEAR": 2.151590576171875,
      "HERACOMB": 2.136749267578125,
      "DYE886": 2.254583011973988,
      "CDF": 2.070176805768694,
      "D0": 2.6070446014404296,
      "ATLAS": 3.0303696986607145,
      "CMS": 3.741790267061596,
      "LHCb": 3.2070722579956055,
      "total": 2.488924026489258
    }
  },
  "11300": {
    "training_loss": 7938.5576171875,
    "validation_loss": [
      2973.384521484375
    ],
    "validation_chi2s": {
      "DEUTERON": 2.0442257401955066,
      "NMC": 2.868671791226256,
      "NUCLEAR": 2.166819580078125,
      "HERACOMB": 2.1776667576210174,
      "DYE886": 2.244103518399325,
      "CDF": 2.039982114519392,
      "D0": 2.921156311035156,
      "ATLAS": 3.091189662388393,
      "CMS": 3.8015068621674843,
      "LHCb": 3.572476625442505,
      "total": 2.5305395126342773
    }
  },
  "11400": {
    "training_loss": 7898.15087890625,
    "validation_loss": [
      2918.9140625
    ],
    "validation_chi2s": {
      "DEUTERON": 2.086986029326026,
      "NMC": 2.9053967045802698,
      "NUCLEAR": 2.1333544921875,
      "HERACOMB": 2.070599325342116,
      "DYE886": 2.2778575203635474,
      "CDF": 2.0409901482718333,
      "D0": 2.7245336532592774,
      "ATLAS": 3.0059504045758927,
      "CMS": 3.8017777371997674,
      "LHCb": 3.3314430713653564,
      "total": 2.484178304672241
    }
  },
  "11500": {
    "training_loss": 7904.96533203125,
    "validation_loss": [
      2943.1337890625
    ],
    "validation_chi2s": {
      "DEUTERON": 2.030826701453669,
      "NMC": 2.811505485983456,
      "NUCLEAR": 2.138872802734375,
      "HERACOMB": 2.1303726894403594,
      "DYE886": 2.2217539007013496,
      "CDF": 2.0122451782226562,
      "D0": 2.958616828918457,
      "ATLAS": 3.1224996512276784,
      "CMS": 3.835048202640754,
      "LHCb": 3.1846866607666016,
      "total": 2.5047945976257324
    }
  },
  "11600": {
    "training_loss": 7962.45068359375,
    "validation_loss": [
      2917.66015625
    ],
    "validation_chi2s": {
      "DEUTERON": 2.0832818633881374,
      "NMC": 2.8886946135876226,
      "NUCLEAR": 2.140102294921875,
      "HERACOMB": 2.0708195306117236,
      "DYE886": 2.2931102405894888,
      "CDF": 2.0529003143310547,
      "D0": 2.889473533630371,
      "ATLAS": 2.9883468191964284,
      "CMS": 3.8028680470364153,
      "LHCb": 3.3149898052215576,
      "total": 2.4831149578094482
    }
  },
  "11700": {
    "training_loss": 7946.50732421875,
    "validation_loss": [
      2960.33935546875
    ],
    "validation_chi2s": {
      "DEUTERON": 2.048285489058613,
      "NMC": 2.8724242565678617,
      "NUCLEAR": 2.179140869140625,
      "HERACOMB": 2.1484694138071894,
      "DYE886": 2.3193140896883877,
      "CDF": 2.0515858786446706,
      "D0": 2.975657844543457,
      "ATLAS": 3.03624267578125,
      "CMS": 3.802532101465651,
      "LHCb": 3.541628837585449,
      "total": 2.519437789916992
    }
  },
  "11800": {
    "training_loss": 7888.48046875,
    "validation_loss": [
      2927.81201171875
    ],
    "validation_chi2s": {
      "DEUTERON": 2.10004345338736,
      "NMC": 2.9181141572840072,
      "NUCLEAR": 2.144837890625,
      "HERACOMB": 2.0973321253957313,
      "DYE886": 2.372854059392756,
      "CDF": 2.0261636461530412,
      "D0": 2.6828622817993164,
      "ATLAS": 2.928724888392857,
      "CMS": 3.7699224298650567,
      "LHCb": 3.651480197906494,
      "total": 2.491638422012329
    }
  },
  "11900": {
    "training_loss": 7911.03271484375,
    "validation_loss": [
      2921.438232421875
    ],
    "validation_chi2s": {
      "DEUTERON": 2.058170603282416,
      "NMC": 2.8578972909964766,
      "NUCLEAR": 2.156398681640625,
      "HERACOMB": 2.1265204934512867,
      "DYE886": 2.281739495017312,
      "CDF": 2.025175094604492,
      "D0": 2.5333721160888674,
      "ATLAS": 3.000222516741071,
      "CMS": 3.734832007037707,
      "LHCb": 3.2971320152282715,
      "total": 2.486323595046997
    }
  },
  "12000": {
    "training_loss": 7940.8134765625,
    "validation_loss": [
      2938.67822265625
    ],
    "validation_chi2s": {
      "DEUTERON": 2.078497891402363,
      "NMC": 2.898602055568321,
      "NUCLEAR": 2.14085546875,
      "HERACOMB": 2.088485817504085,
      "DYE886": 2.366739099675959,
      "CDF": 2.007235527038574,
      "D0": 2.891745185852051,
      "ATLAS": 2.983521205357143,
      "CMS": 3.803599207854468,
      "LHCb": 3.7934165000915527,
      "total": 2.500999927520752
    }
  },
  "12100": {
    "training_loss": 7929.15087890625,
    "validation_loss": [
      2945.861328125
    ],
    "validation_chi2s": {
      "DEUTERON": 2.0582156964202425,
      "NMC": 2.8806355794270835,
      "NUCLEAR": 2.172010009765625,
      "HERACOMB": 2.1444630342371322,
      "DYE886": 2.310209794477983,
      "CDF": 2.0503184454781667,
      "D0": 3.1051048278808593,
      "ATLAS": 3.0105130440848216,
      "CMS": 3.7613217692729854,
      "LHCb": 3.3703689575195312,
      "total": 2.5071158409118652
    }
  },
  "12200": {
    "training_loss": 7931.23291015625,
    "validation_loss": [
      2940.24853515625
    ],
    "validation_chi2s": {
      "DEUTERON": 2.1106099750272076,
      "NMC": 2.8907258276845895,
      "NUCLEAR": 2.162186767578125,
      "HERACOMB": 2.09700062072355,
      "DYE886": 2.3409493186257104,
      "CDF": 2.112019811357771,
      "D0": 3.2607227325439454,
      "ATLAS": 3.0260096958705356,
      "CMS": 3.805813371642562,
      "LHCb": 3.043055772781372,
      "total": 2.5023093223571777
    }
  },
  "12300": {
    "training_loss": 7907.92919921875,
    "validation_loss": [
      2931.541748046875
    ],
    "validation_chi2s": {
      "DEUTERON": 2.0581871526158273,
      "NMC": 2.864545036764706,
      "NUCLEAR": 2.1466484375,
      "HERACOMB": 2.1395072189031863,
      "DYE886": 2.2906844399192114,
      "CDF": 2.0186974661690846,
      "D0": 2.9498102188110353,
      "ATLAS": 3.0000809151785712,
      "CMS": 3.7395418025245353,
      "LHCb": 3.4025120735168457,
      "total": 2.494929075241089
    }
  },
  "12400": {
    "training_loss": 7912.64404296875,
    "validation_loss": [
      2962.2177734375
    ],
    "validation_chi2s": {
      "DEUTERON": 2.0781779882326648,
      "NMC": 2.8018487668504903,
      "NUCLEAR": 2.1310390625,
      "HERACOMB": 2.100124982447406,
      "DYE886": 2.2538616874001245,
      "CDF": 1.988180160522461,
      "D0": 4.066996383666992,
      "ATLAS": 3.110492117745536,
      "CMS": 3.920669177346978,
      "LHCb": 3.2281997203826904,
      "total": 2.521036386489868
    }
  },
  "12500": {
    "training_loss": 7906.18359375,
    "validation_loss": [
      2936.72265625
    ],
    "validation_chi2s": {
      "DEUTERON": 2.0814480757831935,
      "NMC": 2.8760603362438726,
      "NUCLEAR": 2.144778564453125,
      "HERACOMB": 2.1210333132276347,
      "DYE886": 2.254284078424627,
      "CDF": 2.003206934247698,
      "D0": 2.8919015884399415,
      "ATLAS": 3.0038706752232143,
      "CMS": 3.76036185272469,
      "LHCb": 3.5382707118988037,
      "total": 2.499338388442993
    }
  },
  "12600": {
    "training_loss": 7988.01611328125,
    "validation_loss": [
      2930.16552734375
    ],
    "validation_chi2s": {
      "DEUTERON": 2.136199951171875,
      "NMC": 2.945089003619026,
      "NUCLEAR": 2.14337353515625,
      "HERACOMB": 2.091733446308211,
      "DYE886": 2.306163094260476,
      "CDF": 2.0103827885219028,
      "D0": 2.9260631561279298,
      "ATLAS": 2.9424410574776787,
      "CMS": 3.7695098120318957,
      "LHCb": 3.4240427017211914,
      "total": 2.493757963180542
    }
  }
}