{
  "100": {
    "training_loss": 362.66827392578125,
    "validation_loss": [
      145.026123046875
    ],
    "validation_chi2s": {
      "DEUTERON": 2.8215000152587892,
      "ATLAS": 2.924192255193537,
      "total": 2.843649387359619
    }
  },
  "200": {
    "training_loss": 350.253173828125,
    "validation_loss": [
      129.88986206054688
    ],
    "validation_chi2s": {
      "DEUTERON": 2.5215314865112304,
      "ATLAS": 2.6389638727361504,
      "total": 2.5468599796295166
    }
  },
  "300": {
    "training_loss": 330.6630859375,
    "validation_loss": [
      115.89835357666016
    ],
    "validation_chi2s": {
      "DEUTERON": 2.253776741027832,
      "ATLAS": 2.340662349354137,
      "total": 2.2725167274475098
    }
  },
  "400": {
    "training_loss": 322.2481689453125,
    "validation_loss": [
      139.95852661132812
    ],
    "validation_chi2s": {
      "DEUTERON": 1.8092945098876954,
      "ATLAS": 6.144249655983665,
      "total": 2.7442848682403564
    }
  },
  "500": {
    "training_loss": 321.0809020996094,
    "validation_loss": [
      93.705322265625
    ],
    "validation_chi2s": {
      "DEUTERON": 1.7293119430541992,
      "ATLAS": 2.2302587682550605,
      "total": 1.8373593091964722
    }
  },
  "600": {
    "training_loss": 313.7010803222656,
    "validation_loss": [
      93.1226577758789
    ],
    "validation_chi2s": {
      "DEUTERON": 1.663627815246582,
      "ATLAS": 2.416140469637784,
      "total": 1.8259344100952148
    }
  },
  "700": {
    "training_loss": 307.6672058105469,
    "validation_loss": [
      94.92774200439453
    ],
    "validation_chi2s": {
      "DEUTERON": 1.6514398574829101,
      "ATLAS": 2.6245590556751597,
      "total": 1.8613282442092896
    }
  },
  "800": {
    "training_loss": 304.6259460449219,
    "validation_loss": [
      97.21658325195312
    ],
    "validation_chi2s": {
      "DEUTERON": 1.6919111251831054,
      "ATLAS": 2.6854672865434126,
      "total": 1.90620756149292
    }
  },
  "900": {
    "training_loss": 308.6380310058594,
    "validation_loss": [
      92.62059020996094
    ],
    "validation_chi2s": {
      "DEUTERON": 1.5218902587890626,
      "ATLAS": 2.885907780040394,
      "total": 1.8160901069641113
    }
  }
}