{
  "100": {
    "training_loss": 24528.96875,
    "validation_loss": [
      11252.265625
    ],
    "validation_chi2s": {
      "DEUTERON": 8.712958644278608,
      "NMC": 4.241854499368107,
      "NUCLEAR": 7.59014990234375,
      "HERACOMB": 7.543157041462418,
      "DYE886": 52.47300026633523,
      "CDF": 7.210199083600726,
      "D0": 7.132896423339844,
      "ATLAS": 12.278949076902933,
      "CMS": 6.622125799005682,
      "LHCb": 10.737992286682129,
      "total": 9.153871536254883
    }
  },
  "200": {
    "training_loss": 18834.58984375,
    "validation_loss": [
      8422.4091796875
    ],
    "validation_chi2s": {
      "DEUTERON": 7.223453047263682,
      "NMC": 3.8853837555530024,
      "NUCLEAR": 6.51246435546875,
      "HERACOMB": 4.748858283547794,
      "DYE886": 44.2669677734375,
      "CDF": 7.092311859130859,
      "D0": 5.643252944946289,
      "ATLAS": 7.943537365790852,
      "CMS": 5.643403865089101,
      "LHCb": 7.45346212387085,
      "total": 6.91649055480957
    }
  },
  "300": {
    "training_loss": 17148.505859375,
    "validation_loss": [
      7649.03564453125
    ],
    "validation_chi2s": {
      "DEUTERON": 6.4935090174129355,
      "NMC": 4.2941918466605395,
      "NUCLEAR": 6.2011396484375,
      "HERACOMB": 4.064804575801674,
      "DYE886": 41.78409090909091,
      "CDF": 8.256386348179408,
      "D0": 6.781059265136719,
      "ATLAS": 6.606844257376047,
      "CMS": 5.138045886331353,
      "LHCb": 8.2182035446167,
      "total": 6.302358150482178
    }
  },
  "400": {
    "training_loss": 16197.7421875,
    "validation_loss": [
      7244.591796875
    ],
    "validation_chi2s": {
      "DEUTERON": 6.358552088191853,
      "NMC": 4.225472842945772,
      "NUCLEAR": 6.1670302734375,
      "HERACOMB": 3.611063240400327,
      "DYE886": 38.57120028409091,
      "CDF": 7.965395246233259,
      "D0": 7.57691650390625,
      "ATLAS": 6.109119266105098,
      "CMS": 4.8913755810950414,
      "LHCb": 8.220497131347656,
      "total": 5.995630741119385
    }
  },
  "500": {
    "training_loss": 15605.63671875,
    "validation_loss": [
      7024.384765625
    ],
    "validation_chi2s": {
      "DEUTERON": 6.668944097870025,
      "NMC": 4.119184905407476,
      "NUCLEAR": 5.97680078125,
      "HERACOMB": 3.5005995806525734,
      "DYE886": 34.02139559659091,
      "CDF": 7.761808122907366,
      "D0": 9.133120727539062,
      "ATLAS": 5.635334036203736,
      "CMS": 4.753506747159091,
      "LHCb": 8.065327644348145,
      "total": 5.811741828918457
    }
  },
  "600": {
    "training_loss": 15247.921875,
    "validation_loss": [
      6806.72412109375
    ],
    "validation_chi2s": {
      "DEUTERON": 6.884507516130286,
      "NMC": 4.0076649983723955,
      "NUCLEAR": 5.53902099609375,
      "HERACOMB": 3.394946528416054,
      "DYE886": 32.55523404208097,
      "CDF": 7.183545248849051,
      "D0": 9.399732971191407,
      "ATLAS": 5.37658793699808,
      "CMS": 4.535216276310692,
      "LHCb": 7.681544303894043,
      "total": 5.622784614562988
    }
  },
  "700": {
    "training_loss": 14999.00390625,
    "validation_loss": [
      6613.318359375
    ],
    "validation_chi2s": {
      "DEUTERON": 6.949521800178793,
      "NMC": 3.9707219740923714,
      "NUCLEAR": 5.2126455078125,
      "HERACOMB": 3.2937249077690973,
      "DYE886": 31.53101973100142,
      "CDF": 6.7533754621233255,
      "D0": 9.49975128173828,
      "ATLAS": 5.175842626134776,
      "CMS": 4.348955138655733,
      "LHCb": 7.297985076904297,
      "total": 5.4559712409973145
    }
  },
  "800": {
    "training_loss": 14803.681640625,
    "validation_loss": [
      6479.50537109375
    ],
    "validation_chi2s": {
      "DEUTERON": 7.00495508298352,
      "NMC": 3.9703010110294117,
      "NUCLEAR": 5.0726943359375,
      "HERACOMB": 3.2302052616293913,
      "DYE886": 30.88869684392756,
      "CDF": 6.572319030761719,
      "D0": 9.158287048339844,
      "ATLAS": 4.96684904471456,
      "CMS": 4.1318218136621905,
      "LHCb": 7.045536041259766,
      "total": 5.342419147491455
    }
  },
  "900": {
    "training_loss": 14611.1806640625,
    "validation_loss": [
      6353.1201171875
    ],
    "validation_chi2s": {
      "DEUTERON": 6.9388537051072765,
      "NMC": 3.9565681008731617,
      "NUCLEAR": 4.98258349609375,
      "HERACOMB": 3.18660023009855,
      "DYE886": 30.617137562144887,
      "CDF": 6.3673586164202005,
      "D0": 9.285171508789062,
      "ATLAS": 4.767445825331704,
      "CMS": 3.8207770733793907,
      "LHCb": 7.132527828216553,
      "total": 5.2350873947143555
    }
  },
  "1000": {
    "training_loss": 14433.306640625,
    "validation_loss": [
      6284.330078125
    ],
    "validation_chi2s": {
      "DEUTERON": 7.047073592000933,
      "NMC": 3.989375993317249,
      "NUCLEAR": 4.89274462890625,
      "HERACOMB": 3.150644539228452,
      "DYE886": 30.12733875621449,
      "CDF": 6.1451568603515625,
      "D0": 8.44376220703125,
      "ATLAS": 4.662912379429993,
      "CMS": 3.6331963657347623,
      "LHCb": 7.268321514129639,
      "total": 5.177542209625244
    }
  },
  "1100": {
    "training_loss": 11083.5546875,
    "validation_loss": [
      6808.18115234375
    ],
    "validation_chi2s": {
      "DEUTERON": 15.33663469760572,
      "NMC": 3.9664896048751532,
      "NUCLEAR": 4.54562109375,
      "HERACOMB": 2.920645520578023,
      "DYE886": 5.551854567094282,
      "CDF": 3.1230580466134206,
      "D0": 3.2604320526123045,
      "ATLAS": 3.656590296569483,
      "CMS": 3.136651661770403,
      "LHCb": 7.121209144592285,
      "total": 5.728267192840576
    }
  },
  "1200": {
    "training_loss": 8005.248046875,
    "validation_loss": [
      3149.93115234375
    ],
    "validation_chi2s": {
      "DEUTERON": 2.418318107946595,
      "NMC": 3.6778986313763786,
      "NUCLEAR": 2.670640625,
      "HERACOMB": 2.519412171606924,
      "DYE886": 1.8555296117609197,
      "CDF": 2.8165100642613004,
      "D0": 2.918994331359863,
      "ATLAS": 2.4363502204085195,
      "CMS": 2.800765612893853,
      "LHCb": 4.979616641998291,
      "total": 2.6601603031158447
    }
  },
  "1300": {
    "training_loss": 7800.27734375,
    "validation_loss": [
      3056.301025390625
    ],
    "validation_chi2s": {
      "DEUTERON": 2.4498738910428326,
      "NMC": 3.6124246634689032,
      "NUCLEAR": 2.433438232421875,
      "HERACOMB": 2.4817267523871527,
      "DYE886": 1.7777063196355647,
      "CDF": 2.066559519086565,
      "D0": 3.0672229766845702,
      "ATLAS": 2.3742496767523567,
      "CMS": 2.820014890560434,
      "LHCb": 4.828202724456787,
      "total": 2.5864195823669434
    }
  },
  "1400": {
    "training_loss": 7760.171875,
    "validation_loss": [
      3025.824951171875
    ],
    "validation_chi2s": {
      "DEUTERON": 2.4587894268889925,
      "NMC": 3.5188152836818323,
      "NUCLEAR": 2.376856689453125,
      "HERACOMB": 2.466192307815053,
      "DYE886": 1.7238698439164595,
      "CDF": 1.9035523278372628,
      "D0": 3.0662490844726564,
      "ATLAS": 2.3752985266999826,
      "CMS": 2.8120962095654702,
      "LHCb": 4.718352794647217,
      "total": 2.5622453689575195
    }
  },
  "1500": {
    "training_loss": 7742.51953125,
    "validation_loss": [
      3011.7587890625
    ],
    "validation_chi2s": {
      "DEUTERON": 2.464342715135261,
      "NMC": 3.464657652611826,
      "NUCLEAR": 2.354702880859375,
      "HERACOMB": 2.456630931181066,
      "DYE886": 1.6874594254927202,
      "CDF": 1.878237043108259,
      "D0": 3.0393115997314455,
      "ATLAS": 2.37929854579478,
      "CMS": 2.801821117558755,
      "LHCb": 4.688552379608154,
      "total": 2.5513556003570557
    }
  },
  "1600": {
    "training_loss": 7735.3857421875,
    "validation_loss": [
      3004.3603515625
    ],
    "validation_chi2s": {
      "DEUTERON": 2.4674067710762593,
      "NMC": 3.422890756644455,
      "NUCLEAR": 2.346060791015625,
      "HERACOMB": 2.451622258603962,
      "DYE886": 1.6661943955854936,
      "CDF": 1.8753807885306222,
      "D0": 3.021093559265137,
      "ATLAS": 2.3827315175999475,
      "CMS": 2.7949183440405476,
      "LHCb": 4.667001724243164,
      "total": 2.5455985069274902
    }
  },
  "1700": {
    "training_loss": 7734.205078125,
    "validation_loss": [
      2999.12646484375
    ],
    "validation_chi2s": {
      "DEUTERON": 2.464753715553094,
      "NMC": 3.3874359130859375,
      "NUCLEAR": 2.343750244140625,
      "HERACOMB": 2.4492177526935253,
      "DYE886": 1.657086112282493,
      "CDF": 1.8601935250418526,
      "D0": 3.021363067626953,
      "ATLAS": 2.387688833907996,
      "CMS": 2.787812792565212,
      "LHCb": 4.625060558319092,
      "total": 2.541126012802124
    }
  },
  "1800": {
    "training_loss": 7720.60693359375,
    "validation_loss": [
      2999.77783203125
    ],
    "validation_chi2s": {
      "DEUTERON": 2.4749675390139148,
      "NMC": 3.4112321442248774,
      "NUCLEAR": 2.33954296875,
      "HERACOMB": 2.4464976990145018,
      "DYE886": 1.6626345894553445,
      "CDF": 1.8678321838378906,
      "D0": 3.0346832275390625,
      "ATLAS": 2.3784295620199023,
      "CMS": 2.79347569489282,
      "LHCb": 4.6334123611450195,
      "total": 2.5419623851776123
    }
  },
  "1900": {
    "training_loss": 7719.18017578125,
    "validation_loss": [
      2997.664794921875
    ],
    "validation_chi2s": {
      "DEUTERON": 2.471793255402674,
      "NMC": 3.4001587512446383,
      "NUCLEAR": 2.33750439453125,
      "HERACOMB": 2.4443159913705066,
      "DYE886": 1.658533443104137,
      "CDF": 1.876096589224679,
      "D0": 3.038490867614746,
      "ATLAS": 2.380644899506809,
      "CMS": 2.79262120270532,
      "LHCb": 4.633265495300293,
      "total": 2.5401933193206787
    }
  },
  "2000": {
    "training_loss": 7712.4931640625,
    "validation_loss": [
      2998.23095703125
    ],
    "validation_chi2s": {
      "DEUTERON": 2.475570906454058,
      "NMC": 3.4085346296721815,
      "NUCLEAR": 2.3348544921875,
      "HERACOMB": 2.4421610115400325,
      "DYE886": 1.6601401242342861,
      "CDF": 1.8933258056640625,
      "D0": 3.0420839309692385,
      "ATLAS": 2.3773026279896996,
      "CMS": 2.7988172799102533,
      "LHCb": 4.65104866027832,
      "total": 2.5408523082733154
    }
  },
  "2100": {
    "training_loss": 7706.84375,
    "validation_loss": [
      2998.376953125
    ],
    "validation_chi2s": {
      "DEUTERON": 2.4787262114719373,
      "NMC": 3.4119355444814645,
      "NUCLEAR": 2.332989990234375,
      "HERACOMB": 2.4411549287683822,
      "DYE886": 1.6661454981023616,
      "CDF": 1.903674943106515,
      "D0": 3.0432497024536134,
      "ATLAS": 2.37341257446971,
      "CMS": 2.8029729669744317,
      "LHCb": 4.656383991241455,
      "total": 2.5410449504852295
    }
  },
  "2200": {
    "training_loss": 7701.22216796875,
    "validation_loss": [
      2998.40576171875
    ],
    "validation_chi2s": {
      "DEUTERON": 2.482772599405317,
      "NMC": 3.4180064481847428,
      "NUCLEAR": 2.330699462890625,
      "HERACOMB": 2.4399830936606413,
      "DYE886": 1.6724747744473545,
      "CDF": 1.916510990687779,
      "D0": 3.0402894973754884,
      "ATLAS": 2.369504960555604,
      "CMS": 2.8057984911705836,
      "LHCb": 4.6615142822265625,
      "total": 2.541212558746338
    }
  },
  "2300": {
    "training_loss": 7697.3759765625,
    "validation_loss": [
      2997.701171875
    ],
    "validation_chi2s": {
      "DEUTERON": 2.484859030045087,
      "NMC": 3.419404572131587,
      "NUCLEAR": 2.32907666015625,
      "HERACOMB": 2.4380965887331496,
      "DYE886": 1.676129774613814,
      "CDF": 1.9211278642926897,
      "D0": 3.0368751525878905,
      "ATLAS": 2.36959446741882,
      "CMS": 2.8055543505455836,
      "LHCb": 4.657037258148193,
      "total": 2.540728807449341
    }
  },
  "2400": {
    "training_loss": 7694.37744140625,
    "validation_loss": [
      2997.109375
    ],
    "validation_chi2s": {
      "DEUTERON": 2.4841601623231497,
      "NMC": 3.4167357800053617,
      "NUCLEAR": 2.327326171875,
      "HERACOMB": 2.436257755055147,
      "DYE886": 1.6768856048583984,
      "CDF": 1.939309528895787,
      "D0": 3.026215362548828,
      "ATLAS": 2.369328163189595,
      "CMS": 2.809368795599819,
      "LHCb": 4.669057369232178,
      "total": 2.5403549671173096
    }
  },
  "2500": {
    "training_loss": 7690.5849609375,
    "validation_loss": [
      2996.8916015625
    ],
    "validation_chi2s": {
      "DEUTERON": 2.4848391404792443,
      "NMC": 3.419277415556066,
      "NUCLEAR": 2.325390625,
      "HERACOMB": 2.4348918441074345,
      "DYE886": 1.6786131425337358,
      "CDF": 1.9560733522687639,
      "D0": 3.01571102142334,
      "ATLAS": 2.3683940525161487,
      "CMS": 2.812426858697056,
      "LHCb": 4.680248260498047,
      "total": 2.5403339862823486
    }
  },
  "2600": {
    "training_loss": 7687.72705078125,
    "validation_loss": [
      2994.5029296875
    ],
    "validation_chi2s": {
      "DEUTERON": 2.481687934837531,
      "NMC": 3.414423624674479,
      "NUCLEAR": 2.32431689453125,
      "HERACOMB": 2.4334271998187296,
      "DYE886": 1.6840893138538708,
      "CDF": 1.9551936558314733,
      "D0": 3.0079118728637697,
      "ATLAS": 2.369196715967615,
      "CMS": 2.808949620270532,
      "LHCb": 4.668365955352783,
      "total": 2.5384521484375
    }
  },
  "2700": {
    "training_loss": 7681.314453125,
    "validation_loss": [
      2998.29296875
    ],
    "validation_chi2s": {
      "DEUTERON": 2.4960972420611784,
      "NMC": 3.440468582452512,
      "NUCLEAR": 2.323859619140625,
      "HERACOMB": 2.4355604383680554,
      "DYE886": 1.6824595711447976,
      "CDF": 1.9761830738612585,
      "D0": 2.9750709533691406,
      "ATLAS": 2.3620706057415326,
      "CMS": 2.8157477260621127,
      "LHCb": 4.663585186004639,
      "total": 2.5417935848236084
    }
  },
  "2800": {
    "training_loss": 7678.466796875,
    "validation_loss": [
      2996.58251953125
    ],
    "validation_chi2s": {
      "DEUTERON": 2.4895426432291665,
      "NMC": 3.4315077837775734,
      "NUCLEAR": 2.323907958984375,
      "HERACOMB": 2.4330450319776347,
      "DYE886": 1.6904380104758523,
      "CDF": 1.9853179114205497,
      "D0": 2.9734733581542967,
      "ATLAS": 2.362161647008118,
      "CMS": 2.817111433044938,
      "LHCb": 4.677496433258057,
      "total": 2.5403668880462646
    }
  },
  "2900": {
    "training_loss": 7676.7685546875,
    "validation_loss": [
      2993.8720703125
    ],
    "validation_chi2s": {
      "DEUTERON": 2.483126360385572,
      "NMC": 3.4220793480966605,
      "NUCLEAR": 2.324583984375,
      "HERACOMB": 2.4315608404820264,
      "DYE886": 1.6972330266779119,
      "CDF": 1.97529969896589,
      "D0": 2.974043846130371,
      "ATLAS": 2.365107871966655,
      "CMS": 2.8132127493866217,
      "LHCb": 4.652478218078613,
      "total": 2.5380637645721436
    }
  },
  "3000": {
    "training_loss": 7676.52294921875,
    "validation_loss": [
      2992.70263671875
    ],
    "validation_chi2s": {
      "DEUTERON": 2.483895221159826,
      "NMC": 3.408156750248928,
      "NUCLEAR": 2.32363720703125,
      "HERACOMB": 2.433712230009191,
      "DYE886": 1.679408853704279,
      "CDF": 2.0038791384015764,
      "D0": 2.9234945297241213,
      "ATLAS": 2.362785978690206,
      "CMS": 2.815926796148631,
      "LHCb": 4.64529275894165,
      "total": 2.5370895862579346
    }
  },
  "3100": {
    "training_loss": 7690.587890625,
    "validation_loss": [
      2984.7451171875
    ],
    "validation_chi2s": {
      "DEUTERON": 2.463891176442009,
      "NMC": 3.3541017420151653,
      "NUCLEAR": 2.3249375,
      "HERACOMB": 2.4233811322380516,
      "DYE886": 1.6479103781960227,
      "CDF": 1.9938000270298548,
      "D0": 2.905002975463867,
      "ATLAS": 2.3991760594884775,
      "CMS": 2.7964845767691116,
      "LHCb": 4.594361305236816,
      "total": 2.5302774906158447
    }
  },
  "3200": {
    "training_loss": 7674.43896484375,
    "validation_loss": [
      2991.22412109375
    ],
    "validation_chi2s": {
      "DEUTERON": 2.4796810624611316,
      "NMC": 3.3913580202588847,
      "NUCLEAR": 2.322892822265625,
      "HERACOMB": 2.427933038449755,
      "DYE886": 1.673338456587358,
      "CDF": 2.025395257132394,
      "D0": 2.8812915802001955,
      "ATLAS": 2.3849350913276885,
      "CMS": 2.8173242994576446,
      "LHCb": 4.602971076965332,
      "total": 2.5360007286071777
    }
  },
  "3300": {
    "training_loss": 7675.7919921875,
    "validation_loss": [
      2986.30712890625
    ],
    "validation_chi2s": {
      "DEUTERON": 2.4745190368956003,
      "NMC": 3.3782755533854165,
      "NUCLEAR": 2.323703857421875,
      "HERACOMB": 2.424328972311581,
      "DYE886": 1.6686077117919922,
      "CDF": 2.0005697522844588,
      "D0": 2.874150848388672,
      "ATLAS": 2.3907562767327164,
      "CMS": 2.801441287206224,
      "LHCb": 4.567122936248779,
      "total": 2.531775712966919
    }
  },
  "3400": {
    "training_loss": 7672.5595703125,
    "validation_loss": [
      2983.7890625
    ],
    "validation_chi2s": {
      "DEUTERON": 2.4672736172652363,
      "NMC": 3.3817656273935355,
      "NUCLEAR": 2.322254150390625,
      "HERACOMB": 2.4160018621706496,
      "DYE886": 1.6701053272594104,
      "CDF": 2.0101668494088307,
      "D0": 2.878983497619629,
      "ATLAS": 2.3893265537709496,
      "CMS": 2.797972876178332,
      "LHCb": 4.636563301086426,
      "total": 2.52966046333313
    }
  },
  "3500": {
    "training_loss": 7664.2548828125,
    "validation_loss": [
      2988.779052734375
    ],
    "validation_chi2s": {
      "DEUTERON": 2.4587129052005596,
      "NMC": 3.3253009272556677,
      "NUCLEAR": 2.32257470703125,
      "HERACOMB": 2.4168741064133985,
      "DYE886": 1.652724872935902,
      "CDF": 2.0667666026524136,
      "D0": 2.9038238525390625,
      "ATLAS": 2.4510944728744763,
      "CMS": 2.798913624661028,
      "LHCb": 4.5622639656066895,
      "total": 2.5337331295013428
    }
  },
  "3600": {
    "training_loss": 7667.85693359375,
    "validation_loss": [
      2993.479248046875
    ],
    "validation_chi2s": {
      "DEUTERON": 2.477163134522699,
      "NMC": 3.4019123152190565,
      "NUCLEAR": 2.31893994140625,
      "HERACOMB": 2.423071568308313,
      "DYE886": 1.677128878506747,
      "CDF": 2.0587803976876393,
      "D0": 2.857536506652832,
      "ATLAS": 2.3827683432808135,
      "CMS": 2.8397577459161933,
      "LHCb": 4.685532093048096,
      "total": 2.5382096767425537
    }
  },
  "3700": {
    "training_loss": 7649.3876953125,
    "validation_loss": [
      2988.29736328125
    ],
    "validation_chi2s": {
      "DEUTERON": 2.427562201201026,
      "NMC": 3.263443591547947,
      "NUCLEAR": 2.329068359375,
      "HERACOMB": 2.4116863175934435,
      "DYE886": 1.6851553483442827,
      "CDF": 2.0039066587175642,
      "D0": 2.909809112548828,
      "ATLAS": 2.490209483567563,
      "CMS": 2.807768262122288,
      "LHCb": 4.561651706695557,
      "total": 2.532890558242798
    }
  },
  "3800": {
    "training_loss": 7668.14306640625,
    "validation_loss": [
      2984.18798828125
    ],
    "validation_chi2s": {
      "DEUTERON": 2.4638372772368626,
      "NMC": 3.3683295156441484,
      "NUCLEAR": 2.322069580078125,
      "HERACOMB": 2.4143559075648486,
      "DYE886": 1.6980795426802202,
      "CDF": 2.037553242274693,
      "D0": 2.8270872116088865,
      "ATLAS": 2.4053233908541376,
      "CMS": 2.8128735250677943,
      "LHCb": 4.563594818115234,
      "total": 2.5302491188049316
    }
  },
  "3900": {
    "training_loss": 7642.302734375,
    "validation_loss": [
      2987.3818359375
    ],
    "validation_chi2s": {
      "DEUTERON": 2.424730139585277,
      "NMC": 3.265966677198223,
      "NUCLEAR": 2.32942578125,
      "HERACOMB": 2.4107171351613563,
      "DYE886": 1.692448529330167,
      "CDF": 1.9903966358729772,
      "D0": 2.893381118774414,
      "ATLAS": 2.5027288511478702,
      "CMS": 2.8012496065502326,
      "LHCb": 4.516623020172119,
      "total": 2.5322670936584473
    }
  },
  "4000": {
    "training_loss": 7652.58154296875,
    "validation_loss": [
      2986.037841796875
    ],
    "validation_chi2s": {
      "DEUTERON": 2.4405192664606656,
      "NMC": 3.268040376551011,
      "NUCLEAR": 2.324168701171875,
      "HERACOMB": 2.412264954810049,
      "DYE886": 1.6628476923162288,
      "CDF": 2.052180971418108,
      "D0": 2.8663299560546873,
      "ATLAS": 2.4914757073258555,
      "CMS": 2.8016604589036675,
      "LHCb": 4.493659496307373,
      "total": 2.5316309928894043
    }
  },
  "4100": {
    "training_loss": 7632.251953125,
    "validation_loss": [
      2981.65869140625
    ],
    "validation_chi2s": {
      "DEUTERON": 2.401705158290578,
      "NMC": 3.2850919237323835,
      "NUCLEAR": 2.331154541015625,
      "HERACOMB": 2.432302437576593,
      "DYE886": 1.7598481611772017,
      "CDF": 1.9991519110543388,
      "D0": 2.8831443786621094,
      "ATLAS": 2.433644044332664,
      "CMS": 2.8045346598979854,
      "LHCb": 4.559654235839844,
      "total": 2.527377128601074
    }
  },
  "4200": {
    "training_loss": 7634.03173828125,
    "validation_loss": [
      2991.841796875
    ],
    "validation_chi2s": {
      "DEUTERON": 2.491955961160992,
      "NMC": 3.4281792734183516,
      "NUCLEAR": 2.315213623046875,
      "HERACOMB": 2.415771284913705,
      "DYE886": 1.6877989335493608,
      "CDF": 2.060641016278948,
      "D0": 2.741324234008789,
      "ATLAS": 2.3972832876876744,
      "CMS": 2.838852307028022,
      "LHCb": 4.561600685119629,
      "total": 2.53715443611145
    }
  },
  "4300": {
    "training_loss": 7638.53759765625,
    "validation_loss": [
      2980.4873046875
    ],
    "validation_chi2s": {
      "DEUTERON": 2.428623787799285,
      "NMC": 3.2853157193053004,
      "NUCLEAR": 2.32660693359375,
      "HERACOMB": 2.4010747772416257,
      "DYE886": 1.7052418101917615,
      "CDF": 1.9993431908743722,
      "D0": 2.8134481430053713,
      "ATLAS": 2.4840471491467353,
      "CMS": 2.803130599092846,
      "LHCb": 4.489883899688721,
      "total": 2.5269124507904053
    }
  },
  "4400": {
    "training_loss": 7628.09765625,
    "validation_loss": [
      2987.91064453125
    ],
    "validation_chi2s": {
      "DEUTERON": 2.4957516798332557,
      "NMC": 3.433707442938113,
      "NUCLEAR": 2.31650830078125,
      "HERACOMB": 2.4114750880821076,
      "DYE886": 1.6908794749866833,
      "CDF": 2.0329130717686246,
      "D0": 2.7046398162841796,
      "ATLAS": 2.406280006110335,
      "CMS": 2.818825461647727,
      "LHCb": 4.47896671295166,
      "total": 2.5338497161865234
    }
  },
  "4500": {
    "training_loss": 7628.37060546875,
    "validation_loss": [
      2989.6708984375
    ],
    "validation_chi2s": {
      "DEUTERON": 2.501985464523088,
      "NMC": 3.4309108958524814,
      "NUCLEAR": 2.3122568359375,
      "HERACOMB": 2.400597865285437,
      "DYE886": 1.6895084381103516,
      "CDF": 2.0577170508248463,
      "D0": 2.6791833877563476,
      "ATLAS": 2.4086058206398393,
      "CMS": 2.836765257780217,
      "LHCb": 4.561378002166748,
      "total": 2.5354034900665283
    }
  },
  "4600": {
    "training_loss": 7651.5029296875,
    "validation_loss": [
      2979.3779296875
    ],
    "validation_chi2s": {
      "DEUTERON": 2.449357369645911,
      "NMC": 3.309584972905178,
      "NUCLEAR": 2.3204609375,
      "HERACOMB": 2.3977643181295956,
      "DYE886": 1.688674579967152,
      "CDF": 2.041358402797154,
      "D0": 2.730124282836914,
      "ATLAS": 2.449978109178596,
      "CMS": 2.8178975759458935,
      "LHCb": 4.548120021820068,
      "total": 2.52649188041687
    }
  },
  "4700": {
    "training_loss": 7635.8173828125,
    "validation_loss": [
      2978.3427734375
    ],
    "validation_chi2s": {
      "DEUTERON": 2.4397548087200716,
      "NMC": 3.2883363611557903,
      "NUCLEAR": 2.323574951171875,
      "HERACOMB": 2.395272248710682,
      "DYE886": 1.6947690790349788,
      "CDF": 2.010397502354213,
      "D0": 2.7000757217407227,
      "ATLAS": 2.472659830274529,
      "CMS": 2.8170355174167097,
      "LHCb": 4.492729187011719,
      "total": 2.5254759788513184
    }
  },
  "4800": {
    "training_loss": 19206.859375,
    "validation_loss": [
      7514.20654296875
    ],
    "validation_chi2s": {
      "DEUTERON": 14.834117984297263,
      "NMC": 3.385665594362745,
      "NUCLEAR": 3.226748779296875,
      "HERACOMB": 3.1694100573171977,
      "DYE886": 24.60800448330966,
      "CDF": 4.081692286900112,
      "D0": 7.692922973632813,
      "ATLAS": 6.3667135398481145,
      "CMS": 3.4474217438500774,
      "LHCb": 9.625452995300293,
      "total": 6.3125739097595215
    }
  },
  "4900": {
    "training_loss": 7621.3828125,
    "validation_loss": [
      2999.46630859375
    ],
    "validation_chi2s": {
      "DEUTERON": 2.469096776857898,
      "NMC": 3.401454252355239,
      "NUCLEAR": 2.31225146484375,
      "HERACOMB": 2.4429939619076797,
      "DYE886": 1.7258678783069958,
      "CDF": 2.114262172154018,
      "D0": 2.6968009948730467,
      "ATLAS": 2.406737599292947,
      "CMS": 2.8521836966522467,
      "LHCb": 4.630248546600342,
      "total": 2.543856620788574
    }
  },
  "5000": {
    "training_loss": 7617.09716796875,
    "validation_loss": [
      2991.75244140625
    ],
    "validation_chi2s": {
      "DEUTERON": 2.5018154163265702,
      "NMC": 3.447116029028799,
      "NUCLEAR": 2.31011669921875,
      "HERACOMB": 2.422811271318423,
      "DYE886": 1.6901276328346946,
      "CDF": 2.0372794015066966,
      "D0": 2.6320796966552735,
      "ATLAS": 2.3890198435863303,
      "CMS": 2.8342254890883263,
      "LHCb": 4.549708843231201,
      "total": 2.5373265743255615
    }
  },
  "5100": {
    "training_loss": 7635.01904296875,
    "validation_loss": [
      2975.58544921875
    ],
    "validation_chi2s": {
      "DEUTERON": 2.444292514478389,
      "NMC": 3.3212818818933822,
      "NUCLEAR": 2.320053955078125,
      "HERACOMB": 2.3967889523973653,
      "DYE886": 1.690648165616122,
      "CDF": 1.9932509831019811,
      "D0": 2.637236785888672,
      "ATLAS": 2.454277677908956,
      "CMS": 2.806937477805398,
      "LHCb": 4.515711307525635,
      "total": 2.523406505584717
    }
  },
  "5200": {
    "training_loss": 7608.5263671875,
    "validation_loss": [
      2987.9873046875
    ],
    "validation_chi2s": {
      "DEUTERON": 2.4137567169037624,
      "NMC": 3.1787435494217218,
      "NUCLEAR": 2.32972607421875,
      "HERACOMB": 2.4137613134446485,
      "DYE886": 1.6892349936745383,
      "CDF": 2.0164943422589983,
      "D0": 2.6785558700561523,
      "ATLAS": 2.5503328632376046,
      "CMS": 2.824447253518853,
      "LHCb": 4.43731164932251,
      "total": 2.533205509185791
    }
  },
  "5300": {
    "training_loss": 7604.1494140625,
    "validation_loss": [
      2985.63037109375
    ],
    "validation_chi2s": {
      "DEUTERON": 2.4984483102067787,
      "NMC": 3.408520866842831,
      "NUCLEAR": 2.318285888671875,
      "HERACOMB": 2.4140636967677698,
      "DYE886": 1.6912442987615413,
      "CDF": 1.9802292415073939,
      "D0": 2.552231216430664,
      "ATLAS": 2.413569956518418,
      "CMS": 2.824285081595429,
      "LHCb": 4.39611291885376,
      "total": 2.532088279724121
    }
  },
  "5400": {
    "training_loss": 7619.39990234375,
    "validation_loss": [
      2972.8876953125
    ],
    "validation_chi2s": {
      "DEUTERON": 2.4469678888273476,
      "NMC": 3.2330525716145835,
      "NUCLEAR": 2.323912841796875,
      "HERACOMB": 2.414950501685049,
      "DYE886": 1.6791506680575283,
      "CDF": 1.9627231870378767,
      "D0": 2.560552978515625,
      "ATLAS": 2.4694128622555866,
      "CMS": 2.807952880859375,
      "LHCb": 4.300272464752197,
      "total": 2.5210864543914795
    }
  },
  "5500": {
    "training_loss": 7606.73046875,
    "validation_loss": [
      2982.23046875
    ],
    "validation_chi2s": {
      "DEUTERON": 2.4964230665520057,
      "NMC": 3.3928791120940565,
      "NUCLEAR": 2.317280517578125,
      "HERACOMB": 2.401081558925654,
      "DYE886": 1.6863025318492542,
      "CDF": 2.007641519818987,
      "D0": 2.570843505859375,
      "ATLAS": 2.4023238027561975,
      "CMS": 2.835191458709969,
      "LHCb": 4.475151062011719,
      "total": 2.529269218444824
    }
  },
  "5600": {
    "training_loss": 7598.43115234375,
    "validation_loss": [
      2988.4169921875
    ],
    "validation_chi2s": {
      "DEUTERON": 2.497702375573305,
      "NMC": 3.3546513576133576,
      "NUCLEAR": 2.316126708984375,
      "HERACOMB": 2.4113723655152164,
      "DYE886": 1.6909765763716265,
      "CDF": 2.058234214782715,
      "D0": 2.506105422973633,
      "ATLAS": 2.4091513862822973,
      "CMS": 2.8558210893110796,
      "LHCb": 4.521583080291748,
      "total": 2.534512519836426
    }
  },
  "5700": {
    "training_loss": 7596.72607421875,
    "validation_loss": [
      2973.050048828125
    ],
    "validation_chi2s": {
      "DEUTERON": 2.4368843344313587,
      "NMC": 3.219479429955576,
      "NUCLEAR": 2.332800537109375,
      "HERACOMB": 2.3769082462086395,
      "DYE886": 1.687232104214755,
      "CDF": 1.891050066266741,
      "D0": 2.6146738052368166,
      "ATLAS": 2.5801580844644727,
      "CMS": 2.7633941902602013,
      "LHCb": 4.226583480834961,
      "total": 2.52121639251709
    }
  },
  "5800": {
    "training_loss": 7613.3154296875,
    "validation_loss": [
      2976.972900390625
    ],
    "validation_chi2s": {
      "DEUTERON": 2.4746157518073693,
      "NMC": 3.269953409830729,
      "NUCLEAR": 2.322848876953125,
      "HERACOMB": 2.3847219429764093,
      "DYE886": 1.6760025024414062,
      "CDF": 1.9994406018938338,
      "D0": 2.5022842407226564,
      "ATLAS": 2.473090315664281,
      "CMS": 2.820246168404571,
      "LHCb": 4.447211742401123,
      "total": 2.5247983932495117
    }
  },
  "5900": {
    "training_loss": 7800.0,
    "validation_loss": [
      3016.77783203125
    ],
    "validation_chi2s": {
      "DEUTERON": 2.4978507122590172,
      "NMC": 3.220623539943321,
      "NUCLEAR": 2.365706298828125,
      "HERACOMB": 2.4105021158854165,
      "DYE886": 1.7130966186523438,
      "CDF": 1.965508052280971,
      "D0": 3.137208938598633,
      "ATLAS": 2.6289282431149616,
      "CMS": 2.7485495322991995,
      "LHCb": 4.2250776290893555,
      "total": 2.5585527420043945
    }
  },
  "6000": {
    "training_loss": 7602.04736328125,
    "validation_loss": [
      2982.77734375
    ],
    "validation_chi2s": {
      "DEUTERON": 2.4910767208877487,
      "NMC": 3.280003267176011,
      "NUCLEAR": 2.32070458984375,
      "HERACOMB": 2.3763982236774917,
      "DYE886": 1.6826652180064807,
      "CDF": 1.9469969613211495,
      "D0": 2.5371978759765623,
      "ATLAS": 2.496488091665939,
      "CMS": 2.8191538408768078,
      "LHCb": 4.473388671875,
      "total": 2.52968430519104
    }
  },
  "6100": {
    "training_loss": 7609.7353515625,
    "validation_loss": [
      2977.55859375
    ],
    "validation_chi2s": {
      "DEUTERON": 2.5260697549848414,
      "NMC": 3.423121732823989,
      "NUCLEAR": 2.3271884765625,
      "HERACOMB": 2.3891864851409315,
      "DYE886": 1.7191678827459163,
      "CDF": 1.7693162645612444,
      "D0": 2.6633474349975588,
      "ATLAS": 2.4385473155442563,
      "CMS": 2.759300294986441,
      "LHCb": 4.210367679595947,
      "total": 2.5251524448394775
    }
  },
  "6200": {
    "training_loss": 7599.2587890625,
    "validation_loss": [
      2987.33837890625
    ],
    "validation_chi2s": {
      "DEUTERON": 2.438093498571595,
      "NMC": 3.1627104516122855,
      "NUCLEAR": 2.331956298828125,
      "HERACOMB": 2.3886672873902164,
      "DYE886": 1.6758733229203657,
      "CDF": 1.9795588084629603,
      "D0": 2.59635066986084,
      "ATLAS": 2.60102204903544,
      "CMS": 2.8116757731792354,
      "LHCb": 4.3486504554748535,
      "total": 2.5334339141845703
    }
  },
  "6300": {
    "training_loss": 7599.29248046875,
    "validation_loss": [
      2968.747314453125
    ],
    "validation_chi2s": {
      "DEUTERON": 2.435834286817864,
      "NMC": 3.1902037975834867,
      "NUCLEAR": 2.331682861328125,
      "HERACOMB": 2.3822765475005108,
      "DYE886": 1.6629168770530007,
      "CDF": 1.950488499232701,
      "D0": 2.5435394287109374,
      "ATLAS": 2.525806448313111,
      "CMS": 2.789776510443569,
      "LHCb": 4.334229946136475,
      "total": 2.5176007747650146
    }
  },
  "6400": {
    "training_loss": 7589.25927734375,
    "validation_loss": [
      2964.267822265625
    ],
    "validation_chi2s": {
      "DEUTERON": 2.4182271625272076,
      "NMC": 3.2189037846583948,
      "NUCLEAR": 2.332328857421875,
      "HERACOMB": 2.3972329532398895,
      "DYE886": 1.6878649971701882,
      "CDF": 1.9447201320103236,
      "D0": 2.5729259490966796,
      "ATLAS": 2.513701881110335,
      "CMS": 2.7709948326930527,
      "LHCb": 4.231352806091309,
      "total": 2.513982057571411
    }
  },
  "6500": {
    "training_loss": 7586.99853515625,
    "validation_loss": [
      2992.828125
    ],
    "validation_chi2s": {
      "DEUTERON": 2.4934950491682213,
      "NMC": 3.3080997841030944,
      "NUCLEAR": 2.328603515625,
      "HERACOMB": 2.437005535449857,
      "DYE886": 1.6882877349853516,
      "CDF": 2.0074089595249722,
      "D0": 2.4692462921142577,
      "ATLAS": 2.396708738870461,
      "CMS": 2.865445223721591,
      "LHCb": 4.465426445007324,
      "total": 2.537989377975464
    }
  },
  "6600": {
    "training_loss": 7601.3701171875,
    "validation_loss": [
      2974.98974609375
    ],
    "validation_chi2s": {
      "DEUTERON": 2.4487576460956935,
      "NMC": 3.198571897020527,
      "NUCLEAR": 2.338832763671875,
      "HERACOMB": 2.3838371326720793,
      "DYE886": 1.6790199279785156,
      "CDF": 1.9184816905430384,
      "D0": 2.5177759170532226,
      "ATLAS": 2.5190335918405204,
      "CMS": 2.7978891419970298,
      "LHCb": 4.374404430389404,
      "total": 2.522873640060425
    }
  },
  "6700": {
    "training_loss": 7601.2587890625,
    "validation_loss": [
      2976.50634765625
    ],
    "validation_chi2s": {
      "DEUTERON": 2.526017829553405,
      "NMC": 3.386166441674326,
      "NUCLEAR": 2.331577880859375,
      "HERACOMB": 2.3911455939797794,
      "DYE886": 1.6749501661820845,
      "CDF": 1.801844596862793,
      "D0": 2.49664421081543,
      "ATLAS": 2.449126174330045,
      "CMS": 2.7658820034058627,
      "LHCb": 4.179047107696533,
      "total": 2.524369955062866
    }
  },
  "6800": {
    "training_loss": 7599.302734375,
    "validation_loss": [
      2983.7724609375
    ],
    "validation_chi2s": {
      "DEUTERON": 2.4922382108014616,
      "NMC": 3.356091069240196,
      "NUCLEAR": 2.3239501953125,
      "HERACOMB": 2.3983473434946894,
      "DYE886": 1.6764819405295632,
      "CDF": 1.982118879045759,
      "D0": 2.503708267211914,
      "ATLAS": 2.427155052483415,
      "CMS": 2.834290307415418,
      "LHCb": 4.480791091918945,
      "total": 2.530595541000366
    }
  },
  "6900": {
    "training_loss": 7598.720703125,
    "validation_loss": [
      2974.725341796875
    ],
    "validation_chi2s": {
      "DEUTERON": 2.487635825996968,
      "NMC": 3.2925786037071076,
      "NUCLEAR": 2.32629150390625,
      "HERACOMB": 2.376608854804943,
      "DYE886": 1.6724104447798296,
      "CDF": 1.9679038184029716,
      "D0": 2.4672773361206053,
      "ATLAS": 2.4710308053640015,
      "CMS": 2.8096457237054495,
      "LHCb": 4.383607864379883,
      "total": 2.522942543029785
    }
  },
  "7000": {
    "training_loss": 7595.0751953125,
    "validation_loss": [
      2986.837158203125
    ],
    "validation_chi2s": {
      "DEUTERON": 2.5242424960160137,
      "NMC": 3.3778925876991424,
      "NUCLEAR": 2.3268701171875,
      "HERACOMB": 2.3757152682036358,
      "DYE886": 1.6752452850341797,
      "CDF": 1.9542342594691686,
      "D0": 2.5018091201782227,
      "ATLAS": 2.442183169572713,
      "CMS": 2.820299385007748,
      "LHCb": 4.5099101066589355,
      "total": 2.5331714153289795
    }
  },
  "7100": {
    "training_loss": 7606.16064453125,
    "validation_loss": [
      2972.253662109375
    ],
    "validation_chi2s": {
      "DEUTERON": 2.444253190832945,
      "NMC": 3.199754602768842,
      "NUCLEAR": 2.339819091796875,
      "HERACOMB": 2.3952102162479574,
      "DYE886": 1.662125674161044,
      "CDF": 1.931785992213658,
      "D0": 2.496197319030762,
      "ATLAS": 2.4885690358763966,
      "CMS": 2.80273891480501,
      "LHCb": 4.370646953582764,
      "total": 2.5206687450408936
    }
  },
  "7200": {
    "training_loss": 7588.85009765625,
    "validation_loss": [
      2979.7880859375
    ],
    "validation_chi2s": {
      "DEUTERON": 2.4883469918474037,
      "NMC": 3.3363650452856923,
      "NUCLEAR": 2.335542724609375,
      "HERACOMB": 2.405812980302798,
      "DYE886": 1.6518292860551314,
      "CDF": 1.9251230784824915,
      "D0": 2.4326847076416014,
      "ATLAS": 2.409879716414979,
      "CMS": 2.827910620318957,
      "LHCb": 4.423266410827637,
      "total": 2.5272345542907715
    }
  },
  "7300": {
    "training_loss": 7629.20458984375,
    "validation_loss": [
      2970.2041015625
    ],
    "validation_chi2s": {
      "DEUTERON": 2.4826497699490826,
      "NMC": 3.2578403248506436,
      "NUCLEAR": 2.33236572265625,
      "HERACOMB": 2.3627496856489993,
      "DYE886": 1.6429608084938743,
      "CDF": 1.9175906862531389,
      "D0": 2.4581830978393553,
      "ATLAS": 2.4962567377356844,
      "CMS": 2.785175418065599,
      "LHCb": 4.399363994598389,
      "total": 2.519102096557617
    }
  },
  "7400": {
    "training_loss": 7601.31298828125,
    "validation_loss": [
      2984.528564453125
    ],
    "validation_chi2s": {
      "DEUTERON": 2.4879865504022853,
      "NMC": 3.1975600298713234,
      "NUCLEAR": 2.340089599609375,
      "HERACOMB": 2.3662095412709356,
      "DYE886": 1.671307303688743,
      "CDF": 1.9056987762451172,
      "D0": 2.4513378143310547,
      "ATLAS": 2.5567754820072452,
      "CMS": 2.805454222623967,
      "LHCb": 4.386132717132568,
      "total": 2.5312507152557373
    }
  },
  "7500": {
    "training_loss": 7596.69873046875,
    "validation_loss": [
      2979.97705078125
    ],
    "validation_chi2s": {
      "DEUTERON": 2.496486227310712,
      "NMC": 3.2759821274701286,
      "NUCLEAR": 2.337110107421875,
      "HERACOMB": 2.3810985290926268,
      "DYE886": 1.673819975419478,
      "CDF": 1.9572462354387556,
      "D0": 2.432332992553711,
      "ATLAS": 2.452522831922137,
      "CMS": 2.805605297246255,
      "LHCb": 4.515166282653809,
      "total": 2.5272059440612793
    }
  },
  "7600": {
    "training_loss": 7596.65234375,
    "validation_loss": [
      2970.90673828125
    ],
    "validation_chi2s": {
      "DEUTERON": 2.433750437266791,
      "NMC": 3.1502413282207415,
      "NUCLEAR": 2.34462109375,
      "HERACOMB": 2.3838883942248774,
      "DYE886": 1.660384091463956,
      "CDF": 1.9465065002441406,
      "D0": 2.493909454345703,
      "ATLAS": 2.523836615365311,
      "CMS": 2.7962840687144888,
      "LHCb": 4.372175693511963,
      "total": 2.519585371017456
    }
  },
  "7700": {
    "training_loss": 7613.0849609375,
    "validation_loss": [
      2969.892822265625
    ],
    "validation_chi2s": {
      "DEUTERON": 2.511803166783271,
      "NMC": 3.343917248295803,
      "NUCLEAR": 2.35033935546875,
      "HERACOMB": 2.3908976635901755,
      "DYE886": 1.6644977222789417,
      "CDF": 1.7197773797171456,
      "D0": 2.509237289428711,
      "ATLAS": 2.4734053798228004,
      "CMS": 2.709326625855501,
      "LHCb": 4.086923599243164,
      "total": 2.518838882446289
    }
  },
  "7800": {
    "training_loss": 7602.34912109375,
    "validation_loss": [
      2980.90185546875
    ],
    "validation_chi2s": {
      "DEUTERON": 2.47175438724347,
      "NMC": 3.188876881318934,
      "NUCLEAR": 2.344173095703125,
      "HERACOMB": 2.367745592703227,
      "DYE886": 1.67751745744185,
      "CDF": 1.9548687253679549,
      "D0": 2.487214279174805,
      "ATLAS": 2.533695668481582,
      "CMS": 2.805474399535124,
      "LHCb": 4.4452714920043945,
      "total": 2.5281875133514404
    }
  },
  "7900": {
    "training_loss": 8058.2421875,
    "validation_loss": [
      3103.3544921875
    ],
    "validation_chi2s": {
      "DEUTERON": 2.5600397669853856,
      "NMC": 3.559006335688572,
      "NUCLEAR": 2.3711201171875,
      "HERACOMB": 2.396242428449244,
      "DYE886": 3.2068547335538,
      "CDF": 1.7190625326974052,
      "D0": 4.790224838256836,
      "ATLAS": 2.456227052145164,
      "CMS": 2.941479139091555,
      "LHCb": 4.835721492767334,
      "total": 2.631824254989624
    }
  },
  "8000": {
    "training_loss": 7608.42578125,
    "validation_loss": [
      2974.76025390625
    ],
    "validation_chi2s": {
      "DEUTERON": 2.506792818135883,
      "NMC": 3.3508973963120403,
      "NUCLEAR": 2.34717041015625,
      "HERACOMB": 2.392007865157782,
      "DYE886": 1.6734339974143289,
      "CDF": 1.7987232208251953,
      "D0": 2.4640941619873047,
      "ATLAS": 2.4608287278500347,
      "CMS": 2.7442271335065858,
      "LHCb": 4.20334529876709,
      "total": 2.5229878425598145
    }
  },
  "8100": {
    "training_loss": 7591.07861328125,
    "validation_loss": [
      2972.25830078125
    ],
    "validation_chi2s": {
      "DEUTERON": 2.432447898447217,
      "NMC": 3.1645732206456803,
      "NUCLEAR": 2.343288330078125,
      "HERACOMB": 2.3843375810610703,
      "DYE886": 1.669143329967152,
      "CDF": 1.9980039596557617,
      "D0": 2.506050872802734,
      "ATLAS": 2.5185296255782994,
      "CMS": 2.793118059142562,
      "LHCb": 4.433136463165283,
      "total": 2.5209133625030518
    }
  },
  "8200": {
    "training_loss": 49106.9921875,
    "validation_loss": [
      9457.169921875
    ],
    "validation_chi2s": {
      "DEUTERON": 4.637742379411536,
      "NMC": 4.172116447897518,
      "NUCLEAR": 4.20129541015625,
      "HERACOMB": 4.383692523233251,
      "DYE886": 45.58066628196023,
      "CDF": 6.435751778738839,
      "D0": 80.3701171875,
      "ATLAS": 14.929912545827515,
      "CMS": 7.304442854952221,
      "LHCb": 13.554171562194824,
      "total": 7.954410552978516
    }
  },
  "8300": {
    "training_loss": 7608.490234375,
    "validation_loss": [
      2966.9814453125
    ],
    "validation_chi2s": {
      "DEUTERON": 2.436179241730799,
      "NMC": 3.094180238013174,
      "NUCLEAR": 2.351131103515625,
      "HERACOMB": 2.393911523756638,
      "DYE886": 1.7154232371937146,
      "CDF": 1.7570239475795202,
      "D0": 2.52799072265625,
      "ATLAS": 2.6210801108589385,
      "CMS": 2.692062756246772,
      "LHCb": 4.018093109130859,
      "total": 2.516204357147217
    }
  },
  "8400": {
    "training_loss": 7585.498046875,
    "validation_loss": [
      2989.023681640625
    ],
    "validation_chi2s": {
      "DEUTERON": 2.479141159437189,
      "NMC": 3.1653214996936274,
      "NUCLEAR": 2.342418212890625,
      "HERACOMB": 2.4108206555734273,
      "DYE886": 1.705329721624201,
      "CDF": 1.9644933428083147,
      "D0": 2.4434673309326174,
      "ATLAS": 2.490509715160178,
      "CMS": 2.817743726998321,
      "LHCb": 4.482759952545166,
      "total": 2.535160541534424
    }
  },
  "8500": {
    "training_loss": 7627.34130859375,
    "validation_loss": [
      2971.23828125
    ],
    "validation_chi2s": {
      "DEUTERON": 2.4546454130713617,
      "NMC": 3.191150141697304,
      "NUCLEAR": 2.350940185546875,
      "HERACOMB": 2.3859793469796773,
      "DYE886": 1.687857367775657,
      "CDF": 1.744161742074149,
      "D0": 2.5463937759399413,
      "ATLAS": 2.553135706725733,
      "CMS": 2.729563058900439,
      "LHCb": 4.214101314544678,
      "total": 2.519866466522217
    }
  },
  "8600": {
    "training_loss": 644932.17578125,
    "validation_loss": [
      5901.8955078125
    ],
    "validation_chi2s": {
      "DEUTERON": 9.645555790384018,
      "NMC": 3.8432012819776347,
      "NUCLEAR": 2.838450439453125,
      "HERACOMB": 2.859220018573836,
      "DYE886": 12.635459206321023,
      "CDF": 2.793154035295759,
      "D0": 9.198344421386718,
      "ATLAS": 5.166196343619064,
      "CMS": 3.8306529147565858,
      "LHCb": 11.031759262084961,
      "total": 4.961903095245361
    }
  },
  "8700": {
    "training_loss": 7604.203125,
    "validation_loss": [
      2989.01953125
    ],
    "validation_chi2s": {
      "DEUTERON": 2.474272011524409,
      "NMC": 3.2044139188878678,
      "NUCLEAR": 2.334421142578125,
      "HERACOMB": 2.368777007059334,
      "DYE886": 1.7237065055153586,
      "CDF": 1.976153782435826,
      "D0": 2.507572555541992,
      "ATLAS": 2.5773114252356844,
      "CMS": 2.776603257360537,
      "LHCb": 4.550294876098633,
      "total": 2.53515887260437
    }
  },
  "8800": {
    "training_loss": 7607.24951171875,
    "validation_loss": [
      2968.667236328125
    ],
    "validation_chi2s": {
      "DEUTERON": 2.462714655482354,
      "NMC": 3.1959294337852326,
      "NUCLEAR": 2.347943115234375,
      "HERACOMB": 2.366234075010212,
      "DYE886": 1.6906958493319424,
      "CDF": 1.7899500983101981,
      "D0": 2.5666053771972654,
      "ATLAS": 2.6108504140843225,
      "CMS": 2.6873685978660897,
      "LHCb": 4.114111423492432,
      "total": 2.5179033279418945
    }
  },
  "8900": {
    "training_loss": 7599.861328125,
    "validation_loss": [
      2974.9990234375
    ],
    "validation_chi2s": {
      "DEUTERON": 2.462938147397777,
      "NMC": 3.1630201152726714,
      "NUCLEAR": 2.348754150390625,
      "HERACOMB": 2.3697158713745914,
      "DYE886": 1.6830258802934126,
      "CDF": 1.812253134591239,
      "D0": 2.6026111602783204,
      "ATLAS": 2.6064412207576817,
      "CMS": 2.7245190833225723,
      "LHCb": 4.195881366729736,
      "total": 2.5232508182525635
    }
  },
  "9000": {
    "training_loss": 7605.59521484375,
    "validation_loss": [
      2968.6318359375
    ],
    "validation_chi2s": {
      "DEUTERON": 2.4737017427510883,
      "NMC": 3.190262439204197,
      "NUCLEAR": 2.354824462890625,
      "HERACOMB": 2.356377894582312,
      "DYE886": 1.6809491244229404,
      "CDF": 1.7748082024710519,
      "D0": 2.551259994506836,
      "ATLAS": 2.603174305494937,
      "CMS": 2.6906844210033576,
      "LHCb": 4.1388139724731445,
      "total": 2.5178756713867188
    }
  },
  "9100": {
    "training_loss": 7600.1767578125,
    "validation_loss": [
      2981.407470703125
    ],
    "validation_chi2s": {
      "DEUTERON": 2.490041704320196,
      "NMC": 3.2406083649280024,
      "NUCLEAR": 2.346865478515625,
      "HERACOMB": 2.3914288290185866,
      "DYE886": 1.6959471269087358,
      "CDF": 1.9005369458879744,
      "D0": 2.4754581451416016,
      "ATLAS": 2.4603089060863303,
      "CMS": 2.8020879572088067,
      "LHCb": 4.447103500366211,
      "total": 2.528742551803589
    }
  },
  "9200": {
    "training_loss": 7604.31884765625,
    "validation_loss": [
      2980.0283203125
    ],
    "validation_chi2s": {
      "DEUTERON": 2.4927008329932367,
      "NMC": 3.2790099499272367,
      "NUCLEAR": 2.341557373046875,
      "HERACOMB": 2.3787057913985907,
      "DYE886": 1.677682183005593,
      "CDF": 1.9237839835030692,
      "D0": 2.5257904052734377,
      "ATLAS": 2.465544460872032,
      "CMS": 2.7933493369866995,
      "LHCb": 4.48440408706665,
      "total": 2.5275638103485107
    }
  },
  "9300": {
    "training_loss": 7641.85107421875,
    "validation_loss": [
      2978.28955078125
    ],
    "validation_chi2s": {
      "DEUTERON": 2.5098479161808145,
      "NMC": 3.305353800455729,
      "NUCLEAR": 2.34748486328125,
      "HERACOMB": 2.36335804259855,
      "DYE886": 1.6685055819424717,
      "CDF": 1.7639525277273995,
      "D0": 2.495330810546875,
      "ATLAS": 2.53626374825419,
      "CMS": 2.7291368216522467,
      "LHCb": 4.278280258178711,
      "total": 2.526073932647705
    }
  },
  "9400": {
    "training_loss": 7580.74755859375,
    "validation_loss": [
      2987.394287109375
    ],
    "validation_chi2s": {
      "DEUTERON": 2.5039420815842663,
      "NMC": 3.32923230937883,
      "NUCLEAR": 2.34507421875,
      "HERACOMB": 2.3887562471277572,
      "DYE886": 1.6846405376087537,
      "CDF": 1.870330538068499,
      "D0": 2.5144575119018553,
      "ATLAS": 2.458019917237692,
      "CMS": 2.7980878845719266,
      "LHCb": 4.475369930267334,
      "total": 2.5338222980499268
    }
  },
  "9500": {
    "training_loss": 7590.86083984375,
    "validation_loss": [
      2979.44677734375
    ],
    "validation_chi2s": {
      "DEUTERON": 2.4603960786885883,
      "NMC": 3.1708727069929536,
      "NUCLEAR": 2.35507177734375,
      "HERACOMB": 2.384170831418505,
      "DYE886": 1.6649615547873757,
      "CDF": 1.8190127781459264,
      "D0": 2.4616342544555665,
      "ATLAS": 2.541997813645688,
      "CMS": 2.789447879003099,
      "LHCb": 4.310310363769531,
      "total": 2.5267410278320312
    }
  },
  "9600": {
    "training_loss": 7609.4580078125,
    "validation_loss": [
      2977.59814453125
    ],
    "validation_chi2s": {
      "DEUTERON": 2.464085365409282,
      "NMC": 3.2138989018458948,
      "NUCLEAR": 2.35079052734375,
      "HERACOMB": 2.3847696142258985,
      "DYE886": 1.7631291476162998,
      "CDF": 1.9028422491891044,
      "D0": 2.6452781677246096,
      "ATLAS": 2.461118559597591,
      "CMS": 2.80775792145532,
      "LHCb": 4.440975666046143,
      "total": 2.525512456893921
    }
  },
  "9700": {
    "training_loss": 7582.20947265625,
    "validation_loss": [
      3001.87939453125
    ],
    "validation_chi2s": {
      "DEUTERON": 2.5488648675567473,
      "NMC": 3.4326034246706496,
      "NUCLEAR": 2.34123681640625,
      "HERACOMB": 2.375263687831904,
      "DYE886": 1.7336028705943713,
      "CDF": 1.872385025024414,
      "D0": 2.5875755310058595,
      "ATLAS": 2.4525028846783345,
      "CMS": 2.8112737482244317,
      "LHCb": 4.564148902893066,
      "total": 2.546107769012451
    }
  },
  "9800": {
    "training_loss": 7621.36328125,
    "validation_loss": [
      2974.11865234375
    ],
    "validation_chi2s": {
      "DEUTERON": 2.47308349609375,
      "NMC": 3.3072773054534315,
      "NUCLEAR": 2.348068115234375,
      "HERACOMB": 2.3577011208129086,
      "DYE886": 1.68374304337935,
      "CDF": 1.8360613414219447,
      "D0": 2.571574401855469,
      "ATLAS": 2.5077062851889838,
      "CMS": 2.77012293791968,
      "LHCb": 4.380873680114746,
      "total": 2.52255916595459
    }
  },
  "9900": {
    "training_loss": 7616.5009765625,
    "validation_loss": [
      2988.261962890625
    ],
    "validation_chi2s": {
      "DEUTERON": 2.5012108342564523,
      "NMC": 3.368685853247549,
      "NUCLEAR": 2.3479619140625,
      "HERACOMB": 2.367660223268995,
      "DYE886": 1.694275595925071,
      "CDF": 1.838853427342006,
      "D0": 2.6520174026489256,
      "ATLAS": 2.484553672747905,
      "CMS": 2.794581894047004,
      "LHCb": 4.458048343658447,
      "total": 2.534558057785034
    }
  },
  "10000": {
    "training_loss": 7577.66259765625,
    "validation_loss": [
      2989.6484375
    ],
    "validation_chi2s": {
      "DEUTERON": 2.4753383048138216,
      "NMC": 3.190152635761336,
      "NUCLEAR": 2.35392919921875,
      "HERACOMB": 2.3787279316023286,
      "DYE886": 1.6732952811501243,
      "CDF": 1.8285774503435408,
      "D0": 2.4910764694213867,
      "ATLAS": 2.579039163429644,
      "CMS": 2.800895249548037,
      "LHCb": 4.308596611022949,
      "total": 2.5356814861297607
    }
  },
  "10100": {
    "training_loss": 7578.63427734375,
    "validation_loss": [
      2992.8125
    ],
    "validation_chi2s": {
      "DEUTERON": 2.517215861609919,
      "NMC": 3.3214183134191178,
      "NUCLEAR": 2.3564873046875,
      "HERACOMB": 2.4198410931755516,
      "DYE886": 1.682907451282848,
      "CDF": 1.7753064291817802,
      "D0": 2.4643449783325195,
      "ATLAS": 2.4779767084388094,
      "CMS": 2.7464246513429753,
      "LHCb": 4.297425746917725,
      "total": 2.538111686706543
    }
  },
  "10200": {
    "training_loss": 7599.1875,
    "validation_loss": [
      2985.25146484375
    ],
    "validation_chi2s": {
      "DEUTERON": 2.507170112571906,
      "NMC": 3.359827677408854,
      "NUCLEAR": 2.3459912109375,
      "HERACOMB": 2.355215833078023,
      "DYE886": 1.6613564924760298,
      "CDF": 1.822284153529576,
      "D0": 2.497844123840332,
      "ATLAS": 2.5190445031533693,
      "CMS": 2.7771124721558627,
      "LHCb": 4.4225945472717285,
      "total": 2.5320041179656982
    }
  },
  "10300": {
    "training_loss": 7588.86181640625,
    "validation_loss": [
      2973.104736328125
    ],
    "validation_chi2s": {
      "DEUTERON": 2.4505511990827116,
      "NMC": 3.18932237812117,
      "NUCLEAR": 2.356984375,
      "HERACOMB": 2.3770376965890523,
      "DYE886": 1.6730013760653408,
      "CDF": 1.8453365053449358,
      "D0": 2.5062496185302736,
      "ATLAS": 2.524731343018942,
      "CMS": 2.772827905071668,
      "LHCb": 4.340089321136475,
      "total": 2.521580934524536
    }
  },
  "10400": {
    "training_loss": 7590.56494140625,
    "validation_loss": [
      2988.107421875
    ],
    "validation_chi2s": {
      "DEUTERON": 2.475847993917133,
      "NMC": 3.187832701439951,
      "NUCLEAR": 2.35231884765625,
      "HERACOMB": 2.3761612636591094,
      "DYE886": 1.6737233942205256,
      "CDF": 1.9186698368617467,
      "D0": 2.4855575561523438,
      "ATLAS": 2.542443472579871,
      "CMS": 2.796755199590005,
      "LHCb": 4.502075672149658,
      "total": 2.5344269275665283
    }
  },
  "10500": {
    "training_loss": 7580.458984375,
    "validation_loss": [
      2980.44140625
    ],
    "validation_chi2s": {
      "DEUTERON": 2.463890720955768,
      "NMC": 3.305501900467218,
      "NUCLEAR": 2.350095947265625,
      "HERACOMB": 2.394940145654616,
      "DYE886": 1.6628912145441228,
      "CDF": 1.8677118846348353,
      "D0": 2.5294572830200197,
      "ATLAS": 2.467289759460108,
      "CMS": 2.7967234209549328,
      "LHCb": 4.413352012634277,
      "total": 2.5279273986816406
    }
  },
  "10600": {
    "training_loss": 7588.1328125,
    "validation_loss": [
      2981.172119140625
    ],
    "validation_chi2s": {
      "DEUTERON": 2.5223907926189364,
      "NMC": 3.286396400601256,
      "NUCLEAR": 2.34509765625,
      "HERACOMB": 2.3606976278467116,
      "DYE886": 1.6765806024724788,
      "CDF": 1.8423832484654017,
      "D0": 2.4848491668701174,
      "ATLAS": 2.501709666332053,
      "CMS": 2.7572740286834967,
      "LHCb": 4.432404518127441,
      "total": 2.528547525405884
    }
  },
  "10700": {
    "training_loss": 7576.2998046875,
    "validation_loss": [
      2988.3173828125
    ],
    "validation_chi2s": {
      "DEUTERON": 2.4398797637787624,
      "NMC": 3.166752534754136,
      "NUCLEAR": 2.353676513671875,
      "HERACOMB": 2.406948513454861,
      "DYE886": 1.6377615495161577,
      "CDF": 1.994147573198591,
      "D0": 2.452835464477539,
      "ATLAS": 2.5250980654242317,
      "CMS": 2.8239569545777377,
      "LHCb": 4.475902080535889,
      "total": 2.534608840942383
    }
  },
  "10800": {
    "training_loss": 7600.81787109375,
    "validation_loss": [
      2998.74951171875
    ],
    "validation_chi2s": {
      "DEUTERON": 2.5444606192669466,
      "NMC": 3.4336245667700673,
      "NUCLEAR": 2.34568505859375,
      "HERACOMB": 2.378079482932496,
      "DYE886": 1.804421684958718,
      "CDF": 1.800292696271624,
      "D0": 2.759597396850586,
      "ATLAS": 2.444315649277671,
      "CMS": 2.784217771419809,
      "LHCb": 4.492396831512451,
      "total": 2.5434603691101074
    }
  },
  "10900": {
    "training_loss": 7587.80810546875,
    "validation_loss": [
      2974.58837890625
    ],
    "validation_chi2s": {
      "DEUTERON": 2.4854440262068564,
      "NMC": 3.2413324094286153,
      "NUCLEAR": 2.34955712890625,
      "HERACOMB": 2.3760328105851714,
      "DYE886": 1.6862454847856,
      "CDF": 1.8948297500610352,
      "D0": 2.528344917297363,
      "ATLAS": 2.4597935170434706,
      "CMS": 2.794310010169163,
      "LHCb": 4.411974906921387,
      "total": 2.5229685306549072
    }
  },
  "11000": {
    "training_loss": 7575.7666015625,
    "validation_loss": [
      2974.591064453125
    ],
    "validation_chi2s": {
      "DEUTERON": 2.439848335228156,
      "NMC": 3.2104899088541665,
      "NUCLEAR": 2.3526552734375,
      "HERACOMB": 2.394696005029616,
      "DYE886": 1.7050600918856533,
      "CDF": 1.8635381971086775,
      "D0": 2.6020263671875,
      "ATLAS": 2.487346627858764,
      "CMS": 2.7960174812758263,
      "LHCb": 4.355280876159668,
      "total": 2.5229718685150146
    }
  },
  "11100": {
    "training_loss": 7586.46337890625,
    "validation_loss": [
      2983.478515625
    ],
    "validation_chi2s": {
      "DEUTERON": 2.5206473431183922,
      "NMC": 3.324421302945006,
      "NUCLEAR": 2.3470849609375,
      "HERACOMB": 2.3607133852890114,
      "DYE886": 1.6768530065363103,
      "CDF": 1.8747967311314173,
      "D0": 2.52431697845459,
      "ATLAS": 2.48461965209279,
      "CMS": 2.769411449590005,
      "LHCb": 4.469546794891357,
      "total": 2.5305120944976807
    }
  },
  "11200": {
    "training_loss": 7594.04052734375,
    "validation_loss": [
      2978.546875
    ],
    "validation_chi2s": {
      "DEUTERON": 2.502875332808613,
      "NMC": 3.266849293428309,
      "NUCLEAR": 2.34693701171875,
      "HERACOMB": 2.3595020568448732,
      "DYE886": 1.6830340298739346,
      "CDF": 1.8599530628749303,
      "D0": 2.501448631286621,
      "ATLAS": 2.522369555254888,
      "CMS": 2.738696389947056,
      "LHCb": 4.442728042602539,
      "total": 2.5263304710388184
    }
  },
  "11300": {
    "training_loss": 7589.33935546875,
    "validation_loss": [
      2973.61474609375
    ],
    "validation_chi2s": {
      "DEUTERON": 2.453653364039179,
      "NMC": 3.1623283835018383,
      "NUCLEAR": 2.35776953125,
      "HERACOMB": 2.372216517629187,
      "DYE886": 1.6881263039328835,
      "CDF": 1.8740346091134208,
      "D0": 2.50879020690918,
      "ATLAS": 2.5307444993344097,
      "CMS": 2.768374860779313,
      "LHCb": 4.389028549194336,
      "total": 2.522115468978882
    }
  },
  "11400": {
    "training_loss": 7591.4921875,
    "validation_loss": [
      2978.211181640625
    ],
    "validation_chi2s": {
      "DEUTERON": 2.457251401682991,
      "NMC": 3.1737377690333948,
      "NUCLEAR": 2.360649658203125,
      "HERACOMB": 2.3793199327256946,
      "DYE886": 1.6723962263627485,
      "CDF": 1.878347941807338,
      "D0": 2.497939682006836,
      "ATLAS": 2.5270498265101256,
      "CMS": 2.7907011173973397,
      "LHCb": 4.350218296051025,
      "total": 2.525994062423706
    }
  },
  "11500": {
    "training_loss": 7580.67236328125,
    "validation_loss": [
      2985.73388671875
    ],
    "validation_chi2s": {
      "DEUTERON": 2.4733938340523944,
      "NMC": 3.2414888868144915,
      "NUCLEAR": 2.357103759765625,
      "HERACOMB": 2.4130318834890727,
      "DYE886": 1.6962129419500178,
      "CDF": 1.9059594018118722,
      "D0": 2.494354248046875,
      "ATLAS": 2.445208842527933,
      "CMS": 2.815752265867123,
      "LHCb": 4.425023078918457,
      "total": 2.53242826461792
    }
  },
  "11600": {
    "training_loss": 7589.7939453125,
    "validation_loss": [
      2988.783203125
    ],
    "validation_chi2s": {
      "DEUTERON": 2.493854731469605,
      "NMC": 3.2878803926355697,
      "NUCLEAR": 2.35617919921875,
      "HERACOMB": 2.398779376659518,
      "DYE886": 1.6796526475386186,
      "CDF": 1.9324208668300085,
      "D0": 2.468008041381836,
      "ATLAS": 2.446297245984637,
      "CMS": 2.8248311192536155,
      "LHCb": 4.434789180755615,
      "total": 2.5350148677825928
    }
  },
  "11700": {
    "training_loss": 45697.6611328125,
    "validation_loss": [
      6406.353515625
    ],
    "validation_chi2s": {
      "DEUTERON": 13.480383725901742,
      "NMC": 3.1148397408279718,
      "NUCLEAR": 2.6548515625,
      "HERACOMB": 2.7918870713975696,
      "DYE886": 10.932832197709518,
      "CDF": 2.1216605050223216,
      "D0": 23.73009338378906,
      "ATLAS": 4.40441792237692,
      "CMS": 4.164061491154442,
      "LHCb": 6.392151355743408,
      "total": 5.407896518707275
    }
  },
  "11800": {
    "training_loss": 7629.5859375,
    "validation_loss": [
      3006.977783203125
    ],
    "validation_chi2s": {
      "DEUTERON": 2.4659874759503264,
      "NMC": 3.2406852572571996,
      "NUCLEAR": 2.344939453125,
      "HERACOMB": 2.4198295244204453,
      "DYE886": 1.572684721513228,
      "CDF": 2.126377923148019,
      "D0": 2.539437484741211,
      "ATLAS": 2.5004407147455483,
      "CMS": 2.7900811818020403,
      "LHCb": 4.977476596832275,
      "total": 2.5504472255706787
    }
  },
  "11900": {
    "training_loss": 7592.67431640625,
    "validation_loss": [
      2974.34521484375
    ],
    "validation_chi2s": {
      "DEUTERON": 2.4658017893928794,
      "NMC": 3.209513047162224,
      "NUCLEAR": 2.3525615234375,
      "HERACOMB": 2.383987725949755,
      "DYE886": 1.6526596762917258,
      "CDF": 1.9637948444911413,
      "D0": 2.4538175582885744,
      "ATLAS": 2.4933079554381985,
      "CMS": 2.752344557076446,
      "LHCb": 4.481691837310791,
      "total": 2.5227694511413574
    }
  },
  "12000": {
    "training_loss": 7610.46923828125,
    "validation_loss": [
      2980.01123046875
    ],
    "validation_chi2s": {
      "DEUTERON": 2.470076224104089,
      "NMC": 3.1724772733800553,
      "NUCLEAR": 2.36438916015625,
      "HERACOMB": 2.3757731119791665,
      "DYE886": 1.716883572665128,
      "CDF": 1.7634086608886719,
      "D0": 2.6152364730834963,
      "ATLAS": 2.5608682472612605,
      "CMS": 2.7368322955675364,
      "LHCb": 4.3038177490234375,
      "total": 2.5274875164031982
    }
  },
  "12100": {
    "training_loss": 7591.6533203125,
    "validation_loss": [
      2979.33447265625
    ],
    "validation_chi2s": {
      "DEUTERON": 2.467690387175451,
      "NMC": 3.190076940199908,
      "NUCLEAR": 2.359445556640625,
      "HERACOMB": 2.389178107766544,
      "DYE886": 1.6577973799272017,
      "CDF": 1.9302490779331751,
      "D0": 2.554787445068359,
      "ATLAS": 2.471168390199459,
      "CMS": 2.791674401149277,
      "LHCb": 4.5006842613220215,
      "total": 2.527001142501831
    }
  },
  "12200": {
    "training_loss": 7586.45947265625,
    "validation_loss": [
      2975.9072265625
    ],
    "validation_chi2s": {
      "DEUTERON": 2.453645165286847,
      "NMC": 3.233029833026961,
      "NUCLEAR": 2.36455810546875,
      "HERACOMB": 2.4162773182189543,
      "DYE886": 1.6589875654740767,
      "CDF": 1.779893057686942,
      "D0": 2.598135566711426,
      "ATLAS": 2.480954985378841,
      "CMS": 2.7316407763268336,
      "LHCb": 4.305061340332031,
      "total": 2.524094343185425
    }
  },
  "12300": {
    "training_loss": 7691.36962890625,
    "validation_loss": [
      2977.89306640625
    ],
    "validation_chi2s": {
      "DEUTERON": 2.504509617440143,
      "NMC": 3.318509569355086,
      "NUCLEAR": 2.361157470703125,
      "HERACOMB": 2.362100439133987,
      "DYE886": 1.7372044649991123,
      "CDF": 1.715104103088379,
      "D0": 2.7154047012329103,
      "ATLAS": 2.5179223428225384,
      "CMS": 2.6982517715327994,
      "LHCb": 4.299237251281738,
      "total": 2.5257785320281982
    }
  },
  "12400": {
    "training_loss": 7652.9853515625,
    "validation_loss": [
      2965.7783203125
    ],
    "validation_chi2s": {
      "DEUTERON": 2.448626010572139,
      "NMC": 3.2092392865349266,
      "NUCLEAR": 2.363898681640625,
      "HERACOMB": 2.36450155420241,
      "DYE886": 1.647591850974343,
      "CDF": 1.7524618421282088,
      "D0": 2.5935476303100584,
      "ATLAS": 2.604460306007769,
      "CMS": 2.655516064856663,
      "LHCb": 4.170483112335205,
      "total": 2.515503168106079
    }
  },
  "12500": {
    "training_loss": 7578.84130859375,
    "validation_loss": [
      2974.499267578125
    ],
    "validation_chi2s": {
      "DEUTERON": 2.450326037051073,
      "NMC": 3.1362137140012254,
      "NUCLEAR": 2.354558837890625,
      "HERACOMB": 2.3599654054330066,
      "DYE886": 1.632713491266424,
      "CDF": 1.988769258771624,
      "D0": 2.507015609741211,
      "ATLAS": 2.537970857247294,
      "CMS": 2.7857527299360796,
      "LHCb": 4.530105113983154,
      "total": 2.522899866104126
    }
  },
  "12600": {
    "training_loss": 7602.56201171875,
    "validation_loss": [
      2987.606689453125
    ],
    "validation_chi2s": {
      "DEUTERON": 2.519409331516247,
      "NMC": 3.283497230679381,
      "NUCLEAR": 2.349217041015625,
      "HERACOMB": 2.3431320689082926,
      "DYE886": 1.6807110526344993,
      "CDF": 1.9112296785627092,
      "D0": 2.551319694519043,
      "ATLAS": 2.5239065159632506,
      "CMS": 2.770697475464876,
      "LHCb": 4.579445838928223,
      "total": 2.5340166091918945
    }
  },
  "12700": {
    "training_loss": 7573.611328125,
    "validation_loss": [
      2975.5546875
    ],
    "validation_chi2s": {
      "DEUTERON": 2.477766653791589,
      "NMC": 3.2344734341490504,
      "NUCLEAR": 2.361786865234375,
      "HERACOMB": 2.373318740744996,
      "DYE886": 1.6753534837202593,
      "CDF": 1.735081672668457,
      "D0": 2.623255157470703,
      "ATLAS": 2.543384573313111,
      "CMS": 2.7100991493414255,
      "LHCb": 4.295612812042236,
      "total": 2.5237958431243896
    }
  },
  "12800": {
    "training_loss": 7580.5205078125,
    "validation_loss": [
      2974.49609375
    ],
    "validation_chi2s": {
      "DEUTERON": 2.456076854497046,
      "NMC": 3.1640433517156863,
      "NUCLEAR": 2.36049267578125,
      "HERACOMB": 2.382498547921773,
      "DYE886": 1.71034067327326,
      "CDF": 1.8971680232456751,
      "D0": 2.575973129272461,
      "ATLAS": 2.477740580809183,
      "CMS": 2.779175561321668,
      "LHCb": 4.491493225097656,
      "total": 2.522813081741333
    }
  },
  "12900": {
    "training_loss": 7557.1875,
    "validation_loss": [
      2975.81396484375
    ],
    "validation_chi2s": {
      "DEUTERON": 2.4707494327678017,
      "NMC": 3.213591631721048,
      "NUCLEAR": 2.35623681640625,
      "HERACOMB": 2.3900625191482843,
      "DYE886": 1.712529789317738,
      "CDF": 1.8927183151245117,
      "D0": 2.599526786804199,
      "ATLAS": 2.4265380518396475,
      "CMS": 2.8079417835582388,
      "LHCb": 4.495336532592773,
      "total": 2.524015426635742
    }
  },
  "13000": {
    "training_loss": 7557.2431640625,
    "validation_loss": [
      2967.828857421875
    ],
    "validation_chi2s": {
      "DEUTERON": 2.4316899693427394,
      "NMC": 3.123756259095435,
      "NUCLEAR": 2.360632080078125,
      "HERACOMB": 2.3678419325086804,
      "DYE886": 1.6864388205788352,
      "CDF": 1.8379820414951868,
      "D0": 2.648703956604004,
      "ATLAS": 2.5343084068937674,
      "CMS": 2.766153635072314,
      "LHCb": 4.380475997924805,
      "total": 2.5171961784362793
    }
  },
  "13100": {
    "training_loss": 7562.7890625,
    "validation_loss": [
      2984.47509765625
    ],
    "validation_chi2s": {
      "DEUTERON": 2.45562303837259,
      "NMC": 3.206735049977022,
      "NUCLEAR": 2.35963525390625,
      "HERACOMB": 2.3874655330882355,
      "DYE886": 1.6780561967329546,
      "CDF": 1.8534276144845145,
      "D0": 2.621904754638672,
      "ATLAS": 2.5107756033956004,
      "CMS": 2.7961516577350207,
      "LHCb": 4.458993434906006,
      "total": 2.531092882156372
    }
  },
  "13200": {
    "training_loss": 7554.43994140625,
    "validation_loss": [
      2969.808837890625
    ],
    "validation_chi2s": {
      "DEUTERON": 2.450039991691931,
      "NMC": 3.1038674747242645,
      "NUCLEAR": 2.353506103515625,
      "HERACOMB": 2.367879431232128,
      "DYE886": 1.6618107882412998,
      "CDF": 1.8860133034842355,
      "D0": 2.635597991943359,
      "ATLAS": 2.5434355496028282,
      "CMS": 2.771584755133006,
      "LHCb": 4.353702068328857,
      "total": 2.5188939571380615
    }
  },
  "13300": {
    "training_loss": 7566.96875,
    "validation_loss": [
      2965.845703125
    ],
    "validation_chi2s": {
      "DEUTERON": 2.4531479261407805,
      "NMC": 3.1048212986366424,
      "NUCLEAR": 2.351640625,
      "HERACOMB": 2.3721672506893383,
      "DYE886": 1.6721461902965198,
      "CDF": 1.886345727103097,
      "D0": 2.613997459411621,
      "ATLAS": 2.510554137842615,
      "CMS": 2.7657470703125,
      "LHCb": 4.388983249664307,
      "total": 2.5155606269836426
    }
  },
  "13400": {
    "training_loss": 7555.41259765625,
    "validation_loss": [
      2992.201904296875
    ],
    "validation_chi2s": {
      "DEUTERON": 2.481529881112018,
      "NMC": 3.3163775275735294,
      "NUCLEAR": 2.34968994140625,
      "HERACOMB": 2.4057932336345997,
      "DYE886": 1.7071611231023616,
      "CDF": 1.9671351569039481,
      "D0": 2.6418310165405274,
      "ATLAS": 2.4057444993344097,
      "CMS": 2.829032961002066,
      "LHCb": 4.687400817871094,
      "total": 2.537914991378784
    }
  },
  "13500": {
    "training_loss": 7573.5791015625,
    "validation_loss": [
      2967.24462890625
    ],
    "validation_chi2s": {
      "DEUTERON": 2.444344591738573,
      "NMC": 3.175289976830576,
      "NUCLEAR": 2.3455869140625,
      "HERACOMB": 2.360329821218852,
      "DYE886": 1.648219195279208,
      "CDF": 1.9526702335902624,
      "D0": 2.6486928939819334,
      "ATLAS": 2.517404566929993,
      "CMS": 2.7739247724044422,
      "LHCb": 4.458042144775391,
      "total": 2.516746997833252
    }
  },
  "13600": {
    "training_loss": 7554.52001953125,
    "validation_loss": [
      2990.7607421875
    ],
    "validation_chi2s": {
      "DEUTERON": 2.4952968009075716,
      "NMC": 3.3173211789598653,
      "NUCLEAR": 2.345021484375,
      "HERACOMB": 2.4241785784952,
      "DYE886": 1.702322699806907,
      "CDF": 1.896629878452846,
      "D0": 2.6889663696289063,
      "ATLAS": 2.380376719895688,
      "CMS": 2.8327225614185174,
      "LHCb": 4.547024726867676,
      "total": 2.5366928577423096
    }
  },
  "13700": {
    "training_loss": 7749.56201171875,
    "validation_loss": [
      2965.87060546875
    ],
    "validation_chi2s": {
      "DEUTERON": 2.4607814200481966,
      "NMC": 3.2379892386642157,
      "NUCLEAR": 2.342168212890625,
      "HERACOMB": 2.345191706239788,
      "DYE886": 1.6608586744828657,
      "CDF": 1.9146010535103934,
      "D0": 2.730680465698242,
      "ATLAS": 2.543422762908083,
      "CMS": 2.732360083209582,
      "LHCb": 4.369039535522461,
      "total": 2.5155816078186035
    }
  },
  "13800": {
    "training_loss": 7827.55029296875,
    "validation_loss": [
      2966.672119140625
    ],
    "validation_chi2s": {
      "DEUTERON": 2.4627872296233675,
      "NMC": 3.260130938361673,
      "NUCLEAR": 2.336185546875,
      "HERACOMB": 2.368143119064032,
      "DYE886": 1.6552214189009233,
      "CDF": 1.9667486463274275,
      "D0": 2.6550037384033205,
      "ATLAS": 2.4576724601191517,
      "CMS": 2.7691549506069215,
      "LHCb": 4.530113220214844,
      "total": 2.516261339187622
    }
  },
  "13900": {
    "training_loss": 7644.94970703125,
    "validation_loss": [
      2983.52978515625
    ],
    "validation_chi2s": {
      "DEUTERON": 2.4962405683982434,
      "NMC": 3.3974992340686274,
      "NUCLEAR": 2.336772216796875,
      "HERACOMB": 2.3878161860447302,
      "DYE886": 1.8110734766179866,
      "CDF": 1.8348351887294225,
      "D0": 2.831931304931641,
      "ATLAS": 2.3990558645578735,
      "CMS": 2.7773508119189048,
      "LHCb": 4.598467826843262,
      "total": 2.530559539794922
    }
  }
}