{
  "100": {
    "training_loss": 374.771728515625,
    "validation_loss": [
      5638.072265625
    ],
    "validation_chi2s": {
      "DEUTERON": 2.975070762634277,
      "ATLAS": 3.1166728626598013,
      "total": 3.0056121349334717
    }
  },
  "200": {
    "training_loss": 297.76220703125,
    "validation_loss": [
      112.33209228515625
    ],
    "validation_chi2s": {
      "DEUTERON": 2.096150779724121,
      "ATLAS": 2.5896419178355825,
      "total": 2.202589988708496
    }
  },
  "300": {
    "training_loss": 265.29241943359375,
    "validation_loss": [
      108.62627410888672
    ],
    "validation_chi2s": {
      "DEUTERON": 2.041057014465332,
      "ATLAS": 2.4530904943292793,
      "total": 2.129926919937134
    }
  },
  "400": {
    "training_loss": 255.17080688476562,
    "validation_loss": [
      94.6287841796875
    ],
    "validation_chi2s": {
      "DEUTERON": 1.9748004913330077,
      "ATLAS": 1.4215238744562322,
      "total": 1.855466365814209
    }
  },
  "500": {
    "training_loss": 256.6976318359375,
    "validation_loss": [
      89.60508728027344
    ],
    "validation_chi2s": {
      "DEUTERON": 1.8226167678833007,
      "ATLAS": 1.5182200345126065,
      "total": 1.756962537765503
    }
  }
}