{
  "100": {
    "training_loss": 71680.0,
    "validation_loss": [
      15100.859375
    ],
    "validation_chi2s": {
      "DEUTERON": 18.11886368936567,
      "NMC": 7.622122371897978,
      "NUCLEAR": 7.10219189453125,
      "HERACOMB": 11.714104147518382,
      "DYE886": 61.45072798295455,
      "CDF": 1.3909330368041992,
      "D0": 20.740872192382813,
      "ATLAS": 12.19300703568892,
      "CMS": 8.729019038933368,
      "LHCb": 14.102635383605957,
      "total": 12.426198959350586
    }
  },
  "200": {
    "training_loss": 19167.96875,
    "validation_loss": [
      9570.330078125
    ],
    "validation_chi2s": {
      "DEUTERON": 9.293513511543843,
      "NMC": 2.9632065716911766,
      "NUCLEAR": 7.4067880859375,
      "HERACOMB": 5.610754873238358,
      "DYE886": 47.3707108931108,
      "CDF": 0.9687163489205497,
      "D0": 29.000225830078126,
      "ATLAS": 9.090278625488281,
      "CMS": 5.06170200316374,
      "LHCb": 8.114677429199219,
      "total": 7.992067813873291
    }
  },
  "300": {
    "training_loss": 16098.77734375,
    "validation_loss": [
      7501.86962890625
    ],
    "validation_chi2s": {
      "DEUTERON": 7.818954543687811,
      "NMC": 2.785931755514706,
      "NUCLEAR": 5.704162109375,
      "HERACOMB": 3.869710685380923,
      "DYE886": 47.977294921875,
      "CDF": 1.0970991679600306,
      "D0": 20.182164001464844,
      "ATLAS": 6.470535971901634,
      "CMS": 3.5026628478499484,
      "LHCb": 6.520116329193115,
      "total": 6.258627891540527
    }
  },
  "400": {
    "training_loss": 15355.8095703125,
    "validation_loss": [
      7117.0615234375
    ],
    "validation_chi2s": {
      "DEUTERON": 8.326604283271145,
      "NMC": 2.6553302839690565,
      "NUCLEAR": 5.27402783203125,
      "HERACOMB": 3.610312468086193,
      "DYE886": 43.82125022194602,
      "CDF": 0.9716685158865792,
      "D0": 15.906051635742188,
      "ATLAS": 5.675647388805043,
      "CMS": 3.5157680038578256,
      "LHCb": 5.960426330566406,
      "total": 5.933093070983887
    }
  },
  "500": {
    "training_loss": 15050.4443359375,
    "validation_loss": [
      7005.4140625
    ],
    "validation_chi2s": {
      "DEUTERON": 8.664554425139926,
      "NMC": 2.5807061288871016,
      "NUCLEAR": 5.1388720703125,
      "HERACOMB": 3.5259443295547386,
      "DYE886": 41.83173717151988,
      "CDF": 0.870765141078404,
      "D0": 14.7102294921875,
      "ATLAS": 5.38051362471147,
      "CMS": 3.5494634454900567,
      "LHCb": 5.607120513916016,
      "total": 5.838628768920898
    }
  },
  "600": {
    "training_loss": 14821.2724609375,
    "validation_loss": [
      6919.75537109375
    ],
    "validation_chi2s": {
      "DEUTERON": 8.9350488767102,
      "NMC": 2.5305053112553617,
      "NUCLEAR": 5.01729443359375,
      "HERACOMB": 3.4339647480085786,
      "DYE886": 40.55862149325284,
      "CDF": 0.7742791857038226,
      "D0": 13.400582885742187,
      "ATLAS": 5.188614931973544,
      "CMS": 3.583964198088843,
      "LHCb": 5.34398078918457,
      "total": 5.765047550201416
    }
  },
  "700": {
    "training_loss": 14627.77734375,
    "validation_loss": [
      6813.69921875
    ],
    "validation_chi2s": {
      "DEUTERON": 8.937136825637438,
      "NMC": 2.4962882247625613,
      "NUCLEAR": 4.8750205078125,
      "HERACOMB": 3.3640092837265114,
      "DYE886": 39.220184326171875,
      "CDF": 0.6837079865591866,
      "D0": 13.410270690917969,
      "ATLAS": 5.073057694868608,
      "CMS": 3.6438676818343234,
      "LHCb": 5.1459174156188965,
      "total": 5.673457145690918
    }
  },
  "800": {
    "training_loss": 14479.3779296875,
    "validation_loss": [
      6703.1943359375
    ],
    "validation_chi2s": {
      "DEUTERON": 8.643273500660758,
      "NMC": 2.4631401510799633,
      "NUCLEAR": 4.730685546875,
      "HERACOMB": 3.314871993719363,
      "DYE886": 38.32239046963778,
      "CDF": 0.6206442287990025,
      "D0": 15.994218444824218,
      "ATLAS": 5.022305922074751,
      "CMS": 3.701339343362603,
      "LHCb": 4.95469856262207,
      "total": 5.576239585876465
    }
  },
  "900": {
    "training_loss": 14329.509765625,
    "validation_loss": [
      6669.06689453125
    ],
    "validation_chi2s": {
      "DEUTERON": 8.762607859141792,
      "NMC": 2.4413678038354014,
      "NUCLEAR": 4.62752587890625,
      "HERACOMB": 3.268857469745711,
      "DYE886": 37.682042902166195,
      "CDF": 0.6196512494768415,
      "D0": 16.43262481689453,
      "ATLAS": 5.007605812766335,
      "CMS": 3.677311416499871,
      "LHCb": 4.770028114318848,
      "total": 5.543834209442139
    }
  },
  "1000": {
    "training_loss": 14194.494140625,
    "validation_loss": [
      6665.95361328125
    ],
    "validation_chi2s": {
      "DEUTERON": 9.112684259367226,
      "NMC": 2.42920415541705,
      "NUCLEAR": 4.558203125,
      "HERACOMB": 3.2330830891927085,
      "DYE886": 37.06137362393466,
      "CDF": 0.6201737948826381,
      "D0": 14.608580017089844,
      "ATLAS": 4.981430747292259,
      "CMS": 3.6437756246771693,
      "LHCb": 4.62111759185791,
      "total": 5.540557861328125
    }
  },
  "1100": {
    "training_loss": 14072.40234375,
    "validation_loss": [
      6657.15625
    ],
    "validation_chi2s": {
      "DEUTERON": 9.378951798624067,
      "NMC": 2.4184969733743107,
      "NUCLEAR": 4.51989208984375,
      "HERACOMB": 3.201789606630413,
      "DYE886": 36.682958429509945,
      "CDF": 0.6205126898629325,
      "D0": 12.707620239257812,
      "ATLAS": 4.949182683771307,
      "CMS": 3.6185398574702994,
      "LHCb": 4.483604431152344,
      "total": 5.534908771514893
    }
  },
  "1200": {
    "training_loss": 13987.146484375,
    "validation_loss": [
      6639.9462890625
    ],
    "validation_chi2s": {
      "DEUTERON": 9.529820987834267,
      "NMC": 2.410252290613511,
      "NUCLEAR": 4.4858466796875,
      "HERACOMB": 3.1926564733966503,
      "DYE886": 36.3177323774858,
      "CDF": 0.6268472671508789,
      "D0": 11.305828857421876,
      "ATLAS": 4.921955455433238,
      "CMS": 3.6085883526762657,
      "LHCb": 4.347013473510742,
      "total": 5.523192882537842
    }
  },
  "1300": {
    "training_loss": 13918.46875,
    "validation_loss": [
      6625.57568359375
    ],
    "validation_chi2s": {
      "DEUTERON": 9.68509624727923,
      "NMC": 2.404820311303232,
      "NUCLEAR": 4.42460009765625,
      "HERACOMB": 3.1948539384829453,
      "DYE886": 36.02031083540483,
      "CDF": 0.634718758719308,
      "D0": 10.123278045654297,
      "ATLAS": 4.8991921164772725,
      "CMS": 3.603137560127195,
      "LHCb": 4.222949028015137,
      "total": 5.514132499694824
    }
  },
  "1400": {
    "training_loss": 11936.0,
    "validation_loss": [
      4573.134765625
    ],
    "validation_chi2s": {
      "DEUTERON": 4.94068506345227,
      "NMC": 2.527821559532016,
      "NUCLEAR": 3.79379296875,
      "HERACOMB": 2.7101153205422794,
      "DYE886": 3.3366865678267046,
      "CDF": 0.45049909182957243,
      "D0": 8.217196655273437,
      "ATLAS": 4.864681590687145,
      "CMS": 3.047949672730501,
      "LHCb": 5.7639851570129395,
      "total": 3.7992401123046875
    }
  },
  "1500": {
    "training_loss": 8424.62890625,
    "validation_loss": [
      3142.27490234375
    ],
    "validation_chi2s": {
      "DEUTERON": 3.1136395658426617,
      "NMC": 2.1206208771350337,
      "NUCLEAR": 2.288290771484375,
      "HERACOMB": 2.499118381076389,
      "DYE886": 2.5120053724809126,
      "CDF": 1.2698726654052734,
      "D0": 2.9566150665283204,
      "ATLAS": 2.9737354625355112,
      "CMS": 2.9210775075865185,
      "LHCb": 2.1669042110443115,
      "total": 2.645139694213867
    }
  },
  "1600": {
    "training_loss": 8030.2744140625,
    "validation_loss": [
      2933.980712890625
    ],
    "validation_chi2s": {
      "DEUTERON": 2.587653164839863,
      "NMC": 2.1425824632831647,
      "NUCLEAR": 2.0361156005859375,
      "HERACOMB": 2.4375408895654616,
      "DYE886": 2.6629421927712182,
      "CDF": 1.508383069719587,
      "D0": 2.9680931091308596,
      "ATLAS": 2.908280285921964,
      "CMS": 2.961768032105501,
      "LHCb": 1.9343959093093872,
      "total": 2.4789648056030273
    }
  },
  "1700": {
    "training_loss": 7899.220703125,
    "validation_loss": [
      2878.320068359375
    ],
    "validation_chi2s": {
      "DEUTERON": 2.4232739500738494,
      "NMC": 2.1431232527190565,
      "NUCLEAR": 1.9850985107421875,
      "HERACOMB": 2.4267408582899304,
      "DYE886": 2.776071548461914,
      "CDF": 1.5978412628173828,
      "D0": 2.6855403900146486,
      "ATLAS": 2.915494051846591,
      "CMS": 2.969014317536157,
      "LHCb": 1.8770666122436523,
      "total": 2.437748670578003
    }
  },
  "1800": {
    "training_loss": 7858.81298828125,
    "validation_loss": [
      2851.18310546875
    ],
    "validation_chi2s": {
      "DEUTERON": 2.341160560721782,
      "NMC": 2.137889488070619,
      "NUCLEAR": 1.9711070556640624,
      "HERACOMB": 2.421374152688419,
      "DYE886": 2.7520966963334517,
      "CDF": 1.6684868676321847,
      "D0": 2.6136825561523436,
      "ATLAS": 2.9068728360262783,
      "CMS": 2.9609395176911155,
      "LHCb": 1.8727092742919922,
      "total": 2.4162375926971436
    }
  },
  "1900": {
    "training_loss": 7834.7470703125,
    "validation_loss": [
      2842.751953125
    ],
    "validation_chi2s": {
      "DEUTERON": 2.3218629751632465,
      "NMC": 2.1307696174172794,
      "NUCLEAR": 1.964486572265625,
      "HERACOMB": 2.4193286771088642,
      "DYE886": 2.7677329670299184,
      "CDF": 1.7029778616768974,
      "D0": 2.5638580322265625,
      "ATLAS": 2.9120656793767754,
      "CMS": 2.9519595311692925,
      "LHCb": 1.8755422830581665,
      "total": 2.4106950759887695
    }
  },
  "2000": {
    "training_loss": 7829.79931640625,
    "validation_loss": [
      2836.790771484375
    ],
    "validation_chi2s": {
      "DEUTERON": 2.3285572564423975,
      "NMC": 2.129019942938113,
      "NUCLEAR": 1.9593975830078125,
      "HERACOMB": 2.414382834839665,
      "DYE886": 2.710653131658381,
      "CDF": 1.735999924795968,
      "D0": 2.632783889770508,
      "ATLAS": 2.900281212546609,
      "CMS": 2.9407656330707646,
      "LHCb": 1.9122321605682373,
      "total": 2.4071924686431885
    }
  },
  "2100": {
    "training_loss": 7813.61865234375,
    "validation_loss": [
      2833.167724609375
    ],
    "validation_chi2s": {
      "DEUTERON": 2.3188538812286223,
      "NMC": 2.121641720042509,
      "NUCLEAR": 1.955919677734375,
      "HERACOMB": 2.414986404718137,
      "DYE886": 2.741676677357067,
      "CDF": 1.7409076690673828,
      "D0": 2.5923385620117188,
      "ATLAS": 2.8965764479203657,
      "CMS": 2.943308176087939,
      "LHCb": 1.920140266418457,
      "total": 2.4048197269439697
    }
  },
  "2200": {
    "training_loss": 7811.47607421875,
    "validation_loss": [
      2828.36767578125
    ],
    "validation_chi2s": {
      "DEUTERON": 2.305548672652363,
      "NMC": 2.118661917892157,
      "NUCLEAR": 1.955098876953125,
      "HERACOMB": 2.4141953412224266,
      "DYE886": 2.7024940143931997,
      "CDF": 1.763583047049386,
      "D0": 2.675411605834961,
      "ATLAS": 2.8863917264071377,
      "CMS": 2.9427167403796486,
      "LHCb": 1.9252699613571167,
      "total": 2.4006989002227783
    }
  },
  "2300": {
    "training_loss": 7793.97021484375,
    "validation_loss": [
      2828.811279296875
    ],
    "validation_chi2s": {
      "DEUTERON": 2.29088474862018,
      "NMC": 2.1061176973230697,
      "NUCLEAR": 1.9527410888671874,
      "HERACOMB": 2.421108270782271,
      "DYE886": 2.8092961744828657,
      "CDF": 1.756849697657994,
      "D0": 2.5432880401611326,
      "ATLAS": 2.8988201834938745,
      "CMS": 2.942926832467071,
      "LHCb": 1.9049087762832642,
      "total": 2.4011080265045166
    }
  },
  "2400": {
    "training_loss": 7808.3779296875,
    "validation_loss": [
      2838.304443359375
    ],
    "validation_chi2s": {
      "DEUTERON": 2.3524522164567787,
      "NMC": 2.1203951368144915,
      "NUCLEAR": 1.950859130859375,
      "HERACOMB": 2.405727810329861,
      "DYE886": 2.619100744074041,
      "CDF": 1.7598167146955217,
      "D0": 3.3434314727783203,
      "ATLAS": 2.872682051225142,
      "CMS": 2.9436892674974175,
      "LHCb": 2.0193207263946533,
      "total": 2.4103915691375732
    }
  },
  "2500": {
    "training_loss": 7840.6953125,
    "validation_loss": [
      2826.112060546875
    ],
    "validation_chi2s": {
      "DEUTERON": 2.327353861794543,
      "NMC": 2.1039325489717373,
      "NUCLEAR": 1.9508917236328125,
      "HERACOMB": 2.405355615553513,
      "DYE886": 2.652892372824929,
      "CDF": 1.7991070066179549,
      "D0": 3.0654323577880858,
      "ATLAS": 2.8657188415527344,
      "CMS": 2.926944701139592,
      "LHCb": 1.9763157367706299,
      "total": 2.399864912033081
    }
  },
  "2600": {
    "training_loss": 7782.8095703125,
    "validation_loss": [
      2827.4599609375
    ],
    "validation_chi2s": {
      "DEUTERON": 2.298976309856965,
      "NMC": 2.0949926937327668,
      "NUCLEAR": 1.948687744140625,
      "HERACOMB": 2.4207340813929736,
      "DYE886": 2.798502141779119,
      "CDF": 1.7866322653634208,
      "D0": 2.550971794128418,
      "ATLAS": 2.897552490234375,
      "CMS": 2.934923408445248,
      "LHCb": 1.9277395009994507,
      "total": 2.40069842338562
    }
  },
  "2700": {
    "training_loss": 7777.49365234375,
    "validation_loss": [
      2827.81298828125
    ],
    "validation_chi2s": {
      "DEUTERON": 2.2999314645036537,
      "NMC": 2.0925960166781556,
      "NUCLEAR": 1.94885498046875,
      "HERACOMB": 2.418460821014604,
      "DYE886": 2.856832504272461,
      "CDF": 1.8004627227783203,
      "D0": 2.5309558868408204,
      "ATLAS": 2.89750151200728,
      "CMS": 2.9354174905572057,
      "LHCb": 1.923394799232483,
      "total": 2.401130199432373
    }
  },
  "2800": {
    "training_loss": 7794.48681640625,
    "validation_loss": [
      2831.521728515625
    ],
    "validation_chi2s": {
      "DEUTERON": 2.352089497580457,
      "NMC": 2.113511179007736,
      "NUCLEAR": 1.9477747802734375,
      "HERACOMB": 2.397759730519812,
      "DYE886": 2.629003177989613,
      "CDF": 1.8083363941737585,
      "D0": 3.287883758544922,
      "ATLAS": 2.8630523681640625,
      "CMS": 2.9328454388074636,
      "LHCb": 2.033775806427002,
      "total": 2.4051401615142822
    }
  },
  "2900": {
    "training_loss": 7772.74755859375,
    "validation_loss": [
      2845.49072265625
    ],
    "validation_chi2s": {
      "DEUTERON": 2.3241832220732275,
      "NMC": 2.0894230861289826,
      "NUCLEAR": 1.9486326904296876,
      "HERACOMB": 2.4282914703967524,
      "DYE886": 2.639966271140359,
      "CDF": 1.753575325012207,
      "D0": 3.2508358001708983,
      "ATLAS": 2.9160946932705967,
      "CMS": 2.9587720130100723,
      "LHCb": 2.0271692276000977,
      "total": 2.417442798614502
    }
  },
  "3000": {
    "training_loss": 7770.8125,
    "validation_loss": [
      2824.492431640625
    ],
    "validation_chi2s": {
      "DEUTERON": 2.2906567018423507,
      "NMC": 2.082674363080193,
      "NUCLEAR": 1.94794873046875,
      "HERACOMB": 2.4169624677670547,
      "DYE886": 2.870086669921875,
      "CDF": 1.8020586286272322,
      "D0": 2.55883674621582,
      "ATLAS": 2.8978330438787285,
      "CMS": 2.932533957741477,
      "LHCb": 1.9169676303863525,
      "total": 2.39860463142395
    }
  },
  "3100": {
    "training_loss": 7771.5341796875,
    "validation_loss": [
      2821.93798828125
    ],
    "validation_chi2s": {
      "DEUTERON": 2.2897343422049907,
      "NMC": 2.0823807061887254,
      "NUCLEAR": 1.9484036865234375,
      "HERACOMB": 2.4123331705729165,
      "DYE886": 2.845823981545188,
      "CDF": 1.8130035400390625,
      "D0": 2.5970096588134766,
      "ATLAS": 2.8952279524369673,
      "CMS": 2.9282153421197057,
      "LHCb": 1.9204097986221313,
      "total": 2.39652156829834
    }
  },
  "3200": {
    "training_loss": 7771.07177734375,
    "validation_loss": [
      2821.29296875
    ],
    "validation_chi2s": {
      "DEUTERON": 2.292258191464552,
      "NMC": 2.0822035845588234,
      "NUCLEAR": 1.948431396484375,
      "HERACOMB": 2.4085102953941995,
      "DYE886": 2.8493997400457207,
      "CDF": 1.8183882577078683,
      "D0": 2.6237173080444336,
      "ATLAS": 2.893673289905895,
      "CMS": 2.929236293824251,
      "LHCb": 1.9184365272521973,
      "total": 2.396101236343384
    }
  },
  "3300": {
    "training_loss": 7768.619140625,
    "validation_loss": [
      2820.25244140625
    ],
    "validation_chi2s": {
      "DEUTERON": 2.28932030521222,
      "NMC": 2.076127145804611,
      "NUCLEAR": 1.94898193359375,
      "HERACOMB": 2.408907821755004,
      "DYE886": 2.8464631167325107,
      "CDF": 1.8182318551199776,
      "D0": 2.614101791381836,
      "ATLAS": 2.8971711939031426,
      "CMS": 2.9235174005681817,
      "LHCb": 1.916257619857788,
      "total": 2.395294427871704
    }
  },
  "3400": {
    "training_loss": 7768.1826171875,
    "validation_loss": [
      2833.882568359375
    ],
    "validation_chi2s": {
      "DEUTERON": 2.2859882715329602,
      "NMC": 2.0589767156862746,
      "NUCLEAR": 1.950949951171875,
      "HERACOMB": 2.4264536340252247,
      "DYE886": 2.741152676669034,
      "CDF": 1.768077986580985,
      "D0": 2.8870668411254883,
      "ATLAS": 2.935411973433061,
      "CMS": 2.9369978471235796,
      "LHCb": 1.95919668674469,
      "total": 2.4072961807250977
    }
  },
  "3500": {
    "training_loss": 7766.42822265625,
    "validation_loss": [
      2819.63330078125
    ],
    "validation_chi2s": {
      "DEUTERON": 2.2894533071944965,
      "NMC": 2.078355826583563,
      "NUCLEAR": 1.9496373291015625,
      "HERACOMB": 2.4041576510161358,
      "DYE886": 2.869749762795188,
      "CDF": 1.8283755438668388,
      "D0": 2.6175247192382813,
      "ATLAS": 2.8972514759410513,
      "CMS": 2.9268481041774277,
      "LHCb": 1.9092541933059692,
      "total": 2.3950061798095703
    }
  },
  "3600": {
    "training_loss": 7769.123046875,
    "validation_loss": [
      2818.477783203125
    ],
    "validation_chi2s": {
      "DEUTERON": 2.297478367440143,
      "NMC": 2.0770856071920956,
      "NUCLEAR": 1.9498681640625,
      "HERACOMB": 2.4007578332439747,
      "DYE886": 2.8106984225186435,
      "CDF": 1.8401388440813338,
      "D0": 2.671988868713379,
      "ATLAS": 2.89284966208718,
      "CMS": 2.9241580174974175,
      "LHCb": 1.920383334159851,
      "total": 2.394282579421997
    }
  },
  "3700": {
    "training_loss": 7763.5146484375,
    "validation_loss": [
      2822.17529296875
    ],
    "validation_chi2s": {
      "DEUTERON": 2.291704927510883,
      "NMC": 2.0674635943244484,
      "NUCLEAR": 1.9507371826171875,
      "HERACOMB": 2.407433802785437,
      "DYE886": 2.86874736439098,
      "CDF": 1.8138929094587053,
      "D0": 2.618825912475586,
      "ATLAS": 2.9072194532914595,
      "CMS": 2.9281202584258783,
      "LHCb": 1.904110312461853,
      "total": 2.3973937034606934
    }
  },
  "3800": {
    "training_loss": 7765.5205078125,
    "validation_loss": [
      2816.773681640625
    ],
    "validation_chi2s": {
      "DEUTERON": 2.3023437196342504,
      "NMC": 2.0719682282092524,
      "NUCLEAR": 1.9509346923828126,
      "HERACOMB": 2.396426930147059,
      "DYE886": 2.800254474986683,
      "CDF": 1.8558619362967355,
      "D0": 2.633042335510254,
      "ATLAS": 2.8972544236616655,
      "CMS": 2.914375998757102,
      "LHCb": 1.9192359447479248,
      "total": 2.3931808471679688
    }
  },
  "3900": {
    "training_loss": 7764.1923828125,
    "validation_loss": [
      2827.287353515625
    ],
    "validation_chi2s": {
      "DEUTERON": 2.3707282982062345,
      "NMC": 2.1064984190697764,
      "NUCLEAR": 1.950708984375,
      "HERACOMB": 2.3772212009803924,
      "DYE886": 2.54386399009011,
      "CDF": 1.8766329629080636,
      "D0": 3.403076171875,
      "ATLAS": 2.8738528164950283,
      "CMS": 2.91132045777376,
      "LHCb": 2.0376322269439697,
      "total": 2.4026012420654297
    }
  },
  "4000": {
    "training_loss": 7757.1845703125,
    "validation_loss": [
      2831.76953125
    ],
    "validation_chi2s": {
      "DEUTERON": 2.372410105235541,
      "NMC": 2.096393061619179,
      "NUCLEAR": 1.9515902099609375,
      "HERACOMB": 2.3854262408088234,
      "DYE886": 2.506222464821555,
      "CDF": 1.8643372399466378,
      "D0": 3.6209346771240236,
      "ATLAS": 2.872608184814453,
      "CMS": 2.914515976078254,
      "LHCb": 2.058176040649414,
      "total": 2.4065494537353516
    }
  },
  "4100": {
    "training_loss": 7760.0615234375,
    "validation_loss": [
      2832.527099609375
    ],
    "validation_chi2s": {
      "DEUTERON": 2.3732208707439364,
      "NMC": 2.0948369643267464,
      "NUCLEAR": 1.9519539794921874,
      "HERACOMB": 2.3855094161688113,
      "DYE886": 2.5236216458407315,
      "CDF": 1.8415938786097936,
      "D0": 3.4348087310791016,
      "ATLAS": 2.885663639415394,
      "CMS": 2.920084299134814,
      "LHCb": 2.0430920124053955,
      "total": 2.4074432849884033
    }
  },
  "4200": {
    "training_loss": 7762.55224609375,
    "validation_loss": [
      2830.18701171875
    ],
    "validation_chi2s": {
      "DEUTERON": 2.338967546301695,
      "NMC": 2.0624786077761184,
      "NUCLEAR": 1.954072998046875,
      "HERACOMB": 2.4036544101690156,
      "DYE886": 2.504861831665039,
      "CDF": 1.8311786651611328,
      "D0": 3.4119510650634766,
      "ATLAS": 2.8993748751553623,
      "CMS": 2.9099832329868285,
      "LHCb": 2.0304222106933594,
      "total": 2.4054179191589355
    }
  },
  "4300": {
    "training_loss": 7759.6962890625,
    "validation_loss": [
      2816.671630859375
    ],
    "validation_chi2s": {
      "DEUTERON": 2.303006755771922,
      "NMC": 2.0484762752757355,
      "NUCLEAR": 1.95374951171875,
      "HERACOMB": 2.400533838209763,
      "DYE886": 2.7188115553422407,
      "CDF": 1.8313559123447962,
      "D0": 2.6928218841552733,
      "ATLAS": 2.909393310546875,
      "CMS": 2.9064240258587293,
      "LHCb": 1.9148845672607422,
      "total": 2.3936614990234375
    }
  },
  "4400": {
    "training_loss": 7758.7333984375,
    "validation_loss": [
      2815.611083984375
    ],
    "validation_chi2s": {
      "DEUTERON": 2.3027436365535605,
      "NMC": 2.0447173773073684,
      "NUCLEAR": 1.9545452880859375,
      "HERACOMB": 2.399453755297692,
      "DYE886": 2.7055476795543325,
      "CDF": 1.8360019411359514,
      "D0": 2.721462059020996,
      "ATLAS": 2.9080033735795454,
      "CMS": 2.9045765774309142,
      "LHCb": 1.9131102561950684,
      "total": 2.392918109893799
    }
  },
  "4500": {
    "training_loss": 7761.7294921875,
    "validation_loss": [
      2823.70166015625
    ],
    "validation_chi2s": {
      "DEUTERON": 2.3056886587569965,
      "NMC": 2.03812827315985,
      "NUCLEAR": 1.9574246826171875,
      "HERACOMB": 2.4082990658828636,
      "DYE886": 2.6051335768266157,
      "CDF": 1.8121468680245536,
      "D0": 3.0205272674560546,
      "ATLAS": 2.920747930353338,
      "CMS": 2.910377943811338,
      "LHCb": 1.9467536211013794,
      "total": 2.399991750717163
    }
  },
  "4600": {
    "training_loss": 7750.30029296875,
    "validation_loss": [
      2833.96240234375
    ],
    "validation_chi2s": {
      "DEUTERON": 2.3998183824529695,
      "NMC": 2.1056790819355085,
      "NUCLEAR": 1.9565762939453124,
      "HERACOMB": 2.3757623410692403,
      "DYE886": 2.467364051125266,
      "CDF": 1.8783903121948242,
      "D0": 3.4919097900390623,
      "ATLAS": 2.8832393993030894,
      "CMS": 2.9139348810369317,
      "LHCb": 2.032383918762207,
      "total": 2.409271240234375
    }
  },
  "4700": {
    "training_loss": 7748.84033203125,
    "validation_loss": [
      2830.722412109375
    ],
    "validation_chi2s": {
      "DEUTERON": 2.309994977505053,
      "NMC": 2.029214298023897,
      "NUCLEAR": 1.9581729736328124,
      "HERACOMB": 2.419785044551675,
      "DYE886": 2.4809329292990943,
      "CDF": 1.803647177559989,
      "D0": 3.140020561218262,
      "ATLAS": 2.931044491854581,
      "CMS": 2.9188989056043386,
      "LHCb": 2.012981414794922,
      "total": 2.40635085105896
    }
  },
  "4800": {
    "training_loss": 7762.99755859375,
    "validation_loss": [
      2822.19384765625
    ],
    "validation_chi2s": {
      "DEUTERON": 2.359697332429649,
      "NMC": 2.0614570168887867,
      "NUCLEAR": 1.9603961181640626,
      "HERACOMB": 2.378244437423407,
      "DYE886": 2.4643676064231177,
      "CDF": 1.8626503263201033,
      "D0": 3.2620590209960936,
      "ATLAS": 2.8924156535755503,
      "CMS": 2.8940724774825672,
      "LHCb": 2.0350539684295654,
      "total": 2.399251937866211
    }
  },
  "4900": {
    "training_loss": 7751.1142578125,
    "validation_loss": [
      2830.509765625
    ],
    "validation_chi2s": {
      "DEUTERON": 2.3841174680795243,
      "NMC": 2.083835527008655,
      "NUCLEAR": 1.9601553955078126,
      "HERACOMB": 2.37590056774663,
      "DYE886": 2.484783346002752,
      "CDF": 1.8745155334472656,
      "D0": 3.213299560546875,
      "ATLAS": 2.8984352458607066,
      "CMS": 2.9183117574896693,
      "LHCb": 2.0077881813049316,
      "total": 2.406425952911377
    }
  },
  "5000": {
    "training_loss": 7783.9853515625,
    "validation_loss": [
      2824.32275390625
    ],
    "validation_chi2s": {
      "DEUTERON": 2.3744775572819496,
      "NMC": 2.0651827045515474,
      "NUCLEAR": 1.9643135986328124,
      "HERACOMB": 2.3779560163909315,
      "DYE886": 2.406747991388494,
      "CDF": 1.9141123635428292,
      "D0": 3.2195640563964845,
      "ATLAS": 2.8768260262229224,
      "CMS": 2.9121641048715134,
      "LHCb": 2.03678560256958,
      "total": 2.401139974594116
    }
  },
  "5100": {
    "training_loss": 7757.40185546875,
    "validation_loss": [
      2816.9033203125
    ],
    "validation_chi2s": {
      "DEUTERON": 2.309415143520678,
      "NMC": 2.0241570566214766,
      "NUCLEAR": 1.9677386474609375,
      "HERACOMB": 2.392739888110192,
      "DYE886": 2.62352839383212,
      "CDF": 1.889317240033831,
      "D0": 3.0013813018798827,
      "ATLAS": 2.9149038141424004,
      "CMS": 2.882246789853435,
      "LHCb": 1.9275258779525757,
      "total": 2.3945155143737793
    }
  },
  "5200": {
    "training_loss": 7741.72119140625,
    "validation_loss": [
      2831.38330078125
    ],
    "validation_chi2s": {
      "DEUTERON": 2.301377633317786,
      "NMC": 2.0048554364372704,
      "NUCLEAR": 1.9659593505859374,
      "HERACOMB": 2.4187488431244892,
      "DYE886": 2.769615346735174,
      "CDF": 1.8025595801217216,
      "D0": 2.7248889923095705,
      "ATLAS": 2.9445551091974433,
      "CMS": 2.921799084371772,
      "LHCb": 1.9088695049285889,
      "total": 2.4065585136413574
    }
  },
  "5300": {
    "training_loss": 7747.76220703125,
    "validation_loss": [
      2830.127685546875
    ],
    "validation_chi2s": {
      "DEUTERON": 2.3871455406075093,
      "NMC": 2.0623248231177236,
      "NUCLEAR": 1.9649267578125,
      "HERACOMB": 2.373529371872447,
      "DYE886": 2.398744236339222,
      "CDF": 1.8896533421107702,
      "D0": 3.4196666717529296,
      "ATLAS": 2.8939749977805396,
      "CMS": 2.9111504672972623,
      "LHCb": 2.042447566986084,
      "total": 2.406182289123535
    }
  },
  "5400": {
    "training_loss": 7742.15625,
    "validation_loss": [
      2818.953369140625
    ],
    "validation_chi2s": {
      "DEUTERON": 2.2841178932000155,
      "NMC": 2.0007746079388786,
      "NUCLEAR": 1.9745086669921874,
      "HERACOMB": 2.4121879627502043,
      "DYE886": 2.5552702817049893,
      "CDF": 1.8806078774588448,
      "D0": 2.942902755737305,
      "ATLAS": 2.929703799161044,
      "CMS": 2.870014285253099,
      "LHCb": 1.975507378578186,
      "total": 2.396113157272339
    }
  },
  "5500": {
    "training_loss": 7731.498046875,
    "validation_loss": [
      2833.02880859375
    ],
    "validation_chi2s": {
      "DEUTERON": 2.3279913907027363,
      "NMC": 2.0009642956303617,
      "NUCLEAR": 1.9689422607421876,
      "HERACOMB": 2.413718429266238,
      "DYE886": 2.296533931385387,
      "CDF": 1.8215450559343611,
      "D0": 3.26859130859375,
      "ATLAS": 2.9503860473632812,
      "CMS": 2.909033657105501,
      "LHCb": 2.022714614868164,
      "total": 2.4088072776794434
    }
  },
  "5600": {
    "training_loss": 7771.30810546875,
    "validation_loss": [
      2817.548828125
    ],
    "validation_chi2s": {
      "DEUTERON": 2.3493615904850746,
      "NMC": 2.0292727900486365,
      "NUCLEAR": 1.9695321044921874,
      "HERACOMB": 2.380041583690768,
      "DYE886": 2.421554218639027,
      "CDF": 1.8868394579206194,
      "D0": 3.20507698059082,
      "ATLAS": 2.874971042979847,
      "CMS": 2.912091972414127,
      "LHCb": 1.996302843093872,
      "total": 2.3955466747283936
    }
  },
  "5700": {
    "training_loss": 7734.30419921875,
    "validation_loss": [
      2824.4013671875
    ],
    "validation_chi2s": {
      "DEUTERON": 2.3715269174148785,
      "NMC": 2.061254912731694,
      "NUCLEAR": 1.9708707275390625,
      "HERACOMB": 2.363482506446589,
      "DYE886": 2.526248411698775,
      "CDF": 1.933041708809989,
      "D0": 3.09497013092041,
      "ATLAS": 2.892071984030984,
      "CMS": 2.9174600396274535,
      "LHCb": 2.007537603378296,
      "total": 2.4014127254486084
    }
  },
  "5800": {
    "training_loss": 7739.5322265625,
    "validation_loss": [
      2832.504638671875
    ],
    "validation_chi2s": {
      "DEUTERON": 2.3869426974016634,
      "NMC": 2.056970484116498,
      "NUCLEAR": 1.973868408203125,
      "HERACOMB": 2.3734607571869892,
      "DYE886": 2.4732797796075996,
      "CDF": 1.8805531093052454,
      "D0": 3.3440502166748045,
      "ATLAS": 2.9035328951748935,
      "CMS": 2.9026448903990185,
      "LHCb": 2.0195188522338867,
      "total": 2.4084267616271973
    }
  },
  "5900": {
    "training_loss": 7729.31201171875,
    "validation_loss": [
      2845.115966796875
    ],
    "validation_chi2s": {
      "DEUTERON": 2.426269683078747,
      "NMC": 2.0991721059761796,
      "NUCLEAR": 1.97415673828125,
      "HERACOMB": 2.369376188789318,
      "DYE886": 2.575567765669389,
      "CDF": 1.87007018498012,
      "D0": 3.1036026000976564,
      "ATLAS": 2.9036648490212182,
      "CMS": 2.939116927217846,
      "LHCb": 2.00329327583313,
      "total": 2.419114589691162
    }
  },
  "6000": {
    "training_loss": 7722.6240234375,
    "validation_loss": [
      2817.388427734375
    ],
    "validation_chi2s": {
      "DEUTERON": 2.292881448470538,
      "NMC": 1.9895501230277268,
      "NUCLEAR": 1.9777974853515625,
      "HERACOMB": 2.399270051445057,
      "DYE886": 2.650436054576527,
      "CDF": 1.8402670451572962,
      "D0": 2.699076461791992,
      "ATLAS": 2.9259907115589487,
      "CMS": 2.907990258587293,
      "LHCb": 1.889135718345642,
      "total": 2.394930124282837
    }
  },
  "6100": {
    "training_loss": 7723.50830078125,
    "validation_loss": [
      2818.985107421875
    ],
    "validation_chi2s": {
      "DEUTERON": 2.2903975301714086,
      "NMC": 1.9895739087871476,
      "NUCLEAR": 1.980170654296875,
      "HERACOMB": 2.3975153904335174,
      "DYE886": 2.6928397091952236,
      "CDF": 1.8410120010375977,
      "D0": 2.6697967529296873,
      "ATLAS": 2.936539736661044,
      "CMS": 2.902738965247288,
      "LHCb": 1.9010404348373413,
      "total": 2.39646577835083
    }
  },
  "6200": {
    "training_loss": 7723.064453125,
    "validation_loss": [
      2820.52734375
    ],
    "validation_chi2s": {
      "DEUTERON": 2.3198761441814364,
      "NMC": 2.0010245828067554,
      "NUCLEAR": 1.98199072265625,
      "HERACOMB": 2.3934946496502247,
      "DYE886": 2.5735444155606357,
      "CDF": 1.9201721463884627,
      "D0": 2.8486318588256836,
      "ATLAS": 2.9137129350142046,
      "CMS": 2.909515885282154,
      "LHCb": 1.8723434209823608,
      "total": 2.397601842880249
    }
  },
  "6300": {
    "training_loss": 7742.9462890625,
    "validation_loss": [
      2827.166259765625
    ],
    "validation_chi2s": {
      "DEUTERON": 2.3956596412468905,
      "NMC": 2.031395257688036,
      "NUCLEAR": 1.979978271484375,
      "HERACOMB": 2.3664600646573732,
      "DYE886": 2.380579861727628,
      "CDF": 1.889136859348842,
      "D0": 3.140752601623535,
      "ATLAS": 2.901891361583363,
      "CMS": 2.908641720606276,
      "LHCb": 1.971016526222229,
      "total": 2.4039244651794434
    }
  },
  "6400": {
    "training_loss": 7722.896484375,
    "validation_loss": [
      2818.074951171875
    ],
    "validation_chi2s": {
      "DEUTERON": 2.3097887940667756,
      "NMC": 1.994469586540671,
      "NUCLEAR": 1.985052734375,
      "HERACOMB": 2.3780990301393996,
      "DYE886": 2.769279653375799,
      "CDF": 1.8722280774797713,
      "D0": 2.790045166015625,
      "ATLAS": 2.916370391845703,
      "CMS": 2.9080028691567663,
      "LHCb": 1.9014406204223633,
      "total": 2.396150588989258
    }
  },
  "6500": {
    "training_loss": 7723.69482421875,
    "validation_loss": [
      2821.1337890625
    ],
    "validation_chi2s": {
      "DEUTERON": 2.323136818349658,
      "NMC": 1.9939621570063573,
      "NUCLEAR": 1.98306201171875,
      "HERACOMB": 2.383945240693934,
      "DYE886": 2.6870838512073862,
      "CDF": 1.8536180768694197,
      "D0": 2.8938751220703125,
      "ATLAS": 2.8974156813188032,
      "CMS": 2.9273167129390494,
      "LHCb": 1.9107004404067993,
      "total": 2.398144483566284
    }
  },
  "6600": {
    "training_loss": 7718.23974609375,
    "validation_loss": [
      2817.4365234375
    ],
    "validation_chi2s": {
      "DEUTERON": 2.3143509442533428,
      "NMC": 1.9896636663698684,
      "NUCLEAR": 1.9846397705078125,
      "HERACOMB": 2.379528968162786,
      "DYE886": 2.724753639914773,
      "CDF": 1.845019749232701,
      "D0": 2.8388484954833983,
      "ATLAS": 2.906846133145419,
      "CMS": 2.9150910180462293,
      "LHCb": 1.8933870792388916,
      "total": 2.3955109119415283
    }
  },
  "6700": {
    "training_loss": 7744.703125,
    "validation_loss": [
      2822.7998046875
    ],
    "validation_chi2s": {
      "DEUTERON": 2.3700081744597328,
      "NMC": 2.021220936494715,
      "NUCLEAR": 1.988523193359375,
      "HERACOMB": 2.360760857077206,
      "DYE886": 2.5421851765025747,
      "CDF": 1.8849859237670898,
      "D0": 3.2285594940185547,
      "ATLAS": 2.8971193486993965,
      "CMS": 2.894065415563662,
      "LHCb": 1.9430515766143799,
      "total": 2.400203227996826
    }
  },
  "6800": {
    "training_loss": 7728.88037109375,
    "validation_loss": [
      2832.000732421875
    ],
    "validation_chi2s": {
      "DEUTERON": 2.4081694190181904,
      "NMC": 2.0439801683612897,
      "NUCLEAR": 1.988027099609375,
      "HERACOMB": 2.3547417135799633,
      "DYE886": 2.491240067915483,
      "CDF": 1.8753772463117326,
      "D0": 3.159101867675781,
      "ATLAS": 2.885387420654297,
      "CMS": 2.937107811289385,
      "LHCb": 1.9764535427093506,
      "total": 2.408021926879883
    }
  },
  "6900": {
    "training_loss": 7737.17626953125,
    "validation_loss": [
      2822.10546875
    ],
    "validation_chi2s": {
      "DEUTERON": 2.3315586071109298,
      "NMC": 1.998917822744332,
      "NUCLEAR": 1.99459814453125,
      "HERACOMB": 2.368735519109988,
      "DYE886": 2.6819142428311435,
      "CDF": 1.8527983256748743,
      "D0": 2.9504764556884764,
      "ATLAS": 2.932282881303267,
      "CMS": 2.8858612312758263,
      "LHCb": 1.9110198020935059,
      "total": 2.399634838104248
    }
  },
  "7000": {
    "training_loss": 7709.00830078125,
    "validation_loss": [
      2825.925048828125
    ],
    "validation_chi2s": {
      "DEUTERON": 2.3913215902907337,
      "NMC": 2.0192754408892464,
      "NUCLEAR": 1.9934197998046874,
      "HERACOMB": 2.353302400875715,
      "DYE886": 2.4446711106733843,
      "CDF": 1.8854721614292689,
      "D0": 3.344857025146484,
      "ATLAS": 2.8845875479958276,
      "CMS": 2.8988107728564048,
      "LHCb": 2.024876356124878,
      "total": 2.4028687477111816
    }
  },
  "7100": {
    "training_loss": 7706.02099609375,
    "validation_loss": [
      2822.5869140625
    ],
    "validation_chi2s": {
      "DEUTERON": 2.3291015625,
      "NMC": 1.9830048504997702,
      "NUCLEAR": 1.992156005859375,
      "HERACOMB": 2.369967591528799,
      "DYE886": 2.7972627119584517,
      "CDF": 1.8101382936750139,
      "D0": 2.891178512573242,
      "ATLAS": 2.907044844193892,
      "CMS": 2.929650424925749,
      "LHCb": 1.8819767236709595,
      "total": 2.3996641635894775
    }
  },
  "7200": {
    "training_loss": 7701.48583984375,
    "validation_loss": [
      2820.149658203125
    ],
    "validation_chi2s": {
      "DEUTERON": 2.3101165923313123,
      "NMC": 1.9710693359375,
      "NUCLEAR": 1.99898095703125,
      "HERACOMB": 2.36662282507404,
      "DYE886": 2.7921713048761543,
      "CDF": 1.831977026803153,
      "D0": 2.8289539337158205,
      "ATLAS": 2.949462890625,
      "CMS": 2.887708427492252,
      "LHCb": 1.8794753551483154,
      "total": 2.3979527950286865
    }
  },
  "7300": {
    "training_loss": 7698.37841796875,
    "validation_loss": [
      2811.977783203125
    ],
    "validation_chi2s": {
      "DEUTERON": 2.320238103914024,
      "NMC": 1.9750364714977788,
      "NUCLEAR": 2.0003372802734374,
      "HERACOMB": 2.3587018181295956,
      "DYE886": 2.596596457741477,
      "CDF": 1.814877918788365,
      "D0": 2.6937084197998047,
      "ATLAS": 2.929585196755149,
      "CMS": 2.8967686172359244,
      "LHCb": 1.8727365732192993,
      "total": 2.3909454345703125
    }
  },
  "7400": {
    "training_loss": 7706.02587890625,
    "validation_loss": [
      2817.21923828125
    ],
    "validation_chi2s": {
      "DEUTERON": 2.326804241730799,
      "NMC": 1.9756002987132353,
      "NUCLEAR": 2.00161865234375,
      "HERACOMB": 2.368114995021446,
      "DYE886": 2.5780147205699575,
      "CDF": 1.8319549560546875,
      "D0": 2.9118886947631837,
      "ATLAS": 2.9065867337313565,
      "CMS": 2.913010021871772,
      "LHCb": 1.876192569732666,
      "total": 2.3947460651397705
    }
  },
  "7500": {
    "training_loss": 7710.56689453125,
    "validation_loss": [
      2819.5673828125
    ],
    "validation_chi2s": {
      "DEUTERON": 2.3595866492731656,
      "NMC": 2.011235704608992,
      "NUCLEAR": 1.9932408447265626,
      "HERACOMB": 2.343225217333027,
      "DYE886": 2.627531051635742,
      "CDF": 1.7923391887119837,
      "D0": 2.9867364883422853,
      "ATLAS": 2.894895380193537,
      "CMS": 2.939667252469654,
      "LHCb": 1.9316530227661133,
      "total": 2.3974666595458984
    }
  },
  "7600": {
    "training_loss": 7679.50244140625,
    "validation_loss": [
      2837.7861328125
    ],
    "validation_chi2s": {
      "DEUTERON": 2.2963871742362407,
      "NMC": 1.9655332378312653,
      "NUCLEAR": 2.0060023193359373,
      "HERACOMB": 2.396349738625919,
      "DYE886": 2.6656029441139917,
      "CDF": 1.7604861940656389,
      "D0": 2.8806232452392577,
      "ATLAS": 2.976146697998047,
      "CMS": 2.9568940470041323,
      "LHCb": 1.85820472240448,
      "total": 2.4127731323242188
    }
  },
  "7700": {
    "training_loss": 7685.9609375,
    "validation_loss": [
      2807.69189453125
    ],
    "validation_chi2s": {
      "DEUTERON": 2.3013411944185322,
      "NMC": 1.9819129495059742,
      "NUCLEAR": 2.0070771484375,
      "HERACOMB": 2.349871866064134,
      "DYE886": 2.6029857288707388,
      "CDF": 1.7966561998639787,
      "D0": 2.6914783477783204,
      "ATLAS": 2.9304643110795454,
      "CMS": 2.904388427734375,
      "LHCb": 1.8355199098587036,
      "total": 2.3870439529418945
    }
  },
  "7800": {
    "training_loss": 7695.3232421875,
    "validation_loss": [
      2821.57470703125
    ],
    "validation_chi2s": {
      "DEUTERON": 2.387172566124456,
      "NMC": 2.0460712208467373,
      "NUCLEAR": 2.000843505859375,
      "HERACOMB": 2.3195108650556575,
      "DYE886": 2.670074636285955,
      "CDF": 1.7893708092825753,
      "D0": 2.992692565917969,
      "ATLAS": 2.906807639382102,
      "CMS": 2.919369784268466,
      "LHCb": 1.9146580696105957,
      "total": 2.399198532104492
    }
  },
  "7900": {
    "training_loss": 7687.97412109375,
    "validation_loss": [
      2817.644775390625
    ],
    "validation_chi2s": {
      "DEUTERON": 2.377408155754431,
      "NMC": 2.0384234260110294,
      "NUCLEAR": 2.005423828125,
      "HERACOMB": 2.3154276928870505,
      "DYE886": 2.7196441997181284,
      "CDF": 1.7883785792759486,
      "D0": 2.921451950073242,
      "ATLAS": 2.9126545299183237,
      "CMS": 2.902985123563404,
      "LHCb": 1.8872900009155273,
      "total": 2.395869493484497
    }
  },
  "8000": {
    "training_loss": 7687.6181640625,
    "validation_loss": [
      2810.939208984375
    ],
    "validation_chi2s": {
      "DEUTERON": 2.3538423604633083,
      "NMC": 2.004765379662607,
      "NUCLEAR": 2.010131591796875,
      "HERACOMB": 2.3275994194878473,
      "DYE886": 2.485475019975142,
      "CDF": 1.7867945262363978,
      "D0": 2.9688694000244142,
      "ATLAS": 2.9161997708407315,
      "CMS": 2.882240232357309,
      "LHCb": 1.931656837463379,
      "total": 2.3901662826538086
    }
  },
  "8100": {
    "training_loss": 7668.3759765625,
    "validation_loss": [
      2804.945556640625
    ],
    "validation_chi2s": {
      "DEUTERON": 2.320652444564288,
      "NMC": 1.9966837565104167,
      "NUCLEAR": 2.016281982421875,
      "HERACOMB": 2.336831086601307,
      "DYE886": 2.451590971513228,
      "CDF": 1.7965613773890905,
      "D0": 2.727534866333008,
      "ATLAS": 2.9190569790926846,
      "CMS": 2.8864241670971076,
      "LHCb": 1.871500015258789,
      "total": 2.384446144104004
    }
  },
  "8200": {
    "training_loss": 7677.21484375,
    "validation_loss": [
      2805.088134765625
    ],
    "validation_chi2s": {
      "DEUTERON": 2.313572670096782,
      "NMC": 1.9951451619466145,
      "NUCLEAR": 2.0132880859375,
      "HERACOMB": 2.3295974232792074,
      "DYE886": 2.586779334328391,
      "CDF": 1.735417093549456,
      "D0": 2.7145292282104494,
      "ATLAS": 2.94343393499201,
      "CMS": 2.8805723584387914,
      "LHCb": 1.8512810468673706,
      "total": 2.3852009773254395
    }
  },
  "8300": {
    "training_loss": 7699.74267578125,
    "validation_loss": [
      2815.0029296875
    ],
    "validation_chi2s": {
      "DEUTERON": 2.358003986415578,
      "NMC": 2.038723814721201,
      "NUCLEAR": 2.0108624267578126,
      "HERACOMB": 2.3166011236851514,
      "DYE886": 2.4961599870161577,
      "CDF": 1.7414366858346122,
      "D0": 3.061677169799805,
      "ATLAS": 2.934628573330966,
      "CMS": 2.8870879874741737,
      "LHCb": 1.9321684837341309,
      "total": 2.3936338424682617
    }
  },
  "8400": {
    "training_loss": 7670.57958984375,
    "validation_loss": [
      2818.146240234375
    ],
    "validation_chi2s": {
      "DEUTERON": 2.3124995445137593,
      "NMC": 1.9848239375095742,
      "NUCLEAR": 2.011384765625,
      "HERACOMB": 2.349672803691789,
      "DYE886": 2.6312699751420454,
      "CDF": 1.6981957299368722,
      "D0": 2.964569854736328,
      "ATLAS": 2.962537245316939,
      "CMS": 2.894816248870093,
      "LHCb": 1.8426750898361206,
      "total": 2.39621639251709
    }
  },
  "8500": {
    "training_loss": 7671.2705078125,
    "validation_loss": [
      2816.51611328125
    ],
    "validation_chi2s": {
      "DEUTERON": 2.353672464095538,
      "NMC": 2.0577678306429994,
      "NUCLEAR": 2.0210584716796873,
      "HERACOMB": 2.308891545713337,
      "DYE886": 2.695946780118075,
      "CDF": 1.8088092803955078,
      "D0": 3.245991897583008,
      "ATLAS": 2.9422739202325996,
      "CMS": 2.844237524615832,
      "LHCb": 1.8819398880004883,
      "total": 2.3949551582336426
    }
  },
  "8600": {
    "training_loss": 7655.77197265625,
    "validation_loss": [
      2818.545654296875
    ],
    "validation_chi2s": {
      "DEUTERON": 2.361464011728467,
      "NMC": 2.0635067808861827,
      "NUCLEAR": 2.0088555908203123,
      "HERACOMB": 2.308647405088337,
      "DYE886": 2.7879002311012964,
      "CDF": 1.7480711255754744,
      "D0": 3.049488639831543,
      "ATLAS": 2.899751143022017,
      "CMS": 2.943951819553848,
      "LHCb": 1.851311445236206,
      "total": 2.3966281414031982
    }
  },
  "8700": {
    "training_loss": 7678.234375,
    "validation_loss": [
      2833.56298828125
    ],
    "validation_chi2s": {
      "DEUTERON": 2.410727733403296,
      "NMC": 2.078054091509651,
      "NUCLEAR": 2.0104244384765626,
      "HERACOMB": 2.313548568027471,
      "DYE886": 2.8301001462069424,
      "CDF": 1.696610586983817,
      "D0": 3.3256767272949217,
      "ATLAS": 2.905466253107244,
      "CMS": 2.924839744883135,
      "LHCb": 1.8670319318771362,
      "total": 2.409435987472534
    }
  },
  "8800": {
    "training_loss": 7652.791015625,
    "validation_loss": [
      2810.18408203125
    ],
    "validation_chi2s": {
      "DEUTERON": 2.3447838019375777,
      "NMC": 2.057174084233303,
      "NUCLEAR": 2.008566650390625,
      "HERACOMB": 2.309220058466095,
      "DYE886": 2.6636921275745737,
      "CDF": 1.7158640452793665,
      "D0": 3.037461853027344,
      "ATLAS": 2.8994631333784624,
      "CMS": 2.9319957386363638,
      "LHCb": 1.8447375297546387,
      "total": 2.3895204067230225
    }
  },
  "8900": {
    "training_loss": 7652.763671875,
    "validation_loss": [
      2803.469970703125
    ],
    "validation_chi2s": {
      "DEUTERON": 2.3035688257929103,
      "NMC": 2.0398846794577206,
      "NUCLEAR": 2.0181552734375,
      "HERACOMB": 2.314952376621221,
      "DYE886": 2.7075732838023794,
      "CDF": 1.7199675696236747,
      "D0": 2.6375053405761717,
      "ATLAS": 2.9378943009810015,
      "CMS": 2.8987232555042612,
      "LHCb": 1.8028285503387451,
      "total": 2.3838882446289062
    }
  },
  "9000": {
    "training_loss": 7647.5263671875,
    "validation_loss": [
      2801.79541015625
    ],
    "validation_chi2s": {
      "DEUTERON": 2.3224025745296952,
      "NMC": 2.0429117539349724,
      "NUCLEAR": 2.0176500244140625,
      "HERACOMB": 2.310131596583946,
      "DYE886": 2.5505620783025567,
      "CDF": 1.7261242185320174,
      "D0": 2.6887304306030275,
      "ATLAS": 2.9280215176669033,
      "CMS": 2.8987504943343234,
      "LHCb": 1.82212495803833,
      "total": 2.3824620246887207
    }
  },
  "9100": {
    "training_loss": 7673.765625,
    "validation_loss": [
      2824.90185546875
    ],
    "validation_chi2s": {
      "DEUTERON": 2.38709862552472,
      "NMC": 2.103683172487745,
      "NUCLEAR": 2.013600341796875,
      "HERACOMB": 2.3066117031122344,
      "DYE886": 2.7443280653520064,
      "CDF": 1.7134122848510742,
      "D0": 3.48343505859375,
      "ATLAS": 2.8954927271062676,
      "CMS": 2.907158969847624,
      "LHCb": 1.874866008758545,
      "total": 2.4021174907684326
    }
  },
  "9200": {
    "training_loss": 7656.5751953125,
    "validation_loss": [
      2812.52001953125
    ],
    "validation_chi2s": {
      "DEUTERON": 2.3187500303657496,
      "NMC": 2.0219573974609375,
      "NUCLEAR": 2.014082763671875,
      "HERACOMB": 2.3339710110932392,
      "DYE886": 2.6611990495161577,
      "CDF": 1.6542233058384486,
      "D0": 3.1124305725097656,
      "ATLAS": 2.935967878861861,
      "CMS": 2.8881013728370353,
      "LHCb": 1.8101117610931396,
      "total": 2.3913848400115967
    }
  },
  "9300": {
    "training_loss": 7642.0048828125,
    "validation_loss": [
      2805.836181640625
    ],
    "validation_chi2s": {
      "DEUTERON": 2.298960975153529,
      "NMC": 2.018734801049326,
      "NUCLEAR": 2.0195379638671875,
      "HERACOMB": 2.322986079197304,
      "DYE886": 2.6424964557994497,
      "CDF": 1.6461005892072404,
      "D0": 2.806282806396484,
      "ATLAS": 2.9658868963068183,
      "CMS": 2.876797762784091,
      "LHCb": 1.789141297340393,
      "total": 2.385906934738159
    }
  },
  "9400": {
    "training_loss": 7650.61962890625,
    "validation_loss": [
      2815.556884765625
    ],
    "validation_chi2s": {
      "DEUTERON": 2.329901548167366,
      "NMC": 2.016844805549173,
      "NUCLEAR": 2.0214892578125,
      "HERACOMB": 2.331747017654718,
      "DYE886": 2.6929394115101206,
      "CDF": 1.649078369140625,
      "D0": 3.0584941864013673,
      "ATLAS": 2.93362114646218,
      "CMS": 2.892325913610537,
      "LHCb": 1.795912265777588,
      "total": 2.393866777420044
    }
  },
  "9500": {
    "training_loss": 7660.3759765625,
    "validation_loss": [
      2808.67724609375
    ],
    "validation_chi2s": {
      "DEUTERON": 2.3201351640236316,
      "NMC": 2.0490197574391082,
      "NUCLEAR": 2.016435791015625,
      "HERACOMB": 2.3166631561478757,
      "DYE886": 2.696299813010476,
      "CDF": 1.6474463599068778,
      "D0": 3.216766357421875,
      "ATLAS": 2.9141453829678623,
      "CMS": 2.9022592591845298,
      "LHCb": 1.7974244356155396,
      "total": 2.388140916824341
    }
  },
  "9600": {
    "training_loss": 7645.78564453125,
    "validation_loss": [
      2807.791015625
    ],
    "validation_chi2s": {
      "DEUTERON": 2.316992764449238,
      "NMC": 2.053510628494562,
      "NUCLEAR": 2.0148245849609374,
      "HERACOMB": 2.3149801017412175,
      "DYE886": 2.52612287347967,
      "CDF": 1.6162808282034737,
      "D0": 2.945102310180664,
      "ATLAS": 2.960276170210405,
      "CMS": 2.8853283086098913,
      "LHCb": 1.8367112874984741,
      "total": 2.3875701427459717
    }
  },
  "9700": {
    "training_loss": 7674.65283203125,
    "validation_loss": [
      2827.36865234375
    ],
    "validation_chi2s": {
      "DEUTERON": 2.4023552889847637,
      "NMC": 2.1116307576497397,
      "NUCLEAR": 2.014962646484375,
      "HERACOMB": 2.30514546313317,
      "DYE886": 2.7150884108109907,
      "CDF": 1.6795109340122767,
      "D0": 3.475230026245117,
      "ATLAS": 2.9016189575195312,
      "CMS": 2.9043233571958935,
      "LHCb": 1.853407859802246,
      "total": 2.404200315475464
    }
  },
  "9800": {
    "training_loss": 7635.46630859375,
    "validation_loss": [
      2819.020751953125
    ],
    "validation_chi2s": {
      "DEUTERON": 2.2869772839902054,
      "NMC": 2.011544021905637,
      "NUCLEAR": 2.0145703125,
      "HERACOMB": 2.3533217486213234,
      "DYE886": 2.720629085193981,
      "CDF": 1.5827580860682897,
      "D0": 3.0914058685302734,
      "ATLAS": 2.9710682955655185,
      "CMS": 2.9023487942277892,
      "LHCb": 1.7802551984786987,
      "total": 2.3970561027526855
    }
  },
  "9900": {
    "training_loss": 7684.39453125,
    "validation_loss": [
      2828.27880859375
    ],
    "validation_chi2s": {
      "DEUTERON": 2.377722896746735,
      "NMC": 2.140654171214384,
      "NUCLEAR": 2.02090576171875,
      "HERACOMB": 2.319985383476307,
      "DYE886": 2.537135037508878,
      "CDF": 1.688528333391462,
      "D0": 3.363385772705078,
      "ATLAS": 2.9115257263183594,
      "CMS": 2.9182116295680527,
      "LHCb": 1.8509979248046875,
      "total": 2.4049932956695557
    }
  },
  "10000": {
    "training_loss": 7656.14013671875,
    "validation_loss": [
      2809.323486328125
    ],
    "validation_chi2s": {
      "DEUTERON": 2.3342222906463777,
      "NMC": 2.0827264224781707,
      "NUCLEAR": 2.0067789306640624,
      "HERACOMB": 2.3103324541079453,
      "DYE886": 2.6732616424560547,
      "CDF": 1.6309830801827567,
      "D0": 3.195862579345703,
      "ATLAS": 2.9021712216463955,
      "CMS": 2.9249411338616995,
      "LHCb": 1.8242684602737427,
      "total": 2.38887619972229
    }
  },
  "10100": {
    "training_loss": 7670.39306640625,
    "validation_loss": [
      2832.568115234375
    ],
    "validation_chi2s": {
      "DEUTERON": 2.377736864991449,
      "NMC": 2.1058309218462776,
      "NUCLEAR": 2.0123125,
      "HERACOMB": 2.328882155075572,
      "DYE886": 2.72732197154652,
      "CDF": 1.6344312940325056,
      "D0": 3.529514694213867,
      "ATLAS": 2.9112958041104404,
      "CMS": 2.922932774567407,
      "LHCb": 1.8352015018463135,
      "total": 2.408643960952759
    }
  },
  "10200": {
    "training_loss": 7647.10302734375,
    "validation_loss": [
      2819.18359375
    ],
    "validation_chi2s": {
      "DEUTERON": 2.3425561705631996,
      "NMC": 2.084046906115962,
      "NUCLEAR": 2.0096849365234375,
      "HERACOMB": 2.3206218644684435,
      "DYE886": 2.704375527121804,
      "CDF": 1.6450144904000419,
      "D0": 3.565752410888672,
      "ATLAS": 2.907134836370295,
      "CMS": 2.90306204803719,
      "LHCb": 1.871996521949768,
      "total": 2.3972537517547607
    }
  },
  "10300": {
    "training_loss": 7631.4296875,
    "validation_loss": [
      2810.132568359375
    ],
    "validation_chi2s": {
      "DEUTERON": 2.30384667239972,
      "NMC": 2.042186213474648,
      "NUCLEAR": 2.022302001953125,
      "HERACOMB": 2.3384259791156046,
      "DYE886": 2.5187124772505327,
      "CDF": 1.65329224722726,
      "D0": 3.0575096130371096,
      "ATLAS": 2.950672149658203,
      "CMS": 2.8677991126194473,
      "LHCb": 1.8016215562820435,
      "total": 2.389364004135132
    }
  },
  "10400": {
    "training_loss": 7651.1025390625,
    "validation_loss": [
      2809.678955078125
    ],
    "validation_chi2s": {
      "DEUTERON": 2.29998338993509,
      "NMC": 2.053254071403952,
      "NUCLEAR": 2.009439453125,
      "HERACOMB": 2.3388925190844567,
      "DYE886": 2.646742907437411,
      "CDF": 1.6142112186976842,
      "D0": 3.255179214477539,
      "ATLAS": 2.9225810657848013,
      "CMS": 2.891867393304494,
      "LHCb": 1.8115952014923096,
      "total": 2.388957977294922
    }
  },
  "10500": {
    "training_loss": 7634.23583984375,
    "validation_loss": [
      2826.3095703125
    ],
    "validation_chi2s": {
      "DEUTERON": 2.3694365392276895,
      "NMC": 2.122823528214997,
      "NUCLEAR": 2.004038330078125,
      "HERACOMB": 2.3089681388505925,
      "DYE886": 2.8640736666592685,
      "CDF": 1.6010441098894392,
      "D0": 3.318528747558594,
      "ATLAS": 2.9038502086292612,
      "CMS": 2.9551361336195763,
      "LHCb": 1.815484642982483,
      "total": 2.4032492637634277
    }
  },
  "10600": {
    "training_loss": 7671.60595703125,
    "validation_loss": [
      2811.384521484375
    ],
    "validation_chi2s": {
      "DEUTERON": 2.3362999152188277,
      "NMC": 2.075762730018765,
      "NUCLEAR": 2.009715087890625,
      "HERACOMB": 2.317532209009906,
      "DYE886": 2.540136857466264,
      "CDF": 1.6288111550467355,
      "D0": 3.4538551330566407,
      "ATLAS": 2.90888803655451,
      "CMS": 2.8996382784252326,
      "LHCb": 1.8651542663574219,
      "total": 2.3906311988830566
    }
  },
  "10700": {
    "training_loss": 7629.8046875,
    "validation_loss": [
      2813.623291015625
    ],
    "validation_chi2s": {
      "DEUTERON": 2.3495753653606966,
      "NMC": 2.1201584759880516,
      "NUCLEAR": 2.0110264892578127,
      "HERACOMB": 2.3048745946946485,
      "DYE886": 2.5335343100807886,
      "CDF": 1.6785124370029993,
      "D0": 3.173249435424805,
      "ATLAS": 2.911080100319602,
      "CMS": 2.9237925631940858,
      "LHCb": 1.869715929031372,
      "total": 2.3925344944000244
    }
  },
  "10800": {
    "training_loss": 7633.7978515625,
    "validation_loss": [
      2817.00341796875
    ],
    "validation_chi2s": {
      "DEUTERON": 2.3345066658893034,
      "NMC": 2.109554515165441,
      "NUCLEAR": 2.0149727783203124,
      "HERACOMB": 2.3141551298253678,
      "DYE886": 2.719679745760831,
      "CDF": 1.6833515167236328,
      "D0": 3.6357955932617188,
      "ATLAS": 2.9018077850341797,
      "CMS": 2.8920984189372416,
      "LHCb": 1.8646515607833862,
      "total": 2.3954107761383057
    }
  },
  "10900": {
    "training_loss": 7667.04833984375,
    "validation_loss": [
      2808.839599609375
    ],
    "validation_chi2s": {
      "DEUTERON": 2.315462482509328,
      "NMC": 2.063405055625766,
      "NUCLEAR": 2.0109462890625,
      "HERACOMB": 2.3157943027471406,
      "DYE886": 2.56719294461337,
      "CDF": 1.613532475062779,
      "D0": 3.273164749145508,
      "ATLAS": 2.9458527998490767,
      "CMS": 2.8836760717975207,
      "LHCb": 1.841448187828064,
      "total": 2.3884668350219727
    }
  },
  "11000": {
    "training_loss": 7654.671875,
    "validation_loss": [
      2823.600341796875
    ],
    "validation_chi2s": {
      "DEUTERON": 2.329770064472559,
      "NMC": 2.0520797430300246,
      "NUCLEAR": 2.0108077392578125,
      "HERACOMB": 2.3340829088796977,
      "DYE886": 2.535201159390536,
      "CDF": 1.5941944122314453,
      "D0": 3.504130554199219,
      "ATLAS": 2.9713932384144175,
      "CMS": 2.87964321168001,
      "LHCb": 1.8860036134719849,
      "total": 2.4010205268859863
    }
  },
  "11100": {
    "training_loss": 7652.64892578125,
    "validation_loss": [
      2813.58984375
    ],
    "validation_chi2s": {
      "DEUTERON": 2.3105863504741917,
      "NMC": 2.0528815774356617,
      "NUCLEAR": 2.0104180908203126,
      "HERACOMB": 2.324819726881638,
      "DYE886": 2.6383582028475674,
      "CDF": 1.5929782049996513,
      "D0": 3.5130081176757812,
      "ATLAS": 2.9457047202370386,
      "CMS": 2.8796018490121384,
      "LHCb": 1.8519906997680664,
      "total": 2.392507314682007
    }
  },
  "11200": {
    "training_loss": 7635.9326171875,
    "validation_loss": [
      2813.330078125
    ],
    "validation_chi2s": {
      "DEUTERON": 2.2829363618917133,
      "NMC": 2.0400577619964,
      "NUCLEAR": 2.010896484375,
      "HERACOMB": 2.3397039276322507,
      "DYE886": 2.72899714383212,
      "CDF": 1.5822839736938477,
      "D0": 3.090831184387207,
      "ATLAS": 2.9664077758789062,
      "CMS": 2.8952873797456093,
      "LHCb": 1.7907439470291138,
      "total": 2.3922877311706543
    }
  },
  "11300": {
    "training_loss": 7641.81005859375,
    "validation_loss": [
      2814.629638671875
    ],
    "validation_chi2s": {
      "DEUTERON": 2.3387445098725124,
      "NMC": 2.118786381740196,
      "NUCLEAR": 2.0110980224609376,
      "HERACOMB": 2.3083731458078023,
      "DYE886": 2.440913113680753,
      "CDF": 1.656668254307338,
      "D0": 3.57388916015625,
      "ATLAS": 2.9402230002663354,
      "CMS": 2.8660989556430785,
      "LHCb": 1.9385734796524048,
      "total": 2.393392562866211
    }
  },
  "11400": {
    "training_loss": 7743.818359375,
    "validation_loss": [
      2816.41943359375
    ],
    "validation_chi2s": {
      "DEUTERON": 2.3352544224677394,
      "NMC": 2.094890370088465,
      "NUCLEAR": 2.004824462890625,
      "HERACOMB": 2.321145051445057,
      "DYE886": 2.7714406793767754,
      "CDF": 1.6025144032069616,
      "D0": 3.389616012573242,
      "ATLAS": 2.9098684137517754,
      "CMS": 2.9135595904894114,
      "LHCb": 1.8110681772232056,
      "total": 2.394914388656616
    }
  },
  "11500": {
    "training_loss": 7628.4951171875,
    "validation_loss": [
      2815.87158203125
    ],
    "validation_chi2s": {
      "DEUTERON": 2.351437696770056,
      "NMC": 2.1287428911994484,
      "NUCLEAR": 2.0074698486328124,
      "HERACOMB": 2.31207235498366,
      "DYE886": 2.5349679426713423,
      "CDF": 1.6443450110299247,
      "D0": 3.6401824951171875,
      "ATLAS": 2.892791748046875,
      "CMS": 2.916300119447314,
      "LHCb": 1.8631210327148438,
      "total": 2.3944485187530518
    }
  },
  "11600": {
    "training_loss": 7793.5615234375,
    "validation_loss": [
      2824.45361328125
    ],
    "validation_chi2s": {
      "DEUTERON": 2.3573379137029695,
      "NMC": 2.1333250157973347,
      "NUCLEAR": 2.0107630615234373,
      "HERACOMB": 2.3338361752578636,
      "DYE886": 2.59890417619185,
      "CDF": 1.660982949393136,
      "D0": 3.603678894042969,
      "ATLAS": 2.8937877308238638,
      "CMS": 2.9179846393175364,
      "LHCb": 1.8050717115402222,
      "total": 2.4017462730407715
    }
  },
  "11700": {
    "training_loss": 7792.35009765625,
    "validation_loss": [
      2815.9462890625
    ],
    "validation_chi2s": {
      "DEUTERON": 2.3234969561372822,
      "NMC": 2.0981461768056833,
      "NUCLEAR": 2.00734912109375,
      "HERACOMB": 2.3126414180581087,
      "DYE886": 2.949369257146662,
      "CDF": 1.6002093723842077,
      "D0": 3.29962272644043,
      "ATLAS": 2.9168881503018467,
      "CMS": 2.912468019595816,
      "LHCb": 1.7983580827713013,
      "total": 2.3945119380950928
    }
  },
  "11800": {
    "training_loss": 7628.3134765625,
    "validation_loss": [
      2794.236572265625
    ],
    "validation_chi2s": {
      "DEUTERON": 2.26991552855838,
      "NMC": 2.072922800101486,
      "NUCLEAR": 2.009556396484375,
      "HERACOMB": 2.3298020705678106,
      "DYE886": 2.510501167990945,
      "CDF": 1.5870039803641183,
      "D0": 2.776633644104004,
      "ATLAS": 2.939870660955256,
      "CMS": 2.874170728951446,
      "LHCb": 1.8014715909957886,
      "total": 2.376042366027832
    }
  },
  "11900": {
    "training_loss": 7801.2724609375,
    "validation_loss": [
      2833.165283203125
    ],
    "validation_chi2s": {
      "DEUTERON": 2.3858638023262593,
      "NMC": 2.1755918615004597,
      "NUCLEAR": 2.003029541015625,
      "HERACOMB": 2.3114157284007355,
      "DYE886": 2.89182524247603,
      "CDF": 1.6187012536185128,
      "D0": 3.5662708282470703,
      "ATLAS": 2.8860321044921875,
      "CMS": 2.945813896242252,
      "LHCb": 1.8615609407424927,
      "total": 2.4091272354125977
    }
  },
  "12000": {
    "training_loss": 7646.06201171875,
    "validation_loss": [
      2807.9580078125
    ],
    "validation_chi2s": {
      "DEUTERON": 2.262717479497046,
      "NMC": 2.047680424708946,
      "NUCLEAR": 2.0132086181640627,
      "HERACOMB": 2.34937979504953,
      "DYE886": 2.6098967465487393,
      "CDF": 1.5801586423601424,
      "D0": 3.2342533111572265,
      "ATLAS": 2.9677484685724433,
      "CMS": 2.8591855892465134,
      "LHCb": 1.7937852144241333,
      "total": 2.38771915435791
    }
  },
  "12100": {
    "training_loss": 7641.25048828125,
    "validation_loss": [
      2805.0087890625
    ],
    "validation_chi2s": {
      "DEUTERON": 2.331859076201026,
      "NMC": 2.129354439529718,
      "NUCLEAR": 2.0048958740234375,
      "HERACOMB": 2.307895236545139,
      "DYE886": 2.572372783314098,
      "CDF": 1.5682671410696847,
      "D0": 3.1701059341430664,
      "ATLAS": 2.8953716971657495,
      "CMS": 2.915810324928977,
      "LHCb": 1.8311814069747925,
      "total": 2.3852109909057617
    }
  },
  "12200": {
    "training_loss": 7628.04052734375,
    "validation_loss": [
      2799.841064453125
    ],
    "validation_chi2s": {
      "DEUTERON": 2.282856348142102,
      "NMC": 2.072687784830729,
      "NUCLEAR": 2.013071044921875,
      "HERACOMB": 2.316842471852022,
      "DYE886": 2.69607197154652,
      "CDF": 1.5467650549752372,
      "D0": 2.7430242538452148,
      "ATLAS": 2.9356380809437144,
      "CMS": 2.9136693024438274,
      "LHCb": 1.7580924034118652,
      "total": 2.3808157444000244
    }
  },
  "12300": {
    "training_loss": 7951.56591796875,
    "validation_loss": [
      2826.109375
    ],
    "validation_chi2s": {
      "DEUTERON": 2.364245058885261,
      "NMC": 2.1317223941578582,
      "NUCLEAR": 2.0050291748046876,
      "HERACOMB": 2.3226755179610907,
      "DYE886": 2.8448890339244497,
      "CDF": 1.5224345070975167,
      "D0": 3.454449462890625,
      "ATLAS": 2.8921987360174004,
      "CMS": 2.9393671209161933,
      "LHCb": 1.80314302444458,
      "total": 2.4031524658203125
    }
  },
  "12400": {
    "training_loss": 7636.87890625,
    "validation_loss": [
      2805.412109375
    ],
    "validation_chi2s": {
      "DEUTERON": 2.3010789861726524,
      "NMC": 2.0773795632755054,
      "NUCLEAR": 2.010276123046875,
      "HERACOMB": 2.3350106033624387,
      "DYE886": 2.6718340787020596,
      "CDF": 1.554760524204799,
      "D0": 3.1162242889404297,
      "ATLAS": 2.9129867553710938,
      "CMS": 2.8883044030055527,
      "LHCb": 1.7771636247634888,
      "total": 2.3855535984039307
    }
  },
  "12500": {
    "training_loss": 7729.94775390625,
    "validation_loss": [
      2836.533203125
    ],
    "validation_chi2s": {
      "DEUTERON": 2.3608673247531873,
      "NMC": 2.1135051951688877,
      "NUCLEAR": 2.012554443359375,
      "HERACOMB": 2.3415168313419117,
      "DYE886": 2.600282148881392,
      "CDF": 1.548152242388044,
      "D0": 4.135755920410157,
      "ATLAS": 2.917913957075639,
      "CMS": 2.8976349633587293,
      "LHCb": 1.9060096740722656,
      "total": 2.4120113849639893
    }
  },
  "12600": {
    "training_loss": 7628.2236328125,
    "validation_loss": [
      2806.253173828125
    ],
    "validation_chi2s": {
      "DEUTERON": 2.3166649661847014,
      "NMC": 2.1112869861079195,
      "NUCLEAR": 2.01754052734375,
      "HERACOMB": 2.3205458697150734,
      "DYE886": 2.508100683038885,
      "CDF": 1.583416530064174,
      "D0": 3.067957305908203,
      "ATLAS": 2.92425537109375,
      "CMS": 2.88316458709969,
      "LHCb": 1.81192946434021,
      "total": 2.3862693309783936
    }
  },
  "12700": {
    "training_loss": 7626.71630859375,
    "validation_loss": [
      2817.60205078125
    ],
    "validation_chi2s": {
      "DEUTERON": 2.3527060741215795,
      "NMC": 2.179563036151961,
      "NUCLEAR": 2.0120540771484374,
      "HERACOMB": 2.311008228975184,
      "DYE886": 2.525930578058416,
      "CDF": 1.5827488218035017,
      "D0": 3.5801651000976564,
      "ATLAS": 2.8911654732444068,
      "CMS": 2.91186977418001,
      "LHCb": 1.8667405843734741,
      "total": 2.3959197998046875
    }
  },
  "12800": {
    "training_loss": 7622.0986328125,
    "validation_loss": [
      2814.04541015625
    ],
    "validation_chi2s": {
      "DEUTERON": 2.283346147679571,
      "NMC": 2.061426050522748,
      "NUCLEAR": 2.01128369140625,
      "HERACOMB": 2.354339998531965,
      "DYE886": 2.7360047427090732,
      "CDF": 1.519897733415876,
      "D0": 3.185786247253418,
      "ATLAS": 2.9312699057839136,
      "CMS": 2.908908812467717,
      "LHCb": 1.7455265522003174,
      "total": 2.3926546573638916
    }
  },
  "12900": {
    "training_loss": 7667.11767578125,
    "validation_loss": [
      2818.604248046875
    ],
    "validation_chi2s": {
      "DEUTERON": 2.354845037507774,
      "NMC": 2.1460293040556064,
      "NUCLEAR": 2.0039769287109377,
      "HERACOMB": 2.3180982801649304,
      "DYE886": 2.7923531965775923,
      "CDF": 1.5323213849748885,
      "D0": 3.2182949066162108,
      "ATLAS": 2.8994584517045454,
      "CMS": 2.916079434481534,
      "LHCb": 1.8106112480163574,
      "total": 2.3967132568359375
    }
  },
  "13000": {
    "training_loss": 7630.5146484375,
    "validation_loss": [
      2807.0849609375
    ],
    "validation_chi2s": {
      "DEUTERON": 2.2882200022835044,
      "NMC": 2.091664332969516,
      "NUCLEAR": 2.0098809814453125,
      "HERACOMB": 2.347439435572406,
      "DYE886": 2.682636260986328,
      "CDF": 1.5119334629603796,
      "D0": 2.9748580932617186,
      "ATLAS": 2.922093478116122,
      "CMS": 2.885871824154184,
      "LHCb": 1.7769383192062378,
      "total": 2.386976718902588
    }
  },
  "13100": {
    "training_loss": 7624.60986328125,
    "validation_loss": [
      2806.115966796875
    ],
    "validation_chi2s": {
      "DEUTERON": 2.2950185899117694,
      "NMC": 2.09473149916705,
      "NUCLEAR": 2.0098917236328124,
      "HERACOMB": 2.3364555009829453,
      "DYE886": 2.8209557966752485,
      "CDF": 1.5101265226091658,
      "D0": 2.990085983276367,
      "ATLAS": 2.8941773501309482,
      "CMS": 2.9126478463165033,
      "LHCb": 1.7505139112472534,
      "total": 2.3859806060791016
    }
  },
  "13200": {
    "training_loss": 7655.380859375,
    "validation_loss": [
      2811.002197265625
    ],
    "validation_chi2s": {
      "DEUTERON": 2.3290954893501246,
      "NMC": 2.1146822162702974,
      "NUCLEAR": 2.005429931640625,
      "HERACOMB": 2.3329324161305145,
      "DYE886": 2.660154342651367,
      "CDF": 1.4858433859688895,
      "D0": 3.366809844970703,
      "ATLAS": 2.8819068561900747,
      "CMS": 2.908099466118931,
      "LHCb": 1.8150763511657715,
      "total": 2.390308141708374
    }
  },
  "13300": {
    "training_loss": 7658.4267578125,
    "validation_loss": [
      2807.02734375
    ],
    "validation_chi2s": {
      "DEUTERON": 2.340292859433302,
      "NMC": 2.116831760780484,
      "NUCLEAR": 2.012832763671875,
      "HERACOMB": 2.32154856164471,
      "DYE886": 2.524425506591797,
      "CDF": 1.5569730486188615,
      "D0": 3.2095054626464843,
      "ATLAS": 2.910702445290305,
      "CMS": 2.8514005802879647,
      "LHCb": 1.8510527610778809,
      "total": 2.386928081512451
    }
  },
  "13400": {
    "training_loss": 7632.39990234375,
    "validation_loss": [
      2807.22216796875
    ],
    "validation_chi2s": {
      "DEUTERON": 2.318941941901819,
      "NMC": 2.1337402942133883,
      "NUCLEAR": 2.0087174072265626,
      "HERACOMB": 2.3292836706622753,
      "DYE886": 2.546037500554865,
      "CDF": 1.5036537987845284,
      "D0": 3.3181922912597654,
      "ATLAS": 2.8991059389981357,
      "CMS": 2.881899242558755,
      "LHCb": 1.8337883949279785,
      "total": 2.3870935440063477
    }
  },
  "13500": {
    "training_loss": 7683.97314453125,
    "validation_loss": [
      2794.942626953125
    ],
    "validation_chi2s": {
      "DEUTERON": 2.2847127582303326,
      "NMC": 2.1115188598632812,
      "NUCLEAR": 2.020805419921875,
      "HERACOMB": 2.3112615448197507,
      "DYE886": 2.4377836747602983,
      "CDF": 1.588636807032994,
      "D0": 2.8096986770629884,
      "ATLAS": 2.941110784357244,
      "CMS": 2.853242480065212,
      "LHCb": 1.8693557977676392,
      "total": 2.376622438430786
    }
  },
  "13600": {
    "training_loss": 7629.05810546875,
    "validation_loss": [
      2808.533447265625
    ],
    "validation_chi2s": {
      "DEUTERON": 2.306821453037547,
      "NMC": 2.089674108168658,
      "NUCLEAR": 2.010015869140625,
      "HERACOMB": 2.3398784562653185,
      "DYE886": 2.580470171841708,
      "CDF": 1.4956955228533064,
      "D0": 3.337371063232422,
      "ATLAS": 2.8967822681773794,
      "CMS": 2.9050527525342202,
      "LHCb": 1.805211067199707,
      "total": 2.3881609439849854
    }
  },
  "13700": {
    "training_loss": 7621.96240234375,
    "validation_loss": [
      2809.79736328125
    ],
    "validation_chi2s": {
      "DEUTERON": 2.292302980944885,
      "NMC": 2.0590633317536,
      "NUCLEAR": 2.0066986083984375,
      "HERACOMB": 2.3486491683261845,
      "DYE886": 2.7597042430530894,
      "CDF": 1.4492575781685966,
      "D0": 2.9538341522216798,
      "ATLAS": 2.922626495361328,
      "CMS": 2.9124849177589103,
      "LHCb": 1.7601068019866943,
      "total": 2.3891491889953613
    }
  },
  "13800": {
    "training_loss": 7640.8701171875,
    "validation_loss": [
      2800.216796875
    ],
    "validation_chi2s": {
      "DEUTERON": 2.3025757139594996,
      "NMC": 2.112875844918045,
      "NUCLEAR": 2.007726806640625,
      "HERACOMB": 2.325393975949755,
      "DYE886": 2.6514192060990767,
      "CDF": 1.4942813600812639,
      "D0": 3.0349143981933593,
      "ATLAS": 2.8874596682461826,
      "CMS": 2.9134175954771435,
      "LHCb": 1.7588504552841187,
      "total": 2.381136417388916
    }
  },
  "13900": {
    "training_loss": 7622.97802734375,
    "validation_loss": [
      2804.6904296875
    ],
    "validation_chi2s": {
      "DEUTERON": 2.3033629460121268,
      "NMC": 2.0957367840935204,
      "NUCLEAR": 2.0067783203125,
      "HERACOMB": 2.3464890025020426,
      "DYE886": 2.5889930725097656,
      "CDF": 1.494321686880929,
      "D0": 3.150197982788086,
      "ATLAS": 2.8994320956143467,
      "CMS": 2.8897740387719524,
      "LHCb": 1.7512544393539429,
      "total": 2.384780168533325
    }
  },
  "14000": {
    "training_loss": 7626.77978515625,
    "validation_loss": [
      2803.42626953125
    ],
    "validation_chi2s": {
      "DEUTERON": 2.295397554464008,
      "NMC": 2.0879721548043046,
      "NUCLEAR": 2.0097525634765625,
      "HERACOMB": 2.3302678126914826,
      "DYE886": 2.7405657334761186,
      "CDF": 1.5243524823869978,
      "D0": 3.176036834716797,
      "ATLAS": 2.9077375585382637,
      "CMS": 2.8818144995318957,
      "LHCb": 1.7775019407272339,
      "total": 2.3838658332824707
    }
  },
  "14100": {
    "training_loss": 7637.171875,
    "validation_loss": [
      2812.399658203125
    ],
    "validation_chi2s": {
      "DEUTERON": 2.3210156189268503,
      "NMC": 2.110782398897059,
      "NUCLEAR": 2.0101026611328123,
      "HERACOMB": 2.324444739647161,
      "DYE886": 2.659219915216619,
      "CDF": 1.5168203626360213,
      "D0": 3.2620529174804687,
      "ATLAS": 2.920400099320845,
      "CMS": 2.8968972450445505,
      "LHCb": 1.8176172971725464,
      "total": 2.391496419906616
    }
  },
  "14200": {
    "training_loss": 7626.759765625,
    "validation_loss": [
      2809.58544921875
    ],
    "validation_chi2s": {
      "DEUTERON": 2.349195489835976,
      "NMC": 2.1770635866651347,
      "NUCLEAR": 2.0075382080078126,
      "HERACOMB": 2.3109186708537583,
      "DYE886": 2.558491446755149,
      "CDF": 1.543332508632115,
      "D0": 3.56530876159668,
      "ATLAS": 2.8643356670032847,
      "CMS": 2.9155853523695763,
      "LHCb": 1.8027876615524292,
      "total": 2.389103412628174
    }
  },
  "14300": {
    "training_loss": 8100.95458984375,
    "validation_loss": [
      2808.327392578125
    ],
    "validation_chi2s": {
      "DEUTERON": 2.3373050215232434,
      "NMC": 2.116066577387791,
      "NUCLEAR": 2.01351171875,
      "HERACOMB": 2.313433877782884,
      "DYE886": 2.8384825966574927,
      "CDF": 1.5324299676077706,
      "D0": 3.136794662475586,
      "ATLAS": 2.897241072221236,
      "CMS": 2.8804797968588587,
      "LHCb": 1.759667158126831,
      "total": 2.3880186080932617
    }
  },
  "14400": {
    "training_loss": 7622.04150390625,
    "validation_loss": [
      2803.82421875
    ],
    "validation_chi2s": {
      "DEUTERON": 2.32299561761505,
      "NMC": 2.1284043555166208,
      "NUCLEAR": 2.0078291015625,
      "HERACOMB": 2.3224479326235703,
      "DYE886": 2.5757664767178623,
      "CDF": 1.5440104348318917,
      "D0": 3.326548767089844,
      "ATLAS": 2.871408462524414,
      "CMS": 2.9067117990541065,
      "LHCb": 1.8095779418945312,
      "total": 2.384204149246216
    }
  },
  "14500": {
    "training_loss": 7666.48046875,
    "validation_loss": [
      2809.421630859375
    ],
    "validation_chi2s": {
      "DEUTERON": 2.3238605859860852,
      "NMC": 2.0959222830978095,
      "NUCLEAR": 2.008406005859375,
      "HERACOMB": 2.321553747638378,
      "DYE886": 2.4557498585094106,
      "CDF": 1.4854236330304826,
      "D0": 3.4642875671386717,
      "ATLAS": 2.9293961958451704,
      "CMS": 2.8742443746771693,
      "LHCb": 1.8909884691238403,
      "total": 2.3889636993408203
    }
  },
  "14600": {
    "training_loss": 8475.783203125,
    "validation_loss": [
      2809.13720703125
    ],
    "validation_chi2s": {
      "DEUTERON": 2.3243859134503264,
      "NMC": 2.1141019334980085,
      "NUCLEAR": 2.009699951171875,
      "HERACOMB": 2.3257807314006333,
      "DYE886": 2.816969958218661,
      "CDF": 1.5278070994785853,
      "D0": 3.197989654541016,
      "ATLAS": 2.892079613425515,
      "CMS": 2.894011946749096,
      "LHCb": 1.7554105520248413,
      "total": 2.3887224197387695
    }
  },
  "14700": {
    "training_loss": 7624.4052734375,
    "validation_loss": [
      2815.14013671875
    ],
    "validation_chi2s": {
      "DEUTERON": 2.335549425722948,
      "NMC": 2.0919732486500457,
      "NUCLEAR": 2.011165771484375,
      "HERACOMB": 2.33912588879953,
      "DYE886": 2.6121032021262427,
      "CDF": 1.5072667258126395,
      "D0": 3.4854175567626955,
      "ATLAS": 2.892687537453391,
      "CMS": 2.9077057641399793,
      "LHCb": 1.7686411142349243,
      "total": 2.393803596496582
    }
  },
  "14800": {
    "training_loss": 7625.5498046875,
    "validation_loss": [
      2801.847412109375
    ],
    "validation_chi2s": {
      "DEUTERON": 2.2908288756413246,
      "NMC": 2.101857802447151,
      "NUCLEAR": 2.006072021484375,
      "HERACOMB": 2.335263719745711,
      "DYE886": 2.769102443348278,
      "CDF": 1.4828778675624303,
      "D0": 2.896510887145996,
      "ATLAS": 2.9031049554998223,
      "CMS": 2.8931060034381457,
      "LHCb": 1.7731950283050537,
      "total": 2.3824663162231445
    }
  },
  "14900": {
    "training_loss": 7616.0498046875,
    "validation_loss": [
      2816.5517578125
    ],
    "validation_chi2s": {
      "DEUTERON": 2.3627870474288715,
      "NMC": 2.1733178531422332,
      "NUCLEAR": 2.0107098388671876,
      "HERACOMB": 2.318836685878779,
      "DYE886": 2.5692913749001245,
      "CDF": 1.544497353690011,
      "D0": 3.528851318359375,
      "ATLAS": 2.8647837205366655,
      "CMS": 2.909056103919163,
      "LHCb": 1.8665239810943604,
      "total": 2.3950271606445312
    }
  },
  "15000": {
    "training_loss": 9031.00537109375,
    "validation_loss": [
      2802.3359375
    ],
    "validation_chi2s": {
      "DEUTERON": 2.324120364972015,
      "NMC": 2.153769848393459,
      "NUCLEAR": 2.0114364013671877,
      "HERACOMB": 2.3250630696614585,
      "DYE886": 2.5490542325106533,
      "CDF": 1.5917619977678572,
      "D0": 3.134008026123047,
      "ATLAS": 2.8813129771839487,
      "CMS": 2.8784237696119575,
      "LHCb": 1.7829698324203491,
      "total": 2.3829386234283447
    }
  },
  "15100": {
    "training_loss": 7630.384765625,
    "validation_loss": [
      2789.441650390625
    ],
    "validation_chi2s": {
      "DEUTERON": 2.3021882469974346,
      "NMC": 2.120875639073989,
      "NUCLEAR": 2.0141134033203123,
      "HERACOMB": 2.311556348613664,
      "DYE886": 2.5891792990944604,
      "CDF": 1.5712089538574219,
      "D0": 3.007016181945801,
      "ATLAS": 2.8651599884033203,
      "CMS": 2.879291629003099,
      "LHCb": 1.7806081771850586,
      "total": 2.371973991394043
    }
  },
  "15200": {
    "training_loss": 7639.12939453125,
    "validation_loss": [
      2808.9150390625
    ],
    "validation_chi2s": {
      "DEUTERON": 2.3534846519356343,
      "NMC": 2.052400177600337,
      "NUCLEAR": 2.0109029541015624,
      "HERACOMB": 2.332824507569955,
      "DYE886": 2.469466122713956,
      "CDF": 1.5312115805489677,
      "D0": 3.108981704711914,
      "ATLAS": 2.912438826127486,
      "CMS": 2.8848508724496384,
      "LHCb": 1.775917887687683,
      "total": 2.388533115386963
    }
  },
  "15300": {
    "training_loss": 7779.34228515625,
    "validation_loss": [
      2808.0859375
    ],
    "validation_chi2s": {
      "DEUTERON": 2.3479186100746268,
      "NMC": 2.162928263346354,
      "NUCLEAR": 2.0101239013671877,
      "HERACOMB": 2.3044060601128473,
      "DYE886": 2.7300439314408735,
      "CDF": 1.5597378867013114,
      "D0": 2.899978446960449,
      "ATLAS": 2.8900149952281606,
      "CMS": 2.9118453096752326,
      "LHCb": 1.7866520881652832,
      "total": 2.3877956867218018
    }
  },
  "15400": {
    "training_loss": 7628.3388671875,
    "validation_loss": [
      2801.03564453125
    ],
    "validation_chi2s": {
      "DEUTERON": 2.306927884989117,
      "NMC": 2.1460077622357536,
      "NUCLEAR": 2.0184376220703126,
      "HERACOMB": 2.317537993387459,
      "DYE886": 2.5890886133367363,
      "CDF": 1.6118950162615096,
      "D0": 3.4471691131591795,
      "ATLAS": 2.885022596879439,
      "CMS": 2.860400491509556,
      "LHCb": 1.797918677330017,
      "total": 2.381833076477051
    }
  },
  "15500": {
    "training_loss": 7623.9853515625,
    "validation_loss": [
      2808.0966796875
    ],
    "validation_chi2s": {
      "DEUTERON": 2.299406592525653,
      "NMC": 2.05614112405216,
      "NUCLEAR": 2.0075279541015627,
      "HERACOMB": 2.345234390956904,
      "DYE886": 2.6370424790815874,
      "CDF": 1.4806771959577287,
      "D0": 3.0616069793701173,
      "ATLAS": 2.921048251065341,
      "CMS": 2.8970213330481664,
      "LHCb": 1.809035062789917,
      "total": 2.3878374099731445
    }
  },
  "15600": {
    "training_loss": 8353.6865234375,
    "validation_loss": [
      2805.5029296875
    ],
    "validation_chi2s": {
      "DEUTERON": 2.3289152686275654,
      "NMC": 2.124333849140242,
      "NUCLEAR": 2.0073687744140627,
      "HERACOMB": 2.320715611277063,
      "DYE886": 2.734969052401456,
      "CDF": 1.5156641006469727,
      "D0": 3.121957015991211,
      "ATLAS": 2.894778164950284,
      "CMS": 2.880130231873063,
      "LHCb": 1.784173607826233,
      "total": 2.385631799697876
    }
  },
  "15700": {
    "training_loss": 7620.74658203125,
    "validation_loss": [
      2795.9580078125
    ],
    "validation_chi2s": {
      "DEUTERON": 2.2991565305795243,
      "NMC": 2.0949373432234224,
      "NUCLEAR": 2.0076578369140625,
      "HERACOMB": 2.325106352762459,
      "DYE886": 2.654054815118963,
      "CDF": 1.5516465050833566,
      "D0": 3.033843421936035,
      "ATLAS": 2.8946122256192295,
      "CMS": 2.8744703560821283,
      "LHCb": 1.7730047702789307,
      "total": 2.377514600753784
    }
  },
  "15800": {
    "training_loss": 7620.376953125,
    "validation_loss": [
      2796.78759765625
    ],
    "validation_chi2s": {
      "DEUTERON": 2.3014184752506996,
      "NMC": 2.0832999734317554,
      "NUCLEAR": 2.0059661865234375,
      "HERACOMB": 2.333627139820772,
      "DYE886": 2.547337445345792,
      "CDF": 1.5341757365635462,
      "D0": 2.8750738143920898,
      "ATLAS": 2.9169883728027344,
      "CMS": 2.8659158501743285,
      "LHCb": 1.7711167335510254,
      "total": 2.378221035003662
    }
  },
  "15900": {
    "training_loss": 7626.873046875,
    "validation_loss": [
      2816.97802734375
    ],
    "validation_chi2s": {
      "DEUTERON": 2.3596009211753732,
      "NMC": 2.1136179905311736,
      "NUCLEAR": 2.0020675048828127,
      "HERACOMB": 2.324716206469567,
      "DYE886": 2.6175915111194956,
      "CDF": 1.4696711131504603,
      "D0": 3.549114227294922,
      "ATLAS": 2.8935650912198154,
      "CMS": 2.8967073298682853,
      "LHCb": 1.8715252876281738,
      "total": 2.3953897953033447
    }
  },
  "16000": {
    "training_loss": 7633.17529296875,
    "validation_loss": [
      2793.9404296875
    ],
    "validation_chi2s": {
      "DEUTERON": 2.2974302377273785,
      "NMC": 2.1199999042585786,
      "NUCLEAR": 2.0041407470703123,
      "HERACOMB": 2.3197490218418095,
      "DYE886": 2.5969295501708984,
      "CDF": 1.5232417242867606,
      "D0": 3.094610404968262,
      "ATLAS": 2.88064263083718,
      "CMS": 2.89417916290031,
      "LHCb": 1.7868345975875854,
      "total": 2.3757572174072266
    }
  },
  "16100": {
    "training_loss": 7651.38330078125,
    "validation_loss": [
      2821.185546875
    ],
    "validation_chi2s": {
      "DEUTERON": 2.340605171165656,
      "NMC": 2.123752668792126,
      "NUCLEAR": 2.0100374755859374,
      "HERACOMB": 2.33375559289471,
      "DYE886": 2.831119017167525,
      "CDF": 1.5612893785749162,
      "D0": 3.8541824340820314,
      "ATLAS": 2.8872148340398613,
      "CMS": 2.8738945574799843,
      "LHCb": 1.8164781332015991,
      "total": 2.3989672660827637
    }
  },
  "16200": {
    "training_loss": 9599.880859375,
    "validation_loss": [
      2805.83837890625
    ],
    "validation_chi2s": {
      "DEUTERON": 2.350614936790656,
      "NMC": 2.2350683773265168,
      "NUCLEAR": 2.01718408203125,
      "HERACOMB": 2.2951279185176676,
      "DYE886": 2.49231633273038,
      "CDF": 1.6284653799874442,
      "D0": 2.883064842224121,
      "ATLAS": 2.8985802043568003,
      "CMS": 2.899523017820248,
      "LHCb": 1.7721543312072754,
      "total": 2.38590931892395
    }
  },
  "16300": {
    "training_loss": 8038.6435546875,
    "validation_loss": [
      2812.7470703125
    ],
    "validation_chi2s": {
      "DEUTERON": 2.330752396464941,
      "NMC": 2.128603467754289,
      "NUCLEAR": 2.0030859375,
      "HERACOMB": 2.3288562251072302,
      "DYE886": 2.8132043318314985,
      "CDF": 1.4640210015433175,
      "D0": 3.264728546142578,
      "ATLAS": 2.892814809625799,
      "CMS": 2.895619542145532,
      "LHCb": 1.8129526376724243,
      "total": 2.391791820526123
    }
  },
  "16400": {
    "training_loss": 7673.86181640625,
    "validation_loss": [
      2813.672607421875
    ],
    "validation_chi2s": {
      "DEUTERON": 2.3528014225746268,
      "NMC": 2.10473139145795,
      "NUCLEAR": 2.0114996337890627,
      "HERACOMB": 2.325408536624285,
      "DYE886": 2.6512773687189277,
      "CDF": 1.5295442853655135,
      "D0": 3.192791557312012,
      "ATLAS": 2.9111068032004614,
      "CMS": 2.8855951482599433,
      "LHCb": 1.7654286623001099,
      "total": 2.3925788402557373
    }
  },
  "16500": {
    "training_loss": 7624.73388671875,
    "validation_loss": [
      2804.762451171875
    ],
    "validation_chi2s": {
      "DEUTERON": 2.308792342000933,
      "NMC": 2.0852507048962163,
      "NUCLEAR": 2.00555517578125,
      "HERACOMB": 2.3394001480800655,
      "DYE886": 2.5865325927734375,
      "CDF": 1.4866346631731306,
      "D0": 3.1870840072631834,
      "ATLAS": 2.9031802090731533,
      "CMS": 2.895499741735537,
      "LHCb": 1.768937349319458,
      "total": 2.3850021362304688
    }
  },
  "16600": {
    "training_loss": 7621.84326171875,
    "validation_loss": [
      2804.280029296875
    ],
    "validation_chi2s": {
      "DEUTERON": 2.29200585208722,
      "NMC": 2.066562727385876,
      "NUCLEAR": 2.0050072021484375,
      "HERACOMB": 2.3435419618693833,
      "DYE886": 2.637883793223988,
      "CDF": 1.4897324698311942,
      "D0": 2.952252197265625,
      "ATLAS": 2.9199784018776636,
      "CMS": 2.90757410979468,
      "LHCb": 1.7531170845031738,
      "total": 2.384592056274414
    }
  },
  "16700": {
    "training_loss": 7620.9560546875,
    "validation_loss": [
      2817.34375
    ],
    "validation_chi2s": {
      "DEUTERON": 2.3668786803288246,
      "NMC": 2.187809813256357,
      "NUCLEAR": 2.0029755859375,
      "HERACOMB": 2.3166679432189543,
      "DYE886": 2.592069972645153,
      "CDF": 1.5121876852852958,
      "D0": 3.702334976196289,
      "ATLAS": 2.854039105502042,
      "CMS": 2.9160403417161675,
      "LHCb": 1.8935210704803467,
      "total": 2.395700454711914
    }
  },
  "16800": {
    "training_loss": 8025.92724609375,
    "validation_loss": [
      2819.36962890625
    ],
    "validation_chi2s": {
      "DEUTERON": 2.322348523495802,
      "NMC": 2.068435070561428,
      "NUCLEAR": 2.0030150146484376,
      "HERACOMB": 2.35137899560866,
      "DYE886": 2.682993108575994,
      "CDF": 1.5164846692766463,
      "D0": 3.2651752471923827,
      "ATLAS": 2.941620566628196,
      "CMS": 2.885808519095429,
      "LHCb": 1.8003325462341309,
      "total": 2.397423267364502
    }
  },
  "16900": {
    "training_loss": 7618.68896484375,
    "validation_loss": [
      2801.21875
    ],
    "validation_chi2s": {
      "DEUTERON": 2.3229122636330066,
      "NMC": 2.121981751685049,
      "NUCLEAR": 2.0089434814453124,
      "HERACOMB": 2.3249798943014706,
      "DYE886": 2.3913482319224966,
      "CDF": 1.5010583060128349,
      "D0": 3.26649169921875,
      "ATLAS": 2.895524805242365,
      "CMS": 2.8666636569440858,
      "LHCb": 1.8797484636306763,
      "total": 2.381988525390625
    }
  },
  "17000": {
    "training_loss": 7618.06884765625,
    "validation_loss": [
      2798.542724609375
    ],
    "validation_chi2s": {
      "DEUTERON": 2.322002050295398,
      "NMC": 2.154621348661535,
      "NUCLEAR": 2.00142041015625,
      "HERACOMB": 2.3230361439823324,
      "DYE886": 2.421628085049716,
      "CDF": 1.5253001621791296,
      "D0": 2.9353357315063477,
      "ATLAS": 2.8877457705411045,
      "CMS": 2.898429429235537,
      "LHCb": 1.8272206783294678,
      "total": 2.379713296890259
    }
  }
}