{
  "100": {
    "training_loss": 30279.0,
    "validation_loss": [
      14804.9765625
    ],
    "validation_chi2s": {
      "DEUTERON": 15.221422185945274,
      "NMC": 7.277137307559743,
      "NUCLEAR": 5.89757958984375,
      "HERACOMB": 12.216867085375817,
      "DYE886": 50.33810147372159,
      "CDF": 9.214963640485491,
      "D0": 7.439408874511718,
      "ATLAS": 13.815675223214285,
      "CMS": 6.9778516215662805,
      "LHCb": 24.012022018432617,
      "total": 11.834564208984375
    }
  },
  "200": {
    "training_loss": 16978.6640625,
    "validation_loss": [
      7804.85546875
    ],
    "validation_chi2s": {
      "DEUTERON": 6.511796486318408,
      "NMC": 3.3772220985562194,
      "NUCLEAR": 4.557091796875,
      "HERACOMB": 3.6835614372702206,
      "DYE886": 53.50486061789773,
      "CDF": 8.763141087123326,
      "D0": 9.458158111572265,
      "ATLAS": 6.884099469866071,
      "CMS": 3.8060669437531502,
      "LHCb": 7.419274806976318,
      "total": 5.93774938583374
    }
  },
  "300": {
    "training_loss": 16664.365234375,
    "validation_loss": [
      7153.91162109375
    ],
    "validation_chi2s": {
      "DEUTERON": 6.296213633978545,
      "NMC": 3.3763143502029718,
      "NUCLEAR": 4.50278466796875,
      "HERACOMB": 3.2932747236264297,
      "DYE886": 49.71933260830966,
      "CDF": 7.511317661830357,
      "D0": 10.4332275390625,
      "ATLAS": 6.345005580357143,
      "CMS": 3.9075260777627268,
      "LHCb": 6.421302318572998,
      "total": 5.621644020080566
    }
  },
  "400": {
    "training_loss": 15483.7919921875,
    "validation_loss": [
      6743.80322265625
    ],
    "validation_chi2s": {
      "DEUTERON": 5.899499086598259,
      "NMC": 3.3116230684168197,
      "NUCLEAR": 4.3111962890625,
      "HERACOMB": 3.245409797219669,
      "DYE886": 48.12329656427557,
      "CDF": 7.221525464739118,
      "D0": 13.37810821533203,
      "ATLAS": 6.181280691964286,
      "CMS": 4.113955836142263,
      "LHCb": 5.94957971572876,
      "total": 5.476122856140137
    }
  },
  "500": {
    "training_loss": 15366.3125,
    "validation_loss": [
      6579.046875
    ],
    "validation_chi2s": {
      "DEUTERON": 6.04953807622046,
      "NMC": 3.2618342380897674,
      "NUCLEAR": 4.16405615234375,
      "HERACOMB": 3.1351216634114585,
      "DYE886": 47.01473721590909,
      "CDF": 6.638672419956753,
      "D0": 10.887479400634765,
      "ATLAS": 5.928875558035714,
      "CMS": 4.039637657903856,
      "LHCb": 5.474018573760986,
      "total": 5.336144924163818
    }
  },
  "600": {
    "training_loss": 16235.6435546875,
    "validation_loss": [
      6431.125
    ],
    "validation_chi2s": {
      "DEUTERON": 6.268136854788557,
      "NMC": 3.221623738606771,
      "NUCLEAR": 3.99380712890625,
      "HERACOMB": 3.0830333435457518,
      "DYE886": 45.58472789417613,
      "CDF": 6.509702410016741,
      "D0": 8.705025482177735,
      "ATLAS": 5.672415945870536,
      "CMS": 3.9688654253559728,
      "LHCb": 5.212170600891113,
      "total": 5.2233805656433105
    }
  },
  "700": {
    "training_loss": 200045.642578125,
    "validation_loss": [
      6310.7177734375
    ],
    "validation_chi2s": {
      "DEUTERON": 6.374775900769589,
      "NMC": 3.177787032781863,
      "NUCLEAR": 3.8755771484375,
      "HERACOMB": 3.0245187796798407,
      "DYE886": 45.5022499778054,
      "CDF": 6.380984170096261,
      "D0": 7.1311805725097654,
      "ATLAS": 5.510193917410715,
      "CMS": 3.8974606913904988,
      "LHCb": 5.066772937774658,
      "total": 5.148156642913818
    }
  },
  "800": {
    "training_loss": 10491.0,
    "validation_loss": [
      3849.986083984375
    ],
    "validation_chi2s": {
      "DEUTERON": 3.977010698460821,
      "NMC": 3.131227081897212,
      "NUCLEAR": 2.565958740234375,
      "HERACOMB": 2.559347514233558,
      "DYE886": 8.480840509588068,
      "CDF": 6.422182900565011,
      "D0": 3.214599609375,
      "ATLAS": 3.7250020926339285,
      "CMS": 2.719120148689516,
      "LHCb": 4.5636491775512695,
      "total": 3.210937738418579
    }
  },
  "900": {
    "training_loss": 8437.384765625,
    "validation_loss": [
      2817.1826171875
    ],
    "validation_chi2s": {
      "DEUTERON": 2.5047686372823383,
      "NMC": 2.9887581619561887,
      "NUCLEAR": 1.787028076171875,
      "HERACOMB": 2.4410954893024917,
      "DYE886": 2.2146146947687324,
      "CDF": 2.97262328011649,
      "D0": 3.0455648422241213,
      "ATLAS": 2.600630405970982,
      "CMS": 2.4628487863848285,
      "LHCb": 2.551600933074951,
      "total": 2.369913101196289
    }
  },
  "1000": {
    "training_loss": 8187.3701171875,
    "validation_loss": [
      2687.75439453125
    ],
    "validation_chi2s": {
      "DEUTERON": 2.0962223793143657,
      "NMC": 3.088225420783548,
      "NUCLEAR": 1.757454833984375,
      "HERACOMB": 2.353665619893791,
      "DYE886": 2.436210112138228,
      "CDF": 2.4683020455496654,
      "D0": 2.514882278442383,
      "ATLAS": 2.4705137416294645,
      "CMS": 2.5405440791960685,
      "LHCb": 2.7550809383392334,
      "total": 2.266535758972168
    }
  },
  "1100": {
    "training_loss": 9153.375,
    "validation_loss": [
      3269.505859375
    ],
    "validation_chi2s": {
      "DEUTERON": 3.4335901061100746,
      "NMC": 3.4272284414253984,
      "NUCLEAR": 2.016322265625,
      "HERACOMB": 2.431735768037684,
      "DYE886": 5.718998995694247,
      "CDF": 3.1045123508998325,
      "D0": 1.9400032043457032,
      "ATLAS": 2.806828090122768,
      "CMS": 2.910159695533014,
      "LHCb": 3.2690279483795166,
      "total": 2.7476613521575928
    }
  },
  "1200": {
    "training_loss": 9163.8505859375,
    "validation_loss": [
      11656.69921875
    ],
    "validation_chi2s": {
      "DEUTERON": 45.84893404073383,
      "NMC": 3.6292586981081496,
      "NUCLEAR": 1.771429443359375,
      "HERACOMB": 2.438181160322202,
      "DYE886": 5.225118810480291,
      "CDF": 3.3715722220284596,
      "D0": 2.7684139251708983,
      "ATLAS": 2.303382742745536,
      "CMS": 3.018733855216734,
      "LHCb": 2.6475448608398438,
      "total": 9.86251449584961
    }
  },
  "1300": {
    "training_loss": 26228.1640625,
    "validation_loss": [
      62331.82421875
    ],
    "validation_chi2s": {
      "DEUTERON": 279.52124144900495,
      "NMC": 3.311106663124234,
      "NUCLEAR": 3.029336669921875,
      "HERACOMB": 2.7108696831597223,
      "DYE886": 79.0326094193892,
      "CDF": 2.528210231236049,
      "D0": 32.254150390625,
      "ATLAS": 5.077794712611607,
      "CMS": 5.795519428868448,
      "LHCb": 17.71860122680664,
      "total": 52.79517364501953
    }
  },
  "1400": {
    "training_loss": 8135.2734375,
    "validation_loss": [
      2682.210693359375
    ],
    "validation_chi2s": {
      "DEUTERON": 2.0559835101834576,
      "NMC": 3.077339920343137,
      "NUCLEAR": 1.7250960693359374,
      "HERACOMB": 2.3687241498161766,
      "DYE886": 2.4997636621648613,
      "CDF": 2.1275648389543806,
      "D0": 2.7971797943115235,
      "ATLAS": 2.5096547154017856,
      "CMS": 2.5782894011466735,
      "LHCb": 2.7054576873779297,
      "total": 2.2662413120269775
    }
  },
  "1500": {
    "training_loss": 8114.4599609375,
    "validation_loss": [
      2679.510498046875
    ],
    "validation_chi2s": {
      "DEUTERON": 2.094575796554338,
      "NMC": 3.220808141371783,
      "NUCLEAR": 1.706943603515625,
      "HERACOMB": 2.340701633029514,
      "DYE886": 2.6848059567538174,
      "CDF": 2.3460031236921037,
      "D0": 2.6726848602294924,
      "ATLAS": 2.480725620814732,
      "CMS": 2.5641157088741178,
      "LHCb": 2.7993409633636475,
      "total": 2.2683637142181396
    }
  },
  "1600": {
    "training_loss": 8106.791015625,
    "validation_loss": [
      2668.466796875
    ],
    "validation_chi2s": {
      "DEUTERON": 2.0858869410272853,
      "NMC": 3.201175764495251,
      "NUCLEAR": 1.704975830078125,
      "HERACOMB": 2.341683182061887,
      "DYE886": 2.650597659024325,
      "CDF": 2.3276026589529857,
      "D0": 2.676763916015625,
      "ATLAS": 2.46344970703125,
      "CMS": 2.5536191386561238,
      "LHCb": 2.738422393798828,
      "total": 2.259828567504883
    }
  },
  "1700": {
    "training_loss": 8093.64453125,
    "validation_loss": [
      2665.5205078125
    ],
    "validation_chi2s": {
      "DEUTERON": 2.0738672664509483,
      "NMC": 3.1573243982651653,
      "NUCLEAR": 1.6999593505859374,
      "HERACOMB": 2.346090478834763,
      "DYE886": 2.6680863120339136,
      "CDF": 2.3211348397391185,
      "D0": 2.640487480163574,
      "ATLAS": 2.483430698939732,
      "CMS": 2.5505910073557208,
      "LHCb": 2.7137951850891113,
      "total": 2.257920503616333
    }
  },
  "1800": {
    "training_loss": 8085.7197265625,
    "validation_loss": [
      2666.9599609375
    ],
    "validation_chi2s": {
      "DEUTERON": 2.0994268768462376,
      "NMC": 3.212785608628217,
      "NUCLEAR": 1.6913955078125,
      "HERACOMB": 2.3422317006229574,
      "DYE886": 2.6322513927112925,
      "CDF": 2.350334439958845,
      "D0": 2.539130973815918,
      "ATLAS": 2.469703194754464,
      "CMS": 2.560825470955141,
      "LHCb": 2.7287864685058594,
      "total": 2.2599520683288574
    }
  },
  "1900": {
    "training_loss": 8083.37353515625,
    "validation_loss": [
      2665.41162109375
    ],
    "validation_chi2s": {
      "DEUTERON": 2.1008795742964863,
      "NMC": 3.197085511450674,
      "NUCLEAR": 1.6902327880859376,
      "HERACOMB": 2.342511145897161,
      "DYE886": 2.625952633944425,
      "CDF": 2.340704781668527,
      "D0": 2.510045051574707,
      "ATLAS": 2.4756004115513393,
      "CMS": 2.5588479811145413,
      "LHCb": 2.7102019786834717,
      "total": 2.259087324142456
    }
  },
  "2000": {
    "training_loss": 8077.71435546875,
    "validation_loss": [
      2665.21826171875
    ],
    "validation_chi2s": {
      "DEUTERON": 2.1001025147699006,
      "NMC": 3.1753534055223653,
      "NUCLEAR": 1.6901068115234374,
      "HERACOMB": 2.345113916334763,
      "DYE886": 2.643204602328214,
      "CDF": 2.327207292829241,
      "D0": 2.545113945007324,
      "ATLAS": 2.48532958984375,
      "CMS": 2.5543744487147175,
      "LHCb": 2.6755619049072266,
      "total": 2.2592363357543945
    }
  },
  "2100": {
    "training_loss": 8075.3447265625,
    "validation_loss": [
      2664.140625
    ],
    "validation_chi2s": {
      "DEUTERON": 2.1050267765178017,
      "NMC": 3.1745542638442097,
      "NUCLEAR": 1.6861070556640625,
      "HERACOMB": 2.345329533994587,
      "DYE886": 2.6384268673983486,
      "CDF": 2.319504601614816,
      "D0": 2.528749465942383,
      "ATLAS": 2.487178780691964,
      "CMS": 2.5522982689642135,
      "LHCb": 2.661236047744751,
      "total": 2.2586424350738525
    }
  },
  "2200": {
    "training_loss": 8071.52392578125,
    "validation_loss": [
      2664.2021484375
    ],
    "validation_chi2s": {
      "DEUTERON": 2.107755898243159,
      "NMC": 3.1656730502259496,
      "NUCLEAR": 1.685052490234375,
      "HERACOMB": 2.3464367436427698,
      "DYE886": 2.6471498662775215,
      "CDF": 2.3116564069475447,
      "D0": 2.533631706237793,
      "ATLAS": 2.4951177106584823,
      "CMS": 2.546349802324849,
      "LHCb": 2.6416194438934326,
      "total": 2.258965253829956
    }
  },
  "2300": {
    "training_loss": 8066.2138671875,
    "validation_loss": [
      2666.1611328125
    ],
    "validation_chi2s": {
      "DEUTERON": 2.1227356260688746,
      "NMC": 3.1996753169041052,
      "NUCLEAR": 1.6795712890625,
      "HERACOMB": 2.3446523628982843,
      "DYE886": 2.6488683873956855,
      "CDF": 2.347103936331613,
      "D0": 2.4914834976196287,
      "ATLAS": 2.4840330287388395,
      "CMS": 2.5547330302576863,
      "LHCb": 2.6588964462280273,
      "total": 2.2609565258026123
    }
  },
  "2400": {
    "training_loss": 8064.5849609375,
    "validation_loss": [
      2665.40625
    ],
    "validation_chi2s": {
      "DEUTERON": 2.115343843526508,
      "NMC": 3.1729293524050246,
      "NUCLEAR": 1.6789031982421876,
      "HERACOMB": 2.345221226511438,
      "DYE886": 2.6461993130770596,
      "CDF": 2.3247103009905135,
      "D0": 2.526382637023926,
      "ATLAS": 2.4964988490513393,
      "CMS": 2.553736532888105,
      "LHCb": 2.6574199199676514,
      "total": 2.2603635787963867
    }
  },
  "2500": {
    "training_loss": 8074.794921875,
    "validation_loss": [
      2662.07958984375
    ],
    "validation_chi2s": {
      "DEUTERON": 2.1289498248503578,
      "NMC": 3.1720051484949447,
      "NUCLEAR": 1.68015966796875,
      "HERACOMB": 2.3395008760340072,
      "DYE886": 2.569437200372869,
      "CDF": 2.345379148210798,
      "D0": 2.425555419921875,
      "ATLAS": 2.480530831473214,
      "CMS": 2.5611446749779487,
      "LHCb": 2.6585938930511475,
      "total": 2.2576987743377686
    }
  },
  "2600": {
    "training_loss": 8062.69921875,
    "validation_loss": [
      2663.083740234375
    ],
    "validation_chi2s": {
      "DEUTERON": 2.141669581778607,
      "NMC": 3.2038631065219056,
      "NUCLEAR": 1.6714287109375,
      "HERACOMB": 2.337262321920956,
      "DYE886": 2.587945417924361,
      "CDF": 2.367931910923549,
      "D0": 2.3702360153198243,
      "ATLAS": 2.4763912527901786,
      "CMS": 2.5617761919575353,
      "LHCb": 2.672956943511963,
      "total": 2.2586658000946045
    }
  },
  "2700": {
    "training_loss": 8057.89306640625,
    "validation_loss": [
      2668.07177734375
    ],
    "validation_chi2s": {
      "DEUTERON": 2.140672674226524,
      "NMC": 3.2102508544921875,
      "NUCLEAR": 1.67152587890625,
      "HERACOMB": 2.342492795458027,
      "DYE886": 2.623599312522195,
      "CDF": 2.372432436261858,
      "D0": 2.4022123336791994,
      "ATLAS": 2.4898686872209823,
      "CMS": 2.5624916322769655,
      "LHCb": 2.6709859371185303,
      "total": 2.263139247894287
    }
  },
  "2800": {
    "training_loss": 8055.17529296875,
    "validation_loss": [
      2667.5986328125
    ],
    "validation_chi2s": {
      "DEUTERON": 2.131147545961598,
      "NMC": 3.186666451248468,
      "NUCLEAR": 1.6715693359375,
      "HERACOMB": 2.344647376365911,
      "DYE886": 2.6472578915682705,
      "CDF": 2.3417884281703403,
      "D0": 2.4744022369384764,
      "ATLAS": 2.496294642857143,
      "CMS": 2.5607083228326615,
      "LHCb": 2.670405387878418,
      "total": 2.262685537338257
    }
  },
  "2900": {
    "training_loss": 8065.10107421875,
    "validation_loss": [
      2661.076171875
    ],
    "validation_chi2s": {
      "DEUTERON": 2.156171049051617,
      "NMC": 3.192263135723039,
      "NUCLEAR": 1.66704248046875,
      "HERACOMB": 2.332455105251736,
      "DYE886": 2.5893084786155005,
      "CDF": 2.355146953037807,
      "D0": 2.351390266418457,
      "ATLAS": 2.4598702566964286,
      "CMS": 2.5718184440366683,
      "LHCb": 2.6844799518585205,
      "total": 2.2571635246276855
    }
  },
  "3000": {
    "training_loss": 8056.701171875,
    "validation_loss": [
      2656.9169921875
    ],
    "validation_chi2s": {
      "DEUTERON": 2.094138529763293,
      "NMC": 3.0341988357843137,
      "NUCLEAR": 1.68034130859375,
      "HERACOMB": 2.3555415533726514,
      "DYE886": 2.4732003645463423,
      "CDF": 2.2226522990635464,
      "D0": 2.396720314025879,
      "ATLAS": 2.531000453404018,
      "CMS": 2.554227767452117,
      "LHCb": 2.6101138591766357,
      "total": 2.2526795864105225
    }
  },
  "3100": {
    "training_loss": 8052.8720703125,
    "validation_loss": [
      2657.25927734375
    ],
    "validation_chi2s": {
      "DEUTERON": 2.097741274098259,
      "NMC": 3.024679744944853,
      "NUCLEAR": 1.67689404296875,
      "HERACOMB": 2.3581834182240606,
      "DYE886": 2.4815262881192295,
      "CDF": 2.2162722178867886,
      "D0": 2.34826602935791,
      "ATLAS": 2.525123814174107,
      "CMS": 2.5576016826014363,
      "LHCb": 2.644331455230713,
      "total": 2.2529544830322266
    }
  },
  "3200": {
    "training_loss": 8055.29150390625,
    "validation_loss": [
      2665.791015625
    ],
    "validation_chi2s": {
      "DEUTERON": 2.1349478194962686,
      "NMC": 3.17131072399663,
      "NUCLEAR": 1.6684234619140625,
      "HERACOMB": 2.3424140082465277,
      "DYE886": 2.6107779416170986,
      "CDF": 2.3450608934674944,
      "D0": 2.393227195739746,
      "ATLAS": 2.501511753627232,
      "CMS": 2.5606642692319808,
      "LHCb": 2.6934685707092285,
      "total": 2.261467456817627
    }
  },
  "3300": {
    "training_loss": 8051.30615234375,
    "validation_loss": [
      2671.640625
    ],
    "validation_chi2s": {
      "DEUTERON": 2.138825981178094,
      "NMC": 3.1918705958946076,
      "NUCLEAR": 1.6707196044921875,
      "HERACOMB": 2.3431585972605187,
      "DYE886": 2.6563885428688745,
      "CDF": 2.3075259072440013,
      "D0": 2.4177627563476562,
      "ATLAS": 2.5141934640066963,
      "CMS": 2.5591674312468498,
      "LHCb": 2.712449073791504,
      "total": 2.2667789459228516
    }
  },
  "3400": {
    "training_loss": 8054.02880859375,
    "validation_loss": [
      2656.519287109375
    ],
    "validation_chi2s": {
      "DEUTERON": 2.1034606629936254,
      "NMC": 3.0266170127719056,
      "NUCLEAR": 1.6736123046875,
      "HERACOMB": 2.3537727306091707,
      "DYE886": 2.4939131303267046,
      "CDF": 2.204500607081822,
      "D0": 2.3455137252807616,
      "ATLAS": 2.527255859375,
      "CMS": 2.5590099211662047,
      "LHCb": 2.6420738697052,
      "total": 2.252713441848755
    }
  },
  "3500": {
    "training_loss": 8053.4638671875,
    "validation_loss": [
      2656.3515625
    ],
    "validation_chi2s": {
      "DEUTERON": 2.1010649571964395,
      "NMC": 3.0282550886565565,
      "NUCLEAR": 1.6755001220703125,
      "HERACOMB": 2.352124183006536,
      "DYE886": 2.4856997403231533,
      "CDF": 2.192499433244978,
      "D0": 2.344595527648926,
      "ATLAS": 2.533426513671875,
      "CMS": 2.557311027280746,
      "LHCb": 2.636512517929077,
      "total": 2.2527027130126953
    }
  },
  "3600": {
    "training_loss": 8047.392578125,
    "validation_loss": [
      2655.7734375
    ],
    "validation_chi2s": {
      "DEUTERON": 2.1098696580573693,
      "NMC": 3.0225288540709254,
      "NUCLEAR": 1.6727672119140624,
      "HERACOMB": 2.350286546096303,
      "DYE886": 2.4764922748912466,
      "CDF": 2.1925362178257535,
      "D0": 2.2950611114501953,
      "ATLAS": 2.5279035295758927,
      "CMS": 2.561310306672127,
      "LHCb": 2.6480872631073,
      "total": 2.2522222995758057
    }
  },
  "3700": {
    "training_loss": 8046.4248046875,
    "validation_loss": [
      2659.589111328125
    ],
    "validation_chi2s": {
      "DEUTERON": 2.1133571643734452,
      "NMC": 3.037375356636795,
      "NUCLEAR": 1.6767437744140625,
      "HERACOMB": 2.349591224022161,
      "DYE886": 2.476123809814453,
      "CDF": 2.179197447640555,
      "D0": 2.322739601135254,
      "ATLAS": 2.543142613002232,
      "CMS": 2.552884009576613,
      "LHCb": 2.6543242931365967,
      "total": 2.2558188438415527
    }
  },
  "3800": {
    "training_loss": 8053.34814453125,
    "validation_loss": [
      2669.103515625
    ],
    "validation_chi2s": {
      "DEUTERON": 2.0906560337958644,
      "NMC": 3.0370477414598653,
      "NUCLEAR": 1.683997314453125,
      "HERACOMB": 2.365688348907271,
      "DYE886": 2.520751953125,
      "CDF": 2.1727597372872487,
      "D0": 2.4325952529907227,
      "ATLAS": 2.5834870256696427,
      "CMS": 2.5395394602129535,
      "LHCb": 2.66133451461792,
      "total": 2.2641584873199463
    }
  },
  "3900": {
    "training_loss": 8048.888671875,
    "validation_loss": [
      2670.279296875
    ],
    "validation_chi2s": {
      "DEUTERON": 2.1535870756082867,
      "NMC": 3.1890483183019303,
      "NUCLEAR": 1.670794189453125,
      "HERACOMB": 2.339184530420241,
      "DYE886": 2.5998172760009766,
      "CDF": 2.26340879712786,
      "D0": 2.3650651931762696,
      "ATLAS": 2.5195901925223216,
      "CMS": 2.5567978889711442,
      "LHCb": 2.6878037452697754,
      "total": 2.2662758827209473
    }
  },
  "4000": {
    "training_loss": 19136.0078125,
    "validation_loss": [
      2343502.75
    ],
    "validation_chi2s": {
      "DEUTERON": 11636.574626865671,
      "NMC": 3.250691432578891,
      "NUCLEAR": 2.401820068359375,
      "HERACOMB": 2.506161359400531,
      "DYE886": 55.01458740234375,
      "CDF": 2.1123241697038924,
      "D0": 21.50029754638672,
      "ATLAS": 3.7779959542410713,
      "CMS": 4.4716260356287805,
      "LHCb": 8.645306587219238,
      "total": 1989.318603515625
    }
  },
  "4100": {
    "training_loss": 8049.078125,
    "validation_loss": [
      2672.30615234375
    ],
    "validation_chi2s": {
      "DEUTERON": 2.1561384058710353,
      "NMC": 3.226522408279718,
      "NUCLEAR": 1.670546875,
      "HERACOMB": 2.3409443774254495,
      "DYE886": 2.59936540777033,
      "CDF": 2.2652431215558733,
      "D0": 2.3685684204101562,
      "ATLAS": 2.519527064732143,
      "CMS": 2.5491736627394155,
      "LHCb": 2.6976852416992188,
      "total": 2.2682271003723145
    }
  },
  "4200": {
    "training_loss": 8060.43115234375,
    "validation_loss": [
      2660.977294921875
    ],
    "validation_chi2s": {
      "DEUTERON": 2.1199336265450093,
      "NMC": 3.0787530038871016,
      "NUCLEAR": 1.6757744140625,
      "HERACOMB": 2.34599254333895,
      "DYE886": 2.526185642589222,
      "CDF": 2.165904998779297,
      "D0": 2.307079315185547,
      "ATLAS": 2.5501595633370537,
      "CMS": 2.5383554274036038,
      "LHCb": 2.6523032188415527,
      "total": 2.257772922515869
    }
  },
  "4300": {
    "training_loss": 8046.4970703125,
    "validation_loss": [
      2659.779296875
    ],
    "validation_chi2s": {
      "DEUTERON": 2.0974764847636815,
      "NMC": 3.0354380888097428,
      "NUCLEAR": 1.6762698974609376,
      "HERACOMB": 2.3536331077027164,
      "DYE886": 2.5116147128018467,
      "CDF": 2.1394047055925642,
      "D0": 2.2912271499633787,
      "ATLAS": 2.5639842006138394,
      "CMS": 2.5425087713426158,
      "LHCb": 2.670454978942871,
      "total": 2.256575345993042
    }
  },
  "4400": {
    "training_loss": 8041.98095703125,
    "validation_loss": [
      2656.948974609375
    ],
    "validation_chi2s": {
      "DEUTERON": 2.106471427044465,
      "NMC": 3.0158703373927698,
      "NUCLEAR": 1.6754208984375,
      "HERACOMB": 2.3570686290466707,
      "DYE886": 2.5009295723655005,
      "CDF": 2.133863857814244,
      "D0": 2.3193843841552733,
      "ATLAS": 2.5433926827566964,
      "CMS": 2.5451155631772933,
      "LHCb": 2.6213953495025635,
      "total": 2.2538645267486572
    }
  },
  "4500": {
    "training_loss": 8043.63037109375,
    "validation_loss": [
      2661.16552734375
    ],
    "validation_chi2s": {
      "DEUTERON": 2.1131180340970928,
      "NMC": 3.026570338828891,
      "NUCLEAR": 1.6796632080078124,
      "HERACOMB": 2.3516743977864585,
      "DYE886": 2.525834863836115,
      "CDF": 2.1381944928850447,
      "D0": 2.3079256057739257,
      "ATLAS": 2.5474571010044644,
      "CMS": 2.5541472896452873,
      "LHCb": 2.648236036300659,
      "total": 2.2576382160186768
    }
  },
  "4600": {
    "training_loss": 8086.0146484375,
    "validation_loss": [
      2674.883056640625
    ],
    "validation_chi2s": {
      "DEUTERON": 2.125956824762904,
      "NMC": 3.0719951554840685,
      "NUCLEAR": 1.67629931640625,
      "HERACOMB": 2.354746101728452,
      "DYE886": 2.554947939786044,
      "CDF": 2.148507390703474,
      "D0": 2.197640228271484,
      "ATLAS": 2.605416957310268,
      "CMS": 2.5340192241053425,
      "LHCb": 2.7279343605041504,
      "total": 2.270204782485962
    }
  },
  "4700": {
    "training_loss": 8043.57861328125,
    "validation_loss": [
      2660.2294921875
    ],
    "validation_chi2s": {
      "DEUTERON": 2.1190155181125623,
      "NMC": 2.9826151529947915,
      "NUCLEAR": 1.673088134765625,
      "HERACOMB": 2.3590901692708335,
      "DYE886": 2.5546973835338247,
      "CDF": 2.1092026574271068,
      "D0": 2.2845832824707033,
      "ATLAS": 2.5598733956473216,
      "CMS": 2.5384868498771422,
      "LHCb": 2.6064565181732178,
      "total": 2.256502151489258
    }
  },
  "4800": {
    "training_loss": 8033.01611328125,
    "validation_loss": [
      2683.45068359375
    ],
    "validation_chi2s": {
      "DEUTERON": 2.1932532467059236,
      "NMC": 3.245786180683211,
      "NUCLEAR": 1.6782431640625,
      "HERACOMB": 2.339718288845486,
      "DYE886": 2.6228519786487925,
      "CDF": 2.26123537336077,
      "D0": 2.3774782180786134,
      "ATLAS": 2.520327671595982,
      "CMS": 2.5600366900044103,
      "LHCb": 2.6779332160949707,
      "total": 2.2779247760772705
    }
  },
  "4900": {
    "training_loss": 8037.2578125,
    "validation_loss": [
      2659.092041015625
    ],
    "validation_chi2s": {
      "DEUTERON": 2.117874221422186,
      "NMC": 3.0137496649050246,
      "NUCLEAR": 1.6774901123046875,
      "HERACOMB": 2.349838356566585,
      "DYE886": 2.563264846801758,
      "CDF": 2.1257189341953824,
      "D0": 2.3354185104370115,
      "ATLAS": 2.5631883021763393,
      "CMS": 2.529231902091734,
      "LHCb": 2.594209671020508,
      "total": 2.256061553955078
    }
  },
  "5000": {
    "training_loss": 8020.13525390625,
    "validation_loss": [
      2685.062255859375
    ],
    "validation_chi2s": {
      "DEUTERON": 2.061453748105177,
      "NMC": 2.9135784074371935,
      "NUCLEAR": 1.6849530029296875,
      "HERACOMB": 2.423000759548611,
      "DYE886": 2.576249209317294,
      "CDF": 2.0283588681902205,
      "D0": 2.3778812408447267,
      "ATLAS": 2.667141636439732,
      "CMS": 2.5131407706968245,
      "LHCb": 2.622541904449463,
      "total": 2.2772297859191895
    }
  },
  "5100": {
    "training_loss": 8019.2265625,
    "validation_loss": [
      2702.349365234375
    ],
    "validation_chi2s": {
      "DEUTERON": 2.265271239019745,
      "NMC": 3.4006410486557903,
      "NUCLEAR": 1.673368408203125,
      "HERACOMB": 2.330447926240809,
      "DYE886": 2.603382630781694,
      "CDF": 2.2729255131312778,
      "D0": 2.2510665893554687,
      "ATLAS": 2.509423828125,
      "CMS": 2.5893953384891635,
      "LHCb": 2.687095880508423,
      "total": 2.2938270568847656
    }
  },
  "5200": {
    "training_loss": 8029.73193359375,
    "validation_loss": [
      2662.147216796875
    ],
    "validation_chi2s": {
      "DEUTERON": 2.114934816882385,
      "NMC": 3.008208330939798,
      "NUCLEAR": 1.6776114501953125,
      "HERACOMB": 2.358255822674122,
      "DYE886": 2.5840315385298296,
      "CDF": 2.1422875268118724,
      "D0": 2.285624694824219,
      "ATLAS": 2.539414585658482,
      "CMS": 2.5521146712764615,
      "LHCb": 2.6811747550964355,
      "total": 2.2588350772857666
    }
  },
  "5300": {
    "training_loss": 8027.8056640625,
    "validation_loss": [
      2681.15625
    ],
    "validation_chi2s": {
      "DEUTERON": 2.1503748348103233,
      "NMC": 3.181002149394914,
      "NUCLEAR": 1.6786170654296875,
      "HERACOMB": 2.340377109502655,
      "DYE886": 2.750032078136097,
      "CDF": 2.1406222752162387,
      "D0": 2.3892047882080076,
      "ATLAS": 2.5932315499441962,
      "CMS": 2.5112134871944303,
      "LHCb": 2.6939330101013184,
      "total": 2.275938034057617
    }
  },
  "5400": {
    "training_loss": 8033.9423828125,
    "validation_loss": [
      2661.364013671875
    ],
    "validation_chi2s": {
      "DEUTERON": 2.118538472189832,
      "NMC": 2.998864865770527,
      "NUCLEAR": 1.68071484375,
      "HERACOMB": 2.3568103266697302,
      "DYE886": 2.59113225069913,
      "CDF": 2.077948978969029,
      "D0": 2.295181465148926,
      "ATLAS": 2.5610921805245535,
      "CMS": 2.5317710138136342,
      "LHCb": 2.6145899295806885,
      "total": 2.2584304809570312
    }
  },
  "5500": {
    "training_loss": 8013.50537109375,
    "validation_loss": [
      2681.2060546875
    ],
    "validation_chi2s": {
      "DEUTERON": 2.1763251005713617,
      "NMC": 3.179884069106158,
      "NUCLEAR": 1.6740816650390624,
      "HERACOMB": 2.340506360421773,
      "DYE886": 2.6531952944668857,
      "CDF": 2.134892054966518,
      "D0": 2.2586380004882813,
      "ATLAS": 2.506651611328125,
      "CMS": 2.6389768046717488,
      "LHCb": 2.644181966781616,
      "total": 2.2756729125976562
    }
  },
  "5600": {
    "training_loss": 8047.55322265625,
    "validation_loss": [
      2670.63427734375
    ],
    "validation_chi2s": {
      "DEUTERON": 2.143459035389459,
      "NMC": 3.1303642123353246,
      "NUCLEAR": 1.6833614501953125,
      "HERACOMB": 2.3463176652496935,
      "DYE886": 2.662994211370295,
      "CDF": 2.1858083180018832,
      "D0": 2.3798357009887696,
      "ATLAS": 2.5555154854910715,
      "CMS": 2.5167940201297885,
      "LHCb": 2.6271555423736572,
      "total": 2.2668497562408447
    }
  },
  "5700": {
    "training_loss": 8012.29345703125,
    "validation_loss": [
      2667.772216796875
    ],
    "validation_chi2s": {
      "DEUTERON": 2.0980470571944965,
      "NMC": 2.902165132410386,
      "NUCLEAR": 1.684881591796875,
      "HERACOMB": 2.3829660851970997,
      "DYE886": 2.5925397005948154,
      "CDF": 2.0309456416538785,
      "D0": 2.3242706298828124,
      "ATLAS": 2.5913936941964284,
      "CMS": 2.5432847545992945,
      "LHCb": 2.567690849304199,
      "total": 2.262859344482422
    }
  },
  "5800": {
    "training_loss": 8003.81298828125,
    "validation_loss": [
      2666.700927734375
    ],
    "validation_chi2s": {
      "DEUTERON": 2.1001362207517102,
      "NMC": 2.9324203192018996,
      "NUCLEAR": 1.6850394287109376,
      "HERACOMB": 2.382457259433721,
      "DYE886": 2.6096513921564277,
      "CDF": 2.0479937962123325,
      "D0": 2.3039525985717773,
      "ATLAS": 2.567403738839286,
      "CMS": 2.5424703782604587,
      "LHCb": 2.6135382652282715,
      "total": 2.2622714042663574
    }
  },
  "5900": {
    "training_loss": 8013.31005859375,
    "validation_loss": [
      2664.685791015625
    ],
    "validation_chi2s": {
      "DEUTERON": 2.0823306562888684,
      "NMC": 2.9249584721583948,
      "NUCLEAR": 1.6907271728515625,
      "HERACOMB": 2.3861405117059844,
      "DYE886": 2.5966080752286045,
      "CDF": 2.004162243434361,
      "D0": 2.3650352478027346,
      "ATLAS": 2.5833213588169643,
      "CMS": 2.5303265971522175,
      "LHCb": 2.550905466079712,
      "total": 2.2604734897613525
    }
  },
  "6000": {
    "training_loss": 8031.962890625,
    "validation_loss": [
      2678.08544921875
    ],
    "validation_chi2s": {
      "DEUTERON": 2.1717787405744713,
      "NMC": 3.149300369561887,
      "NUCLEAR": 1.683440673828125,
      "HERACOMB": 2.3388568155126634,
      "DYE886": 2.7524674155495386,
      "CDF": 2.1741749899727956,
      "D0": 2.3240688323974608,
      "ATLAS": 2.55984375,
      "CMS": 2.5228751397901967,
      "LHCb": 2.63580060005188,
      "total": 2.2732269763946533
    }
  },
  "6100": {
    "training_loss": 8070.36962890625,
    "validation_loss": [
      2659.29443359375
    ],
    "validation_chi2s": {
      "DEUTERON": 2.1090338408057367,
      "NMC": 2.9915669759114585,
      "NUCLEAR": 1.6786295166015626,
      "HERACOMB": 2.359487496170343,
      "DYE886": 2.634900526566939,
      "CDF": 1.9964731761387415,
      "D0": 2.2558267593383787,
      "ATLAS": 2.5894674246651785,
      "CMS": 2.4953477921024447,
      "LHCb": 2.6100192070007324,
      "total": 2.2570016384124756
    }
  },
  "6200": {
    "training_loss": 8049.759765625,
    "validation_loss": [
      2676.461669921875
    ],
    "validation_chi2s": {
      "DEUTERON": 2.176266798332556,
      "NMC": 3.1504609351064645,
      "NUCLEAR": 1.686638427734375,
      "HERACOMB": 2.3411143184487337,
      "DYE886": 2.7153231880881568,
      "CDF": 2.074604170663016,
      "D0": 2.2985090255737304,
      "ATLAS": 2.555525599888393,
      "CMS": 2.5176298079952115,
      "LHCb": 2.6064021587371826,
      "total": 2.27181339263916
    }
  },
  "6300": {
    "training_loss": 7999.02978515625,
    "validation_loss": [
      2707.035400390625
    ],
    "validation_chi2s": {
      "DEUTERON": 2.255978712395056,
      "NMC": 3.4086276783662686,
      "NUCLEAR": 1.6784217529296874,
      "HERACOMB": 2.3437274608736725,
      "DYE886": 2.717137943614613,
      "CDF": 2.13128730228969,
      "D0": 2.305060386657715,
      "ATLAS": 2.5211376953125,
      "CMS": 2.5739352318548385,
      "LHCb": 2.6435470581054688,
      "total": 2.2977802753448486
    }
  },
  "6400": {
    "training_loss": 8005.10986328125,
    "validation_loss": [
      2675.43603515625
    ],
    "validation_chi2s": {
      "DEUTERON": 2.0568632059429417,
      "NMC": 2.8968508851294423,
      "NUCLEAR": 1.69004833984375,
      "HERACOMB": 2.4062870998008576,
      "DYE886": 2.633940956809304,
      "CDF": 1.9942137854439872,
      "D0": 2.337248992919922,
      "ATLAS": 2.6755990164620536,
      "CMS": 2.4828257406911542,
      "LHCb": 2.5794100761413574,
      "total": 2.2698850631713867
    }
  },
  "6500": {
    "training_loss": 8001.818359375,
    "validation_loss": [
      2668.2734375
    ],
    "validation_chi2s": {
      "DEUTERON": 2.0858310680484298,
      "NMC": 2.921446856330423,
      "NUCLEAR": 1.6836240234375,
      "HERACOMB": 2.3831252553104574,
      "DYE886": 2.6408991380171343,
      "CDF": 2.0206774302891324,
      "D0": 2.2949197769165037,
      "ATLAS": 2.6052392578125,
      "CMS": 2.52710207047001,
      "LHCb": 2.6281986236572266,
      "total": 2.263974189758301
    }
  },
  "6600": {
    "training_loss": 8010.1455078125,
    "validation_loss": [
      2656.502685546875
    ],
    "validation_chi2s": {
      "DEUTERON": 2.1012246810381687,
      "NMC": 2.9336945776845895,
      "NUCLEAR": 1.6795418701171876,
      "HERACOMB": 2.369686151641646,
      "DYE886": 2.628984798084606,
      "CDF": 2.041292871747698,
      "D0": 2.2738224029541017,
      "ATLAS": 2.5763548060825894,
      "CMS": 2.508001019877772,
      "LHCb": 2.543168783187866,
      "total": 2.2538833618164062
    }
  },
  "6700": {
    "training_loss": 8010.3720703125,
    "validation_loss": [
      2670.96240234375
    ],
    "validation_chi2s": {
      "DEUTERON": 2.150528181844683,
      "NMC": 3.183862424364277,
      "NUCLEAR": 1.6770465087890625,
      "HERACOMB": 2.337649875217014,
      "DYE886": 2.7077076651833276,
      "CDF": 2.1198131016322543,
      "D0": 2.3432355880737306,
      "ATLAS": 2.554397670200893,
      "CMS": 2.5184715024886595,
      "LHCb": 2.6380655765533447,
      "total": 2.2672195434570312
    }
  },
  "6800": {
    "training_loss": 8034.37646484375,
    "validation_loss": [
      2656.338134765625
    ],
    "validation_chi2s": {
      "DEUTERON": 2.112611533397466,
      "NMC": 3.080744425455729,
      "NUCLEAR": 1.6752877197265625,
      "HERACOMB": 2.339017182393791,
      "DYE886": 2.6905947598544033,
      "CDF": 2.052661759512765,
      "D0": 2.327555465698242,
      "ATLAS": 2.57270263671875,
      "CMS": 2.4929917858492945,
      "LHCb": 2.614118814468384,
      "total": 2.2548024654388428
    }
  },
  "6900": {
    "training_loss": 8014.037109375,
    "validation_loss": [
      2681.081298828125
    ],
    "validation_chi2s": {
      "DEUTERON": 2.155605031483209,
      "NMC": 3.191349104339001,
      "NUCLEAR": 1.678875244140625,
      "HERACOMB": 2.343438441457312,
      "DYE886": 2.7739077481356533,
      "CDF": 2.058573450360979,
      "D0": 2.3981489181518554,
      "ATLAS": 2.586020159040179,
      "CMS": 2.4995035971364667,
      "LHCb": 2.692023515701294,
      "total": 2.2758069038391113
    }
  },
  "7000": {
    "training_loss": 7998.6923828125,
    "validation_loss": [
      2664.65478515625
    ],
    "validation_chi2s": {
      "DEUTERON": 2.1009888909942473,
      "NMC": 2.9450851141237746,
      "NUCLEAR": 1.6801466064453126,
      "HERACOMB": 2.371939465890523,
      "DYE886": 2.6403418454256924,
      "CDF": 2.0146797725132535,
      "D0": 2.2668968200683595,
      "ATLAS": 2.5930501883370534,
      "CMS": 2.5185795445596018,
      "LHCb": 2.647282361984253,
      "total": 2.261467218399048
    }
  },
  "7100": {
    "training_loss": 7996.51806640625,
    "validation_loss": [
      2663.168701171875
    ],
    "validation_chi2s": {
      "DEUTERON": 2.1045107106071206,
      "NMC": 2.941500794653799,
      "NUCLEAR": 1.6813260498046876,
      "HERACOMB": 2.3709246068218954,
      "DYE886": 2.6471540277654473,
      "CDF": 1.9955365317208427,
      "D0": 2.2409950256347657,
      "ATLAS": 2.5873678152901785,
      "CMS": 2.520779517389113,
      "LHCb": 2.6113529205322266,
      "total": 2.2601044178009033
    }
  },
  "7200": {
    "training_loss": 8008.98828125,
    "validation_loss": [
      2655.46142578125
    ],
    "validation_chi2s": {
      "DEUTERON": 2.081604307563744,
      "NMC": 2.965072332643995,
      "NUCLEAR": 1.682359130859375,
      "HERACOMB": 2.3639298981311274,
      "DYE886": 2.6593591516668145,
      "CDF": 2.048822675432478,
      "D0": 2.2335947036743162,
      "ATLAS": 2.574588099888393,
      "CMS": 2.5158221337103073,
      "LHCb": 2.598884344100952,
      "total": 2.2533414363861084
    }
  },
  "7300": {
    "training_loss": 8013.4599609375,
    "validation_loss": [
      2659.977783203125
    ],
    "validation_chi2s": {
      "DEUTERON": 2.1083978301850124,
      "NMC": 3.0333090389476105,
      "NUCLEAR": 1.6761927490234374,
      "HERACOMB": 2.3553093804253473,
      "DYE886": 2.692689895629883,
      "CDF": 2.052417755126953,
      "D0": 2.2700414657592773,
      "ATLAS": 2.564140101841518,
      "CMS": 2.5186359036353325,
      "LHCb": 2.625335693359375,
      "total": 2.257735252380371
    }
  },
  "7400": {
    "training_loss": 7997.54541015625,
    "validation_loss": [
      2661.868408203125
    ],
    "validation_chi2s": {
      "DEUTERON": 2.1017841699704602,
      "NMC": 2.9434455422794117,
      "NUCLEAR": 1.6753427734375,
      "HERACOMB": 2.3744185703252656,
      "DYE886": 2.636747880415483,
      "CDF": 1.9904173442295618,
      "D0": 2.1990964889526365,
      "ATLAS": 2.5764950125558035,
      "CMS": 2.5293411747101815,
      "LHCb": 2.651870012283325,
      "total": 2.259167432785034
    }
  },
  "7500": {
    "training_loss": 8005.9765625,
    "validation_loss": [
      2689.094482421875
    ],
    "validation_chi2s": {
      "DEUTERON": 2.186200649584111,
      "NMC": 3.254149493049173,
      "NUCLEAR": 1.6810277099609374,
      "HERACOMB": 2.3313401166130516,
      "DYE886": 2.8134913011030718,
      "CDF": 2.1069157464163646,
      "D0": 2.334136199951172,
      "ATLAS": 2.563717564174107,
      "CMS": 2.538756339780746,
      "LHCb": 2.7021405696868896,
      "total": 2.282637119293213
    }
  },
  "7600": {
    "training_loss": 8006.8056640625,
    "validation_loss": [
      2662.131103515625
    ],
    "validation_chi2s": {
      "DEUTERON": 2.0510258461112407,
      "NMC": 2.924713134765625,
      "NUCLEAR": 1.6864913330078124,
      "HERACOMB": 2.375682357089971,
      "DYE886": 2.5974769592285156,
      "CDF": 1.952925545828683,
      "D0": 2.219870758056641,
      "ATLAS": 2.66695068359375,
      "CMS": 2.488775437878024,
      "LHCb": 2.5979862213134766,
      "total": 2.2593142986297607
    }
  },
  "7700": {
    "training_loss": 7998.04150390625,
    "validation_loss": [
      2664.777587890625
    ],
    "validation_chi2s": {
      "DEUTERON": 2.0908565995705066,
      "NMC": 2.911088831284467,
      "NUCLEAR": 1.6786072998046875,
      "HERACOMB": 2.3846178241804536,
      "DYE886": 2.654518647627397,
      "CDF": 2.006950650896345,
      "D0": 2.221308135986328,
      "ATLAS": 2.59702880859375,
      "CMS": 2.521327849357359,
      "LHCb": 2.6200380325317383,
      "total": 2.2612051963806152
    }
  },
  "7800": {
    "training_loss": 7995.31787109375,
    "validation_loss": [
      2656.0009765625
    ],
    "validation_chi2s": {
      "DEUTERON": 2.076213476076648,
      "NMC": 2.911245907054228,
      "NUCLEAR": 1.67915380859375,
      "HERACOMB": 2.3720535577512254,
      "DYE886": 2.5819386568936435,
      "CDF": 1.9983222143990653,
      "D0": 2.2671430587768553,
      "ATLAS": 2.617226911272321,
      "CMS": 2.501799060452369,
      "LHCb": 2.5670998096466064,
      "total": 2.2540547847747803
    }
  },
  "7900": {
    "training_loss": 8021.5380859375,
    "validation_loss": [
      2670.022216796875
    ],
    "validation_chi2s": {
      "DEUTERON": 2.1424399608403295,
      "NMC": 3.1242229985255823,
      "NUCLEAR": 1.6714617919921875,
      "HERACOMB": 2.340960932712929,
      "DYE886": 2.6494794325395064,
      "CDF": 2.134653091430664,
      "D0": 2.200452995300293,
      "ATLAS": 2.5604640415736606,
      "CMS": 2.5362716182585685,
      "LHCb": 2.7484564781188965,
      "total": 2.2664945125579834
    }
  },
  "8000": {
    "training_loss": 8012.49560546875,
    "validation_loss": [
      2672.8173828125
    ],
    "validation_chi2s": {
      "DEUTERON": 2.1560047965737716,
      "NMC": 3.1694147446576286,
      "NUCLEAR": 1.676331787109375,
      "HERACOMB": 2.343069637522978,
      "DYE886": 2.646783308549361,
      "CDF": 2.1383598872593472,
      "D0": 2.2111616134643555,
      "ATLAS": 2.546177280970982,
      "CMS": 2.5309832173009075,
      "LHCb": 2.716817855834961,
      "total": 2.2688708305358887
    }
  },
  "8100": {
    "training_loss": 8012.9716796875,
    "validation_loss": [
      2660.335693359375
    ],
    "validation_chi2s": {
      "DEUTERON": 2.072129586442786,
      "NMC": 2.9722047693589153,
      "NUCLEAR": 1.690002685546875,
      "HERACOMB": 2.3496053857741015,
      "DYE886": 2.6064408042214136,
      "CDF": 1.9769043241228377,
      "D0": 2.1825687408447267,
      "ATLAS": 2.6564803641183037,
      "CMS": 2.4874732725081907,
      "LHCb": 2.6343560218811035,
      "total": 2.2582311630249023
    }
  },
  "8200": {
    "training_loss": 7994.619140625,
    "validation_loss": [
      2669.404296875
    ],
    "validation_chi2s": {
      "DEUTERON": 2.107352489262671,
      "NMC": 3.098183725394455,
      "NUCLEAR": 1.6697572021484375,
      "HERACOMB": 2.361462362451491,
      "DYE886": 2.745618126609109,
      "CDF": 2.102789742606027,
      "D0": 2.1879274368286135,
      "ATLAS": 2.5640328543526785,
      "CMS": 2.5226910498834427,
      "LHCb": 2.7868709564208984,
      "total": 2.2659878730773926
    }
  },
  "8300": {
    "training_loss": 8003.69580078125,
    "validation_loss": [
      2665.278076171875
    ],
    "validation_chi2s": {
      "DEUTERON": 2.08918602786847,
      "NMC": 3.065219056372549,
      "NUCLEAR": 1.6845830078125,
      "HERACOMB": 2.353460773143893,
      "DYE886": 2.701563921841708,
      "CDF": 2.129906381879534,
      "D0": 2.2286352157592773,
      "ATLAS": 2.6200449916294644,
      "CMS": 2.475711453345514,
      "LHCb": 2.6724743843078613,
      "total": 2.262481212615967
    }
  },
  "8400": {
    "training_loss": 7993.1728515625,
    "validation_loss": [
      2665.577880859375
    ],
    "validation_chi2s": {
      "DEUTERON": 2.0563888929376555,
      "NMC": 2.8588017482383576,
      "NUCLEAR": 1.6801170654296875,
      "HERACOMB": 2.401864045585682,
      "DYE886": 2.5456567244096235,
      "CDF": 2.027635301862444,
      "D0": 2.1010454177856444,
      "ATLAS": 2.6464540318080356,
      "CMS": 2.5014143913022933,
      "LHCb": 2.6818904876708984,
      "total": 2.2618560791015625
    }
  },
  "8500": {
    "training_loss": 8010.2890625,
    "validation_loss": [
      2658.68115234375
    ],
    "validation_chi2s": {
      "DEUTERON": 2.058759850649098,
      "NMC": 2.958353379193474,
      "NUCLEAR": 1.6903043212890625,
      "HERACOMB": 2.3513997395833335,
      "DYE886": 2.5584841641512783,
      "CDF": 1.942277227129255,
      "D0": 2.1438697814941405,
      "ATLAS": 2.6903592354910715,
      "CMS": 2.4672041862241683,
      "LHCb": 2.6166365146636963,
      "total": 2.256868362426758
    }
  },
  "8600": {
    "training_loss": 8013.8505859375,
    "validation_loss": [
      2655.287841796875
    ],
    "validation_chi2s": {
      "DEUTERON": 2.0452830755888525,
      "NMC": 2.936268226773131,
      "NUCLEAR": 1.68499951171875,
      "HERACOMB": 2.373571458205678,
      "DYE886": 2.6447684548117896,
      "CDF": 2.0045856748308455,
      "D0": 2.117414665222168,
      "ATLAS": 2.6438579450334823,
      "CMS": 2.463376937373992,
      "LHCb": 2.6465187072753906,
      "total": 2.2535042762756348
    }
  },
  "8700": {
    "training_loss": 7997.0224609375,
    "validation_loss": [
      2651.345947265625
    ],
    "validation_chi2s": {
      "DEUTERON": 2.067080217807447,
      "NMC": 2.9034097708907782,
      "NUCLEAR": 1.6741636962890625,
      "HERACOMB": 2.397236344081904,
      "DYE886": 2.602163141424006,
      "CDF": 2.1275794165475026,
      "D0": 2.1023963928222655,
      "ATLAS": 2.542833251953125,
      "CMS": 2.5197352747763357,
      "LHCb": 2.6023213863372803,
      "total": 2.2491798400878906
    }
  },
  "8800": {
    "training_loss": 8006.900390625,
    "validation_loss": [
      2668.82568359375
    ],
    "validation_chi2s": {
      "DEUTERON": 2.1011508922671798,
      "NMC": 3.185135186887255,
      "NUCLEAR": 1.6847337646484375,
      "HERACOMB": 2.3392934362872753,
      "DYE886": 2.60512976212935,
      "CDF": 1.9910159792218889,
      "D0": 2.0956806182861327,
      "ATLAS": 2.6724237932477677,
      "CMS": 2.442200691469254,
      "LHCb": 2.6329751014709473,
      "total": 2.2654917240142822
    }
  },
  "8900": {
    "training_loss": 8109.6748046875,
    "validation_loss": [
      2650.700439453125
    ],
    "validation_chi2s": {
      "DEUTERON": 2.1369912826006687,
      "NMC": 3.048883176317402,
      "NUCLEAR": 1.6724512939453124,
      "HERACOMB": 2.340347589231005,
      "DYE886": 2.579323335127397,
      "CDF": 2.1408307211739674,
      "D0": 2.1743532180786134,
      "ATLAS": 2.524733363560268,
      "CMS": 2.5269743396389868,
      "LHCb": 2.584615468978882,
      "total": 2.2501213550567627
    }
  },
  "9000": {
    "training_loss": 7999.55712890625,
    "validation_loss": [
      2648.2587890625
    ],
    "validation_chi2s": {
      "DEUTERON": 2.082114148495802,
      "NMC": 2.9415666168811274,
      "NUCLEAR": 1.6758330078125,
      "HERACOMB": 2.3592762666590072,
      "DYE886": 2.50324162569913,
      "CDF": 1.986168452671596,
      "D0": 2.0963449478149414,
      "ATLAS": 2.5917047991071427,
      "CMS": 2.4982442548198085,
      "LHCb": 2.6737189292907715,
      "total": 2.24808931350708
    }
  },
  "9100": {
    "training_loss": 7998.5283203125,
    "validation_loss": [
      2689.823486328125
    ],
    "validation_chi2s": {
      "DEUTERON": 2.132805971363884,
      "NMC": 3.210947074142157,
      "NUCLEAR": 1.688219970703125,
      "HERACOMB": 2.349222220626532,
      "DYE886": 2.734093579378995,
      "CDF": 2.0882786342075894,
      "D0": 2.295464515686035,
      "ATLAS": 2.6527910505022323,
      "CMS": 2.4875790995936238,
      "LHCb": 2.687774181365967,
      "total": 2.283360719680786
    }
  },
  "9200": {
    "training_loss": 7994.89599609375,
    "validation_loss": [
      2661.534423828125
    ],
    "validation_chi2s": {
      "DEUTERON": 2.07523144774176,
      "NMC": 2.8859674790326286,
      "NUCLEAR": 1.683642333984375,
      "HERACOMB": 2.3751288519965277,
      "DYE886": 2.469015121459961,
      "CDF": 1.9017633710588728,
      "D0": 2.165589714050293,
      "ATLAS": 2.690074462890625,
      "CMS": 2.4753410585464968,
      "LHCb": 2.578754425048828,
      "total": 2.2593531608581543
    }
  },
  "9300": {
    "training_loss": 8080.04638671875,
    "validation_loss": [
      2654.942138671875
    ],
    "validation_chi2s": {
      "DEUTERON": 2.1046608692377955,
      "NMC": 3.0727051379633883,
      "NUCLEAR": 1.6701705322265625,
      "HERACOMB": 2.3461650773590685,
      "DYE886": 2.646566217595881,
      "CDF": 2.009152821132115,
      "D0": 2.063348960876465,
      "ATLAS": 2.5353036063058036,
      "CMS": 2.544836228893649,
      "LHCb": 2.7362217903137207,
      "total": 2.253763198852539
    }
  },
  "9400": {
    "training_loss": 7998.22314453125,
    "validation_loss": [
      2647.5517578125
    ],
    "validation_chi2s": {
      "DEUTERON": 2.0396851496909982,
      "NMC": 2.902983123180913,
      "NUCLEAR": 1.674253173828125,
      "HERACOMB": 2.389280032488256,
      "DYE886": 2.5623144669966265,
      "CDF": 1.8944267545427596,
      "D0": 2.104960632324219,
      "ATLAS": 2.6383356584821427,
      "CMS": 2.4549631918630292,
      "LHCb": 2.573146104812622,
      "total": 2.24690842628479
    }
  },
  "9500": {
    "training_loss": 7999.08349609375,
    "validation_loss": [
      2664.828125
    ],
    "validation_chi2s": {
      "DEUTERON": 2.070406785651819,
      "NMC": 2.884461346794577,
      "NUCLEAR": 1.693765625,
      "HERACOMB": 2.385363609962214,
      "DYE886": 2.519607197154652,
      "CDF": 1.8625823429652624,
      "D0": 2.1859426498413086,
      "ATLAS": 2.6806131417410715,
      "CMS": 2.4693015313917592,
      "LHCb": 2.5800085067749023,
      "total": 2.2621490955352783
    }
  },
  "9600": {
    "training_loss": 8640.62939453125,
    "validation_loss": [
      2683.937255859375
    ],
    "validation_chi2s": {
      "DEUTERON": 2.146496824957245,
      "NMC": 3.1534785850375306,
      "NUCLEAR": 1.6811258544921874,
      "HERACOMB": 2.3649521372676676,
      "DYE886": 2.6951316486705434,
      "CDF": 2.0637712478637695,
      "D0": 2.3452503204345705,
      "ATLAS": 2.604134521484375,
      "CMS": 2.494266140845514,
      "LHCb": 2.6718716621398926,
      "total": 2.2783823013305664
    }
  },
  "9700": {
    "training_loss": 7983.083984375,
    "validation_loss": [
      2659.50390625
    ],
    "validation_chi2s": {
      "DEUTERON": 2.0478006998697915,
      "NMC": 2.8632588106043197,
      "NUCLEAR": 1.6861881103515626,
      "HERACOMB": 2.400350732741013,
      "DYE886": 2.5053095384077593,
      "CDF": 1.8835445131574358,
      "D0": 2.2496192932128904,
      "ATLAS": 2.659416678292411,
      "CMS": 2.4817637781943045,
      "LHCb": 2.542909860610962,
      "total": 2.2572124004364014
    }
  },
  "9800": {
    "training_loss": 8005.9140625,
    "validation_loss": [
      2658.114013671875
    ],
    "validation_chi2s": {
      "DEUTERON": 2.080270795679804,
      "NMC": 2.9314045625574447,
      "NUCLEAR": 1.66675146484375,
      "HERACOMB": 2.376224293428309,
      "DYE886": 2.670625686645508,
      "CDF": 1.9329880305698939,
      "D0": 2.226979637145996,
      "ATLAS": 2.638326241629464,
      "CMS": 2.4652015932144655,
      "LHCb": 2.6473309993743896,
      "total": 2.2564597129821777
    }
  },
  "9900": {
    "training_loss": 7987.10009765625,
    "validation_loss": [
      2657.52587890625
    ],
    "validation_chi2s": {
      "DEUTERON": 2.046146525672419,
      "NMC": 2.8450960645488665,
      "NUCLEAR": 1.67544873046875,
      "HERACOMB": 2.4143331689772265,
      "DYE886": 2.5849349282004614,
      "CDF": 1.867591176714216,
      "D0": 2.2529151916503904,
      "ATLAS": 2.656195765904018,
      "CMS": 2.4552048713930192,
      "LHCb": 2.5251829624176025,
      "total": 2.2551610469818115
    }
  },
  "10000": {
    "training_loss": 8015.3017578125,
    "validation_loss": [
      2675.491943359375
    ],
    "validation_chi2s": {
      "DEUTERON": 2.1388947596004355,
      "NMC": 3.166115854300705,
      "NUCLEAR": 1.67877783203125,
      "HERACOMB": 2.332763671875,
      "DYE886": 2.6053123474121094,
      "CDF": 1.9337502888270788,
      "D0": 2.2211307525634765,
      "ATLAS": 2.6734981863839287,
      "CMS": 2.460790818737399,
      "LHCb": 2.6405773162841797,
      "total": 2.2711997032165527
    }
  },
  "10100": {
    "training_loss": 8164.29345703125,
    "validation_loss": [
      2666.80419921875
    ],
    "validation_chi2s": {
      "DEUTERON": 2.060285729555348,
      "NMC": 3.0205691468481923,
      "NUCLEAR": 1.6927901611328124,
      "HERACOMB": 2.3352208355673,
      "DYE886": 2.4943497397682886,
      "CDF": 1.8586747305733817,
      "D0": 2.2103143692016602,
      "ATLAS": 2.7747745186941963,
      "CMS": 2.433966852003528,
      "LHCb": 2.607905387878418,
      "total": 2.2638213634490967
    }
  },
  "10200": {
    "training_loss": 8355.353515625,
    "validation_loss": [
      2669.02783203125
    ],
    "validation_chi2s": {
      "DEUTERON": 2.0634214486648785,
      "NMC": 2.900858860389859,
      "NUCLEAR": 1.672493896484375,
      "HERACOMB": 2.422897438597835,
      "DYE886": 2.5808323946866123,
      "CDF": 2.0019540786743164,
      "D0": 2.3154071807861327,
      "ATLAS": 2.649415108816964,
      "CMS": 2.4709684310420865,
      "LHCb": 2.5779542922973633,
      "total": 2.265458583831787
    }
  },
  "10300": {
    "training_loss": 8050.15478515625,
    "validation_loss": [
      2660.79736328125
    ],
    "validation_chi2s": {
      "DEUTERON": 2.022684125757929,
      "NMC": 2.921803493125766,
      "NUCLEAR": 1.679841064453125,
      "HERACOMB": 2.4040228151807597,
      "DYE886": 2.8297283866188745,
      "CDF": 1.9464987346104212,
      "D0": 2.3693872451782227,
      "ATLAS": 2.6342574637276788,
      "CMS": 2.4730724211662047,
      "LHCb": 2.554314613342285,
      "total": 2.2581748962402344
    }
  },
  "10400": {
    "training_loss": 7963.572265625,
    "validation_loss": [
      2652.765869140625
    ],
    "validation_chi2s": {
      "DEUTERON": 2.0501549564190764,
      "NMC": 2.834005916819853,
      "NUCLEAR": 1.6714398193359374,
      "HERACOMB": 2.418820050806781,
      "DYE886": 2.4478343616832388,
      "CDF": 1.857696533203125,
      "D0": 2.19738655090332,
      "ATLAS": 2.5593270438058036,
      "CMS": 2.5597817205613658,
      "LHCb": 2.577035665512085,
      "total": 2.250615358352661
    }
  },
  "10500": {
    "training_loss": 7979.1533203125,
    "validation_loss": [
      2662.356689453125
    ],
    "validation_chi2s": {
      "DEUTERON": 2.1116732317416824,
      "NMC": 3.101676192938113,
      "NUCLEAR": 1.667638916015625,
      "HERACOMB": 2.3627490872651142,
      "DYE886": 2.752388694069602,
      "CDF": 2.00227233341762,
      "D0": 2.286748504638672,
      "ATLAS": 2.5404839215959822,
      "CMS": 2.518155990108367,
      "LHCb": 2.673161745071411,
      "total": 2.2600643634796143
    }
  },
  "10600": {
    "training_loss": 8196.95556640625,
    "validation_loss": [
      2646.42138671875
    ],
    "validation_chi2s": {
      "DEUTERON": 2.0683236952444806,
      "NMC": 2.950442445044424,
      "NUCLEAR": 1.6714072265625,
      "HERACOMB": 2.3558391496246935,
      "DYE886": 2.481225620616566,
      "CDF": 1.8826830727713448,
      "D0": 2.126031494140625,
      "ATLAS": 2.603797433035714,
      "CMS": 2.5197628390404487,
      "LHCb": 2.6354176998138428,
      "total": 2.246535301208496
    }
  },
  "10700": {
    "training_loss": 7975.779296875,
    "validation_loss": [
      2660.650146484375
    ],
    "validation_chi2s": {
      "DEUTERON": 2.013509721898321,
      "NMC": 2.8033175000957415,
      "NUCLEAR": 1.6789459228515624,
      "HERACOMB": 2.4442312203201593,
      "DYE886": 2.5332423123446377,
      "CDF": 1.8619515555245536,
      "D0": 2.244944190979004,
      "ATLAS": 2.605744454520089,
      "CMS": 2.5292415003622732,
      "LHCb": 2.5763797760009766,
      "total": 2.2569148540496826
    }
  },
  "10800": {
    "training_loss": 7973.90625,
    "validation_loss": [
      2648.302001953125
    ],
    "validation_chi2s": {
      "DEUTERON": 2.028908952551695,
      "NMC": 2.845068239698223,
      "NUCLEAR": 1.67641845703125,
      "HERACOMB": 2.39619375989328,
      "DYE886": 2.427390705455433,
      "CDF": 1.8607090541294642,
      "D0": 2.175981140136719,
      "ATLAS": 2.6552017647879462,
      "CMS": 2.4855792137884323,
      "LHCb": 2.538577079772949,
      "total": 2.2474896907806396
    }
  },
  "10900": {
    "training_loss": 7995.12451171875,
    "validation_loss": [
      2650.64404296875
    ],
    "validation_chi2s": {
      "DEUTERON": 2.054035395532105,
      "NMC": 2.956036735983456,
      "NUCLEAR": 1.6787884521484375,
      "HERACOMB": 2.3715949962341707,
      "DYE886": 2.4792131944136186,
      "CDF": 1.8637207576206751,
      "D0": 2.221434211730957,
      "ATLAS": 2.6185287039620535,
      "CMS": 2.496459468718498,
      "LHCb": 2.6250929832458496,
      "total": 2.2501134872436523
    }
  },
  "11000": {
    "training_loss": 8009.60498046875,
    "validation_loss": [
      2639.599853515625
    ],
    "validation_chi2s": {
      "DEUTERON": 2.0494460679998445,
      "NMC": 2.9331602208754597,
      "NUCLEAR": 1.6746094970703125,
      "HERACOMB": 2.36634756848703,
      "DYE886": 2.4849999167702417,
      "CDF": 1.9581990923200334,
      "D0": 2.1215028762817383,
      "ATLAS": 2.637591029575893,
      "CMS": 2.4508472565681703,
      "LHCb": 2.506115436553955,
      "total": 2.2407100200653076
    }
  },
  "11100": {
    "training_loss": 8172.75439453125,
    "validation_loss": [
      2660.080078125
    ],
    "validation_chi2s": {
      "DEUTERON": 2.0768505494986007,
      "NMC": 2.9676839791092218,
      "NUCLEAR": 1.6691092529296876,
      "HERACOMB": 2.3663164525250204,
      "DYE886": 2.5203801935369317,
      "CDF": 1.980743680681501,
      "D0": 2.0755809783935546,
      "ATLAS": 2.638118896484375,
      "CMS": 2.5166170673985637,
      "LHCb": 2.6907756328582764,
      "total": 2.2581276893615723
    }
  },
  "11200": {
    "training_loss": 7982.0166015625,
    "validation_loss": [
      2653.41845703125
    ],
    "validation_chi2s": {
      "DEUTERON": 2.0228503782357743,
      "NMC": 2.8369891596775427,
      "NUCLEAR": 1.67379833984375,
      "HERACOMB": 2.409939635033701,
      "DYE886": 2.5450175892223013,
      "CDF": 1.883568355015346,
      "D0": 2.1497217178344727,
      "ATLAS": 2.623686349051339,
      "CMS": 2.5176782915669103,
      "LHCb": 2.604945182800293,
      "total": 2.251730442047119
    }
  },
  "11300": {
    "training_loss": 7966.36328125,
    "validation_loss": [
      2666.239990234375
    ],
    "validation_chi2s": {
      "DEUTERON": 2.140994095683691,
      "NMC": 3.1523114372702206,
      "NUCLEAR": 1.6569122314453124,
      "HERACOMB": 2.3530744166156046,
      "DYE886": 2.748898246071555,
      "CDF": 2.133178847176688,
      "D0": 2.1887874603271484,
      "ATLAS": 2.4955503627232143,
      "CMS": 2.5709580452211442,
      "LHCb": 2.7514045238494873,
      "total": 2.263359308242798
    }
  },
  "11400": {
    "training_loss": 10838.9892578125,
    "validation_loss": [
      2647.5927734375
    ],
    "validation_chi2s": {
      "DEUTERON": 2.0398480619364117,
      "NMC": 2.992045383827359,
      "NUCLEAR": 1.680516357421875,
      "HERACOMB": 2.3537396200342116,
      "DYE886": 2.5480951829390093,
      "CDF": 1.9053524562290736,
      "D0": 1.9873882293701173,
      "ATLAS": 2.6726796177455356,
      "CMS": 2.4572465958133822,
      "LHCb": 2.5914230346679688,
      "total": 2.2475292682647705
    }
  },
  "11500": {
    "training_loss": 7982.740234375,
    "validation_loss": [
      2658.943359375
    ],
    "validation_chi2s": {
      "DEUTERON": 2.073225030851601,
      "NMC": 3.0993978462967218,
      "NUCLEAR": 1.667492919921875,
      "HERACOMB": 2.3604975681678924,
      "DYE886": 2.8044334758411753,
      "CDF": 1.960803849356515,
      "D0": 2.061931037902832,
      "ATLAS": 2.5361460658482144,
      "CMS": 2.5491020448746218,
      "LHCb": 2.7815775871276855,
      "total": 2.257164716720581
    }
  },
  "11600": {
    "training_loss": 7974.943359375,
    "validation_loss": [
      2658.232666015625
    ],
    "validation_chi2s": {
      "DEUTERON": 2.068311852602223,
      "NMC": 3.054567823223039,
      "NUCLEAR": 1.6678092041015624,
      "HERACOMB": 2.3629962198095384,
      "DYE886": 2.813355705954812,
      "CDF": 1.9732275009155273,
      "D0": 2.141915702819824,
      "ATLAS": 2.5708865792410713,
      "CMS": 2.5215048020885837,
      "LHCb": 2.7184526920318604,
      "total": 2.2565624713897705
    }
  },
  "11700": {
    "training_loss": 7971.486328125,
    "validation_loss": [
      2650.26171875
    ],
    "validation_chi2s": {
      "DEUTERON": 2.1243448589571674,
      "NMC": 3.0919210396560968,
      "NUCLEAR": 1.643430908203125,
      "HERACOMB": 2.3492198270909928,
      "DYE886": 2.736613533713601,
      "CDF": 2.112790652683803,
      "D0": 1.99194393157959,
      "ATLAS": 2.4486832101004463,
      "CMS": 2.6059090398973033,
      "LHCb": 2.7903873920440674,
      "total": 2.249795913696289
    }
  },
  "11800": {
    "training_loss": 7984.53125,
    "validation_loss": [
      2651.150390625
    ],
    "validation_chi2s": {
      "DEUTERON": 2.072948095217273,
      "NMC": 3.045852960324755,
      "NUCLEAR": 1.6534476318359375,
      "HERACOMB": 2.362484003204146,
      "DYE886": 2.9215497103604404,
      "CDF": 2.038255419049944,
      "D0": 2.108559417724609,
      "ATLAS": 2.5027830287388393,
      "CMS": 2.571532710905998,
      "LHCb": 2.6975793838500977,
      "total": 2.2505011558532715
    }
  },
  "11900": {
    "training_loss": 8015.5712890625,
    "validation_loss": [
      2663.337158203125
    ],
    "validation_chi2s": {
      "DEUTERON": 2.119983730031483,
      "NMC": 3.2298583984375,
      "NUCLEAR": 1.654591064453125,
      "HERACOMB": 2.3458912170011232,
      "DYE886": 2.72643366726962,
      "CDF": 2.076716423034668,
      "D0": 2.1210371017456056,
      "ATLAS": 2.5187571498325894,
      "CMS": 2.55945316437752,
      "LHCb": 2.722592353820801,
      "total": 2.260896682739258
    }
  },
  "12000": {
    "training_loss": 7992.4794921875,
    "validation_loss": [
      2653.8935546875
    ],
    "validation_chi2s": {
      "DEUTERON": 2.128055705359919,
      "NMC": 3.149960985370711,
      "NUCLEAR": 1.6442801513671874,
      "HERACOMB": 2.337063259548611,
      "DYE886": 2.6803110296075996,
      "CDF": 2.124692235674177,
      "D0": 2.036758613586426,
      "ATLAS": 2.523796909877232,
      "CMS": 2.5502102759576615,
      "LHCb": 2.724893093109131,
      "total": 2.252880096435547
    }
  },
  "12100": {
    "training_loss": 7998.8447265625,
    "validation_loss": [
      2658.232421875
    ],
    "validation_chi2s": {
      "DEUTERON": 2.082774603544776,
      "NMC": 2.971736234777114,
      "NUCLEAR": 1.6497568359375,
      "HERACOMB": 2.3682657877604165,
      "DYE886": 2.5727691650390625,
      "CDF": 2.124373435974121,
      "D0": 2.031998062133789,
      "ATLAS": 2.6060020228794643,
      "CMS": 2.5461834323021675,
      "LHCb": 2.7293365001678467,
      "total": 2.256563901901245
    }
  },
  "12200": {
    "training_loss": 8004.4619140625,
    "validation_loss": [
      2655.46240234375
    ],
    "validation_chi2s": {
      "DEUTERON": 2.0486655164120804,
      "NMC": 2.900674258961397,
      "NUCLEAR": 1.6592291259765626,
      "HERACOMB": 2.3716534383935866,
      "DYE886": 2.4959040555087,
      "CDF": 2.0113222939627513,
      "D0": 1.973404312133789,
      "ATLAS": 2.6953939383370535,
      "CMS": 2.5031120546402468,
      "LHCb": 2.6377992630004883,
      "total": 2.2542123794555664
    }
  },
  "12300": {
    "training_loss": 8034.376953125,
    "validation_loss": [
      2667.841796875
    ],
    "validation_chi2s": {
      "DEUTERON": 1.988687847384173,
      "NMC": 2.900070788813572,
      "NUCLEAR": 1.68980322265625,
      "HERACOMB": 2.3673875596788196,
      "DYE886": 2.5128293470902876,
      "CDF": 1.968381472996303,
      "D0": 2.0282569885253907,
      "ATLAS": 2.873786446707589,
      "CMS": 2.421173095703125,
      "LHCb": 2.525926351547241,
      "total": 2.2646965980529785
    }
  },
  "12400": {
    "training_loss": 8009.580078125,
    "validation_loss": [
      2653.7822265625
    ],
    "validation_chi2s": {
      "DEUTERON": 2.0340676378847946,
      "NMC": 2.879480997721354,
      "NUCLEAR": 1.6572574462890626,
      "HERACOMB": 2.380083869485294,
      "DYE886": 2.5102556402033027,
      "CDF": 2.040787696838379,
      "D0": 1.9506071090698243,
      "ATLAS": 2.6906651088169644,
      "CMS": 2.5084280198620212,
      "LHCb": 2.632579803466797,
      "total": 2.2525405883789062
    }
  },
  "12500": {
    "training_loss": 8018.572265625,
    "validation_loss": [
      2644.680419921875
    ],
    "validation_chi2s": {
      "DEUTERON": 2.0804801675217663,
      "NMC": 3.0633057239008883,
      "NUCLEAR": 1.643916015625,
      "HERACOMB": 2.341378405203227,
      "DYE886": 2.720561807805842,
      "CDF": 2.1102255412510464,
      "D0": 2.016252326965332,
      "ATLAS": 2.5530043247767855,
      "CMS": 2.53289056593372,
      "LHCb": 2.724809169769287,
      "total": 2.2450597286224365
    }
  },
  "12600": {
    "training_loss": 8031.173828125,
    "validation_loss": [
      2639.91845703125
    ],
    "validation_chi2s": {
      "DEUTERON": 2.0554820198324784,
      "NMC": 2.9585613175934435,
      "NUCLEAR": 1.6563880615234374,
      "HERACOMB": 2.3563619376787175,
      "DYE886": 2.5113379738547583,
      "CDF": 2.0736643927437917,
      "D0": 2.020435333251953,
      "ATLAS": 2.6248495047433034,
      "CMS": 2.498837378717238,
      "LHCb": 2.5457968711853027,
      "total": 2.2409350872039795
    }
  },
  "12700": {
    "training_loss": 8030.162109375,
    "validation_loss": [
      2640.858642578125
    ],
    "validation_chi2s": {
      "DEUTERON": 2.066563392753032,
      "NMC": 3.000703400256587,
      "NUCLEAR": 1.6418497314453124,
      "HERACOMB": 2.374973272186479,
      "DYE886": 2.6964839588512075,
      "CDF": 2.139175687517439,
      "D0": 1.8857120513916015,
      "ATLAS": 2.529577113560268,
      "CMS": 2.5382382792811238,
      "LHCb": 2.628850221633911,
      "total": 2.2413532733917236
    }
  },
  "12800": {
    "training_loss": 8005.4248046875,
    "validation_loss": [
      2655.265380859375
    ],
    "validation_chi2s": {
      "DEUTERON": 2.0471027431203357,
      "NMC": 2.881370694029565,
      "NUCLEAR": 1.6515748291015624,
      "HERACOMB": 2.395022323708129,
      "DYE886": 2.5463104248046875,
      "CDF": 2.0302585874285017,
      "D0": 1.957603645324707,
      "ATLAS": 2.665234375,
      "CMS": 2.5086007887317288,
      "LHCb": 2.603104591369629,
      "total": 2.2536301612854004
    }
  },
  "12900": {
    "training_loss": 8003.95703125,
    "validation_loss": [
      2657.8876953125
    ],
    "validation_chi2s": {
      "DEUTERON": 2.03127489991449,
      "NMC": 2.865992228190104,
      "NUCLEAR": 1.6692161865234374,
      "HERACOMB": 2.412894454656863,
      "DYE886": 2.5734786987304688,
      "CDF": 2.096752302987235,
      "D0": 2.005010986328125,
      "ATLAS": 2.668419712611607,
      "CMS": 2.492342548985635,
      "LHCb": 2.469428062438965,
      "total": 2.2550859451293945
    }
  },
  "13000": {
    "training_loss": 8023.9609375,
    "validation_loss": [
      2649.083984375
    ],
    "validation_chi2s": {
      "DEUTERON": 2.0856182041452893,
      "NMC": 2.965463675704657,
      "NUCLEAR": 1.643603515625,
      "HERACOMB": 2.377664603439032,
      "DYE886": 2.630164926702326,
      "CDF": 2.164572170802525,
      "D0": 2.023456573486328,
      "ATLAS": 2.57013427734375,
      "CMS": 2.5198494695848033,
      "LHCb": 2.635366916656494,
      "total": 2.2484982013702393
    }
  },
  "13100": {
    "training_loss": 8168.96875,
    "validation_loss": [
      2660.482177734375
    ],
    "validation_chi2s": {
      "DEUTERON": 2.104258826716029,
      "NMC": 3.0768115473728552,
      "NUCLEAR": 1.660965087890625,
      "HERACOMB": 2.33680735070721,
      "DYE886": 2.593054164539684,
      "CDF": 2.1013031005859375,
      "D0": 2.1270683288574217,
      "ATLAS": 2.6499349539620534,
      "CMS": 2.5005820489698842,
      "LHCb": 2.607924222946167,
      "total": 2.258462905883789
    }
  },
  "13200": {
    "training_loss": 8029.0341796875,
    "validation_loss": [
      2664.299560546875
    ],
    "validation_chi2s": {
      "DEUTERON": 2.058724322722326,
      "NMC": 2.9438557344324447,
      "NUCLEAR": 1.6435816650390624,
      "HERACOMB": 2.372103024152369,
      "DYE886": 2.597986568104137,
      "CDF": 2.0690202713012695,
      "D0": 2.1688631057739256,
      "ATLAS": 2.686722935267857,
      "CMS": 2.528876027753276,
      "LHCb": 2.700636148452759,
      "total": 2.2616333961486816
    }
  },
  "13300": {
    "training_loss": 9163.8125,
    "validation_loss": [
      2678.1416015625
    ],
    "validation_chi2s": {
      "DEUTERON": 2.026884468040656,
      "NMC": 2.9388400807100186,
      "NUCLEAR": 1.6659317626953125,
      "HERACOMB": 2.384850994434232,
      "DYE886": 2.5541260459206323,
      "CDF": 1.9933107921055384,
      "D0": 2.1006982803344725,
      "ATLAS": 2.7957275390625,
      "CMS": 2.492129910376764,
      "LHCb": 2.658125162124634,
      "total": 2.2733609676361084
    }
  },
  "13400": {
    "training_loss": 8021.216796875,
    "validation_loss": [
      2678.6064453125
    ],
    "validation_chi2s": {
      "DEUTERON": 2.160123910476912,
      "NMC": 3.194684196920956,
      "NUCLEAR": 1.6507315673828125,
      "HERACOMB": 2.3412455639808005,
      "DYE886": 2.746188077059659,
      "CDF": 2.2263036455426897,
      "D0": 2.3640193939208984,
      "ATLAS": 2.5969091796875,
      "CMS": 2.516790082377772,
      "LHCb": 2.6939404010772705,
      "total": 2.2738585472106934
    }
  },
  "13500": {
    "training_loss": 8027.7490234375,
    "validation_loss": [
      2657.540771484375
    ],
    "validation_chi2s": {
      "DEUTERON": 2.095267680153918,
      "NMC": 2.943599027745864,
      "NUCLEAR": 1.6561356201171875,
      "HERACOMB": 2.357559503293505,
      "DYE886": 2.5933482430197974,
      "CDF": 2.1265489033290317,
      "D0": 2.1473012924194337,
      "ATLAS": 2.612796805245536,
      "CMS": 2.5568340670677925,
      "LHCb": 2.5737228393554688,
      "total": 2.2553293704986572
    }
  },
  "13600": {
    "training_loss": 8013.3681640625,
    "validation_loss": [
      2668.66845703125
    ],
    "validation_chi2s": {
      "DEUTERON": 2.0656445251768503,
      "NMC": 2.97539415546492,
      "NUCLEAR": 1.6674276123046874,
      "HERACOMB": 2.3551071266722836,
      "DYE886": 2.6260982860218394,
      "CDF": 2.0460232325962613,
      "D0": 2.079799842834473,
      "ATLAS": 2.707462158203125,
      "CMS": 2.513086626606603,
      "LHCb": 2.683742046356201,
      "total": 2.2654175758361816
    }
  },
  "13700": {
    "training_loss": 8105.046875,
    "validation_loss": [
      2684.318359375
    ],
    "validation_chi2s": {
      "DEUTERON": 2.201934662624378,
      "NMC": 3.2734527587890625,
      "NUCLEAR": 1.67687060546875,
      "HERACOMB": 2.325549156837214,
      "DYE886": 2.7417143041437324,
      "CDF": 2.1072801862444197,
      "D0": 2.0026371002197267,
      "ATLAS": 2.5766946847098215,
      "CMS": 2.520018054592994,
      "LHCb": 2.6702182292938232,
      "total": 2.2787067890167236
    }
  },
  "13800": {
    "training_loss": 8022.3505859375,
    "validation_loss": [
      2647.318359375
    ],
    "validation_chi2s": {
      "DEUTERON": 2.0841163141810477,
      "NMC": 2.9270908131318936,
      "NUCLEAR": 1.639931884765625,
      "HERACOMB": 2.3773630179610907,
      "DYE886": 2.702459682117809,
      "CDF": 2.1428676332746233,
      "D0": 1.980912208557129,
      "ATLAS": 2.611730259486607,
      "CMS": 2.4791983327557965,
      "LHCb": 2.5496819019317627,
      "total": 2.2461559772491455
    }
  },
  "13900": {
    "training_loss": 8000.4189453125,
    "validation_loss": [
      2654.347900390625
    ],
    "validation_chi2s": {
      "DEUTERON": 2.0663014881646453,
      "NMC": 2.949329750210631,
      "NUCLEAR": 1.6460023193359374,
      "HERACOMB": 2.376536849277471,
      "DYE886": 2.653546766801314,
      "CDF": 2.010142053876604,
      "D0": 1.9940488815307618,
      "ATLAS": 2.6593263462611607,
      "CMS": 2.482567571824597,
      "LHCb": 2.6335833072662354,
      "total": 2.2532665729522705
    }
  }
}