{
  "100": {
    "training_loss": 24491.609375,
    "validation_loss": [
      11215.455078125
    ],
    "validation_chi2s": {
      "DEUTERON": 9.899562247356965,
      "NMC": 3.9888987821691178,
      "NUCLEAR": 5.64674072265625,
      "HERACOMB": 6.414256775301267,
      "DYE886": 50.7283935546875,
      "CDF": 1.6620281764439173,
      "D0": 50.142236328125,
      "ATLAS": 11.756486372514205,
      "CMS": 6.877696959952998,
      "LHCb": 10.416969299316406,
      "total": 8.866907119750977
    }
  },
  "200": {
    "training_loss": 16446.0703125,
    "validation_loss": [
      7864.94384765625
    ],
    "validation_chi2s": {
      "DEUTERON": 5.999889468672263,
      "NMC": 2.3602092967313877,
      "NUCLEAR": 5.744578125,
      "HERACOMB": 3.8411937040441178,
      "DYE886": 44.93801602450284,
      "CDF": 0.8438092640468052,
      "D0": 63.919586181640625,
      "ATLAS": 7.373568448153409,
      "CMS": 3.9749415948138975,
      "LHCb": 6.923686504364014,
      "total": 6.4345173835754395
    }
  },
  "300": {
    "training_loss": 14967.0498046875,
    "validation_loss": [
      7435.1162109375
    ],
    "validation_chi2s": {
      "DEUTERON": 5.917386942241915,
      "NMC": 2.099935344621247,
      "NUCLEAR": 5.490111328125,
      "HERACOMB": 3.276216993144914,
      "DYE886": 41.3498008034446,
      "CDF": 0.9412561144147601,
      "D0": 67.7473388671875,
      "ATLAS": 6.562968860973012,
      "CMS": 3.6726307442517783,
      "LHCb": 7.612034797668457,
      "total": 6.040493011474609
    }
  },
  "400": {
    "training_loss": 10370.625,
    "validation_loss": [
      3978.671875
    ],
    "validation_chi2s": {
      "DEUTERON": 3.7832255956545398,
      "NMC": 1.6482717476639093,
      "NUCLEAR": 3.616063232421875,
      "HERACOMB": 2.820733961716197,
      "DYE886": 2.4167721488259057,
      "CDF": 0.7123633112226214,
      "D0": 14.020034790039062,
      "ATLAS": 3.8651514920321377,
      "CMS": 2.685640164507114,
      "LHCb": 4.430859565734863,
      "total": 3.3636624813079834
    }
  },
  "500": {
    "training_loss": 8328.189453125,
    "validation_loss": [
      2919.08203125
    ],
    "validation_chi2s": {
      "DEUTERON": 2.4041090628400963,
      "NMC": 1.7544044045840992,
      "NUCLEAR": 2.24703369140625,
      "HERACOMB": 2.418020410475388,
      "DYE886": 2.022602601484819,
      "CDF": 0.9485532215663365,
      "D0": 1.2399142265319825,
      "ATLAS": 2.8687527396462182,
      "CMS": 2.818215222862678,
      "LHCb": 3.2648379802703857,
      "total": 2.4566428661346436
    }
  },
  "600": {
    "training_loss": 8064.3046875,
    "validation_loss": [
      2858.6650390625
    ],
    "validation_chi2s": {
      "DEUTERON": 2.2379836656560945,
      "NMC": 1.8179213579963236,
      "NUCLEAR": 2.080713623046875,
      "HERACOMB": 2.364495769824857,
      "DYE886": 2.0997962951660156,
      "CDF": 0.944012096949986,
      "D0": 1.5073017120361327,
      "ATLAS": 2.913159803910689,
      "CMS": 2.9490207579077743,
      "LHCb": 3.341784954071045,
      "total": 2.4079134464263916
    }
  },
  "700": {
    "training_loss": 8049.74951171875,
    "validation_loss": [
      2810.677734375
    ],
    "validation_chi2s": {
      "DEUTERON": 2.182342529296875,
      "NMC": 1.8331110337201286,
      "NUCLEAR": 2.048936279296875,
      "HERACOMB": 2.369274862451491,
      "DYE886": 2.1417596990411933,
      "CDF": 1.0106378964015417,
      "D0": 0.9950406074523925,
      "ATLAS": 2.8352926427667793,
      "CMS": 2.911186156234121,
      "LHCb": 3.15580153465271,
      "total": 2.3697690963745117
    }
  },
  "800": {
    "training_loss": 8048.49755859375,
    "validation_loss": [
      2779.316162109375
    ],
    "validation_chi2s": {
      "DEUTERON": 2.1528967102961754,
      "NMC": 1.8366715674306833,
      "NUCLEAR": 2.0211611328125,
      "HERACOMB": 2.35810901916105,
      "DYE886": 2.1636841513893823,
      "CDF": 1.0849096434456962,
      "D0": 0.865498161315918,
      "ATLAS": 2.8004270033402876,
      "CMS": 2.8797766212525406,
      "LHCb": 3.078070640563965,
      "total": 2.3452553749084473
    }
  },
  "900": {
    "training_loss": 8027.34326171875,
    "validation_loss": [
      2770.664306640625
    ],
    "validation_chi2s": {
      "DEUTERON": 2.1442005669892725,
      "NMC": 1.8381878721947764,
      "NUCLEAR": 2.00237451171875,
      "HERACOMB": 2.349719078712214,
      "DYE886": 2.1468384482643823,
      "CDF": 1.1438196727207728,
      "D0": 0.9101446151733399,
      "ATLAS": 2.806112462824041,
      "CMS": 2.8886817994156506,
      "LHCb": 3.0671613216400146,
      "total": 2.3395678997039795
    }
  },
  "1000": {
    "training_loss": 8012.314453125,
    "validation_loss": [
      2765.192138671875
    ],
    "validation_chi2s": {
      "DEUTERON": 2.136431186353389,
      "NMC": 1.8412345437442554,
      "NUCLEAR": 1.9885595703125,
      "HERACOMB": 2.347842546849469,
      "DYE886": 2.141048778187145,
      "CDF": 1.2110229219709123,
      "D0": 0.9472208023071289,
      "ATLAS": 2.8126766898415307,
      "CMS": 2.8885177984470274,
      "LHCb": 3.0623719692230225,
      "total": 2.3363940715789795
    }
  },
  "1100": {
    "training_loss": 8005.44482421875,
    "validation_loss": [
      2759.98046875
    ],
    "validation_chi2s": {
      "DEUTERON": 2.1298119084752023,
      "NMC": 1.8435447543275123,
      "NUCLEAR": 1.97997314453125,
      "HERACOMB": 2.34507781384038,
      "DYE886": 2.1323720758611504,
      "CDF": 1.2692674909319197,
      "D0": 0.9589698791503907,
      "ATLAS": 2.8123787966641514,
      "CMS": 2.885797516117251,
      "LHCb": 3.065567970275879,
      "total": 2.332866668701172
    }
  },
  "1200": {
    "training_loss": 8000.640625,
    "validation_loss": [
      2756.65625
    ],
    "validation_chi2s": {
      "DEUTERON": 2.127784083731732,
      "NMC": 1.8437203799977022,
      "NUCLEAR": 1.9751048583984374,
      "HERACOMB": 2.3427656585094976,
      "DYE886": 2.1264976154674184,
      "CDF": 1.3186548777988978,
      "D0": 0.9644765853881836,
      "ATLAS": 2.8135641271417793,
      "CMS": 2.881885311467861,
      "LHCb": 3.0694470405578613,
      "total": 2.3309991359710693
    }
  },
  "1300": {
    "training_loss": 7997.30859375,
    "validation_loss": [
      2752.996337890625
    ],
    "validation_chi2s": {
      "DEUTERON": 2.1282700875505287,
      "NMC": 1.8431740555108762,
      "NUCLEAR": 1.9696209716796875,
      "HERACOMB": 2.3394097222222223,
      "DYE886": 2.11792009527033,
      "CDF": 1.3643602643694197,
      "D0": 0.96109037399292,
      "ATLAS": 2.8119544982910156,
      "CMS": 2.8789918480849845,
      "LHCb": 3.0715715885162354,
      "total": 2.328620433807373
    }
  },
  "1400": {
    "training_loss": 7993.880859375,
    "validation_loss": [
      2751.666259765625
    ],
    "validation_chi2s": {
      "DEUTERON": 2.1279111643928794,
      "NMC": 1.8448788511986827,
      "NUCLEAR": 1.96429833984375,
      "HERACOMB": 2.3396245420368667,
      "DYE886": 2.1101382862437856,
      "CDF": 1.4160686220441545,
      "D0": 0.9670826911926269,
      "ATLAS": 2.8138601129705254,
      "CMS": 2.874926807434578,
      "LHCb": 3.085613250732422,
      "total": 2.3280134201049805
    }
  },
  "1500": {
    "training_loss": 7991.330078125,
    "validation_loss": [
      2750.291015625
    ],
    "validation_chi2s": {
      "DEUTERON": 2.128289217972637,
      "NMC": 1.845425474877451,
      "NUCLEAR": 1.9601085205078126,
      "HERACOMB": 2.339733647365196,
      "DYE886": 2.1059736772017046,
      "CDF": 1.4574546813964844,
      "D0": 0.9704490661621094,
      "ATLAS": 2.8131283846768467,
      "CMS": 2.871319778566438,
      "LHCb": 3.0940542221069336,
      "total": 2.327180862426758
    }
  },
  "1600": {
    "training_loss": 7988.505859375,
    "validation_loss": [
      2749.45947265625
    ],
    "validation_chi2s": {
      "DEUTERON": 2.1297501141752178,
      "NMC": 1.8454372929591758,
      "NUCLEAR": 1.9574315185546876,
      "HERACOMB": 2.3390642552593954,
      "DYE886": 2.0995831923051314,
      "CDF": 1.4929231916155135,
      "D0": 0.9746255874633789,
      "ATLAS": 2.8154402646151455,
      "CMS": 2.8672105742663874,
      "LHCb": 3.097672462463379,
      "total": 2.3268303871154785
    }
  },
  "1700": {
    "training_loss": 7986.09130859375,
    "validation_loss": [
      2748.052001953125
    ],
    "validation_chi2s": {
      "DEUTERON": 2.1307004103020057,
      "NMC": 1.8447968726064645,
      "NUCLEAR": 1.9543668212890626,
      "HERACOMB": 2.3383404102200775,
      "DYE886": 2.0934952822598545,
      "CDF": 1.5222924096243722,
      "D0": 0.9784517288208008,
      "ATLAS": 2.818927764892578,
      "CMS": 2.861435060578633,
      "LHCb": 3.097438097000122,
      "total": 2.3261311054229736
    }
  },
  "1800": {
    "training_loss": 7983.98388671875,
    "validation_loss": [
      2746.429931640625
    ],
    "validation_chi2s": {
      "DEUTERON": 2.131391686586598,
      "NMC": 1.8440456016390931,
      "NUCLEAR": 1.9518109130859376,
      "HERACOMB": 2.3376905653211804,
      "DYE886": 2.0860526344992896,
      "CDF": 1.54564026423863,
      "D0": 0.9788812637329102,
      "ATLAS": 2.822315389459783,
      "CMS": 2.854780739885036,
      "LHCb": 3.0983123779296875,
      "total": 2.3253438472747803
    }
  },
  "1900": {
    "training_loss": 7981.9423828125,
    "validation_loss": [
      2745.40625
    ],
    "validation_chi2s": {
      "DEUTERON": 2.1323984630072297,
      "NMC": 1.8431944005629595,
      "NUCLEAR": 1.950130126953125,
      "HERACOMB": 2.3371139227175246,
      "DYE886": 2.07893198186701,
      "CDF": 1.557166644505092,
      "D0": 0.9762427330017089,
      "ATLAS": 2.8265718980269,
      "CMS": 2.848849164761179,
      "LHCb": 3.102248430252075,
      "total": 2.3250091075897217
    }
  },
  "2000": {
    "training_loss": 7980.7587890625,
    "validation_loss": [
      2743.82763671875
    ],
    "validation_chi2s": {
      "DEUTERON": 2.134495066173041,
      "NMC": 1.8418167712641698,
      "NUCLEAR": 1.9480654296875,
      "HERACOMB": 2.336575177759906,
      "DYE886": 2.0727174932306465,
      "CDF": 1.5717003686087472,
      "D0": 0.9790455818176269,
      "ATLAS": 2.8262427936900747,
      "CMS": 2.841420243426067,
      "LHCb": 3.1161530017852783,
      "total": 2.3242757320404053
    }
  },
  "2100": {
    "training_loss": 7976.79541015625,
    "validation_loss": [
      2743.78515625
    ],
    "validation_chi2s": {
      "DEUTERON": 2.136939053511738,
      "NMC": 1.842833724676394,
      "NUCLEAR": 1.9422601318359376,
      "HERACOMB": 2.3372932384216707,
      "DYE886": 2.0915407700972124,
      "CDF": 1.5784000669206892,
      "D0": 0.9860615730285645,
      "ATLAS": 2.8305140408602627,
      "CMS": 2.8441437511909298,
      "LHCb": 3.101062774658203,
      "total": 2.3246548175811768
    }
  },
  "2200": {
    "training_loss": 7972.27001953125,
    "validation_loss": [
      2743.12939453125
    ],
    "validation_chi2s": {
      "DEUTERON": 2.149448527625544,
      "NMC": 1.8334841260723038,
      "NUCLEAR": 1.9498468017578126,
      "HERACOMB": 2.322957556232128,
      "DYE886": 2.022236390547319,
      "CDF": 1.577566419328962,
      "D0": 0.9626798629760742,
      "ATLAS": 2.831589612093839,
      "CMS": 2.8424164066469766,
      "LHCb": 3.176051378250122,
      "total": 2.3247902393341064
    }
  },
  "2300": {
    "training_loss": 7970.09521484375,
    "validation_loss": [
      2741.50390625
    ],
    "validation_chi2s": {
      "DEUTERON": 2.1432762335782027,
      "NMC": 1.8380791159237133,
      "NUCLEAR": 1.94383740234375,
      "HERACOMB": 2.331706527011846,
      "DYE886": 2.0465930591930044,
      "CDF": 1.6239279338291712,
      "D0": 0.9551321029663086,
      "ATLAS": 2.8281034989790483,
      "CMS": 2.8323361776708587,
      "LHCb": 3.1502132415771484,
      "total": 2.323324680328369
    }
  },
  "2400": {
    "training_loss": 7966.185546875,
    "validation_loss": [
      2741.662841796875
    ],
    "validation_chi2s": {
      "DEUTERON": 2.1504577333061254,
      "NMC": 1.8356953041226256,
      "NUCLEAR": 1.947573486328125,
      "HERACOMB": 2.3259939555249183,
      "DYE886": 2.0278885581276636,
      "CDF": 1.6368604387555803,
      "D0": 0.942293357849121,
      "ATLAS": 2.824586521495472,
      "CMS": 2.833941203791921,
      "LHCb": 3.1705987453460693,
      "total": 2.3235702514648438
    }
  },
  "2500": {
    "training_loss": 7961.5146484375,
    "validation_loss": [
      2741.7001953125
    ],
    "validation_chi2s": {
      "DEUTERON": 2.1509932332964086,
      "NMC": 1.8372060738357843,
      "NUCLEAR": 1.9423280029296874,
      "HERACOMB": 2.3288691900914014,
      "DYE886": 2.0332247994162818,
      "CDF": 1.6673410960606165,
      "D0": 0.9290838241577148,
      "ATLAS": 2.8288354006680576,
      "CMS": 2.832133223370808,
      "LHCb": 3.155977964401245,
      "total": 2.323578119277954
    }
  },
  "2600": {
    "training_loss": 7957.732421875,
    "validation_loss": [
      2742.56396484375
    ],
    "validation_chi2s": {
      "DEUTERON": 2.1538120858111784,
      "NMC": 1.8363188201305913,
      "NUCLEAR": 1.941675537109375,
      "HERACOMB": 2.3292864631204044,
      "DYE886": 2.0263935435901987,
      "CDF": 1.6944667271205358,
      "D0": 0.9178025245666503,
      "ATLAS": 2.8287662159312856,
      "CMS": 2.831671738043064,
      "LHCb": 3.1739046573638916,
      "total": 2.3243567943573
    }
  },
  "2700": {
    "training_loss": 7954.54931640625,
    "validation_loss": [
      2742.20361328125
    ],
    "validation_chi2s": {
      "DEUTERON": 2.1582136011835353,
      "NMC": 1.8329723582548254,
      "NUCLEAR": 1.9395491943359375,
      "HERACOMB": 2.3295357897390727,
      "DYE886": 2.023060538552024,
      "CDF": 1.7100355965750558,
      "D0": 0.911063289642334,
      "ATLAS": 2.8268389268354936,
      "CMS": 2.8320210774739585,
      "LHCb": 3.1692254543304443,
      "total": 2.3241710662841797
    }
  },
  "2800": {
    "training_loss": 7951.583984375,
    "validation_loss": [
      2743.34912109375
    ],
    "validation_chi2s": {
      "DEUTERON": 2.1585239391421798,
      "NMC": 1.8340054680319393,
      "NUCLEAR": 1.9398819580078126,
      "HERACOMB": 2.3302107667611316,
      "DYE886": 2.013406580144709,
      "CDF": 1.7401681627546037,
      "D0": 0.9083807945251465,
      "ATLAS": 2.8327281258322974,
      "CMS": 2.825580627937627,
      "LHCb": 3.189539670944214,
      "total": 2.3252499103546143
    }
  },
  "2900": {
    "training_loss": 7949.23095703125,
    "validation_loss": [
      2742.826171875
    ],
    "validation_chi2s": {
      "DEUTERON": 2.161348712978078,
      "NMC": 1.831865348067938,
      "NUCLEAR": 1.9385390625,
      "HERACOMB": 2.3305793712341707,
      "DYE886": 2.008942864157937,
      "CDF": 1.7536212376185827,
      "D0": 0.9064713478088379,
      "ATLAS": 2.8334924524480645,
      "CMS": 2.8227586203474337,
      "LHCb": 3.178640604019165,
      "total": 2.324953556060791
    }
  },
  "3000": {
    "training_loss": 7947.32666015625,
    "validation_loss": [
      2742.2021484375
    ],
    "validation_chi2s": {
      "DEUTERON": 2.162733239320973,
      "NMC": 1.830091588637408,
      "NUCLEAR": 1.9365635986328125,
      "HERACOMB": 2.3300603729447507,
      "DYE886": 1.9945900656960227,
      "CDF": 1.7714973177228654,
      "D0": 0.9022087097167969,
      "ATLAS": 2.835321773182262,
      "CMS": 2.8207546327172257,
      "LHCb": 3.1838011741638184,
      "total": 2.3245654106140137
    }
  },
  "3100": {
    "training_loss": 7945.93115234375,
    "validation_loss": [
      2741.6435546875
    ],
    "validation_chi2s": {
      "DEUTERON": 2.166953015683302,
      "NMC": 1.8267436308019303,
      "NUCLEAR": 1.9359027099609376,
      "HERACOMB": 2.3303689395680145,
      "DYE886": 1.987902207808061,
      "CDF": 1.7775656836373466,
      "D0": 0.9016674041748047,
      "ATLAS": 2.8332916606556284,
      "CMS": 2.818727322710239,
      "LHCb": 3.1759588718414307,
      "total": 2.324259042739868
    }
  },
  "3200": {
    "training_loss": 7943.39404296875,
    "validation_loss": [
      2742.179443359375
    ],
    "validation_chi2s": {
      "DEUTERON": 2.1684480733539333,
      "NMC": 1.8258022233551623,
      "NUCLEAR": 1.93593896484375,
      "HERACOMB": 2.331832187627655,
      "DYE886": 1.967480399391868,
      "CDF": 1.7839569364275252,
      "D0": 0.8995694160461426,
      "ATLAS": 2.831816239790483,
      "CMS": 2.821235718765879,
      "LHCb": 3.1848108768463135,
      "total": 2.324781894683838
    }
  },
  "3300": {
    "training_loss": 7941.0263671875,
    "validation_loss": [
      2742.235107421875
    ],
    "validation_chi2s": {
      "DEUTERON": 2.17028125364389,
      "NMC": 1.825316634832644,
      "NUCLEAR": 1.9326927490234376,
      "HERACOMB": 2.329015993604473,
      "DYE886": 1.9622983065518467,
      "CDF": 1.8060057503836495,
      "D0": 0.901548957824707,
      "ATLAS": 2.8445186614990234,
      "CMS": 2.8168071963922765,
      "LHCb": 3.1833889484405518,
      "total": 2.325100898742676
    }
  },
  "3400": {
    "training_loss": 7939.0634765625,
    "validation_loss": [
      2741.2939453125
    ],
    "validation_chi2s": {
      "DEUTERON": 2.177644188724347,
      "NMC": 1.8176636041379441,
      "NUCLEAR": 1.9320042724609374,
      "HERACOMB": 2.3294605928308822,
      "DYE886": 1.953322323885831,
      "CDF": 1.8046962193080358,
      "D0": 0.9020965576171875,
      "ATLAS": 2.832245566628196,
      "CMS": 2.824227433863694,
      "LHCb": 3.1718673706054688,
      "total": 2.3244526386260986
    }
  },
  "3500": {
    "training_loss": 7937.71826171875,
    "validation_loss": [
      2743.8251953125
    ],
    "validation_chi2s": {
      "DEUTERON": 2.180151944136738,
      "NMC": 1.816874335793888,
      "NUCLEAR": 1.935124267578125,
      "HERACOMB": 2.3318425596149917,
      "DYE886": 1.9475995844060725,
      "CDF": 1.827134677342006,
      "D0": 0.9037015914916993,
      "ATLAS": 2.8354873657226562,
      "CMS": 2.821854506081682,
      "LHCb": 3.181734085083008,
      "total": 2.326672077178955
    }
  },
  "3600": {
    "training_loss": 7934.54443359375,
    "validation_loss": [
      2741.29150390625
    ],
    "validation_chi2s": {
      "DEUTERON": 2.186270794465174,
      "NMC": 1.8108737421970742,
      "NUCLEAR": 1.928601806640625,
      "HERACOMB": 2.3260920904820264,
      "DYE886": 1.9288831190629439,
      "CDF": 1.824472291128976,
      "D0": 0.8931683540344239,
      "ATLAS": 2.8301157517866655,
      "CMS": 2.83618561039126,
      "LHCb": 3.1793949604034424,
      "total": 2.324753761291504
    }
  },
  "3700": {
    "training_loss": 7935.95068359375,
    "validation_loss": [
      2756.163330078125
    ],
    "validation_chi2s": {
      "DEUTERON": 2.155327336705146,
      "NMC": 1.843231201171875,
      "NUCLEAR": 1.94966748046875,
      "HERACOMB": 2.3569439657373366,
      "DYE886": 1.9285288724032315,
      "CDF": 1.9412828172956194,
      "D0": 0.9334149360656738,
      "ATLAS": 2.863539782437411,
      "CMS": 2.794598587160188,
      "LHCb": 3.2418277263641357,
      "total": 2.336735963821411
    }
  },
  "3800": {
    "training_loss": 7936.00244140625,
    "validation_loss": [
      2738.5205078125
    ],
    "validation_chi2s": {
      "DEUTERON": 2.1783690191620027,
      "NMC": 1.810529821059283,
      "NUCLEAR": 1.9262703857421875,
      "HERACOMB": 2.327774347043505,
      "DYE886": 1.9031604420055042,
      "CDF": 1.8417113167898995,
      "D0": 0.8694788932800293,
      "ATLAS": 2.8400632684881035,
      "CMS": 2.821384336890244,
      "LHCb": 3.17287278175354,
      "total": 2.3225173950195312
    }
  },
  "3900": {
    "training_loss": 7927.31103515625,
    "validation_loss": [
      2723.369140625
    ],
    "validation_chi2s": {
      "DEUTERON": 2.2262523138701025,
      "NMC": 1.7800430597043504,
      "NUCLEAR": 1.91930078125,
      "HERACOMB": 2.2964341905381946,
      "DYE886": 1.9749936190518467,
      "CDF": 1.611325400216239,
      "D0": 0.8120597839355469,
      "ATLAS": 2.7519269423051314,
      "CMS": 2.888568661077236,
      "LHCb": 3.0797741413116455,
      "total": 2.3105506896972656
    }
  },
  "4000": {
    "training_loss": 7939.0849609375,
    "validation_loss": [
      2726.02490234375
    ],
    "validation_chi2s": {
      "DEUTERON": 2.1703551942436254,
      "NMC": 1.8026888978247548,
      "NUCLEAR": 1.937122314453125,
      "HERACOMB": 2.309633541730494,
      "DYE886": 2.146895321932706,
      "CDF": 1.822007179260254,
      "D0": 1.0357589721679688,
      "ATLAS": 2.79217546636408,
      "CMS": 2.7828999341018803,
      "LHCb": 3.149280548095703,
      "total": 2.3124337196350098
    }
  },
  "4100": {
    "training_loss": 7932.25,
    "validation_loss": [
      2738.55712890625
    ],
    "validation_chi2s": {
      "DEUTERON": 2.1900490528315455,
      "NMC": 1.8041010837928921,
      "NUCLEAR": 1.92781298828125,
      "HERACOMB": 2.324166092218137,
      "DYE886": 1.9214503548362039,
      "CDF": 1.8621643611363001,
      "D0": 0.8675904273986816,
      "ATLAS": 2.8354063901034268,
      "CMS": 2.818788357866489,
      "LHCb": 3.170121192932129,
      "total": 2.3230273723602295
    }
  },
  "4200": {
    "training_loss": 7941.43701171875,
    "validation_loss": [
      2726.46435546875
    ],
    "validation_chi2s": {
      "DEUTERON": 2.173001872959422,
      "NMC": 1.8010500739602482,
      "NUCLEAR": 1.942924560546875,
      "HERACOMB": 2.3095108730341094,
      "DYE886": 2.1471729278564453,
      "CDF": 1.8010446003505163,
      "D0": 1.0874643325805664,
      "ATLAS": 2.7818338220769707,
      "CMS": 2.7831740960842226,
      "LHCb": 3.1470162868499756,
      "total": 2.3127553462982178
    }
  },
  "4300": {
    "training_loss": 7917.91748046875,
    "validation_loss": [
      2725.89892578125
    ],
    "validation_chi2s": {
      "DEUTERON": 2.243699410661536,
      "NMC": 1.7812212775735294,
      "NUCLEAR": 1.9208123779296875,
      "HERACOMB": 2.3024605146420547,
      "DYE886": 2.009780536998402,
      "CDF": 1.659811564854213,
      "D0": 0.9496248245239258,
      "ATLAS": 2.714942758733576,
      "CMS": 2.8916516807990345,
      "LHCb": 3.0910496711730957,
      "total": 2.3126726150512695
    }
  },
  "4400": {
    "training_loss": 40233.359375,
    "validation_loss": [
      213703.28125
    ],
    "validation_chi2s": {
      "DEUTERON": 1028.512360074627,
      "NMC": 2.6411300359987746,
      "NUCLEAR": 3.36391162109375,
      "HERACOMB": 3.305629755157271,
      "DYE886": 85.5652021928267,
      "CDF": 1.0645060539245605,
      "D0": 27.346710205078125,
      "ATLAS": 5.501406929709694,
      "CMS": 5.73034866457063,
      "LHCb": 32.12217330932617,
      "total": 181.3094482421875
    }
  },
  "4500": {
    "training_loss": 8102.2646484375,
    "validation_loss": [
      2799.26953125
    ],
    "validation_chi2s": {
      "DEUTERON": 2.1184466157979633,
      "NMC": 1.915418737074908,
      "NUCLEAR": 1.9789471435546875,
      "HERACOMB": 2.4359324336831087,
      "DYE886": 1.9610160480846057,
      "CDF": 2.273418835231236,
      "D0": 1.205015277862549,
      "ATLAS": 2.923994237726385,
      "CMS": 2.7182592376460875,
      "LHCb": 3.481762170791626,
      "total": 2.3727657794952393
    }
  },
  "4600": {
    "training_loss": 7931.9951171875,
    "validation_loss": [
      2759.578125
    ],
    "validation_chi2s": {
      "DEUTERON": 2.1566058865827116,
      "NMC": 1.8335595224417893,
      "NUCLEAR": 1.9565526123046875,
      "HERACOMB": 2.34909077563317,
      "DYE886": 1.8450150923295454,
      "CDF": 1.991157123020717,
      "D0": 0.9750792503356933,
      "ATLAS": 2.877711382779208,
      "CMS": 2.8048775525597054,
      "LHCb": 3.3056905269622803,
      "total": 2.339972496032715
    }
  },
  "4700": {
    "training_loss": 7923.58251953125,
    "validation_loss": [
      2763.537841796875
    ],
    "validation_chi2s": {
      "DEUTERON": 2.1798095703125,
      "NMC": 1.8408891266467524,
      "NUCLEAR": 1.9554913330078125,
      "HERACOMB": 2.3497599682776755,
      "DYE886": 1.8338777368718928,
      "CDF": 1.933220727103097,
      "D0": 0.8909045219421386,
      "ATLAS": 2.885865644975142,
      "CMS": 2.809840504716082,
      "LHCb": 3.2627830505371094,
      "total": 2.3435020446777344
    }
  },
  "4800": {
    "training_loss": 8052.29541015625,
    "validation_loss": [
      2718.29833984375
    ],
    "validation_chi2s": {
      "DEUTERON": 2.205827703523399,
      "NMC": 1.7809054804783242,
      "NUCLEAR": 1.9151475830078124,
      "HERACOMB": 2.3036487055759802,
      "DYE886": 2.0833974318070845,
      "CDF": 1.8250996725899833,
      "D0": 0.9107084274291992,
      "ATLAS": 2.745336879383434,
      "CMS": 2.841076858644563,
      "LHCb": 3.078824043273926,
      "total": 2.3062586784362793
    }
  },
  "4900": {
    "training_loss": 7939.892578125,
    "validation_loss": [
      2737.45751953125
    ],
    "validation_chi2s": {
      "DEUTERON": 2.150848540500622,
      "NMC": 1.8145711562212776,
      "NUCLEAR": 1.9435640869140625,
      "HERACOMB": 2.3164114359936683,
      "DYE886": 2.028417240489613,
      "CDF": 1.9664132254464286,
      "D0": 0.9548158645629883,
      "ATLAS": 2.8745248967950996,
      "CMS": 2.7557127417587655,
      "LHCb": 3.2327260971069336,
      "total": 2.322437286376953
    }
  },
  "5000": {
    "training_loss": 7926.2548828125,
    "validation_loss": [
      2734.9033203125
    ],
    "validation_chi2s": {
      "DEUTERON": 2.1495704461092973,
      "NMC": 1.8125,
      "NUCLEAR": 1.951018798828125,
      "HERACOMB": 2.3179981505948732,
      "DYE886": 2.082609523426403,
      "CDF": 1.904304368155343,
      "D0": 1.0598720550537108,
      "ATLAS": 2.824079686945135,
      "CMS": 2.7676768729357217,
      "LHCb": 3.259152889251709,
      "total": 2.3200888633728027
    }
  },
  "5100": {
    "training_loss": 568309.06640625,
    "validation_loss": [
      5773.6865234375
    ],
    "validation_chi2s": {
      "DEUTERON": 7.556448106148943,
      "NMC": 1.7202606201171875,
      "NUCLEAR": 2.34855029296875,
      "HERACOMB": 2.494198468775531,
      "DYE886": 37.33716930042613,
      "CDF": 1.5882857186453683,
      "D0": 5.1785228729248045,
      "ATLAS": 4.670238841663707,
      "CMS": 4.270010599275914,
      "LHCb": 16.610206604003906,
      "total": 4.855655193328857
    }
  },
  "5200": {
    "training_loss": 7948.78125,
    "validation_loss": [
      2745.39013671875
    ],
    "validation_chi2s": {
      "DEUTERON": 2.187210158922186,
      "NMC": 1.807795805089614,
      "NUCLEAR": 1.9409688720703124,
      "HERACOMB": 2.333797679227941,
      "DYE886": 2.0473272150213067,
      "CDF": 1.9596029009137834,
      "D0": 0.9228316307067871,
      "ATLAS": 2.882455825805664,
      "CMS": 2.737537415047002,
      "LHCb": 3.1379029750823975,
      "total": 2.329066038131714
    }
  },
  "5300": {
    "training_loss": 7939.9697265625,
    "validation_loss": [
      2727.5234375
    ],
    "validation_chi2s": {
      "DEUTERON": 2.210533939190765,
      "NMC": 1.7765076581169577,
      "NUCLEAR": 1.928845947265625,
      "HERACOMB": 2.3036024305555554,
      "DYE886": 1.9468447945334695,
      "CDF": 1.7879289899553572,
      "D0": 0.9723338127136231,
      "ATLAS": 2.7929271351207388,
      "CMS": 2.8210823865440804,
      "LHCb": 3.1414849758148193,
      "total": 2.3142430782318115
    }
  },
  "5400": {
    "training_loss": 7935.302734375,
    "validation_loss": [
      2739.624267578125
    ],
    "validation_chi2s": {
      "DEUTERON": 2.1808939312227924,
      "NMC": 1.8097065944297641,
      "NUCLEAR": 1.9471253662109376,
      "HERACOMB": 2.3227046393101514,
      "DYE886": 1.8363460193980823,
      "CDF": 1.8488476616995675,
      "D0": 0.7879026412963868,
      "ATLAS": 2.83931489424272,
      "CMS": 2.805103333015752,
      "LHCb": 3.2446987628936768,
      "total": 2.324262857437134
    }
  },
  "5500": {
    "training_loss": 7923.80517578125,
    "validation_loss": [
      2757.254638671875
    ],
    "validation_chi2s": {
      "DEUTERON": 2.210436768792755,
      "NMC": 1.7993801341337317,
      "NUCLEAR": 1.947639892578125,
      "HERACOMB": 2.336715000127655,
      "DYE886": 1.8093910217285156,
      "CDF": 1.88156373160226,
      "D0": 0.8258353233337402,
      "ATLAS": 2.8688377033580434,
      "CMS": 2.8195398842416157,
      "LHCb": 3.2734720706939697,
      "total": 2.33931827545166
    }
  },
  "5600": {
    "training_loss": 7945.7763671875,
    "validation_loss": [
      2748.035400390625
    ],
    "validation_chi2s": {
      "DEUTERON": 2.148292048060479,
      "NMC": 1.8376185099283855,
      "NUCLEAR": 1.943982177734375,
      "HERACOMB": 2.3429559445848653,
      "DYE886": 1.94743503223766,
      "CDF": 1.9753101893833704,
      "D0": 0.7967268943786621,
      "ATLAS": 2.913857199928977,
      "CMS": 2.745588349133003,
      "LHCb": 3.2018744945526123,
      "total": 2.331162691116333
    }
  },
  "5700": {
    "training_loss": 7934.951171875,
    "validation_loss": [
      2753.653564453125
    ],
    "validation_chi2s": {
      "DEUTERON": 2.156090731644512,
      "NMC": 1.8237701116823684,
      "NUCLEAR": 1.9526761474609375,
      "HERACOMB": 2.3465139351639093,
      "DYE886": 1.830055063421076,
      "CDF": 1.9238027845110213,
      "D0": 0.8095027923583984,
      "ATLAS": 2.9092112454501065,
      "CMS": 2.7718776299701475,
      "LHCb": 3.2733209133148193,
      "total": 2.3362648487091064
    }
  },
  "5800": {
    "training_loss": 7967.0,
    "validation_loss": [
      2725.55517578125
    ],
    "validation_chi2s": {
      "DEUTERON": 2.185671526401197,
      "NMC": 1.787504607555913,
      "NUCLEAR": 1.938073974609375,
      "HERACOMB": 2.30999715967116,
      "DYE886": 1.9055281552401455,
      "CDF": 1.8525362014770508,
      "D0": 0.9675350189208984,
      "ATLAS": 2.783494082364169,
      "CMS": 2.797195310515117,
      "LHCb": 3.2511632442474365,
      "total": 2.312743663787842
    }
  },
  "5900": {
    "training_loss": 7928.31982421875,
    "validation_loss": [
      2761.912841796875
    ],
    "validation_chi2s": {
      "DEUTERON": 2.1408226810284514,
      "NMC": 1.846937890146293,
      "NUCLEAR": 1.957308349609375,
      "HERACOMB": 2.379479701222937,
      "DYE886": 1.8472888252951882,
      "CDF": 2.017700331551688,
      "D0": 0.8482934951782226,
      "ATLAS": 2.8928902365944604,
      "CMS": 2.7610391756383383,
      "LHCb": 3.303614377975464,
      "total": 2.3426709175109863
    }
  },
  "6000": {
    "training_loss": 7935.75537109375,
    "validation_loss": [
      2739.8671875
    ],
    "validation_chi2s": {
      "DEUTERON": 2.1597323441386815,
      "NMC": 1.8196722292432599,
      "NUCLEAR": 1.936184326171875,
      "HERACOMB": 2.322921852660335,
      "DYE886": 1.944770639592951,
      "CDF": 2.0646162033081055,
      "D0": 0.8527509689331054,
      "ATLAS": 2.9279965487393467,
      "CMS": 2.7085050257240852,
      "LHCb": 3.2175936698913574,
      "total": 2.3251025676727295
    }
  },
  "6100": {
    "training_loss": 7962.1416015625,
    "validation_loss": [
      2735.218994140625
    ],
    "validation_chi2s": {
      "DEUTERON": 2.1805013020833335,
      "NMC": 1.7897202734853708,
      "NUCLEAR": 1.93049267578125,
      "HERACOMB": 2.308642618017259,
      "DYE886": 1.9419260892001065,
      "CDF": 1.9173645292009627,
      "D0": 0.8647620201110839,
      "ATLAS": 2.907024383544922,
      "CMS": 2.7474876341780994,
      "LHCb": 3.16776180267334,
      "total": 2.3211896419525146
    }
  },
  "6200": {
    "training_loss": 7932.345703125,
    "validation_loss": [
      2756.31494140625
    ],
    "validation_chi2s": {
      "DEUTERON": 2.1662672052335976,
      "NMC": 1.8404955396465226,
      "NUCLEAR": 1.955246826171875,
      "HERACOMB": 2.3463581558925655,
      "DYE886": 1.8175236095081677,
      "CDF": 1.8440634863717216,
      "D0": 0.7607345104217529,
      "ATLAS": 2.9144325256347656,
      "CMS": 2.766643245045732,
      "LHCb": 3.2791574001312256,
      "total": 2.338500738143921
    }
  },
  "6300": {
    "training_loss": 7965.04541015625,
    "validation_loss": [
      2728.104248046875
    ],
    "validation_chi2s": {
      "DEUTERON": 2.1667860040617226,
      "NMC": 1.8082309797698377,
      "NUCLEAR": 1.942412841796875,
      "HERACOMB": 2.331164391212214,
      "DYE886": 1.9271146600896663,
      "CDF": 1.8836514609200614,
      "D0": 0.7827953815460205,
      "ATLAS": 2.7906228845769707,
      "CMS": 2.785338363027185,
      "LHCb": 3.211601972579956,
      "total": 2.314610242843628
    }
  },
  "6400": {
    "training_loss": 7977.37890625,
    "validation_loss": [
      2728.8671875
    ],
    "validation_chi2s": {
      "DEUTERON": 2.1649135001263216,
      "NMC": 1.811876184800092,
      "NUCLEAR": 1.95791162109375,
      "HERACOMB": 2.316764083563113,
      "DYE886": 2.063489220359109,
      "CDF": 1.6465789249965124,
      "D0": 0.9738751411437988,
      "ATLAS": 2.786085995760831,
      "CMS": 2.7799717352642275,
      "LHCb": 3.2041730880737305,
      "total": 2.315317153930664
    }
  },
  "6500": {
    "training_loss": 7941.31591796875,
    "validation_loss": [
      2749.5986328125
    ],
    "validation_chi2s": {
      "DEUTERON": 2.1592554500446983,
      "NMC": 1.8190071255553002,
      "NUCLEAR": 1.953907958984375,
      "HERACOMB": 2.3308450536790235,
      "DYE886": 1.885239687832919,
      "CDF": 1.828326633998326,
      "D0": 0.8997139930725098,
      "ATLAS": 2.905450300736861,
      "CMS": 2.7390062285632624,
      "LHCb": 3.3973865509033203,
      "total": 2.33339524269104
    }
  },
  "6600": {
    "training_loss": 7943.06884765625,
    "validation_loss": [
      2761.6650390625
    ],
    "validation_chi2s": {
      "DEUTERON": 2.1864671090349037,
      "NMC": 1.8146585202684589,
      "NUCLEAR": 1.9380286865234375,
      "HERACOMB": 2.3600453894122753,
      "DYE886": 1.8398510326038708,
      "CDF": 1.957113402230399,
      "D0": 0.8022712707519531,
      "ATLAS": 2.9540543989701704,
      "CMS": 2.7467552123030994,
      "LHCb": 3.197085380554199,
      "total": 2.343785047531128
    }
  },
  "6700": {
    "training_loss": 7946.3232421875,
    "validation_loss": [
      2732.08154296875
    ],
    "validation_chi2s": {
      "DEUTERON": 2.198035244917988,
      "NMC": 1.7865661920285691,
      "NUCLEAR": 1.929405029296875,
      "HERACOMB": 2.311282288794424,
      "DYE886": 1.940785668113015,
      "CDF": 1.804905618940081,
      "D0": 1.0258219718933106,
      "ATLAS": 2.8607425689697266,
      "CMS": 2.758217664268928,
      "LHCb": 3.1508049964904785,
      "total": 2.318922519683838
    }
  },
  "6800": {
    "training_loss": 7954.06787109375,
    "validation_loss": [
      2731.6015625
    ],
    "validation_chi2s": {
      "DEUTERON": 2.195828414081934,
      "NMC": 1.7945547664866728,
      "NUCLEAR": 1.930980224609375,
      "HERACOMB": 2.3115240358838847,
      "DYE886": 2.0074071017178623,
      "CDF": 1.8610241753714425,
      "D0": 0.9183187484741211,
      "ATLAS": 2.832821932705966,
      "CMS": 2.763094274009146,
      "LHCb": 3.2347092628479004,
      "total": 2.318571090698242
    }
  },
  "6900": {
    "training_loss": 7949.521484375,
    "validation_loss": [
      2752.92578125
    ],
    "validation_chi2s": {
      "DEUTERON": 2.183321976543066,
      "NMC": 1.8297938926547181,
      "NUCLEAR": 1.9427769775390624,
      "HERACOMB": 2.327740837545956,
      "DYE886": 1.8691388910466975,
      "CDF": 1.951028823852539,
      "D0": 0.7318340301513672,
      "ATLAS": 2.9411725130948154,
      "CMS": 2.7399428452902694,
      "LHCb": 3.297786235809326,
      "total": 2.3365323543548584
    }
  },
  "7000": {
    "training_loss": 7947.09228515625,
    "validation_loss": [
      2723.39697265625
    ],
    "validation_chi2s": {
      "DEUTERON": 2.20263914800995,
      "NMC": 1.7850599101945466,
      "NUCLEAR": 1.9279361572265625,
      "HERACOMB": 2.304691090303309,
      "DYE886": 1.9220529036088423,
      "CDF": 1.774905068533761,
      "D0": 0.8385503768920899,
      "ATLAS": 2.780385277488015,
      "CMS": 2.81310638179624,
      "LHCb": 3.238823175430298,
      "total": 2.311617374420166
    }
  },
  "7100": {
    "training_loss": 7960.3798828125,
    "validation_loss": [
      2755.49072265625
    ],
    "validation_chi2s": {
      "DEUTERON": 2.178255906745569,
      "NMC": 1.832844154507506,
      "NUCLEAR": 1.943747802734375,
      "HERACOMB": 2.31582661547692,
      "DYE886": 1.8910302248868076,
      "CDF": 1.8570378167288644,
      "D0": 0.718730878829956,
      "ATLAS": 2.9644775390625,
      "CMS": 2.7481416531694616,
      "LHCb": 3.368100881576538,
      "total": 2.3388984203338623
    }
  },
  "7200": {
    "training_loss": 7945.34033203125,
    "validation_loss": [
      2765.781494140625
    ],
    "validation_chi2s": {
      "DEUTERON": 2.1427574347500777,
      "NMC": 1.8532016230564492,
      "NUCLEAR": 1.9398179931640624,
      "HERACOMB": 2.3395942239200367,
      "DYE886": 1.9496756466952236,
      "CDF": 2.0838159833635603,
      "D0": 0.7744370460510254,
      "ATLAS": 3.047697587446733,
      "CMS": 2.695598819391514,
      "LHCb": 3.3186898231506348,
      "total": 2.347583293914795
    }
  },
  "7300": {
    "training_loss": 7959.07373046875,
    "validation_loss": [
      2735.487060546875
    ],
    "validation_chi2s": {
      "DEUTERON": 2.18148241944574,
      "NMC": 1.8076913871017157,
      "NUCLEAR": 1.94723193359375,
      "HERACOMB": 2.3034097509446485,
      "DYE886": 2.000573765147816,
      "CDF": 1.773456028529576,
      "D0": 0.898162841796875,
      "ATLAS": 2.837807048450817,
      "CMS": 2.7773035561166157,
      "LHCb": 3.3261942863464355,
      "total": 2.321927547454834
    }
  },
  "7400": {
    "training_loss": 9376.0,
    "validation_loss": [
      2740.37841796875
    ],
    "validation_chi2s": {
      "DEUTERON": 2.181460252448694,
      "NMC": 1.821798885569853,
      "NUCLEAR": 1.9403592529296876,
      "HERACOMB": 2.3134326810151142,
      "DYE886": 2.0099658966064453,
      "CDF": 1.8896235057285853,
      "D0": 1.040414810180664,
      "ATLAS": 2.886410106312145,
      "CMS": 2.7333694085842226,
      "LHCb": 3.240006685256958,
      "total": 2.3260858058929443
    }
  },
  "7500": {
    "training_loss": 8024.37890625,
    "validation_loss": [
      2727.895751953125
    ],
    "validation_chi2s": {
      "DEUTERON": 2.181026022232587,
      "NMC": 1.8021944831399357,
      "NUCLEAR": 1.926369873046875,
      "HERACOMB": 2.303859935087316,
      "DYE886": 2.065987326882102,
      "CDF": 1.8839953286307198,
      "D0": 0.7309976100921631,
      "ATLAS": 2.852354049682617,
      "CMS": 2.7767192561451983,
      "LHCb": 3.165835380554199,
      "total": 2.315516710281372
    }
  },
  "7600": {
    "training_loss": 7948.59033203125,
    "validation_loss": [
      2757.1787109375
    ],
    "validation_chi2s": {
      "DEUTERON": 2.178629101805426,
      "NMC": 1.8327059278301163,
      "NUCLEAR": 1.939814208984375,
      "HERACOMB": 2.352508544921875,
      "DYE886": 1.8403283899480647,
      "CDF": 1.925625937325614,
      "D0": 0.7009533882141114,
      "ATLAS": 2.908220811323686,
      "CMS": 2.798074613741743,
      "LHCb": 3.232450008392334,
      "total": 2.340083360671997
    }
  },
  "7700": {
    "training_loss": 7961.43701171875,
    "validation_loss": [
      2735.034423828125
    ],
    "validation_chi2s": {
      "DEUTERON": 2.1558166807563746,
      "NMC": 1.8188075645297181,
      "NUCLEAR": 1.940163330078125,
      "HERACOMB": 2.3188859528186274,
      "DYE886": 2.081722779707475,
      "CDF": 1.889052391052246,
      "D0": 0.9320327758789062,
      "ATLAS": 2.8480663299560547,
      "CMS": 2.760436019277185,
      "LHCb": 3.281080484390259,
      "total": 2.3215856552124023
    }
  },
  "7800": {
    "training_loss": 7955.5546875,
    "validation_loss": [
      2743.617431640625
    ],
    "validation_chi2s": {
      "DEUTERON": 2.160414358869714,
      "NMC": 1.8207831289253982,
      "NUCLEAR": 1.9409765625,
      "HERACOMB": 2.3073654673457926,
      "DYE886": 2.086385553533381,
      "CDF": 1.9708735602242606,
      "D0": 1.0252130508422852,
      "ATLAS": 2.8904252485795454,
      "CMS": 2.7440905067009655,
      "LHCb": 3.4009017944335938,
      "total": 2.3288767337799072
    }
  },
  "7900": {
    "training_loss": 7971.5615234375,
    "validation_loss": [
      2742.79931640625
    ],
    "validation_chi2s": {
      "DEUTERON": 2.140153571740905,
      "NMC": 1.8541629267673867,
      "NUCLEAR": 1.95071826171875,
      "HERACOMB": 2.3420003255208335,
      "DYE886": 1.9306238347833806,
      "CDF": 1.9981682641165597,
      "D0": 0.6963491439819336,
      "ATLAS": 2.8532678430730645,
      "CMS": 2.7744009126492633,
      "LHCb": 3.3075013160705566,
      "total": 2.3274664878845215
    }
  },
  "8000": {
    "training_loss": 8005.97314453125,
    "validation_loss": [
      2731.006103515625
    ],
    "validation_chi2s": {
      "DEUTERON": 2.16057226076648,
      "NMC": 1.8150606342390472,
      "NUCLEAR": 1.9421649169921875,
      "HERACOMB": 2.318117627910539,
      "DYE886": 2.0151831886985083,
      "CDF": 1.7920228413173132,
      "D0": 0.7519556999206543,
      "ATLAS": 2.8345799879594282,
      "CMS": 2.8178011266196648,
      "LHCb": 3.100966215133667,
      "total": 2.3181941509246826
    }
  },
  "8100": {
    "training_loss": 7957.75048828125,
    "validation_loss": [
      2761.519287109375
    ],
    "validation_chi2s": {
      "DEUTERON": 2.165414990477301,
      "NMC": 1.8389986823586857,
      "NUCLEAR": 1.9490472412109374,
      "HERACOMB": 2.338504167943219,
      "DYE886": 1.8332748413085938,
      "CDF": 1.983846800667899,
      "D0": 0.7355761051177978,
      "ATLAS": 2.9343733354048296,
      "CMS": 2.7751105083682672,
      "LHCb": 3.4407896995544434,
      "total": 2.344099760055542
    }
  },
  "8200": {
    "training_loss": 7946.90673828125,
    "validation_loss": [
      2765.464599609375
    ],
    "validation_chi2s": {
      "DEUTERON": 2.1691101985191232,
      "NMC": 1.8461979884727329,
      "NUCLEAR": 1.945103515625,
      "HERACOMB": 2.355837155011744,
      "DYE886": 1.8475366072221235,
      "CDF": 1.8685519354684013,
      "D0": 0.7137758731842041,
      "ATLAS": 2.950282010165128,
      "CMS": 2.783432130891133,
      "LHCb": 3.2976670265197754,
      "total": 2.347461700439453
    }
  },
  "8300": {
    "training_loss": 8007.7060546875,
    "validation_loss": [
      2757.402099609375
    ],
    "validation_chi2s": {
      "DEUTERON": 2.1294810736357275,
      "NMC": 1.8636900957892923,
      "NUCLEAR": 1.9650540771484375,
      "HERACOMB": 2.3641766317529616,
      "DYE886": 2.035560434514826,
      "CDF": 2.048023087637765,
      "D0": 0.7903782844543457,
      "ATLAS": 2.9043438651344995,
      "CMS": 2.70769866695249,
      "LHCb": 3.3830740451812744,
      "total": 2.340634346008301
    }
  },
  "8400": {
    "training_loss": 8009.76416015625,
    "validation_loss": [
      2733.8671875
    ],
    "validation_chi2s": {
      "DEUTERON": 2.187308240292677,
      "NMC": 1.8101999619427849,
      "NUCLEAR": 1.9350103759765624,
      "HERACOMB": 2.3103581846149917,
      "DYE886": 2.0175451798872515,
      "CDF": 1.664198739188058,
      "D0": 0.5817608833312988,
      "ATLAS": 2.848037372935902,
      "CMS": 2.829089901311611,
      "LHCb": 3.125364303588867,
      "total": 2.3207035064697266
    }
  },
  "8500": {
    "training_loss": 7938.4658203125,
    "validation_loss": [
      2757.460693359375
    ],
    "validation_chi2s": {
      "DEUTERON": 2.1642489457011815,
      "NMC": 1.841064453125,
      "NUCLEAR": 1.9392039794921876,
      "HERACOMB": 2.3706399755540235,
      "DYE886": 1.8507449410178445,
      "CDF": 1.8304268973214286,
      "D0": 0.7196307182312012,
      "ATLAS": 2.891216451471502,
      "CMS": 2.8135817613058944,
      "LHCb": 3.18733286857605,
      "total": 2.340212345123291
    }
  },
  "8600": {
    "training_loss": 8097.357421875,
    "validation_loss": [
      2782.40185546875
    ],
    "validation_chi2s": {
      "DEUTERON": 2.126807217574238,
      "NMC": 1.88660041958678,
      "NUCLEAR": 1.9686727294921875,
      "HERACOMB": 2.365237965303309,
      "DYE886": 1.967528603293679,
      "CDF": 1.9493348257882255,
      "D0": 0.7172169208526611,
      "ATLAS": 3.0481463345614346,
      "CMS": 2.700578146833714,
      "LHCb": 3.4267799854278564,
      "total": 2.3616647720336914
    }
  },
  "8700": {
    "training_loss": 7996.71533203125,
    "validation_loss": [
      2728.33203125
    ],
    "validation_chi2s": {
      "DEUTERON": 2.1795705918648944,
      "NMC": 1.8031433703852635,
      "NUCLEAR": 1.9291495361328126,
      "HERACOMB": 2.311408747255413,
      "DYE886": 1.9967795285311611,
      "CDF": 1.5807928357805525,
      "D0": 0.614430570602417,
      "ATLAS": 2.8327052376487036,
      "CMS": 2.833056690247078,
      "LHCb": 3.1385390758514404,
      "total": 2.3159821033477783
    }
  },
  "8800": {
    "training_loss": 7878.0,
    "validation_loss": [
      2756.953125
    ],
    "validation_chi2s": {
      "DEUTERON": 2.2120510120296952,
      "NMC": 1.7804768880208333,
      "NUCLEAR": 1.8934664306640625,
      "HERACOMB": 2.352546442567913,
      "DYE886": 1.8647923903031782,
      "CDF": 1.9170040403093611,
      "D0": 0.9202759742736817,
      "ATLAS": 2.9463154185901987,
      "CMS": 2.7923407825997204,
      "LHCb": 3.2035484313964844,
      "total": 2.3402740955352783
    }
  },
  "8900": {
    "training_loss": 7942.96435546875,
    "validation_loss": [
      2762.51171875
    ],
    "validation_chi2s": {
      "DEUTERON": 2.173868207789179,
      "NMC": 1.8382436714920343,
      "NUCLEAR": 1.93936083984375,
      "HERACOMB": 2.3444469177645018,
      "DYE886": 1.877764268354936,
      "CDF": 1.8637097222464425,
      "D0": 0.7432729721069335,
      "ATLAS": 2.944632790305398,
      "CMS": 2.790879660505589,
      "LHCb": 3.3126139640808105,
      "total": 2.3448777198791504
    }
  },
  "9000": {
    "training_loss": 7947.90234375,
    "validation_loss": [
      2727.814697265625
    ],
    "validation_chi2s": {
      "DEUTERON": 2.1908976236979165,
      "NMC": 1.799291872510723,
      "NUCLEAR": 1.922796875,
      "HERACOMB": 2.3092178643918504,
      "DYE886": 1.9948342063210227,
      "CDF": 1.583730833871024,
      "D0": 0.6190177917480468,
      "ATLAS": 2.832326195456765,
      "CMS": 2.8498376365599594,
      "LHCb": 3.0652153491973877,
      "total": 2.31555438041687
    }
  },
  "9100": {
    "training_loss": 7957.59765625,
    "validation_loss": [
      2758.322021484375
    ],
    "validation_chi2s": {
      "DEUTERON": 2.1810170643365203,
      "NMC": 1.828318427590763,
      "NUCLEAR": 1.92855615234375,
      "HERACOMB": 2.354803147658803,
      "DYE886": 1.914349295876243,
      "CDF": 1.8467937197004045,
      "D0": 0.7015598773956299,
      "ATLAS": 2.9367765946821733,
      "CMS": 2.795567210127668,
      "LHCb": 3.159358263015747,
      "total": 2.3414456844329834
    }
  },
  "9200": {
    "training_loss": 56159.78125,
    "validation_loss": [
      14407.3486328125
    ],
    "validation_chi2s": {
      "DEUTERON": 51.44543882151741,
      "NMC": 2.003719255035999,
      "NUCLEAR": 2.0725859375,
      "HERACOMB": 2.721651762918709,
      "DYE886": 16.193320534446023,
      "CDF": 1.2826895032610213,
      "D0": 40.89235229492188,
      "ATLAS": 5.517665516246449,
      "CMS": 5.185700703442581,
      "LHCb": 5.849587440490723,
      "total": 12.193536758422852
    }
  },
  "9300": {
    "training_loss": 9063.6171875,
    "validation_loss": [
      252157.984375
    ],
    "validation_chi2s": {
      "DEUTERON": 1242.5122823383085,
      "NMC": 1.8348165773877911,
      "NUCLEAR": 2.07766796875,
      "HERACOMB": 2.366165859247345,
      "DYE886": 1.8630237579345703,
      "CDF": 1.5532715661185128,
      "D0": 2.5281436920166014,
      "ATLAS": 2.963022752241655,
      "CMS": 2.8638643094194616,
      "LHCb": 3.7716128826141357,
      "total": 214.05227661132812
    }
  },
  "9400": {
    "training_loss": 7956.7607421875,
    "validation_loss": [
      2743.66357421875
    ],
    "validation_chi2s": {
      "DEUTERON": 2.164548048332556,
      "NMC": 1.7994963702033548,
      "NUCLEAR": 1.931948974609375,
      "HERACOMB": 2.316078934015012,
      "DYE886": 2.1746070168235083,
      "CDF": 1.945021084376744,
      "D0": 0.9413585662841797,
      "ATLAS": 2.907512664794922,
      "CMS": 2.727634585000635,
      "LHCb": 3.3419084548950195,
      "total": 2.3290224075317383
    }
  },
  "9500": {
    "training_loss": 7944.767578125,
    "validation_loss": [
      2743.9853515625
    ],
    "validation_chi2s": {
      "DEUTERON": 2.1599294178521453,
      "NMC": 1.8409184474571079,
      "NUCLEAR": 1.9327841796875,
      "HERACOMB": 2.33166543798509,
      "DYE886": 1.987125743519176,
      "CDF": 1.8980770111083984,
      "D0": 0.7487342357635498,
      "ATLAS": 2.8975406993519175,
      "CMS": 2.8068316700012703,
      "LHCb": 3.1019084453582764,
      "total": 2.3290977478027344
    }
  },
  "9600": {
    "training_loss": 7997.72802734375,
    "validation_loss": [
      2723.141357421875
    ],
    "validation_chi2s": {
      "DEUTERON": 2.1691331246599037,
      "NMC": 1.7964117012771905,
      "NUCLEAR": 1.9209095458984375,
      "HERACOMB": 2.3105630313648895,
      "DYE886": 2.0312605771151455,
      "CDF": 1.9020467485700334,
      "D0": 0.6617519378662109,
      "ATLAS": 2.8174493963068183,
      "CMS": 2.828978499745935,
      "LHCb": 3.1171131134033203,
      "total": 2.3116085529327393
    }
  },
  "9700": {
    "training_loss": 7940.1171875,
    "validation_loss": [
      2731.19384765625
    ],
    "validation_chi2s": {
      "DEUTERON": 2.195761457604555,
      "NMC": 1.777777727912454,
      "NUCLEAR": 1.932039794921875,
      "HERACOMB": 2.301760804419424,
      "DYE886": 2.2345563715154473,
      "CDF": 1.8608132771083288,
      "D0": 0.8378212928771973,
      "ATLAS": 2.8103993155739526,
      "CMS": 2.7979743771436736,
      "LHCb": 3.2009246349334717,
      "total": 2.318453788757324
    }
  },
  "9800": {
    "training_loss": 7992.80908203125,
    "validation_loss": [
      2726.515625
    ],
    "validation_chi2s": {
      "DEUTERON": 2.199948894443797,
      "NMC": 1.782072478649663,
      "NUCLEAR": 1.9425196533203124,
      "HERACOMB": 2.299161624285131,
      "DYE886": 2.0663847489790483,
      "CDF": 1.9109716415405273,
      "D0": 0.6455895900726318,
      "ATLAS": 2.791683890602805,
      "CMS": 2.816205032472688,
      "LHCb": 3.161649703979492,
      "total": 2.3144690990448
    }
  },
  "9900": {
    "training_loss": 7946.0478515625,
    "validation_loss": [
      2735.582275390625
    ],
    "validation_chi2s": {
      "DEUTERON": 2.1897528349463617,
      "NMC": 1.79669189453125,
      "NUCLEAR": 1.9284981689453125,
      "HERACOMB": 2.2973403432010824,
      "DYE886": 2.045452291315252,
      "CDF": 1.9740001133510046,
      "D0": 0.6551999092102051,
      "ATLAS": 2.87587477944114,
      "CMS": 2.8210806497713414,
      "LHCb": 3.129507064819336,
      "total": 2.322193145751953
    }
  },
  "10000": {
    "training_loss": 7954.6708984375,
    "validation_loss": [
      2756.97802734375
    ],
    "validation_chi2s": {
      "DEUTERON": 2.1603970503925685,
      "NMC": 1.8310430190142464,
      "NUCLEAR": 1.9423448486328125,
      "HERACOMB": 2.3432455623851105,
      "DYE886": 1.9984994368119673,
      "CDF": 2.0744045802525113,
      "D0": 0.702023696899414,
      "ATLAS": 2.938567421653054,
      "CMS": 2.7747978892752796,
      "LHCb": 3.2096712589263916,
      "total": 2.3403632640838623
    }
  },
  "10100": {
    "training_loss": 7961.05078125,
    "validation_loss": [
      2753.355224609375
    ],
    "validation_chi2s": {
      "DEUTERON": 2.1471537879450406,
      "NMC": 1.8233265596277572,
      "NUCLEAR": 1.959086181640625,
      "HERACOMB": 2.339443630642361,
      "DYE886": 2.053170984441584,
      "CDF": 2.089453560965402,
      "D0": 0.6718566417694092,
      "ATLAS": 2.8986214724454014,
      "CMS": 2.7620802468400663,
      "LHCb": 3.334993600845337,
      "total": 2.3372974395751953
    }
  },
  "10200": {
    "training_loss": 7938.5869140625,
    "validation_loss": [
      2751.20458984375
    ],
    "validation_chi2s": {
      "DEUTERON": 2.1378280108247822,
      "NMC": 1.8384157068589155,
      "NUCLEAR": 1.976176025390625,
      "HERACOMB": 2.32478382384855,
      "DYE886": 2.0964605158025567,
      "CDF": 2.084153856549944,
      "D0": 0.6735988140106202,
      "ATLAS": 2.8970153115012427,
      "CMS": 2.7485309383733485,
      "LHCb": 3.3392727375030518,
      "total": 2.3354315757751465
    }
  },
  "10300": {
    "training_loss": 7997.8427734375,
    "validation_loss": [
      2737.418212890625
    ],
    "validation_chi2s": {
      "DEUTERON": 2.1920462081681436,
      "NMC": 1.780992395737592,
      "NUCLEAR": 1.9462098388671876,
      "HERACOMB": 2.3126418169806984,
      "DYE886": 2.026927774602717,
      "CDF": 1.7958487101963587,
      "D0": 0.6174870491027832,
      "ATLAS": 2.84251577203924,
      "CMS": 2.812292083492124,
      "LHCb": 3.193950891494751,
      "total": 2.3237626552581787
    }
  },
  "10400": {
    "training_loss": 7941.27197265625,
    "validation_loss": [
      2758.37890625
    ],
    "validation_chi2s": {
      "DEUTERON": 2.1661774744441855,
      "NMC": 1.8277753942153032,
      "NUCLEAR": 1.9470400390625,
      "HERACOMB": 2.3453668332567403,
      "DYE886": 1.9992578679865056,
      "CDF": 2.024092265537807,
      "D0": 0.6654731750488281,
      "ATLAS": 2.9264332164417612,
      "CMS": 2.7916999134590954,
      "LHCb": 3.188978672027588,
      "total": 2.341550350189209
    }
  },
  "10500": {
    "training_loss": 7933.84375,
    "validation_loss": [
      2743.03662109375
    ],
    "validation_chi2s": {
      "DEUTERON": 2.185742734083489,
      "NMC": 1.8028353522805607,
      "NUCLEAR": 1.9455452880859374,
      "HERACOMB": 2.3160771388633576,
      "DYE886": 1.9997367858886719,
      "CDF": 1.8632816587175642,
      "D0": 0.6052287101745606,
      "ATLAS": 2.875843741677024,
      "CMS": 2.8135450409679876,
      "LHCb": 3.166369676589966,
      "total": 2.32853364944458
    }
  },
  "10600": {
    "training_loss": 7928.357421875,
    "validation_loss": [
      2726.421142578125
    ],
    "validation_chi2s": {
      "DEUTERON": 2.1607148279598105,
      "NMC": 1.7974291034773284,
      "NUCLEAR": 1.9342454833984375,
      "HERACOMB": 2.302449943193423,
      "DYE886": 2.1938599673184482,
      "CDF": 1.7383245740618025,
      "D0": 0.5983047008514404,
      "ATLAS": 2.839616602117365,
      "CMS": 2.8132510301543445,
      "LHCb": 3.128092050552368,
      "total": 2.31443190574646
    }
  },
  "10700": {
    "training_loss": 7918.396484375,
    "validation_loss": [
      2751.685302734375
    ],
    "validation_chi2s": {
      "DEUTERON": 2.1529577454524254,
      "NMC": 1.8216989554610907,
      "NUCLEAR": 1.9615499267578125,
      "HERACOMB": 2.350060955371732,
      "DYE886": 1.991317402232777,
      "CDF": 1.8152365003313338,
      "D0": 0.6584402561187744,
      "ATLAS": 2.8651280836625532,
      "CMS": 2.7699495641196648,
      "LHCb": 3.356391191482544,
      "total": 2.334998369216919
    }
  },
  "10800": {
    "training_loss": 7949.56591796875,
    "validation_loss": [
      2750.25146484375
    ],
    "validation_chi2s": {
      "DEUTERON": 2.136472939258784,
      "NMC": 1.827769111184513,
      "NUCLEAR": 1.9584595947265624,
      "HERACOMB": 2.3419809777752247,
      "DYE886": 2.0571374026211826,
      "CDF": 2.0259923934936523,
      "D0": 0.618195915222168,
      "ATLAS": 2.877496199174361,
      "CMS": 2.7623546569328,
      "LHCb": 3.421971321105957,
      "total": 2.334670066833496
    }
  },
  "10900": {
    "training_loss": 7929.1376953125,
    "validation_loss": [
      2751.7607421875
    ],
    "validation_chi2s": {
      "DEUTERON": 2.163591982713386,
      "NMC": 1.802546033672258,
      "NUCLEAR": 1.9530709228515626,
      "HERACOMB": 2.3218070634829453,
      "DYE886": 2.000986272638494,
      "CDF": 1.7980529240199499,
      "D0": 0.6204346656799317,
      "ATLAS": 2.93764946677468,
      "CMS": 2.7849200489075203,
      "LHCb": 3.2438697814941406,
      "total": 2.335942506790161
    }
  },
  "11000": {
    "training_loss": 7935.42578125,
    "validation_loss": [
      2750.89990234375
    ],
    "validation_chi2s": {
      "DEUTERON": 2.1517371941561723,
      "NMC": 1.8116495469037224,
      "NUCLEAR": 1.959226806640625,
      "HERACOMB": 2.310800988689747,
      "DYE886": 2.073775898326527,
      "CDF": 2.0167154584612166,
      "D0": 0.7111813068389893,
      "ATLAS": 2.891788135875355,
      "CMS": 2.744610794191438,
      "LHCb": 3.614649534225464,
      "total": 2.3352017402648926
    }
  },
  "11100": {
    "training_loss": 7950.53125,
    "validation_loss": [
      2758.227294921875
    ],
    "validation_chi2s": {
      "DEUTERON": 2.148161475338153,
      "NMC": 1.8091234693340226,
      "NUCLEAR": 1.940435302734375,
      "HERACOMB": 2.356937184053309,
      "DYE886": 1.9927139282226562,
      "CDF": 1.8893465314592635,
      "D0": 0.6650010585784912,
      "ATLAS": 2.926142605868253,
      "CMS": 2.7803141276041665,
      "LHCb": 3.347874879837036,
      "total": 2.3414299488067627
    }
  },
  "11200": {
    "training_loss": 7930.0634765625,
    "validation_loss": [
      2738.006591796875
    ],
    "validation_chi2s": {
      "DEUTERON": 2.1565544166375155,
      "NMC": 1.8131033205518536,
      "NUCLEAR": 1.94266650390625,
      "HERACOMB": 2.3276859856898486,
      "DYE886": 2.0107914317737925,
      "CDF": 1.7830919538225447,
      "D0": 0.5909035682678223,
      "ATLAS": 2.8615086295387964,
      "CMS": 2.8061158715224845,
      "LHCb": 3.2088749408721924,
      "total": 2.3242480754852295
    }
  },
  "11300": {
    "training_loss": 7933.255859375,
    "validation_loss": [
      2725.284912109375
    ],
    "validation_chi2s": {
      "DEUTERON": 2.1721507210043534,
      "NMC": 1.7844748403511794,
      "NUCLEAR": 1.9343939208984375,
      "HERACOMB": 2.2997111401526755,
      "DYE886": 2.108636335893111,
      "CDF": 1.7435214178902763,
      "D0": 0.6525317192077636,
      "ATLAS": 2.8078304637562144,
      "CMS": 2.8227164415809196,
      "LHCb": 3.2456040382385254,
      "total": 2.31347393989563
    }
  },
  "11400": {
    "training_loss": 7935.20263671875,
    "validation_loss": [
      2725.502685546875
    ],
    "validation_chi2s": {
      "DEUTERON": 2.1605324816347946,
      "NMC": 1.8029626584520526,
      "NUCLEAR": 1.9296488037109376,
      "HERACOMB": 2.3047978020960986,
      "DYE886": 2.0745667544278232,
      "CDF": 1.6044807434082031,
      "D0": 0.6171938896179199,
      "ATLAS": 2.8260726928710938,
      "CMS": 2.858407865694868,
      "LHCb": 3.1112890243530273,
      "total": 2.3136472702026367
    }
  },
  "11500": {
    "training_loss": 7943.306640625,
    "validation_loss": [
      2730.352783203125
    ],
    "validation_chi2s": {
      "DEUTERON": 2.1621338194282496,
      "NMC": 1.8029961679496018,
      "NUCLEAR": 1.927470703125,
      "HERACOMB": 2.31071422302645,
      "DYE886": 2.0469880537553267,
      "CDF": 1.6517892565046037,
      "D0": 0.6887680530548096,
      "ATLAS": 2.8486915935169566,
      "CMS": 2.835316479690676,
      "LHCb": 3.1580655574798584,
      "total": 2.3176090717315674
    }
  },
  "11600": {
    "training_loss": 7941.84033203125,
    "validation_loss": [
      2750.75537109375
    ],
    "validation_chi2s": {
      "DEUTERON": 2.158384712181281,
      "NMC": 1.8160053327971815,
      "NUCLEAR": 1.91805517578125,
      "HERACOMB": 2.3219610476026347,
      "DYE886": 1.9254167730158025,
      "CDF": 1.844236101422991,
      "D0": 0.7522387027740478,
      "ATLAS": 2.928169597278942,
      "CMS": 2.8543887254668445,
      "LHCb": 3.2786576747894287,
      "total": 2.3350095748901367
    }
  },
  "11700": {
    "training_loss": 8122.36279296875,
    "validation_loss": [
      2758.9453125
    ],
    "validation_chi2s": {
      "DEUTERON": 2.165600828863495,
      "NMC": 1.7948379516601562,
      "NUCLEAR": 1.9258876953125,
      "HERACOMB": 2.309207093481924,
      "DYE886": 2.2313072898171167,
      "CDF": 1.538808822631836,
      "D0": 1.458871841430664,
      "ATLAS": 2.8927927884188565,
      "CMS": 2.9142421319232725,
      "LHCb": 3.187354803085327,
      "total": 2.3420541286468506
    }
  },
  "11800": {
    "training_loss": 7951.7353515625,
    "validation_loss": [
      2747.38916015625
    ],
    "validation_chi2s": {
      "DEUTERON": 2.152977483189521,
      "NMC": 1.8340225219726562,
      "NUCLEAR": 1.933323486328125,
      "HERACOMB": 2.3364094254238155,
      "DYE886": 1.9241215098987927,
      "CDF": 1.947023664202009,
      "D0": 0.8940215110778809,
      "ATLAS": 2.85231538252397,
      "CMS": 2.85770149541095,
      "LHCb": 3.2577929496765137,
      "total": 2.332096815109253
    }
  },
  "11900": {
    "training_loss": 8040.77099609375,
    "validation_loss": [
      2778.7119140625
    ],
    "validation_chi2s": {
      "DEUTERON": 2.1236013535836444,
      "NMC": 1.8663451250861673,
      "NUCLEAR": 1.9466854248046874,
      "HERACOMB": 2.316372740502451,
      "DYE886": 2.242410486394709,
      "CDF": 2.0503392900739397,
      "D0": 1.2253544807434082,
      "ATLAS": 3.0858643271706323,
      "CMS": 2.718211848561357,
      "LHCb": 3.3691189289093018,
      "total": 2.3588385581970215
    }
  },
  "12000": {
    "training_loss": 7959.11572265625,
    "validation_loss": [
      2736.71826171875
    ],
    "validation_chi2s": {
      "DEUTERON": 2.158752289577503,
      "NMC": 1.8246026132621018,
      "NUCLEAR": 1.945896240234375,
      "HERACOMB": 2.309273514093137,
      "DYE886": 2.326176730069247,
      "CDF": 2.0346204212733676,
      "D0": 1.5297285079956056,
      "ATLAS": 2.8104626048694956,
      "CMS": 2.7740771285886687,
      "LHCb": 3.126274347305298,
      "total": 2.323162078857422
    }
  },
  "12100": {
    "training_loss": 7956.0322265625,
    "validation_loss": [
      2730.609619140625
    ],
    "validation_chi2s": {
      "DEUTERON": 2.1473742432855256,
      "NMC": 1.8220223819508272,
      "NUCLEAR": 1.92948193359375,
      "HERACOMB": 2.300656786151961,
      "DYE886": 2.1190277446400034,
      "CDF": 1.8663884571620397,
      "D0": 0.8015592575073243,
      "ATLAS": 2.880141171542081,
      "CMS": 2.8305068597560976,
      "LHCb": 3.0285606384277344,
      "total": 2.3179855346679688
    }
  },
  "12200": {
    "training_loss": 7976.02978515625,
    "validation_loss": [
      2758.82666015625
    ],
    "validation_chi2s": {
      "DEUTERON": 2.1887102269414647,
      "NMC": 1.798059201708027,
      "NUCLEAR": 1.9540379638671874,
      "HERACOMB": 2.3057183159722223,
      "DYE886": 1.9267885034734553,
      "CDF": 1.8490804944719588,
      "D0": 1.1697410583496093,
      "ATLAS": 2.914899305863814,
      "CMS": 2.8188828879255587,
      "LHCb": 3.322277307510376,
      "total": 2.3419179916381836
    }
  },
  "12300": {
    "training_loss": 8023.7490234375,
    "validation_loss": [
      2733.819580078125
    ],
    "validation_chi2s": {
      "DEUTERON": 2.227106198742615,
      "NMC": 1.7883812399471508,
      "NUCLEAR": 1.932743896484375,
      "HERACOMB": 2.298563040939032,
      "DYE886": 2.167982968417081,
      "CDF": 1.9447788511003767,
      "D0": 0.8604543685913086,
      "ATLAS": 2.808807546442205,
      "CMS": 2.8318540991806405,
      "LHCb": 2.99246883392334,
      "total": 2.320664644241333
    }
  },
  "12400": {
    "training_loss": 7988.560546875,
    "validation_loss": [
      2763.302490234375
    ],
    "validation_chi2s": {
      "DEUTERON": 2.2420605711675994,
      "NMC": 1.7740824082318474,
      "NUCLEAR": 1.9815438232421876,
      "HERACOMB": 2.317874684053309,
      "DYE886": 2.380101290616122,
      "CDF": 2.0786711829049245,
      "D0": 1.3320059776306152,
      "ATLAS": 2.835656252774325,
      "CMS": 2.7679073674892023,
      "LHCb": 3.0546376705169678,
      "total": 2.3457531929016113
    }
  }
}