{
  "100": {
    "training_loss": 27491.15625,
    "validation_loss": [
      13636.564453125
    ],
    "validation_chi2s": {
      "DEUTERON": 12.926580476523633,
      "NMC": 5.604783600451899,
      "NUCLEAR": 6.2051513671875,
      "HERACOMB": 13.45596054176879,
      "DYE886": 46.93206232244318,
      "CDF": 4.342255728585379,
      "D0": 16.088916015625,
      "ATLAS": 10.262249339710582,
      "CMS": 5.125772119537602,
      "LHCb": 7.970712184906006,
      "total": 10.584362030029297
    }
  },
  "200": {
    "training_loss": 17671.990234375,
    "validation_loss": [
      8079.55224609375
    ],
    "validation_chi2s": {
      "DEUTERON": 8.12662213833178,
      "NMC": 2.6651419845281863,
      "NUCLEAR": 4.38372900390625,
      "HERACOMB": 4.7131571052900325,
      "DYE886": 69.42674671519886,
      "CDF": 3.402411324637277,
      "D0": 6.277698516845703,
      "ATLAS": 6.547048395330256,
      "CMS": 5.055499813420986,
      "LHCb": 4.961084842681885,
      "total": 6.667551517486572
    }
  },
  "300": {
    "training_loss": 15939.767578125,
    "validation_loss": [
      7057.87353515625
    ],
    "validation_chi2s": {
      "DEUTERON": 7.599368878264926,
      "NMC": 2.770845001819087,
      "NUCLEAR": 3.760473388671875,
      "HERACOMB": 4.047945309308619,
      "DYE886": 51.70673162286932,
      "CDF": 4.831141880580357,
      "D0": 7.055171203613281,
      "ATLAS": 5.690330852161754,
      "CMS": 5.277661331300813,
      "LHCb": 6.432830810546875,
      "total": 5.896430015563965
    }
  },
  "400": {
    "training_loss": 15395.87109375,
    "validation_loss": [
      6837.2880859375
    ],
    "validation_chi2s": {
      "DEUTERON": 7.6644906570662314,
      "NMC": 2.8260381362017464,
      "NUCLEAR": 3.558789794921875,
      "HERACOMB": 3.702947878370098,
      "DYE886": 51.3216552734375,
      "CDF": 6.201237269810268,
      "D0": 6.695268249511718,
      "ATLAS": 5.268441980535334,
      "CMS": 5.298602840764736,
      "LHCb": 6.411902904510498,
      "total": 5.713991641998291
    }
  },
  "500": {
    "training_loss": 12960.171875,
    "validation_loss": [
      5577.162109375
    ],
    "validation_chi2s": {
      "DEUTERON": 5.872371540733831,
      "NMC": 3.2810561236213234,
      "NUCLEAR": 3.16520263671875,
      "HERACOMB": 2.9417658787147674,
      "DYE886": 31.9876708984375,
      "CDF": 6.371194022042411,
      "D0": 3.3926071166992187,
      "ATLAS": 4.586470864035866,
      "CMS": 5.1491183149136175,
      "LHCb": 7.257918357849121,
      "total": 4.664031505584717
    }
  },
  "600": {
    "training_loss": 11474.875,
    "validation_loss": [
      5561.921875
    ],
    "validation_chi2s": {
      "DEUTERON": 9.888648797030474,
      "NMC": 3.59246826171875,
      "NUCLEAR": 2.582676025390625,
      "HERACOMB": 2.999810511769812,
      "DYE886": 6.132397044788707,
      "CDF": 3.749222891671317,
      "D0": 2.6604839324951173,
      "ATLAS": 3.9882136258212,
      "CMS": 5.267198019880589,
      "LHCb": 8.179105758666992,
      "total": 4.697563648223877
    }
  },
  "700": {
    "training_loss": 8352.4150390625,
    "validation_loss": [
      3320.67333984375
    ],
    "validation_chi2s": {
      "DEUTERON": 2.9239617342972637,
      "NMC": 3.122585521024816,
      "NUCLEAR": 2.10543701171875,
      "HERACOMB": 2.6656147077971815,
      "DYE886": 3.2986013239080254,
      "CDF": 1.3332876477922713,
      "D0": 2.777234649658203,
      "ATLAS": 2.774847550825639,
      "CMS": 3.8320677222275155,
      "LHCb": 4.40776252746582,
      "total": 2.8008878231048584
    }
  },
  "800": {
    "training_loss": 8072.1865234375,
    "validation_loss": [
      3179.76708984375
    ],
    "validation_chi2s": {
      "DEUTERON": 2.490637632151741,
      "NMC": 3.072085511450674,
      "NUCLEAR": 2.0171053466796875,
      "HERACOMB": 2.6513671875,
      "DYE886": 2.9924739490855825,
      "CDF": 0.8874615260532924,
      "D0": 3.23193359375,
      "ATLAS": 2.7108761180530894,
      "CMS": 3.7687258836699695,
      "LHCb": 4.601156234741211,
      "total": 2.6868929862976074
    }
  },
  "900": {
    "training_loss": 8347.1318359375,
    "validation_loss": [
      3347.3701171875
    ],
    "validation_chi2s": {
      "DEUTERON": 2.798204412507774,
      "NMC": 3.0921828326056984,
      "NUCLEAR": 2.260564208984375,
      "HERACOMB": 2.5381780886182597,
      "DYE886": 4.382167469371449,
      "CDF": 1.169595173427037,
      "D0": 3.563917541503906,
      "ATLAS": 2.794618259776722,
      "CMS": 3.9399468646786078,
      "LHCb": 4.479247093200684,
      "total": 2.8200342655181885
    }
  },
  "1000": {
    "training_loss": 8258.544921875,
    "validation_loss": [
      3311.99853515625
    ],
    "validation_chi2s": {
      "DEUTERON": 2.7989383526702425,
      "NMC": 3.049634148092831,
      "NUCLEAR": 2.174994140625,
      "HERACOMB": 2.5262381360421773,
      "DYE886": 4.832623221657493,
      "CDF": 1.0685769489833288,
      "D0": 3.605804443359375,
      "ATLAS": 2.7938000072132456,
      "CMS": 3.878387451171875,
      "LHCb": 4.217377185821533,
      "total": 2.791559934616089
    }
  },
  "1100": {
    "training_loss": 8248.353515625,
    "validation_loss": [
      3299.59228515625
    ],
    "validation_chi2s": {
      "DEUTERON": 2.8289952823771767,
      "NMC": 3.0417043648514093,
      "NUCLEAR": 2.162345947265625,
      "HERACOMB": 2.518619512420854,
      "DYE886": 4.583360151811079,
      "CDF": 1.0707744189671107,
      "D0": 3.423645782470703,
      "ATLAS": 2.7839447368275034,
      "CMS": 3.8653561972021087,
      "LHCb": 4.204194068908691,
      "total": 2.7823023796081543
    }
  },
  "1200": {
    "training_loss": 8229.9716796875,
    "validation_loss": [
      3291.61962890625
    ],
    "validation_chi2s": {
      "DEUTERON": 2.8248600746268657,
      "NMC": 3.025330487419577,
      "NUCLEAR": 2.15466259765625,
      "HERACOMB": 2.51690633935866,
      "DYE886": 4.496205763383345,
      "CDF": 1.0683942522321428,
      "D0": 3.3038051605224608,
      "ATLAS": 2.787035508589311,
      "CMS": 3.8629239710365852,
      "LHCb": 4.196450233459473,
      "total": 2.776150703430176
    }
  },
  "1300": {
    "training_loss": 8214.3544921875,
    "validation_loss": [
      3285.298828125
    ],
    "validation_chi2s": {
      "DEUTERON": 2.8150622619325247,
      "NMC": 3.012558581782322,
      "NUCLEAR": 2.14925732421875,
      "HERACOMB": 2.515787560955372,
      "DYE886": 4.431649641557173,
      "CDF": 1.060321875980922,
      "D0": 3.2117279052734373,
      "ATLAS": 2.7924685044722124,
      "CMS": 3.8632331165840954,
      "LHCb": 4.190974235534668,
      "total": 2.7711479663848877
    }
  },
  "1400": {
    "training_loss": 8207.119140625,
    "validation_loss": [
      3276.1865234375
    ],
    "validation_chi2s": {
      "DEUTERON": 2.8127004139458953,
      "NMC": 3.006132537243413,
      "NUCLEAR": 2.140346923828125,
      "HERACOMB": 2.5140338972503065,
      "DYE886": 4.303851734508168,
      "CDF": 1.053370748247419,
      "D0": 3.087149238586426,
      "ATLAS": 2.79015437039462,
      "CMS": 3.856180082491743,
      "LHCb": 4.19761323928833,
      "total": 2.76373291015625
    }
  },
  "1500": {
    "training_loss": 8197.142578125,
    "validation_loss": [
      3261.6611328125
    ],
    "validation_chi2s": {
      "DEUTERON": 2.7715441955262747,
      "NMC": 2.9986126469630823,
      "NUCLEAR": 2.13182177734375,
      "HERACOMB": 2.5131881813597836,
      "DYE886": 4.240039825439453,
      "CDF": 1.0393486022949219,
      "D0": 2.9519426345825197,
      "ATLAS": 2.788697502829812,
      "CMS": 3.8528035481770835,
      "LHCb": 4.206501007080078,
      "total": 2.7516045570373535
    }
  },
  "1600": {
    "training_loss": 8175.17919921875,
    "validation_loss": [
      3250.357421875
    ],
    "validation_chi2s": {
      "DEUTERON": 2.7273987727378732,
      "NMC": 2.981038710650276,
      "NUCLEAR": 2.132481201171875,
      "HERACOMB": 2.516226575265523,
      "DYE886": 4.229779330166903,
      "CDF": 1.0094618797302246,
      "D0": 2.7573034286499025,
      "ATLAS": 2.786710739135742,
      "CMS": 3.8513645079077743,
      "LHCb": 4.20527982711792,
      "total": 2.7417383193969727
    }
  },
  "1700": {
    "training_loss": 8082.64892578125,
    "validation_loss": [
      262734.4375
    ],
    "validation_chi2s": {
      "DEUTERON": 1294.18213619403,
      "NMC": 3.0125555898628984,
      "NUCLEAR": 1.99520703125,
      "HERACOMB": 2.5096690857332518,
      "DYE886": 2.9871430830522017,
      "CDF": 0.956019537789481,
      "D0": 2.668760299682617,
      "ATLAS": 2.7229889956387607,
      "CMS": 3.6864604174606197,
      "LHCb": 4.305244445800781,
      "total": 223.02255249023438
    }
  },
  "1800": {
    "training_loss": 16125.328125,
    "validation_loss": [
      6572.3662109375
    ],
    "validation_chi2s": {
      "DEUTERON": 3.6139708561683768,
      "NMC": 2.753627702301624,
      "NUCLEAR": 2.959779052734375,
      "HERACOMB": 3.243356941572202,
      "DYE886": 82.57758678089489,
      "CDF": 1.8492088317871094,
      "D0": 5.76641616821289,
      "ATLAS": 6.483623157848012,
      "CMS": 5.0741840145452235,
      "LHCb": 6.055193901062012,
      "total": 5.471628665924072
    }
  },
  "1900": {
    "training_loss": 7938.0556640625,
    "validation_loss": [
      3114.29345703125
    ],
    "validation_chi2s": {
      "DEUTERON": 2.434315240205224,
      "NMC": 2.9689633238549327,
      "NUCLEAR": 1.9795159912109375,
      "HERACOMB": 2.555834801368464,
      "DYE886": 2.9972586198286577,
      "CDF": 1.0881641932896204,
      "D0": 2.9893915176391603,
      "ATLAS": 2.7531557950106533,
      "CMS": 3.774869593178354,
      "LHCb": 4.1603522300720215,
      "total": 2.6342320442199707
    }
  },
  "2000": {
    "training_loss": 13514.55078125,
    "validation_loss": [
      13213.7099609375
    ],
    "validation_chi2s": {
      "DEUTERON": 42.808355682524876,
      "NMC": 3.9221679089116117,
      "NUCLEAR": 2.74839697265625,
      "HERACOMB": 2.6180854747497957,
      "DYE886": 42.20979170365767,
      "CDF": 1.5157297679356165,
      "D0": 12.497451019287109,
      "ATLAS": 4.414479342373935,
      "CMS": 6.555174788808435,
      "LHCb": 5.820472240447998,
      "total": 11.14298152923584
    }
  },
  "2100": {
    "training_loss": 8199.072265625,
    "validation_loss": [
      3266.83544921875
    ],
    "validation_chi2s": {
      "DEUTERON": 2.798424564190765,
      "NMC": 2.95433074352788,
      "NUCLEAR": 2.1435927734375,
      "HERACOMB": 2.5062311708537583,
      "DYE886": 4.317113009366122,
      "CDF": 1.1931288582938058,
      "D0": 3.1280710220336916,
      "ATLAS": 2.800931930541992,
      "CMS": 3.8514932772008383,
      "LHCb": 4.1493024826049805,
      "total": 2.7589502334594727
    }
  },
  "2200": {
    "training_loss": 8178.26513671875,
    "validation_loss": [
      3251.590087890625
    ],
    "validation_chi2s": {
      "DEUTERON": 2.7662690575443096,
      "NMC": 2.9376851998123468,
      "NUCLEAR": 2.125125244140625,
      "HERACOMB": 2.5101332321665644,
      "DYE886": 4.22066255049272,
      "CDF": 1.1482701982770647,
      "D0": 2.9209781646728517,
      "ATLAS": 2.8032731142911045,
      "CMS": 3.846429840336001,
      "LHCb": 4.136104106903076,
      "total": 2.745473861694336
    }
  },
  "2300": {
    "training_loss": 8158.3125,
    "validation_loss": [
      3236.19482421875
    ],
    "validation_chi2s": {
      "DEUTERON": 2.749162512632152,
      "NMC": 2.9325735054764093,
      "NUCLEAR": 2.106146728515625,
      "HERACOMB": 2.5116617040696485,
      "DYE886": 4.163374467329546,
      "CDF": 1.1095357622419084,
      "D0": 2.6185304641723635,
      "ATLAS": 2.7955975966020064,
      "CMS": 3.8328165193883383,
      "LHCb": 4.122511863708496,
      "total": 2.731898546218872
    }
  },
  "2400": {
    "training_loss": 8166.9013671875,
    "validation_loss": [
      3237.47705078125
    ],
    "validation_chi2s": {
      "DEUTERON": 2.7655424051616917,
      "NMC": 2.9261956308402266,
      "NUCLEAR": 2.101861328125,
      "HERACOMB": 2.504766526565053,
      "DYE886": 3.8655853271484375,
      "CDF": 1.1388117926461356,
      "D0": 2.557201957702637,
      "ATLAS": 2.820562882856889,
      "CMS": 3.8668123570884148,
      "LHCb": 4.193718910217285,
      "total": 2.73502254486084
    }
  },
  "2500": {
    "training_loss": 17844.521484375,
    "validation_loss": [
      60985.27734375
    ],
    "validation_chi2s": {
      "DEUTERON": 279.505810789801,
      "NMC": 3.133233762254902,
      "NUCLEAR": 2.819368408203125,
      "HERACOMB": 2.608505348754085,
      "DYE886": 34.87115478515625,
      "CDF": 1.7181614467075892,
      "D0": 17.9221923828125,
      "ATLAS": 5.557988253506747,
      "CMS": 7.058868160092734,
      "LHCb": 8.035128593444824,
      "total": 51.702457427978516
    }
  },
  "2600": {
    "training_loss": 8702.853515625,
    "validation_loss": [
      3289.0439453125
    ],
    "validation_chi2s": {
      "DEUTERON": 2.838633978544776,
      "NMC": 3.1502263686236214,
      "NUCLEAR": 2.120910888671875,
      "HERACOMB": 2.471951154322406,
      "DYE886": 5.595530770041726,
      "CDF": 1.2058405194963728,
      "D0": 3.363312530517578,
      "ATLAS": 2.7389569716020064,
      "CMS": 3.801029856612043,
      "LHCb": 3.9917237758636475,
      "total": 2.7677125930786133
    }
  },
  "2700": {
    "training_loss": 8250.359375,
    "validation_loss": [
      3241.06298828125
    ],
    "validation_chi2s": {
      "DEUTERON": 2.9071454859491603,
      "NMC": 2.9333669625076593,
      "NUCLEAR": 2.0338173828125,
      "HERACOMB": 2.5076226128472223,
      "DYE886": 4.267502871426669,
      "CDF": 1.2797487803867884,
      "D0": 2.5808746337890627,
      "ATLAS": 2.8316225572065874,
      "CMS": 3.74792877445376,
      "LHCb": 3.9733519554138184,
      "total": 2.737593412399292
    }
  },
  "2800": {
    "training_loss": 8557.9462890625,
    "validation_loss": [
      3316.5751953125
    ],
    "validation_chi2s": {
      "DEUTERON": 2.7495514978816855,
      "NMC": 3.083575080422794,
      "NUCLEAR": 2.044977783203125,
      "HERACOMB": 2.5412212695950775,
      "DYE886": 3.9393657337535513,
      "CDF": 1.1084480285644531,
      "D0": 3.053088569641113,
      "ATLAS": 2.9083886580033735,
      "CMS": 4.065407605675178,
      "LHCb": 5.324097633361816,
      "total": 2.806476354598999
    }
  },
  "2900": {
    "training_loss": 8104.798828125,
    "validation_loss": [
      3278.230712890625
    ],
    "validation_chi2s": {
      "DEUTERON": 3.1792441600590795,
      "NMC": 3.0740212833180145,
      "NUCLEAR": 2.0690810546875,
      "HERACOMB": 2.474783903633068,
      "DYE886": 3.278626875443892,
      "CDF": 1.1554611751011439,
      "D0": 2.372384452819824,
      "ATLAS": 2.7576059861616655,
      "CMS": 3.8132510301543445,
      "LHCb": 4.254026889801025,
      "total": 2.7714741230010986
    }
  },
  "3000": {
    "training_loss": 7932.1162109375,
    "validation_loss": [
      3098.401611328125
    ],
    "validation_chi2s": {
      "DEUTERON": 2.352920456312189,
      "NMC": 2.909099204867494,
      "NUCLEAR": 1.97380419921875,
      "HERACOMB": 2.550723406224469,
      "DYE886": 3.0327959927645596,
      "CDF": 1.0417142595563615,
      "D0": 2.9982793807983397,
      "ATLAS": 2.7682375474409624,
      "CMS": 3.7974647584000256,
      "LHCb": 4.3124165534973145,
      "total": 2.6244187355041504
    }
  },
  "3100": {
    "training_loss": 7906.1376953125,
    "validation_loss": [
      3093.345703125
    ],
    "validation_chi2s": {
      "DEUTERON": 2.3313396700579134,
      "NMC": 2.887474209654565,
      "NUCLEAR": 1.9628201904296876,
      "HERACOMB": 2.5494831558925655,
      "DYE886": 3.0704241665926846,
      "CDF": 1.0356181008475167,
      "D0": 3.088996696472168,
      "ATLAS": 2.7783435474742544,
      "CMS": 3.795156587430132,
      "LHCb": 4.369956016540527,
      "total": 2.621415376663208
    }
  },
  "3200": {
    "training_loss": 7908.62548828125,
    "validation_loss": [
      3083.806640625
    ],
    "validation_chi2s": {
      "DEUTERON": 2.3431595380033428,
      "NMC": 2.915257771809896,
      "NUCLEAR": 1.958413818359375,
      "HERACOMB": 2.5292619692733864,
      "DYE886": 3.037944793701172,
      "CDF": 1.0234745570591517,
      "D0": 3.0447824478149412,
      "ATLAS": 2.759408950805664,
      "CMS": 3.7856440350292173,
      "LHCb": 4.402684688568115,
      "total": 2.614459991455078
    }
  },
  "3300": {
    "training_loss": 7904.46826171875,
    "validation_loss": [
      3079.576416015625
    ],
    "validation_chi2s": {
      "DEUTERON": 2.3435327330631996,
      "NMC": 2.909761915019914,
      "NUCLEAR": 1.9585494384765625,
      "HERACOMB": 2.526279424530229,
      "DYE886": 3.0247827009721235,
      "CDF": 1.027214459010533,
      "D0": 3.0438013076782227,
      "ATLAS": 2.7486405806107954,
      "CMS": 3.782691025152439,
      "LHCb": 4.398405075073242,
      "total": 2.611274480819702
    }
  },
  "3400": {
    "training_loss": 7893.99658203125,
    "validation_loss": [
      3078.12841796875
    ],
    "validation_chi2s": {
      "DEUTERON": 2.3389687609316696,
      "NMC": 2.8941650390625,
      "NUCLEAR": 1.959850830078125,
      "HERACOMB": 2.5271917604932597,
      "DYE886": 3.0278677506880327,
      "CDF": 1.0362868309020996,
      "D0": 3.0736976623535157,
      "ATLAS": 2.750746813687411,
      "CMS": 3.7836489793730945,
      "LHCb": 4.377614974975586,
      "total": 2.610548973083496
    }
  },
  "3500": {
    "training_loss": 7887.1220703125,
    "validation_loss": [
      3076.1884765625
    ],
    "validation_chi2s": {
      "DEUTERON": 2.3375013360929726,
      "NMC": 2.8844086890127145,
      "NUCLEAR": 1.9613184814453124,
      "HERACOMB": 2.5255910836014093,
      "DYE886": 3.0248354131525215,
      "CDF": 1.0428049904959542,
      "D0": 3.0832395553588867,
      "ATLAS": 2.7513757185502485,
      "CMS": 3.781691140275661,
      "LHCb": 4.3622965812683105,
      "total": 2.6093082427978516
    }
  },
  "3600": {
    "training_loss": 7880.37451171875,
    "validation_loss": [
      3074.84423828125
    ],
    "validation_chi2s": {
      "DEUTERON": 2.342914790063355,
      "NMC": 2.8892158059512867,
      "NUCLEAR": 1.9618150634765625,
      "HERACOMB": 2.5156788545496322,
      "DYE886": 3.0392705743963067,
      "CDF": 1.052187374659947,
      "D0": 3.1052053451538084,
      "ATLAS": 2.7556610107421875,
      "CMS": 3.778822487931911,
      "LHCb": 4.352763652801514,
      "total": 2.6085641384124756
    }
  },
  "3700": {
    "training_loss": 7874.580078125,
    "validation_loss": [
      3074.66357421875
    ],
    "validation_chi2s": {
      "DEUTERON": 2.343730565920398,
      "NMC": 2.8808127010569855,
      "NUCLEAR": 1.963894287109375,
      "HERACOMB": 2.512515198950674,
      "DYE886": 3.05933276089755,
      "CDF": 1.0694988114493233,
      "D0": 3.114759063720703,
      "ATLAS": 2.759003379128196,
      "CMS": 3.7798687694518547,
      "LHCb": 4.330461502075195,
      "total": 2.608520269393921
    }
  },
  "3800": {
    "training_loss": 7867.5947265625,
    "validation_loss": [
      3076.22021484375
    ],
    "validation_chi2s": {
      "DEUTERON": 2.3405242464435636,
      "NMC": 2.8668156044155944,
      "NUCLEAR": 1.966310546875,
      "HERACOMB": 2.5124435923457926,
      "DYE886": 3.0869501287286933,
      "CDF": 1.089388711111886,
      "D0": 3.1374591827392577,
      "ATLAS": 2.770050048828125,
      "CMS": 3.7815348307291665,
      "LHCb": 4.311688423156738,
      "total": 2.6100029945373535
    }
  },
  "3900": {
    "training_loss": 7861.91796875,
    "validation_loss": [
      3077.93798828125
    ],
    "validation_chi2s": {
      "DEUTERON": 2.3394433775944496,
      "NMC": 2.858189900716146,
      "NUCLEAR": 1.9690694580078125,
      "HERACOMB": 2.510968177147161,
      "DYE886": 3.112367803400213,
      "CDF": 1.1092883518763952,
      "D0": 3.159622573852539,
      "ATLAS": 2.7793615514581855,
      "CMS": 3.782993471719385,
      "LHCb": 4.298171520233154,
      "total": 2.6116044521331787
    }
  },
  "4000": {
    "training_loss": 7858.8056640625,
    "validation_loss": [
      3077.416015625
    ],
    "validation_chi2s": {
      "DEUTERON": 2.3419263849210976,
      "NMC": 2.8547695384306064,
      "NUCLEAR": 1.9708924560546874,
      "HERACOMB": 2.5092290741166257,
      "DYE886": 3.113848252729936,
      "CDF": 1.1236836569649833,
      "D0": 3.1486297607421876,
      "ATLAS": 2.776712244207209,
      "CMS": 3.7844836227292937,
      "LHCb": 4.285593032836914,
      "total": 2.611253023147583
    }
  },
  "4100": {
    "training_loss": 7854.966796875,
    "validation_loss": [
      3077.67919921875
    ],
    "validation_chi2s": {
      "DEUTERON": 2.3452330631996268,
      "NMC": 2.855037016027114,
      "NUCLEAR": 1.972589111328125,
      "HERACOMB": 2.5049819447635824,
      "DYE886": 3.1278079639781606,
      "CDF": 1.1375597545078822,
      "D0": 3.145694923400879,
      "ATLAS": 2.779470617120916,
      "CMS": 3.785571090574187,
      "LHCb": 4.276680946350098,
      "total": 2.611687421798706
    }
  },
  "4200": {
    "training_loss": 7855.06591796875,
    "validation_loss": [
      3074.684814453125
    ],
    "validation_chi2s": {
      "DEUTERON": 2.3355854091359607,
      "NMC": 2.8291383631089153,
      "NUCLEAR": 1.973322021484375,
      "HERACOMB": 2.519063513263378,
      "DYE886": 3.0959049571644175,
      "CDF": 1.1434474672589983,
      "D0": 3.0886722564697267,
      "ATLAS": 2.7607288360595703,
      "CMS": 3.792556886750508,
      "LHCb": 4.2509765625,
      "total": 2.608919382095337
    }
  },
  "4300": {
    "training_loss": 7850.52490234375,
    "validation_loss": [
      3074.48583984375
    ],
    "validation_chi2s": {
      "DEUTERON": 2.332438910185401,
      "NMC": 2.8229603486902572,
      "NUCLEAR": 1.972364013671875,
      "HERACOMB": 2.521231258616728,
      "DYE886": 3.1043465354225854,
      "CDF": 1.1575780596051897,
      "D0": 3.0928155899047853,
      "ATLAS": 2.763287804343484,
      "CMS": 3.7914686745744413,
      "LHCb": 4.239462852478027,
      "total": 2.608707904815674
    }
  },
  "4400": {
    "training_loss": 7846.27392578125,
    "validation_loss": [
      3078.14013671875
    ],
    "validation_chi2s": {
      "DEUTERON": 2.328148837113262,
      "NMC": 2.8081120509727326,
      "NUCLEAR": 1.9729415283203124,
      "HERACOMB": 2.531646728515625,
      "DYE886": 3.140078804709695,
      "CDF": 1.1714112418038505,
      "D0": 3.0899995803833007,
      "ATLAS": 2.766203620217063,
      "CMS": 3.799737945804751,
      "LHCb": 4.221213340759277,
      "total": 2.611690044403076
    }
  },
  "4500": {
    "training_loss": 7848.13916015625,
    "validation_loss": [
      3072.032470703125
    ],
    "validation_chi2s": {
      "DEUTERON": 2.332881490982587,
      "NMC": 2.8218715892118564,
      "NUCLEAR": 1.971217041015625,
      "HERACOMB": 2.5110006893382355,
      "DYE886": 3.13170727816495,
      "CDF": 1.1774065835135323,
      "D0": 3.043758773803711,
      "ATLAS": 2.777151107788086,
      "CMS": 3.783679000730437,
      "LHCb": 4.229804515838623,
      "total": 2.607043504714966
    }
  },
  "4600": {
    "training_loss": 7843.26513671875,
    "validation_loss": [
      3074.17919921875
    ],
    "validation_chi2s": {
      "DEUTERON": 2.3277927987018034,
      "NMC": 2.812479355755974,
      "NUCLEAR": 1.9700966796875,
      "HERACOMB": 2.5192208882250817,
      "DYE886": 3.1581680991432886,
      "CDF": 1.1960656302315849,
      "D0": 3.0400781631469727,
      "ATLAS": 2.777896360917525,
      "CMS": 3.785748737614329,
      "LHCb": 4.230773448944092,
      "total": 2.608593225479126
    }
  },
  "4700": {
    "training_loss": 7838.0419921875,
    "validation_loss": [
      3073.62060546875
    ],
    "validation_chi2s": {
      "DEUTERON": 2.357478355293843,
      "NMC": 2.864587522020527,
      "NUCLEAR": 1.970903564453125,
      "HERACOMB": 2.485345179738562,
      "DYE886": 3.1770633350719106,
      "CDF": 1.2058704921177454,
      "D0": 3.045591354370117,
      "ATLAS": 2.785985599864613,
      "CMS": 3.7765227527153202,
      "LHCb": 4.258703231811523,
      "total": 2.608747959136963
    }
  },
  "4800": {
    "training_loss": 7841.18505859375,
    "validation_loss": [
      3071.3125
    ],
    "validation_chi2s": {
      "DEUTERON": 2.3455427938432836,
      "NMC": 2.835375617532169,
      "NUCLEAR": 1.9648807373046875,
      "HERACOMB": 2.50254811804279,
      "DYE886": 3.1970443725585938,
      "CDF": 1.2010387693132674,
      "D0": 2.984409713745117,
      "ATLAS": 2.771540034901012,
      "CMS": 3.7773489603182164,
      "LHCb": 4.254814147949219,
      "total": 2.6062848567962646
    }
  },
  "4900": {
    "training_loss": 7832.96142578125,
    "validation_loss": [
      3076.3056640625
    ],
    "validation_chi2s": {
      "DEUTERON": 2.3280547032901895,
      "NMC": 2.7898152669270835,
      "NUCLEAR": 1.9677738037109376,
      "HERACOMB": 2.5289476182725696,
      "DYE886": 3.2034981467507104,
      "CDF": 1.2218132019042969,
      "D0": 3.0035221099853517,
      "ATLAS": 2.7713274522261186,
      "CMS": 3.8045773389862805,
      "LHCb": 4.184940338134766,
      "total": 2.610119342803955
    }
  },
  "5000": {
    "training_loss": 7833.61328125,
    "validation_loss": [
      3074.371826171875
    ],
    "validation_chi2s": {
      "DEUTERON": 2.3394480842856034,
      "NMC": 2.811850155101103,
      "NUCLEAR": 1.9726270751953126,
      "HERACOMB": 2.517831440844567,
      "DYE886": 3.154402646151456,
      "CDF": 1.2259582792009627,
      "D0": 2.9241844177246095,
      "ATLAS": 2.7582440809770064,
      "CMS": 3.8078355246443087,
      "LHCb": 4.2147040367126465,
      "total": 2.608788013458252
    }
  },
  "5100": {
    "training_loss": 7856.60791015625,
    "validation_loss": [
      3058.67822265625
    ],
    "validation_chi2s": {
      "DEUTERON": 2.4038949843069806,
      "NMC": 2.965694651884191,
      "NUCLEAR": 1.9632537841796875,
      "HERACOMB": 2.4489885716656454,
      "DYE886": 3.0181198120117188,
      "CDF": 1.1904777799333846,
      "D0": 2.685804557800293,
      "ATLAS": 2.732115312056108,
      "CMS": 3.756221864281631,
      "LHCb": 4.3555097579956055,
      "total": 2.596325397491455
    }
  },
  "5200": {
    "training_loss": 7822.50244140625,
    "validation_loss": [
      3073.9599609375
    ],
    "validation_chi2s": {
      "DEUTERON": 2.3340747131043997,
      "NMC": 2.7732056262446383,
      "NUCLEAR": 1.9701865234375,
      "HERACOMB": 2.5279702579273895,
      "DYE886": 3.2018505443226206,
      "CDF": 1.2200671604701452,
      "D0": 2.8866010665893556,
      "ATLAS": 2.7617405978116123,
      "CMS": 3.8219735990694867,
      "LHCb": 4.122098445892334,
      "total": 2.6083290576934814
    }
  },
  "5300": {
    "training_loss": 7846.06396484375,
    "validation_loss": [
      3058.212158203125
    ],
    "validation_chi2s": {
      "DEUTERON": 2.4174812278937345,
      "NMC": 2.9607657638250613,
      "NUCLEAR": 1.9662115478515625,
      "HERACOMB": 2.4477397444980595,
      "DYE886": 3.0067388361150567,
      "CDF": 1.2057451520647322,
      "D0": 2.588955116271973,
      "ATLAS": 2.7094142220237036,
      "CMS": 3.7804895416507875,
      "LHCb": 4.3237199783325195,
      "total": 2.5960681438446045
    }
  },
  "5400": {
    "training_loss": 7817.2353515625,
    "validation_loss": [
      3077.89892578125
    ],
    "validation_chi2s": {
      "DEUTERON": 2.39222072012982,
      "NMC": 2.8573189529718137,
      "NUCLEAR": 1.97125927734375,
      "HERACOMB": 2.4588878357332518,
      "DYE886": 3.353958476673473,
      "CDF": 1.2532855442592077,
      "D0": 2.987672805786133,
      "ATLAS": 2.805257970636541,
      "CMS": 3.7827237757240852,
      "LHCb": 4.196423053741455,
      "total": 2.6124932765960693
    }
  },
  "5500": {
    "training_loss": 7822.85302734375,
    "validation_loss": [
      3073.903076171875
    ],
    "validation_chi2s": {
      "DEUTERON": 2.348251418687811,
      "NMC": 2.791941025677849,
      "NUCLEAR": 1.96316455078125,
      "HERACOMB": 2.511608846826491,
      "DYE886": 3.217718644575639,
      "CDF": 1.2578887939453125,
      "D0": 2.8838001251220704,
      "ATLAS": 2.7696878259832207,
      "CMS": 3.8182894078696648,
      "LHCb": 4.18264627456665,
      "total": 2.6087634563446045
    }
  },
  "5600": {
    "training_loss": 7859.36865234375,
    "validation_loss": [
      3051.1953125
    ],
    "validation_chi2s": {
      "DEUTERON": 2.3952671639361784,
      "NMC": 2.9033894258386947,
      "NUCLEAR": 1.963111328125,
      "HERACOMB": 2.459982080397263,
      "DYE886": 3.0206871032714844,
      "CDF": 1.2220765522548132,
      "D0": 2.5952383041381837,
      "ATLAS": 2.6982831087979404,
      "CMS": 3.7812276700647867,
      "LHCb": 4.281104564666748,
      "total": 2.5899829864501953
    }
  },
  "5700": {
    "training_loss": 7827.9462890625,
    "validation_loss": [
      3056.23291015625
    ],
    "validation_chi2s": {
      "DEUTERON": 2.3438772324898944,
      "NMC": 2.821245081284467,
      "NUCLEAR": 1.9652763671875,
      "HERACOMB": 2.4797285491344976,
      "DYE886": 3.1730110862038354,
      "CDF": 1.2698865618024553,
      "D0": 2.8224376678466796,
      "ATLAS": 2.758102070201527,
      "CMS": 3.774448301733994,
      "LHCb": 4.188876152038574,
      "total": 2.5940284729003906
    }
  },
  "5800": {
    "training_loss": 7861.49609375,
    "validation_loss": [
      3048.56494140625
    ],
    "validation_chi2s": {
      "DEUTERON": 2.3952495518015393,
      "NMC": 2.906871421664369,
      "NUCLEAR": 1.96139208984375,
      "HERACOMB": 2.4502030914905024,
      "DYE886": 3.019607890735973,
      "CDF": 1.2392539978027344,
      "D0": 2.5386545181274416,
      "ATLAS": 2.7092375321821733,
      "CMS": 3.780584319820249,
      "LHCb": 4.26071310043335,
      "total": 2.587843179702759
    }
  },
  "5900": {
    "training_loss": 7812.8759765625,
    "validation_loss": [
      3063.830810546875
    ],
    "validation_chi2s": {
      "DEUTERON": 2.3187667315279072,
      "NMC": 2.7655457141352633,
      "NUCLEAR": 1.96500048828125,
      "HERACOMB": 2.5166919184666052,
      "DYE886": 3.202659260142933,
      "CDF": 1.2764061519077845,
      "D0": 2.81402587890625,
      "ATLAS": 2.763710715553977,
      "CMS": 3.808551571233486,
      "LHCb": 4.112445831298828,
      "total": 2.599719524383545
    }
  },
  "6000": {
    "training_loss": 7851.94189453125,
    "validation_loss": [
      3045.89013671875
    ],
    "validation_chi2s": {
      "DEUTERON": 2.397840661195973,
      "NMC": 2.9254742790670956,
      "NUCLEAR": 1.958825439453125,
      "HERACOMB": 2.441579980787888,
      "DYE886": 3.068963484330611,
      "CDF": 1.2403406415666853,
      "D0": 2.5678829193115233,
      "ATLAS": 2.7065433155406606,
      "CMS": 3.7630972513338414,
      "LHCb": 4.273724555969238,
      "total": 2.5856070518493652
    }
  },
  "6100": {
    "training_loss": 7820.3046875,
    "validation_loss": [
      3060.427001953125
    ],
    "validation_chi2s": {
      "DEUTERON": 2.3964118008589863,
      "NMC": 2.9122631596583948,
      "NUCLEAR": 1.958835205078125,
      "HERACOMB": 2.454370037402982,
      "DYE886": 3.065254905007102,
      "CDF": 1.2756622859409876,
      "D0": 2.630306434631348,
      "ATLAS": 2.7471011768687856,
      "CMS": 3.775812164554751,
      "LHCb": 4.33883810043335,
      "total": 2.597942352294922
    }
  },
  "6200": {
    "training_loss": 7815.3447265625,
    "validation_loss": [
      3080.71240234375
    ],
    "validation_chi2s": {
      "DEUTERON": 2.378161074510261,
      "NMC": 2.913766898360907,
      "NUCLEAR": 1.956835693359375,
      "HERACOMB": 2.474202872880923,
      "DYE886": 3.060283660888672,
      "CDF": 1.3067704609462194,
      "D0": 2.6717245101928713,
      "ATLAS": 2.809792258522727,
      "CMS": 3.803296096925813,
      "LHCb": 4.442187309265137,
      "total": 2.615108013153076
    }
  },
  "6300": {
    "training_loss": 7840.1728515625,
    "validation_loss": [
      3045.7421875
    ],
    "validation_chi2s": {
      "DEUTERON": 2.407327680445429,
      "NMC": 2.934487137140012,
      "NUCLEAR": 1.9603480224609375,
      "HERACOMB": 2.438101176342933,
      "DYE886": 3.024619709361683,
      "CDF": 1.2502223423549108,
      "D0": 2.481993293762207,
      "ATLAS": 2.701518492265181,
      "CMS": 3.7658435852547,
      "LHCb": 4.288486957550049,
      "total": 2.5854740142822266
    }
  },
  "6400": {
    "training_loss": 7818.650390625,
    "validation_loss": [
      3042.428466796875
    ],
    "validation_chi2s": {
      "DEUTERON": 2.4049798007035137,
      "NMC": 2.9420267740885415,
      "NUCLEAR": 1.96167431640625,
      "HERACOMB": 2.4301955279181984,
      "DYE886": 3.0578297701748935,
      "CDF": 1.2328677858625139,
      "D0": 2.4778606414794924,
      "ATLAS": 2.699526006525213,
      "CMS": 3.767910096703506,
      "LHCb": 4.238604545593262,
      "total": 2.582672595977783
    }
  },
  "6500": {
    "training_loss": 7811.32275390625,
    "validation_loss": [
      3049.632568359375
    ],
    "validation_chi2s": {
      "DEUTERON": 2.3564000675334267,
      "NMC": 2.8294139188878678,
      "NUCLEAR": 1.964104736328125,
      "HERACOMB": 2.470190110549428,
      "DYE886": 3.1367340087890625,
      "CDF": 1.2552784511021204,
      "D0": 2.552206039428711,
      "ATLAS": 2.741649454290217,
      "CMS": 3.794970504636687,
      "LHCb": 4.127073287963867,
      "total": 2.588740348815918
    }
  },
  "6600": {
    "training_loss": 7831.6640625,
    "validation_loss": [
      3054.3623046875
    ],
    "validation_chi2s": {
      "DEUTERON": 2.3843306356401586,
      "NMC": 2.8855483111213234,
      "NUCLEAR": 1.96679443359375,
      "HERACOMB": 2.4422868716171364,
      "DYE886": 3.1720060868696733,
      "CDF": 1.2878551483154297,
      "D0": 2.5280643463134767,
      "ATLAS": 2.7640457153320312,
      "CMS": 3.778200475181021,
      "LHCb": 4.17520809173584,
      "total": 2.5928092002868652
    }
  },
  "6700": {
    "training_loss": 7809.61572265625,
    "validation_loss": [
      3049.687744140625
    ],
    "validation_chi2s": {
      "DEUTERON": 2.3581394176578048,
      "NMC": 2.8238797655292585,
      "NUCLEAR": 1.9615396728515626,
      "HERACOMB": 2.478084589141646,
      "DYE886": 3.1044543873180044,
      "CDF": 1.2584434236798967,
      "D0": 2.496698760986328,
      "ATLAS": 2.7342926372181284,
      "CMS": 3.7969995514164125,
      "LHCb": 4.144187927246094,
      "total": 2.5888261795043945
    }
  },
  "6800": {
    "training_loss": 7816.21728515625,
    "validation_loss": [
      3048.009521484375
    ],
    "validation_chi2s": {
      "DEUTERON": 2.4137208853194965,
      "NMC": 2.974995631797641,
      "NUCLEAR": 1.96119921875,
      "HERACOMB": 2.4222543753829657,
      "DYE886": 3.043706026944247,
      "CDF": 1.2471912928989954,
      "D0": 2.4765380859375,
      "ATLAS": 2.7241044477982954,
      "CMS": 3.751605026121062,
      "LHCb": 4.31968355178833,
      "total": 2.5874104499816895
    }
  },
  "6900": {
    "training_loss": 7804.61376953125,
    "validation_loss": [
      3053.377685546875
    ],
    "validation_chi2s": {
      "DEUTERON": 2.3376739653781873,
      "NMC": 2.8019056133195464,
      "NUCLEAR": 1.9625487060546876,
      "HERACOMB": 2.4739948347503065,
      "DYE886": 3.2164247686212715,
      "CDF": 1.2960681915283203,
      "D0": 2.6828214645385744,
      "ATLAS": 2.7762957486239346,
      "CMS": 3.7707762679433436,
      "LHCb": 4.178085803985596,
      "total": 2.5918874740600586
    }
  },
  "7000": {
    "training_loss": 7829.38330078125,
    "validation_loss": [
      3044.114013671875
    ],
    "validation_chi2s": {
      "DEUTERON": 2.401963570817786,
      "NMC": 2.94230681774663,
      "NUCLEAR": 1.965210205078125,
      "HERACOMB": 2.431003346162684,
      "DYE886": 3.0167055996981533,
      "CDF": 1.295698983328683,
      "D0": 2.3955738067626955,
      "ATLAS": 2.71872295032848,
      "CMS": 3.754381877620046,
      "LHCb": 4.260792255401611,
      "total": 2.5840957164764404
    }
  },
  "7100": {
    "training_loss": 7877.470703125,
    "validation_loss": [
      3043.201171875
    ],
    "validation_chi2s": {
      "DEUTERON": 2.400218451201026,
      "NMC": 2.9203694661458335,
      "NUCLEAR": 1.96678125,
      "HERACOMB": 2.4468451605902777,
      "DYE886": 3.028536016290838,
      "CDF": 1.270627430507115,
      "D0": 2.3706817626953125,
      "ATLAS": 2.6808511560613457,
      "CMS": 3.776028764926321,
      "LHCb": 4.241689682006836,
      "total": 2.583240509033203
    }
  },
  "7200": {
    "training_loss": 7820.712890625,
    "validation_loss": [
      3036.986083984375
    ],
    "validation_chi2s": {
      "DEUTERON": 2.397864498309235,
      "NMC": 2.93938341327742,
      "NUCLEAR": 1.9670316162109376,
      "HERACOMB": 2.418798508986928,
      "DYE886": 3.051085038618608,
      "CDF": 1.2743102482386999,
      "D0": 2.412216377258301,
      "ATLAS": 2.7120019739324395,
      "CMS": 3.741039989440422,
      "LHCb": 4.2358574867248535,
      "total": 2.5780673027038574
    }
  },
  "7300": {
    "training_loss": 7789.72998046875,
    "validation_loss": [
      3061.7822265625
    ],
    "validation_chi2s": {
      "DEUTERON": 2.34830956909787,
      "NMC": 2.792654000076593,
      "NUCLEAR": 1.971977294921875,
      "HERACOMB": 2.5018597771139706,
      "DYE886": 3.124849492853338,
      "CDF": 1.2785273960658483,
      "D0": 2.4480186462402345,
      "ATLAS": 2.761389125477184,
      "CMS": 3.8126084242409806,
      "LHCb": 4.100072860717773,
      "total": 2.598755121231079
    }
  },
  "7400": {
    "training_loss": 7815.7900390625,
    "validation_loss": [
      3037.92236328125
    ],
    "validation_chi2s": {
      "DEUTERON": 2.406175603914024,
      "NMC": 2.956821516448376,
      "NUCLEAR": 1.9606641845703126,
      "HERACOMB": 2.4195784026501226,
      "DYE886": 2.9937605424360796,
      "CDF": 1.2454310825892858,
      "D0": 2.3684612274169923,
      "ATLAS": 2.71813288601962,
      "CMS": 3.732729283774771,
      "LHCb": 4.284154415130615,
      "total": 2.578838348388672
    }
  },
  "7500": {
    "training_loss": 7809.12255859375,
    "validation_loss": [
      3048.850830078125
    ],
    "validation_chi2s": {
      "DEUTERON": 2.360576420874145,
      "NMC": 2.8416885675168504,
      "NUCLEAR": 1.97002197265625,
      "HERACOMB": 2.478906170215482,
      "DYE886": 3.0774837840687144,
      "CDF": 1.302884238106864,
      "D0": 2.425607109069824,
      "ATLAS": 2.716405001553622,
      "CMS": 3.7915929778804625,
      "LHCb": 4.142884254455566,
      "total": 2.5879111289978027
    }
  },
  "7600": {
    "training_loss": 7840.16357421875,
    "validation_loss": [
      3038.24951171875
    ],
    "validation_chi2s": {
      "DEUTERON": 2.400525600755986,
      "NMC": 2.947791903626685,
      "NUCLEAR": 1.96259228515625,
      "HERACOMB": 2.420877892986622,
      "DYE886": 3.0236712369051846,
      "CDF": 1.2450624193464006,
      "D0": 2.415929412841797,
      "ATLAS": 2.716133637861772,
      "CMS": 3.7431189064087906,
      "LHCb": 4.252744674682617,
      "total": 2.579122543334961
    }
  },
  "7700": {
    "training_loss": 7800.17724609375,
    "validation_loss": [
      3045.63916015625
    ],
    "validation_chi2s": {
      "DEUTERON": 2.392026227505053,
      "NMC": 2.9357742608762254,
      "NUCLEAR": 1.9665035400390625,
      "HERACOMB": 2.432910395603554,
      "DYE886": 3.0385284423828125,
      "CDF": 1.275320598057338,
      "D0": 2.4145475387573243,
      "ATLAS": 2.733711069280451,
      "CMS": 3.7481736594099337,
      "LHCb": 4.279282569885254,
      "total": 2.585427761077881
    }
  },
  "7800": {
    "training_loss": 7777.7763671875,
    "validation_loss": [
      3073.59765625
    ],
    "validation_chi2s": {
      "DEUTERON": 2.3165926957011815,
      "NMC": 2.7295975030637254,
      "NUCLEAR": 1.97096240234375,
      "HERACOMB": 2.5245770223779616,
      "DYE886": 3.254305059259588,
      "CDF": 1.3301831654139928,
      "D0": 2.7660261154174806,
      "ATLAS": 2.8052935166792436,
      "CMS": 3.812543915539253,
      "LHCb": 4.093048095703125,
      "total": 2.6080849170684814
    }
  },
  "7900": {
    "training_loss": 7826.12060546875,
    "validation_loss": [
      3040.184326171875
    ],
    "validation_chi2s": {
      "DEUTERON": 2.4207753043862716,
      "NMC": 2.9896769804113053,
      "NUCLEAR": 1.967209228515625,
      "HERACOMB": 2.413795221864788,
      "DYE886": 3.0068706165660513,
      "CDF": 1.2630229677472795,
      "D0": 2.2938348770141603,
      "ATLAS": 2.708146008578214,
      "CMS": 3.7427869347052845,
      "LHCb": 4.240789413452148,
      "total": 2.5807347297668457
    }
  },
  "8000": {
    "training_loss": 7792.5458984375,
    "validation_loss": [
      3048.18017578125
    ],
    "validation_chi2s": {
      "DEUTERON": 2.337517278111396,
      "NMC": 2.8031305051317403,
      "NUCLEAR": 1.966406494140625,
      "HERACOMB": 2.4721490199269813,
      "DYE886": 3.153776689009233,
      "CDF": 1.2946830477033342,
      "D0": 2.5665542602539064,
      "ATLAS": 2.772701610218395,
      "CMS": 3.7614034016927085,
      "LHCb": 4.141589164733887,
      "total": 2.587580680847168
    }
  },
  "8100": {
    "training_loss": 7812.05712890625,
    "validation_loss": [
      3035.12451171875
    ],
    "validation_chi2s": {
      "DEUTERON": 2.3780487212375623,
      "NMC": 2.9251697016697302,
      "NUCLEAR": 1.9721146240234375,
      "HERACOMB": 2.431475471047794,
      "DYE886": 3.059106306596236,
      "CDF": 1.2774723597935267,
      "D0": 2.347484588623047,
      "ATLAS": 2.7019485126842153,
      "CMS": 3.7779010059387703,
      "LHCb": 4.09053373336792,
      "total": 2.576460838317871
    }
  },
  "8200": {
    "training_loss": 7829.18505859375,
    "validation_loss": [
      3030.845703125
    ],
    "validation_chi2s": {
      "DEUTERON": 2.3863162519919934,
      "NMC": 2.9393148983226105,
      "NUCLEAR": 1.9703514404296876,
      "HERACOMB": 2.4120499355341094,
      "DYE886": 3.0353660583496094,
      "CDF": 1.203216552734375,
      "D0": 2.4049972534179687,
      "ATLAS": 2.7122128226540307,
      "CMS": 3.7446693482437756,
      "LHCb": 4.169228553771973,
      "total": 2.572868585586548
    }
  },
  "8300": {
    "training_loss": 7787.36376953125,
    "validation_loss": [
      3062.45263671875
    ],
    "validation_chi2s": {
      "DEUTERON": 2.3589964909340018,
      "NMC": 2.8918893851485907,
      "NUCLEAR": 1.9707774658203125,
      "HERACOMB": 2.4584909077563317,
      "DYE886": 3.0449988625266333,
      "CDF": 1.3227999550955636,
      "D0": 2.553025817871094,
      "ATLAS": 2.788429953835227,
      "CMS": 3.7888635154662094,
      "LHCb": 4.2887091636657715,
      "total": 2.5997025966644287
    }
  },
  "8400": {
    "training_loss": 7820.21337890625,
    "validation_loss": [
      3034.50341796875
    ],
    "validation_chi2s": {
      "DEUTERON": 2.3671979761835353,
      "NMC": 2.8955036238128065,
      "NUCLEAR": 1.969892333984375,
      "HERACOMB": 2.4489000108506946,
      "DYE886": 3.0249401439319956,
      "CDF": 1.2348974772862025,
      "D0": 2.4047735214233397,
      "ATLAS": 2.698823408647017,
      "CMS": 3.7622144745617376,
      "LHCb": 4.131294250488281,
      "total": 2.5759775638580322
    }
  },
  "8500": {
    "training_loss": 7834.49169921875,
    "validation_loss": [
      3034.52783203125
    ],
    "validation_chi2s": {
      "DEUTERON": 2.3913820181319965,
      "NMC": 2.939357084386489,
      "NUCLEAR": 1.9724208984375,
      "HERACOMB": 2.424398783764808,
      "DYE886": 3.015686728737571,
      "CDF": 1.2115291867937361,
      "D0": 2.381521797180176,
      "ATLAS": 2.7006376439874824,
      "CMS": 3.755233888703633,
      "LHCb": 4.159339427947998,
      "total": 2.5759694576263428
    }
  },
  "8600": {
    "training_loss": 7831.7529296875,
    "validation_loss": [
      3033.9404296875
    ],
    "validation_chi2s": {
      "DEUTERON": 2.4145072063996422,
      "NMC": 2.9838675704656863,
      "NUCLEAR": 1.968862548828125,
      "HERACOMB": 2.412283504710478,
      "DYE886": 3.003963817249645,
      "CDF": 1.1823280879429408,
      "D0": 2.2971113204956053,
      "ATLAS": 2.6885648207231,
      "CMS": 3.7552418282361533,
      "LHCb": 4.176686763763428,
      "total": 2.5754992961883545
    }
  },
  "8700": {
    "training_loss": 7814.8671875,
    "validation_loss": [
      3033.759765625
    ],
    "validation_chi2s": {
      "DEUTERON": 2.392441023641558,
      "NMC": 2.952308505189185,
      "NUCLEAR": 1.97206494140625,
      "HERACOMB": 2.4208850735932392,
      "DYE886": 3.0355349454012783,
      "CDF": 1.2143054689679826,
      "D0": 2.323128318786621,
      "ATLAS": 2.707659287886186,
      "CMS": 3.7424065814754828,
      "LHCb": 4.160092353820801,
      "total": 2.5753443241119385
    }
  },
  "8800": {
    "training_loss": 7832.89990234375,
    "validation_loss": [
      3041.203125
    ],
    "validation_chi2s": {
      "DEUTERON": 2.408428135202892,
      "NMC": 2.9695557239008883,
      "NUCLEAR": 1.967770263671875,
      "HERACOMB": 2.419400682636336,
      "DYE886": 3.000141143798828,
      "CDF": 1.19020448412214,
      "D0": 2.3181989669799803,
      "ATLAS": 2.727320757779208,
      "CMS": 3.737193782155107,
      "LHCb": 4.255385398864746,
      "total": 2.581657648086548
    }
  },
  "8900": {
    "training_loss": 7774.80322265625,
    "validation_loss": [
      3055.28466796875
    ],
    "validation_chi2s": {
      "DEUTERON": 2.3523243766518966,
      "NMC": 2.8291248994715072,
      "NUCLEAR": 1.976022216796875,
      "HERACOMB": 2.472793479370915,
      "DYE886": 3.145228299227628,
      "CDF": 1.2250663212367467,
      "D0": 2.317081642150879,
      "ATLAS": 2.7815224040638316,
      "CMS": 3.8047031309546493,
      "LHCb": 4.032071590423584,
      "total": 2.593613862991333
    }
  },
  "9000": {
    "training_loss": 7846.31201171875,
    "validation_loss": [
      3042.14306640625
    ],
    "validation_chi2s": {
      "DEUTERON": 2.3785742005305504,
      "NMC": 2.884531956092984,
      "NUCLEAR": 1.96456787109375,
      "HERACOMB": 2.4774967767054736,
      "DYE886": 3.0135921131480825,
      "CDF": 1.2048348018101283,
      "D0": 2.2384336471557615,
      "ATLAS": 2.6835901086980645,
      "CMS": 3.794615706777185,
      "LHCb": 4.105165481567383,
      "total": 2.58233642578125
    }
  },
  "9100": {
    "training_loss": 7774.05419921875,
    "validation_loss": [
      3035.843505859375
    ],
    "validation_chi2s": {
      "DEUTERON": 2.422395620773088,
      "NMC": 3.002207138959099,
      "NUCLEAR": 1.971772216796875,
      "HERACOMB": 2.4206796284594567,
      "DYE886": 2.9944686889648438,
      "CDF": 1.2045369829450334,
      "D0": 2.1770490646362304,
      "ATLAS": 2.678469917990945,
      "CMS": 3.747672972640371,
      "LHCb": 4.177677154541016,
      "total": 2.577101707458496
    }
  },
  "9200": {
    "training_loss": 7824.24462890625,
    "validation_loss": [
      3032.5810546875
    ],
    "validation_chi2s": {
      "DEUTERON": 2.388837368334111,
      "NMC": 2.9556890749463847,
      "NUCLEAR": 1.9737479248046874,
      "HERACOMB": 2.429659974341299,
      "DYE886": 3.0516267256303267,
      "CDF": 1.2006789616176061,
      "D0": 2.279782295227051,
      "ATLAS": 2.6832937760786577,
      "CMS": 3.7628149017085875,
      "LHCb": 4.104421138763428,
      "total": 2.5743422508239746
    }
  },
  "9300": {
    "training_loss": 7879.03857421875,
    "validation_loss": [
      3039.334716796875
    ],
    "validation_chi2s": {
      "DEUTERON": 2.38396336190143,
      "NMC": 2.947630938361673,
      "NUCLEAR": 1.97160595703125,
      "HERACOMB": 2.4301869510825163,
      "DYE886": 3.1198685385964136,
      "CDF": 1.2678313936505998,
      "D0": 2.301507759094238,
      "ATLAS": 2.7249669161709873,
      "CMS": 3.751889856850229,
      "LHCb": 4.114917755126953,
      "total": 2.5800726413726807
    }
  },
  "9400": {
    "training_loss": 7781.841796875,
    "validation_loss": [
      3052.644775390625
    ],
    "validation_chi2s": {
      "DEUTERON": 2.3299636461248445,
      "NMC": 2.8593702129289214,
      "NUCLEAR": 1.976877197265625,
      "HERACOMB": 2.4724374409594567,
      "DYE886": 3.0996582724831323,
      "CDF": 1.284519876752581,
      "D0": 2.477145195007324,
      "ATLAS": 2.781992478804155,
      "CMS": 3.7740843237900155,
      "LHCb": 4.121807098388672,
      "total": 2.5913686752319336
    }
  },
  "9500": {
    "training_loss": 7814.31103515625,
    "validation_loss": [
      3039.3076171875
    ],
    "validation_chi2s": {
      "DEUTERON": 2.377708928502021,
      "NMC": 2.933080037434896,
      "NUCLEAR": 1.9771492919921876,
      "HERACOMB": 2.444689781837214,
      "DYE886": 3.090025468306108,
      "CDF": 1.1948536464146204,
      "D0": 2.2340532302856446,
      "ATLAS": 2.702466271140359,
      "CMS": 3.771465022389482,
      "LHCb": 4.099629878997803,
      "total": 2.5800225734710693
    }
  },
  "9600": {
    "training_loss": 7770.78369140625,
    "validation_loss": [
      3048.69482421875
    ],
    "validation_chi2s": {
      "DEUTERON": 2.3445188607742535,
      "NMC": 2.8471042408662686,
      "NUCLEAR": 1.974086669921875,
      "HERACOMB": 2.473888920802696,
      "DYE886": 3.167774200439453,
      "CDF": 1.2036534718104772,
      "D0": 2.35699520111084,
      "ATLAS": 2.768553300337358,
      "CMS": 3.7885062365027946,
      "LHCb": 3.9549429416656494,
      "total": 2.5878424644470215
    }
  },
  "9700": {
    "training_loss": 7798.53369140625,
    "validation_loss": [
      3040.7724609375
    ],
    "validation_chi2s": {
      "DEUTERON": 2.341217344673119,
      "NMC": 2.8624509923598347,
      "NUCLEAR": 1.979352294921875,
      "HERACOMB": 2.465225119995915,
      "DYE886": 3.0760244889692827,
      "CDF": 1.2546157836914062,
      "D0": 2.357487106323242,
      "ATLAS": 2.7490080053156074,
      "CMS": 3.757816221655869,
      "LHCb": 4.028156280517578,
      "total": 2.581268072128296
    }
  },
  "9800": {
    "training_loss": 7808.93115234375,
    "validation_loss": [
      3037.41552734375
    ],
    "validation_chi2s": {
      "DEUTERON": 2.4089038146668997,
      "NMC": 2.9931287578507964,
      "NUCLEAR": 1.97203759765625,
      "HERACOMB": 2.419104283152063,
      "DYE886": 3.086239554665305,
      "CDF": 1.209850583757673,
      "D0": 2.2027565002441407,
      "ATLAS": 2.7225105979225854,
      "CMS": 3.733135192374873,
      "LHCb": 4.080680847167969,
      "total": 2.578444480895996
    }
  },
  "9900": {
    "training_loss": 7789.353515625,
    "validation_loss": [
      3044.986328125
    ],
    "validation_chi2s": {
      "DEUTERON": 2.3788637379508706,
      "NMC": 2.914878994810815,
      "NUCLEAR": 1.97262060546875,
      "HERACOMB": 2.4423283595664826,
      "DYE886": 3.1904605518687856,
      "CDF": 1.211075919015067,
      "D0": 2.259637641906738,
      "ATLAS": 2.754011327570135,
      "CMS": 3.7680755863344766,
      "LHCb": 4.0069899559021,
      "total": 2.5848772525787354
    }
  },
  "10000": {
    "training_loss": 7780.40087890625,
    "validation_loss": [
      3056.07177734375
    ],
    "validation_chi2s": {
      "DEUTERON": 2.3326214083391634,
      "NMC": 2.8552249085669423,
      "NUCLEAR": 1.9738077392578126,
      "HERACOMB": 2.4812478458180145,
      "DYE886": 3.157947540283203,
      "CDF": 1.3286324909755163,
      "D0": 2.4670827865600584,
      "ATLAS": 2.7989668412642046,
      "CMS": 3.7650771722560976,
      "LHCb": 4.053445339202881,
      "total": 2.5942835807800293
    }
  },
  "10100": {
    "training_loss": 7788.4140625,
    "validation_loss": [
      3044.99072265625
    ],
    "validation_chi2s": {
      "DEUTERON": 2.43115917604361,
      "NMC": 2.9817606608072915,
      "NUCLEAR": 1.9780946044921874,
      "HERACOMB": 2.4342473846635007,
      "DYE886": 3.0480402166193183,
      "CDF": 1.2151944296700614,
      "D0": 2.1485692977905275,
      "ATLAS": 2.7098595012318003,
      "CMS": 3.722270190231199,
      "LHCb": 4.156833648681641,
      "total": 2.5848710536956787
    }
  },
  "10200": {
    "training_loss": 7781.0458984375,
    "validation_loss": [
      3041.773681640625
    ],
    "validation_chi2s": {
      "DEUTERON": 2.4524751729633083,
      "NMC": 3.0754170137293197,
      "NUCLEAR": 1.9740975341796876,
      "HERACOMB": 2.4093677795011232,
      "DYE886": 3.0135799754749644,
      "CDF": 1.2292589460100447,
      "D0": 2.108320617675781,
      "ATLAS": 2.7030211361971768,
      "CMS": 3.7164929397707063,
      "LHCb": 4.13561487197876,
      "total": 2.582149028778076
    }
  },
  "10300": {
    "training_loss": 7853.578125,
    "validation_loss": [
      3041.75
    ],
    "validation_chi2s": {
      "DEUTERON": 2.4099810396260883,
      "NMC": 2.996186798694087,
      "NUCLEAR": 1.970922607421875,
      "HERACOMB": 2.421702864902471,
      "DYE886": 3.1032222401012075,
      "CDF": 1.239595685686384,
      "D0": 2.261602592468262,
      "ATLAS": 2.7383587577126245,
      "CMS": 3.727842501508511,
      "LHCb": 4.084931373596191,
      "total": 2.582123041152954
    }
  },
  "10400": {
    "training_loss": 7771.17578125,
    "validation_loss": [
      3060.56591796875
    ],
    "validation_chi2s": {
      "DEUTERON": 2.318280727709111,
      "NMC": 2.849948957854626,
      "NUCLEAR": 1.9753583984375,
      "HERACOMB": 2.4937065972222223,
      "DYE886": 3.1971331509676846,
      "CDF": 1.2846809114728654,
      "D0": 2.496963119506836,
      "ATLAS": 2.8115650523792612,
      "CMS": 3.77081695804751,
      "LHCb": 4.030307292938232,
      "total": 2.5977509021759033
    }
  },
  "10500": {
    "training_loss": 7867.3388671875,
    "validation_loss": [
      3050.837890625
    ],
    "validation_chi2s": {
      "DEUTERON": 2.410571046136505,
      "NMC": 3.024788650811887,
      "NUCLEAR": 1.9758812255859375,
      "HERACOMB": 2.428561740451389,
      "DYE886": 3.0884884920987217,
      "CDF": 1.3085166386195592,
      "D0": 2.1872257232666015,
      "ATLAS": 2.7711847478693183,
      "CMS": 3.7164341376079775,
      "LHCb": 4.097136497497559,
      "total": 2.589843988418579
    }
  },
  "10600": {
    "training_loss": 7786.271484375,
    "validation_loss": [
      3052.2412109375
    ],
    "validation_chi2s": {
      "DEUTERON": 2.3517824998542443,
      "NMC": 2.859049778358609,
      "NUCLEAR": 1.9729442138671875,
      "HERACOMB": 2.47093190710529,
      "DYE886": 3.214261835271662,
      "CDF": 1.278632300240653,
      "D0": 2.3860780715942385,
      "ATLAS": 2.799199017611417,
      "CMS": 3.746083329363567,
      "LHCb": 3.980468273162842,
      "total": 2.590991973876953
    }
  },
  "10700": {
    "training_loss": 7793.736328125,
    "validation_loss": [
      3047.35498046875
    ],
    "validation_chi2s": {
      "DEUTERON": 2.4526792307991294,
      "NMC": 3.062068266027114,
      "NUCLEAR": 1.971916259765625,
      "HERACOMB": 2.423648011450674,
      "DYE886": 3.0132102966308594,
      "CDF": 1.250159672328404,
      "D0": 2.045430564880371,
      "ATLAS": 2.7188500491055576,
      "CMS": 3.7176126619664633,
      "LHCb": 4.134472846984863,
      "total": 2.5868866443634033
    }
  },
  "10800": {
    "training_loss": 7839.13525390625,
    "validation_loss": [
      3047.42919921875
    ],
    "validation_chi2s": {
      "DEUTERON": 2.3911055379839086,
      "NMC": 2.9331557329963234,
      "NUCLEAR": 1.9720408935546876,
      "HERACOMB": 2.4603814019097223,
      "DYE886": 3.078031366521662,
      "CDF": 1.2654097420828683,
      "D0": 2.1580217361450194,
      "ATLAS": 2.750852584838867,
      "CMS": 3.721505017784553,
      "LHCb": 4.102636814117432,
      "total": 2.5869479179382324
    }
  },
  "10900": {
    "training_loss": 7801.6474609375,
    "validation_loss": [
      3061.55810546875
    ],
    "validation_chi2s": {
      "DEUTERON": 2.3738547557622045,
      "NMC": 2.9633836933210786,
      "NUCLEAR": 1.97643505859375,
      "HERACOMB": 2.4526744169347428,
      "DYE886": 3.3374217640269888,
      "CDF": 1.3315882001604353,
      "D0": 2.295550537109375,
      "ATLAS": 2.8022757443514736,
      "CMS": 3.749010783870046,
      "LHCb": 4.016095161437988,
      "total": 2.5988526344299316
    }
  }
}