{
  "100": {
    "training_loss": 271.74609375,
    "validation_loss": [
      109.36868286132812
    ],
    "validation_chi2s": {
      "DEUTERON": 2.2204730987548826,
      "ATLAS": 1.868159901012074,
      "total": 2.144484043121338
    }
  },
  "200": {
    "training_loss": 248.295166015625,
    "validation_loss": [
      71.49419403076172
    ],
    "validation_chi2s": {
      "DEUTERON": 1.3034426689147949,
      "ATLAS": 1.7596811814741655,
      "total": 1.4018471240997314
    }
  },
  "300": {
    "training_loss": 252.162353515625,
    "validation_loss": [
      76.20143127441406
    ],
    "validation_chi2s": {
      "DEUTERON": 1.461244773864746,
      "ATLAS": 1.613785830411044,
      "total": 1.4941457509994507
    }
  },
  "400": {
    "training_loss": 251.2114715576172,
    "validation_loss": [
      72.56138610839844
    ],
    "validation_chi2s": {
      "DEUTERON": 1.3978640556335449,
      "ATLAS": 1.513348319313743,
      "total": 1.4227724075317383
    }
  }
}