100 total replicas found
100 valid replicas found
Passing average chi2: 0.9009261946929129
91 replicas pass Positivity
100 replicas pass IntegNumber_0
100 replicas pass IntegNumber_1
100 replicas pass IntegNumber_2
23 replicas pass IntegNumber_3
100 replicas pass IntegNumber_4
89 replicas pass ChiSquared
100 replicas pass ArcLength_0
91 replicas pass ArcLength_1
97 replicas pass ArcLength_2
99 replicas pass ArcLength_3
96 replicas pass ArcLength_4
19 replicas pass Total
19 replicas written to the postfit folder
Beginning construction of replica 0


*****************************************************************

Postfit complete
Please upload your results with:
	vp-upload /mnt/storage/laurent/NNPDF/Basic_runcard

and install with:
	vp-get fit Basic_runcard

*****************************************************************


