{
  "100": {
    "training_loss": 37511.578125,
    "validation_loss": [
      134.9493408203125
    ],
    "validation_chi2s": {
      "DEUTERON": 3.0136285781860352,
      "ATLAS": 1.3094720840454102,
      "total": 2.6460654735565186
    }
  },
  "200": {
    "training_loss": 321.6424560546875,
    "validation_loss": [
      129.3317108154297
    ],
    "validation_chi2s": {
      "DEUTERON": 2.9845762252807617,
      "ATLAS": 0.9044235402887518,
      "total": 2.5359158515930176
    }
  },
  "300": {
    "training_loss": 329.2713317871094,
    "validation_loss": [
      115.04306030273438
    ],
    "validation_chi2s": {
      "DEUTERON": 2.714967727661133,
      "ATLAS": 0.5858504988930442,
      "total": 2.255746364593506
    }
  },
  "400": {
    "training_loss": 325.2107849121094,
    "validation_loss": [
      115.04977416992188
    ],
    "validation_chi2s": {
      "DEUTERON": 2.711962890625,
      "ATLAS": 0.5973874438892711,
      "total": 2.25587797164917
    }
  }
}