{
  "100": {
    "training_loss": 99940.5,
    "validation_loss": [
      46321.9140625
    ],
    "validation_chi2s": {
      "DEUTERON": 32.26157299440298,
      "NMC": 41.791034773284316,
      "NUCLEAR": 4.7646630859375,
      "HERACOMB": 49.44547206903595,
      "DYE886": 15.990224664861506,
      "CDF": 34.279894147600444,
      "D0": 48.6111328125,
      "ATLAS": 41.49024824662642,
      "CMS": 45.074407762096776,
      "LHCb": 61.15278244018555,
      "total": 34.65958786010742
    }
  },
  "200": {
    "training_loss": 65735.9140625,
    "validation_loss": [
      31323.2265625
    ],
    "validation_chi2s": {
      "DEUTERON": 20.973589085820894,
      "NMC": 23.22812787224265,
      "NUCLEAR": 5.27097021484375,
      "HERACOMB": 23.952015995200163,
      "DYE886": 29.972123579545453,
      "CDF": 15.607751028878349,
      "D0": 20.54699249267578,
      "ATLAS": 30.535422585227273,
      "CMS": 25.852432743195564,
      "LHCb": 30.776424407958984,
      "total": 20.853500366210938
    }
  },
  "300": {
    "training_loss": 47848.453125,
    "validation_loss": [
      24062.79296875
    ],
    "validation_chi2s": {
      "DEUTERON": 20.726931747512438,
      "NMC": 11.153091729856005,
      "NUCLEAR": 5.5770380859375,
      "HERACOMB": 13.013258591196895,
      "DYE886": 63.27130681818182,
      "CDF": 12.885442461286273,
      "D0": 35.6034423828125,
      "ATLAS": 20.15533585981889,
      "CMS": 11.778739683089718,
      "LHCb": 11.539801597595215,
      "total": 14.696026802062988
    }
  },
  "400": {
    "training_loss": 41938.5078125,
    "validation_loss": [
      21194.1015625
    ],
    "validation_chi2s": {
      "DEUTERON": 24.581703299906717,
      "NMC": 8.065554749731923,
      "NUCLEAR": 5.4037138671875,
      "HERACOMB": 10.875622319240197,
      "DYE886": 56.99849076704545,
      "CDF": 9.644392830984932,
      "D0": 38.298944091796876,
      "ATLAS": 16.068255337801848,
      "CMS": 7.4402460898122476,
      "LHCb": 8.150721549987793,
      "total": 13.356258392333984
    }
  },
  "500": {
    "training_loss": 38117.90234375,
    "validation_loss": [
      19363.015625
    ],
    "validation_chi2s": {
      "DEUTERON": 29.270741021455223,
      "NMC": 6.615200267118566,
      "NUCLEAR": 5.3206455078125,
      "HERACOMB": 9.733780605341094,
      "DYE886": 50.87011163884943,
      "CDF": 8.458055223737444,
      "D0": 41.13283996582031,
      "ATLAS": 13.806998512961648,
      "CMS": 5.7474586732925905,
      "LHCb": 6.654458999633789,
      "total": 13.125384330749512
    }
  },
  "600": {
    "training_loss": 34752.21875,
    "validation_loss": [
      16852.953125
    ],
    "validation_chi2s": {
      "DEUTERON": 28.647528956778608,
      "NMC": 5.637780881395527,
      "NUCLEAR": 5.24520849609375,
      "HERACOMB": 8.867484298406863,
      "DYE886": 47.81082430752841,
      "CDF": 8.003441946847099,
      "D0": 44.01343688964844,
      "ATLAS": 12.350861982865768,
      "CMS": 4.9298760198777725,
      "LHCb": 5.688775062561035,
      "total": 12.371100425720215
    }
  },
  "700": {
    "training_loss": 31368.0703125,
    "validation_loss": [
      14191.75390625
    ],
    "validation_chi2s": {
      "DEUTERON": 26.025468361318406,
      "NMC": 4.91055238013174,
      "NUCLEAR": 5.17460498046875,
      "HERACOMB": 8.20535258374183,
      "DYE886": 46.16388494318182,
      "CDF": 7.789490291050503,
      "D0": 46.97886657714844,
      "ATLAS": 11.265758861194957,
      "CMS": 4.4222170922064015,
      "LHCb": 5.050009250640869,
      "total": 11.466238975524902
    }
  },
  "800": {
    "training_loss": 27821.0,
    "validation_loss": [
      12684.75390625
    ],
    "validation_chi2s": {
      "DEUTERON": 22.58661769278607,
      "NMC": 4.365099738625919,
      "NUCLEAR": 5.13962939453125,
      "HERACOMB": 7.698515050551471,
      "DYE886": 46.94110107421875,
      "CDF": 7.8968707493373325,
      "D0": 50.290829467773435,
      "ATLAS": 10.565116188742898,
      "CMS": 4.166184948336694,
      "LHCb": 4.670586585998535,
      "total": 10.618830680847168
    }
  },
  "900": {
    "training_loss": 20875.5,
    "validation_loss": [
      460849.0
    ],
    "validation_chi2s": {
      "DEUTERON": 2263.9294154228855,
      "NMC": 2.751429239908854,
      "NUCLEAR": 4.69300439453125,
      "HERACOMB": 4.31417906518076,
      "DYE886": 44.794153386896305,
      "CDF": 4.99823978969029,
      "D0": 16.31208038330078,
      "ATLAS": 7.465396534312855,
      "CMS": 3.301367975050403,
      "LHCb": 5.687461853027344,
      "total": 390.8162536621094
    }
  },
  "1000": {
    "training_loss": 16471.47265625,
    "validation_loss": [
      407568.15625
    ],
    "validation_chi2s": {
      "DEUTERON": 2001.8138992537313,
      "NMC": 2.7910383635876226,
      "NUCLEAR": 4.38825830078125,
      "HERACOMB": 3.8833115521599266,
      "DYE886": 38.89385708895597,
      "CDF": 3.1500587463378906,
      "D0": 15.546963500976563,
      "ATLAS": 6.350068525834517,
      "CMS": 3.1437486217867945,
      "LHCb": 5.395252704620361,
      "total": 345.6365966796875
    }
  },
  "1100": {
    "training_loss": 13923.337890625,
    "validation_loss": [
      5283.85595703125
    ],
    "validation_chi2s": {
      "DEUTERON": 4.519693706759173,
      "NMC": 2.856319352692249,
      "NUCLEAR": 4.88706494140625,
      "HERACOMB": 2.8659739774816178,
      "DYE886": 29.089954723011363,
      "CDF": 2.7543847220284596,
      "D0": 3.8001861572265625,
      "ATLAS": 4.824777082963423,
      "CMS": 2.8293648996660785,
      "LHCb": 5.115832328796387,
      "total": 4.422269344329834
    }
  },
  "1200": {
    "training_loss": 9525.880859375,
    "validation_loss": [
      3852.455322265625
    ],
    "validation_chi2s": {
      "DEUTERON": 4.002481792696673,
      "NMC": 3.030965767654718,
      "NUCLEAR": 2.707013916015625,
      "HERACOMB": 2.897577023973652,
      "DYE886": 3.6473548195578833,
      "CDF": 1.482994215829032,
      "D0": 6.488407897949219,
      "ATLAS": 3.8280726346102627,
      "CMS": 2.5290921118951615,
      "LHCb": 5.010654926300049,
      "total": 3.244856595993042
    }
  },
  "1300": {
    "training_loss": 8382.84765625,
    "validation_loss": [
      3269.802978515625
    ],
    "validation_chi2s": {
      "DEUTERON": 3.0801440186761506,
      "NMC": 2.8354869169347428,
      "NUCLEAR": 2.19806103515625,
      "HERACOMB": 2.680753221698836,
      "DYE886": 2.8207726912064985,
      "CDF": 1.3306886128016882,
      "D0": 3.9914058685302733,
      "ATLAS": 3.254960840398615,
      "CMS": 2.5300256052324848,
      "LHCb": 3.7328920364379883,
      "total": 2.7573189735412598
    }
  },
  "1400": {
    "training_loss": 8153.072265625,
    "validation_loss": [
      3139.85302734375
    ],
    "validation_chi2s": {
      "DEUTERON": 2.639541550062189,
      "NMC": 2.8409444771560968,
      "NUCLEAR": 2.16305078125,
      "HERACOMB": 2.636047163819955,
      "DYE886": 2.8129227378151636,
      "CDF": 1.1843043736049108,
      "D0": 3.714413070678711,
      "ATLAS": 3.197966835715554,
      "CMS": 2.5441746865549395,
      "LHCb": 3.644975185394287,
      "total": 2.650641679763794
    }
  },
  "1500": {
    "training_loss": 8000.75439453125,
    "validation_loss": [
      3062.181640625
    ],
    "validation_chi2s": {
      "DEUTERON": 2.364624327094994,
      "NMC": 2.8374795352711395,
      "NUCLEAR": 2.140769287109375,
      "HERACOMB": 2.606600094464869,
      "DYE886": 2.7853967493230645,
      "CDF": 1.0375855309622628,
      "D0": 3.509452056884766,
      "ATLAS": 3.1789783130992544,
      "CMS": 2.5531729421307965,
      "LHCb": 3.665663719177246,
      "total": 2.586806058883667
    }
  },
  "1600": {
    "training_loss": 7911.568359375,
    "validation_loss": [
      3019.5693359375
    ],
    "validation_chi2s": {
      "DEUTERON": 2.2444242410991917,
      "NMC": 2.8173139983532476,
      "NUCLEAR": 2.12790869140625,
      "HERACOMB": 2.585732852711397,
      "DYE886": 2.7933228232643823,
      "CDF": 0.9414701461791992,
      "D0": 3.305570602416992,
      "ATLAS": 3.162832433527166,
      "CMS": 2.559178013955393,
      "LHCb": 3.656944513320923,
      "total": 2.553131103515625
    }
  },
  "1700": {
    "training_loss": 7869.21923828125,
    "validation_loss": [
      2997.6904296875
    ],
    "validation_chi2s": {
      "DEUTERON": 2.213160728340718,
      "NMC": 2.7947576186236214,
      "NUCLEAR": 2.120968505859375,
      "HERACOMB": 2.5721996033113768,
      "DYE886": 2.818537625399503,
      "CDF": 0.8524808202471051,
      "D0": 3.143170166015625,
      "ATLAS": 3.1426374262029473,
      "CMS": 2.552100396925403,
      "LHCb": 3.624072313308716,
      "total": 2.535754919052124
    }
  },
  "1800": {
    "training_loss": 7843.57373046875,
    "validation_loss": [
      2989.16357421875
    ],
    "validation_chi2s": {
      "DEUTERON": 2.2169808914412314,
      "NMC": 2.7693110447303924,
      "NUCLEAR": 2.1181591796875,
      "HERACOMB": 2.5590738533369075,
      "DYE886": 2.8376685055819424,
      "CDF": 0.7767962728227887,
      "D0": 3.138248062133789,
      "ATLAS": 3.1472341364080254,
      "CMS": 2.5481087469285533,
      "LHCb": 3.5634844303131104,
      "total": 2.5297908782958984
    }
  },
  "1900": {
    "training_loss": 7825.04345703125,
    "validation_loss": [
      2982.27734375
    ],
    "validation_chi2s": {
      "DEUTERON": 2.2145241504877955,
      "NMC": 2.7508341471354165,
      "NUCLEAR": 2.116222900390625,
      "HERACOMB": 2.547756419462316,
      "DYE886": 2.85446513782848,
      "CDF": 0.7199337823050362,
      "D0": 3.1736555099487305,
      "ATLAS": 3.1528264825994317,
      "CMS": 2.5464804864698842,
      "LHCb": 3.5096964836120605,
      "total": 2.524704694747925
    }
  },
  "2000": {
    "training_loss": 7813.6259765625,
    "validation_loss": [
      2974.798828125
    ],
    "validation_chi2s": {
      "DEUTERON": 2.2140092992070897,
      "NMC": 2.7379294002757355,
      "NUCLEAR": 2.1144404296875,
      "HERACOMB": 2.5389597774331087,
      "DYE886": 2.8656300631436435,
      "CDF": 0.683910437992641,
      "D0": 3.154098892211914,
      "ATLAS": 3.14377177845348,
      "CMS": 2.5518961260395665,
      "LHCb": 3.4658467769622803,
      "total": 2.519253730773926
    }
  },
  "2100": {
    "training_loss": 7803.4560546875,
    "validation_loss": [
      2964.515625
    ],
    "validation_chi2s": {
      "DEUTERON": 2.189833304182214,
      "NMC": 2.7297590667126226,
      "NUCLEAR": 2.113115234375,
      "HERACOMB": 2.5312444150837417,
      "DYE886": 2.8685949498956855,
      "CDF": 0.6399478912353516,
      "D0": 3.129478645324707,
      "ATLAS": 3.141345977783203,
      "CMS": 2.5517464914629535,
      "LHCb": 3.4477169513702393,
      "total": 2.5112109184265137
    }
  },
  "2200": {
    "training_loss": 7793.720703125,
    "validation_loss": [
      2956.796875
    ],
    "validation_chi2s": {
      "DEUTERON": 2.17668311275653,
      "NMC": 2.727989346373315,
      "NUCLEAR": 2.111392822265625,
      "HERACOMB": 2.525882696014604,
      "DYE886": 2.876569401134144,
      "CDF": 0.6157879148210798,
      "D0": 3.08337345123291,
      "ATLAS": 3.126900066028942,
      "CMS": 2.5539622153005292,
      "LHCb": 3.4491782188415527,
      "total": 2.504866361618042
    }
  },
  "2300": {
    "training_loss": 7790.892578125,
    "validation_loss": [
      2950.232666015625
    ],
    "validation_chi2s": {
      "DEUTERON": 2.1692688595596237,
      "NMC": 2.7182934330958948,
      "NUCLEAR": 2.10890283203125,
      "HERACOMB": 2.5224134657118054,
      "DYE886": 2.882684187455611,
      "CDF": 0.6043974331447056,
      "D0": 3.017250633239746,
      "ATLAS": 3.1102454445578833,
      "CMS": 2.5676808511057208,
      "LHCb": 3.4403367042541504,
      "total": 2.4999566078186035
    }
  },
  "2400": {
    "training_loss": 7778.3037109375,
    "validation_loss": [
      2950.50146484375
    ],
    "validation_chi2s": {
      "DEUTERON": 2.1595314747065455,
      "NMC": 2.723073024375766,
      "NUCLEAR": 2.109255615234375,
      "HERACOMB": 2.5202987770629086,
      "DYE886": 2.889115246859464,
      "CDF": 0.5863461494445801,
      "D0": 3.1590644836425783,
      "ATLAS": 3.12324350530451,
      "CMS": 2.5582501811365925,
      "LHCb": 3.437891960144043,
      "total": 2.500126838684082
    }
  },
  "2500": {
    "training_loss": 7784.45068359375,
    "validation_loss": [
      2943.9697265625
    ],
    "validation_chi2s": {
      "DEUTERON": 2.165686460276741,
      "NMC": 2.720013188380821,
      "NUCLEAR": 2.106080078125,
      "HERACOMB": 2.5192206887637867,
      "DYE886": 2.901995051990856,
      "CDF": 0.5831152370997837,
      "D0": 2.9516622543334963,
      "ATLAS": 3.08838549527255,
      "CMS": 2.5810824978736138,
      "LHCb": 3.424619436264038,
      "total": 2.4953904151916504
    }
  },
  "2600": {
    "training_loss": 7779.28564453125,
    "validation_loss": [
      2940.0986328125
    ],
    "validation_chi2s": {
      "DEUTERON": 2.1541842180698074,
      "NMC": 2.71552261651731,
      "NUCLEAR": 2.105132080078125,
      "HERACOMB": 2.5136547213286358,
      "DYE886": 2.9112801985307173,
      "CDF": 0.5732966150556292,
      "D0": 2.942060852050781,
      "ATLAS": 3.0860280123623935,
      "CMS": 2.5887507777060232,
      "LHCb": 3.436166524887085,
      "total": 2.492391347885132
    }
  },
  "2700": {
    "training_loss": 7788.9169921875,
    "validation_loss": [
      2940.64892578125
    ],
    "validation_chi2s": {
      "DEUTERON": 2.1307420113786537,
      "NMC": 2.706514844707414,
      "NUCLEAR": 2.104260009765625,
      "HERACOMB": 2.510888991013072,
      "DYE886": 2.928578116677024,
      "CDF": 0.5613347802843366,
      "D0": 3.0918420791625976,
      "ATLAS": 3.1290820728648794,
      "CMS": 2.5691801501858618,
      "LHCb": 3.4312009811401367,
      "total": 2.492858409881592
    }
  },
  "2800": {
    "training_loss": 7763.46728515625,
    "validation_loss": [
      2936.23828125
    ],
    "validation_chi2s": {
      "DEUTERON": 2.1003923558477147,
      "NMC": 2.738194783528646,
      "NUCLEAR": 2.116203369140625,
      "HERACOMB": 2.512591193704044,
      "DYE886": 3.3141212463378906,
      "CDF": 0.5599702426365444,
      "D0": 2.7421314239501955,
      "ATLAS": 3.0925990017977627,
      "CMS": 2.5494510281470513,
      "LHCb": 3.4637105464935303,
      "total": 2.489609956741333
    }
  },
  "2900": {
    "training_loss": 7760.05078125,
    "validation_loss": [
      2935.77392578125
    ],
    "validation_chi2s": {
      "DEUTERON": 2.0988361111920866,
      "NMC": 2.733980665019914,
      "NUCLEAR": 2.116044189453125,
      "HERACOMB": 2.5084122801138684,
      "DYE886": 3.2642995660955254,
      "CDF": 0.5586573055812291,
      "D0": 2.814894104003906,
      "ATLAS": 3.10472973910245,
      "CMS": 2.5483213855374243,
      "LHCb": 3.459644317626953,
      "total": 2.4893057346343994
    }
  },
  "3000": {
    "training_loss": 7760.0830078125,
    "validation_loss": [
      2938.94189453125
    ],
    "validation_chi2s": {
      "DEUTERON": 2.100205910146533,
      "NMC": 2.7222257127948835,
      "NUCLEAR": 2.114451171875,
      "HERACOMB": 2.5074411030688317,
      "DYE886": 3.195803902365945,
      "CDF": 0.5588914666857038,
      "D0": 2.971970558166504,
      "ATLAS": 3.1272104436700996,
      "CMS": 2.5513608378748738,
      "LHCb": 3.4518725872039795,
      "total": 2.4919610023498535
    }
  },
  "3100": {
    "training_loss": 7761.72119140625,
    "validation_loss": [
      2945.275390625
    ],
    "validation_chi2s": {
      "DEUTERON": 2.0943963349755133,
      "NMC": 2.717864990234375,
      "NUCLEAR": 2.109901123046875,
      "HERACOMB": 2.5131181704452614,
      "DYE886": 3.2048766396262427,
      "CDF": 0.5618108681270054,
      "D0": 2.980080986022949,
      "ATLAS": 3.1512995633212,
      "CMS": 2.5635794362714215,
      "LHCb": 3.4814510345458984,
      "total": 2.497229814529419
    }
  },
  "3200": {
    "training_loss": 7768.8916015625,
    "validation_loss": [
      2932.77734375
    ],
    "validation_chi2s": {
      "DEUTERON": 2.100720913255986,
      "NMC": 2.7196233412798714,
      "NUCLEAR": 2.107697021484375,
      "HERACOMB": 2.506550308925654,
      "DYE886": 3.3204304088245737,
      "CDF": 0.5485986982073102,
      "D0": 2.79139404296875,
      "ATLAS": 3.0949377580122515,
      "CMS": 2.5581522295551915,
      "LHCb": 3.4488749504089355,
      "total": 2.486820936203003
    }
  },
  "3300": {
    "training_loss": 7759.62060546875,
    "validation_loss": [
      2939.64990234375
    ],
    "validation_chi2s": {
      "DEUTERON": 2.0902925557758083,
      "NMC": 2.7140275543811274,
      "NUCLEAR": 2.11025048828125,
      "HERACOMB": 2.512246325125102,
      "DYE886": 3.2035338661887427,
      "CDF": 0.5489865030561175,
      "D0": 3.0008140563964845,
      "ATLAS": 3.132729270241477,
      "CMS": 2.5612760974514868,
      "LHCb": 3.4434397220611572,
      "total": 2.4922406673431396
    }
  },
  "3400": {
    "training_loss": 7755.93408203125,
    "validation_loss": [
      2938.38818359375
    ],
    "validation_chi2s": {
      "DEUTERON": 2.092522160923896,
      "NMC": 2.7165688907398895,
      "NUCLEAR": 2.1084658203125,
      "HERACOMB": 2.5141585605596406,
      "DYE886": 3.2437789223410864,
      "CDF": 0.5426582268306187,
      "D0": 2.860634994506836,
      "ATLAS": 3.116488370028409,
      "CMS": 2.5720630768806703,
      "LHCb": 3.4531540870666504,
      "total": 2.491346597671509
    }
  },
  "3500": {
    "training_loss": 7762.6962890625,
    "validation_loss": [
      2947.203125
    ],
    "validation_chi2s": {
      "DEUTERON": 2.0940987506316078,
      "NMC": 2.700845157398897,
      "NUCLEAR": 2.109759033203125,
      "HERACOMB": 2.520059622970282,
      "DYE886": 3.0914601412686435,
      "CDF": 0.5471483979906354,
      "D0": 3.0899433135986327,
      "ATLAS": 3.163828069513494,
      "CMS": 2.5736135667370212,
      "LHCb": 3.433117151260376,
      "total": 2.49855637550354
    }
  },
  "3600": {
    "training_loss": 7758.10791015625,
    "validation_loss": [
      2941.45751953125
    ],
    "validation_chi2s": {
      "DEUTERON": 2.096843207060401,
      "NMC": 2.69348892511106,
      "NUCLEAR": 2.107424072265625,
      "HERACOMB": 2.514627494064032,
      "DYE886": 3.149152235551314,
      "CDF": 0.5442939485822406,
      "D0": 3.0043622970581056,
      "ATLAS": 3.15023456920277,
      "CMS": 2.5638558172410533,
      "LHCb": 3.4266357421875,
      "total": 2.493903636932373
    }
  },
  "3700": {
    "training_loss": 7800.80908203125,
    "validation_loss": [
      2943.4541015625
    ],
    "validation_chi2s": {
      "DEUTERON": 2.0877000799226524,
      "NMC": 2.731423172296262,
      "NUCLEAR": 2.1058369140625,
      "HERACOMB": 2.519104203367545,
      "DYE886": 3.2309757579456675,
      "CDF": 0.5589142867497036,
      "D0": 2.896379852294922,
      "ATLAS": 3.1644453568892046,
      "CMS": 2.5457958098380797,
      "LHCb": 3.4353630542755127,
      "total": 2.495967388153076
    }
  },
  "3800": {
    "training_loss": 7737.048828125,
    "validation_loss": [
      2930.723876953125
    ],
    "validation_chi2s": {
      "DEUTERON": 2.119443067863806,
      "NMC": 2.707582062365962,
      "NUCLEAR": 2.109808837890625,
      "HERACOMB": 2.4966474545547386,
      "DYE886": 3.298419952392578,
      "CDF": 0.5362460272652763,
      "D0": 2.781777572631836,
      "ATLAS": 3.098123723810369,
      "CMS": 2.5463771204794607,
      "LHCb": 3.422640562057495,
      "total": 2.4853286743164062
    }
  },
  "3900": {
    "training_loss": 7767.76806640625,
    "validation_loss": [
      2932.5986328125
    ],
    "validation_chi2s": {
      "DEUTERON": 2.1748137972248136,
      "NMC": 2.6891533346737133,
      "NUCLEAR": 2.10004296875,
      "HERACOMB": 2.4768840316074345,
      "DYE886": 3.027127352627841,
      "CDF": 0.5227312360491071,
      "D0": 2.7942317962646483,
      "ATLAS": 3.083696885542436,
      "CMS": 2.6063013384419103,
      "LHCb": 3.463932514190674,
      "total": 2.487004041671753
    }
  },
  "4000": {
    "training_loss": 7757.4208984375,
    "validation_loss": [
      2931.5498046875
    ],
    "validation_chi2s": {
      "DEUTERON": 2.108254048361707,
      "NMC": 2.706196205288756,
      "NUCLEAR": 2.108402099609375,
      "HERACOMB": 2.491254021139706,
      "DYE886": 3.241843830455433,
      "CDF": 0.5376310007912772,
      "D0": 2.9131855010986327,
      "ATLAS": 3.1286454634232954,
      "CMS": 2.541261242282006,
      "LHCb": 3.427265167236328,
      "total": 2.4858741760253906
    }
  },
  "4100": {
    "training_loss": 7726.63427734375,
    "validation_loss": [
      2956.11572265625
    ],
    "validation_chi2s": {
      "DEUTERON": 2.2043215623542443,
      "NMC": 2.65760025323606,
      "NUCLEAR": 2.105602783203125,
      "HERACOMB": 2.4852093465967116,
      "DYE886": 2.8598731647838247,
      "CDF": 0.525071348462786,
      "D0": 3.5713409423828124,
      "ATLAS": 3.1890824057839136,
      "CMS": 2.5723734209614415,
      "LHCb": 3.3468141555786133,
      "total": 2.5064785480499268
    }
  },
  "4200": {
    "training_loss": 7730.57373046875,
    "validation_loss": [
      2940.55517578125
    ],
    "validation_chi2s": {
      "DEUTERON": 2.1450160391888216,
      "NMC": 2.6877973967907476,
      "NUCLEAR": 2.1083271484375,
      "HERACOMB": 2.4873276255489176,
      "DYE886": 2.9055463617498223,
      "CDF": 0.5349138123648507,
      "D0": 3.400334930419922,
      "ATLAS": 3.1690236871892754,
      "CMS": 2.54754146452873,
      "LHCb": 3.386378765106201,
      "total": 2.4937291145324707
    }
  },
  "4300": {
    "training_loss": 7802.70458984375,
    "validation_loss": [
      2941.898193359375
    ],
    "validation_chi2s": {
      "DEUTERON": 2.1045735677083335,
      "NMC": 2.7041673847273286,
      "NUCLEAR": 2.117793212890625,
      "HERACOMB": 2.503979651756536,
      "DYE886": 3.281664414839311,
      "CDF": 0.5346761090414864,
      "D0": 2.874571418762207,
      "ATLAS": 3.1471966830166904,
      "CMS": 2.548285207440776,
      "LHCb": 3.43967604637146,
      "total": 2.4946959018707275
    }
  },
  "4400": {
    "training_loss": 7749.59912109375,
    "validation_loss": [
      2939.46142578125
    ],
    "validation_chi2s": {
      "DEUTERON": 2.144428613767102,
      "NMC": 2.6794310925053617,
      "NUCLEAR": 2.1050166015625,
      "HERACOMB": 2.4983658136106004,
      "DYE886": 2.9467329545454546,
      "CDF": 0.5268562521253314,
      "D0": 3.2654075622558594,
      "ATLAS": 3.1468561345880683,
      "CMS": 2.5562965639175905,
      "LHCb": 3.385298490524292,
      "total": 2.492588996887207
    }
  },
  "4500": {
    "training_loss": 7716.09765625,
    "validation_loss": [
      2974.92138671875
    ],
    "validation_chi2s": {
      "DEUTERON": 2.154453562266791,
      "NMC": 2.6770492254518996,
      "NUCLEAR": 2.112507080078125,
      "HERACOMB": 2.510018940844567,
      "DYE886": 2.843427831476385,
      "CDF": 0.5515469482966832,
      "D0": 3.9127243041992186,
      "ATLAS": 3.2726884321732954,
      "CMS": 2.5746693764963458,
      "LHCb": 3.3545188903808594,
      "total": 2.522397994995117
    }
  },
  "4600": {
    "training_loss": 7723.11669921875,
    "validation_loss": [
      2948.724365234375
    ],
    "validation_chi2s": {
      "DEUTERON": 2.103305949500544,
      "NMC": 2.6878033806295956,
      "NUCLEAR": 2.110905517578125,
      "HERACOMB": 2.504419064989277,
      "DYE886": 3.07998969338157,
      "CDF": 0.5475398131779262,
      "D0": 3.323733901977539,
      "ATLAS": 3.2149058255282315,
      "CMS": 2.533536357264365,
      "LHCb": 3.4069485664367676,
      "total": 2.500216484069824
    }
  },
  "4700": {
    "training_loss": 7717.734375,
    "validation_loss": [
      2935.4033203125
    ],
    "validation_chi2s": {
      "DEUTERON": 2.175545763613573,
      "NMC": 2.6606143128638173,
      "NUCLEAR": 2.108779296875,
      "HERACOMB": 2.4785960079018587,
      "DYE886": 2.896959998390891,
      "CDF": 0.504523617880685,
      "D0": 3.1334571838378906,
      "ATLAS": 3.1182268316095527,
      "CMS": 2.585572765719506,
      "LHCb": 3.385573387145996,
      "total": 2.4893791675567627
    }
  },
  "4800": {
    "training_loss": 7703.2265625,
    "validation_loss": [
      2970.5654296875
    ],
    "validation_chi2s": {
      "DEUTERON": 2.1998669069204757,
      "NMC": 2.641147688323376,
      "NUCLEAR": 2.124322998046875,
      "HERACOMB": 2.4818528119255516,
      "DYE886": 2.8553218841552734,
      "CDF": 0.5157032012939453,
      "D0": 3.804573822021484,
      "ATLAS": 3.221641193736683,
      "CMS": 2.5828163393082155,
      "LHCb": 3.441663980484009,
      "total": 2.5184764862060547
    }
  },
  "4900": {
    "training_loss": 7703.8779296875,
    "validation_loss": [
      2953.23486328125
    ],
    "validation_chi2s": {
      "DEUTERON": 2.128664994121191,
      "NMC": 2.6615729238472734,
      "NUCLEAR": 2.108728515625,
      "HERACOMB": 2.4945186041539014,
      "DYE886": 3.085582733154297,
      "CDF": 0.5209917340959821,
      "D0": 3.0092796325683593,
      "ATLAS": 3.2204804853959517,
      "CMS": 2.5679619081558718,
      "LHCb": 3.4841535091400146,
      "total": 2.504201650619507
    }
  },
  "5000": {
    "training_loss": 7716.43603515625,
    "validation_loss": [
      2938.470703125
    ],
    "validation_chi2s": {
      "DEUTERON": 2.1575370522873913,
      "NMC": 2.648209216547947,
      "NUCLEAR": 2.110642822265625,
      "HERACOMB": 2.479809530420241,
      "DYE886": 3.01614726673473,
      "CDF": 0.5094176701136998,
      "D0": 3.115406799316406,
      "ATLAS": 3.159849687056108,
      "CMS": 2.5628935290921118,
      "LHCb": 3.3713009357452393,
      "total": 2.49202299118042
    }
  },
  "5100": {
    "training_loss": 7702.97119140625,
    "validation_loss": [
      2952.765869140625
    ],
    "validation_chi2s": {
      "DEUTERON": 2.1743876139322915,
      "NMC": 2.6457220339307597,
      "NUCLEAR": 2.1109716796875,
      "HERACOMB": 2.475695641212214,
      "DYE886": 2.8690272244540127,
      "CDF": 0.5149314403533936,
      "D0": 3.6240848541259765,
      "ATLAS": 3.2272227894176138,
      "CMS": 2.5492760442918345,
      "LHCb": 3.3725595474243164,
      "total": 2.504051685333252
    }
  },
  "5200": {
    "training_loss": 7691.05810546875,
    "validation_loss": [
      2998.87744140625
    ],
    "validation_chi2s": {
      "DEUTERON": 2.30240429930426,
      "NMC": 2.6708903593175553,
      "NUCLEAR": 2.11342431640625,
      "HERACOMB": 2.49681081335529,
      "DYE886": 2.8294084722345527,
      "CDF": 0.5186123166765485,
      "D0": 3.848751449584961,
      "ATLAS": 3.2756583473899146,
      "CMS": 2.5832332488029235,
      "LHCb": 3.300990343093872,
      "total": 2.543012857437134
    }
  },
  "5300": {
    "training_loss": 7702.04150390625,
    "validation_loss": [
      2948.2646484375
    ],
    "validation_chi2s": {
      "DEUTERON": 2.142896813539723,
      "NMC": 2.6483181224149814,
      "NUCLEAR": 2.111544921875,
      "HERACOMB": 2.4854070127399917,
      "DYE886": 2.8821190920743076,
      "CDF": 0.5144649914332798,
      "D0": 3.46899528503418,
      "ATLAS": 3.2272186279296875,
      "CMS": 2.5483196627709175,
      "LHCb": 3.3652167320251465,
      "total": 2.500062942504883
    }
  },
  "5400": {
    "training_loss": 7715.658203125,
    "validation_loss": [
      2939.659912109375
    ],
    "validation_chi2s": {
      "DEUTERON": 2.1692797912293997,
      "NMC": 2.6649151970358456,
      "NUCLEAR": 2.1108193359375,
      "HERACOMB": 2.4808339636310253,
      "DYE886": 2.9257288846102627,
      "CDF": 0.5033984524863107,
      "D0": 3.185428237915039,
      "ATLAS": 3.172108390114524,
      "CMS": 2.5405147921654487,
      "LHCb": 3.358642816543579,
      "total": 2.4930546283721924
    }
  },
  "5500": {
    "training_loss": 7693.40576171875,
    "validation_loss": [
      2951.41259765625
    ],
    "validation_chi2s": {
      "DEUTERON": 2.144581353486474,
      "NMC": 2.642176310221354,
      "NUCLEAR": 2.11490185546875,
      "HERACOMB": 2.4803999358532476,
      "DYE886": 2.928898898037997,
      "CDF": 0.5184841156005859,
      "D0": 3.4412700653076174,
      "ATLAS": 3.246298009699041,
      "CMS": 2.543971400107107,
      "LHCb": 3.3690598011016846,
      "total": 2.5026533603668213
    }
  },
  "5600": {
    "training_loss": 7704.20947265625,
    "validation_loss": [
      2940.605712890625
    ],
    "validation_chi2s": {
      "DEUTERON": 2.234346000709344,
      "NMC": 2.6378371294806984,
      "NUCLEAR": 2.110156494140625,
      "HERACOMB": 2.454410528045854,
      "DYE886": 2.8926880576393823,
      "CDF": 0.4812437466212681,
      "D0": 3.0447383880615235,
      "ATLAS": 3.1382002397017046,
      "CMS": 2.5811489474388862,
      "LHCb": 3.379138708114624,
      "total": 2.493804454803467
    }
  },
  "5700": {
    "training_loss": 7704.96142578125,
    "validation_loss": [
      2928.4375
    ],
    "validation_chi2s": {
      "DEUTERON": 2.1820479815279072,
      "NMC": 2.660281312231924,
      "NUCLEAR": 2.1088095703125,
      "HERACOMB": 2.457049600439134,
      "DYE886": 3.0279842723499644,
      "CDF": 0.4797112601143973,
      "D0": 2.8240711212158205,
      "ATLAS": 3.1236787275834517,
      "CMS": 2.5570321852161038,
      "LHCb": 3.4275574684143066,
      "total": 2.4835126399993896
    }
  },
  "5800": {
    "training_loss": 7678.19970703125,
    "validation_loss": [
      2943.726318359375
    ],
    "validation_chi2s": {
      "DEUTERON": 2.127862123707634,
      "NMC": 2.660764208026961,
      "NUCLEAR": 2.12126171875,
      "HERACOMB": 2.481698628344567,
      "DYE886": 3.149648492986506,
      "CDF": 0.5051174504416329,
      "D0": 2.9450307846069337,
      "ATLAS": 3.211527044122869,
      "CMS": 2.530917752173639,
      "LHCb": 3.3936805725097656,
      "total": 2.4962284564971924
    }
  },
  "5900": {
    "training_loss": 7684.12646484375,
    "validation_loss": [
      2933.235107421875
    ],
    "validation_chi2s": {
      "DEUTERON": 2.1666205107276117,
      "NMC": 2.6769917805989585,
      "NUCLEAR": 2.11818017578125,
      "HERACOMB": 2.459774840111826,
      "DYE886": 3.1651826338334517,
      "CDF": 0.48549308095659527,
      "D0": 2.7106788635253904,
      "ATLAS": 3.1540842923251065,
      "CMS": 2.5328410979240172,
      "LHCb": 3.4157402515411377,
      "total": 2.4876060485839844
    }
  },
  "6000": {
    "training_loss": 7688.6552734375,
    "validation_loss": [
      2932.350341796875
    ],
    "validation_chi2s": {
      "DEUTERON": 2.1783325802627487,
      "NMC": 2.6606119193282782,
      "NUCLEAR": 2.11004541015625,
      "HERACOMB": 2.4605092565997753,
      "DYE886": 2.9282840381969106,
      "CDF": 0.4851341247558594,
      "D0": 2.963304138183594,
      "ATLAS": 3.1672276583584873,
      "CMS": 2.5359716107768397,
      "LHCb": 3.396989107131958,
      "total": 2.4868621826171875
    }
  },
  "6100": {
    "training_loss": 7707.37060546875,
    "validation_loss": [
      2939.03369140625
    ],
    "validation_chi2s": {
      "DEUTERON": 2.1425638530977924,
      "NMC": 2.665455238491881,
      "NUCLEAR": 2.1117568359375,
      "HERACOMB": 2.471279568142361,
      "DYE886": 3.167417352849787,
      "CDF": 0.4921011584145682,
      "D0": 2.847853088378906,
      "ATLAS": 3.213489532470703,
      "CMS": 2.5143292334771927,
      "LHCb": 3.4070935249328613,
      "total": 2.492560386657715
    }
  },
  "6200": {
    "training_loss": 7679.03076171875,
    "validation_loss": [
      2939.569091796875
    ],
    "validation_chi2s": {
      "DEUTERON": 2.1300127779073383,
      "NMC": 2.6646354525696996,
      "NUCLEAR": 2.113691650390625,
      "HERACOMB": 2.4883793849571076,
      "DYE886": 3.043691461736506,
      "CDF": 0.48796541350228445,
      "D0": 2.8800601959228516,
      "ATLAS": 3.1896081404252485,
      "CMS": 2.5451177781628025,
      "LHCb": 3.406599760055542,
      "total": 2.492833137512207
    }
  },
  "6300": {
    "training_loss": 7693.79638671875,
    "validation_loss": [
      2936.531005859375
    ],
    "validation_chi2s": {
      "DEUTERON": 2.1652579995530163,
      "NMC": 2.6518794041053924,
      "NUCLEAR": 2.11363037109375,
      "HERACOMB": 2.4702902401194855,
      "DYE886": 2.8880942951549184,
      "CDF": 0.4923267364501953,
      "D0": 3.0500362396240233,
      "ATLAS": 3.189468730579723,
      "CMS": 2.5429847471175657,
      "LHCb": 3.350886583328247,
      "total": 2.490389108657837
    }
  },
  "6400": {
    "training_loss": 7682.47314453125,
    "validation_loss": [
      2933.7099609375
    ],
    "validation_chi2s": {
      "DEUTERON": 2.169015912867304,
      "NMC": 2.6455915862438726,
      "NUCLEAR": 2.113354248046875,
      "HERACOMB": 2.464039322597529,
      "DYE886": 2.8870397047563032,
      "CDF": 0.48365020751953125,
      "D0": 3.0580011367797852,
      "ATLAS": 3.1839412342418325,
      "CMS": 2.539617723034274,
      "LHCb": 3.3553125858306885,
      "total": 2.4880142211914062
    }
  },
  "6500": {
    "training_loss": 7664.716796875,
    "validation_loss": [
      2957.43408203125
    ],
    "validation_chi2s": {
      "DEUTERON": 2.1057749885824784,
      "NMC": 2.6618909648820464,
      "NUCLEAR": 2.120422607421875,
      "HERACOMB": 2.5072133182700163,
      "DYE886": 3.058272968639027,
      "CDF": 0.5078122956412179,
      "D0": 3.1063108444213867,
      "ATLAS": 3.273874456232244,
      "CMS": 2.5383182648689515,
      "LHCb": 3.3540198802948,
      "total": 2.507643461227417
    }
  },
  "6600": {
    "training_loss": 7697.50537109375,
    "validation_loss": [
      2944.66552734375
    ],
    "validation_chi2s": {
      "DEUTERON": 2.113521443077581,
      "NMC": 2.663760316138174,
      "NUCLEAR": 2.11546875,
      "HERACOMB": 2.5029522266263275,
      "DYE886": 3.1146059903231533,
      "CDF": 0.5024769306182861,
      "D0": 2.8100744247436524,
      "ATLAS": 3.213016163219105,
      "CMS": 2.5360639018397175,
      "LHCb": 3.390216588973999,
      "total": 2.497056007385254
    }
  },
  "6700": {
    "training_loss": 7685.12353515625,
    "validation_loss": [
      2940.2939453125
    ],
    "validation_chi2s": {
      "DEUTERON": 2.1700778031230565,
      "NMC": 2.6562311509076286,
      "NUCLEAR": 2.11483203125,
      "HERACOMB": 2.460965424581291,
      "DYE886": 2.855030233209783,
      "CDF": 0.48807573318481445,
      "D0": 3.2475868225097657,
      "ATLAS": 3.2187999378551138,
      "CMS": 2.537481984784526,
      "LHCb": 3.335197925567627,
      "total": 2.493640899658203
    }
  },
  "6800": {
    "training_loss": 7668.48291015625,
    "validation_loss": [
      2944.0146484375
    ],
    "validation_chi2s": {
      "DEUTERON": 2.1191154214280163,
      "NMC": 2.673994176528033,
      "NUCLEAR": 2.116004638671875,
      "HERACOMB": 2.4923883575239993,
      "DYE886": 3.1538751775568183,
      "CDF": 0.49505482401166645,
      "D0": 2.804496002197266,
      "ATLAS": 3.2200116244229404,
      "CMS": 2.5311754288211947,
      "LHCb": 3.38151216506958,
      "total": 2.4967596530914307
    }
  },
  "6900": {
    "training_loss": 7673.12158203125,
    "validation_loss": [
      2933.165771484375
    ],
    "validation_chi2s": {
      "DEUTERON": 2.1774629052005596,
      "NMC": 2.6614101634306064,
      "NUCLEAR": 2.1122353515625,
      "HERACOMB": 2.4663752138225083,
      "DYE886": 2.9286218123002485,
      "CDF": 0.46963848386492046,
      "D0": 2.858528900146484,
      "ATLAS": 3.1536997014825996,
      "CMS": 2.5538490049300657,
      "LHCb": 3.3967525959014893,
      "total": 2.4876155853271484
    }
  },
  "7000": {
    "training_loss": 7666.15087890625,
    "validation_loss": [
      2950.07958984375
    ],
    "validation_chi2s": {
      "DEUTERON": 2.130382177248523,
      "NMC": 2.646711461684283,
      "NUCLEAR": 2.121872314453125,
      "HERACOMB": 2.486233580346201,
      "DYE886": 2.8546409606933594,
      "CDF": 0.479198830468314,
      "D0": 3.2847084045410155,
      "ATLAS": 3.257290926846591,
      "CMS": 2.5423566756709928,
      "LHCb": 3.364640474319458,
      "total": 2.5018253326416016
    }
  },
  "7100": {
    "training_loss": 7681.44970703125,
    "validation_loss": [
      2933.32470703125
    ],
    "validation_chi2s": {
      "DEUTERON": 2.1609381680464863,
      "NMC": 2.6770255892884496,
      "NUCLEAR": 2.114267578125,
      "HERACOMB": 2.4660347333920547,
      "DYE886": 3.004793340509588,
      "CDF": 0.4761801447187151,
      "D0": 2.73306884765625,
      "ATLAS": 3.1782139864834873,
      "CMS": 2.533717986076109,
      "LHCb": 3.3977272510528564,
      "total": 2.487781047821045
    }
  },
  "7200": {
    "training_loss": 7671.990234375,
    "validation_loss": [
      2940.419921875
    ],
    "validation_chi2s": {
      "DEUTERON": 2.124278965281017,
      "NMC": 2.66967025457644,
      "NUCLEAR": 2.121027587890625,
      "HERACOMB": 2.4883428835401347,
      "DYE886": 3.152870525013317,
      "CDF": 0.4803191253117153,
      "D0": 2.745405387878418,
      "ATLAS": 3.192582910711115,
      "CMS": 2.5376968383789062,
      "LHCb": 3.3889071941375732,
      "total": 2.493652582168579
    }
  },
  "7300": {
    "training_loss": 7674.24560546875,
    "validation_loss": [
      2954.3837890625
    ],
    "validation_chi2s": {
      "DEUTERON": 2.1352264252468127,
      "NMC": 2.6364578546262254,
      "NUCLEAR": 2.1181376953125,
      "HERACOMB": 2.4856826682495914,
      "DYE886": 2.8250995982776987,
      "CDF": 0.4989783763885498,
      "D0": 3.3816253662109377,
      "ATLAS": 3.2952201149680396,
      "CMS": 2.5424295240832913,
      "LHCb": 3.303421974182129,
      "total": 2.505669355392456
    }
  },
  "7400": {
    "training_loss": 7671.8662109375,
    "validation_loss": [
      2953.76806640625
    ],
    "validation_chi2s": {
      "DEUTERON": 2.1433571583002955,
      "NMC": 2.6524080762676165,
      "NUCLEAR": 2.1230908203125,
      "HERACOMB": 2.4876537447661358,
      "DYE886": 2.8243063146417793,
      "CDF": 0.47939252853393555,
      "D0": 3.3731475830078126,
      "ATLAS": 3.260624972256747,
      "CMS": 2.549339540543095,
      "LHCb": 3.321859121322632,
      "total": 2.505167007446289
    }
  },
  "7500": {
    "training_loss": 7689.43310546875,
    "validation_loss": [
      2939.637451171875
    ],
    "validation_chi2s": {
      "DEUTERON": 2.146717128468983,
      "NMC": 2.716598211550245,
      "NUCLEAR": 2.121614990234375,
      "HERACOMB": 2.4784188862719567,
      "DYE886": 3.2268329967151987,
      "CDF": 0.4615099770682199,
      "D0": 2.5612455368041993,
      "ATLAS": 3.1808596524325283,
      "CMS": 2.521417925434728,
      "LHCb": 3.3862414360046387,
      "total": 2.4932289123535156
    }
  },
  "7600": {
    "training_loss": 7657.2568359375,
    "validation_loss": [
      2939.502197265625
    ],
    "validation_chi2s": {
      "DEUTERON": 2.132163128449549,
      "NMC": 2.6722415101294423,
      "NUCLEAR": 2.1185810546875,
      "HERACOMB": 2.4708720687168095,
      "DYE886": 3.2176007357510654,
      "CDF": 0.4786196095602853,
      "D0": 2.6514028549194335,
      "ATLAS": 3.1991885792125356,
      "CMS": 2.536466044764365,
      "LHCb": 3.4543325901031494,
      "total": 2.4930877685546875
    }
  },
  "7700": {
    "training_loss": 7654.12158203125,
    "validation_loss": [
      2943.61376953125
    ],
    "validation_chi2s": {
      "DEUTERON": 2.1194161941756064,
      "NMC": 2.6724925321691178,
      "NUCLEAR": 2.11900732421875,
      "HERACOMB": 2.4964599609375,
      "DYE886": 3.02621772072532,
      "CDF": 0.47700374467032297,
      "D0": 2.7905904769897463,
      "ATLAS": 3.20390493219549,
      "CMS": 2.5511575514270413,
      "LHCb": 3.4141342639923096,
      "total": 2.4964146614074707
    }
  },
  "7800": {
    "training_loss": 7662.7998046875,
    "validation_loss": [
      2935.82861328125
    ],
    "validation_chi2s": {
      "DEUTERON": 2.1388909638817633,
      "NMC": 2.6588616464652266,
      "NUCLEAR": 2.120027099609375,
      "HERACOMB": 2.48771697399663,
      "DYE886": 2.896269538185813,
      "CDF": 0.4641540050506592,
      "D0": 2.80240535736084,
      "ATLAS": 3.165315801447088,
      "CMS": 2.5631861532888105,
      "LHCb": 3.406374454498291,
      "total": 2.489985466003418
    }
  },
  "7900": {
    "training_loss": 7688.45947265625,
    "validation_loss": [
      2972.06396484375
    ],
    "validation_chi2s": {
      "DEUTERON": 2.1629659927899563,
      "NMC": 2.6347515629787073,
      "NUCLEAR": 2.12856494140625,
      "HERACOMB": 2.477377698312398,
      "DYE886": 2.8310252102938565,
      "CDF": 0.5727153505597796,
      "D0": 3.4974601745605467,
      "ATLAS": 3.405132293701172,
      "CMS": 2.487459736485635,
      "LHCb": 3.237826347351074,
      "total": 2.520756959915161
    }
  },
  "8000": {
    "training_loss": 7656.56005859375,
    "validation_loss": [
      2962.34521484375
    ],
    "validation_chi2s": {
      "DEUTERON": 2.1247547965737716,
      "NMC": 2.640837725471048,
      "NUCLEAR": 2.123539794921875,
      "HERACOMB": 2.5013439702052698,
      "DYE886": 2.836923599243164,
      "CDF": 0.49670628138950895,
      "D0": 3.238385009765625,
      "ATLAS": 3.314908114346591,
      "CMS": 2.5532748314642135,
      "LHCb": 3.3069748878479004,
      "total": 2.5124518871307373
    }
  },
  "8100": {
    "training_loss": 7674.455078125,
    "validation_loss": [
      2945.375
    ],
    "validation_chi2s": {
      "DEUTERON": 2.2142364350124377,
      "NMC": 2.6558036056219363,
      "NUCLEAR": 2.124118408203125,
      "HERACOMB": 2.477695240693934,
      "DYE886": 2.865753867409446,
      "CDF": 0.4577564852578299,
      "D0": 2.6418968200683595,
      "ATLAS": 3.1829039833762427,
      "CMS": 2.553836453345514,
      "LHCb": 3.3132030963897705,
      "total": 2.4981095790863037
    }
  },
  "8200": {
    "training_loss": 7668.76611328125,
    "validation_loss": [
      2962.34130859375
    ],
    "validation_chi2s": {
      "DEUTERON": 2.150577981673663,
      "NMC": 2.63580322265625,
      "NUCLEAR": 2.1212666015625,
      "HERACOMB": 2.4765700795292074,
      "DYE886": 2.8120255903764204,
      "CDF": 0.5058808326721191,
      "D0": 3.291666793823242,
      "ATLAS": 3.3398059498180044,
      "CMS": 2.5435973136655745,
      "LHCb": 3.3080551624298096,
      "total": 2.5124945640563965
    }
  },
  "8300": {
    "training_loss": 7659.9814453125,
    "validation_loss": [
      2961.102783203125
    ],
    "validation_chi2s": {
      "DEUTERON": 2.1611086717292443,
      "NMC": 2.6290480669806984,
      "NUCLEAR": 2.123513916015625,
      "HERACOMB": 2.4914423126021243,
      "DYE886": 2.811086134477095,
      "CDF": 0.49197496686662945,
      "D0": 3.215779495239258,
      "ATLAS": 3.2864241166548296,
      "CMS": 2.5579482047788558,
      "LHCb": 3.3175208568573,
      "total": 2.511388063430786
    }
  },
  "8400": {
    "training_loss": 7708.412109375,
    "validation_loss": [
      2950.0537109375
    ],
    "validation_chi2s": {
      "DEUTERON": 2.1218143292327425,
      "NMC": 2.6640822466681984,
      "NUCLEAR": 2.130421142578125,
      "HERACOMB": 2.5016932269327,
      "DYE886": 3.0444717407226562,
      "CDF": 0.5021359579903739,
      "D0": 2.728786849975586,
      "ATLAS": 3.2521854747425425,
      "CMS": 2.5270447269562752,
      "LHCb": 3.3106696605682373,
      "total": 2.5020670890808105
    }
  },
  "8500": {
    "training_loss": 7659.92041015625,
    "validation_loss": [
      2939.9072265625
    ],
    "validation_chi2s": {
      "DEUTERON": 2.1270179558749223,
      "NMC": 2.6768951416015625,
      "NUCLEAR": 2.125755615234375,
      "HERACOMB": 2.4937482846328636,
      "DYE886": 3.125918301669034,
      "CDF": 0.4729442596435547,
      "D0": 2.488730812072754,
      "ATLAS": 3.1833229064941406,
      "CMS": 2.5476876535723285,
      "LHCb": 3.3772380352020264,
      "total": 2.4934656620025635
    }
  },
  "8600": {
    "training_loss": 7664.06787109375,
    "validation_loss": [
      2941.614990234375
    ],
    "validation_chi2s": {
      "DEUTERON": 2.175990621841962,
      "NMC": 2.666308234719669,
      "NUCLEAR": 2.1227177734375,
      "HERACOMB": 2.4758978949652777,
      "DYE886": 2.98177753795277,
      "CDF": 0.4621890272412981,
      "D0": 2.4772212982177733,
      "ATLAS": 3.1731640208851206,
      "CMS": 2.5705268613753782,
      "LHCb": 3.4074668884277344,
      "total": 2.494934558868408
    }
  },
  "8700": {
    "training_loss": 7675.1650390625,
    "validation_loss": [
      2946.498291015625
    ],
    "validation_chi2s": {
      "DEUTERON": 2.1364472802005596,
      "NMC": 2.646180096794577,
      "NUCLEAR": 2.12470751953125,
      "HERACOMB": 2.4832085503472223,
      "DYE886": 2.869646592573686,
      "CDF": 0.49281324659075054,
      "D0": 2.8732879638671873,
      "ATLAS": 3.259676846590909,
      "CMS": 2.5515316378685737,
      "LHCb": 3.2989416122436523,
      "total": 2.4990618228912354
    }
  },
  "8800": {
    "training_loss": 7665.5966796875,
    "validation_loss": [
      2945.02880859375
    ],
    "validation_chi2s": {
      "DEUTERON": 2.125793305202503,
      "NMC": 2.6340828689874387,
      "NUCLEAR": 2.123994384765625,
      "HERACOMB": 2.48262033898846,
      "DYE886": 2.852594722401012,
      "CDF": 0.49636384419032503,
      "D0": 2.9401103973388674,
      "ATLAS": 3.2589527476917612,
      "CMS": 2.5562397126228578,
      "LHCb": 3.326139450073242,
      "total": 2.4978132247924805
    }
  },
  "8900": {
    "training_loss": 7657.9736328125,
    "validation_loss": [
      2949.413330078125
    ],
    "validation_chi2s": {
      "DEUTERON": 2.1164326074704602,
      "NMC": 2.653782564051011,
      "NUCLEAR": 2.126392578125,
      "HERACOMB": 2.491538253484988,
      "DYE886": 2.8304093100807886,
      "CDF": 0.5308764662061419,
      "D0": 2.8947025299072267,
      "ATLAS": 3.294063914905895,
      "CMS": 2.5352598620999243,
      "LHCb": 3.297032117843628,
      "total": 2.5015432834625244
    }
  },
  "9000": {
    "training_loss": 7681.26513671875,
    "validation_loss": [
      2939.10986328125
    ],
    "validation_chi2s": {
      "DEUTERON": 2.1694894667288556,
      "NMC": 2.649439493815104,
      "NUCLEAR": 2.123896240234375,
      "HERACOMB": 2.4730828977098653,
      "DYE886": 2.8611982518976387,
      "CDF": 0.4722848619733538,
      "D0": 2.730646514892578,
      "ATLAS": 3.1886714588512075,
      "CMS": 2.5676542712796118,
      "LHCb": 3.341721296310425,
      "total": 2.4928038120269775
    }
  },
  "9100": {
    "training_loss": 7668.78759765625,
    "validation_loss": [
      2939.758056640625
    ],
    "validation_chi2s": {
      "DEUTERON": 2.1237551561042443,
      "NMC": 2.6505094042011335,
      "NUCLEAR": 2.1277294921875,
      "HERACOMB": 2.4926689995659723,
      "DYE886": 2.897176569158381,
      "CDF": 0.48035669326782227,
      "D0": 2.7361589431762696,
      "ATLAS": 3.2078191583806817,
      "CMS": 2.5590377315398185,
      "LHCb": 3.330397844314575,
      "total": 2.4933600425720215
    }
  },
  "9200": {
    "training_loss": 7645.8076171875,
    "validation_loss": [
      2943.5673828125
    ],
    "validation_chi2s": {
      "DEUTERON": 2.158765802335976,
      "NMC": 2.674986297009038,
      "NUCLEAR": 2.143897216796875,
      "HERACOMB": 2.4970599405126634,
      "DYE886": 3.099105488170277,
      "CDF": 0.4602224826812744,
      "D0": 2.4150808334350584,
      "ATLAS": 3.125732421875,
      "CMS": 2.583682644751764,
      "LHCb": 3.343851089477539,
      "total": 2.4965837001800537
    }
  },
  "9300": {
    "training_loss": 7661.2216796875,
    "validation_loss": [
      2953.70849609375
    ],
    "validation_chi2s": {
      "DEUTERON": 2.1333719889322915,
      "NMC": 2.653285307042739,
      "NUCLEAR": 2.133909912109375,
      "HERACOMB": 2.486232782501021,
      "DYE886": 2.8125809756192295,
      "CDF": 0.49951369421822683,
      "D0": 2.9564590454101562,
      "ATLAS": 3.277215437455611,
      "CMS": 2.5624827723349295,
      "LHCb": 3.3053793907165527,
      "total": 2.5052061080932617
    }
  },
  "9400": {
    "training_loss": 7670.15478515625,
    "validation_loss": [
      2946.755615234375
    ],
    "validation_chi2s": {
      "DEUTERON": 2.1242027472500777,
      "NMC": 2.653187770469516,
      "NUCLEAR": 2.131241455078125,
      "HERACOMB": 2.482900981030433,
      "DYE886": 2.8708378184925425,
      "CDF": 0.5016368457249233,
      "D0": 2.8335119247436524,
      "ATLAS": 3.259701468727805,
      "CMS": 2.554877004315776,
      "LHCb": 3.3217031955718994,
      "total": 2.499293565750122
    }
  },
  "9500": {
    "training_loss": 7670.11328125,
    "validation_loss": [
      2946.95458984375
    ],
    "validation_chi2s": {
      "DEUTERON": 2.1243740100765702,
      "NMC": 2.652751548617494,
      "NUCLEAR": 2.131366455078125,
      "HERACOMB": 2.480906966464971,
      "DYE886": 2.8668623837557705,
      "CDF": 0.5060717378343854,
      "D0": 2.857942581176758,
      "ATLAS": 3.2617537758567114,
      "CMS": 2.556553010017641,
      "LHCb": 3.3220975399017334,
      "total": 2.499465227127075
    }
  },
  "9600": {
    "training_loss": 7663.06103515625,
    "validation_loss": [
      2959.984619140625
    ],
    "validation_chi2s": {
      "DEUTERON": 2.1597115436003578,
      "NMC": 2.6425604726753984,
      "NUCLEAR": 2.1429248046875,
      "HERACOMB": 2.4980823791104982,
      "DYE886": 2.8149681091308594,
      "CDF": 0.4846095017024449,
      "D0": 3.108880043029785,
      "ATLAS": 3.2660456570712,
      "CMS": 2.554385769751764,
      "LHCb": 3.198662042617798,
      "total": 2.5100529193878174
    }
  },
  "9700": {
    "training_loss": 7664.82275390625,
    "validation_loss": [
      2940.40185546875
    ],
    "validation_chi2s": {
      "DEUTERON": 2.190776160700404,
      "NMC": 2.6625608556410847,
      "NUCLEAR": 2.1381923828125,
      "HERACOMB": 2.4583853927313113,
      "DYE886": 2.941777316006747,
      "CDF": 0.4799419811793736,
      "D0": 2.5094451904296875,
      "ATLAS": 3.1773719787597656,
      "CMS": 2.5631293019940777,
      "LHCb": 3.348353385925293,
      "total": 2.4939072132110596
    }
  },
  "9800": {
    "training_loss": 7653.75341796875,
    "validation_loss": [
      2937.71630859375
    ],
    "validation_chi2s": {
      "DEUTERON": 2.1314887051558613,
      "NMC": 2.6782594568589153,
      "NUCLEAR": 2.134490234375,
      "HERACOMB": 2.4920496722452,
      "DYE886": 3.1214242414994673,
      "CDF": 0.46953558921813965,
      "D0": 2.3972799301147463,
      "ATLAS": 3.1489493630149146,
      "CMS": 2.5753309188350553,
      "LHCb": 3.3420634269714355,
      "total": 2.4916398525238037
    }
  },
  "9900": {
    "training_loss": 7650.34814453125,
    "validation_loss": [
      2940.5234375
    ],
    "validation_chi2s": {
      "DEUTERON": 2.1348775227864585,
      "NMC": 2.681232826382506,
      "NUCLEAR": 2.134772216796875,
      "HERACOMB": 2.490805233226103,
      "DYE886": 3.100079969926314,
      "CDF": 0.4820024626595633,
      "D0": 2.4308551788330077,
      "ATLAS": 3.1670279069380327,
      "CMS": 2.5709270354240172,
      "LHCb": 3.332848072052002,
      "total": 2.4940290451049805
    }
  },
  "10000": {
    "training_loss": 7658.9716796875,
    "validation_loss": [
      2939.627685546875
    ],
    "validation_chi2s": {
      "DEUTERON": 2.1354052795106497,
      "NMC": 2.6627604166666665,
      "NUCLEAR": 2.136392822265625,
      "HERACOMB": 2.482272079567504,
      "DYE886": 2.89806452664462,
      "CDF": 0.47994726044791086,
      "D0": 2.7436519622802735,
      "ATLAS": 3.190915888006037,
      "CMS": 2.577031781596522,
      "LHCb": 3.2857441902160645,
      "total": 2.4932496547698975
    }
  },
  "10100": {
    "training_loss": 7656.8955078125,
    "validation_loss": [
      2939.115234375
    ],
    "validation_chi2s": {
      "DEUTERON": 2.1448746866254664,
      "NMC": 2.6753246830958948,
      "NUCLEAR": 2.13956494140625,
      "HERACOMB": 2.478112713184232,
      "DYE886": 2.93982592496005,
      "CDF": 0.4762218679700579,
      "D0": 2.530835723876953,
      "ATLAS": 3.182236064564098,
      "CMS": 2.579774425875756,
      "LHCb": 3.2818892002105713,
      "total": 2.4928407669067383
    }
  },
  "10200": {
    "training_loss": 7659.671875,
    "validation_loss": [
      2939.226318359375
    ],
    "validation_chi2s": {
      "DEUTERON": 2.114046011398088,
      "NMC": 2.685439465092678,
      "NUCLEAR": 2.13689990234375,
      "HERACOMB": 2.493707594528697,
      "DYE886": 3.1222863630814985,
      "CDF": 0.4955857140677316,
      "D0": 2.4558120727539063,
      "ATLAS": 3.17873833396218,
      "CMS": 2.5611092352098033,
      "LHCb": 3.3200080394744873,
      "total": 2.4929378032684326
    }
  },
  "10300": {
    "training_loss": 7646.48974609375,
    "validation_loss": [
      2949.55859375
    ],
    "validation_chi2s": {
      "DEUTERON": 2.1183989415714395,
      "NMC": 2.6766315535003065,
      "NUCLEAR": 2.14723583984375,
      "HERACOMB": 2.5064986484502656,
      "DYE886": 3.007111982865767,
      "CDF": 0.47946722166878836,
      "D0": 2.5908954620361326,
      "ATLAS": 3.2011573097922583,
      "CMS": 2.5786819458007812,
      "LHCb": 3.2758989334106445,
      "total": 2.501708984375
    }
  },
  "10400": {
    "training_loss": 7647.70556640625,
    "validation_loss": [
      2950.056640625
    ],
    "validation_chi2s": {
      "DEUTERON": 2.122432424061334,
      "NMC": 2.6542134004480697,
      "NUCLEAR": 2.141312255859375,
      "HERACOMB": 2.4889761731515523,
      "DYE886": 2.858273072676225,
      "CDF": 0.4939759799412319,
      "D0": 3.009170341491699,
      "ATLAS": 3.240296797318892,
      "CMS": 2.5765843545236895,
      "LHCb": 3.2763702869415283,
      "total": 2.5021142959594727
    }
  },
  "10500": {
    "training_loss": 7645.7626953125,
    "validation_loss": [
      2952.17529296875
    ],
    "validation_chi2s": {
      "DEUTERON": 2.123301795466029,
      "NMC": 2.6487624224494484,
      "NUCLEAR": 2.143572265625,
      "HERACOMB": 2.493386661305147,
      "DYE886": 2.873538277365945,
      "CDF": 0.4893092087336949,
      "D0": 3.0400585174560546,
      "ATLAS": 3.241906252774325,
      "CMS": 2.5771870766916583,
      "LHCb": 3.255981683731079,
      "total": 2.503920078277588
    }
  },
  "10600": {
    "training_loss": 7641.6572265625,
    "validation_loss": [
      2956.99560546875
    ],
    "validation_chi2s": {
      "DEUTERON": 2.12979687742926,
      "NMC": 2.6451098872166052,
      "NUCLEAR": 2.144996337890625,
      "HERACOMB": 2.4937572603911358,
      "DYE886": 2.8630142211914062,
      "CDF": 0.4889490604400635,
      "D0": 3.1168827056884765,
      "ATLAS": 3.2466839877041904,
      "CMS": 2.5852122153005292,
      "LHCb": 3.27976393699646,
      "total": 2.5079233646392822
    }
  },
  "10700": {
    "training_loss": 7648.9931640625,
    "validation_loss": [
      2936.84716796875
    ],
    "validation_chi2s": {
      "DEUTERON": 2.114299261747901,
      "NMC": 2.6742499856387867,
      "NUCLEAR": 2.142394287109375,
      "HERACOMB": 2.490533566942402,
      "DYE886": 3.0973500338467685,
      "CDF": 0.4899467740740095,
      "D0": 2.5587234497070312,
      "ATLAS": 3.173765702681108,
      "CMS": 2.5544842135521675,
      "LHCb": 3.2896790504455566,
      "total": 2.490950107574463
    }
  },
  "10800": {
    "training_loss": 7627.623046875,
    "validation_loss": [
      2937.2373046875
    ],
    "validation_chi2s": {
      "DEUTERON": 2.1802816058865826,
      "NMC": 2.6612874947342218,
      "NUCLEAR": 2.132515380859375,
      "HERACOMB": 2.463684281492545,
      "DYE886": 2.9149762933904473,
      "CDF": 0.4752676146371024,
      "D0": 2.5348747253417967,
      "ATLAS": 3.16784009066495,
      "CMS": 2.5737538491525958,
      "LHCb": 3.336121082305908,
      "total": 2.4912848472595215
    }
  },
  "10900": {
    "training_loss": 7648.6904296875,
    "validation_loss": [
      2950.16796875
    ],
    "validation_chi2s": {
      "DEUTERON": 2.1461160384600437,
      "NMC": 2.7068415623085174,
      "NUCLEAR": 2.1470009765625,
      "HERACOMB": 2.4872749677670547,
      "DYE886": 3.2964248657226562,
      "CDF": 0.4733342102595738,
      "D0": 2.229081153869629,
      "ATLAS": 3.1632471951571377,
      "CMS": 2.5753333799300657,
      "LHCb": 3.396574020385742,
      "total": 2.5022590160369873
    }
  },
  "11000": {
    "training_loss": 7639.60205078125,
    "validation_loss": [
      2949.392578125
    ],
    "validation_chi2s": {
      "DEUTERON": 2.1012357645366917,
      "NMC": 2.7010722440831803,
      "NUCLEAR": 2.149996826171875,
      "HERACOMB": 2.520591985166462,
      "DYE886": 3.195676630193537,
      "CDF": 0.4687323570251465,
      "D0": 2.4422657012939455,
      "ATLAS": 3.1625900268554688,
      "CMS": 2.572665799048639,
      "LHCb": 3.333923816680908,
      "total": 2.50146222114563
    }
  },
  "11100": {
    "training_loss": 7706.03515625,
    "validation_loss": [
      2948.95166015625
    ],
    "validation_chi2s": {
      "DEUTERON": 2.1163037048643503,
      "NMC": 2.674673043045343,
      "NUCLEAR": 2.1432822265625,
      "HERACOMB": 2.515481587328942,
      "DYE886": 3.0090484619140625,
      "CDF": 0.4627246175493513,
      "D0": 2.6468955993652346,
      "ATLAS": 3.1617102189497515,
      "CMS": 2.5939692835653982,
      "LHCb": 3.3576247692108154,
      "total": 2.5011091232299805
    }
  },
  "11200": {
    "training_loss": 7776.76171875,
    "validation_loss": [
      2940.99609375
    ],
    "validation_chi2s": {
      "DEUTERON": 2.1612902589105256,
      "NMC": 2.7000020345052085,
      "NUCLEAR": 2.13906396484375,
      "HERACOMB": 2.4801807278901142,
      "DYE886": 3.244412508877841,
      "CDF": 0.4642542770930699,
      "D0": 2.2190589904785156,
      "ATLAS": 3.123202237215909,
      "CMS": 2.5689227196478073,
      "LHCb": 3.441441059112549,
      "total": 2.4944820404052734
    }
  },
  "11300": {
    "training_loss": 7652.0283203125,
    "validation_loss": [
      2940.6767578125
    ],
    "validation_chi2s": {
      "DEUTERON": 2.111304439715485,
      "NMC": 2.6924309824027266,
      "NUCLEAR": 2.145035888671875,
      "HERACOMB": 2.5071217655356413,
      "DYE886": 3.1177180897105825,
      "CDF": 0.46954407010759625,
      "D0": 2.5078762054443358,
      "ATLAS": 3.1387401927601206,
      "CMS": 2.5723205074187248,
      "LHCb": 3.350342035293579,
      "total": 2.4942126274108887
    }
  },
  "11400": {
    "training_loss": 7699.60400390625,
    "validation_loss": [
      2938.181884765625
    ],
    "validation_chi2s": {
      "DEUTERON": 2.1361159898748445,
      "NMC": 2.6870476217830883,
      "NUCLEAR": 2.138705322265625,
      "HERACOMB": 2.4777034186070264,
      "DYE886": 3.075176239013672,
      "CDF": 0.518545286996024,
      "D0": 2.3715532302856444,
      "ATLAS": 3.17974853515625,
      "CMS": 2.54956546906502,
      "LHCb": 3.379615068435669,
      "total": 2.492095708847046
    }
  },
  "11500": {
    "training_loss": 7704.0673828125,
    "validation_loss": [
      2941.79296875
    ],
    "validation_chi2s": {
      "DEUTERON": 2.1380036766849346,
      "NMC": 2.6499125162760415,
      "NUCLEAR": 2.137176025390625,
      "HERACOMB": 2.4716072830499387,
      "DYE886": 2.83691388910467,
      "CDF": 0.5255745819636753,
      "D0": 2.885368537902832,
      "ATLAS": 3.219700899991122,
      "CMS": 2.5607112761466735,
      "LHCb": 3.348726987838745,
      "total": 2.4951565265655518
    }
  },
  "11600": {
    "training_loss": 7672.00244140625,
    "validation_loss": [
      2956.007568359375
    ],
    "validation_chi2s": {
      "DEUTERON": 2.164993210218439,
      "NMC": 2.654344446518842,
      "NUCLEAR": 2.140521728515625,
      "HERACOMB": 2.4761430328967524,
      "DYE886": 2.77235915444114,
      "CDF": 0.5174511841365269,
      "D0": 2.974814796447754,
      "ATLAS": 3.2523734352805396,
      "CMS": 2.5795123192571823,
      "LHCb": 3.3119630813598633,
      "total": 2.507199287414551
    }
  },
  "11700": {
    "training_loss": 7656.82275390625,
    "validation_loss": [
      2941.9248046875
    ],
    "validation_chi2s": {
      "DEUTERON": 2.120491900847326,
      "NMC": 2.6958013796338847,
      "NUCLEAR": 2.142431396484375,
      "HERACOMB": 2.493088267207925,
      "DYE886": 3.329068270596591,
      "CDF": 0.517021826335362,
      "D0": 2.3938369750976562,
      "ATLAS": 3.149632540616122,
      "CMS": 2.549014183782762,
      "LHCb": 3.391159772872925,
      "total": 2.4952712059020996
    }
  },
  "11800": {
    "training_loss": 7651.66015625,
    "validation_loss": [
      2958.30810546875
    ],
    "validation_chi2s": {
      "DEUTERON": 2.1248660870452425,
      "NMC": 2.6563188141467524,
      "NUCLEAR": 2.146443603515625,
      "HERACOMB": 2.4933697070950775,
      "DYE886": 2.797136133367365,
      "CDF": 0.5182258401598249,
      "D0": 3.3312957763671873,
      "ATLAS": 3.24945068359375,
      "CMS": 2.5773399106917845,
      "LHCb": 3.3182308673858643,
      "total": 2.5091660022735596
    }
  },
  "11900": {
    "training_loss": 7660.365234375,
    "validation_loss": [
      2942.384765625
    ],
    "validation_chi2s": {
      "DEUTERON": 2.1392986240671643,
      "NMC": 2.683395984126072,
      "NUCLEAR": 2.1507353515625,
      "HERACOMB": 2.468862296709048,
      "DYE886": 3.0859506780450996,
      "CDF": 0.534921407699585,
      "D0": 2.664337730407715,
      "ATLAS": 3.1799815784801138,
      "CMS": 2.5539302210653982,
      "LHCb": 3.366672992706299,
      "total": 2.4956612586975098
    }
  },
  "12000": {
    "training_loss": 7662.41357421875,
    "validation_loss": [
      2937.8759765625
    ],
    "validation_chi2s": {
      "DEUTERON": 2.156130510776197,
      "NMC": 2.695691276999081,
      "NUCLEAR": 2.1427138671875,
      "HERACOMB": 2.4605545343137254,
      "DYE886": 3.217422138560902,
      "CDF": 0.5189149720328194,
      "D0": 2.3127361297607423,
      "ATLAS": 3.146883184259588,
      "CMS": 2.5567767235540573,
      "LHCb": 3.4365642070770264,
      "total": 2.4918367862701416
    }
  },
  "12100": {
    "training_loss": 7672.59033203125,
    "validation_loss": [
      2949.947021484375
    ],
    "validation_chi2s": {
      "DEUTERON": 2.1282410882598723,
      "NMC": 2.672124226888021,
      "NUCLEAR": 2.13369970703125,
      "HERACOMB": 2.486258114085478,
      "DYE886": 2.811850807883523,
      "CDF": 0.5298018114907401,
      "D0": 3.2090354919433595,
      "ATLAS": 3.224557703191584,
      "CMS": 2.5736150433940272,
      "LHCb": 3.3550565242767334,
      "total": 2.5020751953125
    }
  },
  "12200": {
    "training_loss": 7680.59326171875,
    "validation_loss": [
      2942.4970703125
    ],
    "validation_chi2s": {
      "DEUTERON": 2.100939394822761,
      "NMC": 2.6820906096813726,
      "NUCLEAR": 2.134927001953125,
      "HERACOMB": 2.490183113447202,
      "DYE886": 2.882579630071467,
      "CDF": 0.5135067531040737,
      "D0": 3.1551536560058593,
      "ATLAS": 3.1977656971324575,
      "CMS": 2.5721942532447075,
      "LHCb": 3.3446743488311768,
      "total": 2.4954659938812256
    }
  },
  "12300": {
    "training_loss": 7684.3017578125,
    "validation_loss": [
      2947.7626953125
    ],
    "validation_chi2s": {
      "DEUTERON": 2.1274098258706466,
      "NMC": 2.6756050259459254,
      "NUCLEAR": 2.136012451171875,
      "HERACOMB": 2.498421862234477,
      "DYE886": 2.832323421131481,
      "CDF": 0.5255661691938128,
      "D0": 3.325963592529297,
      "ATLAS": 3.180183757435192,
      "CMS": 2.5848920268397175,
      "LHCb": 3.302767038345337,
      "total": 2.50022292137146
    }
  },
  "12400": {
    "training_loss": 7658.31591796875,
    "validation_loss": [
      2939.9130859375
    ],
    "validation_chi2s": {
      "DEUTERON": 2.1258564659612094,
      "NMC": 2.7054595947265625,
      "NUCLEAR": 2.139491943359375,
      "HERACOMB": 2.4731562994664014,
      "DYE886": 3.2354951338334517,
      "CDF": 0.5626241139003209,
      "D0": 2.6022634506225586,
      "ATLAS": 3.1695553172718394,
      "CMS": 2.5415484520696823,
      "LHCb": 3.401350736618042,
      "total": 2.493565082550049
    }
  },
  "12500": {
    "training_loss": 7688.0,
    "validation_loss": [
      2951.2568359375
    ],
    "validation_chi2s": {
      "DEUTERON": 2.1287131238339554,
      "NMC": 2.6817659864238665,
      "NUCLEAR": 2.13450048828125,
      "HERACOMB": 2.4951189826516544,
      "DYE886": 2.828673102638938,
      "CDF": 0.5267014162881034,
      "D0": 3.407907485961914,
      "ATLAS": 3.1950579556551846,
      "CMS": 2.593297158518145,
      "LHCb": 3.2904276847839355,
      "total": 2.502936840057373
    }
  },
  "12600": {
    "training_loss": 7693.00439453125,
    "validation_loss": [
      2948.93115234375
    ],
    "validation_chi2s": {
      "DEUTERON": 2.143764211170709,
      "NMC": 2.6963949764476105,
      "NUCLEAR": 2.130391357421875,
      "HERACOMB": 2.4965016483481413,
      "DYE886": 2.8241221688010474,
      "CDF": 0.5509427615574428,
      "D0": 3.3931930541992186,
      "ATLAS": 3.174136075106534,
      "CMS": 2.5855395409368698,
      "LHCb": 3.2755351066589355,
      "total": 2.501213788986206
    }
  },
  "12700": {
    "training_loss": 7674.3125,
    "validation_loss": [
      2946.419921875
    ],
    "validation_chi2s": {
      "DEUTERON": 2.149814890391791,
      "NMC": 2.738295910405178,
      "NUCLEAR": 2.151191650390625,
      "HERACOMB": 2.469112820095486,
      "DYE886": 3.4439693797718394,
      "CDF": 0.5836781774248395,
      "D0": 2.5362773895263673,
      "ATLAS": 3.1191950711337,
      "CMS": 2.5704692717521422,
      "LHCb": 3.3867287635803223,
      "total": 2.499083995819092
    }
  },
  "12800": {
    "training_loss": 7774.99462890625,
    "validation_loss": [
      2945.44873046875
    ],
    "validation_chi2s": {
      "DEUTERON": 2.1744024931494867,
      "NMC": 2.686243693033854,
      "NUCLEAR": 2.1266513671875,
      "HERACOMB": 2.461468665428411,
      "DYE886": 2.846597671508789,
      "CDF": 0.5515574727739606,
      "D0": 3.166472053527832,
      "ATLAS": 3.1938643022017046,
      "CMS": 2.5810413975869455,
      "LHCb": 3.3188271522521973,
      "total": 2.4982593059539795
    }
  },
  "12900": {
    "training_loss": 7671.01611328125,
    "validation_loss": [
      2938.03271484375
    ],
    "validation_chi2s": {
      "DEUTERON": 2.1109736048760106,
      "NMC": 2.6910929960363053,
      "NUCLEAR": 2.13833447265625,
      "HERACOMB": 2.4812456517437704,
      "DYE886": 3.192976171320135,
      "CDF": 0.5272343839917865,
      "D0": 2.824437141418457,
      "ATLAS": 3.1396290172230112,
      "CMS": 2.587000200825353,
      "LHCb": 3.3427395820617676,
      "total": 2.49186372756958
    }
  },
  "13000": {
    "training_loss": 67201.576171875,
    "validation_loss": [
      261131.765625
    ],
    "validation_chi2s": {
      "DEUTERON": 1284.1113961442786,
      "NMC": 2.4834048701267615,
      "NUCLEAR": 2.25829833984375,
      "HERACOMB": 2.5482720269097223,
      "DYE886": 11.266421924937855,
      "CDF": 0.5603459562574115,
      "D0": 9.194591522216797,
      "ATLAS": 3.971266659823331,
      "CMS": 3.140537877236643,
      "LHCb": 3.2649097442626953,
      "total": 221.47071838378906
    }
  },
  "13100": {
    "training_loss": 7668.5,
    "validation_loss": [
      2953.49755859375
    ],
    "validation_chi2s": {
      "DEUTERON": 2.1365471835160137,
      "NMC": 2.643446080824908,
      "NUCLEAR": 2.142501708984375,
      "HERACOMB": 2.462832980685764,
      "DYE886": 2.8428632562810723,
      "CDF": 0.6021035739353725,
      "D0": 3.4388275146484375,
      "ATLAS": 3.2458607066761362,
      "CMS": 2.5932513821509575,
      "LHCb": 3.312591552734375,
      "total": 2.50508713722229
    }
  },
  "13200": {
    "training_loss": 7685.177734375,
    "validation_loss": [
      2935.30908203125
    ],
    "validation_chi2s": {
      "DEUTERON": 2.110698035700404,
      "NMC": 2.7055987189797794,
      "NUCLEAR": 2.1404052734375,
      "HERACOMB": 2.469928018407884,
      "DYE886": 3.0156145962801846,
      "CDF": 0.5732933453151158,
      "D0": 2.9494760513305662,
      "ATLAS": 3.1978194496848364,
      "CMS": 2.5344326880670365,
      "LHCb": 3.2886486053466797,
      "total": 2.4896600246429443
    }
  },
  "13300": {
    "training_loss": 7712.19775390625,
    "validation_loss": [
      2931.05908203125
    ],
    "validation_chi2s": {
      "DEUTERON": 2.1302831849055504,
      "NMC": 2.709241979262408,
      "NUCLEAR": 2.13578955078125,
      "HERACOMB": 2.4522537530637254,
      "DYE886": 3.2754603299227627,
      "CDF": 0.5179202556610107,
      "D0": 2.510369873046875,
      "ATLAS": 3.1399047157981177,
      "CMS": 2.5618738974294355,
      "LHCb": 3.4149696826934814,
      "total": 2.486055374145508
    }
  },
  "13400": {
    "training_loss": 7663.6787109375,
    "validation_loss": [
      2944.09423828125
    ],
    "validation_chi2s": {
      "DEUTERON": 2.1337858740963154,
      "NMC": 2.6584236294615504,
      "NUCLEAR": 2.126315673828125,
      "HERACOMB": 2.471139546313317,
      "DYE886": 2.8531802784312856,
      "CDF": 0.5174029895237514,
      "D0": 3.321064758300781,
      "ATLAS": 3.2158092151988638,
      "CMS": 2.5818934286794355,
      "LHCb": 3.316765785217285,
      "total": 2.4971115589141846
    }
  },
  "13500": {
    "training_loss": 7657.046875,
    "validation_loss": [
      2939.77734375
    ],
    "validation_chi2s": {
      "DEUTERON": 2.1266430906988494,
      "NMC": 2.675843781115962,
      "NUCLEAR": 2.1300458984375,
      "HERACOMB": 2.5093912361494075,
      "DYE886": 3.1814641085538,
      "CDF": 0.5047623429979596,
      "D0": 2.5522109985351564,
      "ATLAS": 3.1099232760342685,
      "CMS": 2.5982594643869708,
      "LHCb": 3.340325355529785,
      "total": 2.4934496879577637
    }
  },
  "13600": {
    "training_loss": 7676.93896484375,
    "validation_loss": [
      2938.976318359375
    ],
    "validation_chi2s": {
      "DEUTERON": 2.160220169902441,
      "NMC": 2.6857287837009802,
      "NUCLEAR": 2.13655126953125,
      "HERACOMB": 2.468378004684947,
      "DYE886": 3.3219836841930044,
      "CDF": 0.5304820196969169,
      "D0": 2.5986167907714846,
      "ATLAS": 3.1138621243563565,
      "CMS": 2.5681725778887348,
      "LHCb": 3.4081554412841797,
      "total": 2.492769479751587
    }
  },
  "13700": {
    "training_loss": 7681.17236328125,
    "validation_loss": [
      2982.81640625
    ],
    "validation_chi2s": {
      "DEUTERON": 2.0593727833002955,
      "NMC": 2.6784464518229165,
      "NUCLEAR": 2.144644287109375,
      "HERACOMB": 2.518197851243362,
      "DYE886": 2.944764570756392,
      "CDF": 0.7405258587428502,
      "D0": 3.7574813842773436,
      "ATLAS": 3.410607424649325,
      "CMS": 2.5336392310357865,
      "LHCb": 3.236541271209717,
      "total": 2.529953718185425
    }
  },
  "13800": {
    "training_loss": 7672.2255859375,
    "validation_loss": [
      2926.52783203125
    ],
    "validation_chi2s": {
      "DEUTERON": 2.1160200887651586,
      "NMC": 2.7130659514782476,
      "NUCLEAR": 2.122058349609375,
      "HERACOMB": 2.4699718998927698,
      "DYE886": 3.3098397688432173,
      "CDF": 0.5377053192683628,
      "D0": 2.9389921188354493,
      "ATLAS": 3.0968444130637427,
      "CMS": 2.5679633848128782,
      "LHCb": 3.346031427383423,
      "total": 2.4822118282318115
    }
  },
  "13900": {
    "training_loss": 7731.7431640625,
    "validation_loss": [
      2938.670166015625
    ],
    "validation_chi2s": {
      "DEUTERON": 2.1982055967719996,
      "NMC": 2.679542391907935,
      "NUCLEAR": 2.117447021484375,
      "HERACOMB": 2.461932014016544,
      "DYE886": 2.884939020330256,
      "CDF": 0.539654084614345,
      "D0": 3.4128643035888673,
      "ATLAS": 3.112366416237571,
      "CMS": 2.605531261813256,
      "LHCb": 3.2882492542266846,
      "total": 2.4925107955932617
    }
  },
  "14000": {
    "training_loss": 7683.23828125,
    "validation_loss": [
      2938.055908203125
    ],
    "validation_chi2s": {
      "DEUTERON": 2.0934959905064523,
      "NMC": 2.7065899418849573,
      "NUCLEAR": 2.130196044921875,
      "HERACOMB": 2.4726512634676268,
      "DYE886": 3.0717152682217685,
      "CDF": 0.6422344616481236,
      "D0": 3.5032268524169923,
      "ATLAS": 3.234737743030895,
      "CMS": 2.4997770247920865,
      "LHCb": 3.2392220497131348,
      "total": 2.491989850997925
    }
  },
  "14100": {
    "training_loss": 7650.43603515625,
    "validation_loss": [
      2977.7060546875
    ],
    "validation_chi2s": {
      "DEUTERON": 2.1245209803035605,
      "NMC": 2.6779839010799633,
      "NUCLEAR": 2.12706884765625,
      "HERACOMB": 2.5281671262254903,
      "DYE886": 2.8259428197687324,
      "CDF": 0.6000382559640067,
      "D0": 4.141070556640625,
      "ATLAS": 3.262094324285334,
      "CMS": 2.610904324439264,
      "LHCb": 3.202455520629883,
      "total": 2.525134325027466
    }
  },
  "14200": {
    "training_loss": 7736.6328125,
    "validation_loss": [
      2932.672607421875
    ],
    "validation_chi2s": {
      "DEUTERON": 2.160541591359608,
      "NMC": 2.710895014744179,
      "NUCLEAR": 2.117972900390625,
      "HERACOMB": 2.476864683861826,
      "DYE886": 3.2104013616388496,
      "CDF": 0.5197494370596749,
      "D0": 2.685887336730957,
      "ATLAS": 3.0684276927601206,
      "CMS": 2.6196158624464467,
      "LHCb": 3.3353660106658936,
      "total": 2.4874229431152344
    }
  },
  "14300": {
    "training_loss": 7656.8779296875,
    "validation_loss": [
      2936.912109375
    ],
    "validation_chi2s": {
      "DEUTERON": 2.1474159961909205,
      "NMC": 2.7054437375536153,
      "NUCLEAR": 2.12955322265625,
      "HERACOMB": 2.49209614672692,
      "DYE886": 3.311262997713956,
      "CDF": 0.5211441176278251,
      "D0": 2.5828668594360353,
      "ATLAS": 3.095245361328125,
      "CMS": 2.5829322568831907,
      "LHCb": 3.2800514698028564,
      "total": 2.491018533706665
    }
  },
  "14400": {
    "training_loss": 7656.19873046875,
    "validation_loss": [
      2954.01416015625
    ],
    "validation_chi2s": {
      "DEUTERON": 2.081906902256297,
      "NMC": 2.698661056219363,
      "NUCLEAR": 2.1251142578125,
      "HERACOMB": 2.4988261702793095,
      "DYE886": 2.890852147882635,
      "CDF": 0.6096650532313755,
      "D0": 3.776227569580078,
      "ATLAS": 3.2580819563432173,
      "CMS": 2.569826187626008,
      "LHCb": 3.2540504932403564,
      "total": 2.5053892135620117
    }
  },
  "14500": {
    "training_loss": 8096.00390625,
    "validation_loss": [
      2930.439453125
    ],
    "validation_chi2s": {
      "DEUTERON": 2.1679066520425216,
      "NMC": 2.683271520278033,
      "NUCLEAR": 2.120418212890625,
      "HERACOMB": 2.4501262988919525,
      "DYE886": 3.075698505748402,
      "CDF": 0.558976241520473,
      "D0": 3.0862781524658205,
      "ATLAS": 3.1189020330255683,
      "CMS": 2.5904400733209427,
      "LHCb": 3.294281482696533,
      "total": 2.4855289459228516
    }
  },
  "14600": {
    "training_loss": 7663.005859375,
    "validation_loss": [
      2943.5615234375
    ],
    "validation_chi2s": {
      "DEUTERON": 2.148724911817864,
      "NMC": 2.6528547698376226,
      "NUCLEAR": 2.123048828125,
      "HERACOMB": 2.478847528594771,
      "DYE886": 2.861421585083008,
      "CDF": 0.5883299282618931,
      "D0": 3.7098255157470703,
      "ATLAS": 3.1750446666370737,
      "CMS": 2.5883006434286795,
      "LHCb": 3.2236781120300293,
      "total": 2.496659517288208
    }
  },
  "14700": {
    "training_loss": 7774.97802734375,
    "validation_loss": [
      2930.572265625
    ],
    "validation_chi2s": {
      "DEUTERON": 2.198178571255053,
      "NMC": 2.666163725011489,
      "NUCLEAR": 2.120174560546875,
      "HERACOMB": 2.4496880824269813,
      "DYE886": 3.0546701604669746,
      "CDF": 0.55942245892116,
      "D0": 2.959242248535156,
      "ATLAS": 3.1104552529074927,
      "CMS": 2.580604307113155,
      "LHCb": 3.2803006172180176,
      "total": 2.485642194747925
    }
  },
  "14800": {
    "training_loss": 7651.1552734375,
    "validation_loss": [
      2940.373046875
    ],
    "validation_chi2s": {
      "DEUTERON": 2.1047135538129664,
      "NMC": 2.688687792011336,
      "NUCLEAR": 2.127798828125,
      "HERACOMB": 2.490529577716503,
      "DYE886": 3.229312549937855,
      "CDF": 0.5834169387817383,
      "D0": 3.2068115234375,
      "ATLAS": 3.156453912908381,
      "CMS": 2.5699034660093245,
      "LHCb": 3.267244338989258,
      "total": 2.4937870502471924
    }
  },
  "14900": {
    "training_loss": 7656.47412109375,
    "validation_loss": [
      2936.20849609375
    ],
    "validation_chi2s": {
      "DEUTERON": 2.1557863150069965,
      "NMC": 2.6620896283318016,
      "NUCLEAR": 2.114826416015625,
      "HERACOMB": 2.4821697559232025,
      "DYE886": 3.039181449196555,
      "CDF": 0.5474056856972831,
      "D0": 3.0334917068481446,
      "ATLAS": 3.1026125821200283,
      "CMS": 2.6224463678175405,
      "LHCb": 3.3314478397369385,
      "total": 2.490422487258911
    }
  },
  "15000": {
    "training_loss": 7662.72802734375,
    "validation_loss": [
      2940.728515625
    ],
    "validation_chi2s": {
      "DEUTERON": 2.145407453698305,
      "NMC": 2.6538980521407782,
      "NUCLEAR": 2.129948486328125,
      "HERACOMB": 2.476840549045139,
      "DYE886": 3.1080107255415483,
      "CDF": 0.6051485879080636,
      "D0": 3.196277618408203,
      "ATLAS": 3.151844024658203,
      "CMS": 2.5901801816878782,
      "LHCb": 3.2272067070007324,
      "total": 2.4942564964294434
    }
  },
  "15100": {
    "training_loss": 7645.568359375,
    "validation_loss": [
      2939.99951171875
    ],
    "validation_chi2s": {
      "DEUTERON": 2.198666548847559,
      "NMC": 2.6797281901041665,
      "NUCLEAR": 2.127741455078125,
      "HERACOMB": 2.4747811111749387,
      "DYE886": 3.306598663330078,
      "CDF": 0.5285322666168213,
      "D0": 2.703948211669922,
      "ATLAS": 3.0399866971102627,
      "CMS": 2.6297181652438257,
      "LHCb": 3.361731767654419,
      "total": 2.4936375617980957
    }
  },
  "15200": {
    "training_loss": 7656.212890625,
    "validation_loss": [
      2962.734130859375
    ],
    "validation_chi2s": {
      "DEUTERON": 2.139380915247979,
      "NMC": 2.658371570063572,
      "NUCLEAR": 2.130144287109375,
      "HERACOMB": 2.4969981075112337,
      "DYE886": 2.9118052395907315,
      "CDF": 0.7067092486790248,
      "D0": 4.057445907592774,
      "ATLAS": 3.2460913224653765,
      "CMS": 2.567780033234627,
      "LHCb": 3.156205892562866,
      "total": 2.512728214263916
    }
  },
  "15300": {
    "training_loss": 7680.6962890625,
    "validation_loss": [
      2942.9072265625
    ],
    "validation_chi2s": {
      "DEUTERON": 2.165692685255364,
      "NMC": 2.616741704005821,
      "NUCLEAR": 2.126828369140625,
      "HERACOMB": 2.4645032695695464,
      "DYE886": 2.975634141401811,
      "CDF": 0.7251015390668597,
      "D0": 3.664935302734375,
      "ATLAS": 3.201465606689453,
      "CMS": 2.5443639447612147,
      "LHCb": 3.192365884780884,
      "total": 2.4961042404174805
    }
  },
  "15400": {
    "training_loss": 7685.1982421875,
    "validation_loss": [
      2945.301513671875
    ],
    "validation_chi2s": {
      "DEUTERON": 2.168067135027985,
      "NMC": 2.647272745768229,
      "NUCLEAR": 2.13283935546875,
      "HERACOMB": 2.4779531441482843,
      "DYE886": 3.0699244412508877,
      "CDF": 0.767352989741734,
      "D0": 3.564219665527344,
      "ATLAS": 3.15406625921076,
      "CMS": 2.5678477133474042,
      "LHCb": 3.1551482677459717,
      "total": 2.4981353282928467
    }
  },
  "15500": {
    "training_loss": 7703.505859375,
    "validation_loss": [
      2943.343994140625
    ],
    "validation_chi2s": {
      "DEUTERON": 2.1641879105449315,
      "NMC": 2.6824274998085174,
      "NUCLEAR": 2.133227783203125,
      "HERACOMB": 2.459848441329657,
      "DYE886": 3.3238983154296875,
      "CDF": 0.799785682133266,
      "D0": 3.821942901611328,
      "ATLAS": 3.0810487920587715,
      "CMS": 2.5965721376480593,
      "LHCb": 3.260453462600708,
      "total": 2.4964747428894043
    }
  },
  "15600": {
    "training_loss": 7694.7998046875,
    "validation_loss": [
      2939.23681640625
    ],
    "validation_chi2s": {
      "DEUTERON": 2.1469916348433613,
      "NMC": 2.7243954527611827,
      "NUCLEAR": 2.137762451171875,
      "HERACOMB": 2.448788113064236,
      "DYE886": 3.3636980923739346,
      "CDF": 0.8329878534589495,
      "D0": 3.791352081298828,
      "ATLAS": 3.087177276611328,
      "CMS": 2.5748254099199848,
      "LHCb": 3.2690036296844482,
      "total": 2.4929897785186768
    }
  }
}