{
  "100": {
    "training_loss": 27402.75,
    "validation_loss": [
      13742.732421875
    ],
    "validation_chi2s": {
      "DEUTERON": 10.571341291588931,
      "NMC": 6.236151003370098,
      "NUCLEAR": 6.3289599609375,
      "HERACOMB": 9.64480810227737,
      "DYE886": 43.9492714621804,
      "CDF": 12.92831529889788,
      "D0": 7.274607849121094,
      "ATLAS": 18.850771484375,
      "CMS": 10.052674340420081,
      "LHCb": 15.635451316833496,
      "total": 11.166842460632324
    }
  },
  "200": {
    "training_loss": 16989.5625,
    "validation_loss": [
      7781.6103515625
    ],
    "validation_chi2s": {
      "DEUTERON": 5.414824072994403,
      "NMC": 3.6676438275505516,
      "NUCLEAR": 5.93537890625,
      "HERACOMB": 4.953785615808823,
      "DYE886": 48.85929731889205,
      "CDF": 6.782647269112723,
      "D0": 5.705467224121094,
      "ATLAS": 7.253983677455357,
      "CMS": 4.488351290343238,
      "LHCb": 5.985870361328125,
      "total": 6.3462114334106445
    }
  },
  "300": {
    "training_loss": 13571.07421875,
    "validation_loss": [
      12290.748046875
    ],
    "validation_chi2s": {
      "DEUTERON": 40.17915792133085,
      "NMC": 2.7496876436121322,
      "NUCLEAR": 4.577044921875,
      "HERACOMB": 3.1647085551342933,
      "DYE886": 16.8135292746804,
      "CDF": 4.890162876674107,
      "D0": 4.43272819519043,
      "ATLAS": 5.086621791294643,
      "CMS": 2.86841320600666,
      "LHCb": 5.638744831085205,
      "total": 10.372369766235352
    }
  },
  "400": {
    "training_loss": 8705.8994140625,
    "validation_loss": [
      3166.39697265625
    ],
    "validation_chi2s": {
      "DEUTERON": 1.970289695322217,
      "NMC": 2.853010289809283,
      "NUCLEAR": 2.569888671875,
      "HERACOMB": 2.832944383808211,
      "DYE886": 3.2623991532759233,
      "CDF": 5.259650094168527,
      "D0": 1.8663244247436523,
      "ATLAS": 2.800006103515625,
      "CMS": 2.61734133861104,
      "LHCb": 3.752699613571167,
      "total": 2.6424672603607178
    }
  },
  "500": {
    "training_loss": 8178.3056640625,
    "validation_loss": [
      2943.773193359375
    ],
    "validation_chi2s": {
      "DEUTERON": 1.7783676830690298,
      "NMC": 2.8041767793543197,
      "NUCLEAR": 2.303438232421875,
      "HERACOMB": 2.7042092715992645,
      "DYE886": 3.480207616632635,
      "CDF": 4.591314043317523,
      "D0": 1.2552268028259277,
      "ATLAS": 2.6430442592075893,
      "CMS": 2.650180503970287,
      "LHCb": 3.589855670928955,
      "total": 2.487924098968506
    }
  },
  "600": {
    "training_loss": 8084.732421875,
    "validation_loss": [
      2934.43896484375
    ],
    "validation_chi2s": {
      "DEUTERON": 1.7791216646260883,
      "NMC": 2.737202064663756,
      "NUCLEAR": 2.276107177734375,
      "HERACOMB": 2.6415694492315156,
      "DYE886": 3.462365583939986,
      "CDF": 4.140814099993024,
      "D0": 2.067890930175781,
      "ATLAS": 2.779234793526786,
      "CMS": 2.715460855452741,
      "LHCb": 3.2187185287475586,
      "total": 2.4838738441467285
    }
  },
  "700": {
    "training_loss": 8087.5205078125,
    "validation_loss": [
      2894.6015625
    ],
    "validation_chi2s": {
      "DEUTERON": 1.7530093975921175,
      "NMC": 2.694396075080423,
      "NUCLEAR": 2.25585986328125,
      "HERACOMB": 2.639610539853962,
      "DYE886": 3.592104825106534,
      "CDF": 4.044849940708706,
      "D0": 1.2528753280639648,
      "ATLAS": 2.643865443638393,
      "CMS": 2.7114755599225155,
      "LHCb": 3.4119327068328857,
      "total": 2.4523661136627197
    }
  },
  "800": {
    "training_loss": 8072.994140625,
    "validation_loss": [
      2892.898193359375
    ],
    "validation_chi2s": {
      "DEUTERON": 1.7583786693971548,
      "NMC": 2.6780987907858456,
      "NUCLEAR": 2.25197265625,
      "HERACOMB": 2.6387430826822915,
      "DYE886": 3.6427216963334517,
      "CDF": 3.9796387808663503,
      "D0": 1.2470152854919434,
      "ATLAS": 2.650420096261161,
      "CMS": 2.706268810835041,
      "LHCb": 3.3838768005371094,
      "total": 2.4517054557800293
    }
  },
  "900": {
    "training_loss": 8065.06103515625,
    "validation_loss": [
      2892.069580078125
    ],
    "validation_chi2s": {
      "DEUTERON": 1.7617981564346237,
      "NMC": 2.6701298133999694,
      "NUCLEAR": 2.249843017578125,
      "HERACOMB": 2.637735803142872,
      "DYE886": 3.6780589710582388,
      "CDF": 3.942898614065988,
      "D0": 1.2506508827209473,
      "ATLAS": 2.6566995675223213,
      "CMS": 2.7014040087090163,
      "LHCb": 3.3670246601104736,
      "total": 2.451673984527588
    }
  },
  "1000": {
    "training_loss": 8059.53515625,
    "validation_loss": [
      2890.39599609375
    ],
    "validation_chi2s": {
      "DEUTERON": 1.7602200484394435,
      "NMC": 2.6617769727519915,
      "NUCLEAR": 2.249730224609375,
      "HERACOMB": 2.639489666309232,
      "DYE886": 3.6989749561656606,
      "CDF": 3.9272545405796597,
      "D0": 1.242682933807373,
      "ATLAS": 2.6594808523995535,
      "CMS": 2.6930461946080944,
      "LHCb": 3.3579800128936768,
      "total": 2.451005697250366
    }
  },
  "1100": {
    "training_loss": 8057.91064453125,
    "validation_loss": [
      2890.659912109375
    ],
    "validation_chi2s": {
      "DEUTERON": 1.7718636432097326,
      "NMC": 2.660186767578125,
      "NUCLEAR": 2.2504560546875,
      "HERACOMB": 2.6278762318729574,
      "DYE886": 3.721847880970348,
      "CDF": 3.9255567278180803,
      "D0": 1.2857479095458983,
      "ATLAS": 2.6554300362723215,
      "CMS": 2.707059015993212,
      "LHCb": 3.349931240081787,
      "total": 2.451474666595459
    }
  },
  "1200": {
    "training_loss": 8050.23583984375,
    "validation_loss": [
      2888.45654296875
    ],
    "validation_chi2s": {
      "DEUTERON": 1.7587300011174596,
      "NMC": 2.66417709051394,
      "NUCLEAR": 2.24698876953125,
      "HERACOMB": 2.6357916539011437,
      "DYE886": 3.7281098799272017,
      "CDF": 3.879084995814732,
      "D0": 1.2474828720092774,
      "ATLAS": 2.6717674037388393,
      "CMS": 2.688116104876409,
      "LHCb": 3.3361656665802,
      "total": 2.4503324031829834
    }
  },
  "1300": {
    "training_loss": 8065.86669921875,
    "validation_loss": [
      2887.00927734375
    ],
    "validation_chi2s": {
      "DEUTERON": 1.7649212737581623,
      "NMC": 2.659514483283548,
      "NUCLEAR": 2.251495849609375,
      "HERACOMB": 2.616378484987745,
      "DYE886": 3.798931121826172,
      "CDF": 3.906836918422154,
      "D0": 1.3236562728881835,
      "ATLAS": 2.6795486886160713,
      "CMS": 2.681767197905994,
      "LHCb": 3.3198325634002686,
      "total": 2.4492876529693604
    }
  },
  "1400": {
    "training_loss": 8048.06884765625,
    "validation_loss": [
      2886.3603515625
    ],
    "validation_chi2s": {
      "DEUTERON": 1.7755576366215795,
      "NMC": 2.6582865995519303,
      "NUCLEAR": 2.249177978515625,
      "HERACOMB": 2.6177559646905637,
      "DYE886": 3.7721540277654473,
      "CDF": 3.900851385934012,
      "D0": 1.2934449195861817,
      "ATLAS": 2.6654228864397322,
      "CMS": 2.693911943279329,
      "LHCb": 3.3265020847320557,
      "total": 2.4494638442993164
    }
  },
  "1500": {
    "training_loss": 8040.69140625,
    "validation_loss": [
      2896.5419921875
    ],
    "validation_chi2s": {
      "DEUTERON": 1.7123144349055504,
      "NMC": 2.6893693512561274,
      "NUCLEAR": 2.256855712890625,
      "HERACOMB": 2.6481668310227735,
      "DYE886": 3.722394423051314,
      "CDF": 3.7965172358921597,
      "D0": 1.4569809913635254,
      "ATLAS": 2.7984486607142856,
      "CMS": 2.6115047267225924,
      "LHCb": 3.231966018676758,
      "total": 2.4580602645874023
    }
  },
  "1600": {
    "training_loss": 8042.45068359375,
    "validation_loss": [
      2885.130859375
    ],
    "validation_chi2s": {
      "DEUTERON": 1.7720163829291045,
      "NMC": 2.6647060618681064,
      "NUCLEAR": 2.24684716796875,
      "HERACOMB": 2.6080942590252247,
      "DYE886": 3.7995865561745386,
      "CDF": 3.891017641339983,
      "D0": 1.3067272186279297,
      "ATLAS": 2.6799225725446427,
      "CMS": 2.693658297179175,
      "LHCb": 3.3135037422180176,
      "total": 2.4484729766845703
    }
  },
  "1700": {
    "training_loss": 8040.44482421875,
    "validation_loss": [
      2882.13671875
    ],
    "validation_chi2s": {
      "DEUTERON": 1.7696048869422418,
      "NMC": 2.6564944398169423,
      "NUCLEAR": 2.247614013671875,
      "HERACOMB": 2.6101245755463642,
      "DYE886": 3.792116338556463,
      "CDF": 3.917806625366211,
      "D0": 1.2889204978942872,
      "ATLAS": 2.6666488211495536,
      "CMS": 2.6899929359310963,
      "LHCb": 3.3261990547180176,
      "total": 2.446254253387451
    }
  },
  "1800": {
    "training_loss": 8036.916015625,
    "validation_loss": [
      2881.68505859375
    ],
    "validation_chi2s": {
      "DEUTERON": 1.7529993768948227,
      "NMC": 2.6648547602634802,
      "NUCLEAR": 2.243805908203125,
      "HERACOMB": 2.616168452244179,
      "DYE886": 3.7861560474742544,
      "CDF": 3.8787438528878346,
      "D0": 1.275724220275879,
      "ATLAS": 2.6945626395089284,
      "CMS": 2.670468189677254,
      "LHCb": 3.315727949142456,
      "total": 2.4459285736083984
    }
  },
  "1900": {
    "training_loss": 8034.73291015625,
    "validation_loss": [
      2880.54931640625
    ],
    "validation_chi2s": {
      "DEUTERON": 1.7557356345712842,
      "NMC": 2.660030290192249,
      "NUCLEAR": 2.244513427734375,
      "HERACOMB": 2.613421271829044,
      "DYE886": 3.7914210232821377,
      "CDF": 3.8949508666992188,
      "D0": 1.2785497665405274,
      "ATLAS": 2.68786865234375,
      "CMS": 2.6718932605180585,
      "LHCb": 3.320819854736328,
      "total": 2.445131778717041
    }
  },
  "2000": {
    "training_loss": 8030.65869140625,
    "validation_loss": [
      2879.1474609375
    ],
    "validation_chi2s": {
      "DEUTERON": 1.7809972051364273,
      "NMC": 2.6452158011642157,
      "NUCLEAR": 2.244721435546875,
      "HERACOMB": 2.5985360737719567,
      "DYE886": 3.7697525024414062,
      "CDF": 3.937622615269252,
      "D0": 1.297541046142578,
      "ATLAS": 2.659431675502232,
      "CMS": 2.7003068767610143,
      "LHCb": 3.340740203857422,
      "total": 2.444246768951416
    }
  },
  "2100": {
    "training_loss": 8030.236328125,
    "validation_loss": [
      2878.056640625
    ],
    "validation_chi2s": {
      "DEUTERON": 1.7871187883823072,
      "NMC": 2.6349164177389706,
      "NUCLEAR": 2.24812841796875,
      "HERACOMB": 2.5948721692453023,
      "DYE886": 3.7597892067649146,
      "CDF": 3.9646718161446706,
      "D0": 1.30301513671875,
      "ATLAS": 2.6540867396763392,
      "CMS": 2.6972241010822233,
      "LHCb": 3.344724178314209,
      "total": 2.443631410598755
    }
  },
  "2200": {
    "training_loss": 8022.0625,
    "validation_loss": [
      2891.5439453125
    ],
    "validation_chi2s": {
      "DEUTERON": 1.782418170378576,
      "NMC": 2.6657726811427698,
      "NUCLEAR": 2.251751953125,
      "HERACOMB": 2.6090710209865198,
      "DYE886": 3.6373055197975854,
      "CDF": 3.8617496490478516,
      "D0": 1.5398639678955077,
      "ATLAS": 2.7721902901785715,
      "CMS": 2.615814959416624,
      "LHCb": 3.268538475036621,
      "total": 2.4547975063323975
    }
  },
  "2300": {
    "training_loss": 8027.212890625,
    "validation_loss": [
      2886.50634765625
    ],
    "validation_chi2s": {
      "DEUTERON": 1.749864113271533,
      "NMC": 2.6613383573644303,
      "NUCLEAR": 2.259162353515625,
      "HERACOMB": 2.5897262672972836,
      "DYE886": 3.661496249112216,
      "CDF": 3.9106832231794084,
      "D0": 1.621658706665039,
      "ATLAS": 2.770195835658482,
      "CMS": 2.664222842357198,
      "LHCb": 3.224076747894287,
      "total": 2.4505372047424316
    }
  },
  "2400": {
    "training_loss": 8023.50048828125,
    "validation_loss": [
      2886.3388671875
    ],
    "validation_chi2s": {
      "DEUTERON": 1.761702352495336,
      "NMC": 2.6523976045496322,
      "NUCLEAR": 2.26191552734375,
      "HERACOMB": 2.5827959846047794,
      "DYE886": 3.6656868674538354,
      "CDF": 3.933464595249721,
      "D0": 1.621866798400879,
      "ATLAS": 2.7654469517299107,
      "CMS": 2.6663147973232584,
      "LHCb": 3.224635362625122,
      "total": 2.4506962299346924
    }
  },
  "2500": {
    "training_loss": 8024.25244140625,
    "validation_loss": [
      2881.287841796875
    ],
    "validation_chi2s": {
      "DEUTERON": 1.750339792735541,
      "NMC": 2.655904433306526,
      "NUCLEAR": 2.246759033203125,
      "HERACOMB": 2.6044977724162583,
      "DYE886": 3.8017200123180044,
      "CDF": 3.8808702741350447,
      "D0": 1.314311408996582,
      "ATLAS": 2.7489554268973215,
      "CMS": 2.634583770251665,
      "LHCb": 3.3037383556365967,
      "total": 2.447354316711426
    }
  },
  "2600": {
    "training_loss": 8029.4189453125,
    "validation_loss": [
      2871.35400390625
    ],
    "validation_chi2s": {
      "DEUTERON": 1.778739056183924,
      "NMC": 2.627320233513327,
      "NUCLEAR": 2.250637939453125,
      "HERACOMB": 2.5635517594081905,
      "DYE886": 3.6546911759810015,
      "CDF": 3.9872360229492188,
      "D0": 1.379960536956787,
      "ATLAS": 2.6944890485491073,
      "CMS": 2.7072000972560195,
      "LHCb": 3.2908434867858887,
      "total": 2.438656806945801
    }
  },
  "2700": {
    "training_loss": 8019.9599609375,
    "validation_loss": [
      2879.745361328125
    ],
    "validation_chi2s": {
      "DEUTERON": 1.7608367768093127,
      "NMC": 2.640750660615809,
      "NUCLEAR": 2.255490966796875,
      "HERACOMB": 2.5684102376302085,
      "DYE886": 3.6910892833362925,
      "CDF": 4.006247656685965,
      "D0": 1.529353713989258,
      "ATLAS": 2.7370525251116073,
      "CMS": 2.6969369356749486,
      "LHCb": 3.280987501144409,
      "total": 2.4455411434173584
    }
  },
  "2800": {
    "training_loss": 8008.654296875,
    "validation_loss": [
      2874.58056640625
    ],
    "validation_chi2s": {
      "DEUTERON": 1.7602218703844061,
      "NMC": 2.6369946049708948,
      "NUCLEAR": 2.242022216796875,
      "HERACOMB": 2.5935968137254903,
      "DYE886": 3.8046198758212,
      "CDF": 3.9069281986781528,
      "D0": 1.2938982009887696,
      "ATLAS": 2.7175374930245537,
      "CMS": 2.6509494468814037,
      "LHCb": 3.329322576522827,
      "total": 2.442134141921997
    }
  },
  "2900": {
    "training_loss": 8002.68505859375,
    "validation_loss": [
      2874.161865234375
    ],
    "validation_chi2s": {
      "DEUTERON": 1.7550531643540113,
      "NMC": 2.6370131548713234,
      "NUCLEAR": 2.240027587890625,
      "HERACOMB": 2.5952288060406454,
      "DYE886": 3.78904897516424,
      "CDF": 3.890050070626395,
      "D0": 1.291133499145508,
      "ATLAS": 2.728982631138393,
      "CMS": 2.6453352130827357,
      "LHCb": 3.3248183727264404,
      "total": 2.441835403442383
    }
  },
  "3000": {
    "training_loss": 7997.93798828125,
    "validation_loss": [
      2872.2626953125
    ],
    "validation_chi2s": {
      "DEUTERON": 1.7645063257929106,
      "NMC": 2.6289984011182597,
      "NUCLEAR": 2.238666259765625,
      "HERACOMB": 2.590108834060968,
      "DYE886": 3.7851170626553623,
      "CDF": 3.9169374193464006,
      "D0": 1.2826831817626954,
      "ATLAS": 2.7150022670200893,
      "CMS": 2.6500159091636784,
      "LHCb": 3.340203046798706,
      "total": 2.4403200149536133
    }
  },
  "3100": {
    "training_loss": 7995.1630859375,
    "validation_loss": [
      2872.03515625
    ],
    "validation_chi2s": {
      "DEUTERON": 1.7496548932583178,
      "NMC": 2.629268571442249,
      "NUCLEAR": 2.239253173828125,
      "HERACOMB": 2.590578764871834,
      "DYE886": 3.78634990345348,
      "CDF": 3.874832970755441,
      "D0": 1.2988181114196777,
      "ATLAS": 2.7410107421875,
      "CMS": 2.638057270988089,
      "LHCb": 3.3250346183776855,
      "total": 2.44016695022583
    }
  },
  "3200": {
    "training_loss": 7989.79248046875,
    "validation_loss": [
      2870.2197265625
    ],
    "validation_chi2s": {
      "DEUTERON": 1.7469433836675996,
      "NMC": 2.6256525376263786,
      "NUCLEAR": 2.2372333984375,
      "HERACOMB": 2.5935720805249183,
      "DYE886": 3.7678579850630327,
      "CDF": 3.8591646466936385,
      "D0": 1.2910028457641602,
      "ATLAS": 2.7397525460379466,
      "CMS": 2.635132836513832,
      "LHCb": 3.3235857486724854,
      "total": 2.4388604164123535
    }
  },
  "3300": {
    "training_loss": 7986.8203125,
    "validation_loss": [
      2868.95849609375
    ],
    "validation_chi2s": {
      "DEUTERON": 1.7422634143734452,
      "NMC": 2.621005189185049,
      "NUCLEAR": 2.236718505859375,
      "HERACOMB": 2.5939287173202614,
      "DYE886": 3.7633275118741123,
      "CDF": 3.8496077401297435,
      "D0": 1.2975624084472657,
      "ATLAS": 2.7457728794642855,
      "CMS": 2.628972037893827,
      "LHCb": 3.3188440799713135,
      "total": 2.437884569168091
    }
  },
  "3400": {
    "training_loss": 7983.39794921875,
    "validation_loss": [
      2868.022705078125
    ],
    "validation_chi2s": {
      "DEUTERON": 1.7441395621987719,
      "NMC": 2.6179291968252145,
      "NUCLEAR": 2.234948486328125,
      "HERACOMB": 2.5858503354141136,
      "DYE886": 3.7757044705477627,
      "CDF": 3.848143986293248,
      "D0": 1.2995844841003419,
      "ATLAS": 2.747687813895089,
      "CMS": 2.636543899285989,
      "LHCb": 3.3278589248657227,
      "total": 2.4371490478515625
    }
  },
  "3500": {
    "training_loss": 7980.28369140625,
    "validation_loss": [
      2868.766357421875
    ],
    "validation_chi2s": {
      "DEUTERON": 1.7323922683943564,
      "NMC": 2.620618034811581,
      "NUCLEAR": 2.23416015625,
      "HERACOMB": 2.602755079082414,
      "DYE886": 3.701418096368963,
      "CDF": 3.784702573503767,
      "D0": 1.317713451385498,
      "ATLAS": 2.77412109375,
      "CMS": 2.608255605228612,
      "LHCb": 3.290245294570923,
      "total": 2.4378511905670166
    }
  },
  "3600": {
    "training_loss": 7976.98486328125,
    "validation_loss": [
      2865.93505859375
    ],
    "validation_chi2s": {
      "DEUTERON": 1.727752533718128,
      "NMC": 2.618467742321538,
      "NUCLEAR": 2.233905517578125,
      "HERACOMB": 2.5945366753472223,
      "DYE886": 3.690487601540305,
      "CDF": 3.7577315739222934,
      "D0": 1.3367440223693847,
      "ATLAS": 2.786628941127232,
      "CMS": 2.6037715223969005,
      "LHCb": 3.277043104171753,
      "total": 2.435606002807617
    }
  },
  "3700": {
    "training_loss": 7966.08251953125,
    "validation_loss": [
      2862.07568359375
    ],
    "validation_chi2s": {
      "DEUTERON": 1.7410243399700716,
      "NMC": 2.617099836760876,
      "NUCLEAR": 2.22895068359375,
      "HERACOMB": 2.5863485897288605,
      "DYE886": 3.7465140602805396,
      "CDF": 3.808349609375,
      "D0": 1.2692986488342286,
      "ATLAS": 2.731773856026786,
      "CMS": 2.641270371734119,
      "LHCb": 3.3271431922912598,
      "total": 2.432497501373291
    }
  },
  "3800": {
    "training_loss": 7956.4873046875,
    "validation_loss": [
      2871.42724609375
    ],
    "validation_chi2s": {
      "DEUTERON": 1.7451097478914024,
      "NMC": 2.605581844554228,
      "NUCLEAR": 2.24551708984375,
      "HERACOMB": 2.5600903080958948,
      "DYE886": 3.6507748690518467,
      "CDF": 3.873270034790039,
      "D0": 1.5287251472473145,
      "ATLAS": 2.764451206752232,
      "CMS": 2.7084740810706966,
      "LHCb": 3.2451891899108887,
      "total": 2.439791202545166
    }
  },
  "3900": {
    "training_loss": 7954.37353515625,
    "validation_loss": [
      2861.966796875
    ],
    "validation_chi2s": {
      "DEUTERON": 1.733272267811334,
      "NMC": 2.6044535917394303,
      "NUCLEAR": 2.227279052734375,
      "HERACOMB": 2.5978349673202614,
      "DYE886": 3.741207469593395,
      "CDF": 3.7796527317592075,
      "D0": 1.2517660140991211,
      "ATLAS": 2.741168736049107,
      "CMS": 2.628934516281378,
      "LHCb": 3.3149876594543457,
      "total": 2.4326260089874268
    }
  },
  "4000": {
    "training_loss": 7949.30615234375,
    "validation_loss": [
      2863.81640625
    ],
    "validation_chi2s": {
      "DEUTERON": 1.7297628981557058,
      "NMC": 2.6100371117685355,
      "NUCLEAR": 2.225404052734375,
      "HERACOMB": 2.607215632021038,
      "DYE886": 3.7163713628595527,
      "CDF": 3.781327111380441,
      "D0": 1.2428192138671874,
      "ATLAS": 2.7465386090959822,
      "CMS": 2.62624246566022,
      "LHCb": 3.313704252243042,
      "total": 2.434264659881592
    }
  },
  "4100": {
    "training_loss": 7948.41015625,
    "validation_loss": [
      2860.259765625
    ],
    "validation_chi2s": {
      "DEUTERON": 1.7313007715329602,
      "NMC": 2.6058232924517464,
      "NUCLEAR": 2.2262138671875,
      "HERACOMB": 2.594894508910335,
      "DYE886": 3.725916775790128,
      "CDF": 3.774883815220424,
      "D0": 1.2467365264892578,
      "ATLAS": 2.7429347446986605,
      "CMS": 2.6303903548443905,
      "LHCb": 3.311265468597412,
      "total": 2.431312084197998
    }
  },
  "4200": {
    "training_loss": 7945.5927734375,
    "validation_loss": [
      2859.37353515625
    ],
    "validation_chi2s": {
      "DEUTERON": 1.7226002251923973,
      "NMC": 2.610238467945772,
      "NUCLEAR": 2.22566455078125,
      "HERACOMB": 2.5929914486953636,
      "DYE886": 3.698832771994851,
      "CDF": 3.756613322666713,
      "D0": 1.2573087692260743,
      "ATLAS": 2.7563028390066964,
      "CMS": 2.6322129046330685,
      "LHCb": 3.2940258979797363,
      "total": 2.4305882453918457
    }
  },
  "4300": {
    "training_loss": 7939.123046875,
    "validation_loss": [
      2862.22509765625
    ],
    "validation_chi2s": {
      "DEUTERON": 1.6933507207614273,
      "NMC": 2.6183340035232843,
      "NUCLEAR": 2.2302880859375,
      "HERACOMB": 2.6054765289905024,
      "DYE886": 3.7026696638627485,
      "CDF": 3.648569107055664,
      "D0": 1.2960070610046386,
      "ATLAS": 2.8131129673549107,
      "CMS": 2.5947770916047643,
      "LHCb": 3.239802598953247,
      "total": 2.4330241680145264
    }
  },
  "4400": {
    "training_loss": 7931.1708984375,
    "validation_loss": [
      2859.64794921875
    ],
    "validation_chi2s": {
      "DEUTERON": 1.710975001700482,
      "NMC": 2.609603582643995,
      "NUCLEAR": 2.223728271484375,
      "HERACOMB": 2.60894735498366,
      "DYE886": 3.712455055930398,
      "CDF": 3.608973911830357,
      "D0": 1.2515111923217774,
      "ATLAS": 2.778558349609375,
      "CMS": 2.6052486232069674,
      "LHCb": 3.260134696960449,
      "total": 2.4312329292297363
    }
  },
  "4500": {
    "training_loss": 7932.61669921875,
    "validation_loss": [
      2862.77099609375
    ],
    "validation_chi2s": {
      "DEUTERON": 1.7222045594780007,
      "NMC": 2.6045466404335174,
      "NUCLEAR": 2.234301025390625,
      "HERACOMB": 2.576364355149612,
      "DYE886": 3.6419410705566406,
      "CDF": 3.7335082462855746,
      "D0": 1.4090386390686036,
      "ATLAS": 2.7781736537388393,
      "CMS": 2.6725333792264343,
      "LHCb": 3.225938081741333,
      "total": 2.4334564208984375
    }
  },
  "4600": {
    "training_loss": 7930.12255859375,
    "validation_loss": [
      2867.18701171875
    ],
    "validation_chi2s": {
      "DEUTERON": 1.679365623056592,
      "NMC": 2.6200334137561274,
      "NUCLEAR": 2.2315234375,
      "HERACOMB": 2.62113902771395,
      "DYE886": 3.74929462779652,
      "CDF": 3.544825690133231,
      "D0": 1.2840168952941895,
      "ATLAS": 2.8417703683035715,
      "CMS": 2.5751505367091445,
      "LHCb": 3.2304461002349854,
      "total": 2.4371721744537354
    }
  },
  "4700": {
    "training_loss": 7942.1640625,
    "validation_loss": [
      2855.814208984375
    ],
    "validation_chi2s": {
      "DEUTERON": 1.7277798628925685,
      "NMC": 2.59430679620481,
      "NUCLEAR": 2.228491455078125,
      "HERACOMB": 2.583560918670854,
      "DYE886": 3.6311492919921875,
      "CDF": 3.6744324820382253,
      "D0": 1.314565944671631,
      "ATLAS": 2.757778145926339,
      "CMS": 2.6535176761814805,
      "LHCb": 3.2170705795288086,
      "total": 2.427996873855591
    }
  },
  "4800": {
    "training_loss": 7937.42529296875,
    "validation_loss": [
      2859.28125
    ],
    "validation_chi2s": {
      "DEUTERON": 1.7105567135027986,
      "NMC": 2.5938924153645835,
      "NUCLEAR": 2.230244140625,
      "HERACOMB": 2.5981182023590685,
      "DYE886": 3.7066626115278765,
      "CDF": 3.572863987513951,
      "D0": 1.2745931625366211,
      "ATLAS": 2.8040614536830355,
      "CMS": 2.6022113737512806,
      "LHCb": 3.215817451477051,
      "total": 2.43119478225708
    }
  },
  "4900": {
    "training_loss": 7909.51513671875,
    "validation_loss": [
      2876.907470703125
    ],
    "validation_chi2s": {
      "DEUTERON": 1.7330349594799441,
      "NMC": 2.5979081696155024,
      "NUCLEAR": 2.239260009765625,
      "HERACOMB": 2.606314465890523,
      "DYE886": 3.658906416459517,
      "CDF": 3.6833384377615794,
      "D0": 1.396621036529541,
      "ATLAS": 2.8112506975446427,
      "CMS": 2.648163091940958,
      "LHCb": 3.2033393383026123,
      "total": 2.44555926322937
    }
  },
  "5000": {
    "training_loss": 7906.8955078125,
    "validation_loss": [
      2857.29150390625
    ],
    "validation_chi2s": {
      "DEUTERON": 1.8003787519919932,
      "NMC": 2.5656265557981004,
      "NUCLEAR": 2.223218017578125,
      "HERACOMB": 2.5834294736774917,
      "DYE886": 3.6279175498268823,
      "CDF": 3.65533937726702,
      "D0": 1.2325984001159669,
      "ATLAS": 2.6908529227120535,
      "CMS": 2.6671885506051485,
      "LHCb": 3.246652841567993,
      "total": 2.429399251937866
    }
  },
  "5100": {
    "training_loss": 7892.8720703125,
    "validation_loss": [
      2863.13671875
    ],
    "validation_chi2s": {
      "DEUTERON": 1.7424146358053483,
      "NMC": 2.59809217266008,
      "NUCLEAR": 2.218427001953125,
      "HERACOMB": 2.63218758776297,
      "DYE886": 3.7247401150790127,
      "CDF": 3.676447187151228,
      "D0": 1.1703332901000976,
      "ATLAS": 2.6873807198660713,
      "CMS": 2.6607788586225665,
      "LHCb": 3.3090295791625977,
      "total": 2.4344918727874756
    }
  },
  "5200": {
    "training_loss": 7897.52587890625,
    "validation_loss": [
      2865.376953125
    ],
    "validation_chi2s": {
      "DEUTERON": 1.7026175883278918,
      "NMC": 2.6118535060508576,
      "NUCLEAR": 2.23122607421875,
      "HERACOMB": 2.631441801981209,
      "DYE886": 3.6616533452814277,
      "CDF": 3.565793991088867,
      "D0": 1.2480989456176759,
      "ATLAS": 2.7803072684151786,
      "CMS": 2.6201271932633197,
      "LHCb": 3.182044744491577,
      "total": 2.4357917308807373
    }
  },
  "5300": {
    "training_loss": 7909.982421875,
    "validation_loss": [
      2852.48193359375
    ],
    "validation_chi2s": {
      "DEUTERON": 1.7286381507987407,
      "NMC": 2.593174055510876,
      "NUCLEAR": 2.225855712890625,
      "HERACOMB": 2.5958140254799837,
      "DYE886": 3.6798886385830967,
      "CDF": 3.572923387799944,
      "D0": 1.2316245079040526,
      "ATLAS": 2.7289618791852677,
      "CMS": 2.651090278000128,
      "LHCb": 3.204324722290039,
      "total": 2.425438165664673
    }
  },
  "5400": {
    "training_loss": 7896.83544921875,
    "validation_loss": [
      2854.259765625
    ],
    "validation_chi2s": {
      "DEUTERON": 1.7597425470304726,
      "NMC": 2.5811079436657476,
      "NUCLEAR": 2.22177197265625,
      "HERACOMB": 2.590942183351205,
      "DYE886": 3.579774336381392,
      "CDF": 3.799091339111328,
      "D0": 1.1486576080322266,
      "ATLAS": 2.6582707868303572,
      "CMS": 2.724549840708248,
      "LHCb": 3.309420585632324,
      "total": 2.426823854446411
    }
  },
  "5500": {
    "training_loss": 7896.32470703125,
    "validation_loss": [
      2866.6611328125
    ],
    "validation_chi2s": {
      "DEUTERON": 1.7061342457633706,
      "NMC": 2.6160185570810355,
      "NUCLEAR": 2.236288330078125,
      "HERACOMB": 2.6110335206673816,
      "DYE886": 3.649930780584162,
      "CDF": 3.5486768995012556,
      "D0": 1.330609130859375,
      "ATLAS": 2.778903111049107,
      "CMS": 2.671971305471952,
      "LHCb": 3.1537718772888184,
      "total": 2.437119722366333
    }
  },
  "5600": {
    "training_loss": 7891.5146484375,
    "validation_loss": [
      2879.75732421875
    ],
    "validation_chi2s": {
      "DEUTERON": 1.7248500235638216,
      "NMC": 2.618204453412224,
      "NUCLEAR": 2.239050048828125,
      "HERACOMB": 2.62419118444904,
      "DYE886": 3.6256949684836646,
      "CDF": 3.6404309953962053,
      "D0": 1.3137042999267579,
      "ATLAS": 2.7950796944754464,
      "CMS": 2.6770457283395235,
      "LHCb": 3.1789493560791016,
      "total": 2.4479920864105225
    }
  },
  "5700": {
    "training_loss": 7904.07958984375,
    "validation_loss": [
      2856.71875
    ],
    "validation_chi2s": {
      "DEUTERON": 1.7275311674051617,
      "NMC": 2.583314484240962,
      "NUCLEAR": 2.227156005859375,
      "HERACOMB": 2.6037246604370914,
      "DYE886": 3.6258114901455967,
      "CDF": 3.7285278865269254,
      "D0": 1.1826030731201171,
      "ATLAS": 2.6999407087053573,
      "CMS": 2.7000262150998977,
      "LHCb": 3.258606195449829,
      "total": 2.428889036178589
    }
  },
  "5800": {
    "training_loss": 7887.2822265625,
    "validation_loss": [
      2868.98779296875
    ],
    "validation_chi2s": {
      "DEUTERON": 1.6925440546291977,
      "NMC": 2.6254975562002145,
      "NUCLEAR": 2.236009765625,
      "HERACOMB": 2.624422360089869,
      "DYE886": 3.6558969671075996,
      "CDF": 3.526502881731306,
      "D0": 1.3049397468566895,
      "ATLAS": 2.8022042410714287,
      "CMS": 2.650766591556737,
      "LHCb": 3.1362721920013428,
      "total": 2.439185619354248
    }
  },
  "5900": {
    "training_loss": 7895.080078125,
    "validation_loss": [
      2856.20849609375
    ],
    "validation_chi2s": {
      "DEUTERON": 1.7357314380247202,
      "NMC": 2.5865897384344363,
      "NUCLEAR": 2.22578564453125,
      "HERACOMB": 2.608652551189747,
      "DYE886": 3.6830496354536577,
      "CDF": 3.5462008884974887,
      "D0": 1.203918743133545,
      "ATLAS": 2.7272337123325894,
      "CMS": 2.6472258020619877,
      "LHCb": 3.200944423675537,
      "total": 2.428605079650879
    }
  },
  "6000": {
    "training_loss": 7895.3173828125,
    "validation_loss": [
      2864.12841796875
    ],
    "validation_chi2s": {
      "DEUTERON": 1.6957893940939832,
      "NMC": 2.619281245212929,
      "NUCLEAR": 2.2348583984375,
      "HERACOMB": 2.6217294331469567,
      "DYE886": 3.647898934104226,
      "CDF": 3.5699986049107144,
      "D0": 1.2648029327392578,
      "ATLAS": 2.749683140345982,
      "CMS": 2.686434886494621,
      "LHCb": 3.1635799407958984,
      "total": 2.4349210262298584
    }
  },
  "6100": {
    "training_loss": 7886.6611328125,
    "validation_loss": [
      2861.98291015625
    ],
    "validation_chi2s": {
      "DEUTERON": 1.7173401182563743,
      "NMC": 2.615788777669271,
      "NUCLEAR": 2.22166259765625,
      "HERACOMB": 2.6295636744281046,
      "DYE886": 3.763947920365767,
      "CDF": 3.6163692474365234,
      "D0": 1.19065523147583,
      "ATLAS": 2.7043777901785715,
      "CMS": 2.663535946705302,
      "LHCb": 3.2792091369628906,
      "total": 2.4335315227508545
    }
  },
  "6200": {
    "training_loss": 7900.31884765625,
    "validation_loss": [
      2855.303955078125
    ],
    "validation_chi2s": {
      "DEUTERON": 1.703649264663013,
      "NMC": 2.601759069106158,
      "NUCLEAR": 2.22627197265625,
      "HERACOMB": 2.61419677734375,
      "DYE886": 3.7001287286931817,
      "CDF": 3.4666859763009206,
      "D0": 1.2339646339416503,
      "ATLAS": 2.7624647739955357,
      "CMS": 2.6323057080878587,
      "LHCb": 3.1542251110076904,
      "total": 2.4278507232666016
    }
  },
  "6300": {
    "training_loss": 7881.01806640625,
    "validation_loss": [
      2882.4345703125
    ],
    "validation_chi2s": {
      "DEUTERON": 1.7322158433904695,
      "NMC": 2.626432830212163,
      "NUCLEAR": 2.240543701171875,
      "HERACOMB": 2.628092248455372,
      "DYE886": 3.64932563088157,
      "CDF": 3.581789016723633,
      "D0": 1.3127848625183105,
      "ATLAS": 2.791105782645089,
      "CMS": 2.690331380875384,
      "LHCb": 3.133939743041992,
      "total": 2.450587749481201
    }
  },
  "6400": {
    "training_loss": 7887.595703125,
    "validation_loss": [
      2865.34619140625
    ],
    "validation_chi2s": {
      "DEUTERON": 1.7137290233403295,
      "NMC": 2.6188833199295343,
      "NUCLEAR": 2.222020751953125,
      "HERACOMB": 2.6342460283266953,
      "DYE886": 3.776384180242365,
      "CDF": 3.582105909075056,
      "D0": 1.204275894165039,
      "ATLAS": 2.7334033203125,
      "CMS": 2.649967131067495,
      "LHCb": 3.2431771755218506,
      "total": 2.4364185333251953
    }
  },
  "6500": {
    "training_loss": 7886.4013671875,
    "validation_loss": [
      2868.927734375
    ],
    "validation_chi2s": {
      "DEUTERON": 1.679672165296564,
      "NMC": 2.625131046070772,
      "NUCLEAR": 2.2347783203125,
      "HERACOMB": 2.6253797743055554,
      "DYE886": 3.6530512029474433,
      "CDF": 3.608136313302176,
      "D0": 1.2633988380432128,
      "ATLAS": 2.7696336146763394,
      "CMS": 2.7073604396132174,
      "LHCb": 3.1721601486206055,
      "total": 2.439037322998047
    }
  },
  "6600": {
    "training_loss": 7869.03515625,
    "validation_loss": [
      2855.050537109375
    ],
    "validation_chi2s": {
      "DEUTERON": 1.7237097896746736,
      "NMC": 2.6034174900428924,
      "NUCLEAR": 2.2166904296875,
      "HERACOMB": 2.629677965750102,
      "DYE886": 3.7181451970880683,
      "CDF": 3.6637731279645647,
      "D0": 1.0987473487854005,
      "ATLAS": 2.67044677734375,
      "CMS": 2.671761684730405,
      "LHCb": 3.2838973999023438,
      "total": 2.4276316165924072
    }
  },
  "6700": {
    "training_loss": 7889.93408203125,
    "validation_loss": [
      2868.92236328125
    ],
    "validation_chi2s": {
      "DEUTERON": 1.6892976523631842,
      "NMC": 2.6202990962009802,
      "NUCLEAR": 2.23235791015625,
      "HERACOMB": 2.6250751969081905,
      "DYE886": 3.6613200794566763,
      "CDF": 3.6660257066999162,
      "D0": 1.2302336692810059,
      "ATLAS": 2.764013148716518,
      "CMS": 2.7047934610335553,
      "LHCb": 3.1734132766723633,
      "total": 2.439028024673462
    }
  },
  "6800": {
    "training_loss": 7904.984375,
    "validation_loss": [
      2881.115234375
    ],
    "validation_chi2s": {
      "DEUTERON": 1.6463814351096082,
      "NMC": 2.6581142649931064,
      "NUCLEAR": 2.236125244140625,
      "HERACOMB": 2.666023005067913,
      "DYE886": 3.772640921852805,
      "CDF": 3.3485780443464006,
      "D0": 1.3066917419433595,
      "ATLAS": 2.872249581473214,
      "CMS": 2.6100894115010247,
      "LHCb": 3.077796459197998,
      "total": 2.4493110179901123
    }
  },
  "6900": {
    "training_loss": 7928.3359375,
    "validation_loss": [
      2880.37646484375
    ],
    "validation_chi2s": {
      "DEUTERON": 1.643263631792211,
      "NMC": 2.661581002029718,
      "NUCLEAR": 2.23309375,
      "HERACOMB": 2.64968892016442,
      "DYE886": 3.79470513083718,
      "CDF": 3.329047066824777,
      "D0": 1.3327531814575195,
      "ATLAS": 2.9004410226004462,
      "CMS": 2.614967471263448,
      "LHCb": 3.0689210891723633,
      "total": 2.449012041091919
    }
  },
  "7000": {
    "training_loss": 7876.2119140625,
    "validation_loss": [
      2870.47216796875
    ],
    "validation_chi2s": {
      "DEUTERON": 1.7055712647699004,
      "NMC": 2.6222091375612746,
      "NUCLEAR": 2.23167529296875,
      "HERACOMB": 2.62290944616779,
      "DYE886": 3.651169170032848,
      "CDF": 3.5617457798549106,
      "D0": 1.3264385223388673,
      "ATLAS": 2.766578369140625,
      "CMS": 2.710601306352459,
      "LHCb": 3.1160223484039307,
      "total": 2.440613269805908
    }
  },
  "7100": {
    "training_loss": 7877.54345703125,
    "validation_loss": [
      2856.9423828125
    ],
    "validation_chi2s": {
      "DEUTERON": 1.7071651629547575,
      "NMC": 2.6106905469707415,
      "NUCLEAR": 2.217328369140625,
      "HERACOMB": 2.6274374170241015,
      "DYE886": 3.693324002352628,
      "CDF": 3.639763968331473,
      "D0": 1.1786149978637694,
      "ATLAS": 2.7146845354352678,
      "CMS": 2.6703646300268953,
      "LHCb": 3.2134196758270264,
      "total": 2.4292640686035156
    }
  },
  "7200": {
    "training_loss": 7865.732421875,
    "validation_loss": [
      2860.001953125
    ],
    "validation_chi2s": {
      "DEUTERON": 1.7546907491351835,
      "NMC": 2.590382594688266,
      "NUCLEAR": 2.22251123046875,
      "HERACOMB": 2.5987814111647265,
      "DYE886": 3.656342939897017,
      "CDF": 3.6523099626813615,
      "D0": 1.2800835609436034,
      "ATLAS": 2.6886851283482143,
      "CMS": 2.722194233878714,
      "LHCb": 3.207367420196533,
      "total": 2.4317407608032227
    }
  },
  "7300": {
    "training_loss": 7880.1884765625,
    "validation_loss": [
      2864.2197265625
    ],
    "validation_chi2s": {
      "DEUTERON": 1.7450857589493936,
      "NMC": 2.5915446561925553,
      "NUCLEAR": 2.219471435546875,
      "HERACOMB": 2.6313921361187704,
      "DYE886": 3.784778594970703,
      "CDF": 3.6443541390555247,
      "D0": 1.1461171150207519,
      "ATLAS": 2.6915621512276786,
      "CMS": 2.6746100754034323,
      "LHCb": 3.236433506011963,
      "total": 2.435487747192383
    }
  },
  "7400": {
    "training_loss": 7862.439453125,
    "validation_loss": [
      2883.3232421875
    ],
    "validation_chi2s": {
      "DEUTERON": 1.6953439285506064,
      "NMC": 2.6249871347464766,
      "NUCLEAR": 2.23401318359375,
      "HERACOMB": 2.6285811280892566,
      "DYE886": 3.70913384177468,
      "CDF": 3.588912146432059,
      "D0": 1.405714225769043,
      "ATLAS": 2.814913330078125,
      "CMS": 2.731440559762423,
      "LHCb": 3.094698905944824,
      "total": 2.451653003692627
    }
  },
  "7500": {
    "training_loss": 7880.396484375,
    "validation_loss": [
      2861.487060546875
    ],
    "validation_chi2s": {
      "DEUTERON": 1.701243993654773,
      "NMC": 2.617345174153646,
      "NUCLEAR": 2.22111669921875,
      "HERACOMB": 2.6332315681806575,
      "DYE886": 3.8169531388716265,
      "CDF": 3.454770769391741,
      "D0": 1.2026931762695312,
      "ATLAS": 2.7650692313058034,
      "CMS": 2.6249277083600155,
      "LHCb": 3.145477056503296,
      "total": 2.4332056045532227
    }
  },
  "7600": {
    "training_loss": 7871.119140625,
    "validation_loss": [
      2880.39697265625
    ],
    "validation_chi2s": {
      "DEUTERON": 1.7049653162410603,
      "NMC": 2.635881311753217,
      "NUCLEAR": 2.22169482421875,
      "HERACOMB": 2.6695109847324345,
      "DYE886": 3.8381583473899146,
      "CDF": 3.5484204973493303,
      "D0": 1.2394733428955078,
      "ATLAS": 2.7707883998325893,
      "CMS": 2.649200189309042,
      "LHCb": 3.1608548164367676,
      "total": 2.449262857437134
    }
  },
  "7700": {
    "training_loss": 7877.23388671875,
    "validation_loss": [
      2876.496826171875
    ],
    "validation_chi2s": {
      "DEUTERON": 1.6959140454951804,
      "NMC": 2.6134990617340685,
      "NUCLEAR": 2.239135009765625,
      "HERACOMB": 2.6309501298891953,
      "DYE886": 3.7456238486550073,
      "CDF": 3.6719052450997487,
      "D0": 1.2573041915893555,
      "ATLAS": 2.768100062779018,
      "CMS": 2.7178454789959017,
      "LHCb": 3.1309003829956055,
      "total": 2.4454805850982666
    }
  },
  "7800": {
    "training_loss": 7869.77587890625,
    "validation_loss": [
      2885.12158203125
    ],
    "validation_chi2s": {
      "DEUTERON": 1.686996535875311,
      "NMC": 2.6183770871629903,
      "NUCLEAR": 2.23639501953125,
      "HERACOMB": 2.6400070689082926,
      "DYE886": 3.760121085427024,
      "CDF": 3.655778612409319,
      "D0": 1.3271587371826172,
      "ATLAS": 2.8348751395089287,
      "CMS": 2.691733688604636,
      "LHCb": 3.1061253547668457,
      "total": 2.453265428543091
    }
  },
  "7900": {
    "training_loss": 7879.8388671875,
    "validation_loss": [
      2865.19677734375
    ],
    "validation_chi2s": {
      "DEUTERON": 1.7333536480196672,
      "NMC": 2.600399840111826,
      "NUCLEAR": 2.219683837890625,
      "HERACOMB": 2.6361927705652572,
      "DYE886": 3.7560948458584873,
      "CDF": 3.7571078709193637,
      "D0": 1.1465880393981933,
      "ATLAS": 2.69438720703125,
      "CMS": 2.6845272877177253,
      "LHCb": 3.221518039703369,
      "total": 2.436342716217041
    }
  },
  "8000": {
    "training_loss": 7862.978515625,
    "validation_loss": [
      2870.09033203125
    ],
    "validation_chi2s": {
      "DEUTERON": 1.6995583909067942,
      "NMC": 2.6290414847579657,
      "NUCLEAR": 2.219218505859375,
      "HERACOMB": 2.666924769582312,
      "DYE886": 3.847915302623402,
      "CDF": 3.577958243233817,
      "D0": 1.1770591735839844,
      "ATLAS": 2.7359688895089285,
      "CMS": 2.64050543112833,
      "LHCb": 3.1580333709716797,
      "total": 2.440509796142578
    }
  },
  "8100": {
    "training_loss": 7871.9580078125,
    "validation_loss": [
      2881.826904296875
    ],
    "validation_chi2s": {
      "DEUTERON": 1.686555321536847,
      "NMC": 2.613459269205729,
      "NUCLEAR": 2.227138427734375,
      "HERACOMB": 2.6383591196895426,
      "DYE886": 3.723841580477628,
      "CDF": 3.571713856288365,
      "D0": 1.335247802734375,
      "ATLAS": 2.873087332589286,
      "CMS": 2.6572443227298925,
      "LHCb": 3.065380096435547,
      "total": 2.4504692554473877
    }
  },
  "8200": {
    "training_loss": 7893.5791015625,
    "validation_loss": [
      2862.19677734375
    ],
    "validation_chi2s": {
      "DEUTERON": 1.711317527353467,
      "NMC": 2.6138371486289826,
      "NUCLEAR": 2.21934326171875,
      "HERACOMB": 2.636266970166973,
      "DYE886": 3.8045848499644888,
      "CDF": 3.6992786952427457,
      "D0": 1.1466161727905273,
      "ATLAS": 2.6967197963169642,
      "CMS": 2.6828130503169825,
      "LHCb": 3.2198104858398438,
      "total": 2.4337918758392334
    }
  },
  "8300": {
    "training_loss": 7900.43701171875,
    "validation_loss": [
      2872.607421875
    ],
    "validation_chi2s": {
      "DEUTERON": 1.7043535982198383,
      "NMC": 2.6110672296262254,
      "NUCLEAR": 2.22882421875,
      "HERACOMB": 2.625787473192402,
      "DYE886": 3.851883974942294,
      "CDF": 3.496873038155692,
      "D0": 1.2258607864379882,
      "ATLAS": 2.797161865234375,
      "CMS": 2.663238525390625,
      "LHCb": 3.1323821544647217,
      "total": 2.4426612854003906
    }
  },
  "8400": {
    "training_loss": 7990.81884765625,
    "validation_loss": [
      2876.940673828125
    ],
    "validation_chi2s": {
      "DEUTERON": 1.661698830068408,
      "NMC": 2.6398928773169423,
      "NUCLEAR": 2.233800537109375,
      "HERACOMB": 2.6364273370481004,
      "DYE886": 3.812369953502308,
      "CDF": 3.427523749215262,
      "D0": 1.3719351768493653,
      "ATLAS": 2.889025704520089,
      "CMS": 2.6094755579213627,
      "LHCb": 3.0489559173583984,
      "total": 2.4463601112365723
    }
  },
  "8500": {
    "training_loss": 7891.8408203125,
    "validation_loss": [
      2852.88330078125
    ],
    "validation_chi2s": {
      "DEUTERON": 1.7132575950812345,
      "NMC": 2.6076387891582415,
      "NUCLEAR": 2.213149658203125,
      "HERACOMB": 2.621972576465482,
      "DYE886": 3.799571990966797,
      "CDF": 3.6219635009765625,
      "D0": 1.1970181465148926,
      "ATLAS": 2.692686767578125,
      "CMS": 2.67923849137103,
      "LHCb": 3.15163254737854,
      "total": 2.4258670806884766
    }
  },
  "8600": {
    "training_loss": 7858.07177734375,
    "validation_loss": [
      2881.7451171875
    ],
    "validation_chi2s": {
      "DEUTERON": 1.7019471125816232,
      "NMC": 2.628139720243566,
      "NUCLEAR": 2.208602294921875,
      "HERACOMB": 2.691800584980086,
      "DYE886": 3.9066321633078833,
      "CDF": 3.646531513759068,
      "D0": 1.1483855247497559,
      "ATLAS": 2.7608318219866073,
      "CMS": 2.638098794905866,
      "LHCb": 3.1815171241760254,
      "total": 2.4504470825195312
    }
  },
  "8700": {
    "training_loss": 7859.4912109375,
    "validation_loss": [
      2877.183349609375
    ],
    "validation_chi2s": {
      "DEUTERON": 1.7011323995258085,
      "NMC": 2.606002508425245,
      "NUCLEAR": 2.223637939453125,
      "HERACOMB": 2.61852987451491,
      "DYE886": 3.731735576282848,
      "CDF": 3.596973146711077,
      "D0": 1.463679599761963,
      "ATLAS": 2.8131229073660715,
      "CMS": 2.7290804503393953,
      "LHCb": 3.059260368347168,
      "total": 2.446485996246338
    }
  },
  "8800": {
    "training_loss": 7860.88916015625,
    "validation_loss": [
      2856.3369140625
    ],
    "validation_chi2s": {
      "DEUTERON": 1.7358210169853856,
      "NMC": 2.5887202842562806,
      "NUCLEAR": 2.207700927734375,
      "HERACOMB": 2.6125408496732025,
      "DYE886": 3.8317139365456323,
      "CDF": 3.5833911895751953,
      "D0": 1.2514163970947265,
      "ATLAS": 2.724307861328125,
      "CMS": 2.6666072157562755,
      "LHCb": 3.1256895065307617,
      "total": 2.428813934326172
    }
  },
  "8900": {
    "training_loss": 7859.56787109375,
    "validation_loss": [
      2875.85791015625
    ],
    "validation_chi2s": {
      "DEUTERON": 1.7193843405045086,
      "NMC": 2.5983123779296875,
      "NUCLEAR": 2.23315869140625,
      "HERACOMB": 2.6281173805785336,
      "DYE886": 3.87587495283647,
      "CDF": 3.554461887904576,
      "D0": 1.2617589950561523,
      "ATLAS": 2.7497384207589284,
      "CMS": 2.704524306000256,
      "LHCb": 3.1650443077087402,
      "total": 2.445416212081909
    }
  },
  "9000": {
    "training_loss": 7862.34375,
    "validation_loss": [
      2878.95849609375
    ],
    "validation_chi2s": {
      "DEUTERON": 1.6831519283465486,
      "NMC": 2.6289286893956803,
      "NUCLEAR": 2.21808447265625,
      "HERACOMB": 2.6577591241574754,
      "DYE886": 3.920520782470703,
      "CDF": 3.453383037022182,
      "D0": 1.2687880516052246,
      "ATLAS": 2.837545340401786,
      "CMS": 2.6168110331550976,
      "LHCb": 3.119429111480713,
      "total": 2.4480786323547363
    }
  },
  "9100": {
    "training_loss": 7875.12158203125,
    "validation_loss": [
      2862.810546875
    ],
    "validation_chi2s": {
      "DEUTERON": 1.7042266693874377,
      "NMC": 2.6310598336014093,
      "NUCLEAR": 2.21985546875,
      "HERACOMB": 2.6175277809691586,
      "DYE886": 3.9449112632057886,
      "CDF": 3.5014010838099887,
      "D0": 1.2392252922058105,
      "ATLAS": 2.7315143694196427,
      "CMS": 2.685950357405866,
      "LHCb": 3.145235538482666,
      "total": 2.4342684745788574
    }
  },
  "9200": {
    "training_loss": 7846.8515625,
    "validation_loss": [
      2867.90234375
    ],
    "validation_chi2s": {
      "DEUTERON": 1.6561766667152518,
      "NMC": 2.652881996304381,
      "NUCLEAR": 2.22279541015625,
      "HERACOMB": 2.650113573261336,
      "DYE886": 3.9423512545498935,
      "CDF": 3.4021944318498885,
      "D0": 1.2949621200561523,
      "ATLAS": 2.8147145298549106,
      "CMS": 2.603882836513832,
      "LHCb": 3.087514638900757,
      "total": 2.4382381439208984
    }
  },
  "9300": {
    "training_loss": 7865.99609375,
    "validation_loss": [
      2868.5615234375
    ],
    "validation_chi2s": {
      "DEUTERON": 1.6979863560614894,
      "NMC": 2.6020756141812194,
      "NUCLEAR": 2.21702099609375,
      "HERACOMB": 2.618643168530433,
      "DYE886": 3.7882992137562144,
      "CDF": 3.5676610129220143,
      "D0": 1.3668912887573241,
      "ATLAS": 2.8182052176339285,
      "CMS": 2.6766517514088113,
      "LHCb": 3.0389392375946045,
      "total": 2.439225912094116
    }
  },
  "9400": {
    "training_loss": 7883.77294921875,
    "validation_loss": [
      2867.8515625
    ],
    "validation_chi2s": {
      "DEUTERON": 1.6830854273554106,
      "NMC": 2.634886199352788,
      "NUCLEAR": 2.21690380859375,
      "HERACOMB": 2.6461466870276755,
      "DYE886": 3.821780464865945,
      "CDF": 3.505927494594029,
      "D0": 1.2301015853881836,
      "ATLAS": 2.784178292410714,
      "CMS": 2.661739662045338,
      "LHCb": 3.072611093521118,
      "total": 2.4386351108551025
    }
  },
  "9500": {
    "training_loss": 7867.15283203125,
    "validation_loss": [
      2867.408203125
    ],
    "validation_chi2s": {
      "DEUTERON": 1.6888107375719061,
      "NMC": 2.6141399308746935,
      "NUCLEAR": 2.216249267578125,
      "HERACOMB": 2.6356257021037583,
      "DYE886": 3.713205510919744,
      "CDF": 3.7004830496651784,
      "D0": 1.2773804664611816,
      "ATLAS": 2.7770216587611607,
      "CMS": 2.6937175813268444,
      "LHCb": 3.0960614681243896,
      "total": 2.4382569789886475
    }
  },
  "9600": {
    "training_loss": 7871.20703125,
    "validation_loss": [
      2865.1962890625
    ],
    "validation_chi2s": {
      "DEUTERON": 1.6984734226815144,
      "NMC": 2.615160773782169,
      "NUCLEAR": 2.21627294921875,
      "HERACOMB": 2.6228011386846406,
      "DYE886": 3.8116975264115767,
      "CDF": 3.5514638083321706,
      "D0": 1.3171504020690918,
      "ATLAS": 2.7778738839285713,
      "CMS": 2.681424250368212,
      "LHCb": 3.081390857696533,
      "total": 2.436366558074951
    }
  },
  "9700": {
    "training_loss": 7849.32470703125,
    "validation_loss": [
      2855.809326171875
    ],
    "validation_chi2s": {
      "DEUTERON": 1.7365561717778295,
      "NMC": 2.587672514073989,
      "NUCLEAR": 2.204145751953125,
      "HERACOMB": 2.609106325635723,
      "DYE886": 3.7766855413263496,
      "CDF": 3.657468250819615,
      "D0": 1.3785350799560547,
      "ATLAS": 2.683785400390625,
      "CMS": 2.716671052526255,
      "LHCb": 3.1767752170562744,
      "total": 2.428290843963623
    }
  },
  "9800": {
    "training_loss": 7859.54833984375,
    "validation_loss": [
      2869.918701171875
    ],
    "validation_chi2s": {
      "DEUTERON": 1.6949118239369558,
      "NMC": 2.6202799479166665,
      "NUCLEAR": 2.21917041015625,
      "HERACOMB": 2.6364801942912583,
      "DYE886": 3.80324970592152,
      "CDF": 3.6340203966413225,
      "D0": 1.3814373016357422,
      "ATLAS": 2.7506839425223215,
      "CMS": 2.7125934538294056,
      "LHCb": 3.078124523162842,
      "total": 2.440133571624756
    }
  },
  "9900": {
    "training_loss": 7873.58544921875,
    "validation_loss": [
      2862.590087890625
    ],
    "validation_chi2s": {
      "DEUTERON": 1.696846729487329,
      "NMC": 2.602238972981771,
      "NUCLEAR": 2.20763720703125,
      "HERACOMB": 2.6501823874080883,
      "DYE886": 3.965913252397017,
      "CDF": 3.421656472342355,
      "D0": 1.2451916694641114,
      "ATLAS": 2.765307442801339,
      "CMS": 2.6163134965740267,
      "LHCb": 3.0988235473632812,
      "total": 2.43416690826416
    }
  },
  "10000": {
    "training_loss": 7898.63525390625,
    "validation_loss": [
      2857.45654296875
    ],
    "validation_chi2s": {
      "DEUTERON": 1.6941171522757308,
      "NMC": 2.605411305147059,
      "NUCLEAR": 2.206543212890625,
      "HERACOMB": 2.629444596035029,
      "DYE886": 3.9191048362038354,
      "CDF": 3.4605712890625,
      "D0": 1.4015015602111816,
      "ATLAS": 2.760209437779018,
      "CMS": 2.6431219382364244,
      "LHCb": 3.0577874183654785,
      "total": 2.4298007488250732
    }
  },
  "10100": {
    "training_loss": 7882.974609375,
    "validation_loss": [
      2857.68359375
    ],
    "validation_chi2s": {
      "DEUTERON": 1.7129929575754042,
      "NMC": 2.5951460296032476,
      "NUCLEAR": 2.20341552734375,
      "HERACOMB": 2.6366313859528185,
      "DYE886": 3.8991113142533735,
      "CDF": 3.5537398202078685,
      "D0": 1.2595420837402345,
      "ATLAS": 2.7088157435825893,
      "CMS": 2.6692014600409837,
      "LHCb": 3.1373846530914307,
      "total": 2.4299838542938232
    }
  },
  "10200": {
    "training_loss": 7860.4375,
    "validation_loss": [
      2872.091796875
    ],
    "validation_chi2s": {
      "DEUTERON": 1.7096817244344682,
      "NMC": 2.590297025792739,
      "NUCLEAR": 2.215883544921875,
      "HERACOMB": 2.6171980714486316,
      "DYE886": 3.786625948819247,
      "CDF": 3.6799866812569753,
      "D0": 1.5200881004333495,
      "ATLAS": 2.7616737583705357,
      "CMS": 2.749752857646004,
      "LHCb": 3.0661497116088867,
      "total": 2.441948175430298
    }
  },
  "10300": {
    "training_loss": 7873.00439453125,
    "validation_loss": [
      2872.30517578125
    ],
    "validation_chi2s": {
      "DEUTERON": 1.7276990899992226,
      "NMC": 2.5787401386335786,
      "NUCLEAR": 2.210225341796875,
      "HERACOMB": 2.607205459494996,
      "DYE886": 3.7999933416193183,
      "CDF": 3.724602835518973,
      "D0": 1.4348167419433593,
      "ATLAS": 2.7608328683035714,
      "CMS": 2.757168378986296,
      "LHCb": 3.1068530082702637,
      "total": 2.442265510559082
    }
  },
  "10400": {
    "training_loss": 7875.513671875,
    "validation_loss": [
      2887.9736328125
    ],
    "validation_chi2s": {
      "DEUTERON": 1.6881760934099037,
      "NMC": 2.612416286094516,
      "NUCLEAR": 2.21598486328125,
      "HERACOMB": 2.6296835506663605,
      "DYE886": 3.885271592573686,
      "CDF": 3.5649381365094865,
      "D0": 1.4366867065429687,
      "ATLAS": 2.8943226841517857,
      "CMS": 2.6937310891073256,
      "LHCb": 3.0243237018585205,
      "total": 2.455742835998535
    }
  },
  "10500": {
    "training_loss": 7938.43603515625,
    "validation_loss": [
      2871.894287109375
    ],
    "validation_chi2s": {
      "DEUTERON": 1.7194523597831157,
      "NMC": 2.603303497912837,
      "NUCLEAR": 2.2027314453125,
      "HERACOMB": 2.6205342610677085,
      "DYE886": 3.8324716741388496,
      "CDF": 3.7138660975864957,
      "D0": 1.2950698852539062,
      "ATLAS": 2.8017660086495537,
      "CMS": 2.6907816402247695,
      "LHCb": 3.0966413021087646,
      "total": 2.442078113555908
    }
  },
  "10600": {
    "training_loss": 7904.466796875,
    "validation_loss": [
      2880.157470703125
    ],
    "validation_chi2s": {
      "DEUTERON": 1.7396689647465795,
      "NMC": 2.599953744925705,
      "NUCLEAR": 2.2049296875,
      "HERACOMB": 2.6411577611187704,
      "DYE886": 3.90765380859375,
      "CDF": 3.751616886683873,
      "D0": 1.1250139236450196,
      "ATLAS": 2.765076904296875,
      "CMS": 2.696897913198002,
      "LHCb": 3.1894302368164062,
      "total": 2.4491066932678223
    }
  },
  "10700": {
    "training_loss": 7917.1083984375,
    "validation_loss": [
      2875.0810546875
    ],
    "validation_chi2s": {
      "DEUTERON": 1.7786106090640548,
      "NMC": 2.5738809622970282,
      "NUCLEAR": 2.197679443359375,
      "HERACOMB": 2.6070183648003473,
      "DYE886": 3.7588272094726562,
      "CDF": 3.980564662388393,
      "D0": 1.1264901161193848,
      "ATLAS": 2.7520537458147323,
      "CMS": 2.745238007092085,
      "LHCb": 3.1492693424224854,
      "total": 2.444782257080078
    }
  },
  "10800": {
    "training_loss": 7904.80859375,
    "validation_loss": [
      2905.18359375
    ],
    "validation_chi2s": {
      "DEUTERON": 1.74536573115866,
      "NMC": 2.6232096354166665,
      "NUCLEAR": 2.23006201171875,
      "HERACOMB": 2.615299199920854,
      "DYE886": 3.808424862948331,
      "CDF": 3.6539625440325056,
      "D0": 1.328519630432129,
      "ATLAS": 2.9005821010044643,
      "CMS": 2.7387567739017675,
      "LHCb": 3.074624538421631,
      "total": 2.470379114151001
    }
  },
  "10900": {
    "training_loss": 9269.681640625,
    "validation_loss": [
      2900.96923828125
    ],
    "validation_chi2s": {
      "DEUTERON": 1.703440044649798,
      "NMC": 2.6294549680223653,
      "NUCLEAR": 2.210666259765625,
      "HERACOMB": 2.6261054144965277,
      "DYE886": 3.7870289195667612,
      "CDF": 3.6273839133126393,
      "D0": 1.2109766006469727,
      "ATLAS": 3.0113246372767857,
      "CMS": 2.626607676021388,
      "LHCb": 3.124241828918457,
      "total": 2.4668097496032715
    }
  },
  "11000": {
    "training_loss": 7919.478515625,
    "validation_loss": [
      2894.010009765625
    ],
    "validation_chi2s": {
      "DEUTERON": 1.7780962132695894,
      "NMC": 2.621946746227788,
      "NUCLEAR": 2.20427880859375,
      "HERACOMB": 2.653585197099673,
      "DYE886": 3.8019482005726206,
      "CDF": 4.020939418247768,
      "D0": 1.1911486625671386,
      "ATLAS": 2.7248074776785716,
      "CMS": 2.747628884237321,
      "LHCb": 3.2521324157714844,
      "total": 2.460888147354126
    }
  },
  "11100": {
    "training_loss": 7936.30419921875,
    "validation_loss": [
      2899.583251953125
    ],
    "validation_chi2s": {
      "DEUTERON": 1.739121773942786,
      "NMC": 2.6329223034428617,
      "NUCLEAR": 2.221541748046875,
      "HERACOMB": 2.6125408496732025,
      "DYE886": 3.815568750554865,
      "CDF": 3.854417528424944,
      "D0": 1.1547985076904297,
      "ATLAS": 2.873933628627232,
      "CMS": 2.7403469398373463,
      "LHCb": 3.161790132522583,
      "total": 2.465625047683716
    }
  },
  "11200": {
    "training_loss": 7938.70703125,
    "validation_loss": [
      2881.63818359375
    ],
    "validation_chi2s": {
      "DEUTERON": 1.7645699420378576,
      "NMC": 2.612461164885876,
      "NUCLEAR": 2.201265380859375,
      "HERACOMB": 2.6367073807061887,
      "DYE886": 3.666537198153409,
      "CDF": 4.029626573835101,
      "D0": 1.1160673141479491,
      "ATLAS": 2.7607669503348213,
      "CMS": 2.711398265400871,
      "LHCb": 3.20664119720459,
      "total": 2.4503674507141113
    }
  },
  "11300": {
    "training_loss": 7922.6796875,
    "validation_loss": [
      2906.10791015625
    ],
    "validation_chi2s": {
      "DEUTERON": 1.733581391140003,
      "NMC": 2.640103209252451,
      "NUCLEAR": 2.21518017578125,
      "HERACOMB": 2.6385944840175655,
      "DYE886": 3.8082091591574927,
      "CDF": 3.7940172467912947,
      "D0": 1.2675531387329102,
      "ATLAS": 2.884384068080357,
      "CMS": 2.7159316266169315,
      "LHCb": 3.2088184356689453,
      "total": 2.471179723739624
    }
  },
  "11400": {
    "training_loss": 7931.7060546875,
    "validation_loss": [
      2902.54833984375
    ],
    "validation_chi2s": {
      "DEUTERON": 1.7068139830631996,
      "NMC": 2.6445955762676165,
      "NUCLEAR": 2.220429443359375,
      "HERACOMB": 2.665951199001736,
      "DYE886": 3.7713484330610796,
      "CDF": 3.948866435459682,
      "D0": 1.2309820175170898,
      "ATLAS": 2.8604903738839287,
      "CMS": 2.672951369989114,
      "LHCb": 3.248528003692627,
      "total": 2.4680211544036865
    }
  },
  "11500": {
    "training_loss": 7962.248046875,
    "validation_loss": [
      2905.382568359375
    ],
    "validation_chi2s": {
      "DEUTERON": 1.7577704434371113,
      "NMC": 2.6114908854166665,
      "NUCLEAR": 2.233505615234375,
      "HERACOMB": 2.6434391994102326,
      "DYE886": 3.6478226401589136,
      "CDF": 3.992708478655134,
      "D0": 1.25535249710083,
      "ATLAS": 2.8233342633928573,
      "CMS": 2.724967831470927,
      "LHCb": 3.2603683471679688,
      "total": 2.4705631732940674
    }
  },
  "11600": {
    "training_loss": 8041.8310546875,
    "validation_loss": [
      2920.647705078125
    ],
    "validation_chi2s": {
      "DEUTERON": 1.7105377349094373,
      "NMC": 2.637423646216299,
      "NUCLEAR": 2.234224853515625,
      "HERACOMB": 2.659631666794322,
      "DYE886": 3.731569463556463,
      "CDF": 3.6718017033168246,
      "D0": 1.2127412796020507,
      "ATLAS": 3.008356236049107,
      "CMS": 2.638269393170466,
      "LHCb": 3.176933765411377,
      "total": 2.483544111251831
    }
  },
  "11700": {
    "training_loss": 7954.5009765625,
    "validation_loss": [
      2889.97412109375
    ],
    "validation_chi2s": {
      "DEUTERON": 1.7478677170786692,
      "NMC": 2.5725151510799633,
      "NUCLEAR": 2.234949951171875,
      "HERACOMB": 2.6246653039470997,
      "DYE886": 3.4376900412819604,
      "CDF": 4.252043042864118,
      "D0": 1.0890267372131348,
      "ATLAS": 2.7784139578683034,
      "CMS": 2.780303704934042,
      "LHCb": 3.2437193393707275,
      "total": 2.4574038982391357
    }
  },
  "11800": {
    "training_loss": 7947.7724609375,
    "validation_loss": [
      2885.51611328125
    ],
    "validation_chi2s": {
      "DEUTERON": 1.70014110963736,
      "NMC": 2.5961061365464153,
      "NUCLEAR": 2.239859130859375,
      "HERACOMB": 2.6440112544041052,
      "DYE886": 3.5356625643643467,
      "CDF": 3.9019549233572826,
      "D0": 1.1193202018737793,
      "ATLAS": 2.81016845703125,
      "CMS": 2.716237802974513,
      "LHCb": 3.215688705444336,
      "total": 2.4536702632904053
    }
  },
  "11900": {
    "training_loss": 7970.8330078125,
    "validation_loss": [
      2883.4677734375
    ],
    "validation_chi2s": {
      "DEUTERON": 1.7070945625874534,
      "NMC": 2.5765021829044117,
      "NUCLEAR": 2.25651171875,
      "HERACOMB": 2.616451487821691,
      "DYE886": 3.54374868219549,
      "CDF": 3.8089193616594588,
      "D0": 1.2446852684020997,
      "ATLAS": 2.8324691336495538,
      "CMS": 2.7136102895267675,
      "LHCb": 3.1362009048461914,
      "total": 2.4519240856170654
    }
  },
  "12000": {
    "training_loss": 7943.8798828125,
    "validation_loss": [
      2897.97705078125
    ],
    "validation_chi2s": {
      "DEUTERON": 1.7380448526410914,
      "NMC": 2.6030090930415133,
      "NUCLEAR": 2.240619140625,
      "HERACOMB": 2.6422711540670956,
      "DYE886": 3.5342147133567114,
      "CDF": 3.951169422694615,
      "D0": 1.1404994964599608,
      "ATLAS": 2.78352783203125,
      "CMS": 2.782957733654585,
      "LHCb": 3.238872528076172,
      "total": 2.464190721511841
    }
  },
  "12100": {
    "training_loss": 8224.6396484375,
    "validation_loss": [
      2904.29736328125
    ],
    "validation_chi2s": {
      "DEUTERON": 1.702927926286536,
      "NMC": 2.5978396546606923,
      "NUCLEAR": 2.25085302734375,
      "HERACOMB": 2.6774543313419117,
      "DYE886": 3.552087263627486,
      "CDF": 3.7914521353585378,
      "D0": 1.0683173179626464,
      "ATLAS": 2.87843505859375,
      "CMS": 2.6671920526223105,
      "LHCb": 3.219125986099243,
      "total": 2.4696407318115234
    }
  },
  "12200": {
    "training_loss": 7991.337890625,
    "validation_loss": [
      2897.462890625
    ],
    "validation_chi2s": {
      "DEUTERON": 1.7382782134250623,
      "NMC": 2.5688859528186274,
      "NUCLEAR": 2.24305615234375,
      "HERACOMB": 2.66584827697355,
      "DYE886": 3.4336478493430396,
      "CDF": 3.781348637172154,
      "D0": 1.1761444091796875,
      "ATLAS": 2.8552113560267856,
      "CMS": 2.666231999631788,
      "LHCb": 3.1821484565734863,
      "total": 2.463829278945923
    }
  },
  "12300": {
    "training_loss": 7986.0732421875,
    "validation_loss": [
      2901.499267578125
    ],
    "validation_chi2s": {
      "DEUTERON": 1.741916941173041,
      "NMC": 2.5709776036879597,
      "NUCLEAR": 2.249706787109375,
      "HERACOMB": 2.669781254787071,
      "DYE886": 3.4873553189364346,
      "CDF": 3.8603602818080356,
      "D0": 1.1912954330444336,
      "ATLAS": 2.780784737723214,
      "CMS": 2.733328647300845,
      "LHCb": 3.2847492694854736,
      "total": 2.4672601222991943
    }
  },
  "12400": {
    "training_loss": 8618.8701171875,
    "validation_loss": [
      2932.227294921875
    ],
    "validation_chi2s": {
      "DEUTERON": 1.6825837851756842,
      "NMC": 2.6355698529411766,
      "NUCLEAR": 2.259051513671875,
      "HERACOMB": 2.7103582643995097,
      "DYE886": 3.543314153497869,
      "CDF": 3.535823277064732,
      "D0": 1.5171545028686524,
      "ATLAS": 2.9921435546875,
      "CMS": 2.6505279541015625,
      "LHCb": 3.132459878921509,
      "total": 2.4930691719055176
    }
  },
  "12500": {
    "training_loss": 8004.6083984375,
    "validation_loss": [
      2888.6796875
    ],
    "validation_chi2s": {
      "DEUTERON": 1.7491086134270055,
      "NMC": 2.5885913325291052,
      "NUCLEAR": 2.217484130859375,
      "HERACOMB": 2.647622301687602,
      "DYE886": 3.4300003051757812,
      "CDF": 3.8132103511265347,
      "D0": 1.5265527725219727,
      "ATLAS": 2.7439943150111605,
      "CMS": 2.769556014264216,
      "LHCb": 3.2809951305389404,
      "total": 2.456315517425537
    }
  },
  "12600": {
    "training_loss": 8038.48046875,
    "validation_loss": [
      2900.958740234375
    ],
    "validation_chi2s": {
      "DEUTERON": 1.7468589668843284,
      "NMC": 2.592731849820006,
      "NUCLEAR": 2.2083369140625,
      "HERACOMB": 2.6921556260850696,
      "DYE886": 3.578554326837713,
      "CDF": 3.6761180332728793,
      "D0": 1.7046802520751954,
      "ATLAS": 2.7797066824776784,
      "CMS": 2.6996012203028945,
      "LHCb": 3.263090133666992,
      "total": 2.466801166534424
    }
  },
  "12700": {
    "training_loss": 8325.6435546875,
    "validation_loss": [
      2889.036376953125
    ],
    "validation_chi2s": {
      "DEUTERON": 1.7588701390508394,
      "NMC": 2.603994032915901,
      "NUCLEAR": 2.202740234375,
      "HERACOMB": 2.639406490949244,
      "DYE886": 3.504090049050071,
      "CDF": 3.7792810712541853,
      "D0": 2.262101936340332,
      "ATLAS": 2.7326046316964288,
      "CMS": 2.759795142001793,
      "LHCb": 3.2277960777282715,
      "total": 2.4566636085510254
    }
  },
  "12800": {
    "training_loss": 8026.1650390625,
    "validation_loss": [
      2922.4716796875
    ],
    "validation_chi2s": {
      "DEUTERON": 1.7524160508492692,
      "NMC": 2.6095093371821383,
      "NUCLEAR": 2.21021337890625,
      "HERACOMB": 2.6982252332899304,
      "DYE886": 3.569961201060902,
      "CDF": 3.9337994711739674,
      "D0": 1.6684873580932618,
      "ATLAS": 2.703472900390625,
      "CMS": 2.902128626088627,
      "LHCb": 3.4057552814483643,
      "total": 2.4850707054138184
    }
  },
  "12900": {
    "training_loss": 8043.0986328125,
    "validation_loss": [
      2896.668212890625
    ],
    "validation_chi2s": {
      "DEUTERON": 1.7280441967409048,
      "NMC": 2.6529253791360294,
      "NUCLEAR": 2.21286474609375,
      "HERACOMB": 2.6464165581597223,
      "DYE886": 3.6245290582830254,
      "CDF": 3.690570558820452,
      "D0": 1.8704282760620117,
      "ATLAS": 2.7618331473214286,
      "CMS": 2.765569718157659,
      "LHCb": 3.312945604324341,
      "total": 2.463153123855591
    }
  },
  "13000": {
    "training_loss": 8043.5361328125,
    "validation_loss": [
      2906.446533203125
    ],
    "validation_chi2s": {
      "DEUTERON": 1.7134147378342661,
      "NMC": 2.6637025720932903,
      "NUCLEAR": 2.229440673828125,
      "HERACOMB": 2.635178110957925,
      "DYE886": 3.5945396423339844,
      "CDF": 3.8256323678152904,
      "D0": 2.2142450332641603,
      "ATLAS": 2.763976353236607,
      "CMS": 2.8191973576780227,
      "LHCb": 3.3307971954345703,
      "total": 2.471254348754883
    }
  },
  "13100": {
    "training_loss": 8066.18359375,
    "validation_loss": [
      2915.99267578125
    ],
    "validation_chi2s": {
      "DEUTERON": 1.7479935831098414,
      "NMC": 2.6488949644799327,
      "NUCLEAR": 2.243533447265625,
      "HERACOMB": 2.611378189785029,
      "DYE886": 3.5754900845614346,
      "CDF": 3.7204671587262834,
      "D0": 2.178314971923828,
      "ATLAS": 2.797307826450893,
      "CMS": 2.839445020331711,
      "LHCb": 3.3486740589141846,
      "total": 2.4795844554901123
    }
  },
  "13200": {
    "training_loss": 8084.0947265625,
    "validation_loss": [
      2923.6572265625
    ],
    "validation_chi2s": {
      "DEUTERON": 1.771098578154151,
      "NMC": 2.6512005375880823,
      "NUCLEAR": 2.2304716796875,
      "HERACOMB": 2.6904893264271856,
      "DYE886": 3.6137303439053623,
      "CDF": 3.991326468331473,
      "D0": 1.8971307754516602,
      "ATLAS": 2.7106461007254463,
      "CMS": 2.7879508596951843,
      "LHCb": 3.457524538040161,
      "total": 2.486102342605591
    }
  },
  "13300": {
    "training_loss": 8066.2265625,
    "validation_loss": [
      2919.1611328125
    ],
    "validation_chi2s": {
      "DEUTERON": 1.747018842554804,
      "NMC": 2.6232883228975186,
      "NUCLEAR": 2.2478515625,
      "HERACOMB": 2.6553362678079044,
      "DYE886": 3.751684709028764,
      "CDF": 3.8298952920096263,
      "D0": 1.5756093978881835,
      "ATLAS": 2.7452106584821427,
      "CMS": 2.8045806884765625,
      "LHCb": 3.494741201400757,
      "total": 2.4820914268493652
    }
  },
  "13400": {
    "training_loss": 8142.255859375,
    "validation_loss": [
      2909.2353515625
    ],
    "validation_chi2s": {
      "DEUTERON": 1.741439743421564,
      "NMC": 2.634273454254749,
      "NUCLEAR": 2.246083984375,
      "HERACOMB": 2.649990705103656,
      "DYE886": 3.54170747236772,
      "CDF": 4.025187628609793,
      "D0": 2.4143606185913087,
      "ATLAS": 2.712891322544643,
      "CMS": 2.7930803142610143,
      "LHCb": 3.3339366912841797,
      "total": 2.4738357067108154
    }
  },
  "13500": {
    "training_loss": 8105.0263671875,
    "validation_loss": [
      2909.19775390625
    ],
    "validation_chi2s": {
      "DEUTERON": 1.7112589214571672,
      "NMC": 2.671726301604626,
      "NUCLEAR": 2.233226806640625,
      "HERACOMB": 2.663403679342831,
      "DYE886": 3.6015514026988638,
      "CDF": 3.8599537440708707,
      "D0": 2.1362636566162108,
      "ATLAS": 2.790927036830357,
      "CMS": 2.72182852322938,
      "LHCb": 3.361776828765869,
      "total": 2.4738078117370605
    }
  }
}