{
  "100": {
    "training_loss": 28327.53125,
    "validation_loss": [
      20121.552734375
    ],
    "validation_chi2s": {
      "DEUTERON": 50.76282163401741,
      "NMC": 6.642246021943934,
      "NUCLEAR": 6.58030859375,
      "HERACOMB": 9.879603566687091,
      "DYE886": 56.8489823774858,
      "CDF": 4.989727020263672,
      "D0": 3.2691844940185546,
      "ATLAS": 11.381300920758928,
      "CMS": 7.804305409997459,
      "LHCb": 12.465215682983398,
      "total": 16.889686584472656
    }
  },
  "200": {
    "training_loss": 19567.625,
    "validation_loss": [
      8614.3828125
    ],
    "validation_chi2s": {
      "DEUTERON": 8.82943254916822,
      "NMC": 3.431085324754902,
      "NUCLEAR": 5.06467333984375,
      "HERACOMB": 5.34280255884906,
      "DYE886": 39.210241144353695,
      "CDF": 3.4339651380266463,
      "D0": 3.0959856033325197,
      "ATLAS": 8.919056222098215,
      "CMS": 5.8295481612042686,
      "LHCb": 9.651482582092285,
      "total": 7.098647117614746
    }
  },
  "300": {
    "training_loss": 13406.78515625,
    "validation_loss": [
      5616.02001953125
    ],
    "validation_chi2s": {
      "DEUTERON": 5.858918906444341,
      "NMC": 2.785832722981771,
      "NUCLEAR": 3.942617431640625,
      "HERACOMB": 3.8554400275735294,
      "DYE886": 5.560896439985796,
      "CDF": 2.907158442905971,
      "D0": 2.525337028503418,
      "ATLAS": 5.813127092633929,
      "CMS": 4.248095504636687,
      "LHCb": 9.242645263671875,
      "total": 4.663262844085693
    }
  },
  "400": {
    "training_loss": 8837.82421875,
    "validation_loss": [
      3219.169921875
    ],
    "validation_chi2s": {
      "DEUTERON": 2.497530505431825,
      "NMC": 2.484221065745634,
      "NUCLEAR": 2.41596044921875,
      "HERACOMB": 2.7345962025760824,
      "DYE886": 4.8639304421164775,
      "CDF": 2.775721413748605,
      "D0": 3.001337432861328,
      "ATLAS": 3.193644321986607,
      "CMS": 2.6006261313833843,
      "LHCb": 2.0739126205444336,
      "total": 2.6941845417022705
    }
  },
  "500": {
    "training_loss": 24804.5,
    "validation_loss": [
      8418.0478515625
    ],
    "validation_chi2s": {
      "DEUTERON": 6.028663445467973,
      "NMC": 3.4117539349724266,
      "NUCLEAR": 3.68077978515625,
      "HERACOMB": 5.00698792700674,
      "DYE886": 86.7941561612216,
      "CDF": 4.937765938895089,
      "D0": 2.6497512817382813,
      "ATLAS": 8.8503564453125,
      "CMS": 4.318611951378303,
      "LHCb": 5.60895299911499,
      "total": 6.854813575744629
    }
  },
  "600": {
    "training_loss": 27336.86328125,
    "validation_loss": [
      7343.72705078125
    ],
    "validation_chi2s": {
      "DEUTERON": 6.264302267957089,
      "NMC": 3.4189731373506436,
      "NUCLEAR": 3.578235107421875,
      "HERACOMB": 4.073220645680147,
      "DYE886": 69.39900901100852,
      "CDF": 4.789786202566964,
      "D0": 2.5150962829589845,
      "ATLAS": 6.919886997767857,
      "CMS": 3.8180316211731453,
      "LHCb": 6.401817798614502,
      "total": 5.985871315002441
    }
  },
  "700": {
    "training_loss": 30911.775390625,
    "validation_loss": [
      6768.9453125
    ],
    "validation_chi2s": {
      "DEUTERON": 5.869453999533582,
      "NMC": 3.251283234240962,
      "NUCLEAR": 3.7584462890625,
      "HERACOMB": 3.7634660309436274,
      "DYE886": 57.78141091086648,
      "CDF": 4.752382005964007,
      "D0": 2.5582916259765627,
      "ATLAS": 6.136902204241071,
      "CMS": 3.5091793401454523,
      "LHCb": 6.736842632293701,
      "total": 5.512331962585449
    }
  },
  "800": {
    "training_loss": 59915.138671875,
    "validation_loss": [
      7115.72314453125
    ],
    "validation_chi2s": {
      "DEUTERON": 9.104812849813433,
      "NMC": 3.105824489219516,
      "NUCLEAR": 3.84149267578125,
      "HERACOMB": 3.626227085886438,
      "DYE886": 50.51426003196023,
      "CDF": 4.6615447998046875,
      "D0": 2.7343231201171876,
      "ATLAS": 5.805536760602679,
      "CMS": 3.3299203267911586,
      "LHCb": 6.88145112991333,
      "total": 5.841551780700684
    }
  },
  "900": {
    "training_loss": 357731.89453125,
    "validation_loss": [
      532231.8125
    ],
    "validation_chi2s": {
      "DEUTERON": 2622.720460199005,
      "NMC": 3.0250405704273895,
      "NUCLEAR": 3.847295166015625,
      "HERACOMB": 3.5516792247497957,
      "DYE886": 46.3054726340554,
      "CDF": 4.576668875558036,
      "D0": 2.9424598693847654,
      "ATLAS": 5.634347446986607,
      "CMS": 3.236470292254192,
      "LHCb": 6.794987678527832,
      "total": 452.0403137207031
    }
  },
  "1000": {
    "training_loss": 9460.0,
    "validation_loss": [
      3558.4287109375
    ],
    "validation_chi2s": {
      "DEUTERON": 2.821907916472326,
      "NMC": 2.4252450980392157,
      "NUCLEAR": 3.17528466796875,
      "HERACOMB": 2.858915042253881,
      "DYE886": 2.6965614665638316,
      "CDF": 2.662304469517299,
      "D0": 3.0598464965820313,
      "ATLAS": 3.534654017857143,
      "CMS": 2.5849778090066056,
      "LHCb": 4.466518878936768,
      "total": 3.014056444168091
    }
  },
  "1100": {
    "training_loss": 8303.931640625,
    "validation_loss": [
      2906.3369140625
    ],
    "validation_chi2s": {
      "DEUTERON": 2.2036293750971705,
      "NMC": 2.476632510914522,
      "NUCLEAR": 2.159257080078125,
      "HERACOMB": 2.6391719244664014,
      "DYE886": 1.869014393199574,
      "CDF": 2.779921667916434,
      "D0": 2.793553352355957,
      "ATLAS": 2.877835693359375,
      "CMS": 2.5622588366996952,
      "LHCb": 2.464517116546631,
      "total": 2.466266393661499
    }
  },
  "1200": {
    "training_loss": 8230.5986328125,
    "validation_loss": [
      2870.67626953125
    ],
    "validation_chi2s": {
      "DEUTERON": 2.152229878439832,
      "NMC": 2.4694755404603246,
      "NUCLEAR": 2.11795654296875,
      "HERACOMB": 2.633657418045343,
      "DYE886": 1.7866191864013672,
      "CDF": 2.818944658551897,
      "D0": 2.8978734970092774,
      "ATLAS": 2.815380336216518,
      "CMS": 2.5464537085556405,
      "LHCb": 2.49615216255188,
      "total": 2.4364733695983887
    }
  },
  "1300": {
    "training_loss": 8187.76171875,
    "validation_loss": [
      2860.4033203125
    ],
    "validation_chi2s": {
      "DEUTERON": 2.1348623399117694,
      "NMC": 2.4617007386450673,
      "NUCLEAR": 2.10385302734375,
      "HERACOMB": 2.6316486433440565,
      "DYE886": 1.8328441273082385,
      "CDF": 2.828554153442383,
      "D0": 2.923347282409668,
      "ATLAS": 2.7738711983816966,
      "CMS": 2.5446705391736533,
      "LHCb": 2.6089768409729004,
      "total": 2.427499532699585
    }
  },
  "1400": {
    "training_loss": 8171.82080078125,
    "validation_loss": [
      2855.6787109375
    ],
    "validation_chi2s": {
      "DEUTERON": 2.1277892459091263,
      "NMC": 2.4577813241996016,
      "NUCLEAR": 2.10092822265625,
      "HERACOMB": 2.630828458499285,
      "DYE886": 1.815353046764027,
      "CDF": 2.8222904205322266,
      "D0": 2.9481191635131836,
      "ATLAS": 2.7629054478236608,
      "CMS": 2.539943539999365,
      "LHCb": 2.618722915649414,
      "total": 2.423274040222168
    }
  },
  "1500": {
    "training_loss": 8150.37353515625,
    "validation_loss": [
      2858.71044921875
    ],
    "validation_chi2s": {
      "DEUTERON": 2.1360221597092663,
      "NMC": 2.450588450712316,
      "NUCLEAR": 2.10040478515625,
      "HERACOMB": 2.6295215880948732,
      "DYE886": 1.9196317846124822,
      "CDF": 2.7908826555524553,
      "D0": 2.92844295501709,
      "ATLAS": 2.7418526785714286,
      "CMS": 2.5430340030329015,
      "LHCb": 2.734205722808838,
      "total": 2.425845146179199
    }
  },
  "1600": {
    "training_loss": 8153.9052734375,
    "validation_loss": [
      2851.81591796875
    ],
    "validation_chi2s": {
      "DEUTERON": 2.1267862652071674,
      "NMC": 2.450578577378217,
      "NUCLEAR": 2.09805517578125,
      "HERACOMB": 2.629376579733456,
      "DYE886": 1.7777319821444424,
      "CDF": 2.7990845271519254,
      "D0": 2.9831724166870117,
      "ATLAS": 2.7487288992745538,
      "CMS": 2.532934173335874,
      "LHCb": 2.653656482696533,
      "total": 2.4193689823150635
    }
  },
  "1700": {
    "training_loss": 8147.2666015625,
    "validation_loss": [
      2850.74462890625
    ],
    "validation_chi2s": {
      "DEUTERON": 2.1318922659650963,
      "NMC": 2.4486148310642615,
      "NUCLEAR": 2.09526318359375,
      "HERACOMB": 2.627749175028084,
      "DYE886": 1.7601654746315696,
      "CDF": 2.7975098746163503,
      "D0": 3.001689147949219,
      "ATLAS": 2.745632149832589,
      "CMS": 2.530468700377922,
      "LHCb": 2.659140110015869,
      "total": 2.4183905124664307
    }
  },
  "1800": {
    "training_loss": 8129.55615234375,
    "validation_loss": [
      2856.4140625
    ],
    "validation_chi2s": {
      "DEUTERON": 2.146826748824238,
      "NMC": 2.443227580949372,
      "NUCLEAR": 2.09651806640625,
      "HERACOMB": 2.627010569852941,
      "DYE886": 1.8921683918346057,
      "CDF": 2.7768960680280412,
      "D0": 2.971025085449219,
      "ATLAS": 2.725501708984375,
      "CMS": 2.5368801209984757,
      "LHCb": 2.766326427459717,
      "total": 2.423457145690918
    }
  },
  "1900": {
    "training_loss": 8127.7978515625,
    "validation_loss": [
      2854.35498046875
    ],
    "validation_chi2s": {
      "DEUTERON": 2.152258877730488,
      "NMC": 2.4427315207088696,
      "NUCLEAR": 2.095299072265625,
      "HERACOMB": 2.625512615527982,
      "DYE886": 1.835424076427113,
      "CDF": 2.789002009800502,
      "D0": 2.996115493774414,
      "ATLAS": 2.727071358816964,
      "CMS": 2.532136746538364,
      "LHCb": 2.7310914993286133,
      "total": 2.4217193126678467
    }
  },
  "2000": {
    "training_loss": 8126.7587890625,
    "validation_loss": [
      2852.9541015625
    ],
    "validation_chi2s": {
      "DEUTERON": 2.1600334205437655,
      "NMC": 2.442751416973039,
      "NUCLEAR": 2.09443798828125,
      "HERACOMB": 2.6237621432036358,
      "DYE886": 1.7853001681241123,
      "CDF": 2.803218296595982,
      "D0": 3.0198026657104493,
      "ATLAS": 2.72888671875,
      "CMS": 2.5279327640688516,
      "LHCb": 2.6979615688323975,
      "total": 2.4206886291503906
    }
  },
  "2100": {
    "training_loss": 8114.12646484375,
    "validation_loss": [
      2855.474609375
    ],
    "validation_chi2s": {
      "DEUTERON": 2.16797755606732,
      "NMC": 2.4395024916704964,
      "NUCLEAR": 2.095131591796875,
      "HERACOMB": 2.6223156498927698,
      "DYE886": 1.8648109436035156,
      "CDF": 2.791271754673549,
      "D0": 3.005411720275879,
      "ATLAS": 2.7163324846540178,
      "CMS": 2.532204480675178,
      "LHCb": 2.764409303665161,
      "total": 2.4233551025390625
    }
  },
  "2200": {
    "training_loss": 8107.3173828125,
    "validation_loss": [
      2852.584716796875
    ],
    "validation_chi2s": {
      "DEUTERON": 2.184771181932136,
      "NMC": 2.4399478388767615,
      "NUCLEAR": 2.095678466796875,
      "HERACOMB": 2.609579248366013,
      "DYE886": 1.8771318955854936,
      "CDF": 2.7862987518310547,
      "D0": 3.025267791748047,
      "ATLAS": 2.7054214913504464,
      "CMS": 2.530625754255589,
      "LHCb": 2.745887517929077,
      "total": 2.421125888824463
    }
  },
  "2300": {
    "training_loss": 8104.4794921875,
    "validation_loss": [
      2849.46533203125
    ],
    "validation_chi2s": {
      "DEUTERON": 2.190939832089552,
      "NMC": 2.4407414455039826,
      "NUCLEAR": 2.095282958984375,
      "HERACOMB": 2.600970498876634,
      "DYE886": 1.8338290127840908,
      "CDF": 2.7974014282226562,
      "D0": 3.0313674926757814,
      "ATLAS": 2.7061837332589285,
      "CMS": 2.5260327346925813,
      "LHCb": 2.7398228645324707,
      "total": 2.418668508529663
    }
  },
  "2400": {
    "training_loss": 8098.587890625,
    "validation_loss": [
      2847.361328125
    ],
    "validation_chi2s": {
      "DEUTERON": 2.1969920295981034,
      "NMC": 2.4408461626838234,
      "NUCLEAR": 2.09588134765625,
      "HERACOMB": 2.5990462957643996,
      "DYE886": 1.8159197027033025,
      "CDF": 2.7885344369070872,
      "D0": 3.0695869445800783,
      "ATLAS": 2.6984233747209823,
      "CMS": 2.526922210445249,
      "LHCb": 2.6970369815826416,
      "total": 2.417046308517456
    }
  },
  "2500": {
    "training_loss": 8094.43701171875,
    "validation_loss": [
      2850.5576171875
    ],
    "validation_chi2s": {
      "DEUTERON": 2.181444765916511,
      "NMC": 2.4390803318397674,
      "NUCLEAR": 2.097447265625,
      "HERACOMB": 2.617917328878166,
      "DYE886": 1.8156549280340022,
      "CDF": 2.7773306710379466,
      "D0": 3.0710363388061523,
      "ATLAS": 2.69635986328125,
      "CMS": 2.532429020579268,
      "LHCb": 2.708742618560791,
      "total": 2.42008113861084
    }
  },
  "2600": {
    "training_loss": 8089.38232421875,
    "validation_loss": [
      2846.9736328125
    ],
    "validation_chi2s": {
      "DEUTERON": 2.16212303958722,
      "NMC": 2.4379486383176316,
      "NUCLEAR": 2.098110595703125,
      "HERACOMB": 2.6228318557240606,
      "DYE886": 1.797076485373757,
      "CDF": 2.7749434879847934,
      "D0": 3.092933464050293,
      "ATLAS": 2.693965890066964,
      "CMS": 2.5352130672795985,
      "LHCb": 2.6908118724823,
      "total": 2.4174232482910156
    }
  },
  "2700": {
    "training_loss": 8087.17138671875,
    "validation_loss": [
      2843.62255859375
    ],
    "validation_chi2s": {
      "DEUTERON": 2.14957910034787,
      "NMC": 2.438465492398131,
      "NUCLEAR": 2.099025634765625,
      "HERACOMB": 2.6240671195235907,
      "DYE886": 1.7633488394997336,
      "CDF": 2.782344545636858,
      "D0": 3.101979064941406,
      "ATLAS": 2.69300537109375,
      "CMS": 2.5358395460175305,
      "LHCb": 2.67281174659729,
      "total": 2.414742946624756
    }
  },
  "2800": {
    "training_loss": 8085.5439453125,
    "validation_loss": [
      2840.719970703125
    ],
    "validation_chi2s": {
      "DEUTERON": 2.145998826667444,
      "NMC": 2.4396945728975186,
      "NUCLEAR": 2.100021240234375,
      "HERACOMB": 2.6226858500561683,
      "DYE886": 1.72180852023038,
      "CDF": 2.7868050166538785,
      "D0": 3.1139991760253904,
      "ATLAS": 2.6897769601004464,
      "CMS": 2.5380770055259148,
      "LHCb": 2.643771171569824,
      "total": 2.412353277206421
    }
  },
  "2900": {
    "training_loss": 8097.50146484375,
    "validation_loss": [
      2833.85205078125
    ],
    "validation_chi2s": {
      "DEUTERON": 2.109681694068719,
      "NMC": 2.449329899806602,
      "NUCLEAR": 2.100202880859375,
      "HERACOMB": 2.611996320338031,
      "DYE886": 1.6848295385187322,
      "CDF": 2.8600491115025113,
      "D0": 3.096161460876465,
      "ATLAS": 2.721173095703125,
      "CMS": 2.518918665443979,
      "LHCb": 2.6648483276367188,
      "total": 2.406660318374634
    }
  },
  "3000": {
    "training_loss": 8081.69775390625,
    "validation_loss": [
      3001.612060546875
    ],
    "validation_chi2s": {
      "DEUTERON": 2.9734900934779227,
      "NMC": 2.4921113556506587,
      "NUCLEAR": 2.103172607421875,
      "HERACOMB": 2.587557923560049,
      "DYE886": 1.3188186125321821,
      "CDF": 3.0321753365652904,
      "D0": 3.4250377655029296,
      "ATLAS": 2.7883494349888394,
      "CMS": 2.525111997030615,
      "LHCb": 2.317791223526001,
      "total": 2.548482656478882
    }
  },
  "3100": {
    "training_loss": 8082.56494140625,
    "validation_loss": [
      2890.777099609375
    ],
    "validation_chi2s": {
      "DEUTERON": 2.393005067436256,
      "NMC": 2.4970257329005823,
      "NUCLEAR": 2.10213671875,
      "HERACOMB": 2.600492190691381,
      "DYE886": 1.359740604053844,
      "CDF": 3.038139888218471,
      "D0": 3.3690914154052733,
      "ATLAS": 2.782767333984375,
      "CMS": 2.5287115825870172,
      "LHCb": 2.3819897174835205,
      "total": 2.4543235301971436
    }
  },
  "3200": {
    "training_loss": 8082.87451171875,
    "validation_loss": [
      2877.433349609375
    ],
    "validation_chi2s": {
      "DEUTERON": 2.3206295184235075,
      "NMC": 2.4917123831954657,
      "NUCLEAR": 2.10084765625,
      "HERACOMB": 2.5945488424862133,
      "DYE886": 1.3812838467684658,
      "CDF": 3.0418308803013394,
      "D0": 3.325840377807617,
      "ATLAS": 2.785642787388393,
      "CMS": 2.543444625730437,
      "LHCb": 2.4293317794799805,
      "total": 2.4432260990142822
    }
  },
  "3300": {
    "training_loss": 8077.42724609375,
    "validation_loss": [
      2888.8779296875
    ],
    "validation_chi2s": {
      "DEUTERON": 2.406655079096704,
      "NMC": 2.488342434752221,
      "NUCLEAR": 2.1006748046875,
      "HERACOMB": 2.574146744472529,
      "DYE886": 1.3668658516623757,
      "CDF": 3.070493698120117,
      "D0": 3.344544219970703,
      "ATLAS": 2.7929181780133927,
      "CMS": 2.542005585461128,
      "LHCb": 2.426182508468628,
      "total": 2.4533355236053467
    }
  },
  "3400": {
    "training_loss": 8084.1484375,
    "validation_loss": [
      2830.9423828125
    ],
    "validation_chi2s": {
      "DEUTERON": 2.1214371866254664,
      "NMC": 2.4461747711780024,
      "NUCLEAR": 2.10412841796875,
      "HERACOMB": 2.6182849360447302,
      "DYE886": 1.6164257743141868,
      "CDF": 2.8188157762799944,
      "D0": 3.162789154052734,
      "ATLAS": 2.688843819754464,
      "CMS": 2.5350736292397102,
      "LHCb": 2.5749218463897705,
      "total": 2.4044785499572754
    }
  },
  "3500": {
    "training_loss": 8081.931640625,
    "validation_loss": [
      2824.197021484375
    ],
    "validation_chi2s": {
      "DEUTERON": 2.114987653286303,
      "NMC": 2.448504728429458,
      "NUCLEAR": 2.103876953125,
      "HERACOMB": 2.590777428321589,
      "DYE886": 1.6690483093261719,
      "CDF": 2.8503014700753346,
      "D0": 3.1093130111694336,
      "ATLAS": 2.690975167410714,
      "CMS": 2.528827946360518,
      "LHCb": 2.65148663520813,
      "total": 2.398735761642456
    }
  },
  "3600": {
    "training_loss": 8092.4013671875,
    "validation_loss": [
      2823.9775390625
    ],
    "validation_chi2s": {
      "DEUTERON": 2.092241125913402,
      "NMC": 2.452237746294807,
      "NUCLEAR": 2.101907470703125,
      "HERACOMB": 2.5922293070874183,
      "DYE886": 1.6356631192294033,
      "CDF": 2.891831534249442,
      "D0": 3.1402095794677733,
      "ATLAS": 2.7283919852120535,
      "CMS": 2.518351485089558,
      "LHCb": 2.624835252761841,
      "total": 2.3986012935638428
    }
  },
  "3700": {
    "training_loss": 8094.71533203125,
    "validation_loss": [
      2820.795166015625
    ],
    "validation_chi2s": {
      "DEUTERON": 2.0972583068543997,
      "NMC": 2.458463182636336,
      "NUCLEAR": 2.105929931640625,
      "HERACOMB": 2.5994873046875,
      "DYE886": 1.6438933285799893,
      "CDF": 2.8825040544782365,
      "D0": 3.1520322799682616,
      "ATLAS": 2.6851674107142856,
      "CMS": 2.5215057124936484,
      "LHCb": 2.5906219482421875,
      "total": 2.3956408500671387
    }
  },
  "3800": {
    "training_loss": 8088.32080078125,
    "validation_loss": [
      2837.53955078125
    ],
    "validation_chi2s": {
      "DEUTERON": 2.134552153781872,
      "NMC": 2.449525421740962,
      "NUCLEAR": 2.1050224609375,
      "HERACOMB": 2.6210193509369892,
      "DYE886": 1.5316879966042258,
      "CDF": 2.8122076307024275,
      "D0": 3.213556671142578,
      "ATLAS": 2.713157784598214,
      "CMS": 2.5528284088382875,
      "LHCb": 2.503749370574951,
      "total": 2.4101076126098633
    }
  },
  "3900": {
    "training_loss": 8074.33056640625,
    "validation_loss": [
      2826.557861328125
    ],
    "validation_chi2s": {
      "DEUTERON": 2.116463276877332,
      "NMC": 2.443647347244562,
      "NUCLEAR": 2.10207421875,
      "HERACOMB": 2.6055038551879086,
      "DYE886": 1.6010978005149148,
      "CDF": 2.820802688598633,
      "D0": 3.1517234802246095,
      "ATLAS": 2.6867061941964288,
      "CMS": 2.5439887318184704,
      "LHCb": 2.6041572093963623,
      "total": 2.4008004665374756
    }
  },
  "4000": {
    "training_loss": 8073.76318359375,
    "validation_loss": [
      2824.1806640625
    ],
    "validation_chi2s": {
      "DEUTERON": 2.1058803577328202,
      "NMC": 2.444656970454197,
      "NUCLEAR": 2.105339111328125,
      "HERACOMB": 2.593438840379902,
      "DYE886": 1.6981958909468218,
      "CDF": 2.8505935668945312,
      "D0": 3.150648498535156,
      "ATLAS": 2.698829868861607,
      "CMS": 2.5266480484629064,
      "LHCb": 2.611945629119873,
      "total": 2.3987786769866943
    }
  },
  "4100": {
    "training_loss": 8092.412109375,
    "validation_loss": [
      2840.706298828125
    ],
    "validation_chi2s": {
      "DEUTERON": 2.159105291414024,
      "NMC": 2.4509464338714,
      "NUCLEAR": 2.104534912109375,
      "HERACOMB": 2.6168466206469567,
      "DYE886": 1.5150652798739346,
      "CDF": 2.849777494158064,
      "D0": 3.2041439056396483,
      "ATLAS": 2.7181455775669643,
      "CMS": 2.5411307482215446,
      "LHCb": 2.515014410018921,
      "total": 2.412832260131836
    }
  },
  "4200": {
    "training_loss": 8062.361328125,
    "validation_loss": [
      2940.8515625
    ],
    "validation_chi2s": {
      "DEUTERON": 2.6676866521882774,
      "NMC": 2.4995367012771905,
      "NUCLEAR": 2.10550927734375,
      "HERACOMB": 2.586833480136846,
      "DYE886": 1.3085387836803088,
      "CDF": 3.039854049682617,
      "D0": 3.4434486389160157,
      "ATLAS": 2.7719276646205357,
      "CMS": 2.549861256669207,
      "LHCb": 2.338566541671753,
      "total": 2.4976089000701904
    }
  },
  "4300": {
    "training_loss": 8058.6220703125,
    "validation_loss": [
      2897.098876953125
    ],
    "validation_chi2s": {
      "DEUTERON": 2.4602588255013993,
      "NMC": 2.5031988106521905,
      "NUCLEAR": 2.1055244140625,
      "HERACOMB": 2.584604500165952,
      "DYE886": 1.3232744390314275,
      "CDF": 3.0834056309291293,
      "D0": 3.460010528564453,
      "ATLAS": 2.7569166782924106,
      "CMS": 2.553546688420986,
      "LHCb": 2.324705123901367,
      "total": 2.460219621658325
    }
  },
  "4400": {
    "training_loss": 8071.4541015625,
    "validation_loss": [
      2850.86376953125
    ],
    "validation_chi2s": {
      "DEUTERON": 2.25047947518268,
      "NMC": 2.4817337335324754,
      "NUCLEAR": 2.103911865234375,
      "HERACOMB": 2.5681198219847836,
      "DYE886": 1.4097000468860974,
      "CDF": 3.0653321402413503,
      "D0": 3.3122268676757813,
      "ATLAS": 2.7551412527901786,
      "CMS": 2.5528435435721546,
      "LHCb": 2.4197998046875,
      "total": 2.4213368892669678
    }
  },
  "4500": {
    "training_loss": 8122.86572265625,
    "validation_loss": [
      2823.756591796875
    ],
    "validation_chi2s": {
      "DEUTERON": 2.0990122325384797,
      "NMC": 2.441871343874464,
      "NUCLEAR": 2.096687744140625,
      "HERACOMB": 2.5669812969132964,
      "DYE886": 1.5524087385697798,
      "CDF": 2.9437967027936662,
      "D0": 3.134343910217285,
      "ATLAS": 2.7850284249441963,
      "CMS": 2.5130657413141515,
      "LHCb": 2.6360020637512207,
      "total": 2.3985109329223633
    }
  },
  "4600": {
    "training_loss": 8070.1357421875,
    "validation_loss": [
      2820.43017578125
    ],
    "validation_chi2s": {
      "DEUTERON": 2.1462964110113494,
      "NMC": 2.446533203125,
      "NUCLEAR": 2.10659423828125,
      "HERACOMB": 2.580712611379187,
      "DYE886": 1.611955295909535,
      "CDF": 2.855330330984933,
      "D0": 3.1368280410766602,
      "ATLAS": 2.6630672781808036,
      "CMS": 2.5347359509972054,
      "LHCb": 2.5796501636505127,
      "total": 2.3956687450408936
    }
  },
  "4700": {
    "training_loss": 8061.97314453125,
    "validation_loss": [
      2825.296142578125
    ],
    "validation_chi2s": {
      "DEUTERON": 2.10558641727884,
      "NMC": 2.4484079398360907,
      "NUCLEAR": 2.1058505859375,
      "HERACOMB": 2.5994621725643383,
      "DYE886": 1.7406598871404475,
      "CDF": 2.842881611415318,
      "D0": 3.1042503356933593,
      "ATLAS": 2.667910679408482,
      "CMS": 2.5437808153105945,
      "LHCb": 2.676267385482788,
      "total": 2.3998615741729736
    }
  },
  "4800": {
    "training_loss": 8076.1181640625,
    "validation_loss": [
      2815.654052734375
    ],
    "validation_chi2s": {
      "DEUTERON": 2.109174737882851,
      "NMC": 2.4486446006625306,
      "NUCLEAR": 2.1018818359375,
      "HERACOMB": 2.5814015506918913,
      "DYE886": 1.5850332433527166,
      "CDF": 2.8737125396728516,
      "D0": 3.132986640930176,
      "ATLAS": 2.6848876953125,
      "CMS": 2.535500627223069,
      "LHCb": 2.5877156257629395,
      "total": 2.3917157649993896
    }
  },
  "4900": {
    "training_loss": 8064.2607421875,
    "validation_loss": [
      2823.228515625
    ],
    "validation_chi2s": {
      "DEUTERON": 2.161407318874378,
      "NMC": 2.4501137826956954,
      "NUCLEAR": 2.099659423828125,
      "HERACOMB": 2.5792048834507764,
      "DYE886": 1.55626088922674,
      "CDF": 2.8261609758649553,
      "D0": 3.1123430252075197,
      "ATLAS": 2.670396728515625,
      "CMS": 2.544278772865854,
      "LHCb": 2.6154353618621826,
      "total": 2.398176670074463
    }
  },
  "5000": {
    "training_loss": 8067.04248046875,
    "validation_loss": [
      2825.603515625
    ],
    "validation_chi2s": {
      "DEUTERON": 2.1145875845382465,
      "NMC": 2.4462871177523744,
      "NUCLEAR": 2.10624658203125,
      "HERACOMB": 2.6037057116140727,
      "DYE886": 1.6293404319069602,
      "CDF": 2.8563153403145924,
      "D0": 3.120047187805176,
      "ATLAS": 2.693016880580357,
      "CMS": 2.530964176829268,
      "LHCb": 2.5734012126922607,
      "total": 2.400224208831787
    }
  },
  "5100": {
    "training_loss": 8106.4208984375,
    "validation_loss": [
      2808.4091796875
    ],
    "validation_chi2s": {
      "DEUTERON": 2.0964478450034982,
      "NMC": 2.45086669921875,
      "NUCLEAR": 2.102619140625,
      "HERACOMB": 2.56088276782067,
      "DYE886": 1.5481711300936611,
      "CDF": 2.9692660740443637,
      "D0": 3.202116012573242,
      "ATLAS": 2.7237008231026785,
      "CMS": 2.508839428909426,
      "LHCb": 2.5066065788269043,
      "total": 2.385707139968872
    }
  },
  "5200": {
    "training_loss": 8057.412109375,
    "validation_loss": [
      2839.3056640625
    ],
    "validation_chi2s": {
      "DEUTERON": 2.165283354953747,
      "NMC": 2.450992359834559,
      "NUCLEAR": 2.11440771484375,
      "HERACOMB": 2.620931388505923,
      "DYE886": 1.6329252069646663,
      "CDF": 2.794110434395926,
      "D0": 3.135138511657715,
      "ATLAS": 2.6793246023995536,
      "CMS": 2.5281982421875,
      "LHCb": 2.541121482849121,
      "total": 2.4119203090667725
    }
  },
  "5300": {
    "training_loss": 8052.38134765625,
    "validation_loss": [
      2893.3388671875
    ],
    "validation_chi2s": {
      "DEUTERON": 2.439758604438744,
      "NMC": 2.4955215454101562,
      "NUCLEAR": 2.1079462890625,
      "HERACOMB": 2.584584753497753,
      "DYE886": 1.3236063176935369,
      "CDF": 3.0793680463518416,
      "D0": 3.451089859008789,
      "ATLAS": 2.7797324916294643,
      "CMS": 2.5387059653677593,
      "LHCb": 2.2926597595214844,
      "total": 2.4577717781066895
    }
  },
  "5400": {
    "training_loss": 8051.26611328125,
    "validation_loss": [
      2884.011474609375
    ],
    "validation_chi2s": {
      "DEUTERON": 2.332959682787236,
      "NMC": 2.5101515826056984,
      "NUCLEAR": 2.106871826171875,
      "HERACOMB": 2.6071063272314134,
      "DYE886": 1.3360567959872158,
      "CDF": 3.085217612130301,
      "D0": 3.411002349853516,
      "ATLAS": 2.7959354073660716,
      "CMS": 2.548429163490854,
      "LHCb": 2.3101563453674316,
      "total": 2.449622392654419
    }
  },
  "5500": {
    "training_loss": 8049.54150390625,
    "validation_loss": [
      2812.819580078125
    ],
    "validation_chi2s": {
      "DEUTERON": 2.2209897776741294,
      "NMC": 2.4631262386546418,
      "NUCLEAR": 2.114031982421875,
      "HERACOMB": 2.502007976856107,
      "DYE886": 1.5905838012695312,
      "CDF": 2.997241428920201,
      "D0": 3.1616729736328124,
      "ATLAS": 2.68818603515625,
      "CMS": 2.5170828966590446,
      "LHCb": 2.4607508182525635,
      "total": 2.3895742893218994
    }
  },
  "5600": {
    "training_loss": 8052.1171875,
    "validation_loss": [
      2905.669921875
    ],
    "validation_chi2s": {
      "DEUTERON": 2.5189339557097328,
      "NMC": 2.4885571049708948,
      "NUCLEAR": 2.103418212890625,
      "HERACOMB": 2.5749252419066586,
      "DYE886": 1.332305908203125,
      "CDF": 3.0782601492745534,
      "D0": 3.391494369506836,
      "ATLAS": 2.7796958705357144,
      "CMS": 2.5434756395293445,
      "LHCb": 2.3243980407714844,
      "total": 2.4685235023498535
    }
  },
  "5700": {
    "training_loss": 8082.1796875,
    "validation_loss": [
      2826.873291015625
    ],
    "validation_chi2s": {
      "DEUTERON": 2.1274160508492694,
      "NMC": 2.467733944163603,
      "NUCLEAR": 2.107069091796875,
      "HERACOMB": 2.579090592128779,
      "DYE886": 1.5863259055397727,
      "CDF": 2.953274590628488,
      "D0": 3.114391326904297,
      "ATLAS": 2.743999720982143,
      "CMS": 2.505566852848704,
      "LHCb": 2.5681276321411133,
      "total": 2.4016270637512207
    }
  },
  "5800": {
    "training_loss": 8042.88623046875,
    "validation_loss": [
      3177.08251953125
    ],
    "validation_chi2s": {
      "DEUTERON": 3.823811241643346,
      "NMC": 2.5065763884899663,
      "NUCLEAR": 2.10739599609375,
      "HERACOMB": 2.5880996604370914,
      "DYE886": 1.304213437167081,
      "CDF": 3.0904530116489957,
      "D0": 3.394704055786133,
      "ATLAS": 2.80923095703125,
      "CMS": 2.529847928178989,
      "LHCb": 2.3230512142181396,
      "total": 2.698917865753174
    }
  },
  "5900": {
    "training_loss": 8048.4384765625,
    "validation_loss": [
      2876.008056640625
    ],
    "validation_chi2s": {
      "DEUTERON": 2.281606493897699,
      "NMC": 2.476316115435432,
      "NUCLEAR": 2.11745849609375,
      "HERACOMB": 2.6261768216401142,
      "DYE886": 1.3597557761452415,
      "CDF": 3.019261496407645,
      "D0": 3.5662841796875,
      "ATLAS": 2.797652587890625,
      "CMS": 2.5257121760670733,
      "LHCb": 2.2193071842193604,
      "total": 2.4433746337890625
    }
  },
  "6000": {
    "training_loss": 8043.3583984375,
    "validation_loss": [
      3215.64013671875
    ],
    "validation_chi2s": {
      "DEUTERON": 3.9014746822527986,
      "NMC": 2.5279986811619177,
      "NUCLEAR": 2.115525390625,
      "HERACOMB": 2.6318108053768383,
      "DYE886": 1.3119381124323064,
      "CDF": 3.0882906232561385,
      "D0": 3.389959716796875,
      "ATLAS": 2.819867466517857,
      "CMS": 2.5633708674733233,
      "LHCb": 2.315127372741699,
      "total": 2.7311601638793945
    }
  },
  "6100": {
    "training_loss": 8043.89453125,
    "validation_loss": [
      4900.8017578125
    ],
    "validation_chi2s": {
      "DEUTERON": 12.559414839863184,
      "NMC": 2.4750636979645373,
      "NUCLEAR": 2.114690185546875,
      "HERACOMB": 2.5451827703737746,
      "DYE886": 1.3565340042114258,
      "CDF": 2.8838247571672713,
      "D0": 3.1899288177490233,
      "ATLAS": 2.6788853236607144,
      "CMS": 2.5611063639322915,
      "LHCb": 2.3850936889648438,
      "total": 4.163333415985107
    }
  },
  "6200": {
    "training_loss": 8035.56396484375,
    "validation_loss": [
      2866.90185546875
    ],
    "validation_chi2s": {
      "DEUTERON": 2.381148001447839,
      "NMC": 2.447934618183211,
      "NUCLEAR": 2.117029541015625,
      "HERACOMB": 2.6089485517514297,
      "DYE886": 1.5657194310968572,
      "CDF": 2.792022160121373,
      "D0": 3.33792724609375,
      "ATLAS": 2.5991952078683034,
      "CMS": 2.5775523612169717,
      "LHCb": 2.3712809085845947,
      "total": 2.435173749923706
    }
  },
  "6300": {
    "training_loss": 8109.7197265625,
    "validation_loss": [
      2877.662109375
    ],
    "validation_chi2s": {
      "DEUTERON": 2.4572500352242694,
      "NMC": 2.455954906987209,
      "NUCLEAR": 2.119767822265625,
      "HERACOMB": 2.5749858781403185,
      "DYE886": 1.511428486217152,
      "CDF": 2.99054445539202,
      "D0": 3.3301219940185547,
      "ATLAS": 2.6818687220982143,
      "CMS": 2.517343412569868,
      "LHCb": 2.3122124671936035,
      "total": 2.44476318359375
    }
  },
  "6400": {
    "training_loss": 8090.86328125,
    "validation_loss": [
      2829.988037109375
    ],
    "validation_chi2s": {
      "DEUTERON": 2.181915586860619,
      "NMC": 2.46451987472235,
      "NUCLEAR": 2.1180185546875,
      "HERACOMB": 2.5764758540134802,
      "DYE886": 1.5689163208007812,
      "CDF": 3.0801503317696706,
      "D0": 3.3770431518554687,
      "ATLAS": 2.73125244140625,
      "CMS": 2.4819025799510923,
      "LHCb": 2.3299548625946045,
      "total": 2.4042575359344482
    }
  },
  "6500": {
    "training_loss": 8071.28515625,
    "validation_loss": [
      2810.989013671875
    ],
    "validation_chi2s": {
      "DEUTERON": 2.1362385156735852,
      "NMC": 2.4710455501780793,
      "NUCLEAR": 2.11755810546875,
      "HERACOMB": 2.536178688597835,
      "DYE886": 1.6431999206542969,
      "CDF": 3.115383965628488,
      "D0": 3.185715103149414,
      "ATLAS": 2.709773995535714,
      "CMS": 2.5013670882558436,
      "LHCb": 2.447767496109009,
      "total": 2.3881819248199463
    }
  },
  "6600": {
    "training_loss": 8044.5732421875,
    "validation_loss": [
      2829.29296875
    ],
    "validation_chi2s": {
      "DEUTERON": 2.1596518749028295,
      "NMC": 2.4630548813763786,
      "NUCLEAR": 2.12691162109375,
      "HERACOMB": 2.573477152905433,
      "DYE886": 1.8605932755903765,
      "CDF": 2.9343534197126115,
      "D0": 3.071699523925781,
      "ATLAS": 2.6618062918526784,
      "CMS": 2.504643634082825,
      "LHCb": 2.6298325061798096,
      "total": 2.403696060180664
    }
  },
  "6700": {
    "training_loss": 8033.17333984375,
    "validation_loss": [
      2987.193115234375
    ],
    "validation_chi2s": {
      "DEUTERON": 3.0271281531794156,
      "NMC": 2.471829283471201,
      "NUCLEAR": 2.117228515625,
      "HERACOMB": 2.5564800586575775,
      "DYE886": 1.541413047096946,
      "CDF": 2.8562848227364674,
      "D0": 3.067302703857422,
      "ATLAS": 2.6370436314174106,
      "CMS": 2.5480006768451475,
      "LHCb": 2.541987419128418,
      "total": 2.5377354621887207
    }
  },
  "6800": {
    "training_loss": 8070.15673828125,
    "validation_loss": [
      2894.99853515625
    ],
    "validation_chi2s": {
      "DEUTERON": 2.5266122390974814,
      "NMC": 2.46967300714231,
      "NUCLEAR": 2.121212158203125,
      "HERACOMB": 2.5357584236494075,
      "DYE886": 1.472237847068093,
      "CDF": 3.1419789450509206,
      "D0": 3.245311737060547,
      "ATLAS": 2.805940464564732,
      "CMS": 2.452753826854675,
      "LHCb": 2.349778175354004,
      "total": 2.459477663040161
    }
  },
  "6900": {
    "training_loss": 8047.47412109375,
    "validation_loss": [
      2821.058837890625
    ],
    "validation_chi2s": {
      "DEUTERON": 2.1450133062713777,
      "NMC": 2.45415018119064,
      "NUCLEAR": 2.123017822265625,
      "HERACOMB": 2.5658744861877043,
      "DYE886": 1.8533354672518643,
      "CDF": 3.003826413835798,
      "D0": 3.1367990493774416,
      "ATLAS": 2.6468763950892855,
      "CMS": 2.5201728634717986,
      "LHCb": 2.5745596885681152,
      "total": 2.3967373371124268
    }
  },
  "7000": {
    "training_loss": 8031.60791015625,
    "validation_loss": [
      3029.193603515625
    ],
    "validation_chi2s": {
      "DEUTERON": 3.0964173274253732,
      "NMC": 2.523223876953125,
      "NUCLEAR": 2.1171806640625,
      "HERACOMB": 2.594608281952104,
      "DYE886": 1.3530046289617366,
      "CDF": 3.20040157863072,
      "D0": 3.4731212615966798,
      "ATLAS": 2.7546432059151784,
      "CMS": 2.547341447535569,
      "LHCb": 2.2525341510772705,
      "total": 2.5732169151306152
    }
  },
  "7100": {
    "training_loss": 8050.88232421875,
    "validation_loss": [
      2824.207763671875
    ],
    "validation_chi2s": {
      "DEUTERON": 2.1440743973006064,
      "NMC": 2.4503072102864585,
      "NUCLEAR": 2.1113583984375,
      "HERACOMB": 2.565405153760723,
      "DYE886": 1.621739994395863,
      "CDF": 3.0263824462890625,
      "D0": 3.088303565979004,
      "ATLAS": 2.722992989676339,
      "CMS": 2.504039733390498,
      "LHCb": 2.5963799953460693,
      "total": 2.3994297981262207
    }
  },
  "7200": {
    "training_loss": 8052.61962890625,
    "validation_loss": [
      2886.60400390625
    ],
    "validation_chi2s": {
      "DEUTERON": 2.4778837137554417,
      "NMC": 2.4889195760091147,
      "NUCLEAR": 2.1243125,
      "HERACOMB": 2.5285211700239993,
      "DYE886": 1.4629093516956677,
      "CDF": 3.2388082231794084,
      "D0": 3.3097301483154298,
      "ATLAS": 2.820479213169643,
      "CMS": 2.4544677734375,
      "LHCb": 2.2874629497528076,
      "total": 2.452362060546875
    }
  },
  "7300": {
    "training_loss": 8035.98779296875,
    "validation_loss": [
      3697.501220703125
    ],
    "validation_chi2s": {
      "DEUTERON": 6.40898777596393,
      "NMC": 2.520035388422947,
      "NUCLEAR": 2.125958984375,
      "HERACOMB": 2.5705857619740606,
      "DYE886": 1.3511728806929155,
      "CDF": 3.2806930541992188,
      "D0": 3.419525909423828,
      "ATLAS": 2.8440822056361608,
      "CMS": 2.4955288026391007,
      "LHCb": 2.2093334197998047,
      "total": 3.1410930156707764
    }
  },
  "7400": {
    "training_loss": 8031.919921875,
    "validation_loss": [
      2894.896728515625
    ],
    "validation_chi2s": {
      "DEUTERON": 2.487694431893268,
      "NMC": 2.5064899220186123,
      "NUCLEAR": 2.110633544921875,
      "HERACOMB": 2.5646721335018383,
      "DYE886": 1.3617161837491123,
      "CDF": 3.1712611062186107,
      "D0": 3.5036365509033205,
      "ATLAS": 2.7493880789620535,
      "CMS": 2.5622583404789125,
      "LHCb": 2.219409227371216,
      "total": 2.4594902992248535
    }
  },
  "7500": {
    "training_loss": 8050.046875,
    "validation_loss": [
      2812.880615234375
    ],
    "validation_chi2s": {
      "DEUTERON": 2.09667088143268,
      "NMC": 2.5053579293045343,
      "NUCLEAR": 2.111462158203125,
      "HERACOMB": 2.5570602915645426,
      "DYE886": 1.4942720586603337,
      "CDF": 3.239548819405692,
      "D0": 3.300716018676758,
      "ATLAS": 2.748148716517857,
      "CMS": 2.5144333257907774,
      "LHCb": 2.3290743827819824,
      "total": 2.3898215293884277
    }
  },
  "7600": {
    "training_loss": 8036.240234375,
    "validation_loss": [
      2889.263427734375
    ],
    "validation_chi2s": {
      "DEUTERON": 2.501700785622668,
      "NMC": 2.4950726079005823,
      "NUCLEAR": 2.114482421875,
      "HERACOMB": 2.539247799542994,
      "DYE886": 1.377313960682262,
      "CDF": 3.1296727316720143,
      "D0": 3.3570838928222657,
      "ATLAS": 2.766942836216518,
      "CMS": 2.5306833158663617,
      "LHCb": 2.256649971008301,
      "total": 2.4547171592712402
    }
  },
  "7700": {
    "training_loss": 8044.9501953125,
    "validation_loss": [
      2810.757080078125
    ],
    "validation_chi2s": {
      "DEUTERON": 2.1577265345635106,
      "NMC": 2.473275577320772,
      "NUCLEAR": 2.115377685546875,
      "HERACOMB": 2.544289383233762,
      "DYE886": 1.6157552545720881,
      "CDF": 3.0328480856759206,
      "D0": 3.0917804718017576,
      "ATLAS": 2.6691803850446427,
      "CMS": 2.506976864202236,
      "LHCb": 2.5098536014556885,
      "total": 2.3880302906036377
    }
  },
  "7800": {
    "training_loss": 8021.77783203125,
    "validation_loss": [
      2975.009521484375
    ],
    "validation_chi2s": {
      "DEUTERON": 3.00495751224347,
      "NMC": 2.506217358159084,
      "NUCLEAR": 2.113338623046875,
      "HERACOMB": 2.5265331392973858,
      "DYE886": 1.3517436981201172,
      "CDF": 3.141180855887277,
      "D0": 3.3692180633544924,
      "ATLAS": 2.723433314732143,
      "CMS": 2.5171044822630844,
      "LHCb": 2.188382387161255,
      "total": 2.527543783187866
    }
  },
  "7900": {
    "training_loss": 8025.7216796875,
    "validation_loss": [
      3001.96923828125
    ],
    "validation_chi2s": {
      "DEUTERON": 2.937478136660448,
      "NMC": 2.498021294088925,
      "NUCLEAR": 2.114962890625,
      "HERACOMB": 2.618615443410437,
      "DYE886": 1.3700564991344104,
      "CDF": 2.9292419978550504,
      "D0": 3.132558059692383,
      "ATLAS": 2.7194698660714285,
      "CMS": 2.5826386242378048,
      "LHCb": 2.4507317543029785,
      "total": 2.550413131713867
    }
  },
  "8000": {
    "training_loss": 8049.82763671875,
    "validation_loss": [
      2818.537353515625
    ],
    "validation_chi2s": {
      "DEUTERON": 2.1122835833041824,
      "NMC": 2.460090338015089,
      "NUCLEAR": 2.1091982421875,
      "HERACOMB": 2.557965446920956,
      "DYE886": 1.7057075500488281,
      "CDF": 3.1004039219447543,
      "D0": 3.196147346496582,
      "ATLAS": 2.7409854561941964,
      "CMS": 2.4960423911490093,
      "LHCb": 2.517338275909424,
      "total": 2.394648313522339
    }
  },
  "8100": {
    "training_loss": 8062.2197265625,
    "validation_loss": [
      2806.37841796875
    ],
    "validation_chi2s": {
      "DEUTERON": 2.121680719935479,
      "NMC": 2.4639852187212776,
      "NUCLEAR": 2.113125732421875,
      "HERACOMB": 2.545003454669628,
      "DYE886": 1.6405440243807705,
      "CDF": 3.0349527086530412,
      "D0": 3.191913604736328,
      "ATLAS": 2.710742361886161,
      "CMS": 2.504233507606072,
      "LHCb": 2.360266923904419,
      "total": 2.3843319416046143
    }
  },
  "8200": {
    "training_loss": 8017.283203125,
    "validation_loss": [
      3059.5908203125
    ],
    "validation_chi2s": {
      "DEUTERON": 3.4037745841106966,
      "NMC": 2.503342123592601,
      "NUCLEAR": 2.114146484375,
      "HERACOMB": 2.5256818384906046,
      "DYE886": 1.360805944962935,
      "CDF": 3.1929528372628346,
      "D0": 3.3304542541503905,
      "ATLAS": 2.7417518833705357,
      "CMS": 2.5186621192994156,
      "LHCb": 2.2220869064331055,
      "total": 2.5994272232055664
    }
  },
  "8300": {
    "training_loss": 8034.04736328125,
    "validation_loss": [
      2814.579345703125
    ],
    "validation_chi2s": {
      "DEUTERON": 2.131641748532727,
      "NMC": 2.4590353872261796,
      "NUCLEAR": 2.1126572265625,
      "HERACOMB": 2.5633702496298,
      "DYE886": 1.6874497153542258,
      "CDF": 2.987445286342076,
      "D0": 3.0547260284423827,
      "ATLAS": 2.6869008091517856,
      "CMS": 2.496949978960239,
      "LHCb": 2.5694799423217773,
      "total": 2.3913044929504395
    }
  },
  "8400": {
    "training_loss": 8033.36962890625,
    "validation_loss": [
      3029.4267578125
    ],
    "validation_chi2s": {
      "DEUTERON": 3.241040281988495,
      "NMC": 2.500267328000536,
      "NUCLEAR": 2.1268701171875,
      "HERACOMB": 2.5235346376506333,
      "DYE886": 1.3809399171309038,
      "CDF": 3.1573423658098494,
      "D0": 3.382528305053711,
      "ATLAS": 2.76887451171875,
      "CMS": 2.4916309883924033,
      "LHCb": 2.158430337905884,
      "total": 2.5737318992614746
    }
  },
  "8500": {
    "training_loss": 8018.1845703125,
    "validation_loss": [
      3160.67236328125
    ],
    "validation_chi2s": {
      "DEUTERON": 3.953721990632774,
      "NMC": 2.4954063565123317,
      "NUCLEAR": 2.116380126953125,
      "HERACOMB": 2.512503630195568,
      "DYE886": 1.3497950813987039,
      "CDF": 3.1275602068219865,
      "D0": 3.3590167999267577,
      "ATLAS": 2.7168136160714287,
      "CMS": 2.5202877385829523,
      "LHCb": 2.189743757247925,
      "total": 2.6852786540985107
    }
  },
  "8600": {
    "training_loss": 8036.708984375,
    "validation_loss": [
      2981.28173828125
    ],
    "validation_chi2s": {
      "DEUTERON": 2.9393498814521144,
      "NMC": 2.489533966662837,
      "NUCLEAR": 2.119427490234375,
      "HERACOMB": 2.5242299597247753,
      "DYE886": 1.3774029124866833,
      "CDF": 3.191683088030134,
      "D0": 3.351297378540039,
      "ATLAS": 2.862007010323661,
      "CMS": 2.4592992270865093,
      "LHCb": 2.240159273147583,
      "total": 2.532909870147705
    }
  },
  "8700": {
    "training_loss": 8015.4697265625,
    "validation_loss": [
      2886.269775390625
    ],
    "validation_chi2s": {
      "DEUTERON": 2.5392120513156873,
      "NMC": 2.514896168428309,
      "NUCLEAR": 2.119576171875,
      "HERACOMB": 2.5302353403926676,
      "DYE886": 1.3854990005493164,
      "CDF": 3.157961981637137,
      "D0": 3.3520008087158204,
      "ATLAS": 2.720263497488839,
      "CMS": 2.530210169350229,
      "LHCb": 2.1881515979766846,
      "total": 2.4521467685699463
    }
  },
  "8800": {
    "training_loss": 8011.248046875,
    "validation_loss": [
      3443.428466796875
    ],
    "validation_chi2s": {
      "DEUTERON": 5.313752283504353,
      "NMC": 2.5080554438572302,
      "NUCLEAR": 2.11995947265625,
      "HERACOMB": 2.543022405088337,
      "DYE886": 1.3524492437189275,
      "CDF": 3.1321868896484375,
      "D0": 3.377332305908203,
      "ATLAS": 2.7161976841517856,
      "CMS": 2.521634729897104,
      "LHCb": 2.1307785511016846,
      "total": 2.925457000732422
    }
  },
  "8900": {
    "training_loss": 8073.169921875,
    "validation_loss": [
      2822.40966796875
    ],
    "validation_chi2s": {
      "DEUTERON": 2.131697317854089,
      "NMC": 2.4911870021446076,
      "NUCLEAR": 2.11548486328125,
      "HERACOMB": 2.545455234502655,
      "DYE886": 1.6823822368275037,
      "CDF": 3.2644715990339006,
      "D0": 3.109968566894531,
      "ATLAS": 2.749768589564732,
      "CMS": 2.48376067867124,
      "LHCb": 2.544631004333496,
      "total": 2.397966146469116
    }
  },
  "9000": {
    "training_loss": 8019.10791015625,
    "validation_loss": [
      3027.56494140625
    ],
    "validation_chi2s": {
      "DEUTERON": 3.2397770668143657,
      "NMC": 2.4943986780503216,
      "NUCLEAR": 2.117390625,
      "HERACOMB": 2.5499335394965277,
      "DYE886": 1.4006411812522195,
      "CDF": 3.212930679321289,
      "D0": 3.407806396484375,
      "ATLAS": 2.700369873046875,
      "CMS": 2.5315616266514227,
      "LHCb": 2.126295804977417,
      "total": 2.572139263153076
    }
  },
  "9100": {
    "training_loss": 8053.57470703125,
    "validation_loss": [
      2839.8037109375
    ],
    "validation_chi2s": {
      "DEUTERON": 2.2266074413090795,
      "NMC": 2.4878106210746016,
      "NUCLEAR": 2.1156875,
      "HERACOMB": 2.594317267922794,
      "DYE886": 1.578049746426669,
      "CDF": 3.0998638698032925,
      "D0": 3.123058891296387,
      "ATLAS": 2.700734340122768,
      "CMS": 2.4893590415396343,
      "LHCb": 2.374541759490967,
      "total": 2.412626266479492
    }
  },
  "9200": {
    "training_loss": 8061.2958984375,
    "validation_loss": [
      2823.632080078125
    ],
    "validation_chi2s": {
      "DEUTERON": 2.1017920650652986,
      "NMC": 2.482458376416973,
      "NUCLEAR": 2.112587646484375,
      "HERACOMB": 2.5595531588286358,
      "DYE886": 1.6805777116255327,
      "CDF": 3.2842636108398438,
      "D0": 3.1691879272460937,
      "ATLAS": 2.794648611886161,
      "CMS": 2.47659401001969,
      "LHCb": 2.432864189147949,
      "total": 2.39900279045105
    }
  },
  "9300": {
    "training_loss": 8025.71044921875,
    "validation_loss": [
      2818.3076171875
    ],
    "validation_chi2s": {
      "DEUTERON": 2.1328062750213777,
      "NMC": 2.4755575142654718,
      "NUCLEAR": 2.121531982421875,
      "HERACOMB": 2.5534771688623366,
      "DYE886": 1.8011446866122158,
      "CDF": 3.0441246032714844,
      "D0": 3.063337707519531,
      "ATLAS": 2.703071463448661,
      "CMS": 2.525380204363567,
      "LHCb": 2.387010335922241,
      "total": 2.394482374191284
    }
  },
  "9400": {
    "training_loss": 8014.431640625,
    "validation_loss": [
      3193.84716796875
    ],
    "validation_chi2s": {
      "DEUTERON": 4.03322802491449,
      "NMC": 2.5083950267118564,
      "NUCLEAR": 2.118120849609375,
      "HERACOMB": 2.528964971405229,
      "DYE886": 1.341586633162065,
      "CDF": 3.1726600102015903,
      "D0": 3.3395450592041014,
      "ATLAS": 2.765139857700893,
      "CMS": 2.562052656964558,
      "LHCb": 2.1131157875061035,
      "total": 2.713484525680542
    }
  },
  "9500": {
    "training_loss": 8007.82763671875,
    "validation_loss": [
      3281.94482421875
    ],
    "validation_chi2s": {
      "DEUTERON": 4.45893214591107,
      "NMC": 2.4970700133080577,
      "NUCLEAR": 2.117526123046875,
      "HERACOMB": 2.554019105200674,
      "DYE886": 1.3274511857466265,
      "CDF": 3.210947036743164,
      "D0": 3.4145992279052733,
      "ATLAS": 2.77551025390625,
      "CMS": 2.5039124527597814,
      "LHCb": 2.1178717613220215,
      "total": 2.788276433944702
    }
  },
  "9600": {
    "training_loss": 8008.982421875,
    "validation_loss": [
      2825.22314453125
    ],
    "validation_chi2s": {
      "DEUTERON": 2.2143879601018344,
      "NMC": 2.4625468534581803,
      "NUCLEAR": 2.117558349609375,
      "HERACOMB": 2.577212664036969,
      "DYE886": 1.7827991138805042,
      "CDF": 2.916611807686942,
      "D0": 2.9531988143920898,
      "ATLAS": 2.6152389090401784,
      "CMS": 2.4993434999047257,
      "LHCb": 2.570894479751587,
      "total": 2.4003593921661377
    }
  },
  "9700": {
    "training_loss": 8032.580078125,
    "validation_loss": [
      2797.0498046875
    ],
    "validation_chi2s": {
      "DEUTERON": 2.138205760747046,
      "NMC": 2.4705276489257812,
      "NUCLEAR": 2.11777001953125,
      "HERACOMB": 2.533026003370098,
      "DYE886": 1.7234738089821555,
      "CDF": 3.0541016714913503,
      "D0": 3.0706016540527346,
      "ATLAS": 2.6555257742745537,
      "CMS": 2.480532514370554,
      "LHCb": 2.403169870376587,
      "total": 2.376422643661499
    }
  },
  "9800": {
    "training_loss": 8033.94189453125,
    "validation_loss": [
      2876.75146484375
    ],
    "validation_chi2s": {
      "DEUTERON": 2.5465030195701184,
      "NMC": 2.4835432464001226,
      "NUCLEAR": 2.116206298828125,
      "HERACOMB": 2.545000861672794,
      "DYE886": 1.4987418434836648,
      "CDF": 3.11499513898577,
      "D0": 3.1474781036376953,
      "ATLAS": 2.6626138741629464,
      "CMS": 2.493948091336382,
      "LHCb": 2.2307865619659424,
      "total": 2.444078207015991
    }
  },
  "9900": {
    "training_loss": 8021.951171875,
    "validation_loss": [
      2809.108642578125
    ],
    "validation_chi2s": {
      "DEUTERON": 2.1502595967914333,
      "NMC": 2.47297384224686,
      "NUCLEAR": 2.12127685546875,
      "HERACOMB": 2.559258753957312,
      "DYE886": 1.675724896517667,
      "CDF": 2.9801597595214844,
      "D0": 3.0555545806884767,
      "ATLAS": 2.6620289829799106,
      "CMS": 2.4768808256319867,
      "LHCb": 2.4539709091186523,
      "total": 2.3866586685180664
    }
  },
  "10000": {
    "training_loss": 8015.474609375,
    "validation_loss": [
      2865.95458984375
    ],
    "validation_chi2s": {
      "DEUTERON": 2.5017984115069187,
      "NMC": 2.457619910146676,
      "NUCLEAR": 2.10938232421875,
      "HERACOMB": 2.52354500963797,
      "DYE886": 1.4398415305397727,
      "CDF": 3.1148894173758372,
      "D0": 3.181418609619141,
      "ATLAS": 2.723533935546875,
      "CMS": 2.471077771690803,
      "LHCb": 2.260874032974243,
      "total": 2.4349653720855713
    }
  },
  "10100": {
    "training_loss": 8068.54833984375,
    "validation_loss": [
      2811.89208984375
    ],
    "validation_chi2s": {
      "DEUTERON": 2.0956873348103233,
      "NMC": 2.48846435546875,
      "NUCLEAR": 2.110493408203125,
      "HERACOMB": 2.5602772033292482,
      "DYE886": 1.6467690901322798,
      "CDF": 3.1167428152901784,
      "D0": 3.170991134643555,
      "ATLAS": 2.7407674734933036,
      "CMS": 2.487636659203506,
      "LHCb": 2.415921688079834,
      "total": 2.389033317565918
    }
  },
  "10200": {
    "training_loss": 8021.19189453125,
    "validation_loss": [
      2817.85888671875
    ],
    "validation_chi2s": {
      "DEUTERON": 2.142717048303405,
      "NMC": 2.4704328050800397,
      "NUCLEAR": 2.118455322265625,
      "HERACOMB": 2.5500139223983864,
      "DYE886": 1.6517611416903408,
      "CDF": 3.102046694074358,
      "D0": 3.060271072387695,
      "ATLAS": 2.725410679408482,
      "CMS": 2.4817403157552085,
      "LHCb": 2.512467861175537,
      "total": 2.394096612930298
    }
  },
  "10300": {
    "training_loss": 8006.4892578125,
    "validation_loss": [
      2813.191162109375
    ],
    "validation_chi2s": {
      "DEUTERON": 2.1785408893034828,
      "NMC": 2.466792237524893,
      "NUCLEAR": 2.12263232421875,
      "HERACOMB": 2.5622020048253678,
      "DYE886": 1.8074630390514026,
      "CDF": 2.992507117135184,
      "D0": 2.9606298446655273,
      "ATLAS": 2.6163023158482144,
      "CMS": 2.4865730099561736,
      "LHCb": 2.524489402770996,
      "total": 2.390134334564209
    }
  },
  "10400": {
    "training_loss": 8051.37060546875,
    "validation_loss": [
      2808.509521484375
    ],
    "validation_chi2s": {
      "DEUTERON": 2.1180688658756996,
      "NMC": 2.486700170180377,
      "NUCLEAR": 2.12269775390625,
      "HERACOMB": 2.5244457768458948,
      "DYE886": 1.620884808627042,
      "CDF": 3.2100816454206194,
      "D0": 3.280051422119141,
      "ATLAS": 2.7608424595424106,
      "CMS": 2.520349518070376,
      "LHCb": 2.147214651107788,
      "total": 2.3861515522003174
    }
  },
  "10500": {
    "training_loss": 8032.66796875,
    "validation_loss": [
      2800.17333984375
    ],
    "validation_chi2s": {
      "DEUTERON": 2.107744662915889,
      "NMC": 2.4853355557310817,
      "NUCLEAR": 2.11763330078125,
      "HERACOMB": 2.5486402324601714,
      "DYE886": 1.5261256478049539,
      "CDF": 3.1962253025599887,
      "D0": 3.3656536102294923,
      "ATLAS": 2.735286690848214,
      "CMS": 2.4683597223545477,
      "LHCb": 2.1430559158325195,
      "total": 2.3790714740753174
    }
  },
  "10600": {
    "training_loss": 8014.48046875,
    "validation_loss": [
      2830.6240234375
    ],
    "validation_chi2s": {
      "DEUTERON": 2.3448193298643503,
      "NMC": 2.4959517834233305,
      "NUCLEAR": 2.115460205078125,
      "HERACOMB": 2.4880562576593137,
      "DYE886": 1.4206648739901455,
      "CDF": 3.3163740975516185,
      "D0": 3.287582778930664,
      "ATLAS": 2.7154898507254464,
      "CMS": 2.505331147977007,
      "LHCb": 2.22176456451416,
      "total": 2.4049453735351562
    }
  },
  "10700": {
    "training_loss": 8054.24853515625,
    "validation_loss": [
      2825.22314453125
    ],
    "validation_chi2s": {
      "DEUTERON": 2.243445856654229,
      "NMC": 2.457054287779565,
      "NUCLEAR": 2.120333251953125,
      "HERACOMB": 2.5091802060993667,
      "DYE886": 1.6695797660134055,
      "CDF": 3.124316896711077,
      "D0": 3.066182518005371,
      "ATLAS": 2.7156597028459823,
      "CMS": 2.5141589156980437,
      "LHCb": 2.4168365001678467,
      "total": 2.400355339050293
    }
  },
  "10800": {
    "training_loss": 8009.77685546875,
    "validation_loss": [
      2802.336181640625
    ],
    "validation_chi2s": {
      "DEUTERON": 2.1285805773379196,
      "NMC": 2.4655633066214766,
      "NUCLEAR": 2.1281123046875,
      "HERACOMB": 2.556481654347937,
      "DYE886": 1.8418237512761897,
      "CDF": 3.020977565220424,
      "D0": 3.009383773803711,
      "ATLAS": 2.605050048828125,
      "CMS": 2.505053760559578,
      "LHCb": 2.4584264755249023,
      "total": 2.3809139728546143
    }
  },
  "10900": {
    "training_loss": 8010.380859375,
    "validation_loss": [
      2883.50146484375
    ],
    "validation_chi2s": {
      "DEUTERON": 2.5454028684701493,
      "NMC": 2.491002251120175,
      "NUCLEAR": 2.124703857421875,
      "HERACOMB": 2.5332653569240198,
      "DYE886": 1.4119153456254439,
      "CDF": 3.208195550101144,
      "D0": 3.5057159423828126,
      "ATLAS": 2.7372726004464285,
      "CMS": 2.4878574774517275,
      "LHCb": 2.0271875858306885,
      "total": 2.4498708248138428
    }
  },
  "11000": {
    "training_loss": 8006.44873046875,
    "validation_loss": [
      2809.267578125
    ],
    "validation_chi2s": {
      "DEUTERON": 2.1420186360677085,
      "NMC": 2.4634522082758883,
      "NUCLEAR": 2.141318603515625,
      "HERACOMB": 2.534280614915237,
      "DYE886": 1.927963603626598,
      "CDF": 3.104201998029436,
      "D0": 2.9617551803588866,
      "ATLAS": 2.6590992954799106,
      "CMS": 2.456165096624111,
      "LHCb": 2.5325167179107666,
      "total": 2.3867924213409424
    }
  },
  "11100": {
    "training_loss": 8010.1875,
    "validation_loss": [
      3172.181396484375
    ],
    "validation_chi2s": {
      "DEUTERON": 3.959817003847948,
      "NMC": 2.491536907121247,
      "NUCLEAR": 2.13300048828125,
      "HERACOMB": 2.553768581814236,
      "DYE886": 1.3717178864912554,
      "CDF": 3.1735760825020924,
      "D0": 3.3769439697265624,
      "ATLAS": 2.72704345703125,
      "CMS": 2.4721255418730945,
      "LHCb": 2.0911214351654053,
      "total": 2.6950528621673584
    }
  },
  "11200": {
    "training_loss": 8161.84228515625,
    "validation_loss": [
      2807.07421875
    ],
    "validation_chi2s": {
      "DEUTERON": 2.10910595946051,
      "NMC": 2.453767215504366,
      "NUCLEAR": 2.13580322265625,
      "HERACOMB": 2.576745525684232,
      "DYE886": 1.6087577126242898,
      "CDF": 3.036879403250558,
      "D0": 3.234418487548828,
      "ATLAS": 2.6793497140066966,
      "CMS": 2.492840030329014,
      "LHCb": 2.2196953296661377,
      "total": 2.3849093914031982
    }
  },
  "11300": {
    "training_loss": 8024.5283203125,
    "validation_loss": [
      2821.7275390625
    ],
    "validation_chi2s": {
      "DEUTERON": 2.184066696546564,
      "NMC": 2.4838431863223804,
      "NUCLEAR": 2.13614208984375,
      "HERACOMB": 2.557144464231005,
      "DYE886": 1.5704259005459873,
      "CDF": 3.1410536084856306,
      "D0": 3.165409469604492,
      "ATLAS": 2.702944859095982,
      "CMS": 2.5137475486693344,
      "LHCb": 2.1592612266540527,
      "total": 2.3973565101623535
    }
  },
  "11400": {
    "training_loss": 8110.7978515625,
    "validation_loss": [
      2836.62353515625
    ],
    "validation_chi2s": {
      "DEUTERON": 2.117729832283893,
      "NMC": 2.4535190357881436,
      "NUCLEAR": 2.150540771484375,
      "HERACOMB": 2.58113148009855,
      "DYE886": 1.8432686545632102,
      "CDF": 3.250520978655134,
      "D0": 3.1737234115600588,
      "ATLAS": 2.7179929896763393,
      "CMS": 2.482706953839558,
      "LHCb": 2.5719387531280518,
      "total": 2.410043478012085
    }
  },
  "11500": {
    "training_loss": 8146.4189453125,
    "validation_loss": [
      2800.85400390625
    ],
    "validation_chi2s": {
      "DEUTERON": 2.114661069651741,
      "NMC": 2.4648962581858918,
      "NUCLEAR": 2.13498095703125,
      "HERACOMB": 2.5454889434614993,
      "DYE886": 1.620201284235174,
      "CDF": 3.340709958757673,
      "D0": 3.3315540313720704,
      "ATLAS": 2.7184470912388394,
      "CMS": 2.4472375885257875,
      "LHCb": 2.1357645988464355,
      "total": 2.3796510696411133
    }
  },
  "11600": {
    "training_loss": 8665.06201171875,
    "validation_loss": [
      2890.4736328125
    ],
    "validation_chi2s": {
      "DEUTERON": 2.5487245777946206,
      "NMC": 2.4630809110753678,
      "NUCLEAR": 2.145809814453125,
      "HERACOMB": 2.5463514141007964,
      "DYE886": 1.395634564486417,
      "CDF": 3.11941773550851,
      "D0": 3.486254119873047,
      "ATLAS": 2.6935834612165177,
      "CMS": 2.546791138687754,
      "LHCb": 2.026029348373413,
      "total": 2.455747604370117
    }
  },
  "11700": {
    "training_loss": 8031.06298828125,
    "validation_loss": [
      2845.143798828125
    ],
    "validation_chi2s": {
      "DEUTERON": 2.2974759381801926,
      "NMC": 2.5090743420170805,
      "NUCLEAR": 2.144062744140625,
      "HERACOMB": 2.559537401386336,
      "DYE886": 1.4037879597056995,
      "CDF": 3.2639661516462053,
      "D0": 3.6223831176757812,
      "ATLAS": 2.6989528111049106,
      "CMS": 2.5101226558530234,
      "LHCb": 2.031367063522339,
      "total": 2.417170763015747
    }
  },
  "11800": {
    "training_loss": 8038.24658203125,
    "validation_loss": [
      2808.645263671875
    ],
    "validation_chi2s": {
      "DEUTERON": 2.1100371251651895,
      "NMC": 2.46766632678462,
      "NUCLEAR": 2.152375732421875,
      "HERACOMB": 2.557260550704657,
      "DYE886": 1.905243613503196,
      "CDF": 3.2720843723842075,
      "D0": 3.1999908447265626,
      "ATLAS": 2.6469810267857143,
      "CMS": 2.4749247233072915,
      "LHCb": 2.30011248588562,
      "total": 2.3862743377685547
    }
  },
  "11900": {
    "training_loss": 8038.18798828125,
    "validation_loss": [
      2831.720947265625
    ],
    "validation_chi2s": {
      "DEUTERON": 2.1956876688335667,
      "NMC": 2.4790408564548865,
      "NUCLEAR": 2.157062744140625,
      "HERACOMB": 2.55824209973703,
      "DYE886": 1.4152122844349255,
      "CDF": 3.246880122593471,
      "D0": 3.832816314697266,
      "ATLAS": 2.7392597307477677,
      "CMS": 2.479786198313643,
      "LHCb": 2.0402204990386963,
      "total": 2.405874252319336
    }
  },
  "12000": {
    "training_loss": 8057.96337890625,
    "validation_loss": [
      2890.49951171875
    ],
    "validation_chi2s": {
      "DEUTERON": 2.584055127196051,
      "NMC": 2.4774419747146905,
      "NUCLEAR": 2.143097900390625,
      "HERACOMB": 2.5602546642029207,
      "DYE886": 1.3778996901078657,
      "CDF": 3.1886953626360213,
      "D0": 3.420580291748047,
      "ATLAS": 2.6677903529575895,
      "CMS": 2.4914230718845274,
      "LHCb": 2.0435023307800293,
      "total": 2.4558181762695312
    }
  },
  "12100": {
    "training_loss": 8161.2060546875,
    "validation_loss": [
      2814.24072265625
    ],
    "validation_chi2s": {
      "DEUTERON": 2.127164166958178,
      "NMC": 2.457663292978324,
      "NUCLEAR": 2.138306640625,
      "HERACOMB": 2.548233331418505,
      "DYE886": 1.6343328302556819,
      "CDF": 3.199988228934152,
      "D0": 3.2997463226318358,
      "ATLAS": 2.7180589076450894,
      "CMS": 2.495786837446011,
      "LHCb": 2.2814126014709473,
      "total": 2.3910253047943115
    }
  },
  "12200": {
    "training_loss": 8037.48046875,
    "validation_loss": [
      3153.14208984375
    ],
    "validation_chi2s": {
      "DEUTERON": 3.850158387748756,
      "NMC": 2.4704998240751377,
      "NUCLEAR": 2.134708984375,
      "HERACOMB": 2.5336102255029616,
      "DYE886": 1.3074434453790837,
      "CDF": 3.3635240282331194,
      "D0": 3.572897720336914,
      "ATLAS": 2.7685349818638394,
      "CMS": 2.479586469448679,
      "LHCb": 2.083031415939331,
      "total": 2.678858518600464
    }
  },
  "12300": {
    "training_loss": 8036.8779296875,
    "validation_loss": [
      2832.25
    ],
    "validation_chi2s": {
      "DEUTERON": 2.2184358663226833,
      "NMC": 2.458959841260723,
      "NUCLEAR": 2.151519287109375,
      "HERACOMB": 2.563314799389808,
      "DYE886": 1.7223366824063389,
      "CDF": 3.181312016078404,
      "D0": 3.05185604095459,
      "ATLAS": 2.6477880859375,
      "CMS": 2.4723786144721798,
      "LHCb": 2.516834259033203,
      "total": 2.40632963180542
    }
  },
  "12400": {
    "training_loss": 8067.24365234375,
    "validation_loss": [
      2805.732421875
    ],
    "validation_chi2s": {
      "DEUTERON": 2.133754293716962,
      "NMC": 2.452896566951976,
      "NUCLEAR": 2.1438564453125,
      "HERACOMB": 2.5496961805555554,
      "DYE886": 1.598197416825728,
      "CDF": 3.178840364728655,
      "D0": 3.3486942291259765,
      "ATLAS": 2.6909880719866073,
      "CMS": 2.4583621141387195,
      "LHCb": 2.2305705547332764,
      "total": 2.3837995529174805
    }
  },
  "12500": {
    "training_loss": 8036.24365234375,
    "validation_loss": [
      3111.545654296875
    ],
    "validation_chi2s": {
      "DEUTERON": 3.624858495607898,
      "NMC": 2.4782586191214766,
      "NUCLEAR": 2.1600712890625,
      "HERACOMB": 2.5694957059972428,
      "DYE886": 1.2784442901611328,
      "CDF": 3.1672494070870534,
      "D0": 3.608470153808594,
      "ATLAS": 2.7071707589285716,
      "CMS": 2.478106739075203,
      "LHCb": 2.0382003784179688,
      "total": 2.643531560897827
    }
  },
  "12600": {
    "training_loss": 8031.34423828125,
    "validation_loss": [
      8625.767578125
    ],
    "validation_chi2s": {
      "DEUTERON": 30.98662935323383,
      "NMC": 2.486890007467831,
      "NUCLEAR": 2.177148193359375,
      "HERACOMB": 2.554300545087827,
      "DYE886": 1.335488579489968,
      "CDF": 3.135953903198242,
      "D0": 4.057464599609375,
      "ATLAS": 2.722232840401786,
      "CMS": 2.5075241957253556,
      "LHCb": 2.09346079826355,
      "total": 7.327750205993652
    }
  },
  "12700": {
    "training_loss": 8086.6826171875,
    "validation_loss": [
      2836.755615234375
    ],
    "validation_chi2s": {
      "DEUTERON": 2.2111696461539956,
      "NMC": 2.4522453756893383,
      "NUCLEAR": 2.159069580078125,
      "HERACOMB": 2.5441044826133576,
      "DYE886": 1.3023121573708274,
      "CDF": 3.120427812848772,
      "D0": 3.874449920654297,
      "ATLAS": 2.787820172991071,
      "CMS": 2.4816686118521343,
      "LHCb": 2.082207441329956,
      "total": 2.4101576805114746
    }
  }
}