{
  "100": {
    "training_loss": 27185.4921875,
    "validation_loss": [
      14154.68359375
    ],
    "validation_chi2s": {
      "DEUTERON": 20.05067193330224,
      "NMC": 6.801598642386642,
      "NUCLEAR": 6.5587568359375,
      "HERACOMB": 9.760241140727125,
      "DYE886": 45.55753950639205,
      "CDF": 5.758615221296038,
      "D0": 7.896295166015625,
      "ATLAS": 11.154456876765536,
      "CMS": 8.879209912512913,
      "LHCb": 11.378540992736816,
      "total": 11.501924514770508
    }
  },
  "200": {
    "training_loss": 17000.173828125,
    "validation_loss": [
      9582.892578125
    ],
    "validation_chi2s": {
      "DEUTERON": 17.500255072294777,
      "NMC": 3.2971849628523286,
      "NUCLEAR": 4.66355224609375,
      "HERACOMB": 4.150036780662786,
      "DYE886": 61.47874866832387,
      "CDF": 4.611595153808594,
      "D0": 5.177577209472656,
      "ATLAS": 5.944918012888418,
      "CMS": 3.9370500548811984,
      "LHCb": 9.617118835449219,
      "total": 7.981714248657227
    }
  },
  "300": {
    "training_loss": 15891.98046875,
    "validation_loss": [
      7437.14990234375
    ],
    "validation_chi2s": {
      "DEUTERON": 9.027364398709578,
      "NMC": 2.913328582165288,
      "NUCLEAR": 4.65060107421875,
      "HERACOMB": 3.646530650020425,
      "DYE886": 53.3963456587358,
      "CDF": 5.602342878069196,
      "D0": 3.279607391357422,
      "ATLAS": 5.324673237773658,
      "CMS": 4.503013421681302,
      "LHCb": 7.713923931121826,
      "total": 6.136344909667969
    }
  },
  "400": {
    "training_loss": 15823.6513671875,
    "validation_loss": [
      48213932.0
    ],
    "validation_chi2s": {
      "DEUTERON": 239843.8407960199,
      "NMC": 2.8489918428308822,
      "NUCLEAR": 4.46283056640625,
      "HERACOMB": 3.4419759114583335,
      "DYE886": 48.71084317294034,
      "CDF": 5.437763214111328,
      "D0": 3.3187660217285155,
      "ATLAS": 5.080197091829979,
      "CMS": 4.513786378970816,
      "LHCb": 6.988926410675049,
      "total": 40963.24609375
    }
  },
  "500": {
    "training_loss": 15573.5947265625,
    "validation_loss": [
      85862.640625
    ],
    "validation_chi2s": {
      "DEUTERON": 400.910059079602,
      "NMC": 2.832345999923407,
      "NUCLEAR": 4.43383642578125,
      "HERACOMB": 3.3811091005412583,
      "DYE886": 48.50344571200284,
      "CDF": 5.304848262241909,
      "D0": 3.1333053588867186,
      "ATLAS": 5.093018267787783,
      "CMS": 4.6335227272727275,
      "LHCb": 6.687263488769531,
      "total": 72.79703521728516
    }
  },
  "600": {
    "training_loss": 15323.435546875,
    "validation_loss": [
      77312.65625
    ],
    "validation_chi2s": {
      "DEUTERON": 358.3222947761194,
      "NMC": 2.81549820245481,
      "NUCLEAR": 4.43022802734375,
      "HERACOMB": 3.3440354291130516,
      "DYE886": 49.22794966264205,
      "CDF": 5.2679034641810825,
      "D0": 2.9386016845703127,
      "ATLAS": 5.1363059868246825,
      "CMS": 4.755227837680785,
      "LHCb": 6.489287376403809,
      "total": 65.5383529663086
    }
  },
  "700": {
    "training_loss": 15114.099609375,
    "validation_loss": [
      92178.3984375
    ],
    "validation_chi2s": {
      "DEUTERON": 432.18376865671644,
      "NMC": 2.7937690884459254,
      "NUCLEAR": 4.4408544921875,
      "HERACOMB": 3.3078597324346406,
      "DYE886": 50.10756613991477,
      "CDF": 5.244456699916294,
      "D0": 2.7198165893554687,
      "ATLAS": 5.184498587570621,
      "CMS": 4.895786253873967,
      "LHCb": 6.280611515045166,
      "total": 78.17428588867188
    }
  },
  "800": {
    "training_loss": 14926.794921875,
    "validation_loss": [
      105956.40625
    ],
    "validation_chi2s": {
      "DEUTERON": 500.620996579602,
      "NMC": 2.7659068388097428,
      "NUCLEAR": 4.4597392578125,
      "HERACOMB": 3.2668417138991015,
      "DYE886": 51.03779740767045,
      "CDF": 5.244961874825614,
      "D0": 2.4980396270751952,
      "ATLAS": 5.229337358205332,
      "CMS": 5.074133502550362,
      "LHCb": 6.048551559448242,
      "total": 89.88794708251953
    }
  },
  "900": {
    "training_loss": 14678.43359375,
    "validation_loss": [
      148414.609375
    ],
    "validation_chi2s": {
      "DEUTERON": 711.4751243781094,
      "NMC": 2.7225353764552698,
      "NUCLEAR": 4.60062353515625,
      "HERACOMB": 3.2003614637586804,
      "DYE886": 52.60420365767045,
      "CDF": 5.2419537135532925,
      "D0": 2.2374732971191404,
      "ATLAS": 5.279345496226165,
      "CMS": 5.4608865532993285,
      "LHCb": 5.686491012573242,
      "total": 125.97140502929688
    }
  },
  "1000": {
    "training_loss": 14509.0966796875,
    "validation_loss": [
      91416.5078125
    ],
    "validation_chi2s": {
      "DEUTERON": 428.00143812189054,
      "NMC": 2.70903673358992,
      "NUCLEAR": 4.51305322265625,
      "HERACOMB": 3.164874108009089,
      "DYE886": 52.44369784268466,
      "CDF": 5.145406995500837,
      "D0": 2.172529602050781,
      "ATLAS": 5.349799032265183,
      "CMS": 5.6364357688210225,
      "LHCb": 5.584126949310303,
      "total": 77.55504608154297
    }
  },
  "1100": {
    "training_loss": 14383.234375,
    "validation_loss": [
      31860.18359375
    ],
    "validation_chi2s": {
      "DEUTERON": 131.6805231654229,
      "NMC": 2.7025239233877145,
      "NUCLEAR": 4.50036865234375,
      "HERACOMB": 3.1196727877348858,
      "DYE886": 52.46126487038352,
      "CDF": 4.960231781005859,
      "D0": 2.142279052734375,
      "ATLAS": 5.439891750529661,
      "CMS": 5.71976388978564,
      "LHCb": 5.500850677490234,
      "total": 26.955476760864258
    }
  },
  "1200": {
    "training_loss": 14287.591796875,
    "validation_loss": [
      19991.017578125
    ],
    "validation_chi2s": {
      "DEUTERON": 72.67214221859453,
      "NMC": 2.6892568550857843,
      "NUCLEAR": 4.57435302734375,
      "HERACOMB": 3.0811091404335174,
      "DYE886": 51.8386396928267,
      "CDF": 4.851862226213727,
      "D0": 2.1538888931274416,
      "ATLAS": 5.47454006389036,
      "CMS": 5.749799744156767,
      "LHCb": 5.4224653244018555,
      "total": 16.87752914428711
    }
  },
  "1300": {
    "training_loss": 14514.01953125,
    "validation_loss": [
      15743.283203125
    ],
    "validation_chi2s": {
      "DEUTERON": 52.78342175839552,
      "NMC": 2.7160046147365198,
      "NUCLEAR": 4.1085546875,
      "HERACOMB": 3.1532542908113768,
      "DYE886": 48.00436123934659,
      "CDF": 4.809345790318081,
      "D0": 2.2656883239746093,
      "ATLAS": 5.413368699240819,
      "CMS": 5.165058230565599,
      "LHCb": 5.869142532348633,
      "total": 13.273905754089355
    }
  },
  "1400": {
    "training_loss": 14502.1435546875,
    "validation_loss": [
      34943.140625
    ],
    "validation_chi2s": {
      "DEUTERON": 148.81023592972636,
      "NMC": 2.7048327876072302,
      "NUCLEAR": 4.0908408203125,
      "HERACOMB": 3.1299998962801268,
      "DYE886": 48.3952803178267,
      "CDF": 4.581153324672154,
      "D0": 2.502987098693848,
      "ATLAS": 5.2617442675229515,
      "CMS": 4.635055163675103,
      "LHCb": 5.999732494354248,
      "total": 29.596643447875977
    }
  },
  "1500": {
    "training_loss": 14503.1611328125,
    "validation_loss": [
      11883.1083984375
    ],
    "validation_chi2s": {
      "DEUTERON": 34.77941590873756,
      "NMC": 2.6915875603170956,
      "NUCLEAR": 3.93550390625,
      "HERACOMB": 3.0897747363919525,
      "DYE886": 39.567540949041195,
      "CDF": 4.319093431745257,
      "D0": 2.3476863861083985,
      "ATLAS": 5.389474297647422,
      "CMS": 5.465084864088326,
      "LHCb": 5.7507758140563965,
      "total": 10.009101867675781
    }
  },
  "1600": {
    "training_loss": 14487.6337890625,
    "validation_loss": [
      42187.5078125
    ],
    "validation_chi2s": {
      "DEUTERON": 185.10049362562188,
      "NMC": 2.679967244466146,
      "NUCLEAR": 4.0119306640625,
      "HERACOMB": 3.109896192363664,
      "DYE886": 47.82452392578125,
      "CDF": 4.365933009556362,
      "D0": 2.5464738845825194,
      "ATLAS": 5.2656001721398304,
      "CMS": 4.566169171293905,
      "LHCb": 6.093379497528076,
      "total": 35.75545120239258
    }
  },
  "1700": {
    "training_loss": 14510.6533203125,
    "validation_loss": [
      12173.154296875
    ],
    "validation_chi2s": {
      "DEUTERON": 35.85613436722637,
      "NMC": 2.6869058048023895,
      "NUCLEAR": 3.93972314453125,
      "HERACOMB": 3.1326650981030433,
      "DYE886": 46.90546209161932,
      "CDF": 4.303249904087612,
      "D0": 2.46012020111084,
      "ATLAS": 5.328307070974576,
      "CMS": 4.645258123224432,
      "LHCb": 6.072726726531982,
      "total": 10.258113861083984
    }
  },
  "1800": {
    "training_loss": 14194.298828125,
    "validation_loss": [
      12845.5927734375
    ],
    "validation_chi2s": {
      "DEUTERON": 39.08999193485697,
      "NMC": 2.6775213503370097,
      "NUCLEAR": 3.97148193359375,
      "HERACOMB": 3.1098928015216503,
      "DYE886": 47.89524147727273,
      "CDF": 4.273130689348493,
      "D0": 2.306106758117676,
      "ATLAS": 5.386747371005473,
      "CMS": 4.621743950962035,
      "LHCb": 5.858882904052734,
      "total": 10.82835865020752
    }
  },
  "1900": {
    "training_loss": 14105.7197265625,
    "validation_loss": [
      6775.0576171875
    ],
    "validation_chi2s": {
      "DEUTERON": 5.785189045009329,
      "NMC": 2.6405660591873468,
      "NUCLEAR": 4.47319921875,
      "HERACOMB": 3.0424671048432392,
      "DYE886": 56.41203724254262,
      "CDF": 4.676520211356027,
      "D0": 2.450513458251953,
      "ATLAS": 5.73961574748411,
      "CMS": 6.372033994059917,
      "LHCb": 5.471426486968994,
      "total": 5.613513946533203
    }
  },
  "2000": {
    "training_loss": 14388.224609375,
    "validation_loss": [
      28343.625
    ],
    "validation_chi2s": {
      "DEUTERON": 118.68177666355722,
      "NMC": 2.632496254116881,
      "NUCLEAR": 3.426651611328125,
      "HERACOMB": 3.0749465842652164,
      "DYE886": 35.38054865056818,
      "CDF": 4.159478323800223,
      "D0": 3.4154689788818358,
      "ATLAS": 5.233664992165431,
      "CMS": 4.02144704771436,
      "LHCb": 7.206533432006836,
      "total": 24.02047348022461
    }
  },
  "2100": {
    "training_loss": 14227.1181640625,
    "validation_loss": [
      14830.755859375
    ],
    "validation_chi2s": {
      "DEUTERON": 51.104326997823385,
      "NMC": 2.6484004001991424,
      "NUCLEAR": 3.4392958984375,
      "HERACOMB": 3.107253529667075,
      "DYE886": 37.39736661044034,
      "CDF": 4.169233867100307,
      "D0": 3.9962512969970705,
      "ATLAS": 5.280751373808263,
      "CMS": 3.844072073944344,
      "LHCb": 7.759964466094971,
      "total": 12.538416862487793
    }
  },
  "2200": {
    "training_loss": 14463.1123046875,
    "validation_loss": [
      9857.71875
    ],
    "validation_chi2s": {
      "DEUTERON": 24.25811372823383,
      "NMC": 2.5435405058019303,
      "NUCLEAR": 4.094383056640625,
      "HERACOMB": 2.805789523654514,
      "DYE886": 46.57247647372159,
      "CDF": 4.529484612601144,
      "D0": 2.3934694290161134,
      "ATLAS": 5.513100144553319,
      "CMS": 5.331194412609762,
      "LHCb": 5.529446125030518,
      "total": 8.297229766845703
    }
  },
  "2300": {
    "training_loss": 13887.6181640625,
    "validation_loss": [
      8218.587890625
    ],
    "validation_chi2s": {
      "DEUTERON": 16.6902098394745,
      "NMC": 2.615230485504749,
      "NUCLEAR": 3.68945703125,
      "HERACOMB": 3.026491651348039,
      "DYE886": 40.716882879083805,
      "CDF": 4.313950674874442,
      "D0": 2.514417839050293,
      "ATLAS": 5.740500929665431,
      "CMS": 5.4097350569795974,
      "LHCb": 5.507809162139893,
      "total": 6.911291122436523
    }
  },
  "2400": {
    "training_loss": 13954.3701171875,
    "validation_loss": [
      20708.0546875
    ],
    "validation_chi2s": {
      "DEUTERON": 80.03386388370647,
      "NMC": 2.5799578498391544,
      "NUCLEAR": 3.61458447265625,
      "HERACOMB": 2.9043571123110703,
      "DYE886": 35.12362393465909,
      "CDF": 3.8039488111223494,
      "D0": 2.4766414642333983,
      "ATLAS": 5.494266833289195,
      "CMS": 5.429553827963585,
      "LHCb": 5.273281097412109,
      "total": 17.530231475830078
    }
  },
  "2500": {
    "training_loss": 14240.4697265625,
    "validation_loss": [
      7635.5400390625
    ],
    "validation_chi2s": {
      "DEUTERON": 13.769819117304104,
      "NMC": 2.612583235198376,
      "NUCLEAR": 3.6753359375,
      "HERACOMB": 3.0521124546823937,
      "DYE886": 42.12020041725852,
      "CDF": 4.114425931658063,
      "D0": 2.2665550231933596,
      "ATLAS": 5.669487042615643,
      "CMS": 5.413658457354081,
      "LHCb": 5.211135387420654,
      "total": 6.420709133148193
    }
  },
  "2600": {
    "training_loss": 14167.1826171875,
    "validation_loss": [
      8104.20654296875
    ],
    "validation_chi2s": {
      "DEUTERON": 15.436539227689677,
      "NMC": 2.586312088311887,
      "NUCLEAR": 3.786314208984375,
      "HERACOMB": 3.0159293779360703,
      "DYE886": 48.5283369584517,
      "CDF": 4.072599138532366,
      "D0": 2.288609504699707,
      "ATLAS": 5.649786135571151,
      "CMS": 5.187055603531767,
      "LHCb": 5.143520355224609,
      "total": 6.809988021850586
    }
  },
  "2700": {
    "training_loss": 14393.83203125,
    "validation_loss": [
      6807.4345703125
    ],
    "validation_chi2s": {
      "DEUTERON": 9.882738407571518,
      "NMC": 2.5900510900160847,
      "NUCLEAR": 3.576428466796875,
      "HERACOMB": 3.066898321014604,
      "DYE886": 45.93405428799716,
      "CDF": 3.870021547589983,
      "D0": 3.4487834930419923,
      "ATLAS": 5.602042850128002,
      "CMS": 4.130162514930914,
      "LHCb": 6.709371089935303,
      "total": 5.717280387878418
    }
  },
  "2800": {
    "training_loss": 14031.083984375,
    "validation_loss": [
      283755.9375
    ],
    "validation_chi2s": {
      "DEUTERON": 1389.4308146766168,
      "NMC": 2.623954024969363,
      "NUCLEAR": 3.303883544921875,
      "HERACOMB": 3.0815194323171977,
      "DYE886": 33.65699351917613,
      "CDF": 3.7113513946533203,
      "D0": 3.2243518829345703,
      "ATLAS": 5.649107162561794,
      "CMS": 4.051037496771694,
      "LHCb": 7.074092864990234,
      "total": 241.03099060058594
    }
  },
  "2900": {
    "training_loss": 35813.1328125,
    "validation_loss": [
      12741.388671875
    ],
    "validation_chi2s": {
      "DEUTERON": 40.15891732742537,
      "NMC": 2.531331081016391,
      "NUCLEAR": 3.436812744140625,
      "HERACOMB": 2.923947203393076,
      "DYE886": 37.67288485440341,
      "CDF": 4.518101283482143,
      "D0": 2.5329051971435548,
      "ATLAS": 5.832548497086864,
      "CMS": 4.978785491186725,
      "LHCb": 6.269845008850098,
      "total": 10.769888877868652
    }
  },
  "3000": {
    "training_loss": 14292.654296875,
    "validation_loss": [
      6900.7451171875
    ],
    "validation_chi2s": {
      "DEUTERON": 10.13491745374689,
      "NMC": 2.6268567851945464,
      "NUCLEAR": 3.53647998046875,
      "HERACOMB": 3.1230478723064747,
      "DYE886": 42.26310036399148,
      "CDF": 3.923633302961077,
      "D0": 2.3833141326904297,
      "ATLAS": 6.134023547846045,
      "CMS": 4.681486776052427,
      "LHCb": 5.813726902008057,
      "total": 5.803031921386719
    }
  },
  "3100": {
    "training_loss": 13766.1630859375,
    "validation_loss": [
      15324.3984375
    ],
    "validation_chi2s": {
      "DEUTERON": 54.01942922108209,
      "NMC": 2.643177406460631,
      "NUCLEAR": 3.317418701171875,
      "HERACOMB": 3.0888041577308005,
      "DYE886": 31.82979791814631,
      "CDF": 3.6494058881487166,
      "D0": 3.0223140716552734,
      "ATLAS": 5.87366826116702,
      "CMS": 4.070262057722108,
      "LHCb": 6.669777870178223,
      "total": 12.972671508789062
    }
  },
  "3200": {
    "training_loss": 8097.1171875,
    "validation_loss": [
      3052.778076171875
    ],
    "validation_chi2s": {
      "DEUTERON": 2.24572996832245,
      "NMC": 2.4255502738204657,
      "NUCLEAR": 2.06281103515625,
      "HERACOMB": 2.5735820695465685,
      "DYE886": 2.668924505060369,
      "CDF": 2.3964195251464844,
      "D0": 7.007272338867187,
      "ATLAS": 2.8751267255362816,
      "CMS": 3.2063018546616737,
      "LHCb": 4.0108232498168945,
      "total": 2.5905559062957764
    }
  },
  "3300": {
    "training_loss": 7882.3720703125,
    "validation_loss": [
      2913.576904296875
    ],
    "validation_chi2s": {
      "DEUTERON": 1.929443511203747,
      "NMC": 2.4189255658318016,
      "NUCLEAR": 2.0036578369140625,
      "HERACOMB": 2.5390425538705066,
      "DYE886": 2.372734243219549,
      "CDF": 1.9645284925188338,
      "D0": 5.702515411376953,
      "ATLAS": 2.772275935458598,
      "CMS": 3.178586092862216,
      "LHCb": 3.778172492980957,
      "total": 2.470879554748535
    }
  },
  "3400": {
    "training_loss": 7783.26123046875,
    "validation_loss": [
      2885.873046875
    ],
    "validation_chi2s": {
      "DEUTERON": 1.849202929444574,
      "NMC": 2.4018729714786304,
      "NUCLEAR": 1.9835457763671875,
      "HERACOMB": 2.541625777101205,
      "DYE886": 2.295098911632191,
      "CDF": 1.7571800776890345,
      "D0": 5.5332691192626955,
      "ATLAS": 2.7687505517302258,
      "CMS": 3.173531272194602,
      "LHCb": 3.7816600799560547,
      "total": 2.4477603435516357
    }
  },
  "3500": {
    "training_loss": 7748.41357421875,
    "validation_loss": [
      2872.083740234375
    ],
    "validation_chi2s": {
      "DEUTERON": 1.828602349580224,
      "NMC": 2.3909820855832566,
      "NUCLEAR": 1.9728948974609375,
      "HERACOMB": 2.5466264712265114,
      "DYE886": 2.2696583487770776,
      "CDF": 1.6695914949689592,
      "D0": 5.384086608886719,
      "ATLAS": 2.7582475048000528,
      "CMS": 3.160819313742898,
      "LHCb": 3.7349023818969727,
      "total": 2.4363865852355957
    }
  },
  "3600": {
    "training_loss": 7737.04638671875,
    "validation_loss": [
      2878.999755859375
    ],
    "validation_chi2s": {
      "DEUTERON": 1.9173385088716572,
      "NMC": 2.399682587268306,
      "NUCLEAR": 1.9645738525390626,
      "HERACOMB": 2.529272540722018,
      "DYE886": 2.2824041193181817,
      "CDF": 1.6136230741228377,
      "D0": 5.371216201782227,
      "ATLAS": 2.751551396429202,
      "CMS": 3.1577826886137657,
      "LHCb": 3.7043068408966064,
      "total": 2.4432833194732666
    }
  },
  "3700": {
    "training_loss": 7724.55517578125,
    "validation_loss": [
      2948.641845703125
    ],
    "validation_chi2s": {
      "DEUTERON": 2.286213585393346,
      "NMC": 2.4059576894722734,
      "NUCLEAR": 1.9600592041015625,
      "HERACOMB": 2.5249639772901347,
      "DYE886": 2.3120717135342685,
      "CDF": 1.5621272495814733,
      "D0": 5.449092102050781,
      "ATLAS": 2.740691276593397,
      "CMS": 3.1640859556592202,
      "LHCb": 3.643279552459717,
      "total": 2.5027356147766113
    }
  },
  "3800": {
    "training_loss": 7720.10205078125,
    "validation_loss": [
      2854.885986328125
    ],
    "validation_chi2s": {
      "DEUTERON": 1.7938589219430192,
      "NMC": 2.3944513657513786,
      "NUCLEAR": 1.963279052734375,
      "HERACOMB": 2.5402628580729165,
      "DYE886": 2.26099309054288,
      "CDF": 1.5344904490879603,
      "D0": 5.468152236938477,
      "ATLAS": 2.7374984827418785,
      "CMS": 3.1609771980727013,
      "LHCb": 3.708146810531616,
      "total": 2.422823905944824
    }
  },
  "3900": {
    "training_loss": 7712.59619140625,
    "validation_loss": [
      2861.403564453125
    ],
    "validation_chi2s": {
      "DEUTERON": 1.848489941649176,
      "NMC": 2.4013178208295036,
      "NUCLEAR": 1.9581773681640624,
      "HERACOMB": 2.5341304205601514,
      "DYE886": 2.2774913094260474,
      "CDF": 1.5000053133283342,
      "D0": 5.523274230957031,
      "ATLAS": 2.7248450672559144,
      "CMS": 3.1708323581159608,
      "LHCb": 3.685166597366333,
      "total": 2.428830146789551
    }
  },
  "4000": {
    "training_loss": 7705.32861328125,
    "validation_loss": [
      2858.561767578125
    ],
    "validation_chi2s": {
      "DEUTERON": 1.8358272723297575,
      "NMC": 2.399100658940334,
      "NUCLEAR": 1.9585626220703125,
      "HERACOMB": 2.53886483385672,
      "DYE886": 2.2826675068248403,
      "CDF": 1.4697249276297433,
      "D0": 5.635507202148437,
      "ATLAS": 2.723257118699241,
      "CMS": 3.1685286592846076,
      "LHCb": 3.6151297092437744,
      "total": 2.426374912261963
    }
  },
  "4100": {
    "training_loss": 7704.56591796875,
    "validation_loss": [
      2842.110595703125
    ],
    "validation_chi2s": {
      "DEUTERON": 1.7506870250796798,
      "NMC": 2.398797727098652,
      "NUCLEAR": 1.9570023193359376,
      "HERACOMB": 2.5373922111162175,
      "DYE886": 2.283234336159446,
      "CDF": 1.4461515971592493,
      "D0": 5.654170227050781,
      "ATLAS": 2.7465647896804377,
      "CMS": 3.160896742639463,
      "LHCb": 3.578406810760498,
      "total": 2.4128589630126953
    }
  },
  "4200": {
    "training_loss": 7698.5380859375,
    "validation_loss": [
      2848.42626953125
    ],
    "validation_chi2s": {
      "DEUTERON": 1.7878226664528918,
      "NMC": 2.3992619233972885,
      "NUCLEAR": 1.955427001953125,
      "HERACOMB": 2.5360185211780024,
      "DYE886": 2.2715863314541904,
      "CDF": 1.4267632620675224,
      "D0": 5.568094635009766,
      "ATLAS": 2.7294009795970164,
      "CMS": 3.162514930914256,
      "LHCb": 3.7026333808898926,
      "total": 2.4184272289276123
    }
  },
  "4300": {
    "training_loss": 7692.99658203125,
    "validation_loss": [
      2890.878662109375
    ],
    "validation_chi2s": {
      "DEUTERON": 1.9974204295903295,
      "NMC": 2.397282918294271,
      "NUCLEAR": 1.954546142578125,
      "HERACOMB": 2.534203822316687,
      "DYE886": 2.3022356900301846,
      "CDF": 1.4251879283360072,
      "D0": 5.625678253173828,
      "ATLAS": 2.733013088420286,
      "CMS": 3.1751658542097108,
      "LHCb": 3.6285135746002197,
      "total": 2.454357624053955
    }
  },
  "4400": {
    "training_loss": 7689.8359375,
    "validation_loss": [
      2852.66064453125
    ],
    "validation_chi2s": {
      "DEUTERON": 1.836689507783349,
      "NMC": 2.4005279541015625,
      "NUCLEAR": 1.953198486328125,
      "HERACOMB": 2.53068612291922,
      "DYE886": 2.2901429263028232,
      "CDF": 1.3966591698782784,
      "D0": 5.603848648071289,
      "ATLAS": 2.719547595007945,
      "CMS": 3.172649288965651,
      "LHCb": 3.6010284423828125,
      "total": 2.422236680984497
    }
  },
  "4500": {
    "training_loss": 7704.8876953125,
    "validation_loss": [
      2828.4990234375
    ],
    "validation_chi2s": {
      "DEUTERON": 1.7524840701278763,
      "NMC": 2.387083614573759,
      "NUCLEAR": 1.955169189453125,
      "HERACOMB": 2.521743674683415,
      "DYE886": 2.2359901775013316,
      "CDF": 1.4082766941615514,
      "D0": 5.289774703979492,
      "ATLAS": 2.7229041837703036,
      "CMS": 3.143101211421746,
      "LHCb": 3.707751512527466,
      "total": 2.4021248817443848
    }
  },
  "4600": {
    "training_loss": 7690.9560546875,
    "validation_loss": [
      2835.427734375
    ],
    "validation_chi2s": {
      "DEUTERON": 1.7181473917035914,
      "NMC": 2.3706534890567554,
      "NUCLEAR": 1.959367919921875,
      "HERACOMB": 2.5611771726919934,
      "DYE886": 2.2205453352494673,
      "CDF": 1.3752137592860632,
      "D0": 5.288520431518554,
      "ATLAS": 2.727752685546875,
      "CMS": 3.1610911976207388,
      "LHCb": 3.647174596786499,
      "total": 2.4071285724639893
    }
  },
  "4700": {
    "training_loss": 7693.1455078125,
    "validation_loss": [
      2827.477294921875
    ],
    "validation_chi2s": {
      "DEUTERON": 1.7423487421291977,
      "NMC": 2.3807518154967067,
      "NUCLEAR": 1.955814208984375,
      "HERACOMB": 2.5259963889527164,
      "DYE886": 2.2298495552756568,
      "CDF": 1.3918797629220145,
      "D0": 5.279628753662109,
      "ATLAS": 2.720168808759269,
      "CMS": 3.146135566648373,
      "LHCb": 3.7203328609466553,
      "total": 2.401306390762329
    }
  },
  "4800": {
    "training_loss": 7683.4443359375,
    "validation_loss": [
      2814.572265625
    ],
    "validation_chi2s": {
      "DEUTERON": 1.7613258172030473,
      "NMC": 2.398079666436887,
      "NUCLEAR": 1.9608336181640624,
      "HERACOMB": 2.509969673904718,
      "DYE886": 2.2030018893155185,
      "CDF": 1.4301648821149553,
      "D0": 4.887174987792969,
      "ATLAS": 2.703032412771451,
      "CMS": 3.1556562943892046,
      "LHCb": 3.4917662143707275,
      "total": 2.3907768726348877
    }
  },
  "4900": {
    "training_loss": 7681.80126953125,
    "validation_loss": [
      2817.245849609375
    ],
    "validation_chi2s": {
      "DEUTERON": 1.8190523214008085,
      "NMC": 2.4272145290000764,
      "NUCLEAR": 1.9473057861328125,
      "HERACOMB": 2.483935387305964,
      "DYE886": 2.2211803089488638,
      "CDF": 1.3945700781685966,
      "D0": 4.987980651855469,
      "ATLAS": 2.6728398382326977,
      "CMS": 3.163404228273502,
      "LHCb": 3.623126983642578,
      "total": 2.3930675983428955
    }
  },
  "5000": {
    "training_loss": 7678.00341796875,
    "validation_loss": [
      2832.370361328125
    ],
    "validation_chi2s": {
      "DEUTERON": 1.7401369009444962,
      "NMC": 2.3756172329771754,
      "NUCLEAR": 1.9560975341796876,
      "HERACOMB": 2.533718732447406,
      "DYE886": 2.234384710138494,
      "CDF": 1.3763514927455358,
      "D0": 5.290707778930664,
      "ATLAS": 2.7262271514720164,
      "CMS": 3.1564721982341166,
      "LHCb": 3.7381532192230225,
      "total": 2.4053189754486084
    }
  },
  "5100": {
    "training_loss": 7678.6533203125,
    "validation_loss": [
      2829.8779296875
    ],
    "validation_chi2s": {
      "DEUTERON": 1.7373151636835356,
      "NMC": 2.3827169081744026,
      "NUCLEAR": 1.9546197509765626,
      "HERACOMB": 2.528720631318934,
      "DYE886": 2.248596884987571,
      "CDF": 1.3688215528215681,
      "D0": 5.317091751098633,
      "ATLAS": 2.7293730482543257,
      "CMS": 3.175442277892562,
      "LHCb": 3.621781349182129,
      "total": 2.403235912322998
    }
  },
  "5200": {
    "training_loss": 7687.75927734375,
    "validation_loss": [
      2831.26025390625
    ],
    "validation_chi2s": {
      "DEUTERON": 1.7381754253634172,
      "NMC": 2.3845680087220433,
      "NUCLEAR": 1.96264111328125,
      "HERACOMB": 2.512270459941789,
      "DYE886": 2.1989770369096235,
      "CDF": 1.4541571480887276,
      "D0": 4.911663055419922,
      "ATLAS": 2.8056042342536194,
      "CMS": 3.1250612873676396,
      "LHCb": 3.6923882961273193,
      "total": 2.4052295684814453
    }
  },
  "5300": {
    "training_loss": 7685.193359375,
    "validation_loss": [
      2816.32568359375
    ],
    "validation_chi2s": {
      "DEUTERON": 1.774204690658038,
      "NMC": 2.390860763250613,
      "NUCLEAR": 1.949412353515625,
      "HERACOMB": 2.4923410851970997,
      "DYE886": 2.1890635056929155,
      "CDF": 1.4038787569318498,
      "D0": 4.750489807128906,
      "ATLAS": 2.727423371568238,
      "CMS": 3.145729001888559,
      "LHCb": 3.7062528133392334,
      "total": 2.392554998397827
    }
  },
  "5400": {
    "training_loss": 7675.57177734375,
    "validation_loss": [
      2828.295166015625
    ],
    "validation_chi2s": {
      "DEUTERON": 1.734135110579913,
      "NMC": 2.3687054503197764,
      "NUCLEAR": 1.9555860595703125,
      "HERACOMB": 2.5251448886846406,
      "DYE886": 2.2356687025590376,
      "CDF": 1.3846896035330636,
      "D0": 5.1836498260498045,
      "ATLAS": 2.7431387173927435,
      "CMS": 3.1473378583419422,
      "LHCb": 3.7367355823516846,
      "total": 2.4023866653442383
    }
  },
  "5500": {
    "training_loss": 7686.44873046875,
    "validation_loss": [
      2809.58154296875
    ],
    "validation_chi2s": {
      "DEUTERON": 1.7765472563938123,
      "NMC": 2.395420747644761,
      "NUCLEAR": 1.9561837158203126,
      "HERACOMB": 2.493472429661969,
      "DYE886": 2.198362350463867,
      "CDF": 1.40178040095738,
      "D0": 4.725458145141602,
      "ATLAS": 2.691486940545551,
      "CMS": 3.1287914938177943,
      "LHCb": 3.676459550857544,
      "total": 2.386878252029419
    }
  },
  "5600": {
    "training_loss": 7664.85791015625,
    "validation_loss": [
      2827.013427734375
    ],
    "validation_chi2s": {
      "DEUTERON": 1.7295974048215952,
      "NMC": 2.359697379317938,
      "NUCLEAR": 1.956871826171875,
      "HERACOMB": 2.533981422972835,
      "DYE886": 2.2461414337158203,
      "CDF": 1.379251480102539,
      "D0": 5.147002029418945,
      "ATLAS": 2.7324142887093927,
      "CMS": 3.1532378393756457,
      "LHCb": 3.669715166091919,
      "total": 2.400815486907959
    }
  },
  "5700": {
    "training_loss": 7680.880859375,
    "validation_loss": [
      2812.414794921875
    ],
    "validation_chi2s": {
      "DEUTERON": 1.788201023690143,
      "NMC": 2.389888090245864,
      "NUCLEAR": 1.9581925048828126,
      "HERACOMB": 2.490313361672794,
      "DYE886": 2.196013190529563,
      "CDF": 1.41457884652274,
      "D0": 4.640886688232422,
      "ATLAS": 2.7010729083907132,
      "CMS": 3.128589724706224,
      "LHCb": 3.6895253658294678,
      "total": 2.3893237113952637
    }
  },
  "5800": {
    "training_loss": 7685.7900390625,
    "validation_loss": [
      2813.877197265625
    ],
    "validation_chi2s": {
      "DEUTERON": 1.776940341019512,
      "NMC": 2.3788114061542585,
      "NUCLEAR": 1.9611636962890624,
      "HERACOMB": 2.498590407028697,
      "DYE886": 2.197560743852095,
      "CDF": 1.4088352748325892,
      "D0": 4.688550567626953,
      "ATLAS": 2.717746023404396,
      "CMS": 3.1185075744124484,
      "LHCb": 3.653510093688965,
      "total": 2.3905951976776123
    }
  },
  "5900": {
    "training_loss": 7676.67041015625,
    "validation_loss": [
      2826.65087890625
    ],
    "validation_chi2s": {
      "DEUTERON": 1.744049072265625,
      "NMC": 2.369592255237056,
      "NUCLEAR": 1.961299560546875,
      "HERACOMB": 2.5116994022543913,
      "DYE886": 2.207278164950284,
      "CDF": 1.422171183994838,
      "D0": 4.777950668334961,
      "ATLAS": 2.7840408928650247,
      "CMS": 3.1254612946313274,
      "LHCb": 3.717313528060913,
      "total": 2.4014556407928467
    }
  },
  "6000": {
    "training_loss": 7680.50146484375,
    "validation_loss": [
      2812.43603515625
    ],
    "validation_chi2s": {
      "DEUTERON": 1.7875856617789956,
      "NMC": 2.3911686317593444,
      "NUCLEAR": 1.959475830078125,
      "HERACOMB": 2.4867326325061274,
      "DYE886": 2.2046340595592153,
      "CDF": 1.4189675194876534,
      "D0": 4.604302597045899,
      "ATLAS": 2.6995823747020657,
      "CMS": 3.1352624814372416,
      "LHCb": 3.705328941345215,
      "total": 2.389383554458618
    }
  },
  "6100": {
    "training_loss": 7661.09033203125,
    "validation_loss": [
      2827.888916015625
    ],
    "validation_chi2s": {
      "DEUTERON": 1.7866689198052705,
      "NMC": 2.3690519145890776,
      "NUCLEAR": 1.961370849609375,
      "HERACOMB": 2.5066157322303924,
      "DYE886": 2.2309063998135654,
      "CDF": 1.404635293143136,
      "D0": 4.600555801391602,
      "ATLAS": 2.735208457472634,
      "CMS": 3.1751005314598397,
      "LHCb": 3.651928186416626,
      "total": 2.4022159576416016
    }
  },
  "6200": {
    "training_loss": 7674.89013671875,
    "validation_loss": [
      2825.329833984375
    ],
    "validation_chi2s": {
      "DEUTERON": 1.8022691717195274,
      "NMC": 2.3871434529622397,
      "NUCLEAR": 1.95397607421875,
      "HERACOMB": 2.4919599146624796,
      "DYE886": 2.2266112240878018,
      "CDF": 1.3725982393537248,
      "D0": 4.901703262329102,
      "ATLAS": 2.729878398658192,
      "CMS": 3.1619043271403666,
      "LHCb": 3.648258924484253,
      "total": 2.400312900543213
    }
  },
  "6300": {
    "training_loss": 7673.8837890625,
    "validation_loss": [
      2828.587646484375
    ],
    "validation_chi2s": {
      "DEUTERON": 1.7960886789198538,
      "NMC": 2.3811433081533395,
      "NUCLEAR": 1.9610775146484376,
      "HERACOMB": 2.5040731991038605,
      "DYE886": 2.225037314675071,
      "CDF": 1.383484159197126,
      "D0": 4.8334800720214846,
      "ATLAS": 2.7214088224421786,
      "CMS": 3.1529003805365443,
      "LHCb": 3.7285749912261963,
      "total": 2.403095006942749
    }
  },
  "6400": {
    "training_loss": 7675.25439453125,
    "validation_loss": [
      2819.236328125
    ],
    "validation_chi2s": {
      "DEUTERON": 1.814102096937189,
      "NMC": 2.4147603652056526,
      "NUCLEAR": 1.9611767578125,
      "HERACOMB": 2.481963712405535,
      "DYE886": 2.225248336791992,
      "CDF": 1.4145947865077428,
      "D0": 4.453904342651367,
      "ATLAS": 2.695770263671875,
      "CMS": 3.1657122146984764,
      "LHCb": 3.6868181228637695,
      "total": 2.395190954208374
    }
  },
  "6500": {
    "training_loss": 7664.8828125,
    "validation_loss": [
      2838.365478515625
    ],
    "validation_chi2s": {
      "DEUTERON": 1.7747474784281716,
      "NMC": 2.3657609528186274,
      "NUCLEAR": 1.963349853515625,
      "HERACOMB": 2.521344353170956,
      "DYE886": 2.2541805614124644,
      "CDF": 1.378049441746303,
      "D0": 4.851041412353515,
      "ATLAS": 2.7493615446791138,
      "CMS": 3.177945223721591,
      "LHCb": 3.7257680892944336,
      "total": 2.4111204147338867
    }
  },
  "6600": {
    "training_loss": 7667.74951171875,
    "validation_loss": [
      2831.040771484375
    ],
    "validation_chi2s": {
      "DEUTERON": 1.758719676762671,
      "NMC": 2.3711788701076135,
      "NUCLEAR": 1.958218505859375,
      "HERACOMB": 2.504230972988154,
      "DYE886": 2.2724403034556997,
      "CDF": 1.404639652797154,
      "D0": 4.765760040283203,
      "ATLAS": 2.7754637292549433,
      "CMS": 3.1607189336098913,
      "LHCb": 3.7285308837890625,
      "total": 2.405083179473877
    }
  },
  "6700": {
    "training_loss": 7674.244140625,
    "validation_loss": [
      2822.56494140625
    ],
    "validation_chi2s": {
      "DEUTERON": 1.81705956909787,
      "NMC": 2.405242022346048,
      "NUCLEAR": 1.9622384033203124,
      "HERACOMB": 2.4848092272390727,
      "DYE886": 2.221655412153764,
      "CDF": 1.4444890703473772,
      "D0": 4.463846588134766,
      "ATLAS": 2.7466997911701094,
      "CMS": 3.1293392969557075,
      "LHCb": 3.601738929748535,
      "total": 2.398050546646118
    }
  },
  "6800": {
    "training_loss": 7655.498046875,
    "validation_loss": [
      2830.21337890625
    ],
    "validation_chi2s": {
      "DEUTERON": 1.7786695186178483,
      "NMC": 2.368347018372779,
      "NUCLEAR": 1.9611077880859376,
      "HERACOMB": 2.521282919092116,
      "DYE886": 2.2563471360640093,
      "CDF": 1.4242447444370814,
      "D0": 4.8230243682861325,
      "ATLAS": 2.718657930018538,
      "CMS": 3.1565196139753358,
      "LHCb": 3.7143380641937256,
      "total": 2.4043567180633545
    }
  },
  "6900": {
    "training_loss": 7735.57421875,
    "validation_loss": [
      2854.257080078125
    ],
    "validation_chi2s": {
      "DEUTERON": 1.7287752521571829,
      "NMC": 2.352202471564798,
      "NUCLEAR": 1.972819580078125,
      "HERACOMB": 2.5387700897416257,
      "DYE886": 2.2432696602561255,
      "CDF": 1.5166405269077845,
      "D0": 4.847362518310547,
      "ATLAS": 2.8728744593043785,
      "CMS": 3.150466540628228,
      "LHCb": 3.690547227859497,
      "total": 2.4246044158935547
    }
  },
  "7000": {
    "training_loss": 7668.96630859375,
    "validation_loss": [
      2821.32177734375
    ],
    "validation_chi2s": {
      "DEUTERON": 1.8252449605002332,
      "NMC": 2.392894221287148,
      "NUCLEAR": 1.9653709716796874,
      "HERACOMB": 2.4861928902420343,
      "DYE886": 2.2231532010165127,
      "CDF": 1.4448626382010323,
      "D0": 4.4726104736328125,
      "ATLAS": 2.711135260802878,
      "CMS": 3.142934499693311,
      "LHCb": 3.635667085647583,
      "total": 2.397014856338501
    }
  },
  "7100": {
    "training_loss": 7662.13623046875,
    "validation_loss": [
      2817.61474609375
    ],
    "validation_chi2s": {
      "DEUTERON": 1.824942669465174,
      "NMC": 2.3952096677293966,
      "NUCLEAR": 1.9666378173828125,
      "HERACOMB": 2.4867723253038196,
      "DYE886": 2.229672171852805,
      "CDF": 1.4781084060668945,
      "D0": 4.39954948425293,
      "ATLAS": 2.6994613388837396,
      "CMS": 3.1254617990541065,
      "LHCb": 3.645076274871826,
      "total": 2.393886089324951
    }
  },
  "7200": {
    "training_loss": 7666.166015625,
    "validation_loss": [
      2825.380615234375
    ],
    "validation_chi2s": {
      "DEUTERON": 1.8289137503400963,
      "NMC": 2.4029440786324296,
      "NUCLEAR": 1.967651123046875,
      "HERACOMB": 2.4900704178155637,
      "DYE886": 2.2581008564342153,
      "CDF": 1.4583936418805803,
      "D0": 4.390371322631836,
      "ATLAS": 2.7161918683240645,
      "CMS": 3.1438452350206614,
      "LHCb": 3.6368725299835205,
      "total": 2.4004909992218018
    }
  },
  "7300": {
    "training_loss": 7681.44970703125,
    "validation_loss": [
      2832.4609375
    ],
    "validation_chi2s": {
      "DEUTERON": 1.7722054097189832,
      "NMC": 2.4029298670151653,
      "NUCLEAR": 1.9619459228515626,
      "HERACOMB": 2.495735916436887,
      "DYE886": 2.247828570279208,
      "CDF": 1.5199732099260603,
      "D0": 4.672127914428711,
      "ATLAS": 2.787791623907574,
      "CMS": 3.159988025003228,
      "LHCb": 3.6532230377197266,
      "total": 2.4065067768096924
    }
  },
  "7400": {
    "training_loss": 7677.69140625,
    "validation_loss": [
      2834.504638671875
    ],
    "validation_chi2s": {
      "DEUTERON": 1.7773010861221237,
      "NMC": 2.402379503437117,
      "NUCLEAR": 1.960850341796875,
      "HERACOMB": 2.4986889409083948,
      "DYE886": 2.2421959963711826,
      "CDF": 1.511143411908831,
      "D0": 4.688269805908203,
      "ATLAS": 2.79169252902101,
      "CMS": 3.154737740508781,
      "LHCb": 3.6652636528015137,
      "total": 2.4082419872283936
    }
  },
  "7500": {
    "training_loss": 7660.2880859375,
    "validation_loss": [
      2836.985595703125
    ],
    "validation_chi2s": {
      "DEUTERON": 1.812276508084577,
      "NMC": 2.3987257714365042,
      "NUCLEAR": 1.95567138671875,
      "HERACOMB": 2.5121194677415235,
      "DYE886": 2.2574811415238814,
      "CDF": 1.4342381613595145,
      "D0": 4.675288391113281,
      "ATLAS": 2.713942705574682,
      "CMS": 3.1959117542613638,
      "LHCb": 3.722682476043701,
      "total": 2.4102675914764404
    }
  },
  "7600": {
    "training_loss": 7661.7900390625,
    "validation_loss": [
      2837.91162109375
    ],
    "validation_chi2s": {
      "DEUTERON": 1.8180642199160448,
      "NMC": 2.3816092996036304,
      "NUCLEAR": 1.965332275390625,
      "HERACOMB": 2.509652131523182,
      "DYE886": 2.2449514215642754,
      "CDF": 1.47939818246024,
      "D0": 4.594839096069336,
      "ATLAS": 2.749801894365731,
      "CMS": 3.1410656132973913,
      "LHCb": 3.7266674041748047,
      "total": 2.4111382961273193
    }
  },
  "7700": {
    "training_loss": 7659.24755859375,
    "validation_loss": [
      2835.133544921875
    ],
    "validation_chi2s": {
      "DEUTERON": 1.7963750279364894,
      "NMC": 2.4007379868451286,
      "NUCLEAR": 1.962015625,
      "HERACOMB": 2.5101846931806575,
      "DYE886": 2.275145270607688,
      "CDF": 1.4606426783970423,
      "D0": 4.63115119934082,
      "ATLAS": 2.748844297592249,
      "CMS": 3.1459302665773503,
      "LHCb": 3.721529960632324,
      "total": 2.408674955368042
    }
  },
  "7800": {
    "training_loss": 7678.25927734375,
    "validation_loss": [
      2850.310546875
    ],
    "validation_chi2s": {
      "DEUTERON": 1.84623437378537,
      "NMC": 2.391027712354473,
      "NUCLEAR": 1.970845703125,
      "HERACOMB": 2.524627286624285,
      "DYE886": 2.2281232313676314,
      "CDF": 1.4548343930925642,
      "D0": 4.667670059204101,
      "ATLAS": 2.7393572963563737,
      "CMS": 3.170376359923812,
      "LHCb": 3.6685190200805664,
      "total": 2.4214415550231934
    }
  },
  "7900": {
    "training_loss": 7669.2568359375,
    "validation_loss": [
      2826.619140625
    ],
    "validation_chi2s": {
      "DEUTERON": 1.831491802462298,
      "NMC": 2.378677667356005,
      "NUCLEAR": 1.9666815185546875,
      "HERACOMB": 2.5024553685406454,
      "DYE886": 2.225974689830433,
      "CDF": 1.4862207685198103,
      "D0": 4.367505645751953,
      "ATLAS": 2.7248664468021717,
      "CMS": 3.127274694521565,
      "LHCb": 3.624946117401123,
      "total": 2.401541233062744
    }
  },
  "8000": {
    "training_loss": 7682.6259765625,
    "validation_loss": [
      2817.920654296875
    ],
    "validation_chi2s": {
      "DEUTERON": 1.8276500796797264,
      "NMC": 2.3938396678251377,
      "NUCLEAR": 1.968150634765625,
      "HERACOMB": 2.490148806104473,
      "DYE886": 2.227678819136186,
      "CDF": 1.5072852543422155,
      "D0": 4.3263404846191404,
      "ATLAS": 2.692443330409163,
      "CMS": 3.13412248595687,
      "LHCb": 3.619689702987671,
      "total": 2.3941473960876465
    }
  },
  "8100": {
    "training_loss": 7658.63427734375,
    "validation_loss": [
      2840.808349609375
    ],
    "validation_chi2s": {
      "DEUTERON": 1.820710594974347,
      "NMC": 2.384250715667126,
      "NUCLEAR": 1.964396728515625,
      "HERACOMB": 2.5189260844311683,
      "DYE886": 2.2497820420698686,
      "CDF": 1.4593053545270647,
      "D0": 4.579648971557617,
      "ATLAS": 2.7340055131642833,
      "CMS": 3.151956857728564,
      "LHCb": 3.7636382579803467,
      "total": 2.413508176803589
    }
  },
  "8200": {
    "training_loss": 7651.5263671875,
    "validation_loss": [
      2848.563232421875
    ],
    "validation_chi2s": {
      "DEUTERON": 1.8022476120374689,
      "NMC": 2.3844816918466605,
      "NUCLEAR": 1.9652796630859375,
      "HERACOMB": 2.5336263818678515,
      "DYE886": 2.262633583762429,
      "CDF": 1.4699584415980749,
      "D0": 4.663149642944336,
      "ATLAS": 2.7759697693215926,
      "CMS": 3.1627368769369837,
      "LHCb": 3.6582441329956055,
      "total": 2.419940948486328
    }
  },
  "8300": {
    "training_loss": 7653.21826171875,
    "validation_loss": [
      2836.97705078125
    ],
    "validation_chi2s": {
      "DEUTERON": 1.8473879686042445,
      "NMC": 2.409396900850184,
      "NUCLEAR": 1.96250390625,
      "HERACOMB": 2.4964589636310253,
      "DYE886": 2.2359743985262783,
      "CDF": 1.4778330666678292,
      "D0": 4.312897491455078,
      "ATLAS": 2.7301152978239758,
      "CMS": 3.1739390980113638,
      "LHCb": 3.695845127105713,
      "total": 2.410327911376953
    }
  },
  "8400": {
    "training_loss": 7649.8671875,
    "validation_loss": [
      2822.2412109375
    ],
    "validation_chi2s": {
      "DEUTERON": 1.85714843142685,
      "NMC": 2.3908504411286,
      "NUCLEAR": 1.96945654296875,
      "HERACOMB": 2.488535164228452,
      "DYE886": 2.2446989579634233,
      "CDF": 1.4922598430088587,
      "D0": 4.2366172790527346,
      "ATLAS": 2.7126361394332625,
      "CMS": 3.1143856836744575,
      "LHCb": 3.562150478363037,
      "total": 2.397822856903076
    }
  },
  "8500": {
    "training_loss": 7655.28466796875,
    "validation_loss": [
      2822.184326171875
    ],
    "validation_chi2s": {
      "DEUTERON": 1.834891551762671,
      "NMC": 2.4171721514533546,
      "NUCLEAR": 1.958787841796875,
      "HERACOMB": 2.478826984081393,
      "DYE886": 2.2732327201149682,
      "CDF": 1.461611339024135,
      "D0": 4.272931671142578,
      "ATLAS": 2.7233305677855757,
      "CMS": 3.131156227805398,
      "LHCb": 3.687314033508301,
      "total": 2.3977675437927246
    }
  },
  "8600": {
    "training_loss": 7659.0859375,
    "validation_loss": [
      2823.13232421875
    ],
    "validation_chi2s": {
      "DEUTERON": 1.8225671568913246,
      "NMC": 2.4213723575367645,
      "NUCLEAR": 1.96309716796875,
      "HERACOMB": 2.4844623640471815,
      "DYE886": 2.2630103718150747,
      "CDF": 1.465341023036412,
      "D0": 4.255146408081055,
      "ATLAS": 2.7265973279705156,
      "CMS": 3.13668596251937,
      "LHCb": 3.6724853515625,
      "total": 2.398561716079712
    }
  },
  "8700": {
    "training_loss": 7651.2109375,
    "validation_loss": [
      2845.089599609375
    ],
    "validation_chi2s": {
      "DEUTERON": 1.7932306545883863,
      "NMC": 2.3739556705250457,
      "NUCLEAR": 1.96494921875,
      "HERACOMB": 2.525567946091197,
      "DYE886": 2.27762863852761,
      "CDF": 1.4752214976719447,
      "D0": 4.575934982299804,
      "ATLAS": 2.763046868103372,
      "CMS": 3.155270663174716,
      "LHCb": 3.826101303100586,
      "total": 2.417203426361084
    }
  },
  "8800": {
    "training_loss": 7659.7568359375,
    "validation_loss": [
      2827.751220703125
    ],
    "validation_chi2s": {
      "DEUTERON": 1.8432246725357586,
      "NMC": 2.4090242572859224,
      "NUCLEAR": 1.9696331787109376,
      "HERACOMB": 2.501375884012459,
      "DYE886": 2.2796077728271484,
      "CDF": 1.478426115853446,
      "D0": 4.280897903442383,
      "ATLAS": 2.7182584428517833,
      "CMS": 3.1229230392077736,
      "LHCb": 3.570284366607666,
      "total": 2.4024994373321533
    }
  },
  "8900": {
    "training_loss": 7649.06298828125,
    "validation_loss": [
      2836.230712890625
    ],
    "validation_chi2s": {
      "DEUTERON": 1.8340519387923664,
      "NMC": 2.390765021829044,
      "NUCLEAR": 1.970345458984375,
      "HERACOMB": 2.517971063751021,
      "DYE886": 2.2631105943159624,
      "CDF": 1.4862658636910575,
      "D0": 4.48438835144043,
      "ATLAS": 2.7012308411679027,
      "CMS": 3.1675061943117253,
      "LHCb": 3.629121780395508,
      "total": 2.4096968173980713
    }
  },
  "9000": {
    "training_loss": 7659.16650390625,
    "validation_loss": [
      2826.582275390625
    ],
    "validation_chi2s": {
      "DEUTERON": 1.8550460587686568,
      "NMC": 2.4068830901501226,
      "NUCLEAR": 1.97303955078125,
      "HERACOMB": 2.493276758131638,
      "DYE886": 2.2728363383900034,
      "CDF": 1.4715174266270228,
      "D0": 4.239586257934571,
      "ATLAS": 2.7048822607697742,
      "CMS": 3.1324788243317405,
      "LHCb": 3.570948362350464,
      "total": 2.4015133380889893
    }
  },
  "9100": {
    "training_loss": 7663.68310546875,
    "validation_loss": [
      2833.89990234375
    ],
    "validation_chi2s": {
      "DEUTERON": 1.8515914992906561,
      "NMC": 2.401216843548943,
      "NUCLEAR": 1.9656109619140625,
      "HERACOMB": 2.4974048090916052,
      "DYE886": 2.272397128018466,
      "CDF": 1.4729204177856445,
      "D0": 4.30018424987793,
      "ATLAS": 2.751286221089336,
      "CMS": 3.1281549122707903,
      "LHCb": 3.589426279067993,
      "total": 2.407724142074585
    }
  },
  "9200": {
    "training_loss": 7660.55615234375,
    "validation_loss": [
      2824.64013671875
    ],
    "validation_chi2s": {
      "DEUTERON": 1.8460559750077736,
      "NMC": 2.4162847481521905,
      "NUCLEAR": 1.964911376953125,
      "HERACOMB": 2.47700550353605,
      "DYE886": 2.2715280706232246,
      "CDF": 1.4831289563860213,
      "D0": 4.206571960449219,
      "ATLAS": 2.715128408313471,
      "CMS": 3.1323996299554495,
      "LHCb": 3.7228517532348633,
      "total": 2.399855375289917
    }
  },
  "9300": {
    "training_loss": 7648.71630859375,
    "validation_loss": [
      2838.158447265625
    ],
    "validation_chi2s": {
      "DEUTERON": 1.8190170971315298,
      "NMC": 2.383238848517923,
      "NUCLEAR": 1.961082763671875,
      "HERACOMB": 2.508950027765012,
      "DYE886": 2.33057316866788,
      "CDF": 1.465648923601423,
      "D0": 4.508535766601563,
      "ATLAS": 2.7625099656272067,
      "CMS": 3.150027692810563,
      "LHCb": 3.6322195529937744,
      "total": 2.4113364219665527
    }
  },
  "9400": {
    "training_loss": 7644.82568359375,
    "validation_loss": [
      2830.979248046875
    ],
    "validation_chi2s": {
      "DEUTERON": 1.784318155317164,
      "NMC": 2.379681605918735,
      "NUCLEAR": 1.9676710205078125,
      "HERACOMB": 2.523919398488562,
      "DYE886": 2.2967069799249824,
      "CDF": 1.487442970275879,
      "D0": 4.456607818603516,
      "ATLAS": 2.7269209522311972,
      "CMS": 3.149890489814695,
      "LHCb": 3.6599113941192627,
      "total": 2.4049901962280273
    }
  },
  "9500": {
    "training_loss": 7651.29638671875,
    "validation_loss": [
      2825.839599609375
    ],
    "validation_chi2s": {
      "DEUTERON": 1.8035220625388682,
      "NMC": 2.399064157523361,
      "NUCLEAR": 1.96164111328125,
      "HERACOMB": 2.5128070108251634,
      "DYE886": 2.295019669966264,
      "CDF": 1.4688482284545898,
      "D0": 4.413105392456055,
      "ATLAS": 2.683788407320357,
      "CMS": 3.180500125096849,
      "LHCb": 3.6447372436523438,
      "total": 2.4006760120391846
    }
  },
  "9600": {
    "training_loss": 7674.65625,
    "validation_loss": [
      2818.98388671875
    ],
    "validation_chi2s": {
      "DEUTERON": 1.835012255616449,
      "NMC": 2.4119549919577206,
      "NUCLEAR": 1.9705823974609376,
      "HERACOMB": 2.4865281846788196,
      "DYE886": 2.273093657060103,
      "CDF": 1.5134376798357283,
      "D0": 4.0994926452636715,
      "ATLAS": 2.688267939508298,
      "CMS": 3.131099732454158,
      "LHCb": 3.666365146636963,
      "total": 2.3950531482696533
    }
  },
  "9700": {
    "training_loss": 7657.09375,
    "validation_loss": [
      2824.516357421875
    ],
    "validation_chi2s": {
      "DEUTERON": 1.8131587849327582,
      "NMC": 2.4061499202952668,
      "NUCLEAR": 1.962089111328125,
      "HERACOMB": 2.5032613916334765,
      "DYE886": 2.2891285636208276,
      "CDF": 1.4791909626552038,
      "D0": 4.400658416748047,
      "ATLAS": 2.699213749944827,
      "CMS": 3.148346451688404,
      "LHCb": 3.6684632301330566,
      "total": 2.399746894836426
    }
  },
  "9800": {
    "training_loss": 7732.626953125,
    "validation_loss": [
      2846.6748046875
    ],
    "validation_chi2s": {
      "DEUTERON": 1.7559067455690298,
      "NMC": 2.3769244025735294,
      "NUCLEAR": 1.9646873779296874,
      "HERACOMB": 2.5134758045470793,
      "DYE886": 2.2767139781605112,
      "CDF": 1.5894132341657365,
      "D0": 4.2044322967529295,
      "ATLAS": 2.881834558174435,
      "CMS": 3.131139329642304,
      "LHCb": 3.750222682952881,
      "total": 2.418583869934082
    }
  },
  "9900": {
    "training_loss": 7652.3095703125,
    "validation_loss": [
      2822.477294921875
    ],
    "validation_chi2s": {
      "DEUTERON": 1.8600688573732898,
      "NMC": 2.4140271953507964,
      "NUCLEAR": 1.9684635009765625,
      "HERACOMB": 2.489937776054432,
      "DYE886": 2.280507521195845,
      "CDF": 1.5415600367954798,
      "D0": 4.017926788330078,
      "ATLAS": 2.690868485445357,
      "CMS": 3.129398818843621,
      "LHCb": 3.6052403450012207,
      "total": 2.3980255126953125
    }
  },
  "10000": {
    "training_loss": 7651.1533203125,
    "validation_loss": [
      2836.39111328125
    ],
    "validation_chi2s": {
      "DEUTERON": 1.8014172606207246,
      "NMC": 2.3929507685642615,
      "NUCLEAR": 1.9618272705078126,
      "HERACOMB": 2.5208975598703023,
      "DYE886": 2.311159307306463,
      "CDF": 1.4870962415422713,
      "D0": 4.3534801483154295,
      "ATLAS": 2.7374734824660134,
      "CMS": 3.1555924849076704,
      "LHCb": 3.72648286819458,
      "total": 2.4098331928253174
    }
  },
  "10100": {
    "training_loss": 7645.119140625,
    "validation_loss": [
      2850.90380859375
    ],
    "validation_chi2s": {
      "DEUTERON": 1.8043896119986007,
      "NMC": 2.3746146407781863,
      "NUCLEAR": 1.97120556640625,
      "HERACOMB": 2.531801709941789,
      "DYE886": 2.281885493885387,
      "CDF": 1.5609234401157923,
      "D0": 4.0677024841308596,
      "ATLAS": 2.7681327862928145,
      "CMS": 3.1958888030249226,
      "LHCb": 3.774360418319702,
      "total": 2.4218921661376953
    }
  },
  "10200": {
    "training_loss": 7648.091796875,
    "validation_loss": [
      2841.19287109375
    ],
    "validation_chi2s": {
      "DEUTERON": 1.7974273529811877,
      "NMC": 2.3817894131529567,
      "NUCLEAR": 1.968480712890625,
      "HERACOMB": 2.5255438112745097,
      "DYE886": 2.29566105929288,
      "CDF": 1.5326032638549805,
      "D0": 4.23192024230957,
      "ATLAS": 2.768106923938471,
      "CMS": 3.1404645935563016,
      "LHCb": 3.747122287750244,
      "total": 2.4138503074645996
    }
  },
  "10300": {
    "training_loss": 7650.8837890625,
    "validation_loss": [
      2816.7939453125
    ],
    "validation_chi2s": {
      "DEUTERON": 1.8293280909903606,
      "NMC": 2.4126615337297026,
      "NUCLEAR": 1.97473291015625,
      "HERACOMB": 2.485885719847835,
      "DYE886": 2.265734239058061,
      "CDF": 1.5684277670724052,
      "D0": 3.8800579071044923,
      "ATLAS": 2.7028351692156605,
      "CMS": 3.133078330804494,
      "LHCb": 3.579806327819824,
      "total": 2.393193483352661
    }
  },
  "10400": {
    "training_loss": 7672.5703125,
    "validation_loss": [
      2826.9404296875
    ],
    "validation_chi2s": {
      "DEUTERON": 1.8504075387224037,
      "NMC": 2.398083107144225,
      "NUCLEAR": 1.9759703369140624,
      "HERACOMB": 2.491996017156863,
      "DYE886": 2.2714784795587715,
      "CDF": 1.559297697884696,
      "D0": 3.9153911590576174,
      "ATLAS": 2.7330656752074507,
      "CMS": 3.117156477999096,
      "LHCb": 3.5997767448425293,
      "total": 2.4018187522888184
    }
  },
  "10500": {
    "training_loss": 7650.0673828125,
    "validation_loss": [
      2841.7177734375
    ],
    "validation_chi2s": {
      "DEUTERON": 1.8051486039043065,
      "NMC": 2.395723679486443,
      "NUCLEAR": 1.9756123046875,
      "HERACOMB": 2.5125433229932597,
      "DYE886": 2.3241492184725674,
      "CDF": 1.5645750590733118,
      "D0": 4.154620361328125,
      "ATLAS": 2.782083112641243,
      "CMS": 3.14570504180656,
      "LHCb": 3.6608285903930664,
      "total": 2.4142675399780273
    }
  },
  "10600": {
    "training_loss": 7674.83837890625,
    "validation_loss": [
      2826.0400390625
    ],
    "validation_chi2s": {
      "DEUTERON": 1.8179453380072295,
      "NMC": 2.4027971753887103,
      "NUCLEAR": 1.9715560302734374,
      "HERACOMB": 2.4811173981311274,
      "DYE886": 2.2656537836248223,
      "CDF": 1.5476796286446708,
      "D0": 3.8000133514404295,
      "ATLAS": 2.7886314607609464,
      "CMS": 3.1156313557270146,
      "LHCb": 3.647378444671631,
      "total": 2.4010486602783203
    }
  },
  "10700": {
    "training_loss": 7805.2353515625,
    "validation_loss": [
      2844.689697265625
    ],
    "validation_chi2s": {
      "DEUTERON": 1.7571989600338154,
      "NMC": 2.417669707653569,
      "NUCLEAR": 1.9867373046875,
      "HERACOMB": 2.495016260084763,
      "DYE886": 2.269079728560014,
      "CDF": 1.7344794954572404,
      "D0": 3.8480709075927733,
      "ATLAS": 2.856217034118997,
      "CMS": 3.1709090303783576,
      "LHCb": 3.6956264972686768,
      "total": 2.416898727416992
    }
  },
  "10800": {
    "training_loss": 7664.34814453125,
    "validation_loss": [
      2815.93505859375
    ],
    "validation_chi2s": {
      "DEUTERON": 1.809700885222326,
      "NMC": 2.4380766924689796,
      "NUCLEAR": 1.9788565673828125,
      "HERACOMB": 2.477270388135723,
      "DYE886": 2.2703366713090376,
      "CDF": 1.5640103476388114,
      "D0": 3.91870002746582,
      "ATLAS": 2.7118492341984464,
      "CMS": 3.1314028905442925,
      "LHCb": 3.627723217010498,
      "total": 2.3924529552459717
    }
  },
  "10900": {
    "training_loss": 7661.666015625,
    "validation_loss": [
      2835.476318359375
    ],
    "validation_chi2s": {
      "DEUTERON": 1.8098915821284205,
      "NMC": 2.403548147164139,
      "NUCLEAR": 1.9779447021484375,
      "HERACOMB": 2.511685439963746,
      "DYE886": 2.2555758736350318,
      "CDF": 1.5833653041294642,
      "D0": 4.148686218261719,
      "ATLAS": 2.7507481117033015,
      "CMS": 3.1378335243414255,
      "LHCb": 3.665371894836426,
      "total": 2.4090709686279297
    }
  },
  "11000": {
    "training_loss": 7656.21484375,
    "validation_loss": [
      2826.44140625
    ],
    "validation_chi2s": {
      "DEUTERON": 1.7867782365030318,
      "NMC": 2.403322706035539,
      "NUCLEAR": 1.9834339599609374,
      "HERACOMB": 2.5050180472579657,
      "DYE886": 2.2776329734108667,
      "CDF": 1.5892651421683175,
      "D0": 3.9336437225341796,
      "ATLAS": 2.7505617303363348,
      "CMS": 3.1253717595880683,
      "LHCb": 3.6483376026153564,
      "total": 2.4013946056365967
    }
  },
  "11100": {
    "training_loss": 7656.6298828125,
    "validation_loss": [
      2820.94580078125
    ],
    "validation_chi2s": {
      "DEUTERON": 1.846567334227301,
      "NMC": 2.456761079676011,
      "NUCLEAR": 1.982905517578125,
      "HERACOMB": 2.4750372194776347,
      "DYE886": 2.271095622669567,
      "CDF": 1.5809238978794642,
      "D0": 3.8184040069580076,
      "ATLAS": 2.704593809310999,
      "CMS": 3.1311211704222623,
      "LHCb": 3.581554889678955,
      "total": 2.396725654602051
    }
  },
  "11200": {
    "training_loss": 7656.5146484375,
    "validation_loss": [
      2826.0390625
    ],
    "validation_chi2s": {
      "DEUTERON": 1.7825036499630753,
      "NMC": 2.427851359049479,
      "NUCLEAR": 1.985901611328125,
      "HERACOMB": 2.5163165323095384,
      "DYE886": 2.285882603038441,
      "CDF": 1.6099683216639928,
      "D0": 4.055044174194336,
      "ATLAS": 2.7116564734507413,
      "CMS": 3.142128684303977,
      "LHCb": 3.59264874458313,
      "total": 2.400855779647827
    }
  },
  "11300": {
    "training_loss": 7681.3017578125,
    "validation_loss": [
      2840.7294921875
    ],
    "validation_chi2s": {
      "DEUTERON": 1.8335191717195274,
      "NMC": 2.425673391304764,
      "NUCLEAR": 1.9862933349609375,
      "HERACOMB": 2.5029362697227326,
      "DYE886": 2.247182325883345,
      "CDF": 1.6235145841326033,
      "D0": 4.041900634765625,
      "ATLAS": 2.781794833598164,
      "CMS": 3.122501341764592,
      "LHCb": 3.5808520317077637,
      "total": 2.4135324954986572
    }
  },
  "11400": {
    "training_loss": 7652.73974609375,
    "validation_loss": [
      2826.29736328125
    ],
    "validation_chi2s": {
      "DEUTERON": 1.850361230954602,
      "NMC": 2.424451790603937,
      "NUCLEAR": 1.981171875,
      "HERACOMB": 2.489939172283497,
      "DYE886": 2.2526428916237573,
      "CDF": 1.6107055119105749,
      "D0": 3.792497253417969,
      "ATLAS": 2.7284976937676553,
      "CMS": 3.1214544122869317,
      "LHCb": 3.5660762786865234,
      "total": 2.401271343231201
    }
  },
  "11500": {
    "training_loss": 7642.8837890625,
    "validation_loss": [
      2839.164794921875
    ],
    "validation_chi2s": {
      "DEUTERON": 1.8090326869072606,
      "NMC": 2.4412907619102326,
      "NUCLEAR": 1.991586181640625,
      "HERACOMB": 2.518722633910335,
      "DYE886": 2.252858595414595,
      "CDF": 1.627336093357631,
      "D0": 3.7531970977783202,
      "ATLAS": 2.772515420859816,
      "CMS": 3.146257636960873,
      "LHCb": 3.5154407024383545,
      "total": 2.412200450897217
    }
  },
  "11600": {
    "training_loss": 7666.4814453125,
    "validation_loss": [
      2858.39404296875
    ],
    "validation_chi2s": {
      "DEUTERON": 1.861685985356421,
      "NMC": 2.4289579204484526,
      "NUCLEAR": 1.9893914794921874,
      "HERACOMB": 2.5102010490068425,
      "DYE886": 2.2605344598943535,
      "CDF": 1.691239356994629,
      "D0": 3.845960998535156,
      "ATLAS": 2.858134296654308,
      "CMS": 3.1181353104016014,
      "LHCb": 3.488375186920166,
      "total": 2.4285361766815186
    }
  },
  "11700": {
    "training_loss": 7704.8671875,
    "validation_loss": [
      2821.612548828125
    ],
    "validation_chi2s": {
      "DEUTERON": 1.7696460325326493,
      "NMC": 2.4475211349188113,
      "NUCLEAR": 1.990028564453125,
      "HERACOMB": 2.4996505438112746,
      "DYE886": 2.252637169577859,
      "CDF": 1.6242448261805944,
      "D0": 3.687993621826172,
      "ATLAS": 2.768630205574682,
      "CMS": 3.0802183545325414,
      "LHCb": 3.6914236545562744,
      "total": 2.397289514541626
    }
  },
  "11800": {
    "training_loss": 7644.837890625,
    "validation_loss": [
      2832.06494140625
    ],
    "validation_chi2s": {
      "DEUTERON": 1.8622096427044466,
      "NMC": 2.471919190649893,
      "NUCLEAR": 1.9993759765625,
      "HERACOMB": 2.481762655420241,
      "DYE886": 2.273567546497692,
      "CDF": 1.6867371967860632,
      "D0": 3.585591506958008,
      "ATLAS": 2.7537629725569386,
      "CMS": 3.099373305139463,
      "LHCb": 3.509620428085327,
      "total": 2.406172513961792
    }
  },
  "11900": {
    "training_loss": 7636.30810546875,
    "validation_loss": [
      2854.2333984375
    ],
    "validation_chi2s": {
      "DEUTERON": 1.8058626545009329,
      "NMC": 2.4374112895890776,
      "NUCLEAR": 1.9917100830078125,
      "HERACOMB": 2.5377614139731413,
      "DYE886": 2.340662869540128,
      "CDF": 1.6499156951904297,
      "D0": 3.8944522857666017,
      "ATLAS": 2.762856003928319,
      "CMS": 3.17626499144499,
      "LHCb": 3.6453404426574707,
      "total": 2.4246065616607666
    }
  },
  "12000": {
    "training_loss": 7717.3955078125,
    "validation_loss": [
      2834.627197265625
    ],
    "validation_chi2s": {
      "DEUTERON": 1.8120012425664644,
      "NMC": 2.469078363156786,
      "NUCLEAR": 1.992640625,
      "HERACOMB": 2.507254606758068,
      "DYE886": 2.2777170701460405,
      "CDF": 1.609914779663086,
      "D0": 3.5652847290039062,
      "ATLAS": 2.724798342602401,
      "CMS": 3.157288102079029,
      "LHCb": 3.679933547973633,
      "total": 2.408348798751831
    }
  },
  "12100": {
    "training_loss": 7664.62548828125,
    "validation_loss": [
      2822.57470703125
    ],
    "validation_chi2s": {
      "DEUTERON": 1.8267995350396455,
      "NMC": 2.4649151072782627,
      "NUCLEAR": 2.0054952392578125,
      "HERACOMB": 2.486889608545241,
      "DYE886": 2.251626794988459,
      "CDF": 1.7016797746930803,
      "D0": 3.3873001098632813,
      "ATLAS": 2.7255366266110523,
      "CMS": 3.104343887202996,
      "LHCb": 3.5608415603637695,
      "total": 2.3981075286865234
    }
  },
  "12200": {
    "training_loss": 7668.06201171875,
    "validation_loss": [
      2843.98291015625
    ],
    "validation_chi2s": {
      "DEUTERON": 1.8111610222811723,
      "NMC": 2.446050157733992,
      "NUCLEAR": 1.99785107421875,
      "HERACOMB": 2.506320130591299,
      "DYE886": 2.2972977378151636,
      "CDF": 1.669553484235491,
      "D0": 3.605632781982422,
      "ATLAS": 2.791564079327772,
      "CMS": 3.1464911847075157,
      "LHCb": 3.614635944366455,
      "total": 2.416289806365967
    }
  }
}