{
  "100": {
    "training_loss": 94107.75,
    "validation_loss": [
      49624.5390625
    ],
    "validation_chi2s": {
      "DEUTERON": 29.201509542133085,
      "NMC": 40.845042509191174,
      "NUCLEAR": 10.1720068359375,
      "HERACOMB": 33.377920113357845,
      "DYE886": 18.676770296963777,
      "CDF": 16.085806710379465,
      "D0": 15.079010009765625,
      "ATLAS": 58.159107142857145,
      "CMS": 46.688524199695124,
      "LHCb": 67.63573455810547,
      "total": 33.533050537109375
    }
  },
  "200": {
    "training_loss": 35270.29296875,
    "validation_loss": [
      16951.51953125
    ],
    "validation_chi2s": {
      "DEUTERON": 11.788197683457712,
      "NMC": 6.577873080384498,
      "NUCLEAR": 7.85494873046875,
      "HERACOMB": 7.782980526194853,
      "DYE886": 48.04841197620738,
      "CDF": 4.338034493582589,
      "D0": 36.92467041015625,
      "ATLAS": 14.893503069196429,
      "CMS": 7.32416565437627,
      "LHCb": 20.107894897460938,
      "total": 10.754115104675293
    }
  },
  "300": {
    "training_loss": 28338.75,
    "validation_loss": [
      12605.2060546875
    ],
    "validation_chi2s": {
      "DEUTERON": 9.320546316270212,
      "NMC": 4.52506061628753,
      "NUCLEAR": 7.002302734375,
      "HERACOMB": 5.825746224596609,
      "DYE886": 52.40885231711648,
      "CDF": 3.344904218401228,
      "D0": 51.49745483398438,
      "ATLAS": 12.4353125,
      "CMS": 5.186592908409553,
      "LHCb": 13.668635368347168,
      "total": 8.989272117614746
    }
  },
  "400": {
    "training_loss": 26777.220703125,
    "validation_loss": [
      9209.603515625
    ],
    "validation_chi2s": {
      "DEUTERON": 8.20167776838464,
      "NMC": 3.3323121912339153,
      "NUCLEAR": 6.01579296875,
      "HERACOMB": 4.269922991983251,
      "DYE886": 19.495027021928266,
      "CDF": 4.552261897495815,
      "D0": 4.481909942626953,
      "ATLAS": 11.34668178013393,
      "CMS": 6.552162232437754,
      "LHCb": 22.552509307861328,
      "total": 7.347383975982666
    }
  },
  "500": {
    "training_loss": 10185.38671875,
    "validation_loss": [
      6005.9677734375
    ],
    "validation_chi2s": {
      "DEUTERON": 13.52978758550995,
      "NMC": 3.274873322131587,
      "NUCLEAR": 3.0263017578125,
      "HERACOMB": 2.8188578287760415,
      "DYE886": 1.357351909984242,
      "CDF": 0.6577417509896415,
      "D0": 5.419526290893555,
      "ATLAS": 4.2360002790178575,
      "CMS": 3.150188663141514,
      "LHCb": 5.489808559417725,
      "total": 5.011691093444824
    }
  },
  "600": {
    "training_loss": 8193.16015625,
    "validation_loss": [
      3179.951171875
    ],
    "validation_chi2s": {
      "DEUTERON": 3.3649036919892725,
      "NMC": 3.046524646235447,
      "NUCLEAR": 2.167634033203125,
      "HERACOMB": 2.4948293648514093,
      "DYE886": 1.174033598466353,
      "CDF": 0.6175682885306222,
      "D0": 3.7399696350097655,
      "ATLAS": 2.6335813685825893,
      "CMS": 3.2509058510384907,
      "LHCb": 2.8749217987060547,
      "total": 2.6825249195098877
    }
  },
  "700": {
    "training_loss": 8042.69482421875,
    "validation_loss": [
      2945.646484375
    ],
    "validation_chi2s": {
      "DEUTERON": 2.302394126778218,
      "NMC": 3.0319662655101105,
      "NUCLEAR": 2.136644775390625,
      "HERACOMB": 2.482339896407782,
      "DYE886": 1.2732147736982866,
      "CDF": 0.7412105287824359,
      "D0": 3.7079593658447267,
      "ATLAS": 2.5340375627790177,
      "CMS": 3.3177696165999744,
      "LHCb": 3.010524272918701,
      "total": 2.488807439804077
    }
  },
  "800": {
    "training_loss": 7984.125,
    "validation_loss": [
      2929.32275390625
    ],
    "validation_chi2s": {
      "DEUTERON": 2.281199896513526,
      "NMC": 3.011895871629902,
      "NUCLEAR": 2.1303955078125,
      "HERACOMB": 2.4808174083435457,
      "DYE886": 1.2931672876531428,
      "CDF": 0.8201850482395717,
      "D0": 3.728702163696289,
      "ATLAS": 2.519124930245536,
      "CMS": 3.3311397893642023,
      "LHCb": 2.812525749206543,
      "total": 2.4774110317230225
    }
  },
  "900": {
    "training_loss": 7948.19970703125,
    "validation_loss": [
      2925.98876953125
    ],
    "validation_chi2s": {
      "DEUTERON": 2.313458646707867,
      "NMC": 2.997274062212776,
      "NUCLEAR": 2.1267578125,
      "HERACOMB": 2.4787713343801063,
      "DYE886": 1.2937301288951526,
      "CDF": 0.8835277557373047,
      "D0": 3.736319732666016,
      "ATLAS": 2.5242855398995534,
      "CMS": 3.3217259848990093,
      "LHCb": 2.617734670639038,
      "total": 2.475921392440796
    }
  },
  "1000": {
    "training_loss": 7920.8359375,
    "validation_loss": [
      2929.8857421875
    ],
    "validation_chi2s": {
      "DEUTERON": 2.3523052462297884,
      "NMC": 2.98719129375383,
      "NUCLEAR": 2.128165283203125,
      "HERACOMB": 2.478414697584763,
      "DYE886": 1.2883628498424182,
      "CDF": 0.9284958158220563,
      "D0": 3.735454559326172,
      "ATLAS": 2.5339406040736607,
      "CMS": 3.3114227046811484,
      "LHCb": 2.5078179836273193,
      "total": 2.4798548221588135
    }
  },
  "1100": {
    "training_loss": 7901.99951171875,
    "validation_loss": [
      2931.59716796875
    ],
    "validation_chi2s": {
      "DEUTERON": 2.3698250689909828,
      "NMC": 2.9793413947610294,
      "NUCLEAR": 2.129822265625,
      "HERACOMB": 2.4785906224468954,
      "DYE886": 1.2795021750710227,
      "CDF": 0.9662375450134277,
      "D0": 3.7280868530273437,
      "ATLAS": 2.5429661342075893,
      "CMS": 3.302111617917937,
      "LHCb": 2.4431815147399902,
      "total": 2.4815120697021484
    }
  },
  "1200": {
    "training_loss": 7884.3115234375,
    "validation_loss": [
      2953.346923828125
    ],
    "validation_chi2s": {
      "DEUTERON": 2.480606155015936,
      "NMC": 2.972828285366881,
      "NUCLEAR": 2.133073974609375,
      "HERACOMB": 2.479913050832312,
      "DYE886": 1.2629119699651545,
      "CDF": 0.9948912348066058,
      "D0": 3.7148704528808594,
      "ATLAS": 2.5504432896205356,
      "CMS": 3.3001512977165905,
      "LHCb": 2.389402151107788,
      "total": 2.500375747680664
    }
  },
  "1300": {
    "training_loss": 7871.55224609375,
    "validation_loss": [
      2956.678466796875
    ],
    "validation_chi2s": {
      "DEUTERON": 2.4973704779326025,
      "NMC": 2.9740842931410847,
      "NUCLEAR": 2.134783935546875,
      "HERACOMB": 2.483347375408497,
      "DYE886": 1.255114728754217,
      "CDF": 1.0117312158857072,
      "D0": 3.687890625,
      "ATLAS": 2.5560130092075894,
      "CMS": 3.298597382336128,
      "LHCb": 2.34603214263916,
      "total": 2.503760814666748
    }
  },
  "1400": {
    "training_loss": 7860.4853515625,
    "validation_loss": [
      2972.72509765625
    ],
    "validation_chi2s": {
      "DEUTERON": 2.57628270998523,
      "NMC": 2.9738437428193936,
      "NUCLEAR": 2.136884765625,
      "HERACOMB": 2.4862443512561274,
      "DYE886": 1.2519202665849165,
      "CDF": 1.0229710170200892,
      "D0": 3.6737960815429687,
      "ATLAS": 2.5618603515625,
      "CMS": 3.297324327918572,
      "LHCb": 2.3079514503479004,
      "total": 2.5180141925811768
    }
  },
  "1500": {
    "training_loss": 7846.81494140625,
    "validation_loss": [
      3000.09228515625
    ],
    "validation_chi2s": {
      "DEUTERON": 2.707939793221393,
      "NMC": 2.9702923344630823,
      "NUCLEAR": 2.13558740234375,
      "HERACOMB": 2.488867267284518,
      "DYE886": 1.2280393080277876,
      "CDF": 1.037184170314244,
      "D0": 3.65216178894043,
      "ATLAS": 2.5738650948660715,
      "CMS": 3.29849342408219,
      "LHCb": 2.292006492614746,
      "total": 2.541677951812744
    }
  },
  "1600": {
    "training_loss": 7836.45458984375,
    "validation_loss": [
      3028.31494140625
    ],
    "validation_chi2s": {
      "DEUTERON": 2.848096249708489,
      "NMC": 2.9696116727941178,
      "NUCLEAR": 2.13515869140625,
      "HERACOMB": 2.490995120378881,
      "DYE886": 1.2120929197831587,
      "CDF": 1.051905291421073,
      "D0": 3.6405563354492188,
      "ATLAS": 2.583333565848214,
      "CMS": 3.2960418453061484,
      "LHCb": 2.2656781673431396,
      "total": 2.5661725997924805
    }
  },
  "1700": {
    "training_loss": 7827.41943359375,
    "validation_loss": [
      3063.685546875
    ],
    "validation_chi2s": {
      "DEUTERON": 3.011709032960199,
      "NMC": 2.994420369466146,
      "NUCLEAR": 2.134494140625,
      "HERACOMB": 2.4967844844643587,
      "DYE886": 1.210013823075728,
      "CDF": 1.061582429068429,
      "D0": 3.61162109375,
      "ATLAS": 2.5881898716517857,
      "CMS": 3.2951913228849086,
      "LHCb": 2.2631044387817383,
      "total": 2.596888303756714
    }
  },
  "1800": {
    "training_loss": 7818.61474609375,
    "validation_loss": [
      3112.00634765625
    ],
    "validation_chi2s": {
      "DEUTERON": 3.255479803132774,
      "NMC": 2.990636189778646,
      "NUCLEAR": 2.132023681640625,
      "HERACOMB": 2.497640771803513,
      "DYE886": 1.1924055272882634,
      "CDF": 1.0717406272888184,
      "D0": 3.59830322265625,
      "ATLAS": 2.598662109375,
      "CMS": 3.2914193006065804,
      "LHCb": 2.2467117309570312,
      "total": 2.6383867263793945
    }
  },
  "1900": {
    "training_loss": 7809.05517578125,
    "validation_loss": [
      3254.24365234375
    ],
    "validation_chi2s": {
      "DEUTERON": 3.968124465562811,
      "NMC": 2.9669961368336395,
      "NUCLEAR": 2.130340576171875,
      "HERACOMB": 2.495589511846405,
      "DYE886": 1.1670672676780007,
      "CDF": 1.0816715104239327,
      "D0": 3.6085205078125,
      "ATLAS": 2.6074440220424107,
      "CMS": 3.289600651438643,
      "LHCb": 2.2598989009857178,
      "total": 2.7593185901641846
    }
  },
  "2000": {
    "training_loss": 7802.2216796875,
    "validation_loss": [
      3353.26025390625
    ],
    "validation_chi2s": {
      "DEUTERON": 4.471423704232743,
      "NMC": 2.960887534945619,
      "NUCLEAR": 2.1265908203125,
      "HERACOMB": 2.4937391094132964,
      "DYE886": 1.1595836986194958,
      "CDF": 1.1001999718802316,
      "D0": 3.6143672943115233,
      "ATLAS": 2.6210018484933038,
      "CMS": 3.2794090208968494,
      "LHCb": 2.2259411811828613,
      "total": 2.84377384185791
    }
  },
  "2100": {
    "training_loss": 7796.22216796875,
    "validation_loss": [
      3590.4091796875
    ],
    "validation_chi2s": {
      "DEUTERON": 5.662347442475125,
      "NMC": 2.978929407456342,
      "NUCLEAR": 2.12070361328125,
      "HERACOMB": 2.497335396560968,
      "DYE886": 1.1584522073919123,
      "CDF": 1.0931742531912667,
      "D0": 3.5778274536132812,
      "ATLAS": 2.6183394949776786,
      "CMS": 3.2752611113757624,
      "LHCb": 2.1954102516174316,
      "total": 3.0455851554870605
    }
  },
  "2200": {
    "training_loss": 7808.43115234375,
    "validation_loss": [
      2915.19677734375
    ],
    "validation_chi2s": {
      "DEUTERON": 2.3233522633414956,
      "NMC": 3.040941126206342,
      "NUCLEAR": 2.107046630859375,
      "HERACOMB": 2.5159110274969363,
      "DYE886": 1.4056229157881304,
      "CDF": 1.0573739324297224,
      "D0": 3.6068145751953127,
      "ATLAS": 2.5598081752232145,
      "CMS": 3.2931064512671493,
      "LHCb": 2.0203585624694824,
      "total": 2.47304630279541
    }
  },
  "2300": {
    "training_loss": 7803.22119140625,
    "validation_loss": [
      2895.541748046875
    ],
    "validation_chi2s": {
      "DEUTERON": 2.264798140644434,
      "NMC": 2.971913954790901,
      "NUCLEAR": 2.104158935546875,
      "HERACOMB": 2.5025213902292687,
      "DYE886": 1.370186372236772,
      "CDF": 1.074024064200265,
      "D0": 3.6424530029296873,
      "ATLAS": 2.576331961495536,
      "CMS": 3.2719471008797,
      "LHCb": 2.0367724895477295,
      "total": 2.456392765045166
    }
  },
  "2400": {
    "training_loss": 7798.2255859375,
    "validation_loss": [
      2909.32861328125
    ],
    "validation_chi2s": {
      "DEUTERON": 2.3196406577950093,
      "NMC": 3.0411738975375306,
      "NUCLEAR": 2.103529296875,
      "HERACOMB": 2.5075663647620505,
      "DYE886": 1.3993221629749646,
      "CDF": 1.0748466082981654,
      "D0": 3.5783737182617186,
      "ATLAS": 2.5695124162946428,
      "CMS": 3.2757221004827235,
      "LHCb": 2.0049729347229004,
      "total": 2.468458652496338
    }
  },
  "2500": {
    "training_loss": 7771.9912109375,
    "validation_loss": [
      3887.389404296875
    ],
    "validation_chi2s": {
      "DEUTERON": 7.184682058457711,
      "NMC": 3.002298392501532,
      "NUCLEAR": 2.110622802734375,
      "HERACOMB": 2.491564582375919,
      "DYE886": 1.158865061673251,
      "CDF": 1.0982257979256767,
      "D0": 3.503804397583008,
      "ATLAS": 2.622154715401786,
      "CMS": 3.2538836719543953,
      "LHCb": 2.1250555515289307,
      "total": 3.298759698867798
    }
  },
  "2600": {
    "training_loss": 7768.83544921875,
    "validation_loss": [
      3206.080322265625
    ],
    "validation_chi2s": {
      "DEUTERON": 3.8205687869247513,
      "NMC": 2.982587028952206,
      "NUCLEAR": 2.109181396484375,
      "HERACOMB": 2.482949849047692,
      "DYE886": 1.1734372052279385,
      "CDF": 1.109208583831787,
      "D0": 3.514079284667969,
      "ATLAS": 2.6247262137276786,
      "CMS": 3.24352630367124,
      "LHCb": 2.1100361347198486,
      "total": 2.7201759815216064
    }
  },
  "2700": {
    "training_loss": 7771.67724609375,
    "validation_loss": [
      3045.96533203125
    ],
    "validation_chi2s": {
      "DEUTERON": 3.066041861007463,
      "NMC": 2.9266740387561274,
      "NUCLEAR": 2.10103369140625,
      "HERACOMB": 2.471691854638991,
      "DYE886": 1.187430901960893,
      "CDF": 1.1047522681100028,
      "D0": 3.651337432861328,
      "ATLAS": 2.6316177804129466,
      "CMS": 3.2348883403995172,
      "LHCb": 2.05000638961792,
      "total": 2.5841338634490967
    }
  },
  "2800": {
    "training_loss": 7764.36865234375,
    "validation_loss": [
      3095.200927734375
    ],
    "validation_chi2s": {
      "DEUTERON": 3.2970672151935636,
      "NMC": 3.0210687973920036,
      "NUCLEAR": 2.104047119140625,
      "HERACOMB": 2.4777538823146448,
      "DYE886": 1.2022291530262341,
      "CDF": 1.0464780671255929,
      "D0": 3.473771667480469,
      "ATLAS": 2.610203857421875,
      "CMS": 3.243061344798018,
      "LHCb": 2.0680294036865234,
      "total": 2.6264748573303223
    }
  },
  "2900": {
    "training_loss": 7758.99658203125,
    "validation_loss": [
      2887.196533203125
    ],
    "validation_chi2s": {
      "DEUTERON": 2.2905332650711285,
      "NMC": 3.0439755308861827,
      "NUCLEAR": 2.092833740234375,
      "HERACOMB": 2.4817971622242645,
      "DYE886": 1.4086716391823508,
      "CDF": 1.0139990534101213,
      "D0": 3.552266311645508,
      "ATLAS": 2.5724687848772323,
      "CMS": 3.245777161140752,
      "LHCb": 1.9654680490493774,
      "total": 2.450464963912964
    }
  },
  "3000": {
    "training_loss": 7738.43994140625,
    "validation_loss": [
      2908.83349609375
    ],
    "validation_chi2s": {
      "DEUTERON": 2.350111472665967,
      "NMC": 3.134418861538756,
      "NUCLEAR": 2.086023193359375,
      "HERACOMB": 2.5012797436683005,
      "DYE886": 1.4219068180431018,
      "CDF": 0.9665681294032505,
      "D0": 3.5683818817138673,
      "ATLAS": 2.5612747628348216,
      "CMS": 3.2721220187055384,
      "LHCb": 1.9593651294708252,
      "total": 2.4692020416259766
    }
  },
  "3100": {
    "training_loss": 7741.60595703125,
    "validation_loss": [
      2887.730712890625
    ],
    "validation_chi2s": {
      "DEUTERON": 2.2881412031638684,
      "NMC": 3.1064225739123774,
      "NUCLEAR": 2.0872626953125,
      "HERACOMB": 2.485288333269506,
      "DYE886": 1.3903457468206233,
      "CDF": 0.9796427999223981,
      "D0": 3.5382568359375,
      "ATLAS": 2.573310721261161,
      "CMS": 3.2426383165809196,
      "LHCb": 1.9591418504714966,
      "total": 2.451446294784546
    }
  },
  "3200": {
    "training_loss": 7723.14990234375,
    "validation_loss": [
      2913.0146484375
    ],
    "validation_chi2s": {
      "DEUTERON": 2.360850927248523,
      "NMC": 3.1972153607536766,
      "NUCLEAR": 2.08239599609375,
      "HERACOMB": 2.5009149289598653,
      "DYE886": 1.4486196691339666,
      "CDF": 0.9414703505379813,
      "D0": 3.5671714782714843,
      "ATLAS": 2.5725674874441964,
      "CMS": 3.260657333746189,
      "LHCb": 1.9406731128692627,
      "total": 2.4732043743133545
    }
  },
  "3300": {
    "training_loss": 7725.17578125,
    "validation_loss": [
      2886.90771484375
    ],
    "validation_chi2s": {
      "DEUTERON": 2.295389355711676,
      "NMC": 3.1198012408088234,
      "NUCLEAR": 2.083298828125,
      "HERACOMB": 2.4848640790951797,
      "DYE886": 1.385963266546076,
      "CDF": 0.9381531987871442,
      "D0": 3.5590583801269533,
      "ATLAS": 2.5670342145647322,
      "CMS": 3.2400676448170733,
      "LHCb": 1.9599894285202026,
      "total": 2.4509806632995605
    }
  },
  "3400": {
    "training_loss": 7717.98388671875,
    "validation_loss": [
      2874.231201171875
    ],
    "validation_chi2s": {
      "DEUTERON": 2.2403502203338777,
      "NMC": 3.045245002297794,
      "NUCLEAR": 2.0876923828125,
      "HERACOMB": 2.47943115234375,
      "DYE886": 1.3512994592840022,
      "CDF": 0.9484786987304688,
      "D0": 3.573126220703125,
      "ATLAS": 2.590098876953125,
      "CMS": 3.226523298558181,
      "LHCb": 1.984802007675171,
      "total": 2.4400930404663086
    }
  },
  "3500": {
    "training_loss": 7725.3642578125,
    "validation_loss": [
      2878.546875
    ],
    "validation_chi2s": {
      "DEUTERON": 2.268461312820662,
      "NMC": 3.113304287779565,
      "NUCLEAR": 2.088928466796875,
      "HERACOMB": 2.473873163360396,
      "DYE886": 1.341238021850586,
      "CDF": 0.9262440545218331,
      "D0": 3.540888214111328,
      "ATLAS": 2.5793490164620536,
      "CMS": 3.222503662109375,
      "LHCb": 1.9844642877578735,
      "total": 2.4440383911132812
    }
  },
  "3600": {
    "training_loss": 7701.12890625,
    "validation_loss": [
      2895.32861328125
    ],
    "validation_chi2s": {
      "DEUTERON": 2.291526073247046,
      "NMC": 3.2049443862017464,
      "NUCLEAR": 2.090105224609375,
      "HERACOMB": 2.487497167649612,
      "DYE886": 1.4606484499844639,
      "CDF": 0.9140098435538155,
      "D0": 3.6040443420410155,
      "ATLAS": 2.576317661830357,
      "CMS": 3.2338043461001016,
      "LHCb": 1.9619927406311035,
      "total": 2.458554983139038
    }
  },
  "3700": {
    "training_loss": 7695.11328125,
    "validation_loss": [
      2884.760986328125
    ],
    "validation_chi2s": {
      "DEUTERON": 2.2522273277168843,
      "NMC": 3.1708074831495097,
      "NUCLEAR": 2.08841259765625,
      "HERACOMB": 2.4918374454273895,
      "DYE886": 1.4388191049749202,
      "CDF": 0.9120116233825684,
      "D0": 3.620556640625,
      "ATLAS": 2.5672335379464286,
      "CMS": 3.2343345580062244,
      "LHCb": 1.9689861536026,
      "total": 2.449748992919922
    }
  },
  "3800": {
    "training_loss": 7735.39892578125,
    "validation_loss": [
      2891.423095703125
    ],
    "validation_chi2s": {
      "DEUTERON": 2.315573772980799,
      "NMC": 3.137341667624081,
      "NUCLEAR": 2.10205908203125,
      "HERACOMB": 2.472039914598652,
      "DYE886": 1.3092858574607156,
      "CDF": 0.9197808674403599,
      "D0": 3.4947681427001953,
      "ATLAS": 2.5953806849888394,
      "CMS": 3.201994112836636,
      "LHCb": 2.006748914718628,
      "total": 2.455256462097168
    }
  },
  "3900": {
    "training_loss": 7691.02490234375,
    "validation_loss": [
      2891.2958984375
    ],
    "validation_chi2s": {
      "DEUTERON": 2.2888798500174907,
      "NMC": 3.1855414895450367,
      "NUCLEAR": 2.0943935546875,
      "HERACOMB": 2.4858683667151755,
      "DYE886": 1.480748089877042,
      "CDF": 0.9246807779584613,
      "D0": 3.6299507141113283,
      "ATLAS": 2.5672647530691965,
      "CMS": 3.2220776565675813,
      "LHCb": 1.943253755569458,
      "total": 2.4553282260894775
    }
  },
  "4000": {
    "training_loss": 7701.76123046875,
    "validation_loss": [
      3029.298583984375
    ],
    "validation_chi2s": {
      "DEUTERON": 2.977377820370802,
      "NMC": 3.228178435680913,
      "NUCLEAR": 2.100016845703125,
      "HERACOMB": 2.4866291120940565,
      "DYE886": 1.268800215287642,
      "CDF": 0.9378942762102399,
      "D0": 3.5146648406982424,
      "ATLAS": 2.5847103445870534,
      "CMS": 3.218489732199568,
      "LHCb": 1.9128226041793823,
      "total": 2.5726735591888428
    }
  },
  "4100": {
    "training_loss": 7704.2666015625,
    "validation_loss": [
      2887.035400390625
    ],
    "validation_chi2s": {
      "DEUTERON": 2.282777700851213,
      "NMC": 3.178361780503217,
      "NUCLEAR": 2.098526611328125,
      "HERACOMB": 2.47700510461346,
      "DYE886": 1.3409361405806108,
      "CDF": 0.9326757703508649,
      "D0": 3.5471527099609377,
      "ATLAS": 2.584809744698661,
      "CMS": 3.2112186090732977,
      "LHCb": 1.9912744760513306,
      "total": 2.452058792114258
    }
  },
  "4200": {
    "training_loss": 7686.7177734375,
    "validation_loss": [
      2880.828125
    ],
    "validation_chi2s": {
      "DEUTERON": 2.236075481965174,
      "NMC": 3.189303529028799,
      "NUCLEAR": 2.104815673828125,
      "HERACOMB": 2.482442818435968,
      "DYE886": 1.4115699421275745,
      "CDF": 0.9266602652413505,
      "D0": 3.568419647216797,
      "ATLAS": 2.573638218470982,
      "CMS": 3.2045384848990093,
      "LHCb": 2.0048515796661377,
      "total": 2.446782112121582
    }
  },
  "4300": {
    "training_loss": 7676.001953125,
    "validation_loss": [
      2891.7626953125
    ],
    "validation_chi2s": {
      "DEUTERON": 2.2738609503750777,
      "NMC": 3.232619640873928,
      "NUCLEAR": 2.100758544921875,
      "HERACOMB": 2.4884075089996935,
      "DYE886": 1.4243491779674182,
      "CDF": 0.9283792631966727,
      "D0": 3.6187789916992186,
      "ATLAS": 2.5623343331473216,
      "CMS": 3.2286545668191056,
      "LHCb": 1.9684735536575317,
      "total": 2.4563283920288086
    }
  },
  "4400": {
    "training_loss": 7675.0537109375,
    "validation_loss": [
      3259.560791015625
    ],
    "validation_chi2s": {
      "DEUTERON": 4.107789300567475,
      "NMC": 3.201486924115349,
      "NUCLEAR": 2.11807958984375,
      "HERACOMB": 2.4766011954912175,
      "DYE886": 1.2426794225519353,
      "CDF": 0.9157120159694127,
      "D0": 3.3751094818115233,
      "ATLAS": 2.6035935756138393,
      "CMS": 3.207714049796748,
      "LHCb": 2.0191874504089355,
      "total": 2.7685580253601074
    }
  },
  "4500": {
    "training_loss": 7663.40234375,
    "validation_loss": [
      3515.7109375
    ],
    "validation_chi2s": {
      "DEUTERON": 5.375749426694652,
      "NMC": 3.164722816616881,
      "NUCLEAR": 2.1232734375,
      "HERACOMB": 2.473776225171058,
      "DYE886": 1.2265443801879883,
      "CDF": 0.9184721537998745,
      "D0": 3.3451934814453126,
      "ATLAS": 2.604391043526786,
      "CMS": 3.2127042940961634,
      "LHCb": 2.10123348236084,
      "total": 2.986198902130127
    }
  },
  "4600": {
    "training_loss": 7658.3232421875,
    "validation_loss": [
      2903.6142578125
    ],
    "validation_chi2s": {
      "DEUTERON": 2.3003272820467973,
      "NMC": 3.2776800417432597,
      "NUCLEAR": 2.105746337890625,
      "HERACOMB": 2.497594895705678,
      "DYE886": 1.4673682126131924,
      "CDF": 0.9195709228515625,
      "D0": 3.655619430541992,
      "ATLAS": 2.5602284458705356,
      "CMS": 3.227251750666921,
      "LHCb": 1.9631433486938477,
      "total": 2.4667084217071533
    }
  },
  "4700": {
    "training_loss": 7652.21044921875,
    "validation_loss": [
      3532.0458984375
    ],
    "validation_chi2s": {
      "DEUTERON": 5.461074753187189,
      "NMC": 3.121508430032169,
      "NUCLEAR": 2.132054443359375,
      "HERACOMB": 2.4727643580218546,
      "DYE886": 1.2285269823941318,
      "CDF": 0.9550742421831403,
      "D0": 3.3360275268554687,
      "ATLAS": 2.6119060407366073,
      "CMS": 3.211356310340447,
      "LHCb": 2.039290189743042,
      "total": 2.9999687671661377
    }
  },
  "4800": {
    "training_loss": 7653.64892578125,
    "validation_loss": [
      3213.5322265625
    ],
    "validation_chi2s": {
      "DEUTERON": 3.853136660447761,
      "NMC": 3.1869734221813726,
      "NUCLEAR": 2.1299111328125,
      "HERACOMB": 2.4788959976894405,
      "DYE886": 1.2554376775568181,
      "CDF": 0.9028216089521136,
      "D0": 3.322032165527344,
      "ATLAS": 2.5965684291294644,
      "CMS": 3.2153079645420477,
      "LHCb": 2.118788957595825,
      "total": 2.7297191619873047
    }
  },
  "4900": {
    "training_loss": 7648.98681640625,
    "validation_loss": [
      2910.3720703125
    ],
    "validation_chi2s": {
      "DEUTERON": 2.3551034500349814,
      "NMC": 3.232624427945006,
      "NUCLEAR": 2.11720849609375,
      "HERACOMB": 2.4859146417356004,
      "DYE886": 1.4862811348655007,
      "CDF": 0.9202144486563546,
      "D0": 3.6286476135253904,
      "ATLAS": 2.5585072544642857,
      "CMS": 3.2001749674479165,
      "LHCb": 2.0367445945739746,
      "total": 2.4725522994995117
    }
  },
  "5000": {
    "training_loss": 7672.41357421875,
    "validation_loss": [
      2921.48583984375
    ],
    "validation_chi2s": {
      "DEUTERON": 2.3929807748367535,
      "NMC": 3.201710719688266,
      "NUCLEAR": 2.117735595703125,
      "HERACOMB": 2.487197377323325,
      "DYE886": 1.4527432701804421,
      "CDF": 0.8848628997802734,
      "D0": 3.629587936401367,
      "ATLAS": 2.5909115164620538,
      "CMS": 3.2000873844798017,
      "LHCb": 2.0241799354553223,
      "total": 2.481764554977417
    }
  },
  "5100": {
    "training_loss": 7650.1796875,
    "validation_loss": [
      2888.467529296875
    ],
    "validation_chi2s": {
      "DEUTERON": 2.247060747288946,
      "NMC": 3.2034044452742036,
      "NUCLEAR": 2.1186396484375,
      "HERACOMB": 2.489114599290237,
      "DYE886": 1.4519811977039685,
      "CDF": 0.9202661514282227,
      "D0": 3.5965328216552734,
      "ATLAS": 2.5683986118861606,
      "CMS": 3.2056944312118905,
      "LHCb": 1.9964275360107422,
      "total": 2.4540090560913086
    }
  },
  "5200": {
    "training_loss": 7644.619140625,
    "validation_loss": [
      2887.380615234375
    ],
    "validation_chi2s": {
      "DEUTERON": 2.2377146251166047,
      "NMC": 3.213836669921875,
      "NUCLEAR": 2.124608154296875,
      "HERACOMB": 2.479782603145425,
      "DYE886": 1.6366906599564985,
      "CDF": 1.0018174988882882,
      "D0": 3.674026107788086,
      "ATLAS": 2.5642626953125,
      "CMS": 3.1965887798526422,
      "LHCb": 1.9332237243652344,
      "total": 2.453017473220825
    }
  },
  "5300": {
    "training_loss": 7674.64208984375,
    "validation_loss": [
      2942.27880859375
    ],
    "validation_chi2s": {
      "DEUTERON": 2.532287749484997,
      "NMC": 3.184481153301164,
      "NUCLEAR": 2.1269970703125,
      "HERACOMB": 2.491632000293607,
      "DYE886": 1.4146139838478782,
      "CDF": 0.9175348281860352,
      "D0": 3.5802799224853517,
      "ATLAS": 2.5439308384486607,
      "CMS": 3.221713926733994,
      "LHCb": 1.9229607582092285,
      "total": 2.499513626098633
    }
  },
  "5400": {
    "training_loss": 7637.69775390625,
    "validation_loss": [
      2890.561767578125
    ],
    "validation_chi2s": {
      "DEUTERON": 2.259026522660137,
      "NMC": 3.2025424732881436,
      "NUCLEAR": 2.124424072265625,
      "HERACOMB": 2.488378587111928,
      "DYE886": 1.5390077070756392,
      "CDF": 0.9469857897077288,
      "D0": 3.6118137359619142,
      "ATLAS": 2.558634556361607,
      "CMS": 3.194466691676194,
      "LHCb": 1.9758458137512207,
      "total": 2.455782890319824
    }
  },
  "5500": {
    "training_loss": 7635.4052734375,
    "validation_loss": [
      3456.899169921875
    ],
    "validation_chi2s": {
      "DEUTERON": 5.0742263414373445,
      "NMC": 3.159984214633119,
      "NUCLEAR": 2.146428466796875,
      "HERACOMB": 2.477533278122447,
      "DYE886": 1.2865201776677913,
      "CDF": 0.9369752747671944,
      "D0": 3.2945446014404296,
      "ATLAS": 2.5859007045200895,
      "CMS": 3.2043809348005587,
      "LHCb": 2.0645861625671387,
      "total": 2.936582088470459
    }
  },
  "5600": {
    "training_loss": 7655.81640625,
    "validation_loss": [
      2921.4267578125
    ],
    "validation_chi2s": {
      "DEUTERON": 2.434509429172497,
      "NMC": 3.1695700252757355,
      "NUCLEAR": 2.13937255859375,
      "HERACOMB": 2.4791519065308414,
      "DYE886": 1.39344276081432,
      "CDF": 0.9650005613054548,
      "D0": 3.4498451232910154,
      "ATLAS": 2.6149429757254463,
      "CMS": 3.1498048363662345,
      "LHCb": 1.8717281818389893,
      "total": 2.481982707977295
    }
  },
  "5700": {
    "training_loss": 7627.77099609375,
    "validation_loss": [
      3215.39697265625
    ],
    "validation_chi2s": {
      "DEUTERON": 3.8722072620296952,
      "NMC": 3.137640261182598,
      "NUCLEAR": 2.14060205078125,
      "HERACOMB": 2.477988049874898,
      "DYE886": 1.3025332364169033,
      "CDF": 0.8999319076538086,
      "D0": 3.3360054016113283,
      "ATLAS": 2.589454171316964,
      "CMS": 3.2066657833936736,
      "LHCb": 2.1017308235168457,
      "total": 2.7314302921295166
    }
  },
  "5800": {
    "training_loss": 7631.390625,
    "validation_loss": [
      3087.961669921875
    ],
    "validation_chi2s": {
      "DEUTERON": 3.240669819846082,
      "NMC": 3.0808431587967218,
      "NUCLEAR": 2.1468251953125,
      "HERACOMB": 2.4802447549657884,
      "DYE886": 1.3154863010753284,
      "CDF": 0.9401513508387974,
      "D0": 3.470989227294922,
      "ATLAS": 2.6079734584263394,
      "CMS": 3.1930172307704523,
      "LHCb": 1.9574954509735107,
      "total": 2.6220617294311523
    }
  },
  "5900": {
    "training_loss": 7637.30419921875,
    "validation_loss": [
      2982.584228515625
    ],
    "validation_chi2s": {
      "DEUTERON": 2.7112044149370336,
      "NMC": 3.1940855138442097,
      "NUCLEAR": 2.135002197265625,
      "HERACOMB": 2.489437726588031,
      "DYE886": 1.347334254871715,
      "CDF": 0.8778878620692662,
      "D0": 3.4293460845947266,
      "ATLAS": 2.5665218680245534,
      "CMS": 3.208064381669207,
      "LHCb": 2.0387110710144043,
      "total": 2.5339179039001465
    }
  },
  "6000": {
    "training_loss": 7635.38232421875,
    "validation_loss": [
      3025.135986328125
    ],
    "validation_chi2s": {
      "DEUTERON": 2.9207399282882465,
      "NMC": 3.1701687083524814,
      "NUCLEAR": 2.142491943359375,
      "HERACOMB": 2.49169961767259,
      "DYE886": 1.354513861916282,
      "CDF": 0.9272421428135463,
      "D0": 3.3530330657958984,
      "ATLAS": 2.600031215122768,
      "CMS": 3.174317398691565,
      "LHCb": 1.9583730697631836,
      "total": 2.5698938369750977
    }
  },
  "6100": {
    "training_loss": 7618.61669921875,
    "validation_loss": [
      2908.556396484375
    ],
    "validation_chi2s": {
      "DEUTERON": 2.372824445885805,
      "NMC": 3.1820585961435355,
      "NUCLEAR": 2.123342529296875,
      "HERACOMB": 2.491707795585682,
      "DYE886": 1.4026907140558416,
      "CDF": 0.9586176191057477,
      "D0": 3.5653850555419924,
      "ATLAS": 2.5608523995535712,
      "CMS": 3.200608664411839,
      "LHCb": 1.8996623754501343,
      "total": 2.470992088317871
    }
  },
  "6200": {
    "training_loss": 7657.126953125,
    "validation_loss": [
      2921.1611328125
    ],
    "validation_chi2s": {
      "DEUTERON": 2.413000913401741,
      "NMC": 3.2172408758425246,
      "NUCLEAR": 2.12698779296875,
      "HERACOMB": 2.5025832232306984,
      "DYE886": 1.3941613977605647,
      "CDF": 1.0047904423304967,
      "D0": 3.5074642181396483,
      "ATLAS": 2.581517857142857,
      "CMS": 3.1797271976626016,
      "LHCb": 1.838100790977478,
      "total": 2.4818191528320312
    }
  },
  "6300": {
    "training_loss": 7629.19970703125,
    "validation_loss": [
      2914.939208984375
    ],
    "validation_chi2s": {
      "DEUTERON": 2.3245251404112253,
      "NMC": 3.2570893530752145,
      "NUCLEAR": 2.133590576171875,
      "HERACOMB": 2.4978462169372957,
      "DYE886": 1.6784147782759233,
      "CDF": 0.9370807920183454,
      "D0": 3.7890090942382812,
      "ATLAS": 2.548443429129464,
      "CMS": 3.215781111058181,
      "LHCb": 1.903070330619812,
      "total": 2.4765262603759766
    }
  },
  "6400": {
    "training_loss": 7635.6796875,
    "validation_loss": [
      3004.21484375
    ],
    "validation_chi2s": {
      "DEUTERON": 2.8235731741682213,
      "NMC": 3.155553181966146,
      "NUCLEAR": 2.13112158203125,
      "HERACOMB": 2.493429146560968,
      "DYE886": 1.3350054134022107,
      "CDF": 0.9483630316598075,
      "D0": 3.4811405181884765,
      "ATLAS": 2.587592599051339,
      "CMS": 3.1943200584349594,
      "LHCb": 1.9770216941833496,
      "total": 2.5522990226745605
    }
  },
  "6500": {
    "training_loss": 7617.84228515625,
    "validation_loss": [
      3974.960693359375
    ],
    "validation_chi2s": {
      "DEUTERON": 7.665545563199627,
      "NMC": 3.113675584980086,
      "NUCLEAR": 2.14655029296875,
      "HERACOMB": 2.482398737489788,
      "DYE886": 1.3102466409856623,
      "CDF": 0.9034528732299805,
      "D0": 3.3459701538085938,
      "ATLAS": 2.6072450474330355,
      "CMS": 3.18920501460874,
      "LHCb": 1.8950657844543457,
      "total": 3.376053810119629
    }
  },
  "6600": {
    "training_loss": 7617.03466796875,
    "validation_loss": [
      2888.172607421875
    ],
    "validation_chi2s": {
      "DEUTERON": 2.2323090662410605,
      "NMC": 3.1663255878523286,
      "NUCLEAR": 2.122488525390625,
      "HERACOMB": 2.501468234592014,
      "DYE886": 1.4966796528209338,
      "CDF": 0.9144714219229562,
      "D0": 3.692365264892578,
      "ATLAS": 2.572261788504464,
      "CMS": 3.187704939183181,
      "LHCb": 1.9806078672409058,
      "total": 2.453791618347168
    }
  },
  "6700": {
    "training_loss": 7648.97509765625,
    "validation_loss": [
      2946.32421875
    ],
    "validation_chi2s": {
      "DEUTERON": 2.5613628026857898,
      "NMC": 3.190405153760723,
      "NUCLEAR": 2.129618408203125,
      "HERACOMB": 2.4945088305504495,
      "DYE886": 1.365251974626021,
      "CDF": 0.9396603448050362,
      "D0": 3.477835464477539,
      "ATLAS": 2.579414585658482,
      "CMS": 3.178630797843623,
      "LHCb": 1.8492262363433838,
      "total": 2.503147602081299
    }
  },
  "6800": {
    "training_loss": 7679.19091796875,
    "validation_loss": [
      2923.695556640625
    ],
    "validation_chi2s": {
      "DEUTERON": 2.4388222765566696,
      "NMC": 3.19976058660769,
      "NUCLEAR": 2.135810546875,
      "HERACOMB": 2.496462155011744,
      "DYE886": 1.4304636174982244,
      "CDF": 0.8913190024239677,
      "D0": 3.4360607147216795,
      "ATLAS": 2.56255859375,
      "CMS": 3.1835113773501016,
      "LHCb": 1.8841766119003296,
      "total": 2.483980178833008
    }
  },
  "6900": {
    "training_loss": 7606.2880859375,
    "validation_loss": [
      3605.099365234375
    ],
    "validation_chi2s": {
      "DEUTERON": 5.771307039023632,
      "NMC": 3.144625794653799,
      "NUCLEAR": 2.149691650390625,
      "HERACOMB": 2.4943121617136437,
      "DYE886": 1.327981948852539,
      "CDF": 0.8562220845903669,
      "D0": 3.3657459259033202,
      "ATLAS": 2.577135009765625,
      "CMS": 3.2154451695884148,
      "LHCb": 2.121861696243286,
      "total": 3.062324285507202
    }
  },
  "7000": {
    "training_loss": 7642.66943359375,
    "validation_loss": [
      2975.420166015625
    ],
    "validation_chi2s": {
      "DEUTERON": 2.6842833561683768,
      "NMC": 3.1832831887637867,
      "NUCLEAR": 2.140662841796875,
      "HERACOMB": 2.4976976182725696,
      "DYE886": 1.3562707034024326,
      "CDF": 0.9842419624328613,
      "D0": 3.401053619384766,
      "ATLAS": 2.598983154296875,
      "CMS": 3.1610789725450967,
      "LHCb": 1.862239122390747,
      "total": 2.527879476547241
    }
  },
  "7100": {
    "training_loss": 7609.15771484375,
    "validation_loss": [
      3072.56103515625
    ],
    "validation_chi2s": {
      "DEUTERON": 3.1354628226057213,
      "NMC": 3.1357774921492036,
      "NUCLEAR": 2.139425537109375,
      "HERACOMB": 2.497994217218137,
      "DYE886": 1.3528451919555664,
      "CDF": 0.8613857541765485,
      "D0": 3.3827980041503904,
      "ATLAS": 2.5898575265066963,
      "CMS": 3.2016326159965702,
      "LHCb": 2.071282148361206,
      "total": 2.610299587249756
    }
  },
  "7200": {
    "training_loss": 7668.94873046875,
    "validation_loss": [
      2950.397705078125
    ],
    "validation_chi2s": {
      "DEUTERON": 2.5555927029889616,
      "NMC": 3.208638808306526,
      "NUCLEAR": 2.1363447265625,
      "HERACOMB": 2.508890388837827,
      "DYE886": 1.4634519056840376,
      "CDF": 0.9044936725071498,
      "D0": 3.549123764038086,
      "ATLAS": 2.5370900181361606,
      "CMS": 3.208869003668064,
      "LHCb": 1.828925371170044,
      "total": 2.506667137145996
    }
  },
  "7300": {
    "training_loss": 7641.79833984375,
    "validation_loss": [
      2927.443603515625
    ],
    "validation_chi2s": {
      "DEUTERON": 2.4196851739835976,
      "NMC": 3.2329643099915746,
      "NUCLEAR": 2.126552001953125,
      "HERACOMB": 2.5089191112642975,
      "DYE886": 1.447680646722967,
      "CDF": 0.8623222623552594,
      "D0": 3.500531768798828,
      "ATLAS": 2.5767107282366073,
      "CMS": 3.191939439230818,
      "LHCb": 1.8862794637680054,
      "total": 2.487161874771118
    }
  },
  "7400": {
    "training_loss": 7758.56396484375,
    "validation_loss": [
      2925.77685546875
    ],
    "validation_chi2s": {
      "DEUTERON": 2.3580970574374223,
      "NMC": 3.204419304342831,
      "NUCLEAR": 2.13189306640625,
      "HERACOMB": 2.525674458422692,
      "DYE886": 1.589947440407493,
      "CDF": 0.9480654852730888,
      "D0": 3.7317005157470704,
      "ATLAS": 2.5981560407366073,
      "CMS": 3.1460030408409554,
      "LHCb": 1.93459951877594,
      "total": 2.4857332706451416
    }
  },
  "7500": {
    "training_loss": 7627.72705078125,
    "validation_loss": [
      3031.705810546875
    ],
    "validation_chi2s": {
      "DEUTERON": 2.979302401566387,
      "NMC": 3.1200848747702206,
      "NUCLEAR": 2.15003515625,
      "HERACOMB": 2.489538454541973,
      "DYE886": 1.3629698319868608,
      "CDF": 0.9971047810145787,
      "D0": 3.416284942626953,
      "ATLAS": 2.598345772879464,
      "CMS": 3.170872385908918,
      "LHCb": 1.8230654001235962,
      "total": 2.5755867958068848
    }
  },
  "7600": {
    "training_loss": 7607.52490234375,
    "validation_loss": [
      3070.427978515625
    ],
    "validation_chi2s": {
      "DEUTERON": 3.127195443680037,
      "NMC": 3.1420700970818016,
      "NUCLEAR": 2.143609375,
      "HERACOMB": 2.4991291519863155,
      "DYE886": 1.3813672499223189,
      "CDF": 0.8408847536359515,
      "D0": 3.402735137939453,
      "ATLAS": 2.584732666015625,
      "CMS": 3.198141950901931,
      "LHCb": 2.0186634063720703,
      "total": 2.6083672046661377
    }
  },
  "7700": {
    "training_loss": 7616.3759765625,
    "validation_loss": [
      2981.71240234375
    ],
    "validation_chi2s": {
      "DEUTERON": 2.715922948732898,
      "NMC": 3.1278130026424633,
      "NUCLEAR": 2.123226806640625,
      "HERACOMB": 2.5048602733736725,
      "DYE886": 1.383082303133878,
      "CDF": 0.9270846503121513,
      "D0": 3.5586593627929686,
      "ATLAS": 2.5795828683035715,
      "CMS": 3.1976635940675813,
      "LHCb": 1.9277184009552002,
      "total": 2.533257007598877
    }
  },
  "7800": {
    "training_loss": 7628.3388671875,
    "validation_loss": [
      2900.133544921875
    ],
    "validation_chi2s": {
      "DEUTERON": 2.299187655472637,
      "NMC": 3.172282200233609,
      "NUCLEAR": 2.13039208984375,
      "HERACOMB": 2.5025096220128678,
      "DYE886": 1.58802639354359,
      "CDF": 0.934938771384103,
      "D0": 3.6718902587890625,
      "ATLAS": 2.5615260532924107,
      "CMS": 3.181125547827744,
      "LHCb": 1.8764184713363647,
      "total": 2.463959217071533
    }
  },
  "7900": {
    "training_loss": 7614.39013671875,
    "validation_loss": [
      2952.46630859375
    ],
    "validation_chi2s": {
      "DEUTERON": 2.546264800266247,
      "NMC": 3.1456062466490504,
      "NUCLEAR": 2.134373046875,
      "HERACOMB": 2.502389945235907,
      "DYE886": 1.400520844893022,
      "CDF": 0.869574751172747,
      "D0": 3.392639923095703,
      "ATLAS": 2.5984237234933034,
      "CMS": 3.187189117679751,
      "LHCb": 1.9781296253204346,
      "total": 2.5084307193756104
    }
  },
  "8000": {
    "training_loss": 7647.20703125,
    "validation_loss": [
      2948.36669921875
    ],
    "validation_chi2s": {
      "DEUTERON": 2.497026889478389,
      "NMC": 3.208788703469669,
      "NUCLEAR": 2.12914697265625,
      "HERACOMB": 2.522079966426675,
      "DYE886": 1.4521683779629795,
      "CDF": 0.8470954895019531,
      "D0": 3.6140777587890627,
      "ATLAS": 2.5487916782924107,
      "CMS": 3.217886079617632,
      "LHCb": 1.9649989604949951,
      "total": 2.5049538612365723
    }
  },
  "8100": {
    "training_loss": 7612.6875,
    "validation_loss": [
      2916.41748046875
    ],
    "validation_chi2s": {
      "DEUTERON": 2.3528785515780473,
      "NMC": 3.204690372242647,
      "NUCLEAR": 2.13504052734375,
      "HERACOMB": 2.50904816272212,
      "DYE886": 1.656437093561346,
      "CDF": 0.9102446692330497,
      "D0": 3.7210342407226564,
      "ATLAS": 2.5291859654017856,
      "CMS": 3.2029222938103405,
      "LHCb": 1.9336811304092407,
      "total": 2.477795124053955
    }
  },
  "8200": {
    "training_loss": 7666.583984375,
    "validation_loss": [
      2915.946533203125
    ],
    "validation_chi2s": {
      "DEUTERON": 2.338025297098492,
      "NMC": 3.2035600250842524,
      "NUCLEAR": 2.12449658203125,
      "HERACOMB": 2.5156599057266136,
      "DYE886": 1.4363561977039685,
      "CDF": 0.7704740251813617,
      "D0": 3.582843780517578,
      "ATLAS": 2.554333670479911,
      "CMS": 3.2334626980913366,
      "LHCb": 2.0039713382720947,
      "total": 2.477411985397339
    }
  },
  "8300": {
    "training_loss": 7631.75634765625,
    "validation_loss": [
      2916.799072265625
    ],
    "validation_chi2s": {
      "DEUTERON": 2.3352501712628264,
      "NMC": 3.219511443493413,
      "NUCLEAR": 2.115081298828125,
      "HERACOMB": 2.528287201925041,
      "DYE886": 1.5162532112815164,
      "CDF": 0.8234143257141113,
      "D0": 3.748538589477539,
      "ATLAS": 2.5458023507254466,
      "CMS": 3.225755148786839,
      "LHCb": 1.933599591255188,
      "total": 2.4781410694122314
    }
  },
  "8400": {
    "training_loss": 7612.19189453125,
    "validation_loss": [
      3149.89794921875
    ],
    "validation_chi2s": {
      "DEUTERON": 3.557022018812189,
      "NMC": 3.1423812567018996,
      "NUCLEAR": 2.130803466796875,
      "HERACOMB": 2.5026446573095384,
      "DYE886": 1.3645346381447532,
      "CDF": 0.9154947144644601,
      "D0": 3.4909137725830077,
      "ATLAS": 2.5804835728236606,
      "CMS": 3.1892347878556913,
      "LHCb": 1.8995006084442139,
      "total": 2.676053524017334
    }
  },
  "8500": {
    "training_loss": 7626.2548828125,
    "validation_loss": [
      2898.9873046875
    ],
    "validation_chi2s": {
      "DEUTERON": 2.2723338568388525,
      "NMC": 3.1749629600375306,
      "NUCLEAR": 2.12656005859375,
      "HERACOMB": 2.5117863673789826,
      "DYE886": 1.568604209206321,
      "CDF": 0.8048570496695382,
      "D0": 3.6678905487060547,
      "ATLAS": 2.5557146344866073,
      "CMS": 3.204273503001143,
      "LHCb": 1.932937502861023,
      "total": 2.463008403778076
    }
  },
  "8600": {
    "training_loss": 7671.29638671875,
    "validation_loss": [
      2980.0673828125
    ],
    "validation_chi2s": {
      "DEUTERON": 2.715170789120802,
      "NMC": 3.203335032743566,
      "NUCLEAR": 2.1258974609375,
      "HERACOMB": 2.5083731857000613,
      "DYE886": 1.4519166946411133,
      "CDF": 0.8803406442914691,
      "D0": 3.613616943359375,
      "ATLAS": 2.5431534249441965,
      "CMS": 3.2039259003429876,
      "LHCb": 1.8273577690124512,
      "total": 2.5318663120269775
    }
  },
  "8700": {
    "training_loss": 7617.07666015625,
    "validation_loss": [
      2929.40283203125
    ],
    "validation_chi2s": {
      "DEUTERON": 2.3992537313432836,
      "NMC": 3.2528363396139706,
      "NUCLEAR": 2.122933349609375,
      "HERACOMB": 2.5374029820261437,
      "DYE886": 1.5177100788463245,
      "CDF": 0.8641377857753209,
      "D0": 3.639264678955078,
      "ATLAS": 2.535508510044643,
      "CMS": 3.2218940548780486,
      "LHCb": 1.818793773651123,
      "total": 2.4888386726379395
    }
  },
  "8800": {
    "training_loss": 7606.9658203125,
    "validation_loss": [
      2956.816650390625
    ],
    "validation_chi2s": {
      "DEUTERON": 2.56309668697528,
      "NMC": 3.0924915986902572,
      "NUCLEAR": 2.13782568359375,
      "HERACOMB": 2.5080678104575163,
      "DYE886": 1.391078775579279,
      "CDF": 0.8316232817513602,
      "D0": 3.4025733947753904,
      "ATLAS": 2.57710205078125,
      "CMS": 3.209881542174797,
      "LHCb": 2.049750328063965,
      "total": 2.5120441913604736
    }
  },
  "8900": {
    "training_loss": 7643.81005859375,
    "validation_loss": [
      2923.756103515625
    ],
    "validation_chi2s": {
      "DEUTERON": 2.3894258565570583,
      "NMC": 3.201130287320006,
      "NUCLEAR": 2.137197265625,
      "HERACOMB": 2.523671867021548,
      "DYE886": 1.495108344338157,
      "CDF": 0.7897342954363141,
      "D0": 3.553791046142578,
      "ATLAS": 2.5636263602120537,
      "CMS": 3.1738487181624744,
      "LHCb": 1.8968908786773682,
      "total": 2.4840712547302246
    }
  },
  "9000": {
    "training_loss": 7608.62890625,
    "validation_loss": [
      3033.078125
    ],
    "validation_chi2s": {
      "DEUTERON": 2.914497944846082,
      "NMC": 3.2168887269263173,
      "NUCLEAR": 2.12232763671875,
      "HERACOMB": 2.526315128102022,
      "DYE886": 1.4473922902887517,
      "CDF": 0.7781973566327777,
      "D0": 3.6947311401367187,
      "ATLAS": 2.533845389229911,
      "CMS": 3.2452491822281506,
      "LHCb": 1.9604116678237915,
      "total": 2.576948642730713
    }
  },
  "9100": {
    "training_loss": 7616.6474609375,
    "validation_loss": [
      3019.828369140625
    ],
    "validation_chi2s": {
      "DEUTERON": 2.8907422117925994,
      "NMC": 3.0942496505438113,
      "NUCLEAR": 2.13448828125,
      "HERACOMB": 2.5051712335324754,
      "DYE886": 1.4149437817660244,
      "CDF": 0.8334779058183942,
      "D0": 3.3595954895019533,
      "ATLAS": 2.611660853794643,
      "CMS": 3.1778013648056405,
      "LHCb": 1.9456979036331177,
      "total": 2.565660238265991
    }
  },
  "9200": {
    "training_loss": 7607.46484375,
    "validation_loss": [
      3249.883056640625
    ],
    "validation_chi2s": {
      "DEUTERON": 4.067379775925062,
      "NMC": 3.0919351016773895,
      "NUCLEAR": 2.13459130859375,
      "HERACOMB": 2.4912043552772674,
      "DYE886": 1.389387304132635,
      "CDF": 0.8159284591674805,
      "D0": 3.4153491973876955,
      "ATLAS": 2.5696768624441964,
      "CMS": 3.2112965157361533,
      "LHCb": 1.9748231172561646,
      "total": 2.7608301639556885
    }
  },
  "9300": {
    "training_loss": 7920.58447265625,
    "validation_loss": [
      2915.67626953125
    ],
    "validation_chi2s": {
      "DEUTERON": 2.344615423857276,
      "NMC": 3.205133176317402,
      "NUCLEAR": 2.12709521484375,
      "HERACOMB": 2.5063949285768996,
      "DYE886": 1.6544159975918857,
      "CDF": 0.8141912732805524,
      "D0": 3.7101776123046877,
      "ATLAS": 2.560380336216518,
      "CMS": 3.2042841717479673,
      "LHCb": 1.9006587266921997,
      "total": 2.4772074222564697
    }
  },
  "9400": {
    "training_loss": 7662.8251953125,
    "validation_loss": [
      2941.66064453125
    ],
    "validation_chi2s": {
      "DEUTERON": 2.4720963055814678,
      "NMC": 3.1578910678040746,
      "NUCLEAR": 2.1478984375,
      "HERACOMB": 2.514322717205372,
      "DYE886": 1.4684505462646484,
      "CDF": 0.8572842734200614,
      "D0": 3.5111560821533203,
      "ATLAS": 2.5515766252790177,
      "CMS": 3.19891754398501,
      "LHCb": 1.9973430633544922,
      "total": 2.4992587566375732
    }
  },
  "9500": {
    "training_loss": 7620.81201171875,
    "validation_loss": [
      2936.01416015625
    ],
    "validation_chi2s": {
      "DEUTERON": 2.4490045196381374,
      "NMC": 3.2038741766237746,
      "NUCLEAR": 2.1201875,
      "HERACOMB": 2.5161994485294117,
      "DYE886": 1.528030048717152,
      "CDF": 0.9074666159493583,
      "D0": 3.7880279541015627,
      "ATLAS": 2.5418247767857145,
      "CMS": 3.1949055989583335,
      "LHCb": 2.0225274562835693,
      "total": 2.4944894313812256
    }
  },
  "9600": {
    "training_loss": 7624.95556640625,
    "validation_loss": [
      3366.078857421875
    ],
    "validation_chi2s": {
      "DEUTERON": 4.666387909087375,
      "NMC": 3.103092268401501,
      "NUCLEAR": 2.124158447265625,
      "HERACOMB": 2.4952681797002656,
      "DYE886": 1.3546297766945579,
      "CDF": 0.8933411325727191,
      "D0": 3.404328155517578,
      "ATLAS": 2.576104038783482,
      "CMS": 3.1990058712842986,
      "LHCb": 1.896204948425293,
      "total": 2.859699249267578
    }
  },
  "9700": {
    "training_loss": 7639.7275390625,
    "validation_loss": [
      2962.50927734375
    ],
    "validation_chi2s": {
      "DEUTERON": 2.6640038941037,
      "NMC": 3.128231272977941,
      "NUCLEAR": 2.13772509765625,
      "HERACOMB": 2.499826069750817,
      "DYE886": 1.4923863844438032,
      "CDF": 0.9614039148603167,
      "D0": 3.4047317504882812,
      "ATLAS": 2.532868129185268,
      "CMS": 3.1933343158504828,
      "LHCb": 1.8205558061599731,
      "total": 2.5168070793151855
    }
  },
  "9800": {
    "training_loss": 7613.11328125,
    "validation_loss": [
      3505.488037109375
    ],
    "validation_chi2s": {
      "DEUTERON": 5.335959363339552,
      "NMC": 3.0790791231043197,
      "NUCLEAR": 2.147549072265625,
      "HERACOMB": 2.488665611915339,
      "DYE886": 1.3957175341519443,
      "CDF": 0.8460342543465751,
      "D0": 3.438919448852539,
      "ATLAS": 2.575921630859375,
      "CMS": 3.1880421212049033,
      "LHCb": 1.9760199785232544,
      "total": 2.9780333042144775
    }
  },
  "9900": {
    "training_loss": 7620.005859375,
    "validation_loss": [
      6246.1943359375
    ],
    "validation_chi2s": {
      "DEUTERON": 19.005810789800996,
      "NMC": 3.0796326281977633,
      "NUCLEAR": 2.13623828125,
      "HERACOMB": 2.4924755221098858,
      "DYE886": 1.315613486550071,
      "CDF": 0.9729507310049874,
      "D0": 3.401105499267578,
      "ATLAS": 2.5533616420200893,
      "CMS": 3.2231676055163874,
      "LHCb": 1.830123782157898,
      "total": 5.306375026702881
    }
  },
  "10000": {
    "training_loss": 7695.25439453125,
    "validation_loss": [
      2962.40771484375
    ],
    "validation_chi2s": {
      "DEUTERON": 2.610414115943719,
      "NMC": 3.1320049809474573,
      "NUCLEAR": 2.141805908203125,
      "HERACOMB": 2.5029165230545343,
      "DYE886": 1.453561175953258,
      "CDF": 0.8652006558009556,
      "D0": 3.4848724365234376,
      "ATLAS": 2.541751708984375,
      "CMS": 3.2058363503556913,
      "LHCb": 2.0195863246917725,
      "total": 2.5169107913970947
    }
  },
  "10100": {
    "training_loss": 7668.7431640625,
    "validation_loss": [
      2993.068603515625
    ],
    "validation_chi2s": {
      "DEUTERON": 2.7751346417327425,
      "NMC": 3.128068811753217,
      "NUCLEAR": 2.143882080078125,
      "HERACOMB": 2.500399122051164,
      "DYE886": 1.4125726873224431,
      "CDF": 0.8609763554164341,
      "D0": 3.3433284759521484,
      "ATLAS": 2.547513427734375,
      "CMS": 3.2084144654312756,
      "LHCb": 1.9889652729034424,
      "total": 2.542956829071045
    }
  },
  "10200": {
    "training_loss": 7653.45654296875,
    "validation_loss": [
      2936.837158203125
    ],
    "validation_chi2s": {
      "DEUTERON": 2.485990609695662,
      "NMC": 3.1411503810508576,
      "NUCLEAR": 2.140533447265625,
      "HERACOMB": 2.5137215408624387,
      "DYE886": 1.454581694169478,
      "CDF": 0.8729887008666992,
      "D0": 3.465995025634766,
      "ATLAS": 2.5393497140066965,
      "CMS": 3.201732356373857,
      "LHCb": 1.9266000986099243,
      "total": 2.4951884746551514
    }
  },
  "10300": {
    "training_loss": 7751.37841796875,
    "validation_loss": [
      2902.14892578125
    ],
    "validation_chi2s": {
      "DEUTERON": 2.3151723377740203,
      "NMC": 3.0658425723805145,
      "NUCLEAR": 2.136477294921875,
      "HERACOMB": 2.50076273999183,
      "DYE886": 1.4802644903009587,
      "CDF": 0.968832084110805,
      "D0": 3.6096710205078124,
      "ATLAS": 2.5729251534598214,
      "CMS": 3.1801199564119664,
      "LHCb": 2.0070974826812744,
      "total": 2.465716600418091
    }
  },
  "10400": {
    "training_loss": 7617.22314453125,
    "validation_loss": [
      27179.779296875
    ],
    "validation_chi2s": {
      "DEUTERON": 123.08320701181592,
      "NMC": 3.060342826095282,
      "NUCLEAR": 2.15074267578125,
      "HERACOMB": 2.493907454746221,
      "DYE886": 1.3225766095248135,
      "CDF": 0.962414128439767,
      "D0": 3.2974708557128904,
      "ATLAS": 2.577060546875,
      "CMS": 3.2225111054211126,
      "LHCb": 2.073016881942749,
      "total": 23.09186363220215
    }
  },
  "10500": {
    "training_loss": 7630.353515625,
    "validation_loss": [
      2984.79345703125
    ],
    "validation_chi2s": {
      "DEUTERON": 2.7352036813005287,
      "NMC": 3.0771457447725186,
      "NUCLEAR": 2.153685302734375,
      "HERACOMB": 2.4933330062168095,
      "DYE886": 1.4413462552157315,
      "CDF": 0.9954639162336077,
      "D0": 3.4966896057128904,
      "ATLAS": 2.5594806780133927,
      "CMS": 3.1881110958936736,
      "LHCb": 1.9690163135528564,
      "total": 2.5359318256378174
    }
  },
  "10600": {
    "training_loss": 7642.35302734375,
    "validation_loss": [
      2883.2998046875
    ],
    "validation_chi2s": {
      "DEUTERON": 2.19880957152713,
      "NMC": 3.1120916628370097,
      "NUCLEAR": 2.13452880859375,
      "HERACOMB": 2.5006673974928515,
      "DYE886": 1.6044672185724431,
      "CDF": 0.9160546575273786,
      "D0": 3.691358947753906,
      "ATLAS": 2.5624740164620534,
      "CMS": 3.17349143919906,
      "LHCb": 2.073888063430786,
      "total": 2.449681043624878
    }
  },
  "10700": {
    "training_loss": 7673.52197265625,
    "validation_loss": [
      2894.6171875
    ],
    "validation_chi2s": {
      "DEUTERON": 2.262122614466729,
      "NMC": 3.0868305879480697,
      "NUCLEAR": 2.160556396484375,
      "HERACOMB": 2.509427139182496,
      "DYE886": 1.6031627655029297,
      "CDF": 0.9922436986650739,
      "D0": 3.473910903930664,
      "ATLAS": 2.54765380859375,
      "CMS": 3.186878235359502,
      "LHCb": 1.8655580282211304,
      "total": 2.459317207336426
    }
  },
  "10800": {
    "training_loss": 7635.939453125,
    "validation_loss": [
      2904.768798828125
    ],
    "validation_chi2s": {
      "DEUTERON": 2.2846852772271453,
      "NMC": 3.134278241325827,
      "NUCLEAR": 2.13047265625,
      "HERACOMB": 2.5227483612260007,
      "DYE886": 1.615468978881836,
      "CDF": 0.9670143127441406,
      "D0": 3.571520233154297,
      "ATLAS": 2.5558530970982143,
      "CMS": 3.1871084818025914,
      "LHCb": 1.9938758611679077,
      "total": 2.4679408073425293
    }
  },
  "10900": {
    "training_loss": 7652.8115234375,
    "validation_loss": [
      2924.865478515625
    ],
    "validation_chi2s": {
      "DEUTERON": 2.4193607159514925,
      "NMC": 3.0787141089345895,
      "NUCLEAR": 2.13421630859375,
      "HERACOMB": 2.506805020999285,
      "DYE886": 1.488642605868253,
      "CDF": 1.0637997899736678,
      "D0": 3.39600830078125,
      "ATLAS": 2.564124755859375,
      "CMS": 3.201250774104421,
      "LHCb": 2.007302761077881,
      "total": 2.484969139099121
    }
  },
  "11000": {
    "training_loss": 7686.44775390625,
    "validation_loss": [
      2901.48681640625
    ],
    "validation_chi2s": {
      "DEUTERON": 2.2856914463327893,
      "NMC": 3.069864609662224,
      "NUCLEAR": 2.138412353515625,
      "HERACOMB": 2.494271272148182,
      "DYE886": 1.7322777834805576,
      "CDF": 1.0040536608014787,
      "D0": 3.747249984741211,
      "ATLAS": 2.530120849609375,
      "CMS": 3.2048858394467734,
      "LHCb": 2.1270766258239746,
      "total": 2.4651541709899902
    }
  },
  "11100": {
    "training_loss": 7623.458984375,
    "validation_loss": [
      3321.848388671875
    ],
    "validation_chi2s": {
      "DEUTERON": 4.409649749300373,
      "NMC": 3.122484094956342,
      "NUCLEAR": 2.14378955078125,
      "HERACOMB": 2.501751669092116,
      "DYE886": 1.4292675365101208,
      "CDF": 0.9119543348039899,
      "D0": 3.322755813598633,
      "ATLAS": 2.503188999720982,
      "CMS": 3.2682698567708335,
      "LHCb": 1.985541582107544,
      "total": 2.8221898078918457
    }
  },
  "11200": {
    "training_loss": 7712.44189453125,
    "validation_loss": [
      2898.072509765625
    ],
    "validation_chi2s": {
      "DEUTERON": 2.288387013905084,
      "NMC": 3.092185226141238,
      "NUCLEAR": 2.127941162109375,
      "HERACOMB": 2.51292489245047,
      "DYE886": 1.5665049119429155,
      "CDF": 1.0412816320146834,
      "D0": 3.530076599121094,
      "ATLAS": 2.5413160923549105,
      "CMS": 3.193382201155996,
      "LHCb": 2.0276153087615967,
      "total": 2.4622435569763184
    }
  },
  "11300": {
    "training_loss": 7618.46240234375,
    "validation_loss": [
      2889.51220703125
    ],
    "validation_chi2s": {
      "DEUTERON": 2.258395066901819,
      "NMC": 3.078005323223039,
      "NUCLEAR": 2.143381103515625,
      "HERACOMB": 2.4884172826031454,
      "DYE886": 1.7104096846147017,
      "CDF": 0.9237845284598214,
      "D0": 3.4830013275146485,
      "ATLAS": 2.531527099609375,
      "CMS": 3.2171846715415398,
      "LHCb": 1.976123332977295,
      "total": 2.4546380043029785
    }
  },
  "11400": {
    "training_loss": 7623.6416015625,
    "validation_loss": [
      4135.8955078125
    ],
    "validation_chi2s": {
      "DEUTERON": 8.499605245258085,
      "NMC": 3.0573347503063726,
      "NUCLEAR": 2.138065673828125,
      "HERACOMB": 2.4823197508169934,
      "DYE886": 1.388365918939764,
      "CDF": 0.9291977201189313,
      "D0": 3.2400726318359374,
      "ATLAS": 2.540330810546875,
      "CMS": 3.2419870268038617,
      "LHCb": 2.008838653564453,
      "total": 3.5135979652404785
    }
  },
  "11500": {
    "training_loss": 7664.6884765625,
    "validation_loss": [
      2898.274169921875
    ],
    "validation_chi2s": {
      "DEUTERON": 2.2518974038498913,
      "NMC": 3.13379654229856,
      "NUCLEAR": 2.127182373046875,
      "HERACOMB": 2.5234564488230187,
      "DYE886": 1.6307842948219993,
      "CDF": 1.0218569210597448,
      "D0": 3.4380722045898438,
      "ATLAS": 2.5432123674665177,
      "CMS": 3.214565122030615,
      "LHCb": 1.9993332624435425,
      "total": 2.4624228477478027
    }
  },
  "11600": {
    "training_loss": 7664.78369140625,
    "validation_loss": [
      2995.93310546875
    ],
    "validation_chi2s": {
      "DEUTERON": 2.820072610579913,
      "NMC": 3.076145845301011,
      "NUCLEAR": 2.136674072265625,
      "HERACOMB": 2.488440021190768,
      "DYE886": 1.4980867559259587,
      "CDF": 0.9396352767944336,
      "D0": 3.4727535247802734,
      "ATLAS": 2.547122802734375,
      "CMS": 3.2093840808403202,
      "LHCb": 1.9223527908325195,
      "total": 2.5451385974884033
    }
  },
  "11700": {
    "training_loss": 7629.5234375,
    "validation_loss": [
      2977.8564453125
    ],
    "validation_chi2s": {
      "DEUTERON": 2.680647057680348,
      "NMC": 3.147387934666054,
      "NUCLEAR": 2.1376201171875,
      "HERACOMB": 2.506448384203942,
      "DYE886": 1.4881626475941052,
      "CDF": 0.9754954065595355,
      "D0": 3.392428970336914,
      "ATLAS": 2.535430908203125,
      "CMS": 3.2240384729897102,
      "LHCb": 1.9793473482131958,
      "total": 2.5299861431121826
    }
  },
  "11800": {
    "training_loss": 7622.2001953125,
    "validation_loss": [
      10601.296875
    ],
    "validation_chi2s": {
      "DEUTERON": 40.638465387904226,
      "NMC": 3.0487443512561274,
      "NUCLEAR": 2.151445556640625,
      "HERACOMB": 2.480587828393076,
      "DYE886": 1.3179101943969727,
      "CDF": 0.9745005198887416,
      "D0": 3.3254791259765626,
      "ATLAS": 2.5613321358816963,
      "CMS": 3.236227888401931,
      "LHCb": 1.9943366050720215,
      "total": 9.005875587463379
    }
  },
  "11900": {
    "training_loss": 7702.9814453125,
    "validation_loss": [
      2986.5751953125
    ],
    "validation_chi2s": {
      "DEUTERON": 2.584188432835821,
      "NMC": 3.265624102424173,
      "NUCLEAR": 2.11772998046875,
      "HERACOMB": 2.5200935313904207,
      "DYE886": 1.71906887401234,
      "CDF": 0.9682867867606026,
      "D0": 3.680553436279297,
      "ATLAS": 2.599788818359375,
      "CMS": 3.222120827775661,
      "LHCb": 2.104326009750366,
      "total": 2.537446975708008
    }
  },
  "12000": {
    "training_loss": 7713.2626953125,
    "validation_loss": [
      2925.9033203125
    ],
    "validation_chi2s": {
      "DEUTERON": 2.4302899564676617,
      "NMC": 3.119558296951593,
      "NUCLEAR": 2.131330078125,
      "HERACOMB": 2.491937375536152,
      "DYE886": 1.6680226759477095,
      "CDF": 0.8605498586382184,
      "D0": 3.5133739471435548,
      "ATLAS": 2.542612130301339,
      "CMS": 3.206268310546875,
      "LHCb": 2.0540504455566406,
      "total": 2.4858646392822266
    }
  },
  "12100": {
    "training_loss": 7658.17919921875,
    "validation_loss": [
      3007.06103515625
    ],
    "validation_chi2s": {
      "DEUTERON": 2.8524658810439987,
      "NMC": 3.114302990483303,
      "NUCLEAR": 2.120080322265625,
      "HERACOMB": 2.4920031977634802,
      "DYE886": 1.4157642884687944,
      "CDF": 1.067826407296317,
      "D0": 3.4575523376464843,
      "ATLAS": 2.561136648995536,
      "CMS": 3.1974385579427085,
      "LHCb": 2.1114120483398438,
      "total": 2.554795503616333
    }
  },
  "12200": {
    "training_loss": 7644.6357421875,
    "validation_loss": [
      3018.48876953125
    ],
    "validation_chi2s": {
      "DEUTERON": 2.904216709421642,
      "NMC": 3.1180168600643383,
      "NUCLEAR": 2.12488232421875,
      "HERACOMB": 2.496072607102737,
      "DYE886": 1.4366698698564009,
      "CDF": 1.1440162658691406,
      "D0": 3.4274971008300783,
      "ATLAS": 2.5692796107700895,
      "CMS": 3.1859669258924033,
      "LHCb": 2.040361166000366,
      "total": 2.5645408630371094
    }
  },
  "12300": {
    "training_loss": 7633.43603515625,
    "validation_loss": [
      3567.122314453125
    ],
    "validation_chi2s": {
      "DEUTERON": 5.683581603700249,
      "NMC": 3.086512247721354,
      "NUCLEAR": 2.115391357421875,
      "HERACOMB": 2.4829456603604982,
      "DYE886": 1.3898460214788264,
      "CDF": 1.0243815694536482,
      "D0": 3.431488037109375,
      "ATLAS": 2.5746128627232143,
      "CMS": 3.198359791825457,
      "LHCb": 1.949950933456421,
      "total": 3.0304653644561768
    }
  },
  "12400": {
    "training_loss": 7624.091796875,
    "validation_loss": [
      2923.843505859375
    ],
    "validation_chi2s": {
      "DEUTERON": 2.3800634887088,
      "NMC": 3.1992875641467524,
      "NUCLEAR": 2.12070068359375,
      "HERACOMB": 2.502996706495098,
      "DYE886": 1.7281870408491655,
      "CDF": 0.8733138356889997,
      "D0": 3.58951416015625,
      "ATLAS": 2.551721888950893,
      "CMS": 3.2273068311737805,
      "LHCb": 1.9580174684524536,
      "total": 2.484149217605591
    }
  },
  "12500": {
    "training_loss": 7634.19140625,
    "validation_loss": [
      2933.260498046875
    ],
    "validation_chi2s": {
      "DEUTERON": 2.491248591029229,
      "NMC": 3.093059165804994,
      "NUCLEAR": 2.125142333984375,
      "HERACOMB": 2.4957223530688317,
      "DYE886": 1.5064369548450818,
      "CDF": 1.0515464373997279,
      "D0": 3.326609420776367,
      "ATLAS": 2.5557992117745534,
      "CMS": 3.206937464272104,
      "LHCb": 2.000979423522949,
      "total": 2.491913080215454
    }
  },
  "12600": {
    "training_loss": 7619.4892578125,
    "validation_loss": [
      3204.86474609375
    ],
    "validation_chi2s": {
      "DEUTERON": 3.8564000675334267,
      "NMC": 3.082448024375766,
      "NUCLEAR": 2.121388671875,
      "HERACOMB": 2.4897748161764706,
      "DYE886": 1.428419980135831,
      "CDF": 1.0534288542611259,
      "D0": 3.3849369049072267,
      "ATLAS": 2.5756175013950893,
      "CMS": 3.197298871792429,
      "LHCb": 1.9853529930114746,
      "total": 2.722804069519043
    }
  },
  "12700": {
    "training_loss": 7618.4404296875,
    "validation_loss": [
      3659.552734375
    ],
    "validation_chi2s": {
      "DEUTERON": 6.109597277285448,
      "NMC": 3.1159063601026347,
      "NUCLEAR": 2.11931640625,
      "HERACOMB": 2.497965095869077,
      "DYE886": 1.4196726192127576,
      "CDF": 1.1618164607456751,
      "D0": 3.256363296508789,
      "ATLAS": 2.5979771205357145,
      "CMS": 3.185535213811611,
      "LHCb": 1.866505742073059,
      "total": 3.1089816093444824
    }
  },
  "12800": {
    "training_loss": 7614.85009765625,
    "validation_loss": [
      2934.07373046875
    ],
    "validation_chi2s": {
      "DEUTERON": 2.259102437033582,
      "NMC": 3.2508245729932597,
      "NUCLEAR": 2.127359619140625,
      "HERACOMB": 2.555977815116932,
      "DYE886": 1.9281695972789417,
      "CDF": 0.8920204980032784,
      "D0": 3.794248580932617,
      "ATLAS": 2.5553288922991073,
      "CMS": 3.289474611359883,
      "LHCb": 1.9323359727859497,
      "total": 2.49283766746521
    }
  },
  "12900": {
    "training_loss": 8097.630859375,
    "validation_loss": [
      3028.9501953125
    ],
    "validation_chi2s": {
      "DEUTERON": 2.9664734797691232,
      "NMC": 3.121424955480239,
      "NUCLEAR": 2.1230986328125,
      "HERACOMB": 2.5010635276245914,
      "DYE886": 1.4799466566606,
      "CDF": 1.0091798646109444,
      "D0": 3.4330169677734377,
      "ATLAS": 2.5669180733816965,
      "CMS": 3.1849365234375,
      "LHCb": 1.9524290561676025,
      "total": 2.5734431743621826
    }
  },
  "13000": {
    "training_loss": 7775.4716796875,
    "validation_loss": [
      2908.097412109375
    ],
    "validation_chi2s": {
      "DEUTERON": 2.3205182279520367,
      "NMC": 3.1502368403416052,
      "NUCLEAR": 2.12145263671875,
      "HERACOMB": 2.5081944683798,
      "DYE886": 1.6292086514559658,
      "CDF": 0.9832239151000977,
      "D0": 3.5209095001220705,
      "ATLAS": 2.5852305385044643,
      "CMS": 3.168332231723196,
      "LHCb": 1.9714375734329224,
      "total": 2.470770835876465
    }
  },
  "13100": {
    "training_loss": 7651.9775390625,
    "validation_loss": [
      2916.74951171875
    ],
    "validation_chi2s": {
      "DEUTERON": 2.2425090732859143,
      "NMC": 3.176579793294271,
      "NUCLEAR": 2.138334228515625,
      "HERACOMB": 2.5073040731592116,
      "DYE886": 1.7934757579456677,
      "CDF": 0.8262432643345424,
      "D0": 3.6378105163574217,
      "ATLAS": 2.622062813895089,
      "CMS": 3.224476635940676,
      "LHCb": 2.025129795074463,
      "total": 2.4778780937194824
    }
  },
  "13200": {
    "training_loss": 7967.009765625,
    "validation_loss": [
      2915.76318359375
    ],
    "validation_chi2s": {
      "DEUTERON": 2.3849388616002023,
      "NMC": 3.0476247750076593,
      "NUCLEAR": 2.121199951171875,
      "HERACOMB": 2.501278347439236,
      "DYE886": 1.4779378717595881,
      "CDF": 1.120243685586112,
      "D0": 3.458720397949219,
      "ATLAS": 2.621603306361607,
      "CMS": 3.171875,
      "LHCb": 1.9189298152923584,
      "total": 2.4772839546203613
    }
  },
  "13300": {
    "training_loss": 7614.498046875,
    "validation_loss": [
      3049.133544921875
    ],
    "validation_chi2s": {
      "DEUTERON": 3.0317139886504973,
      "NMC": 3.065978106330423,
      "NUCLEAR": 2.13639892578125,
      "HERACOMB": 2.4964593625536153,
      "DYE886": 1.4467222040349788,
      "CDF": 0.9144318444388253,
      "D0": 3.3952865600585938,
      "ATLAS": 2.611875,
      "CMS": 3.1728540436039125,
      "LHCb": 2.055920124053955,
      "total": 2.5905404090881348
    }
  },
  "13400": {
    "training_loss": 7670.052734375,
    "validation_loss": [
      2888.79052734375
    ],
    "validation_chi2s": {
      "DEUTERON": 2.250908846878887,
      "NMC": 3.0757880117378984,
      "NUCLEAR": 2.12519189453125,
      "HERACOMB": 2.5125311558542687,
      "DYE886": 1.5548397410999646,
      "CDF": 1.0008653232029505,
      "D0": 3.3449981689453123,
      "ATLAS": 2.614771205357143,
      "CMS": 3.158554201203633,
      "LHCb": 1.8313722610473633,
      "total": 2.454361915588379
    }
  },
  "13500": {
    "training_loss": 8126.3232421875,
    "validation_loss": [
      2974.298828125
    ],
    "validation_chi2s": {
      "DEUTERON": 2.6265374178910137,
      "NMC": 3.1681895536534928,
      "NUCLEAR": 2.11882421875,
      "HERACOMB": 2.5226426467396856,
      "DYE886": 1.585282932628285,
      "CDF": 0.9320136478969029,
      "D0": 3.725669097900391,
      "ATLAS": 2.5476034109933035,
      "CMS": 3.217151672859502,
      "LHCb": 1.9673449993133545,
      "total": 2.5270168781280518
    }
  },
  "13600": {
    "training_loss": 7632.0166015625,
    "validation_loss": [
      2928.3359375
    ],
    "validation_chi2s": {
      "DEUTERON": 2.2722908893034828,
      "NMC": 3.154661589977788,
      "NUCLEAR": 2.133220947265625,
      "HERACOMB": 2.5113361832363155,
      "DYE886": 1.7654030539772727,
      "CDF": 0.7474215371268136,
      "D0": 4.02529296875,
      "ATLAS": 2.6749759347098214,
      "CMS": 3.2028518304592226,
      "LHCb": 1.9357123374938965,
      "total": 2.4874515533447266
    }
  },
  "13700": {
    "training_loss": 7600.5693359375,
    "validation_loss": [
      3122.483154296875
    ],
    "validation_chi2s": {
      "DEUTERON": 3.3672424620063746,
      "NMC": 3.1675447950176165,
      "NUCLEAR": 2.1296142578125,
      "HERACOMB": 2.518182093801062,
      "DYE886": 1.4487416527488015,
      "CDF": 0.8022651672363281,
      "D0": 3.4998626708984375,
      "ATLAS": 2.572412806919643,
      "CMS": 3.2118522830125764,
      "LHCb": 1.9814215898513794,
      "total": 2.652888774871826
    }
  }
}