{
  "100": {
    "training_loss": 331.345703125,
    "validation_loss": [
      154.44570922851562
    ],
    "validation_chi2s": {
      "DEUTERON": 3.222800064086914,
      "ATLAS": 2.321245713667436,
      "total": 3.0283472537994385
    }
  },
  "200": {
    "training_loss": 327.5182800292969,
    "validation_loss": [
      127.879150390625
    ],
    "validation_chi2s": {
      "DEUTERON": 2.559062957763672,
      "ATLAS": 2.319693998856978,
      "total": 2.507434368133545
    }
  },
  "300": {
    "training_loss": 312.78680419921875,
    "validation_loss": [
      164.76292419433594
    ],
    "validation_chi2s": {
      "DEUTERON": 3.015696907043457,
      "ATLAS": 4.012276736172763,
      "total": 3.2306456565856934
    }
  }
}