{
  "100": {
    "training_loss": 56111.96875,
    "validation_loss": [
      22889.0078125
    ],
    "validation_chi2s": {
      "DEUTERON": 14.745935848103233,
      "NMC": 12.298055013020834,
      "NUCLEAR": 4.81417919921875,
      "HERACOMB": 17.052988089767158,
      "DYE886": 51.90817538174716,
      "CDF": 9.237549918038505,
      "D0": 9.434096527099609,
      "ATLAS": 17.41666065562855,
      "CMS": 17.642249935963115,
      "LHCb": 22.3399715423584,
      "total": 14.652881622314453
    }
  },
  "200": {
    "training_loss": 38176.8984375,
    "validation_loss": [
      16122.3125
    ],
    "validation_chi2s": {
      "DEUTERON": 9.313321089863184,
      "NMC": 5.494365018956802,
      "NUCLEAR": 6.67847802734375,
      "HERACOMB": 9.518285015829248,
      "DYE886": 96.7682772549716,
      "CDF": 8.31609126499721,
      "D0": 79.61270751953126,
      "ATLAS": 12.372400457208807,
      "CMS": 6.123269002945697,
      "LHCb": 10.257463455200195,
      "total": 11.019938468933105
    }
  },
  "300": {
    "training_loss": 31706.92578125,
    "validation_loss": [
      11642.3076171875
    ],
    "validation_chi2s": {
      "DEUTERON": 7.051552540034204,
      "NMC": 3.3977933397480085,
      "NUCLEAR": 6.16415380859375,
      "HERACOMB": 7.2908592473447715,
      "DYE886": 80.97535289417614,
      "CDF": 5.79548590523856,
      "D0": 120.77198486328125,
      "ATLAS": 9.698665965687145,
      "CMS": 6.890889652439805,
      "LHCb": 11.309122085571289,
      "total": 9.602363586425781
    }
  },
  "400": {
    "training_loss": 25013.1171875,
    "validation_loss": [
      10480.6796875
    ],
    "validation_chi2s": {
      "DEUTERON": 5.5379936256218905,
      "NMC": 3.2348644780177698,
      "NUCLEAR": 5.2327548828125,
      "HERACOMB": 7.059099583843954,
      "DYE886": 71.2456942471591,
      "CDF": 4.79002434866769,
      "D0": 105.8404052734375,
      "ATLAS": 8.528436834161932,
      "CMS": 6.403509421426742,
      "LHCb": 6.550631523132324,
      "total": 8.409159660339355
    }
  },
  "500": {
    "training_loss": 21760.9375,
    "validation_loss": [
      8979.7763671875
    ],
    "validation_chi2s": {
      "DEUTERON": 4.692868360832556,
      "NMC": 3.0048666561351105,
      "NUCLEAR": 4.12811669921875,
      "HERACOMB": 5.67849751391442,
      "DYE886": 66.23781516335227,
      "CDF": 3.313907895769392,
      "D0": 83.4620361328125,
      "ATLAS": 7.086848865855824,
      "CMS": 5.46826672163166,
      "LHCb": 9.196097373962402,
      "total": 7.128209114074707
    }
  },
  "600": {
    "training_loss": 19715.123046875,
    "validation_loss": [
      8248.619140625
    ],
    "validation_chi2s": {
      "DEUTERON": 4.495359506180037,
      "NMC": 2.9387204039330577,
      "NUCLEAR": 4.1337490234375,
      "HERACOMB": 4.769984426062091,
      "DYE886": 61.13618053089488,
      "CDF": 2.9527579716273715,
      "D0": 86.13011474609375,
      "ATLAS": 6.250056873668324,
      "CMS": 4.893591708824283,
      "LHCb": 10.285922050476074,
      "total": 6.626711368560791
    }
  },
  "700": {
    "training_loss": 20219.376953125,
    "validation_loss": [
      7414.01123046875
    ],
    "validation_chi2s": {
      "DEUTERON": 4.782759177744092,
      "NMC": 2.9155964570886947,
      "NUCLEAR": 4.14868212890625,
      "HERACOMB": 4.23996031518076,
      "DYE886": 48.76807750355113,
      "CDF": 2.488217762538365,
      "D0": 76.84454345703125,
      "ATLAS": 5.77903262051669,
      "CMS": 4.760025274558146,
      "LHCb": 9.32015609741211,
      "total": 6.116794586181641
    }
  },
  "800": {
    "training_loss": 8827.50390625,
    "validation_loss": [
      3269.94921875
    ],
    "validation_chi2s": {
      "DEUTERON": 2.194218118392413,
      "NMC": 2.841761271158854,
      "NUCLEAR": 2.799936767578125,
      "HERACOMB": 3.017141504225388,
      "DYE886": 1.5282091660933061,
      "CDF": 1.0119710649762834,
      "D0": 3.965521240234375,
      "ATLAS": 2.7123437361283735,
      "CMS": 2.862001763015497,
      "LHCb": 3.5768752098083496,
      "total": 2.7447354793548584
    }
  },
  "900": {
    "training_loss": 8047.306640625,
    "validation_loss": [
      2981.035400390625
    ],
    "validation_chi2s": {
      "DEUTERON": 1.940818065434546,
      "NMC": 2.587697047813266,
      "NUCLEAR": 2.54141748046875,
      "HERACOMB": 2.906912809883068,
      "DYE886": 2.1576473929665307,
      "CDF": 1.4346658161708288,
      "D0": 3.147356414794922,
      "ATLAS": 2.3734330264004795,
      "CMS": 2.74197512767354,
      "LHCb": 2.506424903869629,
      "total": 2.5219898223876953
    }
  },
  "1000": {
    "training_loss": 7893.46826171875,
    "validation_loss": [
      2906.70068359375
    ],
    "validation_chi2s": {
      "DEUTERON": 1.8521947149020523,
      "NMC": 2.5530204024969363,
      "NUCLEAR": 2.427162353515625,
      "HERACOMB": 2.8826790603936887,
      "DYE886": 2.157738772305575,
      "CDF": 1.4509443555559431,
      "D0": 2.8790760040283203,
      "ATLAS": 2.339862823486328,
      "CMS": 2.7641826692174694,
      "LHCb": 2.222499132156372,
      "total": 2.462165594100952
    }
  },
  "1100": {
    "training_loss": 7846.931640625,
    "validation_loss": [
      2868.99267578125
    ],
    "validation_chi2s": {
      "DEUTERON": 1.7734428140061411,
      "NMC": 2.532034481272978,
      "NUCLEAR": 2.39291259765625,
      "HERACOMB": 2.871818791807087,
      "DYE886": 2.1393130909312856,
      "CDF": 1.4565455572945731,
      "D0": 2.7728858947753907,
      "ATLAS": 2.3411955399946733,
      "CMS": 2.7673119716956966,
      "LHCb": 2.0499887466430664,
      "total": 2.4323298931121826
    }
  },
  "1200": {
    "training_loss": 7831.98193359375,
    "validation_loss": [
      2849.79345703125
    ],
    "validation_chi2s": {
      "DEUTERON": 1.7388598693544,
      "NMC": 2.5065532011144303,
      "NUCLEAR": 2.37659619140625,
      "HERACOMB": 2.8630997402216094,
      "DYE886": 2.0592151988636362,
      "CDF": 1.451845714024135,
      "D0": 2.7649965286254883,
      "ATLAS": 2.3589874614368784,
      "CMS": 2.761148171346696,
      "LHCb": 1.963986873626709,
      "total": 2.4176788330078125
    }
  },
  "1300": {
    "training_loss": 7835.376953125,
    "validation_loss": [
      2844.767822265625
    ],
    "validation_chi2s": {
      "DEUTERON": 1.734165779986785,
      "NMC": 2.484078799977022,
      "NUCLEAR": 2.371958984375,
      "HERACOMB": 2.860277961282169,
      "DYE886": 1.981714595447887,
      "CDF": 1.4552481515066964,
      "D0": 2.7978363037109375,
      "ATLAS": 2.382194692438299,
      "CMS": 2.7563936827612703,
      "LHCb": 1.9100106954574585,
      "total": 2.4145452976226807
    }
  },
  "1400": {
    "training_loss": 7797.99462890625,
    "validation_loss": [
      2840.258544921875
    ],
    "validation_chi2s": {
      "DEUTERON": 1.7375409330301617,
      "NMC": 2.512367098939185,
      "NUCLEAR": 2.37012353515625,
      "HERACOMB": 2.8567341324550655,
      "DYE886": 2.1120336705988105,
      "CDF": 1.4476288386753626,
      "D0": 2.6700922012329102,
      "ATLAS": 2.3479525826194068,
      "CMS": 2.77212149197938,
      "LHCb": 1.8528293371200562,
      "total": 2.4112963676452637
    }
  },
  "1500": {
    "training_loss": 7806.54736328125,
    "validation_loss": [
      2840.7216796875
    ],
    "validation_chi2s": {
      "DEUTERON": 1.7422576448810634,
      "NMC": 2.4899051142673865,
      "NUCLEAR": 2.367163330078125,
      "HERACOMB": 2.856798957375919,
      "DYE886": 2.0039135326038706,
      "CDF": 1.4302102497645788,
      "D0": 2.725960540771484,
      "ATLAS": 2.3740948763760654,
      "CMS": 2.7603924860719773,
      "LHCb": 1.8647022247314453,
      "total": 2.4118831157684326
    }
  },
  "1600": {
    "training_loss": 7794.13818359375,
    "validation_loss": [
      2840.60400390625
    ],
    "validation_chi2s": {
      "DEUTERON": 1.7490917604361007,
      "NMC": 2.495342927820542,
      "NUCLEAR": 2.36652099609375,
      "HERACOMB": 2.856040007148693,
      "DYE886": 2.042409376664595,
      "CDF": 1.4176434108189173,
      "D0": 2.7073976516723635,
      "ATLAS": 2.3607167330655185,
      "CMS": 2.767056324442879,
      "LHCb": 1.8528399467468262,
      "total": 2.41180682182312
    }
  },
  "1700": {
    "training_loss": 7792.50927734375,
    "validation_loss": [
      2841.587890625
    ],
    "validation_chi2s": {
      "DEUTERON": 1.7521946845363028,
      "NMC": 2.4909627577837776,
      "NUCLEAR": 2.365947265625,
      "HERACOMB": 2.8564869999106413,
      "DYE886": 2.0295751745050605,
      "CDF": 1.4055686678205217,
      "D0": 2.720480537414551,
      "ATLAS": 2.364551370794123,
      "CMS": 2.767213665071081,
      "LHCb": 1.856338620185852,
      "total": 2.412625551223755
    }
  },
  "1800": {
    "training_loss": 7787.43896484375,
    "validation_loss": [
      2844.10595703125
    ],
    "validation_chi2s": {
      "DEUTERON": 1.7481879239058613,
      "NMC": 2.4863403918696383,
      "NUCLEAR": 2.36842431640625,
      "HERACOMB": 2.8615315755208335,
      "DYE886": 2.0668669613924893,
      "CDF": 1.4047183990478516,
      "D0": 2.7030853271484374,
      "ATLAS": 2.368359825827859,
      "CMS": 2.77163571217021,
      "LHCb": 1.8388972282409668,
      "total": 2.4146766662597656
    }
  },
  "1900": {
    "training_loss": 7778.4052734375,
    "validation_loss": [
      2843.137939453125
    ],
    "validation_chi2s": {
      "DEUTERON": 1.776109230459033,
      "NMC": 2.503644008262485,
      "NUCLEAR": 2.365607666015625,
      "HERACOMB": 2.853817210477941,
      "DYE886": 2.049803993918679,
      "CDF": 1.3658520834786552,
      "D0": 2.7069639205932616,
      "ATLAS": 2.3539527546275747,
      "CMS": 2.770286935274718,
      "LHCb": 1.8129119873046875,
      "total": 2.4140729904174805
    }
  },
  "2000": {
    "training_loss": 7776.21484375,
    "validation_loss": [
      2843.9140625
    ],
    "validation_chi2s": {
      "DEUTERON": 1.7818356034767568,
      "NMC": 2.5024029600854014,
      "NUCLEAR": 2.36582177734375,
      "HERACOMB": 2.8534063202103757,
      "DYE886": 2.045378945090554,
      "CDF": 1.3497604642595564,
      "D0": 2.7113105773925783,
      "ATLAS": 2.3554564389315518,
      "CMS": 2.771265999215548,
      "LHCb": 1.7996869087219238,
      "total": 2.4147613048553467
    }
  },
  "2100": {
    "training_loss": 7773.85302734375,
    "validation_loss": [
      2845.7421875
    ],
    "validation_chi2s": {
      "DEUTERON": 1.7667852752837376,
      "NMC": 2.494100234087776,
      "NUCLEAR": 2.366023681640625,
      "HERACOMB": 2.864062539892259,
      "DYE886": 2.081382057883523,
      "CDF": 1.3512272153581892,
      "D0": 2.708721733093262,
      "ATLAS": 2.35671650279652,
      "CMS": 2.7757418272925203,
      "LHCb": 1.7915475368499756,
      "total": 2.4157352447509766
    }
  },
  "2200": {
    "training_loss": 7769.92236328125,
    "validation_loss": [
      2844.3173828125
    ],
    "validation_chi2s": {
      "DEUTERON": 1.7978230186955846,
      "NMC": 2.5112472234987746,
      "NUCLEAR": 2.360469482421875,
      "HERACOMB": 2.849277471405229,
      "DYE886": 2.0466046766801314,
      "CDF": 1.3244075775146484,
      "D0": 2.7085149765014647,
      "ATLAS": 2.342715696855025,
      "CMS": 2.783294927878458,
      "LHCb": 1.8071575164794922,
      "total": 2.415057420730591
    }
  },
  "2300": {
    "training_loss": 7771.65869140625,
    "validation_loss": [
      2841.481201171875
    ],
    "validation_chi2s": {
      "DEUTERON": 1.7930314552724658,
      "NMC": 2.5058128506529567,
      "NUCLEAR": 2.36020703125,
      "HERACOMB": 2.846587735843035,
      "DYE886": 2.0740380720658735,
      "CDF": 1.3162990297589983,
      "D0": 2.7020687103271483,
      "ATLAS": 2.338068355213512,
      "CMS": 2.781615960793417,
      "LHCb": 1.7998265027999878,
      "total": 2.412590265274048
    }
  },
  "2400": {
    "training_loss": 7768.0029296875,
    "validation_loss": [
      2844.13330078125
    ],
    "validation_chi2s": {
      "DEUTERON": 1.7746829512107432,
      "NMC": 2.4965325149835325,
      "NUCLEAR": 2.360567138671875,
      "HERACOMB": 2.8605510237949345,
      "DYE886": 2.079753875732422,
      "CDF": 1.3133360998971122,
      "D0": 2.687718391418457,
      "ATLAS": 2.3508824435147373,
      "CMS": 2.785362118580302,
      "LHCb": 1.7941871881484985,
      "total": 2.4148800373077393
    }
  },
  "2500": {
    "training_loss": 7770.349609375,
    "validation_loss": [
      2845.02880859375
    ],
    "validation_chi2s": {
      "DEUTERON": 1.7846945387807058,
      "NMC": 2.4940822825712314,
      "NUCLEAR": 2.359191650390625,
      "HERACOMB": 2.8578505173228144,
      "DYE886": 2.0255510156804863,
      "CDF": 1.3021361487252372,
      "D0": 2.689631462097168,
      "ATLAS": 2.3583058443936435,
      "CMS": 2.7852693151255123,
      "LHCb": 1.7984986305236816,
      "total": 2.4156432151794434
    }
  },
  "2600": {
    "training_loss": 7766.50048828125,
    "validation_loss": [
      2849.05322265625
    ],
    "validation_chi2s": {
      "DEUTERON": 1.821345998280084,
      "NMC": 2.4984663421032476,
      "NUCLEAR": 2.359001953125,
      "HERACOMB": 2.840322257646548,
      "DYE886": 1.9909867373379795,
      "CDF": 1.2620808737618583,
      "D0": 2.662123107910156,
      "ATLAS": 2.3904042677445845,
      "CMS": 2.7559331675044825,
      "LHCb": 1.8344757556915283,
      "total": 2.419113874435425
    }
  },
  "2700": {
    "training_loss": 7763.92333984375,
    "validation_loss": [
      2845.08740234375
    ],
    "validation_chi2s": {
      "DEUTERON": 1.8096606506044,
      "NMC": 2.5140889485677085,
      "NUCLEAR": 2.3561787109375,
      "HERACOMB": 2.844491796555862,
      "DYE886": 2.0140309767289595,
      "CDF": 1.286792482648577,
      "D0": 2.666097068786621,
      "ATLAS": 2.3456120924516157,
      "CMS": 2.79836160628522,
      "LHCb": 1.8048441410064697,
      "total": 2.415785551071167
    }
  },
  "2800": {
    "training_loss": 7763.77587890625,
    "validation_loss": [
      2851.76171875
    ],
    "validation_chi2s": {
      "DEUTERON": 1.8218868122765082,
      "NMC": 2.4922419529335174,
      "NUCLEAR": 2.358458740234375,
      "HERACOMB": 2.8610371109706905,
      "DYE886": 1.9787304618141868,
      "CDF": 1.2633397238595145,
      "D0": 2.671713638305664,
      "ATLAS": 2.3550798242742363,
      "CMS": 2.790591630779329,
      "LHCb": 1.796703815460205,
      "total": 2.4213500022888184
    }
  },
  "2900": {
    "training_loss": 7764.17822265625,
    "validation_loss": [
      2851.622802734375
    ],
    "validation_chi2s": {
      "DEUTERON": 1.821370898194574,
      "NMC": 2.4904704374425553,
      "NUCLEAR": 2.35816162109375,
      "HERACOMB": 2.8600417991089664,
      "DYE886": 1.961979085748846,
      "CDF": 1.2551755905151367,
      "D0": 2.6615604400634765,
      "ATLAS": 2.3591540943492544,
      "CMS": 2.79218029585041,
      "LHCb": 1.799330472946167,
      "total": 2.4212608337402344
    }
  },
  "3000": {
    "training_loss": 7763.49267578125,
    "validation_loss": [
      2844.321044921875
    ],
    "validation_chi2s": {
      "DEUTERON": 1.7720277700851212,
      "NMC": 2.502050661573223,
      "NUCLEAR": 2.356207763671875,
      "HERACOMB": 2.8543038960375817,
      "DYE886": 2.0161014903675425,
      "CDF": 1.2875051498413086,
      "D0": 2.6372928619384766,
      "ATLAS": 2.362803719260476,
      "CMS": 2.811592227122823,
      "LHCb": 1.8009504079818726,
      "total": 2.4150285720825195
    }
  },
  "3100": {
    "training_loss": 7760.990234375,
    "validation_loss": [
      2846.782470703125
    ],
    "validation_chi2s": {
      "DEUTERON": 1.8004460121268657,
      "NMC": 2.5030195946786917,
      "NUCLEAR": 2.354892333984375,
      "HERACOMB": 2.8532210206673816,
      "DYE886": 1.9904870119961826,
      "CDF": 1.2646435328892298,
      "D0": 2.6353845596313477,
      "ATLAS": 2.3498436320911753,
      "CMS": 2.8156935895075565,
      "LHCb": 1.8035542964935303,
      "total": 2.4172897338867188
    }
  },
  "3200": {
    "training_loss": 7758.8212890625,
    "validation_loss": [
      2850.4013671875
    ],
    "validation_chi2s": {
      "DEUTERON": 1.8284418665947606,
      "NMC": 2.501748328115426,
      "NUCLEAR": 2.351235107421875,
      "HERACOMB": 2.8534174900428924,
      "DYE886": 1.946187973022461,
      "CDF": 1.239173344203404,
      "D0": 2.6462896347045897,
      "ATLAS": 2.35254582491788,
      "CMS": 2.811151473248591,
      "LHCb": 1.8053425550460815,
      "total": 2.4203851222991943
    }
  },
  "3300": {
    "training_loss": 7757.6142578125,
    "validation_loss": [
      2845.5771484375
    ],
    "validation_chi2s": {
      "DEUTERON": 1.8259283416899876,
      "NMC": 2.515654021618413,
      "NUCLEAR": 2.348599609375,
      "HERACOMB": 2.839815426496119,
      "DYE886": 1.97700327092951,
      "CDF": 1.2497929164341517,
      "D0": 2.6250404357910155,
      "ATLAS": 2.3352574435147373,
      "CMS": 2.828762367123463,
      "LHCb": 1.812116265296936,
      "total": 2.4163453578948975
    }
  },
  "3400": {
    "training_loss": 7767.85791015625,
    "validation_loss": [
      2981.005126953125
    ],
    "validation_chi2s": {
      "DEUTERON": 2.3865099854730256,
      "NMC": 2.457497690238205,
      "NUCLEAR": 2.350757568359375,
      "HERACOMB": 2.859320148143893,
      "DYE886": 1.7131663235751065,
      "CDF": 1.2435577937534876,
      "D0": 2.88112850189209,
      "ATLAS": 2.4433630163019355,
      "CMS": 2.8247280433529713,
      "LHCb": 1.9154804944992065,
      "total": 2.530851364135742
    }
  },
  "3500": {
    "training_loss": 7765.896484375,
    "validation_loss": [
      2992.187744140625
    ],
    "validation_chi2s": {
      "DEUTERON": 2.4402388387651586,
      "NMC": 2.456680746639476,
      "NUCLEAR": 2.349603271484375,
      "HERACOMB": 2.8591741424760007,
      "DYE886": 1.6941739862615413,
      "CDF": 1.226231575012207,
      "D0": 2.8886795043945312,
      "ATLAS": 2.453141992742365,
      "CMS": 2.8183486188044315,
      "LHCb": 1.92618989944458,
      "total": 2.5404069423675537
    }
  },
  "3600": {
    "training_loss": 7756.06591796875,
    "validation_loss": [
      3953.61181640625
    ],
    "validation_chi2s": {
      "DEUTERON": 7.194608621929415,
      "NMC": 2.453859815410539,
      "NUCLEAR": 2.347294921875,
      "HERACOMB": 2.8619502447789014,
      "DYE886": 1.656334790316495,
      "CDF": 1.224923951285226,
      "D0": 2.978235626220703,
      "ATLAS": 2.4736688787286933,
      "CMS": 2.8255497666655995,
      "LHCb": 1.9557090997695923,
      "total": 3.3570990562438965
    }
  },
  "3700": {
    "training_loss": 7754.14306640625,
    "validation_loss": [
      3312.0537109375
    ],
    "validation_chi2s": {
      "DEUTERON": 4.003849162391169,
      "NMC": 2.4471101947859224,
      "NUCLEAR": 2.34744189453125,
      "HERACOMB": 2.8627008176317403,
      "DYE886": 1.6384672685102983,
      "CDF": 1.197237832205636,
      "D0": 3.0021903991699217,
      "ATLAS": 2.4745616912841797,
      "CMS": 2.8250212122182377,
      "LHCb": 1.9605995416641235,
      "total": 2.812053680419922
    }
  },
  "3800": {
    "training_loss": 7762.96435546875,
    "validation_loss": [
      3012.21240234375
    ],
    "validation_chi2s": {
      "DEUTERON": 2.5331013997395835,
      "NMC": 2.4523849487304688,
      "NUCLEAR": 2.34726220703125,
      "HERACOMB": 2.863014969171262,
      "DYE886": 1.6842554265802556,
      "CDF": 1.1982645307268416,
      "D0": 2.8878944396972654,
      "ATLAS": 2.460346915505149,
      "CMS": 2.818146252241291,
      "LHCb": 1.9360417127609253,
      "total": 2.5575461387634277
    }
  },
  "3900": {
    "training_loss": 7756.578125,
    "validation_loss": [
      2959.843505859375
    ],
    "validation_chi2s": {
      "DEUTERON": 2.3219167225396453,
      "NMC": 2.4739713481828276,
      "NUCLEAR": 2.341530517578125,
      "HERACOMB": 2.8339592428768383,
      "DYE886": 1.694666255604137,
      "CDF": 1.158519881112235,
      "D0": 2.7619503021240233,
      "ATLAS": 2.4914392991499468,
      "CMS": 2.7795300092853483,
      "LHCb": 1.9422377347946167,
      "total": 2.5133485794067383
    }
  },
  "4000": {
    "training_loss": 7747.1181640625,
    "validation_loss": [
      6383.73876953125
    ],
    "validation_chi2s": {
      "DEUTERON": 19.294155443485696,
      "NMC": 2.4475081200693167,
      "NUCLEAR": 2.340891357421875,
      "HERACOMB": 2.8535748650045956,
      "DYE886": 1.5929105932062322,
      "CDF": 1.151245389665876,
      "D0": 3.135585594177246,
      "ATLAS": 2.4876367395574395,
      "CMS": 2.8194450003201843,
      "LHCb": 1.9996627569198608,
      "total": 5.421927452087402
    }
  },
  "4100": {
    "training_loss": 7766.31103515625,
    "validation_loss": [
      2851.479248046875
    ],
    "validation_chi2s": {
      "DEUTERON": 1.826457616701648,
      "NMC": 2.495397829541973,
      "NUCLEAR": 2.3397138671875,
      "HERACOMB": 2.848940581278084,
      "DYE886": 1.872736323963512,
      "CDF": 1.2215096609933036,
      "D0": 2.5969724655151367,
      "ATLAS": 2.3873206051913174,
      "CMS": 2.8315617295562245,
      "LHCb": 1.809608817100525,
      "total": 2.42169451713562
    }
  },
  "4200": {
    "training_loss": 7754.2861328125,
    "validation_loss": [
      2847.147216796875
    ],
    "validation_chi2s": {
      "DEUTERON": 1.8289955860346705,
      "NMC": 2.518939448337929,
      "NUCLEAR": 2.33614111328125,
      "HERACOMB": 2.8368763643152572,
      "DYE886": 1.8897493535822087,
      "CDF": 1.2031278610229492,
      "D0": 2.580678939819336,
      "ATLAS": 2.38005915555087,
      "CMS": 2.823706705062116,
      "LHCb": 1.8373785018920898,
      "total": 2.418177843093872
    }
  },
  "4300": {
    "training_loss": 7748.00439453125,
    "validation_loss": [
      3452.831787109375
    ],
    "validation_chi2s": {
      "DEUTERON": 4.720552510883085,
      "NMC": 2.456155215992647,
      "NUCLEAR": 2.337944091796875,
      "HERACOMB": 2.866422167011336,
      "DYE886": 1.6199711886319248,
      "CDF": 1.201230730329241,
      "D0": 2.902833938598633,
      "ATLAS": 2.4862709045410156,
      "CMS": 2.8148648621606047,
      "LHCb": 1.9138538837432861,
      "total": 2.9320504665374756
    }
  },
  "4400": {
    "training_loss": 7755.5537109375,
    "validation_loss": [
      2842.57861328125
    ],
    "validation_chi2s": {
      "DEUTERON": 1.8472177685789801,
      "NMC": 2.518955305510876,
      "NUCLEAR": 2.32929052734375,
      "HERACOMB": 2.8290542901731004,
      "DYE886": 1.8256896625865588,
      "CDF": 1.1716594696044922,
      "D0": 2.573856544494629,
      "ATLAS": 2.368888334794478,
      "CMS": 2.824869374759862,
      "LHCb": 1.8210458755493164,
      "total": 2.414365291595459
    }
  },
  "4500": {
    "training_loss": 7765.56884765625,
    "validation_loss": [
      2850.116943359375
    ],
    "validation_chi2s": {
      "DEUTERON": 1.8392664971043222,
      "NMC": 2.5032179589365042,
      "NUCLEAR": 2.334547119140625,
      "HERACOMB": 2.842618655535131,
      "DYE886": 1.8063831329345703,
      "CDF": 1.181351934160505,
      "D0": 2.629545783996582,
      "ATLAS": 2.3912858096036045,
      "CMS": 2.8242297563396517,
      "LHCb": 1.8329188823699951,
      "total": 2.4207441806793213
    }
  },
  "4600": {
    "training_loss": 7745.4326171875,
    "validation_loss": [
      2958.3779296875
    ],
    "validation_chi2s": {
      "DEUTERON": 2.293600964902052,
      "NMC": 2.4685603123085174,
      "NUCLEAR": 2.330882080078125,
      "HERACOMB": 2.848751292509191,
      "DYE886": 1.6340827941894531,
      "CDF": 1.1717830385480608,
      "D0": 2.9248525619506838,
      "ATLAS": 2.47668439691717,
      "CMS": 2.8252693551485657,
      "LHCb": 1.9327154159545898,
      "total": 2.5124688148498535
    }
  },
  "4700": {
    "training_loss": 7742.58056640625,
    "validation_loss": [
      2841.991943359375
    ],
    "validation_chi2s": {
      "DEUTERON": 1.8411737698227613,
      "NMC": 2.5427518358417585,
      "NUCLEAR": 2.326331298828125,
      "HERACOMB": 2.8328167285794525,
      "DYE886": 1.8358436931263318,
      "CDF": 1.1558080400739397,
      "D0": 2.507152557373047,
      "ATLAS": 2.385649420998313,
      "CMS": 2.814270519819416,
      "LHCb": 1.7700461149215698,
      "total": 2.414263963699341
    }
  },
  "4800": {
    "training_loss": 7731.31640625,
    "validation_loss": [
      3177.190185546875
    ],
    "validation_chi2s": {
      "DEUTERON": 3.318430127196051,
      "NMC": 2.4640155867034315,
      "NUCLEAR": 2.3300400390625,
      "HERACOMB": 2.8698435266033497,
      "DYE886": 1.5532479719682173,
      "CDF": 1.1079848834446497,
      "D0": 3.008355712890625,
      "ATLAS": 2.5400043834339487,
      "CMS": 2.783262409147669,
      "LHCb": 1.9950031042099,
      "total": 2.698216676712036
    }
  },
  "4900": {
    "training_loss": 7737.25341796875,
    "validation_loss": [
      2846.31787109375
    ],
    "validation_chi2s": {
      "DEUTERON": 1.851618069321362,
      "NMC": 2.5359500062231923,
      "NUCLEAR": 2.321994873046875,
      "HERACOMB": 2.8348197189031863,
      "DYE886": 1.8455304232510654,
      "CDF": 1.158055033002581,
      "D0": 2.4886627197265625,
      "ATLAS": 2.396027304909446,
      "CMS": 2.816641635582095,
      "LHCb": 1.8002957105636597,
      "total": 2.4180097579956055
    }
  },
  "5000": {
    "training_loss": 7739.162109375,
    "validation_loss": [
      2932.388916015625
    ],
    "validation_chi2s": {
      "DEUTERON": 2.2064438245782805,
      "NMC": 2.4796160529641544,
      "NUCLEAR": 2.324009033203125,
      "HERACOMB": 2.845434450635723,
      "DYE886": 1.618528886274858,
      "CDF": 1.1446358816964286,
      "D0": 2.8397865295410156,
      "ATLAS": 2.4570777199485083,
      "CMS": 2.821412883821081,
      "LHCb": 1.9071213006973267,
      "total": 2.490539312362671
    }
  },
  "5100": {
    "training_loss": 7738.06201171875,
    "validation_loss": [
      2899.652587890625
    ],
    "validation_chi2s": {
      "DEUTERON": 2.079017145716729,
      "NMC": 2.46527847589231,
      "NUCLEAR": 2.3297919921875,
      "HERACOMB": 2.853848525901246,
      "DYE886": 1.7074813842773438,
      "CDF": 1.1393319538661413,
      "D0": 2.627914619445801,
      "ATLAS": 2.415946613658558,
      "CMS": 2.8143150454661887,
      "LHCb": 1.8390562534332275,
      "total": 2.4626669883728027
    }
  },
  "5200": {
    "training_loss": 7746.2822265625,
    "validation_loss": [
      2850.997314453125
    ],
    "validation_chi2s": {
      "DEUTERON": 1.9046070611298973,
      "NMC": 2.5201436959060968,
      "NUCLEAR": 2.3206787109375,
      "HERACOMB": 2.8331927131204044,
      "DYE886": 1.816402955488725,
      "CDF": 1.163302285330636,
      "D0": 2.506287384033203,
      "ATLAS": 2.352101586081765,
      "CMS": 2.851867175493084,
      "LHCb": 1.7789732217788696,
      "total": 2.421811103820801
    }
  },
  "5300": {
    "training_loss": 7721.546875,
    "validation_loss": [
      2975.50341796875
    ],
    "validation_chi2s": {
      "DEUTERON": 2.5577857174090486,
      "NMC": 2.602900187174479,
      "NUCLEAR": 2.311355712890625,
      "HERACOMB": 2.790972541360294,
      "DYE886": 1.698185834017667,
      "CDF": 1.1552790233067103,
      "D0": 2.625958251953125,
      "ATLAS": 2.3661304820667612,
      "CMS": 2.8635671646868595,
      "LHCb": 1.8317484855651855,
      "total": 2.5274901390075684
    }
  },
  "5400": {
    "training_loss": 7719.30126953125,
    "validation_loss": [
      2859.210205078125
    ],
    "validation_chi2s": {
      "DEUTERON": 1.8111356668804415,
      "NMC": 2.4716213450712314,
      "NUCLEAR": 2.332252685546875,
      "HERACOMB": 2.902069091796875,
      "DYE886": 1.8554831418124111,
      "CDF": 1.1620845794677734,
      "D0": 2.4870351791381835,
      "ATLAS": 2.388675342906605,
      "CMS": 2.834684278144211,
      "LHCb": 1.77317476272583,
      "total": 2.42820143699646
    }
  },
  "5500": {
    "training_loss": 7721.38232421875,
    "validation_loss": [
      2975.049560546875
    ],
    "validation_chi2s": {
      "DEUTERON": 2.411853847218983,
      "NMC": 2.4845319261737897,
      "NUCLEAR": 2.32021728515625,
      "HERACOMB": 2.8473375108506946,
      "DYE886": 1.611281308260831,
      "CDF": 1.1302315848214286,
      "D0": 2.8922616958618166,
      "ATLAS": 2.4717606631192295,
      "CMS": 2.8075126272733093,
      "LHCb": 1.9218685626983643,
      "total": 2.5269007682800293
    }
  },
  "5600": {
    "training_loss": 7719.595703125,
    "validation_loss": [
      3092.78271484375
    ],
    "validation_chi2s": {
      "DEUTERON": 3.0326720280433768,
      "NMC": 2.504704194910386,
      "NUCLEAR": 2.3166884765625,
      "HERACOMB": 2.8259257397620505,
      "DYE886": 1.5933985276655718,
      "CDF": 1.1288775716509138,
      "D0": 2.8349941253662108,
      "ATLAS": 2.4800874536687676,
      "CMS": 2.8029972764312245,
      "LHCb": 1.908097505569458,
      "total": 2.6270511150360107
    }
  },
  "5700": {
    "training_loss": 7724.51708984375,
    "validation_loss": [
      2842.019287109375
    ],
    "validation_chi2s": {
      "DEUTERON": 1.9115343995355254,
      "NMC": 2.5748467538871016,
      "NUCLEAR": 2.3151220703125,
      "HERACOMB": 2.8107126273360907,
      "DYE886": 1.8790949041193181,
      "CDF": 1.1384838649204798,
      "D0": 2.4625778198242188,
      "ATLAS": 2.3422572396018286,
      "CMS": 2.8265250784451843,
      "LHCb": 1.7630319595336914,
      "total": 2.4144604206085205
    }
  },
  "5800": {
    "training_loss": 7723.203125,
    "validation_loss": [
      2885.396484375
    ],
    "validation_chi2s": {
      "DEUTERON": 2.0015422764109143,
      "NMC": 2.513783473594516,
      "NUCLEAR": 2.3204931640625,
      "HERACOMB": 2.8491571962443833,
      "DYE886": 1.6580853895707564,
      "CDF": 1.1329338209969657,
      "D0": 2.560301399230957,
      "ATLAS": 2.469798868352717,
      "CMS": 2.7837964667648567,
      "LHCb": 1.8169599771499634,
      "total": 2.4510960578918457
    }
  },
  "5900": {
    "training_loss": 7716.73828125,
    "validation_loss": [
      2833.20263671875
    ],
    "validation_chi2s": {
      "DEUTERON": 1.866582766101135,
      "NMC": 2.583324058383119,
      "NUCLEAR": 2.311100341796875,
      "HERACOMB": 2.8133530959584356,
      "DYE886": 1.8550380359996448,
      "CDF": 1.113988263266427,
      "D0": 2.42794132232666,
      "ATLAS": 2.350666566328569,
      "CMS": 2.8253408963563014,
      "LHCb": 1.7549477815628052,
      "total": 2.407008647918701
    }
  },
  "6000": {
    "training_loss": 7711.1953125,
    "validation_loss": [
      2832.9541015625
    ],
    "validation_chi2s": {
      "DEUTERON": 1.8631098353447606,
      "NMC": 2.612900378657322,
      "NUCLEAR": 2.310060791015625,
      "HERACOMB": 2.8140306659773286,
      "DYE886": 1.9004996906627307,
      "CDF": 1.1233572959899902,
      "D0": 2.3633419036865235,
      "ATLAS": 2.354776555841619,
      "CMS": 2.8126963631051485,
      "LHCb": 1.7364659309387207,
      "total": 2.4068105220794678
    }
  },
  "6100": {
    "training_loss": 7737.93896484375,
    "validation_loss": [
      2874.632568359375
    ],
    "validation_chi2s": {
      "DEUTERON": 2.0198220020502955,
      "NMC": 2.541364781996783,
      "NUCLEAR": 2.318055908203125,
      "HERACOMB": 2.830768061619179,
      "DYE886": 1.7335813695734197,
      "CDF": 1.1793327331542969,
      "D0": 2.423817253112793,
      "ATLAS": 2.4202017350630327,
      "CMS": 2.782529486984503,
      "LHCb": 1.782989501953125,
      "total": 2.4421706199645996
    }
  },
  "6200": {
    "training_loss": 7710.20751953125,
    "validation_loss": [
      2964.79345703125
    ],
    "validation_chi2s": {
      "DEUTERON": 2.4006031852456466,
      "NMC": 2.5007259892482385,
      "NUCLEAR": 2.316952880859375,
      "HERACOMB": 2.8506276249106413,
      "DYE886": 1.5906274968927556,
      "CDF": 1.0907764434814453,
      "D0": 2.762919616699219,
      "ATLAS": 2.4464085318825464,
      "CMS": 2.8043408003009733,
      "LHCb": 1.857559323310852,
      "total": 2.5182554721832275
    }
  },
  "6300": {
    "training_loss": 7710.97900390625,
    "validation_loss": [
      2853.16748046875
    ],
    "validation_chi2s": {
      "DEUTERON": 1.9901370527732432,
      "NMC": 2.624059938916973,
      "NUCLEAR": 2.3065615234375,
      "HERACOMB": 2.8067614985447302,
      "DYE886": 1.8070264296098189,
      "CDF": 1.1429931095668249,
      "D0": 2.4361186981201173,
      "ATLAS": 2.3382349881258877,
      "CMS": 2.8249959476658555,
      "LHCb": 1.7308062314987183,
      "total": 2.4239892959594727
    }
  },
  "6400": {
    "training_loss": 7710.9169921875,
    "validation_loss": [
      2833.36083984375
    ],
    "validation_chi2s": {
      "DEUTERON": 1.8376806458430504,
      "NMC": 2.560782039866728,
      "NUCLEAR": 2.313469482421875,
      "HERACOMB": 2.8388655918096406,
      "DYE886": 1.8060755296186968,
      "CDF": 1.0991018840244837,
      "D0": 2.4228296279907227,
      "ATLAS": 2.367789875377308,
      "CMS": 2.803620885630123,
      "LHCb": 1.7419925928115845,
      "total": 2.407141923904419
    }
  },
  "6500": {
    "training_loss": 7714.7294921875,
    "validation_loss": [
      2910.28955078125
    ],
    "validation_chi2s": {
      "DEUTERON": 2.147997803949005,
      "NMC": 2.5203845454197302,
      "NUCLEAR": 2.317634521484375,
      "HERACOMB": 2.8417342441533906,
      "DYE886": 1.6300459775057705,
      "CDF": 1.107020037514823,
      "D0": 2.650165557861328,
      "ATLAS": 2.450155258178711,
      "CMS": 2.7921872998847337,
      "LHCb": 1.83169424533844,
      "total": 2.4722740650177
    }
  },
  "6600": {
    "training_loss": 7725.81201171875,
    "validation_loss": [
      2838.69091796875
    ],
    "validation_chi2s": {
      "DEUTERON": 1.8759311657046798,
      "NMC": 2.549935733570772,
      "NUCLEAR": 2.319869873046875,
      "HERACOMB": 2.8495164260365606,
      "DYE886": 1.776976845481179,
      "CDF": 1.1087825638907296,
      "D0": 2.3867460250854493,
      "ATLAS": 2.3654483448375356,
      "CMS": 2.7672889584400613,
      "LHCb": 1.7070095539093018,
      "total": 2.411472797393799
    }
  },
  "6700": {
    "training_loss": 7722.1318359375,
    "validation_loss": [
      2834.4814453125
    ],
    "validation_chi2s": {
      "DEUTERON": 1.846937948198461,
      "NMC": 2.607321346507353,
      "NUCLEAR": 2.312128662109375,
      "HERACOMB": 2.8210225822099675,
      "DYE886": 1.7718821438876065,
      "CDF": 1.1263219969613212,
      "D0": 2.4029825210571287,
      "ATLAS": 2.3979977694424717,
      "CMS": 2.778388101546491,
      "LHCb": 1.7795350551605225,
      "total": 2.4080922603607178
    }
  },
  "6800": {
    "training_loss": 7710.45654296875,
    "validation_loss": [
      2922.790771484375
    ],
    "validation_chi2s": {
      "DEUTERON": 2.2289835611979165,
      "NMC": 2.5250265084060968,
      "NUCLEAR": 2.312249755859375,
      "HERACOMB": 2.8401068394480187,
      "DYE886": 1.5932707353071733,
      "CDF": 1.098893506186349,
      "D0": 2.715627670288086,
      "ATLAS": 2.441364808516069,
      "CMS": 2.7843140148725665,
      "LHCb": 1.8516252040863037,
      "total": 2.4829702377319336
    }
  },
  "6900": {
    "training_loss": 7708.9228515625,
    "validation_loss": [
      2836.706298828125
    ],
    "validation_chi2s": {
      "DEUTERON": 1.8981663338580534,
      "NMC": 2.5961222929113053,
      "NUCLEAR": 2.310275146484375,
      "HERACOMB": 2.8181291966656454,
      "DYE886": 1.767913124778054,
      "CDF": 1.0979268891470773,
      "D0": 2.4030323028564453,
      "ATLAS": 2.352052688598633,
      "CMS": 2.8006396684490267,
      "LHCb": 1.7643601894378662,
      "total": 2.4099903106689453
    }
  },
  "7000": {
    "training_loss": 7723.3916015625,
    "validation_loss": [
      2862.009765625
    ],
    "validation_chi2s": {
      "DEUTERON": 1.9828444144025963,
      "NMC": 2.559540692497702,
      "NUCLEAR": 2.31954736328125,
      "HERACOMB": 2.8413750143612133,
      "DYE886": 1.8403077559037642,
      "CDF": 1.1524041039603097,
      "D0": 2.3481046676635744,
      "ATLAS": 2.3712690526788887,
      "CMS": 2.777773997822746,
      "LHCb": 1.7249608039855957,
      "total": 2.4315216541290283
    }
  },
  "7100": {
    "training_loss": 7724.73779296875,
    "validation_loss": [
      2845.3779296875
    ],
    "validation_chi2s": {
      "DEUTERON": 1.942937594741138,
      "NMC": 2.565120023839614,
      "NUCLEAR": 2.313417724609375,
      "HERACOMB": 2.8229731142131333,
      "DYE886": 1.786726344715465,
      "CDF": 1.0989998408726283,
      "D0": 2.3964982986450196,
      "ATLAS": 2.3653793334960938,
      "CMS": 2.7811784587922643,
      "LHCb": 1.7217625379562378,
      "total": 2.417339563369751
    }
  },
  "7200": {
    "training_loss": 7734.05419921875,
    "validation_loss": [
      2848.655517578125
    ],
    "validation_chi2s": {
      "DEUTERON": 1.9629373882540422,
      "NMC": 2.547504799038756,
      "NUCLEAR": 2.313997314453125,
      "HERACOMB": 2.8268865448197507,
      "DYE886": 1.7505252144553445,
      "CDF": 1.092775549207415,
      "D0": 2.4915679931640624,
      "ATLAS": 2.341215827248313,
      "CMS": 2.8084244024558145,
      "LHCb": 1.7105498313903809,
      "total": 2.4201321601867676
    }
  },
  "7300": {
    "training_loss": 7723.19140625,
    "validation_loss": [
      2846.818603515625
    ],
    "validation_chi2s": {
      "DEUTERON": 1.9368606491468439,
      "NMC": 2.572281482172947,
      "NUCLEAR": 2.31621484375,
      "HERACOMB": 2.823254155177696,
      "DYE886": 1.7762041958895596,
      "CDF": 1.1203091485159737,
      "D0": 2.455447769165039,
      "ATLAS": 2.3591502796519888,
      "CMS": 2.7921012503201843,
      "LHCb": 1.7475837469100952,
      "total": 2.4186127185821533
    }
  },
  "7400": {
    "training_loss": 7727.35205078125,
    "validation_loss": [
      2849.267578125
    ],
    "validation_chi2s": {
      "DEUTERON": 1.954799367420709,
      "NMC": 2.5767998788871016,
      "NUCLEAR": 2.31822119140625,
      "HERACOMB": 2.821102366727941,
      "DYE886": 1.7950168956409802,
      "CDF": 1.1354806763785226,
      "D0": 2.4312854766845704,
      "ATLAS": 2.343433380126953,
      "CMS": 2.795410906682249,
      "LHCb": 1.7740683555603027,
      "total": 2.4206883907318115
    }
  },
  "7500": {
    "training_loss": 7707.21630859375,
    "validation_loss": [
      2842.602783203125
    ],
    "validation_chi2s": {
      "DEUTERON": 1.8896589136835356,
      "NMC": 2.575496897977941,
      "NUCLEAR": 2.3175556640625,
      "HERACOMB": 2.842260622510723,
      "DYE886": 1.802055532282049,
      "CDF": 1.1170398167201452,
      "D0": 2.4026702880859374,
      "ATLAS": 2.3565713709050957,
      "CMS": 2.7828749359631146,
      "LHCb": 1.7641198635101318,
      "total": 2.4150407314300537
    }
  },
  "7600": {
    "training_loss": 7722.052734375,
    "validation_loss": [
      2865.94384765625
    ],
    "validation_chi2s": {
      "DEUTERON": 1.9840104591787158,
      "NMC": 2.537539613013174,
      "NUCLEAR": 2.312537353515625,
      "HERACOMB": 2.8338970109528185,
      "DYE886": 1.6978338414972478,
      "CDF": 1.1627721786499023,
      "D0": 2.606643867492676,
      "ATLAS": 2.4013358029452236,
      "CMS": 2.7812637579245645,
      "LHCb": 1.8385127782821655,
      "total": 2.4348745346069336
    }
  },
  "7700": {
    "training_loss": 7703.41796875,
    "validation_loss": [
      2823.0263671875
    ],
    "validation_chi2s": {
      "DEUTERON": 1.8305058265799907,
      "NMC": 2.5740398332184435,
      "NUCLEAR": 2.310297119140625,
      "HERACOMB": 2.833645490259906,
      "DYE886": 1.8451222506436435,
      "CDF": 1.1270292827061243,
      "D0": 2.396880340576172,
      "ATLAS": 2.335534702647816,
      "CMS": 2.788325325387423,
      "LHCb": 1.7307829856872559,
      "total": 2.3984222412109375
    }
  },
  "7800": {
    "training_loss": 7706.259765625,
    "validation_loss": [
      2834.328369140625
    ],
    "validation_chi2s": {
      "DEUTERON": 1.8737595591379042,
      "NMC": 2.5579205681295956,
      "NUCLEAR": 2.312674072265625,
      "HERACOMB": 2.837414710350286,
      "DYE886": 1.8540252338756213,
      "CDF": 1.119835581098284,
      "D0": 2.3845190048217773,
      "ATLAS": 2.3514433774081143,
      "CMS": 2.780482808097464,
      "LHCb": 1.7248636484146118,
      "total": 2.4080188274383545
    }
  },
  "7900": {
    "training_loss": 7703.0546875,
    "validation_loss": [
      2934.959228515625
    ],
    "validation_chi2s": {
      "DEUTERON": 2.282767680153918,
      "NMC": 2.527710858513327,
      "NUCLEAR": 2.31113671875,
      "HERACOMB": 2.8413618499157476,
      "DYE886": 1.5789559104225852,
      "CDF": 1.1333725111825126,
      "D0": 2.675735092163086,
      "ATLAS": 2.4530500932173296,
      "CMS": 2.779781904376921,
      "LHCb": 1.855692744255066,
      "total": 2.4933481216430664
    }
  },
  "8000": {
    "training_loss": 7730.49755859375,
    "validation_loss": [
      2853.9580078125
    ],
    "validation_chi2s": {
      "DEUTERON": 1.9756972279714708,
      "NMC": 2.579526415058211,
      "NUCLEAR": 2.316737060546875,
      "HERACOMB": 2.821583267910029,
      "DYE886": 1.789512114091353,
      "CDF": 1.1576642990112305,
      "D0": 2.441447067260742,
      "ATLAS": 2.351811322298917,
      "CMS": 2.7873029865202357,
      "LHCb": 1.7741553783416748,
      "total": 2.424715280532837
    }
  },
  "8100": {
    "training_loss": 7703.65380859375,
    "validation_loss": [
      2880.9638671875
    ],
    "validation_chi2s": {
      "DEUTERON": 1.9809731250971705,
      "NMC": 2.489630156872319,
      "NUCLEAR": 2.323435302734375,
      "HERACOMB": 2.8630135729421977,
      "DYE886": 1.6438487659801135,
      "CDF": 1.1313181604657854,
      "D0": 2.6618885040283202,
      "ATLAS": 2.419828414916992,
      "CMS": 2.820527874055456,
      "LHCb": 1.8092596530914307,
      "total": 2.4474775791168213
    }
  },
  "8200": {
    "training_loss": 7695.25537109375,
    "validation_loss": [
      3006.140625
    ],
    "validation_chi2s": {
      "DEUTERON": 2.6115977728544775,
      "NMC": 2.496000850901884,
      "NUCLEAR": 2.316868408203125,
      "HERACOMB": 2.859928106170854,
      "DYE886": 1.612510160966353,
      "CDF": 1.1424345970153809,
      "D0": 2.8214134216308593,
      "ATLAS": 2.434476679021662,
      "CMS": 2.78820300493084,
      "LHCb": 1.8374638557434082,
      "total": 2.553692579269409
    }
  },
  "8300": {
    "training_loss": 7726.51416015625,
    "validation_loss": [
      2853.422607421875
    ],
    "validation_chi2s": {
      "DEUTERON": 1.9940123297088774,
      "NMC": 2.575168385225184,
      "NUCLEAR": 2.307607177734375,
      "HERACOMB": 2.824626448886846,
      "DYE886": 1.7617584575306287,
      "CDF": 1.1214053971426827,
      "D0": 2.482649230957031,
      "ATLAS": 2.3302974700927734,
      "CMS": 2.804084402615907,
      "LHCb": 1.7606412172317505,
      "total": 2.4242770671844482
    }
  },
  "8400": {
    "training_loss": 7693.62109375,
    "validation_loss": [
      2942.195556640625
    ],
    "validation_chi2s": {
      "DEUTERON": 2.395779585956934,
      "NMC": 2.546142578125,
      "NUCLEAR": 2.31453466796875,
      "HERACOMB": 2.8370744293811274,
      "DYE886": 1.731047890403054,
      "CDF": 1.111264705657959,
      "D0": 2.5595849990844726,
      "ATLAS": 2.314285625110973,
      "CMS": 2.858757894547259,
      "LHCb": 1.7583906650543213,
      "total": 2.4995687007904053
    }
  },
  "8500": {
    "training_loss": 7704.416015625,
    "validation_loss": [
      2914.194091796875
    ],
    "validation_chi2s": {
      "DEUTERON": 2.1573132567144744,
      "NMC": 2.503379971373315,
      "NUCLEAR": 2.32011376953125,
      "HERACOMB": 2.855112113204657,
      "DYE886": 1.641724326393821,
      "CDF": 1.1405720029558455,
      "D0": 2.5953563690185546,
      "ATLAS": 2.455170371315696,
      "CMS": 2.7794994917072233,
      "LHCb": 1.8076637983322144,
      "total": 2.4758660793304443
    }
  },
  "8600": {
    "training_loss": 7704.52099609375,
    "validation_loss": [
      2830.45751953125
    ],
    "validation_chi2s": {
      "DEUTERON": 1.85861767821051,
      "NMC": 2.594980277267157,
      "NUCLEAR": 2.312150390625,
      "HERACOMB": 2.8357061248978757,
      "DYE886": 1.9160721518776633,
      "CDF": 1.1471226555960519,
      "D0": 2.423287582397461,
      "ATLAS": 2.3253168626265093,
      "CMS": 2.7692991162909837,
      "LHCb": 1.7876949310302734,
      "total": 2.4047772884368896
    }
  },
  "8700": {
    "training_loss": 7692.81396484375,
    "validation_loss": [
      2951.48388671875
    ],
    "validation_chi2s": {
      "DEUTERON": 2.344553174071051,
      "NMC": 2.515865550321691,
      "NUCLEAR": 2.316474365234375,
      "HERACOMB": 2.856344584546058,
      "DYE886": 1.6319597417658025,
      "CDF": 1.1384196962629045,
      "D0": 2.802825164794922,
      "ATLAS": 2.422249187122692,
      "CMS": 2.789759401415215,
      "LHCb": 1.8757047653198242,
      "total": 2.507488250732422
    }
  },
  "8800": {
    "training_loss": 7692.099609375,
    "validation_loss": [
      2939.162353515625
    ],
    "validation_chi2s": {
      "DEUTERON": 2.2313042635941387,
      "NMC": 2.514975753484988,
      "NUCLEAR": 2.32554736328125,
      "HERACOMB": 2.8712345696742236,
      "DYE886": 1.6626182902943005,
      "CDF": 1.1637524196079798,
      "D0": 2.6034847259521485,
      "ATLAS": 2.486516605723988,
      "CMS": 2.7446754330494363,
      "LHCb": 1.8433071374893188,
      "total": 2.4969944953918457
    }
  },
  "8900": {
    "training_loss": 7700.982421875,
    "validation_loss": [
      3012.428955078125
    ],
    "validation_chi2s": {
      "DEUTERON": 2.6657125748212063,
      "NMC": 2.5176583084405637,
      "NUCLEAR": 2.313807373046875,
      "HERACOMB": 2.851132461448121,
      "DYE886": 1.639475562355735,
      "CDF": 1.1198182787214006,
      "D0": 2.5268192291259766,
      "ATLAS": 2.475494211370295,
      "CMS": 2.7432311011142416,
      "LHCb": 1.7996420860290527,
      "total": 2.5592455863952637
    }
  },
  "9000": {
    "training_loss": 7696.689453125,
    "validation_loss": [
      2977.986572265625
    ],
    "validation_chi2s": {
      "DEUTERON": 2.4455355364291824,
      "NMC": 2.5026339362649357,
      "NUCLEAR": 2.31547412109375,
      "HERACOMB": 2.8709944182751226,
      "DYE886": 1.6237607435746626,
      "CDF": 1.1266076224190849,
      "D0": 2.6080936431884765,
      "ATLAS": 2.4815181385387075,
      "CMS": 2.7530097336065573,
      "LHCb": 1.8363968133926392,
      "total": 2.529862642288208
    }
  },
  "9100": {
    "training_loss": 7709.52099609375,
    "validation_loss": [
      2861.111328125
    ],
    "validation_chi2s": {
      "DEUTERON": 1.9934584584402208,
      "NMC": 2.569279390222886,
      "NUCLEAR": 2.32226220703125,
      "HERACOMB": 2.8366096845639297,
      "DYE886": 1.8882035342129795,
      "CDF": 1.1535162244524275,
      "D0": 2.315777397155762,
      "ATLAS": 2.3649605837735264,
      "CMS": 2.7600532906954407,
      "LHCb": 1.7194854021072388,
      "total": 2.4307923316955566
    }
  },
  "9200": {
    "training_loss": 7708.0654296875,
    "validation_loss": [
      2883.677978515625
    ],
    "validation_chi2s": {
      "DEUTERON": 2.091208842263293,
      "NMC": 2.5760360418581496,
      "NUCLEAR": 2.308570556640625,
      "HERACOMB": 2.828976101345486,
      "DYE886": 1.7312476418235085,
      "CDF": 1.161151613507952,
      "D0": 2.488621139526367,
      "ATLAS": 2.4004927548495205,
      "CMS": 2.753568555487961,
      "LHCb": 1.8621326684951782,
      "total": 2.4499847888946533
    }
  },
  "9300": {
    "training_loss": 7695.51220703125,
    "validation_loss": [
      2876.518798828125
    ],
    "validation_chi2s": {
      "DEUTERON": 2.0051928468011506,
      "NMC": 2.5127386953316484,
      "NUCLEAR": 2.3214208984375,
      "HERACOMB": 2.850863787083844,
      "DYE886": 1.7226787913929333,
      "CDF": 1.143813133239746,
      "D0": 2.467905807495117,
      "ATLAS": 2.3916140469637783,
      "CMS": 2.8076096831775104,
      "LHCb": 1.827335000038147,
      "total": 2.443861246109009
    }
  },
  "9400": {
    "training_loss": 7716.3984375,
    "validation_loss": [
      2854.50927734375
    ],
    "validation_chi2s": {
      "DEUTERON": 1.9988369917988185,
      "NMC": 2.573792401482077,
      "NUCLEAR": 2.30873583984375,
      "HERACOMB": 2.816921458524816,
      "DYE886": 1.7985239895907315,
      "CDF": 1.1340537071228027,
      "D0": 2.3679033279418946,
      "ATLAS": 2.350597208196467,
      "CMS": 2.7968229700307377,
      "LHCb": 1.7549761533737183,
      "total": 2.425194025039673
    }
  },
  "9500": {
    "training_loss": 7695.25634765625,
    "validation_loss": [
      2908.93212890625
    ],
    "validation_chi2s": {
      "DEUTERON": 2.1934416661808145,
      "NMC": 2.514729518516391,
      "NUCLEAR": 2.31695166015625,
      "HERACOMB": 2.8483649359809027,
      "DYE886": 1.6678761568936435,
      "CDF": 1.1450661250523158,
      "D0": 2.4583789825439455,
      "ATLAS": 2.422622333873402,
      "CMS": 2.7509963238825565,
      "LHCb": 1.798701286315918,
      "total": 2.471388578414917
    }
  },
  "9600": {
    "training_loss": 7695.34765625,
    "validation_loss": [
      2879.35302734375
    ],
    "validation_chi2s": {
      "DEUTERON": 2.0244629513564987,
      "NMC": 2.489299250584023,
      "NUCLEAR": 2.324821044921875,
      "HERACOMB": 2.8570448931525734,
      "DYE886": 1.70398625460538,
      "CDF": 1.1454986844744002,
      "D0": 2.480426788330078,
      "ATLAS": 2.394645864313299,
      "CMS": 2.7886147420914447,
      "LHCb": 1.8054975271224976,
      "total": 2.4461236000061035
    }
  },
  "9700": {
    "training_loss": 7713.11962890625,
    "validation_loss": [
      2832.810546875
    ],
    "validation_chi2s": {
      "DEUTERON": 1.848134814210199,
      "NMC": 2.545870911841299,
      "NUCLEAR": 2.31957763671875,
      "HERACOMB": 2.821292253880719,
      "DYE886": 1.7549542513760654,
      "CDF": 1.1011838231767928,
      "D0": 2.4072216033935545,
      "ATLAS": 2.394127759066495,
      "CMS": 2.7836403768570697,
      "LHCb": 1.7786853313446045,
      "total": 2.40679931640625
    }
  },
  "9800": {
    "training_loss": 7692.2314453125,
    "validation_loss": [
      2868.642578125
    ],
    "validation_chi2s": {
      "DEUTERON": 2.085353111153218,
      "NMC": 2.5343915153952206,
      "NUCLEAR": 2.3134462890625,
      "HERACOMB": 2.8310052210988563,
      "DYE886": 1.7468292929909446,
      "CDF": 1.1030195099966866,
      "D0": 2.374283027648926,
      "ATLAS": 2.33631047335538,
      "CMS": 2.7765658019018953,
      "LHCb": 1.7419618368148804,
      "total": 2.437236785888672
    }
  },
  "9900": {
    "training_loss": 7697.4541015625,
    "validation_loss": [
      2856.28857421875
    ],
    "validation_chi2s": {
      "DEUTERON": 1.933937945769201,
      "NMC": 2.4884942746629903,
      "NUCLEAR": 2.325664306640625,
      "HERACOMB": 2.842457291347529,
      "DYE886": 1.7056914242831143,
      "CDF": 1.0953666142054967,
      "D0": 2.4429595947265623,
      "ATLAS": 2.387831774624911,
      "CMS": 2.8032729352106815,
      "LHCb": 1.7940895557403564,
      "total": 2.426621675491333
    }
  },
  "10000": {
    "training_loss": 7697.7587890625,
    "validation_loss": [
      2854.2861328125
    ],
    "validation_chi2s": {
      "DEUTERON": 1.882140961452503,
      "NMC": 2.4985140632180607,
      "NUCLEAR": 2.3317138671875,
      "HERACOMB": 2.8439219356362337,
      "DYE886": 1.7055579098788174,
      "CDF": 1.1428427696228027,
      "D0": 2.438088607788086,
      "ATLAS": 2.438829768787731,
      "CMS": 2.772396900614754,
      "LHCb": 1.8126999139785767,
      "total": 2.425045967102051
    }
  },
  "10100": {
    "training_loss": 8284.4541015625,
    "validation_loss": [
      2933.644287109375
    ],
    "validation_chi2s": {
      "DEUTERON": 2.261862987309546,
      "NMC": 2.509668238022748,
      "NUCLEAR": 2.33387060546875,
      "HERACOMB": 2.8530658397799225,
      "DYE886": 1.6933229619806462,
      "CDF": 1.1635150909423828,
      "D0": 2.4602382659912108,
      "ATLAS": 2.459244814786044,
      "CMS": 2.736655563604636,
      "LHCb": 1.7993597984313965,
      "total": 2.492278814315796
    }
  },
  "10200": {
    "training_loss": 7687.47216796875,
    "validation_loss": [
      2918.9462890625
    ],
    "validation_chi2s": {
      "DEUTERON": 2.2230610254392102,
      "NMC": 2.4811889050053617,
      "NUCLEAR": 2.322266845703125,
      "HERACOMB": 2.850736131855086,
      "DYE886": 1.6104741529984907,
      "CDF": 1.0867840903145927,
      "D0": 2.6105072021484377,
      "ATLAS": 2.4002822529185903,
      "CMS": 2.8096803758965163,
      "LHCb": 1.8167142868041992,
      "total": 2.479843854904175
    }
  },
  "10300": {
    "training_loss": 7712.724609375,
    "validation_loss": [
      2828.9140625
    ],
    "validation_chi2s": {
      "DEUTERON": 1.7961963255013993,
      "NMC": 2.5462664435891544,
      "NUCLEAR": 2.342025390625,
      "HERACOMB": 2.8386184592652164,
      "DYE886": 1.8452874963933772,
      "CDF": 1.1039770671299525,
      "D0": 2.4096443176269533,
      "ATLAS": 2.3834511150013316,
      "CMS": 2.7539200079245645,
      "LHCb": 1.7502433061599731,
      "total": 2.403494119644165
    }
  },
  "10400": {
    "training_loss": 7709.46435546875,
    "validation_loss": [
      2843.3212890625
    ],
    "validation_chi2s": {
      "DEUTERON": 1.7928401510513836,
      "NMC": 2.484932544184666,
      "NUCLEAR": 2.352840576171875,
      "HERACOMB": 2.857559104370915,
      "DYE886": 1.6444136879660867,
      "CDF": 1.0937798363821847,
      "D0": 2.5265878677368163,
      "ATLAS": 2.422588174993342,
      "CMS": 2.78346902816022,
      "LHCb": 1.8293018341064453,
      "total": 2.4157276153564453
    }
  },
  "10500": {
    "training_loss": 7724.9912109375,
    "validation_loss": [
      2828.869140625
    ],
    "validation_chi2s": {
      "DEUTERON": 1.8274220329018969,
      "NMC": 2.5293261958103552,
      "NUCLEAR": 2.341049072265625,
      "HERACOMB": 2.8225510541130516,
      "DYE886": 1.7598677548495205,
      "CDF": 1.0914978981018066,
      "D0": 2.4906606674194336,
      "ATLAS": 2.343817277388139,
      "CMS": 2.8239848652824024,
      "LHCb": 1.7277565002441406,
      "total": 2.4034502506256104
    }
  },
  "10600": {
    "training_loss": 7743.59423828125,
    "validation_loss": [
      2833.0712890625
    ],
    "validation_chi2s": {
      "DEUTERON": 1.8141459754450404,
      "NMC": 2.575169881184896,
      "NUCLEAR": 2.342972900390625,
      "HERACOMB": 2.823043922972835,
      "DYE886": 1.8227880651300603,
      "CDF": 1.148786953517369,
      "D0": 2.3741634368896483,
      "ATLAS": 2.362205158580433,
      "CMS": 2.790277950099257,
      "LHCb": 1.8578588962554932,
      "total": 2.4070258140563965
    }
  },
  "10700": {
    "training_loss": 7700.93017578125,
    "validation_loss": [
      2839.286376953125
    ],
    "validation_chi2s": {
      "DEUTERON": 1.8560054646202582,
      "NMC": 2.5533614813112746,
      "NUCLEAR": 2.342937255859375,
      "HERACOMB": 2.843252144607843,
      "DYE886": 1.7168060649525037,
      "CDF": 1.0865308216639928,
      "D0": 2.414117431640625,
      "ATLAS": 2.4135997078635474,
      "CMS": 2.724827750784452,
      "LHCb": 1.6712864637374878,
      "total": 2.41229248046875
    }
  },
  "10800": {
    "training_loss": 7711.720703125,
    "validation_loss": [
      2834.4033203125
    ],
    "validation_chi2s": {
      "DEUTERON": 1.7914169083780318,
      "NMC": 2.4978743908452055,
      "NUCLEAR": 2.347859619140625,
      "HERACOMB": 2.838938195720997,
      "DYE886": 1.7213916778564453,
      "CDF": 1.1354680742536272,
      "D0": 2.4781612396240233,
      "ATLAS": 2.3976511521772905,
      "CMS": 2.8105321164991035,
      "LHCb": 1.7431353330612183,
      "total": 2.4081552028656006
    }
  },
  "10900": {
    "training_loss": 7704.03857421875,
    "validation_loss": [
      2857.7587890625
    ],
    "validation_chi2s": {
      "DEUTERON": 1.9312401007657027,
      "NMC": 2.480863234576057,
      "NUCLEAR": 2.3422333984375,
      "HERACOMB": 2.8383803024790644,
      "DYE886": 1.6652554598721592,
      "CDF": 1.1287245069231306,
      "D0": 2.624821662902832,
      "ATLAS": 2.3729371157559482,
      "CMS": 2.8144326131851947,
      "LHCb": 1.7842442989349365,
      "total": 2.4279394149780273
    }
  },
  "11000": {
    "training_loss": 7692.81591796875,
    "validation_loss": [
      2948.776123046875
    ],
    "validation_chi2s": {
      "DEUTERON": 2.3518007193038715,
      "NMC": 2.4799176384420956,
      "NUCLEAR": 2.347375,
      "HERACOMB": 2.829458199295343,
      "DYE886": 1.6087818145751953,
      "CDF": 1.0963828904288155,
      "D0": 2.705128860473633,
      "ATLAS": 2.422260978005149,
      "CMS": 2.811640254786757,
      "LHCb": 1.7828530073165894,
      "total": 2.5049736499786377
    }
  },
  "11100": {
    "training_loss": 7750.31982421875,
    "validation_loss": [
      2833.79833984375
    ],
    "validation_chi2s": {
      "DEUTERON": 1.8251216755577582,
      "NMC": 2.4821310604319855,
      "NUCLEAR": 2.339906494140625,
      "HERACOMB": 2.8412547392003678,
      "DYE886": 1.719690669666637,
      "CDF": 1.1234075001307897,
      "D0": 2.5222471237182615,
      "ATLAS": 2.3605606772682886,
      "CMS": 2.82009262335105,
      "LHCb": 1.7352756261825562,
      "total": 2.407644033432007
    }
  },
  "11200": {
    "training_loss": 7749.79052734375,
    "validation_loss": [
      2838.88134765625
    ],
    "validation_chi2s": {
      "DEUTERON": 1.874873830311334,
      "NMC": 2.518505620021446,
      "NUCLEAR": 2.338878662109375,
      "HERACOMB": 2.8196544771880108,
      "DYE886": 1.7281830527565696,
      "CDF": 1.1637757165091378,
      "D0": 2.477614974975586,
      "ATLAS": 2.373619252985174,
      "CMS": 2.7934500272156764,
      "LHCb": 1.7672920227050781,
      "total": 2.411963701248169
    }
  },
  "11300": {
    "training_loss": 7701.29833984375,
    "validation_loss": [
      2834.0263671875
    ],
    "validation_chi2s": {
      "DEUTERON": 1.856495264157727,
      "NMC": 2.5390256993910847,
      "NUCLEAR": 2.34010302734375,
      "HERACOMB": 2.824017094630821,
      "DYE886": 1.7312202453613281,
      "CDF": 1.1704773221697127,
      "D0": 2.413926696777344,
      "ATLAS": 2.388954509388317,
      "CMS": 2.758820330510374,
      "LHCb": 1.710835337638855,
      "total": 2.4078328609466553
    }
  },
  "11400": {
    "training_loss": 7700.29541015625,
    "validation_loss": [
      2893.634765625
    ],
    "validation_chi2s": {
      "DEUTERON": 2.0359281473491917,
      "NMC": 2.4948287664675246,
      "NUCLEAR": 2.3456015625,
      "HERACOMB": 2.8302564433976714,
      "DYE886": 1.5963287353515625,
      "CDF": 1.115168503352574,
      "D0": 2.7664167404174806,
      "ATLAS": 2.4710414192893286,
      "CMS": 2.7953256075499486,
      "LHCb": 1.8123018741607666,
      "total": 2.4583117961883545
    }
  },
  "11500": {
    "training_loss": 7686.77880859375,
    "validation_loss": [
      2889.2373046875
    ],
    "validation_chi2s": {
      "DEUTERON": 2.0525265214455066,
      "NMC": 2.504468132467831,
      "NUCLEAR": 2.356228759765625,
      "HERACOMB": 2.8473193598728552,
      "DYE886": 1.6594212271950461,
      "CDF": 1.1142744336809431,
      "D0": 2.499909782409668,
      "ATLAS": 2.4411666176535864,
      "CMS": 2.7334722300044825,
      "LHCb": 1.745721697807312,
      "total": 2.4544782638549805
    }
  },
  "11600": {
    "training_loss": 7893.04296875,
    "validation_loss": [
      2836.34619140625
    ],
    "validation_chi2s": {
      "DEUTERON": 1.8684703010824781,
      "NMC": 2.547209795783548,
      "NUCLEAR": 2.3458525390625,
      "HERACOMB": 2.8343270495046977,
      "DYE886": 1.8059884851629084,
      "CDF": 1.1144676889692033,
      "D0": 2.4460517883300783,
      "ATLAS": 2.323176470669833,
      "CMS": 2.78707760670146,
      "LHCb": 1.7544307708740234,
      "total": 2.409749746322632
    }
  },
  "11700": {
    "training_loss": 7681.61279296875,
    "validation_loss": [
      2915.8310546875
    ],
    "validation_chi2s": {
      "DEUTERON": 2.1480652159126246,
      "NMC": 2.480636297487745,
      "NUCLEAR": 2.355348388671875,
      "HERACOMB": 2.860343185125613,
      "DYE886": 1.6148069555109197,
      "CDF": 1.1239830425807409,
      "D0": 2.4954370498657226,
      "ATLAS": 2.4477917064319956,
      "CMS": 2.748224227154841,
      "LHCb": 1.8243683576583862,
      "total": 2.47680401802063
    }
  },
  "11800": {
    "training_loss": 7763.37060546875,
    "validation_loss": [
      2822.74365234375
    ],
    "validation_chi2s": {
      "DEUTERON": 1.8073124672049907,
      "NMC": 2.5112621830958948,
      "NUCLEAR": 2.351436767578125,
      "HERACOMB": 2.8199295343137254,
      "DYE886": 1.8654225089333274,
      "CDF": 1.098506246294294,
      "D0": 2.4506641387939454,
      "ATLAS": 2.3225447914817114,
      "CMS": 2.80675769243084,
      "LHCb": 1.7560386657714844,
      "total": 2.398235559463501
    }
  },
  "11900": {
    "training_loss": 7691.41015625,
    "validation_loss": [
      2859.531982421875
    ],
    "validation_chi2s": {
      "DEUTERON": 1.9160730162663246,
      "NMC": 2.4933450736251532,
      "NUCLEAR": 2.350439453125,
      "HERACOMB": 2.841227014080372,
      "DYE886": 1.6403111544522373,
      "CDF": 1.088707719530378,
      "D0": 2.636018180847168,
      "ATLAS": 2.406530033458363,
      "CMS": 2.779811421378714,
      "LHCb": 1.7901118993759155,
      "total": 2.4293580055236816
    }
  },
  "12000": {
    "training_loss": 7695.10009765625,
    "validation_loss": [
      2834.996337890625
    ],
    "validation_chi2s": {
      "DEUTERON": 1.8257552569185322,
      "NMC": 2.503949184043735,
      "NUCLEAR": 2.3404853515625,
      "HERACOMB": 2.8252677169500613,
      "DYE886": 1.6777456456964666,
      "CDF": 1.1286087036132812,
      "D0": 2.5670072555541994,
      "ATLAS": 2.3955261924050073,
      "CMS": 2.8085799920754355,
      "LHCb": 1.7464240789413452,
      "total": 2.4086296558380127
    }
  },
  "12100": {
    "training_loss": 7704.1083984375,
    "validation_loss": [
      2822.65234375
    ],
    "validation_chi2s": {
      "DEUTERON": 1.8224476676675219,
      "NMC": 2.5464776731004903,
      "NUCLEAR": 2.34653466796875,
      "HERACOMB": 2.8142317229626226,
      "DYE886": 1.8104981509121982,
      "CDF": 1.1417716571262904,
      "D0": 2.431985855102539,
      "ATLAS": 2.365925355391069,
      "CMS": 2.7694151831454916,
      "LHCb": 1.6333338022232056,
      "total": 2.3981752395629883
    }
  },
  "12200": {
    "training_loss": 7932.2958984375,
    "validation_loss": [
      2848.7021484375
    ],
    "validation_chi2s": {
      "DEUTERON": 1.8018281092098103,
      "NMC": 2.454772799622779,
      "NUCLEAR": 2.359330810546875,
      "HERACOMB": 2.8578608893101514,
      "DYE886": 1.7042754780162463,
      "CDF": 1.1734580993652344,
      "D0": 2.767036247253418,
      "ATLAS": 2.3943004608154297,
      "CMS": 2.8291090668224896,
      "LHCb": 1.783517599105835,
      "total": 2.420304536819458
    }
  },
  "12300": {
    "training_loss": 7743.033203125,
    "validation_loss": [
      2821.841064453125
    ],
    "validation_chi2s": {
      "DEUTERON": 1.7649335718866606,
      "NMC": 2.4929571712718293,
      "NUCLEAR": 2.35881103515625,
      "HERACOMB": 2.844158696193321,
      "DYE886": 1.9441431218927556,
      "CDF": 1.1670240674700056,
      "D0": 2.3765892028808593,
      "ATLAS": 2.309732610529119,
      "CMS": 2.8243483246349896,
      "LHCb": 1.6851413249969482,
      "total": 2.3973000049591064
    }
  },
  "12400": {
    "training_loss": 7712.4677734375,
    "validation_loss": [
      2819.07470703125
    ],
    "validation_chi2s": {
      "DEUTERON": 1.7641759464396767,
      "NMC": 2.509033951104856,
      "NUCLEAR": 2.356269287109375,
      "HERACOMB": 2.8314837287454044,
      "DYE886": 1.8801749836314807,
      "CDF": 1.227203369140625,
      "D0": 2.4291833877563476,
      "ATLAS": 2.3646828044544566,
      "CMS": 2.755554699506916,
      "LHCb": 1.7001656293869019,
      "total": 2.3951358795166016
    }
  },
  "12500": {
    "training_loss": 7788.99267578125,
    "validation_loss": [
      2826.0517578125
    ],
    "validation_chi2s": {
      "DEUTERON": 1.8278035785428328,
      "NMC": 2.551707847445619,
      "NUCLEAR": 2.34644189453125,
      "HERACOMB": 2.8138934366064134,
      "DYE886": 1.7946562333540483,
      "CDF": 1.1762198039463587,
      "D0": 2.4181156158447266,
      "ATLAS": 2.360009106722745,
      "CMS": 2.763611089987833,
      "LHCb": 1.7638726234436035,
      "total": 2.4010627269744873
    }
  },
  "12600": {
    "training_loss": 7719.17822265625,
    "validation_loss": [
      2830.563232421875
    ],
    "validation_chi2s": {
      "DEUTERON": 1.8131373770794466,
      "NMC": 2.5099080403645835,
      "NUCLEAR": 2.343251220703125,
      "HERACOMB": 2.8166142881306167,
      "DYE886": 1.7152415188876065,
      "CDF": 1.1942840303693498,
      "D0": 2.5231285095214844,
      "ATLAS": 2.4025741923939097,
      "CMS": 2.783726176277536,
      "LHCb": 1.7695711851119995,
      "total": 2.4048964977264404
    }
  },
  "12700": {
    "training_loss": 7809.02978515625,
    "validation_loss": [
      2820.03466796875
    ],
    "validation_chi2s": {
      "DEUTERON": 1.7521564236920864,
      "NMC": 2.507261837230009,
      "NUCLEAR": 2.35021533203125,
      "HERACOMB": 2.8277875114889706,
      "DYE886": 1.7690228548916904,
      "CDF": 1.1782147543770927,
      "D0": 2.42513427734375,
      "ATLAS": 2.3956751389936968,
      "CMS": 2.7695492603739753,
      "LHCb": 1.7557066679000854,
      "total": 2.39595103263855
    }
  },
  "12800": {
    "training_loss": 7747.228515625,
    "validation_loss": [
      2821.91748046875
    ],
    "validation_chi2s": {
      "DEUTERON": 1.7690847216553949,
      "NMC": 2.5433226940678617,
      "NUCLEAR": 2.352069580078125,
      "HERACOMB": 2.830356373506434,
      "DYE886": 2.1921750848943535,
      "CDF": 1.1937675476074219,
      "D0": 2.2126846313476562,
      "ATLAS": 2.2682564475319604,
      "CMS": 2.87387210032979,
      "LHCb": 1.6834681034088135,
      "total": 2.3974592685699463
    }
  },
  "12900": {
    "training_loss": 7708.056640625,
    "validation_loss": [
      2835.009765625
    ],
    "validation_chi2s": {
      "DEUTERON": 1.7681631211617692,
      "NMC": 2.456698548560049,
      "NUCLEAR": 2.345559814453125,
      "HERACOMB": 2.8660595463771448,
      "DYE886": 1.674484599720348,
      "CDF": 1.2115171977451868,
      "D0": 2.797643852233887,
      "ATLAS": 2.3802531849254263,
      "CMS": 2.792489724081071,
      "LHCb": 1.810968041419983,
      "total": 2.4086251258850098
    }
  },
  "13000": {
    "training_loss": 7707.5361328125,
    "validation_loss": [
      2845.9296875
    ],
    "validation_chi2s": {
      "DEUTERON": 1.8231346927472014,
      "NMC": 2.480474584242877,
      "NUCLEAR": 2.346456787109375,
      "HERACOMB": 2.8405592176649304,
      "DYE886": 1.6213153492320667,
      "CDF": 1.2045819418770927,
      "D0": 2.6538154602050783,
      "ATLAS": 2.4376707944003018,
      "CMS": 2.781035876664959,
      "LHCb": 1.8182111978530884,
      "total": 2.417942523956299
    }
  },
  "13100": {
    "training_loss": 7881.125,
    "validation_loss": [
      2825.05322265625
    ],
    "validation_chi2s": {
      "DEUTERON": 1.7781290082789178,
      "NMC": 2.504426544787837,
      "NUCLEAR": 2.34279296875,
      "HERACOMB": 2.828957351983762,
      "DYE886": 1.7523604306307705,
      "CDF": 1.1397970744541712,
      "D0": 2.4866607666015623,
      "ATLAS": 2.380352020263672,
      "CMS": 2.8033832487512806,
      "LHCb": 1.756603717803955,
      "total": 2.400214195251465
    }
  },
  "13200": {
    "training_loss": 7700.22802734375,
    "validation_loss": [
      2816.34521484375
    ],
    "validation_chi2s": {
      "DEUTERON": 1.8032373836384483,
      "NMC": 2.5363147212009802,
      "NUCLEAR": 2.342607177734375,
      "HERACOMB": 2.8323725282756333,
      "DYE886": 1.7789209539240056,
      "CDF": 1.197150502886091,
      "D0": 2.325733184814453,
      "ATLAS": 2.3111934661865234,
      "CMS": 2.8075754134381405,
      "LHCb": 1.6286523342132568,
      "total": 2.3928167819976807
    }
  },
  "13300": {
    "training_loss": 7698.12890625,
    "validation_loss": [
      2812.0576171875
    ],
    "validation_chi2s": {
      "DEUTERON": 1.7806675849269278,
      "NMC": 2.553893145392923,
      "NUCLEAR": 2.33941162109375,
      "HERACOMB": 2.8309280295777164,
      "DYE886": 1.8760499087246982,
      "CDF": 1.1914934430803572,
      "D0": 2.416857147216797,
      "ATLAS": 2.2872590151700107,
      "CMS": 2.813347738297259,
      "LHCb": 1.6628023386001587,
      "total": 2.389173746109009
    }
  },
  "13400": {
    "training_loss": 7755.9228515625,
    "validation_loss": [
      2806.2021484375
    ],
    "validation_chi2s": {
      "DEUTERON": 1.781168012476679,
      "NMC": 2.5720448213465072,
      "NUCLEAR": 2.33322998046875,
      "HERACOMB": 2.8175954382404003,
      "DYE886": 1.856136148626154,
      "CDF": 1.2242274965558733,
      "D0": 2.3566347122192384,
      "ATLAS": 2.2933883666992188,
      "CMS": 2.804442859086834,
      "LHCb": 1.6491137742996216,
      "total": 2.3841986656188965
    }
  },
  "13500": {
    "training_loss": 7756.845703125,
    "validation_loss": [
      2819.5849609375
    ],
    "validation_chi2s": {
      "DEUTERON": 1.7630792874008863,
      "NMC": 2.6156637154373468,
      "NUCLEAR": 2.336897705078125,
      "HERACOMB": 2.8247720556321485,
      "DYE886": 2.2624216946688565,
      "CDF": 1.2302916390555245,
      "D0": 2.105803108215332,
      "ATLAS": 2.3515269539572974,
      "CMS": 2.752954451764216,
      "LHCb": 1.6884368658065796,
      "total": 2.395569324493408
    }
  },
  "13600": {
    "training_loss": 7699.18408203125,
    "validation_loss": [
      2835.811279296875
    ],
    "validation_chi2s": {
      "DEUTERON": 1.8295795193952114,
      "NMC": 2.4875708187327668,
      "NUCLEAR": 2.336218505859375,
      "HERACOMB": 2.8423174689797794,
      "DYE886": 1.672928203235973,
      "CDF": 1.2440125601632255,
      "D0": 2.7392024993896484,
      "ATLAS": 2.3539907282049004,
      "CMS": 2.8126663458151895,
      "LHCb": 1.781720519065857,
      "total": 2.4093310832977295
    }
  },
  "13700": {
    "training_loss": 7698.44384765625,
    "validation_loss": [
      2844.482421875
    ],
    "validation_chi2s": {
      "DEUTERON": 1.7931626353097792,
      "NMC": 2.4705291448854934,
      "NUCLEAR": 2.342329833984375,
      "HERACOMB": 2.853671404271344,
      "DYE886": 1.6189126101407139,
      "CDF": 1.1844005584716797,
      "D0": 3.0259002685546874,
      "ATLAS": 2.4128459583629263,
      "CMS": 2.7938082335425203,
      "LHCb": 1.8566235303878784,
      "total": 2.4165775775909424
    }
  },
  "13800": {
    "training_loss": 7705.18017578125,
    "validation_loss": [
      2835.1572265625
    ],
    "validation_chi2s": {
      "DEUTERON": 1.851448932097326,
      "NMC": 2.506237703211167,
      "NUCLEAR": 2.340701171875,
      "HERACOMB": 2.829724480124081,
      "DYE886": 1.6164750185879795,
      "CDF": 1.2406909125191825,
      "D0": 2.7998260498046874,
      "ATLAS": 2.3704688332297583,
      "CMS": 2.7815176541688014,
      "LHCb": 1.7284659147262573,
      "total": 2.408780336380005
    }
  },
  "13900": {
    "training_loss": 7993.99072265625,
    "validation_loss": [
      2814.415283203125
    ],
    "validation_chi2s": {
      "DEUTERON": 1.7608108140935945,
      "NMC": 2.528483970492494,
      "NUCLEAR": 2.33206005859375,
      "HERACOMB": 2.8322945389093137,
      "DYE886": 1.8285709727894177,
      "CDF": 1.1425707680838448,
      "D0": 2.3924760818481445,
      "ATLAS": 2.344382719560103,
      "CMS": 2.805754114369877,
      "LHCb": 1.7118093967437744,
      "total": 2.39117693901062
    }
  },
  "14000": {
    "training_loss": 7739.115234375,
    "validation_loss": [
      2810.1572265625
    ],
    "validation_chi2s": {
      "DEUTERON": 1.7647375609744247,
      "NMC": 2.546639236749387,
      "NUCLEAR": 2.344925537109375,
      "HERACOMB": 2.8153483072916665,
      "DYE886": 1.887332396073775,
      "CDF": 1.2722108023507255,
      "D0": 2.2553359985351564,
      "ATLAS": 2.315386338667436,
      "CMS": 2.8303007532338627,
      "LHCb": 1.623639464378357,
      "total": 2.387476921081543
    }
  },
  "14100": {
    "training_loss": 7728.66064453125,
    "validation_loss": [
      2832.533203125
    ],
    "validation_chi2s": {
      "DEUTERON": 1.755896876700482,
      "NMC": 2.4656659294577206,
      "NUCLEAR": 2.341829833984375,
      "HERACOMB": 2.853802649803411,
      "DYE886": 1.6199025240811435,
      "CDF": 1.3574117933000838,
      "D0": 3.0504953384399416,
      "ATLAS": 2.362375952980735,
      "CMS": 2.8270746449955175,
      "LHCb": 1.8356629610061646,
      "total": 2.4065186977386475
    }
  },
  "14200": {
    "training_loss": 7872.16943359375,
    "validation_loss": [
      2820.38623046875
    ],
    "validation_chi2s": {
      "DEUTERON": 1.7776923488028606,
      "NMC": 2.5161722220626532,
      "NUCLEAR": 2.33326220703125,
      "HERACOMB": 2.815374436721303,
      "DYE886": 1.6413766687566584,
      "CDF": 1.2324977602277483,
      "D0": 2.636102294921875,
      "ATLAS": 2.3890132904052734,
      "CMS": 2.8133069648117317,
      "LHCb": 1.7230216264724731,
      "total": 2.396250009536743
    }
  },
  "14300": {
    "training_loss": 7699.275390625,
    "validation_loss": [
      2894.624267578125
    ],
    "validation_chi2s": {
      "DEUTERON": 2.081588972860308,
      "NMC": 2.475091672411152,
      "NUCLEAR": 2.33355224609375,
      "HERACOMB": 2.828753901462929,
      "DYE886": 1.5640017769553445,
      "CDF": 1.3097664969308036,
      "D0": 2.982295608520508,
      "ATLAS": 2.3799362182617188,
      "CMS": 2.8529225333792265,
      "LHCb": 1.885117530822754,
      "total": 2.4590179920196533
    }
  },
  "14400": {
    "training_loss": 7711.10302734375,
    "validation_loss": [
      2830.43212890625
    ],
    "validation_chi2s": {
      "DEUTERON": 1.7654013562558302,
      "NMC": 2.478220023360907,
      "NUCLEAR": 2.3444814453125,
      "HERACOMB": 2.836819916768791,
      "DYE886": 1.6360218741677024,
      "CDF": 1.235466139657157,
      "D0": 2.8105167388916015,
      "ATLAS": 2.3901535380970347,
      "CMS": 2.8223021460361166,
      "LHCb": 1.7867578268051147,
      "total": 2.40470027923584
    }
  },
  "14500": {
    "training_loss": 7711.32275390625,
    "validation_loss": [
      2824.03564453125
    ],
    "validation_chi2s": {
      "DEUTERON": 1.73836718507074,
      "NMC": 2.494744992723652,
      "NUCLEAR": 2.345993896484375,
      "HERACOMB": 2.840228311376634,
      "DYE886": 2.007814407348633,
      "CDF": 1.3939758028302873,
      "D0": 2.370945358276367,
      "ATLAS": 2.342176090587269,
      "CMS": 2.844884153272285,
      "LHCb": 1.7124711275100708,
      "total": 2.399311065673828
    }
  },
  "14600": {
    "training_loss": 8450.68603515625,
    "validation_loss": [
      2813.78466796875
    ],
    "validation_chi2s": {
      "DEUTERON": 1.7666106722248134,
      "NMC": 2.5892145493451286,
      "NUCLEAR": 2.34459228515625,
      "HERACOMB": 2.7997542237923816,
      "DYE886": 1.7226375233043323,
      "CDF": 1.3510101863316126,
      "D0": 2.436359977722168,
      "ATLAS": 2.3273367448286577,
      "CMS": 2.8286678126600924,
      "LHCb": 1.7920527458190918,
      "total": 2.390641212463379
    }
  },
  "14700": {
    "training_loss": 7722.44140625,
    "validation_loss": [
      2867.34716796875
    ],
    "validation_chi2s": {
      "DEUTERON": 1.8822071587861473,
      "NMC": 2.485701467476639,
      "NUCLEAR": 2.34583349609375,
      "HERACOMB": 2.839929119434232,
      "DYE886": 1.5668482346968218,
      "CDF": 1.3258232389177596,
      "D0": 3.2568973541259765,
      "ATLAS": 2.4439693797718394,
      "CMS": 2.7809620841604765,
      "LHCb": 1.9030911922454834,
      "total": 2.4360291957855225
    }
  },
  "14800": {
    "training_loss": 7918.12841796875,
    "validation_loss": [
      2815.255859375
    ],
    "validation_chi2s": {
      "DEUTERON": 1.7326294248969993,
      "NMC": 2.5916179582184435,
      "NUCLEAR": 2.34905126953125,
      "HERACOMB": 2.810304928449244,
      "DYE886": 1.8662287972190164,
      "CDF": 1.5227211543491908,
      "D0": 2.4274011611938477,
      "ATLAS": 2.334929032759233,
      "CMS": 2.8172362280673666,
      "LHCb": 1.7802619934082031,
      "total": 2.3918914794921875
    }
  },
  "14900": {
    "training_loss": 7715.2353515625,
    "validation_loss": [
      2849.345703125
    ],
    "validation_chi2s": {
      "DEUTERON": 1.8262508259483832,
      "NMC": 2.48615997912837,
      "NUCLEAR": 2.361943359375,
      "HERACOMB": 2.835201687282986,
      "DYE886": 1.64877648787065,
      "CDF": 1.3451799665178572,
      "D0": 2.8427453994750977,
      "ATLAS": 2.390207984230735,
      "CMS": 2.7941519315125514,
      "LHCb": 1.9241619110107422,
      "total": 2.420714855194092
    }
  },
  "15000": {
    "training_loss": 8313.958984375,
    "validation_loss": [
      2817.675537109375
    ],
    "validation_chi2s": {
      "DEUTERON": 1.750167770765314,
      "NMC": 2.4969011194565716,
      "NUCLEAR": 2.361650634765625,
      "HERACOMB": 2.8365763745276755,
      "DYE886": 1.6976448405872693,
      "CDF": 1.2675277165004186,
      "D0": 2.512994956970215,
      "ATLAS": 2.3590198863636362,
      "CMS": 2.7681389480340677,
      "LHCb": 1.7466702461242676,
      "total": 2.393946886062622
    }
  },
  "15100": {
    "training_loss": 7926.001953125,
    "validation_loss": [
      2818.13232421875
    ],
    "validation_chi2s": {
      "DEUTERON": 1.74933301631491,
      "NMC": 2.554058598537071,
      "NUCLEAR": 2.37195068359375,
      "HERACOMB": 2.8249950533598858,
      "DYE886": 1.8562230196866123,
      "CDF": 1.4775032315935408,
      "D0": 2.391973114013672,
      "ATLAS": 2.3212649605490943,
      "CMS": 2.787388285652536,
      "LHCb": 1.7220996618270874,
      "total": 2.3943240642547607
    }
  },
  "15200": {
    "training_loss": 7702.40234375,
    "validation_loss": [
      2817.274169921875
    ],
    "validation_chi2s": {
      "DEUTERON": 1.7511214071245336,
      "NMC": 2.52776351629519,
      "NUCLEAR": 2.375162353515625,
      "HERACOMB": 2.8377422257965685,
      "DYE886": 1.8600665005770596,
      "CDF": 1.2452094214303153,
      "D0": 2.377755546569824,
      "ATLAS": 2.304700157859109,
      "CMS": 2.788850878105789,
      "LHCb": 1.7175180912017822,
      "total": 2.393605947494507
    }
  },
  "15300": {
    "training_loss": 7715.5654296875,
    "validation_loss": [
      2828.210693359375
    ],
    "validation_chi2s": {
      "DEUTERON": 1.7360877800936723,
      "NMC": 2.5143597172755823,
      "NUCLEAR": 2.365573974609375,
      "HERACOMB": 2.8402510499642566,
      "DYE886": 1.7576649405739524,
      "CDF": 1.2820628029959542,
      "D0": 2.3994674682617188,
      "ATLAS": 2.422767465764826,
      "CMS": 2.736663318071209,
      "LHCb": 1.8311411142349243,
      "total": 2.402897357940674
    }
  },
  "15400": {
    "training_loss": 7706.4384765625,
    "validation_loss": [
      2845.76904296875
    ],
    "validation_chi2s": {
      "DEUTERON": 1.8227504141888216,
      "NMC": 2.4907094918045343,
      "NUCLEAR": 2.369758056640625,
      "HERACOMB": 2.843198489519506,
      "DYE886": 1.7056371515447444,
      "CDF": 1.1117701530456543,
      "D0": 2.503491973876953,
      "ATLAS": 2.4147179343483667,
      "CMS": 2.774082871734119,
      "LHCb": 1.7536048889160156,
      "total": 2.417792797088623
    }
  },
  "15500": {
    "training_loss": 7706.041015625,
    "validation_loss": [
      2829.89013671875
    ],
    "validation_chi2s": {
      "DEUTERON": 1.747290919669232,
      "NMC": 2.4601081399356617,
      "NUCLEAR": 2.379713623046875,
      "HERACOMB": 2.8601999719158497,
      "DYE886": 1.6851614171808416,
      "CDF": 1.1928142820085799,
      "D0": 2.5442325592041017,
      "ATLAS": 2.3879871368408203,
      "CMS": 2.7649100882108093,
      "LHCb": 1.7062236070632935,
      "total": 2.404324769973755
    }
  },
  "15600": {
    "training_loss": 7700.43310546875,
    "validation_loss": [
      2843.992431640625
    ],
    "validation_chi2s": {
      "DEUTERON": 1.8500044333994092,
      "NMC": 2.4670918782552085,
      "NUCLEAR": 2.364500244140625,
      "HERACOMB": 2.8517741284339255,
      "DYE886": 1.703853433782404,
      "CDF": 1.1599490301949638,
      "D0": 2.6313396453857423,
      "ATLAS": 2.3424217917702417,
      "CMS": 2.8022953721343495,
      "LHCb": 1.7600548267364502,
      "total": 2.4161651134490967
    }
  },
  "15700": {
    "training_loss": 8052.380859375,
    "validation_loss": [
      2814.31591796875
    ],
    "validation_chi2s": {
      "DEUTERON": 1.7224962225007774,
      "NMC": 2.5362842036228552,
      "NUCLEAR": 2.38643505859375,
      "HERACOMB": 2.8245041791130516,
      "DYE886": 1.879870674826882,
      "CDF": 1.3204849788120814,
      "D0": 2.2349538803100586,
      "ATLAS": 2.358315034346147,
      "CMS": 2.7568256815925976,
      "LHCb": 1.6715093851089478,
      "total": 2.3910906314849854
    }
  },
  "15800": {
    "training_loss": 7713.173828125,
    "validation_loss": [
      2822.2255859375
    ],
    "validation_chi2s": {
      "DEUTERON": 1.7498008006840795,
      "NMC": 2.5172708548751532,
      "NUCLEAR": 2.368432373046875,
      "HERACOMB": 2.8255621218213847,
      "DYE886": 1.7577816356312146,
      "CDF": 1.2563044684273856,
      "D0": 2.5078426361083985,
      "ATLAS": 2.373176921497692,
      "CMS": 2.770572849961578,
      "LHCb": 1.7866246700286865,
      "total": 2.397812843322754
    }
  },
  "15900": {
    "training_loss": 8126.654296875,
    "validation_loss": [
      2825.52685546875
    ],
    "validation_chi2s": {
      "DEUTERON": 1.74269384887088,
      "NMC": 2.4790620990827974,
      "NUCLEAR": 2.364037109375,
      "HERACOMB": 2.8602464463975696,
      "DYE886": 1.801476391878995,
      "CDF": 1.2149347577776228,
      "D0": 2.2516117095947266,
      "ATLAS": 2.3727082339200107,
      "CMS": 2.7912057345030736,
      "LHCb": 1.6809860467910767,
      "total": 2.4006173610687256
    }
  },
  "16000": {
    "training_loss": 7968.833984375,
    "validation_loss": [
      2830.888427734375
    ],
    "validation_chi2s": {
      "DEUTERON": 1.8076489197081,
      "NMC": 2.543392405790441,
      "NUCLEAR": 2.36306591796875,
      "HERACOMB": 2.8305223253038196,
      "DYE886": 1.7641924077814275,
      "CDF": 1.2626792362758092,
      "D0": 2.463976287841797,
      "ATLAS": 2.3738685954700816,
      "CMS": 2.7330122150358607,
      "LHCb": 1.7916457653045654,
      "total": 2.4051051139831543
    }
  },
  "16100": {
    "training_loss": 7960.708984375,
    "validation_loss": [
      2820.685546875
    ],
    "validation_chi2s": {
      "DEUTERON": 1.7334471745277518,
      "NMC": 2.474593817018995,
      "NUCLEAR": 2.370456298828125,
      "HERACOMB": 2.8570169685712825,
      "DYE886": 1.9148869947953657,
      "CDF": 1.2939349583217077,
      "D0": 2.284932518005371,
      "ATLAS": 2.3322325619784268,
      "CMS": 2.788755323066086,
      "LHCb": 1.7019237279891968,
      "total": 2.3965044021606445
    }
  }
}