{
  "100": {
    "training_loss": 59200.0,
    "validation_loss": [
      27957.583984375
    ],
    "validation_chi2s": {
      "DEUTERON": 22.77322858364428,
      "NMC": 23.158758425245097,
      "NUCLEAR": 7.6518671875,
      "HERACOMB": 19.42940984987745,
      "DYE886": 21.19757218794389,
      "CDF": 8.95083236694336,
      "D0": 4.955305480957032,
      "ATLAS": 24.66133533824574,
      "CMS": 25.67430449695122,
      "LHCb": 22.88068962097168,
      "total": 19.037311553955078
    }
  },
  "200": {
    "training_loss": 23428.04296875,
    "validation_loss": [
      11250.6982421875
    ],
    "validation_chi2s": {
      "DEUTERON": 8.128530929337687,
      "NMC": 5.448102165670956,
      "NUCLEAR": 7.10115576171875,
      "HERACOMB": 9.250195472069036,
      "DYE886": 46.91395152698863,
      "CDF": 2.9111085619245256,
      "D0": 2.7403196334838866,
      "ATLAS": 9.863338123668324,
      "CMS": 6.656061932323425,
      "LHCb": 16.625612258911133,
      "total": 9.069684028625488
    }
  },
  "300": {
    "training_loss": 18381.6171875,
    "validation_loss": [
      8461.935546875
    ],
    "validation_chi2s": {
      "DEUTERON": 5.9875445769200875,
      "NMC": 3.7110613654641544,
      "NUCLEAR": 6.318830078125,
      "HERACOMB": 6.587050095103145,
      "DYE886": 39.39583518288352,
      "CDF": 2.511336462838309,
      "D0": 3.2364265441894533,
      "ATLAS": 7.539405822753906,
      "CMS": 5.178322892848069,
      "LHCb": 7.792065620422363,
      "total": 6.891318321228027
    }
  },
  "400": {
    "training_loss": 16321.828125,
    "validation_loss": [
      7315.3251953125
    ],
    "validation_chi2s": {
      "DEUTERON": 5.309374149759018,
      "NMC": 3.240935381721048,
      "NUCLEAR": 5.7822216796875,
      "HERACOMB": 5.173520156760621,
      "DYE886": 40.25995982776988,
      "CDF": 2.377659388950893,
      "D0": 9.636460876464843,
      "ATLAS": 6.309791564941406,
      "CMS": 4.714268630113059,
      "LHCb": 5.433258056640625,
      "total": 6.047618389129639
    }
  },
  "500": {
    "training_loss": 15505.44140625,
    "validation_loss": [
      7019.9619140625
    ],
    "validation_chi2s": {
      "DEUTERON": 5.073296238533893,
      "NMC": 3.1390093635110294,
      "NUCLEAR": 5.55297314453125,
      "HERACOMB": 4.750899570440155,
      "DYE886": 41.34344204989347,
      "CDF": 2.607525961739676,
      "D0": 11.613472747802735,
      "ATLAS": 5.778495441783559,
      "CMS": 4.8310487328506095,
      "LHCb": 5.518368721008301,
      "total": 5.8180012702941895
    }
  },
  "600": {
    "training_loss": 15896.1494140625,
    "validation_loss": [
      6814.4736328125
    ],
    "validation_chi2s": {
      "DEUTERON": 5.139121895405784,
      "NMC": 3.0565218457988665,
      "NUCLEAR": 5.39955908203125,
      "HERACOMB": 4.610019259982639,
      "DYE886": 37.38693514737216,
      "CDF": 2.772018705095564,
      "D0": 14.53046875,
      "ATLAS": 5.3480540188876065,
      "CMS": 4.899026514068852,
      "LHCb": 5.385444641113281,
      "total": 5.647533893585205
    }
  },
  "700": {
    "training_loss": 15966.4609375,
    "validation_loss": [
      6718.96923828125
    ],
    "validation_chi2s": {
      "DEUTERON": 5.206771319185323,
      "NMC": 2.9622650146484375,
      "NUCLEAR": 5.29944873046875,
      "HERACOMB": 4.495282341452206,
      "DYE886": 36.24799971147017,
      "CDF": 2.8668831416538785,
      "D0": 15.269328308105468,
      "ATLAS": 5.139515963467685,
      "CMS": 4.894037510321392,
      "LHCb": 5.5987114906311035,
      "total": 5.563627243041992
    }
  },
  "800": {
    "training_loss": 15287.5859375,
    "validation_loss": [
      6663.2763671875
    ],
    "validation_chi2s": {
      "DEUTERON": 5.238755563005286,
      "NMC": 2.8946554146560968,
      "NUCLEAR": 5.22068359375,
      "HERACOMB": 4.420658685023488,
      "DYE886": 36.06250832297585,
      "CDF": 3.078941890171596,
      "D0": 15.257363891601562,
      "ATLAS": 5.042766224254262,
      "CMS": 4.8735292016006095,
      "LHCb": 5.880303382873535,
      "total": 5.518805027008057
    }
  },
  "900": {
    "training_loss": 14615.921875,
    "validation_loss": [
      6623.8388671875
    ],
    "validation_chi2s": {
      "DEUTERON": 5.229517694729478,
      "NMC": 2.804634842218137,
      "NUCLEAR": 5.19081298828125,
      "HERACOMB": 4.250615936478758,
      "DYE886": 37.64436201615767,
      "CDF": 3.2446831294468472,
      "D0": 13.729963684082032,
      "ATLAS": 5.022484172474254,
      "CMS": 4.883971175527185,
      "LHCb": 6.299117088317871,
      "total": 5.489819049835205
    }
  },
  "1000": {
    "training_loss": 14542.8857421875,
    "validation_loss": [
      6564.5380859375
    ],
    "validation_chi2s": {
      "DEUTERON": 5.278422948732898,
      "NMC": 2.770741481407016,
      "NUCLEAR": 5.13005908203125,
      "HERACOMB": 4.2200050104677285,
      "DYE886": 36.39754416725852,
      "CDF": 3.364333016531808,
      "D0": 15.010980224609375,
      "ATLAS": 4.919472087513316,
      "CMS": 4.792209035981961,
      "LHCb": 6.304732799530029,
      "total": 5.439332485198975
    }
  },
  "1100": {
    "training_loss": 14396.119140625,
    "validation_loss": [
      6516.8525390625
    ],
    "validation_chi2s": {
      "DEUTERON": 5.309210782027363,
      "NMC": 2.7385394526462927,
      "NUCLEAR": 5.06865234375,
      "HERACOMB": 4.165604734732435,
      "DYE886": 35.80171342329545,
      "CDF": 3.438736779349191,
      "D0": 15.96651611328125,
      "ATLAS": 4.880595467307351,
      "CMS": 4.733959166984248,
      "LHCb": 6.3236165046691895,
      "total": 5.4020771980285645
    }
  },
  "1200": {
    "training_loss": 14245.453125,
    "validation_loss": [
      6447.5361328125
    ],
    "validation_chi2s": {
      "DEUTERON": 5.3277539305426,
      "NMC": 2.690929038851869,
      "NUCLEAR": 5.007484375,
      "HERACOMB": 4.084266014348447,
      "DYE886": 35.17924083362926,
      "CDF": 3.5430237906319753,
      "D0": 16.221517944335936,
      "ATLAS": 4.807686198841441,
      "CMS": 4.733821217606708,
      "LHCb": 6.3697123527526855,
      "total": 5.350574016571045
    }
  },
  "1300": {
    "training_loss": 14102.0849609375,
    "validation_loss": [
      6383.728515625
    ],
    "validation_chi2s": {
      "DEUTERON": 5.33571825928949,
      "NMC": 2.6602849025352326,
      "NUCLEAR": 4.92044873046875,
      "HERACOMB": 4.0232280656403185,
      "DYE886": 34.99245938387784,
      "CDF": 3.5620239802769254,
      "D0": 16.98404541015625,
      "ATLAS": 4.746158946644176,
      "CMS": 4.672028828442581,
      "LHCb": 6.281844615936279,
      "total": 5.3013458251953125
    }
  },
  "1400": {
    "training_loss": 14018.291015625,
    "validation_loss": [
      6333.6474609375
    ],
    "validation_chi2s": {
      "DEUTERON": 5.371275337181281,
      "NMC": 2.6527901443780637,
      "NUCLEAR": 4.8004453125,
      "HERACOMB": 4.012854482613358,
      "DYE886": 34.15128395774148,
      "CDF": 3.5890554700578963,
      "D0": 18.980960083007812,
      "ATLAS": 4.6682586669921875,
      "CMS": 4.662165447948425,
      "LHCb": 6.043769836425781,
      "total": 5.261192321777344
    }
  },
  "1500": {
    "training_loss": 14013.6875,
    "validation_loss": [
      6253.78515625
    ],
    "validation_chi2s": {
      "DEUTERON": 5.406802656638682,
      "NMC": 2.62305435479856,
      "NUCLEAR": 4.65903857421875,
      "HERACOMB": 3.9652051738664214,
      "DYE886": 33.49554443359375,
      "CDF": 3.5290233067103793,
      "D0": 19.423489379882813,
      "ATLAS": 4.593427484685725,
      "CMS": 4.713952537474594,
      "LHCb": 5.680081367492676,
      "total": 5.199080944061279
    }
  },
  "1600": {
    "training_loss": 13984.38671875,
    "validation_loss": [
      6200.4912109375
    ],
    "validation_chi2s": {
      "DEUTERON": 5.4303834829757465,
      "NMC": 2.609584733551624,
      "NUCLEAR": 4.5256943359375,
      "HERACOMB": 3.9293436287275325,
      "DYE886": 33.500391179865055,
      "CDF": 3.377978188650949,
      "D0": 20.420037841796876,
      "ATLAS": 4.539779316295277,
      "CMS": 4.708330356008638,
      "LHCb": 5.369707107543945,
      "total": 5.1555256843566895
    }
  },
  "1700": {
    "training_loss": 14010.6865234375,
    "validation_loss": [
      6158.2001953125
    ],
    "validation_chi2s": {
      "DEUTERON": 5.448981897154851,
      "NMC": 2.60517225078508,
      "NUCLEAR": 4.4146669921875,
      "HERACOMB": 3.896163641237745,
      "DYE886": 33.45093328302557,
      "CDF": 3.226881299700056,
      "D0": 21.208229064941406,
      "ATLAS": 4.501857410777699,
      "CMS": 4.7443128136115345,
      "LHCb": 5.149580478668213,
      "total": 5.123308181762695
    }
  },
  "1800": {
    "training_loss": 13631.732421875,
    "validation_loss": [
      6116.068359375
    ],
    "validation_chi2s": {
      "DEUTERON": 5.402619471004353,
      "NMC": 2.580091588637408,
      "NUCLEAR": 4.37104345703125,
      "HERACOMB": 3.7908648322610294,
      "DYE886": 35.01843539151278,
      "CDF": 3.1580848693847656,
      "D0": 19.98529052734375,
      "ATLAS": 4.4725213484330615,
      "CMS": 4.739356064214939,
      "LHCb": 5.053769111633301,
      "total": 5.088681697845459
    }
  },
  "1900": {
    "training_loss": 13550.857421875,
    "validation_loss": [
      6100.51416015625
    ],
    "validation_chi2s": {
      "DEUTERON": 5.431536774137127,
      "NMC": 2.6041582892922794,
      "NUCLEAR": 4.30599658203125,
      "HERACOMB": 3.8078242283241424,
      "DYE886": 34.90898271040483,
      "CDF": 3.1035025460379466,
      "D0": 20.790740966796875,
      "ATLAS": 4.4243621826171875,
      "CMS": 4.698872387893801,
      "LHCb": 4.923883438110352,
      "total": 5.074777126312256
    }
  },
  "2000": {
    "training_loss": 13507.962890625,
    "validation_loss": [
      6076.9541015625
    ],
    "validation_chi2s": {
      "DEUTERON": 5.4731979749689055,
      "NMC": 2.632094738530178,
      "NUCLEAR": 4.2386826171875,
      "HERACOMB": 3.833354476230596,
      "DYE886": 34.53358875621449,
      "CDF": 3.067978177751814,
      "D0": 21.245263671875,
      "ATLAS": 4.389812469482422,
      "CMS": 4.635394832952236,
      "LHCb": 4.772082328796387,
      "total": 5.056164264678955
    }
  },
  "2100": {
    "training_loss": 13529.8486328125,
    "validation_loss": [
      6061.65380859375
    ],
    "validation_chi2s": {
      "DEUTERON": 5.503574656016791,
      "NMC": 2.675485947552849,
      "NUCLEAR": 4.186466796875,
      "HERACOMB": 3.89935302734375,
      "DYE886": 34.1742636940696,
      "CDF": 3.1249117170061385,
      "D0": 18.779692077636717,
      "ATLAS": 4.370762564919212,
      "CMS": 4.766617441565041,
      "LHCb": 4.583033084869385,
      "total": 5.047706604003906
    }
  },
  "2200": {
    "training_loss": 8700.3046875,
    "validation_loss": [
      3263.6630859375
    ],
    "validation_chi2s": {
      "DEUTERON": 3.16324414305426,
      "NMC": 2.2032576916264555,
      "NUCLEAR": 2.586791259765625,
      "HERACOMB": 2.7928349114710986,
      "DYE886": 1.5613542036576704,
      "CDF": 1.4981182643345423,
      "D0": 1.9627113342285156,
      "ATLAS": 2.4109729420055044,
      "CMS": 3.573779098386687,
      "LHCb": 2.3048043251037598,
      "total": 2.76027774810791
    }
  },
  "2300": {
    "training_loss": 8222.11328125,
    "validation_loss": [
      2983.44482421875
    ],
    "validation_chi2s": {
      "DEUTERON": 2.752986775108831,
      "NMC": 2.3083258236155793,
      "NUCLEAR": 2.169361572265625,
      "HERACOMB": 2.6050237518510007,
      "DYE886": 1.7463260997425427,
      "CDF": 1.594230788094657,
      "D0": 2.0240942001342774,
      "ATLAS": 2.28224008733576,
      "CMS": 3.4604973521659046,
      "LHCb": 2.1183114051818848,
      "total": 2.5258688926696777
    }
  },
  "2400": {
    "training_loss": 8151.1181640625,
    "validation_loss": [
      2930.893798828125
    ],
    "validation_chi2s": {
      "DEUTERON": 2.6420209134989117,
      "NMC": 2.373993667901731,
      "NUCLEAR": 2.073938720703125,
      "HERACOMB": 2.644510107102737,
      "DYE886": 1.3367511575872248,
      "CDF": 1.4470266614641463,
      "D0": 2.175826835632324,
      "ATLAS": 2.3112624775279653,
      "CMS": 3.300913989059324,
      "LHCb": 2.1386072635650635,
      "total": 2.4807732105255127
    }
  },
  "2500": {
    "training_loss": 8157.99755859375,
    "validation_loss": [
      2932.2236328125
    ],
    "validation_chi2s": {
      "DEUTERON": 2.6199097894317473,
      "NMC": 2.3582512350643383,
      "NUCLEAR": 2.0283680419921875,
      "HERACOMB": 2.6411360198376226,
      "DYE886": 1.9735162908380681,
      "CDF": 1.4671194893973214,
      "D0": 2.192137336730957,
      "ATLAS": 2.335363908247514,
      "CMS": 3.3321806124555384,
      "LHCb": 2.093608856201172,
      "total": 2.4835641384124756
    }
  },
  "2600": {
    "training_loss": 8106.4140625,
    "validation_loss": [
      2904.3193359375
    ],
    "validation_chi2s": {
      "DEUTERON": 2.6382692251632465,
      "NMC": 2.349892709769455,
      "NUCLEAR": 2.01884912109375,
      "HERACOMB": 2.5922406763812296,
      "DYE886": 1.3698169534856623,
      "CDF": 1.4379267011369978,
      "D0": 2.3540060043334963,
      "ATLAS": 2.285112901167436,
      "CMS": 3.323905138465447,
      "LHCb": 2.3588480949401855,
      "total": 2.4603729248046875
    }
  },
  "2700": {
    "training_loss": 8103.7431640625,
    "validation_loss": [
      2907.63818359375
    ],
    "validation_chi2s": {
      "DEUTERON": 2.6728172492032027,
      "NMC": 2.3431698668236827,
      "NUCLEAR": 1.9883397216796874,
      "HERACOMB": 2.5804457321665644,
      "DYE886": 1.6489172848788174,
      "CDF": 1.4499664306640625,
      "D0": 2.3983875274658204,
      "ATLAS": 2.2682458704168145,
      "CMS": 3.4006188865599594,
      "LHCb": 2.258995771408081,
      "total": 2.464876174926758
    }
  },
  "2800": {
    "training_loss": 8095.49072265625,
    "validation_loss": [
      2921.540283203125
    ],
    "validation_chi2s": {
      "DEUTERON": 2.5894702512826493,
      "NMC": 2.388145745969286,
      "NUCLEAR": 2.00864501953125,
      "HERACOMB": 2.6658582500382964,
      "DYE886": 1.3299782492897727,
      "CDF": 1.3191601889474052,
      "D0": 2.295584869384766,
      "ATLAS": 2.416048223322088,
      "CMS": 3.2193303302051577,
      "LHCb": 2.256286859512329,
      "total": 2.474571704864502
    }
  },
  "2900": {
    "training_loss": 8150.24951171875,
    "validation_loss": [
      2903.689453125
    ],
    "validation_chi2s": {
      "DEUTERON": 2.5853271484375,
      "NMC": 2.3432241701612284,
      "NUCLEAR": 1.9867579345703126,
      "HERACOMB": 2.650857364430147,
      "DYE886": 1.6443632299249822,
      "CDF": 1.3724862507411413,
      "D0": 2.2696739196777345,
      "ATLAS": 2.3829985531893643,
      "CMS": 3.2277229122999236,
      "LHCb": 2.0824873447418213,
      "total": 2.460564136505127
    }
  },
  "3000": {
    "training_loss": 8080.8740234375,
    "validation_loss": [
      2930.35302734375
    ],
    "validation_chi2s": {
      "DEUTERON": 2.5852017378925685,
      "NMC": 2.3395539826037837,
      "NUCLEAR": 2.00783154296875,
      "HERACOMB": 2.658609228196487,
      "DYE886": 1.4701251983642578,
      "CDF": 1.325667381286621,
      "D0": 2.4200443267822265,
      "ATLAS": 2.4422501650723545,
      "CMS": 3.231614523786839,
      "LHCb": 2.4359934329986572,
      "total": 2.483475685119629
    }
  },
  "3100": {
    "training_loss": 8098.02734375,
    "validation_loss": [
      2911.0751953125
    ],
    "validation_chi2s": {
      "DEUTERON": 2.596840929629198,
      "NMC": 2.3746258604760264,
      "NUCLEAR": 1.9820482177734375,
      "HERACOMB": 2.660296471290339,
      "DYE886": 1.515342192216353,
      "CDF": 1.2954463958740234,
      "D0": 2.255522918701172,
      "ATLAS": 2.4258669072931465,
      "CMS": 3.210245023897993,
      "LHCb": 2.0988118648529053,
      "total": 2.467376232147217
    }
  },
  "3200": {
    "training_loss": 8091.82666015625,
    "validation_loss": [
      2879.3115234375
    ],
    "validation_chi2s": {
      "DEUTERON": 2.5887387403801307,
      "NMC": 2.334690916771982,
      "NUCLEAR": 1.9698509521484375,
      "HERACOMB": 2.621396731707006,
      "DYE886": 1.5837343389337712,
      "CDF": 1.318068368094308,
      "D0": 2.1507776260375975,
      "ATLAS": 2.342778292569247,
      "CMS": 3.2679880033663617,
      "LHCb": 1.9275473356246948,
      "total": 2.441056966781616
    }
  },
  "3300": {
    "training_loss": 8088.791015625,
    "validation_loss": [
      2888.823486328125
    ],
    "validation_chi2s": {
      "DEUTERON": 2.579955751030006,
      "NMC": 2.3511877620921418,
      "NUCLEAR": 1.9789539794921875,
      "HERACOMB": 2.6328057183159723,
      "DYE886": 1.4559553319757634,
      "CDF": 1.2926081248692103,
      "D0": 2.220344352722168,
      "ATLAS": 2.3788518038663,
      "CMS": 3.2387653133733485,
      "LHCb": 2.0577452182769775,
      "total": 2.449096202850342
    }
  },
  "3400": {
    "training_loss": 8088.75732421875,
    "validation_loss": [
      2899.92626953125
    ],
    "validation_chi2s": {
      "DEUTERON": 2.6077039728117226,
      "NMC": 2.330600813323376,
      "NUCLEAR": 1.968372314453125,
      "HERACOMB": 2.6283523459839664,
      "DYE886": 1.7781415419145064,
      "CDF": 1.309495108468192,
      "D0": 2.2416988372802735,
      "ATLAS": 2.3770146803422407,
      "CMS": 3.2646953303639483,
      "LHCb": 2.0749268531799316,
      "total": 2.458735704421997
    }
  },
  "3500": {
    "training_loss": 8095.73046875,
    "validation_loss": [
      2886.46826171875
    ],
    "validation_chi2s": {
      "DEUTERON": 2.6106643297185945,
      "NMC": 2.330139908136106,
      "NUCLEAR": 1.9731390380859375,
      "HERACOMB": 2.5929816750919117,
      "DYE886": 1.6052289442582564,
      "CDF": 1.3158982140677316,
      "D0": 2.234640121459961,
      "ATLAS": 2.3960240103981714,
      "CMS": 3.2316331320661837,
      "LHCb": 2.1030638217926025,
      "total": 2.4479455947875977
    }
  },
  "3600": {
    "training_loss": 8388.92431640625,
    "validation_loss": [
      3444.29443359375
    ],
    "validation_chi2s": {
      "DEUTERON": 5.253216947489117,
      "NMC": 2.3182042439778647,
      "NUCLEAR": 1.996403076171875,
      "HERACOMB": 2.566646800321691,
      "DYE886": 1.4163928465409712,
      "CDF": 1.2983694076538086,
      "D0": 2.2933832168579102,
      "ATLAS": 2.4322573921897193,
      "CMS": 3.2556700667714686,
      "LHCb": 2.7166588306427,
      "total": 2.9178783893585205
    }
  },
  "3700": {
    "training_loss": 8072.8994140625,
    "validation_loss": [
      2891.73046875
    ],
    "validation_chi2s": {
      "DEUTERON": 2.5581917074782337,
      "NMC": 2.343852622836244,
      "NUCLEAR": 1.978153076171875,
      "HERACOMB": 2.641515993604473,
      "DYE886": 1.4425587220625444,
      "CDF": 1.281132698059082,
      "D0": 2.2243989944458007,
      "ATLAS": 2.448919643055309,
      "CMS": 3.1951762873951983,
      "LHCb": 2.043794870376587,
      "total": 2.4524118900299072
    }
  },
  "3800": {
    "training_loss": 8096.14599609375,
    "validation_loss": [
      2872.94287109375
    ],
    "validation_chi2s": {
      "DEUTERON": 2.5817506704757465,
      "NMC": 2.3254850798962163,
      "NUCLEAR": 1.967355224609375,
      "HERACOMB": 2.609377393535539,
      "DYE886": 1.5017613497647373,
      "CDF": 1.288031986781529,
      "D0": 2.1862430572509766,
      "ATLAS": 2.3273981267755683,
      "CMS": 3.2816908921652694,
      "LHCb": 2.0470917224884033,
      "total": 2.43678617477417
    }
  },
  "3900": {
    "training_loss": 8071.2001953125,
    "validation_loss": [
      2904.09033203125
    ],
    "validation_chi2s": {
      "DEUTERON": 2.5604973788285137,
      "NMC": 2.3772876215916052,
      "NUCLEAR": 1.985185302734375,
      "HERACOMB": 2.657269646139706,
      "DYE886": 1.3576496297662908,
      "CDF": 1.261240005493164,
      "D0": 2.341910552978516,
      "ATLAS": 2.429503007368608,
      "CMS": 3.2139800777280234,
      "LHCb": 2.178725004196167,
      "total": 2.4618592262268066
    }
  },
  "4000": {
    "training_loss": 8074.498046875,
    "validation_loss": [
      2889.19775390625
    ],
    "validation_chi2s": {
      "DEUTERON": 2.611652734860852,
      "NMC": 2.3179378135531556,
      "NUCLEAR": 1.9620582275390626,
      "HERACOMB": 2.6000920713337417,
      "DYE886": 1.679933027787642,
      "CDF": 1.2900995526994978,
      "D0": 2.228585052490234,
      "ATLAS": 2.37077504938299,
      "CMS": 3.292871490726626,
      "LHCb": 2.121187448501587,
      "total": 2.451385736465454
    }
  },
  "4100": {
    "training_loss": 8067.56640625,
    "validation_loss": [
      2892.39404296875
    ],
    "validation_chi2s": {
      "DEUTERON": 2.5621523121696206,
      "NMC": 2.3384062823127296,
      "NUCLEAR": 1.977146240234375,
      "HERACOMB": 2.6404341155407476,
      "DYE886": 1.362086209383878,
      "CDF": 1.243750980922154,
      "D0": 2.252385902404785,
      "ATLAS": 2.399266156283292,
      "CMS": 3.25024017085874,
      "LHCb": 2.1938369274139404,
      "total": 2.4532766342163086
    }
  },
  "4200": {
    "training_loss": 8077.796875,
    "validation_loss": [
      2884.10791015625
    ],
    "validation_chi2s": {
      "DEUTERON": 2.6010529627254355,
      "NMC": 2.3051349415498623,
      "NUCLEAR": 1.9621292724609376,
      "HERACOMB": 2.6013616424760007,
      "DYE886": 1.6706341830166904,
      "CDF": 1.2784576416015625,
      "D0": 2.1743812561035156,
      "ATLAS": 2.3665166334672407,
      "CMS": 3.2861873967860773,
      "LHCb": 2.116539239883423,
      "total": 2.44720458984375
    }
  },
  "4300": {
    "training_loss": 8071.96533203125,
    "validation_loss": [
      2887.95361328125
    ],
    "validation_chi2s": {
      "DEUTERON": 2.5570423638642725,
      "NMC": 2.3379938462201286,
      "NUCLEAR": 1.968472412109375,
      "HERACOMB": 2.6556783439287175,
      "DYE886": 1.4816835576837712,
      "CDF": 1.249755586896624,
      "D0": 2.2112730026245115,
      "ATLAS": 2.3738637404008345,
      "CMS": 3.254036011734629,
      "LHCb": 2.0635812282562256,
      "total": 2.449488878250122
    }
  },
  "4400": {
    "training_loss": 8076.0146484375,
    "validation_loss": [
      2879.869140625
    ],
    "validation_chi2s": {
      "DEUTERON": 2.5897140882501555,
      "NMC": 2.3054374246036304,
      "NUCLEAR": 1.9634197998046874,
      "HERACOMB": 2.606856601690155,
      "DYE886": 1.6972468983043323,
      "CDF": 1.2783669063023158,
      "D0": 2.1589431762695312,
      "ATLAS": 2.3587785200639204,
      "CMS": 3.2662251790364585,
      "LHCb": 2.0837717056274414,
      "total": 2.443218946456909
    }
  },
  "4500": {
    "training_loss": 8066.54296875,
    "validation_loss": [
      2882.4990234375
    ],
    "validation_chi2s": {
      "DEUTERON": 2.5524386126010574,
      "NMC": 2.3361200070848653,
      "NUCLEAR": 1.9742108154296876,
      "HERACOMB": 2.633349250344669,
      "DYE886": 1.4614132967862217,
      "CDF": 1.2546096529279436,
      "D0": 2.1904775619506838,
      "ATLAS": 2.4220877560702236,
      "CMS": 3.2022645531631095,
      "LHCb": 2.0612480640411377,
      "total": 2.445249557495117
    }
  },
  "4600": {
    "training_loss": 8071.6494140625,
    "validation_loss": [
      2877.58056640625
    ],
    "validation_chi2s": {
      "DEUTERON": 2.5701148189715486,
      "NMC": 2.322486578249464,
      "NUCLEAR": 1.9706094970703125,
      "HERACOMB": 2.6145123251123366,
      "DYE886": 1.5156416459517046,
      "CDF": 1.244485718863351,
      "D0": 2.1665018081665037,
      "ATLAS": 2.3763696497136895,
      "CMS": 3.2439694288300305,
      "LHCb": 2.10371732711792,
      "total": 2.4414446353912354
    }
  },
  "4700": {
    "training_loss": 8063.8134765625,
    "validation_loss": [
      2872.78173828125
    ],
    "validation_chi2s": {
      "DEUTERON": 2.5837311246501864,
      "NMC": 2.2796298756318936,
      "NUCLEAR": 1.9563016357421874,
      "HERACOMB": 2.600881539139093,
      "DYE886": 1.6768271706321023,
      "CDF": 1.2580689021519251,
      "D0": 2.109574890136719,
      "ATLAS": 2.3507300290194424,
      "CMS": 3.3014675233422257,
      "LHCb": 2.0280306339263916,
      "total": 2.4380600452423096
    }
  },
  "4800": {
    "training_loss": 8055.01611328125,
    "validation_loss": [
      2889.14208984375
    ],
    "validation_chi2s": {
      "DEUTERON": 2.6240856872862253,
      "NMC": 2.2900721232096353,
      "NUCLEAR": 1.9570513916015626,
      "HERACOMB": 2.5810596740323732,
      "DYE886": 1.699897592717951,
      "CDF": 1.2728279658726283,
      "D0": 2.202363204956055,
      "ATLAS": 2.3411747325550425,
      "CMS": 3.3660963104992376,
      "LHCb": 2.211343288421631,
      "total": 2.452014207839966
    }
  },
  "4900": {
    "training_loss": 8054.06103515625,
    "validation_loss": [
      2871.937744140625
    ],
    "validation_chi2s": {
      "DEUTERON": 2.5424466109394435,
      "NMC": 2.310476864085478,
      "NUCLEAR": 1.9682803955078125,
      "HERACOMB": 2.6230301202512254,
      "DYE886": 1.480233452536843,
      "CDF": 1.2397915976388114,
      "D0": 2.1504425048828124,
      "ATLAS": 2.4257933876731177,
      "CMS": 3.195240051765752,
      "LHCb": 2.008420944213867,
      "total": 2.4368040561676025
    }
  },
  "5000": {
    "training_loss": 8048.22705078125,
    "validation_loss": [
      2875.45361328125
    ],
    "validation_chi2s": {
      "DEUTERON": 2.5335330488669934,
      "NMC": 2.3332181444355085,
      "NUCLEAR": 1.97247314453125,
      "HERACOMB": 2.6397318123212825,
      "DYE886": 1.3961543169888584,
      "CDF": 1.229945182800293,
      "D0": 2.2383649826049803,
      "ATLAS": 2.4133541800759057,
      "CMS": 3.1972636401168697,
      "LHCb": 2.024669647216797,
      "total": 2.4394078254699707
    }
  },
  "5100": {
    "training_loss": 8049.40771484375,
    "validation_loss": [
      2874.266357421875
    ],
    "validation_chi2s": {
      "DEUTERON": 2.5444580381782496,
      "NMC": 2.312887004777497,
      "NUCLEAR": 1.9690247802734375,
      "HERACOMB": 2.6265264772901347,
      "DYE886": 1.447667815468528,
      "CDF": 1.2285866056169783,
      "D0": 2.2093753814697266,
      "ATLAS": 2.4015520269220527,
      "CMS": 3.2210956356389735,
      "LHCb": 2.068061351776123,
      "total": 2.4388413429260254
    }
  },
  "5200": {
    "training_loss": 8052.41650390625,
    "validation_loss": [
      2865.95849609375
    ],
    "validation_chi2s": {
      "DEUTERON": 2.5838695924673507,
      "NMC": 2.2845626531862746,
      "NUCLEAR": 1.95775244140625,
      "HERACOMB": 2.590690862119587,
      "DYE886": 1.73478872125799,
      "CDF": 1.2548205511910575,
      "D0": 2.102014350891113,
      "ATLAS": 2.3161421689120205,
      "CMS": 3.299669219226372,
      "LHCb": 2.0550363063812256,
      "total": 2.432335376739502
    }
  },
  "5300": {
    "training_loss": 8050.39990234375,
    "validation_loss": [
      2864.990234375
    ],
    "validation_chi2s": {
      "DEUTERON": 2.5472365042463463,
      "NMC": 2.3019476497874543,
      "NUCLEAR": 1.969859619140625,
      "HERACOMB": 2.611944260940053,
      "DYE886": 1.4309816360473633,
      "CDF": 1.217423711504255,
      "D0": 2.178187370300293,
      "ATLAS": 2.3650008114901455,
      "CMS": 3.229720945280742,
      "LHCb": 2.105689764022827,
      "total": 2.4310500621795654
    }
  },
  "5400": {
    "training_loss": 8038.66943359375,
    "validation_loss": [
      2870.88037109375
    ],
    "validation_chi2s": {
      "DEUTERON": 2.601150436780939,
      "NMC": 2.2666605033126532,
      "NUCLEAR": 1.960261962890625,
      "HERACOMB": 2.5812549466401142,
      "DYE886": 1.6278277310458096,
      "CDF": 1.2330075672694616,
      "D0": 2.1141101837158205,
      "ATLAS": 2.332921114834872,
      "CMS": 3.315457475863821,
      "LHCb": 2.1309444904327393,
      "total": 2.4367830753326416
    }
  },
  "5500": {
    "training_loss": 8036.1923828125,
    "validation_loss": [
      2871.303466796875
    ],
    "validation_chi2s": {
      "DEUTERON": 2.535479341573383,
      "NMC": 2.3086772245519303,
      "NUCLEAR": 1.971514404296875,
      "HERACOMB": 2.636629790262459,
      "DYE886": 1.4180370677601208,
      "CDF": 1.2069933755057198,
      "D0": 2.2047733306884765,
      "ATLAS": 2.378735802390359,
      "CMS": 3.214455705348069,
      "LHCb": 2.095043659210205,
      "total": 2.436189651489258
    }
  },
  "5600": {
    "training_loss": 8031.39892578125,
    "validation_loss": [
      2868.859619140625
    ],
    "validation_chi2s": {
      "DEUTERON": 2.567006884522699,
      "NMC": 2.2730620141122855,
      "NUCLEAR": 1.9690823974609375,
      "HERACOMB": 2.584955153122447,
      "DYE886": 1.376189578663219,
      "CDF": 1.2064572743007116,
      "D0": 2.1335933685302733,
      "ATLAS": 2.3919317072088067,
      "CMS": 3.252696215621824,
      "LHCb": 2.241572141647339,
      "total": 2.4346439838409424
    }
  },
  "5700": {
    "training_loss": 8057.2734375,
    "validation_loss": [
      2868.849609375
    ],
    "validation_chi2s": {
      "DEUTERON": 2.565397499805659,
      "NMC": 2.2794119143018534,
      "NUCLEAR": 1.9645694580078126,
      "HERACOMB": 2.6054242701312296,
      "DYE886": 1.5850982666015625,
      "CDF": 1.2266060965401786,
      "D0": 2.1138469696044924,
      "ATLAS": 2.3995718522505327,
      "CMS": 3.215875641117251,
      "LHCb": 2.054426670074463,
      "total": 2.435070514678955
    }
  },
  "5800": {
    "training_loss": 8042.6689453125,
    "validation_loss": [
      2862.25390625
    ],
    "validation_chi2s": {
      "DEUTERON": 2.5288011541414024,
      "NMC": 2.311738556506587,
      "NUCLEAR": 1.9735570068359376,
      "HERACOMB": 2.6292281805300246,
      "DYE886": 1.3906804865056819,
      "CDF": 1.2371740341186523,
      "D0": 2.1821062088012697,
      "ATLAS": 2.3785136829723013,
      "CMS": 3.186936789411839,
      "LHCb": 2.0362579822540283,
      "total": 2.428666114807129
    }
  },
  "5900": {
    "training_loss": 8034.1962890625,
    "validation_loss": [
      2880.35546875
    ],
    "validation_chi2s": {
      "DEUTERON": 2.591501416258551,
      "NMC": 2.259731217926624,
      "NUCLEAR": 1.9595997314453124,
      "HERACOMB": 2.5939712025760824,
      "DYE886": 1.693399429321289,
      "CDF": 1.227750641959054,
      "D0": 2.1931264877319334,
      "ATLAS": 2.3449441736394707,
      "CMS": 3.3240215022389483,
      "LHCb": 2.2174110412597656,
      "total": 2.4449028968811035
    }
  },
  "6000": {
    "training_loss": 8050.32666015625,
    "validation_loss": [
      2872.89453125
    ],
    "validation_chi2s": {
      "DEUTERON": 2.549214073674596,
      "NMC": 2.273732204063266,
      "NUCLEAR": 1.9666273193359376,
      "HERACOMB": 2.607403724022161,
      "DYE886": 1.6589084972034802,
      "CDF": 1.2570326668875558,
      "D0": 2.0936000823974608,
      "ATLAS": 2.4501301158558237,
      "CMS": 3.185866441183943,
      "LHCb": 2.0468153953552246,
      "total": 2.438615083694458
    }
  },
  "6100": {
    "training_loss": 8036.205078125,
    "validation_loss": [
      2869.386474609375
    ],
    "validation_chi2s": {
      "DEUTERON": 2.5405057840679417,
      "NMC": 2.2883713666130516,
      "NUCLEAR": 1.9695948486328125,
      "HERACOMB": 2.62352059557547,
      "DYE886": 1.4288361289284446,
      "CDF": 1.2155305317470007,
      "D0": 2.172578811645508,
      "ATLAS": 2.3784209164706143,
      "CMS": 3.23306770634845,
      "LHCb": 2.1279444694519043,
      "total": 2.4351248741149902
    }
  },
  "6200": {
    "training_loss": 8044.16943359375,
    "validation_loss": [
      2870.431884765625
    ],
    "validation_chi2s": {
      "DEUTERON": 2.5430234083488807,
      "NMC": 2.287313274308747,
      "NUCLEAR": 1.9686575927734375,
      "HERACOMB": 2.617715274586397,
      "DYE886": 1.4206785722212358,
      "CDF": 1.2138314928327287,
      "D0": 2.14194393157959,
      "ATLAS": 2.413736169988459,
      "CMS": 3.2171489436451983,
      "LHCb": 2.108220338821411,
      "total": 2.436457633972168
    }
  },
  "6300": {
    "training_loss": 8035.61669921875,
    "validation_loss": [
      2869.7451171875
    ],
    "validation_chi2s": {
      "DEUTERON": 2.56352393306903,
      "NMC": 2.2622058344822302,
      "NUCLEAR": 1.9583460693359376,
      "HERACOMB": 2.6051946901807597,
      "DYE886": 1.851240504871715,
      "CDF": 1.2435549327305384,
      "D0": 2.065167999267578,
      "ATLAS": 2.355234146118164,
      "CMS": 3.2817092523342226,
      "LHCb": 1.9971107244491577,
      "total": 2.4359757900238037
    }
  },
  "6400": {
    "training_loss": 8047.07177734375,
    "validation_loss": [
      2879.54638671875
    ],
    "validation_chi2s": {
      "DEUTERON": 2.5766048905861316,
      "NMC": 2.2726461373123468,
      "NUCLEAR": 1.965156494140625,
      "HERACOMB": 2.5989802740757764,
      "DYE886": 1.5173977938565342,
      "CDF": 1.2211547579084123,
      "D0": 2.1770416259765626,
      "ATLAS": 2.3778962222012607,
      "CMS": 3.287043873856707,
      "LHCb": 2.263535261154175,
      "total": 2.4442529678344727
    }
  },
  "6500": {
    "training_loss": 8048.15234375,
    "validation_loss": [
      2880.29931640625
    ],
    "validation_chi2s": {
      "DEUTERON": 2.5456339518229165,
      "NMC": 2.291113161573223,
      "NUCLEAR": 1.974897216796875,
      "HERACOMB": 2.6055279900045956,
      "DYE886": 1.6347512331875889,
      "CDF": 1.2723305565970284,
      "D0": 2.103208541870117,
      "ATLAS": 2.47620305148038,
      "CMS": 3.178906200377922,
      "LHCb": 2.1229240894317627,
      "total": 2.444981813430786
    }
  },
  "6600": {
    "training_loss": 8063.17529296875,
    "validation_loss": [
      2871.90380859375
    ],
    "validation_chi2s": {
      "DEUTERON": 2.552060255363806,
      "NMC": 2.279439739152497,
      "NUCLEAR": 1.9688096923828124,
      "HERACOMB": 2.606432746438419,
      "DYE886": 1.4450279582630505,
      "CDF": 1.2148701804024833,
      "D0": 2.14919490814209,
      "ATLAS": 2.431019349531694,
      "CMS": 3.2136255279789125,
      "LHCb": 2.1193056106567383,
      "total": 2.437798261642456
    }
  },
  "6700": {
    "training_loss": 8051.05908203125,
    "validation_loss": [
      2881.77978515625
    ],
    "validation_chi2s": {
      "DEUTERON": 2.587965628400964,
      "NMC": 2.2754962397556677,
      "NUCLEAR": 1.9639146728515624,
      "HERACOMB": 2.5964221829682392,
      "DYE886": 1.7262510819868608,
      "CDF": 1.2260333469935827,
      "D0": 2.1615434646606446,
      "ATLAS": 2.3890335776589136,
      "CMS": 3.273920819042175,
      "LHCb": 2.1431472301483154,
      "total": 2.4462084770202637
    }
  },
  "6800": {
    "training_loss": 8047.37158203125,
    "validation_loss": [
      2870.44091796875
    ],
    "validation_chi2s": {
      "DEUTERON": 2.532856348142102,
      "NMC": 2.3087271896063113,
      "NUCLEAR": 1.96680078125,
      "HERACOMB": 2.6384969474443425,
      "DYE886": 1.4828992323441939,
      "CDF": 1.2266099112374442,
      "D0": 2.192505645751953,
      "ATLAS": 2.376358379017223,
      "CMS": 3.222146135035569,
      "LHCb": 2.0669705867767334,
      "total": 2.436138153076172
    }
  },
  "6900": {
    "training_loss": 8035.8876953125,
    "validation_loss": [
      2888.55908203125
    ],
    "validation_chi2s": {
      "DEUTERON": 2.5980412877021144,
      "NMC": 2.275291592467065,
      "NUCLEAR": 1.9567701416015626,
      "HERACOMB": 2.5931871202256946,
      "DYE886": 2.0302210721102627,
      "CDF": 1.2553043365478516,
      "D0": 2.1123159408569334,
      "ATLAS": 2.38033745505593,
      "CMS": 3.307019489567454,
      "LHCb": 2.1000399589538574,
      "total": 2.4519805908203125
    }
  },
  "7000": {
    "training_loss": 8053.837890625,
    "validation_loss": [
      2877.0751953125
    ],
    "validation_chi2s": {
      "DEUTERON": 2.5383848883026277,
      "NMC": 2.316808214374617,
      "NUCLEAR": 1.9791881103515625,
      "HERACOMB": 2.6366832458895018,
      "DYE886": 1.4366667487404563,
      "CDF": 1.2369331632341658,
      "D0": 2.1817787170410154,
      "ATLAS": 2.420468417080966,
      "CMS": 3.1834205689469006,
      "LHCb": 2.086620330810547,
      "total": 2.4417765140533447
    }
  },
  "7100": {
    "training_loss": 8064.751953125,
    "validation_loss": [
      2885.160888671875
    ],
    "validation_chi2s": {
      "DEUTERON": 2.5776871258939678,
      "NMC": 2.299254623113894,
      "NUCLEAR": 1.965971435546875,
      "HERACOMB": 2.596322651782067,
      "DYE886": 2.0032407587224785,
      "CDF": 1.2602372850690569,
      "D0": 2.0743860244750976,
      "ATLAS": 2.4291825727982954,
      "CMS": 3.2401879783568344,
      "LHCb": 2.000053882598877,
      "total": 2.4491193294525146
    }
  },
  "7200": {
    "training_loss": 8043.71435546875,
    "validation_loss": [
      2882.5234375
    ],
    "validation_chi2s": {
      "DEUTERON": 2.540971139177161,
      "NMC": 2.313975315467984,
      "NUCLEAR": 1.97316552734375,
      "HERACOMB": 2.631091348486009,
      "DYE886": 1.4067042957652698,
      "CDF": 1.2116114752633231,
      "D0": 2.26938533782959,
      "ATLAS": 2.4106849323619497,
      "CMS": 3.225285723926575,
      "LHCb": 2.239025592803955,
      "total": 2.4464480876922607
    }
  },
  "7300": {
    "training_loss": 8058.73876953125,
    "validation_loss": [
      2881.38623046875
    ],
    "validation_chi2s": {
      "DEUTERON": 2.5791267660719837,
      "NMC": 2.304808074352788,
      "NUCLEAR": 1.9589635009765625,
      "HERACOMB": 2.5915118448095384,
      "DYE886": 1.8234528628262607,
      "CDF": 1.2539818627493722,
      "D0": 2.1570180892944335,
      "ATLAS": 2.399928179654208,
      "CMS": 3.269284876381479,
      "LHCb": 2.1129162311553955,
      "total": 2.4459080696105957
    }
  },
  "7400": {
    "training_loss": 8056.1826171875,
    "validation_loss": [
      2874.641845703125
    ],
    "validation_chi2s": {
      "DEUTERON": 2.5804959577114426,
      "NMC": 2.2962335324754903,
      "NUCLEAR": 1.9554012451171876,
      "HERACOMB": 2.5875086566202,
      "DYE886": 1.6968834616921165,
      "CDF": 1.2475828443254744,
      "D0": 2.153913688659668,
      "ATLAS": 2.394001180475408,
      "CMS": 3.269854537839812,
      "LHCb": 2.0934958457946777,
      "total": 2.440192937850952
    }
  },
  "7500": {
    "training_loss": 8053.67822265625,
    "validation_loss": [
      2880.31396484375
    ],
    "validation_chi2s": {
      "DEUTERON": 2.54503954227884,
      "NMC": 2.3267585903990504,
      "NUCLEAR": 1.96377197265625,
      "HERACOMB": 2.6282522164139093,
      "DYE886": 1.4274930953979492,
      "CDF": 1.2242018835885184,
      "D0": 2.26373233795166,
      "ATLAS": 2.4128877466375176,
      "CMS": 3.235605131319868,
      "LHCb": 2.1729462146759033,
      "total": 2.444991111755371
    }
  },
  "7600": {
    "training_loss": 8050.830078125,
    "validation_loss": [
      2876.557861328125
    ],
    "validation_chi2s": {
      "DEUTERON": 2.5756805571750623,
      "NMC": 2.2962389179304536,
      "NUCLEAR": 1.949139404296875,
      "HERACOMB": 2.595468359055862,
      "DYE886": 1.9645652770996094,
      "CDF": 1.265829358782087,
      "D0": 2.108860206604004,
      "ATLAS": 2.3885643698952417,
      "CMS": 3.2754801928512447,
      "LHCb": 1.990281343460083,
      "total": 2.4418067932128906
    }
  },
  "7700": {
    "training_loss": 8067.32080078125,
    "validation_loss": [
      2884.666015625
    ],
    "validation_chi2s": {
      "DEUTERON": 2.595309281230566,
      "NMC": 2.2826786415249694,
      "NUCLEAR": 1.9501968994140626,
      "HERACOMB": 2.6015369689542482,
      "DYE886": 1.7088383761319248,
      "CDF": 1.2440479823521204,
      "D0": 2.209706115722656,
      "ATLAS": 2.3964066938920454,
      "CMS": 3.289810056608867,
      "LHCb": 2.127305507659912,
      "total": 2.4487106800079346
    }
  },
  "7800": {
    "training_loss": 8068.61865234375,
    "validation_loss": [
      2886.4443359375
    ],
    "validation_chi2s": {
      "DEUTERON": 2.580509925956157,
      "NMC": 2.2985465853821996,
      "NUCLEAR": 1.9605484619140625,
      "HERACOMB": 2.589617959814134,
      "DYE886": 1.4140330227938565,
      "CDF": 1.2429864065987724,
      "D0": 2.22918586730957,
      "ATLAS": 2.5271391435102983,
      "CMS": 3.1891199127445375,
      "LHCb": 2.1449735164642334,
      "total": 2.450125217437744
    }
  },
  "7900": {
    "training_loss": 8057.3134765625,
    "validation_loss": [
      2885.611572265625
    ],
    "validation_chi2s": {
      "DEUTERON": 2.5470568908387747,
      "NMC": 2.313645456351486,
      "NUCLEAR": 1.96461865234375,
      "HERACOMB": 2.630212721481822,
      "DYE886": 1.4852880998091265,
      "CDF": 1.2084413255964006,
      "D0": 2.259263610839844,
      "ATLAS": 2.426618749445135,
      "CMS": 3.2276685761242376,
      "LHCb": 2.2399113178253174,
      "total": 2.449446201324463
    }
  },
  "8000": {
    "training_loss": 8076.90625,
    "validation_loss": [
      2880.721923828125
    ],
    "validation_chi2s": {
      "DEUTERON": 2.5719361566192473,
      "NMC": 2.2984696930530024,
      "NUCLEAR": 1.95612255859375,
      "HERACOMB": 2.5982412699780433,
      "DYE886": 1.8185407465154475,
      "CDF": 1.2496824264526367,
      "D0": 2.144786262512207,
      "ATLAS": 2.402979764071378,
      "CMS": 3.25680641236344,
      "LHCb": 2.1452980041503906,
      "total": 2.445363998413086
    }
  },
  "8100": {
    "training_loss": 8067.16064453125,
    "validation_loss": [
      2877.187744140625
    ],
    "validation_chi2s": {
      "DEUTERON": 2.5851598331584267,
      "NMC": 2.2844571880265776,
      "NUCLEAR": 1.9483577880859375,
      "HERACOMB": 2.5875778696895426,
      "DYE886": 1.7553716139359907,
      "CDF": 1.2390215737479073,
      "D0": 2.1785459518432617,
      "ATLAS": 2.3934797807173296,
      "CMS": 3.2866548367632116,
      "LHCb": 2.1094465255737305,
      "total": 2.442362070083618
    }
  },
  "8200": {
    "training_loss": 8080.12451171875,
    "validation_loss": [
      2875.21142578125
    ],
    "validation_chi2s": {
      "DEUTERON": 2.564993938996424,
      "NMC": 2.3222650266161153,
      "NUCLEAR": 1.95582373046875,
      "HERACOMB": 2.6151258680555554,
      "DYE886": 1.5820383592085405,
      "CDF": 1.2242991583687919,
      "D0": 2.241746711730957,
      "ATLAS": 2.3645381927490234,
      "CMS": 3.269985043905615,
      "LHCb": 2.111452102661133,
      "total": 2.440500259399414
    }
  },
  "8300": {
    "training_loss": 8051.4599609375,
    "validation_loss": [
      2877.824462890625
    ],
    "validation_chi2s": {
      "DEUTERON": 2.5456139104283273,
      "NMC": 2.341062957165288,
      "NUCLEAR": 1.95231494140625,
      "HERACOMB": 2.6399005565767975,
      "DYE886": 1.5151927254416726,
      "CDF": 1.232346670968192,
      "D0": 2.45269775390625,
      "ATLAS": 2.392660314386541,
      "CMS": 3.236693343495935,
      "LHCb": 2.024210214614868,
      "total": 2.4426441192626953
    }
  },
  "8400": {
    "training_loss": 8070.83984375,
    "validation_loss": [
      2874.32666015625
    ],
    "validation_chi2s": {
      "DEUTERON": 2.5316585711578825,
      "NMC": 2.323068805769378,
      "NUCLEAR": 1.97398486328125,
      "HERACOMB": 2.611844530292586,
      "DYE886": 1.4728051965886897,
      "CDF": 1.2593182155064173,
      "D0": 2.3128162384033204,
      "ATLAS": 2.4644028056751597,
      "CMS": 3.151885986328125,
      "LHCb": 2.1381402015686035,
      "total": 2.439934492111206
    }
  },
  "8500": {
    "training_loss": 8064.79736328125,
    "validation_loss": [
      2884.51806640625
    ],
    "validation_chi2s": {
      "DEUTERON": 2.5826920087064678,
      "NMC": 2.280589084999234,
      "NUCLEAR": 1.94612548828125,
      "HERACOMB": 2.5931958965226714,
      "DYE886": 2.137466777454723,
      "CDF": 1.258152961730957,
      "D0": 2.098514747619629,
      "ATLAS": 2.4429820667613638,
      "CMS": 3.2406382987169717,
      "LHCb": 1.987631916999817,
      "total": 2.4486117362976074
    }
  },
  "8600": {
    "training_loss": 8061.66357421875,
    "validation_loss": [
      2878.632568359375
    ],
    "validation_chi2s": {
      "DEUTERON": 2.597514441950404,
      "NMC": 2.278244467342601,
      "NUCLEAR": 1.9433988037109375,
      "HERACOMB": 2.595584644990809,
      "DYE886": 1.7748170332475142,
      "CDF": 1.2404839651925224,
      "D0": 2.198695182800293,
      "ATLAS": 2.3597972176291724,
      "CMS": 3.3060307696582827,
      "LHCb": 2.1408138275146484,
      "total": 2.4436147212982178
    }
  },
  "8700": {
    "training_loss": 8075.4951171875,
    "validation_loss": [
      2876.2958984375
    ],
    "validation_chi2s": {
      "DEUTERON": 2.547647504664179,
      "NMC": 2.315930086023667,
      "NUCLEAR": 1.9582047119140624,
      "HERACOMB": 2.6327949474060457,
      "DYE886": 1.6840881000865588,
      "CDF": 1.2189972741263253,
      "D0": 2.312453842163086,
      "ATLAS": 2.4113611741499468,
      "CMS": 3.1996142379636687,
      "LHCb": 1.9983023405075073,
      "total": 2.4414100646972656
    }
  },
  "8800": {
    "training_loss": 8062.09228515625,
    "validation_loss": [
      2880.919677734375
    ],
    "validation_chi2s": {
      "DEUTERON": 2.551889599852301,
      "NMC": 2.316972620346967,
      "NUCLEAR": 1.952759765625,
      "HERACOMB": 2.63706960241779,
      "DYE886": 1.5122157010165127,
      "CDF": 1.2108652932303292,
      "D0": 2.311344337463379,
      "ATLAS": 2.415702473033558,
      "CMS": 3.229170388322536,
      "LHCb": 2.1075003147125244,
      "total": 2.4455676078796387
    }
  },
  "8900": {
    "training_loss": 8048.728515625,
    "validation_loss": [
      2883.6328125
    ],
    "validation_chi2s": {
      "DEUTERON": 2.536359948305348,
      "NMC": 2.3268404193952974,
      "NUCLEAR": 1.9622457275390626,
      "HERACOMB": 2.6378301483353757,
      "DYE886": 1.423981406471946,
      "CDF": 1.2241386686052596,
      "D0": 2.395253372192383,
      "ATLAS": 2.4491615295410156,
      "CMS": 3.2091721945661837,
      "LHCb": 2.109179973602295,
      "total": 2.447655439376831
    }
  },
  "9000": {
    "training_loss": 8070.4638671875,
    "validation_loss": [
      2886.13134765625
    ],
    "validation_chi2s": {
      "DEUTERON": 2.556557422846704,
      "NMC": 2.307897081562117,
      "NUCLEAR": 1.96087890625,
      "HERACOMB": 2.606479021458844,
      "DYE886": 1.8859970786354758,
      "CDF": 1.283148901803153,
      "D0": 2.0695220947265627,
      "ATLAS": 2.502159985628995,
      "CMS": 3.184611995045732,
      "LHCb": 1.983903408050537,
      "total": 2.45001220703125
    }
  },
  "9100": {
    "training_loss": 8114.2998046875,
    "validation_loss": [
      2882.33154296875
    ],
    "validation_chi2s": {
      "DEUTERON": 2.550236184798663,
      "NMC": 2.319417766496247,
      "NUCLEAR": 1.972486083984375,
      "HERACOMB": 2.614193585963031,
      "DYE886": 1.5199406363747336,
      "CDF": 1.236877168927874,
      "D0": 2.2119525909423827,
      "ATLAS": 2.4941626462069424,
      "CMS": 3.17593483033219,
      "LHCb": 2.011558771133423,
      "total": 2.446647882461548
    }
  },
  "9200": {
    "training_loss": 8051.419921875,
    "validation_loss": [
      2893.39013671875
    ],
    "validation_chi2s": {
      "DEUTERON": 2.5871339105254973,
      "NMC": 2.305376090255438,
      "NUCLEAR": 1.9497535400390624,
      "HERACOMB": 2.616378883910335,
      "DYE886": 2.267114119096236,
      "CDF": 1.2679638181413924,
      "D0": 2.0785858154296877,
      "ATLAS": 2.4139780564741655,
      "CMS": 3.2560742385988313,
      "LHCb": 1.9633172750473022,
      "total": 2.456162929534912
    }
  },
  "9300": {
    "training_loss": 8135.34912109375,
    "validation_loss": [
      2886.888671875
    ],
    "validation_chi2s": {
      "DEUTERON": 2.608889451667444,
      "NMC": 2.32042709051394,
      "NUCLEAR": 1.9515435791015625,
      "HERACOMB": 2.6113384969873366,
      "DYE886": 1.8779404380104758,
      "CDF": 1.234020778111049,
      "D0": 2.158585548400879,
      "ATLAS": 2.3261130939830434,
      "CMS": 3.3326463156599337,
      "LHCb": 2.0733680725097656,
      "total": 2.4506638050079346
    }
  },
  "9400": {
    "training_loss": 8142.880859375,
    "validation_loss": [
      2888.96435546875
    ],
    "validation_chi2s": {
      "DEUTERON": 2.565256299071051,
      "NMC": 2.3171808579388786,
      "NUCLEAR": 1.9470650634765625,
      "HERACOMB": 2.644826652177798,
      "DYE886": 1.7181635769930752,
      "CDF": 1.250641141619001,
      "D0": 2.269114685058594,
      "ATLAS": 2.4393761374733667,
      "CMS": 3.2139517931434196,
      "LHCb": 2.0368900299072266,
      "total": 2.4524176120758057
    }
  },
  "9500": {
    "training_loss": 8072.8125,
    "validation_loss": [
      2889.93798828125
    ],
    "validation_chi2s": {
      "DEUTERON": 2.5806241011738185,
      "NMC": 2.318776149375766,
      "NUCLEAR": 1.9450260009765625,
      "HERACOMB": 2.6287652308644813,
      "DYE886": 2.04781792380593,
      "CDF": 1.2593890598842077,
      "D0": 2.189218521118164,
      "ATLAS": 2.4096769853071733,
      "CMS": 3.2424475196900406,
      "LHCb": 1.9875991344451904,
      "total": 2.453233480453491
    }
  },
  "9600": {
    "training_loss": 8058.62060546875,
    "validation_loss": [
      2912.00244140625
    ],
    "validation_chi2s": {
      "DEUTERON": 2.539425978020056,
      "NMC": 2.325552547679228,
      "NUCLEAR": 1.971188720703125,
      "HERACOMB": 2.6643662795521856,
      "DYE886": 1.442910454489968,
      "CDF": 1.2212626593453544,
      "D0": 2.3716331481933595,
      "ATLAS": 2.47495512528853,
      "CMS": 3.231923173113567,
      "LHCb": 2.3938426971435547,
      "total": 2.4710118770599365
    }
  },
  "9700": {
    "training_loss": 8168.4013671875,
    "validation_loss": [
      2890.48095703125
    ],
    "validation_chi2s": {
      "DEUTERON": 2.5727350794853856,
      "NMC": 2.328995050168505,
      "NUCLEAR": 1.94834814453125,
      "HERACOMB": 2.6254890790951797,
      "DYE886": 1.7639617919921875,
      "CDF": 1.2393557684762138,
      "D0": 2.2346590042114256,
      "ATLAS": 2.4289030595259233,
      "CMS": 3.255985911299543,
      "LHCb": 2.0713043212890625,
      "total": 2.453709125518799
    }
  },
  "9800": {
    "training_loss": 8096.306640625,
    "validation_loss": [
      2888.3076171875
    ],
    "validation_chi2s": {
      "DEUTERON": 2.5870655875893966,
      "NMC": 2.3440315396178004,
      "NUCLEAR": 1.9545455322265626,
      "HERACOMB": 2.590826695261438,
      "DYE886": 1.7175249619917436,
      "CDF": 1.2748511178152901,
      "D0": 2.152359199523926,
      "ATLAS": 2.4407860149036753,
      "CMS": 3.2778610601657774,
      "LHCb": 2.072418451309204,
      "total": 2.4518511295318604
    }
  },
  "9900": {
    "training_loss": 8062.63623046875,
    "validation_loss": [
      2892.6796875
    ],
    "validation_chi2s": {
      "DEUTERON": 2.54400634765625,
      "NMC": 2.3483013078278185,
      "NUCLEAR": 1.9633807373046874,
      "HERACOMB": 2.664925768484477,
      "DYE886": 1.431374723261053,
      "CDF": 1.2325372695922852,
      "D0": 2.3013566970825194,
      "ATLAS": 2.453067085959695,
      "CMS": 3.2089697364869156,
      "LHCb": 2.0433876514434814,
      "total": 2.4553346633911133
    }
  },
  "10000": {
    "training_loss": 8070.25732421875,
    "validation_loss": [
      2899.49658203125
    ],
    "validation_chi2s": {
      "DEUTERON": 2.6048590057524876,
      "NMC": 2.307745092055377,
      "NUCLEAR": 1.9592520751953124,
      "HERACOMB": 2.6265212912964664,
      "DYE886": 2.0463825572620737,
      "CDF": 1.2892600468226842,
      "D0": 2.2002117156982424,
      "ATLAS": 2.3806251179088247,
      "CMS": 3.275301801479929,
      "LHCb": 2.0863051414489746,
      "total": 2.4613425731658936
    }
  },
  "10100": {
    "training_loss": 8268.05126953125,
    "validation_loss": [
      2880.466552734375
    ],
    "validation_chi2s": {
      "DEUTERON": 2.5552510883084576,
      "NMC": 2.327708674412148,
      "NUCLEAR": 1.9729080810546875,
      "HERACOMB": 2.61943004333895,
      "DYE886": 1.6503774469549006,
      "CDF": 1.2434211458478654,
      "D0": 2.175731086730957,
      "ATLAS": 2.4437524622136895,
      "CMS": 3.1839463148659806,
      "LHCb": 2.0149645805358887,
      "total": 2.4448773860931396
    }
  },
  "10200": {
    "training_loss": 8082.4794921875,
    "validation_loss": [
      2898.3896484375
    ],
    "validation_chi2s": {
      "DEUTERON": 2.61890771970227,
      "NMC": 2.301361083984375,
      "NUCLEAR": 1.9564346923828124,
      "HERACOMB": 2.5824503181806575,
      "DYE886": 1.8635843450372869,
      "CDF": 1.2564616884504045,
      "D0": 2.2100141525268553,
      "ATLAS": 2.4056058363481,
      "CMS": 3.3299830987201475,
      "LHCb": 2.1996686458587646,
      "total": 2.4604132175445557
    }
  },
  "10300": {
    "training_loss": 8117.6171875,
    "validation_loss": [
      2892.73095703125
    ],
    "validation_chi2s": {
      "DEUTERON": 2.613619220790578,
      "NMC": 2.3140940946691178,
      "NUCLEAR": 1.9650198974609374,
      "HERACOMB": 2.5887578827103757,
      "DYE886": 1.7466680353338069,
      "CDF": 1.2406501770019531,
      "D0": 2.1594942092895506,
      "ATLAS": 2.401641672307795,
      "CMS": 3.27557770023501,
      "LHCb": 2.238992929458618,
      "total": 2.455611228942871
    }
  },
  "10400": {
    "training_loss": 8089.01904296875,
    "validation_loss": [
      2878.9833984375
    ],
    "validation_chi2s": {
      "DEUTERON": 2.573270123989428,
      "NMC": 2.2937602622836244,
      "NUCLEAR": 1.9584432373046874,
      "HERACOMB": 2.607824786815768,
      "DYE886": 1.762163682417436,
      "CDF": 1.2661089215959822,
      "D0": 2.17394962310791,
      "ATLAS": 2.435310710560192,
      "CMS": 3.212642762719131,
      "LHCb": 1.999997854232788,
      "total": 2.4439337253570557
    }
  },
  "10500": {
    "training_loss": 8065.28076171875,
    "validation_loss": [
      2890.8408203125
    ],
    "validation_chi2s": {
      "DEUTERON": 2.616255271494092,
      "NMC": 2.289855209051394,
      "NUCLEAR": 1.956762451171875,
      "HERACOMB": 2.5868051566329657,
      "DYE886": 1.902609565041282,
      "CDF": 1.2857685089111328,
      "D0": 2.222242736816406,
      "ATLAS": 2.40113657171076,
      "CMS": 3.276762179242886,
      "LHCb": 2.1470062732696533,
      "total": 2.454014539718628
    }
  },
  "10600": {
    "training_loss": 8267.45556640625,
    "validation_loss": [
      2892.6181640625
    ],
    "validation_chi2s": {
      "DEUTERON": 2.6262847748561877,
      "NMC": 2.2827986174938726,
      "NUCLEAR": 1.956386962890625,
      "HERACOMB": 2.5658074671926063,
      "DYE886": 1.9516034559770064,
      "CDF": 1.2891724450247628,
      "D0": 2.255477714538574,
      "ATLAS": 2.3952794508500532,
      "CMS": 3.2858789955697407,
      "LHCb": 2.306300640106201,
      "total": 2.455507516860962
    }
  },
  "10700": {
    "training_loss": 8061.7265625,
    "validation_loss": [
      2896.30615234375
    ],
    "validation_chi2s": {
      "DEUTERON": 2.5830557903840172,
      "NMC": 2.3114113901175704,
      "NUCLEAR": 1.9783739013671875,
      "HERACOMB": 2.617459365744996,
      "DYE886": 1.4842935041947798,
      "CDF": 1.2503393718174525,
      "D0": 2.310375785827637,
      "ATLAS": 2.386090538718484,
      "CMS": 3.242015063278074,
      "LHCb": 2.486412763595581,
      "total": 2.4579012393951416
    }
  },
  "10800": {
    "training_loss": 8147.4541015625,
    "validation_loss": [
      2888.85693359375
    ],
    "validation_chi2s": {
      "DEUTERON": 2.6028910015352924,
      "NMC": 2.276868932387408,
      "NUCLEAR": 1.9709522705078124,
      "HERACOMB": 2.571401758131638,
      "DYE886": 1.6097762367942117,
      "CDF": 1.3284345354352678,
      "D0": 2.3139459609985353,
      "ATLAS": 2.4617772535844282,
      "CMS": 3.209883278947536,
      "LHCb": 2.3128397464752197,
      "total": 2.452327013015747
    }
  },
  "10900": {
    "training_loss": 8064.96875,
    "validation_loss": [
      2881.65576171875
    ],
    "validation_chi2s": {
      "DEUTERON": 2.578399506374378,
      "NMC": 2.2779214896407782,
      "NUCLEAR": 1.9572930908203126,
      "HERACOMB": 2.6116037805095997,
      "DYE886": 1.671729174527255,
      "CDF": 1.297492299761091,
      "D0": 2.252930450439453,
      "ATLAS": 2.444839130748402,
      "CMS": 3.2061189480913366,
      "LHCb": 2.044506788253784,
      "total": 2.4459803104400635
    }
  },
  "11000": {
    "training_loss": 8065.79052734375,
    "validation_loss": [
      2880.7939453125
    ],
    "validation_chi2s": {
      "DEUTERON": 2.608601280705846,
      "NMC": 2.26941411635455,
      "NUCLEAR": 1.94479296875,
      "HERACOMB": 2.580606896892872,
      "DYE886": 1.8647424524480647,
      "CDF": 1.2977807181222099,
      "D0": 2.298146629333496,
      "ATLAS": 2.414343400435014,
      "CMS": 3.2509847501429117,
      "LHCb": 2.0919716358184814,
      "total": 2.4454684257507324
    }
  },
  "11100": {
    "training_loss": 8222.7822265625,
    "validation_loss": [
      2901.2890625
    ],
    "validation_chi2s": {
      "DEUTERON": 2.5784195477689678,
      "NMC": 2.2791879691329657,
      "NUCLEAR": 1.95674169921875,
      "HERACOMB": 2.589941087111928,
      "DYE886": 2.130765741521662,
      "CDF": 1.4323166438511439,
      "D0": 2.1268695831298827,
      "ATLAS": 2.5614391673694956,
      "CMS": 3.194187071265244,
      "LHCb": 1.9743802547454834,
      "total": 2.4628679752349854
    }
  },
  "11200": {
    "training_loss": 8080.64013671875,
    "validation_loss": [
      2871.107177734375
    ],
    "validation_chi2s": {
      "DEUTERON": 2.564913469760572,
      "NMC": 2.299420525045956,
      "NUCLEAR": 1.9533212890625,
      "HERACOMB": 2.606695436963848,
      "DYE886": 1.5207429365678267,
      "CDF": 1.3061981201171875,
      "D0": 2.1831584930419923,
      "ATLAS": 2.45328764481978,
      "CMS": 3.195087711985518,
      "LHCb": 1.963138461112976,
      "total": 2.4370315074920654
    }
  },
  "11300": {
    "training_loss": 8095.95654296875,
    "validation_loss": [
      2886.427490234375
    ],
    "validation_chi2s": {
      "DEUTERON": 2.5939337127837376,
      "NMC": 2.3186135385550704,
      "NUCLEAR": 1.958008056640625,
      "HERACOMB": 2.601206062665952,
      "DYE886": 1.6758547696200283,
      "CDF": 1.2967117854527064,
      "D0": 2.122274971008301,
      "ATLAS": 2.4158456975763496,
      "CMS": 3.2366464506319867,
      "LHCb": 2.210259437561035,
      "total": 2.450164794921875
    }
  },
  "11400": {
    "training_loss": 8086.953125,
    "validation_loss": [
      2906.322509765625
    ],
    "validation_chi2s": {
      "DEUTERON": 2.6310127220343595,
      "NMC": 2.3243719362745097,
      "NUCLEAR": 1.9640260009765624,
      "HERACOMB": 2.595568488625919,
      "DYE886": 2.003938848322088,
      "CDF": 1.3492950711931502,
      "D0": 2.0940141677856445,
      "ATLAS": 2.3884187178178267,
      "CMS": 3.320117237122078,
      "LHCb": 2.2010562419891357,
      "total": 2.467121124267578
    }
  },
  "11500": {
    "training_loss": 8352.5625,
    "validation_loss": [
      2913.33154296875
    ],
    "validation_chi2s": {
      "DEUTERON": 2.6191506456972946,
      "NMC": 2.3689335841758576,
      "NUCLEAR": 1.9724261474609375,
      "HERACOMB": 2.598843443627451,
      "DYE886": 1.8224853168834338,
      "CDF": 1.4091672897338867,
      "D0": 2.31650447845459,
      "ATLAS": 2.398236708207564,
      "CMS": 3.3235659715605945,
      "LHCb": 2.303180694580078,
      "total": 2.473116874694824
    }
  },
  "11600": {
    "training_loss": 8153.4541015625,
    "validation_loss": [
      2912.74755859375
    ],
    "validation_chi2s": {
      "DEUTERON": 2.562626321517413,
      "NMC": 2.3992961808746935,
      "NUCLEAR": 1.9718040771484375,
      "HERACOMB": 2.652328192018995,
      "DYE886": 1.4709909612482244,
      "CDF": 1.3488291331699915,
      "D0": 2.0811386108398438,
      "ATLAS": 2.51723220131614,
      "CMS": 3.217792790110518,
      "LHCb": 2.165484666824341,
      "total": 2.472620725631714
    }
  },
  "11700": {
    "training_loss": 8160.2431640625,
    "validation_loss": [
      2904.4287109375
    ],
    "validation_chi2s": {
      "DEUTERON": 2.6229697459965795,
      "NMC": 2.3799481859394147,
      "NUCLEAR": 1.95603466796875,
      "HERACOMB": 2.638708376416973,
      "DYE886": 1.6442394256591797,
      "CDF": 1.3615553719656808,
      "D0": 2.0470630645751955,
      "ATLAS": 2.3743180361661045,
      "CMS": 3.304339153010671,
      "LHCb": 2.152538299560547,
      "total": 2.4655497074127197
    }
  },
  "11800": {
    "training_loss": 8270.283203125,
    "validation_loss": [
      2902.32421875
    ],
    "validation_chi2s": {
      "DEUTERON": 2.598539589649409,
      "NMC": 2.359189500995711,
      "NUCLEAR": 1.94789013671875,
      "HERACOMB": 2.643075780930862,
      "DYE886": 1.6302769400856711,
      "CDF": 1.3288833073207311,
      "D0": 2.073556327819824,
      "ATLAS": 2.4466977552934126,
      "CMS": 3.2610515811579015,
      "LHCb": 2.0721018314361572,
      "total": 2.4637677669525146
    }
  },
  "11900": {
    "training_loss": 8108.390625,
    "validation_loss": [
      2926.91796875
    ],
    "validation_chi2s": {
      "DEUTERON": 2.5663200112717663,
      "NMC": 2.4267893772499236,
      "NUCLEAR": 1.956375244140625,
      "HERACOMB": 2.7215657951005925,
      "DYE886": 1.421430934559215,
      "CDF": 1.2725157056535994,
      "D0": 2.4085319519042967,
      "ATLAS": 2.454480778087269,
      "CMS": 3.2425435384114585,
      "LHCb": 2.1872119903564453,
      "total": 2.484351396560669
    }
  },
  "12000": {
    "training_loss": 8428.53955078125,
    "validation_loss": [
      2892.5927734375
    ],
    "validation_chi2s": {
      "DEUTERON": 2.571362851270989,
      "NMC": 2.3633309158624387,
      "NUCLEAR": 1.9399658203125,
      "HERACOMB": 2.65544158337163,
      "DYE886": 1.6564116044477983,
      "CDF": 1.294011116027832,
      "D0": 2.2383806228637697,
      "ATLAS": 2.4130984219637783,
      "CMS": 3.235855226594258,
      "LHCb": 2.095425605773926,
      "total": 2.455502986907959
    }
  },
  "12100": {
    "training_loss": 8109.357421875,
    "validation_loss": [
      2906.407958984375
    ],
    "validation_chi2s": {
      "DEUTERON": 2.5542022553249377,
      "NMC": 2.3887982835956647,
      "NUCLEAR": 1.944608154296875,
      "HERACOMB": 2.690594841452206,
      "DYE886": 1.492474989457564,
      "CDF": 1.2319687434605189,
      "D0": 2.617234802246094,
      "ATLAS": 2.44957143610174,
      "CMS": 3.214585218972307,
      "LHCb": 2.1094603538513184,
      "total": 2.4671895503997803
    }
  },
  "12200": {
    "training_loss": 8122.234375,
    "validation_loss": [
      2914.40087890625
    ],
    "validation_chi2s": {
      "DEUTERON": 2.6271477694535137,
      "NMC": 2.3596201877967986,
      "NUCLEAR": 1.9440726318359376,
      "HERACOMB": 2.6609247743693833,
      "DYE886": 1.9948999231511897,
      "CDF": 1.2928504943847656,
      "D0": 2.2173057556152345,
      "ATLAS": 2.391529083251953,
      "CMS": 3.2753737534933944,
      "LHCb": 2.089103937149048,
      "total": 2.4740242958068848
    }
  },
  "12300": {
    "training_loss": 8252.052734375,
    "validation_loss": [
      2921.53369140625
    ],
    "validation_chi2s": {
      "DEUTERON": 2.616609336131841,
      "NMC": 2.3814825918160234,
      "NUCLEAR": 1.953290771484375,
      "HERACOMB": 2.6786481071920956,
      "DYE886": 1.8915407007390803,
      "CDF": 1.2945710590907507,
      "D0": 2.24855899810791,
      "ATLAS": 2.348927064375444,
      "CMS": 3.3116087874745936,
      "LHCb": 2.2566659450531006,
      "total": 2.480048418045044
    }
  },
  "12400": {
    "training_loss": 8225.333984375,
    "validation_loss": [
      2908.16455078125
    ],
    "validation_chi2s": {
      "DEUTERON": 2.6095213629120027,
      "NMC": 2.3665180580288756,
      "NUCLEAR": 1.959791748046875,
      "HERACOMB": 2.665777867136438,
      "DYE886": 1.610843138261275,
      "CDF": 1.299339839390346,
      "D0": 2.2786645889282227,
      "ATLAS": 2.331083124334162,
      "CMS": 3.3145240845719006,
      "LHCb": 2.249995231628418,
      "total": 2.468726396560669
    }
  },
  "12500": {
    "training_loss": 8492.03125,
    "validation_loss": [
      2925.04248046875
    ],
    "validation_chi2s": {
      "DEUTERON": 2.589179347403607,
      "NMC": 2.3963620054955577,
      "NUCLEAR": 1.9648543701171874,
      "HERACOMB": 2.697006724239175,
      "DYE886": 1.889988812533292,
      "CDF": 1.3211044584001814,
      "D0": 2.275238800048828,
      "ATLAS": 2.396289825439453,
      "CMS": 3.262129372697536,
      "LHCb": 2.1665265560150146,
      "total": 2.4830517768859863
    }
  },
  "12600": {
    "training_loss": 8132.8486328125,
    "validation_loss": [
      2930.740478515625
    ],
    "validation_chi2s": {
      "DEUTERON": 2.5907410578941232,
      "NMC": 2.374624065324372,
      "NUCLEAR": 1.9714185791015626,
      "HERACOMB": 2.7016098920036766,
      "DYE886": 1.8935487920587712,
      "CDF": 1.3408239909580775,
      "D0": 2.249721717834473,
      "ATLAS": 2.3990516662597656,
      "CMS": 3.263783524676067,
      "LHCb": 2.2454068660736084,
      "total": 2.4876608848571777
    }
  },
  "12700": {
    "training_loss": 8123.8046875,
    "validation_loss": [
      2911.390625
    ],
    "validation_chi2s": {
      "DEUTERON": 2.60014502681903,
      "NMC": 2.353632609049479,
      "NUCLEAR": 1.9652071533203126,
      "HERACOMB": 2.659930459814134,
      "DYE886": 1.8091671683571555,
      "CDF": 1.2805628095354353,
      "D0": 2.210169792175293,
      "ATLAS": 2.3547451712868432,
      "CMS": 3.3098447225927337,
      "LHCb": 2.218096971511841,
      "total": 2.4713897705078125
    }
  }
}