{
  "100": {
    "training_loss": 489.8154296875,
    "validation_loss": [
      189.56993103027344
    ],
    "validation_chi2s": {
      "DEUTERON": 2.934749984741211,
      "ATLAS": 6.561811967329546,
      "total": 3.717057466506958
    }
  },
  "200": {
    "training_loss": 390.7734375,
    "validation_loss": [
      123.82855224609375
    ],
    "validation_chi2s": {
      "DEUTERON": 1.9969947814941407,
      "ATLAS": 3.995341561057351,
      "total": 2.428010940551758
    }
  },
  "300": {
    "training_loss": 1142.589111328125,
    "validation_loss": [
      120.46495056152344
    ],
    "validation_chi2s": {
      "DEUTERON": 2.029683494567871,
      "ATLAS": 3.5706918889825996,
      "total": 2.36205792427063
    }
  },
  "400": {
    "training_loss": 259.0458984375,
    "validation_loss": [
      1015.5840454101562
    ],
    "validation_chi2s": {
      "DEUTERON": 1.2994083404541015,
      "ATLAS": 2.3296260833740234,
      "total": 1.5216121673583984
    }
  },
  "500": {
    "training_loss": 235.91558837890625,
    "validation_loss": [
      79.45747375488281
    ],
    "validation_chi2s": {
      "DEUTERON": 1.2490809440612793,
      "ATLAS": 2.6812950481068003,
      "total": 1.5579898357391357
    }
  },
  "600": {
    "training_loss": 235.86082458496094,
    "validation_loss": [
      85.19650268554688
    ],
    "validation_chi2s": {
      "DEUTERON": 1.4176718711853027,
      "ATLAS": 2.5899668606844815,
      "total": 1.6705198287963867
    }
  }
}