{
  "100": {
    "training_loss": 322.390625,
    "validation_loss": [
      92.76514434814453
    ],
    "validation_chi2s": {
      "DEUTERON": 2.141922950744629,
      "ATLAS": 0.6443842541087758,
      "total": 1.8189244270324707
    }
  },
  "200": {
    "training_loss": 280.8940734863281,
    "validation_loss": [
      87.85006713867188
    ],
    "validation_chi2s": {
      "DEUTERON": 2.0419242858886717,
      "ATLAS": 0.5611904751170765,
      "total": 1.722550392150879
    }
  },
  "300": {
    "training_loss": 278.5750427246094,
    "validation_loss": [
      82.72846221923828
    ],
    "validation_chi2s": {
      "DEUTERON": 1.908808135986328,
      "ATLAS": 0.5796486681157892,
      "total": 1.6221266984939575
    }
  },
  "400": {
    "training_loss": 281.4865417480469,
    "validation_loss": [
      77.06969451904297
    ],
    "validation_chi2s": {
      "DEUTERON": 1.7547286987304687,
      "ATLAS": 0.6255041902715509,
      "total": 1.511170506477356
    }
  },
  "500": {
    "training_loss": 277.42388916015625,
    "validation_loss": [
      79.64979553222656
    ],
    "validation_chi2s": {
      "DEUTERON": 1.8175228118896485,
      "ATLAS": 0.6317171616987749,
      "total": 1.5617609024047852
    }
  },
  "600": {
    "training_loss": 277.2280578613281,
    "validation_loss": [
      76.72460174560547
    ],
    "validation_chi2s": {
      "DEUTERON": 1.7457258224487304,
      "ATLAS": 0.6268703287298029,
      "total": 1.504404067993164
    }
  }
}