{
  "100": {
    "training_loss": 407.0,
    "validation_loss": [
      129.7423553466797
    ],
    "validation_chi2s": {
      "DEUTERON": 2.319052314758301,
      "ATLAS": 3.3618424155495386,
      "total": 2.5439677238464355
    }
  },
  "200": {
    "training_loss": 325.2013244628906,
    "validation_loss": [
      117.72636413574219
    ],
    "validation_chi2s": {
      "DEUTERON": 2.238173484802246,
      "ATLAS": 2.5635840676047583,
      "total": 2.3083600997924805
    }
  },
  "300": {
    "training_loss": 300.9838562011719,
    "validation_loss": [
      115.35013580322266
    ],
    "validation_chi2s": {
      "DEUTERON": 2.2920486450195314,
      "ATLAS": 2.1516536365855825,
      "total": 2.2617673873901367
    }
  },
  "400": {
    "training_loss": 294.75933837890625,
    "validation_loss": [
      115.43522644042969
    ],
    "validation_chi2s": {
      "DEUTERON": 2.320556640625,
      "ATLAS": 2.055723710493608,
      "total": 2.2634358406066895
    }
  },
  "500": {
    "training_loss": 279.39398193359375,
    "validation_loss": [
      112.57664489746094
    ],
    "validation_chi2s": {
      "DEUTERON": 2.2721681594848633,
      "ATLAS": 1.9718109477650037,
      "total": 2.207385301589966
    }
  },
  "600": {
    "training_loss": 267.7545166015625,
    "validation_loss": [
      121.04126739501953
    ],
    "validation_chi2s": {
      "DEUTERON": 2.5493425369262694,
      "ATLAS": 1.733415256847035,
      "total": 2.3733582496643066
    }
  },
  "700": {
    "training_loss": 273.89569091796875,
    "validation_loss": [
      115.80037689208984
    ],
    "validation_chi2s": {
      "DEUTERON": 2.187288284301758,
      "ATLAS": 2.5735314109108667,
      "total": 2.2705955505371094
    }
  },
  "800": {
    "training_loss": 264.04541015625,
    "validation_loss": [
      113.21749877929688
    ],
    "validation_chi2s": {
      "DEUTERON": 2.314082145690918,
      "ATLAS": 1.8776562430641868,
      "total": 2.2199511528015137
    }
  },
  "900": {
    "training_loss": 270.2066955566406,
    "validation_loss": [
      114.58403778076172
    ],
    "validation_chi2s": {
      "DEUTERON": 2.3119184494018556,
      "ATLAS": 2.009754701094194,
      "total": 2.2467458248138428
    }
  }
}