{
  "100": {
    "training_loss": 297.6796875,
    "validation_loss": [
      165.48712158203125
    ],
    "validation_chi2s": {
      "DEUTERON": 3.417689895629883,
      "ATLAS": 2.6163205233487217,
      "total": 3.2448456287384033
    }
  },
  "200": {
    "training_loss": 277.6109313964844,
    "validation_loss": [
      183.5196075439453
    ],
    "validation_chi2s": {
      "DEUTERON": 4.009432601928711,
      "ATLAS": 2.1038457697088067,
      "total": 3.598423719406128
    }
  },
  "300": {
    "training_loss": 233.93179321289062,
    "validation_loss": [
      146.96469116210938
    ],
    "validation_chi2s": {
      "DEUTERON": 3.2107349395751954,
      "ATLAS": 1.6850268624045632,
      "total": 2.8816606998443604
    }
  },
  "400": {
    "training_loss": 375.7706604003906,
    "validation_loss": [
      118.72798919677734
    ],
    "validation_chi2s": {
      "DEUTERON": 2.493687057495117,
      "ATLAS": 1.7255008003928445,
      "total": 2.3279998302459717
    }
  },
  "500": {
    "training_loss": 229.43289184570312,
    "validation_loss": [
      117.79676055908203
    ],
    "validation_chi2s": {
      "DEUTERON": 2.5047555923461915,
      "ATLAS": 1.6005942604758523,
      "total": 2.3097403049468994
    }
  },
  "600": {
    "training_loss": 213.4066162109375,
    "validation_loss": [
      139.20596313476562
    ],
    "validation_chi2s": {
      "DEUTERON": 2.9229053497314452,
      "ATLAS": 2.0263406580144707,
      "total": 2.7295286655426025
    }
  }
}