{
  "100": {
    "training_loss": 38216.0,
    "validation_loss": [
      15053.3564453125
    ],
    "validation_chi2s": {
      "DEUTERON": 16.322181815531717,
      "NMC": 7.462013394224877,
      "NUCLEAR": 4.34659375,
      "HERACOMB": 10.656364889705882,
      "DYE886": 26.02259687943892,
      "CDF": 12.234213692801339,
      "D0": 4.634548187255859,
      "ATLAS": 20.892103794642857,
      "CMS": 10.973992019403177,
      "LHCb": 20.930213928222656,
      "total": 12.226200103759766
    }
  },
  "200": {
    "training_loss": 30484.71875,
    "validation_loss": [
      11517.2578125
    ],
    "validation_chi2s": {
      "DEUTERON": 13.216771367770523,
      "NMC": 4.83932554955576,
      "NUCLEAR": 4.49558837890625,
      "HERACOMB": 6.923743553410947,
      "DYE886": 28.486871892755683,
      "CDF": 9.258002144949776,
      "D0": 5.6025043487548825,
      "ATLAS": 16.448500279017857,
      "CMS": 8.377698554367315,
      "LHCb": 16.687618255615234,
      "total": 9.632697105407715
    }
  },
  "300": {
    "training_loss": 24684.0,
    "validation_loss": [
      9435.173828125
    ],
    "validation_chi2s": {
      "DEUTERON": 11.086884911380597,
      "NMC": 3.876223096660539,
      "NUCLEAR": 4.61453125,
      "HERACOMB": 5.130642361111111,
      "DYE886": 28.7066123268821,
      "CDF": 6.349809919084821,
      "D0": 8.823114776611328,
      "ATLAS": 12.463387276785713,
      "CMS": 6.64324951171875,
      "LHCb": 11.936738967895508,
      "total": 7.897559642791748
    }
  },
  "400": {
    "training_loss": 20129.876953125,
    "validation_loss": [
      7577.70703125
    ],
    "validation_chi2s": {
      "DEUTERON": 9.00654442630597,
      "NMC": 4.581946877872243,
      "NUCLEAR": 4.42473876953125,
      "HERACOMB": 4.147910922181373,
      "DYE886": 29.052800958806817,
      "CDF": 3.487143107822963,
      "D0": 11.334001922607422,
      "ATLAS": 8.197981305803571,
      "CMS": 4.867328080974642,
      "LHCb": 6.86115837097168,
      "total": 6.330246925354004
    }
  },
  "500": {
    "training_loss": 18352.67578125,
    "validation_loss": [
      6735.14697265625
    ],
    "validation_chi2s": {
      "DEUTERON": 7.6230420164801,
      "NMC": 4.42713150323606,
      "NUCLEAR": 4.04506396484375,
      "HERACOMB": 3.738357444214665,
      "DYE886": 29.30350008877841,
      "CDF": 3.581327438354492,
      "D0": 14.28475341796875,
      "ATLAS": 6.6596812220982144,
      "CMS": 4.1293527571881405,
      "LHCb": 6.618305683135986,
      "total": 5.61804723739624
    }
  },
  "600": {
    "training_loss": 17929.787109375,
    "validation_loss": [
      6623.9873046875
    ],
    "validation_chi2s": {
      "DEUTERON": 7.473442722908893,
      "NMC": 4.307272817574296,
      "NUCLEAR": 3.943861328125,
      "HERACOMB": 3.551580690870098,
      "DYE886": 27.07552823153409,
      "CDF": 4.561772755214146,
      "D0": 6.533609008789062,
      "ATLAS": 6.873032924107143,
      "CMS": 4.608237344710553,
      "LHCb": 6.110396385192871,
      "total": 5.4830193519592285
    }
  },
  "700": {
    "training_loss": 17143.97265625,
    "validation_loss": [
      6580.0166015625
    ],
    "validation_chi2s": {
      "DEUTERON": 7.125757929104478,
      "NMC": 4.311148849188113,
      "NUCLEAR": 3.866718017578125,
      "HERACOMB": 3.660815669041054,
      "DYE886": 30.30265391956676,
      "CDF": 5.050566537039621,
      "D0": 14.298428344726563,
      "ATLAS": 6.405759626116072,
      "CMS": 4.21436547451332,
      "LHCb": 5.792807102203369,
      "total": 5.446056365966797
    }
  },
  "800": {
    "training_loss": 11187.4609375,
    "validation_loss": [
      3815.046142578125
    ],
    "validation_chi2s": {
      "DEUTERON": 3.3117044173662937,
      "NMC": 3.5176630955116424,
      "NUCLEAR": 2.670970458984375,
      "HERACOMB": 2.636038985906863,
      "DYE886": 5.587643710049716,
      "CDF": 5.680563790457589,
      "D0": 3.6700969696044923,
      "ATLAS": 3.4229715401785716,
      "CMS": 3.3407760369973105,
      "LHCb": 7.488280296325684,
      "total": 3.201561689376831
    }
  },
  "900": {
    "training_loss": 8860.1005859375,
    "validation_loss": [
      3055.55810546875
    ],
    "validation_chi2s": {
      "DEUTERON": 2.4757660063938123,
      "NMC": 3.0654790541704964,
      "NUCLEAR": 2.304235595703125,
      "HERACOMB": 2.3608049380233864,
      "DYE886": 4.245067943226207,
      "CDF": 4.293397630964007,
      "D0": 4.030120468139648,
      "ATLAS": 2.5243994140625,
      "CMS": 3.0320494604892416,
      "LHCb": 3.3718693256378174,
      "total": 2.5814287662506104
    }
  },
  "1000": {
    "training_loss": 8187.5390625,
    "validation_loss": [
      2863.47998046875
    ],
    "validation_chi2s": {
      "DEUTERON": 2.1257468456059545,
      "NMC": 2.945921953986673,
      "NUCLEAR": 2.198159912109375,
      "HERACOMB": 2.3072378121170343,
      "DYE886": 4.301405473188921,
      "CDF": 3.6449568612234935,
      "D0": 4.466438293457031,
      "ATLAS": 2.410606689453125,
      "CMS": 2.9626907598776895,
      "LHCb": 2.080152988433838,
      "total": 2.4215571880340576
    }
  },
  "1100": {
    "training_loss": 8049.45166015625,
    "validation_loss": [
      2822.5830078125
    ],
    "validation_chi2s": {
      "DEUTERON": 2.0892391679298816,
      "NMC": 2.950827505074295,
      "NUCLEAR": 2.13745263671875,
      "HERACOMB": 2.2872813106362337,
      "DYE886": 4.412472811612216,
      "CDF": 3.4131881168910434,
      "D0": 4.4815521240234375,
      "ATLAS": 2.3935811941964285,
      "CMS": 2.976925959352587,
      "LHCb": 1.7620230913162231,
      "total": 2.388545274734497
    }
  },
  "1200": {
    "training_loss": 8014.48876953125,
    "validation_loss": [
      2800.42431640625
    ],
    "validation_chi2s": {
      "DEUTERON": 2.078133350581079,
      "NMC": 2.9483280555874694,
      "NUCLEAR": 2.091259033203125,
      "HERACOMB": 2.281115762548509,
      "DYE886": 4.412559509277344,
      "CDF": 3.333693368094308,
      "D0": 4.603945922851563,
      "ATLAS": 2.3789059012276788,
      "CMS": 2.963958740234375,
      "LHCb": 1.7240256071090698,
      "total": 2.3711202144622803
    }
  },
  "1300": {
    "training_loss": 7979.1552734375,
    "validation_loss": [
      2799.91455078125
    ],
    "validation_chi2s": {
      "DEUTERON": 2.066632778490361,
      "NMC": 2.959394567153033,
      "NUCLEAR": 2.066282470703125,
      "HERACOMB": 2.2940474366830066,
      "DYE886": 3.9826947992498223,
      "CDF": 3.214845657348633,
      "D0": 5.705289459228515,
      "ATLAS": 2.4086160714285714,
      "CMS": 2.981784507876537,
      "LHCb": 1.5895473957061768,
      "total": 2.3709170818328857
    }
  },
  "1400": {
    "training_loss": 7954.13330078125,
    "validation_loss": [
      2778.66845703125
    ],
    "validation_chi2s": {
      "DEUTERON": 2.0455967537799284,
      "NMC": 2.9388840619255516,
      "NUCLEAR": 2.03783837890625,
      "HERACOMB": 2.2829027362898286,
      "DYE886": 4.221377979625355,
      "CDF": 3.192995616367885,
      "D0": 5.202538681030274,
      "ATLAS": 2.386681082589286,
      "CMS": 2.98550039822938,
      "LHCb": 1.5691992044448853,
      "total": 2.3541131019592285
    }
  },
  "1500": {
    "training_loss": 8025.087890625,
    "validation_loss": [
      2796.45947265625
    ],
    "validation_chi2s": {
      "DEUTERON": 2.1466270940220773,
      "NMC": 2.91932020000383,
      "NUCLEAR": 2.009025634765625,
      "HERACOMB": 2.282120449091095,
      "DYE886": 4.54517954046076,
      "CDF": 3.1421143668038503,
      "D0": 5.246924591064453,
      "ATLAS": 2.381588657924107,
      "CMS": 2.966374131499744,
      "LHCb": 1.6170566082000732,
      "total": 2.368896245956421
    }
  },
  "1600": {
    "training_loss": 7931.9541015625,
    "validation_loss": [
      2754.41748046875
    ],
    "validation_chi2s": {
      "DEUTERON": 2.068252335733442,
      "NMC": 2.9210537181181064,
      "NUCLEAR": 1.99907666015625,
      "HERACOMB": 2.265777188968035,
      "DYE886": 4.258385051380504,
      "CDF": 3.2278148106166293,
      "D0": 4.689717864990234,
      "ATLAS": 2.351779261997768,
      "CMS": 2.9727783203125,
      "LHCb": 1.592327356338501,
      "total": 2.3351707458496094
    }
  },
  "1700": {
    "training_loss": 7919.28515625,
    "validation_loss": [
      2748.697265625
    ],
    "validation_chi2s": {
      "DEUTERON": 2.082853402664412,
      "NMC": 2.923732084386489,
      "NUCLEAR": 1.9862515869140625,
      "HERACOMB": 2.261178209890727,
      "DYE886": 4.2576963251287285,
      "CDF": 3.2350531986781528,
      "D0": 4.647565841674805,
      "ATLAS": 2.327803431919643,
      "CMS": 2.979491186923668,
      "LHCb": 1.6035521030426025,
      "total": 2.330965280532837
    }
  },
  "1800": {
    "training_loss": 7922.1162109375,
    "validation_loss": [
      2748.41162109375
    ],
    "validation_chi2s": {
      "DEUTERON": 2.038781009503265,
      "NMC": 2.9055118934780944,
      "NUCLEAR": 1.9853614501953125,
      "HERACOMB": 2.271242827371834,
      "DYE886": 4.135090567848899,
      "CDF": 3.1440492357526506,
      "D0": 5.268662643432617,
      "ATLAS": 2.3680198451450893,
      "CMS": 2.9733726626536887,
      "LHCb": 1.5204360485076904,
      "total": 2.330605983734131
    }
  },
  "1900": {
    "training_loss": 7973.123046875,
    "validation_loss": [
      2754.89208984375
    ],
    "validation_chi2s": {
      "DEUTERON": 2.0955332286322297,
      "NMC": 2.9416521857766544,
      "NUCLEAR": 1.9754774169921876,
      "HERACOMB": 2.2483197380514706,
      "DYE886": 4.553548986261541,
      "CDF": 3.189741679600307,
      "D0": 4.972880935668945,
      "ATLAS": 2.298116455078125,
      "CMS": 3.029392680183786,
      "LHCb": 1.603891134262085,
      "total": 2.3370726108551025
    }
  },
  "2000": {
    "training_loss": 7899.7294921875,
    "validation_loss": [
      2748.236328125
    ],
    "validation_chi2s": {
      "DEUTERON": 2.0272403546233675,
      "NMC": 2.889210719688266,
      "NUCLEAR": 1.975819580078125,
      "HERACOMB": 2.278659795623979,
      "DYE886": 4.122494437477806,
      "CDF": 3.118199212210519,
      "D0": 5.406523513793945,
      "ATLAS": 2.3754246303013393,
      "CMS": 2.9882722448130123,
      "LHCb": 1.5056135654449463,
      "total": 2.330854892730713
    }
  },
  "2100": {
    "training_loss": 7892.4296875,
    "validation_loss": [
      2742.08544921875
    ],
    "validation_chi2s": {
      "DEUTERON": 2.0625557211501087,
      "NMC": 2.8865694532207415,
      "NUCLEAR": 1.96273291015625,
      "HERACOMB": 2.2667064791411358,
      "DYE886": 3.9955149563876065,
      "CDF": 3.130268096923828,
      "D0": 5.507907485961914,
      "ATLAS": 2.3357509068080358,
      "CMS": 3.0094534451844264,
      "LHCb": 1.5220975875854492,
      "total": 2.3261847496032715
    }
  },
  "2200": {
    "training_loss": 7952.423828125,
    "validation_loss": [
      2763.746337890625
    ],
    "validation_chi2s": {
      "DEUTERON": 2.0292168612503887,
      "NMC": 2.8873102524701286,
      "NUCLEAR": 1.9777821044921875,
      "HERACOMB": 2.289449853834763,
      "DYE886": 4.545093536376953,
      "CDF": 3.0911966051374162,
      "D0": 5.382120513916016,
      "ATLAS": 2.377890625,
      "CMS": 2.9979418144851433,
      "LHCb": 1.5465210676193237,
      "total": 2.3443562984466553
    }
  },
  "2300": {
    "training_loss": 31404.15234375,
    "validation_loss": [
      13778.9365234375
    ],
    "validation_chi2s": {
      "DEUTERON": 57.15279559235075,
      "NMC": 2.9104303098192403,
      "NUCLEAR": 1.94449755859375,
      "HERACOMB": 2.237832661547692,
      "DYE886": 3.342471036044034,
      "CDF": 3.2096159798758372,
      "D0": 5.300478744506836,
      "ATLAS": 2.27438232421875,
      "CMS": 3.0346534603931863,
      "LHCb": 1.5056958198547363,
      "total": 11.71129035949707
    }
  },
  "2400": {
    "training_loss": 7898.04638671875,
    "validation_loss": [
      2736.716796875
    ],
    "validation_chi2s": {
      "DEUTERON": 2.0521464940920398,
      "NMC": 2.8839973000919117,
      "NUCLEAR": 1.9580291748046874,
      "HERACOMB": 2.2554975522109886,
      "DYE886": 4.420196879993785,
      "CDF": 3.1207068307059154,
      "D0": 4.923503112792969,
      "ATLAS": 2.3344203404017856,
      "CMS": 2.9882022044697747,
      "LHCb": 1.5892835855484009,
      "total": 2.3227217197418213
    }
  },
  "2500": {
    "training_loss": 7884.61328125,
    "validation_loss": [
      2729.09765625
    ],
    "validation_chi2s": {
      "DEUTERON": 2.082770352339863,
      "NMC": 2.8931558646407782,
      "NUCLEAR": 1.9482296142578126,
      "HERACOMB": 2.2464244568270018,
      "DYE886": 4.220636887983843,
      "CDF": 3.148726327078683,
      "D0": 4.816498184204102,
      "ATLAS": 2.302423618861607,
      "CMS": 3.0061285300332994,
      "LHCb": 1.6003730297088623,
      "total": 2.3168327808380127
    }
  },
  "2600": {
    "training_loss": 7890.50244140625,
    "validation_loss": [
      2726.798095703125
    ],
    "validation_chi2s": {
      "DEUTERON": 2.070963086180426,
      "NMC": 2.8851776123046875,
      "NUCLEAR": 1.9481060791015625,
      "HERACOMB": 2.246231777216095,
      "DYE886": 4.1880011125044385,
      "CDF": 3.127676555088588,
      "D0": 4.890352630615235,
      "ATLAS": 2.3122884695870534,
      "CMS": 3.0036140817110657,
      "LHCb": 1.5813368558883667,
      "total": 2.3149731159210205
    }
  },
  "2700": {
    "training_loss": 7881.05908203125,
    "validation_loss": [
      2731.141845703125
    ],
    "validation_chi2s": {
      "DEUTERON": 2.073397508308069,
      "NMC": 2.886006373985141,
      "NUCLEAR": 1.9468292236328124,
      "HERACOMB": 2.247271369485294,
      "DYE886": 4.306703047318892,
      "CDF": 3.128270830426897,
      "D0": 4.95405158996582,
      "ATLAS": 2.310217982700893,
      "CMS": 3.010984827260502,
      "LHCb": 1.5901650190353394,
      "total": 2.3188869953155518
    }
  },
  "2800": {
    "training_loss": 7876.0078125,
    "validation_loss": [
      2730.63134765625
    ],
    "validation_chi2s": {
      "DEUTERON": 2.060961215650264,
      "NMC": 2.8803537406173407,
      "NUCLEAR": 1.947505859375,
      "HERACOMB": 2.249050165313521,
      "DYE886": 4.360058524391868,
      "CDF": 3.110342570713588,
      "D0": 4.839325332641602,
      "ATLAS": 2.3212165178571427,
      "CMS": 3.0089554083151895,
      "LHCb": 1.5960748195648193,
      "total": 2.3186256885528564
    }
  },
  "2900": {
    "training_loss": 7871.498046875,
    "validation_loss": [
      2728.145751953125
    ],
    "validation_chi2s": {
      "DEUTERON": 2.0825785926325406,
      "NMC": 2.891745773016238,
      "NUCLEAR": 1.942984619140625,
      "HERACOMB": 2.2413900537428515,
      "DYE886": 4.36075834794478,
      "CDF": 3.128727776663644,
      "D0": 4.73553352355957,
      "ATLAS": 2.2898951939174106,
      "CMS": 3.0269325131275613,
      "LHCb": 1.6183406114578247,
      "total": 2.3169100284576416
    }
  },
  "3000": {
    "training_loss": 7866.9716796875,
    "validation_loss": [
      2729.323486328125
    ],
    "validation_chi2s": {
      "DEUTERON": 2.0511318225765702,
      "NMC": 2.8678487141927085,
      "NUCLEAR": 1.944036865234375,
      "HERACOMB": 2.2531744265088847,
      "DYE886": 4.041354439475319,
      "CDF": 3.0830091748918806,
      "D0": 5.497822570800781,
      "ATLAS": 2.319253976004464,
      "CMS": 3.0430192791047643,
      "LHCb": 1.5279273986816406,
      "total": 2.317601203918457
    }
  },
  "3100": {
    "training_loss": 7873.21484375,
    "validation_loss": [
      2734.58984375
    ],
    "validation_chi2s": {
      "DEUTERON": 2.0276647159709267,
      "NMC": 2.857708500880821,
      "NUCLEAR": 1.9496004638671875,
      "HERACOMB": 2.2627401912913605,
      "DYE886": 4.1512322859330615,
      "CDF": 3.0592959267752513,
      "D0": 5.470000839233398,
      "ATLAS": 2.3601665387834823,
      "CMS": 3.0218983634573515,
      "LHCb": 1.50661039352417,
      "total": 2.3218166828155518
    }
  },
  "3200": {
    "training_loss": 7874.35546875,
    "validation_loss": [
      2727.7822265625
    ],
    "validation_chi2s": {
      "DEUTERON": 2.0445192251632465,
      "NMC": 2.8696932325176165,
      "NUCLEAR": 1.9434866943359375,
      "HERACOMB": 2.249561783535029,
      "DYE886": 4.005248329856179,
      "CDF": 3.0672245025634766,
      "D0": 5.565564727783203,
      "ATLAS": 2.3346561104910712,
      "CMS": 3.037327750784452,
      "LHCb": 1.5124295949935913,
      "total": 2.316580295562744
    }
  },
  "3300": {
    "training_loss": 7866.11083984375,
    "validation_loss": [
      2726.034912109375
    ],
    "validation_chi2s": {
      "DEUTERON": 2.054046630859375,
      "NMC": 2.864041197533701,
      "NUCLEAR": 1.939864990234375,
      "HERACOMB": 2.2461735345179736,
      "DYE886": 4.043853066184304,
      "CDF": 3.0724904196602956,
      "D0": 5.453507614135742,
      "ATLAS": 2.3148589215959823,
      "CMS": 3.0532641801677767,
      "LHCb": 1.5312762260437012,
      "total": 2.3153326511383057
    }
  },
  "3400": {
    "training_loss": 7860.7080078125,
    "validation_loss": [
      2726.9736328125
    ],
    "validation_chi2s": {
      "DEUTERON": 2.061735238601912,
      "NMC": 2.86583604999617,
      "NUCLEAR": 1.9365244140625,
      "HERACOMB": 2.246162165224163,
      "DYE886": 3.99695483121005,
      "CDF": 3.0669749123709544,
      "D0": 5.492140579223633,
      "ATLAS": 2.3117351422991073,
      "CMS": 3.066836998110912,
      "LHCb": 1.5338748693466187,
      "total": 2.316443920135498
    }
  },
  "3500": {
    "training_loss": 7864.11083984375,
    "validation_loss": [
      2729.62109375
    ],
    "validation_chi2s": {
      "DEUTERON": 2.1137034857451025,
      "NMC": 2.8518009559780944,
      "NUCLEAR": 1.9332242431640625,
      "HERACOMB": 2.2403341056474675,
      "DYE886": 3.8661443536931817,
      "CDF": 3.050684247698103,
      "D0": 5.401055908203125,
      "ATLAS": 2.332869349888393,
      "CMS": 3.040826766217341,
      "LHCb": 1.4972524642944336,
      "total": 2.318631172180176
    }
  },
  "3600": {
    "training_loss": 7857.64404296875,
    "validation_loss": [
      2733.3466796875
    ],
    "validation_chi2s": {
      "DEUTERON": 2.026687394327192,
      "NMC": 2.854939479453891,
      "NUCLEAR": 1.9426256103515624,
      "HERACOMB": 2.2596754684946894,
      "DYE886": 4.028129230846059,
      "CDF": 3.0355567932128906,
      "D0": 5.619202423095703,
      "ATLAS": 2.363884102957589,
      "CMS": 3.050565375656378,
      "LHCb": 1.5043801069259644,
      "total": 2.321540594100952
    }
  },
  "3700": {
    "training_loss": 7879.3681640625,
    "validation_loss": [
      2733.03759765625
    ],
    "validation_chi2s": {
      "DEUTERON": 2.0668092034942473,
      "NMC": 2.85418701171875,
      "NUCLEAR": 1.939002685546875,
      "HERACOMB": 2.242099737030229,
      "DYE886": 4.436215834184126,
      "CDF": 3.0424821036202565,
      "D0": 5.13720588684082,
      "ATLAS": 2.349385986328125,
      "CMS": 3.011953135005763,
      "LHCb": 1.551650047302246,
      "total": 2.3217220306396484
    }
  },
  "3800": {
    "training_loss": 7860.49560546875,
    "validation_loss": [
      2723.054443359375
    ],
    "validation_chi2s": {
      "DEUTERON": 2.10057713143268,
      "NMC": 2.894144993202359,
      "NUCLEAR": 1.9314437255859376,
      "HERACOMB": 2.2310497807521448,
      "DYE886": 4.237601193514737,
      "CDF": 3.0636672973632812,
      "D0": 4.766571426391602,
      "ATLAS": 2.283101806640625,
      "CMS": 3.048380116947362,
      "LHCb": 1.6302132606506348,
      "total": 2.314056158065796
    }
  },
  "3900": {
    "training_loss": 7883.408203125,
    "validation_loss": [
      2737.798583984375
    ],
    "validation_chi2s": {
      "DEUTERON": 2.1370386531696983,
      "NMC": 2.886232862285539,
      "NUCLEAR": 1.93142138671875,
      "HERACOMB": 2.2295538210401347,
      "DYE886": 4.556790785356001,
      "CDF": 3.0643103463309154,
      "D0": 4.8584037780761715,
      "ATLAS": 2.287123500279018,
      "CMS": 3.050774496109759,
      "LHCb": 1.6118321418762207,
      "total": 2.3266539573669434
    }
  },
  "4000": {
    "training_loss": 7862.431640625,
    "validation_loss": [
      2722.106689453125
    ],
    "validation_chi2s": {
      "DEUTERON": 2.0909086768306904,
      "NMC": 2.883449479645374,
      "NUCLEAR": 1.9289276123046875,
      "HERACOMB": 2.2298025492749183,
      "DYE886": 4.28316913951527,
      "CDF": 3.0305870601109097,
      "D0": 4.822600936889648,
      "ATLAS": 2.295476597377232,
      "CMS": 3.0421287661693137,
      "LHCb": 1.6249324083328247,
      "total": 2.3132617473602295
    }
  },
  "4100": {
    "training_loss": 7852.07080078125,
    "validation_loss": [
      2735.411865234375
    ],
    "validation_chi2s": {
      "DEUTERON": 2.142455902858753,
      "NMC": 2.9287893257889093,
      "NUCLEAR": 1.9256336669921874,
      "HERACOMB": 2.233392254199857,
      "DYE886": 4.352303591641513,
      "CDF": 3.071118491036551,
      "D0": 4.682741928100586,
      "ATLAS": 2.2635599190848215,
      "CMS": 3.0781375072041497,
      "LHCb": 1.6673640012741089,
      "total": 2.324758291244507
    }
  },
  "4200": {
    "training_loss": 7878.1328125,
    "validation_loss": [
      2728.23095703125
    ],
    "validation_chi2s": {
      "DEUTERON": 2.0849187291083644,
      "NMC": 2.861215928021599,
      "NUCLEAR": 1.93380615234375,
      "HERACOMB": 2.2313741048177085,
      "DYE886": 4.467805689031428,
      "CDF": 3.0273876190185547,
      "D0": 4.946419143676758,
      "ATLAS": 2.295264892578125,
      "CMS": 3.0520127093205685,
      "LHCb": 1.6275631189346313,
      "total": 2.3182733058929443
    }
  },
  "4300": {
    "training_loss": 7876.64013671875,
    "validation_loss": [
      2725.880126953125
    ],
    "validation_chi2s": {
      "DEUTERON": 2.0596172275827893,
      "NMC": 2.8538234935087314,
      "NUCLEAR": 1.932646240234375,
      "HERACOMB": 2.2352342792585786,
      "DYE886": 4.326415322043679,
      "CDF": 2.9848294939313615,
      "D0": 5.075711822509765,
      "ATLAS": 2.3527462332589284,
      "CMS": 3.0210446217021003,
      "LHCb": 1.5709744691848755,
      "total": 2.3163881301879883
    }
  },
  "4400": {
    "training_loss": 7855.802734375,
    "validation_loss": [
      2737.867431640625
    ],
    "validation_chi2s": {
      "DEUTERON": 2.0889883468400186,
      "NMC": 2.848865883023131,
      "NUCLEAR": 1.9297891845703126,
      "HERACOMB": 2.2405848284952,
      "DYE886": 4.064320997758345,
      "CDF": 3.019965580531529,
      "D0": 5.711057662963867,
      "ATLAS": 2.3408468191964285,
      "CMS": 3.0927864449923157,
      "LHCb": 1.510519027709961,
      "total": 2.3267135620117188
    }
  },
  "4500": {
    "training_loss": 7854.0361328125,
    "validation_loss": [
      2725.23681640625
    ],
    "validation_chi2s": {
      "DEUTERON": 2.0886127225202116,
      "NMC": 2.8649674957873774,
      "NUCLEAR": 1.9251043701171875,
      "HERACOMB": 2.2334459092881946,
      "DYE886": 4.059663599187678,
      "CDF": 3.009893144880022,
      "D0": 5.3201347351074215,
      "ATLAS": 2.310499790736607,
      "CMS": 3.074496159788038,
      "LHCb": 1.5662000179290771,
      "total": 2.316124677658081
    }
  },
  "4600": {
    "training_loss": 7850.69140625,
    "validation_loss": [
      2726.965576171875
    ],
    "validation_chi2s": {
      "DEUTERON": 2.131174115992304,
      "NMC": 2.9102789186963847,
      "NUCLEAR": 1.9216329345703125,
      "HERACOMB": 2.2289835611979165,
      "DYE886": 4.223229148171165,
      "CDF": 3.0154691423688615,
      "D0": 4.700041580200195,
      "ATLAS": 2.2900673130580356,
      "CMS": 3.048149984391009,
      "LHCb": 1.6464697122573853,
      "total": 2.3176956176757812
    }
  },
  "4700": {
    "training_loss": 7862.7392578125,
    "validation_loss": [
      2723.52490234375
    ],
    "validation_chi2s": {
      "DEUTERON": 2.1103840538518344,
      "NMC": 2.8608981861787686,
      "NUCLEAR": 1.91942041015625,
      "HERACOMB": 2.2267009261386845,
      "DYE886": 4.060686978426847,
      "CDF": 3.0011198861258372,
      "D0": 5.387838745117188,
      "ATLAS": 2.3047305733816965,
      "CMS": 3.061551453637295,
      "LHCb": 1.5553741455078125,
      "total": 2.3147525787353516
    }
  },
  "4800": {
    "training_loss": 7852.3125,
    "validation_loss": [
      2727.843994140625
    ],
    "validation_chi2s": {
      "DEUTERON": 2.1271289426888993,
      "NMC": 2.897799622778799,
      "NUCLEAR": 1.9235997314453126,
      "HERACOMB": 2.225998423457925,
      "DYE886": 4.340165224942294,
      "CDF": 3.005729947771345,
      "D0": 4.719895935058593,
      "ATLAS": 2.2943661063058034,
      "CMS": 3.0440853931864753,
      "LHCb": 1.6439399719238281,
      "total": 2.3185524940490723
    }
  },
  "4900": {
    "training_loss": 7844.4375,
    "validation_loss": [
      2735.39404296875
    ],
    "validation_chi2s": {
      "DEUTERON": 2.0614220158970773,
      "NMC": 2.8364314658969056,
      "NUCLEAR": 1.9260628662109376,
      "HERACOMB": 2.2545451245276755,
      "DYE886": 4.129349101673473,
      "CDF": 2.950809751238142,
      "D0": 5.047966766357422,
      "ATLAS": 2.4046241978236607,
      "CMS": 3.0323641417456453,
      "LHCb": 1.5760434865951538,
      "total": 2.324475049972534
    }
  },
  "5000": {
    "training_loss": 7862.26611328125,
    "validation_loss": [
      2717.909423828125
    ],
    "validation_chi2s": {
      "DEUTERON": 2.0768830408504355,
      "NMC": 2.8461076325061274,
      "NUCLEAR": 1.925833251953125,
      "HERACOMB": 2.225909663181679,
      "DYE886": 4.12708213112571,
      "CDF": 2.957212175641741,
      "D0": 5.194507598876953,
      "ATLAS": 2.3437367466517856,
      "CMS": 3.021396074138704,
      "LHCb": 1.5306123495101929,
      "total": 2.3098442554473877
    }
  },
  "5100": {
    "training_loss": 7859.734375,
    "validation_loss": [
      2723.360595703125
    ],
    "validation_chi2s": {
      "DEUTERON": 2.110741610550762,
      "NMC": 2.856454886642157,
      "NUCLEAR": 1.92058056640625,
      "HERACOMB": 2.2309614193984886,
      "DYE886": 4.070738012140447,
      "CDF": 2.9788306100027904,
      "D0": 5.335722351074219,
      "ATLAS": 2.304832763671875,
      "CMS": 3.0525370113185195,
      "LHCb": 1.5601370334625244,
      "total": 2.314797878265381
    }
  },
  "5200": {
    "training_loss": 7855.9580078125,
    "validation_loss": [
      2721.79150390625
    ],
    "validation_chi2s": {
      "DEUTERON": 2.1070968096529072,
      "NMC": 2.8780625287224266,
      "NUCLEAR": 1.92042919921875,
      "HERACOMB": 2.2266400904437296,
      "DYE886": 4.268862637606534,
      "CDF": 2.9564595903669084,
      "D0": 4.793600845336914,
      "ATLAS": 2.3114283970424108,
      "CMS": 3.030997104332095,
      "LHCb": 1.6309704780578613,
      "total": 2.3135933876037598
    }
  },
  "5300": {
    "training_loss": 7849.619140625,
    "validation_loss": [
      2751.196044921875
    ],
    "validation_chi2s": {
      "DEUTERON": 2.080616357907727,
      "NMC": 2.8258619121476714,
      "NUCLEAR": 1.9436075439453124,
      "HERACOMB": 2.2471760269863155,
      "DYE886": 4.840089624578303,
      "CDF": 2.9297594342912947,
      "D0": 5.029946517944336,
      "ATLAS": 2.393220738002232,
      "CMS": 3.002682044857838,
      "LHCb": 1.6061829328536987,
      "total": 2.3381710052490234
    }
  },
  "5400": {
    "training_loss": 7927.19287109375,
    "validation_loss": [
      2720.855224609375
    ],
    "validation_chi2s": {
      "DEUTERON": 2.07816113524176,
      "NMC": 2.8344903085746016,
      "NUCLEAR": 1.9237186279296874,
      "HERACOMB": 2.2308391496246935,
      "DYE886": 4.091015902432528,
      "CDF": 2.9479222978864397,
      "D0": 5.253640365600586,
      "ATLAS": 2.357809361049107,
      "CMS": 3.027195164414703,
      "LHCb": 1.5241376161575317,
      "total": 2.3126845359802246
    }
  },
  "5500": {
    "training_loss": 7853.65625,
    "validation_loss": [
      2721.044677734375
    ],
    "validation_chi2s": {
      "DEUTERON": 2.1045738713658273,
      "NMC": 2.871183806774663,
      "NUCLEAR": 1.917974365234375,
      "HERACOMB": 2.2250844918045343,
      "DYE886": 4.095872358842329,
      "CDF": 2.956689017159598,
      "D0": 5.0035758972167965,
      "ATLAS": 2.3098671177455357,
      "CMS": 3.0612582847720287,
      "LHCb": 1.616295576095581,
      "total": 2.312995433807373
    }
  },
  "5600": {
    "training_loss": 7848.51123046875,
    "validation_loss": [
      2720.424560546875
    ],
    "validation_chi2s": {
      "DEUTERON": 2.0573628743489585,
      "NMC": 2.833757288315717,
      "NUCLEAR": 1.9246185302734375,
      "HERACOMB": 2.238805833205678,
      "DYE886": 4.092416243119673,
      "CDF": 2.9225916181291853,
      "D0": 5.186021423339843,
      "ATLAS": 2.3674973842075895,
      "CMS": 3.0205533387231047,
      "LHCb": 1.5475027561187744,
      "total": 2.3120510578155518
    }
  },
  "5700": {
    "training_loss": 7861.130859375,
    "validation_loss": [
      2725.337158203125
    ],
    "validation_chi2s": {
      "DEUTERON": 2.048420312985852,
      "NMC": 2.8172891654220282,
      "NUCLEAR": 1.9246817626953125,
      "HERACOMB": 2.2463997236264297,
      "DYE886": 4.047518296675249,
      "CDF": 2.8973898206438338,
      "D0": 5.572602462768555,
      "ATLAS": 2.3977042061941964,
      "CMS": 3.0098201564100924,
      "LHCb": 1.4992271661758423,
      "total": 2.3161630630493164
    }
  },
  "5800": {
    "training_loss": 7862.720703125,
    "validation_loss": [
      2740.1904296875
    ],
    "validation_chi2s": {
      "DEUTERON": 2.0535185704776895,
      "NMC": 2.801975923426011,
      "NUCLEAR": 1.9316239013671874,
      "HERACOMB": 2.2624591503267975,
      "DYE886": 4.099787278608843,
      "CDF": 2.925664629255022,
      "D0": 5.532403945922852,
      "ATLAS": 2.4343406459263393,
      "CMS": 3.015958692206711,
      "LHCb": 1.4812575578689575,
      "total": 2.3284287452697754
    }
  },
  "5900": {
    "training_loss": 7904.38037109375,
    "validation_loss": [
      2732.62939453125
    ],
    "validation_chi2s": {
      "DEUTERON": 2.1141589719857743,
      "NMC": 2.8603312174479165,
      "NUCLEAR": 1.9188560791015625,
      "HERACOMB": 2.225012087354473,
      "DYE886": 4.3282470703125,
      "CDF": 2.9056805201939175,
      "D0": 4.971708297729492,
      "ATLAS": 2.403274448939732,
      "CMS": 2.989316596359503,
      "LHCb": 1.5637568235397339,
      "total": 2.3231112957000732
    }
  },
  "6000": {
    "training_loss": 7861.43359375,
    "validation_loss": [
      2720.41455078125
    ],
    "validation_chi2s": {
      "DEUTERON": 2.1155035673682367,
      "NMC": 2.8433520747166052,
      "NUCLEAR": 1.9221375732421875,
      "HERACOMB": 2.224937688291462,
      "DYE886": 4.17095947265625,
      "CDF": 2.933628354753767,
      "D0": 4.853348922729492,
      "ATLAS": 2.3308340890066965,
      "CMS": 3.016183571737321,
      "LHCb": 1.6020432710647583,
      "total": 2.312549352645874
    }
  },
  "6100": {
    "training_loss": 7878.33642578125,
    "validation_loss": [
      2719.970947265625
    ],
    "validation_chi2s": {
      "DEUTERON": 2.092256916103078,
      "NMC": 2.83442029766008,
      "NUCLEAR": 1.922256591796875,
      "HERACOMB": 2.231045193142361,
      "DYE886": 4.144437616521662,
      "CDF": 2.9189254215785434,
      "D0": 4.923023986816406,
      "ATLAS": 2.3580803571428572,
      "CMS": 3.006250850489882,
      "LHCb": 1.5823696851730347,
      "total": 2.31230092048645
    }
  },
  "6200": {
    "training_loss": 7870.998046875,
    "validation_loss": [
      2716.996826171875
    ],
    "validation_chi2s": {
      "DEUTERON": 2.1107171661225124,
      "NMC": 2.8525261972464766,
      "NUCLEAR": 1.9166151123046875,
      "HERACOMB": 2.2204998739404616,
      "DYE886": 4.134023839777166,
      "CDF": 2.9217232295445035,
      "D0": 4.998159408569336,
      "ATLAS": 2.3310110909598216,
      "CMS": 3.018760556080302,
      "LHCb": 1.5758789777755737,
      "total": 2.309851884841919
    }
  },
  "6300": {
    "training_loss": 7850.8193359375,
    "validation_loss": [
      2726.575927734375
    ],
    "validation_chi2s": {
      "DEUTERON": 2.0444660851018344,
      "NMC": 2.820694568110447,
      "NUCLEAR": 1.9246055908203126,
      "HERACOMB": 2.2545732485702614,
      "DYE886": 4.053731744939631,
      "CDF": 2.9086897713797435,
      "D0": 5.348336029052734,
      "ATLAS": 2.389191720145089,
      "CMS": 3.030483058241547,
      "LHCb": 1.5217846632003784,
      "total": 2.3175125122070312
    }
  },
  "6400": {
    "training_loss": 7857.66162109375,
    "validation_loss": [
      2716.51708984375
    ],
    "validation_chi2s": {
      "DEUTERON": 2.101143756316076,
      "NMC": 2.869524787454044,
      "NUCLEAR": 1.9156441650390625,
      "HERACOMB": 2.2247354345383985,
      "DYE886": 4.168264909224077,
      "CDF": 2.9200472150530135,
      "D0": 4.7514080047607425,
      "ATLAS": 2.3275319126674106,
      "CMS": 3.0222910896676485,
      "LHCb": 1.6235063076019287,
      "total": 2.3095250129699707
    }
  },
  "6500": {
    "training_loss": 7851.1015625,
    "validation_loss": [
      2734.41162109375
    ],
    "validation_chi2s": {
      "DEUTERON": 2.0478620386835353,
      "NMC": 2.805502498851103,
      "NUCLEAR": 1.9270960693359376,
      "HERACOMB": 2.263436909594567,
      "DYE886": 4.091892589222301,
      "CDF": 2.8767847333635603,
      "D0": 5.446448516845703,
      "ATLAS": 2.4317529296875,
      "CMS": 3.0008102166848105,
      "LHCb": 1.491665244102478,
      "total": 2.324064016342163
    }
  },
  "6600": {
    "training_loss": 7858.865234375,
    "validation_loss": [
      2729.80517578125
    ],
    "validation_chi2s": {
      "DEUTERON": 2.0814968128109452,
      "NMC": 2.7876760445389093,
      "NUCLEAR": 1.925446533203125,
      "HERACOMB": 2.2510938457414214,
      "DYE886": 3.7878036499023438,
      "CDF": 2.9263052259172713,
      "D0": 5.633032608032226,
      "ATLAS": 2.4231766183035712,
      "CMS": 3.0147650046426744,
      "LHCb": 1.4350301027297974,
      "total": 2.3203001022338867
    }
  },
  "6700": {
    "training_loss": 7860.34912109375,
    "validation_loss": [
      2715.341552734375
    ],
    "validation_chi2s": {
      "DEUTERON": 2.103132864729089,
      "NMC": 2.859892901252298,
      "NUCLEAR": 1.914748291015625,
      "HERACOMB": 2.222389969171262,
      "DYE886": 4.163338054310191,
      "CDF": 2.9275733402797153,
      "D0": 4.720970535278321,
      "ATLAS": 2.3355636160714286,
      "CMS": 3.019134021196209,
      "LHCb": 1.6011747121810913,
      "total": 2.308600664138794
    }
  },
  "6800": {
    "training_loss": 7846.4345703125,
    "validation_loss": [
      2725.710693359375
    ],
    "validation_chi2s": {
      "DEUTERON": 2.0463947656735852,
      "NMC": 2.81842908672258,
      "NUCLEAR": 1.924820068359375,
      "HERACOMB": 2.2533577314389297,
      "DYE886": 4.043002388694069,
      "CDF": 2.923488071986607,
      "D0": 5.181631469726563,
      "ATLAS": 2.3983377511160713,
      "CMS": 3.0296190605788933,
      "LHCb": 1.5125364065170288,
      "total": 2.316962718963623
    }
  },
  "6900": {
    "training_loss": 7859.3330078125,
    "validation_loss": [
      2716.52099609375
    ],
    "validation_chi2s": {
      "DEUTERON": 2.1027018229166665,
      "NMC": 2.8588194005629597,
      "NUCLEAR": 1.915411865234375,
      "HERACOMB": 2.221154904833027,
      "DYE886": 4.198361136696556,
      "CDF": 2.9429918016706194,
      "D0": 4.649996948242188,
      "ATLAS": 2.3337972586495535,
      "CMS": 3.031275264552382,
      "LHCb": 1.606955885887146,
      "total": 2.3095977306365967
    }
  },
  "7000": {
    "training_loss": 7850.56591796875,
    "validation_loss": [
      2731.239013671875
    ],
    "validation_chi2s": {
      "DEUTERON": 2.058327290549207,
      "NMC": 2.80540496227788,
      "NUCLEAR": 1.925715087890625,
      "HERACOMB": 2.2587383993310866,
      "DYE886": 4.0883473482998935,
      "CDF": 2.8940865652901784,
      "D0": 5.267078018188476,
      "ATLAS": 2.4139957101004463,
      "CMS": 3.015293308945953,
      "LHCb": 1.4921733140945435,
      "total": 2.3217175006866455
    }
  },
  "7100": {
    "training_loss": 7850.80859375,
    "validation_loss": [
      2718.71484375
    ],
    "validation_chi2s": {
      "DEUTERON": 2.115358115428716,
      "NMC": 2.8483048981311274,
      "NUCLEAR": 1.9130767822265624,
      "HERACOMB": 2.2235602085886437,
      "DYE886": 4.183559070933949,
      "CDF": 2.944671085902623,
      "D0": 4.628845596313477,
      "ATLAS": 2.34444580078125,
      "CMS": 3.023774944367956,
      "LHCb": 1.5953716039657593,
      "total": 2.311479091644287
    }
  },
  "7200": {
    "training_loss": 7862.2353515625,
    "validation_loss": [
      2728.801513671875
    ],
    "validation_chi2s": {
      "DEUTERON": 2.0851229387729324,
      "NMC": 2.7947929232728246,
      "NUCLEAR": 1.9249986572265625,
      "HERACOMB": 2.2415779462826797,
      "DYE886": 4.151693170720881,
      "CDF": 2.9095006670270647,
      "D0": 5.165293121337891,
      "ATLAS": 2.4154863630022323,
      "CMS": 2.997950069239882,
      "LHCb": 1.4892284870147705,
      "total": 2.3199734687805176
    }
  },
  "7300": {
    "training_loss": 7864.67919921875,
    "validation_loss": [
      2723.64111328125
    ],
    "validation_chi2s": {
      "DEUTERON": 2.0815854807991294,
      "NMC": 2.794315113740809,
      "NUCLEAR": 1.9253265380859375,
      "HERACOMB": 2.2469312879774304,
      "DYE886": 4.157535552978516,
      "CDF": 2.9112167358398438,
      "D0": 5.066818618774414,
      "ATLAS": 2.3612974330357144,
      "CMS": 3.015890402872054,
      "LHCb": 1.5282284021377563,
      "total": 2.3149516582489014
    }
  },
  "7400": {
    "training_loss": 7846.42919921875,
    "validation_loss": [
      2729.070556640625
    ],
    "validation_chi2s": {
      "DEUTERON": 2.066255028568097,
      "NMC": 2.8069293452244177,
      "NUCLEAR": 1.9213983154296874,
      "HERACOMB": 2.251140120761846,
      "DYE886": 4.102168690074574,
      "CDF": 2.916905539376395,
      "D0": 5.0292308807373045,
      "ATLAS": 2.4209849330357143,
      "CMS": 3.015965696241035,
      "LHCb": 1.506515622138977,
      "total": 2.320115804672241
    }
  },
  "7500": {
    "training_loss": 7845.8330078125,
    "validation_loss": [
      2727.02978515625
    ],
    "validation_chi2s": {
      "DEUTERON": 2.0608468886038556,
      "NMC": 2.804281795726103,
      "NUCLEAR": 1.9232840576171875,
      "HERACOMB": 2.253015256395527,
      "DYE886": 4.093983736905185,
      "CDF": 2.9179156167166576,
      "D0": 5.012541580200195,
      "ATLAS": 2.404686279296875,
      "CMS": 3.023101056208376,
      "LHCb": 1.5171235799789429,
      "total": 2.31827974319458
    }
  },
  "7600": {
    "training_loss": 7843.68505859375,
    "validation_loss": [
      2728.778564453125
    ],
    "validation_chi2s": {
      "DEUTERON": 2.061795362785681,
      "NMC": 2.79681396484375,
      "NUCLEAR": 1.9196292724609374,
      "HERACOMB": 2.254950030956393,
      "DYE886": 3.9812476418235083,
      "CDF": 2.9068611689976285,
      "D0": 5.078762435913086,
      "ATLAS": 2.44141357421875,
      "CMS": 3.0129574634989753,
      "LHCb": 1.4904866218566895,
      "total": 2.3199212551116943
    }
  },
  "7700": {
    "training_loss": 7872.6279296875,
    "validation_loss": [
      2730.434326171875
    ],
    "validation_chi2s": {
      "DEUTERON": 2.1121264405511506,
      "NMC": 2.810932533413756,
      "NUCLEAR": 1.919100341796875,
      "HERACOMB": 2.2350605484706905,
      "DYE886": 4.295078624378551,
      "CDF": 2.9185469491141185,
      "D0": 4.815275573730469,
      "ATLAS": 2.3911460658482144,
      "CMS": 3.010835491242956,
      "LHCb": 1.5516878366470337,
      "total": 2.3215131759643555
    }
  },
  "7800": {
    "training_loss": 7847.9189453125,
    "validation_loss": [
      2728.910400390625
    ],
    "validation_chi2s": {
      "DEUTERON": 2.07012939453125,
      "NMC": 2.799734078201593,
      "NUCLEAR": 1.92137158203125,
      "HERACOMB": 2.257347356260212,
      "DYE886": 4.080863952636719,
      "CDF": 2.9118641444614957,
      "D0": 4.977790832519531,
      "ATLAS": 2.414865199497768,
      "CMS": 3.007268436619493,
      "LHCb": 1.5202288627624512,
      "total": 2.3197696208953857
    }
  },
  "7900": {
    "training_loss": 7843.671875,
    "validation_loss": [
      2736.687744140625
    ],
    "validation_chi2s": {
      "DEUTERON": 2.0754069617731656,
      "NMC": 2.816684498506434,
      "NUCLEAR": 1.926252197265625,
      "HERACOMB": 2.2576192220052085,
      "DYE886": 4.3458733992143115,
      "CDF": 2.9050001416887556,
      "D0": 4.6566814422607425,
      "ATLAS": 2.4314793178013394,
      "CMS": 2.988463855180584,
      "LHCb": 1.5714528560638428,
      "total": 2.3266165256500244
    }
  },
  "8000": {
    "training_loss": 7847.68505859375,
    "validation_loss": [
      2728.067626953125
    ],
    "validation_chi2s": {
      "DEUTERON": 2.0784667665092504,
      "NMC": 2.8117933086320464,
      "NUCLEAR": 1.920654541015625,
      "HERACOMB": 2.247827268114277,
      "DYE886": 4.1364264054731885,
      "CDF": 2.91046142578125,
      "D0": 4.780274963378906,
      "ATLAS": 2.4293870326450895,
      "CMS": 2.9914678354732325,
      "LHCb": 1.5412428379058838,
      "total": 2.319533109664917
    }
  },
  "8100": {
    "training_loss": 7869.10107421875,
    "validation_loss": [
      2732.11279296875
    ],
    "validation_chi2s": {
      "DEUTERON": 2.1218269310187345,
      "NMC": 2.819399964575674,
      "NUCLEAR": 1.9184498291015626,
      "HERACOMB": 2.2392159256280637,
      "DYE886": 4.277767181396484,
      "CDF": 2.9035750797816684,
      "D0": 4.674459075927734,
      "ATLAS": 2.4276890345982145,
      "CMS": 2.9555779128778177,
      "LHCb": 1.568646788597107,
      "total": 2.32303786277771
    }
  },
  "8200": {
    "training_loss": 7857.19140625,
    "validation_loss": [
      2725.611572265625
    ],
    "validation_chi2s": {
      "DEUTERON": 2.1461219597811723,
      "NMC": 2.8450380213120403,
      "NUCLEAR": 1.9112528076171875,
      "HERACOMB": 2.2235175238715277,
      "DYE886": 4.153740275989879,
      "CDF": 2.9467198508126393,
      "D0": 4.590779876708984,
      "ATLAS": 2.359164515904018,
      "CMS": 3.025381869957095,
      "LHCb": 1.588529348373413,
      "total": 2.317497968673706
    }
  },
  "8300": {
    "training_loss": 7849.548828125,
    "validation_loss": [
      2740.01123046875
    ],
    "validation_chi2s": {
      "DEUTERON": 2.10067187257074,
      "NMC": 2.8251926197725186,
      "NUCLEAR": 1.9257069091796875,
      "HERACOMB": 2.2495795355902777,
      "DYE886": 4.453489823774858,
      "CDF": 2.936631611415318,
      "D0": 4.627853012084961,
      "ATLAS": 2.4184026227678572,
      "CMS": 2.987945056352459,
      "LHCb": 1.59272038936615,
      "total": 2.3296313285827637
    }
  },
  "8400": {
    "training_loss": 7859.05322265625,
    "validation_loss": [
      2725.01123046875
    ],
    "validation_chi2s": {
      "DEUTERON": 2.1001023629411537,
      "NMC": 2.8379304175283395,
      "NUCLEAR": 1.9201163330078126,
      "HERACOMB": 2.2377375185100083,
      "DYE886": 4.312822515314275,
      "CDF": 2.944950921194894,
      "D0": 4.372861099243164,
      "ATLAS": 2.3773489815848214,
      "CMS": 2.9984578617283555,
      "LHCb": 1.6282885074615479,
      "total": 2.3170156478881836
    }
  },
  "8500": {
    "training_loss": 7869.2421875,
    "validation_loss": [
      2727.479248046875
    ],
    "validation_chi2s": {
      "DEUTERON": 2.151540575928949,
      "NMC": 2.880100025850184,
      "NUCLEAR": 1.9111717529296874,
      "HERACOMB": 2.221591525607639,
      "DYE886": 4.256274830211293,
      "CDF": 2.962803431919643,
      "D0": 4.4226737976074215,
      "ATLAS": 2.352790004185268,
      "CMS": 3.013392964347464,
      "LHCb": 1.6358646154403687,
      "total": 2.319106340408325
    }
  },
  "8600": {
    "training_loss": 7928.37255859375,
    "validation_loss": [
      2719.323974609375
    ],
    "validation_chi2s": {
      "DEUTERON": 2.1374408475202116,
      "NMC": 2.838186226639093,
      "NUCLEAR": 1.9104632568359374,
      "HERACOMB": 2.2298137191074345,
      "DYE886": 4.03491176258434,
      "CDF": 2.9408117021833147,
      "D0": 4.799139022827148,
      "ATLAS": 2.359467947823661,
      "CMS": 2.988088388912013,
      "LHCb": 1.5629856586456299,
      "total": 2.3121824264526367
    }
  },
  "8700": {
    "training_loss": 7874.21484375,
    "validation_loss": [
      2725.859375
    ],
    "validation_chi2s": {
      "DEUTERON": 2.151797166511194,
      "NMC": 2.874065922755821,
      "NUCLEAR": 1.90900439453125,
      "HERACOMB": 2.2242970186121322,
      "DYE886": 4.217048298228871,
      "CDF": 2.9900828770228793,
      "D0": 4.407371139526367,
      "ATLAS": 2.3581930106026787,
      "CMS": 3.00479000904521,
      "LHCb": 1.6138062477111816,
      "total": 2.317741632461548
    }
  },
  "8800": {
    "training_loss": 7881.2041015625,
    "validation_loss": [
      2721.033447265625
    ],
    "validation_chi2s": {
      "DEUTERON": 2.1358801998309236,
      "NMC": 2.877315745634191,
      "NUCLEAR": 1.9073006591796875,
      "HERACOMB": 2.2233729144327,
      "DYE886": 4.094226143576882,
      "CDF": 2.9795521327427457,
      "D0": 4.415493392944336,
      "ATLAS": 2.380863734654018,
      "CMS": 2.994175144883453,
      "LHCb": 1.5810505151748657,
      "total": 2.3136489391326904
    }
  },
  "8900": {
    "training_loss": 7894.578125,
    "validation_loss": [
      2726.2373046875
    ],
    "validation_chi2s": {
      "DEUTERON": 2.1800253189618313,
      "NMC": 2.9011954513250613,
      "NUCLEAR": 1.90783447265625,
      "HERACOMB": 2.2225760665594363,
      "DYE886": 4.2591164328835225,
      "CDF": 2.987927573067801,
      "D0": 4.376029968261719,
      "ATLAS": 2.338041469029018,
      "CMS": 2.98532729852395,
      "LHCb": 1.596540927886963,
      "total": 2.318066358566284
    }
  },
  "9000": {
    "training_loss": 9229.55859375,
    "validation_loss": [
      2737.08203125
    ],
    "validation_chi2s": {
      "DEUTERON": 2.070929380198616,
      "NMC": 2.8381180108762254,
      "NUCLEAR": 1.913808349609375,
      "HERACOMB": 2.259149090137357,
      "DYE886": 3.8322230252352627,
      "CDF": 2.9846608298165456,
      "D0": 5.162744522094727,
      "ATLAS": 2.495628662109375,
      "CMS": 2.9972153960681354,
      "LHCb": 1.4626903533935547,
      "total": 2.3271961212158203
    }
  },
  "9100": {
    "training_loss": 7883.43408203125,
    "validation_loss": [
      2718.909423828125
    ],
    "validation_chi2s": {
      "DEUTERON": 2.1807436207633706,
      "NMC": 2.918314915077359,
      "NUCLEAR": 1.8976654052734374,
      "HERACOMB": 2.2155747756459356,
      "DYE886": 3.96784799749201,
      "CDF": 3.0072179521833147,
      "D0": 4.475122451782227,
      "ATLAS": 2.3121010044642856,
      "CMS": 3.036799946769339,
      "LHCb": 1.5935815572738647,
      "total": 2.3118553161621094
    }
  },
  "9200": {
    "training_loss": 7921.54931640625,
    "validation_loss": [
      2735.59765625
    ],
    "validation_chi2s": {
      "DEUTERON": 2.1647457293610075,
      "NMC": 2.9188848757276347,
      "NUCLEAR": 1.9091240234375,
      "HERACOMB": 2.2218817417917687,
      "DYE886": 4.524866971102628,
      "CDF": 3.0073024204799106,
      "D0": 4.116635131835937,
      "ATLAS": 2.3345228794642856,
      "CMS": 3.038847876376793,
      "LHCb": 1.6632665395736694,
      "total": 2.3260409832000732
    }
  },
  "9300": {
    "training_loss": 7936.63427734375,
    "validation_loss": [
      2733.5478515625
    ],
    "validation_chi2s": {
      "DEUTERON": 2.165405121608753,
      "NMC": 2.903870526482077,
      "NUCLEAR": 1.917375,
      "HERACOMB": 2.2204121109706905,
      "DYE886": 4.524051666259766,
      "CDF": 3.000934600830078,
      "D0": 4.1581474304199215,
      "ATLAS": 2.3577725655691966,
      "CMS": 2.998597191982582,
      "LHCb": 1.58449387550354,
      "total": 2.3243143558502197
    }
  },
  "9400": {
    "training_loss": 7874.07568359375,
    "validation_loss": [
      2726.337890625
    ],
    "validation_chi2s": {
      "DEUTERON": 2.119401618615905,
      "NMC": 2.870822981292126,
      "NUCLEAR": 1.92228759765625,
      "HERACOMB": 2.2296834708818425,
      "DYE886": 4.444160114635121,
      "CDF": 3.030909402029855,
      "D0": 4.107580184936523,
      "ATLAS": 2.361815708705357,
      "CMS": 3.0087030129354506,
      "LHCb": 1.5779812335968018,
      "total": 2.318201780319214
    }
  },
  "9500": {
    "training_loss": 7895.28955078125,
    "validation_loss": [
      2721.59228515625
    ],
    "validation_chi2s": {
      "DEUTERON": 2.124631967117537,
      "NMC": 2.8359772925283395,
      "NUCLEAR": 1.9204056396484375,
      "HERACOMB": 2.2283708160998774,
      "DYE886": 4.065718910910866,
      "CDF": 3.008671624319894,
      "D0": 4.790797424316406,
      "ATLAS": 2.400419747488839,
      "CMS": 2.971062582047259,
      "LHCb": 1.4643561840057373,
      "total": 2.3141884803771973
    }
  },
  "9600": {
    "training_loss": 7894.53271484375,
    "validation_loss": [
      2731.73583984375
    ],
    "validation_chi2s": {
      "DEUTERON": 2.181331198013837,
      "NMC": 2.905678842581955,
      "NUCLEAR": 1.9159815673828124,
      "HERACOMB": 2.2239812713822507,
      "DYE886": 4.356063149192116,
      "CDF": 3.073315756661551,
      "D0": 4.1148231506347654,
      "ATLAS": 2.356023472377232,
      "CMS": 2.992463909211706,
      "LHCb": 1.550277829170227,
      "total": 2.3228394985198975
    }
  },
  "9700": {
    "training_loss": 7865.80517578125,
    "validation_loss": [
      2720.077880859375
    ],
    "validation_chi2s": {
      "DEUTERON": 2.136137397728156,
      "NMC": 2.867647657207414,
      "NUCLEAR": 1.9259168701171876,
      "HERACOMB": 2.2188275904437296,
      "DYE886": 4.452395699240944,
      "CDF": 3.1226697649274553,
      "D0": 4.043537902832031,
      "ATLAS": 2.2935508510044644,
      "CMS": 3.033541820088371,
      "LHCb": 1.632717490196228,
      "total": 2.3129348754882812
    }
  },
  "9800": {
    "training_loss": 7868.84130859375,
    "validation_loss": [
      2728.472900390625
    ],
    "validation_chi2s": {
      "DEUTERON": 2.136309419698383,
      "NMC": 2.859341490502451,
      "NUCLEAR": 1.92504833984375,
      "HERACOMB": 2.229232089971405,
      "DYE886": 4.391758658669212,
      "CDF": 3.113668441772461,
      "D0": 3.9432296752929688,
      "ATLAS": 2.3732828194754463,
      "CMS": 3.005393856861552,
      "LHCb": 1.561591386795044,
      "total": 2.3200948238372803
    }
  },
  "9900": {
    "training_loss": 7855.1650390625,
    "validation_loss": [
      2719.7958984375
    ],
    "validation_chi2s": {
      "DEUTERON": 2.0764193558574315,
      "NMC": 2.8112194584865198,
      "NUCLEAR": 1.9276978759765624,
      "HERACOMB": 2.245074702244179,
      "DYE886": 4.077286113392223,
      "CDF": 3.087839126586914,
      "D0": 4.533975219726562,
      "ATLAS": 2.3899346051897323,
      "CMS": 3.012906934394211,
      "LHCb": 1.464512825012207,
      "total": 2.3120601177215576
    }
  },
  "10000": {
    "training_loss": 7868.18115234375,
    "validation_loss": [
      2734.76171875
    ],
    "validation_chi2s": {
      "DEUTERON": 2.0959937252215486,
      "NMC": 2.8007486380782782,
      "NUCLEAR": 1.9409013671875,
      "HERACOMB": 2.2396529453252656,
      "DYE886": 4.305286754261363,
      "CDF": 3.090073994227818,
      "D0": 4.489495849609375,
      "ATLAS": 2.4623268345424107,
      "CMS": 2.9575352903272285,
      "LHCb": 1.4345366954803467,
      "total": 2.324460506439209
    }
  },
  "10100": {
    "training_loss": 7841.716796875,
    "validation_loss": [
      2730.8515625
    ],
    "validation_chi2s": {
      "DEUTERON": 2.069032128177472,
      "NMC": 2.805302937825521,
      "NUCLEAR": 1.930696044921875,
      "HERACOMB": 2.244152792138991,
      "DYE886": 4.055669264359907,
      "CDF": 3.0753637041364397,
      "D0": 4.412823867797852,
      "ATLAS": 2.504100341796875,
      "CMS": 2.9728758765048666,
      "LHCb": 1.4452136754989624,
      "total": 2.32174015045166
    }
  },
  "10200": {
    "training_loss": 7851.3115234375,
    "validation_loss": [
      2718.44970703125
    ],
    "validation_chi2s": {
      "DEUTERON": 2.099543784981343,
      "NMC": 2.797084135167739,
      "NUCLEAR": 1.9298143310546876,
      "HERACOMB": 2.230003606260212,
      "DYE886": 4.201495083895597,
      "CDF": 3.1164804186139787,
      "D0": 4.306801223754883,
      "ATLAS": 2.386700265066964,
      "CMS": 3.006680598024462,
      "LHCb": 1.4495776891708374,
      "total": 2.3109560012817383
    }
  },
  "10300": {
    "training_loss": 7850.7470703125,
    "validation_loss": [
      2711.34521484375
    ],
    "validation_chi2s": {
      "DEUTERON": 2.138639990963153,
      "NMC": 2.827108944163603,
      "NUCLEAR": 1.9248258056640626,
      "HERACOMB": 2.2043506896573732,
      "DYE886": 4.34509970925071,
      "CDF": 3.1075147901262556,
      "D0": 4.338453674316407,
      "ATLAS": 2.331792515345982,
      "CMS": 2.9980568807633197,
      "LHCb": 1.467383861541748,
      "total": 2.3055264949798584
    }
  },
  "10400": {
    "training_loss": 7840.107421875,
    "validation_loss": [
      2735.13134765625
    ],
    "validation_chi2s": {
      "DEUTERON": 2.092851325647155,
      "NMC": 2.800641228170956,
      "NUCLEAR": 1.92216943359375,
      "HERACOMB": 2.2401932859732434,
      "DYE886": 4.266629999334162,
      "CDF": 3.021733147757394,
      "D0": 4.172095870971679,
      "ATLAS": 2.52777099609375,
      "CMS": 2.948453058961962,
      "LHCb": 1.4614070653915405,
      "total": 2.3257758617401123
    }
  },
  "10500": {
    "training_loss": 7851.93115234375,
    "validation_loss": [
      2721.56103515625
    ],
    "validation_chi2s": {
      "DEUTERON": 2.124219296583489,
      "NMC": 2.79412093817019,
      "NUCLEAR": 1.925784912109375,
      "HERACOMB": 2.2264689526526755,
      "DYE886": 4.249302257191051,
      "CDF": 3.0631795610700334,
      "D0": 4.275769424438477,
      "ATLAS": 2.4116936383928573,
      "CMS": 2.9798223776895494,
      "LHCb": 1.4391698837280273,
      "total": 2.314232110977173
    }
  },
  "10600": {
    "training_loss": 7857.6123046875,
    "validation_loss": [
      2712.682861328125
    ],
    "validation_chi2s": {
      "DEUTERON": 2.1329268270464086,
      "NMC": 2.817230224609375,
      "NUCLEAR": 1.916046142578125,
      "HERACOMB": 2.2153679342830883,
      "DYE886": 4.173549652099609,
      "CDF": 3.083881105695452,
      "D0": 4.066088485717773,
      "ATLAS": 2.3721074567522322,
      "CMS": 3.0097506163550203,
      "LHCb": 1.4677040576934814,
      "total": 2.3066768646240234
    }
  },
  "10700": {
    "training_loss": 9366.94287109375,
    "validation_loss": [
      2721.27197265625
    ],
    "validation_chi2s": {
      "DEUTERON": 2.1766784060653763,
      "NMC": 2.873270072189032,
      "NUCLEAR": 1.9122867431640624,
      "HERACOMB": 2.205593931908701,
      "DYE886": 4.25429951060902,
      "CDF": 3.068432399204799,
      "D0": 3.8468883514404295,
      "ATLAS": 2.3419553920200893,
      "CMS": 3.0511937375928535,
      "LHCb": 1.5155460834503174,
      "total": 2.3139119148254395
    }
  },
  "10800": {
    "training_loss": 7832.5966796875,
    "validation_loss": [
      2723.247802734375
    ],
    "validation_chi2s": {
      "DEUTERON": 2.15533006962259,
      "NMC": 2.816250670189951,
      "NUCLEAR": 1.9160980224609374,
      "HERACOMB": 2.222524206622753,
      "DYE886": 4.262282978404652,
      "CDF": 3.021139689854213,
      "D0": 4.127119445800782,
      "ATLAS": 2.368787144252232,
      "CMS": 3.025600746029713,
      "LHCb": 1.4815155267715454,
      "total": 2.3156683444976807
    }
  },
  "10900": {
    "training_loss": 7954.390625,
    "validation_loss": [
      2728.708740234375
    ],
    "validation_chi2s": {
      "DEUTERON": 2.1857920784262284,
      "NMC": 2.835023468615962,
      "NUCLEAR": 1.927029052734375,
      "HERACOMB": 2.2067825217652164,
      "DYE886": 4.672809254039418,
      "CDF": 3.0523074013846263,
      "D0": 3.958098220825195,
      "ATLAS": 2.344774867466518,
      "CMS": 3.0006906478131405,
      "LHCb": 1.4860820770263672,
      "total": 2.3203117847442627
    }
  },
  "11000": {
    "training_loss": 7834.146484375,
    "validation_loss": [
      2717.997802734375
    ],
    "validation_chi2s": {
      "DEUTERON": 2.141394923575482,
      "NMC": 2.824929630055147,
      "NUCLEAR": 1.9229722900390624,
      "HERACOMB": 2.2132410784952,
      "DYE886": 4.534218181263316,
      "CDF": 3.015184129987444,
      "D0": 3.8329254150390626,
      "ATLAS": 2.387116873604911,
      "CMS": 2.9573819520043547,
      "LHCb": 1.4925332069396973,
      "total": 2.311209201812744
    }
  },
  "11100": {
    "training_loss": 7811.3642578125,
    "validation_loss": [
      2711.224609375
    ],
    "validation_chi2s": {
      "DEUTERON": 2.1380665337861475,
      "NMC": 2.860213934206495,
      "NUCLEAR": 1.9148260498046874,
      "HERACOMB": 2.2071634928385415,
      "DYE886": 4.51294604214755,
      "CDF": 3.025047847202846,
      "D0": 3.755765914916992,
      "ATLAS": 2.3263302176339287,
      "CMS": 3.0052069992315573,
      "LHCb": 1.5542539358139038,
      "total": 2.305457353591919
    }
  },
  "11200": {
    "training_loss": 7829.15380859375,
    "validation_loss": [
      2723.44140625
    ],
    "validation_chi2s": {
      "DEUTERON": 2.1764382129877955,
      "NMC": 2.8520830939797794,
      "NUCLEAR": 1.9173544921875,
      "HERACOMB": 2.2050156936146856,
      "DYE886": 4.581491296941584,
      "CDF": 3.021304266793387,
      "D0": 3.837873077392578,
      "ATLAS": 2.356387416294643,
      "CMS": 2.9949150710809427,
      "LHCb": 1.51154363155365,
      "total": 2.315842866897583
    }
  },
  "11300": {
    "training_loss": 7828.52001953125,
    "validation_loss": [
      2727.22998046875
    ],
    "validation_chi2s": {
      "DEUTERON": 2.104139337492226,
      "NMC": 2.788503609451593,
      "NUCLEAR": 1.924238525390625,
      "HERACOMB": 2.224612167458129,
      "DYE886": 4.285815152254972,
      "CDF": 2.9602296011788503,
      "D0": 4.3447265625,
      "ATLAS": 2.4875148228236608,
      "CMS": 2.963008192719006,
      "LHCb": 1.4066474437713623,
      "total": 2.31905460357666
    }
  },
  "11400": {
    "training_loss": 7792.791015625,
    "validation_loss": [
      2728.4453125
    ],
    "validation_chi2s": {
      "DEUTERON": 2.101478083216729,
      "NMC": 2.8272723029641544,
      "NUCLEAR": 1.9237965087890625,
      "HERACOMB": 2.23976145226971,
      "DYE886": 4.724537589333274,
      "CDF": 2.998441696166992,
      "D0": 3.650343322753906,
      "ATLAS": 2.4036654227120535,
      "CMS": 2.9881796915023053,
      "LHCb": 1.528368592262268,
      "total": 2.3201048374176025
    }
  },
  "11500": {
    "training_loss": 7802.3662109375,
    "validation_loss": [
      2723.843994140625
    ],
    "validation_chi2s": {
      "DEUTERON": 2.1153086192572297,
      "NMC": 2.8058525534237133,
      "NUCLEAR": 1.923102783203125,
      "HERACOMB": 2.232601190704146,
      "DYE886": 4.608675870028409,
      "CDF": 2.946587153843471,
      "D0": 3.7430183410644533,
      "ATLAS": 2.41088134765625,
      "CMS": 2.9714110327548666,
      "LHCb": 1.4914265871047974,
      "total": 2.3161704540252686
    }
  },
  "11600": {
    "training_loss": 7798.1298828125,
    "validation_loss": [
      2718.781005859375
    ],
    "validation_chi2s": {
      "DEUTERON": 2.0771797142218595,
      "NMC": 2.792405969956342,
      "NUCLEAR": 1.918855712890625,
      "HERACOMB": 2.244498458563113,
      "DYE886": 4.254471518776634,
      "CDF": 2.9162875584193637,
      "D0": 4.082063293457031,
      "ATLAS": 2.4457667759486608,
      "CMS": 2.9747384493468236,
      "LHCb": 1.4532909393310547,
      "total": 2.3118386268615723
    }
  },
  "11700": {
    "training_loss": 7808.78369140625,
    "validation_loss": [
      2722.714111328125
    ],
    "validation_chi2s": {
      "DEUTERON": 2.1604050973161537,
      "NMC": 2.920358994427849,
      "NUCLEAR": 1.914566650390625,
      "HERACOMB": 2.2098749696818833,
      "DYE886": 4.743524724786932,
      "CDF": 2.988297326224191,
      "D0": 3.537942123413086,
      "ATLAS": 2.318055943080357,
      "CMS": 3.010989579998079,
      "LHCb": 1.5937175750732422,
      "total": 2.3152191638946533
    }
  },
  "11800": {
    "training_loss": 7804.57958984375,
    "validation_loss": [
      2713.517578125
    ],
    "validation_chi2s": {
      "DEUTERON": 2.071431933350824,
      "NMC": 2.816698859719669,
      "NUCLEAR": 1.9255848388671875,
      "HERACOMB": 2.2379812602124183,
      "DYE886": 4.4256955927068535,
      "CDF": 2.9511176518031528,
      "D0": 3.9607192993164064,
      "ATLAS": 2.3888420758928572,
      "CMS": 2.9821662277471823,
      "LHCb": 1.4815467596054077,
      "total": 2.307091236114502
    }
  },
  "11900": {
    "training_loss": 7898.78125,
    "validation_loss": [
      2707.765380859375
    ],
    "validation_chi2s": {
      "DEUTERON": 2.1011501331234452,
      "NMC": 2.833571789311428,
      "NUCLEAR": 1.908580322265625,
      "HERACOMB": 2.2169977325239993,
      "DYE886": 4.1541220925071025,
      "CDF": 2.966082436697824,
      "D0": 4.124827575683594,
      "ATLAS": 2.386819196428571,
      "CMS": 3.0110663742315573,
      "LHCb": 1.4658252000808716,
      "total": 2.3025007247924805
    }
  },
  "12000": {
    "training_loss": 7813.31298828125,
    "validation_loss": [
      2715.63330078125
    ],
    "validation_chi2s": {
      "DEUTERON": 2.1264379700618004,
      "NMC": 2.867409500421262,
      "NUCLEAR": 1.9183536376953125,
      "HERACOMB": 2.2151259877323324,
      "DYE886": 4.588040091774681,
      "CDF": 2.971858160836356,
      "D0": 3.6975639343261717,
      "ATLAS": 2.335459158761161,
      "CMS": 3.0003757164126537,
      "LHCb": 1.5964531898498535,
      "total": 2.3092024326324463
    }
  },
  "12100": {
    "training_loss": 7796.1572265625,
    "validation_loss": [
      2730.420654296875
    ],
    "validation_chi2s": {
      "DEUTERON": 2.100548283970771,
      "NMC": 2.8255244236366424,
      "NUCLEAR": 1.9278096923828125,
      "HERACOMB": 2.235684064478656,
      "DYE886": 4.665001609108665,
      "CDF": 2.9567208971296037,
      "D0": 3.8942035675048827,
      "ATLAS": 2.440556640625,
      "CMS": 2.959048411885246,
      "LHCb": 1.489475131034851,
      "total": 2.3217833042144775
    }
  },
  "12200": {
    "training_loss": 7785.63720703125,
    "validation_loss": [
      2724.91357421875
    ],
    "validation_chi2s": {
      "DEUTERON": 2.1062679765236316,
      "NMC": 2.8605618944355085,
      "NUCLEAR": 1.92141357421875,
      "HERACOMB": 2.2300123825571894,
      "DYE886": 4.714717518199574,
      "CDF": 2.9934850420270647,
      "D0": 3.5687313079833984,
      "ATLAS": 2.379031459263393,
      "CMS": 2.997278932665215,
      "LHCb": 1.580114483833313,
      "total": 2.317103147506714
    }
  },
  "12300": {
    "training_loss": 7982.064453125,
    "validation_loss": [
      2710.57275390625
    ],
    "validation_chi2s": {
      "DEUTERON": 2.084300937937267,
      "NMC": 2.84019500134038,
      "NUCLEAR": 1.9177899169921875,
      "HERACOMB": 2.217367334303513,
      "DYE886": 4.336222908713601,
      "CDF": 2.9768644060407365,
      "D0": 4.1268463134765625,
      "ATLAS": 2.3736460658482144,
      "CMS": 3.0208882816502305,
      "LHCb": 1.4796979427337646,
      "total": 2.3048863410949707
    }
  },
  "12400": {
    "training_loss": 7821.392578125,
    "validation_loss": [
      2718.704345703125
    ],
    "validation_chi2s": {
      "DEUTERON": 2.107401074461676,
      "NMC": 2.8295856550628065,
      "NUCLEAR": 1.9248314208984374,
      "HERACOMB": 2.2205084507761437,
      "DYE886": 4.715268221768466,
      "CDF": 2.9946700504847934,
      "D0": 3.7065433502197265,
      "ATLAS": 2.3831283133370538,
      "CMS": 2.9726507468301744,
      "LHCb": 1.5198872089385986,
      "total": 2.311812162399292
    }
  },
  "12500": {
    "training_loss": 7810.6220703125,
    "validation_loss": [
      2722.293212890625
    ],
    "validation_chi2s": {
      "DEUTERON": 2.072737053259095,
      "NMC": 2.81182861328125,
      "NUCLEAR": 1.919513916015625,
      "HERACOMB": 2.225533479179432,
      "DYE886": 4.601776816628196,
      "CDF": 2.9708129337855746,
      "D0": 3.7353275299072264,
      "ATLAS": 2.4827469308035712,
      "CMS": 2.950372664654841,
      "LHCb": 1.4860483407974243,
      "total": 2.314866304397583
    }
  },
  "12600": {
    "training_loss": 7850.5244140625,
    "validation_loss": [
      2729.39990234375
    ],
    "validation_chi2s": {
      "DEUTERON": 2.0961141254178326,
      "NMC": 2.8335619159773286,
      "NUCLEAR": 1.9236429443359375,
      "HERACOMB": 2.216327143650429,
      "DYE886": 4.846848227761009,
      "CDF": 3.0020454951695035,
      "D0": 3.7221282958984374,
      "ATLAS": 2.4537029157366073,
      "CMS": 2.9722422615426485,
      "LHCb": 1.486698865890503,
      "total": 2.3209095001220703
    }
  },
  "12700": {
    "training_loss": 7808.25341796875,
    "validation_loss": [
      2715.4423828125
    ],
    "validation_chi2s": {
      "DEUTERON": 2.0561323023554103,
      "NMC": 2.814211976294424,
      "NUCLEAR": 1.9220670166015625,
      "HERACOMB": 2.2272075578278185,
      "DYE886": 4.478628678755327,
      "CDF": 3.036594663347517,
      "D0": 4.064128875732422,
      "ATLAS": 2.419785679408482,
      "CMS": 3.012014170162013,
      "LHCb": 1.4135740995407104,
      "total": 2.309047222137451
    }
  },
  "12800": {
    "training_loss": 7833.912109375,
    "validation_loss": [
      2702.763427734375
    ],
    "validation_chi2s": {
      "DEUTERON": 2.087704938442553,
      "NMC": 2.846942378025429,
      "NUCLEAR": 1.9164879150390626,
      "HERACOMB": 2.2048264048457926,
      "DYE886": 4.522499084472656,
      "CDF": 3.0254418509347096,
      "D0": 3.713664245605469,
      "ATLAS": 2.3526771763392857,
      "CMS": 3.0096583131883965,
      "LHCb": 1.4822990894317627,
      "total": 2.298266649246216
    }
  },
  "12900": {
    "training_loss": 7835.84228515625,
    "validation_loss": [
      2704.718994140625
    ],
    "validation_chi2s": {
      "DEUTERON": 2.0842238089338463,
      "NMC": 2.8344487208946076,
      "NUCLEAR": 1.9172296142578125,
      "HERACOMB": 2.2089712105545343,
      "DYE886": 4.621882351962003,
      "CDF": 3.028761454990932,
      "D0": 3.6545276641845703,
      "ATLAS": 2.3591409737723215,
      "CMS": 3.000674888735912,
      "LHCb": 1.4875868558883667,
      "total": 2.2999160289764404
    }
  },
  "13000": {
    "training_loss": 7861.8095703125,
    "validation_loss": [
      2713.39306640625
    ],
    "validation_chi2s": {
      "DEUTERON": 2.1420723834441078,
      "NMC": 2.897617115693934,
      "NUCLEAR": 1.9110654296875,
      "HERACOMB": 2.2222788692299837,
      "DYE886": 4.661531274968928,
      "CDF": 3.066681453159877,
      "D0": 3.2551895141601563,
      "ATLAS": 2.2699213518415178,
      "CMS": 3.044618450227331,
      "LHCb": 1.6256568431854248,
      "total": 2.3073058128356934
    }
  },
  "13100": {
    "training_loss": 7898.52099609375,
    "validation_loss": [
      2705.8017578125
    ],
    "validation_chi2s": {
      "DEUTERON": 2.086142468808302,
      "NMC": 2.814343022365196,
      "NUCLEAR": 1.9074013671875,
      "HERACOMB": 2.223538467307496,
      "DYE886": 4.354328155517578,
      "CDF": 2.9898057665143694,
      "D0": 4.025338363647461,
      "ATLAS": 2.335411376953125,
      "CMS": 3.05763895003522,
      "LHCb": 1.4686295986175537,
      "total": 2.300851583480835
    }
  },
  "13200": {
    "training_loss": 7791.005859375,
    "validation_loss": [
      2705.0224609375
    ],
    "validation_chi2s": {
      "DEUTERON": 2.0337791632657027,
      "NMC": 2.762148988013174,
      "NUCLEAR": 1.9159830322265625,
      "HERACOMB": 2.251754461550245,
      "DYE886": 4.385826457630504,
      "CDF": 2.941035951886858,
      "D0": 3.990103912353516,
      "ATLAS": 2.3734586007254466,
      "CMS": 3.0170378137807377,
      "LHCb": 1.4510197639465332,
      "total": 2.299774408340454
    }
  },
  "13300": {
    "training_loss": 7797.05859375,
    "validation_loss": [
      2702.41943359375
    ],
    "validation_chi2s": {
      "DEUTERON": 2.083740082546253,
      "NMC": 2.82574462890625,
      "NUCLEAR": 1.9094122314453126,
      "HERACOMB": 2.2068363763148486,
      "DYE886": 4.641767675226385,
      "CDF": 2.9188338688441684,
      "D0": 3.792524719238281,
      "ATLAS": 2.335883963448661,
      "CMS": 3.026461491819288,
      "LHCb": 1.5106661319732666,
      "total": 2.2979719638824463
    }
  },
  "13400": {
    "training_loss": 7824.8818359375,
    "validation_loss": [
      2706.80859375
    ],
    "validation_chi2s": {
      "DEUTERON": 2.0351567054862407,
      "NMC": 2.7899508008769915,
      "NUCLEAR": 1.9221724853515625,
      "HERACOMB": 2.2329582264220793,
      "DYE886": 4.6678338484330615,
      "CDF": 2.8994007110595703,
      "D0": 4.1285453796386715,
      "ATLAS": 2.377880336216518,
      "CMS": 2.9784365794697747,
      "LHCb": 1.4872382879257202,
      "total": 2.3014843463897705
    }
  },
  "13500": {
    "training_loss": 7824.8662109375,
    "validation_loss": [
      2729.6943359375
    ],
    "validation_chi2s": {
      "DEUTERON": 2.0963622135902518,
      "NMC": 2.771128037396599,
      "NUCLEAR": 1.92528955078125,
      "HERACOMB": 2.225064346213746,
      "DYE886": 4.860408436168324,
      "CDF": 2.9285376412527904,
      "D0": 4.189729690551758,
      "ATLAS": 2.4108806501116073,
      "CMS": 3.000643870869621,
      "LHCb": 1.4840139150619507,
      "total": 2.3211612701416016
    }
  },
  "13600": {
    "training_loss": 7842.07080078125,
    "validation_loss": [
      2716.060546875
    ],
    "validation_chi2s": {
      "DEUTERON": 2.0765679962006374,
      "NMC": 2.7571467979281556,
      "NUCLEAR": 1.92002978515625,
      "HERACOMB": 2.2283341152216094,
      "DYE886": 4.700334028764204,
      "CDF": 2.952129908970424,
      "D0": 3.787446975708008,
      "ATLAS": 2.4061692592075894,
      "CMS": 3.0043772713082735,
      "LHCb": 1.456576943397522,
      "total": 2.3095688819885254
    }
  },
  "13700": {
    "training_loss": 7783.91845703125,
    "validation_loss": [
      2712.47998046875
    ],
    "validation_chi2s": {
      "DEUTERON": 2.0441874793512906,
      "NMC": 2.778699987074908,
      "NUCLEAR": 1.9227239990234375,
      "HERACOMB": 2.2407719231898486,
      "DYE886": 4.66330302845348,
      "CDF": 2.9469239371163503,
      "D0": 3.6200611114501955,
      "ATLAS": 2.432581089564732,
      "CMS": 2.9615063276447233,
      "LHCb": 1.4707539081573486,
      "total": 2.30649995803833
    }
  },
  "13800": {
    "training_loss": 7837.1982421875,
    "validation_loss": [
      2705.460205078125
    ],
    "validation_chi2s": {
      "DEUTERON": 2.0633159276857898,
      "NMC": 2.815675324084712,
      "NUCLEAR": 1.9192122802734375,
      "HERACOMB": 2.2156122743693833,
      "DYE886": 4.522315632213246,
      "CDF": 2.870245797293527,
      "D0": 3.9945629119873045,
      "ATLAS": 2.410798165457589,
      "CMS": 2.962614966220543,
      "LHCb": 1.4526972770690918,
      "total": 2.3005523681640625
    }
  },
  "13900": {
    "training_loss": 7792.705078125,
    "validation_loss": [
      2710.911376953125
    ],
    "validation_chi2s": {
      "DEUTERON": 2.036115200365361,
      "NMC": 2.819149241727941,
      "NUCLEAR": 1.921843505859375,
      "HERACOMB": 2.2355767543019813,
      "DYE886": 4.595585909756747,
      "CDF": 2.8590502057756697,
      "D0": 4.283674240112305,
      "ATLAS": 2.359559500558036,
      "CMS": 3.029625814469134,
      "LHCb": 1.4581644535064697,
      "total": 2.305046558380127
    }
  },
  "14000": {
    "training_loss": 7833.541015625,
    "validation_loss": [
      2705.111083984375
    ],
    "validation_chi2s": {
      "DEUTERON": 2.0491753573441387,
      "NMC": 2.8283918792126226,
      "NUCLEAR": 1.9101083984375,
      "HERACOMB": 2.229271184385212,
      "DYE886": 4.434537020596591,
      "CDF": 2.81268801007952,
      "D0": 4.2682647705078125,
      "ATLAS": 2.375744803292411,
      "CMS": 3.0075243340163933,
      "LHCb": 1.4588860273361206,
      "total": 2.300259590148926
    }
  },
  "14100": {
    "training_loss": 7803.55712890625,
    "validation_loss": [
      2720.21240234375
    ],
    "validation_chi2s": {
      "DEUTERON": 2.042574450744325,
      "NMC": 2.8591030345243564,
      "NUCLEAR": 1.9038560791015624,
      "HERACOMB": 2.2494283439287175,
      "DYE886": 4.477616743607954,
      "CDF": 2.810123716081892,
      "D0": 4.566890716552734,
      "ATLAS": 2.350531005859375,
      "CMS": 3.089145097576204,
      "LHCb": 1.4839178323745728,
      "total": 2.313105583190918
    }
  },
  "14200": {
    "training_loss": 7873.685546875,
    "validation_loss": [
      2713.1181640625
    ],
    "validation_chi2s": {
      "DEUTERON": 2.130385061994714,
      "NMC": 2.944862216126685,
      "NUCLEAR": 1.9073958740234376,
      "HERACOMB": 2.214168972439236,
      "DYE886": 4.717443986372515,
      "CDF": 2.84548214503697,
      "D0": 3.973428726196289,
      "ATLAS": 2.286178676060268,
      "CMS": 3.00070065357646,
      "LHCb": 1.585315465927124,
      "total": 2.3070688247680664
    }
  },
  "14300": {
    "training_loss": 7913.7529296875,
    "validation_loss": [
      2732.667236328125
    ],
    "validation_chi2s": {
      "DEUTERON": 2.076004104234686,
      "NMC": 2.847570681104473,
      "NUCLEAR": 1.9129599609375,
      "HERACOMB": 2.251321231617647,
      "DYE886": 4.909588206898082,
      "CDF": 2.8024319240025113,
      "D0": 4.164559173583984,
      "ATLAS": 2.3994660295758927,
      "CMS": 2.987125084048412,
      "LHCb": 1.53645920753479,
      "total": 2.323489189147949
    }
  },
  "14400": {
    "training_loss": 7834.2041015625,
    "validation_loss": [
      2712.791015625
    ],
    "validation_chi2s": {
      "DEUTERON": 2.0369170079776895,
      "NMC": 2.9241446700750613,
      "NUCLEAR": 1.9030279541015624,
      "HERACOMB": 2.237772224775327,
      "DYE886": 4.109081615101207,
      "CDF": 2.8144637516566684,
      "D0": 4.426715469360351,
      "ATLAS": 2.4036110142299107,
      "CMS": 3.040041063652664,
      "LHCb": 1.4947706460952759,
      "total": 2.3067898750305176
    }
  },
  "14500": {
    "training_loss": 8183.9970703125,
    "validation_loss": [
      2756.7822265625
    ],
    "validation_chi2s": {
      "DEUTERON": 2.194272321255053,
      "NMC": 3.061481849820006,
      "NUCLEAR": 1.9143038330078126,
      "HERACOMB": 2.239267386642157,
      "DYE886": 5.197859330610796,
      "CDF": 2.9947752271379744,
      "D0": 3.752948760986328,
      "ATLAS": 2.2528885323660712,
      "CMS": 3.056645377737577,
      "LHCb": 1.743566632270813,
      "total": 2.3442025184631348
    }
  },
  "14600": {
    "training_loss": 7806.015625,
    "validation_loss": [
      2724.42431640625
    ],
    "validation_chi2s": {
      "DEUTERON": 2.015515531473492,
      "NMC": 2.831300324084712,
      "NUCLEAR": 1.91795263671875,
      "HERACOMB": 2.2832256641263275,
      "DYE886": 4.469700899991122,
      "CDF": 2.815401077270508,
      "D0": 4.113853836059571,
      "ATLAS": 2.415517054966518,
      "CMS": 3.0043174868724387,
      "LHCb": 1.4830658435821533,
      "total": 2.315944194793701
    }
  },
  "14700": {
    "training_loss": 7809.49169921875,
    "validation_loss": [
      2715.67041015625
    ],
    "validation_chi2s": {
      "DEUTERON": 2.013965967282727,
      "NMC": 2.8644388236251532,
      "NUCLEAR": 1.9096480712890624,
      "HERACOMB": 2.2681039049734477,
      "DYE886": 4.148310574618253,
      "CDF": 2.8207550048828125,
      "D0": 4.3669994354248045,
      "ATLAS": 2.4128993443080358,
      "CMS": 3.0336436287301485,
      "LHCb": 1.4450476169586182,
      "total": 2.309206485748291
    }
  },
  "14800": {
    "training_loss": 7810.7578125,
    "validation_loss": [
      2715.896484375
    ],
    "validation_chi2s": {
      "DEUTERON": 2.041289979545631,
      "NMC": 2.842809041341146,
      "NUCLEAR": 1.9074947509765625,
      "HERACOMB": 2.254971772237541,
      "DYE886": 4.271067532626065,
      "CDF": 2.823640823364258,
      "D0": 4.041154479980468,
      "ATLAS": 2.4228620256696427,
      "CMS": 3.0193041191726433,
      "LHCb": 1.4755216836929321,
      "total": 2.3094308376312256
    }
  },
  "14900": {
    "training_loss": 7873.87890625,
    "validation_loss": [
      2727.8017578125
    ],
    "validation_chi2s": {
      "DEUTERON": 2.0854067067008706,
      "NMC": 2.8743289124731923,
      "NUCLEAR": 1.9097535400390624,
      "HERACOMB": 2.2352532280815973,
      "DYE886": 4.985282551158559,
      "CDF": 2.8082182747977122,
      "D0": 3.6409244537353516,
      "ATLAS": 2.4188363211495534,
      "CMS": 2.956700559522285,
      "LHCb": 1.5894218683242798,
      "total": 2.319559335708618
    }
  },
  "15000": {
    "training_loss": 7870.5703125,
    "validation_loss": [
      2727.80908203125
    ],
    "validation_chi2s": {
      "DEUTERON": 2.0912272135416665,
      "NMC": 2.8439097684972428,
      "NUCLEAR": 1.9092493896484375,
      "HERACOMB": 2.2407607533573324,
      "DYE886": 4.758586536754262,
      "CDF": 2.8496810368129184,
      "D0": 3.9178798675537108,
      "ATLAS": 2.397246268136161,
      "CMS": 3.010622868772413,
      "LHCb": 1.5254671573638916,
      "total": 2.3195629119873047
    }
  },
  "15100": {
    "training_loss": 7804.1337890625,
    "validation_loss": [
      2708.9208984375
    ],
    "validation_chi2s": {
      "DEUTERON": 2.0296844937908114,
      "NMC": 2.830759983436734,
      "NUCLEAR": 1.913619873046875,
      "HERACOMB": 2.2449265025020426,
      "DYE886": 4.448524821888316,
      "CDF": 2.846989495413644,
      "D0": 3.8768882751464844,
      "ATLAS": 2.431037074497768,
      "CMS": 2.9652950099257174,
      "LHCb": 1.483120322227478,
      "total": 2.303495407104492
    }
  },
  "15200": {
    "training_loss": 7795.37890625,
    "validation_loss": [
      2693.15625
    ],
    "validation_chi2s": {
      "DEUTERON": 2.053117590757152,
      "NMC": 2.820057887657016,
      "NUCLEAR": 1.9010145263671876,
      "HERACOMB": 2.2282180287479574,
      "DYE886": 4.286854483864524,
      "CDF": 2.883130209786551,
      "D0": 3.8516471862792967,
      "ATLAS": 2.3472185407366073,
      "CMS": 3.014653690525743,
      "LHCb": 1.500259518623352,
      "total": 2.2900991439819336
    }
  },
  "15300": {
    "training_loss": 8026.1376953125,
    "validation_loss": [
      2704.117431640625
    ],
    "validation_chi2s": {
      "DEUTERON": 2.087138920874145,
      "NMC": 2.826817830403646,
      "NUCLEAR": 1.896205078125,
      "HERACOMB": 2.2325026568244484,
      "DYE886": 4.409311467950994,
      "CDF": 2.8912086486816406,
      "D0": 3.5330352783203125,
      "ATLAS": 2.3850455147879464,
      "CMS": 2.9816509309362194,
      "LHCb": 1.5474894046783447,
      "total": 2.299419641494751
    }
  },
  "15400": {
    "training_loss": 7806.40283203125,
    "validation_loss": [
      2710.30029296875
    ],
    "validation_chi2s": {
      "DEUTERON": 2.043223822294776,
      "NMC": 2.7675532920687806,
      "NUCLEAR": 1.90948388671875,
      "HERACOMB": 2.251822278390523,
      "DYE886": 4.25230581110174,
      "CDF": 2.9161714826311385,
      "D0": 3.717560577392578,
      "ATLAS": 2.4763007463727678,
      "CMS": 2.942198206166752,
      "LHCb": 1.5151159763336182,
      "total": 2.304579734802246
    }
  },
  "15500": {
    "training_loss": 7850.5361328125,
    "validation_loss": [
      2681.337890625
    ],
    "validation_chi2s": {
      "DEUTERON": 2.081505467049518,
      "NMC": 2.8029372271369484,
      "NUCLEAR": 1.8854619140625,
      "HERACOMB": 2.2082475649765114,
      "DYE886": 4.047335884787819,
      "CDF": 3.0082408360072543,
      "D0": 3.4149059295654296,
      "ATLAS": 2.3663082449776787,
      "CMS": 3.007813250432249,
      "LHCb": 1.4877879619598389,
      "total": 2.280047655105591
    }
  },
  "15600": {
    "training_loss": 8145.703125,
    "validation_loss": [
      2698.0068359375
    ],
    "validation_chi2s": {
      "DEUTERON": 2.1438525755013993,
      "NMC": 2.809803981407016,
      "NUCLEAR": 1.87555224609375,
      "HERACOMB": 2.203885346456291,
      "DYE886": 4.270293842662465,
      "CDF": 3.041996819632394,
      "D0": 3.818947982788086,
      "ATLAS": 2.3394904436383928,
      "CMS": 3.036013743916496,
      "LHCb": 1.4775354862213135,
      "total": 2.2942235469818115
    }
  },
  "15700": {
    "training_loss": 7826.97265625,
    "validation_loss": [
      2701.96826171875
    ],
    "validation_chi2s": {
      "DEUTERON": 2.064514463813744,
      "NMC": 2.796346627029718,
      "NUCLEAR": 1.8837520751953125,
      "HERACOMB": 2.215200985179228,
      "DYE886": 4.320483814586293,
      "CDF": 2.938716343470982,
      "D0": 4.437022018432617,
      "ATLAS": 2.363839460100446,
      "CMS": 3.067079137583248,
      "LHCb": 1.4868402481079102,
      "total": 2.2974462509155273
    }
  },
  "15800": {
    "training_loss": 7837.8212890625,
    "validation_loss": [
      2704.1279296875
    ],
    "validation_chi2s": {
      "DEUTERON": 2.0765679962006374,
      "NMC": 2.7838703230315565,
      "NUCLEAR": 1.87842529296875,
      "HERACOMB": 2.219013687831904,
      "DYE886": 3.987555070356889,
      "CDF": 2.9082243783133372,
      "D0": 4.5176856994628904,
      "ATLAS": 2.4346677943638393,
      "CMS": 3.0311729556224387,
      "LHCb": 1.4688445329666138,
      "total": 2.299426317214966
    }
  },
  "15900": {
    "training_loss": 8655.9091796875,
    "validation_loss": [
      2711.77099609375
    ],
    "validation_chi2s": {
      "DEUTERON": 2.0608317057291665,
      "NMC": 2.8262347053079044,
      "NUCLEAR": 1.885482666015625,
      "HERACOMB": 2.2348271787556167,
      "DYE886": 3.923265977339311,
      "CDF": 2.8513524191720143,
      "D0": 4.8040519714355465,
      "ATLAS": 2.4054159109933035,
      "CMS": 3.079459518682761,
      "LHCb": 1.4751629829406738,
      "total": 2.3059117794036865
    }
  },
  "16000": {
    "training_loss": 7835.00830078125,
    "validation_loss": [
      2705.4892578125
    ],
    "validation_chi2s": {
      "DEUTERON": 2.123199462890625,
      "NMC": 2.851430556353401,
      "NUCLEAR": 1.886727294921875,
      "HERACOMB": 2.210159202027165,
      "DYE886": 4.372720198197798,
      "CDF": 2.870616912841797,
      "D0": 3.8214813232421876,
      "ATLAS": 2.3700333077566964,
      "CMS": 2.996131521756532,
      "LHCb": 1.5787125825881958,
      "total": 2.3005852699279785
    }
  },
  "16100": {
    "training_loss": 7841.31201171875,
    "validation_loss": [
      2693.775146484375
    ],
    "validation_chi2s": {
      "DEUTERON": 2.0255479195817787,
      "NMC": 2.7982500861672794,
      "NUCLEAR": 1.901165771484375,
      "HERACOMB": 2.2278432409747753,
      "DYE886": 4.280690279873935,
      "CDF": 2.8299661363874162,
      "D0": 4.0950569152832035,
      "ATLAS": 2.400513916015625,
      "CMS": 2.9846944339939805,
      "LHCb": 1.4902442693710327,
      "total": 2.2905640602111816
    }
  },
  "16200": {
    "training_loss": 7848.66064453125,
    "validation_loss": [
      2702.3466796875
    ],
    "validation_chi2s": {
      "DEUTERON": 2.0755255400244867,
      "NMC": 2.803020103304994,
      "NUCLEAR": 1.8918134765625,
      "HERACOMB": 2.2252267077078227,
      "DYE886": 4.125668612393466,
      "CDF": 2.8577864510672435,
      "D0": 4.059297180175781,
      "ATLAS": 2.40319580078125,
      "CMS": 3.0264139644435195,
      "LHCb": 1.4748605489730835,
      "total": 2.2979137897491455
    }
  },
  "16300": {
    "training_loss": 7871.24609375,
    "validation_loss": [
      2684.8125
    ],
    "validation_chi2s": {
      "DEUTERON": 2.0589027214999223,
      "NMC": 2.7973444321576286,
      "NUCLEAR": 1.8896025390625,
      "HERACOMB": 2.215909272237541,
      "DYE886": 4.033020713112571,
      "CDF": 2.935180119105748,
      "D0": 3.7567779541015627,
      "ATLAS": 2.380537109375,
      "CMS": 3.008979422147157,
      "LHCb": 1.4784226417541504,
      "total": 2.283003568649292
    }
  },
  "16400": {
    "training_loss": 9966.03759765625,
    "validation_loss": [
      2699.47119140625
    ],
    "validation_chi2s": {
      "DEUTERON": 2.104754243917133,
      "NMC": 2.829163495232077,
      "NUCLEAR": 1.904208251953125,
      "HERACOMB": 2.2194016400505516,
      "DYE886": 4.438602100719105,
      "CDF": 3.059683391026088,
      "D0": 3.5113677978515625,
      "ATLAS": 2.3061964634486607,
      "CMS": 3.018858112272669,
      "LHCb": 1.589709758758545,
      "total": 2.295466423034668
    }
  },
  "16500": {
    "training_loss": 8844.72119140625,
    "validation_loss": [
      2698.93798828125
    ],
    "validation_chi2s": {
      "DEUTERON": 2.145930959217584,
      "NMC": 2.8738579843558516,
      "NUCLEAR": 1.8991954345703126,
      "HERACOMB": 2.204746021943934,
      "DYE886": 4.267611763694069,
      "CDF": 3.014185769217355,
      "D0": 3.810592269897461,
      "ATLAS": 2.261183558872768,
      "CMS": 3.059757670418161,
      "LHCb": 1.5468093156814575,
      "total": 2.295015573501587
    }
  },
  "16600": {
    "training_loss": 7975.02294921875,
    "validation_loss": [
      2708.06787109375
    ],
    "validation_chi2s": {
      "DEUTERON": 2.15656884036847,
      "NMC": 2.893971461875766,
      "NUCLEAR": 1.900788330078125,
      "HERACOMB": 2.2094870174632355,
      "DYE886": 4.467958623712713,
      "CDF": 2.99941771371024,
      "D0": 3.746715545654297,
      "ATLAS": 2.265928955078125,
      "CMS": 3.0467349193135247,
      "LHCb": 1.5846058130264282,
      "total": 2.302778482437134
    }
  },
  "16700": {
    "training_loss": 7947.251953125,
    "validation_loss": [
      2732.156005859375
    ],
    "validation_chi2s": {
      "DEUTERON": 2.1187335721295866,
      "NMC": 2.856204762178309,
      "NUCLEAR": 1.938138916015625,
      "HERACOMB": 2.2192799686606413,
      "DYE886": 4.993085687810725,
      "CDF": 2.915292194911412,
      "D0": 3.7393173217773437,
      "ATLAS": 2.3534612165178572,
      "CMS": 2.9933939449122695,
      "LHCb": 1.6341229677200317,
      "total": 2.3232622146606445
    }
  },
  "16800": {
    "training_loss": 7813.275390625,
    "validation_loss": [
      2718.97314453125
    ],
    "validation_chi2s": {
      "DEUTERON": 2.107625932835821,
      "NMC": 2.859456679400276,
      "NUCLEAR": 1.9087200927734376,
      "HERACOMB": 2.2333944482741015,
      "DYE886": 4.495297865434126,
      "CDF": 2.9397381373814175,
      "D0": 3.8150386810302734,
      "ATLAS": 2.341936732700893,
      "CMS": 3.0409630947425716,
      "LHCb": 1.5764678716659546,
      "total": 2.312051296234131
    }
  },
  "16900": {
    "training_loss": 7853.93359375,
    "validation_loss": [
      2715.20263671875
    ],
    "validation_chi2s": {
      "DEUTERON": 2.07958544071634,
      "NMC": 2.8186492919921875,
      "NUCLEAR": 1.900424072265625,
      "HERACOMB": 2.2359208250357434,
      "DYE886": 4.322777834805575,
      "CDF": 2.8568434034075056,
      "D0": 4.517927932739258,
      "ATLAS": 2.4120807756696427,
      "CMS": 2.987550328989498,
      "LHCb": 1.4776057004928589,
      "total": 2.3088457584381104
    }
  },
  "17000": {
    "training_loss": 7855.4140625,
    "validation_loss": [
      2731.6240234375
    ],
    "validation_chi2s": {
      "DEUTERON": 2.070444287352301,
      "NMC": 2.8414958879059435,
      "NUCLEAR": 1.9090511474609375,
      "HERACOMB": 2.2452685786228552,
      "DYE886": 4.863773345947266,
      "CDF": 2.8717569623674666,
      "D0": 4.299019241333008,
      "ATLAS": 2.4001930454799107,
      "CMS": 3.009613537397541,
      "LHCb": 1.5289044380187988,
      "total": 2.3228044509887695
    }
  }
}