{
  "100": {
    "training_loss": 228.0,
    "validation_loss": [
      109.74015808105469
    ],
    "validation_chi2s": {
      "DEUTERON": 1.9200597763061524,
      "ATLAS": 2.994342803955078,
      "total": 2.1517677307128906
    }
  },
  "200": {
    "training_loss": 226.05657958984375,
    "validation_loss": [
      109.83077239990234
    ],
    "validation_chi2s": {
      "DEUTERON": 2.0553646087646484,
      "ATLAS": 2.510562549937855,
      "total": 2.1535446643829346
    }
  },
  "300": {
    "training_loss": 220.64242553710938,
    "validation_loss": [
      109.61320495605469
    ],
    "validation_chi2s": {
      "DEUTERON": 2.0910167694091797,
      "ATLAS": 2.3611392974853516,
      "total": 2.1492786407470703
    }
  },
  "400": {
    "training_loss": 217.7615966796875,
    "validation_loss": [
      110.31716918945312
    ],
    "validation_chi2s": {
      "DEUTERON": 2.0993343353271485,
      "ATLAS": 2.39489087191495,
      "total": 2.163081645965576
    }
  },
  "500": {
    "training_loss": 215.368896484375,
    "validation_loss": [
      112.16497802734375
    ],
    "validation_chi2s": {
      "DEUTERON": 2.0961000442504885,
      "ATLAS": 2.574634725397283,
      "total": 2.1993134021759033
    }
  },
  "600": {
    "training_loss": 221.38414001464844,
    "validation_loss": [
      76.5230941772461
    ],
    "validation_chi2s": {
      "DEUTERON": 1.412731647491455,
      "ATLAS": 1.819439627907493,
      "total": 1.500452995300293
    }
  },
  "700": {
    "training_loss": 217.99388122558594,
    "validation_loss": [
      98.99630737304688
    ],
    "validation_chi2s": {
      "DEUTERON": 1.8680431365966796,
      "ATLAS": 2.2067800001664595,
      "total": 1.9411040544509888
    }
  },
  "800": {
    "training_loss": 215.08883666992188,
    "validation_loss": [
      101.74617004394531
    ],
    "validation_chi2s": {
      "DEUTERON": 1.8902603149414063,
      "ATLAS": 2.375977776267312,
      "total": 1.9950228929519653
    }
  },
  "900": {
    "training_loss": 224.40333557128906,
    "validation_loss": [
      90.68236541748047
    ],
    "validation_chi2s": {
      "DEUTERON": 1.655599594116211,
      "ATLAS": 2.223489587957209,
      "total": 1.778085708618164
    }
  }
}