{
  "100": {
    "training_loss": 24944.125,
    "validation_loss": [
      11494.873046875
    ],
    "validation_chi2s": {
      "DEUTERON": 14.799821692319652,
      "NMC": 5.690041336358762,
      "NUCLEAR": 6.4791904296875,
      "HERACOMB": 6.641620710784314,
      "DYE886": 36.77945778586648,
      "CDF": 4.621314457484654,
      "D0": 5.679882049560547,
      "ATLAS": 12.66796594378592,
      "CMS": 5.169164736408833,
      "LHCb": 9.851261138916016,
      "total": 9.335877418518066
    }
  },
  "200": {
    "training_loss": 18563.384765625,
    "validation_loss": [
      12837.4462890625
    ],
    "validation_chi2s": {
      "DEUTERON": 31.71240234375,
      "NMC": 2.775639253504136,
      "NUCLEAR": 5.0555712890625,
      "HERACOMB": 4.861790875204249,
      "DYE886": 35.89352139559659,
      "CDF": 3.9235523768833707,
      "D0": 4.680115509033203,
      "ATLAS": 9.524712222746048,
      "CMS": 5.115010411286157,
      "LHCb": 6.205342769622803,
      "total": 10.737701416015625
    }
  },
  "300": {
    "training_loss": 16669.494140625,
    "validation_loss": [
      9562.326171875
    ],
    "validation_chi2s": {
      "DEUTERON": 20.261898515236318,
      "NMC": 2.590465171664369,
      "NUCLEAR": 4.226984375,
      "HERACOMB": 4.243700214460785,
      "DYE886": 26.20834628018466,
      "CDF": 5.203596932547433,
      "D0": 4.562401580810547,
      "ATLAS": 8.242263267780173,
      "CMS": 4.845249648921746,
      "LHCb": 6.3632659912109375,
      "total": 8.04323673248291
    }
  },
  "400": {
    "training_loss": 16258.4716796875,
    "validation_loss": [
      7712.990234375
    ],
    "validation_chi2s": {
      "DEUTERON": 12.217161263992537,
      "NMC": 2.5742070815142464,
      "NUCLEAR": 4.153212890625,
      "HERACOMB": 3.980313968035131,
      "DYE886": 24.78379405628551,
      "CDF": 5.891566685267857,
      "D0": 5.0914146423339846,
      "ATLAS": 7.678177756824713,
      "CMS": 4.812724972559401,
      "LHCb": 6.340128421783447,
      "total": 6.475161075592041
    }
  },
  "500": {
    "training_loss": 16114.373046875,
    "validation_loss": [
      7260.2763671875
    ],
    "validation_chi2s": {
      "DEUTERON": 10.77919241682214,
      "NMC": 2.545398188572304,
      "NUCLEAR": 4.1054111328125,
      "HERACOMB": 3.7389027713950163,
      "DYE886": 25.26341386274858,
      "CDF": 6.499913351876395,
      "D0": 5.23369026184082,
      "ATLAS": 7.191450447871767,
      "CMS": 4.803247877388946,
      "LHCb": 6.2683424949646,
      "total": 6.093367576599121
    }
  },
  "600": {
    "training_loss": 15866.3232421875,
    "validation_loss": [
      7023.95751953125
    ],
    "validation_chi2s": {
      "DEUTERON": 10.290596577658581,
      "NMC": 2.524928373448989,
      "NUCLEAR": 4.006819580078125,
      "HERACOMB": 3.5695234311172386,
      "DYE886": 25.235906427556817,
      "CDF": 6.825908660888672,
      "D0": 5.3995208740234375,
      "ATLAS": 6.88720773280352,
      "CMS": 4.744166350561725,
      "LHCb": 6.23398494720459,
      "total": 5.894405364990234
    }
  },
  "700": {
    "training_loss": 15621.2333984375,
    "validation_loss": [
      6847.787109375
    ],
    "validation_chi2s": {
      "DEUTERON": 9.908237134639304,
      "NMC": 2.5188739253025427,
      "NUCLEAR": 3.923748291015625,
      "HERACOMB": 3.452499888301675,
      "DYE886": 24.834136962890625,
      "CDF": 7.059934343610491,
      "D0": 5.6052711486816404,
      "ATLAS": 6.730599238954741,
      "CMS": 4.689277585872934,
      "LHCb": 6.1984028816223145,
      "total": 5.7462687492370605
    }
  },
  "800": {
    "training_loss": 15419.009765625,
    "validation_loss": [
      6693.5263671875
    ],
    "validation_chi2s": {
      "DEUTERON": 9.699676058185634,
      "NMC": 2.4952495799345127,
      "NUCLEAR": 3.869229736328125,
      "HERACOMB": 3.340850830078125,
      "DYE886": 24.01557783647017,
      "CDF": 7.377910614013672,
      "D0": 5.103872299194336,
      "ATLAS": 6.490439228627873,
      "CMS": 4.703314662964876,
      "LHCb": 6.17858362197876,
      "total": 5.616421699523926
    }
  },
  "900": {
    "training_loss": 15220.736328125,
    "validation_loss": [
      6607.138671875
    ],
    "validation_chi2s": {
      "DEUTERON": 9.548007035136816,
      "NMC": 2.4861320046817554,
      "NUCLEAR": 3.794410400390625,
      "HERACOMB": 3.2658890867544934,
      "DYE886": 24.10239202325994,
      "CDF": 7.476546696254185,
      "D0": 5.360673904418945,
      "ATLAS": 6.432591931573276,
      "CMS": 4.6435849528667354,
      "LHCb": 6.124742031097412,
      "total": 5.542792797088623
    }
  },
  "1000": {
    "training_loss": 15086.884765625,
    "validation_loss": [
      6483.5810546875
    ],
    "validation_chi2s": {
      "DEUTERON": 9.382377055153919,
      "NMC": 2.4644927978515625,
      "NUCLEAR": 3.74913037109375,
      "HERACOMB": 3.16316193225337,
      "DYE886": 23.624819668856535,
      "CDF": 7.743596758161273,
      "D0": 5.066644287109375,
      "ATLAS": 6.261407961790589,
      "CMS": 4.646765338487862,
      "LHCb": 6.012042999267578,
      "total": 5.4390997886657715
    }
  },
  "1100": {
    "training_loss": 14928.69140625,
    "validation_loss": [
      6386.84326171875
    ],
    "validation_chi2s": {
      "DEUTERON": 9.165358510183458,
      "NMC": 2.4532570932425704,
      "NUCLEAR": 3.678896240234375,
      "HERACOMB": 3.1086495592703227,
      "DYE886": 23.510209517045453,
      "CDF": 7.681192670549665,
      "D0": 5.132424926757812,
      "ATLAS": 6.208394368489583,
      "CMS": 4.607351255810951,
      "LHCb": 5.959869861602783,
      "total": 5.356990814208984
    }
  },
  "1200": {
    "training_loss": 14815.044921875,
    "validation_loss": [
      6270.3828125
    ],
    "validation_chi2s": {
      "DEUTERON": 8.845729239544465,
      "NMC": 2.440950879863664,
      "NUCLEAR": 3.627894775390625,
      "HERACOMB": 3.0575629340277777,
      "DYE886": 23.42747636274858,
      "CDF": 7.776099613734654,
      "D0": 5.170355987548828,
      "ATLAS": 6.149066793507543,
      "CMS": 4.56792304929623,
      "LHCb": 5.81526517868042,
      "total": 5.260096549987793
    }
  },
  "1300": {
    "training_loss": 14672.521484375,
    "validation_loss": [
      6167.1591796875
    ],
    "validation_chi2s": {
      "DEUTERON": 8.675284466340175,
      "NMC": 2.418960870481005,
      "NUCLEAR": 3.58302197265625,
      "HERACOMB": 2.9849161384931575,
      "DYE886": 23.2749550559304,
      "CDF": 7.712189265659878,
      "D0": 4.7792236328125,
      "ATLAS": 6.033459192034842,
      "CMS": 4.562869741896953,
      "LHCb": 5.694505214691162,
      "total": 5.173951148986816
    }
  },
  "1400": {
    "training_loss": 14533.2626953125,
    "validation_loss": [
      6066.58984375
    ],
    "validation_chi2s": {
      "DEUTERON": 8.45109717525653,
      "NMC": 2.4052302042643228,
      "NUCLEAR": 3.52211083984375,
      "HERACOMB": 2.937589159198836,
      "DYE886": 22.825668334960938,
      "CDF": 7.570481436593192,
      "D0": 4.6510978698730465,
      "ATLAS": 6.005260248293822,
      "CMS": 4.548074517368285,
      "LHCb": 5.594783782958984,
      "total": 5.090887069702148
    }
  },
  "1500": {
    "training_loss": 14373.3603515625,
    "validation_loss": [
      5949.904296875
    ],
    "validation_chi2s": {
      "DEUTERON": 8.257497303521456,
      "NMC": 2.3857374004289214,
      "NUCLEAR": 3.4748232421875,
      "HERACOMB": 2.8628063326567608,
      "DYE886": 22.275238037109375,
      "CDF": 7.461696079799107,
      "D0": 4.263296508789063,
      "ATLAS": 5.90576101719648,
      "CMS": 4.551630193536932,
      "LHCb": 5.4649505615234375,
      "total": 4.995146751403809
    }
  },
  "1600": {
    "training_loss": 14200.755859375,
    "validation_loss": [
      5841.7626953125
    ],
    "validation_chi2s": {
      "DEUTERON": 8.003181723219837,
      "NMC": 2.3718839159198835,
      "NUCLEAR": 3.40778271484375,
      "HERACOMB": 2.7992362228094363,
      "DYE886": 21.93285300514915,
      "CDF": 7.1374936785016745,
      "D0": 4.156275939941406,
      "ATLAS": 5.911492709455819,
      "CMS": 4.5200336550878095,
      "LHCb": 5.378928184509277,
      "total": 4.9061455726623535
    }
  },
  "1700": {
    "training_loss": 13971.4765625,
    "validation_loss": [
      5738.72216796875
    ],
    "validation_chi2s": {
      "DEUTERON": 7.969648826181592,
      "NMC": 2.352315865310968,
      "NUCLEAR": 3.33377001953125,
      "HERACOMB": 2.7170174791921977,
      "DYE886": 20.462502219460227,
      "CDF": 6.731131962367466,
      "D0": 3.690089797973633,
      "ATLAS": 5.85833564845995,
      "CMS": 4.533417504681044,
      "LHCb": 5.295112609863281,
      "total": 4.8196330070495605
    }
  },
  "1800": {
    "training_loss": 13771.8251953125,
    "validation_loss": [
      5649.49462890625
    ],
    "validation_chi2s": {
      "DEUTERON": 8.027493756801928,
      "NMC": 2.3374422858743107,
      "NUCLEAR": 3.27738818359375,
      "HERACOMB": 2.608004900365094,
      "DYE886": 19.231127652254973,
      "CDF": 6.320296696254185,
      "D0": 3.4492210388183593,
      "ATLAS": 5.779399301813937,
      "CMS": 4.50560615476498,
      "LHCb": 5.170727729797363,
      "total": 4.742938041687012
    }
  },
  "1900": {
    "training_loss": 14458.75,
    "validation_loss": [
      6806.646484375
    ],
    "validation_chi2s": {
      "DEUTERON": 5.8450879149176,
      "NMC": 2.293599147422641,
      "NUCLEAR": 4.91895849609375,
      "HERACOMB": 2.7257024228962417,
      "DYE886": 50.39661754261363,
      "CDF": 7.61229978288923,
      "D0": 6.871347808837891,
      "ATLAS": 5.0467508250269395,
      "CMS": 4.309978390528151,
      "LHCb": 19.532798767089844,
      "total": 5.631224632263184
    }
  },
  "2000": {
    "training_loss": 8157.333984375,
    "validation_loss": [
      3055.720703125
    ],
    "validation_chi2s": {
      "DEUTERON": 3.320604314851524,
      "NMC": 2.5896465825099573,
      "NUCLEAR": 2.25376025390625,
      "HERACOMB": 2.0602255428538605,
      "DYE886": 2.1770362854003906,
      "CDF": 2.909437452043806,
      "D0": 3.039626884460449,
      "ATLAS": 2.5126127045730065,
      "CMS": 3.503857068779055,
      "LHCb": 2.738302707672119,
      "total": 2.590142011642456
    }
  },
  "2100": {
    "training_loss": 7838.02587890625,
    "validation_loss": [
      2839.751953125
    ],
    "validation_chi2s": {
      "DEUTERON": 2.5601205398787314,
      "NMC": 2.472438139073989,
      "NUCLEAR": 2.1660234375,
      "HERACOMB": 2.0432811063878678,
      "DYE886": 2.1907596588134766,
      "CDF": 1.9269052233014787,
      "D0": 3.0373836517333985,
      "ATLAS": 2.4246435055787536,
      "CMS": 3.4678228709323347,
      "LHCb": 2.81494140625,
      "total": 2.4114651679992676
    }
  },
  "2200": {
    "training_loss": 7740.0751953125,
    "validation_loss": [
      2836.136962890625
    ],
    "validation_chi2s": {
      "DEUTERON": 2.384019842195274,
      "NMC": 2.269698498295803,
      "NUCLEAR": 2.151029052734375,
      "HERACOMB": 2.0736407111672794,
      "DYE886": 2.0655663230202417,
      "CDF": 1.4976357051304408,
      "D0": 3.9076553344726563,
      "ATLAS": 2.6460220512302444,
      "CMS": 3.462084557399277,
      "LHCb": 2.705807685852051,
      "total": 2.408980131149292
    }
  },
  "2300": {
    "training_loss": 7735.67333984375,
    "validation_loss": [
      2797.10791015625
    ],
    "validation_chi2s": {
      "DEUTERON": 2.2897927962725437,
      "NMC": 2.2853224511240042,
      "NUCLEAR": 2.13896728515625,
      "HERACOMB": 2.0671861436631946,
      "DYE886": 2.1802779110995205,
      "CDF": 1.516559328351702,
      "D0": 3.757919692993164,
      "ATLAS": 2.5681662723935883,
      "CMS": 3.4382997623159866,
      "LHCb": 2.749619960784912,
      "total": 2.3774657249450684
    }
  },
  "2400": {
    "training_loss": 7712.314453125,
    "validation_loss": [
      2790.130859375
    ],
    "validation_chi2s": {
      "DEUTERON": 2.259078903577814,
      "NMC": 2.285324695063572,
      "NUCLEAR": 2.13300341796875,
      "HERACOMB": 2.067056294360192,
      "DYE886": 2.1760914542458276,
      "CDF": 1.4850638253348214,
      "D0": 3.844308853149414,
      "ATLAS": 2.5683299097521552,
      "CMS": 3.4415903643143078,
      "LHCb": 2.7603759765625,
      "total": 2.3720297813415527
    }
  },
  "2500": {
    "training_loss": 7707.02490234375,
    "validation_loss": [
      2771.55029296875
    ],
    "validation_chi2s": {
      "DEUTERON": 2.274283489777674,
      "NMC": 2.4020316928040746,
      "NUCLEAR": 2.1214970703125,
      "HERACOMB": 2.0520033493540644,
      "DYE886": 2.300534335049716,
      "CDF": 1.6037088121686662,
      "D0": 3.5361648559570313,
      "ATLAS": 2.432075062017331,
      "CMS": 3.4534150430978823,
      "LHCb": 2.871143102645874,
      "total": 2.3577873706817627
    }
  },
  "2600": {
    "training_loss": 7689.30224609375,
    "validation_loss": [
      2776.925048828125
    ],
    "validation_chi2s": {
      "DEUTERON": 2.2477867923565764,
      "NMC": 2.386612237668505,
      "NUCLEAR": 2.112860595703125,
      "HERACOMB": 2.087145637063419,
      "DYE886": 2.6301356228915127,
      "CDF": 1.6209866659981864,
      "D0": 3.295365905761719,
      "ATLAS": 2.4462122423895476,
      "CMS": 3.4134889713003616,
      "LHCb": 2.9062321186065674,
      "total": 2.3630666732788086
    }
  },
  "2700": {
    "training_loss": 7688.97119140625,
    "validation_loss": [
      2773.99755859375
    ],
    "validation_chi2s": {
      "DEUTERON": 2.1934822044562345,
      "NMC": 2.3279981426164214,
      "NUCLEAR": 2.1104296875,
      "HERACOMB": 2.095064449933619,
      "DYE886": 2.433584039861506,
      "CDF": 1.567744527544294,
      "D0": 3.457711410522461,
      "ATLAS": 2.532891284460309,
      "CMS": 3.4019735036802685,
      "LHCb": 2.866554021835327,
      "total": 2.360729932785034
    }
  },
  "2800": {
    "training_loss": 7673.11572265625,
    "validation_loss": [
      2764.284423828125
    ],
    "validation_chi2s": {
      "DEUTERON": 2.148977251195196,
      "NMC": 2.3092766556085325,
      "NUCLEAR": 2.11585791015625,
      "HERACOMB": 2.0602377099928515,
      "DYE886": 2.140534834428267,
      "CDF": 1.5053420748029436,
      "D0": 4.06778564453125,
      "ATLAS": 2.5596841395586387,
      "CMS": 3.442991650794163,
      "LHCb": 2.85831618309021,
      "total": 2.351682186126709
    }
  },
  "2900": {
    "training_loss": 7674.84619140625,
    "validation_loss": [
      2757.473388671875
    ],
    "validation_chi2s": {
      "DEUTERON": 2.1926453244033737,
      "NMC": 2.41033187567019,
      "NUCLEAR": 2.103743896484375,
      "HERACOMB": 2.06764231164471,
      "DYE886": 2.459474043412642,
      "CDF": 1.6474432264055525,
      "D0": 3.4781562805175783,
      "ATLAS": 2.4345711894419,
      "CMS": 3.4229859911705836,
      "LHCb": 2.9822616577148438,
      "total": 2.3474740982055664
    }
  },
  "3000": {
    "training_loss": 7676.54150390625,
    "validation_loss": [
      2746.363037109375
    ],
    "validation_chi2s": {
      "DEUTERON": 2.1551493934137906,
      "NMC": 2.3868233175838696,
      "NUCLEAR": 2.103356689453125,
      "HERACOMB": 2.053438872293709,
      "DYE886": 2.2212318073619497,
      "CDF": 1.6335483278547014,
      "D0": 3.7096763610839845,
      "ATLAS": 2.458215647730334,
      "CMS": 3.43806344024406,
      "LHCb": 2.9548776149749756,
      "total": 2.337985038757324
    }
  },
  "3100": {
    "training_loss": 7667.52685546875,
    "validation_loss": [
      2757.274658203125
    ],
    "validation_chi2s": {
      "DEUTERON": 2.1712265394220305,
      "NMC": 2.4029328589345895,
      "NUCLEAR": 2.097288818359375,
      "HERACOMB": 2.0824227925219567,
      "DYE886": 2.4613581570712,
      "CDF": 1.669795036315918,
      "D0": 3.4929832458496093,
      "ATLAS": 2.4650614069796157,
      "CMS": 3.4074258094976755,
      "LHCb": 2.9416069984436035,
      "total": 2.3480653762817383
    }
  },
  "3200": {
    "training_loss": 7650.8720703125,
    "validation_loss": [
      2750.558837890625
    ],
    "validation_chi2s": {
      "DEUTERON": 2.1591095426189364,
      "NMC": 2.4201829199697458,
      "NUCLEAR": 2.09818017578125,
      "HERACOMB": 2.053371653837316,
      "DYE886": 2.3722464821555396,
      "CDF": 1.6756341116768974,
      "D0": 3.584610366821289,
      "ATLAS": 2.435643864774156,
      "CMS": 3.45855712890625,
      "LHCb": 3.0437111854553223,
      "total": 2.342196226119995
    }
  },
  "3300": {
    "training_loss": 7646.255859375,
    "validation_loss": [
      2749.34423828125
    ],
    "validation_chi2s": {
      "DEUTERON": 2.1680457271746736,
      "NMC": 2.4446846457088696,
      "NUCLEAR": 2.096593017578125,
      "HERACOMB": 2.0627243939568016,
      "DYE886": 2.4416004527698862,
      "CDF": 1.7134481157575334,
      "D0": 3.4430778503417967,
      "ATLAS": 2.41924926056259,
      "CMS": 3.422899987086777,
      "LHCb": 3.0551578998565674,
      "total": 2.341417074203491
    }
  },
  "3400": {
    "training_loss": 7665.2578125,
    "validation_loss": [
      2741.522216796875
    ],
    "validation_chi2s": {
      "DEUTERON": 2.1292387549556904,
      "NMC": 2.389663995481005,
      "NUCLEAR": 2.09481103515625,
      "HERACOMB": 2.0628468631918913,
      "DYE886": 2.3647259798916904,
      "CDF": 1.6367706571306502,
      "D0": 3.569468688964844,
      "ATLAS": 2.464714137987159,
      "CMS": 3.408182948088843,
      "LHCb": 2.9937222003936768,
      "total": 2.334760904312134
    }
  },
  "3500": {
    "training_loss": 7648.1025390625,
    "validation_loss": [
      2751.896728515625
    ],
    "validation_chi2s": {
      "DEUTERON": 2.067053951434235,
      "NMC": 2.2949594235887716,
      "NUCLEAR": 2.099976318359375,
      "HERACOMB": 2.0919550478068833,
      "DYE886": 2.2196400382302026,
      "CDF": 1.5784529277256556,
      "D0": 3.7250038146972657,
      "ATLAS": 2.5981953938802085,
      "CMS": 3.3916769737054495,
      "LHCb": 2.9262959957122803,
      "total": 2.3431894779205322
    }
  },
  "3600": {
    "training_loss": 7632.5087890625,
    "validation_loss": [
      2763.31396484375
    ],
    "validation_chi2s": {
      "DEUTERON": 2.066977733403296,
      "NMC": 2.294530980727252,
      "NUCLEAR": 2.097563232421875,
      "HERACOMB": 2.107550328073938,
      "DYE886": 2.2861494584517046,
      "CDF": 1.57539245060512,
      "D0": 3.578150177001953,
      "ATLAS": 2.6452615672144395,
      "CMS": 3.3826394829868285,
      "LHCb": 2.9469962120056152,
      "total": 2.353294849395752
    }
  },
  "3700": {
    "training_loss": 7630.65869140625,
    "validation_loss": [
      2771.985107421875
    ],
    "validation_chi2s": {
      "DEUTERON": 2.1431848326725746,
      "NMC": 2.277968313179764,
      "NUCLEAR": 2.09831982421875,
      "HERACOMB": 2.0721427568423203,
      "DYE886": 2.098624662919478,
      "CDF": 1.5244964872087752,
      "D0": 4.043321228027343,
      "ATLAS": 2.6571141385484016,
      "CMS": 3.4120874326091166,
      "LHCb": 2.8887085914611816,
      "total": 2.359902858734131
    }
  },
  "3800": {
    "training_loss": 7629.1015625,
    "validation_loss": [
      2755.580810546875
    ],
    "validation_chi2s": {
      "DEUTERON": 2.048145351125233,
      "NMC": 2.2823528214996935,
      "NUCLEAR": 2.10001904296875,
      "HERACOMB": 2.1015026616115198,
      "DYE886": 2.170848846435547,
      "CDF": 1.5914630889892578,
      "D0": 3.767835998535156,
      "ATLAS": 2.6277311478538077,
      "CMS": 3.391367258119189,
      "LHCb": 2.9447829723358154,
      "total": 2.346280097961426
    }
  },
  "3900": {
    "training_loss": 7641.35009765625,
    "validation_loss": [
      2744.8271484375
    ],
    "validation_chi2s": {
      "DEUTERON": 2.061090573742615,
      "NMC": 2.314073450425092,
      "NUCLEAR": 2.0990927734375,
      "HERACOMB": 2.085485520705678,
      "DYE886": 2.2319908142089844,
      "CDF": 1.610262734549386,
      "D0": 3.6380985260009764,
      "ATLAS": 2.572101110699533,
      "CMS": 3.3881369346429495,
      "LHCb": 2.9575507640838623,
      "total": 2.3374249935150146
    }
  },
  "4000": {
    "training_loss": 7624.5078125,
    "validation_loss": [
      2742.70166015625
    ],
    "validation_chi2s": {
      "DEUTERON": 2.143919228321284,
      "NMC": 2.4219168868719363,
      "NUCLEAR": 2.0930322265625,
      "HERACOMB": 2.044094509548611,
      "DYE886": 2.350028644908558,
      "CDF": 1.7157370703560966,
      "D0": 3.6779125213623045,
      "ATLAS": 2.445440884294181,
      "CMS": 3.43089407928719,
      "LHCb": 3.0597167015075684,
      "total": 2.3358113765716553
    }
  },
  "4100": {
    "training_loss": 7625.88134765625,
    "validation_loss": [
      2739.6318359375
    ],
    "validation_chi2s": {
      "DEUTERON": 2.134364341621968,
      "NMC": 2.4110885320925246,
      "NUCLEAR": 2.092274658203125,
      "HERACOMB": 2.0508622312857434,
      "DYE886": 2.319904327392578,
      "CDF": 1.7215572084699358,
      "D0": 3.584176254272461,
      "ATLAS": 2.442656242984465,
      "CMS": 3.4311089633910123,
      "LHCb": 3.0463156700134277,
      "total": 2.333223581314087
    }
  },
  "4200": {
    "training_loss": 7620.9501953125,
    "validation_loss": [
      2747.65771484375
    ],
    "validation_chi2s": {
      "DEUTERON": 2.051476018345771,
      "NMC": 2.295913097905178,
      "NUCLEAR": 2.098288330078125,
      "HERACOMB": 2.0749804926853552,
      "DYE886": 2.159165469082919,
      "CDF": 1.5742182050432478,
      "D0": 3.8832847595214846,
      "ATLAS": 2.6095972170774964,
      "CMS": 3.402009569908962,
      "LHCb": 2.9616000652313232,
      "total": 2.339686870574951
    }
  },
  "4300": {
    "training_loss": 7609.1142578125,
    "validation_loss": [
      2744.8525390625
    ],
    "validation_chi2s": {
      "DEUTERON": 2.1111544329135574,
      "NMC": 2.3965105542949603,
      "NUCLEAR": 2.09549462890625,
      "HERACOMB": 2.0451552447150734,
      "DYE886": 2.2687735124067827,
      "CDF": 1.6790057591029577,
      "D0": 3.7503021240234373,
      "ATLAS": 2.4666660352684984,
      "CMS": 3.4843845840327994,
      "LHCb": 3.0614173412323,
      "total": 2.3374788761138916
    }
  },
  "4400": {
    "training_loss": 7607.048828125,
    "validation_loss": [
      2743.306640625
    ],
    "validation_chi2s": {
      "DEUTERON": 2.157072152664412,
      "NMC": 2.4411007750268077,
      "NUCLEAR": 2.09086083984375,
      "HERACOMB": 2.039391810597937,
      "DYE886": 2.324961922385476,
      "CDF": 1.737368174961635,
      "D0": 3.5547752380371094,
      "ATLAS": 2.443395154229526,
      "CMS": 3.4383373418130163,
      "LHCb": 3.0615150928497314,
      "total": 2.336331605911255
    }
  },
  "4500": {
    "training_loss": 7620.27001953125,
    "validation_loss": [
      2748.904052734375
    ],
    "validation_chi2s": {
      "DEUTERON": 2.0627556796097637,
      "NMC": 2.3299630856981466,
      "NUCLEAR": 2.09914404296875,
      "HERACOMB": 2.085111331316381,
      "DYE886": 2.2823141271417793,
      "CDF": 1.6430319377354212,
      "D0": 3.611088180541992,
      "ATLAS": 2.57275548474542,
      "CMS": 3.393694160398373,
      "LHCb": 3.0056748390197754,
      "total": 2.3412036895751953
    }
  },
  "4600": {
    "training_loss": 7603.134765625,
    "validation_loss": [
      2749.936767578125
    ],
    "validation_chi2s": {
      "DEUTERON": 2.042454506034282,
      "NMC": 2.2981473137350643,
      "NUCLEAR": 2.0955478515625,
      "HERACOMB": 2.0895758734809027,
      "DYE886": 2.221506638960405,
      "CDF": 1.5900765827723913,
      "D0": 3.7194175720214844,
      "ATLAS": 2.628618437668373,
      "CMS": 3.3784777428493027,
      "LHCb": 2.970700263977051,
      "total": 2.3419692516326904
    }
  },
  "4700": {
    "training_loss": 7592.65087890625,
    "validation_loss": [
      2758.9150390625
    ],
    "validation_chi2s": {
      "DEUTERON": 2.045748734355566,
      "NMC": 2.283060260847503,
      "NUCLEAR": 2.096482421875,
      "HERACOMB": 2.108650955499387,
      "DYE886": 2.237929951060902,
      "CDF": 1.5843488148280553,
      "D0": 3.6913246154785155,
      "ATLAS": 2.6485736013829024,
      "CMS": 3.3745679618898503,
      "LHCb": 2.962895631790161,
      "total": 2.3494248390197754
    }
  },
  "4800": {
    "training_loss": 7593.353515625,
    "validation_loss": [
      2755.92626953125
    ],
    "validation_chi2s": {
      "DEUTERON": 2.101604252905395,
      "NMC": 2.4226205863204657,
      "NUCLEAR": 2.09290185546875,
      "HERACOMB": 2.1182135289011437,
      "DYE886": 2.768321990966797,
      "CDF": 1.708777836390904,
      "D0": 3.288653564453125,
      "ATLAS": 2.4428191787895117,
      "CMS": 3.3874678178267046,
      "LHCb": 3.0555310249328613,
      "total": 2.347391128540039
    }
  },
  "4900": {
    "training_loss": 7625.76953125,
    "validation_loss": [
      2735.02880859375
    ],
    "validation_chi2s": {
      "DEUTERON": 2.0752612061761506,
      "NMC": 2.3650615916532627,
      "NUCLEAR": 2.09247021484375,
      "HERACOMB": 2.0772294187857434,
      "DYE886": 2.378019159490412,
      "CDF": 1.6578495843069894,
      "D0": 3.46783561706543,
      "ATLAS": 2.499794269430226,
      "CMS": 3.378199049263946,
      "LHCb": 3.001216173171997,
      "total": 2.3295230865478516
    }
  },
  "5000": {
    "training_loss": 7594.32958984375,
    "validation_loss": [
      2741.7978515625
    ],
    "validation_chi2s": {
      "DEUTERON": 2.0421912349871736,
      "NMC": 2.3284430410347734,
      "NUCLEAR": 2.093730224609375,
      "HERACOMB": 2.0873299392999387,
      "DYE886": 2.3787694410844282,
      "CDF": 1.5942577634538924,
      "D0": 3.5218215942382813,
      "ATLAS": 2.5808421167834052,
      "CMS": 3.362184887090005,
      "LHCb": 2.9911141395568848,
      "total": 2.335352659225464
    }
  },
  "5100": {
    "training_loss": 7581.22412109375,
    "validation_loss": [
      2773.20947265625
    ],
    "validation_chi2s": {
      "DEUTERON": 2.1863650801169934,
      "NMC": 2.3136810601926316,
      "NUCLEAR": 2.09407275390625,
      "HERACOMB": 2.0910457037632764,
      "DYE886": 2.209260420365767,
      "CDF": 1.597937992640904,
      "D0": 3.67901496887207,
      "ATLAS": 2.604901894755747,
      "CMS": 3.367166818666064,
      "LHCb": 2.9507739543914795,
      "total": 2.3616011142730713
    }
  },
  "5200": {
    "training_loss": 7589.296875,
    "validation_loss": [
      2778.511474609375
    ],
    "validation_chi2s": {
      "DEUTERON": 2.300472126671331,
      "NMC": 2.4145174213484224,
      "NUCLEAR": 2.085843994140625,
      "HERACOMB": 2.021474800857843,
      "DYE886": 2.29627123746005,
      "CDF": 1.63145078931536,
      "D0": 3.764586639404297,
      "ATLAS": 2.531261400244702,
      "CMS": 3.4593019091393336,
      "LHCb": 2.932874917984009,
      "total": 2.3662850856781006
    }
  },
  "5300": {
    "training_loss": 7583.92626953125,
    "validation_loss": [
      2745.4130859375
    ],
    "validation_chi2s": {
      "DEUTERON": 2.0718048247531873,
      "NMC": 2.3632294897939645,
      "NUCLEAR": 2.092738525390625,
      "HERACOMB": 2.093609778709661,
      "DYE886": 2.391773917458274,
      "CDF": 1.6243455069405692,
      "D0": 3.38880615234375,
      "ATLAS": 2.55096558318741,
      "CMS": 3.3638860529119317,
      "LHCb": 2.9921205043792725,
      "total": 2.3384242057800293
    }
  },
  "5400": {
    "training_loss": 7583.705078125,
    "validation_loss": [
      2745.3603515625
    ],
    "validation_chi2s": {
      "DEUTERON": 2.12129052005597,
      "NMC": 2.394106995825674,
      "NUCLEAR": 2.09013720703125,
      "HERACOMB": 2.0741948146446076,
      "DYE886": 2.370842153375799,
      "CDF": 1.6315578733171736,
      "D0": 3.3742198944091797,
      "ATLAS": 2.531628488124102,
      "CMS": 3.3573663884943183,
      "LHCb": 2.981844425201416,
      "total": 2.338332414627075
    }
  },
  "5500": {
    "training_loss": 7581.02880859375,
    "validation_loss": [
      2739.816650390625
    ],
    "validation_chi2s": {
      "DEUTERON": 2.075580805688355,
      "NMC": 2.3850679584577974,
      "NUCLEAR": 2.086880126953125,
      "HERACOMB": 2.093243767233456,
      "DYE886": 2.5808897885409268,
      "CDF": 1.600799288068499,
      "D0": 3.3396751403808596,
      "ATLAS": 2.511694721791936,
      "CMS": 3.344966415531379,
      "LHCb": 2.9833643436431885,
      "total": 2.3336527347564697
    }
  },
  "5600": {
    "training_loss": 7571.64990234375,
    "validation_loss": [
      2733.97216796875
    ],
    "validation_chi2s": {
      "DEUTERON": 2.1048436710490517,
      "NMC": 2.4612229291130516,
      "NUCLEAR": 2.085363525390625,
      "HERACOMB": 2.0603587829988768,
      "DYE886": 2.5973391099409624,
      "CDF": 1.6784106663295202,
      "D0": 3.3301929473876952,
      "ATLAS": 2.4207672469917383,
      "CMS": 3.397594357325026,
      "LHCb": 3.093858480453491,
      "total": 2.328726291656494
    }
  },
  "5700": {
    "training_loss": 7582.20751953125,
    "validation_loss": [
      2728.966552734375
    ],
    "validation_chi2s": {
      "DEUTERON": 2.0897707203727456,
      "NMC": 2.4334861904967067,
      "NUCLEAR": 2.08630615234375,
      "HERACOMB": 2.066741943359375,
      "DYE886": 2.605867559259588,
      "CDF": 1.6669936861310686,
      "D0": 3.345022201538086,
      "ATLAS": 2.4230315109779097,
      "CMS": 3.3816503099173554,
      "LHCb": 3.049112319946289,
      "total": 2.324496030807495
    }
  },
  "5800": {
    "training_loss": 7590.77734375,
    "validation_loss": [
      2729.822021484375
    ],
    "validation_chi2s": {
      "DEUTERON": 2.079993252730488,
      "NMC": 2.4112738815008425,
      "NUCLEAR": 2.0878310546875,
      "HERACOMB": 2.0704232010186887,
      "DYE886": 2.5402679443359375,
      "CDF": 1.650550706045968,
      "D0": 3.3910537719726563,
      "ATLAS": 2.447649725552263,
      "CMS": 3.378273451623838,
      "LHCb": 3.0386903285980225,
      "total": 2.3252222537994385
    }
  },
  "5900": {
    "training_loss": 7559.3359375,
    "validation_loss": [
      2733.138916015625
    ],
    "validation_chi2s": {
      "DEUTERON": 2.1333041214824315,
      "NMC": 2.4633911731196383,
      "NUCLEAR": 2.086939697265625,
      "HERACOMB": 2.0399957793989993,
      "DYE886": 2.512448397549716,
      "CDF": 1.6890546253749303,
      "D0": 3.460153579711914,
      "ATLAS": 2.411376953125,
      "CMS": 3.419077219056689,
      "LHCb": 3.053351402282715,
      "total": 2.328019380569458
    }
  },
  "6000": {
    "training_loss": 7550.31103515625,
    "validation_loss": [
      2748.984130859375
    ],
    "validation_chi2s": {
      "DEUTERON": 2.03626171510611,
      "NMC": 2.3468487309474573,
      "NUCLEAR": 2.0964970703125,
      "HERACOMB": 2.068106059155433,
      "DYE886": 2.368284745649858,
      "CDF": 1.545905385698591,
      "D0": 3.7803424835205077,
      "ATLAS": 2.5965363951935165,
      "CMS": 3.4265984149018593,
      "LHCb": 2.9814796447753906,
      "total": 2.341135263442993
    }
  },
  "6100": {
    "training_loss": 7548.640625,
    "validation_loss": [
      2753.88623046875
    ],
    "validation_chi2s": {
      "DEUTERON": 2.065568762632152,
      "NMC": 2.3383121864468444,
      "NUCLEAR": 2.0920185546875,
      "HERACOMB": 2.091149623097937,
      "DYE886": 2.3357197154651987,
      "CDF": 1.567178453717913,
      "D0": 3.614223098754883,
      "ATLAS": 2.6193714361081177,
      "CMS": 3.363272422601369,
      "LHCb": 2.9756600856781006,
      "total": 2.345635414123535
    }
  },
  "6200": {
    "training_loss": 7553.7919921875,
    "validation_loss": [
      2734.49658203125
    ],
    "validation_chi2s": {
      "DEUTERON": 2.131305903344605,
      "NMC": 2.4503730325137867,
      "NUCLEAR": 2.087495361328125,
      "HERACOMB": 2.0423149158752043,
      "DYE886": 2.51461445201527,
      "CDF": 1.7049442018781389,
      "D0": 3.4682266235351564,
      "ATLAS": 2.409088485542385,
      "CMS": 3.4315919482018336,
      "LHCb": 3.059195041656494,
      "total": 2.329148530960083
    }
  },
  "6300": {
    "training_loss": 7552.65380859375,
    "validation_loss": [
      2755.39404296875
    ],
    "validation_chi2s": {
      "DEUTERON": 2.1487988524175994,
      "NMC": 2.368410596660539,
      "NUCLEAR": 2.08854052734375,
      "HERACOMB": 2.051761203342014,
      "DYE886": 2.311705329201438,
      "CDF": 1.5780316761561803,
      "D0": 3.6627277374267577,
      "ATLAS": 2.584272011943247,
      "CMS": 3.377980381989282,
      "LHCb": 2.9881091117858887,
      "total": 2.3468663692474365
    }
  },
  "6400": {
    "training_loss": 7543.435546875,
    "validation_loss": [
      2756.554443359375
    ],
    "validation_chi2s": {
      "DEUTERON": 2.043745202211598,
      "NMC": 2.3363873350854014,
      "NUCLEAR": 2.092998291015625,
      "HERACOMB": 2.0927082136565565,
      "DYE886": 2.413867950439453,
      "CDF": 1.5492428370884486,
      "D0": 3.570077133178711,
      "ATLAS": 2.642009340483567,
      "CMS": 3.3628721631262914,
      "LHCb": 3.020625114440918,
      "total": 2.3479511737823486
    }
  },
  "6500": {
    "training_loss": 7549.462890625,
    "validation_loss": [
      2745.3759765625
    ],
    "validation_chi2s": {
      "DEUTERON": 2.086530998571595,
      "NMC": 2.375343921137791,
      "NUCLEAR": 2.089197021484375,
      "HERACOMB": 2.0983998417075163,
      "DYE886": 2.51114203713157,
      "CDF": 1.6498395374843053,
      "D0": 3.3701400756835938,
      "ATLAS": 2.510200763570851,
      "CMS": 3.3568685232115185,
      "LHCb": 3.030531883239746,
      "total": 2.3384780883789062
    }
  },
  "6600": {
    "training_loss": 7552.55712890625,
    "validation_loss": [
      2742.93505859375
    ],
    "validation_chi2s": {
      "DEUTERON": 2.111044964387049,
      "NMC": 2.4022430719113816,
      "NUCLEAR": 2.084864501953125,
      "HERACOMB": 2.0761150285309435,
      "DYE886": 2.460712432861328,
      "CDF": 1.6301509312220983,
      "D0": 3.3293991088867188,
      "ATLAS": 2.5218951345860274,
      "CMS": 3.34686733277376,
      "LHCb": 3.0303072929382324,
      "total": 2.3363993167877197
    }
  },
  "6700": {
    "training_loss": 7543.0078125,
    "validation_loss": [
      2763.765380859375
    ],
    "validation_chi2s": {
      "DEUTERON": 2.1772076810770367,
      "NMC": 2.3669266046262254,
      "NUCLEAR": 2.088677978515625,
      "HERACOMB": 2.0626051161024304,
      "DYE886": 2.2360552007501777,
      "CDF": 1.584115845816476,
      "D0": 3.7520469665527343,
      "ATLAS": 2.578520851573725,
      "CMS": 3.3801420858083677,
      "LHCb": 3.007732391357422,
      "total": 2.353806257247925
    }
  },
  "6800": {
    "training_loss": 7551.357421875,
    "validation_loss": [
      2738.322509765625
    ],
    "validation_chi2s": {
      "DEUTERON": 2.1283668024622977,
      "NMC": 2.4322179158528647,
      "NUCLEAR": 2.083609130859375,
      "HERACOMB": 2.0761363708895018,
      "DYE886": 2.4859508167613638,
      "CDF": 1.6723225457327706,
      "D0": 3.2250736236572264,
      "ATLAS": 2.467089422817888,
      "CMS": 3.3441621134103823,
      "LHCb": 3.0535168647766113,
      "total": 2.332472324371338
    }
  },
  "6900": {
    "training_loss": 7541.0771484375,
    "validation_loss": [
      2755.2900390625
    ],
    "validation_chi2s": {
      "DEUTERON": 2.1851190215912624,
      "NMC": 2.415371763939951,
      "NUCLEAR": 2.0870078125,
      "HERACOMB": 2.077844158496732,
      "DYE886": 2.4137954711914062,
      "CDF": 1.6420398439679826,
      "D0": 3.1891860961914062,
      "ATLAS": 2.5191054070132903,
      "CMS": 3.332971998482696,
      "LHCb": 3.036445140838623,
      "total": 2.3468780517578125
    }
  },
  "7000": {
    "training_loss": 7562.52783203125,
    "validation_loss": [
      2731.779296875
    ],
    "validation_chi2s": {
      "DEUTERON": 2.098375310945274,
      "NMC": 2.411803301642923,
      "NUCLEAR": 2.086048095703125,
      "HERACOMB": 2.071950476154003,
      "DYE886": 2.5816036571155894,
      "CDF": 1.6985397338867188,
      "D0": 3.3101261138916014,
      "ATLAS": 2.441980822332974,
      "CMS": 3.3548296463391014,
      "LHCb": 3.089045524597168,
      "total": 2.3268985748291016
    }
  },
  "7100": {
    "training_loss": 7539.90283203125,
    "validation_loss": [
      2730.810546875
    ],
    "validation_chi2s": {
      "DEUTERON": 2.1264660583799753,
      "NMC": 2.4652141496246935,
      "NUCLEAR": 2.08931201171875,
      "HERACOMB": 2.0438727085886437,
      "DYE886": 2.583839763294567,
      "CDF": 1.736670766557966,
      "D0": 3.286968994140625,
      "ATLAS": 2.396765522573186,
      "CMS": 3.4006090400632747,
      "LHCb": 3.110044479370117,
      "total": 2.326066255569458
    }
  },
  "7200": {
    "training_loss": 7525.181640625,
    "validation_loss": [
      2744.7822265625
    ],
    "validation_chi2s": {
      "DEUTERON": 2.0710345975202116,
      "NMC": 2.381242639878217,
      "NUCLEAR": 2.091079833984375,
      "HERACOMB": 2.0570626851000817,
      "DYE886": 2.6258858767422764,
      "CDF": 1.6301234109061105,
      "D0": 3.4697540283203123,
      "ATLAS": 2.5360391551050645,
      "CMS": 3.4110155342038997,
      "LHCb": 3.0152828693389893,
      "total": 2.337583541870117
    }
  },
  "7300": {
    "training_loss": 7542.54541015625,
    "validation_loss": [
      2735.466064453125
    ],
    "validation_chi2s": {
      "DEUTERON": 2.1098253240632774,
      "NMC": 2.4434624466241575,
      "NUCLEAR": 2.087241943359375,
      "HERACOMB": 2.065057293262357,
      "DYE886": 2.6653589768843218,
      "CDF": 1.6821457999093192,
      "D0": 3.2196819305419924,
      "ATLAS": 2.434070280228538,
      "CMS": 3.3624696337487086,
      "LHCb": 3.1263022422790527,
      "total": 2.330023765563965
    }
  },
  "7400": {
    "training_loss": 7533.703125,
    "validation_loss": [
      2734.26220703125
    ],
    "validation_chi2s": {
      "DEUTERON": 2.164528462424207,
      "NMC": 2.507533204321768,
      "NUCLEAR": 2.086648681640625,
      "HERACOMB": 2.06056183459712,
      "DYE886": 2.532460992986506,
      "CDF": 1.8021947315761022,
      "D0": 3.144576644897461,
      "ATLAS": 2.362981160481771,
      "CMS": 3.37507969879907,
      "LHCb": 3.118602752685547,
      "total": 2.329014301300049
    }
  },
  "7500": {
    "training_loss": 7527.06884765625,
    "validation_loss": [
      2734.7578125
    ],
    "validation_chi2s": {
      "DEUTERON": 2.1754780479924594,
      "NMC": 2.4930467792585786,
      "NUCLEAR": 2.0924892578125,
      "HERACOMB": 2.031447865604575,
      "DYE886": 2.4955165169455786,
      "CDF": 1.784726687840053,
      "D0": 3.1936565399169923,
      "ATLAS": 2.3849753895025145,
      "CMS": 3.4072969294776603,
      "LHCb": 3.0934481620788574,
      "total": 2.3294308185577393
    }
  },
  "7600": {
    "training_loss": 7527.2080078125,
    "validation_loss": [
      2739.35205078125
    ],
    "validation_chi2s": {
      "DEUTERON": 2.1437941214338463,
      "NMC": 2.410951053394991,
      "NUCLEAR": 2.0954873046875,
      "HERACOMB": 2.0382425146165235,
      "DYE886": 2.403391404585405,
      "CDF": 1.708902359008789,
      "D0": 3.436702346801758,
      "ATLAS": 2.4812039780890807,
      "CMS": 3.3948598814404702,
      "LHCb": 3.0020766258239746,
      "total": 2.333230972290039
    }
  },
  "7700": {
    "training_loss": 7519.3173828125,
    "validation_loss": [
      2769.573486328125
    ],
    "validation_chi2s": {
      "DEUTERON": 2.373230284126244,
      "NMC": 2.4494002099130667,
      "NUCLEAR": 2.090305908203125,
      "HERACOMB": 2.0255071103962417,
      "DYE886": 2.393147208473899,
      "CDF": 1.7749955313546317,
      "D0": 3.207851028442383,
      "ATLAS": 2.4262002528398887,
      "CMS": 3.3735457491283576,
      "LHCb": 3.0501086711883545,
      "total": 2.3589730262756348
    }
  },
  "7800": {
    "training_loss": 7529.21875,
    "validation_loss": [
      2736.602294921875
    ],
    "validation_chi2s": {
      "DEUTERON": 2.202848823509406,
      "NMC": 2.480634801528033,
      "NUCLEAR": 2.087447509765625,
      "HERACOMB": 2.0268393123851105,
      "DYE886": 2.4372208335182886,
      "CDF": 1.8067583356584822,
      "D0": 3.1553066253662108,
      "ATLAS": 2.400782618029364,
      "CMS": 3.3973908227337293,
      "LHCb": 3.078695774078369,
      "total": 2.330935001373291
    }
  },
  "7900": {
    "training_loss": 7530.126953125,
    "validation_loss": [
      2732.9228515625
    ],
    "validation_chi2s": {
      "DEUTERON": 2.114041760193175,
      "NMC": 2.4508530859853708,
      "NUCLEAR": 2.08972265625,
      "HERACOMB": 2.07064799389808,
      "DYE886": 2.7573478005149146,
      "CDF": 1.805732182094029,
      "D0": 2.9909934997558594,
      "ATLAS": 2.3960422208939476,
      "CMS": 3.364475218717717,
      "LHCb": 3.1165616512298584,
      "total": 2.3278701305389404
    }
  },
  "8000": {
    "training_loss": 7526.23291015625,
    "validation_loss": [
      2753.041259765625
    ],
    "validation_chi2s": {
      "DEUTERON": 2.2618470452911223,
      "NMC": 2.4238523595473347,
      "NUCLEAR": 2.089848876953125,
      "HERACOMB": 2.060095294628268,
      "DYE886": 2.342643391002308,
      "CDF": 1.7658211844308036,
      "D0": 3.0584299087524416,
      "ATLAS": 2.4473901507498206,
      "CMS": 3.346479179445377,
      "LHCb": 3.0190610885620117,
      "total": 2.344942331314087
    }
  },
  "8100": {
    "training_loss": 7518.95654296875,
    "validation_loss": [
      2732.90283203125
    ],
    "validation_chi2s": {
      "DEUTERON": 2.1197043651372045,
      "NMC": 2.3907904531441484,
      "NUCLEAR": 2.092591064453125,
      "HERACOMB": 2.0518306158726514,
      "DYE886": 2.352730490944602,
      "CDF": 1.7572743552071708,
      "D0": 3.250986099243164,
      "ATLAS": 2.5045334388469827,
      "CMS": 3.3425608232986828,
      "LHCb": 3.034203290939331,
      "total": 2.3278558254241943
    }
  },
  "8200": {
    "training_loss": 7521.640625,
    "validation_loss": [
      2739.984130859375
    ],
    "validation_chi2s": {
      "DEUTERON": 2.1034356112503887,
      "NMC": 2.393726722866881,
      "NUCLEAR": 2.098462646484375,
      "HERACOMB": 2.0842295129314747,
      "DYE886": 2.371729764071378,
      "CDF": 1.7807816096714564,
      "D0": 3.0157594680786133,
      "ATLAS": 2.50433191759833,
      "CMS": 3.3430178303363896,
      "LHCb": 3.0512609481811523,
      "total": 2.3338680267333984
    }
  },
  "8300": {
    "training_loss": 7514.44921875,
    "validation_loss": [
      2740.161865234375
    ],
    "validation_chi2s": {
      "DEUTERON": 2.093972277285448,
      "NMC": 2.38762305764591,
      "NUCLEAR": 2.09807177734375,
      "HERACOMB": 2.0555643318525325,
      "DYE886": 2.298676750876687,
      "CDF": 1.7052525111607142,
      "D0": 3.2488983154296873,
      "ATLAS": 2.5500467234644395,
      "CMS": 3.366619015528151,
      "LHCb": 3.0592315196990967,
      "total": 2.334019660949707
    }
  },
  "8400": {
    "training_loss": 7521.6474609375,
    "validation_loss": [
      2730.79833984375
    ],
    "validation_chi2s": {
      "DEUTERON": 2.118696374086598,
      "NMC": 2.4525328991459867,
      "NUCLEAR": 2.09307421875,
      "HERACOMB": 2.0633648641748366,
      "DYE886": 2.8305504538796167,
      "CDF": 1.8127870559692383,
      "D0": 2.838429641723633,
      "ATLAS": 2.39898769334815,
      "CMS": 3.354566842071281,
      "LHCb": 3.078772783279419,
      "total": 2.326054811477661
    }
  },
  "8500": {
    "training_loss": 7520.79248046875,
    "validation_loss": [
      2728.5537109375
    ],
    "validation_chi2s": {
      "DEUTERON": 2.1384397288460044,
      "NMC": 2.4263102213541665,
      "NUCLEAR": 2.0957919921875,
      "HERACOMB": 2.049415339052288,
      "DYE886": 2.5707556984641333,
      "CDF": 1.8058854511805944,
      "D0": 2.8097322463989256,
      "ATLAS": 2.4347821816630746,
      "CMS": 3.350267142303719,
      "LHCb": 3.049373149871826,
      "total": 2.3241453170776367
    }
  },
  "8600": {
    "training_loss": 7558.0263671875,
    "validation_loss": [
      2727.850830078125
    ],
    "validation_chi2s": {
      "DEUTERON": 2.089450969031794,
      "NMC": 2.410175847072227,
      "NUCLEAR": 2.090864990234375,
      "HERACOMB": 2.065958060470282,
      "DYE886": 2.5427135120738638,
      "CDF": 1.7758050646100725,
      "D0": 2.917362594604492,
      "ATLAS": 2.467634705291397,
      "CMS": 3.348676445070377,
      "LHCb": 3.060941457748413,
      "total": 2.323552370071411
    }
  },
  "8700": {
    "training_loss": 7521.365234375,
    "validation_loss": [
      2732.2587890625
    ],
    "validation_chi2s": {
      "DEUTERON": 2.1723736056047884,
      "NMC": 2.4651179594152115,
      "NUCLEAR": 2.09534619140625,
      "HERACOMB": 2.048257865157782,
      "DYE886": 2.3740243044766514,
      "CDF": 1.8769747870309013,
      "D0": 2.9628376007080077,
      "ATLAS": 2.386151894755747,
      "CMS": 3.3891223245415807,
      "LHCb": 3.092175006866455,
      "total": 2.327249765396118
    }
  },
  "8800": {
    "training_loss": 7543.59423828125,
    "validation_loss": [
      2733.378173828125
    ],
    "validation_chi2s": {
      "DEUTERON": 2.122890187733209,
      "NMC": 2.4305255366306677,
      "NUCLEAR": 2.089811767578125,
      "HERACOMB": 2.0609884823069855,
      "DYE886": 2.5240977894176138,
      "CDF": 1.798271860395159,
      "D0": 2.9276315689086916,
      "ATLAS": 2.4417887720568427,
      "CMS": 3.368150443084969,
      "LHCb": 3.117116689682007,
      "total": 2.3282220363616943
    }
  },
  "8900": {
    "training_loss": 7554.783203125,
    "validation_loss": [
      2737.36865234375
    ],
    "validation_chi2s": {
      "DEUTERON": 2.094493809031017,
      "NMC": 2.3817427392099417,
      "NUCLEAR": 2.100570556640625,
      "HERACOMB": 2.0840041216681984,
      "DYE886": 2.5776634216308594,
      "CDF": 1.8273179190499442,
      "D0": 2.7445051193237306,
      "ATLAS": 2.4979949600395117,
      "CMS": 3.3298337321636104,
      "LHCb": 3.0483784675598145,
      "total": 2.331655979156494
    }
  },
  "9000": {
    "training_loss": 7503.1806640625,
    "validation_loss": [
      2743.984375
    ],
    "validation_chi2s": {
      "DEUTERON": 2.1374003092447915,
      "NMC": 2.4108162674249387,
      "NUCLEAR": 2.0961005859375,
      "HERACOMB": 2.083579269109988,
      "DYE886": 2.7610782276500356,
      "CDF": 1.880317279270717,
      "D0": 2.80482177734375,
      "ATLAS": 2.42340087890625,
      "CMS": 3.351384690970429,
      "LHCb": 3.1449780464172363,
      "total": 2.3372678756713867
    }
  },
  "9100": {
    "training_loss": 7520.83251953125,
    "validation_loss": [
      2729.218994140625
    ],
    "validation_chi2s": {
      "DEUTERON": 2.1292358702094996,
      "NMC": 2.4338933907303155,
      "NUCLEAR": 2.099709228515625,
      "HERACOMB": 2.0577767565359477,
      "DYE886": 2.6298002763227983,
      "CDF": 1.7890540531703405,
      "D0": 2.644695281982422,
      "ATLAS": 2.42889474452227,
      "CMS": 3.3576342369899277,
      "LHCb": 3.024339437484741,
      "total": 2.3247172832489014
    }
  },
  "9200": {
    "training_loss": 7510.13720703125,
    "validation_loss": [
      2737.736083984375
    ],
    "validation_chi2s": {
      "DEUTERON": 2.149452778830457,
      "NMC": 2.4614708096373317,
      "NUCLEAR": 2.0915595703125,
      "HERACOMB": 2.056295158037173,
      "DYE886": 2.7102380232377485,
      "CDF": 1.8587695530482702,
      "D0": 2.685222625732422,
      "ATLAS": 2.427985004995061,
      "CMS": 3.3631415248902377,
      "LHCb": 3.098302125930786,
      "total": 2.331972122192383
    }
  },
  "9300": {
    "training_loss": 7521.4404296875,
    "validation_loss": [
      2723.55908203125
    ],
    "validation_chi2s": {
      "DEUTERON": 2.13590039305426,
      "NMC": 2.4457451315487133,
      "NUCLEAR": 2.098285888671875,
      "HERACOMB": 2.05238272473703,
      "DYE886": 2.5043359236283735,
      "CDF": 1.9652204513549805,
      "D0": 2.7487565994262697,
      "ATLAS": 2.395087055776311,
      "CMS": 3.356740652037061,
      "LHCb": 3.0518524646759033,
      "total": 2.319896697998047
    }
  },
  "9400": {
    "training_loss": 7531.2060546875,
    "validation_loss": [
      2736.302490234375
    ],
    "validation_chi2s": {
      "DEUTERON": 2.1198095824588,
      "NMC": 2.396657607134651,
      "NUCLEAR": 2.0915888671875,
      "HERACOMB": 2.083010405496834,
      "DYE886": 2.646455938165838,
      "CDF": 1.8467302322387695,
      "D0": 2.7320852279663086,
      "ATLAS": 2.453443329909752,
      "CMS": 3.338629099948347,
      "LHCb": 3.073411464691162,
      "total": 2.3307511806488037
    }
  },
  "9500": {
    "training_loss": 7506.79541015625,
    "validation_loss": [
      2734.47607421875
    ],
    "validation_chi2s": {
      "DEUTERON": 2.1222045291122513,
      "NMC": 2.391945932425705,
      "NUCLEAR": 2.09521875,
      "HERACOMB": 2.096860000510621,
      "DYE886": 2.36392524025657,
      "CDF": 1.9225805827549525,
      "D0": 2.708234977722168,
      "ATLAS": 2.456793247968301,
      "CMS": 3.338231614798554,
      "LHCb": 3.0164029598236084,
      "total": 2.329195737838745
    }
  },
  "9600": {
    "training_loss": 7508.42041015625,
    "validation_loss": [
      2739.7763671875
    ],
    "validation_chi2s": {
      "DEUTERON": 2.132396641062267,
      "NMC": 2.423373353247549,
      "NUCLEAR": 2.093501220703125,
      "HERACOMB": 2.0910568735957926,
      "DYE886": 2.5239769328724253,
      "CDF": 1.930300576346261,
      "D0": 2.7693681716918945,
      "ATLAS": 2.4375638413703307,
      "CMS": 3.3448579646339103,
      "LHCb": 3.085524082183838,
      "total": 2.3337109088897705
    }
  },
  "9700": {
    "training_loss": 7495.97314453125,
    "validation_loss": [
      2727.81884765625
    ],
    "validation_chi2s": {
      "DEUTERON": 2.152568152887904,
      "NMC": 2.5213575176164214,
      "NUCLEAR": 2.096261474609375,
      "HERACOMB": 2.0461659150965072,
      "DYE886": 2.4842378442937676,
      "CDF": 2.017817497253418,
      "D0": 2.672550010681152,
      "ATLAS": 2.348017725451239,
      "CMS": 3.417939745690212,
      "LHCb": 3.085151433944702,
      "total": 2.3235108852386475
    }
  },
  "9800": {
    "training_loss": 7502.322265625,
    "validation_loss": [
      2737.935302734375
    ],
    "validation_chi2s": {
      "DEUTERON": 2.127126665257696,
      "NMC": 2.4196663650811887,
      "NUCLEAR": 2.105444580078125,
      "HERACOMB": 2.094228308185253,
      "DYE886": 2.5932866876775567,
      "CDF": 1.9312870843069894,
      "D0": 2.5852838516235352,
      "ATLAS": 2.44201782928116,
      "CMS": 3.3264899135621127,
      "LHCb": 2.998260259628296,
      "total": 2.3321428298950195
    }
  },
  "9900": {
    "training_loss": 7529.99951171875,
    "validation_loss": [
      2728.182373046875
    ],
    "validation_chi2s": {
      "DEUTERON": 2.1567391922224814,
      "NMC": 2.4306280098709405,
      "NUCLEAR": 2.093781005859375,
      "HERACOMB": 2.074871586818321,
      "DYE886": 2.7191552248868076,
      "CDF": 1.9590565817696708,
      "D0": 2.650096893310547,
      "ATLAS": 2.4028944695132903,
      "CMS": 3.30978620544938,
      "LHCb": 2.929255485534668,
      "total": 2.3238348960876465
    }
  },
  "10000": {
    "training_loss": 7510.79345703125,
    "validation_loss": [
      2719.46240234375
    ],
    "validation_chi2s": {
      "DEUTERON": 2.130277719070662,
      "NMC": 2.4307577095779718,
      "NUCLEAR": 2.098015869140625,
      "HERACOMB": 2.0523881101919934,
      "DYE886": 2.3971425836736504,
      "CDF": 1.9948810849870955,
      "D0": 2.697256088256836,
      "ATLAS": 2.3897541966931573,
      "CMS": 3.378099677976498,
      "LHCb": 3.01603627204895,
      "total": 2.3163912296295166
    }
  },
  "10100": {
    "training_loss": 7512.89599609375,
    "validation_loss": [
      2725.0283203125
    ],
    "validation_chi2s": {
      "DEUTERON": 2.113819786565221,
      "NMC": 2.426411647422641,
      "NUCLEAR": 2.099079345703125,
      "HERACOMB": 2.0527541216681984,
      "DYE886": 2.631056872281161,
      "CDF": 1.9743412562779017,
      "D0": 2.642461585998535,
      "ATLAS": 2.418285676802712,
      "CMS": 3.368139597995222,
      "LHCb": 3.0323679447174072,
      "total": 2.321148157119751
    }
  },
  "10200": {
    "training_loss": 7489.84033203125,
    "validation_loss": [
      2728.011962890625
    ],
    "validation_chi2s": {
      "DEUTERON": 2.1682540362154072,
      "NMC": 2.5009074491613053,
      "NUCLEAR": 2.0960888671875,
      "HERACOMB": 2.038647620506536,
      "DYE886": 2.420996579256925,
      "CDF": 2.0864598410470143,
      "D0": 2.6583852767944336,
      "ATLAS": 2.3534135489628234,
      "CMS": 3.408446508990832,
      "LHCb": 3.1377434730529785,
      "total": 2.323669910430908
    }
  },
  "10300": {
    "training_loss": 7498.1259765625,
    "validation_loss": [
      2736.378662109375
    ],
    "validation_chi2s": {
      "DEUTERON": 2.1413562072450247,
      "NMC": 2.4071541580499387,
      "NUCLEAR": 2.100619873046875,
      "HERACOMB": 2.0587415508195464,
      "DYE886": 2.322993191805753,
      "CDF": 1.9340224947248186,
      "D0": 2.75457763671875,
      "ATLAS": 2.4905321844692887,
      "CMS": 3.354392311789773,
      "LHCb": 3.0190701484680176,
      "total": 2.3307852745056152
    }
  },
  "10400": {
    "training_loss": 7500.7919921875,
    "validation_loss": [
      2723.666259765625
    ],
    "validation_chi2s": {
      "DEUTERON": 2.145725838580535,
      "NMC": 2.453373778100107,
      "NUCLEAR": 2.104216552734375,
      "HERACOMB": 2.046963161892361,
      "DYE886": 2.4113838889382104,
      "CDF": 2.0019516263689314,
      "D0": 2.6873699188232423,
      "ATLAS": 2.385156741087464,
      "CMS": 3.386855700784478,
      "LHCb": 3.0005221366882324,
      "total": 2.3199479579925537
    }
  },
  "10500": {
    "training_loss": 7542.53662109375,
    "validation_loss": [
      2763.5712890625
    ],
    "validation_chi2s": {
      "DEUTERON": 2.1603688102456466,
      "NMC": 2.4752566767673865,
      "NUCLEAR": 2.1112451171875,
      "HERACOMB": 2.0947993658726514,
      "DYE886": 2.8773495067249644,
      "CDF": 1.877218791416713,
      "D0": 2.623170280456543,
      "ATLAS": 2.431115161413434,
      "CMS": 3.3817698581159608,
      "LHCb": 3.1061525344848633,
      "total": 2.3539786338806152
    }
  },
  "10600": {
    "training_loss": 7503.07861328125,
    "validation_loss": [
      2737.74853515625
    ],
    "validation_chi2s": {
      "DEUTERON": 2.175333203367926,
      "NMC": 2.474238077799479,
      "NUCLEAR": 2.1035751953125,
      "HERACOMB": 2.0703535890267566,
      "DYE886": 2.74254712191495,
      "CDF": 2.0244626998901367,
      "D0": 2.5938947677612303,
      "ATLAS": 2.368562018734285,
      "CMS": 3.3608514454739153,
      "LHCb": 2.9893221855163574,
      "total": 2.3319826126098633
    }
  },
  "10700": {
    "training_loss": 7489.74755859375,
    "validation_loss": [
      2747.63232421875
    ],
    "validation_chi2s": {
      "DEUTERON": 2.0940931329679726,
      "NMC": 2.362406113568474,
      "NUCLEAR": 2.10323193359375,
      "HERACOMB": 2.106235080295139,
      "DYE886": 2.3282543529163706,
      "CDF": 1.9256723948887415,
      "D0": 2.644065284729004,
      "ATLAS": 2.5487955027613145,
      "CMS": 3.340201133538869,
      "LHCb": 3.0351319313049316,
      "total": 2.340402364730835
    }
  },
  "10800": {
    "training_loss": 7504.40869140625,
    "validation_loss": [
      2731.36328125
    ],
    "validation_chi2s": {
      "DEUTERON": 2.138872592603389,
      "NMC": 2.4318928438074447,
      "NUCLEAR": 2.0991474609375,
      "HERACOMB": 2.0833119909747753,
      "DYE886": 2.377440019087358,
      "CDF": 1.9419570650373186,
      "D0": 2.6048349380493163,
      "ATLAS": 2.4249649924793464,
      "CMS": 3.351732490476498,
      "LHCb": 2.990429162979126,
      "total": 2.3265445232391357
    }
  },
  "10900": {
    "training_loss": 7493.0927734375,
    "validation_loss": [
      2743.26953125
    ],
    "validation_chi2s": {
      "DEUTERON": 2.150108982674518,
      "NMC": 2.449806063782935,
      "NUCLEAR": 2.095690185546875,
      "HERACOMB": 2.083358864379085,
      "DYE886": 2.8485546112060547,
      "CDF": 1.986344473702567,
      "D0": 2.644278717041016,
      "ATLAS": 2.374671146787446,
      "CMS": 3.381197842684659,
      "LHCb": 3.1059563159942627,
      "total": 2.3366832733154297
    }
  },
  "11000": {
    "training_loss": 7503.38134765625,
    "validation_loss": [
      2730.43115234375
    ],
    "validation_chi2s": {
      "DEUTERON": 2.1405275259444965,
      "NMC": 2.448630538641238,
      "NUCLEAR": 2.103288330078125,
      "HERACOMB": 2.0687026478885824,
      "DYE886": 2.5695322210138496,
      "CDF": 2.015240124293736,
      "D0": 2.679865074157715,
      "ATLAS": 2.36883527383037,
      "CMS": 3.364542306947314,
      "LHCb": 3.1168057918548584,
      "total": 2.3257503509521484
    }
  },
  "11100": {
    "training_loss": 7516.7109375,
    "validation_loss": [
      2734.5283203125
    ],
    "validation_chi2s": {
      "DEUTERON": 2.137161482625933,
      "NMC": 2.4192151836320464,
      "NUCLEAR": 2.109629150390625,
      "HERACOMB": 2.046945609298407,
      "DYE886": 2.5871765830300073,
      "CDF": 1.7822957720075334,
      "D0": 2.744869422912598,
      "ATLAS": 2.496227395945582,
      "CMS": 3.350145576413998,
      "LHCb": 2.8515942096710205,
      "total": 2.3292391300201416
    }
  },
  "11200": {
    "training_loss": 7697.5576171875,
    "validation_loss": [
      2730.77685546875
    ],
    "validation_chi2s": {
      "DEUTERON": 2.1152741541316855,
      "NMC": 2.4113334206973804,
      "NUCLEAR": 2.10746630859375,
      "HERACOMB": 2.051324383106107,
      "DYE886": 2.486299514770508,
      "CDF": 1.884082249232701,
      "D0": 2.8202579498291014,
      "ATLAS": 2.4654013096601113,
      "CMS": 3.3563436713100465,
      "LHCb": 3.0271806716918945,
      "total": 2.326045274734497
    }
  },
  "11300": {
    "training_loss": 7504.36572265625,
    "validation_loss": [
      2736.09375
    ],
    "validation_chi2s": {
      "DEUTERON": 2.1677083636990826,
      "NMC": 2.453857421875,
      "NUCLEAR": 2.10349462890625,
      "HERACOMB": 2.071181752323325,
      "DYE886": 2.6160146539861504,
      "CDF": 2.0538761956351146,
      "D0": 2.6683120727539062,
      "ATLAS": 2.353929892353628,
      "CMS": 3.378207120028409,
      "LHCb": 3.0819640159606934,
      "total": 2.330573797225952
    }
  },
  "11400": {
    "training_loss": 7509.12158203125,
    "validation_loss": [
      2759.060546875
    ],
    "validation_chi2s": {
      "DEUTERON": 2.279783789791278,
      "NMC": 2.4400317622166052,
      "NUCLEAR": 2.109281005859375,
      "HERACOMB": 2.048794416041156,
      "DYE886": 2.3913165005770596,
      "CDF": 1.8931521006992884,
      "D0": 2.6832910537719727,
      "ATLAS": 2.4747212727864585,
      "CMS": 3.3574544102692405,
      "LHCb": 2.8894715309143066,
      "total": 2.35003399848938
    }
  },
  "11500": {
    "training_loss": 7511.91552734375,
    "validation_loss": [
      2746.35693359375
    ],
    "validation_chi2s": {
      "DEUTERON": 2.176223982625933,
      "NMC": 2.45575699151731,
      "NUCLEAR": 2.0994228515625,
      "HERACOMB": 2.0519726323146448,
      "DYE886": 2.534997073086825,
      "CDF": 1.9450054168701172,
      "D0": 2.7001070022583007,
      "ATLAS": 2.441052667025862,
      "CMS": 3.3849504959484764,
      "LHCb": 3.131937265396118,
      "total": 2.339313507080078
    }
  },
  "11600": {
    "training_loss": 7511.88134765625,
    "validation_loss": [
      2739.5263671875
    ],
    "validation_chi2s": {
      "DEUTERON": 2.186680428424285,
      "NMC": 2.433643715054381,
      "NUCLEAR": 2.111500244140625,
      "HERACOMB": 2.0786449955958948,
      "DYE886": 2.5512008666992188,
      "CDF": 1.8747378758021764,
      "D0": 2.8368181228637694,
      "ATLAS": 2.40313808397315,
      "CMS": 3.3437696724883783,
      "LHCb": 2.861600160598755,
      "total": 2.333484172821045
    }
  },
  "11700": {
    "training_loss": 7505.826171875,
    "validation_loss": [
      2738.46875
    ],
    "validation_chi2s": {
      "DEUTERON": 2.163487220878032,
      "NMC": 2.436281690410539,
      "NUCLEAR": 2.1049599609375,
      "HERACOMB": 2.0871448392182392,
      "DYE886": 2.51833759654652,
      "CDF": 1.9020907538277763,
      "D0": 2.5235950469970705,
      "ATLAS": 2.399932685939745,
      "CMS": 3.384769912593621,
      "LHCb": 2.916466236114502,
      "total": 2.332575798034668
    }
  },
  "11800": {
    "training_loss": 7503.77734375,
    "validation_loss": [
      2738.34326171875
    ],
    "validation_chi2s": {
      "DEUTERON": 2.0939072945817787,
      "NMC": 2.3821050606521905,
      "NUCLEAR": 2.1073916015625,
      "HERACOMB": 2.0819329155815973,
      "DYE886": 2.4793919649991123,
      "CDF": 1.9698542186192103,
      "D0": 2.724179267883301,
      "ATLAS": 2.490179303048671,
      "CMS": 3.3498890774309142,
      "LHCb": 3.057995557785034,
      "total": 2.3324902057647705
    }
  },
  "11900": {
    "training_loss": 7500.6767578125,
    "validation_loss": [
      2739.181640625
    ],
    "validation_chi2s": {
      "DEUTERON": 2.117815463697139,
      "NMC": 2.4369221107632506,
      "NUCLEAR": 2.1064814453125,
      "HERACOMB": 2.062338037428513,
      "DYE886": 2.4942909587513316,
      "CDF": 2.0014242444719588,
      "D0": 2.758404541015625,
      "ATLAS": 2.4371971042676903,
      "CMS": 3.402571496884685,
      "LHCb": 3.1014485359191895,
      "total": 2.333184003829956
    }
  },
  "12000": {
    "training_loss": 7548.72509765625,
    "validation_loss": [
      2753.9765625
    ],
    "validation_chi2s": {
      "DEUTERON": 2.145525728292133,
      "NMC": 2.383067561130898,
      "NUCLEAR": 2.11302001953125,
      "HERACOMB": 2.106343786700878,
      "DYE886": 2.8466550653631035,
      "CDF": 1.9551536015101842,
      "D0": 2.68093204498291,
      "ATLAS": 2.4200602564318427,
      "CMS": 3.3657501472914513,
      "LHCb": 3.0198562145233154,
      "total": 2.345559597015381
    }
  }
}