{
  "100": {
    "training_loss": 466.0,
    "validation_loss": [
      157.4039306640625
    ],
    "validation_chi2s": {
      "DEUTERON": 3.306051254272461,
      "ATLAS": 2.2874445481733843,
      "total": 3.0863518714904785
    }
  },
  "200": {
    "training_loss": 293.6982421875,
    "validation_loss": [
      99.07622528076172
    ],
    "validation_chi2s": {
      "DEUTERON": 1.8586803436279298,
      "ATLAS": 2.248092304576527,
      "total": 1.9426711797714233
    }
  },
  "300": {
    "training_loss": 261.216552734375,
    "validation_loss": [
      109.47399139404297
    ],
    "validation_chi2s": {
      "DEUTERON": 1.9371362686157227,
      "ATLAS": 2.908049149946733,
      "total": 2.1465487480163574
    }
  },
  "400": {
    "training_loss": 277.91265869140625,
    "validation_loss": [
      95.14240264892578
    ],
    "validation_chi2s": {
      "DEUTERON": 1.525571632385254,
      "ATLAS": 3.1017764698375356,
      "total": 1.865537405014038
    }
  },
  "500": {
    "training_loss": 274.170654296875,
    "validation_loss": [
      96.96339416503906
    ],
    "validation_chi2s": {
      "DEUTERON": 1.506178092956543,
      "ATLAS": 3.33784311467951,
      "total": 1.901242971420288
    }
  },
  "600": {
    "training_loss": 267.6578369140625,
    "validation_loss": [
      94.56188201904297
    ],
    "validation_chi2s": {
      "DEUTERON": 1.5171592712402344,
      "ATLAS": 3.0795922712846235,
      "total": 1.8541547060012817
    }
  }
}