{
  "100": {
    "training_loss": 520.0,
    "validation_loss": [
      176.33929443359375
    ],
    "validation_chi2s": {
      "DEUTERON": 3.8813480377197265,
      "ATLAS": 1.9168515638871626,
      "total": 3.4576332569122314
    }
  },
  "200": {
    "training_loss": 337.9741516113281,
    "validation_loss": [
      139.5961456298828
    ],
    "validation_chi2s": {
      "DEUTERON": 2.9989803314208983,
      "ATLAS": 1.7851758436723189,
      "total": 2.7371792793273926
    }
  },
  "300": {
    "training_loss": 312.1863098144531,
    "validation_loss": [
      145.98321533203125
    ],
    "validation_chi2s": {
      "DEUTERON": 2.9914594650268556,
      "ATLAS": 2.3931671489368784,
      "total": 2.8624160289764404
    }
  },
  "400": {
    "training_loss": 308.3408203125,
    "validation_loss": [
      129.03395080566406
    ],
    "validation_chi2s": {
      "DEUTERON": 2.7943782806396484,
      "ATLAS": 1.5689842917702415,
      "total": 2.5300776958465576
    }
  },
  "500": {
    "training_loss": 317.01416015625,
    "validation_loss": [
      100.60555267333984
    ],
    "validation_chi2s": {
      "DEUTERON": 2.122589874267578,
      "ATLAS": 1.4274507002397017,
      "total": 1.9726579189300537
    }
  },
  "600": {
    "training_loss": 317.69781494140625,
    "validation_loss": [
      207.10208129882812
    ],
    "validation_chi2s": {
      "DEUTERON": 1.9347036361694336,
      "ATLAS": 1.5283437208695845,
      "total": 1.8470574617385864
    }
  },
  "700": {
    "training_loss": 321.9150390625,
    "validation_loss": [
      88.33837127685547
    ],
    "validation_chi2s": {
      "DEUTERON": 1.8371301651000977,
      "ATLAS": 1.3502878709272905,
      "total": 1.732124924659729
    }
  }
}