{
  "100": {
    "training_loss": 322.41015625,
    "validation_loss": [
      102.42491912841797
    ],
    "validation_chi2s": {
      "DEUTERON": 2.187006378173828,
      "ATLAS": 1.3586058183149858,
      "total": 2.008331775665283
    }
  },
  "200": {
    "training_loss": 321.34051513671875,
    "validation_loss": [
      92.35292053222656
    ],
    "validation_chi2s": {
      "DEUTERON": 1.8604394912719726,
      "ATLAS": 1.6304853612726384,
      "total": 1.8108415603637695
    }
  },
  "300": {
    "training_loss": 321.7774353027344,
    "validation_loss": [
      91.03448486328125
    ],
    "validation_chi2s": {
      "DEUTERON": 1.7861747741699219,
      "ATLAS": 1.7806816101074219,
      "total": 1.7849899530410767
    }
  },
  "400": {
    "training_loss": 317.9781188964844,
    "validation_loss": [
      91.01895141601562
    ],
    "validation_chi2s": {
      "DEUTERON": 1.7576231002807616,
      "ATLAS": 1.8830937472256748,
      "total": 1.7846853733062744
    }
  },
  "500": {
    "training_loss": 311.4255676269531,
    "validation_loss": [
      90.03044891357422
    ],
    "validation_chi2s": {
      "DEUTERON": 1.7314144134521485,
      "ATLAS": 1.888534199107777,
      "total": 1.7653030157089233
    }
  },
  "600": {
    "training_loss": 304.6919250488281,
    "validation_loss": [
      89.17408752441406
    ],
    "validation_chi2s": {
      "DEUTERON": 1.7178260803222656,
      "ATLAS": 1.8600947640158914,
      "total": 1.748511552810669
    }
  },
  "700": {
    "training_loss": 300.28314208984375,
    "validation_loss": [
      89.14326477050781
    ],
    "validation_chi2s": {
      "DEUTERON": 1.7112295150756835,
      "ATLAS": 1.8812807256525212,
      "total": 1.7479071617126465
    }
  },
  "800": {
    "training_loss": 297.8393859863281,
    "validation_loss": [
      89.03227996826172
    ],
    "validation_chi2s": {
      "DEUTERON": 1.697456169128418,
      "ATLAS": 1.9212759191339666,
      "total": 1.745730996131897
    }
  },
  "900": {
    "training_loss": 295.9784851074219,
    "validation_loss": [
      89.49607849121094
    ],
    "validation_chi2s": {
      "DEUTERON": 1.6998857498168944,
      "ATLAS": 1.9546045823530718,
      "total": 1.7548251152038574
    }
  }
}