{
  "100": {
    "training_loss": 31488.0,
    "validation_loss": [
      24313.904296875
    ],
    "validation_chi2s": {
      "DEUTERON": 65.94214960354478,
      "NMC": 7.841959037032782,
      "NUCLEAR": 6.59570849609375,
      "HERACOMB": 10.760172526041666,
      "DYE886": 55.1667314009233,
      "CDF": 9.323053632463727,
      "D0": 14.116810607910157,
      "ATLAS": 10.288180106026786,
      "CMS": 4.9478055132113825,
      "LHCb": 10.737457275390625,
      "total": 19.34457015991211
    }
  },
  "200": {
    "training_loss": 21957.580078125,
    "validation_loss": [
      351925.90625
    ],
    "validation_chi2s": {
      "DEUTERON": 1708.224657960199,
      "NMC": 4.752910838407629,
      "NUCLEAR": 6.541693359375,
      "HERACOMB": 6.908716937295751,
      "DYE886": 65.9629794034091,
      "CDF": 6.359769548688616,
      "D0": 33.0525146484375,
      "ATLAS": 10.523632114955356,
      "CMS": 4.338324818184705,
      "LHCb": 7.331669807434082,
      "total": 298.8795166015625
    }
  },
  "300": {
    "training_loss": 18536.328125,
    "validation_loss": [
      8675.1962890625
    ],
    "validation_chi2s": {
      "DEUTERON": 7.511380475551928,
      "NMC": 3.793411554074755,
      "NUCLEAR": 5.94874658203125,
      "HERACOMB": 5.334200192121119,
      "DYE886": 54.91956676136363,
      "CDF": 5.8699749537876675,
      "D0": 26.064419555664063,
      "ATLAS": 8.053587472098215,
      "CMS": 3.999822601070249,
      "LHCb": 6.994926452636719,
      "total": 7.185948371887207
    }
  },
  "400": {
    "training_loss": 17072.8984375,
    "validation_loss": [
      7649.78125
    ],
    "validation_chi2s": {
      "DEUTERON": 5.642885426383707,
      "NMC": 3.836362352558211,
      "NUCLEAR": 5.86311328125,
      "HERACOMB": 4.475875555300245,
      "DYE886": 43.48542646928267,
      "CDF": 6.566072191510882,
      "D0": 22.890567016601562,
      "ATLAS": 7.092062639508929,
      "CMS": 3.8858181092797257,
      "LHCb": 7.185121059417725,
      "total": 6.241128444671631
    }
  },
  "500": {
    "training_loss": 16483.701171875,
    "validation_loss": [
      7330.294921875
    ],
    "validation_chi2s": {
      "DEUTERON": 5.592788620374689,
      "NMC": 4.032044653799019,
      "NUCLEAR": 5.76733642578125,
      "HERACOMB": 4.051234027139501,
      "DYE886": 39.192712957208805,
      "CDF": 7.355738503592355,
      "D0": 22.509005737304687,
      "ATLAS": 6.6279443359375,
      "CMS": 3.749707229738313,
      "LHCb": 7.42263650894165,
      "total": 5.954753398895264
    }
  },
  "600": {
    "training_loss": 16265.6875,
    "validation_loss": [
      7177.98974609375
    ],
    "validation_chi2s": {
      "DEUTERON": 5.424991133201182,
      "NMC": 4.138412176393995,
      "NUCLEAR": 5.62136767578125,
      "HERACOMB": 3.896645938648897,
      "DYE886": 40.16677579012784,
      "CDF": 7.9434934343610495,
      "D0": 26.310946655273437,
      "ATLAS": 6.289195731026786,
      "CMS": 3.6361076541063264,
      "LHCb": 7.171115875244141,
      "total": 5.844440937042236
    }
  },
  "700": {
    "training_loss": 15800.318359375,
    "validation_loss": [
      7102.9443359375
    ],
    "validation_chi2s": {
      "DEUTERON": 6.5660400390625,
      "NMC": 4.151569441253064,
      "NUCLEAR": 5.4040751953125,
      "HERACOMB": 3.7616585126889297,
      "DYE886": 35.56238625266335,
      "CDF": 8.189242771693639,
      "D0": 24.23548583984375,
      "ATLAS": 6.097126116071428,
      "CMS": 3.6548188992632116,
      "LHCb": 7.621313095092773,
      "total": 5.8420257568359375
    }
  },
  "800": {
    "training_loss": 15486.9384765625,
    "validation_loss": [
      7951.271484375
    ],
    "validation_chi2s": {
      "DEUTERON": 11.715072100435323,
      "NMC": 4.103406120749081,
      "NUCLEAR": 5.3032998046875,
      "HERACOMB": 3.6623495263991015,
      "DYE886": 33.33221712979403,
      "CDF": 7.936850956508091,
      "D0": 25.91221923828125,
      "ATLAS": 5.929086216517857,
      "CMS": 3.5837538804465194,
      "LHCb": 7.598660945892334,
      "total": 6.610063552856445
    }
  },
  "900": {
    "training_loss": 15187.9814453125,
    "validation_loss": [
      266998.25
    ],
    "validation_chi2s": {
      "DEUTERON": 1301.3634172885572,
      "NMC": 4.082236495672488,
      "NUCLEAR": 5.29415771484375,
      "HERACOMB": 3.568447935814951,
      "DYE886": 30.24185458096591,
      "CDF": 7.631217411586216,
      "D0": 26.153640747070312,
      "ATLAS": 5.755867047991072,
      "CMS": 3.575881089621443,
      "LHCb": 7.417179584503174,
      "total": 226.73104858398438
    }
  },
  "1000": {
    "training_loss": 15080.15625,
    "validation_loss": [
      2674616.0
    ],
    "validation_chi2s": {
      "DEUTERON": 13279.825870646766,
      "NMC": 4.062322279986213,
      "NUCLEAR": 5.2774755859375,
      "HERACOMB": 3.5222032335069446,
      "DYE886": 30.073136763139203,
      "CDF": 7.296874455043247,
      "D0": 27.251422119140624,
      "ATLAS": 5.67004638671875,
      "CMS": 3.5784830232945883,
      "LHCb": 7.08516788482666,
      "total": 2272.296875
    }
  },
  "1100": {
    "training_loss": 15048.5107421875,
    "validation_loss": [
      22502.408203125
    ],
    "validation_chi2s": {
      "DEUTERON": 85.39039179104478,
      "NMC": 4.058690089805453,
      "NUCLEAR": 5.2378564453125,
      "HERACOMB": 3.4894094030841503,
      "DYE886": 30.825178666548297,
      "CDF": 7.218928745814732,
      "D0": 26.624591064453124,
      "ATLAS": 5.607628348214286,
      "CMS": 3.611691606723196,
      "LHCb": 6.716318607330322,
      "total": 19.017091751098633
    }
  },
  "1200": {
    "training_loss": 15023.6416015625,
    "validation_loss": [
      19306.025390625
    ],
    "validation_chi2s": {
      "DEUTERON": 69.63052413712687,
      "NMC": 4.057072658164828,
      "NUCLEAR": 5.14633251953125,
      "HERACOMB": 3.4473039215686274,
      "DYE886": 31.977020263671875,
      "CDF": 7.309512547084263,
      "D0": 26.533489990234376,
      "ATLAS": 5.553163713727678,
      "CMS": 3.6473316719861533,
      "LHCb": 6.5045623779296875,
      "total": 16.30643081665039
    }
  },
  "1300": {
    "training_loss": 15046.0087890625,
    "validation_loss": [
      14965.80859375
    ],
    "validation_chi2s": {
      "DEUTERON": 48.29354691386816,
      "NMC": 4.054866715973499,
      "NUCLEAR": 5.03512158203125,
      "HERACOMB": 3.359311172385621,
      "DYE886": 33.65687977183949,
      "CDF": 7.3804119655064175,
      "D0": 25.222239685058593,
      "ATLAS": 5.501934291294643,
      "CMS": 3.7426921565358233,
      "LHCb": 5.920289039611816,
      "total": 12.623200416564941
    }
  },
  "1400": {
    "training_loss": 14982.72265625,
    "validation_loss": [
      160160.859375
    ],
    "validation_chi2s": {
      "DEUTERON": 770.9854633084577,
      "NMC": 4.05929625268076,
      "NUCLEAR": 4.836109375,
      "HERACOMB": 3.2496104520909928,
      "DYE886": 34.17576737837358,
      "CDF": 7.496271405901227,
      "D0": 26.55248107910156,
      "ATLAS": 5.425091029575893,
      "CMS": 3.8559567831396087,
      "LHCb": 5.794635772705078,
      "total": 135.98765563964844
    }
  },
  "1500": {
    "training_loss": 14701.5625,
    "validation_loss": [
      9688.5234375
    ],
    "validation_chi2s": {
      "DEUTERON": 22.903971354166668,
      "NMC": 4.028624590705423,
      "NUCLEAR": 4.54923388671875,
      "HERACOMB": 3.192663853464563,
      "DYE886": 33.385228937322445,
      "CDF": 6.700941903250558,
      "D0": 29.85390625,
      "ATLAS": 5.289815499441964,
      "CMS": 3.8263529955856197,
      "LHCb": 5.933570861816406,
      "total": 8.147473335266113
    }
  },
  "1600": {
    "training_loss": 14787.5625,
    "validation_loss": [
      6492.994140625
    ],
    "validation_chi2s": {
      "DEUTERON": 4.726891968380753,
      "NMC": 3.8752217012293197,
      "NUCLEAR": 4.89262841796875,
      "HERACOMB": 3.2057971829682392,
      "DYE886": 47.19719904119318,
      "CDF": 5.508165631975446,
      "D0": 22.12583770751953,
      "ATLAS": 5.79583984375,
      "CMS": 4.471575977356453,
      "LHCb": 5.29110860824585,
      "total": 5.4236345291137695
    }
  },
  "1700": {
    "training_loss": 14077.60546875,
    "validation_loss": [
      6535.19921875
    ],
    "validation_chi2s": {
      "DEUTERON": 4.947178171641791,
      "NMC": 3.900435802983303,
      "NUCLEAR": 4.79352978515625,
      "HERACOMB": 3.171323489519506,
      "DYE886": 46.20093050870028,
      "CDF": 6.388566153390067,
      "D0": 23.304844665527344,
      "ATLAS": 5.741769321986607,
      "CMS": 4.802938817962398,
      "LHCb": 5.416450500488281,
      "total": 5.4589619636535645
    }
  },
  "1800": {
    "training_loss": 13817.623046875,
    "validation_loss": [
      6485.2890625
    ],
    "validation_chi2s": {
      "DEUTERON": 5.0201154870180345,
      "NMC": 3.8697683296951593,
      "NUCLEAR": 4.547326171875,
      "HERACOMB": 3.1213033838209765,
      "DYE886": 47.57736483487216,
      "CDF": 6.2783628191266745,
      "D0": 19.882154846191405,
      "ATLAS": 5.721077357700893,
      "CMS": 5.035926384654472,
      "LHCb": 5.286964416503906,
      "total": 5.418533802032471
    }
  },
  "1900": {
    "training_loss": 13726.3408203125,
    "validation_loss": [
      6361.46923828125
    ],
    "validation_chi2s": {
      "DEUTERON": 4.909217037371735,
      "NMC": 3.7971679089116117,
      "NUCLEAR": 4.4294228515625,
      "HERACOMB": 3.13444548962163,
      "DYE886": 46.65593927556818,
      "CDF": 5.917867933000837,
      "D0": 18.212954711914062,
      "ATLAS": 5.679782017299107,
      "CMS": 4.858912522230691,
      "LHCb": 5.197033882141113,
      "total": 5.3141913414001465
    }
  },
  "2000": {
    "training_loss": 8561.9921875,
    "validation_loss": [
      3047.32177734375
    ],
    "validation_chi2s": {
      "DEUTERON": 2.527709657280006,
      "NMC": 3.5596810135186887,
      "NUCLEAR": 2.28847705078125,
      "HERACOMB": 2.4968379400914014,
      "DYE886": 1.7397301413796165,
      "CDF": 2.8484434400285994,
      "D0": 1.8474040985107423,
      "ATLAS": 2.830136195591518,
      "CMS": 2.5425993136274134,
      "LHCb": 3.833653688430786,
      "total": 2.577012062072754
    }
  },
  "2100": {
    "training_loss": 8225.3056640625,
    "validation_loss": [
      2848.17724609375
    ],
    "validation_chi2s": {
      "DEUTERON": 2.3639574952386506,
      "NMC": 3.4825277889476105,
      "NUCLEAR": 2.174560302734375,
      "HERACOMB": 2.3927690094592524,
      "DYE886": 2.0651593641801314,
      "CDF": 2.481245313371931,
      "D0": 1.8958003997802735,
      "ATLAS": 2.5396360560825895,
      "CMS": 2.3925721703506095,
      "LHCb": 2.7141270637512207,
      "total": 2.4094533920288086
    }
  },
  "2200": {
    "training_loss": 8126.6455078125,
    "validation_loss": [
      2805.7548828125
    ],
    "validation_chi2s": {
      "DEUTERON": 2.2875404168124223,
      "NMC": 3.5229689654181984,
      "NUCLEAR": 2.141737060546875,
      "HERACOMB": 2.3742238961014093,
      "DYE886": 2.1919505379416724,
      "CDF": 2.4615682874407088,
      "D0": 2.094027519226074,
      "ATLAS": 2.4886554827008927,
      "CMS": 2.3825859752127796,
      "LHCb": 2.5155606269836426,
      "total": 2.3762776851654053
    }
  },
  "2300": {
    "training_loss": 8080.94482421875,
    "validation_loss": [
      2795.516357421875
    ],
    "validation_chi2s": {
      "DEUTERON": 2.274250542939599,
      "NMC": 3.5773342356962314,
      "NUCLEAR": 2.113705322265625,
      "HERACOMB": 2.364587522020527,
      "DYE886": 2.128620147705078,
      "CDF": 2.5708310263497487,
      "D0": 2.831930923461914,
      "ATLAS": 2.487974853515625,
      "CMS": 2.359108777550178,
      "LHCb": 2.450965166091919,
      "total": 2.3693289756774902
    }
  },
  "2400": {
    "training_loss": 8036.98974609375,
    "validation_loss": [
      2775.4453125
    ],
    "validation_chi2s": {
      "DEUTERON": 2.225389471101524,
      "NMC": 3.531666175991881,
      "NUCLEAR": 2.099131103515625,
      "HERACOMB": 2.3549732881433822,
      "DYE886": 2.4413379322398794,
      "CDF": 2.6141000475202287,
      "D0": 2.481554412841797,
      "ATLAS": 2.4512484305245534,
      "CMS": 2.3669713958492125,
      "LHCb": 2.501638174057007,
      "total": 2.3532752990722656
    }
  },
  "2500": {
    "training_loss": 8008.36865234375,
    "validation_loss": [
      2789.49951171875
    ],
    "validation_chi2s": {
      "DEUTERON": 2.1638438666044775,
      "NMC": 3.4276601753982843,
      "NUCLEAR": 2.092495361328125,
      "HERACOMB": 2.400918997970282,
      "DYE886": 2.0352134704589844,
      "CDF": 2.920955385480608,
      "D0": 3.177638053894043,
      "ATLAS": 2.5510560825892856,
      "CMS": 2.3533233394467734,
      "LHCb": 2.597301721572876,
      "total": 2.3649561405181885
    }
  },
  "2600": {
    "training_loss": 7996.62841796875,
    "validation_loss": [
      2778.43994140625
    ],
    "validation_chi2s": {
      "DEUTERON": 2.3241000199199315,
      "NMC": 3.5901312734566484,
      "NUCLEAR": 2.074315185546875,
      "HERACOMB": 2.3373604568780637,
      "DYE886": 2.2406050942160864,
      "CDF": 2.6660224369594028,
      "D0": 2.934356117248535,
      "ATLAS": 2.4180484444754464,
      "CMS": 2.3669629600959095,
      "LHCb": 2.4767520427703857,
      "total": 2.3576056957244873
    }
  },
  "2700": {
    "training_loss": 7982.56494140625,
    "validation_loss": [
      2752.5390625
    ],
    "validation_chi2s": {
      "DEUTERON": 2.201934510795631,
      "NMC": 3.5604795568129597,
      "NUCLEAR": 2.069592041015625,
      "HERACOMB": 2.3330830094081905,
      "DYE886": 2.3967777598987925,
      "CDF": 2.72252927507673,
      "D0": 2.8794588088989257,
      "ATLAS": 2.412655029296875,
      "CMS": 2.364051880875254,
      "LHCb": 2.519582748413086,
      "total": 2.3361902236938477
    }
  },
  "2800": {
    "training_loss": 7969.18017578125,
    "validation_loss": [
      2803.06396484375
    ],
    "validation_chi2s": {
      "DEUTERON": 2.3194700022835044,
      "NMC": 3.423849966011795,
      "NUCLEAR": 2.070116943359375,
      "HERACOMB": 2.380307266135621,
      "DYE886": 2.0749345259232954,
      "CDF": 2.9825801849365234,
      "D0": 3.3874454498291016,
      "ATLAS": 2.5194240025111605,
      "CMS": 2.3612107687849337,
      "LHCb": 2.529594898223877,
      "total": 2.378427743911743
    }
  },
  "2900": {
    "training_loss": 7963.185546875,
    "validation_loss": [
      2746.359130859375
    ],
    "validation_chi2s": {
      "DEUTERON": 2.1805471543648944,
      "NMC": 3.5242207845052085,
      "NUCLEAR": 2.06690185546875,
      "HERACOMB": 2.327353084788603,
      "DYE886": 2.4162465875799004,
      "CDF": 2.8567932673863004,
      "D0": 3.0541606903076173,
      "ATLAS": 2.4114484514508927,
      "CMS": 2.3558429004700203,
      "LHCb": 2.5476558208465576,
      "total": 2.3312783241271973
    }
  },
  "3000": {
    "training_loss": 7944.36328125,
    "validation_loss": [
      2768.567626953125
    ],
    "validation_chi2s": {
      "DEUTERON": 2.3202874482567633,
      "NMC": 3.5871208041321996,
      "NUCLEAR": 2.06535595703125,
      "HERACOMB": 2.3148053736468546,
      "DYE886": 2.3424113880504263,
      "CDF": 2.8025101252964566,
      "D0": 3.081009101867676,
      "ATLAS": 2.3853538295200893,
      "CMS": 2.36850074830094,
      "LHCb": 2.560990571975708,
      "total": 2.3506076335906982
    }
  },
  "3100": {
    "training_loss": 7939.99462890625,
    "validation_loss": [
      2745.78515625
    ],
    "validation_chi2s": {
      "DEUTERON": 2.201461564249067,
      "NMC": 3.517320520737592,
      "NUCLEAR": 2.06883154296875,
      "HERACOMB": 2.3179032070184844,
      "DYE886": 2.4184918837113814,
      "CDF": 2.886856896536691,
      "D0": 3.031564712524414,
      "ATLAS": 2.3911099679129464,
      "CMS": 2.365070125920986,
      "LHCb": 2.5730113983154297,
      "total": 2.331162452697754
    }
  },
  "3200": {
    "training_loss": 7931.7470703125,
    "validation_loss": [
      2743.185546875
    ],
    "validation_chi2s": {
      "DEUTERON": 2.1904345460199006,
      "NMC": 3.508837531594669,
      "NUCLEAR": 2.0695732421875,
      "HERACOMB": 2.3128612244051268,
      "DYE886": 2.448227969082919,
      "CDF": 2.942298344203404,
      "D0": 3.0777177810668945,
      "ATLAS": 2.391821986607143,
      "CMS": 2.3601019634463922,
      "LHCb": 2.589033842086792,
      "total": 2.3290584087371826
    }
  },
  "3300": {
    "training_loss": 7926.96435546875,
    "validation_loss": [
      2773.062255859375
    ],
    "validation_chi2s": {
      "DEUTERON": 2.252666264624145,
      "NMC": 3.426385617723652,
      "NUCLEAR": 2.070724853515625,
      "HERACOMB": 2.349678986991932,
      "DYE886": 2.1239450628107246,
      "CDF": 3.1042306082589284,
      "D0": 3.48221435546875,
      "ATLAS": 2.4709620884486605,
      "CMS": 2.3596233585016515,
      "LHCb": 2.504162311553955,
      "total": 2.35367751121521
    }
  },
  "3400": {
    "training_loss": 7956.53076171875,
    "validation_loss": [
      2740.54736328125
    ],
    "validation_chi2s": {
      "DEUTERON": 2.1926680987154072,
      "NMC": 3.50175505993413,
      "NUCLEAR": 2.06465771484375,
      "HERACOMB": 2.3040751538245505,
      "DYE886": 2.2636368491432886,
      "CDF": 2.963911873953683,
      "D0": 3.398326873779297,
      "ATLAS": 2.4143129185267855,
      "CMS": 2.3490387211001016,
      "LHCb": 2.574366569519043,
      "total": 2.326996088027954
    }
  },
  "3500": {
    "training_loss": 7950.37744140625,
    "validation_loss": [
      2756.88623046875
    ],
    "validation_chi2s": {
      "DEUTERON": 2.2622563755927394,
      "NMC": 3.5072658763212314,
      "NUCLEAR": 2.067172119140625,
      "HERACOMB": 2.3051077649484273,
      "DYE886": 2.1640233126553623,
      "CDF": 2.9722023010253906,
      "D0": 3.4661251068115235,
      "ATLAS": 2.4212899344308036,
      "CMS": 2.357040529328633,
      "LHCb": 2.568065881729126,
      "total": 2.3403871059417725
    }
  },
  "3600": {
    "training_loss": 7913.05322265625,
    "validation_loss": [
      2751.361572265625
    ],
    "validation_chi2s": {
      "DEUTERON": 2.2692116504877955,
      "NMC": 3.549526438993566,
      "NUCLEAR": 2.0668388671875,
      "HERACOMB": 2.2935003143510007,
      "DYE886": 2.3741859089244497,
      "CDF": 2.8443006787981306,
      "D0": 3.1221004486083985,
      "ATLAS": 2.3703522600446427,
      "CMS": 2.367637572249746,
      "LHCb": 2.6585021018981934,
      "total": 2.3365542888641357
    }
  },
  "3700": {
    "training_loss": 7921.63623046875,
    "validation_loss": [
      2746.7548828125
    ],
    "validation_chi2s": {
      "DEUTERON": 2.240916541559779,
      "NMC": 3.490811815448836,
      "NUCLEAR": 2.06536474609375,
      "HERACOMB": 2.3039662479575163,
      "DYE886": 2.2786414406516333,
      "CDF": 2.8952061789376393,
      "D0": 3.3063793182373047,
      "ATLAS": 2.3896017020089286,
      "CMS": 2.3627366476911837,
      "LHCb": 2.6015408039093018,
      "total": 2.332469940185547
    }
  },
  "3800": {
    "training_loss": 7899.4189453125,
    "validation_loss": [
      3035.042724609375
    ],
    "validation_chi2s": {
      "DEUTERON": 3.569304053463153,
      "NMC": 3.447391285615809,
      "NUCLEAR": 2.06215771484375,
      "HERACOMB": 2.3244253919015523,
      "DYE886": 2.0993832674893467,
      "CDF": 2.8855176653180803,
      "D0": 3.380033493041992,
      "ATLAS": 2.4494461495535713,
      "CMS": 2.452416396722561,
      "LHCb": 2.578763008117676,
      "total": 2.5769472122192383
    }
  },
  "3900": {
    "training_loss": 7906.44580078125,
    "validation_loss": [
      2760.18310546875
    ],
    "validation_chi2s": {
      "DEUTERON": 2.287406352028918,
      "NMC": 3.4567868101830577,
      "NUCLEAR": 2.0632626953125,
      "HERACOMB": 2.3085524615119484,
      "DYE886": 2.2674983631480825,
      "CDF": 2.907665797642299,
      "D0": 3.258279800415039,
      "ATLAS": 2.4113241141183037,
      "CMS": 2.387291885003811,
      "LHCb": 2.561981201171875,
      "total": 2.343858242034912
    }
  },
  "4000": {
    "training_loss": 7900.4580078125,
    "validation_loss": [
      2821.124755859375
    ],
    "validation_chi2s": {
      "DEUTERON": 2.6480725036924753,
      "NMC": 3.5793893851485907,
      "NUCLEAR": 2.059830810546875,
      "HERACOMB": 2.288234735626021,
      "DYE886": 2.2203454104336826,
      "CDF": 2.743006569998605,
      "D0": 3.218893814086914,
      "ATLAS": 2.3562430245535713,
      "CMS": 2.387846163617886,
      "LHCb": 2.6251909732818604,
      "total": 2.3961429595947266
    }
  },
  "4100": {
    "training_loss": 7941.681640625,
    "validation_loss": [
      2756.286865234375
    ],
    "validation_chi2s": {
      "DEUTERON": 2.2209468101387593,
      "NMC": 3.446157118853401,
      "NUCLEAR": 2.06684033203125,
      "HERACOMB": 2.312161514182496,
      "DYE886": 2.1141357421875,
      "CDF": 3.2293475014822826,
      "D0": 4.076837539672852,
      "ATLAS": 2.459026576450893,
      "CMS": 2.3319401934864077,
      "LHCb": 2.5370378494262695,
      "total": 2.3403775691986084
    }
  },
  "4200": {
    "training_loss": 7912.34619140625,
    "validation_loss": [
      2932.086181640625
    ],
    "validation_chi2s": {
      "DEUTERON": 3.1740989874844527,
      "NMC": 3.417917288985907,
      "NUCLEAR": 2.062162841796875,
      "HERACOMB": 2.2999810112847223,
      "DYE886": 2.0788116455078125,
      "CDF": 3.0659422193254744,
      "D0": 3.8054786682128907,
      "ATLAS": 2.433348911830357,
      "CMS": 2.326546521690803,
      "LHCb": 2.545583963394165,
      "total": 2.4896798133850098
    }
  },
  "4300": {
    "training_loss": 7918.0869140625,
    "validation_loss": [
      2755.86376953125
    ],
    "validation_chi2s": {
      "DEUTERON": 2.306993323179027,
      "NMC": 3.440669340245864,
      "NUCLEAR": 2.061836181640625,
      "HERACOMB": 2.297171399484273,
      "DYE886": 2.2012698433615943,
      "CDF": 2.945880889892578,
      "D0": 3.4771617889404296,
      "ATLAS": 2.4056501116071427,
      "CMS": 2.3534838668699187,
      "LHCb": 2.5896170139312744,
      "total": 2.3404664993286133
    }
  },
  "4400": {
    "training_loss": 7915.50390625,
    "validation_loss": [
      2788.716064453125
    ],
    "validation_chi2s": {
      "DEUTERON": 2.459452918512904,
      "NMC": 3.4176192938112746,
      "NUCLEAR": 2.062443603515625,
      "HERACOMB": 2.2942123911739176,
      "DYE886": 2.1575435291637075,
      "CDF": 3.0620972769601003,
      "D0": 3.7502105712890623,
      "ATLAS": 2.4273011997767857,
      "CMS": 2.3353251635543697,
      "LHCb": 2.584867477416992,
      "total": 2.3682494163513184
    }
  },
  "4500": {
    "training_loss": 7888.09716796875,
    "validation_loss": [
      2744.12841796875
    ],
    "validation_chi2s": {
      "DEUTERON": 2.210357969673119,
      "NMC": 3.3998140821269915,
      "NUCLEAR": 2.065283447265625,
      "HERACOMB": 2.3096578760084765,
      "DYE886": 2.319923747669567,
      "CDF": 2.891665049961635,
      "D0": 3.2438480377197267,
      "ATLAS": 2.4207868303571427,
      "CMS": 2.3647073885289633,
      "LHCb": 2.6284189224243164,
      "total": 2.330563545227051
    }
  },
  "4600": {
    "training_loss": 7941.23681640625,
    "validation_loss": [
      2780.52734375
    ],
    "validation_chi2s": {
      "DEUTERON": 2.4054771916783273,
      "NMC": 3.4365611356847428,
      "NUCLEAR": 2.063867919921875,
      "HERACOMB": 2.2933247884114585,
      "DYE886": 2.1727773492986504,
      "CDF": 3.053081512451172,
      "D0": 3.7440643310546875,
      "ATLAS": 2.4317476981026784,
      "CMS": 2.3133676420382367,
      "LHCb": 2.697375535964966,
      "total": 2.3615283966064453
    }
  },
  "4700": {
    "training_loss": 7885.3388671875,
    "validation_loss": [
      3369.681396484375
    ],
    "validation_chi2s": {
      "DEUTERON": 5.289415350007774,
      "NMC": 3.3688462201286766,
      "NUCLEAR": 2.06241455078125,
      "HERACOMB": 2.3188911388122957,
      "DYE886": 1.980530478737571,
      "CDF": 3.1771433694022044,
      "D0": 4.272424697875977,
      "ATLAS": 2.4819316755022323,
      "CMS": 2.317001218718242,
      "LHCb": 2.4901952743530273,
      "total": 2.861274242401123
    }
  },
  "4800": {
    "training_loss": 7899.53466796875,
    "validation_loss": [
      2762.810546875
    ],
    "validation_chi2s": {
      "DEUTERON": 2.3722594911186254,
      "NMC": 3.441635730219822,
      "NUCLEAR": 2.0620478515625,
      "HERACOMB": 2.286844290939032,
      "DYE886": 2.1980037689208984,
      "CDF": 2.8444933210100447,
      "D0": 3.447611999511719,
      "ATLAS": 2.3903695242745537,
      "CMS": 2.347947531599339,
      "LHCb": 2.6440014839172363,
      "total": 2.3467273712158203
    }
  },
  "4900": {
    "training_loss": 7913.68310546875,
    "validation_loss": [
      2770.969970703125
    ],
    "validation_chi2s": {
      "DEUTERON": 2.3954561907260574,
      "NMC": 3.417269837622549,
      "NUCLEAR": 2.061100830078125,
      "HERACOMB": 2.290533527050143,
      "DYE886": 2.1417810266668145,
      "CDF": 2.959484372820173,
      "D0": 3.5383632659912108,
      "ATLAS": 2.428521728515625,
      "CMS": 2.330309611995046,
      "LHCb": 2.607006788253784,
      "total": 2.353618621826172
    }
  },
  "5000": {
    "training_loss": 7884.833984375,
    "validation_loss": [
      2759.041748046875
    ],
    "validation_chi2s": {
      "DEUTERON": 2.2259835769881064,
      "NMC": 3.312381519990809,
      "NUCLEAR": 2.070578369140625,
      "HERACOMB": 2.3218575271905637,
      "DYE886": 2.193343075838956,
      "CDF": 3.079423631940569,
      "D0": 3.420742416381836,
      "ATLAS": 2.5094580078125,
      "CMS": 2.342592068803989,
      "LHCb": 2.5671796798706055,
      "total": 2.343201160430908
    }
  },
  "5100": {
    "training_loss": 7883.6357421875,
    "validation_loss": [
      2756.295166015625
    ],
    "validation_chi2s": {
      "DEUTERON": 2.3320807461714863,
      "NMC": 3.407412061504289,
      "NUCLEAR": 2.062857177734375,
      "HERACOMB": 2.294375351051879,
      "DYE886": 2.227841117165305,
      "CDF": 2.7961324964250838,
      "D0": 3.2687099456787108,
      "ATLAS": 2.4082992117745534,
      "CMS": 2.350780456046748,
      "LHCb": 2.612992525100708,
      "total": 2.341381311416626
    }
  },
  "5200": {
    "training_loss": 7876.5029296875,
    "validation_loss": [
      3169.055908203125
    ],
    "validation_chi2s": {
      "DEUTERON": 4.302905030511505,
      "NMC": 3.3121951234106923,
      "NUCLEAR": 2.063500244140625,
      "HERACOMB": 2.3162708157807392,
      "DYE886": 1.9567082144997336,
      "CDF": 3.1725878034319197,
      "D0": 4.213675689697266,
      "ATLAS": 2.5047574288504464,
      "CMS": 2.3040783889894563,
      "LHCb": 2.4991061687469482,
      "total": 2.6912128925323486
    }
  },
  "5300": {
    "training_loss": 7901.439453125,
    "validation_loss": [
      2765.549560546875
    ],
    "validation_chi2s": {
      "DEUTERON": 2.3998850352728547,
      "NMC": 3.3395864449295343,
      "NUCLEAR": 2.06045361328125,
      "HERACOMB": 2.285711749706393,
      "DYE886": 2.129446203058416,
      "CDF": 2.936887468610491,
      "D0": 3.4863937377929686,
      "ATLAS": 2.4547342354910713,
      "CMS": 2.3029800042873476,
      "LHCb": 2.577141761779785,
      "total": 2.3490405082702637
    }
  },
  "5400": {
    "training_loss": 7878.9111328125,
    "validation_loss": [
      2764.315673828125
    ],
    "validation_chi2s": {
      "DEUTERON": 2.327787484695662,
      "NMC": 3.5085117115693936,
      "NUCLEAR": 2.06704736328125,
      "HERACOMB": 2.274072185840482,
      "DYE886": 2.3405236330899326,
      "CDF": 2.8217130388532365,
      "D0": 3.1911474227905274,
      "ATLAS": 2.4003383091517856,
      "CMS": 2.3805462596862297,
      "LHCb": 2.763730525970459,
      "total": 2.3482651710510254
    }
  },
  "5500": {
    "training_loss": 7892.63671875,
    "validation_loss": [
      2759.526611328125
    ],
    "validation_chi2s": {
      "DEUTERON": 2.3323206355915733,
      "NMC": 3.3133111093558516,
      "NUCLEAR": 2.066151611328125,
      "HERACOMB": 2.2946817236008985,
      "DYE886": 2.0971208052201704,
      "CDF": 3.0495194026402066,
      "D0": 3.6476970672607423,
      "ATLAS": 2.4637704031808036,
      "CMS": 2.3162283548494664,
      "LHCb": 2.5733768939971924,
      "total": 2.343967914581299
    }
  },
  "5600": {
    "training_loss": 7883.533203125,
    "validation_loss": [
      2783.50634765625
    ],
    "validation_chi2s": {
      "DEUTERON": 2.5128359059196206,
      "NMC": 3.4518196255553004,
      "NUCLEAR": 2.0662685546875,
      "HERACOMB": 2.258617924708946,
      "DYE886": 2.1651684154163706,
      "CDF": 2.7321602957589284,
      "D0": 3.363055419921875,
      "ATLAS": 2.3980412946428573,
      "CMS": 2.3391753406059452,
      "LHCb": 2.7015950679779053,
      "total": 2.3645224571228027
    }
  },
  "5700": {
    "training_loss": 7875.1640625,
    "validation_loss": [
      2741.0009765625
    ],
    "validation_chi2s": {
      "DEUTERON": 2.2437848902460353,
      "NMC": 3.356997620825674,
      "NUCLEAR": 2.06814013671875,
      "HERACOMB": 2.282336465673509,
      "DYE886": 2.4231265674937856,
      "CDF": 2.8351306915283203,
      "D0": 3.3045291900634766,
      "ATLAS": 2.3975111607142856,
      "CMS": 2.3611308772389483,
      "LHCb": 2.6986777782440186,
      "total": 2.3281047344207764
    }
  },
  "5800": {
    "training_loss": 7889.71142578125,
    "validation_loss": [
      2756.260986328125
    ],
    "validation_chi2s": {
      "DEUTERON": 2.3315092627681904,
      "NMC": 3.387882008272059,
      "NUCLEAR": 2.0629033203125,
      "HERACOMB": 2.263327006421058,
      "DYE886": 2.2002135190096768,
      "CDF": 3.0452382223946706,
      "D0": 3.6902408599853516,
      "ATLAS": 2.4595098005022322,
      "CMS": 2.321613094670986,
      "LHCb": 2.6125473976135254,
      "total": 2.3414759635925293
    }
  },
  "5900": {
    "training_loss": 7879.87353515625,
    "validation_loss": [
      2783.235595703125
    ],
    "validation_chi2s": {
      "DEUTERON": 2.501920026333178,
      "NMC": 3.4302000157973347,
      "NUCLEAR": 2.063391845703125,
      "HERACOMB": 2.257394429125817,
      "DYE886": 2.249641765247692,
      "CDF": 2.881671905517578,
      "D0": 3.3562576293945314,
      "ATLAS": 2.410233851841518,
      "CMS": 2.3475354202394563,
      "LHCb": 2.641059160232544,
      "total": 2.364243745803833
    }
  },
  "6000": {
    "training_loss": 7885.94482421875,
    "validation_loss": [
      2739.5625
    ],
    "validation_chi2s": {
      "DEUTERON": 2.283037176179649,
      "NMC": 3.3626164455039826,
      "NUCLEAR": 2.063798095703125,
      "HERACOMB": 2.2689127205244075,
      "DYE886": 2.3131980895996094,
      "CDF": 2.728242874145508,
      "D0": 3.1383495330810547,
      "ATLAS": 2.418364083426339,
      "CMS": 2.3346733775565296,
      "LHCb": 2.7167129516601562,
      "total": 2.327362537384033
    }
  },
  "6100": {
    "training_loss": 7868.54248046875,
    "validation_loss": [
      2784.354736328125
    ],
    "validation_chi2s": {
      "DEUTERON": 2.421484951949238,
      "NMC": 3.2781270345052085,
      "NUCLEAR": 2.068345947265625,
      "HERACOMB": 2.311718710107741,
      "DYE886": 2.0541797984730112,
      "CDF": 3.0058285849434987,
      "D0": 3.9100513458251953,
      "ATLAS": 2.4815719168526784,
      "CMS": 2.3065550269150155,
      "LHCb": 2.5435094833374023,
      "total": 2.364555835723877
    }
  },
  "6200": {
    "training_loss": 7874.2939453125,
    "validation_loss": [
      2762.6513671875
    ],
    "validation_chi2s": {
      "DEUTERON": 2.348679879411536,
      "NMC": 3.383474013384651,
      "NUCLEAR": 2.074133544921875,
      "HERACOMB": 2.2822891933466094,
      "DYE886": 2.176062497225675,
      "CDF": 2.6949926103864397,
      "D0": 3.2493968963623048,
      "ATLAS": 2.391871337890625,
      "CMS": 2.377314373729675,
      "LHCb": 2.8346097469329834,
      "total": 2.3470542430877686
    }
  },
  "6300": {
    "training_loss": 7895.44384765625,
    "validation_loss": [
      2738.6689453125
    ],
    "validation_chi2s": {
      "DEUTERON": 2.2533050081623136,
      "NMC": 3.3548981909658395,
      "NUCLEAR": 2.06892919921875,
      "HERACOMB": 2.2703632030611725,
      "DYE886": 2.2958939292214136,
      "CDF": 2.9211651938302174,
      "D0": 3.5390811920166017,
      "ATLAS": 2.432788609095982,
      "CMS": 2.319854736328125,
      "LHCb": 2.657102346420288,
      "total": 2.3266215324401855
    }
  },
  "6400": {
    "training_loss": 7880.3505859375,
    "validation_loss": [
      2760.471923828125
    ],
    "validation_chi2s": {
      "DEUTERON": 2.377582606984608,
      "NMC": 3.298910103592218,
      "NUCLEAR": 2.065398681640625,
      "HERACOMB": 2.286245308670343,
      "DYE886": 2.1691096912730825,
      "CDF": 2.82760865347726,
      "D0": 3.4752193450927735,
      "ATLAS": 2.443805454799107,
      "CMS": 2.3171572801543445,
      "LHCb": 2.584369659423828,
      "total": 2.34470796585083
    }
  },
  "6500": {
    "training_loss": 7872.25927734375,
    "validation_loss": [
      2752.70361328125
    ],
    "validation_chi2s": {
      "DEUTERON": 2.3698124672049907,
      "NMC": 3.3613442813648895,
      "NUCLEAR": 2.062773193359375,
      "HERACOMB": 2.261058333652471,
      "DYE886": 2.1912914622913706,
      "CDF": 2.695694787161691,
      "D0": 3.1832836151123045,
      "ATLAS": 2.421717006138393,
      "CMS": 2.339913469019944,
      "LHCb": 2.709681749343872,
      "total": 2.3386309146881104
    }
  },
  "6600": {
    "training_loss": 7862.11865234375,
    "validation_loss": [
      2760.89208984375
    ],
    "validation_chi2s": {
      "DEUTERON": 2.3282654415908737,
      "NMC": 3.2322935216567097,
      "NUCLEAR": 2.066693603515625,
      "HERACOMB": 2.29472301208895,
      "DYE886": 2.0533755909312856,
      "CDF": 3.058412551879883,
      "D0": 3.726686477661133,
      "ATLAS": 2.5180104282924107,
      "CMS": 2.2966105143229165,
      "LHCb": 2.559025764465332,
      "total": 2.345421552658081
    }
  },
  "6700": {
    "training_loss": 7856.9990234375,
    "validation_loss": [
      2842.78564453125
    ],
    "validation_chi2s": {
      "DEUTERON": 2.7401044095926617,
      "NMC": 3.2468755385454964,
      "NUCLEAR": 2.068272705078125,
      "HERACOMB": 2.299615598192402,
      "DYE886": 2.016950087113814,
      "CDF": 2.925500052315848,
      "D0": 3.8086212158203123,
      "ATLAS": 2.5008401925223214,
      "CMS": 2.3070276772103657,
      "LHCb": 2.514348030090332,
      "total": 2.414537191390991
    }
  },
  "6800": {
    "training_loss": 7878.67724609375,
    "validation_loss": [
      2780.2578125
    ],
    "validation_chi2s": {
      "DEUTERON": 2.471289639449238,
      "NMC": 3.3398970061657476,
      "NUCLEAR": 2.073177734375,
      "HERACOMB": 2.262347053079044,
      "DYE886": 2.0612016157670454,
      "CDF": 2.8224078587123325,
      "D0": 3.37982292175293,
      "ATLAS": 2.435354875837054,
      "CMS": 2.349070727340574,
      "LHCb": 2.7615604400634766,
      "total": 2.3619632720947266
    }
  },
  "6900": {
    "training_loss": 7863.51220703125,
    "validation_loss": [
      2749.84814453125
    ],
    "validation_chi2s": {
      "DEUTERON": 2.2920023600260415,
      "NMC": 3.260008269665288,
      "NUCLEAR": 2.066056396484375,
      "HERACOMB": 2.284118452882455,
      "DYE886": 2.1518083052201704,
      "CDF": 3.0749476296561107,
      "D0": 3.6465225219726562,
      "ATLAS": 2.4948704310825893,
      "CMS": 2.3012660577045225,
      "LHCb": 2.560762643814087,
      "total": 2.3358871936798096
    }
  },
  "7000": {
    "training_loss": 7867.87255859375,
    "validation_loss": [
      2919.154541015625
    ],
    "validation_chi2s": {
      "DEUTERON": 3.194708828902363,
      "NMC": 3.2911975337009802,
      "NUCLEAR": 2.063956298828125,
      "HERACOMB": 2.2690684997957518,
      "DYE886": 2.043678110296076,
      "CDF": 2.880493709019252,
      "D0": 3.5595062255859373,
      "ATLAS": 2.4612234933035713,
      "CMS": 2.321393020753938,
      "LHCb": 2.5416107177734375,
      "total": 2.479700803756714
    }
  },
  "7100": {
    "training_loss": 7855.5517578125,
    "validation_loss": [
      2744.946044921875
    ],
    "validation_chi2s": {
      "DEUTERON": 2.237060546875,
      "NMC": 3.2444200702742036,
      "NUCLEAR": 2.0690771484375,
      "HERACOMB": 2.292076360166462,
      "DYE886": 2.097354542125355,
      "CDF": 2.9933319091796875,
      "D0": 3.6498313903808595,
      "ATLAS": 2.5225948660714286,
      "CMS": 2.3032640906853405,
      "LHCb": 2.579573392868042,
      "total": 2.331907272338867
    }
  },
  "7200": {
    "training_loss": 7880.1943359375,
    "validation_loss": [
      2774.393310546875
    ],
    "validation_chi2s": {
      "DEUTERON": 2.5237850360016325,
      "NMC": 3.373407999674479,
      "NUCLEAR": 2.060995361328125,
      "HERACOMB": 2.2369823580473858,
      "DYE886": 2.288347764448686,
      "CDF": 2.632196698869978,
      "D0": 2.857986259460449,
      "ATLAS": 2.4098573521205355,
      "CMS": 2.335871998856707,
      "LHCb": 2.7732813358306885,
      "total": 2.357027530670166
    }
  },
  "7300": {
    "training_loss": 7869.4150390625,
    "validation_loss": [
      2772.028076171875
    ],
    "validation_chi2s": {
      "DEUTERON": 2.40233494393268,
      "NMC": 3.2599364635991117,
      "NUCLEAR": 2.067093017578125,
      "HERACOMB": 2.2752739401424633,
      "DYE886": 2.0459123091264204,
      "CDF": 3.085372652326311,
      "D0": 3.5852119445800783,
      "ATLAS": 2.535699986049107,
      "CMS": 2.289906323440676,
      "LHCb": 2.558407783508301,
      "total": 2.3550281524658203
    }
  },
  "7400": {
    "training_loss": 7849.66015625,
    "validation_loss": [
      2735.586181640625
    ],
    "validation_chi2s": {
      "DEUTERON": 2.226952396222015,
      "NMC": 3.192318785424326,
      "NUCLEAR": 2.06914453125,
      "HERACOMB": 2.291769189772263,
      "DYE886": 2.2080083326859907,
      "CDF": 2.9198989868164062,
      "D0": 3.239236068725586,
      "ATLAS": 2.5022708565848215,
      "CMS": 2.304851252858232,
      "LHCb": 2.6073367595672607,
      "total": 2.323899507522583
    }
  },
  "7500": {
    "training_loss": 7874.2607421875,
    "validation_loss": [
      2760.97802734375
    ],
    "validation_chi2s": {
      "DEUTERON": 2.4424515909223414,
      "NMC": 3.3073176963656556,
      "NUCLEAR": 2.0613837890625,
      "HERACOMB": 2.255965887331495,
      "DYE886": 2.14748798717152,
      "CDF": 2.7493487766810825,
      "D0": 3.1874608993530273,
      "ATLAS": 2.4356138392857143,
      "CMS": 2.329661547653074,
      "LHCb": 2.6375460624694824,
      "total": 2.3456451892852783
    }
  },
  "7600": {
    "training_loss": 7862.06396484375,
    "validation_loss": [
      2737.639892578125
    ],
    "validation_chi2s": {
      "DEUTERON": 2.3138254649603547,
      "NMC": 3.287365483302696,
      "NUCLEAR": 2.063444091796875,
      "HERACOMB": 2.2618645562065973,
      "DYE886": 2.2432913346724077,
      "CDF": 2.7454071044921875,
      "D0": 2.981306457519531,
      "ATLAS": 2.4325748116629464,
      "CMS": 2.333356159489329,
      "LHCb": 2.6795222759246826,
      "total": 2.3258774280548096
    }
  },
  "7700": {
    "training_loss": 7871.74755859375,
    "validation_loss": [
      2729.54736328125
    ],
    "validation_chi2s": {
      "DEUTERON": 2.249711373552161,
      "NMC": 3.335612876742494,
      "NUCLEAR": 2.065862060546875,
      "HERACOMB": 2.2574085908777572,
      "DYE886": 2.237274343317205,
      "CDF": 2.7915526798793246,
      "D0": 3.0699047088623046,
      "ATLAS": 2.4467027064732143,
      "CMS": 2.3368468245839686,
      "LHCb": 2.6520261764526367,
      "total": 2.3190064430236816
    }
  },
  "7800": {
    "training_loss": 7861.771484375,
    "validation_loss": [
      2754.92919921875
    ],
    "validation_chi2s": {
      "DEUTERON": 2.2972140335918065,
      "NMC": 3.22820177265242,
      "NUCLEAR": 2.070990234375,
      "HERACOMB": 2.2898356119791665,
      "DYE886": 2.097524816339666,
      "CDF": 3.06857054574149,
      "D0": 3.407455062866211,
      "ATLAS": 2.5414078194754466,
      "CMS": 2.2883084925209602,
      "LHCb": 2.5648491382598877,
      "total": 2.3405258655548096
    }
  },
  "7900": {
    "training_loss": 7847.068359375,
    "validation_loss": [
      2730.74853515625
    ],
    "validation_chi2s": {
      "DEUTERON": 2.2593153009367226,
      "NMC": 3.311373841528799,
      "NUCLEAR": 2.065526123046875,
      "HERACOMB": 2.2667413848677493,
      "DYE886": 2.358279835094105,
      "CDF": 2.6593949454171315,
      "D0": 2.755026626586914,
      "ATLAS": 2.420112827845982,
      "CMS": 2.345472878556911,
      "LHCb": 2.7384567260742188,
      "total": 2.32004976272583
    }
  },
  "8000": {
    "training_loss": 7851.1162109375,
    "validation_loss": [
      2764.583984375
    ],
    "validation_chi2s": {
      "DEUTERON": 2.4420742964863185,
      "NMC": 3.3014484480315565,
      "NUCLEAR": 2.06136865234375,
      "HERACOMB": 2.2682259752859477,
      "DYE886": 2.1341285705566406,
      "CDF": 2.7725917271205356,
      "D0": 3.2352508544921874,
      "ATLAS": 2.436577322823661,
      "CMS": 2.3350222207666413,
      "LHCb": 2.610003709793091,
      "total": 2.348759889602661
    }
  },
  "8100": {
    "training_loss": 7844.33349609375,
    "validation_loss": [
      2781.23046875
    ],
    "validation_chi2s": {
      "DEUTERON": 2.5592311270794466,
      "NMC": 3.3023454254748774,
      "NUCLEAR": 2.0610556640625,
      "HERACOMB": 2.269476597605188,
      "DYE886": 2.1453716971657495,
      "CDF": 2.614818845476423,
      "D0": 2.963645362854004,
      "ATLAS": 2.394376220703125,
      "CMS": 2.357561809260671,
      "LHCb": 2.6381378173828125,
      "total": 2.362874746322632
    }
  },
  "8200": {
    "training_loss": 7846.37939453125,
    "validation_loss": [
      2751.341796875
    ],
    "validation_chi2s": {
      "DEUTERON": 2.383822161166822,
      "NMC": 3.3038662181181064,
      "NUCLEAR": 2.06314990234375,
      "HERACOMB": 2.272633072597529,
      "DYE886": 2.153257716785778,
      "CDF": 2.6400977543422153,
      "D0": 2.966128349304199,
      "ATLAS": 2.414043666294643,
      "CMS": 2.3601205717257367,
      "LHCb": 2.6299428939819336,
      "total": 2.337538719177246
    }
  },
  "8300": {
    "training_loss": 7877.5361328125,
    "validation_loss": [
      2757.72802734375
    ],
    "validation_chi2s": {
      "DEUTERON": 2.446158793435168,
      "NMC": 3.315338134765625,
      "NUCLEAR": 2.0603193359375,
      "HERACOMB": 2.2536605136846406,
      "DYE886": 2.1513111808083276,
      "CDF": 2.66997800554548,
      "D0": 3.021699333190918,
      "ATLAS": 2.4084531947544643,
      "CMS": 2.356097213621062,
      "LHCb": 2.64583683013916,
      "total": 2.3429412841796875
    }
  },
  "8400": {
    "training_loss": 7887.3623046875,
    "validation_loss": [
      2769.53173828125
    ],
    "validation_chi2s": {
      "DEUTERON": 2.469261814705768,
      "NMC": 3.3410441080729165,
      "NUCLEAR": 2.06683251953125,
      "HERACOMB": 2.2574103860294117,
      "DYE886": 2.167185523293235,
      "CDF": 2.7259859357561385,
      "D0": 3.2144802093505858,
      "ATLAS": 2.423876778738839,
      "CMS": 2.3369535120522102,
      "LHCb": 2.648287534713745,
      "total": 2.3529856204986572
    }
  },
  "8500": {
    "training_loss": 7858.2841796875,
    "validation_loss": [
      2763.51806640625
    ],
    "validation_chi2s": {
      "DEUTERON": 2.3889861605060636,
      "NMC": 3.290594362745098,
      "NUCLEAR": 2.06902734375,
      "HERACOMB": 2.26129110498366,
      "DYE886": 2.0755963758988814,
      "CDF": 3.053070068359375,
      "D0": 3.7522762298583983,
      "ATLAS": 2.491963588169643,
      "CMS": 2.3101630482247204,
      "LHCb": 2.5447254180908203,
      "total": 2.34787654876709
    }
  },
  "8600": {
    "training_loss": 7831.7685546875,
    "validation_loss": [
      2867.22216796875
    ],
    "validation_chi2s": {
      "DEUTERON": 2.8791139517257465,
      "NMC": 3.2510998295802698,
      "NUCLEAR": 2.068333984375,
      "HERACOMB": 2.281412162032782,
      "DYE886": 2.003710313276811,
      "CDF": 2.934779575892857,
      "D0": 3.6972484588623047,
      "ATLAS": 2.494320591517857,
      "CMS": 2.341751967019182,
      "LHCb": 2.529153347015381,
      "total": 2.4356632232666016
    }
  },
  "8700": {
    "training_loss": 7873.94677734375,
    "validation_loss": [
      2742.92333984375
    ],
    "validation_chi2s": {
      "DEUTERON": 2.400605918163091,
      "NMC": 3.2575441248276653,
      "NUCLEAR": 2.0642373046875,
      "HERACOMB": 2.2580765867544934,
      "DYE886": 2.1075605912642046,
      "CDF": 2.5310867854527066,
      "D0": 3.110199737548828,
      "ATLAS": 2.4081302315848214,
      "CMS": 2.333147994871062,
      "LHCb": 2.6121506690979004,
      "total": 2.3303842544555664
    }
  },
  "8800": {
    "training_loss": 7833.04150390625,
    "validation_loss": [
      2769.2451171875
    ],
    "validation_chi2s": {
      "DEUTERON": 2.4393914825287624,
      "NMC": 3.302962658452053,
      "NUCLEAR": 2.06311572265625,
      "HERACOMB": 2.2799309624565973,
      "DYE886": 2.1196243979714136,
      "CDF": 2.591540200369699,
      "D0": 3.0279808044433594,
      "ATLAS": 2.4134306989397323,
      "CMS": 2.3988079288141515,
      "LHCb": 2.6410677433013916,
      "total": 2.3527414798736572
    }
  },
  "8900": {
    "training_loss": 7840.4287109375,
    "validation_loss": [
      2777.82275390625
    ],
    "validation_chi2s": {
      "DEUTERON": 2.4720773269881064,
      "NMC": 3.200650682636336,
      "NUCLEAR": 2.067590576171875,
      "HERACOMB": 2.2621651443780637,
      "DYE886": 2.0306920138272373,
      "CDF": 3.0903173174176897,
      "D0": 3.8089595794677735,
      "ATLAS": 2.49999755859375,
      "CMS": 2.324436094702744,
      "LHCb": 2.521432638168335,
      "total": 2.3600075244903564
    }
  },
  "9000": {
    "training_loss": 7838.75048828125,
    "validation_loss": [
      2753.2158203125
    ],
    "validation_chi2s": {
      "DEUTERON": 2.3580840001651895,
      "NMC": 3.1811391793045343,
      "NUCLEAR": 2.071982421875,
      "HERACOMB": 2.272366991230086,
      "DYE886": 2.0511242259632456,
      "CDF": 2.9550718579973494,
      "D0": 3.5112606048583985,
      "ATLAS": 2.4949489048549105,
      "CMS": 2.3104295187849337,
      "LHCb": 2.5573153495788574,
      "total": 2.339089870452881
    }
  },
  "9100": {
    "training_loss": 7837.16845703125,
    "validation_loss": [
      2764.826904296875
    ],
    "validation_chi2s": {
      "DEUTERON": 2.410093696556281,
      "NMC": 3.212564505782782,
      "NUCLEAR": 2.06752392578125,
      "HERACOMB": 2.2580191419015523,
      "DYE886": 2.037215146151456,
      "CDF": 3.11581175667899,
      "D0": 3.6534725189208985,
      "ATLAS": 2.5064290945870535,
      "CMS": 2.31997581419906,
      "LHCb": 2.5471279621124268,
      "total": 2.3489878177642822
    }
  },
  "9200": {
    "training_loss": 7854.6689453125,
    "validation_loss": [
      2728.50048828125
    ],
    "validation_chi2s": {
      "DEUTERON": 2.231811827094994,
      "NMC": 3.3130535050934435,
      "NUCLEAR": 2.069990966796875,
      "HERACOMB": 2.2621465944776347,
      "DYE886": 2.306618430397727,
      "CDF": 2.6461685725620816,
      "D0": 3.0127649307250977,
      "ATLAS": 2.4447474888392855,
      "CMS": 2.3483546807513975,
      "LHCb": 2.6601414680480957,
      "total": 2.318159580230713
    }
  },
  "9300": {
    "training_loss": 7858.91796875,
    "validation_loss": [
      2739.673095703125
    ],
    "validation_chi2s": {
      "DEUTERON": 2.379294779763293,
      "NMC": 3.3096002316942403,
      "NUCLEAR": 2.06288232421875,
      "HERACOMB": 2.2306065777548,
      "DYE886": 2.136721871115945,
      "CDF": 2.6646131787981306,
      "D0": 3.1661725997924806,
      "ATLAS": 2.42117919921875,
      "CMS": 2.3455130724402946,
      "LHCb": 2.6503782272338867,
      "total": 2.3276569843292236
    }
  },
  "9400": {
    "training_loss": 7846.04541015625,
    "validation_loss": [
      2743.19091796875
    ],
    "validation_chi2s": {
      "DEUTERON": 2.2944220547652363,
      "NMC": 3.3071731866574754,
      "NUCLEAR": 2.06969580078125,
      "HERACOMB": 2.266577028760723,
      "DYE886": 2.130616448142312,
      "CDF": 2.88375118800572,
      "D0": 3.4225830078125,
      "ATLAS": 2.4540033830915178,
      "CMS": 2.3366969659076475,
      "LHCb": 2.616262674331665,
      "total": 2.330256223678589
    }
  },
  "9500": {
    "training_loss": 7852.22705078125,
    "validation_loss": [
      2785.82763671875
    ],
    "validation_chi2s": {
      "DEUTERON": 2.47820164315143,
      "NMC": 3.3374747482000613,
      "NUCLEAR": 2.062945068359375,
      "HERACOMB": 2.2676519256791257,
      "DYE886": 2.0095830397172407,
      "CDF": 2.5434180668422153,
      "D0": 3.2226577758789063,
      "ATLAS": 2.45814697265625,
      "CMS": 2.4238221703506095,
      "LHCb": 2.664043426513672,
      "total": 2.3668344020843506
    }
  },
  "9600": {
    "training_loss": 7927.109375,
    "validation_loss": [
      2724.3798828125
    ],
    "validation_chi2s": {
      "DEUTERON": 2.288485247104322,
      "NMC": 3.3074625052657782,
      "NUCLEAR": 2.063820556640625,
      "HERACOMB": 2.232955234502655,
      "DYE886": 2.3235686909068716,
      "CDF": 2.568117141723633,
      "D0": 2.8680673599243165,
      "ATLAS": 2.4025369698660715,
      "CMS": 2.3381647869823423,
      "LHCb": 2.8325283527374268,
      "total": 2.314664840698242
    }
  },
  "9700": {
    "training_loss": 7874.208984375,
    "validation_loss": [
      2727.080322265625
    ],
    "validation_chi2s": {
      "DEUTERON": 2.2669935843244713,
      "NMC": 3.2912313423904718,
      "NUCLEAR": 2.0639931640625,
      "HERACOMB": 2.253652335771548,
      "DYE886": 2.126116319136186,
      "CDF": 2.627502986363002,
      "D0": 3.0877424240112306,
      "ATLAS": 2.439449288504464,
      "CMS": 2.3525854591431656,
      "LHCb": 2.6757354736328125,
      "total": 2.3169703483581543
    }
  },
  "9800": {
    "training_loss": 7858.44189453125,
    "validation_loss": [
      2738.00732421875
    ],
    "validation_chi2s": {
      "DEUTERON": 2.340686855031483,
      "NMC": 3.321658863740809,
      "NUCLEAR": 2.06136083984375,
      "HERACOMB": 2.2560983296313317,
      "DYE886": 2.145113164728338,
      "CDF": 2.634479522705078,
      "D0": 3.0303070068359377,
      "ATLAS": 2.4114559500558035,
      "CMS": 2.362928437023628,
      "LHCb": 2.6196329593658447,
      "total": 2.3262524604797363
    }
  },
  "9900": {
    "training_loss": 7870.92236328125,
    "validation_loss": [
      2753.69873046875
    ],
    "validation_chi2s": {
      "DEUTERON": 2.291599710189288,
      "NMC": 3.1822722191904105,
      "NUCLEAR": 2.075490478515625,
      "HERACOMB": 2.282174104179432,
      "DYE886": 2.087593425403942,
      "CDF": 3.035055160522461,
      "D0": 3.419630432128906,
      "ATLAS": 2.501028355189732,
      "CMS": 2.3336390053353657,
      "LHCb": 2.7195656299591064,
      "total": 2.3391993045806885
    }
  },
  "10000": {
    "training_loss": 7852.55615234375,
    "validation_loss": [
      2894.398681640625
    ],
    "validation_chi2s": {
      "DEUTERON": 3.015867318680037,
      "NMC": 3.298947801776961,
      "NUCLEAR": 2.0722119140625,
      "HERACOMB": 2.2759758444393383,
      "DYE886": 2.0232904607599433,
      "CDF": 3.114813668387277,
      "D0": 3.8873809814453124,
      "ATLAS": 2.481065673828125,
      "CMS": 2.3104483751746696,
      "LHCb": 2.5324277877807617,
      "total": 2.458399534225464
    }
  },
  "10100": {
    "training_loss": 7906.80810546875,
    "validation_loss": [
      2744.357177734375
    ],
    "validation_chi2s": {
      "DEUTERON": 2.333202305124767,
      "NMC": 3.301797305836397,
      "NUCLEAR": 2.065176025390625,
      "HERACOMB": 2.2324747322431575,
      "DYE886": 2.245138341730291,
      "CDF": 2.9316458020891463,
      "D0": 3.0551305770874024,
      "ATLAS": 2.46462890625,
      "CMS": 2.35204681148374,
      "LHCb": 2.7021729946136475,
      "total": 2.3316428661346436
    }
  },
  "10200": {
    "training_loss": 7837.14404296875,
    "validation_loss": [
      2786.879150390625
    ],
    "validation_chi2s": {
      "DEUTERON": 2.535215766868781,
      "NMC": 3.172409656001072,
      "NUCLEAR": 2.067544677734375,
      "HERACOMB": 2.2604595508450775,
      "DYE886": 1.9935673800381748,
      "CDF": 2.9098145621163503,
      "D0": 3.4813186645507814,
      "ATLAS": 2.5362086704799105,
      "CMS": 2.3073085381732725,
      "LHCb": 2.5066869258880615,
      "total": 2.3677549362182617
    }
  },
  "10300": {
    "training_loss": 7837.38232421875,
    "validation_loss": [
      2798.26416015625
    ],
    "validation_chi2s": {
      "DEUTERON": 2.5462379265780473,
      "NMC": 3.1638010062423407,
      "NUCLEAR": 2.067555419921875,
      "HERACOMB": 2.2768179700265523,
      "DYE886": 2.0005257346413354,
      "CDF": 3.0959104810442244,
      "D0": 3.849483108520508,
      "ATLAS": 2.544037911551339,
      "CMS": 2.2951335131637447,
      "LHCb": 2.4907288551330566,
      "total": 2.377342700958252
    }
  },
  "10400": {
    "training_loss": 7852.490234375,
    "validation_loss": [
      2764.3984375
    ],
    "validation_chi2s": {
      "DEUTERON": 2.4315197693174753,
      "NMC": 3.219283459233303,
      "NUCLEAR": 2.061670166015625,
      "HERACOMB": 2.2414738274867236,
      "DYE886": 2.0382471951571377,
      "CDF": 3.0752904074532643,
      "D0": 3.4001792907714843,
      "ATLAS": 2.5261321149553573,
      "CMS": 2.344611191168064,
      "LHCb": 2.4792468547821045,
      "total": 2.3486781120300293
    }
  },
  "10500": {
    "training_loss": 7851.9990234375,
    "validation_loss": [
      2751.625
    ],
    "validation_chi2s": {
      "DEUTERON": 2.442145200511116,
      "NMC": 3.3207134172028185,
      "NUCLEAR": 2.058439453125,
      "HERACOMB": 2.2373427846073324,
      "DYE886": 2.2122256539084693,
      "CDF": 2.6961762564522878,
      "D0": 2.9043373107910155,
      "ATLAS": 2.4180936104910713,
      "CMS": 2.365250998396214,
      "LHCb": 2.5462567806243896,
      "total": 2.33782696723938
    }
  },
  "10600": {
    "training_loss": 7864.8193359375,
    "validation_loss": [
      2766.228271484375
    ],
    "validation_chi2s": {
      "DEUTERON": 2.4582155142257465,
      "NMC": 3.2377376182406556,
      "NUCLEAR": 2.0619130859375,
      "HERACOMB": 2.2392085455601514,
      "DYE886": 2.1560544100674717,
      "CDF": 3.094402585710798,
      "D0": 3.3356800079345703,
      "ATLAS": 2.5015696498325894,
      "CMS": 2.33401390013656,
      "LHCb": 2.4691715240478516,
      "total": 2.350233554840088
    }
  },
  "10700": {
    "training_loss": 7841.28857421875,
    "validation_loss": [
      2765.33056640625
    ],
    "validation_chi2s": {
      "DEUTERON": 2.4055429335257306,
      "NMC": 3.1686428294462314,
      "NUCLEAR": 2.059958740234375,
      "HERACOMB": 2.2519244025735294,
      "DYE886": 2.137860731645064,
      "CDF": 3.2729786464146207,
      "D0": 3.587746810913086,
      "ATLAS": 2.5523568289620537,
      "CMS": 2.323091832602896,
      "LHCb": 2.434685707092285,
      "total": 2.349471092224121
    }
  },
  "10800": {
    "training_loss": 7855.09375,
    "validation_loss": [
      2713.595947265625
    ],
    "validation_chi2s": {
      "DEUTERON": 2.1975589581389925,
      "NMC": 3.208294438380821,
      "NUCLEAR": 2.062240966796875,
      "HERACOMB": 2.2414139890982434,
      "DYE886": 2.490663008256392,
      "CDF": 2.8971056256975447,
      "D0": 2.9222312927246095,
      "ATLAS": 2.468762381417411,
      "CMS": 2.3534570709476625,
      "LHCb": 2.5305116176605225,
      "total": 2.3054771423339844
    }
  },
  "10900": {
    "training_loss": 7880.3515625,
    "validation_loss": [
      2726.427490234375
    ],
    "validation_chi2s": {
      "DEUTERON": 2.277783446050995,
      "NMC": 3.195416618795956,
      "NUCLEAR": 2.061787109375,
      "HERACOMB": 2.2213633418862337,
      "DYE886": 2.056435324928977,
      "CDF": 3.023572104317801,
      "D0": 3.4722179412841796,
      "ATLAS": 2.5504537527901787,
      "CMS": 2.3023617131923273,
      "LHCb": 2.4933571815490723,
      "total": 2.3164150714874268
    }
  },
  "11000": {
    "training_loss": 7899.05859375,
    "validation_loss": [
      2716.4873046875
    ],
    "validation_chi2s": {
      "DEUTERON": 2.2298632569574006,
      "NMC": 3.237070420209099,
      "NUCLEAR": 2.0590498046875,
      "HERACOMB": 2.2380500743591707,
      "DYE886": 2.258530009876598,
      "CDF": 2.6911634717668806,
      "D0": 3.1113876342773437,
      "ATLAS": 2.4625174386160715,
      "CMS": 2.3691197837271343,
      "LHCb": 2.550201177597046,
      "total": 2.3079755306243896
    }
  },
  "11100": {
    "training_loss": 7862.85205078125,
    "validation_loss": [
      2768.867431640625
    ],
    "validation_chi2s": {
      "DEUTERON": 2.52722410894745,
      "NMC": 3.2252469530292585,
      "NUCLEAR": 2.061296630859375,
      "HERACOMB": 2.2172689998851105,
      "DYE886": 2.1249339363791724,
      "CDF": 2.9791197095598494,
      "D0": 3.4003448486328125,
      "ATLAS": 2.5047633579799107,
      "CMS": 2.297558792238313,
      "LHCb": 2.501866579055786,
      "total": 2.352478265762329
    }
  },
  "11200": {
    "training_loss": 7851.04931640625,
    "validation_loss": [
      2730.319091796875
    ],
    "validation_chi2s": {
      "DEUTERON": 2.3008910221840018,
      "NMC": 3.3385407690908395,
      "NUCLEAR": 2.061427734375,
      "HERACOMB": 2.2299738865272674,
      "DYE886": 2.1689456592906606,
      "CDF": 2.7389109475272044,
      "D0": 3.021649169921875,
      "ATLAS": 2.455852748325893,
      "CMS": 2.3655856993140243,
      "LHCb": 2.5624217987060547,
      "total": 2.3197264671325684
    }
  },
  "11300": {
    "training_loss": 7859.0224609375,
    "validation_loss": [
      2732.40869140625
    ],
    "validation_chi2s": {
      "DEUTERON": 2.2981351785991917,
      "NMC": 3.2277703378714766,
      "NUCLEAR": 2.0564560546875,
      "HERACOMB": 2.244821984783497,
      "DYE886": 2.059831445867365,
      "CDF": 2.931753158569336,
      "D0": 3.365264892578125,
      "ATLAS": 2.513431396484375,
      "CMS": 2.3320649930132116,
      "LHCb": 2.4578239917755127,
      "total": 2.3215014934539795
    }
  },
  "11400": {
    "training_loss": 7852.19287109375,
    "validation_loss": [
      2756.017822265625
    ],
    "validation_chi2s": {
      "DEUTERON": 2.429839936061878,
      "NMC": 3.1553332758884802,
      "NUCLEAR": 2.05966650390625,
      "HERACOMB": 2.2616533266952614,
      "DYE886": 2.0596948103471235,
      "CDF": 2.8248983110700334,
      "D0": 2.9768135070800783,
      "ATLAS": 2.5088673618861606,
      "CMS": 2.3142330510829523,
      "LHCb": 2.5361223220825195,
      "total": 2.3415603637695312
    }
  },
  "11500": {
    "training_loss": 7840.8857421875,
    "validation_loss": [
      2738.013916015625
    ],
    "validation_chi2s": {
      "DEUTERON": 2.3127077017257465,
      "NMC": 3.1806748334099266,
      "NUCLEAR": 2.060903564453125,
      "HERACOMB": 2.2631241542841094,
      "DYE886": 2.0472453724254263,
      "CDF": 2.9632132393973216,
      "D0": 3.472563552856445,
      "ATLAS": 2.5190879603794643,
      "CMS": 2.3058409652089686,
      "LHCb": 2.444878339767456,
      "total": 2.3262641429901123
    }
  },
  "11600": {
    "training_loss": 7839.888671875,
    "validation_loss": [
      2741.8603515625
    ],
    "validation_chi2s": {
      "DEUTERON": 2.3848536856731966,
      "NMC": 3.2472677791819855,
      "NUCLEAR": 2.0578544921875,
      "HERACOMB": 2.242115494472529,
      "DYE886": 2.0978918942538174,
      "CDF": 2.7831736973353793,
      "D0": 2.9572607040405274,
      "ATLAS": 2.482884521484375,
      "CMS": 2.3316791813548017,
      "LHCb": 2.492310047149658,
      "total": 2.329465627670288
    }
  },
  "11700": {
    "training_loss": 7868.47265625,
    "validation_loss": [
      2784.1689453125
    ],
    "validation_chi2s": {
      "DEUTERON": 2.570853313996424,
      "NMC": 3.2989519904641544,
      "NUCLEAR": 2.055578369140625,
      "HERACOMB": 2.2452398561963847,
      "DYE886": 2.0216941833496094,
      "CDF": 2.8314386095319475,
      "D0": 3.214131164550781,
      "ATLAS": 2.4851011439732145,
      "CMS": 2.326617233152312,
      "LHCb": 2.5221035480499268,
      "total": 2.3654532432556152
    }
  },
  "11800": {
    "training_loss": 7849.4912109375,
    "validation_loss": [
      2735.628173828125
    ],
    "validation_chi2s": {
      "DEUTERON": 2.2798803528743004,
      "NMC": 3.2876652736289826,
      "NUCLEAR": 2.0560703125,
      "HERACOMB": 2.2674422918581496,
      "DYE886": 2.1243322545831855,
      "CDF": 2.7909439631870816,
      "D0": 3.2081024169921877,
      "ATLAS": 2.4717576381138393,
      "CMS": 2.34102897333905,
      "LHCb": 2.593336343765259,
      "total": 2.3242359161376953
    }
  },
  "11900": {
    "training_loss": 7896.173828125,
    "validation_loss": [
      2704.28759765625
    ],
    "validation_chi2s": {
      "DEUTERON": 2.21851466544232,
      "NMC": 3.302963855219822,
      "NUCLEAR": 2.062615234375,
      "HERACOMB": 2.2224009395424837,
      "DYE886": 2.287548065185547,
      "CDF": 2.653153828212193,
      "D0": 2.5621307373046873,
      "ATLAS": 2.441710379464286,
      "CMS": 2.3333487161775914,
      "LHCb": 2.6680822372436523,
      "total": 2.297604560852051
    }
  },
  "12000": {
    "training_loss": 7882.294921875,
    "validation_loss": [
      2711.817138671875
    ],
    "validation_chi2s": {
      "DEUTERON": 2.1763580474094373,
      "NMC": 3.3048517563763786,
      "NUCLEAR": 2.06723046875,
      "HERACOMB": 2.2437333250357434,
      "DYE886": 2.2656735506924717,
      "CDF": 2.9962866646902904,
      "D0": 2.8970712661743163,
      "ATLAS": 2.506300048828125,
      "CMS": 2.3082245617378048,
      "LHCb": 2.50396728515625,
      "total": 2.304006814956665
    }
  },
  "12100": {
    "training_loss": 7844.6103515625,
    "validation_loss": [
      2722.680908203125
    ],
    "validation_chi2s": {
      "DEUTERON": 2.2607912281852456,
      "NMC": 3.2815138872931984,
      "NUCLEAR": 2.06193701171875,
      "HERACOMB": 2.250824373531965,
      "DYE886": 1.9958385120738635,
      "CDF": 2.868844985961914,
      "D0": 2.967616081237793,
      "ATLAS": 2.486229422433036,
      "CMS": 2.3371060999428352,
      "LHCb": 2.513895034790039,
      "total": 2.313235282897949
    }
  },
  "12200": {
    "training_loss": 7853.6201171875,
    "validation_loss": [
      2711.25830078125
    ],
    "validation_chi2s": {
      "DEUTERON": 2.2515031045942164,
      "NMC": 3.2594631419462314,
      "NUCLEAR": 2.058274658203125,
      "HERACOMB": 2.245157279220282,
      "DYE886": 2.117096640846946,
      "CDF": 2.8392641884940013,
      "D0": 2.9433719635009767,
      "ATLAS": 2.457948521205357,
      "CMS": 2.309147532393293,
      "LHCb": 2.526069402694702,
      "total": 2.3035316467285156
    }
  },
  "12300": {
    "training_loss": 7829.2529296875,
    "validation_loss": [
      2734.38330078125
    ],
    "validation_chi2s": {
      "DEUTERON": 2.2653507972831157,
      "NMC": 3.2784070781632964,
      "NUCLEAR": 2.0611337890625,
      "HERACOMB": 2.2646037581699345,
      "DYE886": 2.1002573533491655,
      "CDF": 2.9616925375802174,
      "D0": 3.0532367706298826,
      "ATLAS": 2.4808682686941963,
      "CMS": 2.361280487804878,
      "LHCb": 2.547971487045288,
      "total": 2.323178291320801
    }
  },
  "12400": {
    "training_loss": 7852.375,
    "validation_loss": [
      2709.23046875
    ],
    "validation_chi2s": {
      "DEUTERON": 2.170020108199238,
      "NMC": 3.245997709386489,
      "NUCLEAR": 2.066472412109375,
      "HERACOMB": 2.2450449825112337,
      "DYE886": 2.5047035217285156,
      "CDF": 2.872279848371233,
      "D0": 2.5780773162841797,
      "ATLAS": 2.4875702776227677,
      "CMS": 2.310261796160442,
      "LHCb": 2.607110023498535,
      "total": 2.3018064498901367
    }
  },
  "12500": {
    "training_loss": 7848.419921875,
    "validation_loss": [
      2713.984130859375
    ],
    "validation_chi2s": {
      "DEUTERON": 2.1631712652557527,
      "NMC": 3.3255752862668504,
      "NUCLEAR": 2.071072998046875,
      "HERACOMB": 2.2447100869970384,
      "DYE886": 2.7232430197975854,
      "CDF": 2.7767434801374162,
      "D0": 2.5422128677368163,
      "ATLAS": 2.427401820591518,
      "CMS": 2.3279126175050813,
      "LHCb": 2.775930881500244,
      "total": 2.305675983428955
    }
  },
  "12600": {
    "training_loss": 7843.736328125,
    "validation_loss": [
      2720.929443359375
    ],
    "validation_chi2s": {
      "DEUTERON": 2.312534616954291,
      "NMC": 3.254892685834099,
      "NUCLEAR": 2.052921875,
      "HERACOMB": 2.240207447725184,
      "DYE886": 2.0729683962735264,
      "CDF": 2.7397054944719588,
      "D0": 2.9927188873291017,
      "ATLAS": 2.481360909598214,
      "CMS": 2.294659622316438,
      "LHCb": 2.505697011947632,
      "total": 2.3117477893829346
    }
  },
  "12700": {
    "training_loss": 7837.0029296875,
    "validation_loss": [
      2753.710693359375
    ],
    "validation_chi2s": {
      "DEUTERON": 2.32039160277713,
      "NMC": 3.206085205078125,
      "NUCLEAR": 2.059957763671875,
      "HERACOMB": 2.2943290760314543,
      "DYE886": 2.0189503756436435,
      "CDF": 3.166706085205078,
      "D0": 3.700638198852539,
      "ATLAS": 2.5300732421875,
      "CMS": 2.292952622824568,
      "LHCb": 2.44877028465271,
      "total": 2.3396005630493164
    }
  },
  "12800": {
    "training_loss": 7866.4267578125,
    "validation_loss": [
      2704.015625
    ],
    "validation_chi2s": {
      "DEUTERON": 2.2069290692533428,
      "NMC": 3.2551191741344976,
      "NUCLEAR": 2.052899169921875,
      "HERACOMB": 2.247015460643893,
      "DYE886": 2.136845675381747,
      "CDF": 2.7237047467912947,
      "D0": 2.925786018371582,
      "ATLAS": 2.472664097377232,
      "CMS": 2.2878668560245172,
      "LHCb": 2.6294384002685547,
      "total": 2.297379493713379
    }
  },
  "12900": {
    "training_loss": 7962.8134765625,
    "validation_loss": [
      2710.60693359375
    ],
    "validation_chi2s": {
      "DEUTERON": 2.1977637751185477,
      "NMC": 3.322574391084559,
      "NUCLEAR": 2.05490185546875,
      "HERACOMB": 2.2496455572789014,
      "DYE886": 2.0392386696555396,
      "CDF": 2.6549085889543806,
      "D0": 3.0515060424804688,
      "ATLAS": 2.441707240513393,
      "CMS": 2.342921559403582,
      "LHCb": 2.7451348304748535,
      "total": 2.3029770851135254
    }
  },
  "13000": {
    "training_loss": 7845.1259765625,
    "validation_loss": [
      2713.7421875
    ],
    "validation_chi2s": {
      "DEUTERON": 2.2380223819865517,
      "NMC": 3.4326599719477633,
      "NUCLEAR": 2.060574951171875,
      "HERACOMB": 2.2416092617059844,
      "DYE886": 2.1708816181529653,
      "CDF": 2.6599698747907365,
      "D0": 2.767496109008789,
      "ATLAS": 2.3915157645089287,
      "CMS": 2.3623322277534298,
      "LHCb": 2.6444191932678223,
      "total": 2.305643081665039
    }
  },
  "13100": {
    "training_loss": 7869.158203125,
    "validation_loss": [
      2725.6748046875
    ],
    "validation_chi2s": {
      "DEUTERON": 2.3365358570914956,
      "NMC": 3.254464542164522,
      "NUCLEAR": 2.05558984375,
      "HERACOMB": 2.248444002438215,
      "DYE886": 2.10550932450728,
      "CDF": 2.670147214617048,
      "D0": 2.9050249099731444,
      "ATLAS": 2.4328203473772323,
      "CMS": 2.298663379700203,
      "LHCb": 2.674699544906616,
      "total": 2.315781593322754
    }
  },
  "13200": {
    "training_loss": 7964.4658203125,
    "validation_loss": [
      2704.8564453125
    ],
    "validation_chi2s": {
      "DEUTERON": 2.1762379508706466,
      "NMC": 3.2454881855085786,
      "NUCLEAR": 2.061020263671875,
      "HERACOMB": 2.240304784837112,
      "DYE886": 2.123002832586115,
      "CDF": 2.919680731637137,
      "D0": 2.9066944122314453,
      "ATLAS": 2.5046011788504465,
      "CMS": 2.301979126969004,
      "LHCb": 2.6082754135131836,
      "total": 2.298093318939209
    }
  },
  "13300": {
    "training_loss": 7866.80322265625,
    "validation_loss": [
      2719.3720703125
    ],
    "validation_chi2s": {
      "DEUTERON": 2.297870844750855,
      "NMC": 3.253093345492494,
      "NUCLEAR": 2.056076171875,
      "HERACOMB": 2.2453172471788196,
      "DYE886": 2.0183837197043677,
      "CDF": 2.7085843767438615,
      "D0": 2.9939205169677736,
      "ATLAS": 2.4537595912388395,
      "CMS": 2.3171180787125256,
      "LHCb": 2.587155818939209,
      "total": 2.310426712036133
    }
  },
  "13400": {
    "training_loss": 7890.263671875,
    "validation_loss": [
      2702.178466796875
    ],
    "validation_chi2s": {
      "DEUTERON": 2.2073200282765857,
      "NMC": 3.314083922143076,
      "NUCLEAR": 2.055409912109375,
      "HERACOMB": 2.227785596660539,
      "DYE886": 2.3551536906849253,
      "CDF": 2.763037545340402,
      "D0": 2.6883901596069335,
      "ATLAS": 2.4261500767299107,
      "CMS": 2.3358523981357977,
      "LHCb": 2.6252026557922363,
      "total": 2.29581618309021
    }
  },
  "13500": {
    "training_loss": 7884.6943359375,
    "validation_loss": [
      2707.345703125
    ],
    "validation_chi2s": {
      "DEUTERON": 2.1530578005966263,
      "NMC": 3.2275997984643077,
      "NUCLEAR": 2.06203857421875,
      "HERACOMB": 2.269338769850388,
      "DYE886": 2.37520356611772,
      "CDF": 2.8535259791782925,
      "D0": 2.85203857421875,
      "ATLAS": 2.4669430106026784,
      "CMS": 2.3060784068534046,
      "LHCb": 2.620257616043091,
      "total": 2.300135850906372
    }
  },
  "13600": {
    "training_loss": 7862.85546875,
    "validation_loss": [
      2709.619384765625
    ],
    "validation_chi2s": {
      "DEUTERON": 2.2443703418940455,
      "NMC": 3.3030024509803924,
      "NUCLEAR": 2.052625732421875,
      "HERACOMB": 2.237186406952104,
      "DYE886": 2.1288909912109375,
      "CDF": 2.7875848497663225,
      "D0": 3.053470802307129,
      "ATLAS": 2.439235665457589,
      "CMS": 2.330882250778074,
      "LHCb": 2.5582528114318848,
      "total": 2.302140235900879
    }
  },
  "13700": {
    "training_loss": 8399.73828125,
    "validation_loss": [
      2752.58984375
    ],
    "validation_chi2s": {
      "DEUTERON": 2.4477242996443564,
      "NMC": 3.2530750947840072,
      "NUCLEAR": 2.048607177734375,
      "HERACOMB": 2.248432633144404,
      "DYE886": 2.0326961170543325,
      "CDF": 2.790582929338728,
      "D0": 3.3723758697509765,
      "ATLAS": 2.4657179478236606,
      "CMS": 2.3077970675336634,
      "LHCb": 2.5355288982391357,
      "total": 2.338611364364624
    }
  },
  "13800": {
    "training_loss": 7853.724609375,
    "validation_loss": [
      2714.83837890625
    ],
    "validation_chi2s": {
      "DEUTERON": 2.2050555025167133,
      "NMC": 3.235790776271446,
      "NUCLEAR": 2.058314208984375,
      "HERACOMB": 2.2687369951235703,
      "DYE886": 2.0098563107577236,
      "CDF": 2.7614408220563615,
      "D0": 3.4237640380859373,
      "ATLAS": 2.4858475167410714,
      "CMS": 2.3077303258384148,
      "LHCb": 2.53519344329834,
      "total": 2.306574583053589
    }
  },
  "13900": {
    "training_loss": 7846.767578125,
    "validation_loss": [
      2710.8232421875
    ],
    "validation_chi2s": {
      "DEUTERON": 2.2677021690862094,
      "NMC": 3.421390608245251,
      "NUCLEAR": 2.050332763671875,
      "HERACOMB": 2.216556125217014,
      "DYE886": 2.154599970037287,
      "CDF": 2.583611079624721,
      "D0": 2.6451568603515625,
      "ATLAS": 2.401071951729911,
      "CMS": 2.383084428988821,
      "LHCb": 2.638432741165161,
      "total": 2.303163528442383
    }
  },
  "14000": {
    "training_loss": 8340.017578125,
    "validation_loss": [
      2723.83154296875
    ],
    "validation_chi2s": {
      "DEUTERON": 2.2469783042793843,
      "NMC": 3.4283330580767464,
      "NUCLEAR": 2.0526484375,
      "HERACOMB": 2.250434626161663,
      "DYE886": 2.1202739368785513,
      "CDF": 2.457035337175642,
      "D0": 2.6018747329711913,
      "ATLAS": 2.3920950753348214,
      "CMS": 2.4461233247586383,
      "LHCb": 2.6935513019561768,
      "total": 2.3142144680023193
    }
  },
  "14100": {
    "training_loss": 7840.59326171875,
    "validation_loss": [
      2754.970947265625
    ],
    "validation_chi2s": {
      "DEUTERON": 2.2097354718108675,
      "NMC": 3.1949474858302698,
      "NUCLEAR": 2.053387939453125,
      "HERACOMB": 2.3155288197635824,
      "DYE886": 2.005217118696733,
      "CDF": 3.3942677634102956,
      "D0": 3.7100013732910155,
      "ATLAS": 2.5634232003348214,
      "CMS": 2.3906780956237297,
      "LHCb": 2.4464335441589355,
      "total": 2.340620994567871
    }
  },
  "14200": {
    "training_loss": 7880.5419921875,
    "validation_loss": [
      2705.87548828125
    ],
    "validation_chi2s": {
      "DEUTERON": 2.2589270748309236,
      "NMC": 3.263986624923407,
      "NUCLEAR": 2.059118896484375,
      "HERACOMB": 2.2186903610728144,
      "DYE886": 2.0742386904629795,
      "CDF": 2.7667922973632812,
      "D0": 3.102777290344238,
      "ATLAS": 2.437787388392857,
      "CMS": 2.3322523163586126,
      "LHCb": 2.5675058364868164,
      "total": 2.298959493637085
    }
  },
  "14300": {
    "training_loss": 8747.66455078125,
    "validation_loss": [
      2713.052734375
    ],
    "validation_chi2s": {
      "DEUTERON": 2.221116402849036,
      "NMC": 3.250345566693474,
      "NUCLEAR": 2.054532958984375,
      "HERACOMB": 2.2373519598268996,
      "DYE886": 2.112141349098899,
      "CDF": 2.832720620291574,
      "D0": 3.289174270629883,
      "ATLAS": 2.469195556640625,
      "CMS": 2.348956348450203,
      "LHCb": 2.5737216472625732,
      "total": 2.3050575256347656
    }
  },
  "14400": {
    "training_loss": 7892.01171875,
    "validation_loss": [
      2737.13134765625
    ],
    "validation_chi2s": {
      "DEUTERON": 2.3500830806902986,
      "NMC": 3.218730552523744,
      "NUCLEAR": 2.056931884765625,
      "HERACOMB": 2.2270625494664014,
      "DYE886": 2.0149730335582388,
      "CDF": 2.918532235281808,
      "D0": 3.405156707763672,
      "ATLAS": 2.499651576450893,
      "CMS": 2.292310016911204,
      "LHCb": 2.709109306335449,
      "total": 2.325515031814575
    }
  },
  "14500": {
    "training_loss": 7860.0302734375,
    "validation_loss": [
      2714.7265625
    ],
    "validation_chi2s": {
      "DEUTERON": 2.2447392857489894,
      "NMC": 3.2911445767271754,
      "NUCLEAR": 2.057022216796875,
      "HERACOMB": 2.255886701197406,
      "DYE886": 2.166716142134233,
      "CDF": 2.6463402339390347,
      "D0": 2.9912776947021484,
      "ATLAS": 2.4215611049107144,
      "CMS": 2.3488327894753556,
      "LHCb": 2.5731518268585205,
      "total": 2.3064770698547363
    }
  },
  "14600": {
    "training_loss": 8429.16015625,
    "validation_loss": [
      2723.2919921875
    ],
    "validation_chi2s": {
      "DEUTERON": 2.2752942137457244,
      "NMC": 3.2549620983647367,
      "NUCLEAR": 2.05367236328125,
      "HERACOMB": 2.2548319498697915,
      "DYE886": 1.9504202062433416,
      "CDF": 2.7195565359933034,
      "D0": 3.6129573822021483,
      "ATLAS": 2.4652423967633927,
      "CMS": 2.328492203379065,
      "LHCb": 2.5166425704956055,
      "total": 2.313648223876953
    }
  },
  "14700": {
    "training_loss": 7940.349609375,
    "validation_loss": [
      2711.122802734375
    ],
    "validation_chi2s": {
      "DEUTERON": 2.202442681611474,
      "NMC": 3.289228551528033,
      "NUCLEAR": 2.06706787109375,
      "HERACOMB": 2.2260580623851105,
      "DYE886": 2.337977322665128,
      "CDF": 2.6893275124686107,
      "D0": 2.8820945739746096,
      "ATLAS": 2.422214878627232,
      "CMS": 2.3554918242663874,
      "LHCb": 2.813831090927124,
      "total": 2.303415298461914
    }
  },
  "14800": {
    "training_loss": 8026.869140625,
    "validation_loss": [
      2711.865234375
    ],
    "validation_chi2s": {
      "DEUTERON": 2.213086484083489,
      "NMC": 3.28468292834712,
      "NUCLEAR": 2.060352294921875,
      "HERACOMB": 2.22819588854422,
      "DYE886": 2.451513810591264,
      "CDF": 2.7828192029680525,
      "D0": 2.7057558059692384,
      "ATLAS": 2.4486849539620534,
      "CMS": 2.352704055910188,
      "LHCb": 2.6320886611938477,
      "total": 2.304048538208008
    }
  },
  "14900": {
    "training_loss": 7860.607421875,
    "validation_loss": [
      2706.597900390625
    ],
    "validation_chi2s": {
      "DEUTERON": 2.2271280620821674,
      "NMC": 3.2186431884765625,
      "NUCLEAR": 2.056249755859375,
      "HERACOMB": 2.244268878612643,
      "DYE886": 2.0609893798828125,
      "CDF": 2.742687497820173,
      "D0": 3.069738578796387,
      "ATLAS": 2.46567626953125,
      "CMS": 2.319000244140625,
      "LHCb": 2.5630383491516113,
      "total": 2.2995736598968506
    }
  },
  "15000": {
    "training_loss": 7846.1494140625,
    "validation_loss": [
      2726.178955078125
    ],
    "validation_chi2s": {
      "DEUTERON": 2.1903038214688277,
      "NMC": 3.2041063495710786,
      "NUCLEAR": 2.060722412109375,
      "HERACOMB": 2.2902935751123366,
      "DYE886": 2.065445986661044,
      "CDF": 3.0619618552071706,
      "D0": 3.565504455566406,
      "ATLAS": 2.513661934988839,
      "CMS": 2.318244996109629,
      "LHCb": 2.4670116901397705,
      "total": 2.316209554672241
    }
  },
  "15100": {
    "training_loss": 7869.19140625,
    "validation_loss": [
      2743.220703125
    ],
    "validation_chi2s": {
      "DEUTERON": 2.200666588930348,
      "NMC": 3.303221160290288,
      "NUCLEAR": 2.059368896484375,
      "HERACOMB": 2.255423352609273,
      "DYE886": 2.0566964582963423,
      "CDF": 3.0498180389404297,
      "D0": 3.7789947509765627,
      "ATLAS": 2.58669677734375,
      "CMS": 2.3481554481072155,
      "LHCb": 2.548114538192749,
      "total": 2.330688714981079
    }
  },
  "15200": {
    "training_loss": 7866.240234375,
    "validation_loss": [
      2718.428466796875
    ],
    "validation_chi2s": {
      "DEUTERON": 2.185771581545398,
      "NMC": 3.209910374061734,
      "NUCLEAR": 2.066702880859375,
      "HERACOMB": 2.2651165731592116,
      "DYE886": 2.0349034396084873,
      "CDF": 2.8611267634800504,
      "D0": 3.5493392944335938,
      "ATLAS": 2.5292171805245536,
      "CMS": 2.2850406305576727,
      "LHCb": 2.550605297088623,
      "total": 2.3096249103546143
    }
  },
  "15300": {
    "training_loss": 7864.998046875,
    "validation_loss": [
      2738.075927734375
    ],
    "validation_chi2s": {
      "DEUTERON": 2.2647615499164333,
      "NMC": 3.2289671056410847,
      "NUCLEAR": 2.05991259765625,
      "HERACOMB": 2.2824872584124796,
      "DYE886": 2.0009510733864526,
      "CDF": 2.79647091456822,
      "D0": 3.8438724517822265,
      "ATLAS": 2.5107207380022323,
      "CMS": 2.295427275866997,
      "LHCb": 2.521435260772705,
      "total": 2.3260395526885986
    }
  },
  "15400": {
    "training_loss": 7919.6796875,
    "validation_loss": [
      2739.461669921875
    ],
    "validation_chi2s": {
      "DEUTERON": 2.283185968351601,
      "NMC": 3.3457988664215685,
      "NUCLEAR": 2.075232177734375,
      "HERACOMB": 2.1916316412632764,
      "DYE886": 2.8809200633655894,
      "CDF": 2.6319778987339566,
      "D0": 2.590842437744141,
      "ATLAS": 2.4202694266183036,
      "CMS": 2.3759063472592734,
      "LHCb": 3.030050754547119,
      "total": 2.3274948596954346
    }
  },
  "15500": {
    "training_loss": 7857.576171875,
    "validation_loss": [
      2736.697265625
    ],
    "validation_chi2s": {
      "DEUTERON": 2.2674801954582557,
      "NMC": 3.1987211937997855,
      "NUCLEAR": 2.060193115234375,
      "HERACOMB": 2.2867166357102735,
      "DYE886": 1.8922131278298118,
      "CDF": 2.9384607587541853,
      "D0": 3.9010669708251955,
      "ATLAS": 2.5180691964285713,
      "CMS": 2.3055529090447155,
      "LHCb": 2.4172616004943848,
      "total": 2.3249683380126953
    }
  },
  "15600": {
    "training_loss": 7871.22607421875,
    "validation_loss": [
      2708.06103515625
    ],
    "validation_chi2s": {
      "DEUTERON": 2.205156164975902,
      "NMC": 3.359653547698376,
      "NUCLEAR": 2.061835693359375,
      "HERACOMB": 2.236929700265523,
      "DYE886": 2.325448989868164,
      "CDF": 2.548987797328404,
      "D0": 2.941468620300293,
      "ATLAS": 2.41785888671875,
      "CMS": 2.3449607787093494,
      "LHCb": 2.6109423637390137,
      "total": 2.300816535949707
    }
  }
}