{
  "100": {
    "training_loss": 284.30450439453125,
    "validation_loss": [
      115.685302734375
    ],
    "validation_chi2s": {
      "DEUTERON": 2.4746017456054688,
      "ATLAS": 1.518294247713956,
      "total": 2.268339157104492
    }
  },
  "200": {
    "training_loss": 254.28369140625,
    "validation_loss": [
      111.12738800048828
    ],
    "validation_chi2s": {
      "DEUTERON": 2.2547887802124023,
      "ATLAS": 1.9032580635764382,
      "total": 2.1789684295654297
    }
  },
  "300": {
    "training_loss": 262.5484924316406,
    "validation_loss": [
      99.0774917602539
    ],
    "validation_chi2s": {
      "DEUTERON": 1.9699848175048829,
      "ATLAS": 1.8434638977050781,
      "total": 1.9426960945129395
    }
  }
}