{
  "100": {
    "training_loss": 7211.5,
    "validation_loss": [
      5850.390625
    ],
    "validation_chi2s": {
      "DEUTERON": 100.67293090820313,
      "ATLAS": 70.32636052911931,
      "total": 94.12759399414062
    }
  },
  "200": {
    "training_loss": 1107.84375,
    "validation_loss": [
      452.674560546875
    ],
    "validation_chi2s": {
      "DEUTERON": 10.27524642944336,
      "ATLAS": 3.7877009998668325,
      "total": 8.875971794128418
    }
  },
  "300": {
    "training_loss": 237.1561279296875,
    "validation_loss": [
      108.6436996459961
    ],
    "validation_chi2s": {
      "DEUTERON": 1.5120928764343262,
      "ATLAS": 4.37818076393821,
      "total": 2.1302688121795654
    }
  },
  "400": {
    "training_loss": 220.89724731445312,
    "validation_loss": [
      119.86414337158203
    ],
    "validation_chi2s": {
      "DEUTERON": 1.9962602615356446,
      "ATLAS": 3.637612082741477,
      "total": 2.3502774238586426
    }
  },
  "500": {
    "training_loss": 221.3707733154297,
    "validation_loss": [
      121.29936218261719
    ],
    "validation_chi2s": {
      "DEUTERON": 1.830296516418457,
      "ATLAS": 4.371591394597834,
      "total": 2.3784189224243164
    }
  },
  "600": {
    "training_loss": 221.81982421875,
    "validation_loss": [
      121.29862976074219
    ],
    "validation_chi2s": {
      "DEUTERON": 1.820472526550293,
      "ATLAS": 4.407248063520952,
      "total": 2.3784046173095703
    }
  },
  "700": {
    "training_loss": 219.71177673339844,
    "validation_loss": [
      115.31603240966797
    ],
    "validation_chi2s": {
      "DEUTERON": 1.7193895339965821,
      "ATLAS": 4.23095009543679,
      "total": 2.261098623275757
    }
  },
  "800": {
    "training_loss": 219.5002899169922,
    "validation_loss": [
      122.77684783935547
    ],
    "validation_chi2s": {
      "DEUTERON": 1.7920654296875,
      "ATLAS": 4.644930059259588,
      "total": 2.4073891639709473
    }
  },
  "900": {
    "training_loss": 218.93544006347656,
    "validation_loss": [
      105.60630798339844
    ],
    "validation_chi2s": {
      "DEUTERON": 1.710757064819336,
      "ATLAS": 3.3796383250843394,
      "total": 2.070711851119995
    }
  }
}