{
  "100": {
    "training_loss": 68088.0,
    "validation_loss": [
      36863.30859375
    ],
    "validation_chi2s": {
      "DEUTERON": 53.4658543221393,
      "NMC": 30.511639763327207,
      "NUCLEAR": 5.048541015625,
      "HERACOMB": 27.570357179330067,
      "DYE886": 20.42397516424006,
      "CDF": 39.60408238002232,
      "D0": 10.182117462158203,
      "ATLAS": 26.3567578125,
      "CMS": 28.504880859375,
      "LHCb": 49.6491813659668,
      "total": 27.64553451538086
    }
  },
  "200": {
    "training_loss": 35713.95703125,
    "validation_loss": [
      16498.287109375
    ],
    "validation_chi2s": {
      "DEUTERON": 15.421893219449627,
      "NMC": 7.61044371361826,
      "NUCLEAR": 8.475072265625,
      "HERACOMB": 8.245317446640115,
      "DYE886": 65.91237571022727,
      "CDF": 10.730730329241071,
      "D0": 27.511602783203124,
      "ATLAS": 11.845775669642856,
      "CMS": 5.93379248046875,
      "LHCb": 10.239256858825684,
      "total": 11.08775520324707
    }
  },
  "300": {
    "training_loss": 27279.44140625,
    "validation_loss": [
      12150.8056640625
    ],
    "validation_chi2s": {
      "DEUTERON": 21.55117479011194,
      "NMC": 3.973620844822304,
      "NUCLEAR": 7.8783076171875,
      "HERACOMB": 4.953803966247958,
      "DYE886": 48.77419766512784,
      "CDF": 9.504338945661273,
      "D0": 28.462417602539062,
      "ATLAS": 7.713993443080357,
      "CMS": 4.557587890625,
      "LHCb": 9.363282203674316,
      "total": 9.892570495605469
    }
  },
  "400": {
    "training_loss": 24681.0859375,
    "validation_loss": [
      11135.1728515625
    ],
    "validation_chi2s": {
      "DEUTERON": 19.567939113028608,
      "NMC": 3.7259644153071383,
      "NUCLEAR": 7.30312744140625,
      "HERACOMB": 4.5853008195465685,
      "DYE886": 41.42747636274858,
      "CDF": 9.620091029575892,
      "D0": 32.646307373046874,
      "ATLAS": 7.030696149553571,
      "CMS": 4.2357607421875,
      "LHCb": 12.547069549560547,
      "total": 9.176098823547363
    }
  },
  "500": {
    "training_loss": 23991.810546875,
    "validation_loss": [
      11328.255859375
    ],
    "validation_chi2s": {
      "DEUTERON": 21.479953746890548,
      "NMC": 3.6600979075712314,
      "NUCLEAR": 7.2600751953125,
      "HERACOMB": 4.33737042994281,
      "DYE886": 39.95195978338068,
      "CDF": 9.713097708565849,
      "D0": 32.03511352539063,
      "ATLAS": 6.753600027901785,
      "CMS": 4.12832275390625,
      "LHCb": 12.726631164550781,
      "total": 9.345927238464355
    }
  },
  "600": {
    "training_loss": 23100.1328125,
    "validation_loss": [
      11657.6015625
    ],
    "validation_chi2s": {
      "DEUTERON": 24.447766052549753,
      "NMC": 3.6171623678768383,
      "NUCLEAR": 7.190115234375,
      "HERACOMB": 4.154780369178922,
      "DYE886": 37.557775324041195,
      "CDF": 9.722719464983259,
      "D0": 32.14362487792969,
      "ATLAS": 6.496768275669643,
      "CMS": 4.0816904296875,
      "LHCb": 12.812118530273438,
      "total": 9.703365325927734
    }
  },
  "700": {
    "training_loss": 22771.6015625,
    "validation_loss": [
      10929.599609375
    ],
    "validation_chi2s": {
      "DEUTERON": 21.61542385727612,
      "NMC": 3.6055716720281863,
      "NUCLEAR": 7.2225771484375,
      "HERACOMB": 3.9736459769454657,
      "DYE886": 37.54880593039773,
      "CDF": 9.812116350446429,
      "D0": 30.967108154296874,
      "ATLAS": 6.336561802455357,
      "CMS": 4.065077392578125,
      "LHCb": 11.964469909667969,
      "total": 9.121705055236816
    }
  },
  "800": {
    "training_loss": 21774.30078125,
    "validation_loss": [
      10346.927734375
    ],
    "validation_chi2s": {
      "DEUTERON": 19.71444535136816,
      "NMC": 3.6064189836090685,
      "NUCLEAR": 7.0441142578125,
      "HERACOMB": 3.8124066521139706,
      "DYE886": 34.92986783114347,
      "CDF": 9.747241428920201,
      "D0": 30.63150634765625,
      "ATLAS": 6.233210100446429,
      "CMS": 4.050070068359375,
      "LHCb": 11.966273307800293,
      "total": 8.648982048034668
    }
  },
  "900": {
    "training_loss": 21182.669921875,
    "validation_loss": [
      9476.35546875
    ],
    "validation_chi2s": {
      "DEUTERON": 16.05278903334888,
      "NMC": 3.5738851509842218,
      "NUCLEAR": 7.02525146484375,
      "HERACOMB": 3.6348829082414214,
      "DYE886": 33.99339710582387,
      "CDF": 9.742303030831474,
      "D0": 29.93973388671875,
      "ATLAS": 6.130657784598214,
      "CMS": 4.05172998046875,
      "LHCb": 11.364298820495605,
      "total": 7.918492317199707
    }
  },
  "1000": {
    "training_loss": 20311.078125,
    "validation_loss": [
      10603.091796875
    ],
    "validation_chi2s": {
      "DEUTERON": 22.450654442630597,
      "NMC": 3.495974073223039,
      "NUCLEAR": 6.95873095703125,
      "HERACOMB": 3.4637132033803106,
      "DYE886": 31.634538130326703,
      "CDF": 9.896887642996651,
      "D0": 29.232827758789064,
      "ATLAS": 6.031161411830357,
      "CMS": 4.090413330078125,
      "LHCb": 11.23401165008545,
      "total": 8.884024620056152
    }
  },
  "1100": {
    "training_loss": 19867.267578125,
    "validation_loss": [
      9427.029296875
    ],
    "validation_chi2s": {
      "DEUTERON": 17.136774622978855,
      "NMC": 3.4532662185968137,
      "NUCLEAR": 6.834703125,
      "HERACOMB": 3.3097308788424225,
      "DYE886": 31.295415704900567,
      "CDF": 10.166342599051339,
      "D0": 27.7532958984375,
      "ATLAS": 6.068535853794643,
      "CMS": 4.1769638671875,
      "LHCb": 10.682465553283691,
      "total": 7.89246129989624
    }
  },
  "1200": {
    "training_loss": 19300.146484375,
    "validation_loss": [
      21186.138671875
    ],
    "validation_chi2s": {
      "DEUTERON": 75.93046972170399,
      "NMC": 3.4363056257659315,
      "NUCLEAR": 6.73744580078125,
      "HERACOMB": 3.1628575543173,
      "DYE886": 29.95301680131392,
      "CDF": 11.221082414899554,
      "D0": 24.18292236328125,
      "ATLAS": 6.262855050223214,
      "CMS": 4.57242138671875,
      "LHCb": 10.585752487182617,
      "total": 17.87541389465332
    }
  },
  "1300": {
    "training_loss": 18887.521484375,
    "validation_loss": [
      29074.01953125
    ],
    "validation_chi2s": {
      "DEUTERON": 115.67002876243781,
      "NMC": 3.364428950291054,
      "NUCLEAR": 6.6269140625,
      "HERACOMB": 3.026288200827206,
      "DYE886": 28.89900068803267,
      "CDF": 11.448867797851562,
      "D0": 23.6150390625,
      "ATLAS": 6.2746589006696425,
      "CMS": 4.653486328125,
      "LHCb": 10.362455368041992,
      "total": 24.56951141357422
    }
  },
  "1400": {
    "training_loss": 18693.943359375,
    "validation_loss": [
      49962.7109375
    ],
    "validation_chi2s": {
      "DEUTERON": 220.01510027985074,
      "NMC": 3.2817448634727326,
      "NUCLEAR": 6.4904287109375,
      "HERACOMB": 2.929702260135825,
      "DYE886": 28.67795909534801,
      "CDF": 11.907468523297991,
      "D0": 21.647190856933594,
      "ATLAS": 6.303609095982143,
      "CMS": 4.8785380859375,
      "LHCb": 9.525397300720215,
      "total": 42.28837585449219
    }
  },
  "1500": {
    "training_loss": 18167.419921875,
    "validation_loss": [
      7213.703125
    ],
    "validation_chi2s": {
      "DEUTERON": 6.010648660991915,
      "NMC": 3.2719663732192097,
      "NUCLEAR": 6.70800390625,
      "HERACOMB": 2.8892142102609273,
      "DYE886": 38.56906960227273,
      "CDF": 11.644093104771205,
      "D0": 19.59986267089844,
      "ATLAS": 6.564013671875,
      "CMS": 5.14318896484375,
      "LHCb": 6.8028130531311035,
      "total": 5.997819423675537
    }
  },
  "1600": {
    "training_loss": 17633.978515625,
    "validation_loss": [
      8127.7236328125
    ],
    "validation_chi2s": {
      "DEUTERON": 10.363744024020523,
      "NMC": 3.291751038794424,
      "NUCLEAR": 6.25794091796875,
      "HERACOMB": 2.8861307381025325,
      "DYE886": 37.03938987038352,
      "CDF": 12.831224714006696,
      "D0": 19.369674682617188,
      "ATLAS": 6.910717075892857,
      "CMS": 5.7151708984375,
      "LHCb": 7.227093696594238,
      "total": 6.744744300842285
    }
  },
  "1700": {
    "training_loss": 17145.765625,
    "validation_loss": [
      6427.20166015625
    ],
    "validation_chi2s": {
      "DEUTERON": 5.323655161691542,
      "NMC": 3.547103582643995,
      "NUCLEAR": 5.23552001953125,
      "HERACOMB": 2.806936426100388,
      "DYE886": 28.40768710049716,
      "CDF": 9.817446027483259,
      "D0": 25.96900634765625,
      "ATLAS": 6.246741071428572,
      "CMS": 4.65894189453125,
      "LHCb": 9.174209594726562,
      "total": 5.378509521484375
    }
  },
  "1800": {
    "training_loss": 8254.2578125,
    "validation_loss": [
      3011.036376953125
    ],
    "validation_chi2s": {
      "DEUTERON": 3.23448826424518,
      "NMC": 2.560604020660999,
      "NUCLEAR": 2.26016015625,
      "HERACOMB": 2.089358859592014,
      "DYE886": 1.9660105271772905,
      "CDF": 2.838268824986049,
      "D0": 3.4551692962646485,
      "ATLAS": 2.8523397391183036,
      "CMS": 2.616528076171875,
      "LHCb": 2.880147695541382,
      "total": 2.545520544052124
    }
  },
  "1900": {
    "training_loss": 7939.11767578125,
    "validation_loss": [
      2873.240966796875
    ],
    "validation_chi2s": {
      "DEUTERON": 3.056459037818719,
      "NMC": 2.5584474451401653,
      "NUCLEAR": 2.13043017578125,
      "HERACOMB": 2.010446386399612,
      "DYE886": 2.2596378326416016,
      "CDF": 1.884319850376674,
      "D0": 2.6312576293945313,
      "ATLAS": 2.718925955636161,
      "CMS": 2.5985810546875,
      "LHCb": 2.551940441131592,
      "total": 2.429300308227539
    }
  },
  "2000": {
    "training_loss": 7861.2060546875,
    "validation_loss": [
      2844.9755859375
    ],
    "validation_chi2s": {
      "DEUTERON": 2.999450987251244,
      "NMC": 2.566653980928309,
      "NUCLEAR": 2.11375927734375,
      "HERACOMB": 2.0002030515982434,
      "DYE886": 2.255337801846591,
      "CDF": 1.6502745492117745,
      "D0": 2.6041147232055666,
      "ATLAS": 2.6638839285714284,
      "CMS": 2.62183642578125,
      "LHCb": 2.5523340702056885,
      "total": 2.406348943710327
    }
  },
  "2100": {
    "training_loss": 7819.3740234375,
    "validation_loss": [
      2830.12109375
    ],
    "validation_chi2s": {
      "DEUTERON": 2.963807974288713,
      "NMC": 2.5706879858877145,
      "NUCLEAR": 2.10229638671875,
      "HERACOMB": 1.998330708422692,
      "DYE886": 2.2598450400612573,
      "CDF": 1.5833996364048548,
      "D0": 2.563186836242676,
      "ATLAS": 2.633067626953125,
      "CMS": 2.63948779296875,
      "LHCb": 2.568232536315918,
      "total": 2.394598960876465
    }
  },
  "2200": {
    "training_loss": 7790.54833984375,
    "validation_loss": [
      2817.424560546875
    ],
    "validation_chi2s": {
      "DEUTERON": 2.9275260659592663,
      "NMC": 2.574466780120251,
      "NUCLEAR": 2.092482666015625,
      "HERACOMB": 1.9982401529947917,
      "DYE886": 2.2861754677512427,
      "CDF": 1.5795892987932478,
      "D0": 2.5146556854248048,
      "ATLAS": 2.605521937779018,
      "CMS": 2.655529052734375,
      "LHCb": 2.5839216709136963,
      "total": 2.384567975997925
    }
  },
  "2300": {
    "training_loss": 7772.7314453125,
    "validation_loss": [
      2805.4736328125
    ],
    "validation_chi2s": {
      "DEUTERON": 2.8890168299129355,
      "NMC": 2.5815603218826593,
      "NUCLEAR": 2.0857412109375,
      "HERACOMB": 1.9976728850719976,
      "DYE886": 2.3285153128884057,
      "CDF": 1.5944053104945592,
      "D0": 2.4071048736572265,
      "ATLAS": 2.5841453334263393,
      "CMS": 2.677182861328125,
      "LHCb": 2.5619566440582275,
      "total": 2.375225067138672
    }
  },
  "2400": {
    "training_loss": 7750.46533203125,
    "validation_loss": [
      2798.091796875
    ],
    "validation_chi2s": {
      "DEUTERON": 2.859376821944963,
      "NMC": 2.5866085875268077,
      "NUCLEAR": 2.08081689453125,
      "HERACOMB": 1.9991925806781046,
      "DYE886": 2.3207257010719995,
      "CDF": 1.5995548793247767,
      "D0": 2.391364097595215,
      "ATLAS": 2.570494384765625,
      "CMS": 2.68911376953125,
      "LHCb": 2.5914998054504395,
      "total": 2.369532585144043
    }
  },
  "2500": {
    "training_loss": 7734.8291015625,
    "validation_loss": [
      2792.1796875
    ],
    "validation_chi2s": {
      "DEUTERON": 2.832720552510883,
      "NMC": 2.5957474054074754,
      "NUCLEAR": 2.079780029296875,
      "HERACOMB": 1.9992777506510417,
      "DYE886": 2.32665998285467,
      "CDF": 1.6133019583565849,
      "D0": 2.3693305969238283,
      "ATLAS": 2.5546479143415177,
      "CMS": 2.706461669921875,
      "LHCb": 2.60638427734375,
      "total": 2.365082263946533
    }
  },
  "2600": {
    "training_loss": 7720.517578125,
    "validation_loss": [
      2789.48095703125
    ],
    "validation_chi2s": {
      "DEUTERON": 2.816245311528296,
      "NMC": 2.6016642252604165,
      "NUCLEAR": 2.08079345703125,
      "HERACOMB": 2.0009201149535336,
      "DYE886": 2.320195804942738,
      "CDF": 1.6174242837088448,
      "D0": 2.3513620376586912,
      "ATLAS": 2.5448798479352677,
      "CMS": 2.718291015625,
      "LHCb": 2.6243820190429688,
      "total": 2.3632149696350098
    }
  },
  "2700": {
    "training_loss": 7701.22705078125,
    "validation_loss": [
      2789.39697265625
    ],
    "validation_chi2s": {
      "DEUTERON": 2.811240428715796,
      "NMC": 2.601919136795343,
      "NUCLEAR": 2.078920166015625,
      "HERACOMB": 2.005054947597529,
      "DYE886": 2.2619505795565518,
      "CDF": 1.6295935767037528,
      "D0": 2.3976783752441406,
      "ATLAS": 2.5374839564732143,
      "CMS": 2.72567822265625,
      "LHCb": 2.665787935256958,
      "total": 2.363236427307129
    }
  },
  "2800": {
    "training_loss": 7691.4716796875,
    "validation_loss": [
      2787.12646484375
    ],
    "validation_chi2s": {
      "DEUTERON": 2.800519497240361,
      "NMC": 2.6080280378753065,
      "NUCLEAR": 2.079509765625,
      "HERACOMB": 2.004495259203942,
      "DYE886": 2.2759069962935015,
      "CDF": 1.622617449079241,
      "D0": 2.3423892974853517,
      "ATLAS": 2.529819859095982,
      "CMS": 2.74006494140625,
      "LHCb": 2.6605725288391113,
      "total": 2.3616485595703125
    }
  },
  "2900": {
    "training_loss": 7679.05322265625,
    "validation_loss": [
      2788.84326171875
    ],
    "validation_chi2s": {
      "DEUTERON": 2.8090398228583644,
      "NMC": 2.6125745586320464,
      "NUCLEAR": 2.078378662109375,
      "HERACOMB": 2.005880717358558,
      "DYE886": 2.251734646883878,
      "CDF": 1.6170533043997628,
      "D0": 2.322001838684082,
      "ATLAS": 2.526721017020089,
      "CMS": 2.751146240234375,
      "LHCb": 2.661668300628662,
      "total": 2.3635053634643555
    }
  },
  "3000": {
    "training_loss": 7668.841796875,
    "validation_loss": [
      2790.363037109375
    ],
    "validation_chi2s": {
      "DEUTERON": 2.8158733310984143,
      "NMC": 2.6233272178500306,
      "NUCLEAR": 2.078141357421875,
      "HERACOMB": 2.003498551113154,
      "DYE886": 2.2426821968772193,
      "CDF": 1.5950867789132255,
      "D0": 2.2843385696411134,
      "ATLAS": 2.5261690848214284,
      "CMS": 2.764603271484375,
      "LHCb": 2.660606861114502,
      "total": 2.365164279937744
    }
  },
  "3100": {
    "training_loss": 7658.96728515625,
    "validation_loss": [
      2785.922607421875
    ],
    "validation_chi2s": {
      "DEUTERON": 2.7970617493586754,
      "NMC": 2.6092355765548407,
      "NUCLEAR": 2.079454833984375,
      "HERACOMB": 2.007241442312602,
      "DYE886": 2.250756350430575,
      "CDF": 1.5653057098388672,
      "D0": 2.276677703857422,
      "ATLAS": 2.5101994977678572,
      "CMS": 2.7647841796875,
      "LHCb": 2.698791265487671,
      "total": 2.361191511154175
    }
  },
  "3200": {
    "training_loss": 7661.37255859375,
    "validation_loss": [
      2803.16455078125
    ],
    "validation_chi2s": {
      "DEUTERON": 2.837707215873756,
      "NMC": 2.65863904766008,
      "NUCLEAR": 2.08169873046875,
      "HERACOMB": 1.9988155988306782,
      "DYE886": 2.8400109030983667,
      "CDF": 1.5190599986485072,
      "D0": 1.7628524780273438,
      "ATLAS": 2.4969182477678573,
      "CMS": 2.845474365234375,
      "LHCb": 2.5097315311431885,
      "total": 2.376361846923828
    }
  },
  "3300": {
    "training_loss": 7636.7119140625,
    "validation_loss": [
      2820.677734375
    ],
    "validation_chi2s": {
      "DEUTERON": 2.896334368198072,
      "NMC": 2.720820707433364,
      "NUCLEAR": 2.084442626953125,
      "HERACOMB": 1.9960975397646037,
      "DYE886": 2.819368535822088,
      "CDF": 1.5064242226736886,
      "D0": 1.679667091369629,
      "ATLAS": 2.477925851004464,
      "CMS": 2.92730224609375,
      "LHCb": 2.4392166137695312,
      "total": 2.39169979095459
    }
  },
  "3400": {
    "training_loss": 7616.5,
    "validation_loss": [
      2821.76123046875
    ],
    "validation_chi2s": {
      "DEUTERON": 2.87035889886505,
      "NMC": 2.6966190712124694,
      "NUCLEAR": 2.0839697265625,
      "HERACOMB": 2.0132733513327206,
      "DYE886": 2.7624955610795454,
      "CDF": 1.4967645917619978,
      "D0": 1.694150733947754,
      "ATLAS": 2.4750666155133927,
      "CMS": 2.95655517578125,
      "LHCb": 2.4487369060516357,
      "total": 2.392521858215332
    }
  },
  "3500": {
    "training_loss": 7631.5576171875,
    "validation_loss": [
      2813.5615234375
    ],
    "validation_chi2s": {
      "DEUTERON": 2.881579043260261,
      "NMC": 2.693812650792739,
      "NUCLEAR": 2.086778564453125,
      "HERACOMB": 2.008303573708129,
      "DYE886": 2.599501523104581,
      "CDF": 1.4657441547938757,
      "D0": 1.7527887344360351,
      "ATLAS": 2.45849365234375,
      "CMS": 2.9243232421875,
      "LHCb": 2.470507860183716,
      "total": 2.3856043815612793
    }
  },
  "3600": {
    "training_loss": 7659.49169921875,
    "validation_loss": [
      2815.10595703125
    ],
    "validation_chi2s": {
      "DEUTERON": 2.874627108597637,
      "NMC": 2.694682700961244,
      "NUCLEAR": 2.100753173828125,
      "HERACOMB": 2.0012767517488768,
      "DYE886": 2.6113853454589844,
      "CDF": 1.4266676221575056,
      "D0": 1.8755573272705077,
      "ATLAS": 2.4698179408482144,
      "CMS": 2.85821337890625,
      "LHCb": 2.6607556343078613,
      "total": 2.386462688446045
    }
  },
  "3700": {
    "training_loss": 7608.28369140625,
    "validation_loss": [
      2799.295654296875
    ],
    "validation_chi2s": {
      "DEUTERON": 2.82042333498523,
      "NMC": 2.618686750823376,
      "NUCLEAR": 2.088963134765625,
      "HERACOMB": 2.032449161305147,
      "DYE886": 2.2103347778320312,
      "CDF": 1.486886433192662,
      "D0": 2.193700408935547,
      "ATLAS": 2.5097565569196427,
      "CMS": 2.786768798828125,
      "LHCb": 2.645594596862793,
      "total": 2.373039484024048
    }
  },
  "3800": {
    "training_loss": 7609.75048828125,
    "validation_loss": [
      2807.3876953125
    ],
    "validation_chi2s": {
      "DEUTERON": 2.8847194690609452,
      "NMC": 2.702954460592831,
      "NUCLEAR": 2.08975830078125,
      "HERACOMB": 2.0074480842141544,
      "DYE886": 2.320940711281516,
      "CDF": 1.4542959758213587,
      "D0": 2.0397789001464846,
      "ATLAS": 2.4749884905133928,
      "CMS": 2.836566162109375,
      "LHCb": 2.5841944217681885,
      "total": 2.380343198776245
    }
  },
  "3900": {
    "training_loss": 7611.453125,
    "validation_loss": [
      2845.876220703125
    ],
    "validation_chi2s": {
      "DEUTERON": 2.916755030997357,
      "NMC": 2.8020067401960786,
      "NUCLEAR": 2.101173828125,
      "HERACOMB": 2.017877516403697,
      "DYE886": 2.846563859419389,
      "CDF": 1.4388419560023717,
      "D0": 1.6431072235107422,
      "ATLAS": 2.4623226492745536,
      "CMS": 2.993740234375,
      "LHCb": 2.4621872901916504,
      "total": 2.413041114807129
    }
  },
  "4000": {
    "training_loss": 8109.1220703125,
    "validation_loss": [
      3240.149169921875
    ],
    "validation_chi2s": {
      "DEUTERON": 4.718134182602612,
      "NMC": 2.6268074185240504,
      "NUCLEAR": 2.207466552734375,
      "HERACOMB": 2.0426711537479574,
      "DYE886": 2.40351018038663,
      "CDF": 1.1728549684797014,
      "D0": 2.1134174346923826,
      "ATLAS": 2.5178492954799108,
      "CMS": 2.88793798828125,
      "LHCb": 2.5537617206573486,
      "total": 2.735193967819214
    }
  },
  "4100": {
    "training_loss": 8057.0458984375,
    "validation_loss": [
      3202.031005859375
    ],
    "validation_chi2s": {
      "DEUTERON": 4.50635646231732,
      "NMC": 2.71551513671875,
      "NUCLEAR": 2.185876953125,
      "HERACOMB": 2.016268262676164,
      "DYE886": 2.1557062322443183,
      "CDF": 1.2244013377598353,
      "D0": 2.1600791931152346,
      "ATLAS": 2.6302689034598212,
      "CMS": 2.8873076171875,
      "LHCb": 2.518399715423584,
      "total": 2.7032339572906494
    }
  },
  "4200": {
    "training_loss": 8039.1279296875,
    "validation_loss": [
      3172.144287109375
    ],
    "validation_chi2s": {
      "DEUTERON": 4.362523017238028,
      "NMC": 2.6585711310891544,
      "NUCLEAR": 2.1800888671875,
      "HERACOMB": 2.042385924096201,
      "DYE886": 2.0388091694224966,
      "CDF": 1.3962161200387138,
      "D0": 2.2180200576782227,
      "ATLAS": 2.6427659388950895,
      "CMS": 2.855540283203125,
      "LHCb": 2.459869384765625,
      "total": 2.6780292987823486
    }
  },
  "4300": {
    "training_loss": 8100.0439453125,
    "validation_loss": [
      3073.216796875
    ],
    "validation_chi2s": {
      "DEUTERON": 3.584526707283893,
      "NMC": 2.6208017386642157,
      "NUCLEAR": 2.185010986328125,
      "HERACOMB": 2.0963788998672386,
      "DYE886": 2.499222842129794,
      "CDF": 1.4439375741141183,
      "D0": 3.183230400085449,
      "ATLAS": 2.668084716796875,
      "CMS": 2.87122265625,
      "LHCb": 2.765428066253662,
      "total": 2.589592456817627
    }
  },
  "4400": {
    "training_loss": 8025.65087890625,
    "validation_loss": [
      3163.533935546875
    ],
    "validation_chi2s": {
      "DEUTERON": 4.432808188063588,
      "NMC": 2.721370921415441,
      "NUCLEAR": 2.16224169921875,
      "HERACOMB": 2.0184671239915235,
      "DYE886": 2.329749020663175,
      "CDF": 1.4307643345424108,
      "D0": 1.6990489959716797,
      "ATLAS": 2.5455132184709823,
      "CMS": 2.899138427734375,
      "LHCb": 2.430030107498169,
      "total": 2.6733453273773193
    }
  },
  "4500": {
    "training_loss": 7983.41259765625,
    "validation_loss": [
      3081.24658203125
    ],
    "validation_chi2s": {
      "DEUTERON": 4.0144814258784205,
      "NMC": 2.65318956562117,
      "NUCLEAR": 2.1480693359375,
      "HERACOMB": 2.038726407718035,
      "DYE886": 2.129167383367365,
      "CDF": 1.5556274141584123,
      "D0": 1.9813619613647462,
      "ATLAS": 2.58814697265625,
      "CMS": 2.8183212890625,
      "LHCb": 2.5899949073791504,
      "total": 2.6028261184692383
    }
  },
  "4600": {
    "training_loss": 8076.69189453125,
    "validation_loss": [
      3182.924560546875
    ],
    "validation_chi2s": {
      "DEUTERON": 4.498320470401897,
      "NMC": 2.5992147408279718,
      "NUCLEAR": 2.140252197265625,
      "HERACOMB": 2.0688177370557597,
      "DYE886": 2.0577061393044214,
      "CDF": 1.6611785888671875,
      "D0": 1.9115716934204101,
      "ATLAS": 2.6130636160714285,
      "CMS": 2.78491845703125,
      "LHCb": 2.6720352172851562,
      "total": 2.6902146339416504
    }
  },
  "4700": {
    "training_loss": 7995.95654296875,
    "validation_loss": [
      3148.251220703125
    ],
    "validation_chi2s": {
      "DEUTERON": 4.384911380597015,
      "NMC": 2.712130677466299,
      "NUCLEAR": 2.130322998046875,
      "HERACOMB": 2.0344250248927698,
      "DYE886": 2.3045916123823686,
      "CDF": 1.5924208504813058,
      "D0": 1.5319281578063966,
      "ATLAS": 2.5363077218191963,
      "CMS": 2.926872802734375,
      "LHCb": 2.3816163539886475,
      "total": 2.6614863872528076
    }
  },
  "4800": {
    "training_loss": 7979.35498046875,
    "validation_loss": [
      3220.025146484375
    ],
    "validation_chi2s": {
      "DEUTERON": 4.7453859243819965,
      "NMC": 2.7762214810240504,
      "NUCLEAR": 2.11537451171875,
      "HERACOMB": 2.016855476728452,
      "DYE886": 2.320012699473988,
      "CDF": 1.6123485565185547,
      "D0": 1.4743901252746583,
      "ATLAS": 2.5544058663504465,
      "CMS": 2.956177490234375,
      "LHCb": 2.3393054008483887,
      "total": 2.7225468158721924
    }
  },
  "4900": {
    "training_loss": 7976.9619140625,
    "validation_loss": [
      3088.8193359375
    ],
    "validation_chi2s": {
      "DEUTERON": 4.1494438209343905,
      "NMC": 2.705326753504136,
      "NUCLEAR": 2.115218017578125,
      "HERACOMB": 2.0360163271037583,
      "DYE886": 2.1645594510165127,
      "CDF": 1.6889513560703822,
      "D0": 1.5784716606140137,
      "ATLAS": 2.5322452218191964,
      "CMS": 2.899437255859375,
      "LHCb": 2.280865430831909,
      "total": 2.610367774963379
    }
  },
  "5000": {
    "training_loss": 8042.9521484375,
    "validation_loss": [
      3106.87060546875
    ],
    "validation_chi2s": {
      "DEUTERON": 4.214387049129353,
      "NMC": 2.7063009224685968,
      "NUCLEAR": 2.117816650390625,
      "HERACOMB": 2.039864533866932,
      "DYE886": 2.2859479730779473,
      "CDF": 1.7225854056222099,
      "D0": 1.5884592056274414,
      "ATLAS": 2.5306206403459823,
      "CMS": 2.8904931640625,
      "LHCb": 2.35231351852417,
      "total": 2.6263301372528076
    }
  },
  "5100": {
    "training_loss": 8029.4716796875,
    "validation_loss": [
      3126.027099609375
    ],
    "validation_chi2s": {
      "DEUTERON": 4.223356180523165,
      "NMC": 2.693707036037071,
      "NUCLEAR": 2.1156728515625,
      "HERACOMB": 2.0583482131459356,
      "DYE886": 2.333685441450639,
      "CDF": 1.7903314317975725,
      "D0": 1.5762649536132813,
      "ATLAS": 2.569442661830357,
      "CMS": 2.912098876953125,
      "LHCb": 2.4137535095214844,
      "total": 2.6425678730010986
    }
  },
  "5200": {
    "training_loss": 7987.62646484375,
    "validation_loss": [
      3072.88916015625
    ],
    "validation_chi2s": {
      "DEUTERON": 3.8365943111590486,
      "NMC": 2.660530838311887,
      "NUCLEAR": 2.126334228515625,
      "HERACOMB": 2.081967422385621,
      "DYE886": 2.1951217651367188,
      "CDF": 1.9476898738316126,
      "D0": 2.044377899169922,
      "ATLAS": 2.6696250697544643,
      "CMS": 2.824853515625,
      "LHCb": 2.599897861480713,
      "total": 2.596578598022461
    }
  },
  "5300": {
    "training_loss": 8100.54150390625,
    "validation_loss": [
      3218.96484375
    ],
    "validation_chi2s": {
      "DEUTERON": 4.7486620850824,
      "NMC": 2.733394847196691,
      "NUCLEAR": 2.1113916015625,
      "HERACOMB": 2.0468644285513684,
      "DYE886": 2.2827131097966973,
      "CDF": 1.7119568416050501,
      "D0": 1.536106777191162,
      "ATLAS": 2.5172042410714286,
      "CMS": 2.93930517578125,
      "LHCb": 2.3782448768615723,
      "total": 2.7223620414733887
    }
  },
  "5400": {
    "training_loss": 7983.482421875,
    "validation_loss": [
      3273.665283203125
    ],
    "validation_chi2s": {
      "DEUTERON": 4.957646156424906,
      "NMC": 2.7577056884765625,
      "NUCLEAR": 2.105873046875,
      "HERACOMB": 2.0385760139016544,
      "DYE886": 2.4970489848743784,
      "CDF": 1.778984614780971,
      "D0": 1.458921527862549,
      "ATLAS": 2.569949253627232,
      "CMS": 2.96621337890625,
      "LHCb": 2.340172529220581,
      "total": 2.7691116333007812
    }
  },
  "5500": {
    "training_loss": 8015.89013671875,
    "validation_loss": [
      3073.297607421875
    ],
    "validation_chi2s": {
      "DEUTERON": 4.006778849891169,
      "NMC": 2.645915012733609,
      "NUCLEAR": 2.12510595703125,
      "HERACOMB": 2.0633309557546977,
      "DYE886": 2.0728191028941763,
      "CDF": 1.8348042624337333,
      "D0": 1.9768754959106445,
      "ATLAS": 2.556485072544643,
      "CMS": 2.801756591796875,
      "LHCb": 2.6232142448425293,
      "total": 2.5977284908294678
    }
  },
  "5600": {
    "training_loss": 8045.6630859375,
    "validation_loss": [
      3097.31494140625
    ],
    "validation_chi2s": {
      "DEUTERON": 4.165688889536692,
      "NMC": 2.670940922755821,
      "NUCLEAR": 2.100782958984375,
      "HERACOMB": 2.05967782213797,
      "DYE886": 2.1875951940363105,
      "CDF": 1.8693498883928572,
      "D0": 1.6580368041992188,
      "ATLAS": 2.5653482491629465,
      "CMS": 2.856528564453125,
      "LHCb": 2.337634563446045,
      "total": 2.6188108921051025
    }
  },
  "5700": {
    "training_loss": 8016.396484375,
    "validation_loss": [
      3052.113525390625
    ],
    "validation_chi2s": {
      "DEUTERON": 3.88061280511505,
      "NMC": 2.6441683301738665,
      "NUCLEAR": 2.1257333984375,
      "HERACOMB": 2.0706130881714664,
      "DYE886": 2.0705913196910513,
      "CDF": 1.901552609034947,
      "D0": 2.088419532775879,
      "ATLAS": 2.5605337960379466,
      "CMS": 2.795050048828125,
      "LHCb": 2.6327297687530518,
      "total": 2.579615831375122
    }
  },
  "5800": {
    "training_loss": 8036.42724609375,
    "validation_loss": [
      3208.064208984375
    ],
    "validation_chi2s": {
      "DEUTERON": 4.693264937519434,
      "NMC": 2.7919610715379903,
      "NUCLEAR": 2.107219482421875,
      "HERACOMB": 2.0310982099545547,
      "DYE886": 2.2600057775324043,
      "CDF": 1.8457380022321428,
      "D0": 1.5418410301208496,
      "ATLAS": 2.5636642020089284,
      "CMS": 2.9256884765625,
      "LHCb": 2.2829601764678955,
      "total": 2.7137598991394043
    }
  },
  "5900": {
    "training_loss": 8137.3955078125,
    "validation_loss": [
      3153.326416015625
    ],
    "validation_chi2s": {
      "DEUTERON": 4.432004103020056,
      "NMC": 2.747326420802696,
      "NUCLEAR": 2.105979736328125,
      "HERACOMB": 2.0321218453201593,
      "DYE886": 2.2388747822154653,
      "CDF": 1.8590664182390486,
      "D0": 1.6974349975585938,
      "ATLAS": 2.5994679478236606,
      "CMS": 2.844487060546875,
      "LHCb": 2.363109588623047,
      "total": 2.6671764850616455
    }
  },
  "6000": {
    "training_loss": 8034.197265625,
    "validation_loss": [
      3067.09130859375
    ],
    "validation_chi2s": {
      "DEUTERON": 3.9539436606032337,
      "NMC": 2.6334330240885415,
      "NUCLEAR": 2.119783203125,
      "HERACOMB": 2.0837145038679536,
      "DYE886": 2.0732257149436255,
      "CDF": 1.9946768624441964,
      "D0": 2.0577064514160157,
      "ATLAS": 2.5907175990513394,
      "CMS": 2.776049072265625,
      "LHCb": 2.510420799255371,
      "total": 2.5932791233062744
    }
  },
  "6100": {
    "training_loss": 8078.95947265625,
    "validation_loss": [
      3127.843017578125
    ],
    "validation_chi2s": {
      "DEUTERON": 4.303991820681747,
      "NMC": 2.758366304285386,
      "NUCLEAR": 2.09815234375,
      "HERACOMB": 2.045660280713848,
      "DYE886": 2.2877953269264917,
      "CDF": 1.894641739981515,
      "D0": 1.5546693801879883,
      "ATLAS": 2.558902762276786,
      "CMS": 2.905309814453125,
      "LHCb": 2.2522964477539062,
      "total": 2.645017147064209
    }
  },
  "6200": {
    "training_loss": 8046.26123046875,
    "validation_loss": [
      3070.641357421875
    ],
    "validation_chi2s": {
      "DEUTERON": 3.96288819574005,
      "NMC": 2.6276242125268077,
      "NUCLEAR": 2.117250244140625,
      "HERACOMB": 2.0873788073171977,
      "DYE886": 2.080635417591442,
      "CDF": 2.0254908970424106,
      "D0": 2.1088171005249023,
      "ATLAS": 2.614586704799107,
      "CMS": 2.7571748046875,
      "LHCb": 2.481626033782959,
      "total": 2.5964818000793457
    }
  },
  "6300": {
    "training_loss": 8049.92529296875,
    "validation_loss": [
      3070.28955078125
    ],
    "validation_chi2s": {
      "DEUTERON": 3.950386920378576,
      "NMC": 2.613016465130974,
      "NUCLEAR": 2.1230361328125,
      "HERACOMB": 2.102026247510723,
      "DYE886": 2.0718631744384766,
      "CDF": 2.0351805005754744,
      "D0": 2.219347381591797,
      "ATLAS": 2.5856881277901786,
      "CMS": 2.7565400390625,
      "LHCb": 2.511760950088501,
      "total": 2.5960397720336914
    }
  },
  "6400": {
    "training_loss": 8083.68359375,
    "validation_loss": [
      3084.135009765625
    ],
    "validation_chi2s": {
      "DEUTERON": 4.043466444632307,
      "NMC": 2.6552907906326593,
      "NUCLEAR": 2.11716552734375,
      "HERACOMB": 2.071612389259089,
      "DYE886": 2.03003605929288,
      "CDF": 2.052427291870117,
      "D0": 1.9717479705810548,
      "ATLAS": 2.618766915457589,
      "CMS": 2.78518212890625,
      "LHCb": 2.4664361476898193,
      "total": 2.6085364818573
    }
  },
  "6500": {
    "training_loss": 8057.39599609375,
    "validation_loss": [
      3116.822265625
    ],
    "validation_chi2s": {
      "DEUTERON": 4.1074209640275186,
      "NMC": 2.5587481330422794,
      "NUCLEAR": 2.104968994140625,
      "HERACOMB": 2.157885582618464,
      "DYE886": 2.0084603049538354,
      "CDF": 2.196606772286551,
      "D0": 2.2012256622314452,
      "ATLAS": 2.634875662667411,
      "CMS": 2.741248779296875,
      "LHCb": 2.5022716522216797,
      "total": 2.636174440383911
    }
  },
  "6600": {
    "training_loss": 8076.61669921875,
    "validation_loss": [
      3076.3037109375
    ],
    "validation_chi2s": {
      "DEUTERON": 3.97619385980255,
      "NMC": 2.6212930118336395,
      "NUCLEAR": 2.114456298828125,
      "HERACOMB": 2.0861646864149304,
      "DYE886": 2.021643031727184,
      "CDF": 2.1370511736188615,
      "D0": 2.1427980422973634,
      "ATLAS": 2.6317363630022323,
      "CMS": 2.76025341796875,
      "LHCb": 2.541862964630127,
      "total": 2.6019256114959717
    }
  },
  "6700": {
    "training_loss": 8136.19921875,
    "validation_loss": [
      3211.70751953125
    ],
    "validation_chi2s": {
      "DEUTERON": 4.739229268695585,
      "NMC": 2.729862287932751,
      "NUCLEAR": 2.107168701171875,
      "HERACOMB": 2.0434197319878473,
      "DYE886": 2.1422821391712534,
      "CDF": 1.9844436645507812,
      "D0": 1.6488380432128906,
      "ATLAS": 2.5690347726004465,
      "CMS": 2.86438916015625,
      "LHCb": 2.3579556941986084,
      "total": 2.7179648876190186
    }
  },
  "6800": {
    "training_loss": 8148.064453125,
    "validation_loss": [
      3193.255859375
    ],
    "validation_chi2s": {
      "DEUTERON": 4.638685235929726,
      "NMC": 2.7576359767539826,
      "NUCLEAR": 2.111957275390625,
      "HERACOMB": 2.0399161943423203,
      "DYE886": 2.1256864721124824,
      "CDF": 1.987518310546875,
      "D0": 1.6490278244018555,
      "ATLAS": 2.5643307059151788,
      "CMS": 2.87381201171875,
      "LHCb": 2.364530563354492,
      "total": 2.7023208141326904
    }
  },
  "6900": {
    "training_loss": 8133.42529296875,
    "validation_loss": [
      3235.856689453125
    ],
    "validation_chi2s": {
      "DEUTERON": 4.852620139050839,
      "NMC": 2.7479125378178617,
      "NUCLEAR": 2.106700927734375,
      "HERACOMB": 2.046670552172692,
      "DYE886": 2.1569881439208984,
      "CDF": 1.9949428013392858,
      "D0": 1.597805881500244,
      "ATLAS": 2.5547870744977677,
      "CMS": 2.893010498046875,
      "LHCb": 2.321711301803589,
      "total": 2.738661289215088
    }
  },
  "7000": {
    "training_loss": 8141.08154296875,
    "validation_loss": [
      3092.30517578125
    ],
    "validation_chi2s": {
      "DEUTERON": 4.108974779423196,
      "NMC": 2.646896960688572,
      "NUCLEAR": 2.11612109375,
      "HERACOMB": 2.073712517233456,
      "DYE886": 2.0088043212890625,
      "CDF": 2.1120262145996094,
      "D0": 1.9635786056518554,
      "ATLAS": 2.609539969308036,
      "CMS": 2.783919921875,
      "LHCb": 2.403883457183838,
      "total": 2.616352081298828
    }
  },
  "7100": {
    "training_loss": 8211.185546875,
    "validation_loss": [
      3153.114501953125
    ],
    "validation_chi2s": {
      "DEUTERON": 4.458257722617382,
      "NMC": 2.7768485873353246,
      "NUCLEAR": 2.116025634765625,
      "HERACOMB": 2.033987007889093,
      "DYE886": 2.056688655506481,
      "CDF": 1.990237099783761,
      "D0": 1.7031234741210937,
      "ATLAS": 2.536162283761161,
      "CMS": 2.885995361328125,
      "LHCb": 2.374332904815674,
      "total": 2.6682801246643066
    }
  },
  "7200": {
    "training_loss": 8168.30126953125,
    "validation_loss": [
      3223.0498046875
    ],
    "validation_chi2s": {
      "DEUTERON": 4.777225627234919,
      "NMC": 2.768781774184283,
      "NUCLEAR": 2.10704833984375,
      "HERACOMB": 2.0375964594822302,
      "DYE886": 2.133896741000089,
      "CDF": 2.0218042646135603,
      "D0": 1.594782829284668,
      "ATLAS": 2.5764467075892856,
      "CMS": 2.897635986328125,
      "LHCb": 2.3242862224578857,
      "total": 2.727907419204712
    }
  },
  "7300": {
    "training_loss": 8174.384765625,
    "validation_loss": [
      3253.539306640625
    ],
    "validation_chi2s": {
      "DEUTERON": 4.926938792366293,
      "NMC": 2.7997774610332415,
      "NUCLEAR": 2.112377685546875,
      "HERACOMB": 2.0379840127782884,
      "DYE886": 2.1229367689652876,
      "CDF": 2.039682524544852,
      "D0": 1.567119026184082,
      "ATLAS": 2.550812813895089,
      "CMS": 2.92094775390625,
      "LHCb": 2.315537691116333,
      "total": 2.754098653793335
    }
  },
  "7400": {
    "training_loss": 8228.16015625,
    "validation_loss": [
      3220.1748046875
    ],
    "validation_chi2s": {
      "DEUTERON": 4.77770115487018,
      "NMC": 2.732513427734375,
      "NUCLEAR": 2.11360986328125,
      "HERACOMB": 2.0440877278645835,
      "DYE886": 2.0960634404962715,
      "CDF": 2.066390037536621,
      "D0": 1.6983936309814454,
      "ATLAS": 2.5773362513950895,
      "CMS": 2.8382939453125,
      "LHCb": 2.399853467941284,
      "total": 2.7258248329162598
    }
  },
  "7500": {
    "training_loss": 8198.3115234375,
    "validation_loss": [
      3061.7041015625
    ],
    "validation_chi2s": {
      "DEUTERON": 3.9174118421564055,
      "NMC": 2.6385384353936887,
      "NUCLEAR": 2.1083583984375,
      "HERACOMB": 2.095053679023693,
      "DYE886": 1.9809299815784802,
      "CDF": 2.2400264739990234,
      "D0": 2.0225961685180662,
      "ATLAS": 2.6328871372767857,
      "CMS": 2.77423388671875,
      "LHCb": 2.396116018295288,
      "total": 2.590193748474121
    }
  },
  "7600": {
    "training_loss": 8245.4716796875,
    "validation_loss": [
      3536.37158203125
    ],
    "validation_chi2s": {
      "DEUTERON": 6.333268957944652,
      "NMC": 2.727251838235294,
      "NUCLEAR": 2.1091220703125,
      "HERACOMB": 2.0498916526245914,
      "DYE886": 2.193360935557972,
      "CDF": 2.085803440638951,
      "D0": 1.6136835098266602,
      "ATLAS": 2.5793171037946427,
      "CMS": 2.85693603515625,
      "LHCb": 2.393907070159912,
      "total": 2.9946718215942383
    }
  },
  "7700": {
    "training_loss": 8212.8779296875,
    "validation_loss": [
      3077.509521484375
    ],
    "validation_chi2s": {
      "DEUTERON": 4.047843667405162,
      "NMC": 2.6771072686887254,
      "NUCLEAR": 2.117945068359375,
      "HERACOMB": 2.0740703507965685,
      "DYE886": 1.9767508073286577,
      "CDF": 2.1321607317243303,
      "D0": 1.8710620880126954,
      "ATLAS": 2.577285679408482,
      "CMS": 2.803033447265625,
      "LHCb": 2.4323978424072266,
      "total": 2.604466199874878
    }
  },
  "7800": {
    "training_loss": 8239.90625,
    "validation_loss": [
      3095.47802734375
    ],
    "validation_chi2s": {
      "DEUTERON": 4.125054051033893,
      "NMC": 2.7268910127527572,
      "NUCLEAR": 2.143708740234375,
      "HERACOMB": 2.057559343724469,
      "DYE886": 1.9831924438476562,
      "CDF": 2.1092436654227122,
      "D0": 1.8524276733398437,
      "ATLAS": 2.551967599051339,
      "CMS": 2.833390869140625,
      "LHCb": 2.4159200191497803,
      "total": 2.619799852371216
    }
  },
  "7900": {
    "training_loss": 8214.099609375,
    "validation_loss": [
      4591.80712890625
    ],
    "validation_chi2s": {
      "DEUTERON": 11.510493188355099,
      "NMC": 2.758311252967984,
      "NUCLEAR": 2.112340576171875,
      "HERACOMB": 2.0581894419551676,
      "DYE886": 2.2380218505859375,
      "CDF": 2.149445125034877,
      "D0": 1.5022692680358887,
      "ATLAS": 2.6010198102678572,
      "CMS": 2.899731689453125,
      "LHCb": 2.4223546981811523,
      "total": 3.890279531478882
    }
  },
  "8000": {
    "training_loss": 8227.1337890625,
    "validation_loss": [
      3069.878173828125
    ],
    "validation_chi2s": {
      "DEUTERON": 3.9493566105021767,
      "NMC": 2.678807576497396,
      "NUCLEAR": 2.13403271484375,
      "HERACOMB": 2.0816119823580475,
      "DYE886": 1.958395697853782,
      "CDF": 2.243319647652762,
      "D0": 1.8758979797363282,
      "ATLAS": 2.615427420479911,
      "CMS": 2.794554931640625,
      "LHCb": 2.4394783973693848,
      "total": 2.598431348800659
    }
  },
  "8100": {
    "training_loss": 8223.1416015625,
    "validation_loss": [
      3058.946533203125
    ],
    "validation_chi2s": {
      "DEUTERON": 3.8702334883201184,
      "NMC": 2.6485709396063113,
      "NUCLEAR": 2.131280029296875,
      "HERACOMB": 2.0998958014195264,
      "DYE886": 1.9360171231356533,
      "CDF": 2.281292234148298,
      "D0": 1.9861799240112306,
      "ATLAS": 2.6454495675223213,
      "CMS": 2.757358642578125,
      "LHCb": 2.4400532245635986,
      "total": 2.5890674591064453
    }
  },
  "8200": {
    "training_loss": 8252.916015625,
    "validation_loss": [
      3083.57275390625
    ],
    "validation_chi2s": {
      "DEUTERON": 3.990746037877021,
      "NMC": 2.6618571561925553,
      "NUCLEAR": 2.133118896484375,
      "HERACOMB": 2.0814641815385007,
      "DYE886": 1.9405711780894885,
      "CDF": 2.2731028965541293,
      "D0": 1.8252817153930665,
      "ATLAS": 2.6571283830915178,
      "CMS": 2.776810791015625,
      "LHCb": 2.523054361343384,
      "total": 2.6105141639709473
    }
  },
  "8300": {
    "training_loss": 8266.7744140625,
    "validation_loss": [
      3056.822509765625
    ],
    "validation_chi2s": {
      "DEUTERON": 3.914534080087842,
      "NMC": 2.688760196461397,
      "NUCLEAR": 2.134693115234375,
      "HERACOMB": 2.0699028065002043,
      "DYE886": 1.9193496704101562,
      "CDF": 2.2555668694632396,
      "D0": 1.7780771255493164,
      "ATLAS": 2.6030275181361606,
      "CMS": 2.80212548828125,
      "LHCb": 2.450256109237671,
      "total": 2.5877952575683594
    }
  },
  "8400": {
    "training_loss": 8539.44921875,
    "validation_loss": [
      3008.63427734375
    ],
    "validation_chi2s": {
      "DEUTERON": 3.1207785535214554,
      "NMC": 2.721296422621783,
      "NUCLEAR": 2.10341796875,
      "HERACOMB": 2.090261421951593,
      "DYE886": 4.617963617498225,
      "CDF": 2.107107843671526,
      "D0": 1.6806787490844726,
      "ATLAS": 2.6838413783482142,
      "CMS": 2.94110888671875,
      "LHCb": 3.2555742263793945,
      "total": 2.549769639968872
    }
  },
  "8500": {
    "training_loss": 7724.63330078125,
    "validation_loss": [
      2857.353515625
    ],
    "validation_chi2s": {
      "DEUTERON": 2.917630779209422,
      "NMC": 2.683810364966299,
      "NUCLEAR": 2.071840576171875,
      "HERACOMB": 2.122470431857639,
      "DYE886": 2.6762067621404473,
      "CDF": 2.3791280473981584,
      "D0": 1.9706560134887696,
      "ATLAS": 2.6342696707589286,
      "CMS": 2.7000283203125,
      "LHCb": 2.2598533630371094,
      "total": 2.423076868057251
    }
  },
  "8600": {
    "training_loss": 7664.072265625,
    "validation_loss": [
      2838.72509765625
    ],
    "validation_chi2s": {
      "DEUTERON": 2.865901510513837,
      "NMC": 2.6673572016697302,
      "NUCLEAR": 2.06893505859375,
      "HERACOMB": 2.124306672538807,
      "DYE886": 2.550418506969105,
      "CDF": 2.2570607321602956,
      "D0": 2.0048410415649416,
      "ATLAS": 2.611942313058036,
      "CMS": 2.6985478515625,
      "LHCb": 2.2724227905273438,
      "total": 2.4074947834014893
    }
  },
  "8700": {
    "training_loss": 7625.62744140625,
    "validation_loss": [
      2827.574951171875
    ],
    "validation_chi2s": {
      "DEUTERON": 2.8221815118742226,
      "NMC": 2.652337766161152,
      "NUCLEAR": 2.07205029296875,
      "HERACOMB": 2.1292718625536153,
      "DYE886": 2.468217676336115,
      "CDF": 2.1120497839791432,
      "D0": 2.11708927154541,
      "ATLAS": 2.5830735560825895,
      "CMS": 2.705567626953125,
      "LHCb": 2.3386971950531006,
      "total": 2.398155927658081
    }
  },
  "8800": {
    "training_loss": 7631.35888671875,
    "validation_loss": [
      2831.823974609375
    ],
    "validation_chi2s": {
      "DEUTERON": 2.8709558894978233,
      "NMC": 2.674643423043045,
      "NUCLEAR": 2.090327392578125,
      "HERACOMB": 2.1082452512254903,
      "DYE886": 2.3094465082341973,
      "CDF": 1.9632737295968192,
      "D0": 2.037981414794922,
      "ATLAS": 2.572451869419643,
      "CMS": 2.739172607421875,
      "LHCb": 2.2812304496765137,
      "total": 2.401763439178467
    }
  },
  "8900": {
    "training_loss": 7595.38671875,
    "validation_loss": [
      2817.242919921875
    ],
    "validation_chi2s": {
      "DEUTERON": 2.7786801466301307,
      "NMC": 2.654504514208027,
      "NUCLEAR": 2.089662841796875,
      "HERACOMB": 2.12264994702308,
      "DYE886": 2.3447189331054688,
      "CDF": 1.8921303067888533,
      "D0": 2.2425106048583983,
      "ATLAS": 2.5608089773995535,
      "CMS": 2.70616357421875,
      "LHCb": 2.423147678375244,
      "total": 2.3893532752990723
    }
  },
  "9000": {
    "training_loss": 7612.1728515625,
    "validation_loss": [
      2827.1474609375
    ],
    "validation_chi2s": {
      "DEUTERON": 2.87502489991449,
      "NMC": 2.834939395680147,
      "NUCLEAR": 2.1019443359375,
      "HERACOMB": 2.0537765602660336,
      "DYE886": 2.5801523382013496,
      "CDF": 1.692920412336077,
      "D0": 1.7835563659667968,
      "ATLAS": 2.4890579659598213,
      "CMS": 2.845106201171875,
      "LHCb": 2.2814996242523193,
      "total": 2.3978662490844727
    }
  },
  "9100": {
    "training_loss": 7587.36376953125,
    "validation_loss": [
      2820.7177734375
    ],
    "validation_chi2s": {
      "DEUTERON": 2.785006243198072,
      "NMC": 2.682879878025429,
      "NUCLEAR": 2.102780029296875,
      "HERACOMB": 2.1026314130795547,
      "DYE886": 2.2665013399991123,
      "CDF": 1.8488172803606306,
      "D0": 2.2657421112060545,
      "ATLAS": 2.5814015415736606,
      "CMS": 2.70805517578125,
      "LHCb": 2.4760231971740723,
      "total": 2.3924176692962646
    }
  },
  "9200": {
    "training_loss": 7606.61669921875,
    "validation_loss": [
      2809.88818359375
    ],
    "validation_chi2s": {
      "DEUTERON": 2.7837448499689055,
      "NMC": 2.69667023303462,
      "NUCLEAR": 2.10705908203125,
      "HERACOMB": 2.0734807432087417,
      "DYE886": 2.3375029130415483,
      "CDF": 1.7469562802995955,
      "D0": 2.1094356536865235,
      "ATLAS": 2.5522757393973214,
      "CMS": 2.744665283203125,
      "LHCb": 2.4075496196746826,
      "total": 2.383234739303589
    }
  },
  "9300": {
    "training_loss": 7577.65087890625,
    "validation_loss": [
      2817.711181640625
    ],
    "validation_chi2s": {
      "DEUTERON": 2.7894338731148944,
      "NMC": 2.711892221488205,
      "NUCLEAR": 2.109123779296875,
      "HERACOMB": 2.092923033471201,
      "DYE886": 2.2768903212113814,
      "CDF": 1.6852137701851981,
      "D0": 2.2415876388549805,
      "ATLAS": 2.538184988839286,
      "CMS": 2.741404541015625,
      "LHCb": 2.4899797439575195,
      "total": 2.3897705078125
    }
  },
  "9400": {
    "training_loss": 7579.2041015625,
    "validation_loss": [
      2817.63671875
    ],
    "validation_chi2s": {
      "DEUTERON": 2.7899616298390857,
      "NMC": 2.6947440353094363,
      "NUCLEAR": 2.114010009765625,
      "HERACOMB": 2.0916881685942608,
      "DYE886": 2.202052029696378,
      "CDF": 1.7409834180559431,
      "D0": 2.247717094421387,
      "ATLAS": 2.5560586983816966,
      "CMS": 2.722574462890625,
      "LHCb": 2.5023043155670166,
      "total": 2.3898119926452637
    }
  },
  "9500": {
    "training_loss": 7583.4375,
    "validation_loss": [
      2827.811767578125
    ],
    "validation_chi2s": {
      "DEUTERON": 2.8569171962453357,
      "NMC": 2.8287685618681064,
      "NUCLEAR": 2.119647216796875,
      "HERACOMB": 2.05329944884855,
      "DYE886": 2.6521537087180396,
      "CDF": 1.5739879608154297,
      "D0": 1.753715705871582,
      "ATLAS": 2.4400863211495536,
      "CMS": 2.89933349609375,
      "LHCb": 2.3346328735351562,
      "total": 2.398449182510376
    }
  },
  "9600": {
    "training_loss": 7569.68701171875,
    "validation_loss": [
      2831.73779296875
    ],
    "validation_chi2s": {
      "DEUTERON": 2.8319641416938746,
      "NMC": 2.751339183134191,
      "NUCLEAR": 2.113824462890625,
      "HERACOMB": 2.0821467380897674,
      "DYE886": 2.2615717107599433,
      "CDF": 1.6238148553030831,
      "D0": 2.20360107421875,
      "ATLAS": 2.548636474609375,
      "CMS": 2.78414404296875,
      "LHCb": 2.480344295501709,
      "total": 2.401776075363159
    }
  },
  "9700": {
    "training_loss": 7590.99609375,
    "validation_loss": [
      2839.71044921875
    ],
    "validation_chi2s": {
      "DEUTERON": 2.892183066600591,
      "NMC": 2.842146031996783,
      "NUCLEAR": 2.12183056640625,
      "HERACOMB": 2.0345895804610907,
      "DYE886": 2.6895793568004263,
      "CDF": 1.5818157196044922,
      "D0": 1.8413286209106445,
      "ATLAS": 2.5073514229910714,
      "CMS": 2.8567041015625,
      "LHCb": 2.369410991668701,
      "total": 2.408543348312378
    }
  },
  "9800": {
    "training_loss": 7593.86083984375,
    "validation_loss": [
      2822.164306640625
    ],
    "validation_chi2s": {
      "DEUTERON": 2.7792604361007465,
      "NMC": 2.7228252934474573,
      "NUCLEAR": 2.124072021484375,
      "HERACOMB": 2.0708911372166052,
      "DYE886": 2.403818650679155,
      "CDF": 1.727088110787528,
      "D0": 2.0618911743164063,
      "ATLAS": 2.5430960518973214,
      "CMS": 2.787673583984375,
      "LHCb": 2.5262575149536133,
      "total": 2.393672466278076
    }
  },
  "9900": {
    "training_loss": 7615.1220703125,
    "validation_loss": [
      2818.45947265625
    ],
    "validation_chi2s": {
      "DEUTERON": 2.821790097364739,
      "NMC": 2.7582750507429536,
      "NUCLEAR": 2.1172412109375,
      "HERACOMB": 2.0535745059742645,
      "DYE886": 2.57126166603782,
      "CDF": 1.5896937506539481,
      "D0": 1.916512680053711,
      "ATLAS": 2.4977287946428572,
      "CMS": 2.816816650390625,
      "LHCb": 2.3990895748138428,
      "total": 2.390493392944336
    }
  },
  "10000": {
    "training_loss": 10429.31982421875,
    "validation_loss": [
      2837.736572265625
    ],
    "validation_chi2s": {
      "DEUTERON": 2.8857652654695274,
      "NMC": 2.855703914866728,
      "NUCLEAR": 2.125976318359375,
      "HERACOMB": 2.0586067149841707,
      "DYE886": 3.0495647083629263,
      "CDF": 1.5803932462419783,
      "D0": 1.5732797622680663,
      "ATLAS": 2.3873868233816964,
      "CMS": 2.931410400390625,
      "LHCb": 2.265662908554077,
      "total": 2.406881809234619
    }
  },
  "10100": {
    "training_loss": 7600.021484375,
    "validation_loss": [
      2826.31640625
    ],
    "validation_chi2s": {
      "DEUTERON": 2.8063296797263684,
      "NMC": 2.7179179472081803,
      "NUCLEAR": 2.1203525390625,
      "HERACOMB": 2.0588933408649917,
      "DYE886": 2.380870645696467,
      "CDF": 1.6782917295183455,
      "D0": 2.177041435241699,
      "ATLAS": 2.555507638113839,
      "CMS": 2.79538720703125,
      "LHCb": 2.530163288116455,
      "total": 2.3971972465515137
    }
  },
  "10200": {
    "training_loss": 7585.8837890625,
    "validation_loss": [
      2858.341064453125
    ],
    "validation_chi2s": {
      "DEUTERON": 2.9192605089785446,
      "NMC": 2.896499932981005,
      "NUCLEAR": 2.127187255859375,
      "HERACOMB": 2.023740082784416,
      "DYE886": 2.614199898459695,
      "CDF": 1.623695237295968,
      "D0": 1.8730632781982421,
      "ATLAS": 2.549864501953125,
      "CMS": 2.897475830078125,
      "LHCb": 2.398329734802246,
      "total": 2.4243600368499756
    }
  },
  "10300": {
    "training_loss": 7571.4736328125,
    "validation_loss": [
      2819.59130859375
    ],
    "validation_chi2s": {
      "DEUTERON": 2.764683054454291,
      "NMC": 2.666934742647059,
      "NUCLEAR": 2.12059814453125,
      "HERACOMB": 2.0868478413500817,
      "DYE886": 2.3468135486949575,
      "CDF": 1.7095088958740234,
      "D0": 2.050078201293945,
      "ATLAS": 2.5360599190848214,
      "CMS": 2.816815673828125,
      "LHCb": 2.4729397296905518,
      "total": 2.3915045261383057
    }
  },
  "10400": {
    "training_loss": 7569.3916015625,
    "validation_loss": [
      2807.21630859375
    ],
    "validation_chi2s": {
      "DEUTERON": 2.7811913941037,
      "NMC": 2.690157422832414,
      "NUCLEAR": 2.119485595703125,
      "HERACOMB": 2.0727305692784928,
      "DYE886": 2.1534272974187676,
      "CDF": 1.723912239074707,
      "D0": 2.2829240798950194,
      "ATLAS": 2.5086338588169643,
      "CMS": 2.754262939453125,
      "LHCb": 2.5385875701904297,
      "total": 2.3809545040130615
    }
  },
  "10500": {
    "training_loss": 7584.11962890625,
    "validation_loss": [
      2847.2060546875
    ],
    "validation_chi2s": {
      "DEUTERON": 2.898607244539024,
      "NMC": 2.8666690003638173,
      "NUCLEAR": 2.132765625,
      "HERACOMB": 2.0316975911458335,
      "DYE886": 2.509017077359286,
      "CDF": 1.611405645098005,
      "D0": 1.8984746932983398,
      "ATLAS": 2.5148526436941965,
      "CMS": 2.867636474609375,
      "LHCb": 2.483468770980835,
      "total": 2.414926767349243
    }
  },
  "10600": {
    "training_loss": 7577.29052734375,
    "validation_loss": [
      2823.755126953125
    ],
    "validation_chi2s": {
      "DEUTERON": 2.7939100882307213,
      "NMC": 2.6803959865196076,
      "NUCLEAR": 2.119093505859375,
      "HERACOMB": 2.0721599105136845,
      "DYE886": 2.317360271107067,
      "CDF": 1.7189453669956751,
      "D0": 2.1465864181518555,
      "ATLAS": 2.561952078683036,
      "CMS": 2.794221923828125,
      "LHCb": 2.4846441745758057,
      "total": 2.395028591156006
    }
  },
  "10700": {
    "training_loss": 7581.361328125,
    "validation_loss": [
      2817.473876953125
    ],
    "validation_chi2s": {
      "DEUTERON": 2.8032672939015857,
      "NMC": 2.733010385550705,
      "NUCLEAR": 2.117013427734375,
      "HERACOMB": 2.0489334405637254,
      "DYE886": 2.393063631924716,
      "CDF": 1.7017342703683036,
      "D0": 2.1882659912109377,
      "ATLAS": 2.54390380859375,
      "CMS": 2.770317626953125,
      "LHCb": 2.5150177478790283,
      "total": 2.3897056579589844
    }
  },
  "10800": {
    "training_loss": 7600.7822265625,
    "validation_loss": [
      2807.443115234375
    ],
    "validation_chi2s": {
      "DEUTERON": 2.795371288090796,
      "NMC": 2.7149738984949447,
      "NUCLEAR": 2.1139267578125,
      "HERACOMB": 2.061290267246221,
      "DYE886": 2.3467506061900747,
      "CDF": 1.6745531899588448,
      "D0": 2.160709571838379,
      "ATLAS": 2.4785981096540177,
      "CMS": 2.794000732421875,
      "LHCb": 2.496154308319092,
      "total": 2.381178140640259
    }
  },
  "10900": {
    "training_loss": 7586.1484375,
    "validation_loss": [
      2831.76806640625
    ],
    "validation_chi2s": {
      "DEUTERON": 2.8978362581623136,
      "NMC": 2.7776791441674327,
      "NUCLEAR": 2.1216865234375,
      "HERACOMB": 2.065490523194955,
      "DYE886": 2.624492471868342,
      "CDF": 1.602954319545201,
      "D0": 1.7443357467651368,
      "ATLAS": 2.408541259765625,
      "CMS": 2.905482666015625,
      "LHCb": 2.315232753753662,
      "total": 2.4018311500549316
    }
  },
  "11000": {
    "training_loss": 13382.8759765625,
    "validation_loss": [
      2852.376953125
    ],
    "validation_chi2s": {
      "DEUTERON": 2.9190139390935945,
      "NMC": 2.895935956169577,
      "NUCLEAR": 2.132078125,
      "HERACOMB": 2.042697881561479,
      "DYE886": 3.19607197154652,
      "CDF": 1.570787021092006,
      "D0": 1.5553353309631348,
      "ATLAS": 2.4078044782366073,
      "CMS": 2.95337841796875,
      "LHCb": 2.264807939529419,
      "total": 2.419316291809082
    }
  },
  "11100": {
    "training_loss": 7573.404296875,
    "validation_loss": [
      2820.84228515625
    ],
    "validation_chi2s": {
      "DEUTERON": 2.7879690293648944,
      "NMC": 2.6888203340418197,
      "NUCLEAR": 2.1224775390625,
      "HERACOMB": 2.069499495761846,
      "DYE886": 2.246774673461914,
      "CDF": 1.7928225653512138,
      "D0": 2.1667148590087892,
      "ATLAS": 2.5359823172433034,
      "CMS": 2.824233642578125,
      "LHCb": 2.4639596939086914,
      "total": 2.392465591430664
    }
  },
  "11200": {
    "training_loss": 7573.9794921875,
    "validation_loss": [
      2826.033935546875
    ],
    "validation_chi2s": {
      "DEUTERON": 2.8590236682796952,
      "NMC": 2.8223745308670343,
      "NUCLEAR": 2.114668701171875,
      "HERACOMB": 2.0297438677619484,
      "DYE886": 2.591046766801314,
      "CDF": 1.6577674320765905,
      "D0": 1.8957124710083009,
      "ATLAS": 2.512124720982143,
      "CMS": 2.834061279296875,
      "LHCb": 2.3817591667175293,
      "total": 2.39697527885437
    }
  },
  "11300": {
    "training_loss": 7599.71142578125,
    "validation_loss": [
      2849.309326171875
    ],
    "validation_chi2s": {
      "DEUTERON": 2.9086807782377178,
      "NMC": 2.8735378489774814,
      "NUCLEAR": 2.12207763671875,
      "HERACOMB": 2.0273483376097836,
      "DYE886": 2.4112975380637427,
      "CDF": 1.6688568932669503,
      "D0": 2.018508529663086,
      "ATLAS": 2.5474795968191963,
      "CMS": 2.861398681640625,
      "LHCb": 2.461817502975464,
      "total": 2.4166758060455322
    }
  },
  "11400": {
    "training_loss": 7565.7607421875,
    "validation_loss": [
      2832.72021484375
    ],
    "validation_chi2s": {
      "DEUTERON": 2.819155564948694,
      "NMC": 2.752566468481924,
      "NUCLEAR": 2.1157109375,
      "HERACOMB": 2.073174969043607,
      "DYE886": 2.8085269927978516,
      "CDF": 1.7088804244995117,
      "D0": 1.7584400177001953,
      "ATLAS": 2.4701688058035716,
      "CMS": 2.910874267578125,
      "LHCb": 2.3370816707611084,
      "total": 2.402552843093872
    }
  },
  "11500": {
    "training_loss": 7887.29541015625,
    "validation_loss": [
      2816.65234375
    ],
    "validation_chi2s": {
      "DEUTERON": 2.8096389390935945,
      "NMC": 2.725362740310968,
      "NUCLEAR": 2.109932373046875,
      "HERACOMB": 2.059591455397263,
      "DYE886": 2.53146674416282,
      "CDF": 1.6861953735351562,
      "D0": 2.0560060501098634,
      "ATLAS": 2.4830294363839287,
      "CMS": 2.837744873046875,
      "LHCb": 2.4334683418273926,
      "total": 2.388993978500366
    }
  },
  "11600": {
    "training_loss": 7589.23583984375,
    "validation_loss": [
      2823.720703125
    ],
    "validation_chi2s": {
      "DEUTERON": 2.812699806630908,
      "NMC": 2.75470838359758,
      "NUCLEAR": 2.119251708984375,
      "HERACOMB": 2.048583984375,
      "DYE886": 2.3787562630393286,
      "CDF": 1.7977444784981864,
      "D0": 2.063577079772949,
      "ATLAS": 2.5258633858816966,
      "CMS": 2.840008544921875,
      "LHCb": 2.4567928314208984,
      "total": 2.395012378692627
    }
  },
  "11700": {
    "training_loss": 7698.76171875,
    "validation_loss": [
      2846.33251953125
    ],
    "validation_chi2s": {
      "DEUTERON": 2.899621156910759,
      "NMC": 2.8844912659888173,
      "NUCLEAR": 2.122494873046875,
      "HERACOMB": 2.028055028977737,
      "DYE886": 2.314435612071644,
      "CDF": 1.7260856628417969,
      "D0": 2.115645980834961,
      "ATLAS": 2.5353677804129466,
      "CMS": 2.86212109375,
      "LHCb": 2.48476505279541,
      "total": 2.414134979248047
    }
  },
  "11800": {
    "training_loss": 7604.625,
    "validation_loss": [
      2849.958740234375
    ],
    "validation_chi2s": {
      "DEUTERON": 2.929238390566698,
      "NMC": 2.856675989487592,
      "NUCLEAR": 2.114442138671875,
      "HERACOMB": 2.0271869734221815,
      "DYE886": 2.4693714488636362,
      "CDF": 1.6785094397408622,
      "D0": 2.025568199157715,
      "ATLAS": 2.550134974888393,
      "CMS": 2.8496533203125,
      "LHCb": 2.4293410778045654,
      "total": 2.4172587394714355
    }
  },
  "11900": {
    "training_loss": 7965.32568359375,
    "validation_loss": [
      2915.2275390625
    ],
    "validation_chi2s": {
      "DEUTERON": 3.009482616215796,
      "NMC": 3.053286683325674,
      "NUCLEAR": 2.12663330078125,
      "HERACOMB": 2.0273453456903594,
      "DYE886": 3.0092086791992188,
      "CDF": 1.7406798771449499,
      "D0": 1.580090045928955,
      "ATLAS": 2.624624895368304,
      "CMS": 2.986135009765625,
      "LHCb": 2.369035005569458,
      "total": 2.472623825073242
    }
  },
  "12000": {
    "training_loss": 7567.35302734375,
    "validation_loss": [
      2814.15087890625
    ],
    "validation_chi2s": {
      "DEUTERON": 2.8230484540189678,
      "NMC": 2.7871751972273286,
      "NUCLEAR": 2.110331298828125,
      "HERACOMB": 2.054998460158803,
      "DYE886": 2.406841278076172,
      "CDF": 1.7231033870152064,
      "D0": 2.0009763717651365,
      "ATLAS": 2.4656124441964287,
      "CMS": 2.82093994140625,
      "LHCb": 2.46983003616333,
      "total": 2.3868932723999023
    }
  },
  "12100": {
    "training_loss": 7565.17919921875,
    "validation_loss": [
      2802.07275390625
    ],
    "validation_chi2s": {
      "DEUTERON": 2.7906983029189987,
      "NMC": 2.7198932124119177,
      "NUCLEAR": 2.1036962890625,
      "HERACOMB": 2.0669477874157476,
      "DYE886": 2.3679228695956143,
      "CDF": 1.6831825801304408,
      "D0": 2.1591089248657225,
      "ATLAS": 2.4817611258370538,
      "CMS": 2.7651787109375,
      "LHCb": 2.4530465602874756,
      "total": 2.3765695095062256
    }
  },
  "12200": {
    "training_loss": 7570.4931640625,
    "validation_loss": [
      2823.117431640625
    ],
    "validation_chi2s": {
      "DEUTERON": 2.80424901857898,
      "NMC": 2.6565557741651347,
      "NUCLEAR": 2.10467138671875,
      "HERACOMB": 2.085131476907169,
      "DYE886": 2.1279354095458984,
      "CDF": 1.7601097651890345,
      "D0": 2.068492889404297,
      "ATLAS": 2.545789097377232,
      "CMS": 2.843394775390625,
      "LHCb": 2.439832925796509,
      "total": 2.393714189529419
    }
  },
  "12300": {
    "training_loss": 44497.2900390625,
    "validation_loss": [
      2865.107177734375
    ],
    "validation_chi2s": {
      "DEUTERON": 2.905019579835199,
      "NMC": 2.896766513001685,
      "NUCLEAR": 2.1218291015625,
      "HERACOMB": 2.0385911729600696,
      "DYE886": 2.9553184509277344,
      "CDF": 1.7952984401157923,
      "D0": 1.6288026809692382,
      "ATLAS": 2.544562813895089,
      "CMS": 2.92237109375,
      "LHCb": 2.335090398788452,
      "total": 2.430110454559326
    }
  },
  "12400": {
    "training_loss": 7602.3359375,
    "validation_loss": [
      2810.1328125
    ],
    "validation_chi2s": {
      "DEUTERON": 2.859252626030006,
      "NMC": 2.810390397614124,
      "NUCLEAR": 2.100445556640625,
      "HERACOMB": 2.0334574381510415,
      "DYE886": 2.507450970736417,
      "CDF": 1.6495279584612166,
      "D0": 1.8033782958984375,
      "ATLAS": 2.4712259347098215,
      "CMS": 2.82521533203125,
      "LHCb": 2.324253559112549,
      "total": 2.3834826946258545
    }
  },
  "12500": {
    "training_loss": 7594.84912109375,
    "validation_loss": [
      2803.16552734375
    ],
    "validation_chi2s": {
      "DEUTERON": 2.8206428793532337,
      "NMC": 2.7331680597043504,
      "NUCLEAR": 2.1016572265625,
      "HERACOMB": 2.066473069533803,
      "DYE886": 2.597034974531694,
      "CDF": 1.6973977770124162,
      "D0": 1.7621360778808595,
      "ATLAS": 2.423489467075893,
      "CMS": 2.8514912109375,
      "LHCb": 2.246375560760498,
      "total": 2.3775782585144043
    }
  },
  "12600": {
    "training_loss": 7598.2626953125,
    "validation_loss": [
      2805.22412109375
    ],
    "validation_chi2s": {
      "DEUTERON": 2.8040428351407027,
      "NMC": 2.8019911822150734,
      "NUCLEAR": 2.109509765625,
      "HERACOMB": 2.037008447584763,
      "DYE886": 2.574244585904208,
      "CDF": 1.695314679827009,
      "D0": 1.8235069274902345,
      "ATLAS": 2.446689453125,
      "CMS": 2.870876220703125,
      "LHCb": 2.3196213245391846,
      "total": 2.3793129920959473
    }
  },
  "12700": {
    "training_loss": 7667.744140625,
    "validation_loss": [
      2838.84033203125
    ],
    "validation_chi2s": {
      "DEUTERON": 2.8963091646260883,
      "NMC": 2.8583134669883576,
      "NUCLEAR": 2.10713232421875,
      "HERACOMB": 2.0320779638352735,
      "DYE886": 2.365513888272372,
      "CDF": 1.6064510345458984,
      "D0": 2.077102470397949,
      "ATLAS": 2.5452962820870537,
      "CMS": 2.84096630859375,
      "LHCb": 2.4282524585723877,
      "total": 2.407837152481079
    }
  },
  "12800": {
    "training_loss": 7579.0078125,
    "validation_loss": [
      2808.170166015625
    ],
    "validation_chi2s": {
      "DEUTERON": 2.7788717545087063,
      "NMC": 2.7467705221737133,
      "NUCLEAR": 2.099592041015625,
      "HERACOMB": 2.039882684844771,
      "DYE886": 2.33970139243386,
      "CDF": 1.6855575016566686,
      "D0": 2.138992691040039,
      "ATLAS": 2.574735107421875,
      "CMS": 2.7630771484375,
      "LHCb": 2.4938745498657227,
      "total": 2.381823778152466
    }
  },
  "12900": {
    "training_loss": 7590.14892578125,
    "validation_loss": [
      2801.58056640625
    ],
    "validation_chi2s": {
      "DEUTERON": 2.7931573213036383,
      "NMC": 2.718068739947151,
      "NUCLEAR": 2.103908935546875,
      "HERACOMB": 2.057901020922692,
      "DYE886": 2.4705042405561968,
      "CDF": 1.6764647620064872,
      "D0": 1.8015996932983398,
      "ATLAS": 2.4726150948660712,
      "CMS": 2.849259521484375,
      "LHCb": 2.277256965637207,
      "total": 2.376235008239746
    }
  },
  "13000": {
    "training_loss": 7584.529296875,
    "validation_loss": [
      2805.371826171875
    ],
    "validation_chi2s": {
      "DEUTERON": 2.8173560906405473,
      "NMC": 2.767901252297794,
      "NUCLEAR": 2.110188720703125,
      "HERACOMB": 2.0627327713311887,
      "DYE886": 2.521076722578569,
      "CDF": 1.6555500030517578,
      "D0": 1.743610954284668,
      "ATLAS": 2.3976792689732145,
      "CMS": 2.90500634765625,
      "LHCb": 2.249021291732788,
      "total": 2.379450559616089
    }
  },
  "13100": {
    "training_loss": 7571.767578125,
    "validation_loss": [
      2823.876708984375
    ],
    "validation_chi2s": {
      "DEUTERON": 2.7687402222287,
      "NMC": 2.7063155828737746,
      "NUCLEAR": 2.09700927734375,
      "HERACOMB": 2.076959148731107,
      "DYE886": 2.2870509407737036,
      "CDF": 1.6922606059483118,
      "D0": 2.2674264907836914,
      "ATLAS": 2.637120884486607,
      "CMS": 2.74500244140625,
      "LHCb": 2.502479076385498,
      "total": 2.3951456546783447
    }
  },
  "13200": {
    "training_loss": 7589.9814453125,
    "validation_loss": [
      2828.53662109375
    ],
    "validation_chi2s": {
      "DEUTERON": 2.831146088405628,
      "NMC": 2.8054992077397367,
      "NUCLEAR": 2.10436669921875,
      "HERACOMB": 2.0416614806729982,
      "DYE886": 2.4871645840731533,
      "CDF": 1.6491031646728516,
      "D0": 1.85450439453125,
      "ATLAS": 2.541518031529018,
      "CMS": 2.88653466796875,
      "LHCb": 2.3489627838134766,
      "total": 2.3990981578826904
    }
  },
  "13300": {
    "training_loss": 7610.7265625,
    "validation_loss": [
      2827.13037109375
    ],
    "validation_chi2s": {
      "DEUTERON": 2.801409517354633,
      "NMC": 2.784718532188266,
      "NUCLEAR": 2.110822509765625,
      "HERACOMB": 2.0463089288449754,
      "DYE886": 2.542228351939808,
      "CDF": 1.7719805581229073,
      "D0": 1.939692497253418,
      "ATLAS": 2.5713863699776787,
      "CMS": 2.826557861328125,
      "LHCb": 2.409632682800293,
      "total": 2.3979055881500244
    }
  },
  "13400": {
    "training_loss": 7566.47900390625,
    "validation_loss": [
      2833.637451171875
    ],
    "validation_chi2s": {
      "DEUTERON": 2.8175917288557213,
      "NMC": 2.7678575702742036,
      "NUCLEAR": 2.10336328125,
      "HERACOMB": 2.1008675768484477,
      "DYE886": 2.6410269303755327,
      "CDF": 1.6416470663888114,
      "D0": 1.7852718353271484,
      "ATLAS": 2.4345150320870537,
      "CMS": 2.97447216796875,
      "LHCb": 2.2543234825134277,
      "total": 2.4034245014190674
    }
  },
  "13500": {
    "training_loss": 7572.423828125,
    "validation_loss": [
      2844.560791015625
    ],
    "validation_chi2s": {
      "DEUTERON": 2.8345497852534205,
      "NMC": 2.82866683660769,
      "NUCLEAR": 2.10387060546875,
      "HERACOMB": 2.0764359617544934,
      "DYE886": 2.62693960016424,
      "CDF": 1.721775736127581,
      "D0": 1.7919292449951172,
      "ATLAS": 2.452770821707589,
      "CMS": 3.0370771484375,
      "LHCb": 2.2676022052764893,
      "total": 2.412689447402954
    }
  },
  "13600": {
    "training_loss": 7568.16162109375,
    "validation_loss": [
      2838.0634765625
    ],
    "validation_chi2s": {
      "DEUTERON": 2.8467191629741917,
      "NMC": 2.8229552624272367,
      "NUCLEAR": 2.101937255859375,
      "HERACOMB": 2.0670048333460986,
      "DYE886": 2.59922270341353,
      "CDF": 1.718761989048549,
      "D0": 1.8801630020141602,
      "ATLAS": 2.445117710658482,
      "CMS": 2.994164306640625,
      "LHCb": 2.304142713546753,
      "total": 2.4071786403656006
    }
  },
  "13700": {
    "training_loss": 7583.1611328125,
    "validation_loss": [
      2822.5751953125
    ],
    "validation_chi2s": {
      "DEUTERON": 2.819671782688122,
      "NMC": 2.77586394665288,
      "NUCLEAR": 2.104709228515625,
      "HERACOMB": 2.073458802466299,
      "DYE886": 2.5041968605735083,
      "CDF": 1.6415002005440849,
      "D0": 1.9220266342163086,
      "ATLAS": 2.452775355747768,
      "CMS": 2.90528076171875,
      "LHCb": 2.3561692237854004,
      "total": 2.3940417766571045
    }
  },
  "13800": {
    "training_loss": 7605.85986328125,
    "validation_loss": [
      2810.89013671875
    ],
    "validation_chi2s": {
      "DEUTERON": 2.829733777402052,
      "NMC": 2.749454273897059,
      "NUCLEAR": 2.09401513671875,
      "HERACOMB": 2.0578788807189543,
      "DYE886": 2.3204742778431284,
      "CDF": 1.649040903363909,
      "D0": 2.2938055038452148,
      "ATLAS": 2.496215122767857,
      "CMS": 2.781247314453125,
      "LHCb": 2.457864284515381,
      "total": 2.3841311931610107
    }
  },
  "13900": {
    "training_loss": 7582.884765625,
    "validation_loss": [
      2817.82958984375
    ],
    "validation_chi2s": {
      "DEUTERON": 2.8280694306786383,
      "NMC": 2.7168776568244484,
      "NUCLEAR": 2.093780517578125,
      "HERACOMB": 2.0738118489583335,
      "DYE886": 2.361686012961648,
      "CDF": 1.653080940246582,
      "D0": 2.455903244018555,
      "ATLAS": 2.483710763113839,
      "CMS": 2.799120361328125,
      "LHCb": 2.5052542686462402,
      "total": 2.390016555786133
    }
  },
  "14000": {
    "training_loss": 7585.75390625,
    "validation_loss": [
      2819.857666015625
    ],
    "validation_chi2s": {
      "DEUTERON": 2.779674017607276,
      "NMC": 2.6851734834558822,
      "NUCLEAR": 2.0975,
      "HERACOMB": 2.073440053104575,
      "DYE886": 2.2744468342174184,
      "CDF": 1.7297499520438058,
      "D0": 2.5333948135375977,
      "ATLAS": 2.5776974051339288,
      "CMS": 2.7608896484375,
      "LHCb": 2.5519797801971436,
      "total": 2.3917367458343506
    }
  },
  "14100": {
    "training_loss": 7591.12060546875,
    "validation_loss": [
      2838.887451171875
    ],
    "validation_chi2s": {
      "DEUTERON": 2.831296095207556,
      "NMC": 2.762395222981771,
      "NUCLEAR": 2.09541357421875,
      "HERACOMB": 2.067862716375613,
      "DYE886": 2.6259512467817827,
      "CDF": 1.7455763135637556,
      "D0": 1.957756233215332,
      "ATLAS": 2.5022396414620536,
      "CMS": 2.95867333984375,
      "LHCb": 2.343804359436035,
      "total": 2.407877206802368
    }
  },
  "14200": {
    "training_loss": 7750.912109375,
    "validation_loss": [
      2891.433349609375
    ],
    "validation_chi2s": {
      "DEUTERON": 3.023359460024098,
      "NMC": 3.0169914096009496,
      "NUCLEAR": 2.126224853515625,
      "HERACOMB": 2.0367792665568833,
      "DYE886": 3.1266424005681817,
      "CDF": 1.658754621233259,
      "D0": 1.7233936309814453,
      "ATLAS": 2.4641305106026787,
      "CMS": 2.94553076171875,
      "LHCb": 2.437976598739624,
      "total": 2.4524455070495605
    }
  },
  "14300": {
    "training_loss": 7596.283203125,
    "validation_loss": [
      2819.35009765625
    ],
    "validation_chi2s": {
      "DEUTERON": 2.8269055115049753,
      "NMC": 2.666660084443934,
      "NUCLEAR": 2.10363623046875,
      "HERACOMB": 2.0808528326695264,
      "DYE886": 2.0667835582386362,
      "CDF": 1.721195902143206,
      "D0": 2.4929681777954102,
      "ATLAS": 2.577369210379464,
      "CMS": 2.729622314453125,
      "LHCb": 2.4313344955444336,
      "total": 2.391306161880493
    }
  },
  "14400": {
    "training_loss": 7608.86572265625,
    "validation_loss": [
      2814.357666015625
    ],
    "validation_chi2s": {
      "DEUTERON": 2.8164684997862253,
      "NMC": 2.7157871021943936,
      "NUCLEAR": 2.089919921875,
      "HERACOMB": 2.067242391748366,
      "DYE886": 2.5488159873268823,
      "CDF": 1.7077802930559431,
      "D0": 2.184434509277344,
      "ATLAS": 2.462582484654018,
      "CMS": 2.85936279296875,
      "LHCb": 2.3887863159179688,
      "total": 2.3870718479156494
    }
  },
  "14500": {
    "training_loss": 7623.203125,
    "validation_loss": [
      2884.47412109375
    ],
    "validation_chi2s": {
      "DEUTERON": 2.972477699393657,
      "NMC": 2.931984994925705,
      "NUCLEAR": 2.103658447265625,
      "HERACOMB": 2.05253630993413,
      "DYE886": 2.6124529405073686,
      "CDF": 1.527996335710798,
      "D0": 2.1403478622436523,
      "ATLAS": 2.5957461983816965,
      "CMS": 2.8809033203125,
      "LHCb": 2.4856953620910645,
      "total": 2.446542739868164
    }
  },
  "14600": {
    "training_loss": 7580.8203125,
    "validation_loss": [
      2836.864990234375
    ],
    "validation_chi2s": {
      "DEUTERON": 2.8420792764692164,
      "NMC": 2.7602491191789214,
      "NUCLEAR": 2.104421142578125,
      "HERACOMB": 2.0688831603604982,
      "DYE886": 2.2489405545321377,
      "CDF": 1.615971565246582,
      "D0": 2.627597427368164,
      "ATLAS": 2.573176792689732,
      "CMS": 2.772117431640625,
      "LHCb": 2.555177927017212,
      "total": 2.4061620235443115
    }
  },
  "14700": {
    "training_loss": 7624.86376953125,
    "validation_loss": [
      2803.61767578125
    ],
    "validation_chi2s": {
      "DEUTERON": 2.82675732664801,
      "NMC": 2.7259542427810968,
      "NUCLEAR": 2.0945478515625,
      "HERACOMB": 2.059777752246732,
      "DYE886": 2.405189340764826,
      "CDF": 1.6513261795043945,
      "D0": 2.3724489212036133,
      "ATLAS": 2.439846714564732,
      "CMS": 2.7912568359375,
      "LHCb": 2.4502389430999756,
      "total": 2.3779616355895996
    }
  }
}