{
  "100": {
    "training_loss": 225202.0,
    "validation_loss": [
      128705.09375
    ],
    "validation_chi2s": {
      "DEUTERON": 32.64461870335821,
      "NMC": 125.83192593443627,
      "NUCLEAR": 8.9065341796875,
      "HERACOMB": 114.46407781862744,
      "DYE886": 18.454735495827414,
      "CDF": 51.819972446986604,
      "D0": 414.613916015625,
      "ATLAS": 193.75715414325842,
      "CMS": 207.46204903455285,
      "LHCb": 157.49063110351562,
      "total": 101.85832977294922
    }
  },
  "200": {
    "training_loss": 122211.0,
    "validation_loss": [
      61661.6484375
    ],
    "validation_chi2s": {
      "DEUTERON": 37.30623250932836,
      "NMC": 55.15793026194853,
      "NUCLEAR": 5.82083740234375,
      "HERACOMB": 45.91511565563726,
      "DYE886": 14.076904296875,
      "CDF": 63.273345947265625,
      "D0": 62.07169189453125,
      "ATLAS": 105.18277080407303,
      "CMS": 50.291432450457314,
      "LHCb": 106.52998352050781,
      "total": 47.04025650024414
    }
  },
  "300": {
    "training_loss": 22364.33203125,
    "validation_loss": [
      10819.216796875
    ],
    "validation_chi2s": {
      "DEUTERON": 8.79074658446051,
      "NMC": 3.3671880983838847,
      "NUCLEAR": 5.26036572265625,
      "HERACOMB": 9.286885978349673,
      "DYE886": 66.8912686434659,
      "CDF": 10.54274422781808,
      "D0": 9.617547607421875,
      "ATLAS": 10.488849082689606,
      "CMS": 6.609908933561992,
      "LHCb": 7.064949035644531,
      "total": 9.019694328308105
    }
  },
  "400": {
    "training_loss": 18818.115234375,
    "validation_loss": [
      8728.9716796875
    ],
    "validation_chi2s": {
      "DEUTERON": 6.307448353933458,
      "NMC": 2.347945119820389,
      "NUCLEAR": 5.15083349609375,
      "HERACOMB": 5.732743406607435,
      "DYE886": 66.1529873934659,
      "CDF": 5.204371861049107,
      "D0": 7.561740112304688,
      "ATLAS": 8.98387025983146,
      "CMS": 6.490703799860264,
      "LHCb": 4.631241321563721,
      "total": 7.239465713500977
    }
  },
  "500": {
    "training_loss": 17293.06640625,
    "validation_loss": [
      7917.376953125
    ],
    "validation_chi2s": {
      "DEUTERON": 6.374468599385883,
      "NMC": 2.234151503619026,
      "NUCLEAR": 5.01514697265625,
      "HERACOMB": 4.484895992902369,
      "DYE886": 60.72907603870738,
      "CDF": 3.6723510197230746,
      "D0": 9.105519104003907,
      "ATLAS": 7.868662630574087,
      "CMS": 5.883746883733486,
      "LHCb": 4.008703231811523,
      "total": 6.548116207122803
    }
  },
  "600": {
    "training_loss": 11914.875,
    "validation_loss": [
      41721.453125
    ],
    "validation_chi2s": {
      "DEUTERON": 190.61157105099502,
      "NMC": 2.4793732587028954,
      "NUCLEAR": 3.10272119140625,
      "HERACOMB": 2.574307709737541,
      "DYE886": 6.931809165261009,
      "CDF": 1.115379810333252,
      "D0": 2.835445594787598,
      "ATLAS": 4.433106154538272,
      "CMS": 4.290110518292683,
      "LHCb": 4.150783538818359,
      "total": 35.289031982421875
    }
  },
  "700": {
    "training_loss": 9556.8427734375,
    "validation_loss": [
      3533.1396484375
    ],
    "validation_chi2s": {
      "DEUTERON": 4.328345455340485,
      "NMC": 2.4346602196786917,
      "NUCLEAR": 2.205044921875,
      "HERACOMB": 2.260733810125613,
      "DYE886": 6.275055625221946,
      "CDF": 0.9429494994027274,
      "D0": 1.685586166381836,
      "ATLAS": 3.1364128884304776,
      "CMS": 3.663501770515752,
      "LHCb": 2.4695537090301514,
      "total": 2.9547767639160156
    }
  },
  "800": {
    "training_loss": 8953.73046875,
    "validation_loss": [
      3263.33154296875
    ],
    "validation_chi2s": {
      "DEUTERON": 3.8161827580845773,
      "NMC": 2.345224417892157,
      "NUCLEAR": 2.0323360595703126,
      "HERACOMB": 2.1653035481770835,
      "DYE886": 5.681372902610085,
      "CDF": 1.2277980531964983,
      "D0": 2.1636098861694335,
      "ATLAS": 2.8114263984594454,
      "CMS": 3.486997774946011,
      "LHCb": 2.448850393295288,
      "total": 2.729020833969116
    }
  },
  "900": {
    "training_loss": 8781.2958984375,
    "validation_loss": [
      3087.741943359375
    ],
    "validation_chi2s": {
      "DEUTERON": 3.507208828902363,
      "NMC": 2.2979045194738053,
      "NUCLEAR": 1.95221337890625,
      "HERACOMB": 2.128682653888378,
      "DYE886": 3.6638776605779473,
      "CDF": 1.0223208836146764,
      "D0": 2.096683883666992,
      "ATLAS": 2.6389761935459095,
      "CMS": 3.4572595115599594,
      "LHCb": 2.6407458782196045,
      "total": 2.584563732147217
    }
  },
  "1000": {
    "training_loss": 9572.6767578125,
    "validation_loss": [
      3319.12158203125
    ],
    "validation_chi2s": {
      "DEUTERON": 4.498676356984608,
      "NMC": 2.3950050204407933,
      "NUCLEAR": 1.910419921875,
      "HERACOMB": 2.1419795416539014,
      "DYE886": 3.3843456615101206,
      "CDF": 0.9454793930053711,
      "D0": 3.1880638122558596,
      "ATLAS": 2.5397728052032127,
      "CMS": 3.8303498058784298,
      "LHCb": 3.13612699508667,
      "total": 2.7931807041168213
    }
  },
  "1100": {
    "training_loss": 8432.0,
    "validation_loss": [
      3177.0048828125
    ],
    "validation_chi2s": {
      "DEUTERON": 3.8930642806475437,
      "NMC": 2.2998311659869026,
      "NUCLEAR": 1.894442138671875,
      "HERACOMB": 2.1525946723090277,
      "DYE886": 3.208801963112571,
      "CDF": 0.8377111298697335,
      "D0": 2.3195917129516603,
      "ATLAS": 2.6996279941515975,
      "CMS": 3.5067220548304117,
      "LHCb": 2.970559597015381,
      "total": 2.659893035888672
    }
  },
  "1200": {
    "training_loss": 8274.7373046875,
    "validation_loss": [
      2835.44287109375
    ],
    "validation_chi2s": {
      "DEUTERON": 2.7294460315609452,
      "NMC": 2.385121364219516,
      "NUCLEAR": 1.8329835205078124,
      "HERACOMB": 2.135507421555862,
      "DYE886": 1.6386770768599077,
      "CDF": 0.9104381288800921,
      "D0": 2.7932928085327147,
      "ATLAS": 2.472775920053546,
      "CMS": 3.5415540245490345,
      "LHCb": 3.0286917686462402,
      "total": 2.3940773010253906
    }
  },
  "1300": {
    "training_loss": 8221.9306640625,
    "validation_loss": [
      2797.435546875
    ],
    "validation_chi2s": {
      "DEUTERON": 2.6712789203397076,
      "NMC": 2.3481744504442403,
      "NUCLEAR": 1.780488525390625,
      "HERACOMB": 2.133721844043607,
      "DYE886": 1.5517656152898616,
      "CDF": 0.9089306422642299,
      "D0": 2.6963645935058596,
      "ATLAS": 2.481832268532742,
      "CMS": 3.5104901073424797,
      "LHCb": 2.930799961090088,
      "total": 2.3640103340148926
    }
  },
  "1400": {
    "training_loss": 8189.48828125,
    "validation_loss": [
      2778.3701171875
    ],
    "validation_chi2s": {
      "DEUTERON": 2.6561245894550685,
      "NMC": 2.3233135447782627,
      "NUCLEAR": 1.753449462890625,
      "HERACOMB": 2.1320054796006946,
      "DYE886": 1.51505539634011,
      "CDF": 0.9147378376552037,
      "D0": 2.6847597122192384,
      "ATLAS": 2.484677604075228,
      "CMS": 3.4994680513211383,
      "LHCb": 2.8209619522094727,
      "total": 2.349733829498291
    }
  },
  "1500": {
    "training_loss": 8172.6708984375,
    "validation_loss": [
      2765.430908203125
    ],
    "validation_chi2s": {
      "DEUTERON": 2.6422210237873136,
      "NMC": 2.2999336392271754,
      "NUCLEAR": 1.73317138671875,
      "HERACOMB": 2.1312722598805145,
      "DYE886": 1.4811614643443713,
      "CDF": 0.9174590791974749,
      "D0": 2.7640199661254883,
      "ATLAS": 2.4970879715480163,
      "CMS": 3.4881346167587655,
      "LHCb": 2.733914613723755,
      "total": 2.340254783630371
    }
  },
  "1600": {
    "training_loss": 8154.67236328125,
    "validation_loss": [
      2754.724853515625
    ],
    "validation_chi2s": {
      "DEUTERON": 2.6310027013370645,
      "NMC": 2.282165377747779,
      "NUCLEAR": 1.7167327880859375,
      "HERACOMB": 2.1299602034824345,
      "DYE886": 1.459162798794833,
      "CDF": 0.9249647685459682,
      "D0": 2.761891746520996,
      "ATLAS": 2.4965288826588834,
      "CMS": 3.48699951171875,
      "LHCb": 2.6914708614349365,
      "total": 2.3320152759552
    }
  },
  "1700": {
    "training_loss": 8141.84521484375,
    "validation_loss": [
      2745.39892578125
    ],
    "validation_chi2s": {
      "DEUTERON": 2.6284383138020835,
      "NMC": 2.268711164885876,
      "NUCLEAR": 1.7076414794921875,
      "HERACOMB": 2.1248270670572915,
      "DYE886": 1.4653304706920276,
      "CDF": 0.9396083695547921,
      "D0": 2.73690185546875,
      "ATLAS": 2.4813571887069874,
      "CMS": 3.490278290539253,
      "LHCb": 2.637683391571045,
      "total": 2.324324607849121
    }
  },
  "1800": {
    "training_loss": 8125.7421875,
    "validation_loss": [
      2738.027587890625
    ],
    "validation_chi2s": {
      "DEUTERON": 2.630042232684235,
      "NMC": 2.260785121543735,
      "NUCLEAR": 1.6997034912109374,
      "HERACOMB": 2.1213825699550655,
      "DYE886": 1.476670351895419,
      "CDF": 0.9518726893833706,
      "D0": 2.673758697509766,
      "ATLAS": 2.46222832497586,
      "CMS": 3.5036933712842986,
      "LHCb": 2.5819942951202393,
      "total": 2.318431854248047
    }
  },
  "1900": {
    "training_loss": 8116.6181640625,
    "validation_loss": [
      2732.765380859375
    ],
    "validation_chi2s": {
      "DEUTERON": 2.624840883473259,
      "NMC": 2.245047176585478,
      "NUCLEAR": 1.692890869140625,
      "HERACOMB": 2.120141521777982,
      "DYE886": 1.4749641418457031,
      "CDF": 0.9587232044764927,
      "D0": 2.6735918045043947,
      "ATLAS": 2.4628849672467523,
      "CMS": 3.510103055132114,
      "LHCb": 2.5193235874176025,
      "total": 2.314175605773926
    }
  },
  "2000": {
    "training_loss": 8108.0185546875,
    "validation_loss": [
      2729.494140625
    ],
    "validation_chi2s": {
      "DEUTERON": 2.622051182077892,
      "NMC": 2.235180275112975,
      "NUCLEAR": 1.6862855224609374,
      "HERACOMB": 2.120169047436683,
      "DYE886": 1.4750517064874822,
      "CDF": 0.9626692363194057,
      "D0": 2.6752685546875,
      "ATLAS": 2.466752127315221,
      "CMS": 3.514085723132622,
      "LHCb": 2.470392942428589,
      "total": 2.3115923404693604
    }
  },
  "2100": {
    "training_loss": 8100.5283203125,
    "validation_loss": [
      2725.227783203125
    ],
    "validation_chi2s": {
      "DEUTERON": 2.6268495777946206,
      "NMC": 2.2305061489928004,
      "NUCLEAR": 1.678846435546875,
      "HERACOMB": 2.116391848894506,
      "DYE886": 1.484949978915128,
      "CDF": 0.967005729675293,
      "D0": 2.64505672454834,
      "ATLAS": 2.458925054314431,
      "CMS": 3.5212407305957827,
      "LHCb": 2.4350554943084717,
      "total": 2.308213233947754
    }
  },
  "2200": {
    "training_loss": 8095.705078125,
    "validation_loss": [
      2724.147216796875
    ],
    "validation_chi2s": {
      "DEUTERON": 2.6235427476873445,
      "NMC": 2.219690809062883,
      "NUCLEAR": 1.6731934814453124,
      "HERACOMB": 2.117862277560764,
      "DYE886": 1.4888243241743608,
      "CDF": 0.9704298291887555,
      "D0": 2.6859302520751953,
      "ATLAS": 2.4705568806508955,
      "CMS": 3.5198006978849086,
      "LHCb": 2.397993326187134,
      "total": 2.3074047565460205
    }
  },
  "2300": {
    "training_loss": 8090.92431640625,
    "validation_loss": [
      2720.404296875
    ],
    "validation_chi2s": {
      "DEUTERON": 2.6246550450870645,
      "NMC": 2.220373565075444,
      "NUCLEAR": 1.6698642578125,
      "HERACOMB": 2.114678875293607,
      "DYE886": 1.477963014082475,
      "CDF": 0.9699657303946358,
      "D0": 2.643962860107422,
      "ATLAS": 2.465644579255179,
      "CMS": 3.5186105123380336,
      "LHCb": 2.3872251510620117,
      "total": 2.3043744564056396
    }
  },
  "2400": {
    "training_loss": 8085.64306640625,
    "validation_loss": [
      2718.157470703125
    ],
    "validation_chi2s": {
      "DEUTERON": 2.6271590047807836,
      "NMC": 2.2127034804400276,
      "NUCLEAR": 1.6676019287109376,
      "HERACOMB": 2.1119037702971815,
      "DYE886": 1.4819771159778943,
      "CDF": 0.9697999273027692,
      "D0": 2.6291070938110352,
      "ATLAS": 2.4650698886828475,
      "CMS": 3.515697448234248,
      "LHCb": 2.37656831741333,
      "total": 2.302539587020874
    }
  },
  "2500": {
    "training_loss": 8082.12158203125,
    "validation_loss": [
      2716.63232421875
    ],
    "validation_chi2s": {
      "DEUTERON": 2.6274559818097014,
      "NMC": 2.206153570436964,
      "NUCLEAR": 1.663980224609375,
      "HERACOMB": 2.109897389131434,
      "DYE886": 1.4895123568448154,
      "CDF": 0.9706882749285016,
      "D0": 2.6596712112426757,
      "ATLAS": 2.4645524614312677,
      "CMS": 3.5149712291190296,
      "LHCb": 2.376479387283325,
      "total": 2.3012678623199463
    }
  },
  "2600": {
    "training_loss": 8076.7138671875,
    "validation_loss": [
      2715.9375
    ],
    "validation_chi2s": {
      "DEUTERON": 2.631243198072139,
      "NMC": 2.1978623633291208,
      "NUCLEAR": 1.6623846435546874,
      "HERACOMB": 2.108334809346916,
      "DYE886": 1.4950332641601562,
      "CDF": 0.9722508021763393,
      "D0": 2.695489692687988,
      "ATLAS": 2.463900791125351,
      "CMS": 3.5167171819423273,
      "LHCb": 2.3561654090881348,
      "total": 2.30076003074646
    }
  },
  "2700": {
    "training_loss": 8046.74560546875,
    "validation_loss": [
      2713.01220703125
    ],
    "validation_chi2s": {
      "DEUTERON": 2.66230371579602,
      "NMC": 2.232081244973575,
      "NUCLEAR": 1.6549398193359375,
      "HERACOMB": 2.0892108593111725,
      "DYE886": 1.453795693137429,
      "CDF": 1.006798199244908,
      "D0": 2.906886672973633,
      "ATLAS": 2.3965256937434165,
      "CMS": 3.559579740694868,
      "LHCb": 2.4058473110198975,
      "total": 2.29787278175354
    }
  },
  "2800": {
    "training_loss": 8029.9990234375,
    "validation_loss": [
      2739.419677734375
    ],
    "validation_chi2s": {
      "DEUTERON": 2.6563720703125,
      "NMC": 2.178973179237515,
      "NUCLEAR": 1.653625732421875,
      "HERACOMB": 2.1041341544755925,
      "DYE886": 1.365569461475719,
      "CDF": 0.9870251928056989,
      "D0": 3.7842479705810548,
      "ATLAS": 2.5362161357751054,
      "CMS": 3.514985867632114,
      "LHCb": 2.3805220127105713,
      "total": 2.319568395614624
    }
  },
  "2900": {
    "training_loss": 8035.95654296875,
    "validation_loss": [
      2733.51416015625
    ],
    "validation_chi2s": {
      "DEUTERON": 2.613635010980255,
      "NMC": 2.1545929254270066,
      "NUCLEAR": 1.6598079833984376,
      "HERACOMB": 2.116525288500817,
      "DYE886": 1.3687875054099343,
      "CDF": 0.9899073328290667,
      "D0": 3.6360004425048826,
      "ATLAS": 2.552614190605249,
      "CMS": 3.5097909322599086,
      "LHCb": 2.3084235191345215,
      "total": 2.3145556449890137
    }
  },
  "3000": {
    "training_loss": 8034.93505859375,
    "validation_loss": [
      2731.237060546875
    ],
    "validation_chi2s": {
      "DEUTERON": 2.6116226727689678,
      "NMC": 2.145507962095971,
      "NUCLEAR": 1.6575626220703126,
      "HERACOMB": 2.1175489238664214,
      "DYE886": 1.3750458630648525,
      "CDF": 0.9882702146257673,
      "D0": 3.6376506805419924,
      "ATLAS": 2.5519280594386413,
      "CMS": 3.5018412272135415,
      "LHCb": 2.3039731979370117,
      "total": 2.3126776218414307
    }
  },
  "3100": {
    "training_loss": 8035.15380859375,
    "validation_loss": [
      2728.322998046875
    ],
    "validation_chi2s": {
      "DEUTERON": 2.6155708275031095,
      "NMC": 2.1411062502393534,
      "NUCLEAR": 1.65585009765625,
      "HERACOMB": 2.1181483050577,
      "DYE886": 1.3770334937355735,
      "CDF": 0.9878060477120536,
      "D0": 3.6170722961425783,
      "ATLAS": 2.540325721997893,
      "CMS": 3.496777790348704,
      "LHCb": 2.2942466735839844,
      "total": 2.3102707862854004
    }
  },
  "3200": {
    "training_loss": 8019.3623046875,
    "validation_loss": [
      2741.890380859375
    ],
    "validation_chi2s": {
      "DEUTERON": 2.6210378770211444,
      "NMC": 2.1324504777496935,
      "NUCLEAR": 1.6602318115234376,
      "HERACOMB": 2.1221975688061683,
      "DYE886": 1.3767728805541992,
      "CDF": 0.9938344955444336,
      "D0": 3.9374622344970702,
      "ATLAS": 2.5775019613544594,
      "CMS": 3.507860881526296,
      "LHCb": 2.2812724113464355,
      "total": 2.3219640254974365
    }
  },
  "3300": {
    "training_loss": 8027.02099609375,
    "validation_loss": [
      2717.80859375
    ],
    "validation_chi2s": {
      "DEUTERON": 2.648165422885572,
      "NMC": 2.1410223268995097,
      "NUCLEAR": 1.6587933349609374,
      "HERACOMB": 2.1196279089435253,
      "DYE886": 1.5448788729580967,
      "CDF": 0.974910054888044,
      "D0": 2.9069108963012695,
      "ATLAS": 2.466644630003511,
      "CMS": 3.5037836834667173,
      "LHCb": 2.2591865062713623,
      "total": 2.302525758743286
    }
  },
  "3400": {
    "training_loss": 8045.2666015625,
    "validation_loss": [
      2712.788330078125
    ],
    "validation_chi2s": {
      "DEUTERON": 2.6285503634172884,
      "NMC": 2.1194983089671418,
      "NUCLEAR": 1.6465660400390625,
      "HERACOMB": 2.115109711690666,
      "DYE886": 1.5704754916104404,
      "CDF": 0.9678447587149483,
      "D0": 2.9119503021240236,
      "ATLAS": 2.4815552100706637,
      "CMS": 3.4919247510956555,
      "LHCb": 2.3369016647338867,
      "total": 2.298090934753418
    }
  },
  "3500": {
    "training_loss": 8018.78076171875,
    "validation_loss": [
      2711.44580078125
    ],
    "validation_chi2s": {
      "DEUTERON": 2.646549965018657,
      "NMC": 2.130893782073376,
      "NUCLEAR": 1.645251708984375,
      "HERACOMB": 2.1217908672257964,
      "DYE886": 1.5721139040860264,
      "CDF": 0.9767511912754604,
      "D0": 2.7833648681640626,
      "ATLAS": 2.4438965186644137,
      "CMS": 3.504163044254954,
      "LHCb": 2.313598871231079,
      "total": 2.297060489654541
    }
  },
  "3600": {
    "training_loss": 8026.31298828125,
    "validation_loss": [
      2711.03125
    ],
    "validation_chi2s": {
      "DEUTERON": 2.644991291103078,
      "NMC": 2.1169496424057903,
      "NUCLEAR": 1.645029052734375,
      "HERACOMB": 2.116976469949959,
      "DYE886": 1.5975433696400037,
      "CDF": 0.9889263425554548,
      "D0": 3.0099132537841795,
      "ATLAS": 2.455862323889572,
      "CMS": 3.4836438186769563,
      "LHCb": 2.3038382530212402,
      "total": 2.296764612197876
    }
  },
  "3700": {
    "training_loss": 8005.4716796875,
    "validation_loss": [
      2712.35888671875
    ],
    "validation_chi2s": {
      "DEUTERON": 2.651474074937811,
      "NMC": 2.1218876558191635,
      "NUCLEAR": 1.6429052734375,
      "HERACOMB": 2.1263198353885824,
      "DYE886": 1.5853600935502485,
      "CDF": 0.9694340569632394,
      "D0": 2.7235343933105467,
      "ATLAS": 2.4502436605732094,
      "CMS": 3.497920338700457,
      "LHCb": 2.310070037841797,
      "total": 2.2980949878692627
    }
  },
  "3800": {
    "training_loss": 8006.7939453125,
    "validation_loss": [
      2734.378173828125
    ],
    "validation_chi2s": {
      "DEUTERON": 2.610756641596704,
      "NMC": 2.0835994645661,
      "NUCLEAR": 1.657616455078125,
      "HERACOMB": 2.1305962855519813,
      "DYE886": 1.3892361901023171,
      "CDF": 1.011796474456787,
      "D0": 3.9689002990722657,
      "ATLAS": 2.5572765221756497,
      "CMS": 3.504866189103786,
      "LHCb": 2.2445852756500244,
      "total": 2.315972328186035
    }
  },
  "3900": {
    "training_loss": 7992.9970703125,
    "validation_loss": [
      2722.58544921875
    ],
    "validation_chi2s": {
      "DEUTERON": 2.6561452381646453,
      "NMC": 2.1117080987668504,
      "NUCLEAR": 1.637136474609375,
      "HERACOMB": 2.1153093724468954,
      "DYE886": 1.4011884169145064,
      "CDF": 1.0231078011648995,
      "D0": 4.0549365997314455,
      "ATLAS": 2.482029604108146,
      "CMS": 3.4872143753175813,
      "LHCb": 2.30881667137146,
      "total": 2.306185722351074
    }
  },
  "4000": {
    "training_loss": 8090.84814453125,
    "validation_loss": [
      2703.310791015625
    ],
    "validation_chi2s": {
      "DEUTERON": 2.645845175975591,
      "NMC": 2.0985744700712314,
      "NUCLEAR": 1.6359266357421876,
      "HERACOMB": 2.1085707720588234,
      "DYE886": 1.4463180195201526,
      "CDF": 1.016070774623326,
      "D0": 3.2255172729492188,
      "ATLAS": 2.4474449586332514,
      "CMS": 3.485253310785061,
      "LHCb": 2.316988468170166,
      "total": 2.2904305458068848
    }
  },
  "4100": {
    "training_loss": 8003.24951171875,
    "validation_loss": [
      2706.8173828125
    ],
    "validation_chi2s": {
      "DEUTERON": 2.6473725731693096,
      "NMC": 2.093222524605545,
      "NUCLEAR": 1.6355062255859374,
      "HERACOMB": 2.1285334568397674,
      "DYE886": 1.5515471371737393,
      "CDF": 0.9813228334699359,
      "D0": 2.8245418548583983,
      "ATLAS": 2.4482387585586376,
      "CMS": 3.478723541507876,
      "LHCb": 2.321847438812256,
      "total": 2.29347562789917
    }
  },
  "4200": {
    "training_loss": 7995.25146484375,
    "validation_loss": [
      2707.617431640625
    ],
    "validation_chi2s": {
      "DEUTERON": 2.6530710096976056,
      "NMC": 2.0887148988013173,
      "NUCLEAR": 1.6334599609375,
      "HERACOMB": 2.130331999336193,
      "DYE886": 1.5976503545587712,
      "CDF": 0.9848976135253906,
      "D0": 2.7458017349243162,
      "ATLAS": 2.4422147943732444,
      "CMS": 3.484881641418953,
      "LHCb": 2.320011854171753,
      "total": 2.2941813468933105
    }
  },
  "4300": {
    "training_loss": 7993.08935546875,
    "validation_loss": [
      2707.5810546875
    ],
    "validation_chi2s": {
      "DEUTERON": 2.65343114748523,
      "NMC": 2.08421983905867,
      "NUCLEAR": 1.631821533203125,
      "HERACOMB": 2.1315546970741424,
      "DYE886": 1.6234345869584517,
      "CDF": 0.9869307790483747,
      "D0": 2.7647275924682617,
      "ATLAS": 2.4413621881034935,
      "CMS": 3.479877751048018,
      "LHCb": 2.3237757682800293,
      "total": 2.294123411178589
    }
  },
  "4400": {
    "training_loss": 7989.50244140625,
    "validation_loss": [
      2708.456298828125
    ],
    "validation_chi2s": {
      "DEUTERON": 2.6524888982820274,
      "NMC": 2.0889544019512103,
      "NUCLEAR": 1.6329144287109374,
      "HERACOMB": 2.1343826593137254,
      "DYE886": 1.546782060102983,
      "CDF": 0.9889670099530902,
      "D0": 2.7753570556640623,
      "ATLAS": 2.4447503250636413,
      "CMS": 3.487461741377668,
      "LHCb": 2.3135733604431152,
      "total": 2.294830322265625
    }
  },
  "4500": {
    "training_loss": 7991.02734375,
    "validation_loss": [
      2707.1015625
    ],
    "validation_chi2s": {
      "DEUTERON": 2.6529531905900186,
      "NMC": 2.0745158475988053,
      "NUCLEAR": 1.6284432373046875,
      "HERACOMB": 2.1334573583665235,
      "DYE886": 1.6142494895241477,
      "CDF": 0.9907785143171038,
      "D0": 2.820511245727539,
      "ATLAS": 2.449136112513167,
      "CMS": 3.4747021682863313,
      "LHCb": 2.3014683723449707,
      "total": 2.293752670288086
    }
  },
  "4600": {
    "training_loss": 7993.40478515625,
    "validation_loss": [
      2705.5185546875
    ],
    "validation_chi2s": {
      "DEUTERON": 2.649599900886194,
      "NMC": 2.0754170137293197,
      "NUCLEAR": 1.627881103515625,
      "HERACOMB": 2.1320565416921977,
      "DYE886": 1.6210798783735796,
      "CDF": 0.9982243265424456,
      "D0": 2.9030595779418946,
      "ATLAS": 2.447378951512026,
      "CMS": 3.4617411295572915,
      "LHCb": 2.317121982574463,
      "total": 2.2924177646636963
    }
  },
  "4700": {
    "training_loss": 7990.34814453125,
    "validation_loss": [
      2704.75830078125
    ],
    "validation_chi2s": {
      "DEUTERON": 2.6516161866449006,
      "NMC": 2.0747952928730085,
      "NUCLEAR": 1.6292723388671875,
      "HERACOMB": 2.131282831329146,
      "DYE886": 1.5654719959605823,
      "CDF": 1.0055603299822127,
      "D0": 2.8278289794921876,
      "ATLAS": 2.449532841028792,
      "CMS": 3.469508473466082,
      "LHCb": 2.296407461166382,
      "total": 2.2917706966400146
    }
  },
  "4800": {
    "training_loss": 7990.58349609375,
    "validation_loss": [
      2703.652099609375
    ],
    "validation_chi2s": {
      "DEUTERON": 2.6485938836092973,
      "NMC": 2.0666681925455728,
      "NUCLEAR": 1.6303284912109375,
      "HERACOMB": 2.1323108548432392,
      "DYE886": 1.5504906394264915,
      "CDF": 1.0099719592503138,
      "D0": 2.831770896911621,
      "ATLAS": 2.454028526048982,
      "CMS": 3.4622227118267275,
      "LHCb": 2.2867162227630615,
      "total": 2.290830612182617
    }
  },
  "4900": {
    "training_loss": 7987.16357421875,
    "validation_loss": [
      2712.14306640625
    ],
    "validation_chi2s": {
      "DEUTERON": 2.624893112562189,
      "NMC": 2.0277407777075673,
      "NUCLEAR": 1.624427001953125,
      "HERACOMB": 2.145916508693321,
      "DYE886": 1.5863387367942117,
      "CDF": 0.9946441650390625,
      "D0": 3.138896942138672,
      "ATLAS": 2.5268285515603055,
      "CMS": 3.4345224271944867,
      "LHCb": 2.259183645248413,
      "total": 2.297916889190674
    }
  },
  "5000": {
    "training_loss": 7989.888671875,
    "validation_loss": [
      2704.6728515625
    ],
    "validation_chi2s": {
      "DEUTERON": 2.651558491721082,
      "NMC": 2.063417920879289,
      "NUCLEAR": 1.6297308349609374,
      "HERACOMB": 2.134867150799122,
      "DYE886": 1.586634722622958,
      "CDF": 0.9915939058576312,
      "D0": 2.8779420852661133,
      "ATLAS": 2.447156756111745,
      "CMS": 3.4622877167492376,
      "LHCb": 2.289792537689209,
      "total": 2.291741371154785
    }
  },
  "5100": {
    "training_loss": 7990.74951171875,
    "validation_loss": [
      2702.791259765625
    ],
    "validation_chi2s": {
      "DEUTERON": 2.6470458377060013,
      "NMC": 2.056418175790824,
      "NUCLEAR": 1.626952880859375,
      "HERACOMB": 2.1328839071435866,
      "DYE886": 1.6173121712424539,
      "CDF": 0.997706549508231,
      "D0": 2.881325531005859,
      "ATLAS": 2.4483054514681357,
      "CMS": 3.4575669203347306,
      "LHCb": 2.2987778186798096,
      "total": 2.2901289463043213
    }
  },
  "5200": {
    "training_loss": 7987.5712890625,
    "validation_loss": [
      2700.82421875
    ],
    "validation_chi2s": {
      "DEUTERON": 2.651329837628265,
      "NMC": 2.059470531987209,
      "NUCLEAR": 1.6266827392578125,
      "HERACOMB": 2.1304760103911358,
      "DYE886": 1.556353829123757,
      "CDF": 0.997826167515346,
      "D0": 2.864480972290039,
      "ATLAS": 2.4531027118811446,
      "CMS": 3.4493869688452743,
      "LHCb": 2.2833855152130127,
      "total": 2.2884840965270996
    }
  },
  "5300": {
    "training_loss": 7990.5625,
    "validation_loss": [
      2701.163818359375
    ],
    "validation_chi2s": {
      "DEUTERON": 2.647175499455846,
      "NMC": 2.050166260962393,
      "NUCLEAR": 1.6255771484375,
      "HERACOMB": 2.131438810061785,
      "DYE886": 1.6303371082652698,
      "CDF": 1.001058850969587,
      "D0": 2.9129819869995117,
      "ATLAS": 2.4486071983080233,
      "CMS": 3.447946439913618,
      "LHCb": 2.2983312606811523,
      "total": 2.288776397705078
    }
  },
  "5400": {
    "training_loss": 7982.1103515625,
    "validation_loss": [
      2701.94287109375
    ],
    "validation_chi2s": {
      "DEUTERON": 2.660073351504198,
      "NMC": 2.044301949295343,
      "NUCLEAR": 1.623370361328125,
      "HERACOMB": 2.1291067086014093,
      "DYE886": 1.640057303688743,
      "CDF": 0.9973844800676618,
      "D0": 2.8533208847045897,
      "ATLAS": 2.452299482367012,
      "CMS": 3.4512410977991617,
      "LHCb": 2.271472692489624,
      "total": 2.289473295211792
    }
  },
  "5500": {
    "training_loss": 7978.65087890625,
    "validation_loss": [
      2700.790283203125
    ],
    "validation_chi2s": {
      "DEUTERON": 2.653719925761816,
      "NMC": 2.0453079822016695,
      "NUCLEAR": 1.6239306640625,
      "HERACOMB": 2.125604168262357,
      "DYE886": 1.5783663662997158,
      "CDF": 0.9982005528041294,
      "D0": 2.8441274642944334,
      "ATLAS": 2.461248504981566,
      "CMS": 3.4529689385638975,
      "LHCb": 2.291316509246826,
      "total": 2.288490056991577
    }
  },
  "5600": {
    "training_loss": 7978.32470703125,
    "validation_loss": [
      2700.90234375
    ],
    "validation_chi2s": {
      "DEUTERON": 2.653006634308924,
      "NMC": 2.0451217352175246,
      "NUCLEAR": 1.62369677734375,
      "HERACOMB": 2.128954918555964,
      "DYE886": 1.593330209905451,
      "CDF": 1.0029029164995467,
      "D0": 2.868083381652832,
      "ATLAS": 2.4592278298367276,
      "CMS": 3.450306962176067,
      "LHCb": 2.2722859382629395,
      "total": 2.288591146469116
    }
  },
  "5700": {
    "training_loss": 7988.62646484375,
    "validation_loss": [
      2700.32373046875
    ],
    "validation_chi2s": {
      "DEUTERON": 2.65467432126477,
      "NMC": 2.053127214020374,
      "NUCLEAR": 1.6198140869140625,
      "HERACOMB": 2.1309136284722223,
      "DYE886": 1.6066112518310547,
      "CDF": 1.0216387340000697,
      "D0": 3.0287994384765624,
      "ATLAS": 2.4550601230578475,
      "CMS": 3.4364008709667173,
      "LHCb": 2.2567496299743652,
      "total": 2.288127899169922
    }
  },
  "5800": {
    "training_loss": 7978.57373046875,
    "validation_loss": [
      2699.71826171875
    ],
    "validation_chi2s": {
      "DEUTERON": 2.6548622852534205,
      "NMC": 2.048671049230239,
      "NUCLEAR": 1.6222254638671876,
      "HERACOMB": 2.1261066112642975,
      "DYE886": 1.59469933943315,
      "CDF": 1.0167581013270788,
      "D0": 2.9155588150024414,
      "ATLAS": 2.4567339607838834,
      "CMS": 3.441458849402947,
      "LHCb": 2.287111282348633,
      "total": 2.2876241207122803
    }
  },
  "5900": {
    "training_loss": 7981.20361328125,
    "validation_loss": [
      2699.0361328125
    ],
    "validation_chi2s": {
      "DEUTERON": 2.653126275361474,
      "NMC": 2.0379584817325367,
      "NUCLEAR": 1.622406005859375,
      "HERACOMB": 2.123522590188419,
      "DYE886": 1.593213514848189,
      "CDF": 1.021136965070452,
      "D0": 2.9726905822753906,
      "ATLAS": 2.4594748850618857,
      "CMS": 3.4425932101117884,
      "LHCb": 2.2794954776763916,
      "total": 2.287041187286377
    }
  },
  "6000": {
    "training_loss": 7968.3720703125,
    "validation_loss": [
      2699.70263671875
    ],
    "validation_chi2s": {
      "DEUTERON": 2.656827556553172,
      "NMC": 2.0490080889533546,
      "NUCLEAR": 1.6233228759765626,
      "HERACOMB": 2.121234170751634,
      "DYE886": 1.5919808474454014,
      "CDF": 1.0151293618338448,
      "D0": 2.8668651580810547,
      "ATLAS": 2.4602134790313377,
      "CMS": 3.446263010908918,
      "LHCb": 2.291465997695923,
      "total": 2.2876131534576416
    }
  },
  "6100": {
    "training_loss": 7978.970703125,
    "validation_loss": [
      2697.611328125
    ],
    "validation_chi2s": {
      "DEUTERON": 2.6609144827619713,
      "NMC": 2.050222957835478,
      "NUCLEAR": 1.6234844970703124,
      "HERACOMB": 2.123464347490298,
      "DYE886": 1.5564764196222478,
      "CDF": 1.0147948946271623,
      "D0": 2.96382999420166,
      "ATLAS": 2.4415670673498946,
      "CMS": 3.447125194518547,
      "LHCb": 2.2705881595611572,
      "total": 2.2858431339263916
    }
  },
  "6200": {
    "training_loss": 7958.32275390625,
    "validation_loss": [
      2729.045654296875
    ],
    "validation_chi2s": {
      "DEUTERON": 2.6373175625777363,
      "NMC": 2.0358232984355853,
      "NUCLEAR": 1.640688720703125,
      "HERACOMB": 2.1435652589486316,
      "DYE886": 1.4281537316062234,
      "CDF": 1.0366931642804826,
      "D0": 4.028854751586914,
      "ATLAS": 2.545953643455934,
      "CMS": 3.455845034219385,
      "LHCb": 2.219658136367798,
      "total": 2.312096118927002
    }
  },
  "6300": {
    "training_loss": 7960.5048828125,
    "validation_loss": [
      2713.751220703125
    ],
    "validation_chi2s": {
      "DEUTERON": 2.628302578902363,
      "NMC": 2.032583797679228,
      "NUCLEAR": 1.627663818359375,
      "HERACOMB": 2.126819087009804,
      "DYE886": 1.4307384490966797,
      "CDF": 1.0649021693638392,
      "D0": 3.9395999908447266,
      "ATLAS": 2.525165686446629,
      "CMS": 3.447977949933308,
      "LHCb": 2.2473654747009277,
      "total": 2.2995729446411133
    }
  },
  "6400": {
    "training_loss": 7953.42236328125,
    "validation_loss": [
      2722.17626953125
    ],
    "validation_chi2s": {
      "DEUTERON": 2.6261976251554726,
      "NMC": 2.030283011642157,
      "NUCLEAR": 1.635220703125,
      "HERACOMB": 2.1377609352660336,
      "DYE886": 1.4351113059303977,
      "CDF": 1.0520613534109933,
      "D0": 4.045838165283203,
      "ATLAS": 2.541038598907128,
      "CMS": 3.447633572710239,
      "LHCb": 2.2344906330108643,
      "total": 2.3064684867858887
    }
  },
  "6500": {
    "training_loss": 7954.357421875,
    "validation_loss": [
      2717.368408203125
    ],
    "validation_chi2s": {
      "DEUTERON": 2.629716711850902,
      "NMC": 2.0312220255533853,
      "NUCLEAR": 1.6300335693359376,
      "HERACOMB": 2.1296773673662175,
      "DYE886": 1.4302292737093838,
      "CDF": 1.0688446589878626,
      "D0": 4.059458541870117,
      "ATLAS": 2.540805088000351,
      "CMS": 3.4347616056116617,
      "LHCb": 2.2372076511383057,
      "total": 2.302734136581421
    }
  },
  "6600": {
    "training_loss": 7947.97265625,
    "validation_loss": [
      2717.466552734375
    ],
    "validation_chi2s": {
      "DEUTERON": 2.662811431125622,
      "NMC": 2.039093167174096,
      "NUCLEAR": 1.6337750244140625,
      "HERACOMB": 2.1368087070440156,
      "DYE886": 1.4141858707774768,
      "CDF": 1.023644174848284,
      "D0": 3.9445240020751955,
      "ATLAS": 2.4972400450974366,
      "CMS": 3.434539794921875,
      "LHCb": 2.2054824829101562,
      "total": 2.3023571968078613
    }
  },
  "6700": {
    "training_loss": 7951.08056640625,
    "validation_loss": [
      2711.6259765625
    ],
    "validation_chi2s": {
      "DEUTERON": 2.6211058962997513,
      "NMC": 2.0322358374502145,
      "NUCLEAR": 1.6382080078125,
      "HERACOMB": 2.131756751365911,
      "DYE886": 1.435124310580167,
      "CDF": 1.0531811714172363,
      "D0": 3.73558349609375,
      "ATLAS": 2.490694881824965,
      "CMS": 3.469130601340193,
      "LHCb": 2.264338493347168,
      "total": 2.297595262527466
    }
  },
  "6800": {
    "training_loss": 7946.75,
    "validation_loss": [
      2709.911865234375
    ],
    "validation_chi2s": {
      "DEUTERON": 2.63519287109375,
      "NMC": 2.0466541963465072,
      "NUCLEAR": 1.6368524169921874,
      "HERACOMB": 2.130710576873979,
      "DYE886": 1.4332068183205344,
      "CDF": 1.0354415348597936,
      "D0": 3.7078819274902344,
      "ATLAS": 2.4798921735099193,
      "CMS": 3.456098603039253,
      "LHCb": 2.2469730377197266,
      "total": 2.29622483253479
    }
  },
  "6900": {
    "training_loss": 7944.06982421875,
    "validation_loss": [
      2710.469482421875
    ],
    "validation_chi2s": {
      "DEUTERON": 2.6282691765780473,
      "NMC": 2.0272481581744026,
      "NUCLEAR": 1.6304703369140625,
      "HERACOMB": 2.1206226224213642,
      "DYE886": 1.435677094893022,
      "CDF": 1.0547161783490862,
      "D0": 4.022301101684571,
      "ATLAS": 2.522520086738501,
      "CMS": 3.4348340538459095,
      "LHCb": 2.2360734939575195,
      "total": 2.2969818115234375
    }
  },
  "7000": {
    "training_loss": 7961.1650390625,
    "validation_loss": [
      2692.309814453125
    ],
    "validation_chi2s": {
      "DEUTERON": 2.6707520745879973,
      "NMC": 2.062341278674556,
      "NUCLEAR": 1.62523046875,
      "HERACOMB": 2.118996613945057,
      "DYE886": 1.4994468688964844,
      "CDF": 0.999157224382673,
      "D0": 3.026461601257324,
      "ATLAS": 2.41745132274842,
      "CMS": 3.4437608176130587,
      "LHCb": 2.2320525646209717,
      "total": 2.28159499168396
    }
  },
  "7100": {
    "training_loss": 7944.03759765625,
    "validation_loss": [
      2697.60205078125
    ],
    "validation_chi2s": {
      "DEUTERON": 2.6419604856576493,
      "NMC": 2.0155029296875,
      "NUCLEAR": 1.629314453125,
      "HERACOMB": 2.129050460516238,
      "DYE886": 1.6224793520840732,
      "CDF": 0.9948182787214007,
      "D0": 2.9278820037841795,
      "ATLAS": 2.468273377150632,
      "CMS": 3.430987598450203,
      "LHCb": 2.238741397857666,
      "total": 2.286087989807129
    }
  },
  "7200": {
    "training_loss": 7939.79248046875,
    "validation_loss": [
      2708.88671875
    ],
    "validation_chi2s": {
      "DEUTERON": 2.6961244801383706,
      "NMC": 2.085427078546262,
      "NUCLEAR": 1.6499493408203125,
      "HERACOMB": 2.1315680609809027,
      "DYE886": 1.4478810050270774,
      "CDF": 1.0418039049421037,
      "D0": 3.2261070251464843,
      "ATLAS": 2.392410964108585,
      "CMS": 3.4860909314659554,
      "LHCb": 2.1791276931762695,
      "total": 2.295595407485962
    }
  },
  "7300": {
    "training_loss": 7933.0107421875,
    "validation_loss": [
      2703.122802734375
    ],
    "validation_chi2s": {
      "DEUTERON": 2.6244406628964554,
      "NMC": 2.0252935372146905,
      "NUCLEAR": 1.6317376708984375,
      "HERACOMB": 2.1129042681525734,
      "DYE886": 1.4480181607333096,
      "CDF": 1.0260441643851144,
      "D0": 4.107654190063476,
      "ATLAS": 2.512361333611306,
      "CMS": 3.408279294890117,
      "LHCb": 2.2261364459991455,
      "total": 2.2907252311706543
    }
  },
  "7400": {
    "training_loss": 7941.359375,
    "validation_loss": [
      2696.971435546875
    ],
    "validation_chi2s": {
      "DEUTERON": 2.6405086991798816,
      "NMC": 2.0030052334654567,
      "NUCLEAR": 1.63237353515625,
      "HERACOMB": 2.1160882688036153,
      "DYE886": 1.719565131447532,
      "CDF": 1.0025860241481237,
      "D0": 2.91268253326416,
      "ATLAS": 2.4721410515603055,
      "CMS": 3.435255593400661,
      "LHCb": 2.246506690979004,
      "total": 2.285553216934204
    }
  },
  "7500": {
    "training_loss": 7937.79248046875,
    "validation_loss": [
      2690.5810546875
    ],
    "validation_chi2s": {
      "DEUTERON": 2.6527345571944965,
      "NMC": 2.045322343414905,
      "NUCLEAR": 1.6329140625,
      "HERACOMB": 2.1078694661458335,
      "DYE886": 1.5018976384943181,
      "CDF": 0.951676777430943,
      "D0": 2.948562240600586,
      "ATLAS": 2.447633378961113,
      "CMS": 3.4422572686420225,
      "LHCb": 2.236219644546509,
      "total": 2.2801458835601807
    }
  },
  "7600": {
    "training_loss": 7946.6171875,
    "validation_loss": [
      2689.333984375
    ],
    "validation_chi2s": {
      "DEUTERON": 2.644656053229944,
      "NMC": 2.0261374080882355,
      "NUCLEAR": 1.6309947509765625,
      "HERACOMB": 2.110211540670956,
      "DYE886": 1.623030055652965,
      "CDF": 0.9779718944004604,
      "D0": 3.0358112335205076,
      "ATLAS": 2.435684889889835,
      "CMS": 3.4361807970496696,
      "LHCb": 2.244602680206299,
      "total": 2.2790868282318115
    }
  },
  "7700": {
    "training_loss": 7924.7109375,
    "validation_loss": [
      2725.83642578125
    ],
    "validation_chi2s": {
      "DEUTERON": 2.671182660914179,
      "NMC": 2.031137653425628,
      "NUCLEAR": 1.6474530029296874,
      "HERACOMB": 2.127148597069036,
      "DYE886": 1.4596989371559836,
      "CDF": 0.9689183916364398,
      "D0": 3.755925750732422,
      "ATLAS": 2.515683634897296,
      "CMS": 3.4864199258447663,
      "LHCb": 2.1630842685699463,
      "total": 2.309798002243042
    }
  },
  "7800": {
    "training_loss": 7919.12744140625,
    "validation_loss": [
      2712.26318359375
    ],
    "validation_chi2s": {
      "DEUTERON": 2.6223542322566855,
      "NMC": 2.0353202071844363,
      "NUCLEAR": 1.65202099609375,
      "HERACOMB": 2.1278824151731004,
      "DYE886": 1.4665000221946023,
      "CDF": 0.974581105368478,
      "D0": 3.839720916748047,
      "ATLAS": 2.492838313070576,
      "CMS": 3.456220673351753,
      "LHCb": 2.208846092224121,
      "total": 2.298336982727051
    }
  },
  "7900": {
    "training_loss": 7936.0966796875,
    "validation_loss": [
      2694.369140625
    ],
    "validation_chi2s": {
      "DEUTERON": 2.619249941697761,
      "NMC": 2.020802516563266,
      "NUCLEAR": 1.6365416259765626,
      "HERACOMB": 2.1289407568040235,
      "DYE886": 1.504958759654652,
      "CDF": 0.9485643931797573,
      "D0": 3.460158920288086,
      "ATLAS": 2.4637590044000177,
      "CMS": 3.413634261464685,
      "LHCb": 2.2242908477783203,
      "total": 2.2831146717071533
    }
  },
  "8000": {
    "training_loss": 7953.0966796875,
    "validation_loss": [
      2686.921142578125
    ],
    "validation_chi2s": {
      "DEUTERON": 2.640365676500311,
      "NMC": 2.039351818608303,
      "NUCLEAR": 1.636201416015625,
      "HERACOMB": 2.120090260225184,
      "DYE886": 1.5086973363702947,
      "CDF": 0.9646470206124442,
      "D0": 3.3888710021972654,
      "ATLAS": 2.420060404231039,
      "CMS": 3.4039187547637195,
      "LHCb": 2.216758966445923,
      "total": 2.2768983840942383
    }
  },
  "8100": {
    "training_loss": 7943.68896484375,
    "validation_loss": [
      2699.904541015625
    ],
    "validation_chi2s": {
      "DEUTERON": 2.666307439851524,
      "NMC": 2.0311663758520986,
      "NUCLEAR": 1.6500220947265625,
      "HERACOMB": 2.1177922666462417,
      "DYE886": 1.6097306338223545,
      "CDF": 0.9678277969360352,
      "D0": 3.010167121887207,
      "ATLAS": 2.458590046743329,
      "CMS": 3.425179582301194,
      "LHCb": 2.1443002223968506,
      "total": 2.2880523204803467
    }
  },
  "8200": {
    "training_loss": 7917.31494140625,
    "validation_loss": [
      2692.593505859375
    ],
    "validation_chi2s": {
      "DEUTERON": 2.6377071551422575,
      "NMC": 2.0231306786630667,
      "NUCLEAR": 1.64096875,
      "HERACOMB": 2.1310480653850083,
      "DYE886": 1.6479400287974963,
      "CDF": 0.902400289263044,
      "D0": 2.907184028625488,
      "ATLAS": 2.445503149139747,
      "CMS": 3.4059195169588414,
      "LHCb": 2.2193310260772705,
      "total": 2.2818570137023926
    }
  },
  "8300": {
    "training_loss": 7916.84619140625,
    "validation_loss": [
      2700.5439453125
    ],
    "validation_chi2s": {
      "DEUTERON": 2.6289845936333953,
      "NMC": 2.017298978917739,
      "NUCLEAR": 1.6485455322265625,
      "HERACOMB": 2.1135122261795343,
      "DYE886": 1.436263691295277,
      "CDF": 0.9310924666268485,
      "D0": 3.644805145263672,
      "ATLAS": 2.5087636883339184,
      "CMS": 3.4109710445248984,
      "LHCb": 2.1751232147216797,
      "total": 2.2885220050811768
    }
  },
  "8400": {
    "training_loss": 7915.03271484375,
    "validation_loss": [
      2698.3193359375
    ],
    "validation_chi2s": {
      "DEUTERON": 2.6127422579485384,
      "NMC": 2.021783716538373,
      "NUCLEAR": 1.65038427734375,
      "HERACOMB": 2.120304082733354,
      "DYE886": 1.4584631486372515,
      "CDF": 0.9334354400634766,
      "D0": 3.491373062133789,
      "ATLAS": 2.474658751755618,
      "CMS": 3.4413916114869156,
      "LHCb": 2.22310471534729,
      "total": 2.286555051803589
    }
  },
  "8500": {
    "training_loss": 7909.17529296875,
    "validation_loss": [
      2712.35546875
    ],
    "validation_chi2s": {
      "DEUTERON": 2.6329366959149563,
      "NMC": 2.0059615490483305,
      "NUCLEAR": 1.6521856689453125,
      "HERACOMB": 2.1275746463950163,
      "DYE886": 1.4373509667136453,
      "CDF": 0.8858300617762974,
      "D0": 3.5530357360839844,
      "ATLAS": 2.5779441233431357,
      "CMS": 3.3911165066850866,
      "LHCb": 2.101077079772949,
      "total": 2.298455238342285
    }
  },
  "8600": {
    "training_loss": 7923.150390625,
    "validation_loss": [
      2698.056884765625
    ],
    "validation_chi2s": {
      "DEUTERON": 2.631136310634328,
      "NMC": 2.0489115995519303,
      "NUCLEAR": 1.65213134765625,
      "HERACOMB": 2.1128484189899917,
      "DYE886": 1.4750716469504617,
      "CDF": 0.8977204731532505,
      "D0": 3.3708301544189454,
      "ATLAS": 2.4824583932255093,
      "CMS": 3.4167716173621696,
      "LHCb": 2.2047386169433594,
      "total": 2.2864856719970703
    }
  },
  "8700": {
    "training_loss": 7919.212890625,
    "validation_loss": [
      2686.28076171875
    ],
    "validation_chi2s": {
      "DEUTERON": 2.666293167949316,
      "NMC": 2.0543109669404873,
      "NUCLEAR": 1.6491343994140626,
      "HERACOMB": 2.114291920381434,
      "DYE886": 1.4585892070423474,
      "CDF": 0.8846031597682408,
      "D0": 3.0952054977416994,
      "ATLAS": 2.430312253116222,
      "CMS": 3.362309153487043,
      "LHCb": 2.21671986579895,
      "total": 2.276508092880249
    }
  },
  "8800": {
    "training_loss": 7905.3173828125,
    "validation_loss": [
      2689.260986328125
    ],
    "validation_chi2s": {
      "DEUTERON": 2.694130665034204,
      "NMC": 2.0855632108800553,
      "NUCLEAR": 1.6579024658203125,
      "HERACOMB": 2.113763547411152,
      "DYE886": 1.4668338082053445,
      "CDF": 0.8520378385271344,
      "D0": 2.5397933959960937,
      "ATLAS": 2.3695495262574613,
      "CMS": 3.4495474962684196,
      "LHCb": 2.199126958847046,
      "total": 2.2790255546569824
    }
  },
  "8900": {
    "training_loss": 7912.07861328125,
    "validation_loss": [
      2692.0263671875
    ],
    "validation_chi2s": {
      "DEUTERON": 2.6224860196089863,
      "NMC": 2.0129799936331954,
      "NUCLEAR": 1.6588284912109375,
      "HERACOMB": 2.108670502706291,
      "DYE886": 1.4500931826504795,
      "CDF": 0.8586115155901227,
      "D0": 3.076820945739746,
      "ATLAS": 2.51425308056092,
      "CMS": 3.387081239281631,
      "LHCb": 2.1703007221221924,
      "total": 2.2813730239868164
    }
  },
  "9000": {
    "training_loss": 7924.39990234375,
    "validation_loss": [
      2687.72509765625
    ],
    "validation_chi2s": {
      "DEUTERON": 2.689435209207867,
      "NMC": 2.0884683646407782,
      "NUCLEAR": 1.6516793212890626,
      "HERACOMB": 2.1244083977992236,
      "DYE886": 1.4870621074329724,
      "CDF": 0.8545895985194615,
      "D0": 2.6994571685791016,
      "ATLAS": 2.3851311501492276,
      "CMS": 3.3909348898786837,
      "LHCb": 2.1973581314086914,
      "total": 2.277731418609619
    }
  },
  "9100": {
    "training_loss": 7920.33056640625,
    "validation_loss": [
      2685.9052734375
    ],
    "validation_chi2s": {
      "DEUTERON": 2.675546826414801,
      "NMC": 2.0566684498506436,
      "NUCLEAR": 1.6684910888671876,
      "HERACOMB": 2.1175393497242645,
      "DYE886": 1.4583967382257634,
      "CDF": 0.8410968780517578,
      "D0": 2.4481048583984375,
      "ATLAS": 2.367880489049333,
      "CMS": 3.4435861478976117,
      "LHCb": 2.203282356262207,
      "total": 2.276073694229126
    }
  },
  "9200": {
    "training_loss": 7910.88671875,
    "validation_loss": [
      2692.8095703125
    ],
    "validation_chi2s": {
      "DEUTERON": 2.6263476319574006,
      "NMC": 2.0242314058191635,
      "NUCLEAR": 1.6691446533203125,
      "HERACOMB": 2.1292255875331905,
      "DYE886": 1.4563210227272727,
      "CDF": 0.8680343627929688,
      "D0": 2.9104223251342773,
      "ATLAS": 2.471355309647121,
      "CMS": 3.388745563786204,
      "LHCb": 2.1534957885742188,
      "total": 2.2820417881011963
    }
  },
  "9300": {
    "training_loss": 7893.41748046875,
    "validation_loss": [
      2695.048828125
    ],
    "validation_chi2s": {
      "DEUTERON": 2.6760181028451493,
      "NMC": 2.020794587976792,
      "NUCLEAR": 1.6612403564453124,
      "HERACOMB": 2.118557200712316,
      "DYE886": 1.6888682625510476,
      "CDF": 0.8278173719133649,
      "D0": 2.348495292663574,
      "ATLAS": 2.4341466667946805,
      "CMS": 3.412038911648882,
      "LHCb": 2.2226827144622803,
      "total": 2.2839391231536865
    }
  },
  "9400": {
    "training_loss": 7941.5322265625,
    "validation_loss": [
      2684.9814453125
    ],
    "validation_chi2s": {
      "DEUTERON": 2.6898909991060322,
      "NMC": 2.0591071633731617,
      "NUCLEAR": 1.6599908447265626,
      "HERACOMB": 2.1251059139476105,
      "DYE886": 1.4416960802945225,
      "CDF": 0.8152967861720494,
      "D0": 2.616189956665039,
      "ATLAS": 2.3726492892490345,
      "CMS": 3.4001328383034806,
      "LHCb": 2.18387508392334,
      "total": 2.275407314300537
    }
  },
  "9500": {
    "training_loss": 7891.47216796875,
    "validation_loss": [
      2694.63232421875
    ],
    "validation_chi2s": {
      "DEUTERON": 2.642946157882463,
      "NMC": 2.0308625464345895,
      "NUCLEAR": 1.6787991943359375,
      "HERACOMB": 2.1321237601485907,
      "DYE886": 1.4672738855535334,
      "CDF": 0.8341576031276158,
      "D0": 2.7234243392944335,
      "ATLAS": 2.4309932408707864,
      "CMS": 3.4137176265561484,
      "LHCb": 2.1760480403900146,
      "total": 2.2834970951080322
    }
  },
  "9600": {
    "training_loss": 7891.04541015625,
    "validation_loss": [
      2699.16357421875
    ],
    "validation_chi2s": {
      "DEUTERON": 2.667651124261505,
      "NMC": 2.004308214374617,
      "NUCLEAR": 1.6686973876953124,
      "HERACOMB": 2.1320577384599675,
      "DYE886": 1.6879158020019531,
      "CDF": 0.8198355266026088,
      "D0": 2.34329776763916,
      "ATLAS": 2.4173028495874296,
      "CMS": 3.441510456364329,
      "LHCb": 2.224729537963867,
      "total": 2.2873597145080566
    }
  },
  "9700": {
    "training_loss": 7911.8720703125,
    "validation_loss": [
      2686.3623046875
    ],
    "validation_chi2s": {
      "DEUTERON": 2.6774258589863185,
      "NMC": 1.989962708716299,
      "NUCLEAR": 1.6559425048828125,
      "HERACOMB": 2.110445309308619,
      "DYE886": 1.4365117333152078,
      "CDF": 0.8167710304260254,
      "D0": 2.683325004577637,
      "ATLAS": 2.4906943674837607,
      "CMS": 3.3540895043349845,
      "LHCb": 2.0891101360321045,
      "total": 2.276554822921753
    }
  },
  "9800": {
    "training_loss": 7895.44921875,
    "validation_loss": [
      2691.6728515625
    ],
    "validation_chi2s": {
      "DEUTERON": 2.6431423206234452,
      "NMC": 1.9958371929093903,
      "NUCLEAR": 1.663878173828125,
      "HERACOMB": 2.1239943161509394,
      "DYE886": 1.5961931402033025,
      "CDF": 0.8297133445739746,
      "D0": 2.7163328170776366,
      "ATLAS": 2.4752068680323913,
      "CMS": 3.3607974168730945,
      "LHCb": 2.2051095962524414,
      "total": 2.281006097793579
    }
  },
  "9900": {
    "training_loss": 7937.3857421875,
    "validation_loss": [
      2682.80859375
    ],
    "validation_chi2s": {
      "DEUTERON": 2.6741396775886193,
      "NMC": 2.0411382936963847,
      "NUCLEAR": 1.6676077880859375,
      "HERACOMB": 2.1060222550934435,
      "DYE886": 1.5098245794122869,
      "CDF": 0.8196917942592076,
      "D0": 2.440529441833496,
      "ATLAS": 2.3637256408005616,
      "CMS": 3.4513400938452743,
      "LHCb": 2.225983142852783,
      "total": 2.2735540866851807
    }
  },
  "10000": {
    "training_loss": 7957.7001953125,
    "validation_loss": [
      2685.06982421875
    ],
    "validation_chi2s": {
      "DEUTERON": 2.709897169426306,
      "NMC": 2.0677210489908853,
      "NUCLEAR": 1.6619744873046876,
      "HERACOMB": 2.106802547679228,
      "DYE886": 1.576672987504439,
      "CDF": 0.8219777515956334,
      "D0": 2.2271018981933595,
      "ATLAS": 2.349313114466292,
      "CMS": 3.4427760674701475,
      "LHCb": 2.199141025543213,
      "total": 2.275458812713623
    }
  },
  "10100": {
    "training_loss": 7890.8056640625,
    "validation_loss": [
      2693.6416015625
    ],
    "validation_chi2s": {
      "DEUTERON": 2.6563574947527986,
      "NMC": 2.001569710525812,
      "NUCLEAR": 1.6635732421875,
      "HERACOMB": 2.1312578986672794,
      "DYE886": 1.4888534545898438,
      "CDF": 0.7659641674586705,
      "D0": 2.358968734741211,
      "ATLAS": 2.4497480070992803,
      "CMS": 3.4283854166666665,
      "LHCb": 2.1913371086120605,
      "total": 2.2827470302581787
    }
  },
  "10200": {
    "training_loss": 7924.42333984375,
    "validation_loss": [
      2685.009765625
    ],
    "validation_chi2s": {
      "DEUTERON": 2.6720377604166665,
      "NMC": 2.0061820535098804,
      "NUCLEAR": 1.659580322265625,
      "HERACOMB": 2.097747802734375,
      "DYE886": 1.4417918812144885,
      "CDF": 0.7731614794049945,
      "D0": 2.6341150283813475,
      "ATLAS": 2.4402311517951194,
      "CMS": 3.421800070661839,
      "LHCb": 2.1904337406158447,
      "total": 2.2754323482513428
    }
  },
  "10300": {
    "training_loss": 7904.0478515625,
    "validation_loss": [
      2698.307373046875
    ],
    "validation_chi2s": {
      "DEUTERON": 2.6848554468866603,
      "NMC": 2.012485429352405,
      "NUCLEAR": 1.6635682373046874,
      "HERACOMB": 2.104116801342933,
      "DYE886": 1.4488337256691672,
      "CDF": 0.76158264705113,
      "D0": 2.8794069290161133,
      "ATLAS": 2.477995283148262,
      "CMS": 3.4184954883606453,
      "LHCb": 2.144674301147461,
      "total": 2.2866370677948
    }
  },
  "10400": {
    "training_loss": 7924.87646484375,
    "validation_loss": [
      2692.897216796875
    ],
    "validation_chi2s": {
      "DEUTERON": 2.6954035972481343,
      "NMC": 2.0499152389227175,
      "NUCLEAR": 1.657226318359375,
      "HERACOMB": 2.117093154807496,
      "DYE886": 1.4277394034645774,
      "CDF": 0.7636510304042271,
      "D0": 2.4124942779541017,
      "ATLAS": 2.420199104909147,
      "CMS": 3.4304888965637703,
      "LHCb": 2.2128570079803467,
      "total": 2.282116174697876
    }
  },
  "10500": {
    "training_loss": 7898.58056640625,
    "validation_loss": [
      2696.363525390625
    ],
    "validation_chi2s": {
      "DEUTERON": 2.6724489126632465,
      "NMC": 2.0096625533758425,
      "NUCLEAR": 1.665060546875,
      "HERACOMB": 2.1128486184512867,
      "DYE886": 1.6539112437855115,
      "CDF": 0.7946246692112514,
      "D0": 2.3289554595947264,
      "ATLAS": 2.452669636587079,
      "CMS": 3.4193400561324947,
      "LHCb": 2.2349905967712402,
      "total": 2.2850539684295654
    }
  },
  "10600": {
    "training_loss": 7915.78271484375,
    "validation_loss": [
      2693.47802734375
    ],
    "validation_chi2s": {
      "DEUTERON": 2.645900441639459,
      "NMC": 2.0147664687212776,
      "NUCLEAR": 1.667128662109375,
      "HERACOMB": 2.1202631931678924,
      "DYE886": 1.5597870566628196,
      "CDF": 0.8252390452793666,
      "D0": 2.41776180267334,
      "ATLAS": 2.4616354610143083,
      "CMS": 3.4131405217860773,
      "LHCb": 2.220602035522461,
      "total": 2.2826087474823
    }
  },
  "10700": {
    "training_loss": 7951.4775390625,
    "validation_loss": [
      2683.972412109375
    ],
    "validation_chi2s": {
      "DEUTERON": 2.6919288445467973,
      "NMC": 2.062301186954274,
      "NUCLEAR": 1.6669765625,
      "HERACOMB": 2.097158793530433,
      "DYE886": 1.4491813833063298,
      "CDF": 0.7920633043561663,
      "D0": 2.478422927856445,
      "ATLAS": 2.3975533474697155,
      "CMS": 3.4211562241965194,
      "LHCb": 2.1704156398773193,
      "total": 2.274542808532715
    }
  },
  "10800": {
    "training_loss": 7978.3740234375,
    "validation_loss": [
      2699.4892578125
    ],
    "validation_chi2s": {
      "DEUTERON": 2.642619422419154,
      "NMC": 2.0201954561121322,
      "NUCLEAR": 1.6683563232421874,
      "HERACOMB": 2.113315158420139,
      "DYE886": 1.5752157731489702,
      "CDF": 0.829390321459089,
      "D0": 2.502410316467285,
      "ATLAS": 2.4594315089536516,
      "CMS": 3.461045179909807,
      "LHCb": 2.2664906978607178,
      "total": 2.287677526473999
    }
  },
  "10900": {
    "training_loss": 7912.33544921875,
    "validation_loss": [
      2696.92578125
    ],
    "validation_chi2s": {
      "DEUTERON": 2.6296936338813746,
      "NMC": 2.0124776503619026,
      "NUCLEAR": 1.6622713623046874,
      "HERACOMB": 2.121543136297488,
      "DYE886": 1.4832205338911577,
      "CDF": 0.8050013950892857,
      "D0": 2.6641878128051757,
      "ATLAS": 2.510286995534147,
      "CMS": 3.3995879878842734,
      "LHCb": 2.221018075942993,
      "total": 2.2855300903320312
    }
  },
  "11000": {
    "training_loss": 7966.34228515625,
    "validation_loss": [
      2692.787109375
    ],
    "validation_chi2s": {
      "DEUTERON": 2.71734619140625,
      "NMC": 2.077572691674326,
      "NUCLEAR": 1.6571683349609374,
      "HERACOMB": 2.1031540016722836,
      "DYE886": 1.6124373349276455,
      "CDF": 0.7928812163216727,
      "D0": 2.183466911315918,
      "ATLAS": 2.366354610143083,
      "CMS": 3.4714196678099594,
      "LHCb": 2.2416563034057617,
      "total": 2.2820229530334473
    }
  },
  "11100": {
    "training_loss": 7938.49853515625,
    "validation_loss": [
      2704.08642578125
    ],
    "validation_chi2s": {
      "DEUTERON": 2.6930505553288246,
      "NMC": 2.0836198096181833,
      "NUCLEAR": 1.6566845703125,
      "HERACOMB": 2.125143013748468,
      "DYE886": 1.4040460586547852,
      "CDF": 0.7730106626238141,
      "D0": 2.38889102935791,
      "ATLAS": 2.4462185977550037,
      "CMS": 3.4567248336667937,
      "LHCb": 2.2268898487091064,
      "total": 2.2915985584259033
    }
  },
  "11200": {
    "training_loss": 7905.923828125,
    "validation_loss": [
      2716.44921875
    ],
    "validation_chi2s": {
      "DEUTERON": 2.680997478428172,
      "NMC": 2.0391986323337927,
      "NUCLEAR": 1.6719093017578126,
      "HERACOMB": 2.1263194364659928,
      "DYE886": 1.4335436387495561,
      "CDF": 0.8166578837803432,
      "D0": 2.714768409729004,
      "ATLAS": 2.5111610326874123,
      "CMS": 3.4419379505684704,
      "LHCb": 2.1881892681121826,
      "total": 2.3019323348999023
    }
  },
  "11300": {
    "training_loss": 7943.5634765625,
    "validation_loss": [
      2697.2666015625
    ],
    "validation_chi2s": {
      "DEUTERON": 2.719416831856343,
      "NMC": 2.0982298009535847,
      "NUCLEAR": 1.6574825439453125,
      "HERACOMB": 2.110969294130413,
      "DYE886": 1.6602675698020242,
      "CDF": 0.79377623966762,
      "D0": 2.04791259765625,
      "ATLAS": 2.358429297972261,
      "CMS": 3.480154146023882,
      "LHCb": 2.278313398361206,
      "total": 2.2858190536499023
    }
  },
  "11400": {
    "training_loss": 7975.6689453125,
    "validation_loss": [
      2704.6845703125
    ],
    "validation_chi2s": {
      "DEUTERON": 2.626033346451337,
      "NMC": 1.9934396182789522,
      "NUCLEAR": 1.666408935546875,
      "HERACOMB": 2.1322248870251226,
      "DYE886": 1.5718772194602273,
      "CDF": 0.8248649324689593,
      "D0": 2.5809181213378904,
      "ATLAS": 2.5255643008800037,
      "CMS": 3.4073426781631095,
      "LHCb": 2.2282943725585938,
      "total": 2.2921056747436523
    }
  },
  "11500": {
    "training_loss": 7915.83203125,
    "validation_loss": [
      2695.9228515625
    ],
    "validation_chi2s": {
      "DEUTERON": 2.646003077872357,
      "NMC": 2.036721472646676,
      "NUCLEAR": 1.6682550048828124,
      "HERACOMB": 2.1070995455473858,
      "DYE886": 1.4175460121848367,
      "CDF": 0.7984179088047573,
      "D0": 2.5572853088378906,
      "ATLAS": 2.501634747794505,
      "CMS": 3.4085507276581555,
      "LHCb": 2.2336466312408447,
      "total": 2.2846803665161133
    }
  },
  "11600": {
    "training_loss": 8059.02001953125,
    "validation_loss": [
      2759.8876953125
    ],
    "validation_chi2s": {
      "DEUTERON": 2.593981387010261,
      "NMC": 1.9543575212067248,
      "NUCLEAR": 1.6692642822265624,
      "HERACOMB": 2.1769596673304736,
      "DYE886": 1.4469043558294123,
      "CDF": 0.7646130153111049,
      "D0": 2.798366737365723,
      "ATLAS": 2.78581855002414,
      "CMS": 3.423480026121062,
      "LHCb": 2.277003288269043,
      "total": 2.3385796546936035
    }
  },
  "11700": {
    "training_loss": 7976.8125,
    "validation_loss": [
      2708.05322265625
    ],
    "validation_chi2s": {
      "DEUTERON": 2.7099670106498754,
      "NMC": 2.0746084475049784,
      "NUCLEAR": 1.67973876953125,
      "HERACOMB": 2.128817689185049,
      "DYE886": 1.3898312828757546,
      "CDF": 0.7987037386213031,
      "D0": 2.352513313293457,
      "ATLAS": 2.4039250063092523,
      "CMS": 3.4697910712017275,
      "LHCb": 2.2435736656188965,
      "total": 2.2949416637420654
    }
  },
  "11800": {
    "training_loss": 7896.263671875,
    "validation_loss": [
      2720.0869140625
    ],
    "validation_chi2s": {
      "DEUTERON": 2.6543837210432213,
      "NMC": 2.0024171717026653,
      "NUCLEAR": 1.67664501953125,
      "HERACOMB": 2.1525505913628473,
      "DYE886": 1.6922902193936435,
      "CDF": 0.7817355564662388,
      "D0": 1.962656021118164,
      "ATLAS": 2.5082810648371665,
      "CMS": 3.4616426297319616,
      "LHCb": 2.24984073638916,
      "total": 2.3051493167877197
    }
  },
  "11900": {
    "training_loss": 7985.52099609375,
    "validation_loss": [
      2698.01123046875
    ],
    "validation_chi2s": {
      "DEUTERON": 2.7002943048429726,
      "NMC": 2.057714873669194,
      "NUCLEAR": 1.661892822265625,
      "HERACOMB": 2.1261006274254495,
      "DYE886": 1.4353408813476562,
      "CDF": 0.7818283353533063,
      "D0": 2.131080436706543,
      "ATLAS": 2.428177565671085,
      "CMS": 3.422206723593115,
      "LHCb": 2.2731127738952637,
      "total": 2.286449432373047
    }
  },
  "12000": {
    "training_loss": 7899.54296875,
    "validation_loss": [
      2726.588134765625
    ],
    "validation_chi2s": {
      "DEUTERON": 2.683514799051617,
      "NMC": 2.021748561485141,
      "NUCLEAR": 1.696682373046875,
      "HERACOMB": 2.1130628398820464,
      "DYE886": 1.4688250801780007,
      "CDF": 0.798762457711356,
      "D0": 3.2215274810791015,
      "ATLAS": 2.4995400075162393,
      "CMS": 3.4767108700139735,
      "LHCb": 2.2072064876556396,
      "total": 2.3106513023376465
    }
  }
}