{
  "100": {
    "training_loss": 358.84375,
    "validation_loss": [
      176.4139404296875
    ],
    "validation_chi2s": {
      "DEUTERON": 3.4615211486816406,
      "ATLAS": 3.4502813165838067,
      "total": 3.459096908569336
    }
  },
  "200": {
    "training_loss": 337.2001953125,
    "validation_loss": [
      169.92987060546875
    ],
    "validation_chi2s": {
      "DEUTERON": 3.156940460205078,
      "ATLAS": 3.968387256969105,
      "total": 3.331958293914795
    }
  },
  "300": {
    "training_loss": 325.060302734375,
    "validation_loss": [
      156.7347869873047
    ],
    "validation_chi2s": {
      "DEUTERON": 2.878412437438965,
      "ATLAS": 3.781663027676669,
      "total": 3.0732312202453613
    }
  },
  "400": {
    "training_loss": 322.9350280761719,
    "validation_loss": [
      139.8836212158203
    ],
    "validation_chi2s": {
      "DEUTERON": 2.5032445907592775,
      "ATLAS": 3.6139848882501777,
      "total": 2.742816209793091
    }
  },
  "500": {
    "training_loss": 317.50677490234375,
    "validation_loss": [
      129.59840393066406
    ],
    "validation_chi2s": {
      "DEUTERON": 2.252700424194336,
      "ATLAS": 3.590035178444602,
      "total": 2.541145086288452
    }
  },
  "600": {
    "training_loss": 307.8302001953125,
    "validation_loss": [
      130.78311157226562
    ],
    "validation_chi2s": {
      "DEUTERON": 2.252646255493164,
      "ATLAS": 3.6979331970214844,
      "total": 2.5643746852874756
    }
  },
  "700": {
    "training_loss": 301.7043151855469,
    "validation_loss": [
      131.43138122558594
    ],
    "validation_chi2s": {
      "DEUTERON": 2.2461000442504884,
      "ATLAS": 3.7806712063876065,
      "total": 2.5770859718322754
    }
  },
  "800": {
    "training_loss": 295.5779113769531,
    "validation_loss": [
      132.77012634277344
    ],
    "validation_chi2s": {
      "DEUTERON": 2.257872200012207,
      "ATLAS": 3.859567468816584,
      "total": 2.6033358573913574
    }
  },
  "900": {
    "training_loss": 290.86029052734375,
    "validation_loss": [
      133.8865509033203
    ],
    "validation_chi2s": {
      "DEUTERON": 2.2721590042114257,
      "ATLAS": 3.909107901833274,
      "total": 2.6252264976501465
    }
  }
}