{
  "100": {
    "training_loss": 23921.40625,
    "validation_loss": [
      11157.17578125
    ],
    "validation_chi2s": {
      "DEUTERON": 10.256754557291666,
      "NMC": 3.4978081198299633,
      "NUCLEAR": 5.8868828125,
      "HERACOMB": 7.041053921568627,
      "DYE886": 66.52620627663352,
      "CDF": 8.606016976492745,
      "D0": 14.176217651367187,
      "ATLAS": 11.539942248114224,
      "CMS": 5.626686471407531,
      "LHCb": 11.699739456176758,
      "total": 9.02183723449707
    }
  },
  "200": {
    "training_loss": 18799.533203125,
    "validation_loss": [
      8366.611328125
    ],
    "validation_chi2s": {
      "DEUTERON": 7.29771188005286,
      "NMC": 2.863442514456955,
      "NUCLEAR": 4.26986474609375,
      "HERACOMB": 5.1470679987489785,
      "DYE886": 67.36904074928977,
      "CDF": 4.845462799072266,
      "D0": 5.543128204345703,
      "ATLAS": 8.712266943920618,
      "CMS": 4.208863805551998,
      "LHCb": 4.981693744659424,
      "total": 6.821824073791504
    }
  },
  "300": {
    "training_loss": 16432.025390625,
    "validation_loss": [
      554806.0625
    ],
    "validation_chi2s": {
      "DEUTERON": 2733.1178482587065,
      "NMC": 2.6354753082873774,
      "NUCLEAR": 3.08382958984375,
      "HERACOMB": 4.239627214818219,
      "DYE886": 43.74678455699574,
      "CDF": 4.161308833530971,
      "D0": 5.707810974121093,
      "ATLAS": 8.055991687993894,
      "CMS": 4.311731557377049,
      "LHCb": 5.407022476196289,
      "total": 472.0925598144531
    }
  },
  "400": {
    "training_loss": 15820.076171875,
    "validation_loss": [
      11825.15625
    ],
    "validation_chi2s": {
      "DEUTERON": 33.16829912935324,
      "NMC": 2.573013904047947,
      "NUCLEAR": 3.057302978515625,
      "HERACOMB": 3.9251972273284315,
      "DYE886": 38.51014293323863,
      "CDF": 3.9691102164132253,
      "D0": 6.928890228271484,
      "ATLAS": 7.701068045079023,
      "CMS": 4.409854075947746,
      "LHCb": 4.756653785705566,
      "total": 9.989773750305176
    }
  },
  "500": {
    "training_loss": 15596.00390625,
    "validation_loss": [
      12072.9169921875
    ],
    "validation_chi2s": {
      "DEUTERON": 34.81842739427861,
      "NMC": 2.531277525658701,
      "NUCLEAR": 3.053394775390625,
      "HERACOMB": 3.7672841190512663,
      "DYE886": 39.36275412819602,
      "CDF": 3.8368519374302457,
      "D0": 6.327925491333008,
      "ATLAS": 7.496518189879669,
      "CMS": 4.445016829693904,
      "LHCb": 4.371992588043213,
      "total": 10.201229095458984
    }
  },
  "600": {
    "training_loss": 15416.0693359375,
    "validation_loss": [
      11515.513671875
    ],
    "validation_chi2s": {
      "DEUTERON": 32.37498785370025,
      "NMC": 2.4871939864813113,
      "NUCLEAR": 3.051042236328125,
      "HERACOMB": 3.650185977711397,
      "DYE886": 39.8760292746804,
      "CDF": 3.7511795588902066,
      "D0": 5.91815071105957,
      "ATLAS": 7.3435647898706895,
      "CMS": 4.457256879962858,
      "LHCb": 4.113114356994629,
      "total": 9.727518081665039
    }
  },
  "700": {
    "training_loss": 15298.9560546875,
    "validation_loss": [
      11372.43359375
    ],
    "validation_chi2s": {
      "DEUTERON": 31.879268209732587,
      "NMC": 2.451188928940717,
      "NUCLEAR": 3.062075439453125,
      "HERACOMB": 3.5654340756484886,
      "DYE886": 40.366058349609375,
      "CDF": 3.6826929364885603,
      "D0": 5.531398010253906,
      "ATLAS": 7.238092532103089,
      "CMS": 4.468179671490779,
      "LHCb": 3.8765385150909424,
      "total": 9.60598087310791
    }
  },
  "800": {
    "training_loss": 15230.85546875,
    "validation_loss": [
      10554.1298828125
    ],
    "validation_chi2s": {
      "DEUTERON": 28.006522562966417,
      "NMC": 2.41767599068436,
      "NUCLEAR": 3.08889501953125,
      "HERACOMB": 3.478616552415237,
      "DYE886": 40.668670654296875,
      "CDF": 3.6180422646658763,
      "D0": 5.0694427490234375,
      "ATLAS": 7.152897275727371,
      "CMS": 4.48798607998207,
      "LHCb": 3.6482725143432617,
      "total": 8.909708023071289
    }
  },
  "900": {
    "training_loss": 15209.3984375,
    "validation_loss": [
      8934.7119140625
    ],
    "validation_chi2s": {
      "DEUTERON": 20.199448315065297,
      "NMC": 2.388178507486979,
      "NUCLEAR": 3.125093994140625,
      "HERACOMB": 3.383047066482843,
      "DYE886": 40.563512628728695,
      "CDF": 3.538402557373047,
      "D0": 4.527214431762696,
      "ATLAS": 7.052265737248563,
      "CMS": 4.5129879810771,
      "LHCb": 3.4697134494781494,
      "total": 7.5315070152282715
    }
  },
  "1000": {
    "training_loss": 15487.6748046875,
    "validation_loss": [
      7286.724609375
    ],
    "validation_chi2s": {
      "DEUTERON": 12.44100056358831,
      "NMC": 2.3618383968577668,
      "NUCLEAR": 3.21316162109375,
      "HERACOMB": 3.227614857792075,
      "DYE886": 39.53877119584517,
      "CDF": 3.3742261614118303,
      "D0": 3.5701698303222655,
      "ATLAS": 6.844840915723779,
      "CMS": 4.593355772925205,
      "LHCb": 3.3802855014801025,
      "total": 6.128315448760986
    }
  },
  "1100": {
    "training_loss": 14788.39453125,
    "validation_loss": [
      6922.4365234375
    ],
    "validation_chi2s": {
      "DEUTERON": 11.222539645522389,
      "NMC": 2.3387505026424633,
      "NUCLEAR": 3.022345947265625,
      "HERACOMB": 3.2262892380259394,
      "DYE886": 37.6451582475142,
      "CDF": 3.3112871987479076,
      "D0": 4.602445983886719,
      "ATLAS": 6.771870229436063,
      "CMS": 4.433739333856301,
      "LHCb": 3.3395657539367676,
      "total": 5.822402000427246
    }
  },
  "1200": {
    "training_loss": 14839.9150390625,
    "validation_loss": [
      6705.07568359375
    ],
    "validation_chi2s": {
      "DEUTERON": 10.467832954368781,
      "NMC": 2.3257720049689796,
      "NUCLEAR": 3.12208056640625,
      "HERACOMB": 3.1028558070363563,
      "DYE886": 37.12054998224432,
      "CDF": 3.2096805572509766,
      "D0": 3.520051956176758,
      "ATLAS": 6.671609812769397,
      "CMS": 4.441603363537397,
      "LHCb": 2.9698691368103027,
      "total": 5.6380720138549805
    }
  },
  "1300": {
    "training_loss": 15030.1162109375,
    "validation_loss": [
      6151.576171875
    ],
    "validation_chi2s": {
      "DEUTERON": 8.30285887457245,
      "NMC": 2.330203785615809,
      "NUCLEAR": 3.15198388671875,
      "HERACOMB": 2.964487312665952,
      "DYE886": 35.50056873668324,
      "CDF": 3.0367725917271207,
      "D0": 2.741932487487793,
      "ATLAS": 6.447677436916307,
      "CMS": 4.483887719326332,
      "LHCb": 2.86373233795166,
      "total": 5.168598175048828
    }
  },
  "1400": {
    "training_loss": 14610.33984375,
    "validation_loss": [
      5982.07177734375
    ],
    "validation_chi2s": {
      "DEUTERON": 7.993672385144589,
      "NMC": 2.3170735976275276,
      "NUCLEAR": 3.09835302734375,
      "HERACOMB": 2.8983509337979982,
      "DYE886": 34.23119839754972,
      "CDF": 2.943312236240932,
      "D0": 2.9291141510009764,
      "ATLAS": 6.3315815541936065,
      "CMS": 4.369244684938525,
      "LHCb": 2.6117377281188965,
      "total": 5.0278143882751465
    }
  },
  "1500": {
    "training_loss": 14274.49609375,
    "validation_loss": [
      5830.048828125
    ],
    "validation_chi2s": {
      "DEUTERON": 7.725989194651741,
      "NMC": 2.307184855143229,
      "NUCLEAR": 3.081711181640625,
      "HERACOMB": 2.818883958205678,
      "DYE886": 32.55499545010653,
      "CDF": 2.8527720315115794,
      "D0": 2.923776054382324,
      "ATLAS": 6.24463030935704,
      "CMS": 4.29448712458376,
      "LHCb": 2.4895999431610107,
      "total": 4.901424407958984
    }
  },
  "1600": {
    "training_loss": 13975.3662109375,
    "validation_loss": [
      5733.73828125
    ],
    "validation_chi2s": {
      "DEUTERON": 7.642738456156716,
      "NMC": 2.2962977091471353,
      "NUCLEAR": 3.07340576171875,
      "HERACOMB": 2.7559160220077614,
      "DYE886": 30.82781982421875,
      "CDF": 2.7616053989955356,
      "D0": 2.9430042266845704,
      "ATLAS": 6.201043490705819,
      "CMS": 4.228882336225666,
      "LHCb": 2.4852523803710938,
      "total": 4.822442531585693
    }
  },
  "1700": {
    "training_loss": 13760.7412109375,
    "validation_loss": [
      5674.89306640625
    ],
    "validation_chi2s": {
      "DEUTERON": 7.648249839668844,
      "NMC": 2.2921040852864585,
      "NUCLEAR": 3.083482666015625,
      "HERACOMB": 2.693518146190768,
      "DYE886": 29.662098277698863,
      "CDF": 2.6889637538364957,
      "D0": 2.8673194885253905,
      "ATLAS": 6.153583395070043,
      "CMS": 4.191779214827741,
      "LHCb": 2.458127737045288,
      "total": 4.7745747566223145
    }
  },
  "1800": {
    "training_loss": 13490.2763671875,
    "validation_loss": [
      5591.66943359375
    ],
    "validation_chi2s": {
      "DEUTERON": 7.5970720129819655,
      "NMC": 2.2906185972924327,
      "NUCLEAR": 3.0198125,
      "HERACOMB": 2.651088938993566,
      "DYE886": 27.54823164506392,
      "CDF": 2.638486862182617,
      "D0": 2.997974395751953,
      "ATLAS": 6.119896198141164,
      "CMS": 4.2116213939229,
      "LHCb": 2.7237675189971924,
      "total": 4.706697940826416
    }
  },
  "1900": {
    "training_loss": 20891.408203125,
    "validation_loss": [
      4339.82373046875
    ],
    "validation_chi2s": {
      "DEUTERON": 4.938434657765858,
      "NMC": 2.577283073874081,
      "NUCLEAR": 2.711138427734375,
      "HERACOMB": 2.3269916609221815,
      "DYE886": 11.856789328835227,
      "CDF": 2.3827806200299944,
      "D0": 3.0924922943115236,
      "ATLAS": 4.766583322108477,
      "CMS": 4.377816622374488,
      "LHCb": 3.5599052906036377,
      "total": 3.6593704223632812
    }
  },
  "2000": {
    "training_loss": 8931.40625,
    "validation_loss": [
      3317.541748046875
    ],
    "validation_chi2s": {
      "DEUTERON": 3.849739947722326,
      "NMC": 3.017588596717984,
      "NUCLEAR": 2.15058154296875,
      "HERACOMB": 2.4252004187091503,
      "DYE886": 1.7283831509676846,
      "CDF": 2.2706503186907088,
      "D0": 2.6763357162475585,
      "ATLAS": 3.0289467997934625,
      "CMS": 3.1166584452644726,
      "LHCb": 3.2603001594543457,
      "total": 2.8082828521728516
    }
  },
  "2100": {
    "training_loss": 8040.587890625,
    "validation_loss": [
      2893.570068359375
    ],
    "validation_chi2s": {
      "DEUTERON": 2.334149868334111,
      "NMC": 2.5876641366996016,
      "NUCLEAR": 2.120939208984375,
      "HERACOMB": 2.347635306564032,
      "DYE886": 1.2525633031671697,
      "CDF": 2.21796144757952,
      "D0": 1.4332423210144043,
      "ATLAS": 2.939599398908944,
      "CMS": 2.8426346075339395,
      "LHCb": 3.604414463043213,
      "total": 2.451739549636841
    }
  },
  "2200": {
    "training_loss": 7988.546875,
    "validation_loss": [
      2822.710693359375
    ],
    "validation_chi2s": {
      "DEUTERON": 2.250654837385339,
      "NMC": 2.712636611040901,
      "NUCLEAR": 2.067687255859375,
      "HERACOMB": 2.1948140462239585,
      "DYE886": 1.3490754040804775,
      "CDF": 2.2188832419259206,
      "D0": 1.4109471321105957,
      "ATLAS": 2.9483786396596625,
      "CMS": 2.9447164066502305,
      "LHCb": 3.2390387058258057,
      "total": 2.3953232765197754
    }
  },
  "2300": {
    "training_loss": 7957.41650390625,
    "validation_loss": [
      2825.40869140625
    ],
    "validation_chi2s": {
      "DEUTERON": 2.2931722005208335,
      "NMC": 2.6600679883769915,
      "NUCLEAR": 2.04921240234375,
      "HERACOMB": 2.18580637414471,
      "DYE886": 1.328066652471369,
      "CDF": 2.2996390206473216,
      "D0": 1.3844085693359376,
      "ATLAS": 2.9867897472162355,
      "CMS": 2.935570138399718,
      "LHCb": 3.2767863273620605,
      "total": 2.3996665477752686
    }
  },
  "2400": {
    "training_loss": 7852.08642578125,
    "validation_loss": [
      2826.404052734375
    ],
    "validation_chi2s": {
      "DEUTERON": 2.3304668065920398,
      "NMC": 2.4781921985102633,
      "NUCLEAR": 2.0282657470703125,
      "HERACOMB": 2.2581619561887254,
      "DYE886": 1.4497676329179243,
      "CDF": 2.4962474278041293,
      "D0": 1.6240921020507812,
      "ATLAS": 2.9848166279409125,
      "CMS": 2.878876232710041,
      "LHCb": 2.835542678833008,
      "total": 2.3998327255249023
    }
  },
  "2500": {
    "training_loss": 7851.06103515625,
    "validation_loss": [
      2806.328369140625
    ],
    "validation_chi2s": {
      "DEUTERON": 2.2532559674770676,
      "NMC": 2.633058136584712,
      "NUCLEAR": 2.032889404296875,
      "HERACOMB": 2.2206740036509394,
      "DYE886": 1.3638284856622869,
      "CDF": 2.290297372000558,
      "D0": 1.3581319808959962,
      "ATLAS": 2.9045932813622484,
      "CMS": 3.0234795242059427,
      "LHCb": 2.9479775428771973,
      "total": 2.385664463043213
    }
  },
  "2600": {
    "training_loss": 7863.2548828125,
    "validation_loss": [
      2793.417236328125
    ],
    "validation_chi2s": {
      "DEUTERON": 2.2393873224210976,
      "NMC": 2.5810669543696383,
      "NUCLEAR": 2.0325394287109373,
      "HERACOMB": 2.2192733864379086,
      "DYE886": 1.347417484630238,
      "CDF": 2.4014854431152344,
      "D0": 1.334029483795166,
      "ATLAS": 2.9108549973060347,
      "CMS": 2.985865858734631,
      "LHCb": 2.8374969959259033,
      "total": 2.3747591972351074
    }
  },
  "2700": {
    "training_loss": 7839.42041015625,
    "validation_loss": [
      2794.173095703125
    ],
    "validation_chi2s": {
      "DEUTERON": 2.2313964236435013,
      "NMC": 2.5998478309780944,
      "NUCLEAR": 2.0342423095703124,
      "HERACOMB": 2.218780118655535,
      "DYE886": 1.3538767207752576,
      "CDF": 2.41860226222447,
      "D0": 1.3319572448730468,
      "ATLAS": 2.9055033716662177,
      "CMS": 3.009219310322746,
      "LHCb": 2.8170325756073,
      "total": 2.3757212162017822
    }
  },
  "2800": {
    "training_loss": 7838.02294921875,
    "validation_loss": [
      2788.06005859375
    ],
    "validation_chi2s": {
      "DEUTERON": 2.2200367486298975,
      "NMC": 2.588308895335478,
      "NUCLEAR": 2.03367578125,
      "HERACOMB": 2.214340309691585,
      "DYE886": 1.3512521223588423,
      "CDF": 2.4774483272007535,
      "D0": 1.3268547058105469,
      "ATLAS": 2.909234759451329,
      "CMS": 2.9983980772925203,
      "LHCb": 2.7830631732940674,
      "total": 2.370762586593628
    }
  },
  "2900": {
    "training_loss": 7825.109375,
    "validation_loss": [
      2788.651123046875
    ],
    "validation_chi2s": {
      "DEUTERON": 2.214870168201959,
      "NMC": 2.601022757735907,
      "NUCLEAR": 2.0330286865234375,
      "HERACOMB": 2.21340922436683,
      "DYE886": 1.3561269586736506,
      "CDF": 2.4945662362234935,
      "D0": 1.3263300895690917,
      "ATLAS": 2.9077048466123383,
      "CMS": 3.0147502461417774,
      "LHCb": 2.776305675506592,
      "total": 2.3715262413024902
    }
  },
  "3000": {
    "training_loss": 7870.65087890625,
    "validation_loss": [
      2770.129150390625
    ],
    "validation_chi2s": {
      "DEUTERON": 2.1967111464163556,
      "NMC": 2.536406573127298,
      "NUCLEAR": 2.029625,
      "HERACOMB": 2.1976617551317403,
      "DYE886": 1.3639481284401633,
      "CDF": 2.630917957850865,
      "D0": 1.3472601890563964,
      "ATLAS": 2.9305433952945403,
      "CMS": 2.952737526815446,
      "LHCb": 2.6476798057556152,
      "total": 2.355367422103882
    }
  },
  "3100": {
    "training_loss": 7826.94677734375,
    "validation_loss": [
      2776.871337890625
    ],
    "validation_chi2s": {
      "DEUTERON": 2.152071521056825,
      "NMC": 2.462934606215533,
      "NUCLEAR": 2.0287860107421873,
      "HERACOMB": 2.2797594257429536,
      "DYE886": 1.3697382320057263,
      "CDF": 2.6885882786342075,
      "D0": 1.3802000999450683,
      "ATLAS": 2.9006875575273887,
      "CMS": 2.9515255787333503,
      "LHCb": 2.589444398880005,
      "total": 2.3603434562683105
    }
  },
  "3200": {
    "training_loss": 7810.310546875,
    "validation_loss": [
      3248.76416015625
    ],
    "validation_chi2s": {
      "DEUTERON": 4.525908968341884,
      "NMC": 2.430912691004136,
      "NUCLEAR": 2.0305135498046876,
      "HERACOMB": 2.234289630565768,
      "DYE886": 1.4411565607244319,
      "CDF": 2.8733327048165456,
      "D0": 1.5429096221923828,
      "ATLAS": 2.9723805394665948,
      "CMS": 2.889657692831071,
      "LHCb": 2.5839521884918213,
      "total": 2.7614235877990723
    }
  },
  "3300": {
    "training_loss": 7815.078125,
    "validation_loss": [
      6231.17236328125
    ],
    "validation_chi2s": {
      "DEUTERON": 19.37956336481654,
      "NMC": 2.4409674850164675,
      "NUCLEAR": 2.0324781494140627,
      "HERACOMB": 2.229418985204759,
      "DYE886": 1.4173166101629084,
      "CDF": 2.8542693001883372,
      "D0": 1.4702892303466797,
      "ATLAS": 2.9608231467762214,
      "CMS": 2.8999173523949797,
      "LHCb": 2.5725581645965576,
      "total": 5.299797534942627
    }
  },
  "3400": {
    "training_loss": 7808.908203125,
    "validation_loss": [
      3215.533935546875
    ],
    "validation_chi2s": {
      "DEUTERON": 4.376399861046331,
      "NMC": 2.4297413545496322,
      "NUCLEAR": 2.031129150390625,
      "HERACOMB": 2.22737131555096,
      "DYE886": 1.4317047812721946,
      "CDF": 2.907730375017439,
      "D0": 1.5044506072998047,
      "ATLAS": 2.9731364633845185,
      "CMS": 2.8911638103547643,
      "LHCb": 2.5567729473114014,
      "total": 2.733354330062866
    }
  },
  "3500": {
    "training_loss": 7804.01025390625,
    "validation_loss": [
      2905.03564453125
    ],
    "validation_chi2s": {
      "DEUTERON": 2.8236994956856343,
      "NMC": 2.4119899974149814,
      "NUCLEAR": 2.032438720703125,
      "HERACOMB": 2.2395586001327614,
      "DYE886": 1.4437533291903408,
      "CDF": 2.930525371006557,
      "D0": 1.524413776397705,
      "ATLAS": 2.9697791790140085,
      "CMS": 2.88647961225666,
      "LHCb": 2.5165648460388184,
      "total": 2.4688785076141357
    }
  },
  "3600": {
    "training_loss": 7802.00732421875,
    "validation_loss": [
      2933.106201171875
    ],
    "validation_chi2s": {
      "DEUTERON": 2.965649656988495,
      "NMC": 2.4087319467581954,
      "NUCLEAR": 2.0326058349609375,
      "HERACOMB": 2.2378061331954657,
      "DYE886": 1.4459319548173384,
      "CDF": 2.9454144069126675,
      "D0": 1.5177675247192384,
      "ATLAS": 2.9738601158405173,
      "CMS": 2.8850910624519726,
      "LHCb": 2.5070276260375977,
      "total": 2.4928722381591797
    }
  },
  "3700": {
    "training_loss": 7803.78173828125,
    "validation_loss": [
      3331.335205078125
    ],
    "validation_chi2s": {
      "DEUTERON": 4.9622851319574,
      "NMC": 2.4238077799479165,
      "NUCLEAR": 2.0329415283203125,
      "HERACOMB": 2.226345286649816,
      "DYE886": 1.4287435358220881,
      "CDF": 2.9237128666469028,
      "D0": 1.47164306640625,
      "ATLAS": 2.9710781053565016,
      "CMS": 2.8940587278272285,
      "LHCb": 2.5145785808563232,
      "total": 2.8320465087890625
    }
  },
  "3800": {
    "training_loss": 7804.62548828125,
    "validation_loss": [
      10246.3154296875
    ],
    "validation_chi2s": {
      "DEUTERON": 39.37931436567164,
      "NMC": 2.43565398571538,
      "NUCLEAR": 2.0324432373046877,
      "HERACOMB": 2.2140026217192608,
      "DYE886": 1.421727267178622,
      "CDF": 2.915544237409319,
      "D0": 1.4442756652832032,
      "ATLAS": 2.9760177436916306,
      "CMS": 2.896968403800589,
      "LHCb": 2.517542839050293,
      "total": 8.717450141906738
    }
  },
  "3900": {
    "training_loss": 7804.060546875,
    "validation_loss": [
      29015.810546875
    ],
    "validation_chi2s": {
      "DEUTERON": 132.75411030783582,
      "NMC": 2.410439584769455,
      "NUCLEAR": 2.0336168212890624,
      "HERACOMB": 2.233364728541156,
      "DYE886": 1.4170860810713335,
      "CDF": 2.9281207493373325,
      "D0": 1.4541003227233886,
      "ATLAS": 2.963268411570582,
      "CMS": 2.887788366098873,
      "LHCb": 2.4999072551727295,
      "total": 24.691448211669922
    }
  },
  "4000": {
    "training_loss": 7806.2529296875,
    "validation_loss": [
      6670.4404296875
    ],
    "validation_chi2s": {
      "DEUTERON": 21.52385533271144,
      "NMC": 2.417795218673407,
      "NUCLEAR": 2.0307637939453125,
      "HERACOMB": 2.2966168970843546,
      "DYE886": 1.3734505393288352,
      "CDF": 2.8154059818812778,
      "D0": 1.3399885177612305,
      "ATLAS": 2.9090186809671335,
      "CMS": 2.946198510341957,
      "LHCb": 2.4575355052948,
      "total": 5.674577236175537
    }
  },
  "4100": {
    "training_loss": 7810.10693359375,
    "validation_loss": [
      3882.333251953125
    ],
    "validation_chi2s": {
      "DEUTERON": 7.681593861745958,
      "NMC": 2.42198465384689,
      "NUCLEAR": 2.0294437255859377,
      "HERACOMB": 2.2752424252578636,
      "DYE886": 1.375618501143022,
      "CDF": 2.8252506256103516,
      "D0": 1.3430261611938477,
      "ATLAS": 2.9158896961431395,
      "CMS": 2.939150700803663,
      "LHCb": 2.477724552154541,
      "total": 3.301962375640869
    }
  },
  "4200": {
    "training_loss": 7818.49365234375,
    "validation_loss": [
      2766.54931640625
    ],
    "validation_chi2s": {
      "DEUTERON": 2.1818572846218127,
      "NMC": 2.547338747510723,
      "NUCLEAR": 2.029550048828125,
      "HERACOMB": 2.1956671421823937,
      "DYE886": 1.365596511147239,
      "CDF": 2.736496789114816,
      "D0": 1.29817533493042,
      "ATLAS": 2.930261546167834,
      "CMS": 2.9720631583792265,
      "LHCb": 2.5889759063720703,
      "total": 2.3533737659454346
    }
  },
  "4300": {
    "training_loss": 7826.48388671875,
    "validation_loss": [
      2762.435546875
    ],
    "validation_chi2s": {
      "DEUTERON": 2.175137951599425,
      "NMC": 2.5167143578622855,
      "NUCLEAR": 2.0290086669921874,
      "HERACOMB": 2.1993118984247344,
      "DYE886": 1.3555518930608577,
      "CDF": 2.7229903084891185,
      "D0": 1.2957931518554688,
      "ATLAS": 2.9302754018498565,
      "CMS": 2.963356143138448,
      "LHCb": 2.563061237335205,
      "total": 2.349832773208618
    }
  },
  "4400": {
    "training_loss": 7805.57763671875,
    "validation_loss": [
      2766.665771484375
    ],
    "validation_chi2s": {
      "DEUTERON": 2.197202312412547,
      "NMC": 2.5794145172717524,
      "NUCLEAR": 2.025423583984375,
      "HERACOMB": 2.178596247255413,
      "DYE886": 1.3609628677368164,
      "CDF": 2.670673370361328,
      "D0": 1.293192481994629,
      "ATLAS": 2.936664098980783,
      "CMS": 2.9901973536757174,
      "LHCb": 2.57045316696167,
      "total": 2.353872060775757
    }
  },
  "4500": {
    "training_loss": 7820.25341796875,
    "validation_loss": [
      2764.2880859375
    ],
    "validation_chi2s": {
      "DEUTERON": 2.182404930911847,
      "NMC": 2.5324614281747855,
      "NUCLEAR": 2.02581884765625,
      "HERACOMB": 2.19281005859375,
      "DYE886": 1.3498682542280718,
      "CDF": 2.7234437125069753,
      "D0": 1.295544147491455,
      "ATLAS": 2.93884224727236,
      "CMS": 2.96903341324603,
      "LHCb": 2.582195520401001,
      "total": 2.35166072845459
    }
  },
  "4600": {
    "training_loss": 7803.6318359375,
    "validation_loss": [
      2766.587158203125
    ],
    "validation_chi2s": {
      "DEUTERON": 2.2132700450384797,
      "NMC": 2.5230039708754597,
      "NUCLEAR": 2.0260286865234374,
      "HERACOMB": 2.1505753261591094,
      "DYE886": 1.3892445130781694,
      "CDF": 2.842555454799107,
      "D0": 1.3195371627807617,
      "ATLAS": 3.0225805523751794,
      "CMS": 2.91689938404521,
      "LHCb": 2.5506913661956787,
      "total": 2.353355884552002
    }
  },
  "4700": {
    "training_loss": 7794.7451171875,
    "validation_loss": [
      3221.88916015625
    ],
    "validation_chi2s": {
      "DEUTERON": 4.422574019550684,
      "NMC": 2.3606914445465685,
      "NUCLEAR": 2.03076611328125,
      "HERACOMB": 2.250314550462112,
      "DYE886": 1.4488189870660955,
      "CDF": 2.9708192007882253,
      "D0": 1.5087957382202148,
      "ATLAS": 2.9771388262167746,
      "CMS": 2.8691326203893444,
      "LHCb": 2.429609775543213,
      "total": 2.739729166030884
    }
  },
  "4800": {
    "training_loss": 7830.6787109375,
    "validation_loss": [
      2758.009765625
    ],
    "validation_chi2s": {
      "DEUTERON": 2.194899222150964,
      "NMC": 2.5034086937997855,
      "NUCLEAR": 2.02564453125,
      "HERACOMB": 2.181997660717933,
      "DYE886": 1.3554996143687854,
      "CDF": 2.753931318010603,
      "D0": 1.2809804916381835,
      "ATLAS": 2.9519569133890085,
      "CMS": 2.9391902235687755,
      "LHCb": 2.5027880668640137,
      "total": 2.3465280532836914
    }
  },
  "4900": {
    "training_loss": 7796.43994140625,
    "validation_loss": [
      3776.524169921875
    ],
    "validation_chi2s": {
      "DEUTERON": 7.216765901935634,
      "NMC": 2.412858850815717,
      "NUCLEAR": 2.0279847412109375,
      "HERACOMB": 2.1915333068448732,
      "DYE886": 1.4220657348632812,
      "CDF": 3.0084740774972096,
      "D0": 1.440701389312744,
      "ATLAS": 3.0244403707570044,
      "CMS": 2.878053008532915,
      "LHCb": 2.479236364364624,
      "total": 3.2125051021575928
    }
  },
  "5000": {
    "training_loss": 7802.41259765625,
    "validation_loss": [
      2794.06884765625
    ],
    "validation_chi2s": {
      "DEUTERON": 2.363645183506297,
      "NMC": 2.478717130773208,
      "NUCLEAR": 2.0277452392578126,
      "HERACOMB": 2.152682435278799,
      "DYE886": 1.3859262466430664,
      "CDF": 2.8428404671805247,
      "D0": 1.338900375366211,
      "ATLAS": 3.0213573938128593,
      "CMS": 2.9127952700755637,
      "LHCb": 2.5249412059783936,
      "total": 2.3768672943115234
    }
  },
  "5100": {
    "training_loss": 7789.375,
    "validation_loss": [
      7042.67919921875
    ],
    "validation_chi2s": {
      "DEUTERON": 23.318240341262438,
      "NMC": 2.272469763662301,
      "NUCLEAR": 2.036397705078125,
      "HERACOMB": 2.341010798036663,
      "DYE886": 1.3992957201871006,
      "CDF": 3.0869156973702565,
      "D0": 1.5856483459472657,
      "ATLAS": 3.0029132009922774,
      "CMS": 2.8250890012647285,
      "LHCb": 2.3775217533111572,
      "total": 5.991326332092285
    }
  },
  "5200": {
    "training_loss": 7793.83544921875,
    "validation_loss": [
      5193.0625
    ],
    "validation_chi2s": {
      "DEUTERON": 14.28094877176617,
      "NMC": 2.429726993336397,
      "NUCLEAR": 2.0313868408203124,
      "HERACOMB": 2.165777867136438,
      "DYE886": 1.4226647290316494,
      "CDF": 2.9429991585867747,
      "D0": 1.4283101081848144,
      "ATLAS": 3.036890490301724,
      "CMS": 2.8898750680391907,
      "LHCb": 2.48356032371521,
      "total": 4.418385028839111
    }
  },
  "5300": {
    "training_loss": 7795.89013671875,
    "validation_loss": [
      2861.16552734375
    ],
    "validation_chi2s": {
      "DEUTERON": 2.696799207089552,
      "NMC": 2.409550984700521,
      "NUCLEAR": 2.0309112548828123,
      "HERACOMB": 2.1803054310917074,
      "DYE886": 1.399000427939675,
      "CDF": 2.945070811680385,
      "D0": 1.4035726547241212,
      "ATLAS": 3.014252410537895,
      "CMS": 2.87780261430584,
      "LHCb": 2.468390703201294,
      "total": 2.433901786804199
    }
  },
  "5400": {
    "training_loss": 7794.0068359375,
    "validation_loss": [
      3142.585693359375
    ],
    "validation_chi2s": {
      "DEUTERON": 4.090270388778762,
      "NMC": 2.4038216085994946,
      "NUCLEAR": 2.030029541015625,
      "HERACOMB": 2.180532418045343,
      "DYE886": 1.4062986373901367,
      "CDF": 2.971412113734654,
      "D0": 1.4331825256347657,
      "ATLAS": 3.0194533775592673,
      "CMS": 2.8798935686955685,
      "LHCb": 2.4672679901123047,
      "total": 2.673398971557617
    }
  },
  "5500": {
    "training_loss": 7797.94189453125,
    "validation_loss": [
      2806.347900390625
    ],
    "validation_chi2s": {
      "DEUTERON": 2.4006162425178794,
      "NMC": 2.361746993719363,
      "NUCLEAR": 2.0368458251953125,
      "HERACOMB": 2.231454886642157,
      "DYE886": 1.3739695982499556,
      "CDF": 2.9118382590157643,
      "D0": 1.4005319595336914,
      "ATLAS": 2.9678442944055314,
      "CMS": 2.873176699779073,
      "LHCb": 2.442962408065796,
      "total": 2.3870062828063965
    }
  },
  "5600": {
    "training_loss": 7794.1865234375,
    "validation_loss": [
      2778.429443359375
    ],
    "validation_chi2s": {
      "DEUTERON": 2.2802823953960667,
      "NMC": 2.542824539483762,
      "NUCLEAR": 2.02765087890625,
      "HERACOMB": 2.1249559190538196,
      "DYE886": 1.382039416920055,
      "CDF": 2.7969583783830916,
      "D0": 1.2972505569458008,
      "ATLAS": 3.0430017230154456,
      "CMS": 2.9388832967789447,
      "LHCb": 2.553972005844116,
      "total": 2.364152669906616
    }
  },
  "5700": {
    "training_loss": 7807.44873046875,
    "validation_loss": [
      2768.570068359375
    ],
    "validation_chi2s": {
      "DEUTERON": 2.2330454356634797,
      "NMC": 2.5350784600949754,
      "NUCLEAR": 2.0307071533203125,
      "HERACOMB": 2.17567453820721,
      "DYE886": 1.3670740127563477,
      "CDF": 2.6900912693568637,
      "D0": 1.27069034576416,
      "ATLAS": 2.9495400615122125,
      "CMS": 2.961886546650871,
      "LHCb": 2.514450788497925,
      "total": 2.3559234142303467
    }
  },
  "5800": {
    "training_loss": 7808.2392578125,
    "validation_loss": [
      2763.227294921875
    ],
    "validation_chi2s": {
      "DEUTERON": 2.2125265396649563,
      "NMC": 2.5084173165115655,
      "NUCLEAR": 2.026560791015625,
      "HERACOMB": 2.177527134714563,
      "DYE886": 1.358271685513583,
      "CDF": 2.6998062133789062,
      "D0": 1.275565242767334,
      "ATLAS": 2.9533803654813218,
      "CMS": 2.9605237616867317,
      "LHCb": 2.5210397243499756,
      "total": 2.351397752761841
    }
  },
  "5900": {
    "training_loss": 7790.78759765625,
    "validation_loss": [
      2770.04443359375
    ],
    "validation_chi2s": {
      "DEUTERON": 2.238575342282727,
      "NMC": 2.3905442181755516,
      "NUCLEAR": 2.0390950927734375,
      "HERACOMB": 2.1827859317555145,
      "DYE886": 1.3761051351373845,
      "CDF": 2.8977276938302174,
      "D0": 1.3644200325012208,
      "ATLAS": 3.0108565407237786,
      "CMS": 2.886195948866547,
      "LHCb": 2.4707999229431152,
      "total": 2.356468677520752
    }
  },
  "6000": {
    "training_loss": 7800.1904296875,
    "validation_loss": [
      2779.75
    ],
    "validation_chi2s": {
      "DEUTERON": 2.2663388987678794,
      "NMC": 2.3476080800972734,
      "NUCLEAR": 2.040552001953125,
      "HERACOMB": 2.226756575839971,
      "DYE886": 1.3862596858631482,
      "CDF": 2.9191698346819197,
      "D0": 1.3791796684265136,
      "ATLAS": 2.9873850153780532,
      "CMS": 2.8544163938428535,
      "LHCb": 2.464063882827759,
      "total": 2.3645999431610107
    }
  },
  "6100": {
    "training_loss": 7790.3369140625,
    "validation_loss": [
      2769.1337890625
    ],
    "validation_chi2s": {
      "DEUTERON": 2.232323641800762,
      "NMC": 2.353319205489813,
      "NUCLEAR": 2.038810302734375,
      "HERACOMB": 2.201345605787888,
      "DYE886": 1.373872236772017,
      "CDF": 2.9155020032610213,
      "D0": 1.3855954170227052,
      "ATLAS": 3.0088641287266524,
      "CMS": 2.8678829005507174,
      "LHCb": 2.436436176300049,
      "total": 2.355668783187866
    }
  },
  "6200": {
    "training_loss": 7812.3603515625,
    "validation_loss": [
      2769.00244140625
    ],
    "validation_chi2s": {
      "DEUTERON": 2.2449393960373913,
      "NMC": 2.490189047420726,
      "NUCLEAR": 2.028554931640625,
      "HERACOMB": 2.18359375,
      "DYE886": 1.3739966479214756,
      "CDF": 2.6712136949811662,
      "D0": 1.2719468116760253,
      "ATLAS": 2.940446700172863,
      "CMS": 2.9606760994332735,
      "LHCb": 2.5207388401031494,
      "total": 2.3563408851623535
    }
  },
  "6300": {
    "training_loss": 7814.92041015625,
    "validation_loss": [
      2762.9267578125
    ],
    "validation_chi2s": {
      "DEUTERON": 2.238647157280006,
      "NMC": 2.497946346507353,
      "NUCLEAR": 2.026442138671875,
      "HERACOMB": 2.170614005693423,
      "DYE886": 1.365055257623846,
      "CDF": 2.7394790649414062,
      "D0": 1.2683792114257812,
      "ATLAS": 2.9631154729031968,
      "CMS": 2.928956578989498,
      "LHCb": 2.4920058250427246,
      "total": 2.3512613773345947
    }
  },
  "6400": {
    "training_loss": 7803.12158203125,
    "validation_loss": [
      2764.35009765625
    ],
    "validation_chi2s": {
      "DEUTERON": 2.22795750252643,
      "NMC": 2.494973575367647,
      "NUCLEAR": 2.02731787109375,
      "HERACOMB": 2.1692999546823937,
      "DYE886": 1.3665570345791904,
      "CDF": 2.6800613403320312,
      "D0": 1.273871898651123,
      "ATLAS": 2.9587567208827226,
      "CMS": 2.9540255186987703,
      "LHCb": 2.553983449935913,
      "total": 2.3525140285491943
    }
  },
  "6500": {
    "training_loss": 7814.92724609375,
    "validation_loss": [
      2752.072998046875
    ],
    "validation_chi2s": {
      "DEUTERON": 2.182822308137049,
      "NMC": 2.318665897144991,
      "NUCLEAR": 2.0256461181640626,
      "HERACOMB": 2.1764460544960174,
      "DYE886": 1.3199051943692295,
      "CDF": 2.9813101632254466,
      "D0": 1.343461513519287,
      "ATLAS": 3.0603953394396552,
      "CMS": 2.8513253634093236,
      "LHCb": 2.462982416152954,
      "total": 2.342069149017334
    }
  },
  "6600": {
    "training_loss": 7780.6328125,
    "validation_loss": [
      2790.51953125
    ],
    "validation_chi2s": {
      "DEUTERON": 2.266895806611474,
      "NMC": 2.3973904777975643,
      "NUCLEAR": 2.0378863525390627,
      "HERACOMB": 2.2383927488638684,
      "DYE886": 1.3642193187366833,
      "CDF": 2.885820116315569,
      "D0": 1.2923043251037598,
      "ATLAS": 2.9889821019665948,
      "CMS": 2.868738893602715,
      "LHCb": 2.650359869003296,
      "total": 2.3747658729553223
    }
  },
  "6700": {
    "training_loss": 7795.83056640625,
    "validation_loss": [
      2769.695556640625
    ],
    "validation_chi2s": {
      "DEUTERON": 2.2981181737795398,
      "NMC": 2.471280715044807,
      "NUCLEAR": 2.0241961669921875,
      "HERACOMB": 2.1280230353860294,
      "DYE886": 1.3749337629838423,
      "CDF": 2.7572337559291293,
      "D0": 1.2795246124267579,
      "ATLAS": 3.0161273123204024,
      "CMS": 2.9228923359855274,
      "LHCb": 2.517310857772827,
      "total": 2.3570029735565186
    }
  },
  "6800": {
    "training_loss": 7805.53125,
    "validation_loss": [
      2767.25244140625
    ],
    "validation_chi2s": {
      "DEUTERON": 2.2536768367634483,
      "NMC": 2.4617888506721046,
      "NUCLEAR": 2.0259832763671874,
      "HERACOMB": 2.1910932952282476,
      "DYE886": 1.3649164546619763,
      "CDF": 2.689061846051897,
      "D0": 1.2650891304016114,
      "ATLAS": 2.934333362798581,
      "CMS": 2.949060408795466,
      "LHCb": 2.4935123920440674,
      "total": 2.355034351348877
    }
  },
  "6900": {
    "training_loss": 7774.16796875,
    "validation_loss": [
      2782.1689453125
    ],
    "validation_chi2s": {
      "DEUTERON": 2.2823087018520676,
      "NMC": 2.269068998448989,
      "NUCLEAR": 2.041693115234375,
      "HERACOMB": 2.240078595728656,
      "DYE886": 1.3790705420754172,
      "CDF": 2.9442105974469865,
      "D0": 1.402340030670166,
      "ATLAS": 2.9875639115256827,
      "CMS": 2.8475521900614753,
      "LHCb": 2.4495975971221924,
      "total": 2.366766929626465
    }
  },
  "7000": {
    "training_loss": 7788.55419921875,
    "validation_loss": [
      2782.904541015625
    ],
    "validation_chi2s": {
      "DEUTERON": 2.373275832750311,
      "NMC": 2.4656137204637716,
      "NUCLEAR": 2.0202716064453123,
      "HERACOMB": 2.1181568818933822,
      "DYE886": 1.3928943980823865,
      "CDF": 2.79318972996303,
      "D0": 1.2786073684692383,
      "ATLAS": 3.0269357966280532,
      "CMS": 2.934451243916496,
      "LHCb": 2.469862222671509,
      "total": 2.3682608604431152
    }
  },
  "7100": {
    "training_loss": 7776.7041015625,
    "validation_loss": [
      2955.032470703125
    ],
    "validation_chi2s": {
      "DEUTERON": 3.2055697464824315,
      "NMC": 2.5286072375727633,
      "NUCLEAR": 2.0139820556640626,
      "HERACOMB": 2.095713098064747,
      "DYE886": 1.3973031477494673,
      "CDF": 2.8029212951660156,
      "D0": 1.297032356262207,
      "ATLAS": 3.0514964838137573,
      "CMS": 2.9445245461385756,
      "LHCb": 2.5975441932678223,
      "total": 2.5146446228027344
    }
  },
  "7200": {
    "training_loss": 7774.35302734375,
    "validation_loss": [
      3387.196044921875
    ],
    "validation_chi2s": {
      "DEUTERON": 5.339870471859452,
      "NMC": 2.2793793023801316,
      "NUCLEAR": 2.0350450439453125,
      "HERACOMB": 2.1960407331878065,
      "DYE886": 1.4319718967784534,
      "CDF": 2.9271003178187778,
      "D0": 1.4384777069091796,
      "ATLAS": 3.0056236530172415,
      "CMS": 2.8590855832959785,
      "LHCb": 2.4314961433410645,
      "total": 2.881944417953491
    }
  },
  "7300": {
    "training_loss": 7795.2236328125,
    "validation_loss": [
      2760.792236328125
    ],
    "validation_chi2s": {
      "DEUTERON": 2.2050328800334267,
      "NMC": 2.3833746816597734,
      "NUCLEAR": 2.0271312255859373,
      "HERACOMB": 2.197802574805964,
      "DYE886": 1.3576474623246626,
      "CDF": 2.7655361720493863,
      "D0": 1.2810867309570313,
      "ATLAS": 2.969335797189296,
      "CMS": 2.9453805391905736,
      "LHCb": 2.457545757293701,
      "total": 2.3495779037475586
    }
  },
  "7400": {
    "training_loss": 7824.26806640625,
    "validation_loss": [
      2779.2958984375
    ],
    "validation_chi2s": {
      "DEUTERON": 2.3595482366002023,
      "NMC": 2.4178031472598804,
      "NUCLEAR": 2.0192197265625,
      "HERACOMB": 2.1251886903850083,
      "DYE886": 1.3694728504527698,
      "CDF": 2.9481609889439175,
      "D0": 1.274167537689209,
      "ATLAS": 3.0524800618489585,
      "CMS": 2.887239049692623,
      "LHCb": 2.4878814220428467,
      "total": 2.365262985229492
    }
  },
  "7500": {
    "training_loss": 7837.337890625,
    "validation_loss": [
      2823.948974609375
    ],
    "validation_chi2s": {
      "DEUTERON": 2.523681336967506,
      "NMC": 2.273113923914292,
      "NUCLEAR": 2.0376912841796875,
      "HERACOMB": 2.2162888470818016,
      "DYE886": 1.3637067621404475,
      "CDF": 3.0183478764125278,
      "D0": 1.3310608863830566,
      "ATLAS": 3.0086771647135415,
      "CMS": 2.8183391133292774,
      "LHCb": 2.532175064086914,
      "total": 2.4030752182006836
    }
  },
  "7600": {
    "training_loss": 7822.923828125,
    "validation_loss": [
      2752.55810546875
    ],
    "validation_chi2s": {
      "DEUTERON": 2.227896922856421,
      "NMC": 2.3482648064108456,
      "NUCLEAR": 2.0304012451171873,
      "HERACOMB": 2.1684931337443833,
      "DYE886": 1.366009452126243,
      "CDF": 2.807023184640067,
      "D0": 1.2655845642089845,
      "ATLAS": 2.9683395911907327,
      "CMS": 2.9129448562371927,
      "LHCb": 2.4865994453430176,
      "total": 2.342576026916504
    }
  },
  "7700": {
    "training_loss": 7767.859375,
    "validation_loss": [
      2761.99609375
    ],
    "validation_chi2s": {
      "DEUTERON": 2.231431951570274,
      "NMC": 2.359851163976333,
      "NUCLEAR": 2.035827880859375,
      "HERACOMB": 2.116733526092729,
      "DYE886": 1.382469350641424,
      "CDF": 2.8518810272216797,
      "D0": 1.2819809913635254,
      "ATLAS": 3.0853594198994254,
      "CMS": 2.9166129690701843,
      "LHCb": 2.511329174041748,
      "total": 2.350456953048706
    }
  },
  "7800": {
    "training_loss": 7770.1474609375,
    "validation_loss": [
      2866.28466796875
    ],
    "validation_chi2s": {
      "DEUTERON": 2.780016543260261,
      "NMC": 2.238893995098039,
      "NUCLEAR": 2.0346597900390626,
      "HERACOMB": 2.1861251132940156,
      "DYE886": 1.4068593111905185,
      "CDF": 3.0351559775216237,
      "D0": 1.3911582946777343,
      "ATLAS": 3.0111543501930673,
      "CMS": 2.863641207335425,
      "LHCb": 2.3716495037078857,
      "total": 2.4390578269958496
    }
  },
  "7900": {
    "training_loss": 7782.98095703125,
    "validation_loss": [
      2754.3828125
    ],
    "validation_chi2s": {
      "DEUTERON": 2.234621873542444,
      "NMC": 2.34211072734758,
      "NUCLEAR": 2.0403306884765624,
      "HERACOMB": 2.1279895258884802,
      "DYE886": 1.3883427706631748,
      "CDF": 2.8512516021728516,
      "D0": 1.2519017219543458,
      "ATLAS": 3.0349994527882544,
      "CMS": 2.905797489353868,
      "LHCb": 2.4642744064331055,
      "total": 2.3441100120544434
    }
  },
  "8000": {
    "training_loss": 7762.22900390625,
    "validation_loss": [
      2870.91552734375
    ],
    "validation_chi2s": {
      "DEUTERON": 2.7590799663790424,
      "NMC": 2.18176643521178,
      "NUCLEAR": 2.0382308349609377,
      "HERACOMB": 2.255390640956904,
      "DYE886": 1.382455739107999,
      "CDF": 2.9585778372628346,
      "D0": 1.3283047676086426,
      "ATLAS": 2.9659094097970544,
      "CMS": 2.875674638591829,
      "LHCb": 2.290053129196167,
      "total": 2.442673921585083
    }
  },
  "8100": {
    "training_loss": 7772.3515625,
    "validation_loss": [
      2754.9482421875
    ],
    "validation_chi2s": {
      "DEUTERON": 2.236310968351601,
      "NMC": 2.396379508224188,
      "NUCLEAR": 2.0324342041015626,
      "HERACOMB": 2.159588982077206,
      "DYE886": 1.405442237854004,
      "CDF": 2.732494354248047,
      "D0": 1.2479360580444336,
      "ATLAS": 2.9436136881510415,
      "CMS": 2.9640392866290983,
      "LHCb": 2.435933828353882,
      "total": 2.344625234603882
    }
  },
  "8200": {
    "training_loss": 7820.03515625,
    "validation_loss": [
      2747.515380859375
    ],
    "validation_chi2s": {
      "DEUTERON": 2.2138594442339086,
      "NMC": 2.292923422420726,
      "NUCLEAR": 2.032132080078125,
      "HERACOMB": 2.1603094362745097,
      "DYE886": 1.3819255828857422,
      "CDF": 2.8245552607945035,
      "D0": 1.2551759719848632,
      "ATLAS": 2.980932827653556,
      "CMS": 2.915926323562372,
      "LHCb": 2.47908353805542,
      "total": 2.3382930755615234
    }
  },
  "8300": {
    "training_loss": 7795.13671875,
    "validation_loss": [
      2753.381103515625
    ],
    "validation_chi2s": {
      "DEUTERON": 2.226925826191309,
      "NMC": 2.3741652544806984,
      "NUCLEAR": 2.025586669921875,
      "HERACOMB": 2.146054336448121,
      "DYE886": 1.4278757788918235,
      "CDF": 2.762208938598633,
      "D0": 1.2806498527526855,
      "ATLAS": 2.976738940710309,
      "CMS": 2.949582209352587,
      "LHCb": 2.506915330886841,
      "total": 2.3432867527008057
    }
  },
  "8400": {
    "training_loss": 7805.068359375,
    "validation_loss": [
      2766.392333984375
    ],
    "validation_chi2s": {
      "DEUTERON": 2.319248332313044,
      "NMC": 2.3418622484394147,
      "NUCLEAR": 2.02489306640625,
      "HERACOMB": 2.1484562493617236,
      "DYE886": 1.4096915505149148,
      "CDF": 2.7199715205601285,
      "D0": 1.241359043121338,
      "ATLAS": 2.9707052296605605,
      "CMS": 2.9478912353515625,
      "LHCb": 2.440241813659668,
      "total": 2.354344129562378
    }
  },
  "8500": {
    "training_loss": 7803.8056640625,
    "validation_loss": [
      2777.15087890625
    ],
    "validation_chi2s": {
      "DEUTERON": 2.389554151848181,
      "NMC": 2.318895377364813,
      "NUCLEAR": 2.036672607421875,
      "HERACOMB": 2.1489796357996322,
      "DYE886": 1.436994119123979,
      "CDF": 2.9521353585379466,
      "D0": 1.2560832977294922,
      "ATLAS": 2.9911481484599496,
      "CMS": 2.8672030089331453,
      "LHCb": 2.3943893909454346,
      "total": 2.3634371757507324
    }
  },
  "8600": {
    "training_loss": 7762.18603515625,
    "validation_loss": [
      2744.684814453125
    ],
    "validation_chi2s": {
      "DEUTERON": 2.1983824772621268,
      "NMC": 2.259933920467601,
      "NUCLEAR": 2.0356153564453123,
      "HERACOMB": 2.1563034556270426,
      "DYE886": 1.4232455166903408,
      "CDF": 2.901027406964983,
      "D0": 1.2508672714233398,
      "ATLAS": 2.9996625527568246,
      "CMS": 2.906715518138448,
      "LHCb": 2.4364538192749023,
      "total": 2.3357605934143066
    }
  },
  "8700": {
    "training_loss": 7775.7802734375,
    "validation_loss": [
      2743.763427734375
    ],
    "validation_chi2s": {
      "DEUTERON": 2.2061828309623754,
      "NMC": 2.15320691875383,
      "NUCLEAR": 2.041459228515625,
      "HERACOMB": 2.181280796823938,
      "DYE886": 1.3758826689286665,
      "CDF": 2.9104671478271484,
      "D0": 1.3041688919067382,
      "ATLAS": 2.9972685013694327,
      "CMS": 2.877511696737321,
      "LHCb": 2.3667712211608887,
      "total": 2.3345491886138916
    }
  },
  "8800": {
    "training_loss": 7815.06640625,
    "validation_loss": [
      2763.610107421875
    ],
    "validation_chi2s": {
      "DEUTERON": 2.3253374242070897,
      "NMC": 2.3819986979166665,
      "NUCLEAR": 2.0260826416015627,
      "HERACOMB": 2.1129337884242236,
      "DYE886": 1.4365606307983398,
      "CDF": 2.7485673086983815,
      "D0": 1.2502357482910156,
      "ATLAS": 2.9799973060344827,
      "CMS": 2.946737070552638,
      "LHCb": 2.508547782897949,
      "total": 2.3519954681396484
    }
  },
  "8900": {
    "training_loss": 7758.90625,
    "validation_loss": [
      2760.086181640625
    ],
    "validation_chi2s": {
      "DEUTERON": 2.1734960755305504,
      "NMC": 2.14917859844133,
      "NUCLEAR": 2.0407220458984376,
      "HERACOMB": 2.278710658254187,
      "DYE886": 1.4051991376009854,
      "CDF": 2.9117507934570312,
      "D0": 1.2458889961242676,
      "ATLAS": 2.9460410633306395,
      "CMS": 2.906647228803791,
      "LHCb": 2.340388298034668,
      "total": 2.3487801551818848
    }
  },
  "9000": {
    "training_loss": 7913.7802734375,
    "validation_loss": [
      2765.999267578125
    ],
    "validation_chi2s": {
      "DEUTERON": 2.3291715555523167,
      "NMC": 2.2209918452244177,
      "NUCLEAR": 2.035953369140625,
      "HERACOMB": 2.185964347490298,
      "DYE886": 1.4065756364302202,
      "CDF": 2.9071382795061385,
      "D0": 1.2565168380737304,
      "ATLAS": 2.951024899537536,
      "CMS": 2.8998265500928535,
      "LHCb": 2.3544206619262695,
      "total": 2.353860378265381
    }
  },
  "9100": {
    "training_loss": 7773.203125,
    "validation_loss": [
      3231.04833984375
    ],
    "validation_chi2s": {
      "DEUTERON": 4.6405800586909205,
      "NMC": 2.226242514217601,
      "NUCLEAR": 2.0230556640625,
      "HERACOMB": 2.1379073398565156,
      "DYE886": 1.4910765561190518,
      "CDF": 3.015050070626395,
      "D0": 1.3751995086669921,
      "ATLAS": 3.0470321479885056,
      "CMS": 2.8898380467149076,
      "LHCb": 2.3136234283447266,
      "total": 2.7495315074920654
    }
  },
  "9200": {
    "training_loss": 7795.3115234375,
    "validation_loss": [
      2753.046142578125
    ],
    "validation_chi2s": {
      "DEUTERON": 2.1787768311761506,
      "NMC": 2.2209171968347885,
      "NUCLEAR": 2.044312255859375,
      "HERACOMB": 2.2099138646343954,
      "DYE886": 1.495460336858576,
      "CDF": 3.079359327043806,
      "D0": 1.268496322631836,
      "ATLAS": 2.9943258351293105,
      "CMS": 2.8330928614882174,
      "LHCb": 2.5139975547790527,
      "total": 2.3427670001983643
    }
  },
  "9300": {
    "training_loss": 7778.2333984375,
    "validation_loss": [
      2788.401123046875
    ],
    "validation_chi2s": {
      "DEUTERON": 2.4325470426189364,
      "NMC": 2.2849885529162837,
      "NUCLEAR": 2.0309945068359374,
      "HERACOMB": 2.146753049364277,
      "DYE886": 1.45069373737682,
      "CDF": 2.9596500396728516,
      "D0": 1.3051401138305665,
      "ATLAS": 2.9918725024694686,
      "CMS": 2.9023329938044315,
      "LHCb": 2.432722330093384,
      "total": 2.37304949760437
    }
  },
  "9400": {
    "training_loss": 7802.572265625,
    "validation_loss": [
      2751.417236328125
    ],
    "validation_chi2s": {
      "DEUTERON": 2.2370239561469996,
      "NMC": 2.290444168390012,
      "NUCLEAR": 2.034154541015625,
      "HERACOMB": 2.1580303915185866,
      "DYE886": 1.3983520161021838,
      "CDF": 2.877716609409877,
      "D0": 1.268625259399414,
      "ATLAS": 2.9718799810299927,
      "CMS": 2.918364728083376,
      "LHCb": 2.4786770343780518,
      "total": 2.341625452041626
    }
  },
  "9500": {
    "training_loss": 7789.19287109375,
    "validation_loss": [
      2753.52490234375
    ],
    "validation_chi2s": {
      "DEUTERON": 2.2428386934954134,
      "NMC": 2.2755388746074603,
      "NUCLEAR": 2.0278194580078126,
      "HERACOMB": 2.1900126139322915,
      "DYE886": 1.4012119986794211,
      "CDF": 2.801558630807059,
      "D0": 1.2384822845458985,
      "ATLAS": 2.9403663722948097,
      "CMS": 2.9272065709848873,
      "LHCb": 2.4371511936187744,
      "total": 2.3434176445007324
    }
  },
  "9600": {
    "training_loss": 7785.18896484375,
    "validation_loss": [
      2797.955078125
    ],
    "validation_chi2s": {
      "DEUTERON": 2.4994291239116917,
      "NMC": 2.280818266027114,
      "NUCLEAR": 2.035831298828125,
      "HERACOMB": 2.132922602634804,
      "DYE886": 1.4453591433438389,
      "CDF": 2.8327435084751675,
      "D0": 1.333383560180664,
      "ATLAS": 2.97894252031699,
      "CMS": 2.906100413838371,
      "LHCb": 2.49094557762146,
      "total": 2.381183385848999
    }
  },
  "9700": {
    "training_loss": 7805.357421875,
    "validation_loss": [
      2744.347412109375
    ],
    "validation_chi2s": {
      "DEUTERON": 2.2115227998192633,
      "NMC": 2.29143539129519,
      "NUCLEAR": 2.0357227783203125,
      "HERACOMB": 2.151446373634089,
      "DYE886": 1.434081337668679,
      "CDF": 2.8221146719796315,
      "D0": 1.2431928634643554,
      "ATLAS": 2.9716288248697915,
      "CMS": 2.914121283859503,
      "LHCb": 2.4802138805389404,
      "total": 2.3356101512908936
    }
  },
  "9800": {
    "training_loss": 7861.68115234375,
    "validation_loss": [
      2753.5185546875
    ],
    "validation_chi2s": {
      "DEUTERON": 2.2346195961112407,
      "NMC": 2.1963670020009958,
      "NUCLEAR": 2.0394150390625,
      "HERACOMB": 2.207254646650327,
      "DYE886": 1.3937157717618076,
      "CDF": 2.9641241346086775,
      "D0": 1.285395050048828,
      "ATLAS": 2.947998046875,
      "CMS": 2.896047873575179,
      "LHCb": 2.3911454677581787,
      "total": 2.34340238571167
    }
  },
  "9900": {
    "training_loss": 7790.53125,
    "validation_loss": [
      2762.242431640625
    ],
    "validation_chi2s": {
      "DEUTERON": 2.288273597831157,
      "NMC": 2.3247572954963234,
      "NUCLEAR": 2.024070556640625,
      "HERACOMB": 2.149101506650837,
      "DYE886": 1.439783356406472,
      "CDF": 2.8453211103166853,
      "D0": 1.2477429389953614,
      "ATLAS": 2.9617705948051367,
      "CMS": 2.9450210821433145,
      "LHCb": 2.543055295944214,
      "total": 2.350839376449585
    }
  },
  "10000": {
    "training_loss": 7837.62451171875,
    "validation_loss": [
      2753.74072265625
    ],
    "validation_chi2s": {
      "DEUTERON": 2.208537694826648,
      "NMC": 2.216418696384804,
      "NUCLEAR": 2.04441259765625,
      "HERACOMB": 2.1878921409058414,
      "DYE886": 1.4756098660555752,
      "CDF": 3.088930674961635,
      "D0": 1.2623804092407227,
      "ATLAS": 3.0173353874820403,
      "CMS": 2.8238705494364753,
      "LHCb": 2.497591495513916,
      "total": 2.34358549118042
    }
  },
  "10100": {
    "training_loss": 7911.75439453125,
    "validation_loss": [
      2773.172119140625
    ],
    "validation_chi2s": {
      "DEUTERON": 2.350416648447217,
      "NMC": 2.3156802607517615,
      "NUCLEAR": 2.0295889892578125,
      "HERACOMB": 2.1057844972298816,
      "DYE886": 1.4669432206587358,
      "CDF": 2.8366336822509766,
      "D0": 1.3347345352172852,
      "ATLAS": 3.021698348823635,
      "CMS": 2.9324518422611425,
      "LHCb": 2.5578455924987793,
      "total": 2.3601386547088623
    }
  },
  "10200": {
    "training_loss": 7797.3720703125,
    "validation_loss": [
      2749.919677734375
    ],
    "validation_chi2s": {
      "DEUTERON": 2.222854386514692,
      "NMC": 2.272401248707491,
      "NUCLEAR": 2.0297425537109377,
      "HERACOMB": 2.173785440282884,
      "DYE886": 1.46799035505815,
      "CDF": 2.8517630440848216,
      "D0": 1.2529850959777833,
      "ATLAS": 2.9586044837688577,
      "CMS": 2.91208010814229,
      "LHCb": 2.492337942123413,
      "total": 2.3403522968292236
    }
  },
  "10300": {
    "training_loss": 7841.90234375,
    "validation_loss": [
      2763.732421875
    ],
    "validation_chi2s": {
      "DEUTERON": 2.3118318016849346,
      "NMC": 2.3185376933976714,
      "NUCLEAR": 2.0264990234375,
      "HERACOMB": 2.1304397084354574,
      "DYE886": 1.4567387320778586,
      "CDF": 2.804147720336914,
      "D0": 1.2795283317565918,
      "ATLAS": 2.9820507531878593,
      "CMS": 2.927217077036373,
      "LHCb": 2.555917739868164,
      "total": 2.3521037101745605
    }
  },
  "10400": {
    "training_loss": 7781.16845703125,
    "validation_loss": [
      2775.4033203125
    ],
    "validation_chi2s": {
      "DEUTERON": 2.366824173808691,
      "NMC": 2.1866033217486214,
      "NUCLEAR": 2.023435546875,
      "HERACOMB": 2.1755323223039214,
      "DYE886": 1.4451378042047673,
      "CDF": 3.0400169917515347,
      "D0": 1.4194069862365724,
      "ATLAS": 2.995470770474138,
      "CMS": 2.870978933865907,
      "LHCb": 2.432234287261963,
      "total": 2.362034320831299
    }
  },
  "10500": {
    "training_loss": 7801.669921875,
    "validation_loss": [
      2753.92529296875
    ],
    "validation_chi2s": {
      "DEUTERON": 2.2292082677433145,
      "NMC": 2.1786540910309435,
      "NUCLEAR": 2.01649658203125,
      "HERACOMB": 2.1978997124565973,
      "DYE886": 1.4001841111616655,
      "CDF": 2.8712335314069475,
      "D0": 1.289291763305664,
      "ATLAS": 2.987701766792385,
      "CMS": 2.925233184314165,
      "LHCb": 2.4224722385406494,
      "total": 2.343759059906006
    }
  },
  "10600": {
    "training_loss": 7809.103515625,
    "validation_loss": [
      2735.611328125
    ],
    "validation_chi2s": {
      "DEUTERON": 2.2064371441134174,
      "NMC": 2.22410987405216,
      "NUCLEAR": 2.0201895751953125,
      "HERACOMB": 2.1478642482383576,
      "DYE886": 1.423432003368031,
      "CDF": 2.8782991681780135,
      "D0": 1.2536067962646484,
      "ATLAS": 2.9975445626795976,
      "CMS": 2.8980347680263834,
      "LHCb": 2.413846254348755,
      "total": 2.3281643390655518
    }
  },
  "10700": {
    "training_loss": 7793.1572265625,
    "validation_loss": [
      2778.55615234375
    ],
    "validation_chi2s": {
      "DEUTERON": 2.4119156415189678,
      "NMC": 2.156850777420343,
      "NUCLEAR": 2.019531494140625,
      "HERACOMB": 2.105089973000919,
      "DYE886": 1.4914223064075818,
      "CDF": 3.0441513061523438,
      "D0": 1.5533679962158202,
      "ATLAS": 3.0866664141073996,
      "CMS": 2.8754732726050203,
      "LHCb": 2.4101016521453857,
      "total": 2.364680528640747
    }
  },
  "10800": {
    "training_loss": 7796.2685546875,
    "validation_loss": [
      2759.103515625
    ],
    "validation_chi2s": {
      "DEUTERON": 2.320351671816698,
      "NMC": 2.1674845078412224,
      "NUCLEAR": 2.023805908203125,
      "HERACOMB": 2.159537122140523,
      "DYE886": 1.4801862890070134,
      "CDF": 2.9207687377929688,
      "D0": 1.5938458442687988,
      "ATLAS": 2.9950957901176367,
      "CMS": 2.8543936307313014,
      "LHCb": 2.4082162380218506,
      "total": 2.3481667041778564
    }
  },
  "10900": {
    "training_loss": 7783.93994140625,
    "validation_loss": [
      2739.115478515625
    ],
    "validation_chi2s": {
      "DEUTERON": 2.193672749533582,
      "NMC": 2.221070831897212,
      "NUCLEAR": 2.02226220703125,
      "HERACOMB": 2.1604686063878678,
      "DYE886": 1.455710150978782,
      "CDF": 2.6613080160958424,
      "D0": 1.2756529808044434,
      "ATLAS": 2.969232668821839,
      "CMS": 2.8707718145651895,
      "LHCb": 2.748342514038086,
      "total": 2.331157922744751
    }
  },
  "11000": {
    "training_loss": 7906.71142578125,
    "validation_loss": [
      2756.788330078125
    ],
    "validation_chi2s": {
      "DEUTERON": 2.363934872755364,
      "NMC": 2.2860981062346815,
      "NUCLEAR": 2.009853759765625,
      "HERACOMB": 2.1012315937117036,
      "DYE886": 1.4339893514459783,
      "CDF": 2.8338781084333147,
      "D0": 1.3206076622009277,
      "ATLAS": 3.0206190087329383,
      "CMS": 2.853737002513448,
      "LHCb": 2.5396745204925537,
      "total": 2.346201181411743
    }
  },
  "11100": {
    "training_loss": 7821.05224609375,
    "validation_loss": [
      2745.18359375
    ],
    "validation_chi2s": {
      "DEUTERON": 2.2420853192533428,
      "NMC": 2.3215551937327668,
      "NUCLEAR": 2.0208304443359375,
      "HERACOMB": 2.1430791717728757,
      "DYE886": 1.4413413134488193,
      "CDF": 2.7868783133370534,
      "D0": 1.2304987907409668,
      "ATLAS": 2.9674044203484193,
      "CMS": 2.881962760550077,
      "LHCb": 2.614936590194702,
      "total": 2.336320638656616
    }
  },
  "11200": {
    "training_loss": 7780.90478515625,
    "validation_loss": [
      2797.29248046875
    ],
    "validation_chi2s": {
      "DEUTERON": 2.501305423565765,
      "NMC": 2.2276666678634345,
      "NUCLEAR": 2.0184136962890626,
      "HERACOMB": 2.173977720971201,
      "DYE886": 1.4045446569269353,
      "CDF": 3.048572267804827,
      "D0": 1.3169207572937012,
      "ATLAS": 2.97277796953574,
      "CMS": 2.8615264892578125,
      "LHCb": 2.476430654525757,
      "total": 2.3806285858154297
    }
  },
  "11300": {
    "training_loss": 7792.18798828125,
    "validation_loss": [
      2807.62548828125
    ],
    "validation_chi2s": {
      "DEUTERON": 2.5818338726290424,
      "NMC": 2.258254406498928,
      "NUCLEAR": 2.03161376953125,
      "HERACOMB": 2.1156301062091503,
      "DYE886": 1.4489638588645242,
      "CDF": 3.107154301234654,
      "D0": 1.2767957687377929,
      "ATLAS": 3.0116250926050645,
      "CMS": 2.8638163081935195,
      "LHCb": 2.4482078552246094,
      "total": 2.3894057273864746
    }
  },
  "11400": {
    "training_loss": 7842.28076171875,
    "validation_loss": [
      2746.839599609375
    ],
    "validation_chi2s": {
      "DEUTERON": 2.2647717224424753,
      "NMC": 2.2687090705422794,
      "NUCLEAR": 2.03204296875,
      "HERACOMB": 2.1251017252604165,
      "DYE886": 1.445052060213956,
      "CDF": 3.0872745513916016,
      "D0": 1.2108163833618164,
      "ATLAS": 3.0115619527882544,
      "CMS": 2.879119873046875,
      "LHCb": 2.4013304710388184,
      "total": 2.3377296924591064
    }
  },
  "11500": {
    "training_loss": 7770.2744140625,
    "validation_loss": [
      2767.91845703125
    ],
    "validation_chi2s": {
      "DEUTERON": 2.338370707497668,
      "NMC": 2.2485483206954657,
      "NUCLEAR": 2.034536865234375,
      "HERACOMB": 2.166415744357639,
      "DYE886": 1.4676884737881748,
      "CDF": 2.9683358328683034,
      "D0": 1.2192052841186523,
      "ATLAS": 2.9587195385461564,
      "CMS": 2.8838648561571465,
      "LHCb": 2.490144968032837,
      "total": 2.355607509613037
    }
  },
  "11600": {
    "training_loss": 7805.0634765625,
    "validation_loss": [
      2755.34912109375
    ],
    "validation_chi2s": {
      "DEUTERON": 2.2837231384581003,
      "NMC": 2.2207785213694855,
      "NUCLEAR": 2.0433250732421877,
      "HERACOMB": 2.1529497134140114,
      "DYE886": 1.480390895496715,
      "CDF": 3.1519388471330916,
      "D0": 1.2125129699707031,
      "ATLAS": 3.0146193230289153,
      "CMS": 2.8319574574955175,
      "LHCb": 2.394510269165039,
      "total": 2.344975471496582
    }
  },
  "11700": {
    "training_loss": 7768.2333984375,
    "validation_loss": [
      2807.583251953125
    ],
    "validation_chi2s": {
      "DEUTERON": 2.4441341570953825,
      "NMC": 2.4443407245710786,
      "NUCLEAR": 2.0187916259765624,
      "HERACOMB": 2.154366486991932,
      "DYE886": 1.5049467953768643,
      "CDF": 2.826736177716936,
      "D0": 1.2634079933166504,
      "ATLAS": 2.982123013200431,
      "CMS": 2.9366017325979765,
      "LHCb": 2.6569292545318604,
      "total": 2.3894238471984863
    }
  },
  "11800": {
    "training_loss": 7899.08447265625,
    "validation_loss": [
      2755.82373046875
    ],
    "validation_chi2s": {
      "DEUTERON": 2.250752007783349,
      "NMC": 2.320099774528952,
      "NUCLEAR": 2.02765380859375,
      "HERACOMB": 2.1581765966477735,
      "DYE886": 1.5165625485506924,
      "CDF": 2.837631498064314,
      "D0": 1.2827842712402344,
      "ATLAS": 2.9855080089349855,
      "CMS": 2.871462962666496,
      "LHCb": 2.5599286556243896,
      "total": 2.345371723175049
    }
  },
  "11900": {
    "training_loss": 7772.14990234375,
    "validation_loss": [
      2787.42333984375
    ],
    "validation_chi2s": {
      "DEUTERON": 2.3738104217681126,
      "NMC": 2.161304997462852,
      "NUCLEAR": 2.057384521484375,
      "HERACOMB": 2.203924241408803,
      "DYE886": 1.4558793848211116,
      "CDF": 3.000869478498186,
      "D0": 1.2665141105651856,
      "ATLAS": 2.9776383323230964,
      "CMS": 2.862151599321209,
      "LHCb": 2.4271059036254883,
      "total": 2.371718406677246
    }
  },
  "12000": {
    "training_loss": 7772.62060546875,
    "validation_loss": [
      2988.53173828125
    ],
    "validation_chi2s": {
      "DEUTERON": 3.395084817611163,
      "NMC": 2.3503250421262254,
      "NUCLEAR": 2.03072216796875,
      "HERACOMB": 2.135665594362745,
      "DYE886": 1.4842517159201882,
      "CDF": 2.913834435599191,
      "D0": 1.2525761604309082,
      "ATLAS": 2.9980882666576867,
      "CMS": 2.9283382228163424,
      "LHCb": 2.511951446533203,
      "total": 2.5432815551757812
    }
  },
  "12100": {
    "training_loss": 7769.2412109375,
    "validation_loss": [
      2815.26123046875
    ],
    "validation_chi2s": {
      "DEUTERON": 2.528078449306203,
      "NMC": 2.176708745021446,
      "NUCLEAR": 2.047299560546875,
      "HERACOMB": 2.2169357000612746,
      "DYE886": 1.4009328321977095,
      "CDF": 2.9891564505440846,
      "D0": 1.2778621673583985,
      "ATLAS": 2.9741189890894395,
      "CMS": 2.845211091588755,
      "LHCb": 2.391620635986328,
      "total": 2.39577054977417
    }
  },
  "12200": {
    "training_loss": 7805.39453125,
    "validation_loss": [
      2752.88525390625
    ],
    "validation_chi2s": {
      "DEUTERON": 2.257802934788946,
      "NMC": 2.310884812298943,
      "NUCLEAR": 2.037479736328125,
      "HERACOMB": 2.1172409556270426,
      "DYE886": 1.4279546737670898,
      "CDF": 2.771623338971819,
      "D0": 1.2386056900024414,
      "ATLAS": 3.0115868579382186,
      "CMS": 2.923976210297131,
      "LHCb": 2.5005507469177246,
      "total": 2.34287691116333
    }
  },
  "12300": {
    "training_loss": 7770.685546875,
    "validation_loss": [
      2843.4775390625
    ],
    "validation_chi2s": {
      "DEUTERON": 2.650322909378887,
      "NMC": 2.2034550087124694,
      "NUCLEAR": 2.05365478515625,
      "HERACOMB": 2.193845262714461,
      "DYE886": 1.4329760291359641,
      "CDF": 2.8651191166469028,
      "D0": 1.3094142913818358,
      "ATLAS": 2.9658010197781968,
      "CMS": 2.899684718397797,
      "LHCb": 2.445244789123535,
      "total": 2.419196367263794
    }
  },
  "12400": {
    "training_loss": 7777.99365234375,
    "validation_loss": [
      2853.861328125
    ],
    "validation_chi2s": {
      "DEUTERON": 2.743412454329913,
      "NMC": 2.228636199352788,
      "NUCLEAR": 2.045982666015625,
      "HERACOMB": 2.1975388869740606,
      "DYE886": 1.4187041195956143,
      "CDF": 2.8762640271868025,
      "D0": 1.277180290222168,
      "ATLAS": 2.952398190553161,
      "CMS": 2.86899178927062,
      "LHCb": 2.3885302543640137,
      "total": 2.428351640701294
    }
  },
  "12500": {
    "training_loss": 7779.6708984375,
    "validation_loss": [
      2756.04296875
    ],
    "validation_chi2s": {
      "DEUTERON": 2.2595527610968595,
      "NMC": 2.188081180348116,
      "NUCLEAR": 2.05840234375,
      "HERACOMB": 2.182418125127655,
      "DYE886": 1.4434846531261096,
      "CDF": 3.0450638362339566,
      "D0": 1.246194839477539,
      "ATLAS": 2.97424246250898,
      "CMS": 2.8536219362352715,
      "LHCb": 2.39009952545166,
      "total": 2.3454127311706543
    }
  },
  "12600": {
    "training_loss": 7771.474609375,
    "validation_loss": [
      2840.91650390625
    ],
    "validation_chi2s": {
      "DEUTERON": 2.6830675115632774,
      "NMC": 2.187452428481158,
      "NUCLEAR": 2.052957763671875,
      "HERACOMB": 2.1713300717422386,
      "DYE886": 1.4647234136408025,
      "CDF": 3.1768896920340404,
      "D0": 1.3475736618041991,
      "ATLAS": 2.990576382341056,
      "CMS": 2.8603355532786887,
      "LHCb": 2.3471946716308594,
      "total": 2.417780876159668
    }
  },
  "12700": {
    "training_loss": 7787.67333984375,
    "validation_loss": [
      2767.31298828125
    ],
    "validation_chi2s": {
      "DEUTERON": 2.334298053191076,
      "NMC": 2.20826317282284,
      "NUCLEAR": 2.0448411865234375,
      "HERACOMB": 2.176199520335478,
      "DYE886": 1.4901566938920454,
      "CDF": 3.0249647412981306,
      "D0": 1.301127815246582,
      "ATLAS": 2.9541369909527657,
      "CMS": 2.8573198162141393,
      "LHCb": 2.4601776599884033,
      "total": 2.355106830596924
    }
  },
  "12800": {
    "training_loss": 8263.78515625,
    "validation_loss": [
      2836.20556640625
    ],
    "validation_chi2s": {
      "DEUTERON": 2.5132781830593127,
      "NMC": 2.269464380600873,
      "NUCLEAR": 2.038921142578125,
      "HERACOMB": 2.2805425107868667,
      "DYE886": 1.5228261080655185,
      "CDF": 2.9400711059570312,
      "D0": 1.2582438468933106,
      "ATLAS": 2.911588997676455,
      "CMS": 2.913766079261655,
      "LHCb": 2.463198184967041,
      "total": 2.413677453994751
    }
  },
  "12900": {
    "training_loss": 7774.9375,
    "validation_loss": [
      2971.037109375
    ],
    "validation_chi2s": {
      "DEUTERON": 3.314424277538091,
      "NMC": 2.219682581284467,
      "NUCLEAR": 2.0368582763671874,
      "HERACOMB": 2.1639109094158497,
      "DYE886": 1.577188491821289,
      "CDF": 3.112451825823103,
      "D0": 1.461098575592041,
      "ATLAS": 2.9885148673221984,
      "CMS": 2.869447301645748,
      "LHCb": 2.4556939601898193,
      "total": 2.5281078815460205
    }
  },
  "13000": {
    "training_loss": 7826.7548828125,
    "validation_loss": [
      2877.80224609375
    ],
    "validation_chi2s": {
      "DEUTERON": 2.79971875242926,
      "NMC": 2.422300002154182,
      "NUCLEAR": 2.0023360595703124,
      "HERACOMB": 2.1677266039879495,
      "DYE886": 1.5854847647927024,
      "CDF": 3.1307920728410994,
      "D0": 1.450567626953125,
      "ATLAS": 2.9893697102864585,
      "CMS": 2.9132610383580944,
      "LHCb": 2.5196709632873535,
      "total": 2.4490966796875
    }
  },
  "13100": {
    "training_loss": 7863.58837890625,
    "validation_loss": [
      2801.728271484375
    ],
    "validation_chi2s": {
      "DEUTERON": 2.335233773758162,
      "NMC": 2.462457544663373,
      "NUCLEAR": 1.9825277099609375,
      "HERACOMB": 2.1911305944904003,
      "DYE886": 1.4621041037819602,
      "CDF": 3.5180961063929965,
      "D0": 1.7203630447387694,
      "ATLAS": 3.0564410330235274,
      "CMS": 2.901240614594006,
      "LHCb": 2.5262436866760254,
      "total": 2.384420394897461
    }
  },
  "13200": {
    "training_loss": 7955.328125,
    "validation_loss": [
      2923.9794921875
    ],
    "validation_chi2s": {
      "DEUTERON": 2.928795354283271,
      "NMC": 2.724234188304228,
      "NUCLEAR": 1.976642333984375,
      "HERACOMB": 2.1970280665977326,
      "DYE886": 1.5252520821311257,
      "CDF": 3.050539016723633,
      "D0": 1.3637237548828125,
      "ATLAS": 2.948381796650503,
      "CMS": 2.9978777775998977,
      "LHCb": 2.5809009075164795,
      "total": 2.4884848594665527
    }
  },
  "13300": {
    "training_loss": 7902.40234375,
    "validation_loss": [
      2775.0400390625
    ],
    "validation_chi2s": {
      "DEUTERON": 2.221718707487951,
      "NMC": 2.5118791168811274,
      "NUCLEAR": 1.9724068603515625,
      "HERACOMB": 2.1599992739608864,
      "DYE886": 1.4889141429554333,
      "CDF": 3.5898001534598216,
      "D0": 1.8765453338623046,
      "ATLAS": 3.0459149240077226,
      "CMS": 2.9301377593493854,
      "LHCb": 2.56837797164917,
      "total": 2.3617334365844727
    }
  },
  "13400": {
    "training_loss": 7878.09375,
    "validation_loss": [
      2818.963134765625
    ],
    "validation_chi2s": {
      "DEUTERON": 2.329405371822528,
      "NMC": 2.7170490938074447,
      "NUCLEAR": 1.963722900390625,
      "HERACOMB": 2.225369322533701,
      "DYE886": 1.4939257881858132,
      "CDF": 3.0757623400006975,
      "D0": 1.4034188270568848,
      "ATLAS": 2.9270852626055137,
      "CMS": 3.1437235347560195,
      "LHCb": 2.469104766845703,
      "total": 2.3991174697875977
    }
  },
  "13500": {
    "training_loss": 8221.77099609375,
    "validation_loss": [
      2784.649658203125
    ],
    "validation_chi2s": {
      "DEUTERON": 2.3233800480021767,
      "NMC": 2.613292320101869,
      "NUCLEAR": 1.9775084228515625,
      "HERACOMB": 2.119638679853452,
      "DYE886": 1.4273662567138672,
      "CDF": 3.342371259416853,
      "D0": 1.6654718399047852,
      "ATLAS": 3.0096484655621407,
      "CMS": 2.9957735655737703,
      "LHCb": 2.5240347385406494,
      "total": 2.3699142932891846
    }
  },
  "13600": {
    "training_loss": 7914.84912109375,
    "validation_loss": [
      2785.9072265625
    ],
    "validation_chi2s": {
      "DEUTERON": 2.276040300207945,
      "NMC": 2.5012753056544885,
      "NUCLEAR": 1.9800496826171874,
      "HERACOMB": 2.20341441833895,
      "DYE886": 1.3502764268354936,
      "CDF": 3.3524047306605746,
      "D0": 1.6684368133544922,
      "ATLAS": 2.9573451952002516,
      "CMS": 3.038147222800333,
      "LHCb": 2.3909571170806885,
      "total": 2.3709843158721924
    }
  },
  "13700": {
    "training_loss": 8169.87109375,
    "validation_loss": [
      2836.0400390625
    ],
    "validation_chi2s": {
      "DEUTERON": 2.3397169729963463,
      "NMC": 2.666549383425245,
      "NUCLEAR": 2.024333984375,
      "HERACOMB": 2.2143425037658293,
      "DYE886": 1.4233251051469282,
      "CDF": 3.2288521357945035,
      "D0": 1.3567623138427733,
      "ATLAS": 2.941070907417385,
      "CMS": 3.160867409627946,
      "LHCb": 2.5381288528442383,
      "total": 2.41363787651062
    }
  },
  "13800": {
    "training_loss": 7903.412109375,
    "validation_loss": [
      2770.8505859375
    ],
    "validation_chi2s": {
      "DEUTERON": 2.225302928715796,
      "NMC": 2.4505618226294423,
      "NUCLEAR": 2.003701416015625,
      "HERACOMB": 2.1509656719132964,
      "DYE886": 1.3304390473799272,
      "CDF": 3.491894858224051,
      "D0": 2.046096420288086,
      "ATLAS": 3.0369823938128593,
      "CMS": 2.8913163982453893,
      "LHCb": 2.6242544651031494,
      "total": 2.3580517768859863
    }
  },
  "13900": {
    "training_loss": 7857.43994140625,
    "validation_loss": [
      2819.98388671875
    ],
    "validation_chi2s": {
      "DEUTERON": 2.2609122356965172,
      "NMC": 2.449766720042509,
      "NUCLEAR": 2.00370361328125,
      "HERACOMB": 2.270199046415441,
      "DYE886": 1.2771521481600674,
      "CDF": 2.8546175275530135,
      "D0": 1.7682939529418946,
      "ATLAS": 2.9387617440059266,
      "CMS": 3.1184487264664447,
      "LHCb": 2.7324326038360596,
      "total": 2.3999862670898438
    }
  },
  "14000": {
    "training_loss": 8261.263671875,
    "validation_loss": [
      2810.9912109375
    ],
    "validation_chi2s": {
      "DEUTERON": 2.245683356897155,
      "NMC": 2.507936814252068,
      "NUCLEAR": 2.0239296875,
      "HERACOMB": 2.104766845703125,
      "DYE886": 1.2993647835471414,
      "CDF": 3.3175261361258372,
      "D0": 2.1436723709106444,
      "ATLAS": 3.209448452653556,
      "CMS": 2.923441152103612,
      "LHCb": 2.9159908294677734,
      "total": 2.39233136177063
    }
  },
  "14100": {
    "training_loss": 7918.5615234375,
    "validation_loss": [
      2776.15625
    ],
    "validation_chi2s": {
      "DEUTERON": 2.2363638047555194,
      "NMC": 2.5550279804304536,
      "NUCLEAR": 2.0221497802734376,
      "HERACOMB": 2.083682390599469,
      "DYE886": 1.3029375076293945,
      "CDF": 2.7438131059919084,
      "D0": 2.4279884338378905,
      "ATLAS": 3.0856182931483476,
      "CMS": 2.88226068215292,
      "LHCb": 2.8909924030303955,
      "total": 2.3626861572265625
    }
  },
  "14200": {
    "training_loss": 8098.55224609375,
    "validation_loss": [
      2770.4306640625
    ],
    "validation_chi2s": {
      "DEUTERON": 2.2005341942630596,
      "NMC": 2.5090788298962163,
      "NUCLEAR": 2.03296630859375,
      "HERACOMB": 2.1200603410309435,
      "DYE886": 1.2864906137639827,
      "CDF": 2.7721448625837053,
      "D0": 2.3141136169433594,
      "ATLAS": 3.0426183240167024,
      "CMS": 2.889007818503458,
      "LHCb": 2.8267693519592285,
      "total": 2.3578131198883057
    }
  },
  "14300": {
    "training_loss": 7939.48291015625,
    "validation_loss": [
      2783.603515625
    ],
    "validation_chi2s": {
      "DEUTERON": 2.187161725551928,
      "NMC": 2.5168510885799633,
      "NUCLEAR": 2.0333294677734375,
      "HERACOMB": 2.175149356617647,
      "DYE886": 1.3325094743208452,
      "CDF": 2.8638153076171875,
      "D0": 2.102735137939453,
      "ATLAS": 2.9948169225933907,
      "CMS": 2.918244408779457,
      "LHCb": 2.943115472793579,
      "total": 2.369021415710449
    }
  }
}