{
  "100": {
    "training_loss": 288.0,
    "validation_loss": [
      113.41795349121094
    ],
    "validation_chi2s": {
      "DEUTERON": 2.2641586303710937,
      "ATLAS": 2.0774191076105293,
      "total": 2.223881483078003
    }
  },
  "200": {
    "training_loss": 216.8391571044922,
    "validation_loss": [
      123.86236572265625
    ],
    "validation_chi2s": {
      "DEUTERON": 2.4416004180908204,
      "ATLAS": 2.3816682642156426,
      "total": 2.42867374420166
    }
  },
  "300": {
    "training_loss": 210.92132568359375,
    "validation_loss": [
      126.3711929321289
    ],
    "validation_chi2s": {
      "DEUTERON": 2.498120880126953,
      "ATLAS": 2.4042145122181284,
      "total": 2.4778664112091064
    }
  }
}