{
  "100": {
    "training_loss": 23123.515625,
    "validation_loss": [
      17879.822265625
    ],
    "validation_chi2s": {
      "DEUTERON": 42.67314793221393,
      "NMC": 4.821438658471201,
      "NUCLEAR": 7.8062578125,
      "HERACOMB": 6.27340797972835,
      "DYE886": 42.25054931640625,
      "CDF": 9.007518768310547,
      "D0": 39.84215087890625,
      "ATLAS": 11.985124067826705,
      "CMS": 5.296660632621951,
      "LHCb": 11.517705917358398,
      "total": 14.613622665405273
    }
  },
  "200": {
    "training_loss": 17277.552734375,
    "validation_loss": [
      16155.1552734375
    ],
    "validation_chi2s": {
      "DEUTERON": 47.422419154228855,
      "NMC": 4.237940171185662,
      "NUCLEAR": 6.179568359375,
      "HERACOMB": 4.1367574454912175,
      "DYE886": 40.83492209694602,
      "CDF": 10.767938886369977,
      "D0": 17.32465362548828,
      "ATLAS": 7.203566117720171,
      "CMS": 3.830035946233486,
      "LHCb": 8.754497528076172,
      "total": 13.348758697509766
    }
  },
  "300": {
    "training_loss": 15948.51171875,
    "validation_loss": [
      11837.796875
    ],
    "validation_chi2s": {
      "DEUTERON": 29.68106489039179,
      "NMC": 4.190246282839308,
      "NUCLEAR": 5.23411669921875,
      "HERACOMB": 3.8659296970741424,
      "DYE886": 37.81774347478693,
      "CDF": 12.916116986955915,
      "D0": 19.1448974609375,
      "ATLAS": 6.038576993075284,
      "CMS": 3.7541739611121696,
      "LHCb": 8.1499605178833,
      "total": 9.821990013122559
    }
  },
  "400": {
    "training_loss": 32246.439453125,
    "validation_loss": [
      38052.75390625
    ],
    "validation_chi2s": {
      "DEUTERON": 162.27609996890547,
      "NMC": 4.056022494446998,
      "NUCLEAR": 4.96559814453125,
      "HERACOMB": 4.297807282092524,
      "DYE886": 27.407370827414773,
      "CDF": 8.959948948451451,
      "D0": 12.25292510986328,
      "ATLAS": 5.333620591597124,
      "CMS": 4.9906591399898375,
      "LHCb": 5.489950180053711,
      "total": 32.17091369628906
    }
  },
  "500": {
    "training_loss": 15258.603515625,
    "validation_loss": [
      79334.078125
    ],
    "validation_chi2s": {
      "DEUTERON": 367.9451958955224,
      "NMC": 3.9443667542700673,
      "NUCLEAR": 4.7942841796875,
      "HERACOMB": 3.546729792177288,
      "DYE886": 33.92866377397017,
      "CDF": 13.188271658761161,
      "D0": 17.519367980957032,
      "ATLAS": 5.430863467129794,
      "CMS": 3.817292996538364,
      "LHCb": 6.802861213684082,
      "total": 67.14686584472656
    }
  },
  "600": {
    "training_loss": 31172.423828125,
    "validation_loss": [
      7796.68603515625
    ],
    "validation_chi2s": {
      "DEUTERON": 8.229444209615982,
      "NMC": 3.864193785424326,
      "NUCLEAR": 5.152416015625,
      "HERACOMB": 3.0965510349647674,
      "DYE886": 26.815113414417613,
      "CDF": 10.582360403878349,
      "D0": 21.15040740966797,
      "ATLAS": 8.678305886008523,
      "CMS": 7.378302845528455,
      "LHCb": 6.250129222869873,
      "total": 6.449296474456787
    }
  },
  "700": {
    "training_loss": 9137.25,
    "validation_loss": [
      3653.869384765625
    ],
    "validation_chi2s": {
      "DEUTERON": 3.2039454825481966,
      "NMC": 3.2283552581188726,
      "NUCLEAR": 2.9813427734375,
      "HERACOMB": 2.9455642201542074,
      "DYE886": 1.826808062466708,
      "CDF": 6.345161982945034,
      "D0": 4.037960052490234,
      "ATLAS": 2.9347142306241123,
      "CMS": 3.0517446626492633,
      "LHCb": 3.662628650665283,
      "total": 3.0470128059387207
    }
  },
  "800": {
    "training_loss": 8122.4208984375,
    "validation_loss": [
      4487.04052734375
    ],
    "validation_chi2s": {
      "DEUTERON": 9.250372891402364,
      "NMC": 2.9485566382314645,
      "NUCLEAR": 2.35686767578125,
      "HERACOMB": 2.815774755540237,
      "DYE886": 1.6907717964865945,
      "CDF": 5.307750156947544,
      "D0": 1.7077552795410156,
      "ATLAS": 2.4736784154718574,
      "CMS": 3.0078234168572155,
      "LHCb": 3.409905195236206,
      "total": 3.7915291786193848
    }
  },
  "900": {
    "training_loss": 7988.74853515625,
    "validation_loss": [
      92514.390625
    ],
    "validation_chi2s": {
      "DEUTERON": 447.3957555970149,
      "NMC": 2.9140077478745403,
      "NUCLEAR": 2.265268310546875,
      "HERACOMB": 2.7974604189006333,
      "DYE886": 1.9414988431063565,
      "CDF": 4.297889164515904,
      "D0": 1.4663865089416503,
      "ATLAS": 2.4295936931263316,
      "CMS": 3.0558950532742633,
      "LHCb": 3.503631114959717,
      "total": 78.52340698242188
    }
  },
  "1000": {
    "training_loss": 7950.87890625,
    "validation_loss": [
      18597.857421875
    ],
    "validation_chi2s": {
      "DEUTERON": 79.69359258395522,
      "NMC": 2.892435410443474,
      "NUCLEAR": 2.25036328125,
      "HERACOMB": 2.79136687634038,
      "DYE886": 2.1030502319335938,
      "CDF": 3.7963109697614397,
      "D0": 1.3973260879516602,
      "ATLAS": 2.4225278334184126,
      "CMS": 3.080009398421621,
      "LHCb": 3.5185911655426025,
      "total": 15.7786865234375
    }
  },
  "1100": {
    "training_loss": 7937.9560546875,
    "validation_loss": [
      4823.70361328125
    ],
    "validation_chi2s": {
      "DEUTERON": 11.177672428871269,
      "NMC": 2.8805589862898286,
      "NUCLEAR": 2.250740234375,
      "HERACOMB": 2.7880145303564134,
      "DYE886": 2.175138820301403,
      "CDF": 3.5618163517543246,
      "D0": 1.3564085006713866,
      "ATLAS": 2.4176375649192114,
      "CMS": 3.0905813821932164,
      "LHCb": 3.503831386566162,
      "total": 4.08621072769165
    }
  },
  "1200": {
    "training_loss": 7930.65673828125,
    "validation_loss": [
      3265.6474609375
    ],
    "validation_chi2s": {
      "DEUTERON": 3.442018423507463,
      "NMC": 2.8730881634880516,
      "NUCLEAR": 2.250427734375,
      "HERACOMB": 2.7833856320848653,
      "DYE886": 2.1859975294633345,
      "CDF": 3.4445552825927734,
      "D0": 1.3000053405761718,
      "ATLAS": 2.4143307425759057,
      "CMS": 3.0980460314246696,
      "LHCb": 3.497133493423462,
      "total": 2.7638282775878906
    }
  },
  "1300": {
    "training_loss": 7925.7705078125,
    "validation_loss": [
      3250.32421875
    ],
    "validation_chi2s": {
      "DEUTERON": 3.3821705680581466,
      "NMC": 2.8676691990272674,
      "NUCLEAR": 2.248406494140625,
      "HERACOMB": 2.779730304393893,
      "DYE886": 2.1832603107799184,
      "CDF": 3.3776351383754184,
      "D0": 1.267991828918457,
      "ATLAS": 2.4113759127530185,
      "CMS": 3.103461288824314,
      "LHCb": 3.4914512634277344,
      "total": 2.751253128051758
    }
  },
  "1400": {
    "training_loss": 7921.2314453125,
    "validation_loss": [
      3231.891845703125
    ],
    "validation_chi2s": {
      "DEUTERON": 3.3062282581234452,
      "NMC": 2.8617371203852633,
      "NUCLEAR": 2.24594873046875,
      "HERACOMB": 2.775909024905535,
      "DYE886": 2.17492658441717,
      "CDF": 3.3339505876813615,
      "D0": 1.2433673858642578,
      "ATLAS": 2.4098980643532495,
      "CMS": 3.1087981433403202,
      "LHCb": 3.483912467956543,
      "total": 2.7360310554504395
    }
  },
  "1500": {
    "training_loss": 7917.09716796875,
    "validation_loss": [
      3472.32275390625
    ],
    "validation_chi2s": {
      "DEUTERON": 4.516337987795398,
      "NMC": 2.855982462565104,
      "NUCLEAR": 2.24338916015625,
      "HERACOMB": 2.772079168581495,
      "DYE886": 2.1638415943492544,
      "CDF": 3.3018441881452287,
      "D0": 1.2275801658630372,
      "ATLAS": 2.4095949693159624,
      "CMS": 3.114331253175813,
      "LHCb": 3.478799819946289,
      "total": 2.940584421157837
    }
  },
  "1600": {
    "training_loss": 7912.4033203125,
    "validation_loss": [
      6322.51025390625
    ],
    "validation_chi2s": {
      "DEUTERON": 18.702263827347636,
      "NMC": 2.8497646556181064,
      "NUCLEAR": 2.24050927734375,
      "HERACOMB": 2.7703500386157067,
      "DYE886": 2.154416170987216,
      "CDF": 3.2755930764334544,
      "D0": 1.225701141357422,
      "ATLAS": 2.4131792241876777,
      "CMS": 3.1201013084349594,
      "LHCb": 3.4763829708099365,
      "total": 5.360497951507568
    }
  },
  "1700": {
    "training_loss": 7909.18310546875,
    "validation_loss": [
      28992.779296875
    ],
    "validation_chi2s": {
      "DEUTERON": 131.5028762437811,
      "NMC": 2.8433074951171875,
      "NUCLEAR": 2.23743115234375,
      "HERACOMB": 2.7688546772875817,
      "DYE886": 2.1324807947332207,
      "CDF": 3.2667448861258372,
      "D0": 1.1991342544555663,
      "ATLAS": 2.4156627655029297,
      "CMS": 3.122833251953125,
      "LHCb": 3.456312894821167,
      "total": 24.60556411743164
    }
  },
  "1800": {
    "training_loss": 7908.2734375,
    "validation_loss": [
      3099.979736328125
    ],
    "validation_chi2s": {
      "DEUTERON": 2.7151692708333335,
      "NMC": 2.8414728501263786,
      "NUCLEAR": 2.235104248046875,
      "HERACOMB": 2.7581832985472836,
      "DYE886": 2.1015260869806465,
      "CDF": 3.2436463492257253,
      "D0": 1.1987336158752442,
      "ATLAS": 2.4021216305819424,
      "CMS": 3.1313129207952235,
      "LHCb": 3.463888168334961,
      "total": 2.625755786895752
    }
  },
  "1900": {
    "training_loss": 7905.61181640625,
    "validation_loss": [
      2932.40771484375
    ],
    "validation_chi2s": {
      "DEUTERON": 1.8822449641441232,
      "NMC": 2.8361092361749387,
      "NUCLEAR": 2.23411083984375,
      "HERACOMB": 2.7586961135365606,
      "DYE886": 2.0855974717573686,
      "CDF": 3.2253243582589284,
      "D0": 1.18902587890625,
      "ATLAS": 2.4095691334117544,
      "CMS": 3.1314339986661586,
      "LHCb": 3.455768585205078,
      "total": 2.483741283416748
    }
  },
  "2000": {
    "training_loss": 7901.869140625,
    "validation_loss": [
      2934.328369140625
    ],
    "validation_chi2s": {
      "DEUTERON": 1.8833293250544154,
      "NMC": 2.830060173483456,
      "NUCLEAR": 2.2329931640625,
      "HERACOMB": 2.76025350732741,
      "DYE886": 2.0803650942715732,
      "CDF": 3.2222892216273715,
      "D0": 1.1976521492004395,
      "ATLAS": 2.419390244917436,
      "CMS": 3.1345046128683944,
      "LHCb": 3.4539554119110107,
      "total": 2.4855282306671143
    }
  },
  "2100": {
    "training_loss": 7899.02099609375,
    "validation_loss": [
      2956.74072265625
    ],
    "validation_chi2s": {
      "DEUTERON": 2.000584237018035,
      "NMC": 2.826309802485447,
      "NUCLEAR": 2.231339599609375,
      "HERACOMB": 2.757965486813215,
      "DYE886": 2.0699462890625,
      "CDF": 3.220679691859654,
      "D0": 1.1994094848632812,
      "ATLAS": 2.4205847653475674,
      "CMS": 3.1383763755240093,
      "LHCb": 3.451805353164673,
      "total": 2.5047624111175537
    }
  },
  "2200": {
    "training_loss": 7897.1279296875,
    "validation_loss": [
      2987.61083984375
    ],
    "validation_chi2s": {
      "DEUTERON": 2.162253308652052,
      "NMC": 2.8231213139552698,
      "NUCLEAR": 2.229735595703125,
      "HERACOMB": 2.7542586981081496,
      "DYE886": 2.057946812022816,
      "CDF": 3.2157715388706754,
      "D0": 1.1937738418579102,
      "ATLAS": 2.4208110462535513,
      "CMS": 3.14300537109375,
      "LHCb": 3.4545345306396484,
      "total": 2.5311965942382812
    }
  },
  "2300": {
    "training_loss": 7895.5830078125,
    "validation_loss": [
      3025.99609375
    ],
    "validation_chi2s": {
      "DEUTERON": 2.3625189178618626,
      "NMC": 2.8204157212201286,
      "NUCLEAR": 2.228085693359375,
      "HERACOMB": 2.750630896075878,
      "DYE886": 2.0469273653897373,
      "CDF": 3.216493606567383,
      "D0": 1.1907279014587402,
      "ATLAS": 2.41958288712935,
      "CMS": 3.1468721715415398,
      "LHCb": 3.457089900970459,
      "total": 2.5640203952789307
    }
  },
  "2400": {
    "training_loss": 7894.47509765625,
    "validation_loss": [
      3419.72998046875
    ],
    "validation_chi2s": {
      "DEUTERON": 4.313616852262127,
      "NMC": 2.8139456954656863,
      "NUCLEAR": 2.227075927734375,
      "HERACOMB": 2.756815392986622,
      "DYE886": 2.0389300259676846,
      "CDF": 3.2362071446010043,
      "D0": 1.1617277145385743,
      "ATLAS": 2.4345170801336113,
      "CMS": 3.1395965824282266,
      "LHCb": 3.4237558841705322,
      "total": 2.898332357406616
    }
  },
  "2500": {
    "training_loss": 7892.56298828125,
    "validation_loss": [
      12226.30078125
    ],
    "validation_chi2s": {
      "DEUTERON": 48.13982334421642,
      "NMC": 2.812723496380974,
      "NUCLEAR": 2.226009033203125,
      "HERACOMB": 2.7509416567733864,
      "DYE886": 2.0214793465354224,
      "CDF": 3.244021006992885,
      "D0": 1.1746407508850099,
      "ATLAS": 2.431330073963512,
      "CMS": 3.142016403074187,
      "LHCb": 3.4338338375091553,
      "total": 10.374393463134766
    }
  },
  "2600": {
    "training_loss": 7887.44580078125,
    "validation_loss": [
      5122.19482421875
    ],
    "validation_chi2s": {
      "DEUTERON": 12.755494986007463,
      "NMC": 2.807306925455729,
      "NUCLEAR": 2.227467529296875,
      "HERACOMB": 2.7543829624948937,
      "DYE886": 2.059449629350142,
      "CDF": 3.260974339076451,
      "D0": 1.2531529426574708,
      "ATLAS": 2.453339316628196,
      "CMS": 3.1472860196741617,
      "LHCb": 3.460407257080078,
      "total": 4.343835830688477
    }
  },
  "2700": {
    "training_loss": 7890.3046875,
    "validation_loss": [
      3485.205322265625
    ],
    "validation_chi2s": {
      "DEUTERON": 4.657419992323539,
      "NMC": 2.8086550843481923,
      "NUCLEAR": 2.225574462890625,
      "HERACOMB": 2.7467402040568833,
      "DYE886": 1.9843978881835938,
      "CDF": 3.245204380580357,
      "D0": 1.2012367248535156,
      "ATLAS": 2.4364473169500176,
      "CMS": 3.1429408623920225,
      "LHCb": 3.4456560611724854,
      "total": 2.954432725906372
    }
  },
  "2800": {
    "training_loss": 7889.1328125,
    "validation_loss": [
      6329.05419921875
    ],
    "validation_chi2s": {
      "DEUTERON": 18.813318660603233,
      "NMC": 2.806752223594516,
      "NUCLEAR": 2.22542138671875,
      "HERACOMB": 2.7422257965686274,
      "DYE886": 1.9752136577259412,
      "CDF": 3.2474866594587053,
      "D0": 1.203845500946045,
      "ATLAS": 2.4367507587779653,
      "CMS": 3.144929715288364,
      "LHCb": 3.4475104808807373,
      "total": 5.368707656860352
    }
  },
  "2900": {
    "training_loss": 7890.46875,
    "validation_loss": [
      6839.14111328125
    ],
    "validation_chi2s": {
      "DEUTERON": 21.37333109841418,
      "NMC": 2.8063180960860907,
      "NUCLEAR": 2.22392041015625,
      "HERACOMB": 2.736763947929432,
      "DYE886": 1.9510277834805576,
      "CDF": 3.248157501220703,
      "D0": 1.179901123046875,
      "ATLAS": 2.434573780406605,
      "CMS": 3.1423039630176577,
      "LHCb": 3.4270923137664795,
      "total": 5.801957130432129
    }
  },
  "3000": {
    "training_loss": 7887.9365234375,
    "validation_loss": [
      3465.468017578125
    ],
    "validation_chi2s": {
      "DEUTERON": 4.567426539179104,
      "NMC": 2.800673840092678,
      "NUCLEAR": 2.224146240234375,
      "HERACOMB": 2.742315953073938,
      "DYE886": 1.9459103670987217,
      "CDF": 3.244103022984096,
      "D0": 1.2029447555541992,
      "ATLAS": 2.4515831687233667,
      "CMS": 3.1397020293445124,
      "LHCb": 3.4330294132232666,
      "total": 2.9381489753723145
    }
  },
  "3100": {
    "training_loss": 7886.60888671875,
    "validation_loss": [
      3493.852783203125
    ],
    "validation_chi2s": {
      "DEUTERON": 4.703147774312034,
      "NMC": 2.7957174263748468,
      "NUCLEAR": 2.223225830078125,
      "HERACOMB": 2.744476717281965,
      "DYE886": 1.9391878301447087,
      "CDF": 3.2509989057268416,
      "D0": 1.2018842697143555,
      "ATLAS": 2.4616756439208984,
      "CMS": 3.1380888155805384,
      "LHCb": 3.4208991527557373,
      "total": 2.962374448776245
    }
  },
  "3200": {
    "training_loss": 7887.73974609375,
    "validation_loss": [
      3076.982177734375
    ],
    "validation_chi2s": {
      "DEUTERON": 2.64704492673352,
      "NMC": 2.794495526482077,
      "NUCLEAR": 2.223050537109375,
      "HERACOMB": 2.738110311670241,
      "DYE886": 1.9101694280450994,
      "CDF": 3.2345117841448103,
      "D0": 1.1996418952941894,
      "ATLAS": 2.4567865891890093,
      "CMS": 3.139397597894436,
      "LHCb": 3.427823066711426,
      "total": 2.608736991882324
    }
  },
  "3300": {
    "training_loss": 7887.78173828125,
    "validation_loss": [
      3064.093017578125
    ],
    "validation_chi2s": {
      "DEUTERON": 2.601699753187189,
      "NMC": 2.7930644914215685,
      "NUCLEAR": 2.2224912109375,
      "HERACOMB": 2.731119193282782,
      "DYE886": 1.9013427387584338,
      "CDF": 3.232450212751116,
      "D0": 1.1888617515563964,
      "ATLAS": 2.450124913995916,
      "CMS": 3.142079175003176,
      "LHCb": 3.425560474395752,
      "total": 2.5979578495025635
    }
  },
  "3400": {
    "training_loss": 7885.31201171875,
    "validation_loss": [
      3206.664306640625
    ],
    "validation_chi2s": {
      "DEUTERON": 3.2829926903568096,
      "NMC": 2.784663480870864,
      "NUCLEAR": 2.221647705078125,
      "HERACOMB": 2.7394054138582518,
      "DYE886": 1.9042925401167436,
      "CDF": 3.2329600197928294,
      "D0": 1.1900672912597656,
      "ATLAS": 2.4815842021595347,
      "CMS": 3.134087539300686,
      "LHCb": 3.400959014892578,
      "total": 2.719080686569214
    }
  },
  "3500": {
    "training_loss": 7888.5361328125,
    "validation_loss": [
      2925.28271484375
    ],
    "validation_chi2s": {
      "DEUTERON": 1.9257057911127955,
      "NMC": 2.7883588005514706,
      "NUCLEAR": 2.2223388671875,
      "HERACOMB": 2.7247354345383985,
      "DYE886": 1.8658991726962002,
      "CDF": 3.223455156598772,
      "D0": 1.1829907417297363,
      "ATLAS": 2.4527782093394888,
      "CMS": 3.143306825219131,
      "LHCb": 3.43001389503479,
      "total": 2.480600118637085
    }
  },
  "3600": {
    "training_loss": 7886.05078125,
    "validation_loss": [
      3112.958984375
    ],
    "validation_chi2s": {
      "DEUTERON": 2.8399500301228233,
      "NMC": 2.778434005438113,
      "NUCLEAR": 2.2200810546875,
      "HERACOMB": 2.738766339869281,
      "DYE886": 1.8539664528586648,
      "CDF": 3.215112958635603,
      "D0": 1.1573123931884766,
      "ATLAS": 2.4852350408380683,
      "CMS": 3.125333460365854,
      "LHCb": 3.364651918411255,
      "total": 2.6400387287139893
    }
  },
  "3700": {
    "training_loss": 7884.34814453125,
    "validation_loss": [
      2959.49365234375
    ],
    "validation_chi2s": {
      "DEUTERON": 2.088991535243703,
      "NMC": 2.7807820638020835,
      "NUCLEAR": 2.221163818359375,
      "HERACOMB": 2.7195318882761437,
      "DYE886": 1.850333647294478,
      "CDF": 3.2022737775530135,
      "D0": 1.2401105880737304,
      "ATLAS": 2.473584435202859,
      "CMS": 3.1437065310594514,
      "LHCb": 3.445786237716675,
      "total": 2.510179281234741
    }
  },
  "3800": {
    "training_loss": 7883.44287109375,
    "validation_loss": [
      2944.042724609375
    ],
    "validation_chi2s": {
      "DEUTERON": 2.0074871309954134,
      "NMC": 2.7728313371246935,
      "NUCLEAR": 2.220159423828125,
      "HERACOMB": 2.7237664515676063,
      "DYE886": 1.8334645357998935,
      "CDF": 3.201106480189732,
      "D0": 1.2264848709106446,
      "ATLAS": 2.4857971884987573,
      "CMS": 3.139234589367378,
      "LHCb": 3.4260640144348145,
      "total": 2.497199535369873
    }
  },
  "3900": {
    "training_loss": 7882.423828125,
    "validation_loss": [
      2963.5458984375
    ],
    "validation_chi2s": {
      "DEUTERON": 2.1176706190726056,
      "NMC": 2.765834733551624,
      "NUCLEAR": 2.218791748046875,
      "HERACOMB": 2.7293202518637663,
      "DYE886": 1.8245636333118787,
      "CDF": 3.1902152470179965,
      "D0": 1.1910039901733398,
      "ATLAS": 2.4848133433948862,
      "CMS": 3.1277101098037345,
      "LHCb": 3.379894971847534,
      "total": 2.5137124061584473
    }
  },
  "4000": {
    "training_loss": 7878.8798828125,
    "validation_loss": [
      2986.525390625
    ],
    "validation_chi2s": {
      "DEUTERON": 2.210109426014459,
      "NMC": 2.760484583237592,
      "NUCLEAR": 2.218787353515625,
      "HERACOMB": 2.726687562231924,
      "DYE886": 1.8621952750466086,
      "CDF": 3.1826019287109375,
      "D0": 1.225480842590332,
      "ATLAS": 2.5094070434570312,
      "CMS": 3.1290757093972306,
      "LHCb": 3.3849868774414062,
      "total": 2.5334742069244385
    }
  },
  "4100": {
    "training_loss": 7877.0947265625,
    "validation_loss": [
      3050.294189453125
    ],
    "validation_chi2s": {
      "DEUTERON": 2.4963591466495645,
      "NMC": 2.750930187748928,
      "NUCLEAR": 2.218187744140625,
      "HERACOMB": 2.740624920215482,
      "DYE886": 1.8193952387029475,
      "CDF": 3.173900604248047,
      "D0": 1.2583988189697266,
      "ATLAS": 2.5331356742165307,
      "CMS": 3.1200928726816564,
      "LHCb": 3.387758255004883,
      "total": 2.5875070095062256
    }
  },
  "4200": {
    "training_loss": 7876.7333984375,
    "validation_loss": [
      109712.6953125
    ],
    "validation_chi2s": {
      "DEUTERON": 533.188083022388,
      "NMC": 2.7574971516927085,
      "NUCLEAR": 2.222047119140625,
      "HERACOMB": 2.7143301371655433,
      "DYE886": 1.8393497467041016,
      "CDF": 3.2201123918805803,
      "D0": 1.2523129463195801,
      "ATLAS": 2.5103510076349433,
      "CMS": 3.1387847652280234,
      "LHCb": 3.4311046600341797,
      "total": 93.13307189941406
    }
  },
  "4300": {
    "training_loss": 7873.1005859375,
    "validation_loss": [
      5731.0205078125
    ],
    "validation_chi2s": {
      "DEUTERON": 15.862241526741293,
      "NMC": 2.750855389763327,
      "NUCLEAR": 2.217941650390625,
      "HERACOMB": 2.7127603767744075,
      "DYE886": 1.8506403836337002,
      "CDF": 3.1858667646135603,
      "D0": 1.3144367218017579,
      "ATLAS": 2.5174123590642754,
      "CMS": 3.1434244295445883,
      "LHCb": 3.447197437286377,
      "total": 4.863641738891602
    }
  },
  "4400": {
    "training_loss": 7877.89501953125,
    "validation_loss": [
      2923.01416015625
    ],
    "validation_chi2s": {
      "DEUTERON": 1.916237750456701,
      "NMC": 2.741233975279565,
      "NUCLEAR": 2.21546435546875,
      "HERACOMB": 2.732092364940768,
      "DYE886": 1.807207627729936,
      "CDF": 3.1554472787039622,
      "D0": 1.187749481201172,
      "ATLAS": 2.501561078158292,
      "CMS": 3.1298525430322663,
      "LHCb": 3.349778890609741,
      "total": 2.479640483856201
    }
  },
  "4500": {
    "training_loss": 7876.3134765625,
    "validation_loss": [
      2989.861572265625
    ],
    "validation_chi2s": {
      "DEUTERON": 2.2534020267315764,
      "NMC": 2.743418076459099,
      "NUCLEAR": 2.2177265625,
      "HERACOMB": 2.7137335484323937,
      "DYE886": 1.8055523959073154,
      "CDF": 3.1673861912318637,
      "D0": 1.2549451828002929,
      "ATLAS": 2.504953557794744,
      "CMS": 3.1393973497840446,
      "LHCb": 3.4077999591827393,
      "total": 2.5366663932800293
    }
  },
  "4600": {
    "training_loss": 7868.5771484375,
    "validation_loss": [
      2964.2958984375
    ],
    "validation_chi2s": {
      "DEUTERON": 2.0033200392082557,
      "NMC": 2.727562100279565,
      "NUCLEAR": 2.219246337890625,
      "HERACOMB": 2.775925181270425,
      "DYE886": 1.7626807472922585,
      "CDF": 3.1015208108084544,
      "D0": 1.3358087539672852,
      "ATLAS": 2.53804518959739,
      "CMS": 3.134906551702236,
      "LHCb": 3.416126251220703,
      "total": 2.513981819152832
    }
  },
  "4700": {
    "training_loss": 7865.84130859375,
    "validation_loss": [
      4136.3017578125
    ],
    "validation_chi2s": {
      "DEUTERON": 7.987564618314677,
      "NMC": 2.8008665197035847,
      "NUCLEAR": 2.22305224609375,
      "HERACOMB": 2.6879406100005108,
      "DYE886": 1.8143855008212002,
      "CDF": 3.3428592681884766,
      "D0": 1.0888354301452636,
      "ATLAS": 2.4758068431507456,
      "CMS": 3.1749071570915905,
      "LHCb": 3.3888745307922363,
      "total": 3.510629892349243
    }
  },
  "4800": {
    "training_loss": 7865.546875,
    "validation_loss": [
      3200.57275390625
    ],
    "validation_chi2s": {
      "DEUTERON": 3.275887408659826,
      "NMC": 2.743918325386795,
      "NUCLEAR": 2.221367919921875,
      "HERACOMB": 2.695987078099469,
      "DYE886": 1.8798276727849788,
      "CDF": 3.1932779039655412,
      "D0": 1.3836731910705566,
      "ATLAS": 2.502969568425959,
      "CMS": 3.170490295906377,
      "LHCb": 3.5126752853393555,
      "total": 2.7157480716705322
    }
  },
  "4900": {
    "training_loss": 7873.8291015625,
    "validation_loss": [
      2911.5009765625
    ],
    "validation_chi2s": {
      "DEUTERON": 1.8417765299479167,
      "NMC": 2.7188945097081803,
      "NUCLEAR": 2.219214599609375,
      "HERACOMB": 2.740313561134089,
      "DYE886": 1.8123748085715554,
      "CDF": 3.1991405487060547,
      "D0": 1.1146241188049317,
      "ATLAS": 2.5124256827614526,
      "CMS": 3.131655561245554,
      "LHCb": 3.3393125534057617,
      "total": 2.4701621532440186
    }
  },
  "5000": {
    "training_loss": 7907.62890625,
    "validation_loss": [
      2896.956787109375
    ],
    "validation_chi2s": {
      "DEUTERON": 1.8669312130752487,
      "NMC": 2.7287845985562194,
      "NUCLEAR": 2.21672314453125,
      "HERACOMB": 2.723876953125,
      "DYE886": 1.8320539647882634,
      "CDF": 3.1895318712506975,
      "D0": 0.9341387748718262,
      "ATLAS": 2.47170014814897,
      "CMS": 3.1198839637322155,
      "LHCb": 3.212128162384033,
      "total": 2.4580941200256348
    }
  },
  "5100": {
    "training_loss": 7872.61572265625,
    "validation_loss": [
      2904.2607421875
    ],
    "validation_chi2s": {
      "DEUTERON": 1.932072122298663,
      "NMC": 2.802104575961244,
      "NUCLEAR": 2.225367431640625,
      "HERACOMB": 2.675912495532067,
      "DYE886": 1.789793534712358,
      "CDF": 3.368088858468192,
      "D0": 1.0036548614501952,
      "ATLAS": 2.41156005859375,
      "CMS": 3.1816468277597814,
      "LHCb": 3.3995163440704346,
      "total": 2.4651741981506348
    }
  },
  "5200": {
    "training_loss": 7867.37744140625,
    "validation_loss": [
      2921.8037109375
    ],
    "validation_chi2s": {
      "DEUTERON": 1.868963137194885,
      "NMC": 2.711414711148131,
      "NUCLEAR": 2.217876220703125,
      "HERACOMB": 2.736238965801164,
      "DYE886": 1.7827307961203835,
      "CDF": 3.1177316393171037,
      "D0": 1.2063306808471679,
      "ATLAS": 2.5585032376376065,
      "CMS": 3.1263889219702743,
      "LHCb": 3.3349125385284424,
      "total": 2.479090929031372
    }
  },
  "5300": {
    "training_loss": 7870.14453125,
    "validation_loss": [
      2935.572265625
    ],
    "validation_chi2s": {
      "DEUTERON": 1.9578611459305038,
      "NMC": 2.715154909620098,
      "NUCLEAR": 2.217099609375,
      "HERACOMB": 2.7268662795521856,
      "DYE886": 1.801087812943892,
      "CDF": 3.1884667532784596,
      "D0": 1.199099063873291,
      "ATLAS": 2.529377157037908,
      "CMS": 3.1466305120204523,
      "LHCb": 3.3611128330230713,
      "total": 2.490997314453125
    }
  },
  "5400": {
    "training_loss": 7858.419921875,
    "validation_loss": [
      3442.03857421875
    ],
    "validation_chi2s": {
      "DEUTERON": 4.441607271260883,
      "NMC": 2.7208805458218444,
      "NUCLEAR": 2.22310595703125,
      "HERACOMB": 2.7033561756408293,
      "DYE886": 1.8676778619939631,
      "CDF": 3.239957536969866,
      "D0": 1.4030101776123047,
      "ATLAS": 2.526924826882102,
      "CMS": 3.1772798367632116,
      "LHCb": 3.5301575660705566,
      "total": 2.9209163188934326
    }
  },
  "5500": {
    "training_loss": 7857.91064453125,
    "validation_loss": [
      6092.52392578125
    ],
    "validation_chi2s": {
      "DEUTERON": 17.632943680037314,
      "NMC": 2.738145716050092,
      "NUCLEAR": 2.22966162109375,
      "HERACOMB": 2.682339936300041,
      "DYE886": 1.8863655437122693,
      "CDF": 3.2259118216378346,
      "D0": 1.5131520271301269,
      "ATLAS": 2.491800134832209,
      "CMS": 3.2122450417619413,
      "LHCb": 3.6484811305999756,
      "total": 5.171226978302002
    }
  },
  "5600": {
    "training_loss": 7872.068359375,
    "validation_loss": [
      2890.3212890625
    ],
    "validation_chi2s": {
      "DEUTERON": 1.8747582886349503,
      "NMC": 2.7618234671798407,
      "NUCLEAR": 2.222085693359375,
      "HERACOMB": 2.6846726361443016,
      "DYE886": 1.8106360001997515,
      "CDF": 3.308880124773298,
      "D0": 0.9052384376525879,
      "ATLAS": 2.445837887850675,
      "CMS": 3.15713600220719,
      "LHCb": 3.2700421810150146,
      "total": 2.453476667404175
    }
  },
  "5700": {
    "training_loss": 7890.35986328125,
    "validation_loss": [
      2890.37548828125
    ],
    "validation_chi2s": {
      "DEUTERON": 1.8748042927452582,
      "NMC": 2.7385232962814032,
      "NUCLEAR": 2.219268310546875,
      "HERACOMB": 2.69782990100337,
      "DYE886": 1.7985021417791194,
      "CDF": 3.2600555419921875,
      "D0": 0.9389041900634766,
      "ATLAS": 2.4489973241632637,
      "CMS": 3.1477770301384655,
      "LHCb": 3.2279276847839355,
      "total": 2.453415632247925
    }
  },
  "5800": {
    "training_loss": 7862.89404296875,
    "validation_loss": [
      2929.7890625
    ],
    "validation_chi2s": {
      "DEUTERON": 1.9135860613922575,
      "NMC": 2.707026163736979,
      "NUCLEAR": 2.2237607421875,
      "HERACOMB": 2.7271104201771856,
      "DYE886": 1.8099722428755327,
      "CDF": 3.196814400809152,
      "D0": 1.217827320098877,
      "ATLAS": 2.5341509038751777,
      "CMS": 3.1499169822630844,
      "LHCb": 3.3687055110931396,
      "total": 2.4862048625946045
    }
  },
  "5900": {
    "training_loss": 7858.69482421875,
    "validation_loss": [
      2943.005126953125
    ],
    "validation_chi2s": {
      "DEUTERON": 1.9621188794795554,
      "NMC": 2.7018920300053617,
      "NUCLEAR": 2.223763916015625,
      "HERACOMB": 2.731759065116932,
      "DYE886": 1.8152958263050427,
      "CDF": 3.192774636404855,
      "D0": 1.239334487915039,
      "ATLAS": 2.537303230979226,
      "CMS": 3.1542345992917937,
      "LHCb": 3.3918731212615967,
      "total": 2.497281074523926
    }
  },
  "6000": {
    "training_loss": 7856.99609375,
    "validation_loss": [
      2992.712158203125
    ],
    "validation_chi2s": {
      "DEUTERON": 2.1959012918804417,
      "NMC": 2.692197313495711,
      "NUCLEAR": 2.224670166015625,
      "HERACOMB": 2.731235279756434,
      "DYE886": 1.8079972700639204,
      "CDF": 3.2494566781180247,
      "D0": 1.2167317390441894,
      "ATLAS": 2.5422066775235264,
      "CMS": 3.161439725053989,
      "LHCb": 3.4329559803009033,
      "total": 2.539417028427124
    }
  },
  "6100": {
    "training_loss": 7853.62841796875,
    "validation_loss": [
      2973.830810546875
    ],
    "validation_chi2s": {
      "DEUTERON": 2.109731493897699,
      "NMC": 2.6992073807061887,
      "NUCLEAR": 2.224142333984375,
      "HERACOMB": 2.7381109100541257,
      "DYE886": 1.8367779471657493,
      "CDF": 3.1946648188999722,
      "D0": 1.2398157119750977,
      "ATLAS": 2.5369110107421875,
      "CMS": 3.148106272627668,
      "LHCb": 3.3663389682769775,
      "total": 2.523106336593628
    }
  },
  "6200": {
    "training_loss": 7886.6513671875,
    "validation_loss": [
      2914.517333984375
    ],
    "validation_chi2s": {
      "DEUTERON": 1.932059368683924,
      "NMC": 2.718495387657016,
      "NUCLEAR": 2.2172939453125,
      "HERACOMB": 2.691491419972937,
      "DYE886": 1.752720919522372,
      "CDF": 3.2118334089006697,
      "D0": 0.996429443359375,
      "ATLAS": 2.5593367489901455,
      "CMS": 3.1300110855722814,
      "LHCb": 3.2196381092071533,
      "total": 2.4740042686462402
    }
  },
  "6300": {
    "training_loss": 7866.42333984375,
    "validation_loss": [
      2904.253662109375
    ],
    "validation_chi2s": {
      "DEUTERON": 1.8567682522446363,
      "NMC": 2.6959159701478246,
      "NUCLEAR": 2.218051025390625,
      "HERACOMB": 2.709848441329657,
      "DYE886": 1.7790641784667969,
      "CDF": 3.212925774710519,
      "D0": 1.0676890373229981,
      "ATLAS": 2.5382407795299184,
      "CMS": 3.1358066962017275,
      "LHCb": 3.2720723152160645,
      "total": 2.465090274810791
    }
  },
  "6400": {
    "training_loss": 7898.22802734375,
    "validation_loss": [
      2917.436767578125
    ],
    "validation_chi2s": {
      "DEUTERON": 1.9603300331836908,
      "NMC": 2.743246041092218,
      "NUCLEAR": 2.229466552734375,
      "HERACOMB": 2.6725043003855187,
      "DYE886": 1.7974617697975852,
      "CDF": 3.2450853075299944,
      "D0": 1.0030189514160157,
      "ATLAS": 2.515850067138672,
      "CMS": 3.155654038840193,
      "LHCb": 3.2767348289489746,
      "total": 2.4763715267181396
    }
  },
  "6500": {
    "training_loss": 7854.85107421875,
    "validation_loss": [
      2890.288330078125
    ],
    "validation_chi2s": {
      "DEUTERON": 1.9301158088949781,
      "NMC": 2.791003657322304,
      "NUCLEAR": 2.22040380859375,
      "HERACOMB": 2.662282906326593,
      "DYE886": 1.7844272960316052,
      "CDF": 3.370769500732422,
      "D0": 0.8463914871215821,
      "ATLAS": 2.433420354669744,
      "CMS": 3.1699337842987805,
      "LHCb": 3.1458144187927246,
      "total": 2.453497886657715
    }
  },
  "6600": {
    "training_loss": 7880.9033203125,
    "validation_loss": [
      2891.3369140625
    ],
    "validation_chi2s": {
      "DEUTERON": 1.8773686802802394,
      "NMC": 2.7277667475681677,
      "NUCLEAR": 2.22313037109375,
      "HERACOMB": 2.683383916717729,
      "DYE886": 1.799412640658292,
      "CDF": 3.2600326538085938,
      "D0": 0.9297574043273926,
      "ATLAS": 2.47540959444913,
      "CMS": 3.1500144896468494,
      "LHCb": 3.222320079803467,
      "total": 2.454421043395996
    }
  },
  "6700": {
    "training_loss": 7859.70068359375,
    "validation_loss": [
      2918.6982421875
    ],
    "validation_chi2s": {
      "DEUTERON": 1.8882634556708644,
      "NMC": 2.679831411324295,
      "NUCLEAR": 2.225031005859375,
      "HERACOMB": 2.716641295189951,
      "DYE886": 1.7966584292325107,
      "CDF": 3.2075296129499162,
      "D0": 1.1359358787536622,
      "ATLAS": 2.538816452026367,
      "CMS": 3.155086610375381,
      "LHCb": 3.318826913833618,
      "total": 2.4772586822509766
    }
  },
  "6800": {
    "training_loss": 7860.68505859375,
    "validation_loss": [
      2892.06787109375
    ],
    "validation_chi2s": {
      "DEUTERON": 1.8902920395580691,
      "NMC": 2.7266588398054536,
      "NUCLEAR": 2.227223876953125,
      "HERACOMB": 2.677853453393076,
      "DYE886": 1.7922706604003906,
      "CDF": 3.3044932229178294,
      "D0": 0.8867136001586914,
      "ATLAS": 2.46780083396218,
      "CMS": 3.159030821265244,
      "LHCb": 3.2024264335632324,
      "total": 2.4550399780273438
    }
  },
  "6900": {
    "training_loss": 7890.59716796875,
    "validation_loss": [
      2888.27685546875
    ],
    "validation_chi2s": {
      "DEUTERON": 1.879439168901586,
      "NMC": 2.7026812983494177,
      "NUCLEAR": 2.217321044921875,
      "HERACOMB": 2.681747935176675,
      "DYE886": 1.7514707391912288,
      "CDF": 3.2525051661900113,
      "D0": 0.8924365043640137,
      "ATLAS": 2.5104935385964136,
      "CMS": 3.137008542936992,
      "LHCb": 3.1181623935699463,
      "total": 2.4518282413482666
    }
  },
  "7000": {
    "training_loss": 7854.84130859375,
    "validation_loss": [
      2891.1728515625
    ],
    "validation_chi2s": {
      "DEUTERON": 1.9014957864486164,
      "NMC": 2.7433450736251532,
      "NUCLEAR": 2.22121337890625,
      "HERACOMB": 2.665353214039522,
      "DYE886": 1.7754603299227627,
      "CDF": 3.260268075125558,
      "D0": 0.9052779197692871,
      "ATLAS": 2.4912291440096768,
      "CMS": 3.1541490012068087,
      "LHCb": 3.1500329971313477,
      "total": 2.4542999267578125
    }
  },
  "7100": {
    "training_loss": 7864.8369140625,
    "validation_loss": [
      2912.31689453125
    ],
    "validation_chi2s": {
      "DEUTERON": 1.8478674437869247,
      "NMC": 2.677944407743566,
      "NUCLEAR": 2.22646484375,
      "HERACOMB": 2.711026659198836,
      "DYE886": 1.7555172660134055,
      "CDF": 3.221243449619838,
      "D0": 1.1973759651184082,
      "ATLAS": 2.5291432467373935,
      "CMS": 3.1738819649549033,
      "LHCb": 3.405596971511841,
      "total": 2.47183895111084
    }
  },
  "7200": {
    "training_loss": 7852.99609375,
    "validation_loss": [
      2935.73681640625
    ],
    "validation_chi2s": {
      "DEUTERON": 1.9493318624164335,
      "NMC": 2.6809874889897367,
      "NUCLEAR": 2.224105224609375,
      "HERACOMB": 2.7105303994970384,
      "DYE886": 1.7939175692471592,
      "CDF": 3.1631360735212053,
      "D0": 1.2729457855224608,
      "ATLAS": 2.5453813726251777,
      "CMS": 3.175942521754319,
      "LHCb": 3.3825323581695557,
      "total": 2.4916818141937256
    }
  },
  "7300": {
    "training_loss": 7873.0,
    "validation_loss": [
      2897.64013671875
    ],
    "validation_chi2s": {
      "DEUTERON": 1.8925230111648788,
      "NMC": 2.7279695997051165,
      "NUCLEAR": 2.22997216796875,
      "HERACOMB": 2.6665238523794934,
      "DYE886": 1.8015452298251065,
      "CDF": 3.2993766239711215,
      "D0": 1.022008514404297,
      "ATLAS": 2.4693884416060015,
      "CMS": 3.1789726939627796,
      "LHCb": 3.3147411346435547,
      "total": 2.4597795009613037
    }
  },
  "7400": {
    "training_loss": 7861.36962890625,
    "validation_loss": [
      2890.25390625
    ],
    "validation_chi2s": {
      "DEUTERON": 1.8800013907513216,
      "NMC": 2.689424103381587,
      "NUCLEAR": 2.217594482421875,
      "HERACOMB": 2.6997186000051063,
      "DYE886": 1.8112217296253552,
      "CDF": 3.184079851422991,
      "D0": 0.8341609954833984,
      "ATLAS": 2.525033950805664,
      "CMS": 3.119809778725229,
      "LHCb": 3.0020065307617188,
      "total": 2.453511953353882
    }
  },
  "7500": {
    "training_loss": 7856.73974609375,
    "validation_loss": [
      2918.14013671875
    ],
    "validation_chi2s": {
      "DEUTERON": 1.8837386553560322,
      "NMC": 2.6656913009344363,
      "NUCLEAR": 2.221890380859375,
      "HERACOMB": 2.7120285532832926,
      "DYE886": 1.7366464788263494,
      "CDF": 3.1866836547851562,
      "D0": 1.124086570739746,
      "ATLAS": 2.5799733942205254,
      "CMS": 3.1498140164507116,
      "LHCb": 3.275437116622925,
      "total": 2.4770843982696533
    }
  },
  "7600": {
    "training_loss": 7854.81298828125,
    "validation_loss": [
      2904.49169921875
    ],
    "validation_chi2s": {
      "DEUTERON": 1.8512234664081935,
      "NMC": 2.676724901386336,
      "NUCLEAR": 2.222077880859375,
      "HERACOMB": 2.7405904134114585,
      "DYE886": 1.7583541870117188,
      "CDF": 3.2874257223946706,
      "D0": 0.9244311332702637,
      "ATLAS": 2.5262666182084517,
      "CMS": 3.129927720480818,
      "LHCb": 3.1433303356170654,
      "total": 2.4650933742523193
    }
  },
  "7700": {
    "training_loss": 7853.55126953125,
    "validation_loss": [
      2888.7392578125
    ],
    "validation_chi2s": {
      "DEUTERON": 1.897008639663013,
      "NMC": 2.7272892372280944,
      "NUCLEAR": 2.22696142578125,
      "HERACOMB": 2.664859547334559,
      "DYE886": 1.7762067968195134,
      "CDF": 3.2935578482491628,
      "D0": 0.8585977554321289,
      "ATLAS": 2.4824480576948686,
      "CMS": 3.1440256010226117,
      "LHCb": 3.1815176010131836,
      "total": 2.4522323608398438
    }
  },
  "7800": {
    "training_loss": 7847.35546875,
    "validation_loss": [
      2904.376220703125
    ],
    "validation_chi2s": {
      "DEUTERON": 1.8343502822800062,
      "NMC": 2.655210906384038,
      "NUCLEAR": 2.2215087890625,
      "HERACOMB": 2.7332777634165644,
      "DYE886": 1.7671390880237927,
      "CDF": 3.319656644548689,
      "D0": 0.9350160598754883,
      "ATLAS": 2.557106364857067,
      "CMS": 3.133227588684578,
      "LHCb": 3.1662425994873047,
      "total": 2.465282440185547
    }
  },
  "7900": {
    "training_loss": 7849.138671875,
    "validation_loss": [
      2908.929443359375
    ],
    "validation_chi2s": {
      "DEUTERON": 1.8359938284650963,
      "NMC": 2.6565830006318936,
      "NUCLEAR": 2.2237890625,
      "HERACOMB": 2.734976974188113,
      "DYE886": 1.7485438260165127,
      "CDF": 3.3274781363351003,
      "D0": 0.916859245300293,
      "ATLAS": 2.582788120616566,
      "CMS": 3.1323276922954775,
      "LHCb": 3.1452927589416504,
      "total": 2.469266653060913
    }
  },
  "8000": {
    "training_loss": 7852.8857421875,
    "validation_loss": [
      2920.610595703125
    ],
    "validation_chi2s": {
      "DEUTERON": 1.838431438996424,
      "NMC": 2.6477619245940565,
      "NUCLEAR": 2.22627734375,
      "HERACOMB": 2.7317267523871527,
      "DYE886": 1.7625005895441228,
      "CDF": 3.178168978009905,
      "D0": 1.1835211753845214,
      "ATLAS": 2.5802268981933594,
      "CMS": 3.1607365802051577,
      "LHCb": 3.3529186248779297,
      "total": 2.4788451194763184
    }
  },
  "8100": {
    "training_loss": 7852.1025390625,
    "validation_loss": [
      2915.3603515625
    ],
    "validation_chi2s": {
      "DEUTERON": 1.8185763382793065,
      "NMC": 2.651881498448989,
      "NUCLEAR": 2.224465087890625,
      "HERACOMB": 2.7427236519607843,
      "DYE886": 1.7670442407781428,
      "CDF": 3.2248952048165456,
      "D0": 1.116776943206787,
      "ATLAS": 2.548612421209162,
      "CMS": 3.1619076612519055,
      "LHCb": 3.3808960914611816,
      "total": 2.474062442779541
    }
  },
  "8200": {
    "training_loss": 7863.8583984375,
    "validation_loss": [
      2906.733154296875
    ],
    "validation_chi2s": {
      "DEUTERON": 1.834818066649176,
      "NMC": 2.652670467601103,
      "NUCLEAR": 2.2189326171875,
      "HERACOMB": 2.7200459000331905,
      "DYE886": 1.7725902904163708,
      "CDF": 3.1011123657226562,
      "D0": 0.9488730430603027,
      "ATLAS": 2.635123859752308,
      "CMS": 3.099814314183181,
      "LHCb": 3.131812334060669,
      "total": 2.467421293258667
    }
  },
  "8300": {
    "training_loss": 7898.5185546875,
    "validation_loss": [
      2892.713134765625
    ],
    "validation_chi2s": {
      "DEUTERON": 1.8473337657416045,
      "NMC": 2.6822333242378984,
      "NUCLEAR": 2.2219169921875,
      "HERACOMB": 2.6814447540083743,
      "DYE886": 1.7929770729758523,
      "CDF": 3.2756295885358537,
      "D0": 0.9909175872802735,
      "ATLAS": 2.5014719529585405,
      "CMS": 3.1658493910378556,
      "LHCb": 3.3326492309570312,
      "total": 2.455599784851074
    }
  },
  "8400": {
    "training_loss": 7858.5927734375,
    "validation_loss": [
      2904.322265625
    ],
    "validation_chi2s": {
      "DEUTERON": 1.8445076254469839,
      "NMC": 2.6628438912185968,
      "NUCLEAR": 2.218044677734375,
      "HERACOMB": 2.7271688623366015,
      "DYE886": 1.7571078213778408,
      "CDF": 3.1884730202811107,
      "D0": 0.9146943092346191,
      "ATLAS": 2.590063615278764,
      "CMS": 3.1209684542524134,
      "LHCb": 3.0903804302215576,
      "total": 2.465467691421509
    }
  },
  "8500": {
    "training_loss": 7857.03369140625,
    "validation_loss": [
      2944.10986328125
    ],
    "validation_chi2s": {
      "DEUTERON": 1.968360103777985,
      "NMC": 2.6459748511220895,
      "NUCLEAR": 2.22270166015625,
      "HERACOMB": 2.7073194715711804,
      "DYE886": 1.80012356151234,
      "CDF": 3.193802697317941,
      "D0": 1.301121711730957,
      "ATLAS": 2.55339223688299,
      "CMS": 3.192448313643293,
      "LHCb": 3.505885601043701,
      "total": 2.499089241027832
    }
  },
  "8600": {
    "training_loss": 7852.751953125,
    "validation_loss": [
      2882.51220703125
    ],
    "validation_chi2s": {
      "DEUTERON": 1.8587737581623134,
      "NMC": 2.6806502996706496,
      "NUCLEAR": 2.215001220703125,
      "HERACOMB": 2.698514452167586,
      "DYE886": 1.8357445109974255,
      "CDF": 3.2598664419991628,
      "D0": 0.8395086288452148,
      "ATLAS": 2.4643348347056997,
      "CMS": 3.1477971270801577,
      "LHCb": 3.1304197311401367,
      "total": 2.4469425678253174
    }
  },
  "8700": {
    "training_loss": 7858.80615234375,
    "validation_loss": [
      2922.3017578125
    ],
    "validation_chi2s": {
      "DEUTERON": 1.8490875395969373,
      "NMC": 2.65660873113894,
      "NUCLEAR": 2.221506103515625,
      "HERACOMB": 2.7277395211014093,
      "DYE886": 1.7753141576593572,
      "CDF": 3.193917683192662,
      "D0": 1.1907822608947753,
      "ATLAS": 2.559745094992898,
      "CMS": 3.171852918175178,
      "LHCb": 3.4588658809661865,
      "total": 2.4803712368011475
    }
  },
  "8800": {
    "training_loss": 7860.45361328125,
    "validation_loss": [
      2915.771484375
    ],
    "validation_chi2s": {
      "DEUTERON": 1.8610636393229167,
      "NMC": 2.645006067612592,
      "NUCLEAR": 2.207980712890625,
      "HERACOMB": 2.7272285012637867,
      "DYE886": 1.7840916026722302,
      "CDF": 3.2000203813825334,
      "D0": 1.083395004272461,
      "ATLAS": 2.59075927734375,
      "CMS": 3.147104154757368,
      "LHCb": 3.270230531692505,
      "total": 2.475123405456543
    }
  },
  "8900": {
    "training_loss": 7888.53125,
    "validation_loss": [
      2898.401611328125
    ],
    "validation_chi2s": {
      "DEUTERON": 1.8724167857004042,
      "NMC": 2.6978693943397674,
      "NUCLEAR": 2.219231689453125,
      "HERACOMB": 2.6598040013531454,
      "DYE886": 1.7934480146928267,
      "CDF": 3.3037142072405135,
      "D0": 1.0865449905395508,
      "ATLAS": 2.4975285963578657,
      "CMS": 3.191994767848069,
      "LHCb": 3.4407057762145996,
      "total": 2.4604289531707764
    }
  },
  "9000": {
    "training_loss": 7865.3642578125,
    "validation_loss": [
      2919.737548828125
    ],
    "validation_chi2s": {
      "DEUTERON": 1.8250310337958644,
      "NMC": 2.647843005610447,
      "NUCLEAR": 2.214990966796875,
      "HERACOMB": 2.74226349475337,
      "DYE886": 1.8297805786132812,
      "CDF": 3.235133034842355,
      "D0": 1.1268183708190918,
      "ATLAS": 2.5697370008988814,
      "CMS": 3.1611968249809452,
      "LHCb": 3.397780418395996,
      "total": 2.4777169227600098
    }
  },
  "9100": {
    "training_loss": 7862.03759765625,
    "validation_loss": [
      2885.8203125
    ],
    "validation_chi2s": {
      "DEUTERON": 1.8630553288246268,
      "NMC": 2.6869710286458335,
      "NUCLEAR": 2.217232666015625,
      "HERACOMB": 2.698261734706904,
      "DYE886": 1.8519852378151633,
      "CDF": 3.283140182495117,
      "D0": 0.8511828422546387,
      "ATLAS": 2.4650710712779653,
      "CMS": 3.144385361089939,
      "LHCb": 3.1710493564605713,
      "total": 2.4497530460357666
    }
  },
  "9200": {
    "training_loss": 7905.96240234375,
    "validation_loss": [
      2908.6689453125
    ],
    "validation_chi2s": {
      "DEUTERON": 2.0207513458100124,
      "NMC": 2.694396075080423,
      "NUCLEAR": 2.2097587890625,
      "HERACOMB": 2.6733637791053924,
      "DYE886": 1.7463791587136008,
      "CDF": 3.209524154663086,
      "D0": 0.9285512924194336,
      "ATLAS": 2.5072709863836113,
      "CMS": 3.1267429754986025,
      "LHCb": 3.0733537673950195,
      "total": 2.4689838886260986
    }
  },
  "9300": {
    "training_loss": 7863.81640625,
    "validation_loss": [
      2885.760498046875
    ],
    "validation_chi2s": {
      "DEUTERON": 1.8642430851115517,
      "NMC": 2.6890857172947302,
      "NUCLEAR": 2.2175888671875,
      "HERACOMB": 2.6944346708409928,
      "DYE886": 1.8562389720569958,
      "CDF": 3.255354745047433,
      "D0": 0.840604591369629,
      "ATLAS": 2.486289284446023,
      "CMS": 3.136425979738313,
      "LHCb": 3.1125800609588623,
      "total": 2.4497036933898926
    }
  },
  "9400": {
    "training_loss": 7865.81494140625,
    "validation_loss": [
      2914.614990234375
    ],
    "validation_chi2s": {
      "DEUTERON": 1.8594231297127644,
      "NMC": 2.649471208160999,
      "NUCLEAR": 2.216018310546875,
      "HERACOMB": 2.719168070874183,
      "DYE886": 1.7887418920343572,
      "CDF": 3.2047195434570312,
      "D0": 1.1753838539123536,
      "ATLAS": 2.55120832269842,
      "CMS": 3.1691276736375764,
      "LHCb": 3.3439619541168213,
      "total": 2.473937511444092
    }
  },
  "9500": {
    "training_loss": 7864.79248046875,
    "validation_loss": [
      2896.25927734375
    ],
    "validation_chi2s": {
      "DEUTERON": 1.9115415354866294,
      "NMC": 2.6996956619561887,
      "NUCLEAR": 2.21983154296875,
      "HERACOMB": 2.658896452461193,
      "DYE886": 1.770450938831676,
      "CDF": 3.19141115461077,
      "D0": 0.9461581230163574,
      "ATLAS": 2.528029528531161,
      "CMS": 3.155223567311357,
      "LHCb": 3.1864423751831055,
      "total": 2.458597183227539
    }
  },
  "9600": {
    "training_loss": 7887.68994140625,
    "validation_loss": [
      2898.044921875
    ],
    "validation_chi2s": {
      "DEUTERON": 1.902022176714086,
      "NMC": 2.740805233226103,
      "NUCLEAR": 2.227552490234375,
      "HERACOMB": 2.6726491092856413,
      "DYE886": 1.8001514781605115,
      "CDF": 3.2674645015171597,
      "D0": 0.9806909561157227,
      "ATLAS": 2.4497380690141157,
      "CMS": 3.1842616631732725,
      "LHCb": 3.3164567947387695,
      "total": 2.460130214691162
    }
  },
  "9700": {
    "training_loss": 7909.2158203125,
    "validation_loss": [
      2899.535888671875
    ],
    "validation_chi2s": {
      "DEUTERON": 1.9294298466165267,
      "NMC": 2.7283738080193016,
      "NUCLEAR": 2.222024169921875,
      "HERACOMB": 2.664898442287071,
      "DYE886": 1.774143565784801,
      "CDF": 3.213752474103655,
      "D0": 1.0212618827819824,
      "ATLAS": 2.4531626267866655,
      "CMS": 3.1846177015847306,
      "LHCb": 3.323620319366455,
      "total": 2.461364984512329
    }
  },
  "9800": {
    "training_loss": 7869.31787109375,
    "validation_loss": [
      2917.53125
    ],
    "validation_chi2s": {
      "DEUTERON": 1.8652992058749223,
      "NMC": 2.639638863357843,
      "NUCLEAR": 2.216201171875,
      "HERACOMB": 2.7244210835375817,
      "DYE886": 1.732345234264027,
      "CDF": 3.1354849679129466,
      "D0": 1.0622304916381835,
      "ATLAS": 2.6249488483775747,
      "CMS": 3.127575137750889,
      "LHCb": 3.213818311691284,
      "total": 2.4766359329223633
    }
  },
  "9900": {
    "training_loss": 8054.12255859375,
    "validation_loss": [
      2898.4638671875
    ],
    "validation_chi2s": {
      "DEUTERON": 1.8514852191678328,
      "NMC": 2.6543707754097734,
      "NUCLEAR": 2.222563232421875,
      "HERACOMB": 2.7290765101613563,
      "DYE886": 1.7842989834872158,
      "CDF": 3.1481015341622487,
      "D0": 0.9102848052978516,
      "ATLAS": 2.520468971946023,
      "CMS": 3.133802460461128,
      "LHCb": 3.136837959289551,
      "total": 2.4601807594299316
    }
  },
  "10000": {
    "training_loss": 7885.31298828125,
    "validation_loss": [
      2904.406005859375
    ],
    "validation_chi2s": {
      "DEUTERON": 1.8563074519978233,
      "NMC": 2.661814072552849,
      "NUCLEAR": 2.222196044921875,
      "HERACOMB": 2.701956954656863,
      "DYE886": 1.77758112820712,
      "CDF": 3.1019818442208424,
      "D0": 1.0381126403808594,
      "ATLAS": 2.584584669633345,
      "CMS": 3.121420015164507,
      "LHCb": 3.223794460296631,
      "total": 2.4655373096466064
    }
  },
  "10100": {
    "training_loss": 7878.5625,
    "validation_loss": [
      2913.69189453125
    ],
    "validation_chi2s": {
      "DEUTERON": 1.8315349218264148,
      "NMC": 2.6404095818014706,
      "NUCLEAR": 2.22244140625,
      "HERACOMB": 2.731238072214563,
      "DYE886": 1.7478961944580078,
      "CDF": 3.122196742466518,
      "D0": 1.149164581298828,
      "ATLAS": 2.5860342545942827,
      "CMS": 3.140730943137068,
      "LHCb": 3.303022623062134,
      "total": 2.472935676574707
    }
  },
  "10200": {
    "training_loss": 7879.3486328125,
    "validation_loss": [
      2917.170654296875
    ],
    "validation_chi2s": {
      "DEUTERON": 1.8961743406988496,
      "NMC": 2.6659192851945464,
      "NUCLEAR": 2.220601806640625,
      "HERACOMB": 2.7054670745251226,
      "DYE886": 1.694475694136186,
      "CDF": 3.201983860560826,
      "D0": 1.2254655838012696,
      "ATLAS": 2.561696832830256,
      "CMS": 3.1548677770102898,
      "LHCb": 3.3187525272369385,
      "total": 2.4763760566711426
    }
  },
  "10300": {
    "training_loss": 7877.9697265625,
    "validation_loss": [
      2895.3583984375
    ],
    "validation_chi2s": {
      "DEUTERON": 1.8899659114097482,
      "NMC": 2.6808743944355085,
      "NUCLEAR": 2.21929052734375,
      "HERACOMB": 2.6800044439976514,
      "DYE886": 1.716653823852539,
      "CDF": 3.219268253871373,
      "D0": 1.1107035636901856,
      "ATLAS": 2.487908796830611,
      "CMS": 3.163155408409553,
      "LHCb": 3.296802520751953,
      "total": 2.4578590393066406
    }
  },
  "10400": {
    "training_loss": 7879.81787109375,
    "validation_loss": [
      2886.83642578125
    ],
    "validation_chi2s": {
      "DEUTERON": 1.895994879120025,
      "NMC": 2.6951129389744177,
      "NUCLEAR": 2.2216826171875,
      "HERACOMB": 2.6744683957567403,
      "DYE886": 1.7928380099209873,
      "CDF": 3.239698954990932,
      "D0": 0.8890496253967285,
      "ATLAS": 2.4814879677512427,
      "CMS": 3.138405900660569,
      "LHCb": 3.1468849182128906,
      "total": 2.450620174407959
    }
  },
  "10500": {
    "training_loss": 7863.478515625,
    "validation_loss": [
      3244.4619140625
    ],
    "validation_chi2s": {
      "DEUTERON": 3.4283137534981343,
      "NMC": 2.6483136345358456,
      "NUCLEAR": 2.22439404296875,
      "HERACOMB": 2.739501753663705,
      "DYE886": 1.7203351801091975,
      "CDF": 3.1758689880371094,
      "D0": 1.4083896636962892,
      "ATLAS": 2.5899165760387075,
      "CMS": 3.1489682081269055,
      "LHCb": 3.3645031452178955,
      "total": 2.7534091472625732
    }
  },
  "10600": {
    "training_loss": 7921.63037109375,
    "validation_loss": [
      2900.76611328125
    ],
    "validation_chi2s": {
      "DEUTERON": 1.9224435986571051,
      "NMC": 2.7455157111672794,
      "NUCLEAR": 2.23000390625,
      "HERACOMB": 2.6555963653364993,
      "DYE886": 1.8039122494784268,
      "CDF": 3.162970951625279,
      "D0": 1.1368287086486817,
      "ATLAS": 2.4705075350674717,
      "CMS": 3.1674896488344766,
      "LHCb": 3.331536054611206,
      "total": 2.4624454975128174
    }
  },
  "10700": {
    "training_loss": 7862.8662109375,
    "validation_loss": [
      2878.859619140625
    ],
    "validation_chi2s": {
      "DEUTERON": 1.8738719124106031,
      "NMC": 2.714178347120098,
      "NUCLEAR": 2.22453515625,
      "HERACOMB": 2.6616657730800655,
      "DYE886": 1.784732991998846,
      "CDF": 3.215847832815988,
      "D0": 0.9167890548706055,
      "ATLAS": 2.4289829947731714,
      "CMS": 3.1716010861280486,
      "LHCb": 3.2694454193115234,
      "total": 2.4438438415527344
    }
  },
  "10800": {
    "training_loss": 7952.83251953125,
    "validation_loss": [
      2900.40283203125
    ],
    "validation_chi2s": {
      "DEUTERON": 1.913321575715174,
      "NMC": 2.7584246467141544,
      "NUCLEAR": 2.2277978515625,
      "HERACOMB": 2.695809557546977,
      "DYE886": 1.8110044652765447,
      "CDF": 3.3712550571986606,
      "D0": 0.8675209999084472,
      "ATLAS": 2.4277898615056817,
      "CMS": 3.182051247697536,
      "LHCb": 3.202453851699829,
      "total": 2.462141275405884
    }
  },
  "10900": {
    "training_loss": 7885.76953125,
    "validation_loss": [
      2903.399658203125
    ],
    "validation_chi2s": {
      "DEUTERON": 1.9499614962297886,
      "NMC": 2.712831085803462,
      "NUCLEAR": 2.217388427734375,
      "HERACOMB": 2.6557477564593546,
      "DYE886": 1.780636353926225,
      "CDF": 3.187675748552595,
      "D0": 1.0317590713500977,
      "ATLAS": 2.5139630057594995,
      "CMS": 3.155858978023374,
      "LHCb": 3.2390599250793457,
      "total": 2.4646739959716797
    }
  },
  "11000": {
    "training_loss": 7869.02685546875,
    "validation_loss": [
      2913.31494140625
    ],
    "validation_chi2s": {
      "DEUTERON": 1.8493377533718127,
      "NMC": 2.6599261713962927,
      "NUCLEAR": 2.21303564453125,
      "HERACOMB": 2.7589400547002656,
      "DYE886": 1.7578197826038708,
      "CDF": 3.1980018615722656,
      "D0": 1.105229091644287,
      "ATLAS": 2.537137985229492,
      "CMS": 3.140420060816819,
      "LHCb": 3.2052769660949707,
      "total": 2.472287654876709
    }
  },
  "11100": {
    "training_loss": 7875.025390625,
    "validation_loss": [
      2916.55712890625
    ],
    "validation_chi2s": {
      "DEUTERON": 1.8401929561178483,
      "NMC": 2.6574273202933516,
      "NUCLEAR": 2.225162353515625,
      "HERACOMB": 2.7185138378267975,
      "DYE886": 1.7962291023947976,
      "CDF": 3.24661009652274,
      "D0": 1.0029613494873046,
      "ATLAS": 2.6252769123424184,
      "CMS": 3.1300875035727898,
      "LHCb": 3.2397334575653076,
      "total": 2.4758551120758057
    }
  },
  "11200": {
    "training_loss": 7861.51611328125,
    "validation_loss": [
      2896.514892578125
    ],
    "validation_chi2s": {
      "DEUTERON": 1.8765788671389148,
      "NMC": 2.6756038291781556,
      "NUCLEAR": 2.220745361328125,
      "HERACOMB": 2.6832562614889706,
      "DYE886": 1.8267118280584163,
      "CDF": 3.270803451538086,
      "D0": 1.0918337821960449,
      "ATLAS": 2.476412686434659,
      "CMS": 3.1751130887163366,
      "LHCb": 3.3192121982574463,
      "total": 2.45884108543396
    }
  },
  "11300": {
    "training_loss": 7856.0595703125,
    "validation_loss": [
      2970.03857421875
    ],
    "validation_chi2s": {
      "DEUTERON": 2.1037804143345773,
      "NMC": 2.6561536601945464,
      "NUCLEAR": 2.219011962890625,
      "HERACOMB": 2.7460530598958335,
      "DYE886": 1.7658781571821733,
      "CDF": 3.275738852364676,
      "D0": 1.1693490028381348,
      "ATLAS": 2.5570250424471768,
      "CMS": 3.1489376905487805,
      "LHCb": 3.2829601764678955,
      "total": 2.520587921142578
    }
  },
  "11400": {
    "training_loss": 8044.22607421875,
    "validation_loss": [
      2888.653564453125
    ],
    "validation_chi2s": {
      "DEUTERON": 1.8763684324957246,
      "NMC": 2.708940393784467,
      "NUCLEAR": 2.2288154296875,
      "HERACOMB": 2.6543964061861725,
      "DYE886": 1.766779812899503,
      "CDF": 3.2808104923793246,
      "D0": 1.0612793922424317,
      "ATLAS": 2.4562816619873047,
      "CMS": 3.185345409362297,
      "LHCb": 3.354599714279175,
      "total": 2.45216703414917
    }
  },
  "11500": {
    "training_loss": 7862.8671875,
    "validation_loss": [
      2923.27587890625
    ],
    "validation_chi2s": {
      "DEUTERON": 1.870569485336987,
      "NMC": 2.6531698189529718,
      "NUCLEAR": 2.2244453125,
      "HERACOMB": 2.71665944616779,
      "DYE886": 1.7781972018155185,
      "CDF": 3.205040522984096,
      "D0": 1.1429363250732423,
      "ATLAS": 2.6270906274968926,
      "CMS": 3.1313320252953507,
      "LHCb": 3.2507598400115967,
      "total": 2.481525182723999
    }
  },
  "11600": {
    "training_loss": 7858.884765625,
    "validation_loss": [
      2890.96875
    ],
    "validation_chi2s": {
      "DEUTERON": 1.8509182906269435,
      "NMC": 2.6868205350988053,
      "NUCLEAR": 2.22143310546875,
      "HERACOMB": 2.720388574537888,
      "DYE886": 1.7986080863259055,
      "CDF": 3.3862528119768416,
      "D0": 0.8706615447998047,
      "ATLAS": 2.461838115345348,
      "CMS": 3.157620561801321,
      "LHCb": 3.1393253803253174,
      "total": 2.4541330337524414
    }
  },
  "11700": {
    "training_loss": 7858.5966796875,
    "validation_loss": [
      2887.93798828125
    ],
    "validation_chi2s": {
      "DEUTERON": 1.881883004411536,
      "NMC": 2.69261827655867,
      "NUCLEAR": 2.2251533203125,
      "HERACOMB": 2.6750071407143587,
      "DYE886": 1.7656869021329014,
      "CDF": 3.431422914777483,
      "D0": 0.9571736335754395,
      "ATLAS": 2.448807109485973,
      "CMS": 3.162393461397993,
      "LHCb": 3.2848241329193115,
      "total": 2.4515604972839355
    }
  },
  "11800": {
    "training_loss": 7859.06640625,
    "validation_loss": [
      2926.99267578125
    ],
    "validation_chi2s": {
      "DEUTERON": 1.873836080826337,
      "NMC": 2.655324000938266,
      "NUCLEAR": 2.224220947265625,
      "HERACOMB": 2.71460000829759,
      "DYE886": 1.8224626020951704,
      "CDF": 3.2185696193150113,
      "D0": 1.1892446517944335,
      "ATLAS": 2.6208953857421875,
      "CMS": 3.1375643102134148,
      "LHCb": 3.323910713195801,
      "total": 2.484605550765991
    }
  },
  "11900": {
    "training_loss": 7874.326171875,
    "validation_loss": [
      2911.43896484375
    ],
    "validation_chi2s": {
      "DEUTERON": 1.8479221021358054,
      "NMC": 2.652801513671875,
      "NUCLEAR": 2.22191259765625,
      "HERACOMB": 2.7032765905841503,
      "DYE886": 1.8071830055930398,
      "CDF": 3.4338602338518416,
      "D0": 0.9805631637573242,
      "ATLAS": 2.6048010045831855,
      "CMS": 3.137861794572536,
      "LHCb": 3.2509448528289795,
      "total": 2.471510171890259
    }
  },
  "12000": {
    "training_loss": 7853.11328125,
    "validation_loss": [
      2977.1572265625
    ],
    "validation_chi2s": {
      "DEUTERON": 2.1627772696575716,
      "NMC": 2.6728027942133883,
      "NUCLEAR": 2.225382568359375,
      "HERACOMB": 2.7153202630335986,
      "DYE886": 1.8174015391956677,
      "CDF": 3.1640701293945312,
      "D0": 1.1738103866577148,
      "ATLAS": 2.587430953979492,
      "CMS": 3.1153338672668953,
      "LHCb": 3.3208401203155518,
      "total": 2.5271434783935547
    }
  },
  "12100": {
    "training_loss": 7851.8330078125,
    "validation_loss": [
      2884.79248046875
    ],
    "validation_chi2s": {
      "DEUTERON": 1.8763043607645367,
      "NMC": 2.718531889073989,
      "NUCLEAR": 2.2258427734375,
      "HERACOMB": 2.6947208977992236,
      "DYE886": 1.8348501378839666,
      "CDF": 3.479294913155692,
      "D0": 0.8614027023315429,
      "ATLAS": 2.3981779271906074,
      "CMS": 3.1732956801003556,
      "LHCb": 3.194823741912842,
      "total": 2.448889970779419
    }
  },
  "12200": {
    "training_loss": 7854.3251953125,
    "validation_loss": [
      2973.025146484375
    ],
    "validation_chi2s": {
      "DEUTERON": 2.0784221288576648,
      "NMC": 2.6554807775160847,
      "NUCLEAR": 2.225644775390625,
      "HERACOMB": 2.7087448219847836,
      "DYE886": 1.8234672546386719,
      "CDF": 3.310808999197824,
      "D0": 1.3241975784301758,
      "ATLAS": 2.593415000221946,
      "CMS": 3.1722042424892023,
      "LHCb": 3.4714574813842773,
      "total": 2.523533344268799
    }
  },
  "12300": {
    "training_loss": 7866.0126953125,
    "validation_loss": [
      2909.1533203125
    ],
    "validation_chi2s": {
      "DEUTERON": 1.8355175416861007,
      "NMC": 2.6415037267348347,
      "NUCLEAR": 2.22055712890625,
      "HERACOMB": 2.7194146050347223,
      "DYE886": 1.871321071277965,
      "CDF": 3.312898635864258,
      "D0": 1.105753231048584,
      "ATLAS": 2.556675824252042,
      "CMS": 3.1455609081237297,
      "LHCb": 3.299916982650757,
      "total": 2.469294548034668
    }
  },
  "12400": {
    "training_loss": 7861.18505859375,
    "validation_loss": [
      2946.36962890625
    ],
    "validation_chi2s": {
      "DEUTERON": 1.9438027149409205,
      "NMC": 2.632197062174479,
      "NUCLEAR": 2.22124755859375,
      "HERACOMB": 2.726940678615196,
      "DYE886": 1.8132646734064275,
      "CDF": 3.254326956612723,
      "D0": 1.2350765228271485,
      "ATLAS": 2.619855533946644,
      "CMS": 3.143241820296621,
      "LHCb": 3.3890318870544434,
      "total": 2.500753164291382
    }
  },
  "12500": {
    "training_loss": 7871.244140625,
    "validation_loss": [
      2911.014892578125
    ],
    "validation_chi2s": {
      "DEUTERON": 1.8531301318116449,
      "NMC": 2.654333376416973,
      "NUCLEAR": 2.2211640625,
      "HERACOMB": 2.7167713439542482,
      "DYE886": 1.8049406571821733,
      "CDF": 3.2893407004220143,
      "D0": 1.0402375221252442,
      "ATLAS": 2.571971719915217,
      "CMS": 3.1402905471925813,
      "LHCb": 3.2626640796661377,
      "total": 2.4710843563079834
    }
  },
  "12600": {
    "training_loss": 7982.521484375,
    "validation_loss": [
      2886.008544921875
    ],
    "validation_chi2s": {
      "DEUTERON": 1.89048486206662,
      "NMC": 2.7124140122357536,
      "NUCLEAR": 2.226224853515625,
      "HERACOMB": 2.657751145705678,
      "DYE886": 1.813492168079723,
      "CDF": 3.35562869480678,
      "D0": 0.8839694023132324,
      "ATLAS": 2.4558334350585938,
      "CMS": 3.159753814945376,
      "LHCb": 3.2730746269226074,
      "total": 2.4499058723449707
    }
  },
  "12700": {
    "training_loss": 8110.12353515625,
    "validation_loss": [
      2941.19921875
    ],
    "validation_chi2s": {
      "DEUTERON": 2.079138608714241,
      "NMC": 2.671398686427696,
      "NUCLEAR": 2.224614990234375,
      "HERACOMB": 2.670108171849469,
      "DYE886": 1.796200318769975,
      "CDF": 3.2581424713134766,
      "D0": 1.0337181091308594,
      "ATLAS": 2.564367814497514,
      "CMS": 3.1175646277947155,
      "LHCb": 3.323367118835449,
      "total": 2.4967336654663086
    }
  },
  "12800": {
    "training_loss": 7871.1318359375,
    "validation_loss": [
      2887.504150390625
    ],
    "validation_chi2s": {
      "DEUTERON": 1.902364550538324,
      "NMC": 2.7228055467792585,
      "NUCLEAR": 2.227929443359375,
      "HERACOMB": 2.676084032245711,
      "DYE886": 1.8072729977694424,
      "CDF": 3.2876685006277904,
      "D0": 0.84805326461792,
      "ATLAS": 2.460988825017756,
      "CMS": 3.1283795116393547,
      "LHCb": 3.163111925125122,
      "total": 2.4511892795562744
    }
  },
  "12900": {
    "training_loss": 8039.88720703125,
    "validation_loss": [
      2897.23291015625
    ],
    "validation_chi2s": {
      "DEUTERON": 1.9074002545864428,
      "NMC": 2.721490598192402,
      "NUCLEAR": 2.2318955078125,
      "HERACOMB": 2.6607047685610703,
      "DYE886": 1.7769860354336826,
      "CDF": 3.2105680193219865,
      "D0": 1.0800698280334473,
      "ATLAS": 2.446923342618075,
      "CMS": 3.166261502397739,
      "LHCb": 3.4502410888671875,
      "total": 2.459437847137451
    }
  },
  "13000": {
    "training_loss": 8368.021484375,
    "validation_loss": [
      2900.47607421875
    ],
    "validation_chi2s": {
      "DEUTERON": 1.8533944656599814,
      "NMC": 2.684981701420803,
      "NUCLEAR": 2.224486572265625,
      "HERACOMB": 2.6922112757863563,
      "DYE886": 1.7921364524147727,
      "CDF": 3.11776488167899,
      "D0": 1.0754972457885743,
      "ATLAS": 2.529578122225675,
      "CMS": 3.1501966026740345,
      "LHCb": 3.324239492416382,
      "total": 2.462195634841919
    }
  },
  "13100": {
    "training_loss": 8063.20654296875,
    "validation_loss": [
      2907.865966796875
    ],
    "validation_chi2s": {
      "DEUTERON": 1.8457562650614117,
      "NMC": 2.706886141907935,
      "NUCLEAR": 2.223658447265625,
      "HERACOMB": 2.7089708116319446,
      "DYE886": 1.7683800784024326,
      "CDF": 3.1142204829624722,
      "D0": 0.9780608177185058,
      "ATLAS": 2.591510946100408,
      "CMS": 3.124005077331047,
      "LHCb": 3.2222633361816406,
      "total": 2.468475103378296
    }
  },
  "13200": {
    "training_loss": 7889.0205078125,
    "validation_loss": [
      2904.325439453125
    ],
    "validation_chi2s": {
      "DEUTERON": 1.8545626360385572,
      "NMC": 2.7065678016812194,
      "NUCLEAR": 2.22996337890625,
      "HERACOMB": 2.706381205639808,
      "DYE886": 1.8007576682350852,
      "CDF": 3.1145741598946706,
      "D0": 0.9830699920654297,
      "ATLAS": 2.5392766432328657,
      "CMS": 3.13126106572345,
      "LHCb": 3.267902374267578,
      "total": 2.4654717445373535
    }
  },
  "13300": {
    "training_loss": 7882.052734375,
    "validation_loss": [
      2897.79833984375
    ],
    "validation_chi2s": {
      "DEUTERON": 1.8791245797380287,
      "NMC": 2.710845947265625,
      "NUCLEAR": 2.22631298828125,
      "HERACOMB": 2.7010446186938317,
      "DYE886": 1.7632474032315342,
      "CDF": 3.2088614872523715,
      "D0": 0.9699561119079589,
      "ATLAS": 2.497100830078125,
      "CMS": 3.143380017784553,
      "LHCb": 3.177027463912964,
      "total": 2.459930658340454
    }
  },
  "13400": {
    "training_loss": 7958.95361328125,
    "validation_loss": [
      2876.7626953125
    ],
    "validation_chi2s": {
      "DEUTERON": 1.8851846723414178,
      "NMC": 2.7552947998046875,
      "NUCLEAR": 2.225479736328125,
      "HERACOMB": 2.6737623027726714,
      "DYE886": 1.832646976817738,
      "CDF": 3.115476335797991,
      "D0": 0.9042357444763184,
      "ATLAS": 2.4031283638694068,
      "CMS": 3.142452333031631,
      "LHCb": 3.1918230056762695,
      "total": 2.4420738220214844
    }
  },
  "13500": {
    "training_loss": 7935.00341796875,
    "validation_loss": [
      2891.634521484375
    ],
    "validation_chi2s": {
      "DEUTERON": 1.9252978272699004,
      "NMC": 2.749888999789369,
      "NUCLEAR": 2.240131591796875,
      "HERACOMB": 2.658591476141238,
      "DYE886": 1.8719992204145952,
      "CDF": 3.0270418439592635,
      "D0": 0.8571219444274902,
      "ATLAS": 2.465722690929066,
      "CMS": 3.130089736566311,
      "LHCb": 3.153916597366333,
      "total": 2.454693555831909
    }
  },
  "13600": {
    "training_loss": 7927.4130859375,
    "validation_loss": [
      2914.623291015625
    ],
    "validation_chi2s": {
      "DEUTERON": 1.9601466240574472,
      "NMC": 2.7089727065142464,
      "NUCLEAR": 2.23062646484375,
      "HERACOMB": 2.663596159492443,
      "DYE886": 1.7264331470836292,
      "CDF": 3.1788430895124162,
      "D0": 1.195796012878418,
      "ATLAS": 2.466984662142667,
      "CMS": 3.1967108501651422,
      "LHCb": 3.4429314136505127,
      "total": 2.474205732345581
    }
  },
  "13700": {
    "training_loss": 7925.96240234375,
    "validation_loss": [
      2886.530517578125
    ],
    "validation_chi2s": {
      "DEUTERON": 1.9151968125680192,
      "NMC": 2.758146697399663,
      "NUCLEAR": 2.233420654296875,
      "HERACOMB": 2.6672185760697507,
      "DYE886": 1.8466779535466975,
      "CDF": 3.307677677699498,
      "D0": 0.9155096054077149,
      "ATLAS": 2.3705740841952236,
      "CMS": 3.1895052281821648,
      "LHCb": 3.2469756603240967,
      "total": 2.450350761413574
    }
  },
  "13800": {
    "training_loss": 7866.23291015625,
    "validation_loss": [
      2910.859375
    ],
    "validation_chi2s": {
      "DEUTERON": 1.9090576171875,
      "NMC": 2.6693602917241117,
      "NUCLEAR": 2.225206787109375,
      "HERACOMB": 2.718978183721405,
      "DYE886": 1.7887850674715908,
      "CDF": 3.1263580322265625,
      "D0": 1.0704757690429687,
      "ATLAS": 2.5258541107177734,
      "CMS": 3.118686582983994,
      "LHCb": 3.1963677406311035,
      "total": 2.4707486629486084
    }
  },
  "13900": {
    "training_loss": 7898.9921875,
    "validation_loss": [
      2888.0166015625
    ],
    "validation_chi2s": {
      "DEUTERON": 1.8795542550917288,
      "NMC": 2.7017349542356004,
      "NUCLEAR": 2.224763427734375,
      "HERACOMB": 2.6900872124565973,
      "DYE886": 1.8460539037531072,
      "CDF": 3.1846253531319753,
      "D0": 0.8844810485839844,
      "ATLAS": 2.4422950744628906,
      "CMS": 3.157767443152947,
      "LHCb": 3.2212657928466797,
      "total": 2.451627016067505
    }
  },
  "14000": {
    "training_loss": 7869.14404296875,
    "validation_loss": [
      2886.955078125
    ],
    "validation_chi2s": {
      "DEUTERON": 1.8697058834246736,
      "NMC": 2.7075006821576286,
      "NUCLEAR": 2.220390869140625,
      "HERACOMB": 2.6902042962367236,
      "DYE886": 1.8072038130326704,
      "CDF": 3.1778158460344588,
      "D0": 0.9296592712402344,
      "ATLAS": 2.462990327314897,
      "CMS": 3.148056154328633,
      "LHCb": 3.211142063140869,
      "total": 2.4507193565368652
    }
  },
  "14100": {
    "training_loss": 7915.88134765625,
    "validation_loss": [
      2904.1826171875
    ],
    "validation_chi2s": {
      "DEUTERON": 1.8278896654423196,
      "NMC": 2.7220695346009496,
      "NUCLEAR": 2.22926318359375,
      "HERACOMB": 2.708407931857639,
      "DYE886": 1.9103584289550781,
      "CDF": 3.218250002179827,
      "D0": 1.0867035865783692,
      "ATLAS": 2.508797038685192,
      "CMS": 3.143477028947536,
      "LHCb": 3.3826193809509277,
      "total": 2.4653501510620117
    }
  },
  "14200": {
    "training_loss": 7872.71826171875,
    "validation_loss": [
      2914.00927734375
    ],
    "validation_chi2s": {
      "DEUTERON": 1.8294480357004042,
      "NMC": 2.72892791149663,
      "NUCLEAR": 2.21362158203125,
      "HERACOMB": 2.792856652752247,
      "DYE886": 1.7504962574351917,
      "CDF": 3.1522418430873325,
      "D0": 0.8643593788146973,
      "ATLAS": 2.5514826341108843,
      "CMS": 3.1164104182545733,
      "LHCb": 3.0262439250946045,
      "total": 2.473135471343994
    }
  },
  "14300": {
    "training_loss": 7912.83642578125,
    "validation_loss": [
      2901.9130859375
    ],
    "validation_chi2s": {
      "DEUTERON": 1.8589600520347482,
      "NMC": 2.6999418969247855,
      "NUCLEAR": 2.220269775390625,
      "HERACOMB": 2.7189349006204044,
      "DYE886": 1.7334516698663884,
      "CDF": 3.0435047149658203,
      "D0": 0.9590362548828125,
      "ATLAS": 2.561393391002308,
      "CMS": 3.0980383400025406,
      "LHCb": 3.206523895263672,
      "total": 2.4634242057800293
    }
  },
  "14400": {
    "training_loss": 7883.02734375,
    "validation_loss": [
      2927.161376953125
    ],
    "validation_chi2s": {
      "DEUTERON": 1.857654932126477,
      "NMC": 2.7105904373468137,
      "NUCLEAR": 2.22249951171875,
      "HERACOMB": 2.750069412530637,
      "DYE886": 1.8385001095858486,
      "CDF": 3.044276646205357,
      "D0": 1.2543360710144043,
      "ATLAS": 2.550220316106623,
      "CMS": 3.1502412625444616,
      "LHCb": 3.3487744331359863,
      "total": 2.484341859817505
    }
  },
  "14500": {
    "training_loss": 8089.326171875,
    "validation_loss": [
      2891.527587890625
    ],
    "validation_chi2s": {
      "DEUTERON": 1.8914640056553171,
      "NMC": 2.8057283887676165,
      "NUCLEAR": 2.232837646484375,
      "HERACOMB": 2.690325568704044,
      "DYE886": 1.8521485762162642,
      "CDF": 3.2702663966587613,
      "D0": 0.9075362205505371,
      "ATLAS": 2.3277867057106714,
      "CMS": 3.212109325377922,
      "LHCb": 3.415865659713745,
      "total": 2.4546072483062744
    }
  },
  "14600": {
    "training_loss": 7890.4716796875,
    "validation_loss": [
      2918.343994140625
    ],
    "validation_chi2s": {
      "DEUTERON": 1.8419116575326493,
      "NMC": 2.7090011297487746,
      "NUCLEAR": 2.221927734375,
      "HERACOMB": 2.7254704494102326,
      "DYE886": 1.734406904740767,
      "CDF": 3.0978197370256697,
      "D0": 1.0886469841003419,
      "ATLAS": 2.625082189386541,
      "CMS": 3.1143635075266767,
      "LHCb": 3.2711093425750732,
      "total": 2.4773716926574707
    }
  },
  "14700": {
    "training_loss": 7928.2998046875,
    "validation_loss": [
      2928.74365234375
    ],
    "validation_chi2s": {
      "DEUTERON": 1.9233900990652208,
      "NMC": 2.8620802935431984,
      "NUCLEAR": 2.230534423828125,
      "HERACOMB": 2.735543643727022,
      "DYE886": 1.849922700361772,
      "CDF": 3.230067116873605,
      "D0": 0.888547420501709,
      "ATLAS": 2.4935991113836113,
      "CMS": 3.1704180957825203,
      "LHCb": 3.138657569885254,
      "total": 2.4862000942230225
    }
  },
  "14800": {
    "training_loss": 8003.68603515625,
    "validation_loss": [
      2901.274169921875
    ],
    "validation_chi2s": {
      "DEUTERON": 1.8989594872318096,
      "NMC": 2.7742940865310968,
      "NUCLEAR": 2.22282666015625,
      "HERACOMB": 2.6650310840482025,
      "DYE886": 1.7968361594460227,
      "CDF": 3.077312741960798,
      "D0": 1.0750956535339355,
      "ATLAS": 2.50893159346147,
      "CMS": 3.1501613709984757,
      "LHCb": 3.313241720199585,
      "total": 2.462881326675415
    }
  },
  "14900": {
    "training_loss": 7880.6064453125,
    "validation_loss": [
      2894.07177734375
    ],
    "validation_chi2s": {
      "DEUTERON": 1.8219751766071983,
      "NMC": 2.7082022872625613,
      "NUCLEAR": 2.21835791015625,
      "HERACOMB": 2.719466464971405,
      "DYE886": 1.73491079157049,
      "CDF": 3.0447030748639787,
      "D0": 1.1344650268554688,
      "ATLAS": 2.506405223499645,
      "CMS": 3.129482362328506,
      "LHCb": 3.3081278800964355,
      "total": 2.4565541744232178
    }
  },
  "15000": {
    "training_loss": 8552.7890625,
    "validation_loss": [
      2928.57763671875
    ],
    "validation_chi2s": {
      "DEUTERON": 1.903564453125,
      "NMC": 2.7126186595243564,
      "NUCLEAR": 2.224022216796875,
      "HERACOMB": 2.7011038586984273,
      "DYE886": 1.7422253001819958,
      "CDF": 2.9836109706333707,
      "D0": 1.1497424125671387,
      "ATLAS": 2.625608964399858,
      "CMS": 3.1341016815929876,
      "LHCb": 3.3362810611724854,
      "total": 2.4860594272613525
    }
  },
  "15100": {
    "training_loss": 9503.5771484375,
    "validation_loss": [
      2946.338623046875
    ],
    "validation_chi2s": {
      "DEUTERON": 2.1330602845149254,
      "NMC": 2.7403067794500613,
      "NUCLEAR": 2.220640625,
      "HERACOMB": 2.6891367793862337,
      "DYE886": 1.7617697282270952,
      "CDF": 3.0819903782435825,
      "D0": 1.2504173278808595,
      "ATLAS": 2.4486921483820137,
      "CMS": 3.166188309832317,
      "LHCb": 3.3263399600982666,
      "total": 2.501042127609253
    }
  },
  "15200": {
    "training_loss": 7888.11181640625,
    "validation_loss": [
      2909.54443359375
    ],
    "validation_chi2s": {
      "DEUTERON": 1.8553526010086288,
      "NMC": 2.7058132396024814,
      "NUCLEAR": 2.22562841796875,
      "HERACOMB": 2.7268594978681575,
      "DYE886": 1.860869667746804,
      "CDF": 3.0894977024623325,
      "D0": 0.95877685546875,
      "ATLAS": 2.5451013391668145,
      "CMS": 3.1330752489043445,
      "LHCb": 3.1968994140625,
      "total": 2.4698715209960938
    }
  },
  "15300": {
    "training_loss": 8085.267578125,
    "validation_loss": [
      2910.920166015625
    ],
    "validation_chi2s": {
      "DEUTERON": 1.9032368066892102,
      "NMC": 2.792187859030331,
      "NUCLEAR": 2.233197021484375,
      "HERACOMB": 2.6509259791156046,
      "DYE886": 1.9415312680331143,
      "CDF": 3.0352772303989957,
      "D0": 1.2517074584960937,
      "ATLAS": 2.4562998684969815,
      "CMS": 3.2020725157202743,
      "LHCb": 3.5576224327087402,
      "total": 2.4710700511932373
    }
  },
  "15400": {
    "training_loss": 8010.15234375,
    "validation_loss": [
      2926.15283203125
    ],
    "validation_chi2s": {
      "DEUTERON": 1.932748974852301,
      "NMC": 2.755960501876532,
      "NUCLEAR": 2.2282109375,
      "HERACOMB": 2.7082473655152164,
      "DYE886": 1.7870268388227983,
      "CDF": 3.124070576259068,
      "D0": 1.0304906845092774,
      "ATLAS": 2.5394167466597124,
      "CMS": 3.159017671414507,
      "LHCb": 3.261073589324951,
      "total": 2.483999729156494
    }
  },
  "15500": {
    "training_loss": 7883.4892578125,
    "validation_loss": [
      2889.771240234375
    ],
    "validation_chi2s": {
      "DEUTERON": 1.8415401325890082,
      "NMC": 2.7011105406518077,
      "NUCLEAR": 2.228448974609375,
      "HERACOMB": 2.69549520654616,
      "DYE886": 1.768619710748846,
      "CDF": 2.833728245326451,
      "D0": 1.1462729454040528,
      "ATLAS": 2.4755713722922583,
      "CMS": 3.150440495188643,
      "LHCb": 3.325908899307251,
      "total": 2.4530410766601562
    }
  }
}