{
  "100": {
    "training_loss": 25094.0703125,
    "validation_loss": [
      12536.28515625
    ],
    "validation_chi2s": {
      "DEUTERON": 9.659635173740671,
      "NMC": 5.368570963541667,
      "NUCLEAR": 8.0338642578125,
      "HERACOMB": 9.960288054023692,
      "DYE886": 57.91141024502841,
      "CDF": 8.207398550851005,
      "D0": 8.875684356689453,
      "ATLAS": 12.254696932705967,
      "CMS": 7.1225000196887605,
      "LHCb": 5.805777549743652,
      "total": 10.10836410522461
    }
  },
  "200": {
    "training_loss": 16061.4921875,
    "validation_loss": [
      7308.46923828125
    ],
    "validation_chi2s": {
      "DEUTERON": 7.306397091689988,
      "NMC": 3.0604861390356923,
      "NUCLEAR": 5.99147314453125,
      "HERACOMB": 4.649004767922794,
      "DYE886": 17.598147305575285,
      "CDF": 5.603997911725726,
      "D0": 2.4753467559814455,
      "ATLAS": 7.094392949884588,
      "CMS": 5.4365071942729335,
      "LHCb": 7.180593013763428,
      "total": 6.063438892364502
    }
  },
  "300": {
    "training_loss": 8891.763671875,
    "validation_loss": [
      3523.95849609375
    ],
    "validation_chi2s": {
      "DEUTERON": 2.8805517699588,
      "NMC": 3.42076140759038,
      "NUCLEAR": 2.566887939453125,
      "HERACOMB": 2.763287712545956,
      "DYE886": 2.47709829157049,
      "CDF": 3.1455418722970143,
      "D0": 3.896231842041016,
      "ATLAS": 3.1206737865101206,
      "CMS": 3.6613577565839215,
      "LHCb": 3.989551544189453,
      "total": 2.9576992988586426
    }
  },
  "400": {
    "training_loss": 8281.8193359375,
    "validation_loss": [
      3326.057861328125
    ],
    "validation_chi2s": {
      "DEUTERON": 2.580069622590174,
      "NMC": 3.2615844128178617,
      "NUCLEAR": 2.371950927734375,
      "HERACOMB": 2.5838615068423203,
      "DYE886": 2.585845947265625,
      "CDF": 3.093914304460798,
      "D0": 3.922530746459961,
      "ATLAS": 3.0260578502308237,
      "CMS": 3.7318083240139868,
      "LHCb": 3.7085440158843994,
      "total": 2.7992870807647705
    }
  },
  "500": {
    "training_loss": 8168.9658203125,
    "validation_loss": [
      3265.90966796875
    ],
    "validation_chi2s": {
      "DEUTERON": 2.5107719459343905,
      "NMC": 3.2931461708218444,
      "NUCLEAR": 2.322427978515625,
      "HERACOMB": 2.523233650556577,
      "DYE886": 2.492483139038086,
      "CDF": 2.919558116367885,
      "D0": 3.8753475189208983,
      "ATLAS": 3.009031815962358,
      "CMS": 3.7013370144751763,
      "LHCb": 3.707533597946167,
      "total": 2.753650188446045
    }
  },
  "600": {
    "training_loss": 8125.25927734375,
    "validation_loss": [
      3227.64306640625
    ],
    "validation_chi2s": {
      "DEUTERON": 2.4753161378167756,
      "NMC": 3.341465071135876,
      "NUCLEAR": 2.288051513671875,
      "HERACOMB": 2.489905064402063,
      "DYE886": 2.400965603915128,
      "CDF": 2.8394268580845425,
      "D0": 3.7886001586914064,
      "ATLAS": 3.001842498779297,
      "CMS": 3.6783508793000252,
      "LHCb": 3.6569480895996094,
      "total": 2.725973129272461
    }
  },
  "700": {
    "training_loss": 8088.3857421875,
    "validation_loss": [
      3202.024169921875
    ],
    "validation_chi2s": {
      "DEUTERON": 2.422653122327814,
      "NMC": 3.3534551882276347,
      "NUCLEAR": 2.26595068359375,
      "HERACOMB": 2.4721117206648286,
      "DYE886": 2.387815475463867,
      "CDF": 2.7703448704310825,
      "D0": 3.887171173095703,
      "ATLAS": 3.0229658647017046,
      "CMS": 3.6465941398374495,
      "LHCb": 3.620637893676758,
      "total": 2.7072176933288574
    }
  },
  "800": {
    "training_loss": 8042.86279296875,
    "validation_loss": [
      3173.9091796875
    ],
    "validation_chi2s": {
      "DEUTERON": 2.381211769521533,
      "NMC": 3.331753599877451,
      "NUCLEAR": 2.248573486328125,
      "HERACOMB": 2.451568204593035,
      "DYE886": 2.332121415571733,
      "CDF": 2.7136173248291016,
      "D0": 3.931122970581055,
      "ATLAS": 3.039907282049006,
      "CMS": 3.6064268542874243,
      "LHCb": 3.510688066482544,
      "total": 2.684514284133911
    }
  },
  "900": {
    "training_loss": 7960.84765625,
    "validation_loss": [
      3078.68212890625
    ],
    "validation_chi2s": {
      "DEUTERON": 2.3107737071478547,
      "NMC": 3.248302085726869,
      "NUCLEAR": 2.239725830078125,
      "HERACOMB": 2.352484210643893,
      "DYE886": 2.249860069968484,
      "CDF": 2.733027594430106,
      "D0": 4.128499603271484,
      "ATLAS": 2.925623807040128,
      "CMS": 3.47380853468372,
      "LHCb": 3.2730956077575684,
      "total": 2.6041007041931152
    }
  },
  "1000": {
    "training_loss": 7917.84375,
    "validation_loss": [
      3065.653076171875
    ],
    "validation_chi2s": {
      "DEUTERON": 2.3729541076356497,
      "NMC": 3.1860575956456803,
      "NUCLEAR": 2.22069482421875,
      "HERACOMB": 2.3125676173789826,
      "DYE886": 2.3579729253595527,
      "CDF": 2.776524135044643,
      "D0": 4.029961013793946,
      "ATLAS": 2.9368553161621094,
      "CMS": 3.461358347246724,
      "LHCb": 3.0694899559020996,
      "total": 2.5938942432403564
    }
  },
  "1100": {
    "training_loss": 7909.4990234375,
    "validation_loss": [
      3043.86083984375
    ],
    "validation_chi2s": {
      "DEUTERON": 2.330404101319574,
      "NMC": 3.147309247185202,
      "NUCLEAR": 2.215940185546875,
      "HERACOMB": 2.3045855752782884,
      "DYE886": 2.3262190385298296,
      "CDF": 2.734382084437779,
      "D0": 4.031150436401367,
      "ATLAS": 2.9369430541992188,
      "CMS": 3.383820072297127,
      "LHCb": 3.140216588973999,
      "total": 2.5748291015625
    }
  },
  "1200": {
    "training_loss": 7893.21484375,
    "validation_loss": [
      3048.25439453125
    ],
    "validation_chi2s": {
      "DEUTERON": 2.3414816785214554,
      "NMC": 3.1460619159773286,
      "NUCLEAR": 2.212583984375,
      "HERACOMB": 2.2981886520884394,
      "DYE886": 2.411535783247514,
      "CDF": 2.7238687787737166,
      "D0": 4.079087829589843,
      "ATLAS": 2.9612017544833096,
      "CMS": 3.3803258096018145,
      "LHCb": 3.1164028644561768,
      "total": 2.5788357257843018
    }
  },
  "1300": {
    "training_loss": 7887.49755859375,
    "validation_loss": [
      3039.64208984375
    ],
    "validation_chi2s": {
      "DEUTERON": 2.328624061091029,
      "NMC": 3.145476397346048,
      "NUCLEAR": 2.209726318359375,
      "HERACOMB": 2.2978571474162583,
      "DYE886": 2.3747236078435723,
      "CDF": 2.6860378810337613,
      "D0": 4.003472137451172,
      "ATLAS": 2.964475458318537,
      "CMS": 3.350036128874748,
      "LHCb": 3.1138081550598145,
      "total": 2.571605920791626
    }
  },
  "1400": {
    "training_loss": 7880.677734375,
    "validation_loss": [
      3037.93310546875
    ],
    "validation_chi2s": {
      "DEUTERON": 2.326385498046875,
      "NMC": 3.153851677389706,
      "NUCLEAR": 2.21051611328125,
      "HERACOMB": 2.2967826494204453,
      "DYE886": 2.371564171530984,
      "CDF": 2.6599292755126953,
      "D0": 4.053364562988281,
      "ATLAS": 2.9685932506214487,
      "CMS": 3.3323878626669607,
      "LHCb": 3.1080567836761475,
      "total": 2.570286989212036
    }
  },
  "1500": {
    "training_loss": 7875.72412109375,
    "validation_loss": [
      3036.7880859375
    ],
    "validation_chi2s": {
      "DEUTERON": 2.3271214119830534,
      "NMC": 3.159786149567249,
      "NUCLEAR": 2.2091220703125,
      "HERACOMB": 2.296658185572406,
      "DYE886": 2.371162761341442,
      "CDF": 2.64056396484375,
      "D0": 4.0072071075439455,
      "ATLAS": 2.9776132757013496,
      "CMS": 3.323266798450101,
      "LHCb": 3.0862038135528564,
      "total": 2.5696210861206055
    }
  },
  "1600": {
    "training_loss": 7872.59765625,
    "validation_loss": [
      3034.75
    ],
    "validation_chi2s": {
      "DEUTERON": 2.332226805425995,
      "NMC": 3.173308428596048,
      "NUCLEAR": 2.206532470703125,
      "HERACOMB": 2.2933032465916052,
      "DYE886": 2.3621271306818183,
      "CDF": 2.6185951232910156,
      "D0": 3.9689041137695313,
      "ATLAS": 2.980619950727983,
      "CMS": 3.3169326782226562,
      "LHCb": 3.0662803649902344,
      "total": 2.568274974822998
    }
  },
  "1700": {
    "training_loss": 7871.724609375,
    "validation_loss": [
      3030.1240234375
    ],
    "validation_chi2s": {
      "DEUTERON": 2.3121722017354633,
      "NMC": 3.1680441463694855,
      "NUCLEAR": 2.21159521484375,
      "HERACOMB": 2.3003555995966094,
      "DYE886": 2.3200721740722656,
      "CDF": 2.595038822719029,
      "D0": 3.984403610229492,
      "ATLAS": 2.975642117587003,
      "CMS": 3.291743616903982,
      "LHCb": 3.0971992015838623,
      "total": 2.564185857772827
    }
  },
  "1800": {
    "training_loss": 7873.3896484375,
    "validation_loss": [
      3024.3544921875
    ],
    "validation_chi2s": {
      "DEUTERON": 2.3137046092778295,
      "NMC": 3.1734972187117036,
      "NUCLEAR": 2.20903271484375,
      "HERACOMB": 2.3002299389808005,
      "DYE886": 2.261505820534446,
      "CDF": 2.567925589425223,
      "D0": 3.8932777404785157,
      "ATLAS": 2.9694102894176138,
      "CMS": 3.2778719009891635,
      "LHCb": 3.0883331298828125,
      "total": 2.559450149536133
    }
  },
  "1900": {
    "training_loss": 7864.130859375,
    "validation_loss": [
      3030.947265625
    ],
    "validation_chi2s": {
      "DEUTERON": 2.3370050079193874,
      "NMC": 3.1882773006663605,
      "NUCLEAR": 2.20661376953125,
      "HERACOMB": 2.292794221366932,
      "DYE886": 2.32986138083718,
      "CDF": 2.5679640088762556,
      "D0": 3.9012176513671877,
      "ATLAS": 2.983236486261541,
      "CMS": 3.2956929360666583,
      "LHCb": 3.041477918624878,
      "total": 2.565629005432129
    }
  },
  "2000": {
    "training_loss": 7863.005859375,
    "validation_loss": [
      3030.20458984375
    ],
    "validation_chi2s": {
      "DEUTERON": 2.343128868596471,
      "NMC": 3.1987346574371935,
      "NUCLEAR": 2.20508203125,
      "HERACOMB": 2.2884042777267157,
      "DYE886": 2.3448354547674004,
      "CDF": 2.5774732317243303,
      "D0": 3.8642749786376953,
      "ATLAS": 2.980284950949929,
      "CMS": 3.2984345959078882,
      "LHCb": 3.032869338989258,
      "total": 2.5652976036071777
    }
  },
  "2100": {
    "training_loss": 7863.96435546875,
    "validation_loss": [
      3021.7607421875
    ],
    "validation_chi2s": {
      "DEUTERON": 2.313881489767957,
      "NMC": 3.184934129901961,
      "NUCLEAR": 2.20614892578125,
      "HERACOMB": 2.294085932712929,
      "DYE886": 2.2825790752064097,
      "CDF": 2.561119624546596,
      "D0": 3.823503875732422,
      "ATLAS": 2.9777637828480112,
      "CMS": 3.272673576108871,
      "LHCb": 3.07528018951416,
      "total": 2.5578761100769043
    }
  },
  "2200": {
    "training_loss": 7860.47119140625,
    "validation_loss": [
      3023.97021484375
    ],
    "validation_chi2s": {
      "DEUTERON": 2.32240576293338,
      "NMC": 3.1853446212469363,
      "NUCLEAR": 2.205038818359375,
      "HERACOMB": 2.292779660692402,
      "DYE886": 2.288522546941584,
      "CDF": 2.564222608293806,
      "D0": 3.8578571319580077,
      "ATLAS": 2.98265942660245,
      "CMS": 3.2772086358839467,
      "LHCb": 3.060305595397949,
      "total": 2.559994697570801
    }
  },
  "2300": {
    "training_loss": 7860.1708984375,
    "validation_loss": [
      3022.58642578125
    ],
    "validation_chi2s": {
      "DEUTERON": 2.324244712715718,
      "NMC": 3.1928522446576286,
      "NUCLEAR": 2.20273779296875,
      "HERACOMB": 2.2900991003497753,
      "DYE886": 2.2848663330078125,
      "CDF": 2.567321232386998,
      "D0": 3.818682861328125,
      "ATLAS": 2.9810121709650215,
      "CMS": 3.2805557250976562,
      "LHCb": 3.055361747741699,
      "total": 2.5590388774871826
    }
  },
  "2400": {
    "training_loss": 7862.49853515625,
    "validation_loss": [
      3019.083984375
    ],
    "validation_chi2s": {
      "DEUTERON": 2.31719090096393,
      "NMC": 3.1977987850413605,
      "NUCLEAR": 2.2059375,
      "HERACOMB": 2.292932448044322,
      "DYE886": 2.2525969418612393,
      "CDF": 2.5668912615094865,
      "D0": 3.827719879150391,
      "ATLAS": 2.9629086581143467,
      "CMS": 3.2670605567193802,
      "LHCb": 3.097771406173706,
      "total": 2.5559656620025635
    }
  },
  "2500": {
    "training_loss": 7860.36767578125,
    "validation_loss": [
      3023.988525390625
    ],
    "validation_chi2s": {
      "DEUTERON": 2.326596388176306,
      "NMC": 3.2048106474034928,
      "NUCLEAR": 2.200268310546875,
      "HERACOMB": 2.2926984799453636,
      "DYE886": 2.27272536537864,
      "CDF": 2.5681353977748325,
      "D0": 3.794586181640625,
      "ATLAS": 2.9800054376775567,
      "CMS": 3.2868541594474547,
      "LHCb": 3.0691123008728027,
      "total": 2.560567617416382
    }
  },
  "2600": {
    "training_loss": 7861.59716796875,
    "validation_loss": [
      3023.54541015625
    ],
    "validation_chi2s": {
      "DEUTERON": 2.329969567445973,
      "NMC": 3.210746017156863,
      "NUCLEAR": 2.19785791015625,
      "HERACOMB": 2.293573317184947,
      "DYE886": 2.2371368408203125,
      "CDF": 2.5714528220040456,
      "D0": 3.7541763305664064,
      "ATLAS": 2.9801680824973364,
      "CMS": 3.2871204499275453,
      "LHCb": 3.0764920711517334,
      "total": 2.5603809356689453
    }
  },
  "2700": {
    "training_loss": 7860.546875,
    "validation_loss": [
      3024.68408203125
    ],
    "validation_chi2s": {
      "DEUTERON": 2.3328392825909514,
      "NMC": 3.219117108513327,
      "NUCLEAR": 2.1971708984375,
      "HERACOMB": 2.2907549290875204,
      "DYE886": 2.274706407026811,
      "CDF": 2.5756318228585378,
      "D0": 3.783255386352539,
      "ATLAS": 2.978770516135476,
      "CMS": 3.2908189835086947,
      "LHCb": 3.075949192047119,
      "total": 2.561493158340454
    }
  },
  "2800": {
    "training_loss": 7860.6845703125,
    "validation_loss": [
      3024.769287109375
    ],
    "validation_chi2s": {
      "DEUTERON": 2.3332139959382774,
      "NMC": 3.2170242608762254,
      "NUCLEAR": 2.197134521484375,
      "HERACOMB": 2.2950632930581087,
      "DYE886": 2.2326537045565518,
      "CDF": 2.5815465109688893,
      "D0": 3.7742916107177735,
      "ATLAS": 2.976118954745206,
      "CMS": 3.2899686751827115,
      "LHCb": 3.0882761478424072,
      "total": 2.561600685119629
    }
  },
  "2900": {
    "training_loss": 7853.12646484375,
    "validation_loss": [
      3035.99853515625
    ],
    "validation_chi2s": {
      "DEUTERON": 2.3445634984258397,
      "NMC": 3.2074836282169117,
      "NUCLEAR": 2.197587158203125,
      "HERACOMB": 2.3001605264501634,
      "DYE886": 2.2939529418945312,
      "CDF": 2.583136422293527,
      "D0": 3.9334983825683594,
      "ATLAS": 2.992049130526456,
      "CMS": 3.3073526197864163,
      "LHCb": 3.0866105556488037,
      "total": 2.571206569671631
    }
  },
  "3000": {
    "training_loss": 7860.423828125,
    "validation_loss": [
      3020.06396484375
    ],
    "validation_chi2s": {
      "DEUTERON": 2.332349027567242,
      "NMC": 3.2226188510071996,
      "NUCLEAR": 2.199358154296875,
      "HERACOMB": 2.2930985993030024,
      "DYE886": 2.235536748712713,
      "CDF": 2.596166338239397,
      "D0": 3.838187408447266,
      "ATLAS": 2.950734918767756,
      "CMS": 3.2740874751921623,
      "LHCb": 3.117431640625,
      "total": 2.557671070098877
    }
  },
  "3100": {
    "training_loss": 7858.65234375,
    "validation_loss": [
      3019.40478515625
    ],
    "validation_chi2s": {
      "DEUTERON": 2.3248785977339863,
      "NMC": 3.217699836282169,
      "NUCLEAR": 2.19715185546875,
      "HERACOMB": 2.2946280685125613,
      "DYE886": 2.2171412381258877,
      "CDF": 2.5970115661621094,
      "D0": 3.8428646087646485,
      "ATLAS": 2.959236838600852,
      "CMS": 3.2745422855500252,
      "LHCb": 3.1220362186431885,
      "total": 2.5572571754455566
    }
  },
  "3200": {
    "training_loss": 7859.87060546875,
    "validation_loss": [
      3025.62939453125
    ],
    "validation_chi2s": {
      "DEUTERON": 2.3484443930251087,
      "NMC": 3.2431706447227326,
      "NUCLEAR": 2.19385302734375,
      "HERACOMB": 2.291391609540952,
      "DYE886": 2.2110746557062324,
      "CDF": 2.5984535217285156,
      "D0": 3.819782257080078,
      "ATLAS": 2.964244842529297,
      "CMS": 3.2902588382844002,
      "LHCb": 3.1238300800323486,
      "total": 2.562986135482788
    }
  },
  "3300": {
    "training_loss": 7889.50244140625,
    "validation_loss": [
      3006.197265625
    ],
    "validation_chi2s": {
      "DEUTERON": 2.2791392767607275,
      "NMC": 3.205246570063572,
      "NUCLEAR": 2.198462890625,
      "HERACOMB": 2.3115677179074754,
      "DYE886": 2.1445322903719815,
      "CDF": 2.611834934779576,
      "D0": 3.762506103515625,
      "ATLAS": 2.9281976873224433,
      "CMS": 3.2291961177702873,
      "LHCb": 3.2580153942108154,
      "total": 2.5459351539611816
    }
  },
  "3400": {
    "training_loss": 7867.0986328125,
    "validation_loss": [
      3024.0869140625
    ],
    "validation_chi2s": {
      "DEUTERON": 2.3482051109200093,
      "NMC": 3.2520748961205577,
      "NUCLEAR": 2.190778076171875,
      "HERACOMB": 2.2937604118795956,
      "DYE886": 2.1990411931818183,
      "CDF": 2.6075428553989957,
      "D0": 3.786178970336914,
      "ATLAS": 2.9538258639248935,
      "CMS": 3.2902258596112652,
      "LHCb": 3.152035713195801,
      "total": 2.562044382095337
    }
  },
  "3500": {
    "training_loss": 7872.8740234375,
    "validation_loss": [
      3027.5498046875
    ],
    "validation_chi2s": {
      "DEUTERON": 2.385471628673041,
      "NMC": 3.2815683402267157,
      "NUCLEAR": 2.191284423828125,
      "HERACOMB": 2.290578605302798,
      "DYE886": 2.226060000332919,
      "CDF": 2.609325681413923,
      "D0": 3.7402484893798826,
      "ATLAS": 2.925726457075639,
      "CMS": 3.2980831515404487,
      "LHCb": 3.129155158996582,
      "total": 2.5650908946990967
    }
  },
  "3600": {
    "training_loss": 7869.474609375,
    "validation_loss": [
      3026.30126953125
    ],
    "validation_chi2s": {
      "DEUTERON": 2.391146379916822,
      "NMC": 3.281112371706495,
      "NUCLEAR": 2.192564697265625,
      "HERACOMB": 2.285238228592218,
      "DYE886": 2.167801770296964,
      "CDF": 2.601846694946289,
      "D0": 3.8886932373046874,
      "ATLAS": 2.935204592618075,
      "CMS": 3.2844831405147428,
      "LHCb": 3.1100785732269287,
      "total": 2.564518451690674
    }
  },
  "3700": {
    "training_loss": 7854.3095703125,
    "validation_loss": [
      3020.123046875
    ],
    "validation_chi2s": {
      "DEUTERON": 2.357188817873523,
      "NMC": 3.307391596775429,
      "NUCLEAR": 2.189691650390625,
      "HERACOMB": 2.3005851795470793,
      "DYE886": 2.133604569868608,
      "CDF": 2.6203065599714006,
      "D0": 3.5312053680419924,
      "ATLAS": 2.914357618852095,
      "CMS": 3.269131568170363,
      "LHCb": 3.270911693572998,
      "total": 2.5593178272247314
    }
  },
  "3800": {
    "training_loss": 7861.87109375,
    "validation_loss": [
      3030.917724609375
    ],
    "validation_chi2s": {
      "DEUTERON": 2.378006057359686,
      "NMC": 3.26343521417356,
      "NUCLEAR": 2.1910185546875,
      "HERACOMB": 2.2939068164700775,
      "DYE886": 2.210398240522905,
      "CDF": 2.6225989205496654,
      "D0": 3.894649124145508,
      "ATLAS": 2.95013427734375,
      "CMS": 3.2912043909872732,
      "LHCb": 3.149434804916382,
      "total": 2.5684080123901367
    }
  },
  "3900": {
    "training_loss": 7836.06103515625,
    "validation_loss": [
      3060.171875
    ],
    "validation_chi2s": {
      "DEUTERON": 2.5458446901236007,
      "NMC": 3.5108795166015625,
      "NUCLEAR": 2.186400146484375,
      "HERACOMB": 2.306124419168709,
      "DYE886": 2.149739005348899,
      "CDF": 2.6822136470249722,
      "D0": 3.267172622680664,
      "ATLAS": 2.832109277898615,
      "CMS": 3.3776417393838205,
      "LHCb": 3.10870099067688,
      "total": 2.594183921813965
    }
  },
  "4000": {
    "training_loss": 7840.02099609375,
    "validation_loss": [
      3034.774658203125
    ],
    "validation_chi2s": {
      "DEUTERON": 2.443963046097637,
      "NMC": 3.424465403837316,
      "NUCLEAR": 2.18541259765625,
      "HERACOMB": 2.297153248506434,
      "DYE886": 2.1394798972389917,
      "CDF": 2.654881068638393,
      "D0": 3.3582176208496093,
      "ATLAS": 2.8719139099121094,
      "CMS": 3.3139252201203377,
      "LHCb": 3.197662353515625,
      "total": 2.5726125240325928
    }
  },
  "4100": {
    "training_loss": 7846.87451171875,
    "validation_loss": [
      3017.17333984375
    ],
    "validation_chi2s": {
      "DEUTERON": 2.3706728807136193,
      "NMC": 3.3180954877068016,
      "NUCLEAR": 2.187538818359375,
      "HERACOMB": 2.2991267185585174,
      "DYE886": 2.14387338811701,
      "CDF": 2.668487548828125,
      "D0": 3.5893653869628905,
      "ATLAS": 2.888514605435458,
      "CMS": 3.2615979102350052,
      "LHCb": 3.2579269409179688,
      "total": 2.557213068008423
    }
  },
  "4200": {
    "training_loss": 7847.232421875,
    "validation_loss": [
      3016.28173828125
    ],
    "validation_chi2s": {
      "DEUTERON": 2.37170850459616,
      "NMC": 3.3294540106081496,
      "NUCLEAR": 2.188146728515625,
      "HERACOMB": 2.2975603490093954,
      "DYE886": 2.1445850025523794,
      "CDF": 2.656674248831613,
      "D0": 3.5712684631347655,
      "ATLAS": 2.8788068944757637,
      "CMS": 3.2692391180223033,
      "LHCb": 3.2535228729248047,
      "total": 2.5566279888153076
    }
  },
  "4300": {
    "training_loss": 7855.9267578125,
    "validation_loss": [
      3037.67333984375
    ],
    "validation_chi2s": {
      "DEUTERON": 2.4497161409748136,
      "NMC": 3.3995343376608456,
      "NUCLEAR": 2.1807744140625,
      "HERACOMB": 2.294003754659416,
      "DYE886": 2.1299171447753906,
      "CDF": 2.6687008993966237,
      "D0": 3.470621871948242,
      "ATLAS": 2.8896319649436255,
      "CMS": 3.3339541035313762,
      "LHCb": 3.1608059406280518,
      "total": 2.575322151184082
    }
  },
  "4400": {
    "training_loss": 7859.7978515625,
    "validation_loss": [
      3025.547607421875
    ],
    "validation_chi2s": {
      "DEUTERON": 2.322673740671642,
      "NMC": 3.2405778473498774,
      "NUCLEAR": 2.184273681640625,
      "HERACOMB": 2.3054761699601714,
      "DYE886": 2.165721893310547,
      "CDF": 2.6273860931396484,
      "D0": 3.913299560546875,
      "ATLAS": 2.986691214821555,
      "CMS": 3.2774247200258317,
      "LHCb": 3.2002992630004883,
      "total": 2.5642998218536377
    }
  },
  "4500": {
    "training_loss": 7839.1953125,
    "validation_loss": [
      3046.49169921875
    ],
    "validation_chi2s": {
      "DEUTERON": 2.513218666190532,
      "NMC": 3.4835543165019915,
      "NUCLEAR": 2.18082958984375,
      "HERACOMB": 2.2959544861238768,
      "DYE886": 2.102609807794744,
      "CDF": 2.6868346078055247,
      "D0": 3.390087127685547,
      "ATLAS": 2.8532962799072266,
      "CMS": 3.3364085535849295,
      "LHCb": 3.1252386569976807,
      "total": 2.5830841064453125
    }
  },
  "4600": {
    "training_loss": 7860.3173828125,
    "validation_loss": [
      3030.2099609375
    ],
    "validation_chi2s": {
      "DEUTERON": 2.430086050460588,
      "NMC": 3.368529375861673,
      "NUCLEAR": 2.181487060546875,
      "HERACOMB": 2.2907058616089664,
      "DYE886": 2.1404883644797583,
      "CDF": 2.669764654976981,
      "D0": 3.6212520599365234,
      "ATLAS": 2.8968741677024146,
      "CMS": 3.3087392007150958,
      "LHCb": 3.133610725402832,
      "total": 2.5691018104553223
    }
  },
  "4700": {
    "training_loss": 7847.43994140625,
    "validation_loss": [
      3012.50830078125
    ],
    "validation_chi2s": {
      "DEUTERON": 2.373120815599736,
      "NMC": 3.358920228247549,
      "NUCLEAR": 2.18301708984375,
      "HERACOMB": 2.2895190669041052,
      "DYE886": 2.110945614901456,
      "CDF": 2.6750540052141463,
      "D0": 3.581694412231445,
      "ATLAS": 2.89135759527033,
      "CMS": 3.2551444268995717,
      "LHCb": 3.2225894927978516,
      "total": 2.5540900230407715
    }
  },
  "4800": {
    "training_loss": 7843.75927734375,
    "validation_loss": [
      3021.70947265625
    ],
    "validation_chi2s": {
      "DEUTERON": 2.4174705998814523,
      "NMC": 3.398259480794271,
      "NUCLEAR": 2.181087158203125,
      "HERACOMB": 2.2903191061580883,
      "DYE886": 2.112986131147905,
      "CDF": 2.6720823560442244,
      "D0": 3.521404266357422,
      "ATLAS": 2.8719640211625532,
      "CMS": 3.2855323053175405,
      "LHCb": 3.188835382461548,
      "total": 2.562044858932495
    }
  },
  "4900": {
    "training_loss": 7843.6923828125,
    "validation_loss": [
      3027.41064453125
    ],
    "validation_chi2s": {
      "DEUTERON": 2.346559287303716,
      "NMC": 3.246334001129749,
      "NUCLEAR": 2.179812255859375,
      "HERACOMB": 2.2975475834865198,
      "DYE886": 2.2010094035755503,
      "CDF": 2.6545848846435547,
      "D0": 3.9801658630371093,
      "ATLAS": 2.98788764260032,
      "CMS": 3.281945013230847,
      "LHCb": 3.156113386154175,
      "total": 2.5664589405059814
    }
  },
  "5000": {
    "training_loss": 7843.908203125,
    "validation_loss": [
      3036.15283203125
    ],
    "validation_chi2s": {
      "DEUTERON": 2.4856615968011506,
      "NMC": 3.4448080623851105,
      "NUCLEAR": 2.18125341796875,
      "HERACOMB": 2.2913277819265727,
      "DYE886": 2.1120040199973364,
      "CDF": 2.661806106567383,
      "D0": 3.503081512451172,
      "ATLAS": 2.859750921075994,
      "CMS": 3.3018400130733365,
      "LHCb": 3.1488943099975586,
      "total": 2.574554204940796
    }
  },
  "5100": {
    "training_loss": 7851.6396484375,
    "validation_loss": [
      3023.5634765625
    ],
    "validation_chi2s": {
      "DEUTERON": 2.3835664815570583,
      "NMC": 3.2835235595703125,
      "NUCLEAR": 2.175868896484375,
      "HERACOMB": 2.287387424045139,
      "DYE886": 2.1026637337424536,
      "CDF": 2.6724534715924944,
      "D0": 3.884879302978516,
      "ATLAS": 2.9663862748579546,
      "CMS": 3.266637002268145,
      "LHCb": 3.1620192527770996,
      "total": 2.563706874847412
    }
  },
  "5200": {
    "training_loss": 7841.49072265625,
    "validation_loss": [
      3017.138671875
    ],
    "validation_chi2s": {
      "DEUTERON": 2.422475634522699,
      "NMC": 3.379251517501532,
      "NUCLEAR": 2.1791162109375,
      "HERACOMB": 2.2821523628982843,
      "DYE886": 2.130932027643377,
      "CDF": 2.669590813773019,
      "D0": 3.5245880126953124,
      "ATLAS": 2.8797607421875,
      "CMS": 3.2538784396263862,
      "LHCb": 3.216212511062622,
      "total": 2.5584630966186523
    }
  },
  "5300": {
    "training_loss": 7841.40283203125,
    "validation_loss": [
      3008.637451171875
    ],
    "validation_chi2s": {
      "DEUTERON": 2.391772066182758,
      "NMC": 3.361846923828125,
      "NUCLEAR": 2.179789794921875,
      "HERACOMB": 2.286834716796875,
      "DYE886": 2.0648462122136895,
      "CDF": 2.626604897635324,
      "D0": 3.549730682373047,
      "ATLAS": 2.8788225000554863,
      "CMS": 3.2530574183310232,
      "LHCb": 3.1773664951324463,
      "total": 2.5512781143188477
    }
  },
  "5400": {
    "training_loss": 7853.294921875,
    "validation_loss": [
      3016.244384765625
    ],
    "validation_chi2s": {
      "DEUTERON": 2.3939351703397076,
      "NMC": 3.302097395354626,
      "NUCLEAR": 2.176553955078125,
      "HERACOMB": 2.273994196474163,
      "DYE886": 2.1156057877974077,
      "CDF": 2.676767349243164,
      "D0": 3.897364044189453,
      "ATLAS": 2.9316766912286933,
      "CMS": 3.2548210390152468,
      "LHCb": 3.1933557987213135,
      "total": 2.5577468872070312
    }
  },
  "5500": {
    "training_loss": 7843.18115234375,
    "validation_loss": [
      3019.123046875
    ],
    "validation_chi2s": {
      "DEUTERON": 2.3668140012826493,
      "NMC": 3.2290571624157476,
      "NUCLEAR": 2.178892578125,
      "HERACOMB": 2.2894674064287175,
      "DYE886": 2.149414756081321,
      "CDF": 2.6357214791434154,
      "D0": 3.8958526611328126,
      "ATLAS": 2.972918076948686,
      "CMS": 3.243102042905746,
      "LHCb": 3.2056713104248047,
      "total": 2.560107946395874
    }
  },
  "5600": {
    "training_loss": 7838.18310546875,
    "validation_loss": [
      3016.13671875
    ],
    "validation_chi2s": {
      "DEUTERON": 2.351168656230566,
      "NMC": 3.254665599149816,
      "NUCLEAR": 2.1764580078125,
      "HERACOMB": 2.2845052083333335,
      "DYE886": 2.1662972190163354,
      "CDF": 2.6348487309047153,
      "D0": 3.9379539489746094,
      "ATLAS": 2.985436526211825,
      "CMS": 3.2384198096490677,
      "LHCb": 3.164689540863037,
      "total": 2.5576748847961426
    }
  },
  "5700": {
    "training_loss": 7839.71044921875,
    "validation_loss": [
      3021.34521484375
    ],
    "validation_chi2s": {
      "DEUTERON": 2.37306053958722,
      "NMC": 3.2411131017348347,
      "NUCLEAR": 2.175743896484375,
      "HERACOMB": 2.2886699601715685,
      "DYE886": 2.169926730069247,
      "CDF": 2.641420636858259,
      "D0": 3.90905876159668,
      "ATLAS": 2.974811553955078,
      "CMS": 3.2557513329290573,
      "LHCb": 3.1775665283203125,
      "total": 2.5621984004974365
    }
  },
  "5800": {
    "training_loss": 7846.65625,
    "validation_loss": [
      3051.791015625
    ],
    "validation_chi2s": {
      "DEUTERON": 2.562340579815765,
      "NMC": 3.463326846852022,
      "NUCLEAR": 2.181798095703125,
      "HERACOMB": 2.2958567500893587,
      "DYE886": 2.0628956881436435,
      "CDF": 2.6267405918666293,
      "D0": 3.454195022583008,
      "ATLAS": 2.863901138305664,
      "CMS": 3.29595208937122,
      "LHCb": 3.148728370666504,
      "total": 2.588175058364868
    }
  },
  "5900": {
    "training_loss": 7829.28955078125,
    "validation_loss": [
      3019.2333984375
    ],
    "validation_chi2s": {
      "DEUTERON": 2.3593648274739585,
      "NMC": 3.2058838489008883,
      "NUCLEAR": 2.175208740234375,
      "HERACOMB": 2.2953110239864176,
      "DYE886": 2.1686689203435723,
      "CDF": 2.656815665108817,
      "D0": 3.80277099609375,
      "ATLAS": 2.9793697703968394,
      "CMS": 3.271887994581653,
      "LHCb": 3.1297354698181152,
      "total": 2.5601956844329834
    }
  },
  "6000": {
    "training_loss": 7838.6162109375,
    "validation_loss": [
      3021.12548828125
    ],
    "validation_chi2s": {
      "DEUTERON": 2.385513077920942,
      "NMC": 3.2189372941559435,
      "NUCLEAR": 2.17766015625,
      "HERACOMB": 2.2869881025326797,
      "DYE886": 2.1620105396617544,
      "CDF": 2.648113250732422,
      "D0": 3.910898971557617,
      "ATLAS": 2.975237412886186,
      "CMS": 3.242490706905242,
      "LHCb": 3.184900999069214,
      "total": 2.5621073246002197
    }
  },
  "6100": {
    "training_loss": 7823.3837890625,
    "validation_loss": [
      3022.34814453125
    ],
    "validation_chi2s": {
      "DEUTERON": 2.3517865992304103,
      "NMC": 3.1668318206188726,
      "NUCLEAR": 2.1818173828125,
      "HERACOMB": 2.293539608226103,
      "DYE886": 2.19298657503995,
      "CDF": 2.638521466936384,
      "D0": 4.108124923706055,
      "ATLAS": 2.995983123779297,
      "CMS": 3.253014349168347,
      "LHCb": 3.1710665225982666,
      "total": 2.5627079010009766
    }
  },
  "6200": {
    "training_loss": 7838.7568359375,
    "validation_loss": [
      3015.635498046875
    ],
    "validation_chi2s": {
      "DEUTERON": 2.4119924668648944,
      "NMC": 3.3163045247395835,
      "NUCLEAR": 2.1746435546875,
      "HERACOMB": 2.2865337297028185,
      "DYE886": 2.1321629610928623,
      "CDF": 2.720412118094308,
      "D0": 3.5674674987792967,
      "ATLAS": 2.893646933815696,
      "CMS": 3.2713310487808718,
      "LHCb": 3.1733474731445312,
      "total": 2.5575754642486572
    }
  },
  "6300": {
    "training_loss": 7831.2880859375,
    "validation_loss": [
      3012.16845703125
    ],
    "validation_chi2s": {
      "DEUTERON": 2.362339759940532,
      "NMC": 3.2029116761450673,
      "NUCLEAR": 2.177064208984375,
      "HERACOMB": 2.280538920483558,
      "DYE886": 2.1779212951660156,
      "CDF": 2.685602460588728,
      "D0": 4.003910827636719,
      "ATLAS": 2.960114912553267,
      "CMS": 3.2315767349735385,
      "LHCb": 3.2190277576446533,
      "total": 2.554492712020874
    }
  },
  "6400": {
    "training_loss": 7835.2744140625,
    "validation_loss": [
      3013.12060546875
    ],
    "validation_chi2s": {
      "DEUTERON": 2.392852783203125,
      "NMC": 3.1911498425053617,
      "NUCLEAR": 2.17305712890625,
      "HERACOMB": 2.276009952320772,
      "DYE886": 2.151441227306019,
      "CDF": 2.7298742021833147,
      "D0": 3.7346534729003906,
      "ATLAS": 2.9565963745117188,
      "CMS": 3.2600380682176158,
      "LHCb": 3.1487581729888916,
      "total": 2.555206537246704
    }
  },
  "6500": {
    "training_loss": 7836.68994140625,
    "validation_loss": [
      3012.028564453125
    ],
    "validation_chi2s": {
      "DEUTERON": 2.348822446604866,
      "NMC": 3.181683708639706,
      "NUCLEAR": 2.17216845703125,
      "HERACOMB": 2.2883123260697507,
      "DYE886": 2.1777544888583096,
      "CDF": 2.691845485142299,
      "D0": 3.8829883575439452,
      "ATLAS": 2.9775570956143467,
      "CMS": 3.243623302828881,
      "LHCb": 3.193920850753784,
      "total": 2.5544471740722656
    }
  },
  "6600": {
    "training_loss": 7818.41162109375,
    "validation_loss": [
      3029.7041015625
    ],
    "validation_chi2s": {
      "DEUTERON": 2.4385035880169466,
      "NMC": 3.2394687428193936,
      "NUCLEAR": 2.171650390625,
      "HERACOMB": 2.290499020246119,
      "DYE886": 2.084299607710405,
      "CDF": 2.7000950404575894,
      "D0": 3.645804595947266,
      "ATLAS": 2.9460941661487925,
      "CMS": 3.3110538605720765,
      "LHCb": 3.1278645992279053,
      "total": 2.569589138031006
    }
  },
  "6700": {
    "training_loss": 7833.2900390625,
    "validation_loss": [
      3020.267822265625
    ],
    "validation_chi2s": {
      "DEUTERON": 2.480815526857898,
      "NMC": 3.377737007889093,
      "NUCLEAR": 2.1857001953125,
      "HERACOMB": 2.2804361979166665,
      "DYE886": 2.062501387162642,
      "CDF": 2.6664513179234097,
      "D0": 3.65167236328125,
      "ATLAS": 2.8435131419788706,
      "CMS": 3.2335261683310232,
      "LHCb": 3.220174551010132,
      "total": 2.5616328716278076
    }
  },
  "6800": {
    "training_loss": 7827.84033203125,
    "validation_loss": [
      3026.384033203125
    ],
    "validation_chi2s": {
      "DEUTERON": 2.4871235558049594,
      "NMC": 3.34349837957644,
      "NUCLEAR": 2.172513427734375,
      "HERACOMB": 2.2798603531581905,
      "DYE886": 2.188414833762429,
      "CDF": 2.7358041490827287,
      "D0": 3.5783531188964846,
      "ATLAS": 2.8656234741210938,
      "CMS": 3.2916372975995465,
      "LHCb": 3.108412742614746,
      "total": 2.566800117492676
    }
  },
  "6900": {
    "training_loss": 7819.70703125,
    "validation_loss": [
      3013.182861328125
    ],
    "validation_chi2s": {
      "DEUTERON": 2.377177527887904,
      "NMC": 3.1618218515433516,
      "NUCLEAR": 2.1732861328125,
      "HERACOMB": 2.2712115119485294,
      "DYE886": 2.1510623585094106,
      "CDF": 2.693035125732422,
      "D0": 4.142140197753906,
      "ATLAS": 2.979977000843395,
      "CMS": 3.238797587733115,
      "LHCb": 3.185458183288574,
      "total": 2.555551528930664
    }
  },
  "7000": {
    "training_loss": 7822.46142578125,
    "validation_loss": [
      3003.711181640625
    ],
    "validation_chi2s": {
      "DEUTERON": 2.4231512724463617,
      "NMC": 3.249715468462776,
      "NUCLEAR": 2.17474853515625,
      "HERACOMB": 2.269502926496119,
      "DYE886": 2.1393002596768467,
      "CDF": 2.7442695072719028,
      "D0": 3.5550270080566406,
      "ATLAS": 2.8771644939075816,
      "CMS": 3.256500244140625,
      "LHCb": 3.145681858062744,
      "total": 2.5475974082946777
    }
  },
  "7100": {
    "training_loss": 7814.755859375,
    "validation_loss": [
      3017.7373046875
    ],
    "validation_chi2s": {
      "DEUTERON": 2.370496759367226,
      "NMC": 3.1056327071844363,
      "NUCLEAR": 2.17367236328125,
      "HERACOMB": 2.2842415205014297,
      "DYE886": 2.211802222511985,
      "CDF": 2.6882095336914062,
      "D0": 4.107962036132813,
      "ATLAS": 2.9954539212313565,
      "CMS": 3.2441241356634323,
      "LHCb": 3.195706367492676,
      "total": 2.5594096183776855
    }
  },
  "7200": {
    "training_loss": 7825.99951171875,
    "validation_loss": [
      2998.888916015625
    ],
    "validation_chi2s": {
      "DEUTERON": 2.400333689219916,
      "NMC": 3.232641481885723,
      "NUCLEAR": 2.17285009765625,
      "HERACOMB": 2.262649436402165,
      "DYE886": 2.1420106020840732,
      "CDF": 2.7619127546037947,
      "D0": 3.6788475036621096,
      "ATLAS": 2.8903461803089487,
      "CMS": 3.2447408860729587,
      "LHCb": 3.1749541759490967,
      "total": 2.5435187816619873
    }
  },
  "7300": {
    "training_loss": 7820.5048828125,
    "validation_loss": [
      3046.64453125
    ],
    "validation_chi2s": {
      "DEUTERON": 2.5564651109685945,
      "NMC": 3.3339906580307903,
      "NUCLEAR": 2.17745361328125,
      "HERACOMB": 2.2887166341145835,
      "DYE886": 2.1188729026100854,
      "CDF": 2.6446990966796875,
      "D0": 3.674971008300781,
      "ATLAS": 2.8890290693803267,
      "CMS": 3.2828246085874495,
      "LHCb": 3.1427011489868164,
      "total": 2.5840351581573486
    }
  },
  "7400": {
    "training_loss": 7817.95263671875,
    "validation_loss": [
      3008.463623046875
    ],
    "validation_chi2s": {
      "DEUTERON": 2.3824207818330225,
      "NMC": 3.1542337455001532,
      "NUCLEAR": 2.17295556640625,
      "HERACOMB": 2.259609247344771,
      "DYE886": 2.2157452323219995,
      "CDF": 2.762559618268694,
      "D0": 4.067536163330078,
      "ATLAS": 2.956553025679155,
      "CMS": 3.2479142219789567,
      "LHCb": 3.1916072368621826,
      "total": 2.551651954650879
    }
  },
  "7500": {
    "training_loss": 7836.56884765625,
    "validation_loss": [
      3020.897705078125
    ],
    "validation_chi2s": {
      "DEUTERON": 2.4559619201356497,
      "NMC": 3.295192045323989,
      "NUCLEAR": 2.176283203125,
      "HERACOMB": 2.2855418086831087,
      "DYE886": 2.1821469393643467,
      "CDF": 2.7473060062953403,
      "D0": 3.601741409301758,
      "ATLAS": 2.8566903201016514,
      "CMS": 3.3125204270885837,
      "LHCb": 3.0906150341033936,
      "total": 2.5622012615203857
    }
  },
  "7600": {
    "training_loss": 7824.7373046875,
    "validation_loss": [
      3022.03662109375
    ],
    "validation_chi2s": {
      "DEUTERON": 2.4533847789859298,
      "NMC": 3.2257157868030024,
      "NUCLEAR": 2.17838818359375,
      "HERACOMB": 2.2967451506969976,
      "DYE886": 2.070808237249201,
      "CDF": 2.5848500388009206,
      "D0": 3.5649715423583985,
      "ATLAS": 2.917771426114169,
      "CMS": 3.2368607059601815,
      "LHCb": 3.2108278274536133,
      "total": 2.5631799697875977
    }
  },
  "7700": {
    "training_loss": 7802.01953125,
    "validation_loss": [
      3008.359375
    ],
    "validation_chi2s": {
      "DEUTERON": 2.3679168853000623,
      "NMC": 3.0851778516582415,
      "NUCLEAR": 2.173801025390625,
      "HERACOMB": 2.2628000296798407,
      "DYE886": 2.2226458462801846,
      "CDF": 2.7352888924734935,
      "D0": 4.1265716552734375,
      "ATLAS": 2.992044275457209,
      "CMS": 3.2437547253024195,
      "LHCb": 3.142698287963867,
      "total": 2.5512001514434814
    }
  },
  "7800": {
    "training_loss": 7821.4716796875,
    "validation_loss": [
      3019.150390625
    ],
    "validation_chi2s": {
      "DEUTERON": 2.410598830797186,
      "NMC": 3.148396510703891,
      "NUCLEAR": 2.17658935546875,
      "HERACOMB": 2.2798422021803515,
      "DYE886": 2.195935856212269,
      "CDF": 2.691113608224051,
      "D0": 3.868192672729492,
      "ATLAS": 2.9467832391912285,
      "CMS": 3.2650931573683217,
      "LHCb": 3.2150890827178955,
      "total": 2.5607259273529053
    }
  },
  "7900": {
    "training_loss": 7805.84765625,
    "validation_loss": [
      3006.775390625
    ],
    "validation_chi2s": {
      "DEUTERON": 2.3308043218963777,
      "NMC": 3.0698038736979165,
      "NUCLEAR": 2.17480517578125,
      "HERACOMB": 2.268960391773897,
      "DYE886": 2.21743462302468,
      "CDF": 2.7457368033272878,
      "D0": 4.109080123901367,
      "ATLAS": 3.0020970431241123,
      "CMS": 3.2628053234469507,
      "LHCb": 3.1664535999298096,
      "total": 2.549985408782959
    }
  },
  "8000": {
    "training_loss": 7818.640625,
    "validation_loss": [
      3013.44873046875
    ],
    "validation_chi2s": {
      "DEUTERON": 2.322422767753032,
      "NMC": 3.0615425857843137,
      "NUCLEAR": 2.174260009765625,
      "HERACOMB": 2.293844185623468,
      "DYE886": 2.165495265613903,
      "CDF": 2.6878136226109097,
      "D0": 3.9638290405273438,
      "ATLAS": 3.0235342545942827,
      "CMS": 3.249636742376512,
      "LHCb": 3.235464572906494,
      "total": 2.555685043334961
    }
  },
  "8100": {
    "training_loss": 7809.57958984375,
    "validation_loss": [
      3020.628173828125
    ],
    "validation_chi2s": {
      "DEUTERON": 2.387422172584344,
      "NMC": 3.160037769990809,
      "NUCLEAR": 2.17153125,
      "HERACOMB": 2.2675545885671977,
      "DYE886": 2.2035234624689277,
      "CDF": 2.6887784685407365,
      "D0": 4.072954177856445,
      "ATLAS": 2.9921146739612925,
      "CMS": 3.2744239068800405,
      "LHCb": 3.1866533756256104,
      "total": 2.5618579387664795
    }
  },
  "8200": {
    "training_loss": 7819.07421875,
    "validation_loss": [
      3003.798828125
    ],
    "validation_chi2s": {
      "DEUTERON": 2.3246244364116917,
      "NMC": 3.067044725605086,
      "NUCLEAR": 2.169641357421875,
      "HERACOMB": 2.2560075747421364,
      "DYE886": 2.1554749228737573,
      "CDF": 2.741528647286551,
      "D0": 4.055584335327149,
      "ATLAS": 3.04860444502397,
      "CMS": 3.23321533203125,
      "LHCb": 3.2091126441955566,
      "total": 2.5477089881896973
    }
  },
  "8300": {
    "training_loss": 7821.81201171875,
    "validation_loss": [
      2988.619873046875
    ],
    "validation_chi2s": {
      "DEUTERON": 2.3731285588658273,
      "NMC": 3.191845463771446,
      "NUCLEAR": 2.1754599609375,
      "HERACOMB": 2.2560037849775325,
      "DYE886": 2.1105998646129263,
      "CDF": 2.7488504137311662,
      "D0": 3.5297119140625,
      "ATLAS": 2.88726823980158,
      "CMS": 3.2539064961095012,
      "LHCb": 3.1865451335906982,
      "total": 2.53483510017395
    }
  },
  "8400": {
    "training_loss": 7805.79833984375,
    "validation_loss": [
      3000.3310546875
    ],
    "validation_chi2s": {
      "DEUTERON": 2.318037194399098,
      "NMC": 3.052616792566636,
      "NUCLEAR": 2.171514892578125,
      "HERACOMB": 2.2602405423432392,
      "DYE886": 2.1699770147150215,
      "CDF": 2.720982687813895,
      "D0": 4.102789306640625,
      "ATLAS": 3.031705682927912,
      "CMS": 3.2330649591261342,
      "LHCb": 3.1802263259887695,
      "total": 2.544684648513794
    }
  },
  "8500": {
    "training_loss": 7807.318359375,
    "validation_loss": [
      3012.42041015625
    ],
    "validation_chi2s": {
      "DEUTERON": 2.367054042531483,
      "NMC": 3.053071564319087,
      "NUCLEAR": 2.17898828125,
      "HERACOMB": 2.258404900045956,
      "DYE886": 2.2169376720081675,
      "CDF": 2.7382891518729076,
      "D0": 4.18408432006836,
      "ATLAS": 3.0114212036132812,
      "CMS": 3.2494450230752268,
      "LHCb": 3.194762706756592,
      "total": 2.554926633834839
    }
  },
  "8600": {
    "training_loss": 7805.2109375,
    "validation_loss": [
      3013.29052734375
    ],
    "validation_chi2s": {
      "DEUTERON": 2.3583533443621736,
      "NMC": 3.0913923674938726,
      "NUCLEAR": 2.172945068359375,
      "HERACOMB": 2.2552741555606617,
      "DYE886": 2.263953122225675,
      "CDF": 2.773007256644113,
      "D0": 4.1817676544189455,
      "ATLAS": 3.0119143399325283,
      "CMS": 3.265068792527722,
      "LHCb": 3.194363594055176,
      "total": 2.555777072906494
    }
  },
  "8700": {
    "training_loss": 7800.0888671875,
    "validation_loss": [
      3021.1533203125
    ],
    "validation_chi2s": {
      "DEUTERON": 2.458463298740672,
      "NMC": 3.2305255964690565,
      "NUCLEAR": 2.173403076171875,
      "HERACOMB": 2.246966193704044,
      "DYE886": 2.2644563154740767,
      "CDF": 2.761536189488002,
      "D0": 3.8749465942382812,
      "ATLAS": 2.921336434104226,
      "CMS": 3.2992984402564263,
      "LHCb": 3.1289148330688477,
      "total": 2.5624446868896484
    }
  },
  "8800": {
    "training_loss": 7797.640625,
    "validation_loss": [
      3000.740478515625
    ],
    "validation_chi2s": {
      "DEUTERON": 2.4081672934157337,
      "NMC": 3.2099447811351105,
      "NUCLEAR": 2.1863701171875,
      "HERACOMB": 2.275210311989379,
      "DYE886": 2.191626462069425,
      "CDF": 2.732376916067941,
      "D0": 3.4215473175048827,
      "ATLAS": 2.840791702270508,
      "CMS": 3.2744347356980845,
      "LHCb": 3.1869876384735107,
      "total": 2.54461932182312
    }
  },
  "8900": {
    "training_loss": 7807.2529296875,
    "validation_loss": [
      3003.177734375
    ],
    "validation_chi2s": {
      "DEUTERON": 2.353668364719372,
      "NMC": 3.093956143248315,
      "NUCLEAR": 2.17551708984375,
      "HERACOMB": 2.2544296364379086,
      "DYE886": 2.2035931673916904,
      "CDF": 2.7932750156947543,
      "D0": 3.979892349243164,
      "ATLAS": 2.973622061989524,
      "CMS": 3.28710691390499,
      "LHCb": 3.1162421703338623,
      "total": 2.547178268432617
    }
  },
  "9000": {
    "training_loss": 7825.7451171875,
    "validation_loss": [
      2990.642333984375
    ],
    "validation_chi2s": {
      "DEUTERON": 2.366761924022466,
      "NMC": 3.1002960205078125,
      "NUCLEAR": 2.17717822265625,
      "HERACOMB": 2.2525832232306984,
      "DYE886": 2.1253972487016157,
      "CDF": 2.780320303780692,
      "D0": 3.882305145263672,
      "ATLAS": 2.9323047291148794,
      "CMS": 3.234249976373488,
      "LHCb": 3.156846046447754,
      "total": 2.5365688800811768
    }
  },
  "9100": {
    "training_loss": 7807.98974609375,
    "validation_loss": [
      3002.87646484375
    ],
    "validation_chi2s": {
      "DEUTERON": 2.3116942448402518,
      "NMC": 3.0175924862132355,
      "NUCLEAR": 2.173552001953125,
      "HERACOMB": 2.2638015248417074,
      "DYE886": 2.187082117254084,
      "CDF": 2.829117093767439,
      "D0": 4.212422561645508,
      "ATLAS": 3.036387703635476,
      "CMS": 3.2434613627772175,
      "LHCb": 3.1741833686828613,
      "total": 2.546963930130005
    }
  },
  "9200": {
    "training_loss": 7808.46533203125,
    "validation_loss": [
      2992.57421875
    ],
    "validation_chi2s": {
      "DEUTERON": 2.412340154695274,
      "NMC": 3.205143049651501,
      "NUCLEAR": 2.172317138671875,
      "HERACOMB": 2.237463458690768,
      "DYE886": 2.144222953102805,
      "CDF": 2.8189735412597656,
      "D0": 3.6740238189697267,
      "ATLAS": 2.8820745294744317,
      "CMS": 3.2568438130040325,
      "LHCb": 3.1794779300689697,
      "total": 2.5382261276245117
    }
  },
  "9300": {
    "training_loss": 7795.77587890625,
    "validation_loss": [
      3021.66650390625
    ],
    "validation_chi2s": {
      "DEUTERON": 2.3799968358889148,
      "NMC": 3.042021209118413,
      "NUCLEAR": 2.183505615234375,
      "HERACOMB": 2.260226580052594,
      "DYE886": 2.2910315773703833,
      "CDF": 2.793360028948103,
      "D0": 4.43561019897461,
      "ATLAS": 3.006226279518821,
      "CMS": 3.2733397945280998,
      "LHCb": 3.14800763130188,
      "total": 2.5623977184295654
    }
  },
  "9400": {
    "training_loss": 7862.5830078125,
    "validation_loss": [
      2986.9677734375
    ],
    "validation_chi2s": {
      "DEUTERON": 2.351229539558069,
      "NMC": 3.1304034064797794,
      "NUCLEAR": 2.1793056640625,
      "HERACOMB": 2.253407995685253,
      "DYE886": 2.1348325555974785,
      "CDF": 2.7821418217250278,
      "D0": 3.741701126098633,
      "ATLAS": 2.902083310213956,
      "CMS": 3.265868156186996,
      "LHCb": 3.1470046043395996,
      "total": 2.5334296226501465
    }
  },
  "9500": {
    "training_loss": 7846.439453125,
    "validation_loss": [
      2997.0419921875
    ],
    "validation_chi2s": {
      "DEUTERON": 2.3739467639828202,
      "NMC": 3.097176944508272,
      "NUCLEAR": 2.172183837890625,
      "HERACOMB": 2.2431586770450367,
      "DYE886": 2.1960792541503906,
      "CDF": 2.8532006399972096,
      "D0": 3.991677093505859,
      "ATLAS": 2.943410700017756,
      "CMS": 3.2632288778981855,
      "LHCb": 3.174466133117676,
      "total": 2.5420172214508057
    }
  },
  "9600": {
    "training_loss": 7830.7060546875,
    "validation_loss": [
      3014.264892578125
    ],
    "validation_chi2s": {
      "DEUTERON": 2.4563049012748754,
      "NMC": 3.2185345818014706,
      "NUCLEAR": 2.17455810546875,
      "HERACOMB": 2.245071710324755,
      "DYE886": 2.1581594293767754,
      "CDF": 2.8315456935337613,
      "D0": 3.768955612182617,
      "ATLAS": 2.9059859189120205,
      "CMS": 3.2728404383505545,
      "LHCb": 3.2339212894439697,
      "total": 2.5566203594207764
    }
  },
  "9700": {
    "training_loss": 7811.64404296875,
    "validation_loss": [
      3011.703125
    ],
    "validation_chi2s": {
      "DEUTERON": 2.3395696991118626,
      "NMC": 3.0012485279756436,
      "NUCLEAR": 2.175669677734375,
      "HERACOMB": 2.2473154504314747,
      "DYE886": 2.242847442626953,
      "CDF": 2.835435049874442,
      "D0": 4.342338562011719,
      "ATLAS": 3.061825492165305,
      "CMS": 3.2491236040669103,
      "LHCb": 3.1999411582946777,
      "total": 2.5544512271881104
    }
  },
  "9800": {
    "training_loss": 7803.501953125,
    "validation_loss": [
      3012.541015625
    ],
    "validation_chi2s": {
      "DEUTERON": 2.478557074247901,
      "NMC": 3.209738637886795,
      "NUCLEAR": 2.17675927734375,
      "HERACOMB": 2.25555419921875,
      "DYE886": 2.148694298484109,
      "CDF": 2.825017656598772,
      "D0": 3.5194927215576173,
      "ATLAS": 2.864113200794567,
      "CMS": 3.3081852082283265,
      "LHCb": 3.116316795349121,
      "total": 2.555164098739624
    }
  },
  "9900": {
    "training_loss": 7820.8515625,
    "validation_loss": [
      2978.38134765625
    ],
    "validation_chi2s": {
      "DEUTERON": 2.3625942249203202,
      "NMC": 3.1283832624846815,
      "NUCLEAR": 2.18735986328125,
      "HERACOMB": 2.239709392871732,
      "DYE886": 2.1154171336780894,
      "CDF": 2.7889273507254466,
      "D0": 3.6607975006103515,
      "ATLAS": 2.8689082752574575,
      "CMS": 3.254396500126008,
      "LHCb": 3.129270553588867,
      "total": 2.5257840156555176
    }
  },
  "10000": {
    "training_loss": 7840.88232421875,
    "validation_loss": [
      3006.66259765625
    ],
    "validation_chi2s": {
      "DEUTERON": 2.382368249086598,
      "NMC": 3.0740488089767157,
      "NUCLEAR": 2.18527978515625,
      "HERACOMB": 2.236290227353962,
      "DYE886": 2.177617159756747,
      "CDF": 2.828434535435268,
      "D0": 4.227923202514648,
      "ATLAS": 2.9653344587846235,
      "CMS": 3.2621317217426915,
      "LHCb": 3.250504732131958,
      "total": 2.550180196762085
    }
  },
  "10100": {
    "training_loss": 7804.6201171875,
    "validation_loss": [
      3005.72607421875
    ],
    "validation_chi2s": {
      "DEUTERON": 2.446122506364661,
      "NMC": 3.1983065137676165,
      "NUCLEAR": 2.18659326171875,
      "HERACOMB": 2.2578057183159723,
      "DYE886": 2.1848092512650923,
      "CDF": 2.869398934500558,
      "D0": 3.383220672607422,
      "ATLAS": 2.8449323827570137,
      "CMS": 3.3008966753559728,
      "LHCb": 3.168734550476074,
      "total": 2.5493838787078857
    }
  },
  "10200": {
    "training_loss": 7816.49267578125,
    "validation_loss": [
      3008.63134765625
    ],
    "validation_chi2s": {
      "DEUTERON": 2.3288847510494404,
      "NMC": 3.001815197514553,
      "NUCLEAR": 2.18436279296875,
      "HERACOMB": 2.2541677437576593,
      "DYE886": 2.174660075794567,
      "CDF": 2.8235574449811662,
      "D0": 4.474018859863281,
      "ATLAS": 3.0152137062766333,
      "CMS": 3.2785487021169355,
      "LHCb": 3.172727584838867,
      "total": 2.551448106765747
    }
  },
  "10300": {
    "training_loss": 7912.7021484375,
    "validation_loss": [
      2984.107421875
    ],
    "validation_chi2s": {
      "DEUTERON": 2.368105760261194,
      "NMC": 3.099412805893842,
      "NUCLEAR": 2.180182861328125,
      "HERACOMB": 2.2282888375076593,
      "DYE886": 2.130518306385387,
      "CDF": 2.8450925009591237,
      "D0": 3.8074275970458986,
      "ATLAS": 2.901295401833274,
      "CMS": 3.273644724199849,
      "LHCb": 3.174070358276367,
      "total": 2.5309183597564697
    }
  },
  "10400": {
    "training_loss": 7942.37548828125,
    "validation_loss": [
      2991.6630859375
    ],
    "validation_chi2s": {
      "DEUTERON": 2.382915439890392,
      "NMC": 3.1029411764705883,
      "NUCLEAR": 2.175127685546875,
      "HERACOMB": 2.2459874371298,
      "DYE886": 2.0560909618030894,
      "CDF": 2.864578519548689,
      "D0": 3.6105037689208985,
      "ATLAS": 2.918521187522195,
      "CMS": 3.2797445481823337,
      "LHCb": 3.176680326461792,
      "total": 2.5374579429626465
    }
  },
  "10500": {
    "training_loss": 7826.10693359375,
    "validation_loss": [
      3016.135009765625
    ],
    "validation_chi2s": {
      "DEUTERON": 2.5333617860405004,
      "NMC": 3.2693119423062194,
      "NUCLEAR": 2.17686865234375,
      "HERACOMB": 2.235836053985396,
      "DYE886": 2.0762981068004263,
      "CDF": 2.8628768920898438,
      "D0": 3.5094940185546877,
      "ATLAS": 2.8508678783069956,
      "CMS": 3.2917081771358365,
      "LHCb": 3.158473014831543,
      "total": 2.5582127571105957
    }
  },
  "10600": {
    "training_loss": 7846.87060546875,
    "validation_loss": [
      2998.290283203125
    ],
    "validation_chi2s": {
      "DEUTERON": 2.3377486651216572,
      "NMC": 3.0941631840724573,
      "NUCLEAR": 2.174990234375,
      "HERACOMB": 2.264179703456904,
      "DYE886": 2.0171387412331323,
      "CDF": 2.8391936165945872,
      "D0": 3.9030696868896486,
      "ATLAS": 2.958730524236506,
      "CMS": 3.292235835905998,
      "LHCb": 3.1625266075134277,
      "total": 2.5426065921783447
    }
  },
  "10700": {
    "training_loss": 7818.59912109375,
    "validation_loss": [
      3017.98095703125
    ],
    "validation_chi2s": {
      "DEUTERON": 2.2896025548526895,
      "NMC": 2.99994764141008,
      "NUCLEAR": 2.17672607421875,
      "HERACOMB": 2.284835516237745,
      "DYE886": 1.9880294799804688,
      "CDF": 2.900097983224051,
      "D0": 4.158197021484375,
      "ATLAS": 3.099448464133523,
      "CMS": 3.2679411365139868,
      "LHCb": 3.273954153060913,
      "total": 2.559509754180908
    }
  },
  "10800": {
    "training_loss": 7824.02734375,
    "validation_loss": [
      3062.18505859375
    ],
    "validation_chi2s": {
      "DEUTERON": 2.4138022655278295,
      "NMC": 3.036973841050092,
      "NUCLEAR": 2.16720947265625,
      "HERACOMB": 2.267545213886336,
      "DYE886": 2.192554300481623,
      "CDF": 3.0024354117257253,
      "D0": 4.428580093383789,
      "ATLAS": 3.1605044278231533,
      "CMS": 3.359589115265877,
      "LHCb": 3.1181893348693848,
      "total": 2.5970230102539062
    }
  },
  "10900": {
    "training_loss": 7834.9970703125,
    "validation_loss": [
      3025.45849609375
    ],
    "validation_chi2s": {
      "DEUTERON": 2.3680670439307367,
      "NMC": 3.069435867608762,
      "NUCLEAR": 2.173018310546875,
      "HERACOMB": 2.273380055147059,
      "DYE886": 2.0512840964577417,
      "CDF": 3.0066353934151784,
      "D0": 4.0977935791015625,
      "ATLAS": 3.04337553544478,
      "CMS": 3.3128413538778982,
      "LHCb": 3.127265691757202,
      "total": 2.5658042430877686
    }
  },
  "11000": {
    "training_loss": 7870.40869140625,
    "validation_loss": [
      3034.3916015625
    ],
    "validation_chi2s": {
      "DEUTERON": 2.519147123270367,
      "NMC": 3.3138104607077206,
      "NUCLEAR": 2.181564453125,
      "HERACOMB": 2.258383358226103,
      "DYE886": 2.0064575888893823,
      "CDF": 3.0198737553187778,
      "D0": 3.8405418395996094,
      "ATLAS": 2.8670019669966265,
      "CMS": 3.3295420985068045,
      "LHCb": 3.1697418689727783,
      "total": 2.5736923217773438
    }
  },
  "11100": {
    "training_loss": 7818.28759765625,
    "validation_loss": [
      3042.189697265625
    ],
    "validation_chi2s": {
      "DEUTERON": 2.561544389867071,
      "NMC": 3.360312069163603,
      "NUCLEAR": 2.186279296875,
      "HERACOMB": 2.280099706712112,
      "DYE886": 2.043878035111861,
      "CDF": 3.0280053274972096,
      "D0": 3.589985656738281,
      "ATLAS": 2.8174122897061435,
      "CMS": 3.326080814484627,
      "LHCb": 3.165698766708374,
      "total": 2.580312728881836
    }
  },
  "11200": {
    "training_loss": 78601.125,
    "validation_loss": [
      3870.505859375
    ],
    "validation_chi2s": {
      "DEUTERON": 3.8157743387554417,
      "NMC": 3.3537154852175246,
      "NUCLEAR": 2.3567880859375,
      "HERACOMB": 2.3492998110702614,
      "DYE886": 6.573022322221235,
      "CDF": 3.149904523577009,
      "D0": 7.967517852783203,
      "ATLAS": 3.6844232732599433,
      "CMS": 4.205097813760081,
      "LHCb": 5.431121826171875,
      "total": 3.2536983489990234
    }
  },
  "11300": {
    "training_loss": 7834.25,
    "validation_loss": [
      3079.406494140625
    ],
    "validation_chi2s": {
      "DEUTERON": 2.415407854526197,
      "NMC": 3.0555766984528185,
      "NUCLEAR": 2.1625791015625,
      "HERACOMB": 2.3337693557240606,
      "DYE886": 2.1569172252308237,
      "CDF": 3.015744890485491,
      "D0": 4.232023239135742,
      "ATLAS": 3.170378251509233,
      "CMS": 3.3360994400516635,
      "LHCb": 3.1425695419311523,
      "total": 2.6117196083068848
    }
  }
}