{
  "100": {
    "training_loss": 258.0,
    "validation_loss": [
      127.07211303710938
    ],
    "validation_chi2s": {
      "DEUTERON": 2.605937957763672,
      "ATLAS": 2.0758722478693183,
      "total": 2.491610050201416
    }
  },
  "200": {
    "training_loss": 262.3351135253906,
    "validation_loss": [
      102.20917510986328
    ],
    "validation_chi2s": {
      "DEUTERON": 2.2466684341430665,
      "ATLAS": 1.12203988161954,
      "total": 2.004101514816284
    }
  },
  "300": {
    "training_loss": 261.76756286621094,
    "validation_loss": [
      102.46990203857422
    ],
    "validation_chi2s": {
      "DEUTERON": 2.2298208236694337,
      "ATLAS": 1.2070064544677734,
      "total": 2.00921368598938
    }
  },
  "400": {
    "training_loss": 248.25596618652344,
    "validation_loss": [
      114.58575439453125
    ],
    "validation_chi2s": {
      "DEUTERON": 2.4165180206298826,
      "ATLAS": 1.629548506303267,
      "total": 2.246779441833496
    }
  },
  "500": {
    "training_loss": 235.96372985839844,
    "validation_loss": [
      117.5768814086914
    ],
    "validation_chi2s": {
      "DEUTERON": 2.4945501327514648,
      "ATLAS": 1.6177163557572798,
      "total": 2.305429220199585
    }
  }
}