{
  "100": {
    "training_loss": 261.692626953125,
    "validation_loss": [
      164.48806762695312
    ],
    "validation_chi2s": {
      "DEUTERON": 3.3962451934814455,
      "ATLAS": 2.603479038585316,
      "total": 3.2252564430236816
    }
  },
  "200": {
    "training_loss": 259.130126953125,
    "validation_loss": [
      146.8740234375
    ],
    "validation_chi2s": {
      "DEUTERON": 3.0644193649291993,
      "ATLAS": 2.2088406302712182,
      "total": 2.8798828125
    }
  },
  "300": {
    "training_loss": 244.34796142578125,
    "validation_loss": [
      151.20245361328125
    ],
    "validation_chi2s": {
      "DEUTERON": 2.6511562347412108,
      "ATLAS": 4.105109821666371,
      "total": 2.964754104614258
    }
  },
  "400": {
    "training_loss": 244.98812866210938,
    "validation_loss": [
      139.89581298828125
    ],
    "validation_chi2s": {
      "DEUTERON": 2.4255176544189454,
      "ATLAS": 3.8977366360751065,
      "total": 2.7430551052093506
    }
  },
  "500": {
    "training_loss": 239.4690704345703,
    "validation_loss": [
      126.95828247070312
    ],
    "validation_chi2s": {
      "DEUTERON": 2.5708549499511717,
      "ATLAS": 2.193099108609286,
      "total": 2.4893782138824463
    }
  },
  "600": {
    "training_loss": 237.79904174804688,
    "validation_loss": [
      125.57548522949219
    ],
    "validation_chi2s": {
      "DEUTERON": 2.471246528625488,
      "ATLAS": 2.429602189497514,
      "total": 2.4622642993927
    }
  }
}