{
  "100": {
    "training_loss": 12031.33203125,
    "validation_loss": [
      4918.451171875
    ],
    "validation_chi2s": {
      "DEUTERON": 5.121805523165423,
      "NMC": 2.428191390692019,
      "NUCLEAR": 2.977092041015625,
      "HERACOMB": 3.8542779660692403,
      "DYE886": 6.565745267001065,
      "CDF": 2.6949405670166016,
      "D0": 3.7719520568847655,
      "ATLAS": 5.526661673508121,
      "CMS": 3.316037787765753,
      "LHCb": 5.086002826690674,
      "total": 4.094703674316406
    }
  },
  "200": {
    "training_loss": 8545.3662109375,
    "validation_loss": [
      3153.41162109375
    ],
    "validation_chi2s": {
      "DEUTERON": 2.7978260552705225,
      "NMC": 2.5759088852826286,
      "NUCLEAR": 2.08546630859375,
      "HERACOMB": 2.684061087814032,
      "DYE886": 1.9466909928755327,
      "CDF": 1.3543009076799666,
      "D0": 3.2568897247314452,
      "ATLAS": 3.4352468716896185,
      "CMS": 2.3814804827580685,
      "LHCb": 3.073338031768799,
      "total": 2.6470508575439453
    }
  },
  "300": {
    "training_loss": 8164.5068359375,
    "validation_loss": [
      3067.5380859375
    ],
    "validation_chi2s": {
      "DEUTERON": 3.140286421894434,
      "NMC": 2.4825310800589766,
      "NUCLEAR": 2.057535400390625,
      "HERACOMB": 2.545974631714665,
      "DYE886": 2.0239667025479404,
      "CDF": 1.4603900909423828,
      "D0": 2.2075843811035156,
      "ATLAS": 3.199331165033545,
      "CMS": 2.2156257004034323,
      "LHCb": 2.8884918689727783,
      "total": 2.5951650142669678
    }
  },
  "400": {
    "training_loss": 8088.79931640625,
    "validation_loss": [
      2852.60107421875
    ],
    "validation_chi2s": {
      "DEUTERON": 2.169739073188744,
      "NMC": 2.4583853927313113,
      "NUCLEAR": 2.019961181640625,
      "HERACOMB": 2.542276619306577,
      "DYE886": 1.9866310466419568,
      "CDF": 1.628495761326381,
      "D0": 1.9422454833984375,
      "ATLAS": 3.17610297768803,
      "CMS": 2.2549898741675203,
      "LHCb": 2.7544994354248047,
      "total": 2.4145781993865967
    }
  },
  "500": {
    "training_loss": 8091.24560546875,
    "validation_loss": [
      2847.723876953125
    ],
    "validation_chi2s": {
      "DEUTERON": 2.435817433826959,
      "NMC": 2.4985200470569087,
      "NUCLEAR": 2.011274658203125,
      "HERACOMB": 2.485571368847018,
      "DYE886": 2.4898320978338067,
      "CDF": 1.7774780818394251,
      "D0": 1.1733776092529298,
      "ATLAS": 3.0093859656382413,
      "CMS": 2.121767888303663,
      "LHCb": 2.8319311141967773,
      "total": 2.4121549129486084
    }
  },
  "600": {
    "training_loss": 8061.7138671875,
    "validation_loss": [
      2838.801513671875
    ],
    "validation_chi2s": {
      "DEUTERON": 2.42700635615866,
      "NMC": 2.4991718367034315,
      "NUCLEAR": 2.0003104248046877,
      "HERACOMB": 2.4829179352405024,
      "DYE886": 2.4876459295099433,
      "CDF": 1.8592774527413505,
      "D0": 1.0949913024902345,
      "ATLAS": 2.9926723329360874,
      "CMS": 2.1072815441694415,
      "LHCb": 2.8787803649902344,
      "total": 2.4047048091888428
    }
  },
  "700": {
    "training_loss": 8045.12353515625,
    "validation_loss": [
      2821.406005859375
    ],
    "validation_chi2s": {
      "DEUTERON": 2.36477099366449,
      "NMC": 2.4984261007869946,
      "NUCLEAR": 1.99444580078125,
      "HERACOMB": 2.485269583907782,
      "DYE886": 2.5182311318137427,
      "CDF": 1.9092153821672713,
      "D0": 1.026788330078125,
      "ATLAS": 2.967376191737288,
      "CMS": 2.100745779569032,
      "LHCb": 2.9114177227020264,
      "total": 2.3901169300079346
    }
  },
  "800": {
    "training_loss": 8054.8115234375,
    "validation_loss": [
      2800.328125
    ],
    "validation_chi2s": {
      "DEUTERON": 2.2621819795067633,
      "NMC": 2.4814471076516544,
      "NUCLEAR": 1.9864105224609374,
      "HERACOMB": 2.5168351316763684,
      "DYE886": 2.467894814231179,
      "CDF": 1.8731213978358678,
      "D0": 0.976983642578125,
      "ATLAS": 2.91581596762447,
      "CMS": 2.159184940525743,
      "LHCb": 2.81923770904541,
      "total": 2.3725955486297607
    }
  },
  "900": {
    "training_loss": 8033.826171875,
    "validation_loss": [
      2794.22314453125
    ],
    "validation_chi2s": {
      "DEUTERON": 2.2492376678618626,
      "NMC": 2.4842070037243413,
      "NUCLEAR": 1.9795322265625,
      "HERACOMB": 2.524801017412173,
      "DYE886": 2.4247303009033203,
      "CDF": 1.8585459845406669,
      "D0": 0.9342559814453125,
      "ATLAS": 2.891059142721575,
      "CMS": 2.1771115162333503,
      "LHCb": 2.812917709350586,
      "total": 2.367825508117676
    }
  },
  "1000": {
    "training_loss": 8017.53173828125,
    "validation_loss": [
      2788.7529296875
    ],
    "validation_chi2s": {
      "DEUTERON": 2.2488215052666356,
      "NMC": 2.4929876888499543,
      "NUCLEAR": 1.9744388427734374,
      "HERACOMB": 2.5247882518892975,
      "DYE886": 2.4127736525102095,
      "CDF": 1.8543157577514648,
      "D0": 0.901675033569336,
      "ATLAS": 2.8707397805768893,
      "CMS": 2.1744492327580685,
      "LHCb": 2.82431697845459,
      "total": 2.3635060787200928
    }
  },
  "1100": {
    "training_loss": 8029.85546875,
    "validation_loss": [
      2775.6748046875
    ],
    "validation_chi2s": {
      "DEUTERON": 2.2071496764225746,
      "NMC": 2.4835541669060204,
      "NUCLEAR": 1.9749801025390625,
      "HERACOMB": 2.493670295266544,
      "DYE886": 2.3636016845703125,
      "CDF": 1.9575445992606026,
      "D0": 1.0708439826965332,
      "ATLAS": 2.9312516551906778,
      "CMS": 2.094320578653304,
      "LHCb": 2.893874406814575,
      "total": 2.3518333435058594
    }
  },
  "1200": {
    "training_loss": 8019.4658203125,
    "validation_loss": [
      2768.8046875
    ],
    "validation_chi2s": {
      "DEUTERON": 2.183661769278607,
      "NMC": 2.4850579056085325,
      "NUCLEAR": 1.972815673828125,
      "HERACOMB": 2.4934333352481617,
      "DYE886": 2.361451582475142,
      "CDF": 1.9528495243617467,
      "D0": 1.0573919296264649,
      "ATLAS": 2.9223881091101696,
      "CMS": 2.0913893902888065,
      "LHCb": 2.9100263118743896,
      "total": 2.3459908962249756
    }
  },
  "1300": {
    "training_loss": 8011.18798828125,
    "validation_loss": [
      2763.20947265625
    ],
    "validation_chi2s": {
      "DEUTERON": 2.167390586131841,
      "NMC": 2.486505246629902,
      "NUCLEAR": 1.96993603515625,
      "HERACOMB": 2.4932659872217116,
      "DYE886": 2.3531709150834517,
      "CDF": 1.9516560690743583,
      "D0": 1.0381314277648925,
      "ATLAS": 2.9146152647201626,
      "CMS": 2.090193576500064,
      "LHCb": 2.92024827003479,
      "total": 2.3412835597991943
    }
  },
  "1400": {
    "training_loss": 8009.81201171875,
    "validation_loss": [
      2758.263427734375
    ],
    "validation_chi2s": {
      "DEUTERON": 2.1538395668143657,
      "NMC": 2.4860181621476714,
      "NUCLEAR": 1.9690704345703125,
      "HERACOMB": 2.496941859426062,
      "DYE886": 2.38886850530451,
      "CDF": 1.9418604714529855,
      "D0": 0.9890603065490723,
      "ATLAS": 2.895157118975106,
      "CMS": 2.0932243222095925,
      "LHCb": 2.913116216659546,
      "total": 2.3371095657348633
    }
  },
  "1500": {
    "training_loss": 8006.037109375,
    "validation_loss": [
      2749.865234375
    ],
    "validation_chi2s": {
      "DEUTERON": 2.1213826801053326,
      "NMC": 2.4856109619140625,
      "NUCLEAR": 1.9646947021484376,
      "HERACOMB": 2.49478129467933,
      "DYE886": 2.340742978182706,
      "CDF": 1.9450016021728516,
      "D0": 1.016457462310791,
      "ATLAS": 2.8992923370188914,
      "CMS": 2.092574948170146,
      "LHCb": 2.9154393672943115,
      "total": 2.330033540725708
    }
  },
  "1600": {
    "training_loss": 8000.86328125,
    "validation_loss": [
      2746.533935546875
    ],
    "validation_chi2s": {
      "DEUTERON": 2.11152246579602,
      "NMC": 2.4867034612917434,
      "NUCLEAR": 1.9640606689453124,
      "HERACOMB": 2.4951919854856004,
      "DYE886": 2.3494175997647373,
      "CDF": 1.9426992961338587,
      "D0": 0.9888740539550781,
      "ATLAS": 2.8898022323004944,
      "CMS": 2.0925321735319544,
      "LHCb": 2.9297072887420654,
      "total": 2.327242136001587
    }
  },
  "1700": {
    "training_loss": 7997.8291015625,
    "validation_loss": [
      2742.084716796875
    ],
    "validation_chi2s": {
      "DEUTERON": 2.0942707726018344,
      "NMC": 2.4875189089307597,
      "NUCLEAR": 1.9623907470703126,
      "HERACOMB": 2.4953663146573732,
      "DYE886": 2.3383126692338423,
      "CDF": 1.9438653673444475,
      "D0": 0.9861316680908203,
      "ATLAS": 2.8855516681563382,
      "CMS": 2.092477016761655,
      "LHCb": 2.94094181060791,
      "total": 2.3234617710113525
    }
  },
  "1800": {
    "training_loss": 8009.8701171875,
    "validation_loss": [
      2746.673095703125
    ],
    "validation_chi2s": {
      "DEUTERON": 2.0889892578125,
      "NMC": 2.4813003540039062,
      "NUCLEAR": 1.9609447021484374,
      "HERACOMB": 2.524513992608762,
      "DYE886": 2.3608557961203833,
      "CDF": 1.8722775323050362,
      "D0": 0.8850933074951172,
      "ATLAS": 2.8416385973914196,
      "CMS": 2.1547371285860657,
      "LHCb": 2.902026414871216,
      "total": 2.327486515045166
    }
  },
  "1900": {
    "training_loss": 8006.54931640625,
    "validation_loss": [
      2742.96240234375
    ],
    "validation_chi2s": {
      "DEUTERON": 2.0798054405705844,
      "NMC": 2.4840307796702668,
      "NUCLEAR": 1.9604412841796874,
      "HERACOMB": 2.521610235077104,
      "DYE886": 2.3444283225319604,
      "CDF": 1.886784281049456,
      "D0": 0.8790520668029785,
      "ATLAS": 2.8406965180305437,
      "CMS": 2.1454923035668547,
      "LHCb": 2.9214839935302734,
      "total": 2.324334144592285
    }
  },
  "2000": {
    "training_loss": 7998.54296875,
    "validation_loss": [
      2740.356201171875
    ],
    "validation_chi2s": {
      "DEUTERON": 2.072328330272466,
      "NMC": 2.4872885311351105,
      "NUCLEAR": 1.95892529296875,
      "HERACOMB": 2.520541920381434,
      "DYE886": 2.336019689386541,
      "CDF": 1.8805510657174247,
      "D0": 0.8730344772338867,
      "ATLAS": 2.835689221398305,
      "CMS": 2.1444617099449284,
      "LHCb": 2.945221185684204,
      "total": 2.32214093208313
    }
  },
  "2100": {
    "training_loss": 7987.43701171875,
    "validation_loss": [
      2795.95947265625
    ],
    "validation_chi2s": {
      "DEUTERON": 2.137581592768579,
      "NMC": 2.4628850899490655,
      "NUCLEAR": 1.9726845703125,
      "HERACOMB": 2.5616217719184027,
      "DYE886": 2.0409727963534268,
      "CDF": 1.928414753505162,
      "D0": 1.0745883941650392,
      "ATLAS": 2.9677758513197388,
      "CMS": 2.1878544541655995,
      "LHCb": 2.999715805053711,
      "total": 2.3681154251098633
    }
  },
  "2200": {
    "training_loss": 7987.94970703125,
    "validation_loss": [
      2783.749267578125
    ],
    "validation_chi2s": {
      "DEUTERON": 2.092780117964863,
      "NMC": 2.461393917308134,
      "NUCLEAR": 1.971754150390625,
      "HERACOMB": 2.5547194138071894,
      "DYE886": 2.044767899946733,
      "CDF": 1.9373369216918945,
      "D0": 1.0709898948669434,
      "ATLAS": 2.9665148029219632,
      "CMS": 2.1739697065509733,
      "LHCb": 3.0305869579315186,
      "total": 2.3577206134796143
    }
  },
  "2300": {
    "training_loss": 7985.33154296875,
    "validation_loss": [
      2797.774169921875
    ],
    "validation_chi2s": {
      "DEUTERON": 2.166776135193175,
      "NMC": 2.4607979269588696,
      "NUCLEAR": 1.9707237548828125,
      "HERACOMB": 2.554357989940768,
      "DYE886": 2.0365732366388496,
      "CDF": 1.9461375645228796,
      "D0": 1.0601960182189942,
      "ATLAS": 2.9655227230093573,
      "CMS": 2.172826297947618,
      "LHCb": 3.0350804328918457,
      "total": 2.3696701526641846
    }
  },
  "2400": {
    "training_loss": 7982.0234375,
    "validation_loss": [
      2905.86865234375
    ],
    "validation_chi2s": {
      "DEUTERON": 2.7189267286613807,
      "NMC": 2.4593477436140474,
      "NUCLEAR": 1.9725701904296875,
      "HERACOMB": 2.53150949914471,
      "DYE886": 2.0043588118119673,
      "CDF": 2.023442949567522,
      "D0": 1.212066650390625,
      "ATLAS": 2.9937861383298023,
      "CMS": 2.128901497262423,
      "LHCb": 3.1075005531311035,
      "total": 2.4610886573791504
    }
  },
  "2500": {
    "training_loss": 7979.03466796875,
    "validation_loss": [
      2820.212890625
    ],
    "validation_chi2s": {
      "DEUTERON": 2.263551171146222,
      "NMC": 2.457321765376072,
      "NUCLEAR": 1.9695306396484376,
      "HERACOMB": 2.5563853145424837,
      "DYE886": 2.028403542258523,
      "CDF": 1.9451460157121931,
      "D0": 1.0347679138183594,
      "ATLAS": 2.9703262242893715,
      "CMS": 2.1888915515336835,
      "LHCb": 3.052794933319092,
      "total": 2.3887979984283447
    }
  },
  "2600": {
    "training_loss": 7978.7646484375,
    "validation_loss": [
      2830.011962890625
    ],
    "validation_chi2s": {
      "DEUTERON": 2.330351416744403,
      "NMC": 2.4625422159830728,
      "NUCLEAR": 1.9687518310546874,
      "HERACOMB": 2.553121529373468,
      "DYE886": 2.0242491635409268,
      "CDF": 1.9389373234340124,
      "D0": 0.9925407409667969,
      "ATLAS": 2.9606661176950917,
      "CMS": 2.183259807649206,
      "LHCb": 3.068789482116699,
      "total": 2.3973357677459717
    }
  },
  "2700": {
    "training_loss": 7980.8212890625,
    "validation_loss": [
      2813.860107421875
    ],
    "validation_chi2s": {
      "DEUTERON": 2.274017485813122,
      "NMC": 2.4615711885340072,
      "NUCLEAR": 1.96687451171875,
      "HERACOMB": 2.540065989774816,
      "DYE886": 2.0117496143687856,
      "CDF": 1.9816931315830775,
      "D0": 1.0471403121948242,
      "ATLAS": 2.9719158970030013,
      "CMS": 2.1542811159227715,
      "LHCb": 3.088634490966797,
      "total": 2.3836042881011963
    }
  },
  "2800": {
    "training_loss": 7977.21142578125,
    "validation_loss": [
      2947.991455078125
    ],
    "validation_chi2s": {
      "DEUTERON": 2.968050373134328,
      "NMC": 2.460218392166437,
      "NUCLEAR": 1.9682413330078126,
      "HERACOMB": 2.5226763556985294,
      "DYE886": 1.993250760165128,
      "CDF": 2.0236452647617886,
      "D0": 1.1344871520996094,
      "ATLAS": 2.9769362972281073,
      "CMS": 2.1211487816982584,
      "LHCb": 3.145007371902466,
      "total": 2.497239828109741
    }
  },
  "2900": {
    "training_loss": 7975.99658203125,
    "validation_loss": [
      2836.337646484375
    ],
    "validation_chi2s": {
      "DEUTERON": 2.372268600843439,
      "NMC": 2.46880355535769,
      "NUCLEAR": 1.965452880859375,
      "HERACOMB": 2.5510369593801063,
      "DYE886": 2.012676239013672,
      "CDF": 1.9557143620082311,
      "D0": 0.968227767944336,
      "ATLAS": 2.958640578102931,
      "CMS": 2.177735625720415,
      "LHCb": 3.0982825756073,
      "total": 2.4031195640563965
    }
  },
  "3000": {
    "training_loss": 7975.43798828125,
    "validation_loss": [
      3075.127197265625
    ],
    "validation_chi2s": {
      "DEUTERON": 3.5925915466612253,
      "NMC": 2.461077521829044,
      "NUCLEAR": 1.968729248046875,
      "HERACOMB": 2.525936750025531,
      "DYE886": 1.9661327708851208,
      "CDF": 2.0278968811035156,
      "D0": 1.1013978004455567,
      "ATLAS": 2.979193563515184,
      "CMS": 2.1271507388255637,
      "LHCb": 3.1677145957946777,
      "total": 2.605607271194458
    }
  },
  "3100": {
    "training_loss": 7973.83642578125,
    "validation_loss": [
      2854.9091796875
    ],
    "validation_chi2s": {
      "DEUTERON": 2.4731785408893034,
      "NMC": 2.466235740512025,
      "NUCLEAR": 1.9629810791015625,
      "HERACOMB": 2.551922966452206,
      "DYE886": 1.9945751536976208,
      "CDF": 1.944540023803711,
      "D0": 0.9165507316589355,
      "ATLAS": 2.9475570075256003,
      "CMS": 2.188694437996286,
      "LHCb": 3.1234209537506104,
      "total": 2.419241428375244
    }
  },
  "3200": {
    "training_loss": 7976.138671875,
    "validation_loss": [
      2809.756591796875
    ],
    "validation_chi2s": {
      "DEUTERON": 2.2698724091942633,
      "NMC": 2.468415054620481,
      "NUCLEAR": 1.9660572509765626,
      "HERACOMB": 2.5244002996706496,
      "DYE886": 1.9935951232910156,
      "CDF": 2.0343115670340404,
      "D0": 1.0822107315063476,
      "ATLAS": 2.986687439309675,
      "CMS": 2.119323980612833,
      "LHCb": 3.201282501220703,
      "total": 2.3808813095092773
    }
  },
  "3300": {
    "training_loss": 7970.18408203125,
    "validation_loss": [
      2864.875732421875
    ],
    "validation_chi2s": {
      "DEUTERON": 2.511928273670709,
      "NMC": 2.47005043777765,
      "NUCLEAR": 1.9632593994140626,
      "HERACOMB": 2.549786536522161,
      "DYE886": 1.9850243655118076,
      "CDF": 1.9597121647426061,
      "D0": 0.9224227905273438,
      "ATLAS": 2.960971638307733,
      "CMS": 2.179289270619877,
      "LHCb": 3.178051710128784,
      "total": 2.4280097484588623
    }
  },
  "3400": {
    "training_loss": 7977.60546875,
    "validation_loss": [
      2992.9052734375
    ],
    "validation_chi2s": {
      "DEUTERON": 3.242266450948383,
      "NMC": 2.4619970882640168,
      "NUCLEAR": 1.9550218505859376,
      "HERACOMB": 2.524822758693321,
      "DYE886": 1.9327526092529297,
      "CDF": 2.010960442679269,
      "D0": 0.9256275177001954,
      "ATLAS": 2.951129805570268,
      "CMS": 2.148682891345415,
      "LHCb": 3.10545015335083,
      "total": 2.5367791652679443
    }
  },
  "3500": {
    "training_loss": 7974.546875,
    "validation_loss": [
      2803.48974609375
    ],
    "validation_chi2s": {
      "DEUTERON": 2.2687894147426926,
      "NMC": 2.463923136393229,
      "NUCLEAR": 1.9624168701171876,
      "HERACOMB": 2.5213860405815973,
      "DYE886": 1.9878595525568181,
      "CDF": 2.035626002720424,
      "D0": 1.0367230415344237,
      "ATLAS": 2.9680448198049083,
      "CMS": 2.116390040663422,
      "LHCb": 3.22723388671875,
      "total": 2.376060724258423
    }
  },
  "3600": {
    "training_loss": 7976.97998046875,
    "validation_loss": [
      2811.622314453125
    ],
    "validation_chi2s": {
      "DEUTERON": 2.3230168736396144,
      "NMC": 2.4683881273456647,
      "NUCLEAR": 1.9573074951171876,
      "HERACOMB": 2.5248586617264093,
      "DYE886": 1.9807383797385476,
      "CDF": 2.000866481236049,
      "D0": 0.9232948303222657,
      "ATLAS": 2.9458335402321683,
      "CMS": 2.1411047763511784,
      "LHCb": 3.230186939239502,
      "total": 2.38332462310791
    }
  },
  "3700": {
    "training_loss": 7969.30859375,
    "validation_loss": [
      2964.44873046875
    ],
    "validation_chi2s": {
      "DEUTERON": 3.070682962142413,
      "NMC": 2.4677408255782782,
      "NUCLEAR": 1.9581041259765626,
      "HERACOMB": 2.513662699780433,
      "DYE886": 1.9440696022727273,
      "CDF": 2.039178030831473,
      "D0": 1.023251724243164,
      "ATLAS": 2.979526325807733,
      "CMS": 2.1235436611488216,
      "LHCb": 3.2704756259918213,
      "total": 2.51285982131958
    }
  },
  "3800": {
    "training_loss": 7970.77978515625,
    "validation_loss": [
      2872.54541015625
    ],
    "validation_chi2s": {
      "DEUTERON": 2.617799369849969,
      "NMC": 2.468018326104856,
      "NUCLEAR": 1.957885498046875,
      "HERACOMB": 2.517336577371834,
      "DYE886": 1.9545745849609375,
      "CDF": 2.020784650530134,
      "D0": 0.9802379608154297,
      "ATLAS": 2.9700113932291665,
      "CMS": 2.125551067414831,
      "LHCb": 3.269618034362793,
      "total": 2.43498158454895
    }
  },
  "3900": {
    "training_loss": 7969.36767578125,
    "validation_loss": [
      2858.4111328125
    ],
    "validation_chi2s": {
      "DEUTERON": 2.616834042677239,
      "NMC": 2.4597444721296724,
      "NUCLEAR": 1.94821630859375,
      "HERACOMB": 2.506488077001634,
      "DYE886": 1.9463499242609197,
      "CDF": 2.0184525081089566,
      "D0": 0.9059971809387207,
      "ATLAS": 2.9495211671301202,
      "CMS": 2.1234583620165215,
      "LHCb": 3.1922430992126465,
      "total": 2.423393726348877
    }
  },
  "4000": {
    "training_loss": 8100.11181640625,
    "validation_loss": [
      2774.015625
    ],
    "validation_chi2s": {
      "DEUTERON": 1.940536574937811,
      "NMC": 2.483801000258502,
      "NUCLEAR": 1.991818359375,
      "HERACOMB": 2.5538469701031454,
      "DYE886": 2.0741473111239346,
      "CDF": 2.1329404285975864,
      "D0": 1.07305908203125,
      "ATLAS": 3.0460239561264126,
      "CMS": 2.0845010476034194,
      "LHCb": 3.3890552520751953,
      "total": 2.3508920669555664
    }
  },
  "4100": {
    "training_loss": 7966.1884765625,
    "validation_loss": [
      2918.1572265625
    ],
    "validation_chi2s": {
      "DEUTERON": 2.8461352296136506,
      "NMC": 2.4713667327282476,
      "NUCLEAR": 1.951024658203125,
      "HERACOMB": 2.5088241676879086,
      "DYE886": 1.9265771345658735,
      "CDF": 2.0252716881888255,
      "D0": 0.9933744430541992,
      "ATLAS": 2.9958234021892656,
      "CMS": 2.1253862224641393,
      "LHCb": 3.2857916355133057,
      "total": 2.4743359088897705
    }
  },
  "4200": {
    "training_loss": 7964.08642578125,
    "validation_loss": [
      2874.949951171875
    ],
    "validation_chi2s": {
      "DEUTERON": 2.615357963599969,
      "NMC": 2.4697952270507812,
      "NUCLEAR": 1.953413818359375,
      "HERACOMB": 2.518691517948325,
      "DYE886": 1.9303498701615767,
      "CDF": 2.014544350760324,
      "D0": 0.9665644645690918,
      "ATLAS": 2.988445389742232,
      "CMS": 2.1346560618916497,
      "LHCb": 3.285905122756958,
      "total": 2.4375946521759033
    }
  },
  "4300": {
    "training_loss": 7970.974609375,
    "validation_loss": [
      3009.091796875
    ],
    "validation_chi2s": {
      "DEUTERON": 3.2804422710665424,
      "NMC": 2.4706313189338234,
      "NUCLEAR": 1.9516153564453125,
      "HERACOMB": 2.5141890781377656,
      "DYE886": 1.8926022269509055,
      "CDF": 2.0175251279558455,
      "D0": 0.8960371017456055,
      "ATLAS": 2.9998172393626414,
      "CMS": 2.1345982786084785,
      "LHCb": 3.358879327774048,
      "total": 2.5519607067108154
    }
  },
  "4400": {
    "training_loss": 7999.6669921875,
    "validation_loss": [
      2705.98583984375
    ],
    "validation_chi2s": {
      "DEUTERON": 1.9572653699277052,
      "NMC": 2.4888238345875457,
      "NUCLEAR": 1.93742138671875,
      "HERACOMB": 2.4964186724494484,
      "DYE886": 2.0851239291104404,
      "CDF": 1.9218973432268416,
      "D0": 0.7462924480438232,
      "ATLAS": 2.8745599951447742,
      "CMS": 2.0959356339251407,
      "LHCb": 3.256333589553833,
      "total": 2.295494556427002
    }
  },
  "4500": {
    "training_loss": 7975.62353515625,
    "validation_loss": [
      2752.255126953125
    ],
    "validation_chi2s": {
      "DEUTERON": 1.9621794591495647,
      "NMC": 2.47893913119447,
      "NUCLEAR": 1.9529659423828125,
      "HERACOMB": 2.5492992525786358,
      "DYE886": 2.003981503573331,
      "CDF": 1.9493149348667689,
      "D0": 0.7694570541381835,
      "ATLAS": 2.976171806033722,
      "CMS": 2.2090909363793547,
      "LHCb": 3.1163861751556396,
      "total": 2.3349697589874268
    }
  },
  "4600": {
    "training_loss": 7978.26171875,
    "validation_loss": [
      2748.331787109375
    ],
    "validation_chi2s": {
      "DEUTERON": 1.9993267913362873,
      "NMC": 2.4805914186963847,
      "NUCLEAR": 1.9534005126953125,
      "HERACOMB": 2.5253535251991424,
      "DYE886": 1.9477813027121804,
      "CDF": 1.9347327096121651,
      "D0": 0.8155485153198242,
      "ATLAS": 2.963604081148482,
      "CMS": 2.149542386414575,
      "LHCb": 3.302222728729248,
      "total": 2.3314993381500244
    }
  },
  "4700": {
    "training_loss": 7966.67431640625,
    "validation_loss": [
      3147.28076171875
    ],
    "validation_chi2s": {
      "DEUTERON": 3.9952392578125,
      "NMC": 2.482137642654718,
      "NUCLEAR": 1.9495091552734376,
      "HERACOMB": 2.5002918118744892,
      "DYE886": 1.8751914284446023,
      "CDF": 2.0679588317871094,
      "D0": 1.0029678344726562,
      "ATLAS": 3.015110166732874,
      "CMS": 2.091584252529457,
      "LHCb": 3.3711390495300293,
      "total": 2.6694250106811523
    }
  },
  "4800": {
    "training_loss": 8009.26904296875,
    "validation_loss": [
      2731.9267578125
    ],
    "validation_chi2s": {
      "DEUTERON": 1.999825396941076,
      "NMC": 2.514731313668045,
      "NUCLEAR": 1.93979931640625,
      "HERACOMB": 2.49090536279616,
      "DYE886": 2.1777867403897373,
      "CDF": 1.9912756511143275,
      "D0": 0.7835235118865966,
      "ATLAS": 2.9579650534074857,
      "CMS": 2.064597958424052,
      "LHCb": 3.3844010829925537,
      "total": 2.3181748390197754
    }
  },
  "4900": {
    "training_loss": 7957.97802734375,
    "validation_loss": [
      2722.048828125
    ],
    "validation_chi2s": {
      "DEUTERON": 2.0512604215251864,
      "NMC": 2.563155529545803,
      "NUCLEAR": 1.9265880126953125,
      "HERACOMB": 2.4991413191253065,
      "DYE886": 1.9818611145019531,
      "CDF": 1.900521687098912,
      "D0": 0.7254313468933106,
      "ATLAS": 2.848025564420021,
      "CMS": 2.1107653008132683,
      "LHCb": 3.3247339725494385,
      "total": 2.310333728790283
    }
  },
  "5000": {
    "training_loss": 7959.65380859375,
    "validation_loss": [
      159827.125
    ],
    "validation_chi2s": {
      "DEUTERON": 783.6644900497513,
      "NMC": 2.552596447514553,
      "NUCLEAR": 1.9183795166015625,
      "HERACOMB": 2.5019218095766953,
      "DYE886": 1.8539362820712002,
      "CDF": 1.918846266610282,
      "D0": 0.7880545616149902,
      "ATLAS": 2.8646766102246644,
      "CMS": 2.148928032546747,
      "LHCb": 3.212895631790161,
      "total": 135.67578125
    }
  },
  "5100": {
    "training_loss": 7972.0029296875,
    "validation_loss": [
      2790.293701171875
    ],
    "validation_chi2s": {
      "DEUTERON": 2.259034873241216,
      "NMC": 2.4986015768612133,
      "NUCLEAR": 1.9392098388671875,
      "HERACOMB": 2.482433842677696,
      "DYE886": 1.9136498191139915,
      "CDF": 2.0625435965401784,
      "D0": 0.9425629615783692,
      "ATLAS": 3.018589170639124,
      "CMS": 2.0858604556224387,
      "LHCb": 3.3762476444244385,
      "total": 2.367309808731079
    }
  },
  "5200": {
    "training_loss": 7995.958984375,
    "validation_loss": [
      2737.59375
    ],
    "validation_chi2s": {
      "DEUTERON": 2.0574471393034828,
      "NMC": 2.516833137063419,
      "NUCLEAR": 1.9326859130859375,
      "HERACOMB": 2.4736699123008576,
      "DYE886": 1.9505795565518467,
      "CDF": 1.998924664088658,
      "D0": 0.8679216384887696,
      "ATLAS": 2.9804466807909606,
      "CMS": 2.0809766425461067,
      "LHCb": 3.3704864978790283,
      "total": 2.3233258724212646
    }
  },
  "5300": {
    "training_loss": 7960.42919921875,
    "validation_loss": [
      23600.765625
    ],
    "validation_chi2s": {
      "DEUTERON": 105.79145289179104,
      "NMC": 2.494052812164905,
      "NUCLEAR": 1.9375050048828124,
      "HERACOMB": 2.475561403760723,
      "DYE886": 1.8283252716064453,
      "CDF": 2.0688484736851285,
      "D0": 1.0377534866333007,
      "ATLAS": 3.0314837956832625,
      "CMS": 2.1077683245549435,
      "LHCb": 3.3437390327453613,
      "total": 20.033090591430664
    }
  },
  "5400": {
    "training_loss": 8020.056640625,
    "validation_loss": [
      2713.67919921875
    ],
    "validation_chi2s": {
      "DEUTERON": 1.9854605755402674,
      "NMC": 2.54884308459712,
      "NUCLEAR": 1.9173992919921874,
      "HERACOMB": 2.481900682636336,
      "DYE886": 2.171373887495561,
      "CDF": 1.997964586530413,
      "D0": 0.7774961471557618,
      "ATLAS": 2.9206563658633473,
      "CMS": 2.0962659491867317,
      "LHCb": 3.226228952407837,
      "total": 2.303353786468506
    }
  },
  "5500": {
    "training_loss": 8003.53857421875,
    "validation_loss": [
      2711.43408203125
    ],
    "validation_chi2s": {
      "DEUTERON": 1.966171340562811,
      "NMC": 2.520107194489124,
      "NUCLEAR": 1.94278271484375,
      "HERACOMB": 2.4805551167407067,
      "DYE886": 1.997632460160689,
      "CDF": 1.9936588832310267,
      "D0": 0.8654440879821778,
      "ATLAS": 2.896434719279661,
      "CMS": 2.1011840320024335,
      "LHCb": 3.333498954772949,
      "total": 2.3011159896850586
    }
  },
  "5600": {
    "training_loss": 7975.01318359375,
    "validation_loss": [
      2734.820068359375
    ],
    "validation_chi2s": {
      "DEUTERON": 2.013425912430037,
      "NMC": 2.5292732388365504,
      "NUCLEAR": 1.9385113525390625,
      "HERACOMB": 2.5065012414470997,
      "DYE886": 2.11216215653853,
      "CDF": 1.9719712393624442,
      "D0": 0.7790824890136718,
      "ATLAS": 2.9093510687014477,
      "CMS": 2.1326454037525613,
      "LHCb": 3.3120434284210205,
      "total": 2.3213024139404297
    }
  },
  "5700": {
    "training_loss": 8000.99755859375,
    "validation_loss": [
      2749.260986328125
    ],
    "validation_chi2s": {
      "DEUTERON": 1.986088083751166,
      "NMC": 2.527645933861826,
      "NUCLEAR": 1.9445142822265624,
      "HERACOMB": 2.467753890293096,
      "DYE886": 2.0542966669256035,
      "CDF": 2.256880215236119,
      "D0": 1.036604881286621,
      "ATLAS": 3.097980391507768,
      "CMS": 2.0354158995581453,
      "LHCb": 3.484004497528076,
      "total": 2.3335187435150146
    }
  },
  "5800": {
    "training_loss": 8263.53759765625,
    "validation_loss": [
      2730.26904296875
    ],
    "validation_chi2s": {
      "DEUTERON": 1.9397913994480722,
      "NMC": 2.5054265938553155,
      "NUCLEAR": 1.9486922607421875,
      "HERACOMB": 2.4796278211805554,
      "DYE886": 1.9572417519309304,
      "CDF": 2.2035179138183594,
      "D0": 1.047374439239502,
      "ATLAS": 3.049994689596575,
      "CMS": 2.059847221999872,
      "LHCb": 3.30334734916687,
      "total": 2.317002773284912
    }
  },
  "5900": {
    "training_loss": 7975.65869140625,
    "validation_loss": [
      2711.40087890625
    ],
    "validation_chi2s": {
      "DEUTERON": 1.987537744626477,
      "NMC": 2.551373051662071,
      "NUCLEAR": 1.9229129638671876,
      "HERACOMB": 2.4857012181500204,
      "DYE886": 2.0364255038174717,
      "CDF": 1.9814389092581612,
      "D0": 0.7832736492156982,
      "ATLAS": 2.8622998598605225,
      "CMS": 2.130563954837987,
      "LHCb": 3.348862648010254,
      "total": 2.301520824432373
    }
  },
  "6000": {
    "training_loss": 7986.033203125,
    "validation_loss": [
      2717.245361328125
    ],
    "validation_chi2s": {
      "DEUTERON": 2.0109706897640702,
      "NMC": 2.5529186772365198,
      "NUCLEAR": 1.932403076171875,
      "HERACOMB": 2.509536643433415,
      "DYE886": 2.0382104353471235,
      "CDF": 1.9092364992414201,
      "D0": 0.7462283134460449,
      "ATLAS": 2.795340155477578,
      "CMS": 2.184664116531122,
      "LHCb": 3.269073724746704,
      "total": 2.3064558506011963
    }
  },
  "6100": {
    "training_loss": 7989.255859375,
    "validation_loss": [
      2708.201904296875
    ],
    "validation_chi2s": {
      "DEUTERON": 2.0134936280511506,
      "NMC": 2.5587846344592524,
      "NUCLEAR": 1.91928955078125,
      "HERACOMB": 2.47776824352788,
      "DYE886": 2.054334120316939,
      "CDF": 2.0365973881312778,
      "D0": 0.8545984268188477,
      "ATLAS": 2.8560256526968573,
      "CMS": 2.111902705958632,
      "LHCb": 3.235039234161377,
      "total": 2.298741340637207
    }
  },
  "6200": {
    "training_loss": 7966.62939453125,
    "validation_loss": [
      2722.54052734375
    ],
    "validation_chi2s": {
      "DEUTERON": 2.006687600814288,
      "NMC": 2.5551656087239585,
      "NUCLEAR": 1.9289744873046875,
      "HERACOMB": 2.4905952004825367,
      "DYE886": 2.082567735151811,
      "CDF": 1.9850764955793108,
      "D0": 0.7617285251617432,
      "ATLAS": 2.8687992419226696,
      "CMS": 2.1342002993724387,
      "LHCb": 3.4027364253997803,
      "total": 2.3110275268554688
    }
  },
  "6300": {
    "training_loss": 7960.611328125,
    "validation_loss": [
      2773.0771484375
    ],
    "validation_chi2s": {
      "DEUTERON": 2.1534218859316696,
      "NMC": 2.509543026194853,
      "NUCLEAR": 1.93448388671875,
      "HERACOMB": 2.481028039470997,
      "DYE886": 1.9044348976828835,
      "CDF": 2.166073799133301,
      "D0": 1.066261386871338,
      "ATLAS": 3.0221236923993646,
      "CMS": 2.0959801595719134,
      "LHCb": 3.450533866882324,
      "total": 2.353484630584717
    }
  },
  "6400": {
    "training_loss": 8004.76123046875,
    "validation_loss": [
      2717.914794921875
    ],
    "validation_chi2s": {
      "DEUTERON": 1.9606772655278295,
      "NMC": 2.533138200348499,
      "NUCLEAR": 1.918850830078125,
      "HERACOMB": 2.46714852526297,
      "DYE886": 2.035181912508878,
      "CDF": 2.127363749912807,
      "D0": 0.8540993690490722,
      "ATLAS": 2.98313774496822,
      "CMS": 2.084462275270556,
      "LHCb": 3.417012929916382,
      "total": 2.307145595550537
    }
  },
  "6500": {
    "training_loss": 7964.6279296875,
    "validation_loss": [
      2710.8046875
    ],
    "validation_chi2s": {
      "DEUTERON": 1.9795111660933613,
      "NMC": 2.5319402358111214,
      "NUCLEAR": 1.9223343505859376,
      "HERACOMB": 2.4641119265088847,
      "DYE886": 2.010364532470703,
      "CDF": 1.9970649991716658,
      "D0": 0.9013530731201171,
      "ATLAS": 2.9011023569915255,
      "CMS": 2.0970105030497566,
      "LHCb": 3.517357110977173,
      "total": 2.301119804382324
    }
  },
  "6600": {
    "training_loss": 8010.67822265625,
    "validation_loss": [
      2718.03515625
    ],
    "validation_chi2s": {
      "DEUTERON": 2.0462046760824784,
      "NMC": 2.492440616383272,
      "NUCLEAR": 1.9129423828125,
      "HERACOMB": 2.470928915185866,
      "DYE886": 1.9167828993363814,
      "CDF": 2.033587864467076,
      "D0": 0.7878075122833252,
      "ATLAS": 2.9302340577551202,
      "CMS": 2.1250240138319674,
      "LHCb": 3.217617988586426,
      "total": 2.307209014892578
    }
  },
  "6700": {
    "training_loss": 7961.2529296875,
    "validation_loss": [
      2775.60498046875
    ],
    "validation_chi2s": {
      "DEUTERON": 2.2025612598627955,
      "NMC": 2.5120352950750613,
      "NUCLEAR": 1.9317044677734374,
      "HERACOMB": 2.468331530203227,
      "DYE886": 1.9017240350896663,
      "CDF": 2.1243882860456194,
      "D0": 0.9829774856567383,
      "ATLAS": 3.0167032877604165,
      "CMS": 2.089839497550589,
      "LHCb": 3.463691473007202,
      "total": 2.3559911251068115
    }
  },
  "6800": {
    "training_loss": 7951.60693359375,
    "validation_loss": [
      2797.963134765625
    ],
    "validation_chi2s": {
      "DEUTERON": 2.2735090113397853,
      "NMC": 2.4963314579982385,
      "NUCLEAR": 1.9365556640625,
      "HERACOMB": 2.4806015912224266,
      "DYE886": 1.8968726071444424,
      "CDF": 2.178999764578683,
      "D0": 1.0105550765991211,
      "ATLAS": 3.0241537147996116,
      "CMS": 2.0943978731749486,
      "LHCb": 3.5057058334350586,
      "total": 2.3748347759246826
    }
  },
  "6900": {
    "training_loss": 7952.16064453125,
    "validation_loss": [
      2796.16552734375
    ],
    "validation_chi2s": {
      "DEUTERON": 2.285655311091029,
      "NMC": 2.495270672966452,
      "NUCLEAR": 1.9309708251953126,
      "HERACOMB": 2.4750196668836804,
      "DYE886": 1.897016005082564,
      "CDF": 2.1720428466796875,
      "D0": 1.0095840454101563,
      "ATLAS": 3.021621962725106,
      "CMS": 2.0924857718045593,
      "LHCb": 3.500440835952759,
      "total": 2.373457670211792
    }
  },
  "7000": {
    "training_loss": 7951.6328125,
    "validation_loss": [
      2712.6455078125
    ],
    "validation_chi2s": {
      "DEUTERON": 1.9748233017043688,
      "NMC": 2.5242626713771448,
      "NUCLEAR": 1.9203228759765625,
      "HERACOMB": 2.482067831201491,
      "DYE886": 2.0580676685680044,
      "CDF": 2.0442782810756137,
      "D0": 0.7368249893188477,
      "ATLAS": 2.8870677193679377,
      "CMS": 2.1114396892610143,
      "LHCb": 3.493705987930298,
      "total": 2.3027429580688477
    }
  },
  "7100": {
    "training_loss": 7952.22021484375,
    "validation_loss": [
      2704.419189453125
    ],
    "validation_chi2s": {
      "DEUTERON": 1.9694620768229167,
      "NMC": 2.514516793045343,
      "NUCLEAR": 1.913887939453125,
      "HERACOMB": 2.471708011003881,
      "DYE886": 2.0525977394797583,
      "CDF": 2.0287976946149553,
      "D0": 0.7835425853729248,
      "ATLAS": 2.887505655234816,
      "CMS": 2.1026216100473873,
      "LHCb": 3.4589016437530518,
      "total": 2.2957589626312256
    }
  },
  "7200": {
    "training_loss": 7960.1044921875,
    "validation_loss": [
      2707.7353515625
    ],
    "validation_chi2s": {
      "DEUTERON": 1.9709871965854322,
      "NMC": 2.5089655857460174,
      "NUCLEAR": 1.9184095458984376,
      "HERACOMB": 2.4836627237157884,
      "DYE886": 2.090384916825728,
      "CDF": 2.034013203212193,
      "D0": 0.7424482345581055,
      "ATLAS": 2.877020194705597,
      "CMS": 2.1140914666848105,
      "LHCb": 3.4123942852020264,
      "total": 2.2985806465148926
    }
  },
  "7300": {
    "training_loss": 7957.8720703125,
    "validation_loss": [
      2727.56201171875
    ],
    "validation_chi2s": {
      "DEUTERON": 2.0956366240088617,
      "NMC": 2.5125313553155637,
      "NUCLEAR": 1.916150390625,
      "HERACOMB": 2.474484113306781,
      "DYE886": 1.9601464705033735,
      "CDF": 2.0048716408865794,
      "D0": 0.8262101173400879,
      "ATLAS": 2.8672102588718222,
      "CMS": 2.112785714571593,
      "LHCb": 3.4768283367156982,
      "total": 2.3153867721557617
    }
  },
  "7400": {
    "training_loss": 7939.6083984375,
    "validation_loss": [
      2884.296875
    ],
    "validation_chi2s": {
      "DEUTERON": 2.709885934099036,
      "NMC": 2.4866536458333335,
      "NUCLEAR": 1.9365723876953125,
      "HERACOMB": 2.482290828929228,
      "DYE886": 1.8905500932173296,
      "CDF": 2.131589208330427,
      "D0": 0.9548768997192383,
      "ATLAS": 3.0013100144553317,
      "CMS": 2.1021315777888065,
      "LHCb": 3.586202621459961,
      "total": 2.4479990005493164
    }
  },
  "7500": {
    "training_loss": 7953.56591796875,
    "validation_loss": [
      2716.2548828125
    ],
    "validation_chi2s": {
      "DEUTERON": 1.9736083680717507,
      "NMC": 2.4991896386240042,
      "NUCLEAR": 1.922415771484375,
      "HERACOMB": 2.5016954210069446,
      "DYE886": 2.0369722192937676,
      "CDF": 1.9444749014718192,
      "D0": 0.6678453922271729,
      "ATLAS": 2.8511219778976873,
      "CMS": 2.177097007876537,
      "LHCb": 3.4567112922668457,
      "total": 2.305814027786255
    }
  },
  "7600": {
    "training_loss": 7943.23828125,
    "validation_loss": [
      2750.811279296875
    ],
    "validation_chi2s": {
      "DEUTERON": 2.1011820171602924,
      "NMC": 2.4808660768995097,
      "NUCLEAR": 1.9336761474609374,
      "HERACOMB": 2.4941817140267566,
      "DYE886": 1.9739735343239524,
      "CDF": 2.0452098846435547,
      "D0": 0.7754459381103516,
      "ATLAS": 2.9559546863965394,
      "CMS": 2.1216325603547643,
      "LHCb": 3.3628852367401123,
      "total": 2.3350203037261963
    }
  },
  "7700": {
    "training_loss": 7998.66162109375,
    "validation_loss": [
      2706.919189453125
    ],
    "validation_chi2s": {
      "DEUTERON": 1.9725880788926462,
      "NMC": 2.513436111749387,
      "NUCLEAR": 1.9038485107421874,
      "HERACOMB": 2.4932145262076184,
      "DYE886": 2.0368338498202236,
      "CDF": 1.9382343292236328,
      "D0": 0.8133413314819335,
      "ATLAS": 2.869258557335805,
      "CMS": 2.1543719182248977,
      "LHCb": 3.3158631324768066,
      "total": 2.29785418510437
    }
  },
  "7800": {
    "training_loss": 7930.357421875,
    "validation_loss": [
      3191.9150390625
    ],
    "validation_chi2s": {
      "DEUTERON": 4.235896324043844,
      "NMC": 2.4806941911286,
      "NUCLEAR": 1.9340018310546876,
      "HERACOMB": 2.512591393165339,
      "DYE886": 1.8757438659667969,
      "CDF": 2.0038670131138394,
      "D0": 0.82745361328125,
      "ATLAS": 2.9699200129104875,
      "CMS": 2.171995069159836,
      "LHCb": 3.339528799057007,
      "total": 2.7091479301452637
    }
  },
  "7900": {
    "training_loss": 7947.1689453125,
    "validation_loss": [
      2715.66748046875
    ],
    "validation_chi2s": {
      "DEUTERON": 2.0036241521882774,
      "NMC": 2.5065684599034928,
      "NUCLEAR": 1.92420751953125,
      "HERACOMB": 2.4723887724034928,
      "DYE886": 1.9811338944868608,
      "CDF": 2.031006404331752,
      "D0": 0.7198002815246582,
      "ATLAS": 2.8985206043652894,
      "CMS": 2.109122604620261,
      "LHCb": 3.5046064853668213,
      "total": 2.3053181171417236
    }
  },
  "8000": {
    "training_loss": 7963.57763671875,
    "validation_loss": [
      2721.48095703125
    ],
    "validation_chi2s": {
      "DEUTERON": 2.035071225901741,
      "NMC": 2.506648194556143,
      "NUCLEAR": 1.91973291015625,
      "HERACOMB": 2.482070424198325,
      "DYE886": 1.9758134321732954,
      "CDF": 2.0001821517944336,
      "D0": 0.7548428535461426,
      "ATLAS": 2.879804880605579,
      "CMS": 2.138580322265625,
      "LHCb": 3.421679973602295,
      "total": 2.310253381729126
    }
  },
  "8100": {
    "training_loss": 7924.7861328125,
    "validation_loss": [
      2775.5693359375
    ],
    "validation_chi2s": {
      "DEUTERON": 2.0023598742129196,
      "NMC": 2.4742069618374694,
      "NUCLEAR": 1.9469310302734375,
      "HERACOMB": 2.5483771430121527,
      "DYE886": 1.9970361536199397,
      "CDF": 1.976839338030134,
      "D0": 0.7449827671051026,
      "ATLAS": 3.032540359066031,
      "CMS": 2.185001560899078,
      "LHCb": 3.4647369384765625,
      "total": 2.3553643226623535
    }
  },
  "8200": {
    "training_loss": 7963.2744140625,
    "validation_loss": [
      2713.460693359375
    ],
    "validation_chi2s": {
      "DEUTERON": 1.992013959742304,
      "NMC": 2.5079795986998317,
      "NUCLEAR": 1.925517822265625,
      "HERACOMB": 2.4713184630948732,
      "DYE886": 2.018355976451527,
      "CDF": 2.012599400111607,
      "D0": 0.7069869995117187,
      "ATLAS": 2.9082645049876414,
      "CMS": 2.1074398853739753,
      "LHCb": 3.441296339035034,
      "total": 2.303445339202881
    }
  },
  "8300": {
    "training_loss": 7926.76318359375,
    "validation_loss": [
      2975.8876953125
    ],
    "validation_chi2s": {
      "DEUTERON": 3.000708432932991,
      "NMC": 2.4808666752833948,
      "NUCLEAR": 1.9310623779296876,
      "HERACOMB": 2.551821041730494,
      "DYE886": 1.9115506952459163,
      "CDF": 1.9667673110961914,
      "D0": 0.8431632041931152,
      "ATLAS": 3.0593482410840394,
      "CMS": 2.2208704713915215,
      "LHCb": 3.305382251739502,
      "total": 2.5261170864105225
    }
  },
  "8400": {
    "training_loss": 7928.0966796875,
    "validation_loss": [
      2786.267333984375
    ],
    "validation_chi2s": {
      "DEUTERON": 2.281068412818719,
      "NMC": 2.473557565726486,
      "NUCLEAR": 1.9240177001953125,
      "HERACOMB": 2.473395054636438,
      "DYE886": 1.9224543137983843,
      "CDF": 2.054856709071568,
      "D0": 0.8107943534851074,
      "ATLAS": 2.9980675648834745,
      "CMS": 2.114990734663166,
      "LHCb": 3.4453959465026855,
      "total": 2.365224838256836
    }
  },
  "8500": {
    "training_loss": 7933.0029296875,
    "validation_loss": [
      2748.947265625
    ],
    "validation_chi2s": {
      "DEUTERON": 2.044747271941076,
      "NMC": 2.478862538057215,
      "NUCLEAR": 1.9268043212890624,
      "HERACOMB": 2.4717395258884802,
      "DYE886": 1.9663007909601384,
      "CDF": 2.1222436087472096,
      "D0": 0.8383904457092285,
      "ATLAS": 3.0629120735125355,
      "CMS": 2.1022403904649076,
      "LHCb": 3.386486530303955,
      "total": 2.333569049835205
    }
  },
  "8600": {
    "training_loss": 7948.23486328125,
    "validation_loss": [
      2738.95947265625
    ],
    "validation_chi2s": {
      "DEUTERON": 2.0795411067222482,
      "NMC": 2.483624626608456,
      "NUCLEAR": 1.917384521484375,
      "HERACOMB": 2.4751882116779003,
      "DYE886": 1.900324734774503,
      "CDF": 2.086540085928781,
      "D0": 0.8240699768066406,
      "ATLAS": 2.989802646098164,
      "CMS": 2.1200393926901895,
      "LHCb": 3.2641961574554443,
      "total": 2.3245790004730225
    }
  },
  "8700": {
    "training_loss": 7931.88525390625,
    "validation_loss": [
      2740.112060546875
    ],
    "validation_chi2s": {
      "DEUTERON": 2.1193021707866917,
      "NMC": 2.54176300647212,
      "NUCLEAR": 1.91782958984375,
      "HERACOMB": 2.48779256982741,
      "DYE886": 1.977263017134233,
      "CDF": 1.980966023036412,
      "D0": 0.7074670791625977,
      "ATLAS": 2.874683962029926,
      "CMS": 2.1104211025550716,
      "LHCb": 3.5320217609405518,
      "total": 2.3260507583618164
    }
  },
  "8800": {
    "training_loss": 7937.84521484375,
    "validation_loss": [
      2751.8828125
    ],
    "validation_chi2s": {
      "DEUTERON": 1.9579288615516168,
      "NMC": 2.4848399442784928,
      "NUCLEAR": 1.9211484375,
      "HERACOMB": 2.544973734936683,
      "DYE886": 2.133953267877752,
      "CDF": 1.9832292284284319,
      "D0": 0.7229439735412597,
      "ATLAS": 2.9972768665033547,
      "CMS": 2.1817386814805326,
      "LHCb": 3.3569133281707764,
      "total": 2.3357300758361816
    }
  },
  "8900": {
    "training_loss": 7917.22412109375,
    "validation_loss": [
      2780.737060546875
    ],
    "validation_chi2s": {
      "DEUTERON": 2.140148105906017,
      "NMC": 2.486550723805147,
      "NUCLEAR": 1.9463673095703125,
      "HERACOMB": 2.484383776296977,
      "DYE886": 1.955509532581676,
      "CDF": 2.1810387202671597,
      "D0": 0.958925724029541,
      "ATLAS": 3.0624741376456566,
      "CMS": 2.0908348208568137,
      "LHCb": 3.4883129596710205,
      "total": 2.3603060245513916
    }
  },
  "9000": {
    "training_loss": 7920.365234375,
    "validation_loss": [
      2724.51318359375
    ],
    "validation_chi2s": {
      "DEUTERON": 2.0189992420708953,
      "NMC": 2.496395335477941,
      "NUCLEAR": 1.920645751953125,
      "HERACOMB": 2.4742694929534315,
      "DYE886": 2.2396195151589136,
      "CDF": 2.04693603515625,
      "D0": 0.663843822479248,
      "ATLAS": 2.902393405720339,
      "CMS": 2.094319453004931,
      "LHCb": 3.5818822383880615,
      "total": 2.312828779220581
    }
  },
  "9100": {
    "training_loss": 7934.208984375,
    "validation_loss": [
      2754.97119140625
    ],
    "validation_chi2s": {
      "DEUTERON": 2.128605629081157,
      "NMC": 2.4750511319029567,
      "NUCLEAR": 1.933820556640625,
      "HERACOMB": 2.4619974373212825,
      "DYE886": 1.956138784235174,
      "CDF": 2.2125560215541293,
      "D0": 0.7391236782073974,
      "ATLAS": 3.0044021175406073,
      "CMS": 2.080379798764088,
      "LHCb": 3.5166432857513428,
      "total": 2.338655471801758
    }
  },
  "9200": {
    "training_loss": 7929.61962890625,
    "validation_loss": [
      2712.99609375
    ],
    "validation_chi2s": {
      "DEUTERON": 2.006779153548663,
      "NMC": 2.4966363345875457,
      "NUCLEAR": 1.9081124267578125,
      "HERACOMB": 2.492124071308211,
      "DYE886": 2.0456100810657847,
      "CDF": 2.0029523032052174,
      "D0": 0.7047502517700195,
      "ATLAS": 2.886168571515272,
      "CMS": 2.132352485031378,
      "LHCb": 3.3005127906799316,
      "total": 2.3030524253845215
    }
  },
  "9300": {
    "training_loss": 7915.296875,
    "validation_loss": [
      3099.07568359375
    ],
    "validation_chi2s": {
      "DEUTERON": 3.7672793260261193,
      "NMC": 2.4501800537109375,
      "NUCLEAR": 1.9228310546875,
      "HERACOMB": 2.531195347605188,
      "DYE886": 1.876464150168679,
      "CDF": 2.044508797781808,
      "D0": 0.6977533340454102,
      "ATLAS": 2.9745704090527894,
      "CMS": 2.1918795226050203,
      "LHCb": 3.2608468532562256,
      "total": 2.6301040649414062
    }
  },
  "9400": {
    "training_loss": 7941.5654296875,
    "validation_loss": [
      2733.72412109375
    ],
    "validation_chi2s": {
      "DEUTERON": 2.0330300402285446,
      "NMC": 2.479767743278952,
      "NUCLEAR": 1.909085205078125,
      "HERACOMB": 2.506475510940053,
      "DYE886": 1.9968395233154297,
      "CDF": 2.048632485525949,
      "D0": 0.8071529388427734,
      "ATLAS": 2.9602157678981285,
      "CMS": 2.1416736039959017,
      "LHCb": 3.2118585109710693,
      "total": 2.3206489086151123
    }
  },
  "9500": {
    "training_loss": 7902.91015625,
    "validation_loss": [
      2714.15966796875
    ],
    "validation_chi2s": {
      "DEUTERON": 2.006463046097637,
      "NMC": 2.492247787176394,
      "NUCLEAR": 1.9130653076171875,
      "HERACOMB": 2.4879996106515523,
      "DYE886": 2.3308486938476562,
      "CDF": 2.013756888253348,
      "D0": 0.6248502731323242,
      "ATLAS": 2.8664497332384355,
      "CMS": 2.0994512839395494,
      "LHCb": 3.4076123237609863,
      "total": 2.3040406703948975
    }
  },
  "9600": {
    "training_loss": 7938.12890625,
    "validation_loss": [
      2708.235107421875
    ],
    "validation_chi2s": {
      "DEUTERON": 1.9667179240516168,
      "NMC": 2.4674208397958792,
      "NUCLEAR": 1.9113438720703124,
      "HERACOMB": 2.4765752655228757,
      "DYE886": 2.0535864396528765,
      "CDF": 2.117198944091797,
      "D0": 0.7387540340423584,
      "ATLAS": 2.929442324880826,
      "CMS": 2.094804982670018,
      "LHCb": 3.4360640048980713,
      "total": 2.29901123046875
    }
  },
  "9700": {
    "training_loss": 7917.75927734375,
    "validation_loss": [
      2764.155029296875
    ],
    "validation_chi2s": {
      "DEUTERON": 2.1787561824665733,
      "NMC": 2.475006103515625,
      "NUCLEAR": 1.9104342041015625,
      "HERACOMB": 2.5019208122702206,
      "DYE886": 1.9462540366432883,
      "CDF": 2.053555352347238,
      "D0": 0.7754247665405274,
      "ATLAS": 2.941414870784781,
      "CMS": 2.1705504870805585,
      "LHCb": 3.325448989868164,
      "total": 2.3464772701263428
    }
  },
  "9800": {
    "training_loss": 7906.18212890625,
    "validation_loss": [
      2850.5009765625
    ],
    "validation_chi2s": {
      "DEUTERON": 2.493062944554571,
      "NMC": 2.4729283650716147,
      "NUCLEAR": 1.9349952392578125,
      "HERACOMB": 2.4989272971558414,
      "DYE886": 1.9078365672718396,
      "CDF": 2.1036297934395924,
      "D0": 0.825477409362793,
      "ATLAS": 3.0335831291931497,
      "CMS": 2.13770031538166,
      "LHCb": 3.4940333366394043,
      "total": 2.419482946395874
    }
  },
  "9900": {
    "training_loss": 7908.6396484375,
    "validation_loss": [
      2762.75341796875
    ],
    "validation_chi2s": {
      "DEUTERON": 2.005713771231732,
      "NMC": 2.4732061647901347,
      "NUCLEAR": 1.936278564453125,
      "HERACOMB": 2.5417622086269405,
      "DYE886": 2.013414903120561,
      "CDF": 1.987159184047154,
      "D0": 0.6587437629699707,
      "ATLAS": 2.984769831942973,
      "CMS": 2.198212670498207,
      "LHCb": 3.447756290435791,
      "total": 2.345278263092041
    }
  },
  "10000": {
    "training_loss": 7949.4228515625,
    "validation_loss": [
      2748.15625
    ],
    "validation_chi2s": {
      "DEUTERON": 2.1209709205437655,
      "NMC": 2.4774301566329657,
      "NUCLEAR": 1.923244140625,
      "HERACOMB": 2.4984077004825367,
      "DYE886": 1.957659287886186,
      "CDF": 1.9239521026611328,
      "D0": 0.6809930801391602,
      "ATLAS": 2.9018989175052967,
      "CMS": 2.1710064997438523,
      "LHCb": 3.3843507766723633,
      "total": 2.3328795433044434
    }
  },
  "10100": {
    "training_loss": 7920.02734375,
    "validation_loss": [
      2772.137451171875
    ],
    "validation_chi2s": {
      "DEUTERON": 2.179665484831701,
      "NMC": 2.4896524466720282,
      "NUCLEAR": 1.93121240234375,
      "HERACOMB": 2.5208967620251226,
      "DYE886": 1.945887478915128,
      "CDF": 1.9003783634730749,
      "D0": 0.6765501976013184,
      "ATLAS": 2.9058103399761652,
      "CMS": 2.1726834656762297,
      "LHCb": 3.450087308883667,
      "total": 2.3531060218811035
    }
  },
  "10200": {
    "training_loss": 7900.125,
    "validation_loss": [
      2795.390625
    ],
    "validation_chi2s": {
      "DEUTERON": 2.175279455991527,
      "NMC": 2.4849702423694087,
      "NUCLEAR": 1.93905419921875,
      "HERACOMB": 2.5371139626097836,
      "DYE886": 1.9322528839111328,
      "CDF": 1.9706307819911413,
      "D0": 0.6404046058654785,
      "ATLAS": 3.0037107306011652,
      "CMS": 2.1611138015496927,
      "LHCb": 3.508288860321045,
      "total": 2.3729805946350098
    }
  },
  "10300": {
    "training_loss": 7893.2294921875,
    "validation_loss": [
      2799.7216796875
    ],
    "validation_chi2s": {
      "DEUTERON": 2.162687690696906,
      "NMC": 2.494237114401425,
      "NUCLEAR": 1.9434976806640625,
      "HERACOMB": 2.554147159352022,
      "DYE886": 1.9385797327215022,
      "CDF": 1.9098704201834542,
      "D0": 0.641413402557373,
      "ATLAS": 2.9861191571769066,
      "CMS": 2.2002145735943905,
      "LHCb": 3.456979274749756,
      "total": 2.3763792514801025
    }
  },
  "10400": {
    "training_loss": 7912.09375,
    "validation_loss": [
      2747.9404296875
    ],
    "validation_chi2s": {
      "DEUTERON": 2.043867728010339,
      "NMC": 2.5060599831973804,
      "NUCLEAR": 1.905520263671875,
      "HERACOMB": 2.534122043185764,
      "DYE886": 1.9545832547274502,
      "CDF": 1.8609957013811385,
      "D0": 0.6972404479980469,
      "ATLAS": 2.9569650423728815,
      "CMS": 2.191469286308914,
      "LHCb": 3.2421960830688477,
      "total": 2.332716941833496
    }
  },
  "10500": {
    "training_loss": 7895.68017578125,
    "validation_loss": [
      2789.2255859375
    ],
    "validation_chi2s": {
      "DEUTERON": 2.124417281269434,
      "NMC": 2.510387046664369,
      "NUCLEAR": 1.94070068359375,
      "HERACOMB": 2.529830234502655,
      "DYE886": 1.9146031466397373,
      "CDF": 1.9286703382219588,
      "D0": 0.6858412742614746,
      "ATLAS": 3.037589035465219,
      "CMS": 2.1537385534067623,
      "LHCb": 3.493560314178467,
      "total": 2.3675928115844727
    }
  },
  "10600": {
    "training_loss": 7897.8232421875,
    "validation_loss": [
      2756.06591796875
    ],
    "validation_chi2s": {
      "DEUTERON": 2.019980511262049,
      "NMC": 2.5049791523054536,
      "NUCLEAR": 1.93670751953125,
      "HERACOMB": 2.527477787990196,
      "DYE886": 1.9414071169766514,
      "CDF": 1.865335464477539,
      "D0": 0.6477184295654297,
      "ATLAS": 2.992729919778425,
      "CMS": 2.1464413502177253,
      "LHCb": 3.4514009952545166,
      "total": 2.3392398357391357
    }
  },
  "10700": {
    "training_loss": 7994.28369140625,
    "validation_loss": [
      2720.22216796875
    ],
    "validation_chi2s": {
      "DEUTERON": 2.013397064968128,
      "NMC": 2.533236036113664,
      "NUCLEAR": 1.92413623046875,
      "HERACOMB": 2.521547604230494,
      "DYE886": 2.0275819951837715,
      "CDF": 1.7881872994559151,
      "D0": 0.6047191143035888,
      "ATLAS": 2.812387067719368,
      "CMS": 2.1737160604508197,
      "LHCb": 3.360927104949951,
      "total": 2.3091869354248047
    }
  },
  "10800": {
    "training_loss": 7885.013671875,
    "validation_loss": [
      2812.889404296875
    ],
    "validation_chi2s": {
      "DEUTERON": 2.2253581943796643,
      "NMC": 2.5073601217830883,
      "NUCLEAR": 1.9398653564453125,
      "HERACOMB": 2.538183274611928,
      "DYE886": 1.8823210976340554,
      "CDF": 1.8648710250854492,
      "D0": 0.6850199699401855,
      "ATLAS": 3.0447125623455156,
      "CMS": 2.165076834256532,
      "LHCb": 3.4753360748291016,
      "total": 2.3874382972717285
    }
  },
  "10900": {
    "training_loss": 8303.4384765625,
    "validation_loss": [
      2745.8203125
    ],
    "validation_chi2s": {
      "DEUTERON": 1.9867675173935013,
      "NMC": 2.5411457734949447,
      "NUCLEAR": 1.9588480224609375,
      "HERACOMB": 2.5195055194929536,
      "DYE886": 1.9892879832874646,
      "CDF": 1.9708935873849052,
      "D0": 0.6160505294799805,
      "ATLAS": 2.9779890674655722,
      "CMS": 2.064389338258837,
      "LHCb": 3.5356690883636475,
      "total": 2.3305954933166504
    }
  },
  "11000": {
    "training_loss": 7916.24658203125,
    "validation_loss": [
      2722.31494140625
    ],
    "validation_chi2s": {
      "DEUTERON": 1.9974662818718905,
      "NMC": 2.5434357886220895,
      "NUCLEAR": 1.9257879638671875,
      "HERACOMB": 2.5004505830652572,
      "DYE886": 2.245325955477628,
      "CDF": 1.870574678693499,
      "D0": 0.6192433357238769,
      "ATLAS": 2.891122419281868,
      "CMS": 2.091762230044506,
      "LHCb": 3.4036457538604736,
      "total": 2.3109633922576904
    }
  },
  "11100": {
    "training_loss": 7921.2275390625,
    "validation_loss": [
      2752.48046875
    ],
    "validation_chi2s": {
      "DEUTERON": 2.139574800557758,
      "NMC": 2.517935360179228,
      "NUCLEAR": 1.9281651611328126,
      "HERACOMB": 2.516254898769404,
      "DYE886": 1.9369189522483132,
      "CDF": 1.812751225062779,
      "D0": 0.6503260612487793,
      "ATLAS": 2.892520710573358,
      "CMS": 2.144723610799821,
      "LHCb": 3.3207950592041016,
      "total": 2.3363218307495117
    }
  },
  "11200": {
    "training_loss": 7931.7412109375,
    "validation_loss": [
      2707.878173828125
    ],
    "validation_chi2s": {
      "DEUTERON": 2.003647078329058,
      "NMC": 2.5281650318818936,
      "NUCLEAR": 1.9127469482421875,
      "HERACOMB": 2.5187569412530637,
      "DYE886": 2.0326499938964844,
      "CDF": 1.7746012551443917,
      "D0": 0.6629726409912109,
      "ATLAS": 2.8094835874051025,
      "CMS": 2.143248010854252,
      "LHCb": 3.273660898208618,
      "total": 2.298708200454712
    }
  },
  "11300": {
    "training_loss": 7876.08642578125,
    "validation_loss": [
      2712.1171875
    ],
    "validation_chi2s": {
      "DEUTERON": 1.9871504294931592,
      "NMC": 2.5494501450482536,
      "NUCLEAR": 1.9202218017578125,
      "HERACOMB": 2.4726177539700775,
      "DYE886": 2.0316252274946733,
      "CDF": 1.8116585867745536,
      "D0": 0.6173603057861328,
      "ATLAS": 2.896383339402366,
      "CMS": 2.1092631855949024,
      "LHCb": 3.514399528503418,
      "total": 2.302306890487671
    }
  }
}