{
  "100": {
    "training_loss": 29634.75,
    "validation_loss": [
      13893.853515625
    ],
    "validation_chi2s": {
      "DEUTERON": 13.149010805348258,
      "NMC": 6.524966370825674,
      "NUCLEAR": 7.41877734375,
      "HERACOMB": 7.638708575878268,
      "DYE886": 48.07449063387784,
      "CDF": 4.441839490618024,
      "D0": 11.297681427001953,
      "ATLAS": 19.243732344632768,
      "CMS": 7.359799219557076,
      "LHCb": 18.16859245300293,
      "total": 11.25543212890625
    }
  },
  "200": {
    "training_loss": 18400.328125,
    "validation_loss": [
      8519.2109375
    ],
    "validation_chi2s": {
      "DEUTERON": 10.85516995102612,
      "NMC": 3.852621639476103,
      "NUCLEAR": 5.37657568359375,
      "HERACOMB": 5.265434315002042,
      "DYE886": 38.4445107199929,
      "CDF": 4.750540052141462,
      "D0": 7.833721160888672,
      "ATLAS": 7.553850249382062,
      "CMS": 4.204866015221461,
      "LHCb": 6.944937229156494,
      "total": 7.102097034454346
    }
  },
  "300": {
    "training_loss": 15957.009765625,
    "validation_loss": [
      7082.64453125
    ],
    "validation_chi2s": {
      "DEUTERON": 9.95663528062811,
      "NMC": 3.7453227323644303,
      "NUCLEAR": 4.19612890625,
      "HERACOMB": 3.6538261463439543,
      "DYE886": 41.98897205699574,
      "CDF": 5.047092982700893,
      "D0": 4.748796463012695,
      "ATLAS": 5.076756019376766,
      "CMS": 3.781291867090651,
      "LHCb": 6.437840461730957,
      "total": 5.886241436004639
    }
  },
  "400": {
    "training_loss": 15400.380859375,
    "validation_loss": [
      6880.294921875
    ],
    "validation_chi2s": {
      "DEUTERON": 9.663953183302239,
      "NMC": 3.6457941391888786,
      "NUCLEAR": 3.902982666015625,
      "HERACOMB": 3.520299973830678,
      "DYE886": 43.0900712446733,
      "CDF": 5.543188367571149,
      "D0": 5.276978302001953,
      "ATLAS": 4.787784210032663,
      "CMS": 3.64601475739282,
      "LHCb": 6.137685775756836,
      "total": 5.69746208190918
    }
  },
  "500": {
    "training_loss": 14787.578125,
    "validation_loss": [
      6849.2138671875
    ],
    "validation_chi2s": {
      "DEUTERON": 10.380927394278608,
      "NMC": 3.60688123516008,
      "NUCLEAR": 3.864075439453125,
      "HERACOMB": 3.3954607396343954,
      "DYE886": 39.9111161665483,
      "CDF": 6.448256356375558,
      "D0": 3.786058044433594,
      "ATLAS": 4.5094459663003175,
      "CMS": 3.7788623147759557,
      "LHCb": 5.764444351196289,
      "total": 5.672443389892578
    }
  },
  "600": {
    "training_loss": 11083061.4453125,
    "validation_loss": [
      368887.375
    ],
    "validation_chi2s": {
      "DEUTERON": 1812.7394278606964,
      "NMC": 3.726756675570619,
      "NUCLEAR": 4.37364208984375,
      "HERACOMB": 3.2439264035692403,
      "DYE886": 21.10237676447088,
      "CDF": 9.143542698451451,
      "D0": 3.7260768890380858,
      "ATLAS": 3.7136816682115112,
      "CMS": 6.2361061789772725,
      "LHCb": 5.072483062744141,
      "total": 313.3189697265625
    }
  },
  "700": {
    "training_loss": 18771.4921875,
    "validation_loss": [
      18497.453125
    ],
    "validation_chi2s": {
      "DEUTERON": 63.11535583799751,
      "NMC": 3.225451899509804,
      "NUCLEAR": 3.46052490234375,
      "HERACOMB": 2.9971490997114993,
      "DYE886": 63.01595791903409,
      "CDF": 8.467122214181083,
      "D0": 17.970947265625,
      "ATLAS": 6.6888379457980225,
      "CMS": 4.888382336324897,
      "LHCb": 11.287370681762695,
      "total": 15.628621101379395
    }
  },
  "800": {
    "training_loss": 14305.671875,
    "validation_loss": [
      43021.203125
    ],
    "validation_chi2s": {
      "DEUTERON": 194.93518734452735,
      "NMC": 3.1859304390701593,
      "NUCLEAR": 3.61621875,
      "HERACOMB": 3.140490363625919,
      "DYE886": 18.753001819957387,
      "CDF": 5.700140271868024,
      "D0": 3.3938949584960936,
      "ATLAS": 3.4582447116657837,
      "CMS": 2.8026468576478565,
      "LHCb": 9.509662628173828,
      "total": 36.492305755615234
    }
  },
  "900": {
    "training_loss": 7965.5625,
    "validation_loss": [
      3081.41552734375
    ],
    "validation_chi2s": {
      "DEUTERON": 2.78904883541278,
      "NMC": 2.650532142788756,
      "NUCLEAR": 2.0039154052734376,
      "HERACOMB": 2.9633713267207926,
      "DYE886": 2.8365294716574927,
      "CDF": 2.589572089059012,
      "D0": 1.8636249542236327,
      "ATLAS": 2.677226093529308,
      "CMS": 2.2797957491283576,
      "LHCb": 3.5278031826019287,
      "total": 2.604355812072754
    }
  },
  "1000": {
    "training_loss": 7774.02734375,
    "validation_loss": [
      5342.89208984375
    ],
    "validation_chi2s": {
      "DEUTERON": 14.124055017879353,
      "NMC": 2.493042889763327,
      "NUCLEAR": 1.9853092041015625,
      "HERACOMB": 2.915762907539318,
      "DYE886": 3.1487190940163354,
      "CDF": 2.4393580300467357,
      "D0": 1.5924760818481445,
      "ATLAS": 2.6545427397819563,
      "CMS": 2.358349256279055,
      "LHCb": 3.5942676067352295,
      "total": 4.526027679443359
    }
  },
  "1100": {
    "training_loss": 7716.734375,
    "validation_loss": [
      2514207.5
    ],
    "validation_chi2s": {
      "DEUTERON": 12496.109452736318,
      "NMC": 2.4446644502527572,
      "NUCLEAR": 1.9757891845703126,
      "HERACOMB": 2.8966140248417074,
      "DYE886": 3.1270252574573862,
      "CDF": 2.503350394112723,
      "D0": 1.4297861099243163,
      "ATLAS": 2.6472981770833335,
      "CMS": 2.3644406657573604,
      "LHCb": 3.6525824069976807,
      "total": 2136.1044921875
    }
  },
  "1200": {
    "training_loss": 7694.7998046875,
    "validation_loss": [
      3229.6826171875
    ],
    "validation_chi2s": {
      "DEUTERON": 3.7480499115749377,
      "NMC": 2.423979216930913,
      "NUCLEAR": 1.968054931640625,
      "HERACOMB": 2.882930780547896,
      "DYE886": 3.0422352877530185,
      "CDF": 2.5570504324776784,
      "D0": 1.3229708671569824,
      "ATLAS": 2.6432064077948447,
      "CMS": 2.354489413174716,
      "LHCb": 3.682307004928589,
      "total": 2.735602617263794
    }
  },
  "1300": {
    "training_loss": 7672.38427734375,
    "validation_loss": [
      3179.00439453125
    ],
    "validation_chi2s": {
      "DEUTERON": 3.4515040762981966,
      "NMC": 2.4171978819604014,
      "NUCLEAR": 1.9605089111328124,
      "HERACOMB": 2.8896219091477735,
      "DYE886": 3.107566139914773,
      "CDF": 2.6089714595249722,
      "D0": 1.359858798980713,
      "ATLAS": 2.663855428749559,
      "CMS": 2.3772371150245353,
      "LHCb": 3.725809335708618,
      "total": 2.6932733058929443
    }
  },
  "1400": {
    "training_loss": 7668.1396484375,
    "validation_loss": [
      3031.9072265625
    ],
    "validation_chi2s": {
      "DEUTERON": 2.7753083338191855,
      "NMC": 2.411559161017923,
      "NUCLEAR": 1.9569351806640625,
      "HERACOMB": 2.8765946930530024,
      "DYE886": 3.0700239701704546,
      "CDF": 2.6032510484967912,
      "D0": 1.3024514198303223,
      "ATLAS": 2.6594195177326094,
      "CMS": 2.3598582370222108,
      "LHCb": 3.7183594703674316,
      "total": 2.5695273876190186
    }
  },
  "1500": {
    "training_loss": 7668.7861328125,
    "validation_loss": [
      2990.34228515625
    ],
    "validation_chi2s": {
      "DEUTERON": 2.6321490083760883,
      "NMC": 2.405764710669424,
      "NUCLEAR": 1.955484130859375,
      "HERACOMB": 2.861064437168096,
      "DYE886": 3.0331552678888496,
      "CDF": 2.5883614676339284,
      "D0": 1.2377273559570312,
      "ATLAS": 2.653110655014124,
      "CMS": 2.336974593233471,
      "LHCb": 3.6933417320251465,
      "total": 2.5351734161376953
    }
  },
  "1600": {
    "training_loss": 7669.55615234375,
    "validation_loss": [
      2951.03759765625
    ],
    "validation_chi2s": {
      "DEUTERON": 2.478656825734608,
      "NMC": 2.402692009420956,
      "NUCLEAR": 1.95351708984375,
      "HERACOMB": 2.852459676904616,
      "DYE886": 2.9944527365944604,
      "CDF": 2.5819770268031528,
      "D0": 1.1940381050109863,
      "ATLAS": 2.643779172735699,
      "CMS": 2.325748916499871,
      "LHCb": 3.695725440979004,
      "total": 2.5025479793548584
    }
  },
  "1700": {
    "training_loss": 7671.26708984375,
    "validation_loss": [
      2927.99365234375
    ],
    "validation_chi2s": {
      "DEUTERON": 2.401235551976446,
      "NMC": 2.4004989324831496,
      "NUCLEAR": 1.9509306640625,
      "HERACOMB": 2.844504562078738,
      "DYE886": 2.9498072537508877,
      "CDF": 2.5882677350725447,
      "D0": 1.152928924560547,
      "ATLAS": 2.639998786193503,
      "CMS": 2.315969167662061,
      "LHCb": 3.692483901977539,
      "total": 2.4838056564331055
    }
  },
  "1800": {
    "training_loss": 7666.44873046875,
    "validation_loss": [
      2926.55810546875
    ],
    "validation_chi2s": {
      "DEUTERON": 2.3998596798721237,
      "NMC": 2.397753996007583,
      "NUCLEAR": 1.9483902587890625,
      "HERACOMB": 2.840488209443934,
      "DYE886": 2.9774398803710938,
      "CDF": 2.5947603498186385,
      "D0": 1.1597366333007812,
      "ATLAS": 2.6419953599487993,
      "CMS": 2.3152864314307853,
      "LHCb": 3.700343370437622,
      "total": 2.482924699783325
    }
  },
  "1900": {
    "training_loss": 7661.28466796875,
    "validation_loss": [
      2921.56005859375
    ],
    "validation_chi2s": {
      "DEUTERON": 2.3755241128342663,
      "NMC": 2.3966381596583948,
      "NUCLEAR": 1.9457410888671876,
      "HERACOMB": 2.8396245420368667,
      "DYE886": 2.9864078868519175,
      "CDF": 2.608412061418806,
      "D0": 1.1660157203674317,
      "ATLAS": 2.6453331554003356,
      "CMS": 2.316482922262397,
      "LHCb": 3.706709384918213,
      "total": 2.4790334701538086
    }
  },
  "2000": {
    "training_loss": 7658.9326171875,
    "validation_loss": [
      2918.14599609375
    ],
    "validation_chi2s": {
      "DEUTERON": 2.3648016630713617,
      "NMC": 2.394160401587393,
      "NUCLEAR": 1.9424951171875,
      "HERACOMB": 2.8362865572661358,
      "DYE886": 2.988890907981179,
      "CDF": 2.6263316018240794,
      "D0": 1.1630477905273438,
      "ATLAS": 2.6453836731991527,
      "CMS": 2.3186484092523245,
      "LHCb": 3.7253544330596924,
      "total": 2.476402521133423
    }
  },
  "2100": {
    "training_loss": 7655.47607421875,
    "validation_loss": [
      2920.966064453125
    ],
    "validation_chi2s": {
      "DEUTERON": 2.3787504737056904,
      "NMC": 2.3921576107249543,
      "NUCLEAR": 1.9393165283203124,
      "HERACOMB": 2.833529802708844,
      "DYE886": 3.0158133073286577,
      "CDF": 2.6431067330496654,
      "D0": 1.173802089691162,
      "ATLAS": 2.6473952471199684,
      "CMS": 2.3197137501614153,
      "LHCb": 3.744701385498047,
      "total": 2.478938341140747
    }
  },
  "2200": {
    "training_loss": 7652.54443359375,
    "validation_loss": [
      2875.592529296875
    ],
    "validation_chi2s": {
      "DEUTERON": 2.2906658115671643,
      "NMC": 2.389697355382583,
      "NUCLEAR": 1.9399130859375,
      "HERACOMB": 2.814028870825674,
      "DYE886": 2.776983781294389,
      "CDF": 2.625641414097377,
      "D0": 0.9798630714416504,
      "ATLAS": 2.6125212416137007,
      "CMS": 2.2877515051975723,
      "LHCb": 3.655346155166626,
      "total": 2.4416706562042236
    }
  },
  "2300": {
    "training_loss": 7646.00341796875,
    "validation_loss": [
      2874.61572265625
    ],
    "validation_chi2s": {
      "DEUTERON": 2.306620887262904,
      "NMC": 2.3843057669845282,
      "NUCLEAR": 1.9365809326171874,
      "HERACOMB": 2.808437571806066,
      "DYE886": 2.7959761186079546,
      "CDF": 2.612072535923549,
      "D0": 0.9697525978088379,
      "ATLAS": 2.6043366685425493,
      "CMS": 2.285033675264721,
      "LHCb": 3.6634533405303955,
      "total": 2.440899133682251
    }
  },
  "2400": {
    "training_loss": 7645.1171875,
    "validation_loss": [
      2878.2236328125
    ],
    "validation_chi2s": {
      "DEUTERON": 2.3154290801850124,
      "NMC": 2.3864056456322764,
      "NUCLEAR": 1.9351456298828125,
      "HERACOMB": 2.809531417547488,
      "DYE886": 2.776373429731889,
      "CDF": 2.629096439906529,
      "D0": 0.981934928894043,
      "ATLAS": 2.6091917221155545,
      "CMS": 2.2919200550426138,
      "LHCb": 3.6754326820373535,
      "total": 2.444075584411621
    }
  },
  "2500": {
    "training_loss": 7644.5244140625,
    "validation_loss": [
      2877.53369140625
    ],
    "validation_chi2s": {
      "DEUTERON": 2.306396332546253,
      "NMC": 2.385956708122702,
      "NUCLEAR": 1.93425537109375,
      "HERACOMB": 2.811017204733456,
      "DYE886": 2.7673731717196377,
      "CDF": 2.6403506142752513,
      "D0": 0.9850198745727539,
      "ATLAS": 2.6130219367937855,
      "CMS": 2.2942000460033576,
      "LHCb": 3.6810035705566406,
      "total": 2.4435975551605225
    }
  },
  "2600": {
    "training_loss": 7644.21142578125,
    "validation_loss": [
      2878.419921875
    ],
    "validation_chi2s": {
      "DEUTERON": 2.303072649448072,
      "NMC": 2.3896494846717986,
      "NUCLEAR": 1.9311480712890625,
      "HERACOMB": 2.812252867455576,
      "DYE886": 2.7576078935102983,
      "CDF": 2.66640990121024,
      "D0": 0.9917009353637696,
      "ATLAS": 2.6237467103085277,
      "CMS": 2.2912272303557595,
      "LHCb": 3.6926887035369873,
      "total": 2.4445056915283203
    }
  },
  "2700": {
    "training_loss": 7644.87353515625,
    "validation_loss": [
      2869.242431640625
    ],
    "validation_chi2s": {
      "DEUTERON": 2.273537555144201,
      "NMC": 2.3786214192708335,
      "NUCLEAR": 1.931004150390625,
      "HERACOMB": 2.8049697377323324,
      "DYE886": 2.833928194912997,
      "CDF": 2.62481689453125,
      "D0": 0.9964818954467773,
      "ATLAS": 2.612355722545904,
      "CMS": 2.286489187193311,
      "LHCb": 3.71254301071167,
      "total": 2.436619520187378
    }
  },
  "2800": {
    "training_loss": 7638.40478515625,
    "validation_loss": [
      2869.50244140625
    ],
    "validation_chi2s": {
      "DEUTERON": 2.2819610140216886,
      "NMC": 2.3791339350681677,
      "NUCLEAR": 1.9290440673828124,
      "HERACOMB": 2.8029926773769405,
      "DYE886": 2.8233422366055576,
      "CDF": 2.6318296704973494,
      "D0": 0.984280014038086,
      "ATLAS": 2.6102320784229343,
      "CMS": 2.2899712176362343,
      "LHCb": 3.7135744094848633,
      "total": 2.4369566440582275
    }
  },
  "2900": {
    "training_loss": 7639.68115234375,
    "validation_loss": [
      2872.73828125
    ],
    "validation_chi2s": {
      "DEUTERON": 2.285602930173352,
      "NMC": 2.3811865413890168,
      "NUCLEAR": 1.9310634765625,
      "HERACOMB": 2.809915580001532,
      "DYE886": 2.773885553533381,
      "CDF": 2.6500631059919084,
      "D0": 0.9838127136230469,
      "ATLAS": 2.614099707307115,
      "CMS": 2.2918736481469524,
      "LHCb": 3.711071252822876,
      "total": 2.4397854804992676
    }
  },
  "3000": {
    "training_loss": 7638.2998046875,
    "validation_loss": [
      2874.8994140625
    ],
    "validation_chi2s": {
      "DEUTERON": 2.2925547130072297,
      "NMC": 2.3820857627719056,
      "NUCLEAR": 1.930425048828125,
      "HERACOMB": 2.8097905177696076,
      "DYE886": 2.7767906188964844,
      "CDF": 2.6476982661655972,
      "D0": 0.991424560546875,
      "ATLAS": 2.6160821429753707,
      "CMS": 2.2933722882231407,
      "LHCb": 3.72125244140625,
      "total": 2.4416773319244385
    }
  },
  "3100": {
    "training_loss": 7642.30322265625,
    "validation_loss": [
      2878.7958984375
    ],
    "validation_chi2s": {
      "DEUTERON": 2.29264990963153,
      "NMC": 2.3842800364774814,
      "NUCLEAR": 1.9314339599609376,
      "HERACOMB": 2.813240998710682,
      "DYE886": 2.746280149980025,
      "CDF": 2.658811024257115,
      "D0": 1.003631591796875,
      "ATLAS": 2.62217583090572,
      "CMS": 2.3056383369382747,
      "LHCb": 3.7309937477111816,
      "total": 2.444941520690918
    }
  },
  "3200": {
    "training_loss": 7631.1865234375,
    "validation_loss": [
      2870.349609375
    ],
    "validation_chi2s": {
      "DEUTERON": 2.2848891832342195,
      "NMC": 2.377893934062883,
      "NUCLEAR": 1.9264498291015626,
      "HERACOMB": 2.800226149216197,
      "DYE886": 2.818796678022905,
      "CDF": 2.640406472342355,
      "D0": 0.9815533638000489,
      "ATLAS": 2.614432814431056,
      "CMS": 2.292864586696152,
      "LHCb": 3.7473082542419434,
      "total": 2.4379217624664307
    }
  },
  "3300": {
    "training_loss": 7628.19140625,
    "validation_loss": [
      2868.390380859375
    ],
    "validation_chi2s": {
      "DEUTERON": 2.280857219031794,
      "NMC": 2.380202798282399,
      "NUCLEAR": 1.9272684326171876,
      "HERACOMB": 2.8032517775990606,
      "DYE886": 2.751307400790128,
      "CDF": 2.646325247628348,
      "D0": 0.963376235961914,
      "ATLAS": 2.615525067862818,
      "CMS": 2.289503365508781,
      "LHCb": 3.737003803253174,
      "total": 2.4364519119262695
    }
  },
  "3400": {
    "training_loss": 7634.27099609375,
    "validation_loss": [
      2876.7744140625
    ],
    "validation_chi2s": {
      "DEUTERON": 2.2857407906755287,
      "NMC": 2.3827107747395835,
      "NUCLEAR": 1.9298182373046875,
      "HERACOMB": 2.8131460551342933,
      "DYE886": 2.7455836209383877,
      "CDF": 2.657974515642439,
      "D0": 0.9916546821594239,
      "ATLAS": 2.624691720736229,
      "CMS": 2.3002843935627584,
      "LHCb": 3.749105930328369,
      "total": 2.4435267448425293
    }
  },
  "3500": {
    "training_loss": 7630.359375,
    "validation_loss": [
      2870.5673828125
    ],
    "validation_chi2s": {
      "DEUTERON": 2.2762073118295243,
      "NMC": 2.3751008276845895,
      "NUCLEAR": 1.9255234375,
      "HERACOMB": 2.800848667917688,
      "DYE886": 2.8335803638805044,
      "CDF": 2.636038371494838,
      "D0": 0.9887839317321777,
      "ATLAS": 2.6176978504590394,
      "CMS": 2.2971456228208935,
      "LHCb": 3.773099660873413,
      "total": 2.4382271766662598
    }
  },
  "3600": {
    "training_loss": 7626.2734375,
    "validation_loss": [
      2867.224609375
    ],
    "validation_chi2s": {
      "DEUTERON": 2.2681001122318096,
      "NMC": 2.373320635627298,
      "NUCLEAR": 1.926056884765625,
      "HERACOMB": 2.80300883374183,
      "DYE886": 2.8144250349564985,
      "CDF": 2.6269463130405972,
      "D0": 0.9638404846191406,
      "ATLAS": 2.6165040441825567,
      "CMS": 2.291369729790806,
      "LHCb": 3.7528207302093506,
      "total": 2.4354920387268066
    }
  },
  "3700": {
    "training_loss": 7629.61279296875,
    "validation_loss": [
      2875.87646484375
    ],
    "validation_chi2s": {
      "DEUTERON": 2.2807100969760574,
      "NMC": 2.379019344554228,
      "NUCLEAR": 1.9298861083984375,
      "HERACOMB": 2.8120585921543095,
      "DYE886": 2.7424319874156606,
      "CDF": 2.642362322126116,
      "D0": 0.9722293853759766,
      "ATLAS": 2.6288119386144952,
      "CMS": 2.3037709638106922,
      "LHCb": 3.7492337226867676,
      "total": 2.442903995513916
    }
  },
  "3800": {
    "training_loss": 7625.0478515625,
    "validation_loss": [
      2867.42919921875
    ],
    "validation_chi2s": {
      "DEUTERON": 2.261600627234919,
      "NMC": 2.36675157733992,
      "NUCLEAR": 1.9245709228515624,
      "HERACOMB": 2.7986737419577206,
      "DYE886": 2.9075022610751065,
      "CDF": 2.6036458696637834,
      "D0": 0.9874503135681152,
      "ATLAS": 2.6173219842425848,
      "CMS": 2.2935163009265236,
      "LHCb": 3.779907464981079,
      "total": 2.4355363845825195
    }
  },
  "3900": {
    "training_loss": 7620.7119140625,
    "validation_loss": [
      2867.91015625
    ],
    "validation_chi2s": {
      "DEUTERON": 2.270162402100824,
      "NMC": 2.368977565391391,
      "NUCLEAR": 1.9248345947265626,
      "HERACOMB": 2.795674841388378,
      "DYE886": 2.8532479026100854,
      "CDF": 2.590656280517578,
      "D0": 0.955935287475586,
      "ATLAS": 2.6288067661436263,
      "CMS": 2.2921694921067925,
      "LHCb": 3.758446455001831,
      "total": 2.4360175132751465
    }
  },
  "4000": {
    "training_loss": 7623.8017578125,
    "validation_loss": [
      2875.06689453125
    ],
    "validation_chi2s": {
      "DEUTERON": 2.2764816663751555,
      "NMC": 2.3792183071959254,
      "NUCLEAR": 1.9330823974609375,
      "HERACOMB": 2.8134905247906454,
      "DYE886": 2.7178369001908735,
      "CDF": 2.6233130863734653,
      "D0": 0.9598760604858398,
      "ATLAS": 2.6263126006907664,
      "CMS": 2.3059515834839877,
      "LHCb": 3.739609718322754,
      "total": 2.442150592803955
    }
  },
  "4100": {
    "training_loss": 7619.44287109375,
    "validation_loss": [
      2867.80517578125
    ],
    "validation_chi2s": {
      "DEUTERON": 2.268880663819574,
      "NMC": 2.376252567066866,
      "NUCLEAR": 1.9297490234375,
      "HERACOMB": 2.8011606253829657,
      "DYE886": 2.7488153631036933,
      "CDF": 2.604046412876674,
      "D0": 0.9320084571838378,
      "ATLAS": 2.6285753842801025,
      "CMS": 2.295453788820377,
      "LHCb": 3.7336714267730713,
      "total": 2.4361376762390137
    }
  },
  "4200": {
    "training_loss": 7628.46875,
    "validation_loss": [
      2875.0458984375
    ],
    "validation_chi2s": {
      "DEUTERON": 2.274143503673041,
      "NMC": 2.370505538641238,
      "NUCLEAR": 1.932661376953125,
      "HERACOMB": 2.8123304578993054,
      "DYE886": 2.7977704134854404,
      "CDF": 2.5875791822160994,
      "D0": 0.9743588447570801,
      "ATLAS": 2.621817206258828,
      "CMS": 2.3059939549974175,
      "LHCb": 3.7522687911987305,
      "total": 2.4420595169067383
    }
  },
  "4300": {
    "training_loss": 7618.5908203125,
    "validation_loss": [
      2865.8818359375
    ],
    "validation_chi2s": {
      "DEUTERON": 2.2606586816892102,
      "NMC": 2.3706219243068323,
      "NUCLEAR": 1.92963134765625,
      "HERACOMB": 2.801846373314951,
      "DYE886": 2.79562724720348,
      "CDF": 2.581060137067522,
      "D0": 0.9302658081054688,
      "ATLAS": 2.6253732799810203,
      "CMS": 2.2916310207902892,
      "LHCb": 3.7343173027038574,
      "total": 2.434509038925171
    }
  },
  "4400": {
    "training_loss": 7619.77880859375,
    "validation_loss": [
      2866.490478515625
    ],
    "validation_chi2s": {
      "DEUTERON": 2.259142519822761,
      "NMC": 2.37084212957644,
      "NUCLEAR": 1.9326009521484375,
      "HERACOMB": 2.8008123659620097,
      "DYE886": 2.8088502016934482,
      "CDF": 2.5586084638323103,
      "D0": 0.9369779586791992,
      "ATLAS": 2.627114678506797,
      "CMS": 2.2906030071668386,
      "LHCb": 3.7370707988739014,
      "total": 2.435023546218872
    }
  },
  "4500": {
    "training_loss": 7613.28173828125,
    "validation_loss": [
      2871.830078125
    ],
    "validation_chi2s": {
      "DEUTERON": 2.2461945642879355,
      "NMC": 2.385238049077053,
      "NUCLEAR": 1.9427803955078125,
      "HERACOMB": 2.8204912173202614,
      "DYE886": 2.634879372336648,
      "CDF": 2.6065060751778737,
      "D0": 0.930931568145752,
      "ATLAS": 2.638352043884622,
      "CMS": 2.2973995996900825,
      "LHCb": 3.7091543674468994,
      "total": 2.4393258094787598
    }
  },
  "4600": {
    "training_loss": 7632.76318359375,
    "validation_loss": [
      2875.29443359375
    ],
    "validation_chi2s": {
      "DEUTERON": 2.268009470469916,
      "NMC": 2.376682057100184,
      "NUCLEAR": 1.9313209228515624,
      "HERACOMB": 2.806375740400327,
      "DYE886": 2.779389121315696,
      "CDF": 2.5815181732177734,
      "D0": 0.9360380172729492,
      "ATLAS": 2.6533785890051202,
      "CMS": 2.29483259216813,
      "LHCb": 3.7634291648864746,
      "total": 2.442643880844116
    }
  },
  "4700": {
    "training_loss": 7608.2421875,
    "validation_loss": [
      2909.331787109375
    ],
    "validation_chi2s": {
      "DEUTERON": 2.242555077396222,
      "NMC": 2.378006430233226,
      "NUCLEAR": 1.93637890625,
      "HERACOMB": 2.8279961480034723,
      "DYE886": 3.0834003795276987,
      "CDF": 2.587817055838449,
      "D0": 1.155968189239502,
      "ATLAS": 2.7003860042593573,
      "CMS": 2.368407446490832,
      "LHCb": 3.890516996383667,
      "total": 2.470726490020752
    }
  },
  "4800": {
    "training_loss": 7611.7587890625,
    "validation_loss": [
      2899.0361328125
    ],
    "validation_chi2s": {
      "DEUTERON": 2.2537126683477147,
      "NMC": 2.3822353587431064,
      "NUCLEAR": 1.9362276611328124,
      "HERACOMB": 2.8231452493106617,
      "DYE886": 2.9643755826083096,
      "CDF": 2.5849854605538503,
      "D0": 1.0619997024536132,
      "ATLAS": 2.699594443800759,
      "CMS": 2.3280241154442147,
      "LHCb": 3.826608180999756,
      "total": 2.4624733924865723
    }
  },
  "4900": {
    "training_loss": 7603.59912109375,
    "validation_loss": [
      2911.9150390625
    ],
    "validation_chi2s": {
      "DEUTERON": 2.2707057971859452,
      "NMC": 2.369732576258042,
      "NUCLEAR": 1.9315653076171875,
      "HERACOMB": 2.8152178596047794,
      "DYE886": 3.16560883955522,
      "CDF": 2.568069185529436,
      "D0": 1.1556617736816406,
      "ATLAS": 2.7213057178561972,
      "CMS": 2.3457876158154702,
      "LHCb": 3.898886203765869,
      "total": 2.473295211791992
    }
  },
  "5000": {
    "training_loss": 7609.2783203125,
    "validation_loss": [
      2901.90771484375
    ],
    "validation_chi2s": {
      "DEUTERON": 2.257530705845771,
      "NMC": 2.3692327761182597,
      "NUCLEAR": 1.937449951171875,
      "HERACOMB": 2.8086653566048816,
      "DYE886": 3.07424614646218,
      "CDF": 2.550140380859375,
      "D0": 1.1189138412475585,
      "ATLAS": 2.699038748013771,
      "CMS": 2.3523425898276087,
      "LHCb": 3.8614695072174072,
      "total": 2.464751720428467
    }
  },
  "5100": {
    "training_loss": 7605.44580078125,
    "validation_loss": [
      2892.955078125
    ],
    "validation_chi2s": {
      "DEUTERON": 2.288807275876477,
      "NMC": 2.3671761307061887,
      "NUCLEAR": 1.9237264404296874,
      "HERACOMB": 2.7916947907092524,
      "DYE886": 3.0955182855779473,
      "CDF": 2.5530030386788503,
      "D0": 1.0357104301452638,
      "ATLAS": 2.6967297570180087,
      "CMS": 2.2977400850658576,
      "LHCb": 3.887449026107788,
      "total": 2.457130193710327
    }
  },
  "5200": {
    "training_loss": 7615.4443359375,
    "validation_loss": [
      2869.71875
    ],
    "validation_chi2s": {
      "DEUTERON": 2.2603724845013216,
      "NMC": 2.3756441602519915,
      "NUCLEAR": 1.9383809814453126,
      "HERACOMB": 2.807681812959559,
      "DYE886": 2.658795790238814,
      "CDF": 2.5811034611293246,
      "D0": 0.8876216888427735,
      "ATLAS": 2.643790724587306,
      "CMS": 2.293047692164902,
      "LHCb": 3.733741521835327,
      "total": 2.4380338191986084
    }
  },
  "5300": {
    "training_loss": 7605.96728515625,
    "validation_loss": [
      2900.265625
    ],
    "validation_chi2s": {
      "DEUTERON": 2.254228126943408,
      "NMC": 2.373787674249387,
      "NUCLEAR": 1.936546630859375,
      "HERACOMB": 2.818969926023795,
      "DYE886": 2.9804052873091265,
      "CDF": 2.559967041015625,
      "D0": 1.053016471862793,
      "ATLAS": 2.711434919281868,
      "CMS": 2.3320009846332646,
      "LHCb": 3.8353400230407715,
      "total": 2.463679313659668
    }
  },
  "5400": {
    "training_loss": 7594.25830078125,
    "validation_loss": [
      2916.702392578125
    ],
    "validation_chi2s": {
      "DEUTERON": 2.258748827882074,
      "NMC": 2.3875920912798714,
      "NUCLEAR": 1.9430421142578125,
      "HERACOMB": 2.8361616944955066,
      "DYE886": 3.040318575772372,
      "CDF": 2.554976054600307,
      "D0": 1.118527603149414,
      "ATLAS": 2.7180274058196505,
      "CMS": 2.3529082999741737,
      "LHCb": 3.877244234085083,
      "total": 2.47682523727417
    }
  },
  "5500": {
    "training_loss": 7596.23974609375,
    "validation_loss": [
      2946.176513671875
    ],
    "validation_chi2s": {
      "DEUTERON": 2.4323917218108675,
      "NMC": 2.3673749437519147,
      "NUCLEAR": 1.935791015625,
      "HERACOMB": 2.814688289866728,
      "DYE886": 3.146805849942294,
      "CDF": 2.5174386160714284,
      "D0": 1.1049670219421386,
      "ATLAS": 2.716289972854873,
      "CMS": 2.365625050442278,
      "LHCb": 3.9162375926971436,
      "total": 2.5022380352020264
    }
  },
  "5600": {
    "training_loss": 7605.5380859375,
    "validation_loss": [
      2878.43701171875
    ],
    "validation_chi2s": {
      "DEUTERON": 2.2694680892412937,
      "NMC": 2.374071009018842,
      "NUCLEAR": 1.9469451904296875,
      "HERACOMB": 2.8100268794041052,
      "DYE886": 2.6908701116388496,
      "CDF": 2.5071103232247487,
      "D0": 0.8758552551269532,
      "ATLAS": 2.675174863998499,
      "CMS": 2.291172752695635,
      "LHCb": 3.695925235748291,
      "total": 2.4455056190490723
    }
  },
  "5700": {
    "training_loss": 7601.7705078125,
    "validation_loss": [
      2898.918701171875
    ],
    "validation_chi2s": {
      "DEUTERON": 2.2612962105974037,
      "NMC": 2.3742277855966605,
      "NUCLEAR": 1.9356688232421875,
      "HERACOMB": 2.8108348971098858,
      "DYE886": 3.02657734264027,
      "CDF": 2.5071838923863004,
      "D0": 1.001948928833008,
      "ATLAS": 2.7035720738987465,
      "CMS": 2.3324390758167612,
      "LHCb": 3.8696448802948,
      "total": 2.4625144004821777
    }
  },
  "5800": {
    "training_loss": 7631.0615234375,
    "validation_loss": [
      2867.2021484375
    ],
    "validation_chi2s": {
      "DEUTERON": 2.255099320293066,
      "NMC": 2.367714526606541,
      "NUCLEAR": 1.9462025146484374,
      "HERACOMB": 2.8063400368285336,
      "DYE886": 2.7612944516268643,
      "CDF": 2.4744627816336497,
      "D0": 0.8447409629821777,
      "ATLAS": 2.6474812825520835,
      "CMS": 2.2825423311596076,
      "LHCb": 3.632148265838623,
      "total": 2.435732126235962
    }
  },
  "5900": {
    "training_loss": 7591.50537109375,
    "validation_loss": [
      2915.849609375
    ],
    "validation_chi2s": {
      "DEUTERON": 2.2564592503789647,
      "NMC": 2.373768226773131,
      "NUCLEAR": 1.9406385498046874,
      "HERACOMB": 2.833015192567913,
      "DYE886": 3.084149794145064,
      "CDF": 2.469905035836356,
      "D0": 1.010451889038086,
      "ATLAS": 2.722707285045904,
      "CMS": 2.369954258942407,
      "LHCb": 3.8888885974884033,
      "total": 2.4766745567321777
    }
  },
  "6000": {
    "training_loss": 7588.6875,
    "validation_loss": [
      2922.890625
    ],
    "validation_chi2s": {
      "DEUTERON": 2.2617140433088463,
      "NMC": 2.364521998985141,
      "NUCLEAR": 1.9443017578125,
      "HERACOMB": 2.8453115824780433,
      "DYE886": 3.0487865101207388,
      "CDF": 2.4433130536760603,
      "D0": 1.0263658523559571,
      "ATLAS": 2.712717519641596,
      "CMS": 2.40129202850594,
      "LHCb": 3.893386125564575,
      "total": 2.4823038578033447
    }
  },
  "6100": {
    "training_loss": 7595.75244140625,
    "validation_loss": [
      2874.615966796875
    ],
    "validation_chi2s": {
      "DEUTERON": 2.2592736998600746,
      "NMC": 2.3700494205250457,
      "NUCLEAR": 1.9631270751953125,
      "HERACOMB": 2.824704438253166,
      "DYE886": 2.6149878068403765,
      "CDF": 2.422102791922433,
      "D0": 0.7870733261108398,
      "ATLAS": 2.6564734507415255,
      "CMS": 2.3018148122740185,
      "LHCb": 3.528440475463867,
      "total": 2.4418935775756836
    }
  },
  "6200": {
    "training_loss": 7605.56689453125,
    "validation_loss": [
      2883.191650390625
    ],
    "validation_chi2s": {
      "DEUTERON": 2.2716305860832557,
      "NMC": 2.3625150194355085,
      "NUCLEAR": 1.9310863037109376,
      "HERACOMB": 2.7967912262561274,
      "DYE886": 2.9766325517134233,
      "CDF": 2.442558561052595,
      "D0": 0.8721549034118652,
      "ATLAS": 2.681380622131003,
      "CMS": 2.3031018469944473,
      "LHCb": 3.8330557346343994,
      "total": 2.449378490447998
    }
  },
  "6300": {
    "training_loss": 7615.76708984375,
    "validation_loss": [
      2879.67822265625
    ],
    "validation_chi2s": {
      "DEUTERON": 2.265103468254431,
      "NMC": 2.3573523128733918,
      "NUCLEAR": 1.9379918212890626,
      "HERACOMB": 2.803219265407986,
      "DYE886": 2.9354900013316763,
      "CDF": 2.412794385637556,
      "D0": 0.8492454528808594,
      "ATLAS": 2.676893848483845,
      "CMS": 2.3002195752356664,
      "LHCb": 3.739346742630005,
      "total": 2.446518659591675
    }
  },
  "6400": {
    "training_loss": 7603.3193359375,
    "validation_loss": [
      2891.91796875
    ],
    "validation_chi2s": {
      "DEUTERON": 2.256825005830224,
      "NMC": 2.3683145560470282,
      "NUCLEAR": 1.941310546875,
      "HERACOMB": 2.8142033994587417,
      "DYE886": 2.9191613630814985,
      "CDF": 2.4303076607840404,
      "D0": 0.8843828201293945,
      "ATLAS": 2.6943257649739585,
      "CMS": 2.323585447201059,
      "LHCb": 3.8287792205810547,
      "total": 2.456693172454834
    }
  },
  "6500": {
    "training_loss": 7587.26708984375,
    "validation_loss": [
      2891.625244140625
    ],
    "validation_chi2s": {
      "DEUTERON": 2.2794238038324006,
      "NMC": 2.34038184670841,
      "NUCLEAR": 1.9684285888671875,
      "HERACOMB": 2.8333752202052698,
      "DYE886": 2.866003383289684,
      "CDF": 2.3205296652657643,
      "D0": 0.8089951515197754,
      "ATLAS": 2.6467009291137007,
      "CMS": 2.3364008123224433,
      "LHCb": 3.6328799724578857,
      "total": 2.4566290378570557
    }
  },
  "6600": {
    "training_loss": 7581.4296875,
    "validation_loss": [
      2897.39306640625
    ],
    "validation_chi2s": {
      "DEUTERON": 2.258485253177472,
      "NMC": 2.368534910912607,
      "NUCLEAR": 1.9568470458984375,
      "HERACOMB": 2.8374065324371935,
      "DYE886": 2.8329904729669746,
      "CDF": 2.4119044712611606,
      "D0": 0.8440855026245118,
      "ATLAS": 2.6666521837482344,
      "CMS": 2.3497791132651087,
      "LHCb": 3.756739377975464,
      "total": 2.4608285427093506
    }
  },
  "6700": {
    "training_loss": 7639.21337890625,
    "validation_loss": [
      2890.504638671875
    ],
    "validation_chi2s": {
      "DEUTERON": 2.2682987042327425,
      "NMC": 2.3621194876876532,
      "NUCLEAR": 1.9491197509765625,
      "HERACOMB": 2.8351701723983864,
      "DYE886": 2.863639311356978,
      "CDF": 2.3639302934919084,
      "D0": 0.8057657241821289,
      "ATLAS": 2.6696615272996116,
      "CMS": 2.314587301459194,
      "LHCb": 3.7184362411499023,
      "total": 2.455759048461914
    }
  },
  "6800": {
    "training_loss": 7574.708984375,
    "validation_loss": [
      3263.44091796875
    ],
    "validation_chi2s": {
      "DEUTERON": 3.829589540092506,
      "NMC": 2.3764117371802236,
      "NUCLEAR": 1.9366807861328126,
      "HERACOMB": 2.815372043185764,
      "DYE886": 3.585663535378196,
      "CDF": 2.319187709263393,
      "D0": 1.0216997146606446,
      "ATLAS": 2.8183786855579096,
      "CMS": 2.424060411689695,
      "LHCb": 3.98697566986084,
      "total": 2.7711997032165527
    }
  },
  "6900": {
    "training_loss": 7582.244140625,
    "validation_loss": [
      2872.36865234375
    ],
    "validation_chi2s": {
      "DEUTERON": 2.2849159050936723,
      "NMC": 2.3628496656230853,
      "NUCLEAR": 1.932375732421875,
      "HERACOMB": 2.79786652209712,
      "DYE886": 2.9282150268554688,
      "CDF": 2.3113882882254466,
      "D0": 0.7577053546905518,
      "ATLAS": 2.671555341300318,
      "CMS": 2.256711092862216,
      "LHCb": 3.7246947288513184,
      "total": 2.4403650760650635
    }
  },
  "7000": {
    "training_loss": 7570.89697265625,
    "validation_loss": [
      2921.10595703125
    ],
    "validation_chi2s": {
      "DEUTERON": 2.2397398687713777,
      "NMC": 2.4060235116996016,
      "NUCLEAR": 1.9549654541015624,
      "HERACOMB": 2.8602771634369892,
      "DYE886": 2.941096219149503,
      "CDF": 2.3794969831194197,
      "D0": 0.8758822441101074,
      "ATLAS": 2.7500743111648127,
      "CMS": 2.3596098088035897,
      "LHCb": 3.7571823596954346,
      "total": 2.480463981628418
    }
  },
  "7100": {
    "training_loss": 7587.0732421875,
    "validation_loss": [
      2880.274169921875
    ],
    "validation_chi2s": {
      "DEUTERON": 2.2683075103000623,
      "NMC": 2.35417205212163,
      "NUCLEAR": 1.9344752197265624,
      "HERACOMB": 2.788937637229371,
      "DYE886": 2.9940109252929688,
      "CDF": 2.3319004603794644,
      "D0": 0.800576114654541,
      "ATLAS": 2.6907621049611583,
      "CMS": 2.3042632804429237,
      "LHCb": 3.8081166744232178,
      "total": 2.447038173675537
    }
  },
  "7200": {
    "training_loss": 7593.96142578125,
    "validation_loss": [
      2880.294921875
    ],
    "validation_chi2s": {
      "DEUTERON": 2.257051230663091,
      "NMC": 2.359675687902114,
      "NUCLEAR": 1.9350040283203125,
      "HERACOMB": 2.7999985638786766,
      "DYE886": 2.947532307017933,
      "CDF": 2.3412412915910994,
      "D0": 0.802672004699707,
      "ATLAS": 2.703187414481815,
      "CMS": 2.2952558028796486,
      "LHCb": 3.7562735080718994,
      "total": 2.447080135345459
    }
  },
  "7300": {
    "training_loss": 7571.14892578125,
    "validation_loss": [
      2883.09033203125
    ],
    "validation_chi2s": {
      "DEUTERON": 2.25749851815143,
      "NMC": 2.3866746191884958,
      "NUCLEAR": 1.9646512451171876,
      "HERACOMB": 2.825262132033803,
      "DYE886": 2.6169919100674717,
      "CDF": 2.3555199759347096,
      "D0": 0.7587801456451416,
      "ATLAS": 2.683647888528425,
      "CMS": 2.295684057818957,
      "LHCb": 3.6558470726013184,
      "total": 2.4491007328033447
    }
  },
  "7400": {
    "training_loss": 7586.21435546875,
    "validation_loss": [
      2867.20654296875
    ],
    "validation_chi2s": {
      "DEUTERON": 2.2719570178890702,
      "NMC": 2.3647597069833792,
      "NUCLEAR": 1.9526214599609375,
      "HERACOMB": 2.803586074729371,
      "DYE886": 2.598329023881392,
      "CDF": 2.3079536982945035,
      "D0": 0.743632459640503,
      "ATLAS": 2.6550289520436086,
      "CMS": 2.28685111053719,
      "LHCb": 3.639664649963379,
      "total": 2.4360172748565674
    }
  },
  "7500": {
    "training_loss": 7571.03076171875,
    "validation_loss": [
      2871.138427734375
    ],
    "validation_chi2s": {
      "DEUTERON": 2.2689415471470773,
      "NMC": 2.361361634497549,
      "NUCLEAR": 1.9310833740234374,
      "HERACOMB": 2.789560355392157,
      "DYE886": 2.9605914029208096,
      "CDF": 2.3238007681710378,
      "D0": 0.7646531581878662,
      "ATLAS": 2.6546201544292902,
      "CMS": 2.2989756686628358,
      "LHCb": 3.783489227294922,
      "total": 2.4392731189727783
    }
  },
  "7600": {
    "training_loss": 7582.06103515625,
    "validation_loss": [
      2865.6005859375
    ],
    "validation_chi2s": {
      "DEUTERON": 2.261385485900575,
      "NMC": 2.3605834362553617,
      "NUCLEAR": 1.9374896240234376,
      "HERACOMB": 2.788968354268791,
      "DYE886": 2.8067699779163706,
      "CDF": 2.3213209424700056,
      "D0": 0.745131254196167,
      "ATLAS": 2.695489226088012,
      "CMS": 2.273651627469654,
      "LHCb": 3.5992138385772705,
      "total": 2.4346327781677246
    }
  },
  "7700": {
    "training_loss": 7572.40478515625,
    "validation_loss": [
      2908.94580078125
    ],
    "validation_chi2s": {
      "DEUTERON": 2.276573978253265,
      "NMC": 2.3506169038660385,
      "NUCLEAR": 1.9348759765625,
      "HERACOMB": 2.806808970332925,
      "DYE886": 3.187419197776101,
      "CDF": 2.2745748247419084,
      "D0": 0.8377737998962402,
      "ATLAS": 2.7419430145436086,
      "CMS": 2.364505231873063,
      "LHCb": 3.838324785232544,
      "total": 2.4713287353515625
    }
  },
  "7800": {
    "training_loss": 7574.0146484375,
    "validation_loss": [
      2913.130859375
    ],
    "validation_chi2s": {
      "DEUTERON": 2.3091852747978856,
      "NMC": 2.3600914151060817,
      "NUCLEAR": 1.942119140625,
      "HERACOMB": 2.814700257544424,
      "DYE886": 3.1096572875976562,
      "CDF": 2.2468294416155135,
      "D0": 0.8347552299499512,
      "ATLAS": 2.73349964551333,
      "CMS": 2.3420942322281766,
      "LHCb": 3.8021960258483887,
      "total": 2.474698066711426
    }
  },
  "7900": {
    "training_loss": 7576.931640625,
    "validation_loss": [
      2872.7333984375
    ],
    "validation_chi2s": {
      "DEUTERON": 2.279597799576337,
      "NMC": 2.351516125248928,
      "NUCLEAR": 1.929539794921875,
      "HERACOMB": 2.7849893008961395,
      "DYE886": 2.961878689852628,
      "CDF": 2.2844420841761996,
      "D0": 0.7621839046478271,
      "ATLAS": 2.6742524400269243,
      "CMS": 2.2914126057270146,
      "LHCb": 3.7682316303253174,
      "total": 2.4406793117523193
    }
  },
  "8000": {
    "training_loss": 7579.88525390625,
    "validation_loss": [
      2898.663330078125
    ],
    "validation_chi2s": {
      "DEUTERON": 2.271809288518346,
      "NMC": 2.3626004387350643,
      "NUCLEAR": 1.9392515869140625,
      "HERACOMB": 2.797134698606005,
      "DYE886": 3.1255347511985083,
      "CDF": 2.246315138680594,
      "D0": 0.812104606628418,
      "ATLAS": 2.741747150313383,
      "CMS": 2.3248974508490443,
      "LHCb": 3.797166347503662,
      "total": 2.4626853466033936
    }
  },
  "8100": {
    "training_loss": 7576.5625,
    "validation_loss": [
      2880.99951171875
    ],
    "validation_chi2s": {
      "DEUTERON": 2.259861428939288,
      "NMC": 2.3603087780522367,
      "NUCLEAR": 1.946058837890625,
      "HERACOMB": 2.803569319980596,
      "DYE886": 2.853505394675515,
      "CDF": 2.280339922223772,
      "D0": 0.7652787208557129,
      "ATLAS": 2.7092821369063382,
      "CMS": 2.296247750274406,
      "LHCb": 3.6937923431396484,
      "total": 2.4477462768554688
    }
  },
  "8200": {
    "training_loss": 7576.63818359375,
    "validation_loss": [
      2864.0810546875
    ],
    "validation_chi2s": {
      "DEUTERON": 2.2827400473219837,
      "NMC": 2.354513729319853,
      "NUCLEAR": 1.9367384033203126,
      "HERACOMB": 2.7903974944469976,
      "DYE886": 2.745064475319602,
      "CDF": 2.288933345249721,
      "D0": 0.7390177726745606,
      "ATLAS": 2.65425946079405,
      "CMS": 2.2786454129810174,
      "LHCb": 3.6809611320495605,
      "total": 2.433366298675537
    }
  },
  "8300": {
    "training_loss": 7568.455078125,
    "validation_loss": [
      2867.43603515625
    ],
    "validation_chi2s": {
      "DEUTERON": 2.259384231187811,
      "NMC": 2.367722604788986,
      "NUCLEAR": 1.9540528564453126,
      "HERACOMB": 2.809175977519914,
      "DYE886": 2.576890078457919,
      "CDF": 2.3377720969063893,
      "D0": 0.7438697814941406,
      "ATLAS": 2.6639269812632413,
      "CMS": 2.286463209420196,
      "LHCb": 3.615396022796631,
      "total": 2.4361732006073
    }
  },
  "8400": {
    "training_loss": 7571.87060546875,
    "validation_loss": [
      2860.48046875
    ],
    "validation_chi2s": {
      "DEUTERON": 2.270341560022155,
      "NMC": 2.3551703060374543,
      "NUCLEAR": 1.9375750732421875,
      "HERACOMB": 2.775583703533497,
      "DYE886": 2.813336632468484,
      "CDF": 2.2746380397251675,
      "D0": 0.7454946994781494,
      "ATLAS": 2.658702958101607,
      "CMS": 2.281821763219912,
      "LHCb": 3.698028087615967,
      "total": 2.4303085803985596
    }
  },
  "8500": {
    "training_loss": 7571.48388671875,
    "validation_loss": [
      2865.39599609375
    ],
    "validation_chi2s": {
      "DEUTERON": 2.275789175460588,
      "NMC": 2.3478926116344976,
      "NUCLEAR": 1.9320770263671876,
      "HERACOMB": 2.7796090319265727,
      "DYE886": 2.8428545865145596,
      "CDF": 2.228694370814732,
      "D0": 0.7549256324768067,
      "ATLAS": 2.671576203599488,
      "CMS": 2.282106762090005,
      "LHCb": 3.74810528755188,
      "total": 2.43448805809021
    }
  },
  "8600": {
    "training_loss": 7582.2197265625,
    "validation_loss": [
      2861.35302734375
    ],
    "validation_chi2s": {
      "DEUTERON": 2.2630581832050685,
      "NMC": 2.3616256713867188,
      "NUCLEAR": 1.93756591796875,
      "HERACOMB": 2.779233246846916,
      "DYE886": 2.8030017505992544,
      "CDF": 2.271306582859584,
      "D0": 0.7417552947998047,
      "ATLAS": 2.687819658699682,
      "CMS": 2.255633645806431,
      "LHCb": 3.6730198860168457,
      "total": 2.4310531616210938
    }
  },
  "8700": {
    "training_loss": 7579.0673828125,
    "validation_loss": [
      2867.4765625
    ],
    "validation_chi2s": {
      "DEUTERON": 2.264423427297108,
      "NMC": 2.359104231292126,
      "NUCLEAR": 1.9403524169921875,
      "HERACOMB": 2.7836355570874183,
      "DYE886": 2.851458116011186,
      "CDF": 2.276467732020787,
      "D0": 0.7497833251953125,
      "ATLAS": 2.686247744802701,
      "CMS": 2.2729890681495353,
      "LHCb": 3.701993465423584,
      "total": 2.436253786087036
    }
  },
  "8800": {
    "training_loss": 7562.8212890625,
    "validation_loss": [
      2912.59814453125
    ],
    "validation_chi2s": {
      "DEUTERON": 2.2834506058574315,
      "NMC": 2.365882574343214,
      "NUCLEAR": 1.949881591796875,
      "HERACOMB": 2.812137179904514,
      "DYE886": 3.168819774280895,
      "CDF": 2.240666253226144,
      "D0": 0.815096092224121,
      "ATLAS": 2.757924915033545,
      "CMS": 2.3504895927492253,
      "LHCb": 3.7046492099761963,
      "total": 2.474323034286499
    }
  },
  "8900": {
    "training_loss": 7573.87890625,
    "validation_loss": [
      2869.722412109375
    ],
    "validation_chi2s": {
      "DEUTERON": 2.2477520235735384,
      "NMC": 2.3793828627642464,
      "NUCLEAR": 1.9530582275390624,
      "HERACOMB": 2.7977304894939747,
      "DYE886": 2.6772228587757456,
      "CDF": 2.298692430768694,
      "D0": 0.7472694396972657,
      "ATLAS": 2.698019943668344,
      "CMS": 2.2732733103854597,
      "LHCb": 3.6601266860961914,
      "total": 2.438163995742798
    }
  },
  "9000": {
    "training_loss": 7700.9794921875,
    "validation_loss": [
      2902.302490234375
    ],
    "validation_chi2s": {
      "DEUTERON": 2.2590099733267257,
      "NMC": 2.363715826296339,
      "NUCLEAR": 1.9414150390625,
      "HERACOMB": 2.7906789343341503,
      "DYE886": 3.1381704157049004,
      "CDF": 2.2489877428327287,
      "D0": 0.7981676578521728,
      "ATLAS": 2.771854206667108,
      "CMS": 2.339682839133523,
      "LHCb": 3.8074405193328857,
      "total": 2.465789556503296
    }
  },
  "9100": {
    "training_loss": 7552.37060546875,
    "validation_loss": [
      2853.670166015625
    ],
    "validation_chi2s": {
      "DEUTERON": 2.248638096140392,
      "NMC": 2.3742656333773744,
      "NUCLEAR": 1.942046875,
      "HERACOMB": 2.7821952470766953,
      "DYE886": 2.6946629610928623,
      "CDF": 2.3092659541538785,
      "D0": 0.7511972904205322,
      "ATLAS": 2.660655048607433,
      "CMS": 2.261963395047779,
      "LHCb": 3.6295764446258545,
      "total": 2.424525737762451
    }
  },
  "9200": {
    "training_loss": 7541.583984375,
    "validation_loss": [
      2865.2734375
    ],
    "validation_chi2s": {
      "DEUTERON": 2.240007998338386,
      "NMC": 2.382610096650965,
      "NUCLEAR": 1.961404296875,
      "HERACOMB": 2.8160569932725696,
      "DYE886": 2.5620992833917793,
      "CDF": 2.3192667279924666,
      "D0": 0.7552474021911622,
      "ATLAS": 2.6479238736427435,
      "CMS": 2.289186840215005,
      "LHCb": 3.6116724014282227,
      "total": 2.4343419075012207
    }
  },
  "9300": {
    "training_loss": 7603.63720703125,
    "validation_loss": [
      2889.0751953125
    ],
    "validation_chi2s": {
      "DEUTERON": 2.2586384483830844,
      "NMC": 2.3465825997146905,
      "NUCLEAR": 1.943175537109375,
      "HERACOMB": 2.782367182712929,
      "DYE886": 3.1129368868741123,
      "CDF": 2.2213442666190013,
      "D0": 0.7714066505432129,
      "ATLAS": 2.7479842881024896,
      "CMS": 2.3043389438597623,
      "LHCb": 3.7875876426696777,
      "total": 2.4545705318450928
    }
  },
  "9400": {
    "training_loss": 7556.9677734375,
    "validation_loss": [
      2870.01513671875
    ],
    "validation_chi2s": {
      "DEUTERON": 2.242899121336676,
      "NMC": 2.35145538928462,
      "NUCLEAR": 1.9496455078125,
      "HERACOMB": 2.786703271803513,
      "DYE886": 2.88367358121005,
      "CDF": 2.300106866019113,
      "D0": 0.7645875930786132,
      "ATLAS": 2.66526234082583,
      "CMS": 2.317348007328254,
      "LHCb": 3.743150234222412,
      "total": 2.4384098052978516
    }
  },
  "9500": {
    "training_loss": 7547.94140625,
    "validation_loss": [
      2873.248779296875
    ],
    "validation_chi2s": {
      "DEUTERON": 2.233452944020134,
      "NMC": 2.397082160500919,
      "NUCLEAR": 1.952657470703125,
      "HERACOMB": 2.789583891824959,
      "DYE886": 2.789613376964222,
      "CDF": 2.3305647713797435,
      "D0": 0.7577781200408935,
      "ATLAS": 2.730922892942267,
      "CMS": 2.260350755423554,
      "LHCb": 3.6923062801361084,
      "total": 2.441159725189209
    }
  },
  "9600": {
    "training_loss": 7545.283203125,
    "validation_loss": [
      2882.552734375
    ],
    "validation_chi2s": {
      "DEUTERON": 2.248067675538324,
      "NMC": 2.3474469652362897,
      "NUCLEAR": 1.9552470703125,
      "HERACOMB": 2.814272413066789,
      "DYE886": 2.8567223982377485,
      "CDF": 2.2764667783464705,
      "D0": 0.7611080646514893,
      "ATLAS": 2.651430119228902,
      "CMS": 2.358243075284091,
      "LHCb": 3.7480995655059814,
      "total": 2.4490609169006348
    }
  },
  "9700": {
    "training_loss": 7547.44580078125,
    "validation_loss": [
      2897.76318359375
    ],
    "validation_chi2s": {
      "DEUTERON": 2.2696343417191387,
      "NMC": 2.3763357424268534,
      "NUCLEAR": 1.9606707763671876,
      "HERACOMB": 2.7946673623876634,
      "DYE886": 3.0650204745205967,
      "CDF": 2.274319512503488,
      "D0": 0.7933933734893799,
      "ATLAS": 2.7305527164437677,
      "CMS": 2.3123443855727013,
      "LHCb": 3.765286922454834,
      "total": 2.46185302734375
    }
  },
  "9800": {
    "training_loss": 7546.376953125,
    "validation_loss": [
      2877.56884765625
    ],
    "validation_chi2s": {
      "DEUTERON": 2.2413932838250155,
      "NMC": 2.389853234384574,
      "NUCLEAR": 1.958677490234375,
      "HERACOMB": 2.798160328584559,
      "DYE886": 2.9068690213290127,
      "CDF": 2.278865541730608,
      "D0": 0.7659166336059571,
      "ATLAS": 2.6903724454890536,
      "CMS": 2.2777551067762136,
      "LHCb": 3.735731363296509,
      "total": 2.4445362091064453
    }
  },
  "9900": {
    "training_loss": 7541.8203125,
    "validation_loss": [
      2871.22119140625
    ],
    "validation_chi2s": {
      "DEUTERON": 2.2386479164237407,
      "NMC": 2.3737456377814796,
      "NUCLEAR": 1.9583043212890625,
      "HERACOMB": 2.807684605417688,
      "DYE886": 2.7971052689985796,
      "CDF": 2.3228201184953963,
      "D0": 0.764585018157959,
      "ATLAS": 2.63421630859375,
      "CMS": 2.3167510229693957,
      "LHCb": 3.732379198074341,
      "total": 2.4394376277923584
    }
  },
  "10000": {
    "training_loss": 7551.2216796875,
    "validation_loss": [
      2875.28271484375
    ],
    "validation_chi2s": {
      "DEUTERON": 2.2430825304629196,
      "NMC": 2.3573725083295036,
      "NUCLEAR": 1.9536649169921876,
      "HERACOMB": 2.8087327745225696,
      "DYE886": 2.8518319563432173,
      "CDF": 2.327986308506557,
      "D0": 0.75054931640625,
      "ATLAS": 2.6584860591565147,
      "CMS": 2.310927966409478,
      "LHCb": 3.73720645904541,
      "total": 2.442889451980591
    }
  },
  "10100": {
    "training_loss": 7602.7705078125,
    "validation_loss": [
      2864.356689453125
    ],
    "validation_chi2s": {
      "DEUTERON": 2.2283642517393503,
      "NMC": 2.3693814745136335,
      "NUCLEAR": 1.958316650390625,
      "HERACOMB": 2.7819078233506946,
      "DYE886": 2.87609187039462,
      "CDF": 2.399489539010184,
      "D0": 0.7622016906738281,
      "ATLAS": 2.650409590726518,
      "CMS": 2.295319360149793,
      "LHCb": 3.7570254802703857,
      "total": 2.433607578277588
    }
  },
  "10200": {
    "training_loss": 7577.15625,
    "validation_loss": [
      2854.6015625
    ],
    "validation_chi2s": {
      "DEUTERON": 2.230341062023865,
      "NMC": 2.4063348209156707,
      "NUCLEAR": 1.9518511962890626,
      "HERACOMB": 2.775028203827104,
      "DYE886": 2.722659371115945,
      "CDF": 2.4705472673688615,
      "D0": 0.751352071762085,
      "ATLAS": 2.668712034063824,
      "CMS": 2.2348085513784866,
      "LHCb": 3.7178845405578613,
      "total": 2.425314426422119
    }
  }
}