{
  "100": {
    "training_loss": 318.829833984375,
    "validation_loss": [
      135.95956420898438
    ],
    "validation_chi2s": {
      "DEUTERON": 3.020572853088379,
      "ATLAS": 1.3760594454678623,
      "total": 2.6658737659454346
    }
  },
  "200": {
    "training_loss": 298.29949951171875,
    "validation_loss": [
      102.88581848144531
    ],
    "validation_chi2s": {
      "DEUTERON": 2.2509668350219725,
      "ATLAS": 1.1679225401444868,
      "total": 2.017369031906128
    }
  },
  "300": {
    "training_loss": 276.6390075683594,
    "validation_loss": [
      99.35470581054688
    ],
    "validation_chi2s": {
      "DEUTERON": 2.1405115127563477,
      "ATLAS": 1.2485679279674182,
      "total": 1.9481314420700073
    }
  },
  "400": {
    "training_loss": 273.9950866699219,
    "validation_loss": [
      102.48229217529297
    ],
    "validation_chi2s": {
      "DEUTERON": 2.249094772338867,
      "ATLAS": 1.1380457444624468,
      "total": 2.0094566345214844
    }
  },
  "500": {
    "training_loss": 270.6383361816406,
    "validation_loss": [
      104.75245666503906
    ],
    "validation_chi2s": {
      "DEUTERON": 2.3227943420410155,
      "ATLAS": 1.076425552368164,
      "total": 2.053969621658325
    }
  }
}