{
  "100": {
    "training_loss": 25602.75,
    "validation_loss": [
      13642.91015625
    ],
    "validation_chi2s": {
      "DEUTERON": 25.90341262437811,
      "NMC": 4.162907619102328,
      "NUCLEAR": 7.34758740234375,
      "HERACOMB": 5.756308162913603,
      "DYE886": 42.21563165838068,
      "CDF": 3.534561974661691,
      "D0": 21.48388214111328,
      "ATLAS": 10.418459821428572,
      "CMS": 5.762745841604764,
      "LHCb": 11.623900413513184,
      "total": 11.125678062438965
    }
  },
  "200": {
    "training_loss": 17466.498046875,
    "validation_loss": [
      7897.35791015625
    ],
    "validation_chi2s": {
      "DEUTERON": 12.606232752254353,
      "NMC": 2.9571150237438726,
      "NUCLEAR": 4.3200712890625,
      "HERACOMB": 3.9559984394148286,
      "DYE886": 32.59631625088778,
      "CDF": 4.516557965959821,
      "D0": 13.228955078125,
      "ATLAS": 6.432888532366071,
      "CMS": 4.210667844678535,
      "LHCb": 7.565351486206055,
      "total": 6.579754829406738
    }
  },
  "300": {
    "training_loss": 17003.849609375,
    "validation_loss": [
      7320.7822265625
    ],
    "validation_chi2s": {
      "DEUTERON": 10.836788955612562,
      "NMC": 2.8436952478745403,
      "NUCLEAR": 4.24088525390625,
      "HERACOMB": 3.6421768088745914,
      "DYE886": 31.45859042080966,
      "CDF": 4.706417628696987,
      "D0": 12.357781982421875,
      "ATLAS": 6.1396044921875,
      "CMS": 4.311218762006916,
      "LHCb": 7.012966156005859,
      "total": 6.098108768463135
    }
  },
  "400": {
    "training_loss": 16817.30859375,
    "validation_loss": [
      7041.7490234375
    ],
    "validation_chi2s": {
      "DEUTERON": 10.146025244869403,
      "NMC": 2.7803287880093444,
      "NUCLEAR": 4.15424658203125,
      "HERACOMB": 3.494372797947304,
      "DYE886": 30.96436379172585,
      "CDF": 4.6400266374860495,
      "D0": 12.617662811279297,
      "ATLAS": 5.929988141741071,
      "CMS": 4.289254110367572,
      "LHCb": 6.627480983734131,
      "total": 5.869027614593506
    }
  },
  "500": {
    "training_loss": 16773.005859375,
    "validation_loss": [
      6850.384765625
    ],
    "validation_chi2s": {
      "DEUTERON": 9.628768996812811,
      "NMC": 2.7442779541015625,
      "NUCLEAR": 4.08543994140625,
      "HERACOMB": 3.397562263837827,
      "DYE886": 31.15969571200284,
      "CDF": 4.644935607910156,
      "D0": 12.251773071289062,
      "ATLAS": 5.803397391183036,
      "CMS": 4.284347284035604,
      "LHCb": 6.191389560699463,
      "total": 5.708596706390381
    }
  },
  "600": {
    "training_loss": 16669.1142578125,
    "validation_loss": [
      6756.775390625
    ],
    "validation_chi2s": {
      "DEUTERON": 9.504435221354166,
      "NMC": 2.7253124760646448,
      "NUCLEAR": 4.006847900390625,
      "HERACOMB": 3.3436478758169934,
      "DYE886": 31.17420265891335,
      "CDF": 4.730734688895089,
      "D0": 12.120169067382813,
      "ATLAS": 5.693753836495536,
      "CMS": 4.245211241675205,
      "LHCb": 6.052682876586914,
      "total": 5.63129997253418
    }
  },
  "700": {
    "training_loss": 16497.1181640625,
    "validation_loss": [
      6718.2685546875
    ],
    "validation_chi2s": {
      "DEUTERON": 9.551687971276431,
      "NMC": 2.7199748918121935,
      "NUCLEAR": 3.926287109375,
      "HERACOMB": 3.3172013027216094,
      "DYE886": 31.07392744584517,
      "CDF": 4.863215855189732,
      "D0": 12.365017700195313,
      "ATLAS": 5.601216517857143,
      "CMS": 4.17522693071209,
      "LHCb": 6.196449279785156,
      "total": 5.599013328552246
    }
  },
  "800": {
    "training_loss": 16355.0390625,
    "validation_loss": [
      6699.4404296875
    ],
    "validation_chi2s": {
      "DEUTERON": 9.74630023709577,
      "NMC": 2.7073480942670036,
      "NUCLEAR": 3.866550048828125,
      "HERACOMB": 3.266018337673611,
      "DYE886": 30.166318026455965,
      "CDF": 4.982278006417411,
      "D0": 12.030612182617187,
      "ATLAS": 5.54239013671875,
      "CMS": 4.192322027487833,
      "LHCb": 6.356968879699707,
      "total": 5.583984851837158
    }
  },
  "900": {
    "training_loss": 16300.5390625,
    "validation_loss": [
      6580.25146484375
    ],
    "validation_chi2s": {
      "DEUTERON": 9.321612761388371,
      "NMC": 2.7025017831839766,
      "NUCLEAR": 3.804782470703125,
      "HERACOMB": 3.2337091981975083,
      "DYE886": 30.158280806107953,
      "CDF": 5.00665773664202,
      "D0": 12.394774627685546,
      "ATLAS": 5.485123814174107,
      "CMS": 4.13688009293353,
      "LHCb": 6.417427062988281,
      "total": 5.480112552642822
    }
  },
  "1000": {
    "training_loss": 16193.046875,
    "validation_loss": [
      6507.06396484375
    ],
    "validation_chi2s": {
      "DEUTERON": 9.318664854438744,
      "NMC": 2.6833992752374387,
      "NUCLEAR": 3.7011865234375,
      "HERACOMB": 3.1646126142514297,
      "DYE886": 29.768210671164773,
      "CDF": 4.9953427995954245,
      "D0": 12.071197509765625,
      "ATLAS": 5.397574986049107,
      "CMS": 4.125615104300077,
      "LHCb": 6.507987976074219,
      "total": 5.416929721832275
    }
  },
  "1100": {
    "training_loss": 16047.0595703125,
    "validation_loss": [
      6423.16552734375
    ],
    "validation_chi2s": {
      "DEUTERON": 9.429316430542599,
      "NMC": 2.6553461411420036,
      "NUCLEAR": 3.53074951171875,
      "HERACOMB": 3.0621587217243667,
      "DYE886": 29.152096835049715,
      "CDF": 4.938138689313616,
      "D0": 11.028839874267579,
      "ATLAS": 5.303195452008929,
      "CMS": 4.183497944816214,
      "LHCb": 6.514501571655273,
      "total": 5.343141078948975
    }
  },
  "1200": {
    "training_loss": 15733.263671875,
    "validation_loss": [
      6996.7939453125
    ],
    "validation_chi2s": {
      "DEUTERON": 12.563346597092663,
      "NMC": 2.666518566655178,
      "NUCLEAR": 3.282302978515625,
      "HERACOMB": 3.129202848945568,
      "DYE886": 27.386968439275567,
      "CDF": 5.354055677141462,
      "D0": 11.003887939453126,
      "ATLAS": 5.104801548549107,
      "CMS": 4.310782010438012,
      "LHCb": 7.856719970703125,
      "total": 5.8333659172058105
    }
  },
  "1300": {
    "training_loss": 15873.0791015625,
    "validation_loss": [
      6212.6513671875
    ],
    "validation_chi2s": {
      "DEUTERON": 8.649047244247512,
      "NMC": 2.6553907207414214,
      "NUCLEAR": 3.334580078125,
      "HERACOMB": 3.0208602606081496,
      "DYE886": 29.51821344549006,
      "CDF": 5.165742601667132,
      "D0": 11.979297637939453,
      "ATLAS": 5.162783203125,
      "CMS": 4.232277792008197,
      "LHCb": 6.714036464691162,
      "total": 5.163214206695557
    }
  },
  "1400": {
    "training_loss": 15624.9541015625,
    "validation_loss": [
      6402.56787109375
    ],
    "validation_chi2s": {
      "DEUTERON": 9.664886626438122,
      "NMC": 2.6751987232881436,
      "NUCLEAR": 3.230008544921875,
      "HERACOMB": 3.086941388697406,
      "DYE886": 28.273284912109375,
      "CDF": 5.490324292864118,
      "D0": 12.46731948852539,
      "ATLAS": 5.0936146763392856,
      "CMS": 4.273715159932121,
      "LHCb": 7.604006767272949,
      "total": 5.333677768707275
    }
  },
  "1500": {
    "training_loss": 15717.6796875,
    "validation_loss": [
      6043.56494140625
    ],
    "validation_chi2s": {
      "DEUTERON": 8.179675961015237,
      "NMC": 2.6525504916321996,
      "NUCLEAR": 3.240919921875,
      "HERACOMB": 2.964798272824755,
      "DYE886": 29.408635919744317,
      "CDF": 5.26612799508231,
      "D0": 12.09578857421875,
      "ATLAS": 5.064049944196428,
      "CMS": 4.262937952260502,
      "LHCb": 6.496914386749268,
      "total": 5.030487060546875
    }
  },
  "1600": {
    "training_loss": 15598.41796875,
    "validation_loss": [
      6007.4599609375
    ],
    "validation_chi2s": {
      "DEUTERON": 8.040286239699938,
      "NMC": 2.663961073931526,
      "NUCLEAR": 3.149288330078125,
      "HERACOMB": 2.993383669385723,
      "DYE886": 29.57234608043324,
      "CDF": 5.545464106968471,
      "D0": 12.612548828125,
      "ATLAS": 5.0052968052455356,
      "CMS": 4.280928314709272,
      "LHCb": 6.778909683227539,
      "total": 5.005032062530518
    }
  },
  "1700": {
    "training_loss": 15555.1142578125,
    "validation_loss": [
      5909.03271484375
    ],
    "validation_chi2s": {
      "DEUTERON": 7.717685376826804,
      "NMC": 2.663725310680913,
      "NUCLEAR": 3.09780078125,
      "HERACOMB": 2.9593430064082926,
      "DYE886": 29.80122791637074,
      "CDF": 5.438590458461216,
      "D0": 13.059442138671875,
      "ATLAS": 4.9692811802455354,
      "CMS": 4.23339593605917,
      "LHCb": 6.655134677886963,
      "total": 4.923867225646973
    }
  },
  "1800": {
    "training_loss": 15580.7421875,
    "validation_loss": [
      5769.439453125
    ],
    "validation_chi2s": {
      "DEUTERON": 7.118896484375,
      "NMC": 2.6598041010837927,
      "NUCLEAR": 3.07284765625,
      "HERACOMB": 2.931240705103656,
      "DYE886": 30.340836958451703,
      "CDF": 5.488828386579241,
      "D0": 13.329347229003906,
      "ATLAS": 4.9292860630580355,
      "CMS": 4.21887457175333,
      "LHCb": 6.485621452331543,
      "total": 4.809354782104492
    }
  },
  "1900": {
    "training_loss": 15500.7216796875,
    "validation_loss": [
      5704.1513671875
    ],
    "validation_chi2s": {
      "DEUTERON": 6.915186640041978,
      "NMC": 2.664306640625,
      "NUCLEAR": 3.02124169921875,
      "HERACOMB": 2.923166711345997,
      "DYE886": 30.20090831409801,
      "CDF": 5.558504377092634,
      "D0": 13.642845153808594,
      "ATLAS": 4.906354631696429,
      "CMS": 4.204720919249488,
      "LHCb": 6.419628143310547,
      "total": 4.755446910858154
    }
  },
  "2000": {
    "training_loss": 15374.857421875,
    "validation_loss": [
      5657.0302734375
    ],
    "validation_chi2s": {
      "DEUTERON": 6.788962293027052,
      "NMC": 2.669704661649816,
      "NUCLEAR": 2.984478759765625,
      "HERACOMB": 2.928769579120711,
      "DYE886": 29.670293634588067,
      "CDF": 5.74980218069894,
      "D0": 13.714497375488282,
      "ATLAS": 4.882345842633929,
      "CMS": 4.22449480900999,
      "LHCb": 6.458298206329346,
      "total": 4.719101905822754
    }
  },
  "2100": {
    "training_loss": 15222.59765625,
    "validation_loss": [
      5694.22265625
    ],
    "validation_chi2s": {
      "DEUTERON": 6.926467515935945,
      "NMC": 2.7055861529181984,
      "NUCLEAR": 2.915525390625,
      "HERACOMB": 2.9870497759650734,
      "DYE886": 28.79720514470881,
      "CDF": 5.7753497532435825,
      "D0": 14.407540893554687,
      "ATLAS": 4.927981654575893,
      "CMS": 4.201765216764857,
      "LHCb": 6.9835896492004395,
      "total": 4.753105640411377
    }
  },
  "2200": {
    "training_loss": 15276.67578125,
    "validation_loss": [
      5560.365234375
    ],
    "validation_chi2s": {
      "DEUTERON": 6.5494020376632465,
      "NMC": 2.666603836358762,
      "NUCLEAR": 2.94509033203125,
      "HERACOMB": 2.8867019952512254,
      "DYE886": 29.972007057883523,
      "CDF": 5.76904296875,
      "D0": 13.676229858398438,
      "ATLAS": 4.843316476004464,
      "CMS": 4.138037259461449,
      "LHCb": 6.1307759284973145,
      "total": 4.640446662902832
    }
  },
  "2300": {
    "training_loss": 15168.7578125,
    "validation_loss": [
      5562.185546875
    ],
    "validation_chi2s": {
      "DEUTERON": 6.615542891013682,
      "NMC": 2.6782504811006436,
      "NUCLEAR": 2.903677734375,
      "HERACOMB": 2.901485667509191,
      "DYE886": 29.356889204545453,
      "CDF": 5.778697967529297,
      "D0": 13.646551513671875,
      "ATLAS": 4.858933454241072,
      "CMS": 4.107588470959272,
      "LHCb": 6.499936580657959,
      "total": 4.644808292388916
    }
  },
  "2400": {
    "training_loss": 15152.341796875,
    "validation_loss": [
      5499.2841796875
    ],
    "validation_chi2s": {
      "DEUTERON": 6.313812407688122,
      "NMC": 2.673555860332414,
      "NUCLEAR": 2.891158447265625,
      "HERACOMB": 2.893441393484477,
      "DYE886": 29.897927024147727,
      "CDF": 5.98713139125279,
      "D0": 13.670216369628907,
      "ATLAS": 4.8396895926339285,
      "CMS": 4.085112524814293,
      "LHCb": 6.397876262664795,
      "total": 4.591869354248047
    }
  },
  "2500": {
    "training_loss": 15095.0517578125,
    "validation_loss": [
      5461.97265625
    ],
    "validation_chi2s": {
      "DEUTERON": 6.295353675956156,
      "NMC": 2.6656051336550246,
      "NUCLEAR": 2.88666357421875,
      "HERACOMB": 2.8681044235728144,
      "DYE886": 29.73731301047585,
      "CDF": 6.042981828962054,
      "D0": 13.071859741210938,
      "ATLAS": 4.817533133370536,
      "CMS": 4.069433243548284,
      "LHCb": 6.1666669845581055,
      "total": 4.561845779418945
    }
  },
  "2600": {
    "training_loss": 14844.7822265625,
    "validation_loss": [
      5627.2080078125
    ],
    "validation_chi2s": {
      "DEUTERON": 7.298347738844838,
      "NMC": 2.6465678495519303,
      "NUCLEAR": 2.84569921875,
      "HERACOMB": 2.8117055456622753,
      "DYE886": 28.67978460138494,
      "CDF": 5.540141514369419,
      "D0": 14.777516174316407,
      "ATLAS": 4.760306222098214,
      "CMS": 3.7609332975794056,
      "LHCb": 7.830489158630371,
      "total": 4.70554780960083
    }
  },
  "2700": {
    "training_loss": 14989.1181640625,
    "validation_loss": [
      5485.98876953125
    ],
    "validation_chi2s": {
      "DEUTERON": 6.579448339357898,
      "NMC": 2.664602242264093,
      "NUCLEAR": 2.859125244140625,
      "HERACOMB": 2.855135649637459,
      "DYE886": 29.400457208806817,
      "CDF": 6.025762285505023,
      "D0": 12.429639434814453,
      "ATLAS": 4.794542759486607,
      "CMS": 3.9994982109695183,
      "LHCb": 6.411125659942627,
      "total": 4.585241317749023
    }
  },
  "2800": {
    "training_loss": 8603.4375,
    "validation_loss": [
      2889.8720703125
    ],
    "validation_chi2s": {
      "DEUTERON": 2.6460191717195274,
      "NMC": 2.471854415594363,
      "NUCLEAR": 1.7849871826171875,
      "HERACOMB": 2.4455516540926268,
      "DYE886": 2.544883381236683,
      "CDF": 2.770812443324498,
      "D0": 2.6900691986083984,
      "ATLAS": 2.919788818359375,
      "CMS": 2.560357015641009,
      "LHCb": 3.1877903938293457,
      "total": 2.4490814208984375
    }
  },
  "2900": {
    "training_loss": 8288.7666015625,
    "validation_loss": [
      2750.3095703125
    ],
    "validation_chi2s": {
      "DEUTERON": 2.2251439640178017,
      "NMC": 2.5202624751072302,
      "NUCLEAR": 1.745508056640625,
      "HERACOMB": 2.432749230877247,
      "DYE886": 2.5583010586825283,
      "CDF": 2.1315791266305104,
      "D0": 2.117206001281738,
      "ATLAS": 2.7946405901227678,
      "CMS": 2.647369885053791,
      "LHCb": 2.6484475135803223,
      "total": 2.3348236083984375
    }
  },
  "3000": {
    "training_loss": 8221.685546875,
    "validation_loss": [
      2727.974609375
    ],
    "validation_chi2s": {
      "DEUTERON": 2.177080600415889,
      "NMC": 2.5272904938342524,
      "NUCLEAR": 1.713556640625,
      "HERACOMB": 2.4312081929125817,
      "DYE886": 2.6427397294477983,
      "CDF": 2.082461084638323,
      "D0": 2.008268356323242,
      "ATLAS": 2.7637027413504462,
      "CMS": 2.6733248351050203,
      "LHCb": 2.6019372940063477,
      "total": 2.316904306411743
    }
  },
  "3100": {
    "training_loss": 8211.4423828125,
    "validation_loss": [
      2704.08740234375
    ],
    "validation_chi2s": {
      "DEUTERON": 2.122409953406794,
      "NMC": 2.4837057076248468,
      "NUCLEAR": 1.70687890625,
      "HERACOMB": 2.419077355877247,
      "DYE886": 2.6238344365900215,
      "CDF": 1.9990762983049666,
      "D0": 2.0568742752075195,
      "ATLAS": 2.7725763811383928,
      "CMS": 2.675662681704662,
      "LHCb": 2.4167563915252686,
      "total": 2.2971813678741455
    }
  },
  "3200": {
    "training_loss": 8179.875,
    "validation_loss": [
      2699.25048828125
    ],
    "validation_chi2s": {
      "DEUTERON": 2.107975138953669,
      "NMC": 2.4723350674498317,
      "NUCLEAR": 1.693512451171875,
      "HERACOMB": 2.418689004736009,
      "DYE886": 2.6136878620494497,
      "CDF": 1.983070237295968,
      "D0": 2.0915956497192383,
      "ATLAS": 2.774387904575893,
      "CMS": 2.676361334128458,
      "LHCb": 2.4888367652893066,
      "total": 2.2935922145843506
    }
  },
  "3300": {
    "training_loss": 8168.7998046875,
    "validation_loss": [
      2701.42626953125
    ],
    "validation_chi2s": {
      "DEUTERON": 2.1500306390411223,
      "NMC": 2.5197161506204044,
      "NUCLEAR": 1.68764990234375,
      "HERACOMB": 2.410806693282782,
      "DYE886": 2.690420150756836,
      "CDF": 2.0139897210257396,
      "D0": 1.9449256896972655,
      "ATLAS": 2.740470668247768,
      "CMS": 2.690377407386655,
      "LHCb": 2.473625421524048,
      "total": 2.295902729034424
    }
  },
  "3400": {
    "training_loss": 8157.23291015625,
    "validation_loss": [
      2697.2470703125
    ],
    "validation_chi2s": {
      "DEUTERON": 2.106203752963697,
      "NMC": 2.4702553842581954,
      "NUCLEAR": 1.6889866943359375,
      "HERACOMB": 2.4092339409722223,
      "DYE886": 2.6478559320623223,
      "CDF": 1.9984173093523299,
      "D0": 2.1043872833251953,
      "ATLAS": 2.766855991908482,
      "CMS": 2.685114375880507,
      "LHCb": 2.5541296005249023,
      "total": 2.292180061340332
    }
  },
  "3500": {
    "training_loss": 8161.083984375,
    "validation_loss": [
      2695.8193359375
    ],
    "validation_chi2s": {
      "DEUTERON": 2.133310498289801,
      "NMC": 2.497297249588312,
      "NUCLEAR": 1.6916676025390625,
      "HERACOMB": 2.4070500392539826,
      "DYE886": 2.6747176430442114,
      "CDF": 2.0060219083513533,
      "D0": 1.9444900512695313,
      "ATLAS": 2.7423440987723215,
      "CMS": 2.6938326476050203,
      "LHCb": 2.4359130859375,
      "total": 2.291215658187866
    }
  },
  "3600": {
    "training_loss": 8159.419921875,
    "validation_loss": [
      2693.92431640625
    ],
    "validation_chi2s": {
      "DEUTERON": 2.118024835539101,
      "NMC": 2.4765099918141082,
      "NUCLEAR": 1.6949400634765626,
      "HERACOMB": 2.4073296839894813,
      "DYE886": 2.70117846402255,
      "CDF": 2.005647659301758,
      "D0": 1.954483985900879,
      "ATLAS": 2.747421177455357,
      "CMS": 2.688048065685835,
      "LHCb": 2.444892168045044,
      "total": 2.289447546005249
    }
  },
  "3700": {
    "training_loss": 8157.99560546875,
    "validation_loss": [
      2693.00537109375
    ],
    "validation_chi2s": {
      "DEUTERON": 2.1125924029753578,
      "NMC": 2.4722224216835174,
      "NUCLEAR": 1.6950096435546875,
      "HERACOMB": 2.410354514527165,
      "DYE886": 2.667848066850142,
      "CDF": 1.9915122985839844,
      "D0": 1.9512567520141602,
      "ATLAS": 2.7529305594308036,
      "CMS": 2.6851116242955944,
      "LHCb": 2.4363536834716797,
      "total": 2.288682699203491
    }
  },
  "3800": {
    "training_loss": 8151.81103515625,
    "validation_loss": [
      2694.851806640625
    ],
    "validation_chi2s": {
      "DEUTERON": 2.1367972454621422,
      "NMC": 2.5024274938246784,
      "NUCLEAR": 1.695214599609375,
      "HERACOMB": 2.4101121690538196,
      "DYE886": 2.6764342568137427,
      "CDF": 1.9889781134469169,
      "D0": 1.8597396850585937,
      "ATLAS": 2.7414854213169644,
      "CMS": 2.688046564821337,
      "LHCb": 2.3773081302642822,
      "total": 2.2904722690582275
    }
  },
  "3900": {
    "training_loss": 8142.1806640625,
    "validation_loss": [
      2693.500244140625
    ],
    "validation_chi2s": {
      "DEUTERON": 2.1161254579155004,
      "NMC": 2.4819166894052542,
      "NUCLEAR": 1.6926104736328125,
      "HERACOMB": 2.4047769783369075,
      "DYE886": 2.676683946089311,
      "CDF": 1.985734122140067,
      "D0": 1.937614631652832,
      "ATLAS": 2.753669607979911,
      "CMS": 2.67962396340292,
      "LHCb": 2.5004658699035645,
      "total": 2.289045572280884
    }
  },
  "4000": {
    "training_loss": 8142.802734375,
    "validation_loss": [
      2688.984375
    ],
    "validation_chi2s": {
      "DEUTERON": 2.1157501372531873,
      "NMC": 2.4815130794749543,
      "NUCLEAR": 1.6929617919921875,
      "HERACOMB": 2.4034162533828636,
      "DYE886": 2.6581680991432886,
      "CDF": 1.9810837336948939,
      "D0": 1.8944013595581055,
      "ATLAS": 2.7453086635044643,
      "CMS": 2.6825418941310195,
      "LHCb": 2.438926935195923,
      "total": 2.285327196121216
    }
  },
  "4100": {
    "training_loss": 8153.9267578125,
    "validation_loss": [
      2691.531005859375
    ],
    "validation_chi2s": {
      "DEUTERON": 2.1097070494694496,
      "NMC": 2.4702987670898438,
      "NUCLEAR": 1.6998155517578124,
      "HERACOMB": 2.4122049169602735,
      "DYE886": 2.6927120902321557,
      "CDF": 1.967172077723912,
      "D0": 1.8711631774902344,
      "ATLAS": 2.765675048828125,
      "CMS": 2.667788646260246,
      "LHCb": 2.363621950149536,
      "total": 2.2873687744140625
    }
  },
  "4200": {
    "training_loss": 8139.3876953125,
    "validation_loss": [
      2689.68994140625
    ],
    "validation_chi2s": {
      "DEUTERON": 2.1111196641305194,
      "NMC": 2.4821445240693936,
      "NUCLEAR": 1.6949716796875,
      "HERACOMB": 2.403287401386336,
      "DYE886": 2.6564367467706855,
      "CDF": 1.9745041983468192,
      "D0": 1.8995256423950195,
      "ATLAS": 2.7654678780691966,
      "CMS": 2.6653802590292006,
      "LHCb": 2.428880453109741,
      "total": 2.285875082015991
    }
  },
  "4300": {
    "training_loss": 8137.4853515625,
    "validation_loss": [
      2690.5439453125
    ],
    "validation_chi2s": {
      "DEUTERON": 2.1116439287935322,
      "NMC": 2.481101391362209,
      "NUCLEAR": 1.6955159912109374,
      "HERACOMB": 2.403542911305147,
      "DYE886": 2.686419053511186,
      "CDF": 1.9700266974312919,
      "D0": 1.83310546875,
      "ATLAS": 2.776817103794643,
      "CMS": 2.6522059206102715,
      "LHCb": 2.4446778297424316,
      "total": 2.286823034286499
    }
  },
  "4400": {
    "training_loss": 8142.69091796875,
    "validation_loss": [
      2684.71484375
    ],
    "validation_chi2s": {
      "DEUTERON": 2.1062679765236316,
      "NMC": 2.474779166427313,
      "NUCLEAR": 1.69464111328125,
      "HERACOMB": 2.4060018701491015,
      "DYE886": 2.5964270505038174,
      "CDF": 1.9549763543265206,
      "D0": 1.888905906677246,
      "ATLAS": 2.7574136788504466,
      "CMS": 2.6740827716764857,
      "LHCb": 2.3585927486419678,
      "total": 2.281824827194214
    }
  },
  "4500": {
    "training_loss": 8119.5673828125,
    "validation_loss": [
      2704.523193359375
    ],
    "validation_chi2s": {
      "DEUTERON": 2.095238225377021,
      "NMC": 2.457093781115962,
      "NUCLEAR": 1.707111083984375,
      "HERACOMB": 2.452144647735396,
      "DYE886": 2.56121843511408,
      "CDF": 1.8940213067190987,
      "D0": 1.8407215118408202,
      "ATLAS": 2.812898472377232,
      "CMS": 2.703743606317239,
      "LHCb": 2.173039197921753,
      "total": 2.2986838817596436
    }
  },
  "4600": {
    "training_loss": 8135.220703125,
    "validation_loss": [
      2686.88720703125
    ],
    "validation_chi2s": {
      "DEUTERON": 2.112901070817786,
      "NMC": 2.478811226639093,
      "NUCLEAR": 1.6943782958984375,
      "HERACOMB": 2.401501424951491,
      "DYE886": 2.6400231448086826,
      "CDF": 1.9740877151489258,
      "D0": 1.8746606826782226,
      "ATLAS": 2.7626611328125,
      "CMS": 2.6688402519851433,
      "LHCb": 2.3877410888671875,
      "total": 2.283745050430298
    }
  },
  "4700": {
    "training_loss": 8150.48193359375,
    "validation_loss": [
      2693.44580078125
    ],
    "validation_chi2s": {
      "DEUTERON": 2.122571195535992,
      "NMC": 2.4704144047755823,
      "NUCLEAR": 1.6946318359375,
      "HERACOMB": 2.4165204615374796,
      "DYE886": 2.709501786665483,
      "CDF": 1.956510407584054,
      "D0": 1.777275848388672,
      "ATLAS": 2.7787001255580357,
      "CMS": 2.648014256211578,
      "LHCb": 2.385963201522827,
      "total": 2.2895405292510986
    }
  },
  "4800": {
    "training_loss": 8126.05810546875,
    "validation_loss": [
      2698.540771484375
    ],
    "validation_chi2s": {
      "DEUTERON": 2.1061779420767257,
      "NMC": 2.4604204963235294,
      "NUCLEAR": 1.7096055908203125,
      "HERACOMB": 2.437175277011846,
      "DYE886": 2.649699471213601,
      "CDF": 1.9265240260532923,
      "D0": 1.7675981521606445,
      "ATLAS": 2.8114681570870537,
      "CMS": 2.6564491146900613,
      "LHCb": 2.192690134048462,
      "total": 2.2939751148223877
    }
  },
  "4900": {
    "training_loss": 8111.35791015625,
    "validation_loss": [
      2711.93408203125
    ],
    "validation_chi2s": {
      "DEUTERON": 2.0826321881801926,
      "NMC": 2.4259052650601256,
      "NUCLEAR": 1.7125550537109375,
      "HERACOMB": 2.467013290505004,
      "DYE886": 2.685077840631658,
      "CDF": 1.9195654732840401,
      "D0": 1.7598011016845703,
      "ATLAS": 2.863225620814732,
      "CMS": 2.6508586445792774,
      "LHCb": 2.2186920642852783,
      "total": 2.3052287101745605
    }
  },
  "5000": {
    "training_loss": 8128.57470703125,
    "validation_loss": [
      2703.27392578125
    ],
    "validation_chi2s": {
      "DEUTERON": 2.113597812937267,
      "NMC": 2.462455001531863,
      "NUCLEAR": 1.7133355712890626,
      "HERACOMB": 2.441922455831291,
      "DYE886": 2.753877119584517,
      "CDF": 1.9289106641496931,
      "D0": 1.808357048034668,
      "ATLAS": 2.811707938058036,
      "CMS": 2.6475034619941087,
      "LHCb": 2.1575655937194824,
      "total": 2.297821521759033
    }
  },
  "5100": {
    "training_loss": 8144.57421875,
    "validation_loss": [
      2692.4580078125
    ],
    "validation_chi2s": {
      "DEUTERON": 2.112435412051073,
      "NMC": 2.446432824228324,
      "NUCLEAR": 1.694760986328125,
      "HERACOMB": 2.4202888837826797,
      "DYE886": 2.76892107183283,
      "CDF": 1.960578101021903,
      "D0": 1.7782398223876954,
      "ATLAS": 2.7849989536830355,
      "CMS": 2.6506232589971823,
      "LHCb": 2.3318123817443848,
      "total": 2.288654327392578
    }
  },
  "5200": {
    "training_loss": 8146.45068359375,
    "validation_loss": [
      2685.57666015625
    ],
    "validation_chi2s": {
      "DEUTERON": 2.1094712594255287,
      "NMC": 2.471121544931449,
      "NUCLEAR": 1.697373046875,
      "HERACOMB": 2.410396999782986,
      "DYE886": 2.578576174649325,
      "CDF": 1.9797797884259904,
      "D0": 1.8461605072021485,
      "ATLAS": 2.786268833705357,
      "CMS": 2.6487559334176485,
      "LHCb": 2.2764549255371094,
      "total": 2.282819986343384
    }
  },
  "5300": {
    "training_loss": 8108.29296875,
    "validation_loss": [
      2686.650634765625
    ],
    "validation_chi2s": {
      "DEUTERON": 2.0573640889789333,
      "NMC": 2.423368117388557,
      "NUCLEAR": 1.687273681640625,
      "HERACOMB": 2.4265763027216094,
      "DYE886": 2.600963419133967,
      "CDF": 1.9907535825456892,
      "D0": 1.9893360137939453,
      "ATLAS": 2.8294564383370537,
      "CMS": 2.6449154713114753,
      "LHCb": 2.3537323474884033,
      "total": 2.283738374710083
    }
  },
  "5400": {
    "training_loss": 8104.20654296875,
    "validation_loss": [
      2706.25390625
    ],
    "validation_chi2s": {
      "DEUTERON": 2.089586855760261,
      "NMC": 2.433274362601486,
      "NUCLEAR": 1.7106614990234374,
      "HERACOMB": 2.4698675816355187,
      "DYE886": 2.5757692510431465,
      "CDF": 1.9321825844900948,
      "D0": 1.7492099761962892,
      "ATLAS": 2.836748046875,
      "CMS": 2.6589528068167265,
      "LHCb": 2.171299695968628,
      "total": 2.3006277084350586
    }
  },
  "5500": {
    "training_loss": 8125.05224609375,
    "validation_loss": [
      2694.9873046875
    ],
    "validation_chi2s": {
      "DEUTERON": 2.0908614580904072,
      "NMC": 2.4493635589001226,
      "NUCLEAR": 1.6907088623046875,
      "HERACOMB": 2.4444037543402777,
      "DYE886": 2.7001332369717685,
      "CDF": 1.9521726880754744,
      "D0": 1.7216854095458984,
      "ATLAS": 2.791156005859375,
      "CMS": 2.668556338450948,
      "LHCb": 2.312734603881836,
      "total": 2.290947437286377
    }
  },
  "5600": {
    "training_loss": 8121.619140625,
    "validation_loss": [
      2679.61376953125
    ],
    "validation_chi2s": {
      "DEUTERON": 2.129000687480566,
      "NMC": 2.4952210071040133,
      "NUCLEAR": 1.6899971923828125,
      "HERACOMB": 2.3979350569980595,
      "DYE886": 2.5995922088623047,
      "CDF": 1.9791134425571986,
      "D0": 1.7207645416259765,
      "ATLAS": 2.760896519252232,
      "CMS": 2.656043130843366,
      "LHCb": 2.2572364807128906,
      "total": 2.2781729698181152
    }
  },
  "5700": {
    "training_loss": 8108.16357421875,
    "validation_loss": [
      2691.104736328125
    ],
    "validation_chi2s": {
      "DEUTERON": 2.07625781007074,
      "NMC": 2.4429072959750306,
      "NUCLEAR": 1.697391845703125,
      "HERACOMB": 2.4493665508195464,
      "DYE886": 2.57661958174272,
      "CDF": 1.9466191700526647,
      "D0": 1.763911247253418,
      "ATLAS": 2.8130711146763394,
      "CMS": 2.6562259861680326,
      "LHCb": 2.201749563217163,
      "total": 2.287860870361328
    }
  },
  "5800": {
    "training_loss": 8127.47900390625,
    "validation_loss": [
      2683.96337890625
    ],
    "validation_chi2s": {
      "DEUTERON": 2.106443490555037,
      "NMC": 2.471960479137944,
      "NUCLEAR": 1.6828865966796875,
      "HERACOMB": 2.4141779880897674,
      "DYE886": 2.6272624622691763,
      "CDF": 1.935685157775879,
      "D0": 1.7620172500610352,
      "ATLAS": 2.775167236328125,
      "CMS": 2.672091874919954,
      "LHCb": 2.309978485107422,
      "total": 2.2818570137023926
    }
  },
  "5900": {
    "training_loss": 8141.25244140625,
    "validation_loss": [
      2688.392578125
    ],
    "validation_chi2s": {
      "DEUTERON": 2.129227975114661,
      "NMC": 2.47529946121515,
      "NUCLEAR": 1.708353759765625,
      "HERACOMB": 2.4179707446129495,
      "DYE886": 2.649835066361861,
      "CDF": 1.9728745051792689,
      "D0": 1.7331939697265626,
      "ATLAS": 2.7596358816964286,
      "CMS": 2.672304247246414,
      "LHCb": 2.1262004375457764,
      "total": 2.2854056358337402
    }
  },
  "6000": {
    "training_loss": 8096.86328125,
    "validation_loss": [
      2682.148193359375
    ],
    "validation_chi2s": {
      "DEUTERON": 2.105356396727301,
      "NMC": 2.453758389342065,
      "NUCLEAR": 1.6829696044921876,
      "HERACOMB": 2.41535959680096,
      "DYE886": 2.558941060846502,
      "CDF": 1.9599696568080358,
      "D0": 1.7793371200561523,
      "ATLAS": 2.7840541294642858,
      "CMS": 2.6607833612160605,
      "LHCb": 2.312730312347412,
      "total": 2.280444622039795
    }
  },
  "6100": {
    "training_loss": 8099.9453125,
    "validation_loss": [
      2678.122314453125
    ],
    "validation_chi2s": {
      "DEUTERON": 2.1313277666841572,
      "NMC": 2.4907869825176165,
      "NUCLEAR": 1.699517578125,
      "HERACOMB": 2.3898792142182392,
      "DYE886": 2.602359078147195,
      "CDF": 1.9869770322527205,
      "D0": 1.7044170379638672,
      "ATLAS": 2.7401299176897322,
      "CMS": 2.695225700003202,
      "LHCb": 2.164389133453369,
      "total": 2.2767136096954346
    }
  },
  "6200": {
    "training_loss": 8090.41796875,
    "validation_loss": [
      2684.07958984375
    ],
    "validation_chi2s": {
      "DEUTERON": 2.1156757411672107,
      "NMC": 2.468905579810049,
      "NUCLEAR": 1.682177490234375,
      "HERACOMB": 2.410830828099469,
      "DYE886": 2.564165462147106,
      "CDF": 1.9594929558890206,
      "D0": 1.7184202194213867,
      "ATLAS": 2.789085170200893,
      "CMS": 2.664400444656122,
      "LHCb": 2.3087944984436035,
      "total": 2.2821121215820312
    }
  },
  "6300": {
    "training_loss": 8102.8798828125,
    "validation_loss": [
      2687.462890625
    ],
    "validation_chi2s": {
      "DEUTERON": 2.1394688240924284,
      "NMC": 2.525844499176624,
      "NUCLEAR": 1.6893095703125,
      "HERACOMB": 2.387570250268076,
      "DYE886": 2.650286241011186,
      "CDF": 2.0039454868861606,
      "D0": 1.7017635345458983,
      "ATLAS": 2.791256626674107,
      "CMS": 2.6548914674852715,
      "LHCb": 2.298182249069214,
      "total": 2.284893751144409
    }
  },
  "6400": {
    "training_loss": 8086.70263671875,
    "validation_loss": [
      2696.103759765625
    ],
    "validation_chi2s": {
      "DEUTERON": 2.060214066386816,
      "NMC": 2.405581605200674,
      "NUCLEAR": 1.69394775390625,
      "HERACOMB": 2.4563863916334765,
      "DYE886": 2.5754002657803623,
      "CDF": 1.9842665536063058,
      "D0": 1.8121377944946289,
      "ATLAS": 2.8733504813058035,
      "CMS": 2.629873056880763,
      "LHCb": 2.228464126586914,
      "total": 2.2921688556671143
    }
  },
  "6500": {
    "training_loss": 8090.8046875,
    "validation_loss": [
      2682.654541015625
    ],
    "validation_chi2s": {
      "DEUTERON": 2.1445670815842663,
      "NMC": 2.5252912932751226,
      "NUCLEAR": 1.6833109130859376,
      "HERACOMB": 2.384335985370711,
      "DYE886": 2.5888326818292793,
      "CDF": 1.9975299835205078,
      "D0": 1.6179332733154297,
      "ATLAS": 2.7592489188058034,
      "CMS": 2.688045564245005,
      "LHCb": 2.316422939300537,
      "total": 2.2808966636657715
    }
  },
  "6600": {
    "training_loss": 8097.6259765625,
    "validation_loss": [
      2694.98583984375
    ],
    "validation_chi2s": {
      "DEUTERON": 2.0937419530764148,
      "NMC": 2.445028866038603,
      "NUCLEAR": 1.702073486328125,
      "HERACOMB": 2.4308126611647265,
      "DYE886": 2.737871516834606,
      "CDF": 1.9575376510620117,
      "D0": 1.693252182006836,
      "ATLAS": 2.835567452566964,
      "CMS": 2.6289265116707226,
      "LHCb": 2.2458865642547607,
      "total": 2.2913057804107666
    }
  },
  "6700": {
    "training_loss": 8117.80322265625,
    "validation_loss": [
      2679.18701171875
    ],
    "validation_chi2s": {
      "DEUTERON": 2.114610207021533,
      "NMC": 2.4713122797947302,
      "NUCLEAR": 1.686568359375,
      "HERACOMB": 2.4095036126429736,
      "DYE886": 2.5550755587491123,
      "CDF": 1.9782563618251257,
      "D0": 1.6999326705932618,
      "ATLAS": 2.7750721958705356,
      "CMS": 2.660757846519595,
      "LHCb": 2.2363007068634033,
      "total": 2.2779712677001953
    }
  },
  "6800": {
    "training_loss": 8089.11767578125,
    "validation_loss": [
      2688.936279296875
    ],
    "validation_chi2s": {
      "DEUTERON": 2.1389302875272076,
      "NMC": 2.496792662377451,
      "NUCLEAR": 1.688582275390625,
      "HERACOMB": 2.4148021024816178,
      "DYE886": 2.6067898490212182,
      "CDF": 1.9734813145228796,
      "D0": 1.5832118034362792,
      "ATLAS": 2.7739393833705357,
      "CMS": 2.6719145227651127,
      "LHCb": 2.248717784881592,
      "total": 2.28631329536438
    }
  },
  "6900": {
    "training_loss": 8087.17431640625,
    "validation_loss": [
      2703.94921875
    ],
    "validation_chi2s": {
      "DEUTERON": 2.111199374222637,
      "NMC": 2.4628396127738204,
      "NUCLEAR": 1.6991529541015624,
      "HERACOMB": 2.4630567762586804,
      "DYE886": 2.582378214055842,
      "CDF": 1.9348228999546595,
      "D0": 1.6222852706909179,
      "ATLAS": 2.769318324497768,
      "CMS": 2.735444866242956,
      "LHCb": 2.190173864364624,
      "total": 2.2988595962524414
    }
  },
  "7000": {
    "training_loss": 8086.951171875,
    "validation_loss": [
      2700.807373046875
    ],
    "validation_chi2s": {
      "DEUTERON": 2.1012466962064678,
      "NMC": 2.4313713522518383,
      "NUCLEAR": 1.70704296875,
      "HERACOMB": 2.432506087558721,
      "DYE886": 2.777326063676314,
      "CDF": 2.0062195914132253,
      "D0": 1.5739726066589355,
      "ATLAS": 2.820557338169643,
      "CMS": 2.628872980836962,
      "LHCb": 2.429377555847168,
      "total": 2.2962605953216553
    }
  },
  "7100": {
    "training_loss": 8100.68212890625,
    "validation_loss": [
      2691.865478515625
    ],
    "validation_chi2s": {
      "DEUTERON": 2.1290249800800685,
      "NMC": 2.4679629755955115,
      "NUCLEAR": 1.7007086181640625,
      "HERACOMB": 2.407802606719771,
      "DYE886": 2.628160996870561,
      "CDF": 2.016040257045201,
      "D0": 1.5467227935791015,
      "ATLAS": 2.798806849888393,
      "CMS": 2.6401617331582994,
      "LHCb": 2.390627145767212,
      "total": 2.2887372970581055
    }
  },
  "7200": {
    "training_loss": 8105.91015625,
    "validation_loss": [
      2681.721923828125
    ],
    "validation_chi2s": {
      "DEUTERON": 2.126591013438666,
      "NMC": 2.485754274854473,
      "NUCLEAR": 1.7043251953125,
      "HERACOMB": 2.3992022346047794,
      "DYE886": 2.523062966086648,
      "CDF": 1.9764345714024134,
      "D0": 1.6758333206176759,
      "ATLAS": 2.782061767578125,
      "CMS": 2.6560246201812245,
      "LHCb": 2.1887338161468506,
      "total": 2.280179738998413
    }
  },
  "7300": {
    "training_loss": 8088.103515625,
    "validation_loss": [
      2680.540771484375
    ],
    "validation_chi2s": {
      "DEUTERON": 2.1163377145036537,
      "NMC": 2.482451046214384,
      "NUCLEAR": 1.6859554443359375,
      "HERACOMB": 2.3881185693678515,
      "DYE886": 2.583439913662997,
      "CDF": 2.008014133998326,
      "D0": 1.6844215393066406,
      "ATLAS": 2.779532121930804,
      "CMS": 2.691038788342085,
      "LHCb": 2.2996175289154053,
      "total": 2.279158592224121
    }
  },
  "7400": {
    "training_loss": 8123.19287109375,
    "validation_loss": [
      2688.7822265625
    ],
    "validation_chi2s": {
      "DEUTERON": 2.108267864777674,
      "NMC": 2.4488149904737284,
      "NUCLEAR": 1.6941749267578126,
      "HERACOMB": 2.4031970454197302,
      "DYE886": 2.5812584270130503,
      "CDF": 1.9958106449672155,
      "D0": 1.6230093002319337,
      "ATLAS": 2.791810825892857,
      "CMS": 2.6500704405737703,
      "LHCb": 2.5566251277923584,
      "total": 2.285926342010498
    }
  },
  "7500": {
    "training_loss": 8159.92626953125,
    "validation_loss": [
      2692.366455078125
    ],
    "validation_chi2s": {
      "DEUTERON": 2.1288898524953357,
      "NMC": 2.503423952588848,
      "NUCLEAR": 1.6870894775390626,
      "HERACOMB": 2.3864155688316995,
      "DYE886": 2.62099214033647,
      "CDF": 2.0111068998064314,
      "D0": 1.6825176239013673,
      "ATLAS": 2.8175416782924105,
      "CMS": 2.6220255367091445,
      "LHCb": 2.597001552581787,
      "total": 2.2893052101135254
    }
  },
  "7600": {
    "training_loss": 8099.51025390625,
    "validation_loss": [
      2680.737060546875
    ],
    "validation_chi2s": {
      "DEUTERON": 2.1117827002681904,
      "NMC": 2.4748777501723347,
      "NUCLEAR": 1.69398095703125,
      "HERACOMB": 2.400601056666156,
      "DYE886": 2.54111064564098,
      "CDF": 1.9747837611607142,
      "D0": 1.6420637130737306,
      "ATLAS": 2.8121622140066966,
      "CMS": 2.644783145091573,
      "LHCb": 2.2170791625976562,
      "total": 2.2794671058654785
    }
  },
  "7700": {
    "training_loss": 8081.2568359375,
    "validation_loss": [
      2682.75732421875
    ],
    "validation_chi2s": {
      "DEUTERON": 2.1301816114738807,
      "NMC": 2.473652110380285,
      "NUCLEAR": 1.7023125,
      "HERACOMB": 2.3802532121246935,
      "DYE886": 2.5446914326060903,
      "CDF": 2.03071471623012,
      "D0": 1.672093391418457,
      "ATLAS": 2.792642299107143,
      "CMS": 2.6584642754226433,
      "LHCb": 2.3230350017547607,
      "total": 2.281087875366211
    }
  },
  "7800": {
    "training_loss": 8079.26611328125,
    "validation_loss": [
      2697.486572265625
    ],
    "validation_chi2s": {
      "DEUTERON": 2.090560837171564,
      "NMC": 2.4312017104204964,
      "NUCLEAR": 1.699013671875,
      "HERACOMB": 2.4577195909288196,
      "DYE886": 2.5384174693714487,
      "CDF": 1.9224104200090681,
      "D0": 1.5691370010375976,
      "ATLAS": 2.8493430873325893,
      "CMS": 2.647920202036373,
      "LHCb": 2.1805756092071533,
      "total": 2.2937610149383545
    }
  },
  "7900": {
    "training_loss": 8085.38330078125,
    "validation_loss": [
      2679.797119140625
    ],
    "validation_chi2s": {
      "DEUTERON": 2.124851359656794,
      "NMC": 2.4858784395105697,
      "NUCLEAR": 1.7044329833984375,
      "HERACOMB": 2.3824542675142975,
      "DYE886": 2.5575200861150567,
      "CDF": 2.026705741882324,
      "D0": 1.6310428619384765,
      "ATLAS": 2.7897028459821427,
      "CMS": 2.65049093277728,
      "LHCb": 2.259260892868042,
      "total": 2.278597831726074
    }
  },
  "8000": {
    "training_loss": 8096.06591796875,
    "validation_loss": [
      2679.62255859375
    ],
    "validation_chi2s": {
      "DEUTERON": 2.1015477726115517,
      "NMC": 2.4757757747874543,
      "NUCLEAR": 1.699271484375,
      "HERACOMB": 2.4076915067784928,
      "DYE886": 2.5773204456676138,
      "CDF": 1.9647229058401925,
      "D0": 1.5904532432556153,
      "ATLAS": 2.7823392159598215,
      "CMS": 2.6590098396676485,
      "LHCb": 2.2395613193511963,
      "total": 2.278554677963257
    }
  },
  "8100": {
    "training_loss": 8090.94580078125,
    "validation_loss": [
      2677.828125
    ],
    "validation_chi2s": {
      "DEUTERON": 2.110438712200715,
      "NMC": 2.4777327892827055,
      "NUCLEAR": 1.6979937744140625,
      "HERACOMB": 2.401181887957006,
      "DYE886": 2.514847842129794,
      "CDF": 1.9712093898228236,
      "D0": 1.6417343139648437,
      "ATLAS": 2.7873451450892857,
      "CMS": 2.653220505010886,
      "LHCb": 2.216810464859009,
      "total": 2.277024984359741
    }
  },
  "8200": {
    "training_loss": 8062.115234375,
    "validation_loss": [
      2720.4375
    ],
    "validation_chi2s": {
      "DEUTERON": 2.0846220557369404,
      "NMC": 2.4206391876819087,
      "NUCLEAR": 1.693662841796875,
      "HERACOMB": 2.4910017026016136,
      "DYE886": 2.495261799205433,
      "CDF": 1.889981406075614,
      "D0": 1.6505086898803711,
      "ATLAS": 2.883045654296875,
      "CMS": 2.693571997470543,
      "LHCb": 2.3267343044281006,
      "total": 2.313230276107788
    }
  },
  "8300": {
    "training_loss": 8096.93798828125,
    "validation_loss": [
      2687.5
    ],
    "validation_chi2s": {
      "DEUTERON": 2.1151491990729943,
      "NMC": 2.456003525677849,
      "NUCLEAR": 1.7011854248046876,
      "HERACOMB": 2.4164175395092933,
      "DYE886": 2.625434702092951,
      "CDF": 1.9171882356916154,
      "D0": 1.5711223602294921,
      "ATLAS": 2.8152528599330355,
      "CMS": 2.638252383372823,
      "LHCb": 2.21661114692688,
      "total": 2.2852721214294434
    }
  },
  "8400": {
    "training_loss": 8088.525390625,
    "validation_loss": [
      2705.47509765625
    ],
    "validation_chi2s": {
      "DEUTERON": 2.1073048150361475,
      "NMC": 2.4519123750574447,
      "NUCLEAR": 1.7114056396484374,
      "HERACOMB": 2.449285569533803,
      "DYE886": 2.7411124489524146,
      "CDF": 1.9150449207850866,
      "D0": 1.537286376953125,
      "ATLAS": 2.8393601771763395,
      "CMS": 2.6478421570824797,
      "LHCb": 2.2009613513946533,
      "total": 2.3004984855651855
    }
  },
  "8500": {
    "training_loss": 8345.203125,
    "validation_loss": [
      2714.79443359375
    ],
    "validation_chi2s": {
      "DEUTERON": 2.097205622279229,
      "NMC": 2.4163755529067097,
      "NUCLEAR": 1.724667724609375,
      "HERACOMB": 2.4655572230519813,
      "DYE886": 2.753847295587713,
      "CDF": 1.9382968630109514,
      "D0": 1.5235561370849608,
      "ATLAS": 2.887587367466518,
      "CMS": 2.6109801745805585,
      "LHCb": 2.2203102111816406,
      "total": 2.3084239959716797
    }
  },
  "8600": {
    "training_loss": 8128.58544921875,
    "validation_loss": [
      2700.75439453125
    ],
    "validation_chi2s": {
      "DEUTERON": 2.103450034981343,
      "NMC": 2.456468469956342,
      "NUCLEAR": 1.709954833984375,
      "HERACOMB": 2.407186470779718,
      "DYE886": 2.847282062877308,
      "CDF": 2.0037845884050642,
      "D0": 1.484299087524414,
      "ATLAS": 2.8853043038504462,
      "CMS": 2.5864638031506146,
      "LHCb": 2.3918776512145996,
      "total": 2.2965030670166016
    }
  },
  "8700": {
    "training_loss": 8060.4169921875,
    "validation_loss": [
      2676.0771484375
    ],
    "validation_chi2s": {
      "DEUTERON": 2.0924187655472637,
      "NMC": 2.4471784105487897,
      "NUCLEAR": 1.7013231201171874,
      "HERACOMB": 2.3915487052568425,
      "DYE886": 2.5026919625022193,
      "CDF": 1.9711802346365792,
      "D0": 1.7867696762084961,
      "ATLAS": 2.7996930803571427,
      "CMS": 2.6609412021324284,
      "LHCb": 2.255152940750122,
      "total": 2.275508403778076
    }
  },
  "8800": {
    "training_loss": 8085.45361328125,
    "validation_loss": [
      2680.592529296875
    ],
    "validation_chi2s": {
      "DEUTERON": 2.1077736622065455,
      "NMC": 2.4494751574946383,
      "NUCLEAR": 1.714807373046875,
      "HERACOMB": 2.4046403473498774,
      "DYE886": 2.5369434356689453,
      "CDF": 1.9381004061017717,
      "D0": 1.5791678428649902,
      "ATLAS": 2.814310302734375,
      "CMS": 2.627045178022541,
      "LHCb": 2.1657512187957764,
      "total": 2.2794101238250732
    }
  },
  "8900": {
    "training_loss": 8074.49951171875,
    "validation_loss": [
      2698.482177734375
    ],
    "validation_chi2s": {
      "DEUTERON": 2.1511109005752487,
      "NMC": 2.5539224662032782,
      "NUCLEAR": 1.712052001953125,
      "HERACOMB": 2.385723637599571,
      "DYE886": 2.5992213162508877,
      "CDF": 1.9480438232421875,
      "D0": 1.4734049797058106,
      "ATLAS": 2.8135595703125,
      "CMS": 2.660617515689037,
      "LHCb": 2.350778579711914,
      "total": 2.294569492340088
    }
  },
  "9000": {
    "training_loss": 8051.96435546875,
    "validation_loss": [
      2694.1865234375
    ],
    "validation_chi2s": {
      "DEUTERON": 2.1327368892840486,
      "NMC": 2.4732951743929994,
      "NUCLEAR": 1.7068863525390625,
      "HERACOMB": 2.422457825903799,
      "DYE886": 2.5772559426047583,
      "CDF": 1.9329353060041154,
      "D0": 1.5164308547973633,
      "ATLAS": 2.8096119907924106,
      "CMS": 2.6377768594710553,
      "LHCb": 2.265113592147827,
      "total": 2.2909700870513916
    }
  },
  "9100": {
    "training_loss": 8069.6171875,
    "validation_loss": [
      2679.65380859375
    ],
    "validation_chi2s": {
      "DEUTERON": 2.105660357878576,
      "NMC": 2.4829851038315716,
      "NUCLEAR": 1.708447998046875,
      "HERACOMB": 2.399708267910029,
      "DYE886": 2.5398873415860264,
      "CDF": 1.9536677769252233,
      "D0": 1.5154616355895996,
      "ATLAS": 2.7876688058035715,
      "CMS": 2.6727680143762806,
      "LHCb": 2.1789722442626953,
      "total": 2.278611898422241
    }
  },
  "9200": {
    "training_loss": 8059.6015625,
    "validation_loss": [
      2680.954833984375
    ],
    "validation_chi2s": {
      "DEUTERON": 2.120681534952192,
      "NMC": 2.462813882266774,
      "NUCLEAR": 1.7022789306640624,
      "HERACOMB": 2.396493749680862,
      "DYE886": 2.523917631669478,
      "CDF": 1.9353090013776506,
      "D0": 1.5431939125061036,
      "ATLAS": 2.7999930245535714,
      "CMS": 2.6312671098552767,
      "LHCb": 2.3316638469696045,
      "total": 2.279667615890503
    }
  },
  "9300": {
    "training_loss": 8074.62890625,
    "validation_loss": [
      2707.404296875
    ],
    "validation_chi2s": {
      "DEUTERON": 2.067243889196595,
      "NMC": 2.4169815661860445,
      "NUCLEAR": 1.735190673828125,
      "HERACOMB": 2.458249759050756,
      "DYE886": 2.6341195539994673,
      "CDF": 1.8903638294764928,
      "D0": 1.4929972648620606,
      "ATLAS": 2.900600062779018,
      "CMS": 2.613828315109503,
      "LHCb": 2.1852948665618896,
      "total": 2.302158832550049
    }
  },
  "9400": {
    "training_loss": 8048.0283203125,
    "validation_loss": [
      2698.203125
    ],
    "validation_chi2s": {
      "DEUTERON": 2.114498005577581,
      "NMC": 2.4189484540153954,
      "NUCLEAR": 1.744726318359375,
      "HERACOMB": 2.430820041232639,
      "DYE886": 2.7625810449773613,
      "CDF": 1.9551286697387695,
      "D0": 1.497052001953125,
      "ATLAS": 2.8228754534040177,
      "CMS": 2.621858440461706,
      "LHCb": 2.0605437755584717,
      "total": 2.2939059734344482
    }
  },
  "9500": {
    "training_loss": 8054.0576171875,
    "validation_loss": [
      2678.732666015625
    ],
    "validation_chi2s": {
      "DEUTERON": 2.096041095790578,
      "NMC": 2.4518897860657933,
      "NUCLEAR": 1.7179361572265626,
      "HERACOMB": 2.383487078099469,
      "DYE886": 2.6600012345747515,
      "CDF": 2.0050554275512695,
      "D0": 1.4929113388061523,
      "ATLAS": 2.824611293247768,
      "CMS": 2.6330351282338627,
      "LHCb": 2.2036335468292236,
      "total": 2.277822971343994
    }
  },
  "9600": {
    "training_loss": 8076.37158203125,
    "validation_loss": [
      2723.02587890625
    ],
    "validation_chi2s": {
      "DEUTERON": 2.07633008055426,
      "NMC": 2.417690202301624,
      "NUCLEAR": 1.731169677734375,
      "HERACOMB": 2.478185915479473,
      "DYE886": 2.789510900324041,
      "CDF": 1.9354222161429269,
      "D0": 1.4699015617370605,
      "ATLAS": 2.947528250558036,
      "CMS": 2.575377667536501,
      "LHCb": 2.237302303314209,
      "total": 2.3154637813568115
    }
  },
  "9700": {
    "training_loss": 8048.970703125,
    "validation_loss": [
      2701.791259765625
    ],
    "validation_chi2s": {
      "DEUTERON": 2.0297974543784982,
      "NMC": 2.3950724882238053,
      "NUCLEAR": 1.722810546875,
      "HERACOMB": 2.451351988549326,
      "DYE886": 2.5872346704656426,
      "CDF": 1.8976428168160575,
      "D0": 1.6630874633789063,
      "ATLAS": 2.9202573939732144,
      "CMS": 2.628329918032787,
      "LHCb": 2.2516911029815674,
      "total": 2.2972307205200195
    }
  },
  "9800": {
    "training_loss": 8098.9169921875,
    "validation_loss": [
      2691.705810546875
    ],
    "validation_chi2s": {
      "DEUTERON": 2.1292824816347946,
      "NMC": 2.482481563792509,
      "NUCLEAR": 1.7085579833984375,
      "HERACOMB": 2.4179509979447507,
      "DYE886": 2.6071224212646484,
      "CDF": 1.8981335503714425,
      "D0": 1.5121458053588868,
      "ATLAS": 2.7785820661272322,
      "CMS": 2.6664203581262806,
      "LHCb": 2.273515462875366,
      "total": 2.288858413696289
    }
  },
  "9900": {
    "training_loss": 8091.685546875,
    "validation_loss": [
      2692.552734375
    ],
    "validation_chi2s": {
      "DEUTERON": 2.126305727223259,
      "NMC": 2.5165728400735294,
      "NUCLEAR": 1.7106497802734375,
      "HERACOMB": 2.4022879008374183,
      "DYE886": 2.633217204700817,
      "CDF": 1.9216910770961217,
      "D0": 1.5468592643737793,
      "ATLAS": 2.800529610770089,
      "CMS": 2.65750247142354,
      "LHCb": 2.2777223587036133,
      "total": 2.289576292037964
    }
  },
  "10000": {
    "training_loss": 8062.21484375,
    "validation_loss": [
      2693.194091796875
    ],
    "validation_chi2s": {
      "DEUTERON": 2.1022445147310322,
      "NMC": 2.5028116562787224,
      "NUCLEAR": 1.700794189453125,
      "HERACOMB": 2.3968942679610907,
      "DYE886": 2.6638577201149682,
      "CDF": 1.926677976335798,
      "D0": 1.627462387084961,
      "ATLAS": 2.7726825823102677,
      "CMS": 2.7058268062403945,
      "LHCb": 2.519474744796753,
      "total": 2.2901041507720947
    }
  },
  "10100": {
    "training_loss": 8041.31396484375,
    "validation_loss": [
      2727.24267578125
    ],
    "validation_chi2s": {
      "DEUTERON": 2.0785669734821983,
      "NMC": 2.403456594429764,
      "NUCLEAR": 1.743694580078125,
      "HERACOMB": 2.496776107089971,
      "DYE886": 2.6902306296608667,
      "CDF": 1.8784348624093192,
      "D0": 1.467102336883545,
      "ATLAS": 2.907815638950893,
      "CMS": 2.6496729616258965,
      "LHCb": 2.1183650493621826,
      "total": 2.3190696239471436
    }
  },
  "10200": {
    "training_loss": 8216.75048828125,
    "validation_loss": [
      2729.8603515625
    ],
    "validation_chi2s": {
      "DEUTERON": 2.0915191802219373,
      "NMC": 2.455280827540977,
      "NUCLEAR": 1.7191993408203126,
      "HERACOMB": 2.5057576497395835,
      "DYE886": 2.8518203388560903,
      "CDF": 1.9139208112444197,
      "D0": 1.4496646881103517,
      "ATLAS": 2.8600163922991073,
      "CMS": 2.641298638015497,
      "LHCb": 2.3188865184783936,
      "total": 2.321221351623535
    }
  },
  "10300": {
    "training_loss": 8057.5693359375,
    "validation_loss": [
      2690.896484375
    ],
    "validation_chi2s": {
      "DEUTERON": 2.104840786302861,
      "NMC": 2.5014712763767615,
      "NUCLEAR": 1.71117333984375,
      "HERACOMB": 2.423928254570057,
      "DYE886": 2.6538800326260654,
      "CDF": 1.9206015723092216,
      "D0": 1.443178939819336,
      "ATLAS": 2.7784034946986607,
      "CMS": 2.6774432072873977,
      "LHCb": 2.2375876903533936,
      "total": 2.288177013397217
    }
  },
  "10400": {
    "training_loss": 8033.15283203125,
    "validation_loss": [
      2699.0908203125
    ],
    "validation_chi2s": {
      "DEUTERON": 2.0418641958663715,
      "NMC": 2.390901154162837,
      "NUCLEAR": 1.7386322021484375,
      "HERACOMB": 2.44432097790288,
      "DYE886": 2.658285140991211,
      "CDF": 2.0003113065447127,
      "D0": 1.6616785049438476,
      "ATLAS": 2.8946200125558037,
      "CMS": 2.612848750880507,
      "LHCb": 2.165022373199463,
      "total": 2.294795274734497
    }
  },
  "10500": {
    "training_loss": 8099.4306640625,
    "validation_loss": [
      2712.8623046875
    ],
    "validation_chi2s": {
      "DEUTERON": 2.135556197285059,
      "NMC": 2.4940119724647674,
      "NUCLEAR": 1.74861181640625,
      "HERACOMB": 2.4039228850719976,
      "DYE886": 2.930352644486861,
      "CDF": 2.0219082151140486,
      "D0": 1.4380839347839356,
      "ATLAS": 2.8483939034598214,
      "CMS": 2.622889284227715,
      "LHCb": 2.255331516265869,
      "total": 2.3068273067474365
    }
  },
  "10600": {
    "training_loss": 8075.0029296875,
    "validation_loss": [
      2710.870361328125
    ],
    "validation_chi2s": {
      "DEUTERON": 2.095554940143035,
      "NMC": 2.477257074094286,
      "NUCLEAR": 1.727935791015625,
      "HERACOMB": 2.4531361698325163,
      "DYE886": 2.82614447853782,
      "CDF": 1.9026490620204382,
      "D0": 1.4774831771850585,
      "ATLAS": 2.827499302455357,
      "CMS": 2.6509949731045084,
      "LHCb": 2.250121593475342,
      "total": 2.30501389503479
    }
  },
  "10700": {
    "training_loss": 8067.0185546875,
    "validation_loss": [
      2711.574951171875
    ],
    "validation_chi2s": {
      "DEUTERON": 2.1220598363164647,
      "NMC": 2.4916251687442554,
      "NUCLEAR": 1.73505712890625,
      "HERACOMB": 2.4208208470562704,
      "DYE886": 2.9106889204545454,
      "CDF": 1.9708944048200334,
      "D0": 1.3818635940551758,
      "ATLAS": 2.8113274274553572,
      "CMS": 2.6484184890496927,
      "LHCb": 2.39593768119812,
      "total": 2.305741310119629
    }
  },
  "10800": {
    "training_loss": 8064.580078125,
    "validation_loss": [
      2692.17138671875
    ],
    "validation_chi2s": {
      "DEUTERON": 2.035590480216107,
      "NMC": 2.4400577919155944,
      "NUCLEAR": 1.73501806640625,
      "HERACOMB": 2.412463219337214,
      "DYE886": 2.5803973458030005,
      "CDF": 2.0114784240722656,
      "D0": 1.5792787551879883,
      "ATLAS": 2.9319747488839285,
      "CMS": 2.572474995597464,
      "LHCb": 2.2820887565612793,
      "total": 2.2892613410949707
    }
  },
  "10900": {
    "training_loss": 8067.42578125,
    "validation_loss": [
      2686.671875
    ],
    "validation_chi2s": {
      "DEUTERON": 2.0717674748814523,
      "NMC": 2.4647616218118107,
      "NUCLEAR": 1.7267459716796876,
      "HERACOMB": 2.4210627936070264,
      "DYE886": 2.6284162347966973,
      "CDF": 1.9379114423479353,
      "D0": 1.499136734008789,
      "ATLAS": 2.8298013741629466,
      "CMS": 2.6151976038198,
      "LHCb": 2.2299962043762207,
      "total": 2.2845842838287354
    }
  },
  "11000": {
    "training_loss": 8033.99365234375,
    "validation_loss": [
      2689.060791015625
    ],
    "validation_chi2s": {
      "DEUTERON": 2.081612354487329,
      "NMC": 2.474678637934666,
      "NUCLEAR": 1.7216768798828126,
      "HERACOMB": 2.3737080891927085,
      "DYE886": 2.602831233631481,
      "CDF": 1.9653674534388952,
      "D0": 1.961632537841797,
      "ATLAS": 2.814594029017857,
      "CMS": 2.698541109679175,
      "LHCb": 2.351405382156372,
      "total": 2.2866015434265137
    }
  },
  "11100": {
    "training_loss": 8033.0419921875,
    "validation_loss": [
      2680.34814453125
    ],
    "validation_chi2s": {
      "DEUTERON": 2.072735990457867,
      "NMC": 2.4813923555261947,
      "NUCLEAR": 1.723366455078125,
      "HERACOMB": 2.372408997778799,
      "DYE886": 2.553399519486861,
      "CDF": 1.965118408203125,
      "D0": 1.87001953125,
      "ATLAS": 2.8039630998883927,
      "CMS": 2.698306974817495,
      "LHCb": 2.2456448078155518,
      "total": 2.279207706451416
    }
  },
  "11200": {
    "training_loss": 8059.15087890625,
    "validation_loss": [
      2692.975830078125
    ],
    "validation_chi2s": {
      "DEUTERON": 2.0429570591864894,
      "NMC": 2.44999724743413,
      "NUCLEAR": 1.74643896484375,
      "HERACOMB": 2.4243999805325775,
      "DYE886": 2.6458925767378374,
      "CDF": 1.88638550894601,
      "D0": 1.5090564727783202,
      "ATLAS": 2.8811204310825893,
      "CMS": 2.6145462286276895,
      "LHCb": 2.1628222465515137,
      "total": 2.2899200916290283
    }
  },
  "11300": {
    "training_loss": 8044.376953125,
    "validation_loss": [
      2681.4052734375
    ],
    "validation_chi2s": {
      "DEUTERON": 2.0938257625446983,
      "NMC": 2.5115488089767157,
      "NUCLEAR": 1.728763427734375,
      "HERACOMB": 2.396105996923509,
      "DYE886": 2.603833458640359,
      "CDF": 1.9555059160505022,
      "D0": 1.5887950897216796,
      "ATLAS": 2.7734483119419644,
      "CMS": 2.6575777647925203,
      "LHCb": 2.206850290298462,
      "total": 2.280106544494629
    }
  },
  "11400": {
    "training_loss": 8044.56689453125,
    "validation_loss": [
      2686.840576171875
    ],
    "validation_chi2s": {
      "DEUTERON": 2.1216852747978856,
      "NMC": 2.539691401462929,
      "NUCLEAR": 1.7401239013671874,
      "HERACOMB": 2.3609854504953023,
      "DYE886": 2.6653048775412818,
      "CDF": 1.967536517551967,
      "D0": 1.5468380928039551,
      "ATLAS": 2.805259486607143,
      "CMS": 2.6614502453413165,
      "LHCb": 2.183385133743286,
      "total": 2.2847273349761963
    }
  },
  "11500": {
    "training_loss": 8103.20849609375,
    "validation_loss": [
      2696.32275390625
    ],
    "validation_chi2s": {
      "DEUTERON": 2.080039105012049,
      "NMC": 2.4630309460209867,
      "NUCLEAR": 1.7169581298828125,
      "HERACOMB": 2.4407845291436887,
      "DYE886": 2.734416961669922,
      "CDF": 1.881584848676409,
      "D0": 1.6225797653198242,
      "ATLAS": 2.788843994140625,
      "CMS": 2.6541005118948515,
      "LHCb": 2.346834421157837,
      "total": 2.2927913665771484
    }
  },
  "11600": {
    "training_loss": 8068.4541015625,
    "validation_loss": [
      2701.47216796875
    ],
    "validation_chi2s": {
      "DEUTERON": 2.095898832254742,
      "NMC": 2.533817066865809,
      "NUCLEAR": 1.74140087890625,
      "HERACOMB": 2.4183664758220997,
      "DYE886": 2.736197731711648,
      "CDF": 1.8872503553118025,
      "D0": 1.5011534690856934,
      "ATLAS": 2.834845668247768,
      "CMS": 2.6288362096567623,
      "LHCb": 2.1989026069641113,
      "total": 2.297168493270874
    }
  },
  "11700": {
    "training_loss": 8026.31298828125,
    "validation_loss": [
      2678.88818359375
    ],
    "validation_chi2s": {
      "DEUTERON": 2.0545206402071674,
      "NMC": 2.498765085257736,
      "NUCLEAR": 1.7326160888671875,
      "HERACOMB": 2.393021327997345,
      "DYE886": 2.602014021439986,
      "CDF": 1.9097681045532227,
      "D0": 1.6970558166503906,
      "ATLAS": 2.8093504115513395,
      "CMS": 2.6608734130859375,
      "LHCb": 2.163242816925049,
      "total": 2.2779626846313477
    }
  },
  "11800": {
    "training_loss": 8041.25,
    "validation_loss": [
      2692.16064453125
    ],
    "validation_chi2s": {
      "DEUTERON": 2.043642414149953,
      "NMC": 2.4559433880974266,
      "NUCLEAR": 1.7382823486328125,
      "HERACOMB": 2.452401952805862,
      "DYE886": 2.5621625726873223,
      "CDF": 1.8932476043701172,
      "D0": 1.5165287971496582,
      "ATLAS": 2.8419400460379465,
      "CMS": 2.6143951416015625,
      "LHCb": 2.181729316711426,
      "total": 2.2890539169311523
    }
  },
  "11900": {
    "training_loss": 8034.431640625,
    "validation_loss": [
      2701.662353515625
    ],
    "validation_chi2s": {
      "DEUTERON": 2.0748811788226833,
      "NMC": 2.475576213761872,
      "NUCLEAR": 1.7365291748046876,
      "HERACOMB": 2.4433218762765523,
      "DYE886": 2.8130135969682173,
      "CDF": 1.8833013262067522,
      "D0": 1.4682049751281738,
      "ATLAS": 2.830615408761161,
      "CMS": 2.62442391817687,
      "LHCb": 2.2273852825164795,
      "total": 2.2973294258117676
    }
  },
  "12000": {
    "training_loss": 8054.4697265625,
    "validation_loss": [
      2708.340087890625
    ],
    "validation_chi2s": {
      "DEUTERON": 2.0448353326142725,
      "NMC": 2.459741480210248,
      "NUCLEAR": 1.7341187744140625,
      "HERACOMB": 2.4472115709890727,
      "DYE886": 2.782788536765359,
      "CDF": 1.8630406515938895,
      "D0": 1.526177215576172,
      "ATLAS": 2.9402779715401786,
      "CMS": 2.579369466812884,
      "LHCb": 2.210726499557495,
      "total": 2.3030054569244385
    }
  },
  "12100": {
    "training_loss": 8102.876953125,
    "validation_loss": [
      2705.746337890625
    ],
    "validation_chi2s": {
      "DEUTERON": 2.0726464114972014,
      "NMC": 2.4649517582912073,
      "NUCLEAR": 1.717254638671875,
      "HERACOMB": 2.4497118183210786,
      "DYE886": 2.760214025324041,
      "CDF": 1.8758927753993444,
      "D0": 1.514420223236084,
      "ATLAS": 2.8049129813058036,
      "CMS": 2.639797023085297,
      "LHCb": 2.5807435512542725,
      "total": 2.300798177719116
    }
  },
  "12200": {
    "training_loss": 8028.04296875,
    "validation_loss": [
      2698.69140625
    ],
    "validation_chi2s": {
      "DEUTERON": 2.1347414842292443,
      "NMC": 2.6024148978439032,
      "NUCLEAR": 1.735044921875,
      "HERACOMB": 2.3926748637280433,
      "DYE886": 2.802324815229936,
      "CDF": 1.9314005715506417,
      "D0": 1.45772066116333,
      "ATLAS": 2.772606026785714,
      "CMS": 2.670160762599257,
      "LHCb": 2.195359230041504,
      "total": 2.2948055267333984
    }
  },
  "12300": {
    "training_loss": 8028.3193359375,
    "validation_loss": [
      2711.295654296875
    ],
    "validation_chi2s": {
      "DEUTERON": 2.0677136473394744,
      "NMC": 2.4619511623008576,
      "NUCLEAR": 1.73183251953125,
      "HERACOMB": 2.474293228847529,
      "DYE886": 2.8667789806019175,
      "CDF": 1.8977172034127372,
      "D0": 1.5515605926513671,
      "ATLAS": 2.816402413504464,
      "CMS": 2.6294350545914447,
      "LHCb": 2.318537473678589,
      "total": 2.3052594661712646
    }
  },
  "12400": {
    "training_loss": 8025.00390625,
    "validation_loss": [
      2713.694580078125
    ],
    "validation_chi2s": {
      "DEUTERON": 2.0695240533173975,
      "NMC": 2.475015677657782,
      "NUCLEAR": 1.7392183837890625,
      "HERACOMB": 2.482165567236009,
      "DYE886": 2.7133830677379263,
      "CDF": 1.8482512065342493,
      "D0": 1.41778621673584,
      "ATLAS": 2.849545375279018,
      "CMS": 2.647730592821465,
      "LHCb": 2.145089864730835,
      "total": 2.307562828063965
    }
  },
  "12500": {
    "training_loss": 8038.953125,
    "validation_loss": [
      2693.2109375
    ],
    "validation_chi2s": {
      "DEUTERON": 2.0892648269881064,
      "NMC": 2.5097825293447458,
      "NUCLEAR": 1.7421151123046874,
      "HERACOMB": 2.4089796278211804,
      "DYE886": 2.6824996254660864,
      "CDF": 1.8995327268327986,
      "D0": 1.5993210792541503,
      "ATLAS": 2.7945811244419643,
      "CMS": 2.6495551437628073,
      "LHCb": 2.2496888637542725,
      "total": 2.290144681930542
    }
  },
  "12600": {
    "training_loss": 8024.55517578125,
    "validation_loss": [
      2688.75439453125
    ],
    "validation_chi2s": {
      "DEUTERON": 2.084586224152674,
      "NMC": 2.5577093386182597,
      "NUCLEAR": 1.7287960205078126,
      "HERACOMB": 2.4050346823299633,
      "DYE886": 2.7083615389737217,
      "CDF": 1.9217547007969447,
      "D0": 1.626409912109375,
      "ATLAS": 2.76871337890625,
      "CMS": 2.657621039718878,
      "LHCb": 2.284836769104004,
      "total": 2.28635573387146
    }
  },
  "12700": {
    "training_loss": 8051.4306640625,
    "validation_loss": [
      2686.685302734375
    ],
    "validation_chi2s": {
      "DEUTERON": 2.057643453873212,
      "NMC": 2.526401295381434,
      "NUCLEAR": 1.7485458984375,
      "HERACOMB": 2.416018217996834,
      "DYE886": 2.689573808149858,
      "CDF": 1.8842071805681502,
      "D0": 1.6284332275390625,
      "ATLAS": 2.832509242466518,
      "CMS": 2.5987623871349896,
      "LHCb": 2.075978994369507,
      "total": 2.2845959663391113
    }
  },
  "12800": {
    "training_loss": 8017.814453125,
    "validation_loss": [
      2678.15380859375
    ],
    "validation_chi2s": {
      "DEUTERON": 2.0677279192416824,
      "NMC": 2.495356092266008,
      "NUCLEAR": 1.7367958984375,
      "HERACOMB": 2.405154159645629,
      "DYE886": 2.6482804038307886,
      "CDF": 1.891230583190918,
      "D0": 1.7319168090820312,
      "ATLAS": 2.779699009486607,
      "CMS": 2.6461604384125255,
      "LHCb": 2.093824863433838,
      "total": 2.277341842651367
    }
  },
  "12900": {
    "training_loss": 8025.375,
    "validation_loss": [
      2710.6142578125
    ],
    "validation_chi2s": {
      "DEUTERON": 2.0764515435517725,
      "NMC": 2.5127395929074754,
      "NUCLEAR": 1.7427833251953124,
      "HERACOMB": 2.465371125663807,
      "DYE886": 2.884684996171431,
      "CDF": 1.9098834991455078,
      "D0": 1.5337664604187011,
      "ATLAS": 2.8153691755022323,
      "CMS": 2.6218671955046107,
      "LHCb": 2.1959664821624756,
      "total": 2.3049440383911133
    }
  },
  "13000": {
    "training_loss": 8046.5087890625,
    "validation_loss": [
      2700.18505859375
    ],
    "validation_chi2s": {
      "DEUTERON": 2.0585346886174594,
      "NMC": 2.533717435948989,
      "NUCLEAR": 1.732666748046875,
      "HERACOMB": 2.4563105963414014,
      "DYE886": 2.6691533868963067,
      "CDF": 1.8632538659232003,
      "D0": 1.4805606842041015,
      "ATLAS": 2.8280721609933037,
      "CMS": 2.611359643154457,
      "LHCb": 2.2604310512542725,
      "total": 2.2960755825042725
    }
  },
  "13100": {
    "training_loss": 8013.2958984375,
    "validation_loss": [
      2690.74755859375
    ],
    "validation_chi2s": {
      "DEUTERON": 2.0764389417657805,
      "NMC": 2.492757610246247,
      "NUCLEAR": 1.7406939697265624,
      "HERACOMB": 2.396778580410029,
      "DYE886": 2.5703610506924717,
      "CDF": 1.9608071190970284,
      "D0": 2.008774757385254,
      "ATLAS": 2.86673583984375,
      "CMS": 2.596048573978612,
      "LHCb": 2.1533350944519043,
      "total": 2.288050651550293
    }
  },
  "13200": {
    "training_loss": 8028.41015625,
    "validation_loss": [
      2702.9501953125
    ],
    "validation_chi2s": {
      "DEUTERON": 2.0921690072586285,
      "NMC": 2.5853744207643996,
      "NUCLEAR": 1.7454132080078124,
      "HERACOMB": 2.4123297797309027,
      "DYE886": 2.8678519509055396,
      "CDF": 1.9077679770333427,
      "D0": 1.446176242828369,
      "ATLAS": 2.808311244419643,
      "CMS": 2.642464309442239,
      "LHCb": 2.2281181812286377,
      "total": 2.298426866531372
    }
  },
  "13300": {
    "training_loss": 8016.8779296875,
    "validation_loss": [
      2716.006591796875
    ],
    "validation_chi2s": {
      "DEUTERON": 2.0705863990593905,
      "NMC": 2.538124832452512,
      "NUCLEAR": 1.7250406494140624,
      "HERACOMB": 2.4570196812448937,
      "DYE886": 2.864550330422141,
      "CDF": 1.9094999858311243,
      "D0": 1.7913982391357421,
      "ATLAS": 2.796346958705357,
      "CMS": 2.61407970991291,
      "LHCb": 2.6464054584503174,
      "total": 2.309527635574341
    }
  },
  "13400": {
    "training_loss": 8041.4228515625,
    "validation_loss": [
      2688.31884765625
    ],
    "validation_chi2s": {
      "DEUTERON": 2.077255476766558,
      "NMC": 2.524460437251072,
      "NUCLEAR": 1.7340599365234375,
      "HERACOMB": 2.4153891170726105,
      "DYE886": 2.816944122314453,
      "CDF": 1.917541231427874,
      "D0": 1.673703384399414,
      "ATLAS": 2.7859695870535712,
      "CMS": 2.6140914666848105,
      "LHCb": 2.21319580078125,
      "total": 2.285985231399536
    }
  },
  "13500": {
    "training_loss": 8004.595703125,
    "validation_loss": [
      2682.543701171875
    ],
    "validation_chi2s": {
      "DEUTERON": 2.0841085709149563,
      "NMC": 2.5427422616996016,
      "NUCLEAR": 1.7389613037109375,
      "HERACOMB": 2.3752054451337825,
      "DYE886": 2.7275596965443003,
      "CDF": 1.9455841609409876,
      "D0": 1.7103567123413086,
      "ATLAS": 2.8080630929129464,
      "CMS": 2.627161495021132,
      "LHCb": 2.1797118186950684,
      "total": 2.281074285507202
    }
  },
  "13600": {
    "training_loss": 8010.7802734375,
    "validation_loss": [
      2704.235595703125
    ],
    "validation_chi2s": {
      "DEUTERON": 2.0933112149214863,
      "NMC": 2.5397452560125613,
      "NUCLEAR": 1.7249281005859376,
      "HERACOMB": 2.4164173400479982,
      "DYE886": 2.6941117373379795,
      "CDF": 1.8808467047555106,
      "D0": 1.867793655395508,
      "ATLAS": 2.8379010881696427,
      "CMS": 2.588465205958632,
      "LHCb": 2.4921011924743652,
      "total": 2.299511671066284
    }
  }
}