{
  "100": {
    "training_loss": 90240.375,
    "validation_loss": [
      50444.39453125
    ],
    "validation_chi2s": {
      "DEUTERON": 17.24094493353545,
      "NMC": 38.82550407858456,
      "NUCLEAR": 6.68387548828125,
      "HERACOMB": 30.307515063316995,
      "DYE886": 19.210683649236504,
      "CDF": 16.778041294642858,
      "D0": 123.1984619140625,
      "ATLAS": 75.62332985617898,
      "CMS": 47.81013863985656,
      "LHCb": 69.68579864501953,
      "total": 33.58976364135742
    }
  },
  "200": {
    "training_loss": 68887.828125,
    "validation_loss": [
      38178.8359375
    ],
    "validation_chi2s": {
      "DEUTERON": 10.781656901041666,
      "NMC": 22.784383138020832,
      "NUCLEAR": 9.4544140625,
      "HERACOMB": 26.63690065870098,
      "DYE886": 20.51911093971946,
      "CDF": 11.150132315499443,
      "D0": 12.454075622558594,
      "ATLAS": 41.87994939630682,
      "CMS": 24.0040783491291,
      "LHCb": 37.0737419128418,
      "total": 22.075916290283203
    }
  },
  "300": {
    "training_loss": 50858.6484375,
    "validation_loss": [
      23672.2265625
    ],
    "validation_chi2s": {
      "DEUTERON": 10.399880480410447,
      "NMC": 9.77066458907782,
      "NUCLEAR": 11.99271875,
      "HERACOMB": 12.254326714409721,
      "DYE886": 33.79673350941051,
      "CDF": 7.323640005929129,
      "D0": 9.98662872314453,
      "ATLAS": 21.98480363325639,
      "CMS": 17.220491002817624,
      "LHCb": 14.916296005249023,
      "total": 14.170680046081543
    }
  },
  "400": {
    "training_loss": 45809.84765625,
    "validation_loss": [
      19881.515625
    ],
    "validation_chi2s": {
      "DEUTERON": 8.730117721937189,
      "NMC": 7.75730686561734,
      "NUCLEAR": 10.131212890625,
      "HERACOMB": 10.171289381638072,
      "DYE886": 48.80968683416193,
      "CDF": 6.2018329075404575,
      "D0": 21.08946990966797,
      "ATLAS": 20.0637900612571,
      "CMS": 15.185152647925205,
      "LHCb": 14.934893608093262,
      "total": 12.731901168823242
    }
  },
  "500": {
    "training_loss": 27508.53515625,
    "validation_loss": [
      12161.482421875
    ],
    "validation_chi2s": {
      "DEUTERON": 6.011838998367537,
      "NMC": 6.0216064453125,
      "NUCLEAR": 5.63605322265625,
      "HERACOMB": 8.457586550245098,
      "DYE886": 63.11227139559659,
      "CDF": 4.792162758963449,
      "D0": 74.9826904296875,
      "ATLAS": 14.324953946200283,
      "CMS": 8.50005603227459,
      "LHCb": 11.01444149017334,
      "total": 9.851333618164062
    }
  },
  "600": {
    "training_loss": 20791.14453125,
    "validation_loss": [
      9465.140625
    ],
    "validation_chi2s": {
      "DEUTERON": 4.180521950792911,
      "NMC": 5.03729248046875,
      "NUCLEAR": 5.492220703125,
      "HERACOMB": 6.47500550513174,
      "DYE886": 53.81873113458807,
      "CDF": 3.402721949986049,
      "D0": 49.11422119140625,
      "ATLAS": 10.176918723366477,
      "CMS": 5.326784227715164,
      "LHCb": 9.1253023147583,
      "total": 7.5476484298706055
    }
  },
  "700": {
    "training_loss": 17807.3359375,
    "validation_loss": [
      8191.66650390625
    ],
    "validation_chi2s": {
      "DEUTERON": 3.716888579563122,
      "NMC": 4.618987139533548,
      "NUCLEAR": 5.5204072265625,
      "HERACOMB": 5.225293527241626,
      "DYE886": 47.06620094992898,
      "CDF": 2.630143846784319,
      "D0": 46.06203002929688,
      "ATLAS": 8.417583812366832,
      "CMS": 4.436173235783811,
      "LHCb": 7.837051868438721,
      "total": 6.584270000457764
    }
  },
  "800": {
    "training_loss": 11064.421875,
    "validation_loss": [
      4355.775390625
    ],
    "validation_chi2s": {
      "DEUTERON": 3.1670884469255287,
      "NMC": 3.538487153894761,
      "NUCLEAR": 3.63832861328125,
      "HERACOMB": 3.668203715405433,
      "DYE886": 3.5530589710582388,
      "CDF": 2.877164568219866,
      "D0": 3.0129182815551756,
      "ATLAS": 4.31317173350941,
      "CMS": 3.394016453477203,
      "LHCb": 6.231698513031006,
      "total": 3.6959550380706787
    }
  },
  "900": {
    "training_loss": 8592.0146484375,
    "validation_loss": [
      3126.17919921875
    ],
    "validation_chi2s": {
      "DEUTERON": 2.218229531055659,
      "NMC": 2.928467694450827,
      "NUCLEAR": 2.096041748046875,
      "HERACOMB": 3.096402436300041,
      "DYE886": 1.8865510767156428,
      "CDF": 2.345313480922154,
      "D0": 9.284290313720703,
      "ATLAS": 2.603063236583363,
      "CMS": 2.7437336405769726,
      "LHCb": 3.4241840839385986,
      "total": 2.6507551670074463
    }
  },
  "1000": {
    "training_loss": 8336.1875,
    "validation_loss": [
      2976.44482421875
    ],
    "validation_chi2s": {
      "DEUTERON": 2.0687734119927703,
      "NMC": 2.8687507778990504,
      "NUCLEAR": 1.908713134765625,
      "HERACOMB": 3.028039470996732,
      "DYE886": 1.8934320970015093,
      "CDF": 1.983055932181222,
      "D0": 5.45701904296875,
      "ATLAS": 2.5040068192915483,
      "CMS": 2.7731103115394466,
      "LHCb": 3.529660224914551,
      "total": 2.5216386318206787
    }
  },
  "1100": {
    "training_loss": 8189.2314453125,
    "validation_loss": [
      2932.540283203125
    ],
    "validation_chi2s": {
      "DEUTERON": 1.9956268766033116,
      "NMC": 2.8020405488855697,
      "NUCLEAR": 1.8541258544921875,
      "HERACOMB": 3.007993411394506,
      "DYE886": 1.8900684009898792,
      "CDF": 1.9113881247384208,
      "D0": 4.611559677124023,
      "ATLAS": 2.483220707286488,
      "CMS": 2.8030905801741803,
      "LHCb": 3.6153688430786133,
      "total": 2.4841079711914062
    }
  },
  "1200": {
    "training_loss": 8126.50341796875,
    "validation_loss": [
      2898.45947265625
    ],
    "validation_chi2s": {
      "DEUTERON": 1.9541510586714863,
      "NMC": 2.7647983326631436,
      "NUCLEAR": 1.827923583984375,
      "HERACOMB": 2.9675213184232025,
      "DYE886": 1.909541910344904,
      "CDF": 1.9161691665649414,
      "D0": 3.922947311401367,
      "ATLAS": 2.483645872636275,
      "CMS": 2.8090059874487703,
      "LHCb": 3.672980785369873,
      "total": 2.456108570098877
    }
  },
  "1300": {
    "training_loss": 8099.3046875,
    "validation_loss": [
      2878.81298828125
    ],
    "validation_chi2s": {
      "DEUTERON": 1.9261998418551773,
      "NMC": 2.745128257601869,
      "NUCLEAR": 1.8125711669921876,
      "HERACOMB": 2.944760989519506,
      "DYE886": 1.9362198222767224,
      "CDF": 1.9528162819998605,
      "D0": 3.470280075073242,
      "ATLAS": 2.4914568120783027,
      "CMS": 2.8101291343814037,
      "LHCb": 3.7089595794677734,
      "total": 2.4404380321502686
    }
  },
  "1400": {
    "training_loss": 8078.86376953125,
    "validation_loss": [
      2870.50537109375
    ],
    "validation_chi2s": {
      "DEUTERON": 1.9138367306533737,
      "NMC": 2.732163073969822,
      "NUCLEAR": 1.800775146484375,
      "HERACOMB": 2.93258647046058,
      "DYE886": 1.9490443142977627,
      "CDF": 1.9991662161690849,
      "D0": 3.340443801879883,
      "ATLAS": 2.5063270222056997,
      "CMS": 2.81104015913166,
      "LHCb": 3.7279036045074463,
      "total": 2.434339761734009
    }
  },
  "1500": {
    "training_loss": 8055.1533203125,
    "validation_loss": [
      2871.77099609375
    ],
    "validation_chi2s": {
      "DEUTERON": 1.913582721159826,
      "NMC": 2.722312179266238,
      "NUCLEAR": 1.7897884521484375,
      "HERACOMB": 2.93248015759038,
      "DYE886": 1.9472156871448865,
      "CDF": 2.045184544154576,
      "D0": 3.496439743041992,
      "ATLAS": 2.520811601118608,
      "CMS": 2.813016047243212,
      "LHCb": 3.7534844875335693,
      "total": 2.4361393451690674
    }
  },
  "1600": {
    "training_loss": 8043.93896484375,
    "validation_loss": [
      2864.404296875
    ],
    "validation_chi2s": {
      "DEUTERON": 1.8915537364447295,
      "NMC": 2.7187311509076286,
      "NUCLEAR": 1.7826705322265626,
      "HERACOMB": 2.930904812282986,
      "DYE886": 1.96026611328125,
      "CDF": 2.0844432285853793,
      "D0": 3.4408695220947267,
      "ATLAS": 2.5121929862282495,
      "CMS": 2.8162316494300716,
      "LHCb": 3.7959039211273193,
      "total": 2.4305036067962646
    }
  },
  "1700": {
    "training_loss": 8038.2392578125,
    "validation_loss": [
      2861.836669921875
    ],
    "validation_chi2s": {
      "DEUTERON": 1.880855275623834,
      "NMC": 2.716807346717984,
      "NUCLEAR": 1.7777801513671876,
      "HERACOMB": 2.9307508281632964,
      "DYE886": 1.96406399119984,
      "CDF": 2.126558576311384,
      "D0": 3.4340625762939454,
      "ATLAS": 2.52199970592152,
      "CMS": 2.81222909395812,
      "LHCb": 3.7937068939208984,
      "total": 2.428769826889038
    }
  },
  "1800": {
    "training_loss": 8034.16943359375,
    "validation_loss": [
      2851.7109375
    ],
    "validation_chi2s": {
      "DEUTERON": 1.8715437704057836,
      "NMC": 2.718355665019914,
      "NUCLEAR": 1.76842138671875,
      "HERACOMB": 2.9157064599928515,
      "DYE886": 1.9755165793678977,
      "CDF": 2.1362252916608537,
      "D0": 3.367449951171875,
      "ATLAS": 2.5013599395751953,
      "CMS": 2.8239308341604765,
      "LHCb": 3.8454384803771973,
      "total": 2.420586585998535
    }
  },
  "1900": {
    "training_loss": 8021.21142578125,
    "validation_loss": [
      2857.447998046875
    ],
    "validation_chi2s": {
      "DEUTERON": 1.868727195322217,
      "NMC": 2.711457794787837,
      "NUCLEAR": 1.764593994140625,
      "HERACOMB": 2.925972732843137,
      "DYE886": 1.9756282459605823,
      "CDF": 2.177553449358259,
      "D0": 3.6413700103759767,
      "ATLAS": 2.515567432750355,
      "CMS": 2.819173593990138,
      "LHCb": 3.8344597816467285,
      "total": 2.4255707263946533
    }
  },
  "2000": {
    "training_loss": 34095.7265625,
    "validation_loss": [
      17851.06640625
    ],
    "validation_chi2s": {
      "DEUTERON": 64.7666161380597,
      "NMC": 2.6205914067287073,
      "NUCLEAR": 2.878656494140625,
      "HERACOMB": 2.9055548773871527,
      "DYE886": 31.22438465465199,
      "CDF": 2.0030640193394254,
      "D0": 30.213113403320314,
      "ATLAS": 4.47852186723189,
      "CMS": 4.776640344838627,
      "LHCb": 19.665512084960938,
      "total": 15.092489242553711
    }
  },
  "2100": {
    "training_loss": 12602.359375,
    "validation_loss": [
      4302.90380859375
    ],
    "validation_chi2s": {
      "DEUTERON": 2.8860759070856656,
      "NMC": 2.6629925896139706,
      "NUCLEAR": 2.3873447265625,
      "HERACOMB": 3.3466756982741015,
      "DYE886": 19.94976945356889,
      "CDF": 2.2549757276262556,
      "D0": 4.378204345703125,
      "ATLAS": 4.287087873979048,
      "CMS": 3.2094583980372695,
      "LHCb": 7.446470737457275,
      "total": 3.5851004123687744
    }
  },
  "2200": {
    "training_loss": 8059.5546875,
    "validation_loss": [
      2873.346435546875
    ],
    "validation_chi2s": {
      "DEUTERON": 1.9115409281716418,
      "NMC": 2.780780268650429,
      "NUCLEAR": 1.8147872314453124,
      "HERACOMB": 2.8798110064338234,
      "DYE886": 2.224911082874645,
      "CDF": 1.8836687632969447,
      "D0": 3.1711843490600584,
      "ATLAS": 2.5809161446311255,
      "CMS": 2.8396173696048925,
      "LHCb": 3.624506950378418,
      "total": 2.439645290374756
    }
  },
  "2300": {
    "training_loss": 7997.93701171875,
    "validation_loss": [
      2845.7607421875
    ],
    "validation_chi2s": {
      "DEUTERON": 1.8686043658659826,
      "NMC": 2.757708979587929,
      "NUCLEAR": 1.7751690673828124,
      "HERACOMB": 2.875070808759702,
      "DYE886": 2.120576511729847,
      "CDF": 2.036002976553781,
      "D0": 2.2496503829956054,
      "ATLAS": 2.6068897247314453,
      "CMS": 2.829127827628714,
      "LHCb": 3.6627485752105713,
      "total": 2.416628837585449
    }
  },
  "2400": {
    "training_loss": 7992.056640625,
    "validation_loss": [
      2847.4150390625
    ],
    "validation_chi2s": {
      "DEUTERON": 1.8683447387087997,
      "NMC": 2.756090051987592,
      "NUCLEAR": 1.768818115234375,
      "HERACOMB": 2.87577849743413,
      "DYE886": 2.1170900518243965,
      "CDF": 2.0881588799612865,
      "D0": 2.283364105224609,
      "ATLAS": 2.622459064830433,
      "CMS": 2.825260600105661,
      "LHCb": 3.6717522144317627,
      "total": 2.4180526733398438
    }
  },
  "2500": {
    "training_loss": 7989.07763671875,
    "validation_loss": [
      2852.1279296875
    ],
    "validation_chi2s": {
      "DEUTERON": 1.8812890503537003,
      "NMC": 2.7465272791245403,
      "NUCLEAR": 1.766141845703125,
      "HERACOMB": 2.8871627508425246,
      "DYE886": 2.1427799571644175,
      "CDF": 2.1469155720302036,
      "D0": 2.3095930099487303,
      "ATLAS": 2.621226744218306,
      "CMS": 2.808389382284196,
      "LHCb": 3.689131259918213,
      "total": 2.4218320846557617
    }
  },
  "2600": {
    "training_loss": 7978.39404296875,
    "validation_loss": [
      2859.01904296875
    ],
    "validation_chi2s": {
      "DEUTERON": 1.904514597423041,
      "NMC": 2.7487616445503984,
      "NUCLEAR": 1.7677806396484375,
      "HERACOMB": 2.8907462724673203,
      "DYE886": 2.2024255232377485,
      "CDF": 2.1753319331577847,
      "D0": 2.2716875076293945,
      "ATLAS": 2.5999976071444424,
      "CMS": 2.806061291303791,
      "LHCb": 3.7949373722076416,
      "total": 2.4275975227355957
    }
  },
  "2700": {
    "training_loss": 7975.111328125,
    "validation_loss": [
      2896.07568359375
    ],
    "validation_chi2s": {
      "DEUTERON": 1.8565113580048973,
      "NMC": 2.701246373793658,
      "NUCLEAR": 1.7730059814453125,
      "HERACOMB": 3.019509508718852,
      "DYE886": 1.9827322526411577,
      "CDF": 2.330237797328404,
      "D0": 3.592388916015625,
      "ATLAS": 2.5344439419833096,
      "CMS": 2.844451654152792,
      "LHCb": 3.941215991973877,
      "total": 2.4581170082092285
    }
  },
  "2800": {
    "training_loss": 8007.0283203125,
    "validation_loss": [
      2831.92236328125
    ],
    "validation_chi2s": {
      "DEUTERON": 1.8562212132695894,
      "NMC": 2.7551607618144915,
      "NUCLEAR": 1.7568040771484374,
      "HERACOMB": 2.8568163105085786,
      "DYE886": 2.048792232166637,
      "CDF": 2.157600539071219,
      "D0": 2.9465564727783202,
      "ATLAS": 2.5524449781938032,
      "CMS": 2.812776659355789,
      "LHCb": 3.8036112785339355,
      "total": 2.405052900314331
    }
  },
  "2900": {
    "training_loss": 7995.2373046875,
    "validation_loss": [
      2854.96875
    ],
    "validation_chi2s": {
      "DEUTERON": 1.8608447022699004,
      "NMC": 2.7081182143267464,
      "NUCLEAR": 1.7534769287109375,
      "HERACOMB": 2.913790634255004,
      "DYE886": 2.0005212263627485,
      "CDF": 2.2251272201538086,
      "D0": 3.966595458984375,
      "ATLAS": 2.512777155095881,
      "CMS": 2.8237434762423157,
      "LHCb": 3.907622814178467,
      "total": 2.4241085052490234
    }
  },
  "3000": {
    "training_loss": 8011.73779296875,
    "validation_loss": [
      2835.36376953125
    ],
    "validation_chi2s": {
      "DEUTERON": 1.8521953222170398,
      "NMC": 2.7361898983226105,
      "NUCLEAR": 1.7496031494140625,
      "HERACOMB": 2.8682256960401347,
      "DYE886": 2.034465789794922,
      "CDF": 2.1585191999162947,
      "D0": 3.1767066955566405,
      "ATLAS": 2.5522858012806284,
      "CMS": 2.8156518154456966,
      "LHCb": 3.8354146480560303,
      "total": 2.4078121185302734
    }
  },
  "3100": {
    "training_loss": 8006.6474609375,
    "validation_loss": [
      2852.739501953125
    ],
    "validation_chi2s": {
      "DEUTERON": 1.8492495408698695,
      "NMC": 2.707864200367647,
      "NUCLEAR": 1.7493941650390625,
      "HERACOMB": 2.915354211345997,
      "DYE886": 1.9844244176691228,
      "CDF": 2.260246685573033,
      "D0": 3.714186096191406,
      "ATLAS": 2.5384741696444424,
      "CMS": 2.815926223504739,
      "LHCb": 3.9017269611358643,
      "total": 2.4222922325134277
    }
  },
  "3200": {
    "training_loss": 1417909.5546875,
    "validation_loss": [
      67951.0625
    ],
    "validation_chi2s": {
      "DEUTERON": 2.894185991429571,
      "NMC": 2.9121641271254597,
      "NUCLEAR": 17.679873046875,
      "HERACOMB": 9.438968832975899,
      "DYE886": 439.53036221590907,
      "CDF": 2.5763489859444753,
      "D0": 1779.6654296875,
      "ATLAS": 77.28778631036931,
      "CMS": 81.54461769979508,
      "LHCb": 264.5258483886719,
      "total": 57.38218307495117
    }
  },
  "3300": {
    "training_loss": 8032.947265625,
    "validation_loss": [
      2855.4951171875
    ],
    "validation_chi2s": {
      "DEUTERON": 1.8659816760921952,
      "NMC": 2.693656173406863,
      "NUCLEAR": 1.7819840087890626,
      "HERACOMB": 2.9297431497012867,
      "DYE886": 2.040546243840998,
      "CDF": 2.2046946116856168,
      "D0": 3.1508869171142577,
      "ATLAS": 2.5245597145774146,
      "CMS": 2.8155892794249486,
      "LHCb": 3.7329037189483643,
      "total": 2.424424171447754
    }
  },
  "3400": {
    "training_loss": 7998.814453125,
    "validation_loss": [
      2863.5126953125
    ],
    "validation_chi2s": {
      "DEUTERON": 1.8587564496851678,
      "NMC": 2.6974119298598347,
      "NUCLEAR": 1.763755126953125,
      "HERACOMB": 2.938303031173407,
      "DYE886": 1.9841558283025569,
      "CDF": 2.1849570955548967,
      "D0": 3.394379806518555,
      "ATLAS": 2.544240951538086,
      "CMS": 2.838040961593878,
      "LHCb": 3.867919921875,
      "total": 2.431544780731201
    }
  },
  "3500": {
    "training_loss": 7993.02001953125,
    "validation_loss": [
      2862.84912109375
    ],
    "validation_chi2s": {
      "DEUTERON": 1.8610832252312655,
      "NMC": 2.6966495887905944,
      "NUCLEAR": 1.7616947021484375,
      "HERACOMB": 2.931467293134702,
      "DYE886": 1.9794852516867898,
      "CDF": 2.186793872288295,
      "D0": 3.593423843383789,
      "ATLAS": 2.5382071408358486,
      "CMS": 2.8369258192719005,
      "LHCb": 3.8962883949279785,
      "total": 2.4310624599456787
    }
  },
  "3600": {
    "training_loss": 7990.4375,
    "validation_loss": [
      2861.33544921875
    ],
    "validation_chi2s": {
      "DEUTERON": 1.8609512860502178,
      "NMC": 2.699672923368566,
      "NUCLEAR": 1.7583660888671875,
      "HERACOMB": 2.924497118183211,
      "DYE886": 1.975442192771218,
      "CDF": 2.191665376935686,
      "D0": 3.6969440460205076,
      "ATLAS": 2.5382253473455254,
      "CMS": 2.8353796786949284,
      "LHCb": 3.9187567234039307,
      "total": 2.4299380779266357
    }
  },
  "3700": {
    "training_loss": 7987.1064453125,
    "validation_loss": [
      2860.9453125
    ],
    "validation_chi2s": {
      "DEUTERON": 1.8611157165831,
      "NMC": 2.702387491861979,
      "NUCLEAR": 1.75548193359375,
      "HERACOMB": 2.9217176250382964,
      "DYE886": 1.9729896892200818,
      "CDF": 2.1995284216744557,
      "D0": 3.805742645263672,
      "ATLAS": 2.5337155082009057,
      "CMS": 2.834282296602843,
      "LHCb": 3.9483847618103027,
      "total": 2.4296913146972656
    }
  },
  "3800": {
    "training_loss": 7986.916015625,
    "validation_loss": [
      2870.0634765625
    ],
    "validation_chi2s": {
      "DEUTERON": 1.851262790053638,
      "NMC": 2.697223139744179,
      "NUCLEAR": 1.758781982421875,
      "HERACOMB": 2.9500897974749796,
      "DYE886": 1.9652226187966086,
      "CDF": 2.242973872593471,
      "D0": 3.8179725646972655,
      "ATLAS": 2.5534543124112217,
      "CMS": 2.822776169073386,
      "LHCb": 3.9220614433288574,
      "total": 2.437122344970703
    }
  },
  "3900": {
    "training_loss": 7986.2529296875,
    "validation_loss": [
      2843.76904296875
    ],
    "validation_chi2s": {
      "DEUTERON": 1.8649767216165267,
      "NMC": 2.72142058727788,
      "NUCLEAR": 1.7478057861328125,
      "HERACOMB": 2.87724254333895,
      "DYE886": 1.9914379119873047,
      "CDF": 2.114809581211635,
      "D0": 3.6845676422119142,
      "ATLAS": 2.505204287442294,
      "CMS": 2.842952790807505,
      "LHCb": 4.015076637268066,
      "total": 2.4152424335479736
    }
  },
  "4000": {
    "training_loss": 7990.29443359375,
    "validation_loss": [
      2847.3671875
    ],
    "validation_chi2s": {
      "DEUTERON": 1.8498562485424441,
      "NMC": 2.7091172162224266,
      "NUCLEAR": 1.748426025390625,
      "HERACOMB": 2.9051066878574345,
      "DYE886": 1.9870953993363814,
      "CDF": 2.242277145385742,
      "D0": 3.6772487640380858,
      "ATLAS": 2.5202967903830786,
      "CMS": 2.823645669905866,
      "LHCb": 3.9365835189819336,
      "total": 2.418239116668701
    }
  },
  "4100": {
    "training_loss": 7980.765625,
    "validation_loss": [
      2841.91845703125
    ],
    "validation_chi2s": {
      "DEUTERON": 1.8830985453591418,
      "NMC": 2.7311709534888173,
      "NUCLEAR": 1.7426968994140626,
      "HERACOMB": 2.863217023463031,
      "DYE886": 1.9807805148037998,
      "CDF": 2.1512783595493863,
      "D0": 3.6945140838623045,
      "ATLAS": 2.501807126131925,
      "CMS": 2.8474566350217727,
      "LHCb": 4.002084255218506,
      "total": 2.4137356281280518
    }
  },
  "4200": {
    "training_loss": 7979.77099609375,
    "validation_loss": [
      2849.17529296875
    ],
    "validation_chi2s": {
      "DEUTERON": 1.86416064210199,
      "NMC": 2.7152030795228246,
      "NUCLEAR": 1.74252197265625,
      "HERACOMB": 2.884387446384804,
      "DYE886": 1.9854840365323154,
      "CDF": 2.207887649536133,
      "D0": 4.015865325927734,
      "ATLAS": 2.514688665216619,
      "CMS": 2.842403224257172,
      "LHCb": 4.005723476409912,
      "total": 2.4199326038360596
    }
  },
  "4300": {
    "training_loss": 7989.21044921875,
    "validation_loss": [
      2856.78466796875
    ],
    "validation_chi2s": {
      "DEUTERON": 1.8903769118275808,
      "NMC": 2.722420486749387,
      "NUCLEAR": 1.751255859375,
      "HERACOMB": 2.9074415817759394,
      "DYE886": 2.1096938740123403,
      "CDF": 2.2380989619663785,
      "D0": 2.7096794128417967,
      "ATLAS": 2.574241291392933,
      "CMS": 2.8022956222784323,
      "LHCb": 3.9071948528289795,
      "total": 2.42604398727417
    }
  },
  "4400": {
    "training_loss": 7983.12890625,
    "validation_loss": [
      2848.16650390625
    ],
    "validation_chi2s": {
      "DEUTERON": 1.844188329592273,
      "NMC": 2.7056047028186274,
      "NUCLEAR": 1.7408892822265625,
      "HERACOMB": 2.8949295742059844,
      "DYE886": 1.968959634954279,
      "CDF": 2.266907283238002,
      "D0": 3.958250045776367,
      "ATLAS": 2.5483613447709517,
      "CMS": 2.824458388031506,
      "LHCb": 3.92811918258667,
      "total": 2.4191179275512695
    }
  },
  "4500": {
    "training_loss": 7980.2158203125,
    "validation_loss": [
      2849.24462890625
    ],
    "validation_chi2s": {
      "DEUTERON": 1.889329141645289,
      "NMC": 2.7275701784620097,
      "NUCLEAR": 1.7405306396484375,
      "HERACOMB": 2.8917248295802698,
      "DYE886": 2.1159995685924184,
      "CDF": 2.271446091788156,
      "D0": 2.749397087097168,
      "ATLAS": 2.594060030850497,
      "CMS": 2.7881869957095287,
      "LHCb": 3.8381032943725586,
      "total": 2.4200003147125244
    }
  },
  "4600": {
    "training_loss": 7983.73828125,
    "validation_loss": [
      2845.362060546875
    ],
    "validation_chi2s": {
      "DEUTERON": 1.8783248977281561,
      "NMC": 2.731632307464001,
      "NUCLEAR": 1.7440687255859375,
      "HERACOMB": 2.875206242978962,
      "DYE886": 2.1070405786687676,
      "CDF": 2.26018374306815,
      "D0": 2.8463258743286133,
      "ATLAS": 2.5997791290283203,
      "CMS": 2.8008005110943905,
      "LHCb": 3.8107402324676514,
      "total": 2.416761875152588
    }
  },
  "4700": {
    "training_loss": 7995.146484375,
    "validation_loss": [
      2830.51171875
    ],
    "validation_chi2s": {
      "DEUTERON": 1.845995850824005,
      "NMC": 2.745101330327053,
      "NUCLEAR": 1.736412353515625,
      "HERACOMB": 2.8494771321614585,
      "DYE886": 2.010778947310014,
      "CDF": 2.168165479387556,
      "D0": 3.3393531799316407,
      "ATLAS": 2.5432796478271484,
      "CMS": 2.835053490810707,
      "LHCb": 3.9472007751464844,
      "total": 2.404163360595703
    }
  },
  "4800": {
    "training_loss": 7980.234375,
    "validation_loss": [
      2851.38818359375
    ],
    "validation_chi2s": {
      "DEUTERON": 1.8838286898029384,
      "NMC": 2.714084400850184,
      "NUCLEAR": 1.7486265869140625,
      "HERACOMB": 2.891396316827512,
      "DYE886": 2.115030288696289,
      "CDF": 2.2276112692696706,
      "D0": 2.848152732849121,
      "ATLAS": 2.5768619884144175,
      "CMS": 2.816399496109759,
      "LHCb": 3.860173225402832,
      "total": 2.421623945236206
    }
  },
  "4900": {
    "training_loss": 7992.35791015625,
    "validation_loss": [
      2832.7099609375
    ],
    "validation_chi2s": {
      "DEUTERON": 1.8674984452736318,
      "NMC": 2.7458962833180145,
      "NUCLEAR": 1.743552490234375,
      "HERACOMB": 2.8514669580397265,
      "DYE886": 2.0817751450972124,
      "CDF": 2.240032196044922,
      "D0": 2.8500232696533203,
      "ATLAS": 2.560609297318892,
      "CMS": 2.817872344470415,
      "LHCb": 3.864629030227661,
      "total": 2.406066656112671
    }
  },
  "5000": {
    "training_loss": 7984.47119140625,
    "validation_loss": [
      2839.04248046875
    ],
    "validation_chi2s": {
      "DEUTERON": 1.8556350024778452,
      "NMC": 2.745350856407016,
      "NUCLEAR": 1.7399249267578125,
      "HERACOMB": 2.864528680938521,
      "DYE886": 2.082037492231889,
      "CDF": 2.3162879943847656,
      "D0": 3.145421028137207,
      "ATLAS": 2.6121273040771484,
      "CMS": 2.7982935670946465,
      "LHCb": 3.7244644165039062,
      "total": 2.4114737510681152
    }
  },
  "5100": {
    "training_loss": 7970.169921875,
    "validation_loss": [
      2860.28466796875
    ],
    "validation_chi2s": {
      "DEUTERON": 1.9242105816134172,
      "NMC": 2.727041207107843,
      "NUCLEAR": 1.733866943359375,
      "HERACOMB": 2.8759013655918095,
      "DYE886": 1.944845199584961,
      "CDF": 2.2781279427664622,
      "D0": 4.279401016235352,
      "ATLAS": 2.504757274280895,
      "CMS": 2.8506026971535605,
      "LHCb": 4.0556440353393555,
      "total": 2.4292750358581543
    }
  },
  "5200": {
    "training_loss": 7990.0947265625,
    "validation_loss": [
      2848.5107421875
    ],
    "validation_chi2s": {
      "DEUTERON": 1.8367837934351678,
      "NMC": 2.69310775457644,
      "NUCLEAR": 1.7392132568359375,
      "HERACOMB": 2.908915999668096,
      "DYE886": 1.9783349470658735,
      "CDF": 2.3603951590401784,
      "D0": 3.973040008544922,
      "ATLAS": 2.5511191974986684,
      "CMS": 2.8175206418897285,
      "LHCb": 3.860539436340332,
      "total": 2.4193050861358643
    }
  },
  "5300": {
    "training_loss": 7999.5390625,
    "validation_loss": [
      2843.263671875
    ],
    "validation_chi2s": {
      "DEUTERON": 1.868897699004975,
      "NMC": 2.7271411372166052,
      "NUCLEAR": 1.7433170166015626,
      "HERACOMB": 2.877926496119281,
      "DYE886": 2.0729671825062144,
      "CDF": 2.2847663334437778,
      "D0": 3.1030838012695314,
      "ATLAS": 2.5748249400745737,
      "CMS": 2.801817596935835,
      "LHCb": 3.865601062774658,
      "total": 2.4150612354278564
    }
  },
  "5400": {
    "training_loss": 8023.9638671875,
    "validation_loss": [
      2855.6845703125
    ],
    "validation_chi2s": {
      "DEUTERON": 1.862785984627643,
      "NMC": 2.7051313811657476,
      "NUCLEAR": 1.7432431640625,
      "HERACOMB": 2.914115157781863,
      "DYE886": 2.0542918118563565,
      "CDF": 2.429540361676897,
      "D0": 3.4672168731689452,
      "ATLAS": 2.6095945184881035,
      "CMS": 2.7808922939613216,
      "LHCb": 3.7320358753204346,
      "total": 2.4254610538482666
    }
  },
  "5500": {
    "training_loss": 19080.833984375,
    "validation_loss": [
      4997.9951171875
    ],
    "validation_chi2s": {
      "DEUTERON": 12.073198460820896,
      "NMC": 2.9247810513365504,
      "NUCLEAR": 1.7399161376953125,
      "HERACOMB": 2.813943102468852,
      "DYE886": 2.3213431618430396,
      "CDF": 2.2064124516078403,
      "D0": 5.4340156555175785,
      "ATLAS": 2.5729727311567827,
      "CMS": 3.086763725906122,
      "LHCb": 5.120110034942627,
      "total": 4.23623514175415
    }
  },
  "5600": {
    "training_loss": 7995.4677734375,
    "validation_loss": [
      2830.83837890625
    ],
    "validation_chi2s": {
      "DEUTERON": 1.8415650325034982,
      "NMC": 2.7353886623008576,
      "NUCLEAR": 1.7388389892578124,
      "HERACOMB": 2.8584120008680554,
      "DYE886": 2.0218108784068716,
      "CDF": 2.163540703909738,
      "D0": 3.137384223937988,
      "ATLAS": 2.5367084849964487,
      "CMS": 2.844722310050589,
      "LHCb": 3.9570534229278564,
      "total": 2.4045746326446533
    }
  },
  "5700": {
    "training_loss": 7961.63916015625,
    "validation_loss": [
      2834.460205078125
    ],
    "validation_chi2s": {
      "DEUTERON": 1.8821848399603545,
      "NMC": 2.785279217888327,
      "NUCLEAR": 1.736309814453125,
      "HERACOMB": 2.8345757777394813,
      "DYE886": 2.0969200134277344,
      "CDF": 2.1983299255371094,
      "D0": 2.544404411315918,
      "ATLAS": 2.566730325872248,
      "CMS": 2.842552059986552,
      "LHCb": 3.9540531635284424,
      "total": 2.4076943397521973
    }
  },
  "5800": {
    "training_loss": 7969.33935546875,
    "validation_loss": [
      2884.65234375
    ],
    "validation_chi2s": {
      "DEUTERON": 1.8789250767646144,
      "NMC": 2.681252273858762,
      "NUCLEAR": 1.741016845703125,
      "HERACOMB": 2.944181155535131,
      "DYE886": 1.9289876764470881,
      "CDF": 2.408612387520926,
      "D0": 5.023373413085937,
      "ATLAS": 2.5622997283935547,
      "CMS": 2.838038710297131,
      "LHCb": 3.950436592102051,
      "total": 2.450070381164551
    }
  },
  "5900": {
    "training_loss": 8020.0595703125,
    "validation_loss": [
      2831.16748046875
    ],
    "validation_chi2s": {
      "DEUTERON": 1.880835841544232,
      "NMC": 2.7745475021063113,
      "NUCLEAR": 1.7403740234375,
      "HERACOMB": 2.8364820293351714,
      "DYE886": 2.1330406882546167,
      "CDF": 2.242443084716797,
      "D0": 2.555576705932617,
      "ATLAS": 2.5511342828924004,
      "CMS": 2.834222262022925,
      "LHCb": 3.907914638519287,
      "total": 2.404940366744995
    }
  },
  "6000": {
    "training_loss": 7975.5439453125,
    "validation_loss": [
      2863.120361328125
    ],
    "validation_chi2s": {
      "DEUTERON": 1.8482477747978856,
      "NMC": 2.701902800915288,
      "NUCLEAR": 1.7399176025390626,
      "HERACOMB": 2.9336202783522265,
      "DYE886": 1.9645018144087358,
      "CDF": 2.4324891226632253,
      "D0": 3.734561538696289,
      "ATLAS": 2.593799417669123,
      "CMS": 2.802517500080046,
      "LHCb": 3.8942618370056152,
      "total": 2.4321041107177734
    }
  },
  "6100": {
    "training_loss": 8000.2724609375,
    "validation_loss": [
      2841.9736328125
    ],
    "validation_chi2s": {
      "DEUTERON": 1.8793410875310945,
      "NMC": 2.7196661257276347,
      "NUCLEAR": 1.738584716796875,
      "HERACOMB": 2.8786545298457926,
      "DYE886": 2.0804068825461646,
      "CDF": 2.249335152762277,
      "D0": 2.9034093856811523,
      "ATLAS": 2.5221698067405005,
      "CMS": 2.841034685979124,
      "LHCb": 4.013662338256836,
      "total": 2.414153575897217
    }
  },
  "6200": {
    "training_loss": 7982.7626953125,
    "validation_loss": [
      2855.719970703125
    ],
    "validation_chi2s": {
      "DEUTERON": 1.8291871939132462,
      "NMC": 2.6845377005782782,
      "NUCLEAR": 1.7382965087890625,
      "HERACOMB": 2.9218373018152572,
      "DYE886": 1.9438108964399858,
      "CDF": 2.3096111842564175,
      "D0": 4.160111618041992,
      "ATLAS": 2.5411657853560015,
      "CMS": 2.8463339883773053,
      "LHCb": 3.9580295085906982,
      "total": 2.4255917072296143
    }
  },
  "6300": {
    "training_loss": 7976.3896484375,
    "validation_loss": [
      2832.76025390625
    ],
    "validation_chi2s": {
      "DEUTERON": 1.8400386981110075,
      "NMC": 2.747631596583946,
      "NUCLEAR": 1.734223876953125,
      "HERACOMB": 2.8395517386642157,
      "DYE886": 1.96750900962136,
      "CDF": 2.0907637732369557,
      "D0": 3.3856887817382812,
      "ATLAS": 2.5396731983531606,
      "CMS": 2.882928316710425,
      "LHCb": 4.045320987701416,
      "total": 2.406425952911377
    }
  },
  "6400": {
    "training_loss": 7964.55126953125,
    "validation_loss": [
      2827.16455078125
    ],
    "validation_chi2s": {
      "DEUTERON": 1.8452903026372045,
      "NMC": 2.7635450176164214,
      "NUCLEAR": 1.72986083984375,
      "HERACOMB": 2.832199196410335,
      "DYE886": 1.9497607838023792,
      "CDF": 2.158838544573103,
      "D0": 3.396244430541992,
      "ATLAS": 2.5305605801669033,
      "CMS": 2.8640254286469005,
      "LHCb": 4.033814430236816,
      "total": 2.4017019271850586
    }
  },
  "6500": {
    "training_loss": 7959.28466796875,
    "validation_loss": [
      2886.85595703125
    ],
    "validation_chi2s": {
      "DEUTERON": 1.8308861575909514,
      "NMC": 2.6801656087239585,
      "NUCLEAR": 1.7461531982421874,
      "HERACOMB": 2.9734241759854982,
      "DYE886": 1.9095741618763318,
      "CDF": 2.3961503165108815,
      "D0": 4.757266998291016,
      "ATLAS": 2.589011452414773,
      "CMS": 2.8420545234054817,
      "LHCb": 3.9499616622924805,
      "total": 2.4522128105163574
    }
  },
  "6600": {
    "training_loss": 7973.33251953125,
    "validation_loss": [
      2864.8330078125
    ],
    "validation_chi2s": {
      "DEUTERON": 1.834220013215174,
      "NMC": 2.6740791470396754,
      "NUCLEAR": 1.74568603515625,
      "HERACOMB": 2.9209243674683414,
      "DYE886": 1.9416732788085938,
      "CDF": 2.33185304914202,
      "D0": 4.155427932739258,
      "ATLAS": 2.6006729819557886,
      "CMS": 2.845956020667905,
      "LHCb": 3.8626604080200195,
      "total": 2.4336490631103516
    }
  },
  "6700": {
    "training_loss": 7969.373046875,
    "validation_loss": [
      2830.196533203125
    ],
    "validation_chi2s": {
      "DEUTERON": 1.8525563709771455,
      "NMC": 2.7452949075137867,
      "NUCLEAR": 1.73328076171875,
      "HERACOMB": 2.8345326940997753,
      "DYE886": 2.016298467462713,
      "CDF": 2.076239994594029,
      "D0": 2.763205909729004,
      "ATLAS": 2.5528255809437144,
      "CMS": 2.8880107441886524,
      "LHCb": 4.025100231170654,
      "total": 2.404437780380249
    }
  },
  "6800": {
    "training_loss": 7979.40087890625,
    "validation_loss": [
      2855.28857421875
    ],
    "validation_chi2s": {
      "DEUTERON": 1.844503222413324,
      "NMC": 2.678945503982843,
      "NUCLEAR": 1.743166748046875,
      "HERACOMB": 2.8970957238689747,
      "DYE886": 1.955116792158647,
      "CDF": 2.3981080736432756,
      "D0": 3.7490524291992187,
      "ATLAS": 2.624956651167436,
      "CMS": 2.820162913838371,
      "LHCb": 3.8171803951263428,
      "total": 2.425799608230591
    }
  },
  "6900": {
    "training_loss": 7980.310546875,
    "validation_loss": [
      2859.302978515625
    ],
    "validation_chi2s": {
      "DEUTERON": 1.8361644839766014,
      "NMC": 2.6844626034007355,
      "NUCLEAR": 1.7375308837890624,
      "HERACOMB": 2.9088370129953023,
      "DYE886": 1.935501445423473,
      "CDF": 2.5111116681780135,
      "D0": 4.191841125488281,
      "ATLAS": 2.615321072665128,
      "CMS": 2.820765010646132,
      "LHCb": 3.8193905353546143,
      "total": 2.4292192459106445
    }
  },
  "7000": {
    "training_loss": 7968.89208984375,
    "validation_loss": [
      2871.94873046875
    ],
    "validation_chi2s": {
      "DEUTERON": 1.82710546996463,
      "NMC": 2.66443619073606,
      "NUCLEAR": 1.745173828125,
      "HERACOMB": 2.936747033611622,
      "DYE886": 1.9344848286021838,
      "CDF": 2.2847348621913364,
      "D0": 4.306912612915039,
      "ATLAS": 2.6131617806174536,
      "CMS": 2.853476852667136,
      "LHCb": 3.8681304454803467,
      "total": 2.4396893978118896
    }
  },
  "7100": {
    "training_loss": 7969.87890625,
    "validation_loss": [
      2856.744873046875
    ],
    "validation_chi2s": {
      "DEUTERON": 1.8281779882326648,
      "NMC": 2.670115452186734,
      "NUCLEAR": 1.7507987060546875,
      "HERACOMB": 2.908450855928309,
      "DYE886": 1.943368911743164,
      "CDF": 2.261742728097098,
      "D0": 3.96514778137207,
      "ATLAS": 2.570336948741566,
      "CMS": 2.8550269955494363,
      "LHCb": 3.943962574005127,
      "total": 2.426900863647461
    }
  },
  "7200": {
    "training_loss": 7951.20751953125,
    "validation_loss": [
      2884.7294921875
    ],
    "validation_chi2s": {
      "DEUTERON": 1.8614608233247822,
      "NMC": 2.667764102711397,
      "NUCLEAR": 1.7440072021484374,
      "HERACOMB": 2.950917761310253,
      "DYE886": 1.9047861966219815,
      "CDF": 2.327737808227539,
      "D0": 4.779448699951172,
      "ATLAS": 2.5614745400168677,
      "CMS": 2.8679036625096055,
      "LHCb": 4.013698577880859,
      "total": 2.450576066970825
    }
  },
  "7300": {
    "training_loss": 7997.90185546875,
    "validation_loss": [
      2875.205322265625
    ],
    "validation_chi2s": {
      "DEUTERON": 1.8551014762612719,
      "NMC": 2.683798397288603,
      "NUCLEAR": 1.7544423828125,
      "HERACOMB": 2.9309455023871527,
      "DYE886": 1.982084794477983,
      "CDF": 2.530484880719866,
      "D0": 3.815469741821289,
      "ATLAS": 2.7012460882013496,
      "CMS": 2.7822765913165983,
      "LHCb": 3.598205804824829,
      "total": 2.4423980712890625
    }
  },
  "7400": {
    "training_loss": 7994.490234375,
    "validation_loss": [
      2834.621337890625
    ],
    "validation_chi2s": {
      "DEUTERON": 1.8666029593244713,
      "NMC": 2.7030807195925246,
      "NUCLEAR": 1.744406494140625,
      "HERACOMB": 2.8613418878293504,
      "DYE886": 1.984583941372958,
      "CDF": 2.208141463143485,
      "D0": 2.898331642150879,
      "ATLAS": 2.530875639481978,
      "CMS": 2.8559190093493854,
      "LHCb": 3.994969367980957,
      "total": 2.408252477645874
    }
  },
  "7500": {
    "training_loss": 8058.13916015625,
    "validation_loss": [
      2850.162109375
    ],
    "validation_chi2s": {
      "DEUTERON": 1.8474811914548352,
      "NMC": 2.683927049823836,
      "NUCLEAR": 1.745666015625,
      "HERACOMB": 2.8846918243208743,
      "DYE886": 1.97804086858576,
      "CDF": 2.4621434892926897,
      "D0": 3.6559814453125,
      "ATLAS": 2.6660418076948686,
      "CMS": 2.781990176341573,
      "LHCb": 3.649901866912842,
      "total": 2.42148756980896
    }
  },
  "7600": {
    "training_loss": 7959.7216796875,
    "validation_loss": [
      2828.32470703125
    ],
    "validation_chi2s": {
      "DEUTERON": 1.8376483063199627,
      "NMC": 2.71971788593367,
      "NUCLEAR": 1.7466822509765625,
      "HERACOMB": 2.84419300353605,
      "DYE886": 1.9549381949684836,
      "CDF": 2.1594221932547435,
      "D0": 2.906767654418945,
      "ATLAS": 2.5679555372758345,
      "CMS": 2.8503925761238476,
      "LHCb": 3.9458394050598145,
      "total": 2.4029173851013184
    }
  },
  "7700": {
    "training_loss": 7973.6279296875,
    "validation_loss": [
      2832.73681640625
    ],
    "validation_chi2s": {
      "DEUTERON": 1.8638123469566232,
      "NMC": 2.707101859298407,
      "NUCLEAR": 1.753768798828125,
      "HERACOMB": 2.8501293705958948,
      "DYE886": 2.0024207722056997,
      "CDF": 2.174920218331473,
      "D0": 2.688241386413574,
      "ATLAS": 2.549552397294478,
      "CMS": 2.862218387791368,
      "LHCb": 3.9162142276763916,
      "total": 2.4066789150238037
    }
  },
  "7800": {
    "training_loss": 7958.10986328125,
    "validation_loss": [
      2824.6513671875
    ],
    "validation_chi2s": {
      "DEUTERON": 1.8560341602534205,
      "NMC": 2.7313370050168504,
      "NUCLEAR": 1.750811767578125,
      "HERACOMB": 2.8256213618259802,
      "DYE886": 1.9936046600341797,
      "CDF": 2.1644088200160434,
      "D0": 2.6962520599365236,
      "ATLAS": 2.558237249200994,
      "CMS": 2.85727804215228,
      "LHCb": 3.9083008766174316,
      "total": 2.399813175201416
    }
  },
  "7900": {
    "training_loss": 7975.2412109375,
    "validation_loss": [
      2832.1455078125
    ],
    "validation_chi2s": {
      "DEUTERON": 1.8725244322819496,
      "NMC": 2.721256330901501,
      "NUCLEAR": 1.7555811767578124,
      "HERACOMB": 2.841064652586295,
      "DYE886": 2.0503489754416724,
      "CDF": 2.328528812953404,
      "D0": 2.5549036026000977,
      "ATLAS": 2.6134215268221768,
      "CMS": 2.803917306368468,
      "LHCb": 3.7398338317871094,
      "total": 2.4061968326568604
    }
  },
  "8000": {
    "training_loss": 7956.56884765625,
    "validation_loss": [
      2859.17822265625
    ],
    "validation_chi2s": {
      "DEUTERON": 1.8363478931028452,
      "NMC": 2.6476910161037073,
      "NUCLEAR": 1.7591400146484375,
      "HERACOMB": 2.9104175442963642,
      "DYE886": 1.9278365048495205,
      "CDF": 2.397273472377232,
      "D0": 3.949922561645508,
      "ATLAS": 2.5971934578635474,
      "CMS": 2.8393417108254355,
      "LHCb": 3.825348377227783,
      "total": 2.429159164428711
    }
  },
  "8100": {
    "training_loss": 7979.06640625,
    "validation_loss": [
      2827.51220703125
    ],
    "validation_chi2s": {
      "DEUTERON": 1.849933984860852,
      "NMC": 2.721343096564798,
      "NUCLEAR": 1.747750244140625,
      "HERACOMB": 2.8297835206673816,
      "DYE886": 1.9697203202681108,
      "CDF": 2.3553559439522878,
      "D0": 3.221697235107422,
      "ATLAS": 2.610776034268466,
      "CMS": 2.822264374279585,
      "LHCb": 3.6921229362487793,
      "total": 2.402273178100586
    }
  },
  "8200": {
    "training_loss": 7954.12744140625,
    "validation_loss": [
      2849.9677734375
    ],
    "validation_chi2s": {
      "DEUTERON": 1.8581559669912158,
      "NMC": 2.662104887120864,
      "NUCLEAR": 1.763936767578125,
      "HERACOMB": 2.8936213075725083,
      "DYE886": 1.94505483453924,
      "CDF": 2.3809754507882253,
      "D0": 3.2920761108398438,
      "ATLAS": 2.5554207888516514,
      "CMS": 2.85116952364562,
      "LHCb": 3.8831586837768555,
      "total": 2.4213473796844482
    }
  },
  "8300": {
    "training_loss": 7967.4443359375,
    "validation_loss": [
      2857.55712890625
    ],
    "validation_chi2s": {
      "DEUTERON": 1.891851168959888,
      "NMC": 2.6661795821844363,
      "NUCLEAR": 1.7704962158203126,
      "HERACOMB": 2.8971868776807597,
      "DYE886": 2.031171278520064,
      "CDF": 2.339775630405971,
      "D0": 2.585169219970703,
      "ATLAS": 2.5961178866299717,
      "CMS": 2.831750838482966,
      "LHCb": 3.8355553150177,
      "total": 2.4277353286743164
    }
  },
  "8400": {
    "training_loss": 7955.5927734375,
    "validation_loss": [
      2850.861083984375
    ],
    "validation_chi2s": {
      "DEUTERON": 1.894410546146222,
      "NMC": 2.680557550168505,
      "NUCLEAR": 1.768296875,
      "HERACOMB": 2.889675364774816,
      "DYE886": 2.0479035810990767,
      "CDF": 2.339860371180943,
      "D0": 2.6692010879516603,
      "ATLAS": 2.5734552903608843,
      "CMS": 2.8127008656986425,
      "LHCb": 3.831942558288574,
      "total": 2.421940803527832
    }
  },
  "8500": {
    "training_loss": 7980.4228515625,
    "validation_loss": [
      2833.66455078125
    ],
    "validation_chi2s": {
      "DEUTERON": 1.8753935401119404,
      "NMC": 2.712095672009038,
      "NUCLEAR": 1.756210205078125,
      "HERACOMB": 2.8517156862745097,
      "DYE886": 2.00722260908647,
      "CDF": 2.2731075286865234,
      "D0": 2.5355575561523436,
      "ATLAS": 2.5808781710538,
      "CMS": 2.8137344610495645,
      "LHCb": 3.867267608642578,
      "total": 2.407508611679077
    }
  },
  "8600": {
    "training_loss": 7985.63427734375,
    "validation_loss": [
      2829.429443359375
    ],
    "validation_chi2s": {
      "DEUTERON": 1.8607964207283894,
      "NMC": 2.7055047727098653,
      "NUCLEAR": 1.755114013671875,
      "HERACOMB": 2.8526362001506333,
      "DYE886": 1.986593940041282,
      "CDF": 2.2749650137765065,
      "D0": 2.67364444732666,
      "ATLAS": 2.5720388239080254,
      "CMS": 2.813630901399206,
      "LHCb": 3.856229066848755,
      "total": 2.403902769088745
    }
  },
  "8700": {
    "training_loss": 7955.251953125,
    "validation_loss": [
      2826.6328125
    ],
    "validation_chi2s": {
      "DEUTERON": 1.8562339668843284,
      "NMC": 2.7059023988013173,
      "NUCLEAR": 1.75336767578125,
      "HERACOMB": 2.8424265743081087,
      "DYE886": 1.9465047662908381,
      "CDF": 2.2787094116210938,
      "D0": 2.8712945938110352,
      "ATLAS": 2.555357326160778,
      "CMS": 2.8353186435386784,
      "LHCb": 3.882664442062378,
      "total": 2.4015400409698486
    }
  },
  "8800": {
    "training_loss": 7959.5654296875,
    "validation_loss": [
      2829.93505859375
    ],
    "validation_chi2s": {
      "DEUTERON": 1.877241751447839,
      "NMC": 2.7197053198720895,
      "NUCLEAR": 1.76085791015625,
      "HERACOMB": 2.826562220754187,
      "DYE886": 1.9834393587979404,
      "CDF": 2.196904863630022,
      "D0": 2.4634515762329103,
      "ATLAS": 2.5594839616255327,
      "CMS": 2.861966242555712,
      "LHCb": 3.9210898876190186,
      "total": 2.4043548107147217
    }
  },
  "8900": {
    "training_loss": 8015.50927734375,
    "validation_loss": [
      2838.8720703125
    ],
    "validation_chi2s": {
      "DEUTERON": 1.8553740088619404,
      "NMC": 2.683682909198836,
      "NUCLEAR": 1.756614990234375,
      "HERACOMB": 2.84977752087163,
      "DYE886": 1.9696339693936435,
      "CDF": 2.4542672293526784,
      "D0": 3.171678352355957,
      "ATLAS": 2.6669179742986504,
      "CMS": 2.7919774289991035,
      "LHCb": 3.6143977642059326,
      "total": 2.4119555950164795
    }
  },
  "9000": {
    "training_loss": 7949.3984375,
    "validation_loss": [
      2853.57080078125
    ],
    "validation_chi2s": {
      "DEUTERON": 1.8925398641557836,
      "NMC": 2.678838991651348,
      "NUCLEAR": 1.76180078125,
      "HERACOMB": 2.887850293926164,
      "DYE886": 1.9788188934326172,
      "CDF": 2.369073050362723,
      "D0": 2.6917781829833984,
      "ATLAS": 2.6361846923828125,
      "CMS": 2.7988428835008965,
      "LHCb": 3.7484207153320312,
      "total": 2.4244399070739746
    }
  },
  "9100": {
    "training_loss": 7948.0615234375,
    "validation_loss": [
      2880.56103515625
    ],
    "validation_chi2s": {
      "DEUTERON": 1.8461276381763059,
      "NMC": 2.642481486002604,
      "NUCLEAR": 1.7669805908203124,
      "HERACOMB": 2.931734571269914,
      "DYE886": 1.896773945201527,
      "CDF": 2.41820798601423,
      "D0": 3.9819820404052733,
      "ATLAS": 2.6784697445956143,
      "CMS": 2.826652902071593,
      "LHCb": 3.7827556133270264,
      "total": 2.4473073482513428
    }
  },
  "9200": {
    "training_loss": 7961.177734375,
    "validation_loss": [
      2826.76025390625
    ],
    "validation_chi2s": {
      "DEUTERON": 1.8859290886874223,
      "NMC": 2.730441822725184,
      "NUCLEAR": 1.75986865234375,
      "HERACOMB": 2.8317143060023486,
      "DYE886": 1.9892090884121982,
      "CDF": 2.2787579127720425,
      "D0": 2.4275491714477537,
      "ATLAS": 2.539525118741122,
      "CMS": 2.83261983902728,
      "LHCb": 3.91943359375,
      "total": 2.401650905609131
    }
  },
  "9300": {
    "training_loss": 7973.28076171875,
    "validation_loss": [
      2838.2919921875
    ],
    "validation_chi2s": {
      "DEUTERON": 1.8758596543648942,
      "NMC": 2.719155405081955,
      "NUCLEAR": 1.7592047119140626,
      "HERACOMB": 2.8588296728196485,
      "DYE886": 1.973066676746715,
      "CDF": 2.229703494480678,
      "D0": 2.557102394104004,
      "ATLAS": 2.582440809770064,
      "CMS": 2.8262854404136784,
      "LHCb": 3.8766303062438965,
      "total": 2.4114553928375244
    }
  },
  "9400": {
    "training_loss": 7946.06396484375,
    "validation_loss": [
      2860.181884765625
    ],
    "validation_chi2s": {
      "DEUTERON": 1.8418293663518346,
      "NMC": 2.6520538330078125,
      "NUCLEAR": 1.7644788818359376,
      "HERACOMB": 2.9109369415083743,
      "DYE886": 1.8993369015780361,
      "CDF": 2.2523321424211775,
      "D0": 3.62139892578125,
      "ATLAS": 2.586070494218306,
      "CMS": 2.855044505635246,
      "LHCb": 3.9250271320343018,
      "total": 2.430041790008545
    }
  },
  "9500": {
    "training_loss": 7967.0888671875,
    "validation_loss": [
      2838.955078125
    ],
    "validation_chi2s": {
      "DEUTERON": 1.883141209237018,
      "NMC": 2.703259636374081,
      "NUCLEAR": 1.762281494140625,
      "HERACOMB": 2.8556317098779616,
      "DYE886": 1.9975743727250532,
      "CDF": 2.2168380192347934,
      "D0": 2.367289733886719,
      "ATLAS": 2.559072667902166,
      "CMS": 2.856632920562244,
      "LHCb": 3.941671371459961,
      "total": 2.412020683288574
    }
  },
  "9600": {
    "training_loss": 7985.205078125,
    "validation_loss": [
      2870.982177734375
    ],
    "validation_chi2s": {
      "DEUTERON": 1.8992092455204446,
      "NMC": 2.6729784198835786,
      "NUCLEAR": 1.7702464599609375,
      "HERACOMB": 2.9307562136182597,
      "DYE886": 1.9943597966974431,
      "CDF": 2.358844757080078,
      "D0": 2.742881011962891,
      "ATLAS": 2.6027251156893643,
      "CMS": 2.817140673027664,
      "LHCb": 3.871047019958496,
      "total": 2.4391651153564453
    }
  },
  "9700": {
    "training_loss": 7965.69775390625,
    "validation_loss": [
      2828.82470703125
    ],
    "validation_chi2s": {
      "DEUTERON": 1.867820018559546,
      "NMC": 2.708987965303309,
      "NUCLEAR": 1.754983642578125,
      "HERACOMB": 2.8471811331954657,
      "DYE886": 1.935900254683061,
      "CDF": 2.2371537344796315,
      "D0": 2.8159446716308594,
      "ATLAS": 2.5473372719504614,
      "CMS": 2.8343410804623463,
      "LHCb": 3.897193193435669,
      "total": 2.4034104347229004
    }
  },
  "9800": {
    "training_loss": 7958.43994140625,
    "validation_loss": [
      2832.6513671875
    ],
    "validation_chi2s": {
      "DEUTERON": 1.8960660868023165,
      "NMC": 2.7377657422832415,
      "NUCLEAR": 1.75558447265625,
      "HERACOMB": 2.8301377639271856,
      "DYE886": 1.9569603313099255,
      "CDF": 2.1449108123779297,
      "D0": 2.322436714172363,
      "ATLAS": 2.5517805272882637,
      "CMS": 2.8650652775998977,
      "LHCb": 3.9701833724975586,
      "total": 2.406663179397583
    }
  },
  "9900": {
    "training_loss": 7970.8916015625,
    "validation_loss": [
      2826.3359375
    ],
    "validation_chi2s": {
      "DEUTERON": 1.8892633997978856,
      "NMC": 2.7447662353515625,
      "NUCLEAR": 1.7536119384765625,
      "HERACOMB": 2.8258218204273895,
      "DYE886": 1.9806409315629439,
      "CDF": 2.200319835117885,
      "D0": 2.498261642456055,
      "ATLAS": 2.5358458432284268,
      "CMS": 2.8441029533011015,
      "LHCb": 3.94524884223938,
      "total": 2.401296377182007
    }
  },
  "10000": {
    "training_loss": 7958.5029296875,
    "validation_loss": [
      2846.296142578125
    ],
    "validation_chi2s": {
      "DEUTERON": 1.9040536453474814,
      "NMC": 2.713009105009191,
      "NUCLEAR": 1.7611383056640626,
      "HERACOMB": 2.875680761399612,
      "DYE886": 2.031036203557795,
      "CDF": 2.289403097970145,
      "D0": 2.456584167480469,
      "ATLAS": 2.5738358931107954,
      "CMS": 2.8102497038294056,
      "LHCb": 3.870361089706421,
      "total": 2.418260335922241
    }
  },
  "10100": {
    "training_loss": 7947.58349609375,
    "validation_loss": [
      2870.99072265625
    ],
    "validation_chi2s": {
      "DEUTERON": 1.850737158931903,
      "NMC": 2.6463135364008883,
      "NUCLEAR": 1.7660093994140624,
      "HERACOMB": 2.925246693729575,
      "DYE886": 1.8845627524636008,
      "CDF": 2.3743204389299666,
      "D0": 3.8935314178466798,
      "ATLAS": 2.6248205358331855,
      "CMS": 2.8195022833151895,
      "LHCb": 3.8883543014526367,
      "total": 2.4392342567443848
    }
  },
  "10200": {
    "training_loss": 7996.9404296875,
    "validation_loss": [
      2834.1591796875
    ],
    "validation_chi2s": {
      "DEUTERON": 1.8849247415267414,
      "NMC": 2.703664443072151,
      "NUCLEAR": 1.7624803466796874,
      "HERACOMB": 2.8529952304815156,
      "DYE886": 1.979484037919478,
      "CDF": 2.2921131678989957,
      "D0": 2.480415916442871,
      "ATLAS": 2.579222072254528,
      "CMS": 2.8036559058017416,
      "LHCb": 3.8552775382995605,
      "total": 2.4079432487487793
    }
  },
  "10300": {
    "training_loss": 7966.87451171875,
    "validation_loss": [
      2868.536376953125
    ],
    "validation_chi2s": {
      "DEUTERON": 1.8947400145269746,
      "NMC": 2.64936050714231,
      "NUCLEAR": 1.758456787109375,
      "HERACOMB": 2.905111873851103,
      "DYE886": 1.920858383178711,
      "CDF": 2.3312694004603793,
      "D0": 3.366524505615234,
      "ATLAS": 2.645492900501598,
      "CMS": 2.8237127085201075,
      "LHCb": 3.8016443252563477,
      "total": 2.437157154083252
    }
  },
  "10400": {
    "training_loss": 7944.41845703125,
    "validation_loss": [
      2852.00732421875
    ],
    "validation_chi2s": {
      "DEUTERON": 1.8521915264983675,
      "NMC": 2.6738275266161153,
      "NUCLEAR": 1.7593067626953125,
      "HERACOMB": 2.888293496923509,
      "DYE886": 1.9103390086780896,
      "CDF": 2.2306157520839145,
      "D0": 3.105162239074707,
      "ATLAS": 2.638652974909002,
      "CMS": 2.821266799676614,
      "LHCb": 3.8250813484191895,
      "total": 2.4231042861938477
    }
  },
  "10500": {
    "training_loss": 8000.2568359375,
    "validation_loss": [
      2851.67431640625
    ],
    "validation_chi2s": {
      "DEUTERON": 1.9083871414412314,
      "NMC": 2.6981329824410234,
      "NUCLEAR": 1.7626917724609374,
      "HERACOMB": 2.8755694619970384,
      "DYE886": 1.9587237618186257,
      "CDF": 2.152026857648577,
      "D0": 2.3886205673217775,
      "ATLAS": 2.57602258162065,
      "CMS": 2.8395798479924435,
      "LHCb": 4.000786304473877,
      "total": 2.4228241443634033
    }
  },
  "10600": {
    "training_loss": 7945.49755859375,
    "validation_loss": [
      2842.59423828125
    ],
    "validation_chi2s": {
      "DEUTERON": 1.9107672088774876,
      "NMC": 2.7088551240808822,
      "NUCLEAR": 1.76695703125,
      "HERACOMB": 2.8643866644965277,
      "DYE886": 1.97783747586337,
      "CDF": 2.122616767883301,
      "D0": 2.4477230072021485,
      "ATLAS": 2.5027847290039062,
      "CMS": 2.8542875696401127,
      "LHCb": 4.080234527587891,
      "total": 2.4151113033294678
    }
  },
  "10700": {
    "training_loss": 7964.39208984375,
    "validation_loss": [
      2853.77001953125
    ],
    "validation_chi2s": {
      "DEUTERON": 1.891920858354711,
      "NMC": 2.706649481081495,
      "NUCLEAR": 1.7610948486328124,
      "HERACOMB": 2.8684215670317608,
      "DYE886": 1.9656451832164417,
      "CDF": 2.2387332916259766,
      "D0": 2.5125961303710938,
      "ATLAS": 2.676620830189098,
      "CMS": 2.796842481269211,
      "LHCb": 3.7844648361206055,
      "total": 2.4246134757995605
    }
  },
  "10800": {
    "training_loss": 7975.65771484375,
    "validation_loss": [
      2860.30615234375
    ],
    "validation_chi2s": {
      "DEUTERON": 1.880822176957012,
      "NMC": 2.657496732823989,
      "NUCLEAR": 1.759115966796875,
      "HERACOMB": 2.8904859754774304,
      "DYE886": 1.8774504228071733,
      "CDF": 2.2304068974086215,
      "D0": 3.289285659790039,
      "ATLAS": 2.620843540538441,
      "CMS": 2.8400386122406505,
      "LHCb": 3.9028782844543457,
      "total": 2.430161476135254
    }
  },
  "10900": {
    "training_loss": 7957.42822265625,
    "validation_loss": [
      2852.0087890625
    ],
    "validation_chi2s": {
      "DEUTERON": 1.910564062014148,
      "NMC": 2.695438160615809,
      "NUCLEAR": 1.7630482177734375,
      "HERACOMB": 2.8799332762076184,
      "DYE886": 2.001140074296431,
      "CDF": 2.1828527450561523,
      "D0": 2.4214542388916014,
      "ATLAS": 2.5991555994207207,
      "CMS": 2.820833800268955,
      "LHCb": 3.8556909561157227,
      "total": 2.4231157302856445
    }
  },
  "11000": {
    "training_loss": 7975.16455078125,
    "validation_loss": [
      2856.747314453125
    ],
    "validation_chi2s": {
      "DEUTERON": 1.9229866900847326,
      "NMC": 2.6778325099571076,
      "NUCLEAR": 1.7679268798828125,
      "HERACOMB": 2.881345063253166,
      "DYE886": 2.007006038318981,
      "CDF": 2.2468460627964566,
      "D0": 2.5440059661865235,
      "ATLAS": 2.60708964954723,
      "CMS": 2.820093623927382,
      "LHCb": 3.805093765258789,
      "total": 2.427143096923828
    }
  }
}