{
  "100": {
    "training_loss": 33260.40625,
    "validation_loss": [
      14830.875
    ],
    "validation_chi2s": {
      "DEUTERON": 15.417071138448383,
      "NMC": 7.808643415862439,
      "NUCLEAR": 5.9599033203125,
      "HERACOMB": 12.603143031301062,
      "DYE886": 43.02517422762784,
      "CDF": 3.5541294642857144,
      "D0": 11.749502563476563,
      "ATLAS": 10.841819633871822,
      "CMS": 7.075092914675878,
      "LHCb": 12.94119930267334,
      "total": 11.148465156555176
    }
  },
  "200": {
    "training_loss": 18453.328125,
    "validation_loss": [
      7751.98193359375
    ],
    "validation_chi2s": {
      "DEUTERON": 6.936740856265548,
      "NMC": 3.2701888738893996,
      "NUCLEAR": 4.45640283203125,
      "HERACOMB": 4.36459490208844,
      "DYE886": 55.45669278231534,
      "CDF": 1.878204345703125,
      "D0": 10.065155029296875,
      "ATLAS": 7.957205045021187,
      "CMS": 3.748792411867252,
      "LHCb": 4.683791160583496,
      "total": 6.250202655792236
    }
  },
  "300": {
    "training_loss": 16559.4765625,
    "validation_loss": [
      6857.8095703125
    ],
    "validation_chi2s": {
      "DEUTERON": 7.10934767082556,
      "NMC": 2.9836928423713234,
      "NUCLEAR": 4.36837548828125,
      "HERACOMB": 3.1285895054636437,
      "DYE886": 45.05261507901278,
      "CDF": 2.9439585549490794,
      "D0": 4.859293365478516,
      "ATLAS": 7.063336560955156,
      "CMS": 3.923543126129907,
      "LHCb": 6.823465347290039,
      "total": 5.636582851409912
    }
  },
  "400": {
    "training_loss": 15644.638671875,
    "validation_loss": [
      6460.18701171875
    ],
    "validation_chi2s": {
      "DEUTERON": 7.457621560167911,
      "NMC": 2.837231205958946,
      "NUCLEAR": 3.774358642578125,
      "HERACOMB": 2.8440190732868667,
      "DYE886": 41.90720714222301,
      "CDF": 3.8745019095284596,
      "D0": 8.063434600830078,
      "ATLAS": 6.1636811164812855,
      "CMS": 3.63319737458032,
      "LHCb": 7.414578914642334,
      "total": 5.314451694488525
    }
  },
  "500": {
    "training_loss": 10161.75,
    "validation_loss": [
      3514.8154296875
    ],
    "validation_chi2s": {
      "DEUTERON": 3.5164825287624377,
      "NMC": 2.3944670733283546,
      "NUCLEAR": 2.553357177734375,
      "HERACOMB": 2.375240350860396,
      "DYE886": 2.559223348444158,
      "CDF": 1.9457526888166154,
      "D0": 4.8135112762451175,
      "ATLAS": 3.618721999691031,
      "CMS": 3.2468324771597366,
      "LHCb": 4.666818141937256,
      "total": 2.969303607940674
    }
  },
  "600": {
    "training_loss": 8591.5478515625,
    "validation_loss": [
      2974.5634765625
    ],
    "validation_chi2s": {
      "DEUTERON": 2.9467946522271453,
      "NMC": 2.3310513963886335,
      "NUCLEAR": 2.06379150390625,
      "HERACOMB": 2.047695982689951,
      "DYE886": 2.044065822254528,
      "CDF": 1.4261952808925085,
      "D0": 3.3583553314208983,
      "ATLAS": 3.103656316207627,
      "CMS": 3.002288313936596,
      "LHCb": 2.925326108932495,
      "total": 2.5051002502441406
    }
  },
  "700": {
    "training_loss": 8339.4736328125,
    "validation_loss": [
      2856.943359375
    ],
    "validation_chi2s": {
      "DEUTERON": 2.7267550188510574,
      "NMC": 2.3360070621266082,
      "NUCLEAR": 1.97162451171875,
      "HERACOMB": 2.016958797679228,
      "DYE886": 2.22918683832342,
      "CDF": 0.7675677708217076,
      "D0": 3.147539520263672,
      "ATLAS": 2.9632009732521185,
      "CMS": 2.954280380375129,
      "LHCb": 2.8935561180114746,
      "total": 2.411001205444336
    }
  },
  "800": {
    "training_loss": 8254.853515625,
    "validation_loss": [
      2804.939453125
    ],
    "validation_chi2s": {
      "DEUTERON": 2.630046787546642,
      "NMC": 2.3177458819221046,
      "NUCLEAR": 1.9184124755859375,
      "HERACOMB": 2.009872935176675,
      "DYE886": 2.3090246373956855,
      "CDF": 0.5963672910417829,
      "D0": 3.186370277404785,
      "ATLAS": 2.908753475900424,
      "CMS": 2.9320784639721076,
      "LHCb": 2.890263080596924,
      "total": 2.3707942962646484
    }
  },
  "900": {
    "training_loss": 8203.48828125,
    "validation_loss": [
      2766.100830078125
    ],
    "validation_chi2s": {
      "DEUTERON": 2.5125369551169934,
      "NMC": 2.3010200051700367,
      "NUCLEAR": 1.8909820556640624,
      "HERACOMB": 2.011539234834559,
      "DYE886": 2.3732892816716973,
      "CDF": 0.6194285665239606,
      "D0": 3.2873165130615236,
      "ATLAS": 2.8742729230115645,
      "CMS": 2.9262685224044422,
      "LHCb": 2.8923227787017822,
      "total": 2.341078519821167
    }
  },
  "1000": {
    "training_loss": 8167.6572265625,
    "validation_loss": [
      2741.435791015625
    ],
    "validation_chi2s": {
      "DEUTERON": 2.4790424707517102,
      "NMC": 2.3669125426049327,
      "NUCLEAR": 1.8665283203125,
      "HERACOMB": 1.9973589329937704,
      "DYE886": 2.4220525568181817,
      "CDF": 0.6692833219255719,
      "D0": 3.2892955780029296,
      "ATLAS": 2.7929744397179554,
      "CMS": 2.955023647339876,
      "LHCb": 2.957573175430298,
      "total": 2.32306170463562
    }
  },
  "1100": {
    "training_loss": 8138.49072265625,
    "validation_loss": [
      3129.67626953125
    ],
    "validation_chi2s": {
      "DEUTERON": 4.370315172185945,
      "NMC": 2.261042277018229,
      "NUCLEAR": 1.8539510498046874,
      "HERACOMB": 1.9978204864302491,
      "DYE886": 2.307693134654652,
      "CDF": 0.9873807089669364,
      "D0": 4.8642219543457035,
      "ATLAS": 2.8927395060911016,
      "CMS": 2.8405817205255683,
      "LHCb": 2.8819141387939453,
      "total": 2.6532175540924072
    }
  },
  "1200": {
    "training_loss": 8121.564453125,
    "validation_loss": [
      3488.161865234375
    ],
    "validation_chi2s": {
      "DEUTERON": 6.191205228739117,
      "NMC": 2.2634208529603246,
      "NUCLEAR": 1.8486395263671875,
      "HERACOMB": 1.9881892983430351,
      "DYE886": 2.2970626137473364,
      "CDF": 0.9944514547075544,
      "D0": 4.884921264648438,
      "ATLAS": 2.865552654374117,
      "CMS": 2.8523932843168907,
      "LHCb": 2.9095730781555176,
      "total": 2.9585447311401367
    }
  },
  "1300": {
    "training_loss": 8134.08837890625,
    "validation_loss": [
      2686.88427734375
    ],
    "validation_chi2s": {
      "DEUTERON": 2.290008544921875,
      "NMC": 2.2836329142252603,
      "NUCLEAR": 1.8489632568359375,
      "HERACOMB": 2.004775502323325,
      "DYE886": 2.404551766135476,
      "CDF": 0.917100088936942,
      "D0": 3.700678253173828,
      "ATLAS": 2.7847252107609464,
      "CMS": 2.889640114524148,
      "LHCb": 2.88364577293396,
      "total": 2.280038356781006
    }
  },
  "1400": {
    "training_loss": 8117.41796875,
    "validation_loss": [
      2677.4091796875
    ],
    "validation_chi2s": {
      "DEUTERON": 2.252958534961909,
      "NMC": 2.276215497185202,
      "NUCLEAR": 1.8463836669921876,
      "HERACOMB": 2.009155472898795,
      "DYE886": 2.3971099853515625,
      "CDF": 0.9558469227382115,
      "D0": 3.738786315917969,
      "ATLAS": 2.7759287343860346,
      "CMS": 2.89282680543001,
      "LHCb": 2.8487939834594727,
      "total": 2.2724528312683105
    }
  },
  "1500": {
    "training_loss": 8117.98681640625,
    "validation_loss": [
      2657.6923828125
    ],
    "validation_chi2s": {
      "DEUTERON": 2.21879737056903,
      "NMC": 2.308720906575521,
      "NUCLEAR": 1.8364915771484376,
      "HERACOMB": 1.9876940359477124,
      "DYE886": 2.3613846518776636,
      "CDF": 0.9942494801112584,
      "D0": 3.938066101074219,
      "ATLAS": 2.74780825167726,
      "CMS": 2.8797801624644888,
      "LHCb": 2.8577117919921875,
      "total": 2.256273031234741
    }
  },
  "1600": {
    "training_loss": 8105.69140625,
    "validation_loss": [
      2651.3916015625
    ],
    "validation_chi2s": {
      "DEUTERON": 2.201993116691931,
      "NMC": 2.3081065159217986,
      "NUCLEAR": 1.8327994384765625,
      "HERACOMB": 1.9867629506229576,
      "DYE886": 2.351534756747159,
      "CDF": 1.024559157235282,
      "D0": 3.9978378295898436,
      "ATLAS": 2.7405083435403426,
      "CMS": 2.879363257037707,
      "LHCb": 2.837733268737793,
      "total": 2.2511703968048096
    }
  },
  "1700": {
    "training_loss": 8088.9462890625,
    "validation_loss": [
      2651.19189453125
    ],
    "validation_chi2s": {
      "DEUTERON": 2.2153508580146144,
      "NMC": 2.3246916228649663,
      "NUCLEAR": 1.830981201171875,
      "HERACOMB": 1.9849015778186274,
      "DYE886": 2.3474842418323862,
      "CDF": 1.0346429007393974,
      "D0": 3.9846057891845703,
      "ATLAS": 2.7250547247417902,
      "CMS": 2.887013585114282,
      "LHCb": 2.8207590579986572,
      "total": 2.251173257827759
    }
  },
  "1800": {
    "training_loss": 8090.05078125,
    "validation_loss": [
      2652.02197265625
    ],
    "validation_chi2s": {
      "DEUTERON": 2.21180565677472,
      "NMC": 2.287202423694087,
      "NUCLEAR": 1.83208447265625,
      "HERACOMB": 1.9994249530867034,
      "DYE886": 2.37875695662065,
      "CDF": 1.039930752345494,
      "D0": 3.8894298553466795,
      "ATLAS": 2.726710087835452,
      "CMS": 2.8865041181075672,
      "LHCb": 2.783281087875366,
      "total": 2.251938581466675
    }
  },
  "1900": {
    "training_loss": 8079.85302734375,
    "validation_loss": [
      2661.92724609375
    ],
    "validation_chi2s": {
      "DEUTERON": 2.296430597257851,
      "NMC": 2.3096138449276196,
      "NUCLEAR": 1.8281859130859375,
      "HERACOMB": 1.9840008106107025,
      "DYE886": 2.31692192771218,
      "CDF": 1.0646600723266602,
      "D0": 4.076908874511719,
      "ATLAS": 2.71263544977048,
      "CMS": 2.8813516916322315,
      "LHCb": 2.7713987827301025,
      "total": 2.2601380348205566
    }
  },
  "2000": {
    "training_loss": 8076.29736328125,
    "validation_loss": [
      2680.923828125
    ],
    "validation_chi2s": {
      "DEUTERON": 2.397681241011738,
      "NMC": 2.305336746515012,
      "NUCLEAR": 1.828240966796875,
      "HERACOMB": 1.9839521420547386,
      "DYE886": 2.3068292791193183,
      "CDF": 1.0789718627929688,
      "D0": 4.140948486328125,
      "ATLAS": 2.706335380252472,
      "CMS": 2.88119733826188,
      "LHCb": 2.754913806915283,
      "total": 2.2762718200683594
    }
  },
  "2100": {
    "training_loss": 8069.75439453125,
    "validation_loss": [
      2686.58056640625
    ],
    "validation_chi2s": {
      "DEUTERON": 2.433214178132774,
      "NMC": 2.30497397628485,
      "NUCLEAR": 1.827879150390625,
      "HERACOMB": 1.9835604000714868,
      "DYE886": 2.3199133439497515,
      "CDF": 1.077962875366211,
      "D0": 4.113928604125976,
      "ATLAS": 2.6983130503509005,
      "CMS": 2.882178188355501,
      "LHCb": 2.7534401416778564,
      "total": 2.281008720397949
    }
  },
  "2200": {
    "training_loss": 8061.82666015625,
    "validation_loss": [
      2867.686767578125
    ],
    "validation_chi2s": {
      "DEUTERON": 3.341962064676617,
      "NMC": 2.3076497994217218,
      "NUCLEAR": 1.8273668212890626,
      "HERACOMB": 1.9808537102992239,
      "DYE886": 2.3120075572620737,
      "CDF": 1.0908680643354143,
      "D0": 4.151672744750977,
      "ATLAS": 2.691486768129855,
      "CMS": 2.8837418989701704,
      "LHCb": 2.750460147857666,
      "total": 2.434804677963257
    }
  },
  "2300": {
    "training_loss": 8054.021484375,
    "validation_loss": [
      2980.9404296875
    ],
    "validation_chi2s": {
      "DEUTERON": 3.913212562674907,
      "NMC": 2.310760647642846,
      "NUCLEAR": 1.8274598388671874,
      "HERACOMB": 1.9795705757889093,
      "DYE886": 2.316956953568892,
      "CDF": 1.0927226884024483,
      "D0": 4.119121551513672,
      "ATLAS": 2.6838061661370056,
      "CMS": 2.8863343798424586,
      "LHCb": 2.747931718826294,
      "total": 2.5310494899749756
    }
  },
  "2400": {
    "training_loss": 8049.56689453125,
    "validation_loss": [
      3706.12353515625
    ],
    "validation_chi2s": {
      "DEUTERON": 7.523234656794155,
      "NMC": 2.3114788579005823,
      "NUCLEAR": 1.827541015625,
      "HERACOMB": 1.9772294985702614,
      "DYE886": 2.3239381963556465,
      "CDF": 1.1088146482195174,
      "D0": 4.200581741333008,
      "ATLAS": 2.6805242333708508,
      "CMS": 2.885827182738249,
      "LHCb": 2.741114616394043,
      "total": 3.1471714973449707
    }
  },
  "2500": {
    "training_loss": 8021.3369140625,
    "validation_loss": [
      6919.3740234375
    ],
    "validation_chi2s": {
      "DEUTERON": 23.33975386738184,
      "NMC": 2.217248505237056,
      "NUCLEAR": 1.8422327880859375,
      "HERACOMB": 2.021844801559947,
      "DYE886": 2.3102038990367544,
      "CDF": 1.2576860700334822,
      "D0": 4.716478729248047,
      "ATLAS": 2.7969612078478105,
      "CMS": 2.859643100706999,
      "LHCb": 2.6461713314056396,
      "total": 5.876092910766602
    }
  },
  "2600": {
    "training_loss": 8017.39404296875,
    "validation_loss": [
      3966.09716796875
    ],
    "validation_chi2s": {
      "DEUTERON": 8.67255033426617,
      "NMC": 2.220312380323223,
      "NUCLEAR": 1.8407633056640624,
      "HERACOMB": 2.0139200048508985,
      "DYE886": 2.3411568728360264,
      "CDF": 1.2526476723807198,
      "D0": 4.623314666748047,
      "ATLAS": 2.7840043407375528,
      "CMS": 2.8549451591554753,
      "LHCb": 2.662437677383423,
      "total": 3.3668575286865234
    }
  },
  "2700": {
    "training_loss": 8010.50244140625,
    "validation_loss": [
      381614816.0
    ],
    "validation_chi2s": {
      "DEUTERON": 1898570.0298507463,
      "NMC": 2.2173300350413605,
      "NUCLEAR": 1.8440413818359376,
      "HERACOMB": 2.0166795518663196,
      "DYE886": 2.3697527105158027,
      "CDF": 1.2621861866542272,
      "D0": 4.5852710723876955,
      "ATLAS": 2.7849269371248235,
      "CMS": 2.8551262469331093,
      "LHCb": 2.668315887451172,
      "total": 324226.65625
    }
  },
  "2800": {
    "training_loss": 8018.423828125,
    "validation_loss": [
      3815.98876953125
    ],
    "validation_chi2s": {
      "DEUTERON": 7.989336763448383,
      "NMC": 2.236263499540441,
      "NUCLEAR": 1.840642333984375,
      "HERACOMB": 1.9960825801674837,
      "DYE886": 2.3745547207919033,
      "CDF": 1.1911840438842773,
      "D0": 4.394659042358398,
      "ATLAS": 2.7424414683196505,
      "CMS": 2.8662341409478307,
      "LHCb": 2.67128586769104,
      "total": 3.239677906036377
    }
  },
  "2900": {
    "training_loss": 8007.89453125,
    "validation_loss": [
      3367.47412109375
    ],
    "validation_chi2s": {
      "DEUTERON": 5.723661963619403,
      "NMC": 2.228293325386795,
      "NUCLEAR": 1.842818359375,
      "HERACOMB": 2.0029961081112133,
      "DYE886": 2.3858826377175073,
      "CDF": 1.2114169257027763,
      "D0": 4.448966598510742,
      "ATLAS": 2.761588058902719,
      "CMS": 2.868170619996126,
      "LHCb": 2.6719558238983154,
      "total": 2.8585658073425293
    }
  },
  "3000": {
    "training_loss": 8002.50244140625,
    "validation_loss": [
      2783.439453125
    ],
    "validation_chi2s": {
      "DEUTERON": 2.80637158446051,
      "NMC": 2.2246647255093444,
      "NUCLEAR": 1.844911376953125,
      "HERACOMB": 2.0081797082439747,
      "DYE886": 2.4039310108531606,
      "CDF": 1.1912764140537806,
      "D0": 4.371185302734375,
      "ATLAS": 2.759221308648923,
      "CMS": 2.880550920470687,
      "LHCb": 2.6665382385253906,
      "total": 2.3623316287994385
    }
  },
  "3100": {
    "training_loss": 7998.74658203125,
    "validation_loss": [
      2752.84716796875
    ],
    "validation_chi2s": {
      "DEUTERON": 2.651063530006219,
      "NMC": 2.22770346847235,
      "NUCLEAR": 1.8454246826171874,
      "HERACOMB": 2.0064408046747344,
      "DYE886": 2.409341985529119,
      "CDF": 1.1719551086425781,
      "D0": 4.335039138793945,
      "ATLAS": 2.7586697508386298,
      "CMS": 2.890076188016529,
      "LHCb": 2.6776835918426514,
      "total": 2.3364765644073486
    }
  },
  "3200": {
    "training_loss": 7995.58935546875,
    "validation_loss": [
      2771.78515625
    ],
    "validation_chi2s": {
      "DEUTERON": 2.74171045407727,
      "NMC": 2.229282453948376,
      "NUCLEAR": 1.8461846923828125,
      "HERACOMB": 2.0050359987745097,
      "DYE886": 2.408017245205966,
      "CDF": 1.1591969898768835,
      "D0": 4.332336044311523,
      "ATLAS": 2.7575956010549083,
      "CMS": 2.9009797908057853,
      "LHCb": 2.677581548690796,
      "total": 2.352654457092285
    }
  },
  "3300": {
    "training_loss": 7992.33642578125,
    "validation_loss": [
      4619.5546875
    ],
    "validation_chi2s": {
      "DEUTERON": 11.956496812810945,
      "NMC": 2.225046494427849,
      "NUCLEAR": 1.8457982177734376,
      "HERACOMB": 1.9918268739787581,
      "DYE886": 2.402589104392312,
      "CDF": 1.2230518886021204,
      "D0": 4.647534942626953,
      "ATLAS": 2.75637679450256,
      "CMS": 2.873645877049974,
      "LHCb": 2.6723337173461914,
      "total": 3.922412633895874
    }
  },
  "3400": {
    "training_loss": 7990.35107421875,
    "validation_loss": [
      2740.99951171875
    ],
    "validation_chi2s": {
      "DEUTERON": 2.6038572396805035,
      "NMC": 2.2273553586473653,
      "NUCLEAR": 1.847709228515625,
      "HERACOMB": 1.9958208869485294,
      "DYE886": 2.416508587923917,
      "CDF": 1.172182219369071,
      "D0": 4.425209426879883,
      "ATLAS": 2.7506798350878356,
      "CMS": 2.893786217555527,
      "LHCb": 2.6912717819213867,
      "total": 2.3265748023986816
    }
  },
  "3500": {
    "training_loss": 7989.81982421875,
    "validation_loss": [
      2694.35498046875
    ],
    "validation_chi2s": {
      "DEUTERON": 2.385913905812733,
      "NMC": 2.231291976629519,
      "NUCLEAR": 1.8478446044921875,
      "HERACOMB": 1.989501753663705,
      "DYE886": 2.4320496645840732,
      "CDF": 1.1349522726876395,
      "D0": 4.373006057739258,
      "ATLAS": 2.7388767738126765,
      "CMS": 2.902934933496901,
      "LHCb": 2.705266237258911,
      "total": 2.2870843410491943
    }
  },
  "3600": {
    "training_loss": 7982.08447265625,
    "validation_loss": [
      2855.8583984375
    ],
    "validation_chi2s": {
      "DEUTERON": 3.1721136747901117,
      "NMC": 2.220904331581265,
      "NUCLEAR": 1.849871826171875,
      "HERACOMB": 1.9829699946384804,
      "DYE886": 2.442945133556019,
      "CDF": 1.266674586704799,
      "D0": 4.883811569213867,
      "ATLAS": 2.7616104729431497,
      "CMS": 2.8621273828932075,
      "LHCb": 2.702519178390503,
      "total": 2.4241039752960205
    }
  },
  "3700": {
    "training_loss": 7986.7919921875,
    "validation_loss": [
      2676.93994140625
    ],
    "validation_chi2s": {
      "DEUTERON": 2.2958712601543065,
      "NMC": 2.2400656307444855,
      "NUCLEAR": 1.8499830322265625,
      "HERACOMB": 1.9898877112694036,
      "DYE886": 2.420651522549716,
      "CDF": 1.1074395179748535,
      "D0": 4.3473869323730465,
      "ATLAS": 2.7294494284074857,
      "CMS": 2.9167195469879905,
      "LHCb": 2.7275590896606445,
      "total": 2.272653102874756
    }
  },
  "3800": {
    "training_loss": 7976.14794921875,
    "validation_loss": [
      2679.3955078125
    ],
    "validation_chi2s": {
      "DEUTERON": 2.277844784864739,
      "NMC": 2.2259258195465685,
      "NUCLEAR": 1.852787353515625,
      "HERACOMB": 1.9928656684027777,
      "DYE886": 2.432933807373047,
      "CDF": 1.128668989453997,
      "D0": 4.422922515869141,
      "ATLAS": 2.7560502391750528,
      "CMS": 2.909307054251679,
      "LHCb": 2.7269277572631836,
      "total": 2.274550437927246
    }
  },
  "3900": {
    "training_loss": 7987.48876953125,
    "validation_loss": [
      2672.05859375
    ],
    "validation_chi2s": {
      "DEUTERON": 2.2751470916899876,
      "NMC": 2.2568525426528034,
      "NUCLEAR": 1.8503839111328124,
      "HERACOMB": 1.9846239276960784,
      "DYE886": 2.4594010439786045,
      "CDF": 1.0606017112731934,
      "D0": 4.253744888305664,
      "ATLAS": 2.7140173615708862,
      "CMS": 2.9358099314792097,
      "LHCb": 2.7676289081573486,
      "total": 2.268939256668091
    }
  },
  "4000": {
    "training_loss": 7974.35693359375,
    "validation_loss": [
      2819.99267578125
    ],
    "validation_chi2s": {
      "DEUTERON": 3.004065366526741,
      "NMC": 2.23499402812883,
      "NUCLEAR": 1.8508748779296875,
      "HERACOMB": 1.9647733401628882,
      "DYE886": 2.46317534013228,
      "CDF": 1.336669649396624,
      "D0": 5.383384323120117,
      "ATLAS": 2.737625725525247,
      "CMS": 2.8568602002356664,
      "LHCb": 2.7672805786132812,
      "total": 2.3941500186920166
    }
  },
  "4100": {
    "training_loss": 7979.27392578125,
    "validation_loss": [
      2671.046142578125
    ],
    "validation_chi2s": {
      "DEUTERON": 2.2938895913498913,
      "NMC": 2.244473924823836,
      "NUCLEAR": 1.8494368896484374,
      "HERACOMB": 1.9812939213771446,
      "DYE886": 2.404559915715998,
      "CDF": 1.0834315163748605,
      "D0": 4.206845092773437,
      "ATLAS": 2.7171301545396362,
      "CMS": 2.934011159849561,
      "LHCb": 2.712846517562866,
      "total": 2.268042802810669
    }
  },
  "4200": {
    "training_loss": 7996.05615234375,
    "validation_loss": [
      2667.7265625
    ],
    "validation_chi2s": {
      "DEUTERON": 2.2934409374028295,
      "NMC": 2.2717080209769454,
      "NUCLEAR": 1.85081787109375,
      "HERACOMB": 1.9767408183976716,
      "DYE886": 2.4502379677512427,
      "CDF": 1.0050202778407507,
      "D0": 4.267875671386719,
      "ATLAS": 2.6651376842778953,
      "CMS": 2.9525663517723397,
      "LHCb": 2.7840359210968018,
      "total": 2.265186071395874
    }
  },
  "4300": {
    "training_loss": 7964.873046875,
    "validation_loss": [
      2695.020751953125
    ],
    "validation_chi2s": {
      "DEUTERON": 2.3648813731634797,
      "NMC": 2.2185888851390168,
      "NUCLEAR": 1.8556339111328124,
      "HERACOMB": 1.9785230050679126,
      "DYE886": 2.401987595991655,
      "CDF": 1.1769321986607142,
      "D0": 4.671601104736328,
      "ATLAS": 2.762978591487906,
      "CMS": 2.903015641141529,
      "LHCb": 2.7240140438079834,
      "total": 2.288109064102173
    }
  },
  "4400": {
    "training_loss": 7958.63525390625,
    "validation_loss": [
      2723.474853515625
    ],
    "validation_chi2s": {
      "DEUTERON": 2.4379483502895676,
      "NMC": 2.2200359269684435,
      "NUCLEAR": 1.85894921875,
      "HERACOMB": 1.977960125293607,
      "DYE886": 2.4570749456232246,
      "CDF": 1.2420493534633092,
      "D0": 5.125714874267578,
      "ATLAS": 2.801205392611229,
      "CMS": 2.8907036899535123,
      "LHCb": 2.761874198913574,
      "total": 2.311995029449463
    }
  },
  "4500": {
    "training_loss": 7962.28759765625,
    "validation_loss": [
      2678.15576171875
    ],
    "validation_chi2s": {
      "DEUTERON": 2.2826542640799907,
      "NMC": 2.2224397846296724,
      "NUCLEAR": 1.8553717041015625,
      "HERACOMB": 1.9723606483609069,
      "DYE886": 2.425157893787731,
      "CDF": 1.1684464045933314,
      "D0": 4.8174278259277346,
      "ATLAS": 2.7509158721751414,
      "CMS": 2.908562778441374,
      "LHCb": 2.7532858848571777,
      "total": 2.273749589920044
    }
  },
  "4600": {
    "training_loss": 7963.77294921875,
    "validation_loss": [
      2681.208740234375
    ],
    "validation_chi2s": {
      "DEUTERON": 2.27953418333139,
      "NMC": 2.2338983872357536,
      "NUCLEAR": 1.855362548828125,
      "HERACOMB": 1.9863835752399919,
      "DYE886": 2.421709407459606,
      "CDF": 1.0108342170715332,
      "D0": 4.305604553222656,
      "ATLAS": 2.7350784560381354,
      "CMS": 2.9679850428557595,
      "LHCb": 2.79655122756958,
      "total": 2.2769105434417725
    }
  },
  "4700": {
    "training_loss": 7958.78857421875,
    "validation_loss": [
      2673.921875
    ],
    "validation_chi2s": {
      "DEUTERON": 2.269163672603778,
      "NMC": 2.2176214479932597,
      "NUCLEAR": 1.8564605712890625,
      "HERACOMB": 1.9691317689185048,
      "DYE886": 2.408047762784091,
      "CDF": 1.2251675469534737,
      "D0": 5.068563079833984,
      "ATLAS": 2.749660685911017,
      "CMS": 2.8867295950897467,
      "LHCb": 2.7591896057128906,
      "total": 2.270507335662842
    }
  },
  "4800": {
    "training_loss": 7957.43212890625,
    "validation_loss": [
      2671.35546875
    ],
    "validation_chi2s": {
      "DEUTERON": 2.2732897706292756,
      "NMC": 2.2140061621572458,
      "NUCLEAR": 1.855606689453125,
      "HERACOMB": 1.9678059496910743,
      "DYE886": 2.402763019908558,
      "CDF": 1.196883201599121,
      "D0": 4.961745834350586,
      "ATLAS": 2.7421852585959567,
      "CMS": 2.885184043695119,
      "LHCb": 2.7711620330810547,
      "total": 2.268397331237793
    }
  },
  "4900": {
    "training_loss": 8008.1796875,
    "validation_loss": [
      2650.5126953125
    ],
    "validation_chi2s": {
      "DEUTERON": 2.3082576011543843,
      "NMC": 2.26948143454159,
      "NUCLEAR": 1.8504881591796876,
      "HERACOMB": 1.9298863629110499,
      "DYE886": 2.4073992642489346,
      "CDF": 1.0245447840009416,
      "D0": 4.594390487670898,
      "ATLAS": 2.627716581700212,
      "CMS": 2.931219936402376,
      "LHCb": 2.8322925567626953,
      "total": 2.250947952270508
    }
  },
  "5000": {
    "training_loss": 8001.9794921875,
    "validation_loss": [
      2652.241943359375
    ],
    "validation_chi2s": {
      "DEUTERON": 2.308778221927472,
      "NMC": 2.2756118774414062,
      "NUCLEAR": 1.8480343017578125,
      "HERACOMB": 1.9337391572840072,
      "DYE886": 2.377833453091708,
      "CDF": 1.08646821975708,
      "D0": 4.5259449005126955,
      "ATLAS": 2.644710734739142,
      "CMS": 2.9227955715715392,
      "LHCb": 2.831338882446289,
      "total": 2.252680540084839
    }
  },
  "5100": {
    "training_loss": 7991.5673828125,
    "validation_loss": [
      2654.742919921875
    ],
    "validation_chi2s": {
      "DEUTERON": 2.310111430153918,
      "NMC": 2.274742276060815,
      "NUCLEAR": 1.8503701171875,
      "HERACOMB": 1.9326632630591298,
      "DYE886": 2.3854957927357066,
      "CDF": 1.0533511979239327,
      "D0": 4.690846252441406,
      "ATLAS": 2.640867761299435,
      "CMS": 2.926159567084194,
      "LHCb": 2.857638359069824,
      "total": 2.254917621612549
    }
  },
  "5200": {
    "training_loss": 7942.68017578125,
    "validation_loss": [
      2693.31201171875
    ],
    "validation_chi2s": {
      "DEUTERON": 2.347349707760028,
      "NMC": 2.198778040268842,
      "NUCLEAR": 1.8551962890625,
      "HERACOMB": 1.974520814185049,
      "DYE886": 2.3131545673717153,
      "CDF": 1.0920160157339913,
      "D0": 4.898019409179687,
      "ATLAS": 2.7678339898923023,
      "CMS": 2.9337481033703514,
      "LHCb": 2.737572431564331,
      "total": 2.287139892578125
    }
  },
  "5300": {
    "training_loss": 7962.771484375,
    "validation_loss": [
      2657.355712890625
    ],
    "validation_chi2s": {
      "DEUTERON": 2.341504452833489,
      "NMC": 2.31062286975337,
      "NUCLEAR": 1.8454796142578125,
      "HERACOMB": 1.9202132879518996,
      "DYE886": 2.3465600447221235,
      "CDF": 1.0640582357134138,
      "D0": 4.538326644897461,
      "ATLAS": 2.6409863832980225,
      "CMS": 2.926029173795842,
      "LHCb": 2.919201135635376,
      "total": 2.2572758197784424
    }
  },
  "5400": {
    "training_loss": 7986.24609375,
    "validation_loss": [
      2652.3173828125
    ],
    "validation_chi2s": {
      "DEUTERON": 2.3258067268637284,
      "NMC": 2.2639401005763635,
      "NUCLEAR": 1.846393798828125,
      "HERACOMB": 1.9268383948631536,
      "DYE886": 2.3528872403231533,
      "CDF": 1.0900591441563197,
      "D0": 4.568835830688476,
      "ATLAS": 2.6476362842624472,
      "CMS": 2.9169069400503616,
      "LHCb": 2.846514940261841,
      "total": 2.2531073093414307
    }
  },
  "5500": {
    "training_loss": 7945.09521484375,
    "validation_loss": [
      2661.6044921875
    ],
    "validation_chi2s": {
      "DEUTERON": 2.3400563102456466,
      "NMC": 2.293090072332644,
      "NUCLEAR": 1.8451329345703125,
      "HERACOMB": 1.9239629608353759,
      "DYE886": 2.3412052501331675,
      "CDF": 1.1354386465890067,
      "D0": 4.847441864013672,
      "ATLAS": 2.6560996535134183,
      "CMS": 2.9097199242962293,
      "LHCb": 2.9284615516662598,
      "total": 2.2609689235687256
    }
  },
  "5600": {
    "training_loss": 7934.88037109375,
    "validation_loss": [
      2691.783447265625
    ],
    "validation_chi2s": {
      "DEUTERON": 2.37946680173352,
      "NMC": 2.184845868278952,
      "NUCLEAR": 1.8550228271484375,
      "HERACOMB": 1.9542758916717728,
      "DYE886": 2.306952043013139,
      "CDF": 1.2649917602539062,
      "D0": 5.4645530700683596,
      "ATLAS": 2.762506172481903,
      "CMS": 2.872584571523115,
      "LHCb": 2.766383647918701,
      "total": 2.2861411571502686
    }
  },
  "5700": {
    "training_loss": 7970.45751953125,
    "validation_loss": [
      2661.735107421875
    ],
    "validation_chi2s": {
      "DEUTERON": 2.3260792594643966,
      "NMC": 2.2278010050455728,
      "NUCLEAR": 1.8493828125,
      "HERACOMB": 1.9417836307700163,
      "DYE886": 2.3135287544944068,
      "CDF": 1.051018238067627,
      "D0": 4.511405944824219,
      "ATLAS": 2.676729191494527,
      "CMS": 2.9437006170099433,
      "LHCb": 2.823776960372925,
      "total": 2.2611637115478516
    }
  },
  "5800": {
    "training_loss": 7932.22412109375,
    "validation_loss": [
      2661.54150390625
    ],
    "validation_chi2s": {
      "DEUTERON": 2.3939520233306126,
      "NMC": 2.341346591126685,
      "NUCLEAR": 1.8453238525390625,
      "HERACOMB": 1.9102739321640114,
      "DYE886": 2.3779645399613814,
      "CDF": 0.9891033853803363,
      "D0": 4.139182662963867,
      "ATLAS": 2.6102169058417197,
      "CMS": 2.9572032581676138,
      "LHCb": 2.947167158126831,
      "total": 2.2610347270965576
    }
  },
  "5900": {
    "training_loss": 7966.1484375,
    "validation_loss": [
      2654.785400390625
    ],
    "validation_chi2s": {
      "DEUTERON": 2.3529259221470773,
      "NMC": 2.266533197141161,
      "NUCLEAR": 1.845990478515625,
      "HERACOMB": 1.9155802009931577,
      "DYE886": 2.3160872025923296,
      "CDF": 1.0780378069196428,
      "D0": 4.510981750488281,
      "ATLAS": 2.6462123030323093,
      "CMS": 2.931853743624096,
      "LHCb": 2.860898017883301,
      "total": 2.255300998687744
    }
  },
  "6000": {
    "training_loss": 7934.162109375,
    "validation_loss": [
      2658.3271484375
    ],
    "validation_chi2s": {
      "DEUTERON": 2.3973866932427703,
      "NMC": 2.3095982869466147,
      "NUCLEAR": 1.8437476806640625,
      "HERACOMB": 1.9073037540211397,
      "DYE886": 2.373934659090909,
      "CDF": 0.9857666151864188,
      "D0": 4.148196792602539,
      "ATLAS": 2.621308407541049,
      "CMS": 2.945298880584969,
      "LHCb": 2.902000904083252,
      "total": 2.258336305618286
    }
  },
  "6100": {
    "training_loss": 7969.10986328125,
    "validation_loss": [
      2654.63818359375
    ],
    "validation_chi2s": {
      "DEUTERON": 2.358290335432214,
      "NMC": 2.241784937241498,
      "NUCLEAR": 1.8474482421875,
      "HERACOMB": 1.9185346216937296,
      "DYE886": 2.351552443070845,
      "CDF": 1.0935959134783064,
      "D0": 4.379611206054688,
      "ATLAS": 2.6604110803981285,
      "CMS": 2.9095516992994575,
      "LHCb": 2.84342098236084,
      "total": 2.2552287578582764
    }
  },
  "6200": {
    "training_loss": 7954.4853515625,
    "validation_loss": [
      2656.302001953125
    ],
    "validation_chi2s": {
      "DEUTERON": 2.3726381520133706,
      "NMC": 2.260018741383272,
      "NUCLEAR": 1.84561083984375,
      "HERACOMB": 1.9088495790568831,
      "DYE886": 2.328092575073242,
      "CDF": 1.1212470190865653,
      "D0": 4.47014045715332,
      "ATLAS": 2.6570532847259005,
      "CMS": 2.9203776209807595,
      "LHCb": 2.8425445556640625,
      "total": 2.2566404342651367
    }
  },
  "6300": {
    "training_loss": 7985.1318359375,
    "validation_loss": [
      2662.725830078125
    ],
    "validation_chi2s": {
      "DEUTERON": 2.404491367624767,
      "NMC": 2.231490640079274,
      "NUCLEAR": 1.8465069580078124,
      "HERACOMB": 1.9126108206954657,
      "DYE886": 2.2968659834428267,
      "CDF": 1.0993035861424036,
      "D0": 4.566527557373047,
      "ATLAS": 2.671061887579449,
      "CMS": 2.9146176172682075,
      "LHCb": 2.7847700119018555,
      "total": 2.2620601654052734
    }
  },
  "6400": {
    "training_loss": 7938.73779296875,
    "validation_loss": [
      2658.793212890625
    ],
    "validation_chi2s": {
      "DEUTERON": 2.3866984049479165,
      "NMC": 2.2750411688112746,
      "NUCLEAR": 1.8461400146484375,
      "HERACOMB": 1.9069002438214868,
      "DYE886": 2.3348028009588067,
      "CDF": 1.1140013422284807,
      "D0": 4.384487533569336,
      "ATLAS": 2.647331970559675,
      "CMS": 2.9360636561370095,
      "LHCb": 2.842100143432617,
      "total": 2.258791208267212
    }
  },
  "6500": {
    "training_loss": 7936.271484375,
    "validation_loss": [
      2665.659912109375
    ],
    "validation_chi2s": {
      "DEUTERON": 2.400882853797419,
      "NMC": 2.28373374190985,
      "NUCLEAR": 1.8470635986328126,
      "HERACOMB": 1.9240084380106208,
      "DYE886": 2.3878128745339136,
      "CDF": 0.9371335847037179,
      "D0": 3.9111419677734376,
      "ATLAS": 2.64266553975768,
      "CMS": 2.9565210263591166,
      "LHCb": 2.88181734085083,
      "total": 2.2646327018737793
    }
  },
  "6600": {
    "training_loss": 7945.72509765625,
    "validation_loss": [
      2657.74169921875
    ],
    "validation_chi2s": {
      "DEUTERON": 2.3957162733694806,
      "NMC": 2.2493570365157782,
      "NUCLEAR": 1.844166259765625,
      "HERACOMB": 1.9061464795879288,
      "DYE886": 2.38150336525657,
      "CDF": 1.14967714037214,
      "D0": 4.257049560546875,
      "ATLAS": 2.6660549357786016,
      "CMS": 2.9066742195570763,
      "LHCb": 2.8247525691986084,
      "total": 2.257927894592285
    }
  },
  "6700": {
    "training_loss": 7946.25390625,
    "validation_loss": [
      2665.764892578125
    ],
    "validation_chi2s": {
      "DEUTERON": 2.3836814159184545,
      "NMC": 2.2731034521963083,
      "NUCLEAR": 1.8501907958984376,
      "HERACOMB": 1.9096416398590685,
      "DYE886": 2.4173708829012783,
      "CDF": 1.1880010877336775,
      "D0": 4.452017211914063,
      "ATLAS": 2.677201955331921,
      "CMS": 2.900014073395532,
      "LHCb": 2.9027884006500244,
      "total": 2.2647578716278076
    }
  },
  "6800": {
    "training_loss": 7918.88330078125,
    "validation_loss": [
      2677.5380859375
    ],
    "validation_chi2s": {
      "DEUTERON": 2.4820095081234452,
      "NMC": 2.312536351821002,
      "NUCLEAR": 1.8439478759765624,
      "HERACOMB": 1.8999462252348855,
      "DYE886": 2.295208150690252,
      "CDF": 1.0639045579092843,
      "D0": 4.4680030822753904,
      "ATLAS": 2.649480959789901,
      "CMS": 2.9394147888688016,
      "LHCb": 2.840193271636963,
      "total": 2.2747063636779785
    }
  },
  "6900": {
    "training_loss": 7944.677734375,
    "validation_loss": [
      2667.761962890625
    ],
    "validation_chi2s": {
      "DEUTERON": 2.3742798762534982,
      "NMC": 2.21825049905216,
      "NUCLEAR": 1.8501170654296875,
      "HERACOMB": 1.9366335401348038,
      "DYE886": 2.344445662064986,
      "CDF": 1.0551132474626814,
      "D0": 4.170401763916016,
      "ATLAS": 2.688797772940943,
      "CMS": 2.9493476300200157,
      "LHCb": 2.771632194519043,
      "total": 2.2664809226989746
    }
  },
  "7000": {
    "training_loss": 7926.568359375,
    "validation_loss": [
      2671.260498046875
    ],
    "validation_chi2s": {
      "DEUTERON": 2.3615798570623445,
      "NMC": 2.1892794440774357,
      "NUCLEAR": 1.85320556640625,
      "HERACOMB": 1.9347943075342116,
      "DYE886": 2.316998915238814,
      "CDF": 1.160027231488909,
      "D0": 4.672682571411133,
      "ATLAS": 2.7377746926862643,
      "CMS": 2.8984052169421486,
      "LHCb": 2.761951208114624,
      "total": 2.2694780826568604
    }
  },
  "7100": {
    "training_loss": 7934.41796875,
    "validation_loss": [
      2690.033203125
    ],
    "validation_chi2s": {
      "DEUTERON": 2.489220158970771,
      "NMC": 2.1843290141984526,
      "NUCLEAR": 1.847664794921875,
      "HERACOMB": 1.921746945848652,
      "DYE886": 2.2268813740123403,
      "CDF": 1.168083735874721,
      "D0": 4.771701049804688,
      "ATLAS": 2.7618997864804027,
      "CMS": 2.882895225335744,
      "LHCb": 2.6740050315856934,
      "total": 2.28533935546875
    }
  },
  "7200": {
    "training_loss": 7919.30810546875,
    "validation_loss": [
      2677.407470703125
    ],
    "validation_chi2s": {
      "DEUTERON": 2.369114662284282,
      "NMC": 2.1612031226064645,
      "NUCLEAR": 1.8542371826171875,
      "HERACOMB": 1.9417034473294525,
      "DYE886": 2.30802397294478,
      "CDF": 1.213338988167899,
      "D0": 5.126929092407226,
      "ATLAS": 2.7629351427326094,
      "CMS": 2.859183571555398,
      "LHCb": 2.7289044857025146,
      "total": 2.274425506591797
    }
  },
  "7300": {
    "training_loss": 7923.068359375,
    "validation_loss": [
      2664.958251953125
    ],
    "validation_chi2s": {
      "DEUTERON": 2.3869774661847014,
      "NMC": 2.17139045864928,
      "NUCLEAR": 1.8493394775390626,
      "HERACOMB": 1.9240032520169525,
      "DYE886": 2.338979200883345,
      "CDF": 1.1774356024605888,
      "D0": 4.781999588012695,
      "ATLAS": 2.7210436459988525,
      "CMS": 2.876721090521694,
      "LHCb": 2.685997724533081,
      "total": 2.2640464305877686
    }
  },
  "7400": {
    "training_loss": 7910.150390625,
    "validation_loss": [
      2689.688720703125
    ],
    "validation_chi2s": {
      "DEUTERON": 2.3590678504450406,
      "NMC": 2.156831329944087,
      "NUCLEAR": 1.8629017333984375,
      "HERACOMB": 1.9530681535309435,
      "DYE886": 2.3493411324240943,
      "CDF": 1.2002167020525252,
      "D0": 4.936469650268554,
      "ATLAS": 2.814825198071151,
      "CMS": 2.864941305365444,
      "LHCb": 2.738373279571533,
      "total": 2.2850441932678223
    }
  },
  "7500": {
    "training_loss": 7912.5439453125,
    "validation_loss": [
      2678.86181640625
    ],
    "validation_chi2s": {
      "DEUTERON": 2.4227717005791356,
      "NMC": 2.171769983628217,
      "NUCLEAR": 1.8504561767578125,
      "HERACOMB": 1.9237682866115196,
      "DYE886": 2.31447341225364,
      "CDF": 1.221414293561663,
      "D0": 4.817547988891602,
      "ATLAS": 2.7646877482786016,
      "CMS": 2.8640187161027892,
      "LHCb": 2.6943206787109375,
      "total": 2.2759411334991455
    }
  },
  "7600": {
    "training_loss": 7911.15673828125,
    "validation_loss": [
      2684.158447265625
    ],
    "validation_chi2s": {
      "DEUTERON": 2.4685479159378887,
      "NMC": 2.162891911525352,
      "NUCLEAR": 1.850450439453125,
      "HERACOMB": 1.9095546747344772,
      "DYE886": 2.329987265846946,
      "CDF": 1.207371711730957,
      "D0": 5.105659866333008,
      "ATLAS": 2.7553914388020835,
      "CMS": 2.853096449670713,
      "LHCb": 2.7140047550201416,
      "total": 2.280345916748047
    }
  },
  "7700": {
    "training_loss": 7959.0634765625,
    "validation_loss": [
      2646.779052734375
    ],
    "validation_chi2s": {
      "DEUTERON": 2.40820555425995,
      "NMC": 2.201269561169194,
      "NUCLEAR": 1.849066650390625,
      "HERACOMB": 1.8970827588848038,
      "DYE886": 2.335378473455256,
      "CDF": 0.9909448623657227,
      "D0": 4.102074432373047,
      "ATLAS": 2.666704425704008,
      "CMS": 2.8854821575574636,
      "LHCb": 2.7244558334350586,
      "total": 2.2487308979034424
    }
  },
  "7800": {
    "training_loss": 7920.060546875,
    "validation_loss": [
      2649.516357421875
    ],
    "validation_chi2s": {
      "DEUTERON": 2.4009235439015857,
      "NMC": 2.2321428785137103,
      "NUCLEAR": 1.845739013671875,
      "HERACOMB": 1.9001369102328431,
      "DYE886": 2.3931506763805044,
      "CDF": 0.9556048938206264,
      "D0": 3.926229476928711,
      "ATLAS": 2.6546889482918434,
      "CMS": 2.9081963152924843,
      "LHCb": 2.8072831630706787,
      "total": 2.251068115234375
    }
  },
  "7900": {
    "training_loss": 7936.0712890625,
    "validation_loss": [
      2649.765869140625
    ],
    "validation_chi2s": {
      "DEUTERON": 2.395940676257385,
      "NMC": 2.220029494341682,
      "NUCLEAR": 1.847506103515625,
      "HERACOMB": 1.9098335216247957,
      "DYE886": 2.360763896595348,
      "CDF": 1.0626654624938965,
      "D0": 3.972909164428711,
      "ATLAS": 2.6677668512204273,
      "CMS": 2.8922822810401603,
      "LHCb": 2.7310662269592285,
      "total": 2.251274824142456
    }
  },
  "8000": {
    "training_loss": 7927.94140625,
    "validation_loss": [
      2647.37451171875
    ],
    "validation_chi2s": {
      "DEUTERON": 2.405796791190532,
      "NMC": 2.2352836459290746,
      "NUCLEAR": 1.84760888671875,
      "HERACOMB": 1.8843042710248161,
      "DYE886": 2.4348317926580254,
      "CDF": 1.0033361571175712,
      "D0": 4.038937377929687,
      "ATLAS": 2.6624283440368997,
      "CMS": 2.885828443795196,
      "LHCb": 2.8090901374816895,
      "total": 2.249251365661621
    }
  },
  "8100": {
    "training_loss": 7904.97900390625,
    "validation_loss": [
      2682.029052734375
    ],
    "validation_chi2s": {
      "DEUTERON": 2.386527142121424,
      "NMC": 2.1447774849685968,
      "NUCLEAR": 1.8613087158203125,
      "HERACOMB": 1.9363303589665033,
      "DYE886": 2.3500392220237036,
      "CDF": 1.1066818918500627,
      "D0": 4.6404773712158205,
      "ATLAS": 2.806549589512712,
      "CMS": 2.866254065647598,
      "LHCb": 2.673173666000366,
      "total": 2.278581142425537
    }
  },
  "8200": {
    "training_loss": 7905.02783203125,
    "validation_loss": [
      2681.02978515625
    ],
    "validation_chi2s": {
      "DEUTERON": 2.4187158992634483,
      "NMC": 2.163473091873468,
      "NUCLEAR": 1.854591552734375,
      "HERACOMB": 1.9283365486494077,
      "DYE886": 2.3346276716752485,
      "CDF": 1.1561029979160853,
      "D0": 4.708534622192383,
      "ATLAS": 2.783380368335099,
      "CMS": 2.8492270225335745,
      "LHCb": 2.7114410400390625,
      "total": 2.277773141860962
    }
  },
  "8300": {
    "training_loss": 7901.40185546875,
    "validation_loss": [
      2672.985107421875
    ],
    "validation_chi2s": {
      "DEUTERON": 2.4012000240496736,
      "NMC": 2.1931423112457873,
      "NUCLEAR": 1.849650634765625,
      "HERACOMB": 1.9482577454810048,
      "DYE886": 2.5296287536621094,
      "CDF": 1.086362634386335,
      "D0": 3.6713390350341797,
      "ATLAS": 2.740370583399541,
      "CMS": 2.8615182923876548,
      "LHCb": 2.770284652709961,
      "total": 2.271010160446167
    }
  },
  "8400": {
    "training_loss": 7922.42822265625,
    "validation_loss": [
      2655.861328125
    ],
    "validation_chi2s": {
      "DEUTERON": 2.398867479011194,
      "NMC": 2.2175915287990198,
      "NUCLEAR": 1.8558739013671874,
      "HERACOMB": 1.9024915508195466,
      "DYE886": 2.365931597622958,
      "CDF": 0.9580535888671875,
      "D0": 4.0632587432861325,
      "ATLAS": 2.6830321920793607,
      "CMS": 2.897921979919938,
      "LHCb": 2.7970266342163086,
      "total": 2.25644850730896
    }
  },
  "8500": {
    "training_loss": 7968.61865234375,
    "validation_loss": [
      2641.10595703125
    ],
    "validation_chi2s": {
      "DEUTERON": 2.39537450686023,
      "NMC": 2.1866437126608456,
      "NUCLEAR": 1.8497440185546874,
      "HERACOMB": 1.888787961473652,
      "DYE886": 2.4115222584117544,
      "CDF": 0.9007518632071358,
      "D0": 3.9507167816162108,
      "ATLAS": 2.6559777556166138,
      "CMS": 2.889334938742898,
      "LHCb": 2.7835493087768555,
      "total": 2.2438840866088867
    }
  },
  "8600": {
    "training_loss": 7941.27783203125,
    "validation_loss": [
      2650.711181640625
    ],
    "validation_chi2s": {
      "DEUTERON": 2.3726424032182836,
      "NMC": 2.190349055271523,
      "NUCLEAR": 1.849187255859375,
      "HERACOMB": 1.9170133303972632,
      "DYE886": 2.3968561345880683,
      "CDF": 0.9933855874197823,
      "D0": 4.141835403442383,
      "ATLAS": 2.6825659800384005,
      "CMS": 2.899047094928332,
      "LHCb": 2.7025961875915527,
      "total": 2.2520787715911865
    }
  },
  "8700": {
    "training_loss": 7909.8779296875,
    "validation_loss": [
      2652.3076171875
    ],
    "validation_chi2s": {
      "DEUTERON": 2.3921326594566232,
      "NMC": 2.2470157099705115,
      "NUCLEAR": 1.849466064453125,
      "HERACOMB": 1.9054367963005514,
      "DYE886": 2.3931815407492896,
      "CDF": 0.9526729583740234,
      "D0": 3.808853530883789,
      "ATLAS": 2.6585395080221574,
      "CMS": 2.91811906798812,
      "LHCb": 2.824644088745117,
      "total": 2.2534379959106445
    }
  },
  "8800": {
    "training_loss": 7926.4912109375,
    "validation_loss": [
      2669.177734375
    ],
    "validation_chi2s": {
      "DEUTERON": 2.3805198859219527,
      "NMC": 2.1656794828527115,
      "NUCLEAR": 1.852145263671875,
      "HERACOMB": 1.9092461081112133,
      "DYE886": 2.433122461492365,
      "CDF": 1.1796667916434151,
      "D0": 4.211383819580078,
      "ATLAS": 2.8079621913069386,
      "CMS": 2.835005074493156,
      "LHCb": 2.781656265258789,
      "total": 2.26776385307312
    }
  },
  "8900": {
    "training_loss": 7914.650390625,
    "validation_loss": [
      2651.825439453125
    ],
    "validation_chi2s": {
      "DEUTERON": 2.3923664757268344,
      "NMC": 2.241279302858839,
      "NUCLEAR": 1.849928466796875,
      "HERACOMB": 1.9009447284773284,
      "DYE886": 2.464071100408381,
      "CDF": 0.9843504088265556,
      "D0": 3.8472232818603516,
      "ATLAS": 2.658772958874029,
      "CMS": 2.915011823669938,
      "LHCb": 2.7997055053710938,
      "total": 2.2530369758605957
    }
  },
  "9000": {
    "training_loss": 7929.63720703125,
    "validation_loss": [
      2643.4345703125
    ],
    "validation_chi2s": {
      "DEUTERON": 2.360955385426384,
      "NMC": 2.1822366153492645,
      "NUCLEAR": 1.8542305908203125,
      "HERACOMB": 1.9002813202103759,
      "DYE886": 2.4657037908380683,
      "CDF": 0.9487398011343819,
      "D0": 3.8744197845458985,
      "ATLAS": 2.6754307288908015,
      "CMS": 2.8839605662448347,
      "LHCb": 2.8250861167907715,
      "total": 2.24590802192688
    }
  },
  "9100": {
    "training_loss": 7916.982421875,
    "validation_loss": [
      2648.181396484375
    ],
    "validation_chi2s": {
      "DEUTERON": 2.412035889886505,
      "NMC": 2.182054407456342,
      "NUCLEAR": 1.8532889404296875,
      "HERACOMB": 1.8885815190333946,
      "DYE886": 2.356984571977095,
      "CDF": 0.9256649698529925,
      "D0": 4.147665405273438,
      "ATLAS": 2.6577720857609464,
      "CMS": 2.8957423690922006,
      "LHCb": 2.8192570209503174,
      "total": 2.2499310970306396
    }
  },
  "9200": {
    "training_loss": 7904.51171875,
    "validation_loss": [
      2660.9775390625
    ],
    "validation_chi2s": {
      "DEUTERON": 2.390770451939521,
      "NMC": 2.138296089920343,
      "NUCLEAR": 1.85539013671875,
      "HERACOMB": 1.9123608956929126,
      "DYE886": 2.3540049466219815,
      "CDF": 1.0261876923697335,
      "D0": 4.5248870849609375,
      "ATLAS": 2.7406667935646185,
      "CMS": 2.866316614072185,
      "LHCb": 2.6925008296966553,
      "total": 2.2607734203338623
    }
  },
  "9300": {
    "training_loss": 7904.482421875,
    "validation_loss": [
      2659.7421875
    ],
    "validation_chi2s": {
      "DEUTERON": 2.3563567963405627,
      "NMC": 2.1323408239028034,
      "NUCLEAR": 1.8568895263671874,
      "HERACOMB": 1.9074984282449958,
      "DYE886": 2.3861266049471768,
      "CDF": 1.038377285003662,
      "D0": 4.503329849243164,
      "ATLAS": 2.789816473836953,
      "CMS": 2.844059463374871,
      "LHCb": 2.710092067718506,
      "total": 2.2597639560699463
    }
  },
  "9400": {
    "training_loss": 7896.4326171875,
    "validation_loss": [
      2653.64111328125
    ],
    "validation_chi2s": {
      "DEUTERON": 2.380222757064288,
      "NMC": 2.1765803916781556,
      "NUCLEAR": 1.85051220703125,
      "HERACOMB": 1.9284045649509804,
      "DYE886": 2.5447701540860264,
      "CDF": 1.0495155198233468,
      "D0": 3.619538116455078,
      "ATLAS": 2.70449415303893,
      "CMS": 2.854489413174716,
      "LHCb": 2.7449026107788086,
      "total": 2.2545478343963623
    }
  },
  "9500": {
    "training_loss": 7904.95654296875,
    "validation_loss": [
      2669.979736328125
    ],
    "validation_chi2s": {
      "DEUTERON": 2.3699283125388684,
      "NMC": 2.1389626895680145,
      "NUCLEAR": 1.8566640625,
      "HERACOMB": 1.904992595996732,
      "DYE886": 2.361845536665483,
      "CDF": 1.059082303728376,
      "D0": 4.350753402709961,
      "ATLAS": 2.8337354067355225,
      "CMS": 2.8515153364701704,
      "LHCb": 2.74814510345459,
      "total": 2.2684481143951416
    }
  },
  "9600": {
    "training_loss": 7898.5986328125,
    "validation_loss": [
      2668.39453125
    ],
    "validation_chi2s": {
      "DEUTERON": 2.4005550555328825,
      "NMC": 2.136632133932675,
      "NUCLEAR": 1.8547120361328124,
      "HERACOMB": 1.9156019422743056,
      "DYE886": 2.355845884843306,
      "CDF": 1.0653058460780553,
      "D0": 4.358459091186523,
      "ATLAS": 2.791286662473517,
      "CMS": 2.8374379055559142,
      "LHCb": 2.7125580310821533,
      "total": 2.267112970352173
    }
  },
  "9700": {
    "training_loss": 7904.005859375,
    "validation_loss": [
      2645.9365234375
    ],
    "validation_chi2s": {
      "DEUTERON": 2.4059111182369404,
      "NMC": 2.22218292834712,
      "NUCLEAR": 1.8526258544921874,
      "HERACOMB": 1.8939679713031046,
      "DYE886": 2.350528370250355,
      "CDF": 0.8184108734130859,
      "D0": 3.901005172729492,
      "ATLAS": 2.6444626285531427,
      "CMS": 2.9196381371868543,
      "LHCb": 2.765937566757202,
      "total": 2.248034715652466
    }
  },
  "9800": {
    "training_loss": 7910.77880859375,
    "validation_loss": [
      2655.68115234375
    ],
    "validation_chi2s": {
      "DEUTERON": 2.397966071740905,
      "NMC": 2.2467057471181833,
      "NUCLEAR": 1.850861083984375,
      "HERACOMB": 1.9129987729141136,
      "DYE886": 2.39022515036843,
      "CDF": 0.877359322139195,
      "D0": 3.6819114685058594,
      "ATLAS": 2.675674179853019,
      "CMS": 2.9016161201413997,
      "LHCb": 2.8367726802825928,
      "total": 2.2563109397888184
    }
  },
  "9900": {
    "training_loss": 7994.18359375,
    "validation_loss": [
      2643.30029296875
    ],
    "validation_chi2s": {
      "DEUTERON": 2.3597815973841727,
      "NMC": 2.1571384504729627,
      "NUCLEAR": 1.852534912109375,
      "HERACOMB": 1.9202214658649919,
      "DYE886": 2.349825772372159,
      "CDF": 0.9371679850987026,
      "D0": 3.8411209106445314,
      "ATLAS": 2.7142666746667548,
      "CMS": 2.8489576607696283,
      "LHCb": 2.7001380920410156,
      "total": 2.2457714080810547
    }
  },
  "10000": {
    "training_loss": 7894.84326171875,
    "validation_loss": [
      2670.79638671875
    ],
    "validation_chi2s": {
      "DEUTERON": 2.3575403014225746,
      "NMC": 2.1302288279813877,
      "NUCLEAR": 1.861942138671875,
      "HERACOMB": 1.947763679853452,
      "DYE886": 2.294807954268022,
      "CDF": 0.870182922908238,
      "D0": 4.0835308074951175,
      "ATLAS": 2.773514569815943,
      "CMS": 2.8997843088197315,
      "LHCb": 2.7331135272979736,
      "total": 2.26904559135437
    }
  },
  "10100": {
    "training_loss": 7910.35693359375,
    "validation_loss": [
      2666.149658203125
    ],
    "validation_chi2s": {
      "DEUTERON": 2.4237465929629196,
      "NMC": 2.155895906336167,
      "NUCLEAR": 1.8547576904296874,
      "HERACOMB": 1.9121881622114991,
      "DYE886": 2.370120308615945,
      "CDF": 0.9407116344996861,
      "D0": 4.197593307495117,
      "ATLAS": 2.7391591907221047,
      "CMS": 2.867995837503228,
      "LHCb": 2.7385036945343018,
      "total": 2.265197277069092
    }
  },
  "10200": {
    "training_loss": 7898.19580078125,
    "validation_loss": [
      2661.583251953125
    ],
    "validation_chi2s": {
      "DEUTERON": 2.3685208600551926,
      "NMC": 2.1343558816348804,
      "NUCLEAR": 1.85985986328125,
      "HERACOMB": 1.9286780263863357,
      "DYE886": 2.3336960185657847,
      "CDF": 1.0025764874049596,
      "D0": 4.447615051269532,
      "ATLAS": 2.755474025920286,
      "CMS": 2.852216988555656,
      "LHCb": 2.6750073432922363,
      "total": 2.261120080947876
    }
  },
  "10300": {
    "training_loss": 7915.02587890625,
    "validation_loss": [
      2654.36962890625
    ],
    "validation_chi2s": {
      "DEUTERON": 2.417007218545942,
      "NMC": 2.1724878946940103,
      "NUCLEAR": 1.8492548828125,
      "HERACOMB": 1.8985573762382557,
      "DYE886": 2.3169051083651455,
      "CDF": 1.0399261202130998,
      "D0": 4.38837776184082,
      "ATLAS": 2.698644950564972,
      "CMS": 2.8618875298618285,
      "LHCb": 2.761587142944336,
      "total": 2.255176067352295
    }
  },
  "10400": {
    "training_loss": 7923.32958984375,
    "validation_loss": [
      2660.63623046875
    ],
    "validation_chi2s": {
      "DEUTERON": 2.359106870432991,
      "NMC": 2.171501458859911,
      "NUCLEAR": 1.8496971435546874,
      "HERACOMB": 1.917657590379902,
      "DYE886": 2.385671788995916,
      "CDF": 1.0081863403320312,
      "D0": 4.16732177734375,
      "ATLAS": 2.7623378947629766,
      "CMS": 2.8577051083903666,
      "LHCb": 2.8296875953674316,
      "total": 2.2605230808258057
    }
  },
  "10500": {
    "training_loss": 7923.14208984375,
    "validation_loss": [
      2653.862060546875
    ],
    "validation_chi2s": {
      "DEUTERON": 2.3390713971645676,
      "NMC": 2.1603070427389706,
      "NUCLEAR": 1.8454124755859376,
      "HERACOMB": 1.9124586317274306,
      "DYE886": 2.4931730790571733,
      "CDF": 1.0817557062421526,
      "D0": 4.197457504272461,
      "ATLAS": 2.7668482893604343,
      "CMS": 2.8323926689211003,
      "LHCb": 2.816183090209961,
      "total": 2.2547671794891357
    }
  },
  "10600": {
    "training_loss": 7922.70166015625,
    "validation_loss": [
      2649.29541015625
    ],
    "validation_chi2s": {
      "DEUTERON": 2.3369263606284982,
      "NMC": 2.1513766120461857,
      "NUCLEAR": 1.8471451416015625,
      "HERACOMB": 1.9165045046338849,
      "DYE886": 2.333134737881747,
      "CDF": 1.0470432553972517,
      "D0": 4.530214309692383,
      "ATLAS": 2.7381257310425493,
      "CMS": 2.8540384592103565,
      "LHCb": 2.7382311820983887,
      "total": 2.2508492469787598
    }
  },
  "10700": {
    "training_loss": 7909.93994140625,
    "validation_loss": [
      2661.36767578125
    ],
    "validation_chi2s": {
      "DEUTERON": 2.3947694693038715,
      "NMC": 2.1525211708218444,
      "NUCLEAR": 1.8493275146484376,
      "HERACOMB": 1.9228579452614378,
      "DYE886": 2.3120193481445312,
      "CDF": 1.0776985713413783,
      "D0": 4.709963607788086,
      "ATLAS": 2.741275938217249,
      "CMS": 2.8411590323960487,
      "LHCb": 2.6536688804626465,
      "total": 2.2610578536987305
    }
  },
  "10800": {
    "training_loss": 7924.82763671875,
    "validation_loss": [
      2669.64404296875
    ],
    "validation_chi2s": {
      "DEUTERON": 2.432665469041511,
      "NMC": 2.165179233925015,
      "NUCLEAR": 1.8503648681640625,
      "HERACOMB": 1.9226391362208946,
      "DYE886": 2.3077193173495205,
      "CDF": 1.0492450850350517,
      "D0": 4.688268661499023,
      "ATLAS": 2.724189025534075,
      "CMS": 2.869867750435821,
      "LHCb": 2.6506948471069336,
      "total": 2.268108367919922
    }
  },
  "10900": {
    "training_loss": 7927.78466796875,
    "validation_loss": [
      2670.55615234375
    ],
    "validation_chi2s": {
      "DEUTERON": 2.4013726533348883,
      "NMC": 2.1828013401405486,
      "NUCLEAR": 1.84340380859375,
      "HERACOMB": 1.9164528441584967,
      "DYE886": 2.3860355723987925,
      "CDF": 0.9551867076328823,
      "D0": 4.731710815429688,
      "ATLAS": 2.748827228438383,
      "CMS": 2.872494784268466,
      "LHCb": 2.7701752185821533,
      "total": 2.2689383029937744
    }
  },
  "11000": {
    "training_loss": 7937.24609375,
    "validation_loss": [
      2645.254638671875
    ],
    "validation_chi2s": {
      "DEUTERON": 2.337949079067553,
      "NMC": 2.2110688452627145,
      "NUCLEAR": 1.841128173828125,
      "HERACOMB": 1.9102152905433007,
      "DYE886": 2.4124924052845347,
      "CDF": 0.8244831221444267,
      "D0": 4.086051559448242,
      "ATLAS": 2.693253684178584,
      "CMS": 2.888518530475207,
      "LHCb": 2.8697195053100586,
      "total": 2.24745512008667
    }
  },
  "11100": {
    "training_loss": 7915.32568359375,
    "validation_loss": [
      2647.47705078125
    ],
    "validation_chi2s": {
      "DEUTERON": 2.3235370389264616,
      "NMC": 2.1562664555568323,
      "NUCLEAR": 1.8513101806640626,
      "HERACOMB": 1.9205970514833537,
      "DYE886": 2.384979941628196,
      "CDF": 1.0107818331037248,
      "D0": 4.747627258300781,
      "ATLAS": 2.734228791490113,
      "CMS": 2.850731967894499,
      "LHCb": 2.6238672733306885,
      "total": 2.249289035797119
    }
  },
  "11200": {
    "training_loss": 7965.6708984375,
    "validation_loss": [
      2681.87548828125
    ],
    "validation_chi2s": {
      "DEUTERON": 2.4091438559157337,
      "NMC": 2.288178986194087,
      "NUCLEAR": 1.844717041015625,
      "HERACOMB": 1.9820417017718546,
      "DYE886": 2.3880441839044746,
      "CDF": 0.7183854920523507,
      "D0": 3.4048789978027343,
      "ATLAS": 2.6652669960496116,
      "CMS": 2.987082741477273,
      "LHCb": 2.7641420364379883,
      "total": 2.278568744659424
    }
  },
  "11300": {
    "training_loss": 7959.5869140625,
    "validation_loss": [
      2660.39306640625
    ],
    "validation_chi2s": {
      "DEUTERON": 2.3433388477534205,
      "NMC": 2.216173957375919,
      "NUCLEAR": 1.8480069580078125,
      "HERACOMB": 1.9436384213516136,
      "DYE886": 2.311964902010831,
      "CDF": 0.7122710772923061,
      "D0": 3.6989307403564453,
      "ATLAS": 2.7033717268604343,
      "CMS": 2.9659923206676138,
      "LHCb": 2.7931783199310303,
      "total": 2.260316848754883
    }
  },
  "11400": {
    "training_loss": 7963.7939453125,
    "validation_loss": [
      2662.22265625
    ],
    "validation_chi2s": {
      "DEUTERON": 2.442244192854089,
      "NMC": 2.2331195906096815,
      "NUCLEAR": 1.8493602294921876,
      "HERACOMB": 1.9049913992289624,
      "DYE886": 2.4256397594105112,
      "CDF": 0.8158031872340611,
      "D0": 4.121234893798828,
      "ATLAS": 2.68459945075256,
      "CMS": 2.896969377501937,
      "LHCb": 2.692920684814453,
      "total": 2.2618651390075684
    }
  },
  "11500": {
    "training_loss": 7932.451171875,
    "validation_loss": [
      2678.572265625
    ],
    "validation_chi2s": {
      "DEUTERON": 2.4243369031308304,
      "NMC": 2.20820587756587,
      "NUCLEAR": 1.85700537109375,
      "HERACOMB": 1.942126504736009,
      "DYE886": 2.417762582952326,
      "CDF": 0.7940537588936942,
      "D0": 3.9027820587158204,
      "ATLAS": 2.742852334922316,
      "CMS": 2.9015712265140756,
      "LHCb": 2.678065538406372,
      "total": 2.275702953338623
    }
  },
  "11600": {
    "training_loss": 7910.85546875,
    "validation_loss": [
      2690.29931640625
    ],
    "validation_chi2s": {
      "DEUTERON": 2.4038298497745645,
      "NMC": 2.1372206444833792,
      "NUCLEAR": 1.8590714111328126,
      "HERACOMB": 1.9526201634625204,
      "DYE886": 2.433656345714222,
      "CDF": 1.100694043295724,
      "D0": 4.79382438659668,
      "ATLAS": 2.828496210992673,
      "CMS": 2.822981148711906,
      "LHCb": 2.6338984966278076,
      "total": 2.2855825424194336
    }
  },
  "11700": {
    "training_loss": 7926.82861328125,
    "validation_loss": [
      2652.740966796875
    ],
    "validation_chi2s": {
      "DEUTERON": 2.2630815648320897,
      "NMC": 2.137181151146982,
      "NUCLEAR": 1.853986083984375,
      "HERACOMB": 1.9541921179279003,
      "DYE886": 2.505829030817205,
      "CDF": 0.9713202885219029,
      "D0": 4.057817459106445,
      "ATLAS": 2.811891027763065,
      "CMS": 2.846075893433626,
      "LHCb": 2.5873634815216064,
      "total": 2.2538113594055176
    }
  },
  "11800": {
    "training_loss": 7917.8349609375,
    "validation_loss": [
      2649.24658203125
    ],
    "validation_chi2s": {
      "DEUTERON": 2.2776231148942787,
      "NMC": 2.1379530663583792,
      "NUCLEAR": 1.852437255859375,
      "HERACOMB": 1.9305214476741217,
      "DYE886": 2.46105298128995,
      "CDF": 1.1233533450535365,
      "D0": 4.6840862274169925,
      "ATLAS": 2.810248595846575,
      "CMS": 2.811827100012913,
      "LHCb": 2.562687397003174,
      "total": 2.2507946491241455
    }
  },
  "11900": {
    "training_loss": 7920.59423828125,
    "validation_loss": [
      2645.201171875
    ],
    "validation_chi2s": {
      "DEUTERON": 2.2876550475163246,
      "NMC": 2.1294479370117188,
      "NUCLEAR": 1.8503187255859375,
      "HERACOMB": 1.924749636182598,
      "DYE886": 2.481504440307617,
      "CDF": 1.0905578477042062,
      "D0": 4.535419464111328,
      "ATLAS": 2.7849303854387357,
      "CMS": 2.827865978903022,
      "LHCb": 2.5794155597686768,
      "total": 2.2474093437194824
    }
  },
  "12000": {
    "training_loss": 7984.9169921875,
    "validation_loss": [
      2640.044921875
    ],
    "validation_chi2s": {
      "DEUTERON": 2.2941039735405004,
      "NMC": 2.1831781723920036,
      "NUCLEAR": 1.84465673828125,
      "HERACOMB": 1.926036959380106,
      "DYE886": 2.448776591907848,
      "CDF": 1.043562752859933,
      "D0": 3.511962890625,
      "ATLAS": 2.7562054133011125,
      "CMS": 2.8581938940631457,
      "LHCb": 2.720749855041504,
      "total": 2.2430243492126465
    }
  },
  "12100": {
    "training_loss": 7916.81787109375,
    "validation_loss": [
      2642.73193359375
    ],
    "validation_chi2s": {
      "DEUTERON": 2.3564793221393034,
      "NMC": 2.2541031182981004,
      "NUCLEAR": 1.844590576171875,
      "HERACOMB": 1.8825711518331292,
      "DYE886": 2.399140618064187,
      "CDF": 0.9641242708478656,
      "D0": 3.7475276947021485,
      "ATLAS": 2.7344398283015536,
      "CMS": 2.868984253938533,
      "LHCb": 2.773676633834839,
      "total": 2.2453114986419678
    }
  },
  "12200": {
    "training_loss": 7923.58056640625,
    "validation_loss": [
      2662.988037109375
    ],
    "validation_chi2s": {
      "DEUTERON": 2.334716493217506,
      "NMC": 2.1244638480392157,
      "NUCLEAR": 1.8495479736328124,
      "HERACOMB": 1.929332857817606,
      "DYE886": 2.36326078935103,
      "CDF": 1.0509405136108398,
      "D0": 4.567031478881836,
      "ATLAS": 2.812801210220251,
      "CMS": 2.844936906798812,
      "LHCb": 2.671175479888916,
      "total": 2.262521505355835
    }
  },
  "12300": {
    "training_loss": 7997.0751953125,
    "validation_loss": [
      2652.1796875
    ],
    "validation_chi2s": {
      "DEUTERON": 2.3451173696944965,
      "NMC": 2.179793713139553,
      "NUCLEAR": 1.8506107177734374,
      "HERACOMB": 1.925088520922692,
      "DYE886": 2.423609646883878,
      "CDF": 0.7867046083722796,
      "D0": 3.7224967956542967,
      "ATLAS": 2.750257244217867,
      "CMS": 2.9002756166064048,
      "LHCb": 2.629119396209717,
      "total": 2.2533390522003174
    }
  },
  "12400": {
    "training_loss": 7900.46923828125,
    "validation_loss": [
      2688.73291015625
    ],
    "validation_chi2s": {
      "DEUTERON": 2.5691467588813746,
      "NMC": 2.190807866115196,
      "NUCLEAR": 1.85440625,
      "HERACOMB": 1.9357503255208333,
      "DYE886": 2.2650156888094815,
      "CDF": 0.7114546639578683,
      "D0": 3.562816619873047,
      "ATLAS": 2.6628305898547846,
      "CMS": 2.987674177185563,
      "LHCb": 2.539381742477417,
      "total": 2.2842814922332764
    }
  },
  "12500": {
    "training_loss": 7924.14208984375,
    "validation_loss": [
      2648.6103515625
    ],
    "validation_chi2s": {
      "DEUTERON": 2.300752554366838,
      "NMC": 2.134397170122932,
      "NUCLEAR": 1.8518116455078124,
      "HERACOMB": 1.9266576829299429,
      "DYE886": 2.385107560591264,
      "CDF": 0.8018418720790318,
      "D0": 3.7106159210205076,
      "ATLAS": 2.788166455629855,
      "CMS": 2.893170569553848,
      "LHCb": 2.6882541179656982,
      "total": 2.2503063678741455
    }
  },
  "12600": {
    "training_loss": 7919.744140625,
    "validation_loss": [
      2664.486572265625
    ],
    "validation_chi2s": {
      "DEUTERON": 2.4037659298721237,
      "NMC": 2.1387288710650276,
      "NUCLEAR": 1.859040283203125,
      "HERACOMB": 1.9185816945593341,
      "DYE886": 2.3671659989790483,
      "CDF": 0.7830192702157157,
      "D0": 4.207632827758789,
      "ATLAS": 2.7547019484352933,
      "CMS": 2.894779173795842,
      "LHCb": 2.5905520915985107,
      "total": 2.2637734413146973
    }
  },
  "12700": {
    "training_loss": 7913.7041015625,
    "validation_loss": [
      2686.45458984375
    ],
    "validation_chi2s": {
      "DEUTERON": 2.333190614311256,
      "NMC": 2.1276666977826286,
      "NUCLEAR": 1.86031005859375,
      "HERACOMB": 1.9406818065767975,
      "DYE886": 2.408547141335227,
      "CDF": 0.9744413239615304,
      "D0": 4.492270660400391,
      "ATLAS": 2.907818293167373,
      "CMS": 2.857833483987603,
      "LHCb": 2.651017904281616,
      "total": 2.282459259033203
    }
  },
  "12800": {
    "training_loss": 8035.84521484375,
    "validation_loss": [
      2636.1025390625
    ],
    "validation_chi2s": {
      "DEUTERON": 2.3271964153840172,
      "NMC": 2.1531054926853552,
      "NUCLEAR": 1.8467657470703125,
      "HERACOMB": 1.8997477612464257,
      "DYE886": 2.414580085060813,
      "CDF": 0.9286131858825684,
      "D0": 4.129075622558593,
      "ATLAS": 2.7591978601143183,
      "CMS": 2.8292692830739927,
      "LHCb": 2.621307134628296,
      "total": 2.2396790981292725
    }
  },
  "12900": {
    "training_loss": 7960.81689453125,
    "validation_loss": [
      2659.10595703125
    ],
    "validation_chi2s": {
      "DEUTERON": 2.424588483364428,
      "NMC": 2.2626761642156863,
      "NUCLEAR": 1.851588623046875,
      "HERACOMB": 1.8733480615553513,
      "DYE886": 2.3658240925181997,
      "CDF": 1.058316707611084,
      "D0": 4.176108551025391,
      "ATLAS": 2.756917490124029,
      "CMS": 2.8603545890366737,
      "LHCb": 2.6540820598602295,
      "total": 2.259223461151123
    }
  },
  "13000": {
    "training_loss": 7912.271484375,
    "validation_loss": [
      2685.6142578125
    ],
    "validation_chi2s": {
      "DEUTERON": 2.4640319216903763,
      "NMC": 2.1232154696595433,
      "NUCLEAR": 1.8608460693359374,
      "HERACOMB": 1.9155391119664011,
      "DYE886": 2.5199418501420454,
      "CDF": 0.983464172908238,
      "D0": 4.88513298034668,
      "ATLAS": 2.805131642831921,
      "CMS": 2.8265110993188274,
      "LHCb": 2.5293476581573486,
      "total": 2.281691312789917
    }
  },
  "13100": {
    "training_loss": 7916.62109375,
    "validation_loss": [
      2711.882568359375
    ],
    "validation_chi2s": {
      "DEUTERON": 2.60500536866449,
      "NMC": 2.117631949630438,
      "NUCLEAR": 1.8510291748046874,
      "HERACOMB": 1.8981696234809027,
      "DYE886": 2.4034229625355112,
      "CDF": 1.023857934134347,
      "D0": 4.676231384277344,
      "ATLAS": 2.8623805504060735,
      "CMS": 2.814308103451059,
      "LHCb": 2.579333782196045,
      "total": 2.3039238452911377
    }
  },
  "13200": {
    "training_loss": 7898.24560546875,
    "validation_loss": [
      2670.70751953125
    ],
    "validation_chi2s": {
      "DEUTERON": 2.360709271027674,
      "NMC": 2.208494747386259,
      "NUCLEAR": 1.85647021484375,
      "HERACOMB": 1.9530543907015931,
      "DYE886": 2.4093093872070312,
      "CDF": 0.720665727342878,
      "D0": 3.600510025024414,
      "ATLAS": 2.727192506951801,
      "CMS": 2.993261668307722,
      "LHCb": 2.589597702026367,
      "total": 2.269080400466919
    }
  },
  "13300": {
    "training_loss": 7919.482421875,
    "validation_loss": [
      2666.92431640625
    ],
    "validation_chi2s": {
      "DEUTERON": 2.347678416997046,
      "NMC": 2.1350532980526196,
      "NUCLEAR": 1.866047607421875,
      "HERACOMB": 1.9187476463567197,
      "DYE886": 2.45315204967152,
      "CDF": 1.0935589926583427,
      "D0": 4.644775390625,
      "ATLAS": 2.842660505219368,
      "CMS": 2.8033656601078256,
      "LHCb": 2.564802408218384,
      "total": 2.2658653259277344
    }
  },
  "13400": {
    "training_loss": 7913.2578125,
    "validation_loss": [
      2648.559814453125
    ],
    "validation_chi2s": {
      "DEUTERON": 2.384975148670709,
      "NMC": 2.2491217220530793,
      "NUCLEAR": 1.846629638671875,
      "HERACOMB": 1.904865140229269,
      "DYE886": 2.461306485262784,
      "CDF": 0.7161401339939663,
      "D0": 3.697210693359375,
      "ATLAS": 2.6562556897179554,
      "CMS": 2.9280955417097108,
      "LHCb": 2.791759967803955,
      "total": 2.2502620220184326
    }
  },
  "13500": {
    "training_loss": 7905.20556640625,
    "validation_loss": [
      2654.31494140625
    ],
    "validation_chi2s": {
      "DEUTERON": 2.3312274686139616,
      "NMC": 2.1750139722637103,
      "NUCLEAR": 1.855726806640625,
      "HERACOMB": 1.94862375695721,
      "DYE886": 2.399281935258345,
      "CDF": 0.7818596703665597,
      "D0": 3.692090606689453,
      "ATLAS": 2.7307144423662604,
      "CMS": 2.934142309772082,
      "LHCb": 2.5330021381378174,
      "total": 2.255152940750122
    }
  },
  "13600": {
    "training_loss": 7918.93798828125,
    "validation_loss": [
      2681.354736328125
    ],
    "validation_chi2s": {
      "DEUTERON": 2.374660207264459,
      "NMC": 2.1271535836014093,
      "NUCLEAR": 1.85794580078125,
      "HERACOMB": 1.9424183166104985,
      "DYE886": 2.541335192593661,
      "CDF": 0.8994480541774205,
      "D0": 4.659988784790039,
      "ATLAS": 2.829084665761829,
      "CMS": 2.8391153635072315,
      "LHCb": 2.612828493118286,
      "total": 2.2781264781951904
    }
  },
  "13700": {
    "training_loss": 8040.439453125,
    "validation_loss": [
      2663.181640625
    ],
    "validation_chi2s": {
      "DEUTERON": 2.331481629936256,
      "NMC": 2.2277688419117645,
      "NUCLEAR": 1.8585059814453124,
      "HERACOMB": 1.940694572099673,
      "DYE886": 2.6799968372691763,
      "CDF": 0.9201468740190778,
      "D0": 3.1375253677368162,
      "ATLAS": 2.7455751235875705,
      "CMS": 2.8766373563403924,
      "LHCb": 2.863826036453247,
      "total": 2.262686014175415
    }
  },
  "13800": {
    "training_loss": 7927.80029296875,
    "validation_loss": [
      2650.80615234375
    ],
    "validation_chi2s": {
      "DEUTERON": 2.420719279578669,
      "NMC": 2.2589344697840072,
      "NUCLEAR": 1.8491961669921875,
      "HERACOMB": 1.8973087485319649,
      "DYE886": 2.4542581384832207,
      "CDF": 0.7344653265816825,
      "D0": 3.7027256011962892,
      "ATLAS": 2.6880851788709395,
      "CMS": 2.8823804618898503,
      "LHCb": 2.6699769496917725,
      "total": 2.252171754837036
    }
  },
  "13900": {
    "training_loss": 7919.501953125,
    "validation_loss": [
      3045.10498046875
    ],
    "validation_chi2s": {
      "DEUTERON": 4.206668075637438,
      "NMC": 2.125872892491958,
      "NUCLEAR": 1.8591295166015624,
      "HERACOMB": 1.9407953000536151,
      "DYE886": 2.3436463095925073,
      "CDF": 0.9853120531354632,
      "D0": 4.5347648620605465,
      "ATLAS": 2.877621408236229,
      "CMS": 2.8002082257231407,
      "LHCb": 2.5045671463012695,
      "total": 2.5868656635284424
    }
  },
  "14000": {
    "training_loss": 7950.67724609375,
    "validation_loss": [
      2691.049072265625
    ],
    "validation_chi2s": {
      "DEUTERON": 2.448385210179571,
      "NMC": 2.168500114889706,
      "NUCLEAR": 1.8562178955078126,
      "HERACOMB": 1.9224017772799225,
      "DYE886": 2.652467901056463,
      "CDF": 0.9208025251116071,
      "D0": 4.588109970092773,
      "ATLAS": 2.8589310295837747,
      "CMS": 2.81463169066374,
      "LHCb": 2.460578441619873,
      "total": 2.286362886428833
    }
  },
  "14100": {
    "training_loss": 7941.78076171875,
    "validation_loss": [
      2776.3544921875
    ],
    "validation_chi2s": {
      "DEUTERON": 3.0083171787546643,
      "NMC": 2.1632350846832873,
      "NUCLEAR": 1.8500943603515625,
      "HERACOMB": 1.9285605436836193,
      "DYE886": 2.337291717529297,
      "CDF": 0.8935864312308175,
      "D0": 4.142139434814453,
      "ATLAS": 2.7303649557512357,
      "CMS": 2.852836167516787,
      "LHCb": 2.531355381011963,
      "total": 2.3587324619293213
    }
  },
  "14200": {
    "training_loss": 7942.72509765625,
    "validation_loss": [
      2646.5751953125
    ],
    "validation_chi2s": {
      "DEUTERON": 2.3822710786885883,
      "NMC": 2.1843192904603246,
      "NUCLEAR": 1.8442982177734375,
      "HERACOMB": 1.9185188642514297,
      "DYE886": 2.5659127668900923,
      "CDF": 0.8547775404793876,
      "D0": 3.7671451568603516,
      "ATLAS": 2.738363837118203,
      "CMS": 2.8370716946184142,
      "LHCb": 2.503624200820923,
      "total": 2.2485768795013428
    }
  },
  "14300": {
    "training_loss": 7956.19775390625,
    "validation_loss": [
      2759.66064453125
    ],
    "validation_chi2s": {
      "DEUTERON": 2.9519756563860384,
      "NMC": 2.2289841595818016,
      "NUCLEAR": 1.8550322265625,
      "HERACOMB": 1.9152937745736316,
      "DYE886": 2.436996806751598,
      "CDF": 0.8760572160993304,
      "D0": 3.922907257080078,
      "ATLAS": 2.706730039779749,
      "CMS": 2.865860363668647,
      "LHCb": 2.436170816421509,
      "total": 2.3446528911590576
    }
  },
  "14400": {
    "training_loss": 7921.44482421875,
    "validation_loss": [
      2679.4833984375
    ],
    "validation_chi2s": {
      "DEUTERON": 2.508891546904151,
      "NMC": 2.216640397614124,
      "NUCLEAR": 1.8476014404296874,
      "HERACOMB": 1.9459228515625,
      "DYE886": 2.438330216841264,
      "CDF": 0.7697910581316266,
      "D0": 3.403224563598633,
      "ATLAS": 2.7207820913885947,
      "CMS": 2.9159112094847623,
      "LHCb": 2.416443347930908,
      "total": 2.2765355110168457
    }
  },
  "14500": {
    "training_loss": 7910.22216796875,
    "validation_loss": [
      2653.064453125
    ],
    "validation_chi2s": {
      "DEUTERON": 2.434346972413324,
      "NMC": 2.2704961440142464,
      "NUCLEAR": 1.8439378662109376,
      "HERACOMB": 1.9231130562576593,
      "DYE886": 2.492778604680842,
      "CDF": 0.7630235808236259,
      "D0": 3.1607692718505858,
      "ATLAS": 2.6545853264587747,
      "CMS": 2.9346540466813016,
      "LHCb": 2.55511474609375,
      "total": 2.2540905475616455
    }
  }
}