{
  "100": {
    "training_loss": 68364.15625,
    "validation_loss": [
      38349.4765625
    ],
    "validation_chi2s": {
      "DEUTERON": 27.447413809856965,
      "NMC": 26.521290498621322,
      "NUCLEAR": 4.89566455078125,
      "HERACOMB": 42.21826171875,
      "DYE886": 13.771567604758523,
      "CDF": 16.02161843436105,
      "D0": 14.205780029296875,
      "ATLAS": 34.02620256696429,
      "CMS": 26.164747668850808,
      "LHCb": 44.065608978271484,
      "total": 27.31622886657715
    }
  },
  "200": {
    "training_loss": 42476.14453125,
    "validation_loss": [
      22548.6875
    ],
    "validation_chi2s": {
      "DEUTERON": 20.527385047419155,
      "NMC": 11.142946729473039,
      "NUCLEAR": 5.93080126953125,
      "HERACOMB": 19.32034760518791,
      "DYE886": 32.47563032670455,
      "CDF": 6.3025616237095425,
      "D0": 28.228555297851564,
      "ATLAS": 15.749461495535714,
      "CMS": 12.782061176915322,
      "LHCb": 20.964323043823242,
      "total": 15.400574684143066
    }
  },
  "300": {
    "training_loss": 21558.185546875,
    "validation_loss": [
      10644.841796875
    ],
    "validation_chi2s": {
      "DEUTERON": 10.205536040500622,
      "NMC": 3.8649704877068016,
      "NUCLEAR": 7.122603515625,
      "HERACOMB": 8.47738667407067,
      "DYE886": 45.34000743519176,
      "CDF": 2.81530271257673,
      "D0": 4.018360900878906,
      "ATLAS": 7.66884765625,
      "CMS": 5.402134064705141,
      "LHCb": 10.121767044067383,
      "total": 8.502832412719727
    }
  },
  "400": {
    "training_loss": 19155.029296875,
    "validation_loss": [
      10019.021484375
    ],
    "validation_chi2s": {
      "DEUTERON": 12.509553064754353,
      "NMC": 3.2828967524509802,
      "NUCLEAR": 7.0200048828125,
      "HERACOMB": 6.65203897314134,
      "DYE886": 43.90004383433949,
      "CDF": 2.719966615949358,
      "D0": 4.0677532196044925,
      "ATLAS": 6.612583705357143,
      "CMS": 4.9391100483555945,
      "LHCb": 7.776050567626953,
      "total": 8.078418731689453
    }
  },
  "500": {
    "training_loss": 17919.400390625,
    "validation_loss": [
      9491.595703125
    ],
    "validation_chi2s": {
      "DEUTERON": 12.787736124067164,
      "NMC": 3.0196368647556677,
      "NUCLEAR": 6.705095703125,
      "HERACOMB": 5.565719305300245,
      "DYE886": 43.79581798206676,
      "CDF": 2.56091799054827,
      "D0": 3.9937118530273437,
      "ATLAS": 6.021042829241072,
      "CMS": 4.787769932900706,
      "LHCb": 6.050605297088623,
      "total": 7.611270904541016
    }
  },
  "600": {
    "training_loss": 16613.001953125,
    "validation_loss": [
      7986.888671875
    ],
    "validation_chi2s": {
      "DEUTERON": 7.973459727728545,
      "NMC": 2.6576056386910234,
      "NUCLEAR": 5.66590966796875,
      "HERACOMB": 4.504155177696078,
      "DYE886": 45.6267783425071,
      "CDF": 2.546996525355748,
      "D0": 3.1885799407958983,
      "ATLAS": 5.694083426339286,
      "CMS": 4.5194165629725305,
      "LHCb": 4.899942874908447,
      "total": 6.197051525115967
    }
  },
  "700": {
    "training_loss": 15894.63671875,
    "validation_loss": [
      7155.42578125
    ],
    "validation_chi2s": {
      "DEUTERON": 6.706017641285759,
      "NMC": 2.5279642740885415,
      "NUCLEAR": 5.1164228515625,
      "HERACOMB": 4.015881108302696,
      "DYE886": 48.42014382102273,
      "CDF": 2.604928970336914,
      "D0": 4.547425842285156,
      "ATLAS": 5.684900251116072,
      "CMS": 4.701734973538306,
      "LHCb": 4.2606587409973145,
      "total": 5.796236038208008
    }
  },
  "800": {
    "training_loss": 15766.2421875,
    "validation_loss": [
      6969.8203125
    ],
    "validation_chi2s": {
      "DEUTERON": 6.303703649720149,
      "NMC": 2.5371847713694855,
      "NUCLEAR": 4.95591455078125,
      "HERACOMB": 3.947451522926879,
      "DYE886": 48.66266978870738,
      "CDF": 2.722116470336914,
      "D0": 4.762384414672852,
      "ATLAS": 5.725639299665178,
      "CMS": 4.7595347742880545,
      "LHCb": 4.187683582305908,
      "total": 5.693354606628418
    }
  },
  "900": {
    "training_loss": 15680.3037109375,
    "validation_loss": [
      6860.763671875
    ],
    "validation_chi2s": {
      "DEUTERON": 6.069336544814988,
      "NMC": 2.546280206418505,
      "NUCLEAR": 4.87681884765625,
      "HERACOMB": 3.903774286407271,
      "DYE886": 48.38190252130682,
      "CDF": 2.790647234235491,
      "D0": 4.694436645507812,
      "ATLAS": 5.722490931919642,
      "CMS": 4.78247562531502,
      "LHCb": 4.199700355529785,
      "total": 5.622487545013428
    }
  },
  "1000": {
    "training_loss": 15636.8056640625,
    "validation_loss": [
      6744.98779296875
    ],
    "validation_chi2s": {
      "DEUTERON": 5.895720372745647,
      "NMC": 2.55969986261106,
      "NUCLEAR": 4.8088447265625,
      "HERACOMB": 3.883538938036152,
      "DYE886": 48.14776056463068,
      "CDF": 2.9152594975062778,
      "D0": 4.53050651550293,
      "ATLAS": 5.689230608258929,
      "CMS": 4.7865841773248485,
      "LHCb": 4.237638473510742,
      "total": 5.565260887145996
    }
  },
  "1100": {
    "training_loss": 15571.6494140625,
    "validation_loss": [
      6688.7841796875
    ],
    "validation_chi2s": {
      "DEUTERON": 5.783919149370336,
      "NMC": 2.5647116268382355,
      "NUCLEAR": 4.79219775390625,
      "HERACOMB": 3.8447333441840277,
      "DYE886": 47.67852783203125,
      "CDF": 2.9178270612444197,
      "D0": 4.43170394897461,
      "ATLAS": 5.671751185825893,
      "CMS": 4.798063216670867,
      "LHCb": 4.306775093078613,
      "total": 5.523691654205322
    }
  },
  "1200": {
    "training_loss": 15505.8095703125,
    "validation_loss": [
      6647.5869140625
    ],
    "validation_chi2s": {
      "DEUTERON": 5.675521926500311,
      "NMC": 2.567776549096201,
      "NUCLEAR": 4.78082763671875,
      "HERACOMB": 3.8084888333588642,
      "DYE886": 47.53176047585227,
      "CDF": 2.9727559770856584,
      "D0": 4.364455032348633,
      "ATLAS": 5.6623876953125,
      "CMS": 4.8082004670173895,
      "LHCb": 4.364230632781982,
      "total": 5.491751670837402
    }
  },
  "1300": {
    "training_loss": 15443.640625,
    "validation_loss": [
      6612.12841796875
    ],
    "validation_chi2s": {
      "DEUTERON": 5.5722121812810945,
      "NMC": 2.5706305410347734,
      "NUCLEAR": 4.78912939453125,
      "HERACOMB": 3.7714736040900734,
      "DYE886": 47.68010919744318,
      "CDF": 3.063427516392299,
      "D0": 4.304220199584961,
      "ATLAS": 5.642274344308036,
      "CMS": 4.815350932459677,
      "LHCb": 4.431922912597656,
      "total": 5.4687957763671875
    }
  },
  "1400": {
    "training_loss": 15381.87890625,
    "validation_loss": [
      6585.5283203125
    ],
    "validation_chi2s": {
      "DEUTERON": 5.497161409748134,
      "NMC": 2.5706547755821076,
      "NUCLEAR": 4.8175244140625,
      "HERACOMB": 3.724557515063317,
      "DYE886": 47.70003995028409,
      "CDF": 3.117938995361328,
      "D0": 4.299514389038086,
      "ATLAS": 5.6143258231026785,
      "CMS": 4.836233815839214,
      "LHCb": 4.4840312004089355,
      "total": 5.449947834014893
    }
  },
  "1500": {
    "training_loss": 15323.5302734375,
    "validation_loss": [
      6557.6806640625
    ],
    "validation_chi2s": {
      "DEUTERON": 5.416641159437189,
      "NMC": 2.5697090298521754,
      "NUCLEAR": 4.83629052734375,
      "HERACOMB": 3.6749159869025734,
      "DYE886": 47.94588955965909,
      "CDF": 3.244509015764509,
      "D0": 4.301870346069336,
      "ATLAS": 5.592965262276786,
      "CMS": 4.849570981917843,
      "LHCb": 4.572688579559326,
      "total": 5.433258533477783
    }
  },
  "1600": {
    "training_loss": 15249.0947265625,
    "validation_loss": [
      6560.984375
    ],
    "validation_chi2s": {
      "DEUTERON": 5.360260465251866,
      "NMC": 2.5732855703316484,
      "NUCLEAR": 4.86851513671875,
      "HERACOMB": 3.6381293402777777,
      "DYE886": 48.09662420099432,
      "CDF": 3.3369227818080356,
      "D0": 4.291487121582032,
      "ATLAS": 5.589373256138392,
      "CMS": 4.870286510836694,
      "LHCb": 4.649255752563477,
      "total": 5.428079128265381
    }
  },
  "1700": {
    "training_loss": 15157.6279296875,
    "validation_loss": [
      6604.97412109375
    ],
    "validation_chi2s": {
      "DEUTERON": 5.3099104088930345,
      "NMC": 2.5657964968213847,
      "NUCLEAR": 4.9423994140625,
      "HERACOMB": 3.566119424657884,
      "DYE886": 48.47245649857955,
      "CDF": 3.3818996974400113,
      "D0": 4.410612487792969,
      "ATLAS": 5.588685477120536,
      "CMS": 4.9166648618636595,
      "LHCb": 4.746766567230225,
      "total": 5.431864261627197
    }
  },
  "1800": {
    "training_loss": 14973.732421875,
    "validation_loss": [
      6987.2763671875
    ],
    "validation_chi2s": {
      "DEUTERON": 5.282419688666045,
      "NMC": 2.5442091997931984,
      "NUCLEAR": 5.17612158203125,
      "HERACOMB": 3.4545032775479982,
      "DYE886": 49.01720636541193,
      "CDF": 3.0632122584751675,
      "D0": 4.7605846405029295,
      "ATLAS": 5.712543247767857,
      "CMS": 5.0320734823903726,
      "LHCb": 4.971079349517822,
      "total": 5.494739055633545
    }
  },
  "1900": {
    "training_loss": 14717.2265625,
    "validation_loss": [
      7818.5888671875
    ],
    "validation_chi2s": {
      "DEUTERON": 5.113165252837375,
      "NMC": 2.531516280828738,
      "NUCLEAR": 5.42721826171875,
      "HERACOMB": 3.3672688802083335,
      "DYE886": 50.94232177734375,
      "CDF": 2.6127700805664062,
      "D0": 5.102384185791015,
      "ATLAS": 5.9392271205357146,
      "CMS": 5.1908003284085185,
      "LHCb": 5.519373416900635,
      "total": 5.5973944664001465
    }
  },
  "2000": {
    "training_loss": 14487.6796875,
    "validation_loss": [
      8864.7021484375
    ],
    "validation_chi2s": {
      "DEUTERON": 4.8677629309507155,
      "NMC": 2.5295490938074447,
      "NUCLEAR": 5.69342236328125,
      "HERACOMB": 3.307409548291973,
      "DYE886": 54.28841885653409,
      "CDF": 2.467202595302037,
      "D0": 5.489823913574218,
      "ATLAS": 6.228539341517857,
      "CMS": 5.3814485611454135,
      "LHCb": 6.4166998863220215,
      "total": 5.748720645904541
    }
  },
  "2100": {
    "training_loss": 14301.1953125,
    "validation_loss": [
      9971.134765625
    ],
    "validation_chi2s": {
      "DEUTERON": 4.681210645988806,
      "NMC": 2.5304987290326286,
      "NUCLEAR": 5.876544921875,
      "HERACOMB": 3.251468434053309,
      "DYE886": 56.6417236328125,
      "CDF": 2.4691865103585378,
      "D0": 6.01580696105957,
      "ATLAS": 6.553251953125,
      "CMS": 5.5914606894216226,
      "LHCb": 7.453404426574707,
      "total": 5.888195514678955
    }
  },
  "2200": {
    "training_loss": 8674.5703125,
    "validation_loss": [
      3275.338134765625
    ],
    "validation_chi2s": {
      "DEUTERON": 2.838683778373756,
      "NMC": 2.3865182913985907,
      "NUCLEAR": 2.1685556640625,
      "HERACOMB": 2.820444543377247,
      "DYE886": 2.2455388849431817,
      "CDF": 2.042895589556013,
      "D0": 2.1732465744018556,
      "ATLAS": 2.928858119419643,
      "CMS": 3.3966502528036795,
      "LHCb": 4.656479835510254,
      "total": 2.7722067832946777
    }
  },
  "2300": {
    "training_loss": 8297.8662109375,
    "validation_loss": [
      3069.44482421875
    ],
    "validation_chi2s": {
      "DEUTERON": 2.4932202391363494,
      "NMC": 2.27208604999617,
      "NUCLEAR": 2.0134609375,
      "HERACOMB": 2.714877857881434,
      "DYE886": 2.199674432927912,
      "CDF": 2.3764969961983815,
      "D0": 2.3267030715942383,
      "ATLAS": 2.799260951450893,
      "CMS": 3.3388999200636342,
      "LHCb": 3.70760440826416,
      "total": 2.5992908477783203
    }
  },
  "2400": {
    "training_loss": 8209.8701171875,
    "validation_loss": [
      3016.35400390625
    ],
    "validation_chi2s": {
      "DEUTERON": 2.3920014794193096,
      "NMC": 2.2281573426489736,
      "NUCLEAR": 1.993576171875,
      "HERACOMB": 2.6395927877987133,
      "DYE886": 2.9638987454501065,
      "CDF": 2.6454495021275113,
      "D0": 2.2272884368896486,
      "ATLAS": 2.7923951939174105,
      "CMS": 3.328921902564264,
      "LHCb": 3.186325788497925,
      "total": 2.555138111114502
    }
  },
  "2500": {
    "training_loss": 9380.34375,
    "validation_loss": [
      3220.069091796875
    ],
    "validation_chi2s": {
      "DEUTERON": 3.0725938787507774,
      "NMC": 2.274080613080193,
      "NUCLEAR": 2.235269287109375,
      "HERACOMB": 2.499782986111111,
      "DYE886": 3.861821261319247,
      "CDF": 3.1387577056884766,
      "D0": 1.7079143524169922,
      "ATLAS": 2.98965087890625,
      "CMS": 3.2837236465946322,
      "LHCb": 2.0586483478546143,
      "total": 2.697434425354004
    }
  },
  "2600": {
    "training_loss": 19915.9609375,
    "validation_loss": [
      7777.31591796875
    ],
    "validation_chi2s": {
      "DEUTERON": 11.747208780317164,
      "NMC": 1.974180632946538,
      "NUCLEAR": 3.269626953125,
      "HERACOMB": 2.8927295161228552,
      "DYE886": 77.61823064630681,
      "CDF": 2.692441940307617,
      "D0": 8.514309692382813,
      "ATLAS": 4.690684988839286,
      "CMS": 5.0642301497920865,
      "LHCb": 7.634913444519043,
      "total": 6.5103535652160645
    }
  },
  "2700": {
    "training_loss": 8903.15625,
    "validation_loss": [
      3321.14892578125
    ],
    "validation_chi2s": {
      "DEUTERON": 3.017992921136505,
      "NMC": 2.207934211282169,
      "NUCLEAR": 2.3054970703125,
      "HERACOMB": 2.7483903473498774,
      "DYE886": 2.662259882146662,
      "CDF": 2.9782352447509766,
      "D0": 1.892532730102539,
      "ATLAS": 3.0831797572544644,
      "CMS": 3.3262481689453125,
      "LHCb": 3.2578623294830322,
      "total": 2.7938954830169678
    }
  },
  "2800": {
    "training_loss": 8541.6767578125,
    "validation_loss": [
      3136.330810546875
    ],
    "validation_chi2s": {
      "DEUTERON": 2.9990966189560013,
      "NMC": 2.2022268257889093,
      "NUCLEAR": 2.161875244140625,
      "HERACOMB": 2.532871221405229,
      "DYE886": 2.7397722764448686,
      "CDF": 2.603593553815569,
      "D0": 2.1289981842041015,
      "ATLAS": 2.7224930245535712,
      "CMS": 3.3634810909148185,
      "LHCb": 2.7900471687316895,
      "total": 2.642817497253418
    }
  },
  "2900": {
    "training_loss": 8615.75,
    "validation_loss": [
      3132.864501953125
    ],
    "validation_chi2s": {
      "DEUTERON": 2.8224882059429417,
      "NMC": 2.1596564498602175,
      "NUCLEAR": 2.16019873046875,
      "HERACOMB": 2.5618637184691586,
      "DYE886": 3.1677228754216973,
      "CDF": 2.7826170240129744,
      "D0": 1.8089454650878907,
      "ATLAS": 2.7205958775111605,
      "CMS": 3.4404245192004788,
      "LHCb": 2.8355634212493896,
      "total": 2.6334080696105957
    }
  },
  "3000": {
    "training_loss": 9508.5283203125,
    "validation_loss": [
      3223.66357421875
    ],
    "validation_chi2s": {
      "DEUTERON": 2.742715864039179,
      "NMC": 2.158668218874464,
      "NUCLEAR": 2.16127587890625,
      "HERACOMB": 2.602652755438113,
      "DYE886": 4.452431071888316,
      "CDF": 3.2312439509800504,
      "D0": 2.229158401489258,
      "ATLAS": 3.0318300083705356,
      "CMS": 3.4934202624905493,
      "LHCb": 2.603715181350708,
      "total": 2.7063205242156982
    }
  },
  "3100": {
    "training_loss": 8453.5810546875,
    "validation_loss": [
      3091.38134765625
    ],
    "validation_chi2s": {
      "DEUTERON": 2.8403189739777672,
      "NMC": 2.152267156862745,
      "NUCLEAR": 2.105128662109375,
      "HERACOMB": 2.4958506066814747,
      "DYE886": 2.971657492897727,
      "CDF": 2.7925919124058316,
      "D0": 1.920950698852539,
      "ATLAS": 2.7453257533482143,
      "CMS": 3.4152096163841987,
      "LHCb": 2.7666873931884766,
      "total": 2.603792905807495
    }
  },
  "3200": {
    "training_loss": 8562.02734375,
    "validation_loss": [
      3114.71337890625
    ],
    "validation_chi2s": {
      "DEUTERON": 2.9962668347714554,
      "NMC": 2.1928043739468444,
      "NUCLEAR": 2.0579228515625,
      "HERACOMB": 2.501105015573938,
      "DYE886": 2.573873346502131,
      "CDF": 3.8919083731515065,
      "D0": 1.9989021301269532,
      "ATLAS": 2.8526255580357143,
      "CMS": 3.4192371983681955,
      "LHCb": 2.4714999198913574,
      "total": 2.6316144466400146
    }
  },
  "3300": {
    "training_loss": 8360.697265625,
    "validation_loss": [
      3071.251708984375
    ],
    "validation_chi2s": {
      "DEUTERON": 2.9778536516635574,
      "NMC": 2.1993243647556677,
      "NUCLEAR": 2.0172764892578123,
      "HERACOMB": 2.504204045713337,
      "DYE886": 2.211223428899592,
      "CDF": 3.426098142351423,
      "D0": 2.1284597396850584,
      "ATLAS": 2.7262897600446427,
      "CMS": 3.4068783175560737,
      "LHCb": 2.59202241897583,
      "total": 2.5956978797912598
    }
  },
  "3400": {
    "training_loss": 8908.0654296875,
    "validation_loss": [
      3054.313232421875
    ],
    "validation_chi2s": {
      "DEUTERON": 2.797169244111474,
      "NMC": 2.2326211368336395,
      "NUCLEAR": 2.0378822021484373,
      "HERACOMB": 2.4490306579988768,
      "DYE886": 2.570799394087358,
      "CDF": 4.0595501491001675,
      "D0": 2.2191787719726563,
      "ATLAS": 2.9076152692522323,
      "CMS": 3.3268080680601058,
      "LHCb": 2.1889400482177734,
      "total": 2.5751595497131348
    }
  },
  "3500": {
    "training_loss": 8386.7568359375,
    "validation_loss": [
      3042.90966796875
    ],
    "validation_chi2s": {
      "DEUTERON": 2.8992424960160137,
      "NMC": 2.175425959568398,
      "NUCLEAR": 1.9951798095703126,
      "HERACOMB": 2.5024920694189134,
      "DYE886": 2.003528594970703,
      "CDF": 3.805079596383231,
      "D0": 2.01573486328125,
      "ATLAS": 2.7507437569754463,
      "CMS": 3.3789148638325353,
      "LHCb": 2.4810240268707275,
      "total": 2.5712060928344727
    }
  },
  "3600": {
    "training_loss": 8324.6748046875,
    "validation_loss": [
      3072.995361328125
    ],
    "validation_chi2s": {
      "DEUTERON": 2.8525427063899254,
      "NMC": 2.158809587067249,
      "NUCLEAR": 1.9884544677734375,
      "HERACOMB": 2.565164802900327,
      "DYE886": 1.81102163141424,
      "CDF": 4.387033190046038,
      "D0": 2.1769718170166015,
      "ATLAS": 2.8780787876674108,
      "CMS": 3.3783648090977825,
      "LHCb": 2.4107697010040283,
      "total": 2.595553159713745
    }
  },
  "3700": {
    "training_loss": 8632.5341796875,
    "validation_loss": [
      3070.931640625
    ],
    "validation_chi2s": {
      "DEUTERON": 2.8949135547846705,
      "NMC": 2.1549827725279567,
      "NUCLEAR": 1.9944678955078126,
      "HERACOMB": 2.5758866453482434,
      "DYE886": 1.827561465176669,
      "CDF": 4.253287724086216,
      "D0": 1.8260231018066406,
      "ATLAS": 2.807305210658482,
      "CMS": 3.3354054112588205,
      "LHCb": 2.6228365898132324,
      "total": 2.593937873840332
    }
  },
  "3800": {
    "training_loss": 8307.146484375,
    "validation_loss": [
      3080.74755859375
    ],
    "validation_chi2s": {
      "DEUTERON": 2.84437158688977,
      "NMC": 2.1624688541187957,
      "NUCLEAR": 1.9913826904296874,
      "HERACOMB": 2.5470415501812704,
      "DYE886": 1.7984948591752485,
      "CDF": 4.497995104108538,
      "D0": 2.065694046020508,
      "ATLAS": 2.9344290597098213,
      "CMS": 3.4069076045866935,
      "LHCb": 2.4252283573150635,
      "total": 2.60148024559021
    }
  },
  "3900": {
    "training_loss": 8784.41796875,
    "validation_loss": [
      3162.65576171875
    ],
    "validation_chi2s": {
      "DEUTERON": 2.7465370899409205,
      "NMC": 2.153338862400429,
      "NUCLEAR": 2.0354952392578123,
      "HERACOMB": 2.573187136182598,
      "DYE886": 2.517852956598455,
      "CDF": 4.340036119733538,
      "D0": 3.0823320388793944,
      "ATLAS": 3.09306640625,
      "CMS": 3.563513478925151,
      "LHCb": 2.5060863494873047,
      "total": 2.66391921043396
    }
  },
  "4000": {
    "training_loss": 8627.5546875,
    "validation_loss": [
      3051.75244140625
    ],
    "validation_chi2s": {
      "DEUTERON": 2.782187694340796,
      "NMC": 2.156314924651501,
      "NUCLEAR": 2.0033448486328127,
      "HERACOMB": 2.4742908353119892,
      "DYE886": 2.1622229489413174,
      "CDF": 3.944005148751395,
      "D0": 2.3452178955078127,
      "ATLAS": 2.86705322265625,
      "CMS": 3.4238874373897428,
      "LHCb": 2.4796040058135986,
      "total": 2.5733730792999268
    }
  },
  "4100": {
    "training_loss": 9110.3125,
    "validation_loss": [
      3094.68701171875
    ],
    "validation_chi2s": {
      "DEUTERON": 2.7293430916705534,
      "NMC": 2.17186632343367,
      "NUCLEAR": 2.051475830078125,
      "HERACOMB": 2.476503658917994,
      "DYE886": 3.1629812067205254,
      "CDF": 4.036126545497349,
      "D0": 2.226741981506348,
      "ATLAS": 2.883421107700893,
      "CMS": 3.5094232866840978,
      "LHCb": 2.4523372650146484,
      "total": 2.604745388031006
    }
  },
  "4200": {
    "training_loss": 8289.80859375,
    "validation_loss": [
      3025.62451171875
    ],
    "validation_chi2s": {
      "DEUTERON": 2.9307369402985075,
      "NMC": 2.1861917832318474,
      "NUCLEAR": 1.9537767333984375,
      "HERACOMB": 2.4779766805810866,
      "DYE886": 1.7758038260719993,
      "CDF": 3.9144189017159596,
      "D0": 2.011831283569336,
      "ATLAS": 2.7211003766741073,
      "CMS": 3.4112265802198842,
      "LHCb": 2.530508279800415,
      "total": 2.558596611022949
    }
  },
  "4300": {
    "training_loss": 8327.8583984375,
    "validation_loss": [
      3073.48583984375
    ],
    "validation_chi2s": {
      "DEUTERON": 2.906273685284515,
      "NMC": 2.1433950685987284,
      "NUCLEAR": 1.947641845703125,
      "HERACOMB": 2.565423504199857,
      "DYE886": 1.7111051732843572,
      "CDF": 4.662039075578962,
      "D0": 2.011687660217285,
      "ATLAS": 2.896212158203125,
      "CMS": 3.3883068946100052,
      "LHCb": 2.470304489135742,
      "total": 2.599182367324829
    }
  },
  "4400": {
    "training_loss": 8277.06640625,
    "validation_loss": [
      3062.5517578125
    ],
    "validation_chi2s": {
      "DEUTERON": 2.934447938530006,
      "NMC": 2.173955281575521,
      "NUCLEAR": 1.9457340087890624,
      "HERACOMB": 2.5548751930785336,
      "DYE886": 1.786278637972745,
      "CDF": 4.722517830984933,
      "D0": 1.9954877853393556,
      "ATLAS": 2.874945765904018,
      "CMS": 3.3381827569776967,
      "LHCb": 2.3045732975006104,
      "total": 2.590855836868286
    }
  },
  "4500": {
    "training_loss": 8310.2392578125,
    "validation_loss": [
      3044.697265625
    ],
    "validation_chi2s": {
      "DEUTERON": 2.9095401289451184,
      "NMC": 2.136598026051241,
      "NUCLEAR": 1.9427808837890626,
      "HERACOMB": 2.538003161062602,
      "DYE886": 1.6559144800359553,
      "CDF": 4.323264803205218,
      "D0": 1.9920289993286133,
      "ATLAS": 2.8218038504464285,
      "CMS": 3.3686636647870465,
      "LHCb": 2.487973690032959,
      "total": 2.5754387378692627
    }
  },
  "4600": {
    "training_loss": 8316.470703125,
    "validation_loss": [
      3024.741943359375
    ],
    "validation_chi2s": {
      "DEUTERON": 2.918147604263837,
      "NMC": 2.1559555951286766,
      "NUCLEAR": 1.946562255859375,
      "HERACOMB": 2.4804146959890727,
      "DYE886": 1.6126270294189453,
      "CDF": 4.258389336722238,
      "D0": 1.9614614486694335,
      "ATLAS": 2.8188724190848213,
      "CMS": 3.3503966792937248,
      "LHCb": 2.4501657485961914,
      "total": 2.5587499141693115
    }
  },
  "4700": {
    "training_loss": 8297.6357421875,
    "validation_loss": [
      3040.56982421875
    ],
    "validation_chi2s": {
      "DEUTERON": 2.9066520425217663,
      "NMC": 2.1590884339575673,
      "NUCLEAR": 1.95079931640625,
      "HERACOMB": 2.523812686695772,
      "DYE886": 1.6196157282049006,
      "CDF": 4.54203006199428,
      "D0": 1.9782739639282227,
      "ATLAS": 2.8768777901785714,
      "CMS": 3.3157055762506302,
      "LHCb": 2.314815044403076,
      "total": 2.572343587875366
    }
  },
  "4800": {
    "training_loss": 8297.2529296875,
    "validation_loss": [
      3038.15234375
    ],
    "validation_chi2s": {
      "DEUTERON": 2.9330787468905473,
      "NMC": 2.152678545783548,
      "NUCLEAR": 1.9435428466796876,
      "HERACOMB": 2.498098535475388,
      "DYE886": 1.7624846371737393,
      "CDF": 4.34671756199428,
      "D0": 1.9965618133544922,
      "ATLAS": 2.797692173549107,
      "CMS": 3.397087835496472,
      "LHCb": 2.445578098297119,
      "total": 2.57037353515625
    }
  },
  "4900": {
    "training_loss": 8293.94921875,
    "validation_loss": [
      3041.13720703125
    ],
    "validation_chi2s": {
      "DEUTERON": 2.943132846509639,
      "NMC": 2.155669268439798,
      "NUCLEAR": 1.9409571533203125,
      "HERACOMB": 2.4930776957592933,
      "DYE886": 1.8038033572110264,
      "CDF": 4.339147840227399,
      "D0": 2.003839111328125,
      "ATLAS": 2.7991177804129466,
      "CMS": 3.4042210732736895,
      "LHCb": 2.4846718311309814,
      "total": 2.573179006576538
    }
  },
  "5000": {
    "training_loss": 8317.6220703125,
    "validation_loss": [
      3029.72900390625
    ],
    "validation_chi2s": {
      "DEUTERON": 2.9263080957517102,
      "NMC": 2.1486590516333486,
      "NUCLEAR": 1.939567138671875,
      "HERACOMB": 2.483768238740809,
      "DYE886": 1.6848418495871804,
      "CDF": 4.29523686000279,
      "D0": 1.9796413421630858,
      "ATLAS": 2.8183811732700894,
      "CMS": 3.3708483788274948,
      "LHCb": 2.461425542831421,
      "total": 2.5633203983306885
    }
  },
  "5100": {
    "training_loss": 8312.7890625,
    "validation_loss": [
      3043.96435546875
    ],
    "validation_chi2s": {
      "DEUTERON": 2.945857868858831,
      "NMC": 2.1407953898111978,
      "NUCLEAR": 1.934414794921875,
      "HERACOMB": 2.5194016001582926,
      "DYE886": 1.7984520305286755,
      "CDF": 4.306382043021066,
      "D0": 2.0032440185546876,
      "ATLAS": 2.8179202706473214,
      "CMS": 3.3556439799647175,
      "LHCb": 2.473670244216919,
      "total": 2.575530529022217
    }
  },
  "5200": {
    "training_loss": 8303.4296875,
    "validation_loss": [
      3043.6611328125
    ],
    "validation_chi2s": {
      "DEUTERON": 2.9469237066620027,
      "NMC": 2.1738740509631587,
      "NUCLEAR": 1.9274444580078125,
      "HERACOMB": 2.4810013116574754,
      "DYE886": 1.8435944643887607,
      "CDF": 4.389910016741071,
      "D0": 2.029138374328613,
      "ATLAS": 2.838368617466518,
      "CMS": 3.3909503567603325,
      "LHCb": 2.5360031127929688,
      "total": 2.5756969451904297
    }
  },
  "5300": {
    "training_loss": 8352.39453125,
    "validation_loss": [
      3050.56787109375
    ],
    "validation_chi2s": {
      "DEUTERON": 2.9440186154189987,
      "NMC": 2.14532096713197,
      "NUCLEAR": 1.9370794677734375,
      "HERACOMB": 2.5641397713056575,
      "DYE886": 1.7492205879905007,
      "CDF": 4.244311196463449,
      "D0": 1.9770381927490235,
      "ATLAS": 2.7855074637276784,
      "CMS": 3.3395073183121218,
      "LHCb": 2.5167791843414307,
      "total": 2.5807459354400635
    }
  },
  "5400": {
    "training_loss": 8333.12109375,
    "validation_loss": [
      3053.232421875
    ],
    "validation_chi2s": {
      "DEUTERON": 2.8483920121074315,
      "NMC": 2.135940102969899,
      "NUCLEAR": 1.963159912109375,
      "HERACOMB": 2.5345038121042687,
      "DYE886": 1.5168004469438032,
      "CDF": 4.538143975394113,
      "D0": 2.056558036804199,
      "ATLAS": 2.889561767578125,
      "CMS": 3.4003783195249495,
      "LHCb": 2.553518772125244,
      "total": 2.582803964614868
    }
  },
  "5500": {
    "training_loss": 8342.1552734375,
    "validation_loss": [
      3050.74462890625
    ],
    "validation_chi2s": {
      "DEUTERON": 2.9207648282027363,
      "NMC": 2.1517292097503065,
      "NUCLEAR": 1.943449462890625,
      "HERACOMB": 2.533832026462929,
      "DYE886": 1.6116528944535689,
      "CDF": 4.646605355398996,
      "D0": 1.9816787719726563,
      "ATLAS": 2.8956748744419643,
      "CMS": 3.319913310389365,
      "LHCb": 2.407284736633301,
      "total": 2.5817246437072754
    }
  },
  "5600": {
    "training_loss": 8331.3955078125,
    "validation_loss": [
      3064.702392578125
    ],
    "validation_chi2s": {
      "DEUTERON": 2.8874047122784514,
      "NMC": 2.1379621917126226,
      "NUCLEAR": 1.965839111328125,
      "HERACOMB": 2.5411698085809844,
      "DYE886": 1.5071761391379617,
      "CDF": 4.535344532557896,
      "D0": 2.0973512649536135,
      "ATLAS": 2.9125130789620535,
      "CMS": 3.3765182495117188,
      "LHCb": 2.5529894828796387,
      "total": 2.592881679534912
    }
  },
  "5700": {
    "training_loss": 8347.8251953125,
    "validation_loss": [
      3061.57373046875
    ],
    "validation_chi2s": {
      "DEUTERON": 2.8881231659087376,
      "NMC": 2.163492389753753,
      "NUCLEAR": 1.9625465087890626,
      "HERACOMB": 2.5495856789981617,
      "DYE886": 1.4685266668146306,
      "CDF": 4.665985107421875,
      "D0": 2.1022323608398437,
      "ATLAS": 2.9795462472098215,
      "CMS": 3.2731803155714467,
      "LHCb": 2.4237422943115234,
      "total": 2.5912625789642334
    }
  },
  "5800": {
    "training_loss": 8347.6826171875,
    "validation_loss": [
      3051.99365234375
    ],
    "validation_chi2s": {
      "DEUTERON": 2.9637985609064055,
      "NMC": 2.1638871735217524,
      "NUCLEAR": 1.9411182861328125,
      "HERACOMB": 2.493431340635212,
      "DYE886": 1.694740815596147,
      "CDF": 4.423289707728794,
      "D0": 2.0063453674316407,
      "ATLAS": 2.84498291015625,
      "CMS": 3.382084508096018,
      "LHCb": 2.606748580932617,
      "total": 2.5834708213806152
    }
  },
  "5900": {
    "training_loss": 8340.1064453125,
    "validation_loss": [
      3077.87646484375
    ],
    "validation_chi2s": {
      "DEUTERON": 2.992790867440143,
      "NMC": 2.1361577651079964,
      "NUCLEAR": 1.92798486328125,
      "HERACOMB": 2.56104971692453,
      "DYE886": 1.7971073497425427,
      "CDF": 4.5436409541538785,
      "D0": 1.9871978759765625,
      "ATLAS": 2.8968540736607142,
      "CMS": 3.3263995262884323,
      "LHCb": 2.580104351043701,
      "total": 2.605579376220703
    }
  },
  "6000": {
    "training_loss": 8364.8955078125,
    "validation_loss": [
      3059.786376953125
    ],
    "validation_chi2s": {
      "DEUTERON": 2.9733370501010574,
      "NMC": 2.15214568493413,
      "NUCLEAR": 1.947173828125,
      "HERACOMB": 2.508198258144404,
      "DYE886": 1.640743775801225,
      "CDF": 4.389955520629883,
      "D0": 2.0024169921875,
      "ATLAS": 2.8646930803571427,
      "CMS": 3.3636250649729083,
      "LHCb": 2.6370432376861572,
      "total": 2.5902791023254395
    }
  },
  "6100": {
    "training_loss": 8390.4404296875,
    "validation_loss": [
      3056.2099609375
    ],
    "validation_chi2s": {
      "DEUTERON": 2.9609979278412624,
      "NMC": 2.1596928016812194,
      "NUCLEAR": 1.946625,
      "HERACOMB": 2.5183462504467933,
      "DYE886": 1.60859524119984,
      "CDF": 4.467850003923688,
      "D0": 2.010036277770996,
      "ATLAS": 2.8527645438058036,
      "CMS": 3.357689149918095,
      "LHCb": 2.5922293663024902,
      "total": 2.5873332023620605
    }
  },
  "6200": {
    "training_loss": 8368.6884765625,
    "validation_loss": [
      3069.91259765625
    ],
    "validation_chi2s": {
      "DEUTERON": 2.904713189423974,
      "NMC": 2.132385104310279,
      "NUCLEAR": 1.975051513671875,
      "HERACOMB": 2.54185515759038,
      "DYE886": 1.4182383797385476,
      "CDF": 4.4340090070452005,
      "D0": 2.0916574478149412,
      "ATLAS": 2.9245607212611606,
      "CMS": 3.3588466029013357,
      "LHCb": 2.6570088863372803,
      "total": 2.598170518875122
    }
  },
  "6300": {
    "training_loss": 8381.31640625,
    "validation_loss": [
      3056.99609375
    ],
    "validation_chi2s": {
      "DEUTERON": 2.864559040733831,
      "NMC": 2.140834733551624,
      "NUCLEAR": 1.98060888671875,
      "HERACOMB": 2.522402894263174,
      "DYE886": 1.3630965839732776,
      "CDF": 4.482877458844866,
      "D0": 2.0673980712890625,
      "ATLAS": 2.9701255580357144,
      "CMS": 3.3166051064768145,
      "LHCb": 2.5755457878112793,
      "total": 2.586975336074829
    }
  },
  "6400": {
    "training_loss": 8392.6748046875,
    "validation_loss": [
      3066.03662109375
    ],
    "validation_chi2s": {
      "DEUTERON": 2.9268592341029227,
      "NMC": 2.135816536697687,
      "NUCLEAR": 1.97321533203125,
      "HERACOMB": 2.5283951104856004,
      "DYE886": 1.4203221581198953,
      "CDF": 4.354777744838169,
      "D0": 2.078253746032715,
      "ATLAS": 2.9254490443638392,
      "CMS": 3.3345624862178678,
      "LHCb": 2.6623733043670654,
      "total": 2.5953874588012695
    }
  },
  "6500": {
    "training_loss": 8420.5322265625,
    "validation_loss": [
      3069.0791015625
    ],
    "validation_chi2s": {
      "DEUTERON": 2.982890722170398,
      "NMC": 2.1540650012446383,
      "NUCLEAR": 1.9496995849609375,
      "HERACOMB": 2.512991313061683,
      "DYE886": 1.6118562871759587,
      "CDF": 4.418042319161551,
      "D0": 2.010257339477539,
      "ATLAS": 2.893488246372768,
      "CMS": 3.3635162845734627,
      "LHCb": 2.677656412124634,
      "total": 2.598836660385132
    }
  },
  "6600": {
    "training_loss": 8406.8125,
    "validation_loss": [
      3067.3134765625
    ],
    "validation_chi2s": {
      "DEUTERON": 3.038084115555037,
      "NMC": 2.1589358460669423,
      "NUCLEAR": 1.9540975341796876,
      "HERACOMB": 2.487554811963848,
      "DYE886": 1.615819064053622,
      "CDF": 4.2763887132917136,
      "D0": 1.9731138229370118,
      "ATLAS": 2.9050242396763393,
      "CMS": 3.3115404190555697,
      "LHCb": 2.667156934738159,
      "total": 2.597665548324585
    }
  },
  "6700": {
    "training_loss": 8436.494140625,
    "validation_loss": [
      3054.1484375
    ],
    "validation_chi2s": {
      "DEUTERON": 3.010819923818408,
      "NMC": 2.1629836138556984,
      "NUCLEAR": 1.946948486328125,
      "HERACOMB": 2.493600284352022,
      "DYE886": 1.5482493313876065,
      "CDF": 4.126700810023716,
      "D0": 2.0068614959716795,
      "ATLAS": 2.897130126953125,
      "CMS": 3.276548816311744,
      "LHCb": 2.6679084300994873,
      "total": 2.5865414142608643
    }
  },
  "6800": {
    "training_loss": 8410.7734375,
    "validation_loss": [
      3094.48779296875
    ],
    "validation_chi2s": {
      "DEUTERON": 2.9429175533465486,
      "NMC": 2.1252110799153647,
      "NUCLEAR": 1.9871954345703124,
      "HERACOMB": 2.549594056372549,
      "DYE886": 1.3711943192915483,
      "CDF": 4.3869443620954245,
      "D0": 2.099873733520508,
      "ATLAS": 3.008605259486607,
      "CMS": 3.3401752594978578,
      "LHCb": 2.7177367210388184,
      "total": 2.620047092437744
    }
  },
  "6900": {
    "training_loss": 8419.6015625,
    "validation_loss": [
      3084.51416015625
    ],
    "validation_chi2s": {
      "DEUTERON": 3.108411798429726,
      "NMC": 2.184795903224571,
      "NUCLEAR": 1.9592071533203126,
      "HERACOMB": 2.4729021857766544,
      "DYE886": 1.7836830832741477,
      "CDF": 4.198140825544085,
      "D0": 1.9688913345336914,
      "ATLAS": 2.8732911900111606,
      "CMS": 3.3700194820280998,
      "LHCb": 2.6895618438720703,
      "total": 2.6127471923828125
    }
  },
  "7000": {
    "training_loss": 8430.1904296875,
    "validation_loss": [
      3083.1455078125
    ],
    "validation_chi2s": {
      "DEUTERON": 2.931187264361785,
      "NMC": 2.1288084142348347,
      "NUCLEAR": 1.98828076171875,
      "HERACOMB": 2.5309015411177493,
      "DYE886": 1.3293037414550781,
      "CDF": 4.220151628766741,
      "D0": 2.109447479248047,
      "ATLAS": 2.97033935546875,
      "CMS": 3.3609717584425405,
      "LHCb": 2.800889730453491,
      "total": 2.610647201538086
    }
  },
  "7100": {
    "training_loss": 8451.43359375,
    "validation_loss": [
      3082.659912109375
    ],
    "validation_chi2s": {
      "DEUTERON": 2.984615193077581,
      "NMC": 2.1400333479339,
      "NUCLEAR": 1.95957177734375,
      "HERACOMB": 2.521807901220384,
      "DYE886": 1.4136043028397993,
      "CDF": 4.529702050345285,
      "D0": 1.9546552658081056,
      "ATLAS": 3.0600027901785714,
      "CMS": 3.258263372605847,
      "LHCb": 2.607656478881836,
      "total": 2.611154079437256
    }
  },
  "7200": {
    "training_loss": 8467.5126953125,
    "validation_loss": [
      3080.39013671875
    ],
    "validation_chi2s": {
      "DEUTERON": 2.9691335194146453,
      "NMC": 2.1437458711511947,
      "NUCLEAR": 1.984711181640625,
      "HERACOMB": 2.5323382608251634,
      "DYE886": 1.408460183577104,
      "CDF": 4.224664960588727,
      "D0": 2.034404182434082,
      "ATLAS": 2.9413999720982145,
      "CMS": 3.3325032880229335,
      "LHCb": 2.702057123184204,
      "total": 2.608272075653076
    }
  },
  "7300": {
    "training_loss": 8450.4521484375,
    "validation_loss": [
      3094.9228515625
    ],
    "validation_chi2s": {
      "DEUTERON": 2.963196104438744,
      "NMC": 2.1245157578412224,
      "NUCLEAR": 2.0043116455078125,
      "HERACOMB": 2.5247122571359273,
      "DYE886": 1.3209989721124822,
      "CDF": 4.214012145996094,
      "D0": 2.045390319824219,
      "ATLAS": 3.010013950892857,
      "CMS": 3.3483753819619455,
      "LHCb": 2.773350715637207,
      "total": 2.6208019256591797
    }
  },
  "7400": {
    "training_loss": 8461.43359375,
    "validation_loss": [
      3094.70458984375
    ],
    "validation_chi2s": {
      "DEUTERON": 2.9699782945623445,
      "NMC": 2.123645408480775,
      "NUCLEAR": 2.007407958984375,
      "HERACOMB": 2.5193537294475083,
      "DYE886": 1.3236827850341797,
      "CDF": 4.094646453857422,
      "D0": 2.0502696990966798,
      "ATLAS": 3.0006260463169645,
      "CMS": 3.3434544224892893,
      "LHCb": 2.852696657180786,
      "total": 2.620811939239502
    }
  },
  "7500": {
    "training_loss": 8620.3701171875,
    "validation_loss": [
      3137.81982421875
    ],
    "validation_chi2s": {
      "DEUTERON": 2.991675229807991,
      "NMC": 2.128531212900199,
      "NUCLEAR": 1.9746932373046875,
      "HERACOMB": 2.6278141994102326,
      "DYE886": 1.3455569527365945,
      "CDF": 4.508098874773298,
      "D0": 2.023114013671875,
      "ATLAS": 3.15952392578125,
      "CMS": 3.2547735398815525,
      "LHCb": 2.6757006645202637,
      "total": 2.6580536365509033
    }
  },
  "7600": {
    "training_loss": 8500.0654296875,
    "validation_loss": [
      3083.74609375
    ],
    "validation_chi2s": {
      "DEUTERON": 3.075039839863184,
      "NMC": 2.1689640119964,
      "NUCLEAR": 1.9861580810546875,
      "HERACOMB": 2.4738149206622753,
      "DYE886": 1.5538186160000889,
      "CDF": 3.967038563319615,
      "D0": 1.9643260955810546,
      "ATLAS": 2.8884495326450894,
      "CMS": 3.3652641542496218,
      "LHCb": 2.849534034729004,
      "total": 2.6127164363861084
    }
  },
  "7700": {
    "training_loss": 8553.46875,
    "validation_loss": [
      3106.833740234375
    ],
    "validation_chi2s": {
      "DEUTERON": 3.0071043707245027,
      "NMC": 2.1724515428730085,
      "NUCLEAR": 2.0175914306640625,
      "HERACOMB": 2.5018204832388684,
      "DYE886": 1.3478296453302556,
      "CDF": 4.403443472726004,
      "D0": 1.8952720642089844,
      "ATLAS": 3.11131591796875,
      "CMS": 3.276391798450101,
      "LHCb": 2.6699464321136475,
      "total": 2.632256507873535
    }
  },
  "7800": {
    "training_loss": 8498.6279296875,
    "validation_loss": [
      3105.384033203125
    ],
    "validation_chi2s": {
      "DEUTERON": 3.106120398981654,
      "NMC": 2.1643768011354934,
      "NUCLEAR": 1.9841597900390624,
      "HERACOMB": 2.498775507110396,
      "DYE886": 1.6691249500621448,
      "CDF": 4.151426587785993,
      "D0": 1.9932966232299805,
      "ATLAS": 2.945577566964286,
      "CMS": 3.323665988060736,
      "LHCb": 2.855367660522461,
      "total": 2.6316423416137695
    }
  },
  "7900": {
    "training_loss": 8528.8603515625,
    "validation_loss": [
      3106.29296875
    ],
    "validation_chi2s": {
      "DEUTERON": 3.113410304434857,
      "NMC": 2.1547172396790746,
      "NUCLEAR": 1.99098193359375,
      "HERACOMB": 2.4930926553564134,
      "DYE886": 1.6901824257590554,
      "CDF": 4.140377044677734,
      "D0": 1.9784093856811524,
      "ATLAS": 2.921681954520089,
      "CMS": 3.3384236981791835,
      "LHCb": 2.9188718795776367,
      "total": 2.6323695182800293
    }
  },
  "8000": {
    "training_loss": 8611.0556640625,
    "validation_loss": [
      3093.537841796875
    ],
    "validation_chi2s": {
      "DEUTERON": 3.0598527139692164,
      "NMC": 2.1728144626991424,
      "NUCLEAR": 2.0083707275390625,
      "HERACOMB": 2.4408635158164826,
      "DYE886": 1.369267550381747,
      "CDF": 4.124857221330915,
      "D0": 1.8433561325073242,
      "ATLAS": 3.0080046735491073,
      "CMS": 3.3567930652249243,
      "LHCb": 2.896599054336548,
      "total": 2.621058225631714
    }
  },
  "8100": {
    "training_loss": 8529.2802734375,
    "validation_loss": [
      3122.7978515625
    ],
    "validation_chi2s": {
      "DEUTERON": 3.017388339066387,
      "NMC": 2.1168752932081034,
      "NUCLEAR": 2.0197105712890626,
      "HERACOMB": 2.5436150045955883,
      "DYE886": 1.3120292316783557,
      "CDF": 4.068277631487165,
      "D0": 1.965780258178711,
      "ATLAS": 3.055646275111607,
      "CMS": 3.3275774063602572,
      "LHCb": 2.929051160812378,
      "total": 2.645005941390991
    }
  },
  "8200": {
    "training_loss": 8343.1171875,
    "validation_loss": [
      3390.35400390625
    ],
    "validation_chi2s": {
      "DEUTERON": 4.422307408271144,
      "NMC": 2.14134874530867,
      "NUCLEAR": 1.9784161376953124,
      "HERACOMB": 2.491402619804432,
      "DYE886": 2.7332503578879614,
      "CDF": 4.177944455827985,
      "D0": 2.283150482177734,
      "ATLAS": 2.902429722377232,
      "CMS": 3.3345905427009828,
      "LHCb": 3.0999526977539062,
      "total": 2.8759658336639404
    }
  },
  "8300": {
    "training_loss": 8011.2490234375,
    "validation_loss": [
      2981.1083984375
    ],
    "validation_chi2s": {
      "DEUTERON": 2.3739724230410446,
      "NMC": 2.116371753169041,
      "NUCLEAR": 1.9271583251953126,
      "HERACOMB": 2.598605685763889,
      "DYE886": 2.4414867054332388,
      "CDF": 4.883765629359654,
      "D0": 1.9780261993408204,
      "ATLAS": 3.0064610072544644,
      "CMS": 3.2833461146200857,
      "LHCb": 2.4211583137512207,
      "total": 2.5301260948181152
    }
  },
  "8400": {
    "training_loss": 7966.279296875,
    "validation_loss": [
      2969.65185546875
    ],
    "validation_chi2s": {
      "DEUTERON": 2.3596033504353233,
      "NMC": 2.1220439836090685,
      "NUCLEAR": 1.9216021728515624,
      "HERACOMB": 2.5936690187142566,
      "DYE886": 2.3004675778475674,
      "CDF": 4.727311270577567,
      "D0": 1.9631811141967774,
      "ATLAS": 3.00939453125,
      "CMS": 3.2769283171622985,
      "LHCb": 2.394397258758545,
      "total": 2.5208017826080322
    }
  },
  "8500": {
    "training_loss": 7966.17041015625,
    "validation_loss": [
      2908.96728515625
    ],
    "validation_chi2s": {
      "DEUTERON": 2.36985497925412,
      "NMC": 2.154038522757736,
      "NUCLEAR": 1.9164810791015625,
      "HERACOMB": 2.4516059027777777,
      "DYE886": 2.2102477333762427,
      "CDF": 4.46857043675014,
      "D0": 1.8355979919433594,
      "ATLAS": 2.93084716796875,
      "CMS": 3.2825524114793345,
      "LHCb": 2.3473703861236572,
      "total": 2.469287395477295
    }
  },
  "8600": {
    "training_loss": 7926.55126953125,
    "validation_loss": [
      2906.9375
    ],
    "validation_chi2s": {
      "DEUTERON": 2.393404680698072,
      "NMC": 2.159725114410999,
      "NUCLEAR": 1.9135675048828125,
      "HERACOMB": 2.463440140867545,
      "DYE886": 2.163609591397372,
      "CDF": 4.256218229021345,
      "D0": 1.862824058532715,
      "ATLAS": 2.8151407296316964,
      "CMS": 3.3524312665385585,
      "LHCb": 2.470658779144287,
      "total": 2.4676215648651123
    }
  },
  "8700": {
    "training_loss": 7948.77783203125,
    "validation_loss": [
      2901.06103515625
    ],
    "validation_chi2s": {
      "DEUTERON": 2.3556400128264925,
      "NMC": 2.1481110815908395,
      "NUCLEAR": 1.9114136962890624,
      "HERACOMB": 2.4917135799632355,
      "DYE886": 2.425709984519265,
      "CDF": 4.113105228969029,
      "D0": 1.8511585235595702,
      "ATLAS": 2.783004150390625,
      "CMS": 3.3268841158959175,
      "LHCb": 2.4185333251953125,
      "total": 2.4626286029815674
    }
  },
  "8800": {
    "training_loss": 7895.6298828125,
    "validation_loss": [
      2919.71875
    ],
    "validation_chi2s": {
      "DEUTERON": 2.3795267740885415,
      "NMC": 2.124882417566636,
      "NUCLEAR": 1.915946533203125,
      "HERACOMB": 2.52531383240145,
      "DYE886": 2.0016734383322974,
      "CDF": 4.201339994158063,
      "D0": 2.151614952087402,
      "ATLAS": 2.8254976981026787,
      "CMS": 3.3457215832125757,
      "LHCb": 2.3906707763671875,
      "total": 2.4780831336975098
    }
  },
  "8900": {
    "training_loss": 7923.8564453125,
    "validation_loss": [
      2905.80419921875
    ],
    "validation_chi2s": {
      "DEUTERON": 2.3407794705670866,
      "NMC": 2.1697281482172945,
      "NUCLEAR": 1.910926513671875,
      "HERACOMB": 2.4749161464716094,
      "DYE886": 2.5822871815074575,
      "CDF": 4.476287569318499,
      "D0": 1.8047950744628907,
      "ATLAS": 2.9152272251674107,
      "CMS": 3.2308448053175405,
      "LHCb": 2.2691736221313477,
      "total": 2.466726779937744
    }
  },
  "9000": {
    "training_loss": 7884.53515625,
    "validation_loss": [
      2931.452392578125
    ],
    "validation_chi2s": {
      "DEUTERON": 2.345308066600591,
      "NMC": 2.1104375801834405,
      "NUCLEAR": 1.9087879638671874,
      "HERACOMB": 2.5715838662939134,
      "DYE886": 1.9957542419433594,
      "CDF": 4.421766826084682,
      "D0": 2.200316047668457,
      "ATLAS": 2.905088936941964,
      "CMS": 3.2892473282352572,
      "LHCb": 2.3455235958099365,
      "total": 2.488384485244751
    }
  },
  "9100": {
    "training_loss": 7892.38671875,
    "validation_loss": [
      2923.552734375
    ],
    "validation_chi2s": {
      "DEUTERON": 2.3305237423721237,
      "NMC": 2.1331128887101714,
      "NUCLEAR": 1.907481201171875,
      "HERACOMB": 2.548519957299326,
      "DYE886": 2.0971513227982954,
      "CDF": 4.500484466552734,
      "D0": 2.0910547256469725,
      "ATLAS": 2.908240966796875,
      "CMS": 3.2891026158486643,
      "LHCb": 2.320887804031372,
      "total": 2.481792688369751
    }
  },
  "9200": {
    "training_loss": 7887.73828125,
    "validation_loss": [
      2913.34912109375
    ],
    "validation_chi2s": {
      "DEUTERON": 2.3212272682000155,
      "NMC": 2.1384904150869333,
      "NUCLEAR": 1.9071968994140625,
      "HERACOMB": 2.540664573120915,
      "DYE886": 2.429794658314098,
      "CDF": 4.434412547520229,
      "D0": 1.9187196731567382,
      "ATLAS": 2.8167829241071427,
      "CMS": 3.3227081298828125,
      "LHCb": 2.3382718563079834,
      "total": 2.473118305206299
    }
  },
  "9300": {
    "training_loss": 7883.56494140625,
    "validation_loss": [
      2900.42431640625
    ],
    "validation_chi2s": {
      "DEUTERON": 2.3498676356984607,
      "NMC": 2.193074993058747,
      "NUCLEAR": 1.898331787109375,
      "HERACOMB": 2.459628236060049,
      "DYE886": 2.5002736178311435,
      "CDF": 4.524219512939453,
      "D0": 1.8182144165039062,
      "ATLAS": 2.8190443638392857,
      "CMS": 3.3442547705865677,
      "LHCb": 2.3795742988586426,
      "total": 2.4621593952178955
    }
  },
  "9400": {
    "training_loss": 7889.70361328125,
    "validation_loss": [
      2916.704345703125
    ],
    "validation_chi2s": {
      "DEUTERON": 2.3393296578630287,
      "NMC": 2.125052208993949,
      "NUCLEAR": 1.902539794921875,
      "HERACOMB": 2.5357430651296977,
      "DYE886": 2.072851527820934,
      "CDF": 4.415391104561942,
      "D0": 2.2980600357055665,
      "ATLAS": 2.842861153738839,
      "CMS": 3.33448003953503,
      "LHCb": 2.373044490814209,
      "total": 2.4758574962615967
    }
  },
  "9500": {
    "training_loss": 7905.00341796875,
    "validation_loss": [
      2886.68798828125
    ],
    "validation_chi2s": {
      "DEUTERON": 2.3424064674187655,
      "NMC": 2.1830209470262716,
      "NUCLEAR": 1.8956859130859376,
      "HERACOMB": 2.4490240757761437,
      "DYE886": 2.4446787400679155,
      "CDF": 4.315022332327707,
      "D0": 1.8541694641113282,
      "ATLAS": 2.796398751395089,
      "CMS": 3.3357076337260585,
      "LHCb": 2.364680528640747,
      "total": 2.4504904747009277
    }
  },
  "9600": {
    "training_loss": 7890.6826171875,
    "validation_loss": [
      2889.394775390625
    ],
    "validation_chi2s": {
      "DEUTERON": 2.3166537308574315,
      "NMC": 2.160358802945006,
      "NUCLEAR": 1.8961029052734375,
      "HERACOMB": 2.4702864503548816,
      "DYE886": 2.5651553760875356,
      "CDF": 4.459913798740932,
      "D0": 1.9231035232543945,
      "ATLAS": 2.790445382254464,
      "CMS": 3.328914519279234,
      "LHCb": 2.363417625427246,
      "total": 2.452789306640625
    }
  },
  "9700": {
    "training_loss": 7962.8857421875,
    "validation_loss": [
      2919.76220703125
    ],
    "validation_chi2s": {
      "DEUTERON": 2.2912128505422107,
      "NMC": 2.1324406044155944,
      "NUCLEAR": 1.89732421875,
      "HERACOMB": 2.543011634178411,
      "DYE886": 2.4593256170099433,
      "CDF": 4.482816696166992,
      "D0": 1.9560766220092773,
      "ATLAS": 2.9215455845424105,
      "CMS": 3.276858914283014,
      "LHCb": 2.3541791439056396,
      "total": 2.4785749912261963
    }
  },
  "9800": {
    "training_loss": 7920.4326171875,
    "validation_loss": [
      2885.328125
    ],
    "validation_chi2s": {
      "DEUTERON": 2.309074895298896,
      "NMC": 2.153987211339614,
      "NUCLEAR": 1.8926636962890624,
      "HERACOMB": 2.470143835529003,
      "DYE886": 2.385584744540128,
      "CDF": 4.2347709110804965,
      "D0": 1.9286672592163085,
      "ATLAS": 2.8042984444754464,
      "CMS": 3.328131891066028,
      "LHCb": 2.4205260276794434,
      "total": 2.449335813522339
    }
  },
  "9900": {
    "training_loss": 7914.34814453125,
    "validation_loss": [
      2899.51416015625
    ],
    "validation_chi2s": {
      "DEUTERON": 2.3075197134444965,
      "NMC": 2.1521928076650583,
      "NUCLEAR": 1.8954398193359374,
      "HERACOMB": 2.498850305095997,
      "DYE886": 2.548720273104581,
      "CDF": 4.295573643275669,
      "D0": 1.9223587036132812,
      "ATLAS": 2.832501743861607,
      "CMS": 3.290255638860887,
      "LHCb": 2.449420690536499,
      "total": 2.461380958557129
    }
  },
  "10000": {
    "training_loss": 7887.6572265625,
    "validation_loss": [
      2888.498779296875
    ],
    "validation_chi2s": {
      "DEUTERON": 2.3111077303910137,
      "NMC": 2.1588145237342986,
      "NUCLEAR": 1.8981732177734374,
      "HERACOMB": 2.496848112617443,
      "DYE886": 2.559577768499201,
      "CDF": 4.074298858642578,
      "D0": 1.941522216796875,
      "ATLAS": 2.758022286551339,
      "CMS": 3.3159051710559475,
      "LHCb": 2.412851333618164,
      "total": 2.4520325660705566
    }
  },
  "10100": {
    "training_loss": 7896.6650390625,
    "validation_loss": [
      2905.532958984375
    ],
    "validation_chi2s": {
      "DEUTERON": 2.319128843089241,
      "NMC": 2.1293300553864123,
      "NUCLEAR": 1.8933682861328125,
      "HERACOMB": 2.552975523705576,
      "DYE886": 2.174010536887429,
      "CDF": 4.146093096051898,
      "D0": 2.2502790451049806,
      "ATLAS": 2.836807861328125,
      "CMS": 3.253750708795363,
      "LHCb": 2.3999037742614746,
      "total": 2.466341495513916
    }
  },
  "10200": {
    "training_loss": 7897.48095703125,
    "validation_loss": [
      2903.671142578125
    ],
    "validation_chi2s": {
      "DEUTERON": 2.3060255667463463,
      "NMC": 2.1747370701210174,
      "NUCLEAR": 1.885583251953125,
      "HERACOMB": 2.487833459392872,
      "DYE886": 2.787789084694602,
      "CDF": 4.542504446847098,
      "D0": 1.9065473556518555,
      "ATLAS": 2.8467635672433036,
      "CMS": 3.302799840127268,
      "LHCb": 2.395232915878296,
      "total": 2.4649136066436768
    }
  },
  "10300": {
    "training_loss": 7905.5751953125,
    "validation_loss": [
      2922.8740234375
    ],
    "validation_chi2s": {
      "DEUTERON": 2.3349478802277672,
      "NMC": 2.134354684867111,
      "NUCLEAR": 1.891463623046875,
      "HERACOMB": 2.581121905956393,
      "DYE886": 2.2677480524236504,
      "CDF": 4.130063465663365,
      "D0": 2.438314437866211,
      "ATLAS": 2.808825509207589,
      "CMS": 3.2898953345514115,
      "LHCb": 2.471337080001831,
      "total": 2.4810051918029785
    }
  },
  "10400": {
    "training_loss": 10142.26708984375,
    "validation_loss": [
      2881.65283203125
    ],
    "validation_chi2s": {
      "DEUTERON": 2.3338044579349346,
      "NMC": 2.1922685211780024,
      "NUCLEAR": 1.8927171630859374,
      "HERACOMB": 2.4853074815538196,
      "DYE886": 2.488448749889027,
      "CDF": 3.996973310198103,
      "D0": 2.021041679382324,
      "ATLAS": 2.7357339913504464,
      "CMS": 3.2973787861485637,
      "LHCb": 2.3907933235168457,
      "total": 2.4462246894836426
    }
  },
  "10500": {
    "training_loss": 7900.6259765625,
    "validation_loss": [
      2925.14453125
    ],
    "validation_chi2s": {
      "DEUTERON": 2.3218292691814364,
      "NMC": 2.137216754988128,
      "NUCLEAR": 1.893320556640625,
      "HERACOMB": 2.575899410871119,
      "DYE886": 2.265867233276367,
      "CDF": 4.238955633980887,
      "D0": 2.443247413635254,
      "ATLAS": 2.8283023507254463,
      "CMS": 3.301703668409778,
      "LHCb": 2.4830386638641357,
      "total": 2.4830362796783447
    }
  },
  "10600": {
    "training_loss": 7898.64697265625,
    "validation_loss": [
      2935.2578125
    ],
    "validation_chi2s": {
      "DEUTERON": 2.3089497884114585,
      "NMC": 2.119973425771676,
      "NUCLEAR": 1.8960892333984376,
      "HERACOMB": 2.6122013665492236,
      "DYE886": 2.221597844904119,
      "CDF": 4.3092256273542136,
      "D0": 2.385257339477539,
      "ATLAS": 2.8897862025669645,
      "CMS": 3.2648376957062752,
      "LHCb": 2.379739761352539,
      "total": 2.491655111312866
    }
  },
  "10700": {
    "training_loss": 7906.0595703125,
    "validation_loss": [
      2912.434326171875
    ],
    "validation_chi2s": {
      "DEUTERON": 2.3333208833760883,
      "NMC": 2.1406436994964,
      "NUCLEAR": 1.8989569091796874,
      "HERACOMB": 2.5682758007174225,
      "DYE886": 2.1950933283025567,
      "CDF": 4.083533695765904,
      "D0": 2.317622184753418,
      "ATLAS": 2.7724021693638394,
      "CMS": 3.3187469974640877,
      "LHCb": 2.3951854705810547,
      "total": 2.4721529483795166
    }
  },
  "10800": {
    "training_loss": 7911.04150390625,
    "validation_loss": [
      2893.656494140625
    ],
    "validation_chi2s": {
      "DEUTERON": 2.3229992615049753,
      "NMC": 2.1646554984298407,
      "NUCLEAR": 1.88811083984375,
      "HERACOMB": 2.487527485766442,
      "DYE886": 2.666728279807351,
      "CDF": 4.0719563620431085,
      "D0": 1.9065023422241212,
      "ATLAS": 2.7674881417410715,
      "CMS": 3.34532953077747,
      "LHCb": 2.429906129837036,
      "total": 2.4564146995544434
    }
  },
  "10900": {
    "training_loss": 7962.81005859375,
    "validation_loss": [
      2903.29443359375
    ],
    "validation_chi2s": {
      "DEUTERON": 2.349086324966962,
      "NMC": 2.150441188438266,
      "NUCLEAR": 1.8924544677734374,
      "HERACOMB": 2.5145977743310866,
      "DYE886": 2.3285335193980825,
      "CDF": 4.1189084734235495,
      "D0": 2.035816764831543,
      "ATLAS": 2.826062534877232,
      "CMS": 3.284794469033518,
      "LHCb": 2.3925905227661133,
      "total": 2.464580774307251
    }
  },
  "11000": {
    "training_loss": 7898.24609375,
    "validation_loss": [
      2898.81591796875
    ],
    "validation_chi2s": {
      "DEUTERON": 2.3485169671661223,
      "NMC": 2.158925823136872,
      "NUCLEAR": 1.889181884765625,
      "HERACOMB": 2.4775191163705066,
      "DYE886": 2.2099214033647017,
      "CDF": 4.0662640162876675,
      "D0": 2.080916976928711,
      "ATLAS": 2.8595101492745534,
      "CMS": 3.2985542051253782,
      "LHCb": 2.4656832218170166,
      "total": 2.460782527923584
    }
  },
  "11100": {
    "training_loss": 7891.54443359375,
    "validation_loss": [
      2921.392822265625
    ],
    "validation_chi2s": {
      "DEUTERON": 2.3439411523923352,
      "NMC": 2.10729232488894,
      "NUCLEAR": 1.8908558349609375,
      "HERACOMB": 2.539927962558721,
      "DYE886": 2.1210195367986504,
      "CDF": 4.09802382332938,
      "D0": 2.298201560974121,
      "ATLAS": 2.85597900390625,
      "CMS": 3.352633568548387,
      "LHCb": 2.4680910110473633,
      "total": 2.4799392223358154
    }
  },
  "11200": {
    "training_loss": 7906.7197265625,
    "validation_loss": [
      2897.46630859375
    ],
    "validation_chi2s": {
      "DEUTERON": 2.3516493460432213,
      "NMC": 2.1736327526616117,
      "NUCLEAR": 1.8928023681640624,
      "HERACOMB": 2.4667095109528185,
      "DYE886": 2.567611347545277,
      "CDF": 4.108608245849609,
      "D0": 1.824570655822754,
      "ATLAS": 2.8047544642857143,
      "CMS": 3.3375374578660533,
      "LHCb": 2.4291892051696777,
      "total": 2.4596476554870605
    }
  },
  "11300": {
    "training_loss": 8350.025390625,
    "validation_loss": [
      2945.505859375
    ],
    "validation_chi2s": {
      "DEUTERON": 2.343178820254198,
      "NMC": 2.0954241285137103,
      "NUCLEAR": 1.896147216796875,
      "HERACOMB": 2.5551981209150325,
      "DYE886": 2.0760269165039062,
      "CDF": 4.40820176260812,
      "D0": 2.1235071182250977,
      "ATLAS": 3.1167490931919644,
      "CMS": 3.1872991746471775,
      "LHCb": 2.2909319400787354,
      "total": 2.5004279613494873
    }
  },
  "11400": {
    "training_loss": 7885.2890625,
    "validation_loss": [
      2904.505615234375
    ],
    "validation_chi2s": {
      "DEUTERON": 2.3433484129644744,
      "NMC": 2.141756394330193,
      "NUCLEAR": 1.8922545166015625,
      "HERACOMB": 2.5027960484323937,
      "DYE886": 2.6420953924005683,
      "CDF": 4.032187598092215,
      "D0": 1.8451602935791016,
      "ATLAS": 2.8210313197544643,
      "CMS": 3.3040956066500757,
      "LHCb": 2.4110093116760254,
      "total": 2.4656245708465576
    }
  },
  "11500": {
    "training_loss": 7884.16357421875,
    "validation_loss": [
      2901.731201171875
    ],
    "validation_chi2s": {
      "DEUTERON": 2.362776419416589,
      "NMC": 2.159720776127834,
      "NUCLEAR": 1.8898599853515625,
      "HERACOMB": 2.477056964550143,
      "DYE886": 2.6032062877308237,
      "CDF": 3.9700859614780972,
      "D0": 1.7968875885009765,
      "ATLAS": 2.794046630859375,
      "CMS": 3.3405119372952368,
      "LHCb": 2.5003502368927,
      "total": 2.4632692337036133
    }
  },
  "11600": {
    "training_loss": 7891.68798828125,
    "validation_loss": [
      2939.6552734375
    ],
    "validation_chi2s": {
      "DEUTERON": 2.365116555892413,
      "NMC": 2.085607042499617,
      "NUCLEAR": 1.8914127197265624,
      "HERACOMB": 2.5901112275965072,
      "DYE886": 2.004137732765891,
      "CDF": 4.1290596553257535,
      "D0": 2.280675506591797,
      "ATLAS": 2.899995640345982,
      "CMS": 3.315827892672631,
      "LHCb": 2.4341886043548584,
      "total": 2.49536395072937
    }
  }
}