{
  "100": {
    "training_loss": 51432.0,
    "validation_loss": [
      24110.0859375
    ],
    "validation_chi2s": {
      "DEUTERON": 14.425476377876244,
      "NMC": 14.567623362821692,
      "NUCLEAR": 7.58323779296875,
      "HERACOMB": 14.016887191074346,
      "DYE886": 61.23186146129262,
      "CDF": 9.725876944405693,
      "D0": 20.095936584472657,
      "ATLAS": 19.34424525669643,
      "CMS": 13.802451211898052,
      "LHCb": 28.671316146850586,
      "total": 14.82160758972168
    }
  },
  "200": {
    "training_loss": 35652.8359375,
    "validation_loss": [
      14543.001953125
    ],
    "validation_chi2s": {
      "DEUTERON": 10.25199077852923,
      "NMC": 6.879693124808517,
      "NUCLEAR": 8.272921875,
      "HERACOMB": 8.96969943576389,
      "DYE886": 67.88515957919034,
      "CDF": 3.8667188371930803,
      "D0": 41.52601623535156,
      "ATLAS": 13.521802455357143,
      "CMS": 8.915840524141906,
      "LHCb": 16.780385971069336,
      "total": 11.183073043823242
    }
  },
  "300": {
    "training_loss": 52085.3984375,
    "validation_loss": [
      427892.65625
    ],
    "validation_chi2s": {
      "DEUTERON": 2064.3619402985073,
      "NMC": 6.3643756941253065,
      "NUCLEAR": 8.2764404296875,
      "HERACOMB": 8.11725132761438,
      "DYE886": 76.42952104048295,
      "CDF": 9.96539306640625,
      "D0": 45.87276000976563,
      "ATLAS": 12.871173270089285,
      "CMS": 10.319243884477459,
      "LHCb": 24.066492080688477,
      "total": 362.5049133300781
    }
  },
  "400": {
    "training_loss": 25739.2578125,
    "validation_loss": [
      12107.779296875
    ],
    "validation_chi2s": {
      "DEUTERON": 8.124138827347636,
      "NMC": 3.243190690582874,
      "NUCLEAR": 6.97844970703125,
      "HERACOMB": 5.9311543383629495,
      "DYE886": 55.89944180575284,
      "CDF": 8.912346976143974,
      "D0": 61.7677490234375,
      "ATLAS": 10.4615185546875,
      "CMS": 4.287084860879867,
      "LHCb": 46.150325775146484,
      "total": 9.43737506866455
    }
  },
  "500": {
    "training_loss": 9012.12109375,
    "validation_loss": [
      3366.231201171875
    ],
    "validation_chi2s": {
      "DEUTERON": 3.096280074238184,
      "NMC": 2.645346248851103,
      "NUCLEAR": 2.49032373046875,
      "HERACOMB": 2.919634850196589,
      "DYE886": 2.001678293401545,
      "CDF": 2.1827024732317244,
      "D0": 2.579716110229492,
      "ATLAS": 3.4142351422991073,
      "CMS": 2.7945681712666497,
      "LHCb": 1.6669758558273315,
      "total": 2.848757266998291
    }
  },
  "600": {
    "training_loss": 8264.3935546875,
    "validation_loss": [
      3016.527587890625
    ],
    "validation_chi2s": {
      "DEUTERON": 2.425154197275342,
      "NMC": 2.7875725241268383,
      "NUCLEAR": 1.97159716796875,
      "HERACOMB": 2.6607675988689747,
      "DYE886": 2.7352076443758877,
      "CDF": 1.7224397659301758,
      "D0": 1.9453323364257813,
      "ATLAS": 3.28112060546875,
      "CMS": 2.8484339479540215,
      "LHCb": 1.6727741956710815,
      "total": 2.5541117191314697
    }
  },
  "700": {
    "training_loss": 8144.92578125,
    "validation_loss": [
      2949.6796875
    ],
    "validation_chi2s": {
      "DEUTERON": 2.2676138047555194,
      "NMC": 2.850588331035539,
      "NUCLEAR": 1.8947451171875,
      "HERACOMB": 2.5995196174172794,
      "DYE886": 2.7845895940607246,
      "CDF": 1.2826693398611886,
      "D0": 1.9082796096801757,
      "ATLAS": 3.27362548828125,
      "CMS": 2.872493056000256,
      "LHCb": 1.7552906274795532,
      "total": 2.499260187149048
    }
  },
  "800": {
    "training_loss": 8102.43115234375,
    "validation_loss": [
      2932.4658203125
    ],
    "validation_chi2s": {
      "DEUTERON": 2.231942096159826,
      "NMC": 2.851138844209559,
      "NUCLEAR": 1.8748603515625,
      "HERACOMB": 2.581783718532986,
      "DYE886": 2.7842594493519175,
      "CDF": 1.1724661418369837,
      "D0": 1.8740900039672852,
      "ATLAS": 3.2632533482142856,
      "CMS": 2.888370201235912,
      "LHCb": 1.841800570487976,
      "total": 2.485849618911743
    }
  },
  "900": {
    "training_loss": 8087.22607421875,
    "validation_loss": [
      2898.74853515625
    ],
    "validation_chi2s": {
      "DEUTERON": 2.1914776095110384,
      "NMC": 2.8096301508884802,
      "NUCLEAR": 1.863913818359375,
      "HERACOMB": 2.576522527956495,
      "DYE886": 2.659616643732244,
      "CDF": 1.1858908789498466,
      "D0": 1.9400232315063477,
      "ATLAS": 3.2487984793526787,
      "CMS": 2.7801070916848105,
      "LHCb": 1.761306643486023,
      "total": 2.4561736583709717
    }
  },
  "1000": {
    "training_loss": 8080.1396484375,
    "validation_loss": [
      2898.36474609375
    ],
    "validation_chi2s": {
      "DEUTERON": 2.1858720921758397,
      "NMC": 2.807186351102941,
      "NUCLEAR": 1.8591229248046874,
      "HERACOMB": 2.570212569891238,
      "DYE886": 2.702534242109819,
      "CDF": 1.210097312927246,
      "D0": 1.968195343017578,
      "ATLAS": 3.24808349609375,
      "CMS": 2.790707197345671,
      "LHCb": 1.8128958940505981,
      "total": 2.4560329914093018
    }
  },
  "1100": {
    "training_loss": 8082.06640625,
    "validation_loss": [
      2891.8212890625
    ],
    "validation_chi2s": {
      "DEUTERON": 2.179432427705224,
      "NMC": 2.8077961042815565,
      "NUCLEAR": 1.85862744140625,
      "HERACOMB": 2.5695932425704657,
      "DYE886": 2.7778757268732246,
      "CDF": 1.248080117361886,
      "D0": 1.876109504699707,
      "ATLAS": 3.2329300362723212,
      "CMS": 2.768331308833888,
      "LHCb": 1.7908443212509155,
      "total": 2.4503681659698486
    }
  },
  "1200": {
    "training_loss": 8151.0654296875,
    "validation_loss": [
      2925.608154296875
    ],
    "validation_chi2s": {
      "DEUTERON": 2.236666095790578,
      "NMC": 2.811402264763327,
      "NUCLEAR": 1.8626776123046875,
      "HERACOMB": 2.585542965558619,
      "DYE886": 3.294100674715909,
      "CDF": 1.324057170322963,
      "D0": 1.9045219421386719,
      "ATLAS": 3.1811669921875,
      "CMS": 2.8351200291367826,
      "LHCb": 1.8717864751815796,
      "total": 2.477097988128662
    }
  },
  "1300": {
    "training_loss": 8068.92724609375,
    "validation_loss": [
      2920.806884765625
    ],
    "validation_chi2s": {
      "DEUTERON": 2.216875674119636,
      "NMC": 2.849070530311734,
      "NUCLEAR": 1.8588179931640625,
      "HERACOMB": 2.5622085870481004,
      "DYE886": 2.883302688598633,
      "CDF": 1.204103606087821,
      "D0": 1.8055374145507812,
      "ATLAS": 3.2420333426339285,
      "CMS": 2.9068731089107325,
      "LHCb": 1.9140396118164062,
      "total": 2.4768669605255127
    }
  },
  "1400": {
    "training_loss": 8087.62109375,
    "validation_loss": [
      2902.090087890625
    ],
    "validation_chi2s": {
      "DEUTERON": 2.212334779957634,
      "NMC": 2.814844767252604,
      "NUCLEAR": 1.85504541015625,
      "HERACOMB": 2.5542099896599266,
      "DYE886": 2.8746029246937144,
      "CDF": 1.2359820774623327,
      "D0": 1.7765151977539062,
      "ATLAS": 3.22601806640625,
      "CMS": 2.8404963759125255,
      "LHCb": 1.8424184322357178,
      "total": 2.460284948348999
    }
  },
  "1500": {
    "training_loss": 8080.12841796875,
    "validation_loss": [
      2897.88232421875
    ],
    "validation_chi2s": {
      "DEUTERON": 2.1990909101951184,
      "NMC": 2.7974907370174633,
      "NUCLEAR": 1.86254345703125,
      "HERACOMB": 2.556002149394914,
      "DYE886": 2.946827628395774,
      "CDF": 1.2256536483764648,
      "D0": 1.7285297393798829,
      "ATLAS": 3.21591064453125,
      "CMS": 2.8280839763703893,
      "LHCb": 1.8265191316604614,
      "total": 2.456986904144287
    }
  },
  "1600": {
    "training_loss": 8137.521484375,
    "validation_loss": [
      2889.337890625
    ],
    "validation_chi2s": {
      "DEUTERON": 2.1773927603194965,
      "NMC": 2.762441597732843,
      "NUCLEAR": 1.8718447265625,
      "HERACOMB": 2.568832896114175,
      "DYE886": 3.0084103670987217,
      "CDF": 1.315662111554827,
      "D0": 1.7471206665039063,
      "ATLAS": 3.2149857003348212,
      "CMS": 2.728788282050461,
      "LHCb": 1.841681957244873,
      "total": 2.4488935470581055
    }
  },
  "1700": {
    "training_loss": 8134.587890625,
    "validation_loss": [
      2891.916015625
    ],
    "validation_chi2s": {
      "DEUTERON": 2.2057961231440455,
      "NMC": 2.805453431372549,
      "NUCLEAR": 1.8692772216796876,
      "HERACOMB": 2.548828125,
      "DYE886": 3.004882118918679,
      "CDF": 1.2411018099103654,
      "D0": 1.6181488037109375,
      "ATLAS": 3.201255580357143,
      "CMS": 2.7789114029681095,
      "LHCb": 1.8719263076782227,
      "total": 2.452235698699951
    }
  },
  "1800": {
    "training_loss": 9452.08642578125,
    "validation_loss": [
      2962.783935546875
    ],
    "validation_chi2s": {
      "DEUTERON": 2.225416800275964,
      "NMC": 2.7672711540670956,
      "NUCLEAR": 1.86839453125,
      "HERACOMB": 2.5892284119051268,
      "DYE886": 2.431975624778054,
      "CDF": 1.2145509719848633,
      "D0": 2.041946220397949,
      "ATLAS": 3.3232962472098215,
      "CMS": 2.990630603227459,
      "LHCb": 2.3277063369750977,
      "total": 2.5095126628875732
    }
  },
  "1900": {
    "training_loss": 8064.0712890625,
    "validation_loss": [
      2880.4833984375
    ],
    "validation_chi2s": {
      "DEUTERON": 2.179957755169465,
      "NMC": 2.7580988266888786,
      "NUCLEAR": 1.8668145751953125,
      "HERACOMB": 2.55986012976154,
      "DYE886": 2.7179222106933594,
      "CDF": 1.273111070905413,
      "D0": 1.7836748123168946,
      "ATLAS": 3.220035923549107,
      "CMS": 2.7609458047835553,
      "LHCb": 1.731390357017517,
      "total": 2.4414494037628174
    }
  },
  "2000": {
    "training_loss": 8161.2919921875,
    "validation_loss": [
      2885.64404296875
    ],
    "validation_chi2s": {
      "DEUTERON": 2.1785247954563123,
      "NMC": 2.7606503355736827,
      "NUCLEAR": 1.8750245361328124,
      "HERACOMB": 2.555777555976818,
      "DYE886": 3.024984186345881,
      "CDF": 1.250213623046875,
      "D0": 1.6833993911743164,
      "ATLAS": 3.212360142299107,
      "CMS": 2.7398156338050716,
      "LHCb": 1.852844476699829,
      "total": 2.4467239379882812
    }
  },
  "2100": {
    "training_loss": 9672.8623046875,
    "validation_loss": [
      3006.972900390625
    ],
    "validation_chi2s": {
      "DEUTERON": 2.22956445798352,
      "NMC": 2.8681574802772674,
      "NUCLEAR": 1.9030184326171875,
      "HERACOMB": 2.5612779006459356,
      "DYE886": 3.367942463267933,
      "CDF": 1.1441045488630022,
      "D0": 2.887630653381348,
      "ATLAS": 3.2050418526785713,
      "CMS": 2.913687033731429,
      "LHCb": 3.2265026569366455,
      "total": 2.5378434658050537
    }
  },
  "2200": {
    "training_loss": 8078.11328125,
    "validation_loss": [
      2878.925537109375
    ],
    "validation_chi2s": {
      "DEUTERON": 2.1868986063335667,
      "NMC": 2.76966827990962,
      "NUCLEAR": 1.8636387939453125,
      "HERACOMB": 2.548752329707925,
      "DYE886": 2.76750356500799,
      "CDF": 1.2474902016775948,
      "D0": 1.6507392883300782,
      "ATLAS": 3.2110787527901787,
      "CMS": 2.787052092004995,
      "LHCb": 1.7497023344039917,
      "total": 2.4410903453826904
    }
  },
  "2300": {
    "training_loss": 15494.68603515625,
    "validation_loss": [
      21434.265625
    ],
    "validation_chi2s": {
      "DEUTERON": 94.06212103544776,
      "NMC": 2.7325107350068936,
      "NUCLEAR": 1.85785498046875,
      "HERACOMB": 2.566195618872549,
      "DYE886": 1.9641177437522195,
      "CDF": 1.4849583762032645,
      "D0": 2.875813102722168,
      "ATLAS": 3.27250732421875,
      "CMS": 2.842403724545338,
      "LHCb": 3.6698079109191895,
      "total": 18.209882736206055
    }
  },
  "2400": {
    "training_loss": 8082.4990234375,
    "validation_loss": [
      2882.07861328125
    ],
    "validation_chi2s": {
      "DEUTERON": 2.194959649992226,
      "NMC": 2.7853441425398286,
      "NUCLEAR": 1.858163818359375,
      "HERACOMB": 2.538381938061683,
      "DYE886": 2.906239943070845,
      "CDF": 1.2352688653128487,
      "D0": 1.6572080612182618,
      "ATLAS": 3.214925362723214,
      "CMS": 2.8012257560354765,
      "LHCb": 1.7889220714569092,
      "total": 2.4449732303619385
    }
  },
  "2500": {
    "training_loss": 8147.9140625,
    "validation_loss": [
      2882.627685546875
    ],
    "validation_chi2s": {
      "DEUTERON": 2.200177700365361,
      "NMC": 2.8029833026960786,
      "NUCLEAR": 1.854508544921875,
      "HERACOMB": 2.5786601546543095,
      "DYE886": 3.018099698153409,
      "CDF": 1.2634108407156808,
      "D0": 1.7540077209472655,
      "ATLAS": 3.129737025669643,
      "CMS": 2.80490237376729,
      "LHCb": 1.656702995300293,
      "total": 2.443523406982422
    }
  },
  "2600": {
    "training_loss": 8061.75,
    "validation_loss": [
      2869.17529296875
    ],
    "validation_chi2s": {
      "DEUTERON": 2.1814452214027518,
      "NMC": 2.7606694838579964,
      "NUCLEAR": 1.8517679443359376,
      "HERACOMB": 2.5451339023565156,
      "DYE886": 2.6979392658580434,
      "CDF": 1.3151509421212333,
      "D0": 1.713262939453125,
      "ATLAS": 3.2321881975446427,
      "CMS": 2.7534942626953125,
      "LHCb": 1.7060258388519287,
      "total": 2.4344072341918945
    }
  },
  "2700": {
    "training_loss": 8655.94921875,
    "validation_loss": [
      2913.194091796875
    ],
    "validation_chi2s": {
      "DEUTERON": 2.2462952267471237,
      "NMC": 2.788932052313113,
      "NUCLEAR": 1.848419189453125,
      "HERACOMB": 2.533626980251736,
      "DYE886": 2.8253196369517934,
      "CDF": 1.1339529582432337,
      "D0": 1.476628303527832,
      "ATLAS": 3.3355214146205356,
      "CMS": 2.825404683097464,
      "LHCb": 1.8212153911590576,
      "total": 2.4682745933532715
    }
  },
  "2800": {
    "training_loss": 8071.8076171875,
    "validation_loss": [
      2892.92724609375
    ],
    "validation_chi2s": {
      "DEUTERON": 2.212216353535059,
      "NMC": 2.7942738252527572,
      "NUCLEAR": 1.8541728515625,
      "HERACOMB": 2.5467218137254903,
      "DYE886": 3.023326873779297,
      "CDF": 1.19961793082101,
      "D0": 1.6211259841918946,
      "ATLAS": 3.204505092075893,
      "CMS": 2.8419634709592727,
      "LHCb": 1.8444079160690308,
      "total": 2.455488443374634
    }
  },
  "2900": {
    "training_loss": 8961.291015625,
    "validation_loss": [
      12744.9482421875
    ],
    "validation_chi2s": {
      "DEUTERON": 50.662658387748756,
      "NMC": 2.8546705058976714,
      "NUCLEAR": 1.919002685546875,
      "HERACOMB": 2.5885075587852326,
      "DYE886": 3.1677367470481177,
      "CDF": 1.3148295538766044,
      "D0": 2.9272342681884767,
      "ATLAS": 3.2044161551339285,
      "CMS": 2.9873161941278177,
      "LHCb": 2.7071175575256348,
      "total": 10.816866874694824
    }
  },
  "3000": {
    "training_loss": 9788.1171875,
    "validation_loss": [
      2952.6875
    ],
    "validation_chi2s": {
      "DEUTERON": 2.2729126280219996,
      "NMC": 2.8282632266773895,
      "NUCLEAR": 1.9489019775390626,
      "HERACOMB": 2.583730261310253,
      "DYE886": 2.4785260287198154,
      "CDF": 1.305337769644601,
      "D0": 1.7612682342529298,
      "ATLAS": 3.233261021205357,
      "CMS": 2.8403445384541497,
      "LHCb": 2.124648094177246,
      "total": 2.500469923019409
    }
  },
  "3100": {
    "training_loss": 8056.12890625,
    "validation_loss": [
      2876.209716796875
    ],
    "validation_chi2s": {
      "DEUTERON": 2.1831991470868313,
      "NMC": 2.740626017252604,
      "NUCLEAR": 1.8497496337890624,
      "HERACOMB": 2.55453511157067,
      "DYE886": 2.705041018399325,
      "CDF": 1.302783829825265,
      "D0": 1.813045120239258,
      "ATLAS": 3.246341029575893,
      "CMS": 2.7576171374711835,
      "LHCb": 1.7358498573303223,
      "total": 2.440107822418213
    }
  },
  "3200": {
    "training_loss": 8076.9931640625,
    "validation_loss": [
      2877.515625
    ],
    "validation_chi2s": {
      "DEUTERON": 2.1907073822780627,
      "NMC": 2.7391115076401653,
      "NUCLEAR": 1.855199951171875,
      "HERACOMB": 2.533368079490911,
      "DYE886": 2.998320146040483,
      "CDF": 1.2299676622663225,
      "D0": 1.6225902557373046,
      "ATLAS": 3.2180855887276785,
      "CMS": 2.7996683589747695,
      "LHCb": 1.8106485605239868,
      "total": 2.442603349685669
    }
  },
  "3300": {
    "training_loss": 8065.69873046875,
    "validation_loss": [
      2888.884033203125
    ],
    "validation_chi2s": {
      "DEUTERON": 2.2227160705262747,
      "NMC": 2.7910664876302085,
      "NUCLEAR": 1.8511180419921875,
      "HERACOMB": 2.531286700878268,
      "DYE886": 3.020822698419744,
      "CDF": 1.1991180692400252,
      "D0": 1.5735249519348145,
      "ATLAS": 3.2033175223214285,
      "CMS": 2.846772741098873,
      "LHCb": 1.8721727132797241,
      "total": 2.45310115814209
    }
  },
  "3400": {
    "training_loss": 8073.4794921875,
    "validation_loss": [
      2872.201171875
    ],
    "validation_chi2s": {
      "DEUTERON": 2.2073658805581466,
      "NMC": 2.7497621424057903,
      "NUCLEAR": 1.8451873779296875,
      "HERACOMB": 2.52008056640625,
      "DYE886": 2.91063100641424,
      "CDF": 1.2138633728027344,
      "D0": 1.5943602561950683,
      "ATLAS": 3.211856863839286,
      "CMS": 2.80975341796875,
      "LHCb": 1.8265652656555176,
      "total": 2.4389026165008545
    }
  },
  "3500": {
    "training_loss": 8061.54736328125,
    "validation_loss": [
      2879.723388671875
    ],
    "validation_chi2s": {
      "DEUTERON": 2.225383397951648,
      "NMC": 2.794356701420803,
      "NUCLEAR": 1.8395404052734374,
      "HERACOMB": 2.517349143433415,
      "DYE886": 2.854916659268466,
      "CDF": 1.2220148359026228,
      "D0": 1.5417516708374024,
      "ATLAS": 3.2221847098214287,
      "CMS": 2.8375784451844264,
      "LHCb": 1.8674918413162231,
      "total": 2.446100950241089
    }
  },
  "3600": {
    "training_loss": 8058.80078125,
    "validation_loss": [
      2869.74658203125
    ],
    "validation_chi2s": {
      "DEUTERON": 2.207538965329602,
      "NMC": 2.7149529550589766,
      "NUCLEAR": 1.84000244140625,
      "HERACOMB": 2.53070068359375,
      "DYE886": 2.8883256045254795,
      "CDF": 1.2156244005475725,
      "D0": 1.5262166023254395,
      "ATLAS": 3.214601004464286,
      "CMS": 2.7967329181608607,
      "LHCb": 1.8330589532852173,
      "total": 2.4373319149017334
    }
  },
  "3700": {
    "training_loss": 8054.33251953125,
    "validation_loss": [
      2880.619873046875
    ],
    "validation_chi2s": {
      "DEUTERON": 2.22026707283893,
      "NMC": 2.740629607555913,
      "NUCLEAR": 1.8399437255859374,
      "HERACOMB": 2.5374003890293095,
      "DYE886": 2.909798362038352,
      "CDF": 1.1910264151436942,
      "D0": 1.4941446304321289,
      "ATLAS": 3.199599609375,
      "CMS": 2.8570136398565573,
      "LHCb": 1.841124415397644,
      "total": 2.4465749263763428
    }
  },
  "3800": {
    "training_loss": 8059.04638671875,
    "validation_loss": [
      2863.319091796875
    ],
    "validation_chi2s": {
      "DEUTERON": 2.1970222435187345,
      "NMC": 2.6943488027535234,
      "NUCLEAR": 1.8401475830078124,
      "HERACOMB": 2.5123249128753065,
      "DYE886": 2.769900235262784,
      "CDF": 1.2310199737548828,
      "D0": 1.6106580734252929,
      "ATLAS": 3.2465066964285714,
      "CMS": 2.801449634989754,
      "LHCb": 1.754538893699646,
      "total": 2.4315848350524902
    }
  },
  "3900": {
    "training_loss": 8052.998046875,
    "validation_loss": [
      2875.187744140625
    ],
    "validation_chi2s": {
      "DEUTERON": 2.2120924612775963,
      "NMC": 2.7085164388020835,
      "NUCLEAR": 1.8427193603515626,
      "HERACOMB": 2.5323163200827206,
      "DYE886": 3.02140287919478,
      "CDF": 1.1703123365129744,
      "D0": 1.4975123405456543,
      "ATLAS": 3.2063099888392856,
      "CMS": 2.81992202508645,
      "LHCb": 1.8419866561889648,
      "total": 2.4422192573547363
    }
  },
  "4000": {
    "training_loss": 8078.5625,
    "validation_loss": [
      2856.012451171875
    ],
    "validation_chi2s": {
      "DEUTERON": 2.1857240591476215,
      "NMC": 2.6573417513978246,
      "NUCLEAR": 1.8442940673828125,
      "HERACOMB": 2.5162766400505516,
      "DYE886": 2.9792320945046167,
      "CDF": 1.2780709947858537,
      "D0": 1.5103277206420898,
      "ATLAS": 3.221484375,
      "CMS": 2.7537344010149845,
      "LHCb": 1.7929863929748535,
      "total": 2.4256742000579834
    }
  },
  "4100": {
    "training_loss": 8080.6181640625,
    "validation_loss": [
      2859.828125
    ],
    "validation_chi2s": {
      "DEUTERON": 2.1881001790364585,
      "NMC": 2.6514560475068936,
      "NUCLEAR": 1.8477847900390625,
      "HERACOMB": 2.5103713889527164,
      "DYE886": 3.0310225053267046,
      "CDF": 1.2270307540893555,
      "D0": 1.5244710922241211,
      "ATLAS": 3.2310745675223216,
      "CMS": 2.760195122390497,
      "LHCb": 1.836341142654419,
      "total": 2.429093360900879
    }
  },
  "4200": {
    "training_loss": 8055.2509765625,
    "validation_loss": [
      2854.7607421875
    ],
    "validation_chi2s": {
      "DEUTERON": 2.2055565373814523,
      "NMC": 2.6300210391773895,
      "NUCLEAR": 1.83553125,
      "HERACOMB": 2.5015799329171773,
      "DYE886": 2.6917076110839844,
      "CDF": 1.2540225982666016,
      "D0": 1.5871118545532226,
      "ATLAS": 3.2373175920758928,
      "CMS": 2.7984131359663165,
      "LHCb": 1.8137826919555664,
      "total": 2.424880266189575
    }
  },
  "4300": {
    "training_loss": 8052.66943359375,
    "validation_loss": [
      2852.732421875
    ],
    "validation_chi2s": {
      "DEUTERON": 2.196398227369014,
      "NMC": 2.6236859489889706,
      "NUCLEAR": 1.8386859130859374,
      "HERACOMB": 2.5078605701720793,
      "DYE886": 2.8167124661532315,
      "CDF": 1.2383693967546736,
      "D0": 1.5847704887390137,
      "ATLAS": 3.2221226283482145,
      "CMS": 2.7907929967661373,
      "LHCb": 1.7610915899276733,
      "total": 2.4230852127075195
    }
  },
  "4400": {
    "training_loss": 8057.740234375,
    "validation_loss": [
      2850.4599609375
    ],
    "validation_chi2s": {
      "DEUTERON": 2.204016993887982,
      "NMC": 2.6267840815525427,
      "NUCLEAR": 1.839990966796875,
      "HERACOMB": 2.5010723039215685,
      "DYE886": 2.77634690024636,
      "CDF": 1.2302306038992745,
      "D0": 1.5267999649047852,
      "ATLAS": 3.2352151925223214,
      "CMS": 2.7810899077868854,
      "LHCb": 1.725993275642395,
      "total": 2.421722650527954
    }
  },
  "4500": {
    "training_loss": 8055.18994140625,
    "validation_loss": [
      2854.826904296875
    ],
    "validation_chi2s": {
      "DEUTERON": 2.189969190910681,
      "NMC": 2.6187397077971815,
      "NUCLEAR": 1.847865966796875,
      "HERACOMB": 2.5033002865859886,
      "DYE886": 3.033385536887429,
      "CDF": 1.2766299928937639,
      "D0": 1.4549373626708983,
      "ATLAS": 3.2255113002232143,
      "CMS": 2.757653158219134,
      "LHCb": 1.8632417917251587,
      "total": 2.4255595207214355
    }
  },
  "4600": {
    "training_loss": 8044.5927734375,
    "validation_loss": [
      2867.613525390625
    ],
    "validation_chi2s": {
      "DEUTERON": 2.229119447926384,
      "NMC": 2.639383353439032,
      "NUCLEAR": 1.838977294921875,
      "HERACOMB": 2.500323326759089,
      "DYE886": 2.91637524691495,
      "CDF": 1.2385313851492745,
      "D0": 1.4215104103088378,
      "ATLAS": 3.2412813895089285,
      "CMS": 2.8195875824474896,
      "LHCb": 1.8915401697158813,
      "total": 2.437324047088623
    }
  },
  "4700": {
    "training_loss": 8050.12841796875,
    "validation_loss": [
      2845.76123046875
    ],
    "validation_chi2s": {
      "DEUTERON": 2.2049924935867535,
      "NMC": 2.5814262838924633,
      "NUCLEAR": 1.8353184814453125,
      "HERACOMB": 2.4871146008859273,
      "DYE886": 2.765077764337713,
      "CDF": 1.309964997427804,
      "D0": 1.5612390518188477,
      "ATLAS": 3.2523308454241073,
      "CMS": 2.765627751584913,
      "LHCb": 1.7845720052719116,
      "total": 2.4183905124664307
    }
  },
  "4800": {
    "training_loss": 8051.9921875,
    "validation_loss": [
      2845.822265625
    ],
    "validation_chi2s": {
      "DEUTERON": 2.1878804828397076,
      "NMC": 2.559709436753217,
      "NUCLEAR": 1.8450335693359374,
      "HERACOMB": 2.48695383508221,
      "DYE886": 2.8977127075195312,
      "CDF": 1.2651256833757674,
      "D0": 1.5126069068908692,
      "ATLAS": 3.2540018136160715,
      "CMS": 2.75121570024334,
      "LHCb": 1.8254075050354004,
      "total": 2.418213367462158
    }
  },
  "4900": {
    "training_loss": 8044.78125,
    "validation_loss": [
      2844.90234375
    ],
    "validation_chi2s": {
      "DEUTERON": 2.20228174313977,
      "NMC": 2.5446938907398895,
      "NUCLEAR": 1.8468997802734375,
      "HERACOMB": 2.4852580151526755,
      "DYE886": 2.9635432850230825,
      "CDF": 1.3339650290352958,
      "D0": 1.4353732109069823,
      "ATLAS": 3.233189174107143,
      "CMS": 2.7554518902888065,
      "LHCb": 1.8133666515350342,
      "total": 2.417978286743164
    }
  },
  "5000": {
    "training_loss": 8053.56494140625,
    "validation_loss": [
      2849.8134765625
    ],
    "validation_chi2s": {
      "DEUTERON": 2.1920090101251555,
      "NMC": 2.5420388614430145,
      "NUCLEAR": 1.8526937255859375,
      "HERACOMB": 2.495867959814134,
      "DYE886": 3.05995004827326,
      "CDF": 1.280550411769322,
      "D0": 1.4291051864624023,
      "ATLAS": 3.221092354910714,
      "CMS": 2.7605708388031505,
      "LHCb": 1.8700125217437744,
      "total": 2.4218039512634277
    }
  },
  "5100": {
    "training_loss": 8044.2421875,
    "validation_loss": [
      2862.18017578125
    ],
    "validation_chi2s": {
      "DEUTERON": 2.2195124839668843,
      "NMC": 2.572044522154565,
      "NUCLEAR": 1.8467347412109374,
      "HERACOMB": 2.489778805402369,
      "DYE886": 3.0025388544256035,
      "CDF": 1.279881204877581,
      "D0": 1.3770407676696776,
      "ATLAS": 3.245631626674107,
      "CMS": 2.8150864898181354,
      "LHCb": 1.883995771408081,
      "total": 2.433122396469116
    }
  },
  "5200": {
    "training_loss": 8042.1162109375,
    "validation_loss": [
      2854.0986328125
    ],
    "validation_chi2s": {
      "DEUTERON": 2.2053076900652986,
      "NMC": 2.553029677447151,
      "NUCLEAR": 1.8499564208984376,
      "HERACOMB": 2.5021468019173816,
      "DYE886": 2.9875578446821733,
      "CDF": 1.2495886938912528,
      "D0": 1.3735780715942383,
      "ATLAS": 3.2334075055803573,
      "CMS": 2.781186213258837,
      "LHCb": 1.8154674768447876,
      "total": 2.426082134246826
    }
  },
  "5300": {
    "training_loss": 8037.55908203125,
    "validation_loss": [
      2856.651123046875
    ],
    "validation_chi2s": {
      "DEUTERON": 2.217296087919776,
      "NMC": 2.583530201631434,
      "NUCLEAR": 1.85296142578125,
      "HERACOMB": 2.493694829005821,
      "DYE886": 2.945917996493253,
      "CDF": 1.230903080531529,
      "D0": 1.3381646156311036,
      "ATLAS": 3.2549748883928573,
      "CMS": 2.7798702052382174,
      "LHCb": 1.767838954925537,
      "total": 2.428478956222534
    }
  },
  "5400": {
    "training_loss": 8052.21923828125,
    "validation_loss": [
      2851.56494140625
    ],
    "validation_chi2s": {
      "DEUTERON": 2.2123892864777672,
      "NMC": 2.5201864803538605,
      "NUCLEAR": 1.8478946533203124,
      "HERACOMB": 2.4838968912760415,
      "DYE886": 2.8877910267223013,
      "CDF": 1.3585871287754603,
      "D0": 1.4757840156555175,
      "ATLAS": 3.2528128487723214,
      "CMS": 2.784243974529329,
      "LHCb": 1.8400782346725464,
      "total": 2.4242072105407715
    }
  },
  "5500": {
    "training_loss": 8033.61376953125,
    "validation_loss": [
      2857.01318359375
    ],
    "validation_chi2s": {
      "DEUTERON": 2.213729782484064,
      "NMC": 2.5839891620710786,
      "NUCLEAR": 1.8497681884765624,
      "HERACOMB": 2.4868734521803515,
      "DYE886": 2.8873790394176138,
      "CDF": 1.2361935206821986,
      "D0": 1.3338729858398437,
      "ATLAS": 3.2567225864955356,
      "CMS": 2.7977162345511015,
      "LHCb": 1.8615816831588745,
      "total": 2.428997755050659
    }
  },
  "5600": {
    "training_loss": 8034.720703125,
    "validation_loss": [
      2855.75732421875
    ],
    "validation_chi2s": {
      "DEUTERON": 2.208086459790889,
      "NMC": 2.55572509765625,
      "NUCLEAR": 1.8582027587890626,
      "HERACOMB": 2.492105321946487,
      "DYE886": 3.0611717917702417,
      "CDF": 1.275113786969866,
      "D0": 1.3563011169433594,
      "ATLAS": 3.2366751534598213,
      "CMS": 2.771481623415087,
      "LHCb": 1.8554902076721191,
      "total": 2.427764892578125
    }
  },
  "5700": {
    "training_loss": 8124.84619140625,
    "validation_loss": [
      2851.722900390625
    ],
    "validation_chi2s": {
      "DEUTERON": 2.2086772254450406,
      "NMC": 2.5146047554764093,
      "NUCLEAR": 1.8497119140625,
      "HERACOMB": 2.4606943566814747,
      "DYE886": 3.0231787941672583,
      "CDF": 1.4752868924822127,
      "D0": 1.4203912734985351,
      "ATLAS": 3.3320863560267857,
      "CMS": 2.7081438908811477,
      "LHCb": 1.8525642156600952,
      "total": 2.4246773719787598
    }
  },
  "5800": {
    "training_loss": 8033.701171875,
    "validation_loss": [
      2853.318603515625
    ],
    "validation_chi2s": {
      "DEUTERON": 2.199476403383473,
      "NMC": 2.5698565314797794,
      "NUCLEAR": 1.8651785888671875,
      "HERACOMB": 2.48828164892259,
      "DYE886": 3.137197667902166,
      "CDF": 1.3183672768729073,
      "D0": 1.3583154678344727,
      "ATLAS": 3.238018973214286,
      "CMS": 2.736758372822746,
      "LHCb": 1.859517216682434,
      "total": 2.425798177719116
    }
  },
  "5900": {
    "training_loss": 83303.396484375,
    "validation_loss": [
      2849.744140625
    ],
    "validation_chi2s": {
      "DEUTERON": 2.1733778009367226,
      "NMC": 2.552957572189032,
      "NUCLEAR": 1.8627783203125,
      "HERACOMB": 2.4873164557164014,
      "DYE886": 2.99881987138228,
      "CDF": 1.5688659123011999,
      "D0": 1.4962416648864747,
      "ATLAS": 3.2991695731026787,
      "CMS": 2.6906270511814805,
      "LHCb": 1.7892869710922241,
      "total": 2.4223215579986572
    }
  },
  "6000": {
    "training_loss": 8030.6640625,
    "validation_loss": [
      2840.05029296875
    ],
    "validation_chi2s": {
      "DEUTERON": 2.190370474288713,
      "NMC": 2.578235102634804,
      "NUCLEAR": 1.8504215087890625,
      "HERACOMB": 2.485969294130413,
      "DYE886": 2.7314380298961294,
      "CDF": 1.4081592559814453,
      "D0": 1.517800521850586,
      "ATLAS": 3.2339564732142856,
      "CMS": 2.746188304463371,
      "LHCb": 1.81379234790802,
      "total": 2.4142956733703613
    }
  },
  "6100": {
    "training_loss": 8027.74658203125,
    "validation_loss": [
      2886.80908203125
    ],
    "validation_chi2s": {
      "DEUTERON": 2.204091997288946,
      "NMC": 2.612481809129902,
      "NUCLEAR": 1.85969970703125,
      "HERACOMB": 2.5211845846737133,
      "DYE886": 3.1173574274236504,
      "CDF": 1.2494006838117326,
      "D0": 1.3629559516906737,
      "ATLAS": 3.26037353515625,
      "CMS": 2.8527071593237703,
      "LHCb": 2.0070598125457764,
      "total": 2.454460382461548
    }
  },
  "6200": {
    "training_loss": 8019.24951171875,
    "validation_loss": [
      2866.32177734375
    ],
    "validation_chi2s": {
      "DEUTERON": 2.2131215565240203,
      "NMC": 2.6371172736672794,
      "NUCLEAR": 1.852835693359375,
      "HERACOMB": 2.4826520533343546,
      "DYE886": 2.864575819535689,
      "CDF": 1.331432615007673,
      "D0": 1.3210929870605468,
      "ATLAS": 3.2674972098214288,
      "CMS": 2.8306974817494877,
      "LHCb": 1.9121850728988647,
      "total": 2.4371848106384277
    }
  },
  "6300": {
    "training_loss": 8023.87255859375,
    "validation_loss": [
      2877.136474609375
    ],
    "validation_chi2s": {
      "DEUTERON": 2.193484178229944,
      "NMC": 2.6458812040441178,
      "NUCLEAR": 1.8631278076171875,
      "HERACOMB": 2.5067058887357025,
      "DYE886": 3.0390791459517046,
      "CDF": 1.2734621592930384,
      "D0": 1.3907810211181642,
      "ATLAS": 3.2521268136160715,
      "CMS": 2.8296113561411373,
      "LHCb": 2.0025057792663574,
      "total": 2.44622540473938
    }
  },
  "6400": {
    "training_loss": 8022.630859375,
    "validation_loss": [
      2884.548828125
    ],
    "validation_chi2s": {
      "DEUTERON": 2.225217145473803,
      "NMC": 2.6524332083907782,
      "NUCLEAR": 1.860216552734375,
      "HERACOMB": 2.48512198254953,
      "DYE886": 3.018777673894709,
      "CDF": 1.2764084679739816,
      "D0": 1.3474723815917968,
      "ATLAS": 3.288973911830357,
      "CMS": 2.8496836677926485,
      "LHCb": 2.0088019371032715,
      "total": 2.452704429626465
    }
  },
  "6500": {
    "training_loss": 8019.60498046875,
    "validation_loss": [
      2845.215576171875
    ],
    "validation_chi2s": {
      "DEUTERON": 2.187757046068486,
      "NMC": 2.612131156173407,
      "NUCLEAR": 1.8516177978515624,
      "HERACOMB": 2.4707601709303515,
      "DYE886": 2.7494836287064985,
      "CDF": 1.4132848467145647,
      "D0": 1.5547438621520997,
      "ATLAS": 3.2767442103794644,
      "CMS": 2.7261542648565573,
      "LHCb": 1.9013978242874146,
      "total": 2.418970823287964
    }
  },
  "6600": {
    "training_loss": 8013.919921875,
    "validation_loss": [
      2847.212890625
    ],
    "validation_chi2s": {
      "DEUTERON": 2.190950308273088,
      "NMC": 2.649818270814185,
      "NUCLEAR": 1.854977783203125,
      "HERACOMB": 2.4577495101230595,
      "DYE886": 2.7472258481112393,
      "CDF": 1.5246639251708984,
      "D0": 1.6211183547973633,
      "ATLAS": 3.2925945172991073,
      "CMS": 2.729287819784196,
      "LHCb": 1.8407769203186035,
      "total": 2.420699119567871
    }
  },
  "6700": {
    "training_loss": 9503.251953125,
    "validation_loss": [
      59019.55859375
    ],
    "validation_chi2s": {
      "DEUTERON": 279.81782493781094,
      "NMC": 2.523093429266238,
      "NUCLEAR": 1.973431396484375,
      "HERACOMB": 2.52189706041922,
      "DYE886": 4.618941567160866,
      "CDF": 1.2143042428152901,
      "D0": 3.1753421783447267,
      "ATLAS": 3.4450460379464287,
      "CMS": 2.88654064741291,
      "LHCb": 8.27252197265625,
      "total": 50.16900634765625
    }
  },
  "6800": {
    "training_loss": 8032.4189453125,
    "validation_loss": [
      2850.34912109375
    ],
    "validation_chi2s": {
      "DEUTERON": 2.1929010040131374,
      "NMC": 2.6801784739774814,
      "NUCLEAR": 1.864932373046875,
      "HERACOMB": 2.475420783547794,
      "DYE886": 2.958525917746804,
      "CDF": 1.3259438105991908,
      "D0": 1.3489771842956544,
      "ATLAS": 3.24515625,
      "CMS": 2.7385689156954407,
      "LHCb": 1.8480572700500488,
      "total": 2.423621416091919
    }
  },
  "6900": {
    "training_loss": 8054.5078125,
    "validation_loss": [
      2844.849365234375
    ],
    "validation_chi2s": {
      "DEUTERON": 2.194847752205768,
      "NMC": 2.6666762408088234,
      "NUCLEAR": 1.8614908447265626,
      "HERACOMB": 2.4754656623391544,
      "DYE886": 2.959803494540128,
      "CDF": 1.3667834145682198,
      "D0": 1.462069606781006,
      "ATLAS": 3.2258133370535713,
      "CMS": 2.7226777623911373,
      "LHCb": 1.8307558298110962,
      "total": 2.418879508972168
    }
  },
  "7000": {
    "training_loss": 8016.375,
    "validation_loss": [
      2856.93701171875
    ],
    "validation_chi2s": {
      "DEUTERON": 2.191740576900653,
      "NMC": 2.597625732421875,
      "NUCLEAR": 1.8582958984375,
      "HERACOMB": 2.4859736822789014,
      "DYE886": 2.800699060613459,
      "CDF": 1.3983080727713448,
      "D0": 1.5861140251159669,
      "ATLAS": 3.282759486607143,
      "CMS": 2.7500235135438014,
      "LHCb": 1.8994457721710205,
      "total": 2.4288549423217773
    }
  },
  "7100": {
    "training_loss": 8052.8623046875,
    "validation_loss": [
      2904.55615234375
    ],
    "validation_chi2s": {
      "DEUTERON": 2.2624895845479633,
      "NMC": 2.659220078412224,
      "NUCLEAR": 1.8729627685546875,
      "HERACOMB": 2.489510729421977,
      "DYE886": 3.146736838600852,
      "CDF": 1.3638331549508231,
      "D0": 1.364882469177246,
      "ATLAS": 3.2943533761160713,
      "CMS": 2.843414556784708,
      "LHCb": 2.1227874755859375,
      "total": 2.4695348739624023
    }
  },
  "7200": {
    "training_loss": 8023.7880859375,
    "validation_loss": [
      2833.265625
    ],
    "validation_chi2s": {
      "DEUTERON": 2.1732604373153763,
      "NMC": 2.6829100964116117,
      "NUCLEAR": 1.8685203857421875,
      "HERACOMB": 2.468270295585682,
      "DYE886": 2.9301393682306465,
      "CDF": 1.6150553567068917,
      "D0": 1.4571591377258302,
      "ATLAS": 3.251431361607143,
      "CMS": 2.6563795746349896,
      "LHCb": 1.6765624284744263,
      "total": 2.409135580062866
    }
  },
  "7300": {
    "training_loss": 8033.482421875,
    "validation_loss": [
      2875.160888671875
    ],
    "validation_chi2s": {
      "DEUTERON": 2.2031228743975437,
      "NMC": 2.664041556564032,
      "NUCLEAR": 1.8675687255859375,
      "HERACOMB": 2.504632887497447,
      "DYE886": 3.0147136341441763,
      "CDF": 1.3982857295445033,
      "D0": 1.442138671875,
      "ATLAS": 3.2403864397321427,
      "CMS": 2.8123248991419056,
      "LHCb": 1.9450575113296509,
      "total": 2.444685220718384
    }
  },
  "7400": {
    "training_loss": 8033.072265625,
    "validation_loss": [
      2861.96923828125
    ],
    "validation_chi2s": {
      "DEUTERON": 2.201767043687811,
      "NMC": 2.6266401702282476,
      "NUCLEAR": 1.8601099853515626,
      "HERACOMB": 2.486957026462929,
      "DYE886": 2.9371573708274146,
      "CDF": 1.2653567450387138,
      "D0": 1.4791930198669434,
      "ATLAS": 3.2917560686383927,
      "CMS": 2.75537609663166,
      "LHCb": 1.8237131834030151,
      "total": 2.4331541061401367
    }
  },
  "7500": {
    "training_loss": 8055.85693359375,
    "validation_loss": [
      2852.0771484375
    ],
    "validation_chi2s": {
      "DEUTERON": 2.1766044654656405,
      "NMC": 2.6644523471009496,
      "NUCLEAR": 1.869398681640625,
      "HERACOMB": 2.5000480701720793,
      "DYE886": 3.0641746520996094,
      "CDF": 1.4100558417184013,
      "D0": 1.4897290229797364,
      "ATLAS": 3.230731724330357,
      "CMS": 2.7111308613761524,
      "LHCb": 1.7747094631195068,
      "total": 2.424196720123291
    }
  },
  "7600": {
    "training_loss": 8023.4013671875,
    "validation_loss": [
      2864.06396484375
    ],
    "validation_chi2s": {
      "DEUTERON": 2.2449870702639148,
      "NMC": 2.7132071700750613,
      "NUCLEAR": 1.8599266357421875,
      "HERACOMB": 2.4524651820363563,
      "DYE886": 2.8915587338534268,
      "CDF": 1.3731337956019811,
      "D0": 1.3973757743835449,
      "ATLAS": 3.2873468889508928,
      "CMS": 2.7598421690893953,
      "LHCb": 1.8624423742294312,
      "total": 2.435235023498535
    }
  },
  "7700": {
    "training_loss": 8022.5458984375,
    "validation_loss": [
      2862.698486328125
    ],
    "validation_chi2s": {
      "DEUTERON": 2.2298090540947606,
      "NMC": 2.698011510512408,
      "NUCLEAR": 1.863547119140625,
      "HERACOMB": 2.4688946094388275,
      "DYE886": 3.020027507435192,
      "CDF": 1.3297895703996931,
      "D0": 1.3142010688781738,
      "ATLAS": 3.288082798549107,
      "CMS": 2.728729498190958,
      "LHCb": 1.8199117183685303,
      "total": 2.4341888427734375
    }
  },
  "7800": {
    "training_loss": 8024.19091796875,
    "validation_loss": [
      2854.47509765625
    ],
    "validation_chi2s": {
      "DEUTERON": 2.207625052229089,
      "NMC": 2.617974973192402,
      "NUCLEAR": 1.8527783203125,
      "HERACOMB": 2.476400537428513,
      "DYE886": 2.883087331598455,
      "CDF": 1.431021281651088,
      "D0": 1.454936408996582,
      "ATLAS": 3.30113037109375,
      "CMS": 2.724034543897285,
      "LHCb": 1.8099327087402344,
      "total": 2.427011013031006
    }
  },
  "7900": {
    "training_loss": 8068.8720703125,
    "validation_loss": [
      2877.943115234375
    ],
    "validation_chi2s": {
      "DEUTERON": 2.230750240496735,
      "NMC": 2.659573424096201,
      "NUCLEAR": 1.8600606689453125,
      "HERACOMB": 2.473532483468648,
      "DYE886": 3.144402937455611,
      "CDF": 1.2729218346732003,
      "D0": 1.3167746543884278,
      "ATLAS": 3.331425083705357,
      "CMS": 2.771633460873463,
      "LHCb": 1.859484314918518,
      "total": 2.447136163711548
    }
  },
  "8000": {
    "training_loss": 8036.91796875,
    "validation_loss": [
      2863.7724609375
    ],
    "validation_chi2s": {
      "DEUTERON": 2.2090170181805813,
      "NMC": 2.6993291518267464,
      "NUCLEAR": 1.86638232421875,
      "HERACOMB": 2.498220805249183,
      "DYE886": 3.0479989485307173,
      "CDF": 1.347580909729004,
      "D0": 1.344418716430664,
      "ATLAS": 3.2616053989955356,
      "CMS": 2.727997826748207,
      "LHCb": 1.7959983348846436,
      "total": 2.435145616531372
    }
  },
  "8100": {
    "training_loss": 8011.7314453125,
    "validation_loss": [
      2867.18408203125
    ],
    "validation_chi2s": {
      "DEUTERON": 2.193515910438044,
      "NMC": 2.6333025764016544,
      "NUCLEAR": 1.8626055908203125,
      "HERACOMB": 2.5191768072789014,
      "DYE886": 3.0021005110307173,
      "CDF": 1.3939860207693917,
      "D0": 1.3964996337890625,
      "ATLAS": 3.2548025948660713,
      "CMS": 2.737575843685963,
      "LHCb": 1.9197988510131836,
      "total": 2.437493324279785
    }
  },
  "8200": {
    "training_loss": 8168.2421875,
    "validation_loss": [
      2853.05322265625
    ],
    "validation_chi2s": {
      "DEUTERON": 2.1838325766188587,
      "NMC": 2.6407979329427085,
      "NUCLEAR": 1.8610628662109374,
      "HERACOMB": 2.4889580221737133,
      "DYE886": 3.050535028631037,
      "CDF": 1.5446251460484095,
      "D0": 1.4853958129882812,
      "ATLAS": 3.2978452845982145,
      "CMS": 2.658535816630379,
      "LHCb": 1.8097944259643555,
      "total": 2.4257428646087646
    }
  },
  "8300": {
    "training_loss": 8032.6318359375,
    "validation_loss": [
      2859.13427734375
    ],
    "validation_chi2s": {
      "DEUTERON": 2.2278920643365203,
      "NMC": 2.7428175982306984,
      "NUCLEAR": 1.85755126953125,
      "HERACOMB": 2.456825007021038,
      "DYE886": 2.814768357710405,
      "CDF": 1.4357688086373466,
      "D0": 1.4619606018066407,
      "ATLAS": 3.2762779017857144,
      "CMS": 2.7459276543288933,
      "LHCb": 1.8834187984466553,
      "total": 2.431192636489868
    }
  },
  "8400": {
    "training_loss": 8020.76416015625,
    "validation_loss": [
      2872.349853515625
    ],
    "validation_chi2s": {
      "DEUTERON": 2.208507480906017,
      "NMC": 2.709873872644761,
      "NUCLEAR": 1.861908447265625,
      "HERACOMB": 2.485122182010825,
      "DYE886": 2.7907704440030185,
      "CDF": 1.4123156411307198,
      "D0": 1.4961169242858887,
      "ATLAS": 3.271552734375,
      "CMS": 2.7990009745613476,
      "LHCb": 1.9958544969558716,
      "total": 2.4423041343688965
    }
  },
  "8500": {
    "training_loss": 8029.30078125,
    "validation_loss": [
      2853.82568359375
    ],
    "validation_chi2s": {
      "DEUTERON": 2.1882230084926926,
      "NMC": 2.670376646752451,
      "NUCLEAR": 1.8603077392578125,
      "HERACOMB": 2.489449494804432,
      "DYE886": 2.8894381089644,
      "CDF": 1.5573859895978654,
      "D0": 1.587003517150879,
      "ATLAS": 3.29709716796875,
      "CMS": 2.68093997142354,
      "LHCb": 1.7648601531982422,
      "total": 2.4266600608825684
    }
  },
  "8600": {
    "training_loss": 8039.634765625,
    "validation_loss": [
      2850.055419921875
    ],
    "validation_chi2s": {
      "DEUTERON": 2.200962654986785,
      "NMC": 2.6979501761642157,
      "NUCLEAR": 1.8600457763671876,
      "HERACOMB": 2.4668208103553924,
      "DYE886": 2.923885692249645,
      "CDF": 1.508340835571289,
      "D0": 1.5048519134521485,
      "ATLAS": 3.2604457310267856,
      "CMS": 2.7060979624263575,
      "LHCb": 1.8565300703048706,
      "total": 2.423393726348877
    }
  },
  "8700": {
    "training_loss": 8015.60595703125,
    "validation_loss": [
      2879.92431640625
    ],
    "validation_chi2s": {
      "DEUTERON": 2.218976224832867,
      "NMC": 2.701662549785539,
      "NUCLEAR": 1.8588203125,
      "HERACOMB": 2.517422944112541,
      "DYE886": 2.901274941184304,
      "CDF": 1.3145249230521066,
      "D0": 1.363164520263672,
      "ATLAS": 3.203345424107143,
      "CMS": 2.843081364866163,
      "LHCb": 2.0802884101867676,
      "total": 2.448560953140259
    }
  },
  "8800": {
    "training_loss": 8038.11962890625,
    "validation_loss": [
      2866.56689453125
    ],
    "validation_chi2s": {
      "DEUTERON": 2.2452901204427085,
      "NMC": 2.6875909543504903,
      "NUCLEAR": 1.85772314453125,
      "HERACOMB": 2.455996045879289,
      "DYE886": 2.893598729913885,
      "CDF": 1.4129383904593331,
      "D0": 1.3554590225219727,
      "ATLAS": 3.3022792271205357,
      "CMS": 2.728126650950948,
      "LHCb": 2.0116689205169678,
      "total": 2.437537670135498
    }
  },
  "8900": {
    "training_loss": 8030.8779296875,
    "validation_loss": [
      2866.163818359375
    ],
    "validation_chi2s": {
      "DEUTERON": 2.2160970963055813,
      "NMC": 2.6668096804151347,
      "NUCLEAR": 1.8560972900390624,
      "HERACOMB": 2.4729789783752043,
      "DYE886": 2.8039507432417436,
      "CDF": 1.4635133743286133,
      "D0": 1.5051260948181153,
      "ATLAS": 3.2940394810267857,
      "CMS": 2.76947271628458,
      "LHCb": 1.9560751914978027,
      "total": 2.437167167663574
    }
  },
  "9000": {
    "training_loss": 8046.35986328125,
    "validation_loss": [
      2848.37353515625
    ],
    "validation_chi2s": {
      "DEUTERON": 2.2073012015119713,
      "NMC": 2.6339485318053004,
      "NUCLEAR": 1.8562528076171876,
      "HERACOMB": 2.4811957864200367,
      "DYE886": 2.828196785666726,
      "CDF": 1.4643361227852958,
      "D0": 1.5059188842773437,
      "ATLAS": 3.243573172433036,
      "CMS": 2.715325777647925,
      "LHCb": 1.8830657005310059,
      "total": 2.4217612743377686
    }
  },
  "9100": {
    "training_loss": 8037.02734375,
    "validation_loss": [
      2855.654296875
    ],
    "validation_chi2s": {
      "DEUTERON": 2.230869881549285,
      "NMC": 2.7178817449831496,
      "NUCLEAR": 1.85873583984375,
      "HERACOMB": 2.463193407245711,
      "DYE886": 2.859378121115945,
      "CDF": 1.4206609725952148,
      "D0": 1.414797592163086,
      "ATLAS": 3.257970493861607,
      "CMS": 2.7168368980532787,
      "LHCb": 1.9243645668029785,
      "total": 2.4282443523406982
    }
  },
  "9200": {
    "training_loss": 8024.31591796875,
    "validation_loss": [
      2871.370849609375
    ],
    "validation_chi2s": {
      "DEUTERON": 2.2095179012165733,
      "NMC": 2.63401824352788,
      "NUCLEAR": 1.8624957275390626,
      "HERACOMB": 2.4959277982026142,
      "DYE886": 2.8509159088134766,
      "CDF": 1.4135099138532365,
      "D0": 1.525424098968506,
      "ATLAS": 3.274778878348214,
      "CMS": 2.776277135630123,
      "LHCb": 1.9954265356063843,
      "total": 2.4416160583496094
    }
  },
  "9300": {
    "training_loss": 8032.2763671875,
    "validation_loss": [
      2847.60302734375
    ],
    "validation_chi2s": {
      "DEUTERON": 2.212936173624067,
      "NMC": 2.6245554007735907,
      "NUCLEAR": 1.862966064453125,
      "HERACOMB": 2.477087482128268,
      "DYE886": 2.791308142922141,
      "CDF": 1.4441999707903181,
      "D0": 1.6177669525146485,
      "ATLAS": 3.2577486746651787,
      "CMS": 2.704586591876921,
      "LHCb": 1.7915616035461426,
      "total": 2.4213216304779053
    }
  },
  "9400": {
    "training_loss": 8018.8720703125,
    "validation_loss": [
      2878.35107421875
    ],
    "validation_chi2s": {
      "DEUTERON": 2.2309344087667133,
      "NMC": 2.645666384229473,
      "NUCLEAR": 1.8718759765625,
      "HERACOMB": 2.5105638691023286,
      "DYE886": 3.1388189142400567,
      "CDF": 1.2540599278041296,
      "D0": 1.3438043594360352,
      "ATLAS": 3.220973423549107,
      "CMS": 2.766143548684042,
      "LHCb": 2.0661330223083496,
      "total": 2.4473423957824707
    }
  },
  "9500": {
    "training_loss": 8033.3798828125,
    "validation_loss": [
      2849.63037109375
    ],
    "validation_chi2s": {
      "DEUTERON": 2.2448267391071983,
      "NMC": 2.6908757826861214,
      "NUCLEAR": 1.8645706787109375,
      "HERACOMB": 2.4517287709354574,
      "DYE886": 2.7377071380615234,
      "CDF": 1.499359403337751,
      "D0": 1.515080165863037,
      "ATLAS": 3.264927455357143,
      "CMS": 2.7002163246029713,
      "LHCb": 1.81537663936615,
      "total": 2.4231061935424805
    }
  },
  "9600": {
    "training_loss": 8023.62890625,
    "validation_loss": [
      2862.388671875
    ],
    "validation_chi2s": {
      "DEUTERON": 2.216691657678405,
      "NMC": 2.6792061001646754,
      "NUCLEAR": 1.864244140625,
      "HERACOMB": 2.4910896650326797,
      "DYE886": 2.751900412819602,
      "CDF": 1.3495066506522042,
      "D0": 1.6442108154296875,
      "ATLAS": 3.2360836356026788,
      "CMS": 2.769199558945953,
      "LHCb": 1.8999418020248413,
      "total": 2.433600902557373
    }
  },
  "9700": {
    "training_loss": 8039.4541015625,
    "validation_loss": [
      2849.15771484375
    ],
    "validation_chi2s": {
      "DEUTERON": 2.2093707791608366,
      "NMC": 2.6595111921721815,
      "NUCLEAR": 1.866432373046875,
      "HERACOMB": 2.465179443359375,
      "DYE886": 2.712420030073686,
      "CDF": 1.4176736559186662,
      "D0": 1.7199195861816405,
      "ATLAS": 3.2617822265625,
      "CMS": 2.7123943391393444,
      "LHCb": 1.8654612302780151,
      "total": 2.422522783279419
    }
  },
  "9800": {
    "training_loss": 8085.96484375,
    "validation_loss": [
      2851.676025390625
    ],
    "validation_chi2s": {
      "DEUTERON": 2.2404293231110075,
      "NMC": 2.692726883233762,
      "NUCLEAR": 1.8654739990234375,
      "HERACOMB": 2.4463239682266136,
      "DYE886": 2.7426707527854224,
      "CDF": 1.4383370535714286,
      "D0": 1.582845401763916,
      "ATLAS": 3.286294294084821,
      "CMS": 2.6949067662973873,
      "LHCb": 1.841452717781067,
      "total": 2.4248650074005127
    }
  },
  "9900": {
    "training_loss": 8082.4697265625,
    "validation_loss": [
      2865.742919921875
    ],
    "validation_chi2s": {
      "DEUTERON": 2.2557363937150186,
      "NMC": 2.696269615023744,
      "NUCLEAR": 1.8749969482421875,
      "HERACOMB": 2.4569019990808822,
      "DYE886": 2.896121285178445,
      "CDF": 1.2940830503191267,
      "D0": 1.4573253631591796,
      "ATLAS": 3.2588609095982144,
      "CMS": 2.751027842037013,
      "LHCb": 1.9035236835479736,
      "total": 2.4367852210998535
    }
  },
  "10000": {
    "training_loss": 8045.7568359375,
    "validation_loss": [
      2868.873046875
    ],
    "validation_chi2s": {
      "DEUTERON": 2.2482685449704602,
      "NMC": 2.6926547779756436,
      "NUCLEAR": 1.8773565673828125,
      "HERACOMB": 2.458181343826593,
      "DYE886": 3.0358040549538354,
      "CDF": 1.3824996948242188,
      "D0": 1.375524139404297,
      "ATLAS": 3.2885707310267858,
      "CMS": 2.6811948682441087,
      "LHCb": 2.0393080711364746,
      "total": 2.4395015239715576
    }
  },
  "10100": {
    "training_loss": 17957.1875,
    "validation_loss": [
      46792.296875
    ],
    "validation_chi2s": {
      "DEUTERON": 212.2049129353234,
      "NMC": 2.722363041896446,
      "NUCLEAR": 2.49612353515625,
      "HERACOMB": 3.081774543313419,
      "DYE886": 32.61964000355113,
      "CDF": 1.8632193974086217,
      "D0": 10.930165100097657,
      "ATLAS": 4.847798549107143,
      "CMS": 4.0756733378425976,
      "LHCb": 6.72096061706543,
      "total": 39.76166915893555
    }
  },
  "10200": {
    "training_loss": 16076.27734375,
    "validation_loss": [
      12609.203125
    ],
    "validation_chi2s": {
      "DEUTERON": 43.36984996890547,
      "NMC": 2.656786750344669,
      "NUCLEAR": 2.76680322265625,
      "HERACOMB": 2.872500351051879,
      "DYE886": 24.89958329634233,
      "CDF": 1.9158714839390345,
      "D0": 2.741459274291992,
      "ATLAS": 4.919031110491072,
      "CMS": 3.7039897480949024,
      "LHCb": 7.941183090209961,
      "total": 10.696407318115234
    }
  },
  "10300": {
    "training_loss": 8089.408203125,
    "validation_loss": [
      2857.308349609375
    ],
    "validation_chi2s": {
      "DEUTERON": 2.272483104497046,
      "NMC": 2.683893839518229,
      "NUCLEAR": 1.8345592041015626,
      "HERACOMB": 2.4652642144097223,
      "DYE886": 3.001480449329723,
      "CDF": 1.243171555655343,
      "D0": 1.4971007347106933,
      "ATLAS": 3.3070933314732143,
      "CMS": 2.6314857357838113,
      "LHCb": 1.910447597503662,
      "total": 2.4296607971191406
    }
  },
  "10400": {
    "training_loss": 8094.1640625,
    "validation_loss": [
      2859.853759765625
    ],
    "validation_chi2s": {
      "DEUTERON": 2.254487905929338,
      "NMC": 2.6058726591222428,
      "NUCLEAR": 1.8342677001953125,
      "HERACOMB": 2.4737345377604165,
      "DYE886": 2.7150624015114526,
      "CDF": 1.2776095526559013,
      "D0": 1.5354455947875976,
      "ATLAS": 3.3175631277901787,
      "CMS": 2.691188374503714,
      "LHCb": 2.0412614345550537,
      "total": 2.4318275451660156
    }
  },
  "10500": {
    "training_loss": 8129.56884765625,
    "validation_loss": [
      2850.4619140625
    ],
    "validation_chi2s": {
      "DEUTERON": 2.249890379644745,
      "NMC": 2.6937578986672794,
      "NUCLEAR": 1.8464560546875,
      "HERACOMB": 2.4619194479549633,
      "DYE886": 2.877771030772816,
      "CDF": 1.2301562173025948,
      "D0": 1.4785920143127442,
      "ATLAS": 3.2544192940848213,
      "CMS": 2.721585633324795,
      "LHCb": 1.8000794649124146,
      "total": 2.423841953277588
    }
  },
  "10600": {
    "training_loss": 8062.97021484375,
    "validation_loss": [
      2857.03271484375
    ],
    "validation_chi2s": {
      "DEUTERON": 2.2272566610307836,
      "NMC": 2.6552653593175553,
      "NUCLEAR": 1.84556494140625,
      "HERACOMB": 2.4660480972988155,
      "DYE886": 2.640983234752308,
      "CDF": 1.418752942766462,
      "D0": 1.9074472427368163,
      "ATLAS": 3.315498046875,
      "CMS": 2.7163321072938014,
      "LHCb": 1.846680998802185,
      "total": 2.4293408393859863
    }
  },
  "10700": {
    "training_loss": 8049.3095703125,
    "validation_loss": [
      2861.551025390625
    ],
    "validation_chi2s": {
      "DEUTERON": 2.195087793454602,
      "NMC": 2.618772020526961,
      "NUCLEAR": 1.851634765625,
      "HERACOMB": 2.5135675567427493,
      "DYE886": 2.7216453552246094,
      "CDF": 1.4602820532662528,
      "D0": 2.158616638183594,
      "ATLAS": 3.2777291434151787,
      "CMS": 2.7046266149302,
      "LHCb": 1.837188482284546,
      "total": 2.4327139854431152
    }
  },
  "10800": {
    "training_loss": 8054.61279296875,
    "validation_loss": [
      2878.6005859375
    ],
    "validation_chi2s": {
      "DEUTERON": 2.2464188153470928,
      "NMC": 2.7623099532781863,
      "NUCLEAR": 1.862867919921875,
      "HERACOMB": 2.503054949193219,
      "DYE886": 2.9608213251287285,
      "CDF": 1.2140494755336217,
      "D0": 1.4314403533935547,
      "ATLAS": 3.235284946986607,
      "CMS": 2.7575578533235143,
      "LHCb": 1.9721280336380005,
      "total": 2.4470372200012207
    }
  },
  "10900": {
    "training_loss": 8081.53466796875,
    "validation_loss": [
      2855.38818359375
    ],
    "validation_chi2s": {
      "DEUTERON": 2.187826887292055,
      "NMC": 2.6123067818435968,
      "NUCLEAR": 1.86864208984375,
      "HERACOMB": 2.4969314874387254,
      "DYE886": 3.0103204900568183,
      "CDF": 1.4296410424368722,
      "D0": 1.7590034484863282,
      "ATLAS": 3.2802280970982145,
      "CMS": 2.664522264824539,
      "LHCb": 1.8127206563949585,
      "total": 2.427845001220703
    }
  },
  "11000": {
    "training_loss": 8156.92919921875,
    "validation_loss": [
      2867.39453125
    ],
    "validation_chi2s": {
      "DEUTERON": 2.225212590611396,
      "NMC": 2.6567403755935968,
      "NUCLEAR": 1.86454931640625,
      "HERACOMB": 2.488943660960478,
      "DYE886": 2.877355922352184,
      "CDF": 1.3249849591936385,
      "D0": 1.513928508758545,
      "ATLAS": 3.2978853934151786,
      "CMS": 2.715523391473489,
      "LHCb": 1.8976482152938843,
      "total": 2.438248634338379
    }
  },
  "11100": {
    "training_loss": 8068.84228515625,
    "validation_loss": [
      2859.391357421875
    ],
    "validation_chi2s": {
      "DEUTERON": 2.2348945579718595,
      "NMC": 2.7082627240349266,
      "NUCLEAR": 1.8726328125,
      "HERACOMB": 2.469436944699755,
      "DYE886": 3.0705073963512075,
      "CDF": 1.2331209182739258,
      "D0": 1.483262062072754,
      "ATLAS": 3.2520577566964284,
      "CMS": 2.659335527263704,
      "LHCb": 1.9883954524993896,
      "total": 2.4314069747924805
    }
  },
  "11200": {
    "training_loss": 8110.58447265625,
    "validation_loss": [
      2854.734619140625
    ],
    "validation_chi2s": {
      "DEUTERON": 2.2149863171933304,
      "NMC": 2.6623675776462927,
      "NUCLEAR": 1.8697120361328126,
      "HERACOMB": 2.4824174868515114,
      "DYE886": 2.883793917569247,
      "CDF": 1.2753034319196428,
      "D0": 1.5366081237792968,
      "ATLAS": 3.2414815848214285,
      "CMS": 2.6971660676549694,
      "LHCb": 1.9572553634643555,
      "total": 2.427485466003418
    }
  },
  "11300": {
    "training_loss": 8080.3486328125,
    "validation_loss": [
      2865.034912109375
    ],
    "validation_chi2s": {
      "DEUTERON": 2.186663119947139,
      "NMC": 2.581616569967831,
      "NUCLEAR": 1.8670521240234375,
      "HERACOMB": 2.5090260225183822,
      "DYE886": 2.9936159307306465,
      "CDF": 1.4409943989345007,
      "D0": 1.8492229461669922,
      "ATLAS": 3.3189153180803572,
      "CMS": 2.6613969646516393,
      "LHCb": 1.8551870584487915,
      "total": 2.436234712600708
    }
  },
  "11400": {
    "training_loss": 8123.34228515625,
    "validation_loss": [
      2860.11181640625
    ],
    "validation_chi2s": {
      "DEUTERON": 2.2084144098841727,
      "NMC": 2.696367151596967,
      "NUCLEAR": 1.869932861328125,
      "HERACOMB": 2.4636972464767157,
      "DYE886": 3.095581748268821,
      "CDF": 1.2133445739746094,
      "D0": 1.6103357315063476,
      "ATLAS": 3.2671990094866072,
      "CMS": 2.7160589499551744,
      "LHCb": 1.9180892705917358,
      "total": 2.4319541454315186
    }
  },
  "11500": {
    "training_loss": 8101.00927734375,
    "validation_loss": [
      2866.984375
    ],
    "validation_chi2s": {
      "DEUTERON": 2.208428529957634,
      "NMC": 2.658160639744179,
      "NUCLEAR": 1.87113232421875,
      "HERACOMB": 2.4683823928334356,
      "DYE886": 2.9511153481223364,
      "CDF": 1.2906152180262975,
      "D0": 1.622484016418457,
      "ATLAS": 3.325316685267857,
      "CMS": 2.7274244965099896,
      "LHCb": 1.8605467081069946,
      "total": 2.437896251678467
    }
  },
  "11600": {
    "training_loss": 8083.7265625,
    "validation_loss": [
      2858.50634765625
    ],
    "validation_chi2s": {
      "DEUTERON": 2.20037841796875,
      "NMC": 2.6333935307521448,
      "NUCLEAR": 1.8688319091796874,
      "HERACOMB": 2.4936966241574754,
      "DYE886": 2.714555566961115,
      "CDF": 1.2496098109654017,
      "D0": 2.0732275009155274,
      "ATLAS": 3.293170340401786,
      "CMS": 2.7049387947457735,
      "LHCb": 1.7414387464523315,
      "total": 2.430349826812744
    }
  },
  "11700": {
    "training_loss": 8068.95166015625,
    "validation_loss": [
      2874.81005859375
    ],
    "validation_chi2s": {
      "DEUTERON": 2.218342036157105,
      "NMC": 2.591388178806679,
      "NUCLEAR": 1.879082275390625,
      "HERACOMB": 2.4887033101000817,
      "DYE886": 3.1431648947975854,
      "CDF": 1.2567408425467355,
      "D0": 1.5581977844238282,
      "ATLAS": 3.3296833147321427,
      "CMS": 2.6597094926677767,
      "LHCb": 2.0207321643829346,
      "total": 2.444500684738159
    }
  },
  "11800": {
    "training_loss": 8108.2841796875,
    "validation_loss": [
      2866.976806640625
    ],
    "validation_chi2s": {
      "DEUTERON": 2.2419524690998136,
      "NMC": 2.7410236433440565,
      "NUCLEAR": 1.86606787109375,
      "HERACOMB": 2.465472252540339,
      "DYE886": 2.9280884482643823,
      "CDF": 1.158050264630999,
      "D0": 1.5423799514770509,
      "ATLAS": 3.2523134068080357,
      "CMS": 2.7668254414542774,
      "LHCb": 1.904206395149231,
      "total": 2.437896728515625
    }
  },
  "11900": {
    "training_loss": 8073.626953125,
    "validation_loss": [
      2884.52978515625
    ],
    "validation_chi2s": {
      "DEUTERON": 2.262259563996424,
      "NMC": 2.8001080681295956,
      "NUCLEAR": 1.8651302490234376,
      "HERACOMB": 2.4940716113919525,
      "DYE886": 2.970772483132102,
      "CDF": 1.1557482310703822,
      "D0": 1.3875436782836914,
      "ATLAS": 3.229457310267857,
      "CMS": 2.7819976806640625,
      "LHCb": 2.050647497177124,
      "total": 2.4527978897094727
    }
  },
  "12000": {
    "training_loss": 8083.3291015625,
    "validation_loss": [
      2876.9833984375
    ],
    "validation_chi2s": {
      "DEUTERON": 2.2462931011446674,
      "NMC": 2.798410752240349,
      "NUCLEAR": 1.857460205078125,
      "HERACOMB": 2.474160387625102,
      "DYE886": 2.8755361383611504,
      "CDF": 1.2184230259486608,
      "D0": 1.4163040161132812,
      "ATLAS": 3.301798270089286,
      "CMS": 2.750467019002946,
      "LHCb": 1.936026930809021,
      "total": 2.446394681930542
    }
  },
  "12100": {
    "training_loss": 8077.7451171875,
    "validation_loss": [
      2858.096923828125
    ],
    "validation_chi2s": {
      "DEUTERON": 2.2001435388973105,
      "NMC": 2.585853427064185,
      "NUCLEAR": 1.8500648193359375,
      "HERACOMB": 2.516345454197304,
      "DYE886": 2.758647918701172,
      "CDF": 1.396386010306222,
      "D0": 1.7939960479736328,
      "ATLAS": 3.3365764508928573,
      "CMS": 2.652764742491675,
      "LHCb": 1.7337546348571777,
      "total": 2.4303133487701416
    }
  },
  "12200": {
    "training_loss": 8132.32763671875,
    "validation_loss": [
      2849.87841796875
    ],
    "validation_chi2s": {
      "DEUTERON": 2.209960633842506,
      "NMC": 2.643002977558211,
      "NUCLEAR": 1.8497569580078126,
      "HERACOMB": 2.48771617615145,
      "DYE886": 2.75370268388228,
      "CDF": 1.3825804846627372,
      "D0": 1.6643159866333008,
      "ATLAS": 3.3156124441964288,
      "CMS": 2.667391417456455,
      "LHCb": 1.7074826955795288,
      "total": 2.4233603477478027
    }
  },
  "12300": {
    "training_loss": 8077.5546875,
    "validation_loss": [
      2851.63330078125
    ],
    "validation_chi2s": {
      "DEUTERON": 2.1937419834421643,
      "NMC": 2.5974480124080883,
      "NUCLEAR": 1.8435325927734374,
      "HERACOMB": 2.4995855194291257,
      "DYE886": 2.6383717276833276,
      "CDF": 1.4929347719464983,
      "D0": 1.8220485687255858,
      "ATLAS": 3.3693603515625,
      "CMS": 2.636840570168417,
      "LHCb": 1.6984120607376099,
      "total": 2.424800395965576
    }
  },
  "12400": {
    "training_loss": 8440.6923828125,
    "validation_loss": [
      2857.164306640625
    ],
    "validation_chi2s": {
      "DEUTERON": 2.2304109032474346,
      "NMC": 2.693202897614124,
      "NUCLEAR": 1.8434937744140625,
      "HERACOMB": 2.487429949193219,
      "DYE886": 2.6742317893288354,
      "CDF": 1.2902885164533342,
      "D0": 1.5629519462585448,
      "ATLAS": 3.31140625,
      "CMS": 2.7052847440125514,
      "LHCb": 1.763349175453186,
      "total": 2.429553985595703
    }
  },
  "12500": {
    "training_loss": 8084.36962890625,
    "validation_loss": [
      2875.405517578125
    ],
    "validation_chi2s": {
      "DEUTERON": 2.239427405210277,
      "NMC": 2.718798469094669,
      "NUCLEAR": 1.85312060546875,
      "HERACOMB": 2.5032278821359273,
      "DYE886": 2.9915379610928623,
      "CDF": 1.4145479202270508,
      "D0": 1.4506452560424805,
      "ATLAS": 3.2385909598214284,
      "CMS": 2.7655574610975924,
      "LHCb": 1.9675921201705933,
      "total": 2.4450578689575195
    }
  },
  "12600": {
    "training_loss": 8085.8623046875,
    "validation_loss": [
      2873.6533203125
    ],
    "validation_chi2s": {
      "DEUTERON": 2.189426858626788,
      "NMC": 2.5717414407169117,
      "NUCLEAR": 1.851822998046875,
      "HERACOMB": 2.5543390411177493,
      "DYE886": 2.8917062932794746,
      "CDF": 1.5276738575526647,
      "D0": 1.8216917037963867,
      "ATLAS": 3.289229213169643,
      "CMS": 2.6977353955878587,
      "LHCb": 1.865754246711731,
      "total": 2.44284725189209
    }
  },
  "12700": {
    "training_loss": 8209.65234375,
    "validation_loss": [
      2860.6630859375
    ],
    "validation_chi2s": {
      "DEUTERON": 2.2280546729244404,
      "NMC": 2.6317668241613053,
      "NUCLEAR": 1.8363819580078125,
      "HERACOMB": 2.4928752425449345,
      "DYE886": 2.7144636674360796,
      "CDF": 1.514021737234933,
      "D0": 1.6638492584228515,
      "ATLAS": 3.3185152762276786,
      "CMS": 2.720587308289575,
      "LHCb": 1.7812327146530151,
      "total": 2.432466506958008
    }
  },
  "12800": {
    "training_loss": 8112.37255859375,
    "validation_loss": [
      2862.419189453125
    ],
    "validation_chi2s": {
      "DEUTERON": 2.202963606042055,
      "NMC": 2.527156156652114,
      "NUCLEAR": 1.8417579345703126,
      "HERACOMB": 2.510641459546058,
      "DYE886": 2.90904409235174,
      "CDF": 1.671689578465053,
      "D0": 1.6873933792114257,
      "ATLAS": 3.3667728097098215,
      "CMS": 2.6505904901223105,
      "LHCb": 1.777700424194336,
      "total": 2.434009313583374
    }
  },
  "12900": {
    "training_loss": 8074.43505859375,
    "validation_loss": [
      2855.80517578125
    ],
    "validation_chi2s": {
      "DEUTERON": 2.199649943641169,
      "NMC": 2.566063076842065,
      "NUCLEAR": 1.839251708984375,
      "HERACOMB": 2.5070441750919117,
      "DYE886": 2.8087983564897017,
      "CDF": 1.6992090770176478,
      "D0": 1.8463211059570312,
      "ATLAS": 3.3092759486607144,
      "CMS": 2.6758933145491803,
      "LHCb": 1.8150620460510254,
      "total": 2.428386688232422
    }
  },
  "13000": {
    "training_loss": 8101.96826171875,
    "validation_loss": [
      2845.3642578125
    ],
    "validation_chi2s": {
      "DEUTERON": 2.212667436742071,
      "NMC": 2.6241392247817097,
      "NUCLEAR": 1.838959228515625,
      "HERACOMB": 2.5026079564312704,
      "DYE886": 2.7809628573330967,
      "CDF": 1.452476910182408,
      "D0": 1.566690444946289,
      "ATLAS": 3.252529994419643,
      "CMS": 2.6840940381659837,
      "LHCb": 1.7992439270019531,
      "total": 2.419522523880005
    }
  },
  "13100": {
    "training_loss": 8080.78759765625,
    "validation_loss": [
      2858.20849609375
    ],
    "validation_chi2s": {
      "DEUTERON": 2.244997394618703,
      "NMC": 2.682930740655637,
      "NUCLEAR": 1.842954345703125,
      "HERACOMB": 2.4851788290185866,
      "DYE886": 2.892147410999645,
      "CDF": 1.3933605466570174,
      "D0": 1.4987791061401368,
      "ATLAS": 3.2151461356026787,
      "CMS": 2.73953121998271,
      "LHCb": 1.9890185594558716,
      "total": 2.430414915084839
    }
  },
  "13200": {
    "training_loss": 8088.8974609375,
    "validation_loss": [
      2871.18310546875
    ],
    "validation_chi2s": {
      "DEUTERON": 2.264452578416511,
      "NMC": 2.69158187567019,
      "NUCLEAR": 1.834035888671875,
      "HERACOMB": 2.5070427788628473,
      "DYE886": 2.707106503573331,
      "CDF": 1.3122363771711076,
      "D0": 1.483154296875,
      "ATLAS": 3.2400156947544643,
      "CMS": 2.7976019187051744,
      "LHCb": 1.9123718738555908,
      "total": 2.4414703845977783
    }
  },
  "13300": {
    "training_loss": 8088.5888671875,
    "validation_loss": [
      2864.32080078125
    ],
    "validation_chi2s": {
      "DEUTERON": 2.198549640712453,
      "NMC": 2.5143354827282476,
      "NUCLEAR": 1.8431851806640625,
      "HERACOMB": 2.556314306321487,
      "DYE886": 2.855093002319336,
      "CDF": 1.4619614737374442,
      "D0": 1.707192611694336,
      "ATLAS": 3.28351318359375,
      "CMS": 2.687766403448386,
      "LHCb": 1.8109471797943115,
      "total": 2.435168504714966
    }
  },
  "13400": {
    "training_loss": 8087.85595703125,
    "validation_loss": [
      2860.972412109375
    ],
    "validation_chi2s": {
      "DEUTERON": 2.1986855274409205,
      "NMC": 2.5547913196040133,
      "NUCLEAR": 1.8431351318359375,
      "HERACOMB": 2.514074587354473,
      "DYE886": 2.8844673850319604,
      "CDF": 1.6039747510637556,
      "D0": 1.7161569595336914,
      "ATLAS": 3.2944527762276787,
      "CMS": 2.7183635273917774,
      "LHCb": 1.8318229913711548,
      "total": 2.432786226272583
    }
  },
  "13500": {
    "training_loss": 8110.197265625,
    "validation_loss": [
      2852.39501953125
    ],
    "validation_chi2s": {
      "DEUTERON": 2.2052859785544934,
      "NMC": 2.551122927198223,
      "NUCLEAR": 1.8435926513671874,
      "HERACOMB": 2.5051526836320464,
      "DYE886": 2.926328485662287,
      "CDF": 1.4512528010777064,
      "D0": 1.5738558769226074,
      "ATLAS": 3.2702305385044643,
      "CMS": 2.6861347135950306,
      "LHCb": 1.9144123792648315,
      "total": 2.425494432449341
    }
  },
  "13600": {
    "training_loss": 8111.57080078125,
    "validation_loss": [
      2863.635498046875
    ],
    "validation_chi2s": {
      "DEUTERON": 2.1980100413460044,
      "NMC": 2.519658406575521,
      "NUCLEAR": 1.844832275390625,
      "HERACOMB": 2.4806231330422794,
      "DYE886": 2.8348908857865767,
      "CDF": 1.6067207881382533,
      "D0": 1.6193439483642578,
      "ATLAS": 3.4282707868303572,
      "CMS": 2.660833390032659,
      "LHCb": 1.8333808183670044,
      "total": 2.435056686401367
    }
  },
  "13700": {
    "training_loss": 8307.1337890625,
    "validation_loss": [
      2876.620849609375
    ],
    "validation_chi2s": {
      "DEUTERON": 2.24610498532727,
      "NMC": 2.677047131108303,
      "NUCLEAR": 1.8487972412109375,
      "HERACOMB": 2.4970144633374183,
      "DYE886": 2.8036029122092505,
      "CDF": 1.3449343272617884,
      "D0": 1.5564399719238282,
      "ATLAS": 3.266559361049107,
      "CMS": 2.804717517289959,
      "LHCb": 1.9328327178955078,
      "total": 2.4461007118225098
    }
  },
  "13800": {
    "training_loss": 8113.02490234375,
    "validation_loss": [
      2856.561767578125
    ],
    "validation_chi2s": {
      "DEUTERON": 2.214259664810712,
      "NMC": 2.633065017999387,
      "NUCLEAR": 1.8522064208984375,
      "HERACOMB": 2.476505254608354,
      "DYE886": 2.891280087557706,
      "CDF": 1.6028810228620256,
      "D0": 1.6120826721191406,
      "ATLAS": 3.282066476004464,
      "CMS": 2.7242561715548157,
      "LHCb": 1.8333059549331665,
      "total": 2.429039478302002
    }
  },
  "13900": {
    "training_loss": 8064.94189453125,
    "validation_loss": [
      2863.608154296875
    ],
    "validation_chi2s": {
      "DEUTERON": 2.1898656437053017,
      "NMC": 2.5861200070848653,
      "NUCLEAR": 1.8503546142578124,
      "HERACOMB": 2.524838715596916,
      "DYE886": 2.832445491443981,
      "CDF": 1.53957884652274,
      "D0": 1.882463264465332,
      "ATLAS": 3.2924919782366073,
      "CMS": 2.704557575163294,
      "LHCb": 1.8133645057678223,
      "total": 2.4348039627075195
    }
  },
  "14000": {
    "training_loss": 8091.1669921875,
    "validation_loss": [
      2848.077880859375
    ],
    "validation_chi2s": {
      "DEUTERON": 2.1890380252060013,
      "NMC": 2.610723757276348,
      "NUCLEAR": 1.85457080078125,
      "HERACOMB": 2.494421665964563,
      "DYE886": 2.8865713639692827,
      "CDF": 1.4833454404558455,
      "D0": 1.54193172454834,
      "ATLAS": 3.313156040736607,
      "CMS": 2.6554505395107584,
      "LHCb": 1.7161815166473389,
      "total": 2.4218294620513916
    }
  },
  "14100": {
    "training_loss": 8188.24560546875,
    "validation_loss": [
      2891.99267578125
    ],
    "validation_chi2s": {
      "DEUTERON": 2.2527446082575406,
      "NMC": 2.7280572629442403,
      "NUCLEAR": 1.8599525146484375,
      "HERACOMB": 2.4949468475541257,
      "DYE886": 3.156880118630149,
      "CDF": 1.3863773345947266,
      "D0": 1.4436996459960938,
      "ATLAS": 3.2931270926339287,
      "CMS": 2.7833627169249486,
      "LHCb": 1.94232177734375,
      "total": 2.459174633026123
    }
  },
  "14200": {
    "training_loss": 8207.6015625,
    "validation_loss": [
      2857.6435546875
    ],
    "validation_chi2s": {
      "DEUTERON": 2.2324402462783737,
      "NMC": 2.7533027798521754,
      "NUCLEAR": 1.847471923828125,
      "HERACOMB": 2.4574331645092933,
      "DYE886": 2.7403413599187676,
      "CDF": 1.5253755024501257,
      "D0": 1.620296096801758,
      "ATLAS": 3.3014111328125,
      "CMS": 2.7129964359471055,
      "LHCb": 1.8348565101623535,
      "total": 2.429929733276367
    }
  },
  "14300": {
    "training_loss": 8093.82421875,
    "validation_loss": [
      2863.07470703125
    ],
    "validation_chi2s": {
      "DEUTERON": 2.21601025026236,
      "NMC": 2.689193127202053,
      "NUCLEAR": 1.8463582763671875,
      "HERACOMB": 2.4832087498085174,
      "DYE886": 2.879595149647106,
      "CDF": 1.4307008470807756,
      "D0": 1.6065082550048828,
      "ATLAS": 3.253056640625,
      "CMS": 2.779381673844134,
      "LHCb": 1.9142409563064575,
      "total": 2.434587240219116
    }
  },
  "14400": {
    "training_loss": 8065.0537109375,
    "validation_loss": [
      2864.24609375
    ],
    "validation_chi2s": {
      "DEUTERON": 2.196918999970849,
      "NMC": 2.596207263422947,
      "NUCLEAR": 1.853130859375,
      "HERACOMB": 2.524847491893893,
      "DYE886": 3.2664323286576704,
      "CDF": 1.396975108555385,
      "D0": 1.5557395935058593,
      "ATLAS": 3.24670654296875,
      "CMS": 2.693510462026127,
      "LHCb": 1.87598717212677,
      "total": 2.4352760314941406
    }
  },
  "14500": {
    "training_loss": 8453.708984375,
    "validation_loss": [
      2883.5126953125
    ],
    "validation_chi2s": {
      "DEUTERON": 2.2099533460626555,
      "NMC": 2.603963814529718,
      "NUCLEAR": 1.845432373046875,
      "HERACOMB": 2.4893543517667482,
      "DYE886": 2.9803407842462715,
      "CDF": 1.5709833417619978,
      "D0": 1.5956146240234375,
      "ATLAS": 3.364234095982143,
      "CMS": 2.7771446353099387,
      "LHCb": 1.978894591331482,
      "total": 2.4519565105438232
    }
  },
  "14600": {
    "training_loss": 8082.7587890625,
    "validation_loss": [
      2864.703125
    ],
    "validation_chi2s": {
      "DEUTERON": 2.1698710123697915,
      "NMC": 2.5477812523935355,
      "NUCLEAR": 1.8532904052734376,
      "HERACOMB": 2.5156082452512254,
      "DYE886": 2.9966631802645596,
      "CDF": 1.7425323213849748,
      "D0": 1.7552072525024414,
      "ATLAS": 3.3682107979910714,
      "CMS": 2.6474776971535605,
      "LHCb": 1.7940642833709717,
      "total": 2.4359652996063232
    }
  },
  "14700": {
    "training_loss": 8065.529296875,
    "validation_loss": [
      2856.66748046875
    ],
    "validation_chi2s": {
      "DEUTERON": 2.184868807816387,
      "NMC": 2.5614567176968444,
      "NUCLEAR": 1.84791064453125,
      "HERACOMB": 2.511993408203125,
      "DYE886": 2.9961027665571733,
      "CDF": 1.5824729374476842,
      "D0": 1.798295021057129,
      "ATLAS": 3.277772042410714,
      "CMS": 2.695771014104124,
      "LHCb": 1.8292278051376343,
      "total": 2.4289493560791016
    }
  },
  "14800": {
    "training_loss": 8244.234375,
    "validation_loss": [
      2873.03076171875
    ],
    "validation_chi2s": {
      "DEUTERON": 2.2266792563063587,
      "NMC": 2.547021604051777,
      "NUCLEAR": 1.8441170654296875,
      "HERACOMB": 2.4886221293530433,
      "DYE886": 2.845972928133878,
      "CDF": 1.7838637488228934,
      "D0": 2.0031352996826173,
      "ATLAS": 3.317384207589286,
      "CMS": 2.750155089331455,
      "LHCb": 1.9299647808074951,
      "total": 2.4429914951324463
    }
  },
  "14900": {
    "training_loss": 8131.447265625,
    "validation_loss": [
      2865.57763671875
    ],
    "validation_chi2s": {
      "DEUTERON": 2.2187351207828048,
      "NMC": 2.53680419921875,
      "NUCLEAR": 1.8567603759765625,
      "HERACOMB": 2.4855422474979574,
      "DYE886": 3.143910841508345,
      "CDF": 1.537459373474121,
      "D0": 1.4710235595703125,
      "ATLAS": 3.345318777901786,
      "CMS": 2.6707528536436986,
      "LHCb": 1.8614866733551025,
      "total": 2.4367153644561768
    }
  },
  "15000": {
    "training_loss": 8077.6396484375,
    "validation_loss": [
      2849.03125
    ],
    "validation_chi2s": {
      "DEUTERON": 2.227578234316698,
      "NMC": 2.5190531412760415,
      "NUCLEAR": 1.8520718994140626,
      "HERACOMB": 2.4741292716630925,
      "DYE886": 2.950773065740412,
      "CDF": 1.599663325718471,
      "D0": 1.6186147689819337,
      "ATLAS": 3.2662663922991073,
      "CMS": 2.7096435046586835,
      "LHCb": 1.819893717765808,
      "total": 2.4226419925689697
    }
  },
  "15100": {
    "training_loss": 8068.29296875,
    "validation_loss": [
      2874.515380859375
    ],
    "validation_chi2s": {
      "DEUTERON": 2.2461957789179103,
      "NMC": 2.5751680860332415,
      "NUCLEAR": 1.8684730224609376,
      "HERACOMB": 2.512736800449346,
      "DYE886": 3.360125108198686,
      "CDF": 1.3236149379185267,
      "D0": 1.3770905494689942,
      "ATLAS": 3.1920504324776786,
      "CMS": 2.76648449506916,
      "LHCb": 1.956307053565979,
      "total": 2.4443159103393555
    }
  },
  "15200": {
    "training_loss": 8119.654296875,
    "validation_loss": [
      2863.353515625
    ],
    "validation_chi2s": {
      "DEUTERON": 2.2194277635261193,
      "NMC": 2.3887466729856004,
      "NUCLEAR": 1.85350830078125,
      "HERACOMB": 2.4938737457873774,
      "DYE886": 2.928495927290483,
      "CDF": 1.5726470947265625,
      "D0": 1.683121681213379,
      "ATLAS": 3.3368055943080357,
      "CMS": 2.7274975385822233,
      "LHCb": 1.8736783266067505,
      "total": 2.4348244667053223
    }
  },
  "15300": {
    "training_loss": 8098.7587890625,
    "validation_loss": [
      2858.95556640625
    ],
    "validation_chi2s": {
      "DEUTERON": 2.224071142092273,
      "NMC": 2.4750951131184897,
      "NUCLEAR": 1.8628154296875,
      "HERACOMB": 2.4701179055606617,
      "DYE886": 3.2284826798872515,
      "CDF": 1.6590687888009208,
      "D0": 1.5051231384277344,
      "ATLAS": 3.283220912388393,
      "CMS": 2.715761028352331,
      "LHCb": 1.8921706676483154,
      "total": 2.431084394454956
    }
  },
  "15400": {
    "training_loss": 8188.751953125,
    "validation_loss": [
      2874.30078125
    ],
    "validation_chi2s": {
      "DEUTERON": 2.204864198295631,
      "NMC": 2.4383399813782933,
      "NUCLEAR": 1.87938818359375,
      "HERACOMB": 2.520751953125,
      "DYE886": 3.2649494517933237,
      "CDF": 1.700815064566476,
      "D0": 1.536623477935791,
      "ATLAS": 3.3005235072544643,
      "CMS": 2.6835187067751023,
      "LHCb": 1.9210566282272339,
      "total": 2.4441206455230713
    }
  },
  "15500": {
    "training_loss": 8190.021484375,
    "validation_loss": [
      2875.9912109375
    ],
    "validation_chi2s": {
      "DEUTERON": 2.2174520160428326,
      "NMC": 2.4645517386642157,
      "NUCLEAR": 1.8649840087890626,
      "HERACOMB": 2.495095845141442,
      "DYE886": 3.181646867231889,
      "CDF": 1.7016961233956474,
      "D0": 1.5456718444824218,
      "ATLAS": 3.3299644252232143,
      "CMS": 2.736995509413422,
      "LHCb": 1.9003031253814697,
      "total": 2.445559024810791
    }
  },
  "15600": {
    "training_loss": 8207.5048828125,
    "validation_loss": [
      2904.9482421875
    ],
    "validation_chi2s": {
      "DEUTERON": 2.2222604324568564,
      "NMC": 2.5064098881740198,
      "NUCLEAR": 1.855150146484375,
      "HERACOMB": 2.5404250201056984,
      "DYE886": 3.1804650046608667,
      "CDF": 1.435929298400879,
      "D0": 1.47686767578125,
      "ATLAS": 3.3242100306919644,
      "CMS": 2.8475802061987703,
      "LHCb": 2.0424253940582275,
      "total": 2.4701943397521973
    }
  },
  "15700": {
    "training_loss": 8083.6669921875,
    "validation_loss": [
      2864.13134765625
    ],
    "validation_chi2s": {
      "DEUTERON": 2.2011096252137747,
      "NMC": 2.4759204340916052,
      "NUCLEAR": 1.846381591796875,
      "HERACOMB": 2.481179829516442,
      "DYE886": 2.8429298400878906,
      "CDF": 1.9370388303484236,
      "D0": 1.9394245147705078,
      "ATLAS": 3.376198032924107,
      "CMS": 2.7087865110303535,
      "LHCb": 1.8061020374298096,
      "total": 2.435485601425171
    }
  },
  "15800": {
    "training_loss": 8097.146484375,
    "validation_loss": [
      2869.257080078125
    ],
    "validation_chi2s": {
      "DEUTERON": 2.1933696993547884,
      "NMC": 2.458308350806143,
      "NUCLEAR": 1.8497896728515626,
      "HERACOMB": 2.497109406913807,
      "DYE886": 2.9225508949973364,
      "CDF": 1.9700783320835658,
      "D0": 2.0455343246459963,
      "ATLAS": 3.37234130859375,
      "CMS": 2.7205140160732584,
      "LHCb": 1.7452685832977295,
      "total": 2.4398441314697266
    }
  },
  "15900": {
    "training_loss": 8173.578125,
    "validation_loss": [
      2858.32177734375
    ],
    "validation_chi2s": {
      "DEUTERON": 2.1821756695040424,
      "NMC": 2.576847151214001,
      "NUCLEAR": 1.856129150390625,
      "HERACOMB": 2.496054855047488,
      "DYE886": 3.0299353166060015,
      "CDF": 1.6030491420200892,
      "D0": 1.7572072982788085,
      "ATLAS": 3.3247188895089286,
      "CMS": 2.6606885566086067,
      "LHCb": 1.830578088760376,
      "total": 2.4305458068847656
    }
  },
  "16000": {
    "training_loss": 8079.703125,
    "validation_loss": [
      2861.9794921875
    ],
    "validation_chi2s": {
      "DEUTERON": 2.2126861116779386,
      "NMC": 2.5189885158164826,
      "NUCLEAR": 1.8527620849609374,
      "HERACOMB": 2.478350471047794,
      "DYE886": 2.9338701421564277,
      "CDF": 1.4987794331141882,
      "D0": 1.810982894897461,
      "ATLAS": 3.342430594308036,
      "CMS": 2.6898996321881405,
      "LHCb": 1.904646635055542,
      "total": 2.433650016784668
    }
  },
  "16100": {
    "training_loss": 8085.4521484375,
    "validation_loss": [
      2851.62841796875
    ],
    "validation_chi2s": {
      "DEUTERON": 2.201241260737329,
      "NMC": 2.601024253695619,
      "NUCLEAR": 1.8501702880859374,
      "HERACOMB": 2.4887216605392157,
      "DYE886": 2.6018203388560903,
      "CDF": 1.3724857057843889,
      "D0": 1.7435264587402344,
      "ATLAS": 3.2666978236607145,
      "CMS": 2.7206828633292774,
      "LHCb": 2.006441831588745,
      "total": 2.424555540084839
    }
  },
  "16200": {
    "training_loss": 8072.146484375,
    "validation_loss": [
      2862.142578125
    ],
    "validation_chi2s": {
      "DEUTERON": 2.189502773000233,
      "NMC": 2.544090420592065,
      "NUCLEAR": 1.8536597900390626,
      "HERACOMB": 2.505367303985396,
      "DYE886": 2.8998567407781426,
      "CDF": 1.2751328604561942,
      "D0": 1.722287940979004,
      "ATLAS": 3.29168212890625,
      "CMS": 2.6975465368052,
      "LHCb": 2.0786855220794678,
      "total": 2.4332520961761475
    }
  },
  "16300": {
    "training_loss": 8097.7939453125,
    "validation_loss": [
      2869.21142578125
    ],
    "validation_chi2s": {
      "DEUTERON": 2.1814910736843127,
      "NMC": 2.48577132879519,
      "NUCLEAR": 1.8535255126953125,
      "HERACOMB": 2.5066995059742645,
      "DYE886": 2.7066705877130683,
      "CDF": 1.549567358834403,
      "D0": 1.978474235534668,
      "ATLAS": 3.3763950892857144,
      "CMS": 2.7058228039350665,
      "LHCb": 1.9466749429702759,
      "total": 2.43974232673645
    }
  },
  "16400": {
    "training_loss": 8371.1748046875,
    "validation_loss": [
      2891.25341796875
    ],
    "validation_chi2s": {
      "DEUTERON": 2.17303026493509,
      "NMC": 2.423629162358303,
      "NUCLEAR": 1.8526634521484375,
      "HERACOMB": 2.5603767345154207,
      "DYE886": 2.65110952203924,
      "CDF": 1.4787135805402483,
      "D0": 2.0755443572998047,
      "ATLAS": 3.424234444754464,
      "CMS": 2.750338695088371,
      "LHCb": 1.868090271949768,
      "total": 2.458348035812378
    }
  },
  "16500": {
    "training_loss": 9167.2734375,
    "validation_loss": [
      2842.53125
    ],
    "validation_chi2s": {
      "DEUTERON": 2.222649114048896,
      "NMC": 2.556819840973499,
      "NUCLEAR": 1.842401611328125,
      "HERACOMB": 2.4641007566763684,
      "DYE886": 2.5082178982821377,
      "CDF": 1.4329482487269811,
      "D0": 1.5634082794189452,
      "ATLAS": 3.2728470284598212,
      "CMS": 2.759730854972464,
      "LHCb": 1.8877054452896118,
      "total": 2.4170520305633545
    }
  },
  "16600": {
    "training_loss": 8086.3193359375,
    "validation_loss": [
      2835.0986328125
    ],
    "validation_chi2s": {
      "DEUTERON": 2.2269543699957244,
      "NMC": 2.5011527865540746,
      "NUCLEAR": 1.8418812255859376,
      "HERACOMB": 2.4720616558798,
      "DYE886": 2.683177947998047,
      "CDF": 1.3967813764299666,
      "D0": 1.542764949798584,
      "ATLAS": 3.2887935965401787,
      "CMS": 2.655342227122823,
      "LHCb": 1.852351427078247,
      "total": 2.4107980728149414
    }
  },
  "16700": {
    "training_loss": 8120.9453125,
    "validation_loss": [
      2840.48046875
    ],
    "validation_chi2s": {
      "DEUTERON": 2.244999672049907,
      "NMC": 2.4412309235217524,
      "NUCLEAR": 1.8440887451171875,
      "HERACOMB": 2.476290634255004,
      "DYE886": 2.7261473915793677,
      "CDF": 1.2706681660243444,
      "D0": 1.568687629699707,
      "ATLAS": 3.276266741071429,
      "CMS": 2.689357319816214,
      "LHCb": 1.8737645149230957,
      "total": 2.415374517440796
    }
  },
  "16800": {
    "training_loss": 8557.1787109375,
    "validation_loss": [
      2844.3544921875
    ],
    "validation_chi2s": {
      "DEUTERON": 2.2690654394045398,
      "NMC": 2.4889954211665133,
      "NUCLEAR": 1.84517041015625,
      "HERACOMB": 2.472549338745915,
      "DYE886": 2.810646403919567,
      "CDF": 1.217744963509696,
      "D0": 1.5329836845397948,
      "ATLAS": 3.28767822265625,
      "CMS": 2.648653374343622,
      "LHCb": 1.8522889614105225,
      "total": 2.418668746948242
    }
  },
  "16900": {
    "training_loss": 8111.53125,
    "validation_loss": [
      2843.8671875
    ],
    "validation_chi2s": {
      "DEUTERON": 2.2566217071381374,
      "NMC": 2.5696270512599573,
      "NUCLEAR": 1.838283935546875,
      "HERACOMB": 2.470474542356005,
      "DYE886": 2.672420848499645,
      "CDF": 1.2498219353812081,
      "D0": 1.5219602584838867,
      "ATLAS": 3.2931431361607144,
      "CMS": 2.6724323210169056,
      "LHCb": 1.8308748006820679,
      "total": 2.418243646621704
    }
  },
  "17000": {
    "training_loss": 8171.2001953125,
    "validation_loss": [
      2881.36962890625
    ],
    "validation_chi2s": {
      "DEUTERON": 2.252850888380364,
      "NMC": 2.5280803605621935,
      "NUCLEAR": 1.8400804443359375,
      "HERACOMB": 2.5325455011106004,
      "DYE886": 2.8348510048606177,
      "CDF": 1.2211102076939173,
      "D0": 1.6018190383911133,
      "ATLAS": 3.2705531529017855,
      "CMS": 2.81234616138896,
      "LHCb": 1.9367947578430176,
      "total": 2.4499127864837646
    }
  }
}