{
  "100": {
    "training_loss": 279142.0,
    "validation_loss": [
      45249.16015625
    ],
    "validation_chi2s": {
      "DEUTERON": 30.790796991604477,
      "NMC": 22.95437442555147,
      "NUCLEAR": 4.415470703125,
      "HERACOMB": 37.52092588337418,
      "DYE886": 12.35447831587358,
      "CDF": 36.81493704659598,
      "D0": 200.378369140625,
      "ATLAS": 50.62537730823863,
      "CMS": 40.241496760670735,
      "LHCb": 48.61310958862305,
      "total": 32.167720794677734
    }
  },
  "200": {
    "training_loss": 22974.296875,
    "validation_loss": [
      9362.646484375
    ],
    "validation_chi2s": {
      "DEUTERON": 10.254677540034203,
      "NMC": 4.753643260282629,
      "NUCLEAR": 5.22222998046875,
      "HERACOMB": 6.012811000051062,
      "DYE886": 39.14858731356534,
      "CDF": 2.5046754564557756,
      "D0": 30.48167724609375,
      "ATLAS": 9.252643931995738,
      "CMS": 4.497000345369664,
      "LHCb": 5.0700788497924805,
      "total": 7.6201701164245605
    }
  },
  "300": {
    "training_loss": 19354.060546875,
    "validation_loss": [
      7567.37109375
    ],
    "validation_chi2s": {
      "DEUTERON": 7.3004684827814055,
      "NMC": 3.765116074505974,
      "NUCLEAR": 4.19933251953125,
      "HERACOMB": 4.489326427185458,
      "DYE886": 31.190313165838067,
      "CDF": 1.9405785969325475,
      "D0": 50.05477600097656,
      "ATLAS": 7.661757729270241,
      "CMS": 4.096189173256478,
      "LHCb": 7.162225246429443,
      "total": 6.251945972442627
    }
  },
  "400": {
    "training_loss": 17801.8359375,
    "validation_loss": [
      7489.048828125
    ],
    "validation_chi2s": {
      "DEUTERON": 8.230451745180348,
      "NMC": 3.6881169337852326,
      "NUCLEAR": 3.817401611328125,
      "HERACOMB": 4.246034310534109,
      "DYE886": 25.410883123224433,
      "CDF": 1.8984342302594865,
      "D0": 53.288885498046874,
      "ATLAS": 7.466243397105824,
      "CMS": 4.362879807386941,
      "LHCb": 8.566815376281738,
      "total": 6.219100475311279
    }
  },
  "500": {
    "training_loss": 12057.0859375,
    "validation_loss": [
      4356.3837890625
    ],
    "validation_chi2s": {
      "DEUTERON": 3.597873972423041,
      "NMC": 2.8035900639552698,
      "NUCLEAR": 3.43428076171875,
      "HERACOMB": 3.394662894454657,
      "DYE886": 3.3117530129172583,
      "CDF": 1.4016900743756975,
      "D0": 7.441567993164062,
      "ATLAS": 4.758635781028054,
      "CMS": 3.5471638004954267,
      "LHCb": 3.2789599895477295,
      "total": 3.6496829986572266
    }
  },
  "600": {
    "training_loss": 9225.5625,
    "validation_loss": [
      3323.8955078125
    ],
    "validation_chi2s": {
      "DEUTERON": 2.998795998037158,
      "NMC": 2.5482650457643996,
      "NUCLEAR": 2.466857421875,
      "HERACOMB": 2.6459464278875613,
      "DYE886": 2.5211009979248047,
      "CDF": 0.7818531308855329,
      "D0": 6.1129100799560545,
      "ATLAS": 3.1449304060502485,
      "CMS": 2.8907845349815804,
      "LHCb": 2.936941146850586,
      "total": 2.787959337234497
    }
  },
  "700": {
    "training_loss": 8856.470703125,
    "validation_loss": [
      3230.89208984375
    ],
    "validation_chi2s": {
      "DEUTERON": 3.1440523821323074,
      "NMC": 2.491998261096431,
      "NUCLEAR": 2.42051025390625,
      "HERACOMB": 2.5945887347452,
      "DYE886": 2.6574200716885654,
      "CDF": 0.871049131665911,
      "D0": 2.5252513885498047,
      "ATLAS": 2.9556433937766333,
      "CMS": 2.8607889811197915,
      "LHCb": 2.438781976699829,
      "total": 2.7148067951202393
    }
  },
  "800": {
    "training_loss": 9227.77734375,
    "validation_loss": [
      3214.195068359375
    ],
    "validation_chi2s": {
      "DEUTERON": 3.198610220382463,
      "NMC": 2.4371331906786153,
      "NUCLEAR": 2.18274267578125,
      "HERACOMB": 2.5461742924708948,
      "DYE886": 2.984371878884055,
      "CDF": 0.9605894769941058,
      "D0": 3.41942138671875,
      "ATLAS": 2.902208675037731,
      "CMS": 2.939686844988567,
      "LHCb": 3.3031647205352783,
      "total": 2.6966686248779297
    }
  },
  "900": {
    "training_loss": 8994.18359375,
    "validation_loss": [
      3134.3115234375
    ],
    "validation_chi2s": {
      "DEUTERON": 2.9805944642024254,
      "NMC": 2.5281087837967218,
      "NUCLEAR": 2.212606689453125,
      "HERACOMB": 2.533209108838848,
      "DYE886": 2.9385705427689985,
      "CDF": 1.3875139781406947,
      "D0": 1.7232982635498046,
      "ATLAS": 3.0176155783913354,
      "CMS": 2.800040392371697,
      "LHCb": 2.5010149478912354,
      "total": 2.6345317363739014
    }
  },
  "1000": {
    "training_loss": 8847.984375,
    "validation_loss": [
      3130.73779296875
    ],
    "validation_chi2s": {
      "DEUTERON": 2.76728418454602,
      "NMC": 2.43024923287186,
      "NUCLEAR": 2.111595703125,
      "HERACOMB": 2.5061286477481617,
      "DYE886": 3.314118125221946,
      "CDF": 1.1688838686261858,
      "D0": 2.8888980865478517,
      "ATLAS": 3.035451715642756,
      "CMS": 3.0757520722179876,
      "LHCb": 2.7533514499664307,
      "total": 2.6193439960479736
    }
  },
  "1100": {
    "training_loss": 7392.0,
    "validation_loss": [
      3059.520263671875
    ],
    "validation_chi2s": {
      "DEUTERON": 2.8877159612095773,
      "NMC": 2.4841534483666514,
      "NUCLEAR": 2.140998779296875,
      "HERACOMB": 2.519069696563521,
      "DYE886": 3.0537778680974785,
      "CDF": 1.368013654436384,
      "D0": 1.4196163177490235,
      "ATLAS": 2.899243788285689,
      "CMS": 2.800806061039126,
      "LHCb": 2.2924678325653076,
      "total": 2.574098587036133
    }
  },
  "1200": {
    "training_loss": 9204.0,
    "validation_loss": [
      3188.35888671875
    ],
    "validation_chi2s": {
      "DEUTERON": 3.324201745180348,
      "NMC": 2.39947509765625,
      "NUCLEAR": 2.089020263671875,
      "HERACOMB": 2.4566365160973245,
      "DYE886": 3.553357557816939,
      "CDF": 1.188509804861886,
      "D0": 2.119657516479492,
      "ATLAS": 3.01066069169478,
      "CMS": 3.017040469782139,
      "LHCb": 2.390052318572998,
      "total": 2.673741579055786
    }
  },
  "1300": {
    "training_loss": 8701.24609375,
    "validation_loss": [
      3746.08349609375
    ],
    "validation_chi2s": {
      "DEUTERON": 6.147188253070585,
      "NMC": 2.399342106837852,
      "NUCLEAR": 2.087635009765625,
      "HERACOMB": 2.4635660009446485,
      "DYE886": 3.7837760231711646,
      "CDF": 1.3570938110351562,
      "D0": 1.8767183303833008,
      "ATLAS": 3.0219091935591265,
      "CMS": 2.8825470218813516,
      "LHCb": 2.36104679107666,
      "total": 3.147015333175659
    }
  },
  "1400": {
    "training_loss": 8578.5380859375,
    "validation_loss": [
      3116.325439453125
    ],
    "validation_chi2s": {
      "DEUTERON": 3.416144375777363,
      "NMC": 2.4329533296472885,
      "NUCLEAR": 2.053534423828125,
      "HERACOMB": 2.471250047870711,
      "DYE886": 2.7880101637406782,
      "CDF": 1.3587754113333566,
      "D0": 2.4418331146240235,
      "ATLAS": 2.855074795809659,
      "CMS": 2.894043961191565,
      "LHCb": 1.9289460182189941,
      "total": 2.627983331680298
    }
  },
  "1500": {
    "training_loss": 8666.8955078125,
    "validation_loss": [
      2967.785888671875
    ],
    "validation_chi2s": {
      "DEUTERON": 2.73743799313977,
      "NMC": 2.3767837823606004,
      "NUCLEAR": 1.987869873046875,
      "HERACOMB": 2.435281790939032,
      "DYE886": 2.661565433848988,
      "CDF": 1.3216361999511719,
      "D0": 1.4479291915893555,
      "ATLAS": 2.9286169572310015,
      "CMS": 2.879071491520579,
      "LHCb": 2.268325090408325,
      "total": 2.4940905570983887
    }
  },
  "1600": {
    "training_loss": 8507.3876953125,
    "validation_loss": [
      2993.66064453125
    ],
    "validation_chi2s": {
      "DEUTERON": 2.7225851941464554,
      "NMC": 2.440106410606235,
      "NUCLEAR": 2.037010009765625,
      "HERACOMB": 2.464114519505719,
      "DYE886": 2.931205055930398,
      "CDF": 1.5288446971348353,
      "D0": 2.047528839111328,
      "ATLAS": 2.897875178943981,
      "CMS": 2.894228803433054,
      "LHCb": 2.2126259803771973,
      "total": 2.519049882888794
    }
  },
  "1700": {
    "training_loss": 8680.0,
    "validation_loss": [
      3024.78076171875
    ],
    "validation_chi2s": {
      "DEUTERON": 2.8350817931825247,
      "NMC": 2.3800920972637103,
      "NUCLEAR": 1.9806302490234375,
      "HERACOMB": 2.4733840842652164,
      "DYE886": 2.888294913552024,
      "CDF": 1.3832030977521623,
      "D0": 1.2950119018554687,
      "ATLAS": 2.932967099276456,
      "CMS": 3.0013254057101117,
      "LHCb": 2.743253231048584,
      "total": 2.5488741397857666
    }
  },
  "1800": {
    "training_loss": 8418.033203125,
    "validation_loss": [
      2969.2724609375
    ],
    "validation_chi2s": {
      "DEUTERON": 2.661721300722948,
      "NMC": 2.3683649698893228,
      "NUCLEAR": 1.99221533203125,
      "HERACOMB": 2.452812444150837,
      "DYE886": 2.550466537475586,
      "CDF": 1.4830210549490792,
      "D0": 1.2682388305664063,
      "ATLAS": 2.9632856195623223,
      "CMS": 2.966874037331682,
      "LHCb": 2.361483335494995,
      "total": 2.500519275665283
    }
  },
  "1900": {
    "training_loss": 30461.091796875,
    "validation_loss": [
      2992.2734375
    ],
    "validation_chi2s": {
      "DEUTERON": 2.761950440667755,
      "NMC": 2.483664419136795,
      "NUCLEAR": 2.0252379150390625,
      "HERACOMB": 2.497927597145629,
      "DYE886": 2.706125432794744,
      "CDF": 1.742394038609096,
      "D0": 3.048785400390625,
      "ATLAS": 2.892794522372159,
      "CMS": 2.7929429465193087,
      "LHCb": 2.0279500484466553,
      "total": 2.52315092086792
    }
  },
  "2000": {
    "training_loss": 8354.6484375,
    "validation_loss": [
      2958.684326171875
    ],
    "validation_chi2s": {
      "DEUTERON": 2.788495267801617,
      "NMC": 2.3761361814012716,
      "NUCLEAR": 2.0044229736328125,
      "HERACOMB": 2.4483407213796977,
      "DYE886": 2.5002893968061968,
      "CDF": 1.4805004937308175,
      "D0": 2.5148365020751955,
      "ATLAS": 2.8543532978404653,
      "CMS": 2.815859166587271,
      "LHCb": 2.104055404663086,
      "total": 2.4945104122161865
    }
  },
  "2100": {
    "training_loss": 8453.7568359375,
    "validation_loss": [
      2965.30224609375
    ],
    "validation_chi2s": {
      "DEUTERON": 2.7041984292405163,
      "NMC": 2.3770183488434435,
      "NUCLEAR": 1.9958516845703125,
      "HERACOMB": 2.4628256006178515,
      "DYE886": 2.563867222179066,
      "CDF": 1.616565431867327,
      "D0": 1.9874200820922852,
      "ATLAS": 2.911418221213601,
      "CMS": 2.9130797347402186,
      "LHCb": 2.1964328289031982,
      "total": 2.5008139610290527
    }
  },
  "2200": {
    "training_loss": 8355.16015625,
    "validation_loss": [
      2974.5107421875
    ],
    "validation_chi2s": {
      "DEUTERON": 2.7838596325015548,
      "NMC": 2.3769251505533853,
      "NUCLEAR": 1.992523681640625,
      "HERACOMB": 2.441824520335478,
      "DYE886": 2.787440386685458,
      "CDF": 1.6204430716378349,
      "D0": 2.7516860961914062,
      "ATLAS": 2.911856911399148,
      "CMS": 2.8681883773183436,
      "LHCb": 2.0947508811950684,
      "total": 2.5115432739257812
    }
  },
  "2300": {
    "training_loss": 8365.9970703125,
    "validation_loss": [
      2949.34912109375
    ],
    "validation_chi2s": {
      "DEUTERON": 2.7105609647077116,
      "NMC": 2.3424271228266695,
      "NUCLEAR": 1.9820650634765624,
      "HERACOMB": 2.4507990818397674,
      "DYE886": 2.421618028120561,
      "CDF": 1.5422590800694056,
      "D0": 2.4160110473632814,
      "ATLAS": 2.9181896556507456,
      "CMS": 2.8460934026454523,
      "LHCb": 2.165412664413452,
      "total": 2.488067150115967
    }
  },
  "2400": {
    "training_loss": 8293.232421875,
    "validation_loss": [
      2961.435791015625
    ],
    "validation_chi2s": {
      "DEUTERON": 2.626996244364117,
      "NMC": 2.3623651242723653,
      "NUCLEAR": 2.002439697265625,
      "HERACOMB": 2.4573200699550655,
      "DYE886": 2.1534522663463247,
      "CDF": 1.680142538888114,
      "D0": 3.577688980102539,
      "ATLAS": 2.9980988935990767,
      "CMS": 2.854861127651804,
      "LHCb": 2.131007432937622,
      "total": 2.498281717300415
    }
  },
  "2500": {
    "training_loss": 8355.1787109375,
    "validation_loss": [
      2960.006591796875
    ],
    "validation_chi2s": {
      "DEUTERON": 2.789363120918843,
      "NMC": 2.3543295766793046,
      "NUCLEAR": 1.9851842041015626,
      "HERACOMB": 2.4622210334329044,
      "DYE886": 2.392975026910955,
      "CDF": 1.7451304027012415,
      "D0": 3.502491760253906,
      "ATLAS": 2.9071292877197266,
      "CMS": 2.7872862777089686,
      "LHCb": 1.8852553367614746,
      "total": 2.500147581100464
    }
  },
  "2600": {
    "training_loss": 8505.8330078125,
    "validation_loss": [
      2950.0380859375
    ],
    "validation_chi2s": {
      "DEUTERON": 2.59251563228778,
      "NMC": 2.4136321123908546,
      "NUCLEAR": 1.9808653564453125,
      "HERACOMB": 2.4270486270680145,
      "DYE886": 2.424618807705966,
      "CDF": 2.3121109008789062,
      "D0": 2.6102556228637694,
      "ATLAS": 2.9476599259810015,
      "CMS": 2.9117186011337655,
      "LHCb": 2.174070358276367,
      "total": 2.482353925704956
    }
  },
  "2700": {
    "training_loss": 8450.71875,
    "validation_loss": [
      2934.212890625
    ],
    "validation_chi2s": {
      "DEUTERON": 2.6485431728078357,
      "NMC": 2.3564337936102175,
      "NUCLEAR": 1.959630859375,
      "HERACOMB": 2.480216232000613,
      "DYE886": 2.2383610118519175,
      "CDF": 2.0273896626063754,
      "D0": 2.0505081176757813,
      "ATLAS": 2.946797110817649,
      "CMS": 2.7978867941755587,
      "LHCb": 2.052374839782715,
      "total": 2.4734995365142822
    }
  },
  "2800": {
    "training_loss": 8254.787109375,
    "validation_loss": [
      2938.18408203125
    ],
    "validation_chi2s": {
      "DEUTERON": 2.577832577833489,
      "NMC": 2.3638622807521448,
      "NUCLEAR": 1.9879298095703124,
      "HERACOMB": 2.457913666768791,
      "DYE886": 2.1695221987637607,
      "CDF": 1.8045422690255302,
      "D0": 3.5871292114257813,
      "ATLAS": 2.984316739169034,
      "CMS": 2.807054473132622,
      "LHCb": 2.091214656829834,
      "total": 2.480020761489868
    }
  },
  "2900": {
    "training_loss": 8231.4755859375,
    "validation_loss": [
      2940.6044921875
    ],
    "validation_chi2s": {
      "DEUTERON": 2.572024217292444,
      "NMC": 2.366246092553232,
      "NUCLEAR": 1.979286865234375,
      "HERACOMB": 2.4590468063853144,
      "DYE886": 2.163140903819691,
      "CDF": 1.8510908399309431,
      "D0": 3.6810325622558593,
      "ATLAS": 2.9865157387473364,
      "CMS": 2.8277687134781506,
      "LHCb": 2.136547327041626,
      "total": 2.4822702407836914
    }
  },
  "3000": {
    "training_loss": 8218.279296875,
    "validation_loss": [
      2905.707275390625
    ],
    "validation_chi2s": {
      "DEUTERON": 2.562253126457556,
      "NMC": 2.3359223908069087,
      "NUCLEAR": 1.963633544921875,
      "HERACOMB": 2.423250684551164,
      "DYE886": 2.272459376942028,
      "CDF": 1.7450921194893974,
      "D0": 2.6145021438598635,
      "ATLAS": 2.9255714416503906,
      "CMS": 2.8717060864456303,
      "LHCb": 2.0929975509643555,
      "total": 2.45332670211792
    }
  },
  "3100": {
    "training_loss": 8207.533203125,
    "validation_loss": [
      2951.35791015625
    ],
    "validation_chi2s": {
      "DEUTERON": 2.600789995335821,
      "NMC": 2.3617622525084254,
      "NUCLEAR": 1.9748160400390624,
      "HERACOMB": 2.4577475155101105,
      "DYE886": 2.250616420399059,
      "CDF": 1.7924017224993025,
      "D0": 5.136589050292969,
      "ATLAS": 2.9598201404918325,
      "CMS": 2.7916721250952743,
      "LHCb": 2.18733286857605,
      "total": 2.4929611682891846
    }
  },
  "3200": {
    "training_loss": 8194.0029296875,
    "validation_loss": [
      2932.8486328125
    ],
    "validation_chi2s": {
      "DEUTERON": 2.5339256780064523,
      "NMC": 2.3676421221564796,
      "NUCLEAR": 1.9563564453125,
      "HERACOMB": 2.473983465456495,
      "DYE886": 2.0865197615189985,
      "CDF": 1.8721177237374442,
      "D0": 2.6655651092529298,
      "ATLAS": 3.0585174560546875,
      "CMS": 2.8259408842257367,
      "LHCb": 2.1670329570770264,
      "total": 2.4763121604919434
    }
  },
  "3300": {
    "training_loss": 280724.25,
    "validation_loss": [
      2945.72314453125
    ],
    "validation_chi2s": {
      "DEUTERON": 2.5494651984219527,
      "NMC": 2.411460128484988,
      "NUCLEAR": 1.95528515625,
      "HERACOMB": 2.4659431806576797,
      "DYE886": 2.193550630049272,
      "CDF": 2.399132319859096,
      "D0": 2.9168014526367188,
      "ATLAS": 3.058028828014027,
      "CMS": 2.888419298621697,
      "LHCb": 2.1313540935516357,
      "total": 2.4912893772125244
    }
  },
  "3400": {
    "training_loss": 8237.1103515625,
    "validation_loss": [
      2911.23974609375
    ],
    "validation_chi2s": {
      "DEUTERON": 2.6073614471587376,
      "NMC": 2.339985866172641,
      "NUCLEAR": 1.9401697998046874,
      "HERACOMB": 2.4262581619561887,
      "DYE886": 2.3866275440562856,
      "CDF": 1.7708332879202706,
      "D0": 3.4878273010253906,
      "ATLAS": 2.9342436356977983,
      "CMS": 2.822145787681021,
      "LHCb": 2.043027639389038,
      "total": 2.4614639282226562
    }
  },
  "3500": {
    "training_loss": 8546.125,
    "validation_loss": [
      2994.37646484375
    ],
    "validation_chi2s": {
      "DEUTERON": 2.674399608403296,
      "NMC": 2.3808581782322302,
      "NUCLEAR": 1.9637716064453126,
      "HERACOMB": 2.4133370592703227,
      "DYE886": 3.253792502663352,
      "CDF": 1.7865344456263952,
      "D0": 7.59093017578125,
      "ATLAS": 2.8990565213290127,
      "CMS": 2.9744106385766007,
      "LHCb": 1.8729884624481201,
      "total": 2.533465623855591
    }
  },
  "3600": {
    "training_loss": 8209.5625,
    "validation_loss": [
      2923.9404296875
    ],
    "validation_chi2s": {
      "DEUTERON": 2.59466552734375,
      "NMC": 2.3680572509765625,
      "NUCLEAR": 1.9433446044921876,
      "HERACOMB": 2.451302322686887,
      "DYE886": 2.3784842057661577,
      "CDF": 1.832430158342634,
      "D0": 4.399241638183594,
      "ATLAS": 2.9768787730823862,
      "CMS": 2.7293190064469006,
      "LHCb": 2.0706846714019775,
      "total": 2.473071575164795
    }
  },
  "3700": {
    "training_loss": 8196.1259765625,
    "validation_loss": [
      2927.974365234375
    ],
    "validation_chi2s": {
      "DEUTERON": 2.6155094886893657,
      "NMC": 2.3570209577971815,
      "NUCLEAR": 1.9453323974609376,
      "HERACOMB": 2.440350700827206,
      "DYE886": 2.31740309975364,
      "CDF": 1.742262295314244,
      "D0": 4.5205741882324215,
      "ATLAS": 2.9492929632013496,
      "CMS": 2.7749680930036837,
      "LHCb": 2.1519863605499268,
      "total": 2.4759340286254883
    }
  },
  "3800": {
    "training_loss": 8182.34326171875,
    "validation_loss": [
      2935.6083984375
    ],
    "validation_chi2s": {
      "DEUTERON": 2.6198457177005596,
      "NMC": 2.3551288679534315,
      "NUCLEAR": 1.9501463623046875,
      "HERACOMB": 2.4439810958563113,
      "DYE886": 2.3326424685391514,
      "CDF": 1.7475512368338448,
      "D0": 4.9990692138671875,
      "ATLAS": 2.9428346807306465,
      "CMS": 2.7754112181624744,
      "LHCb": 2.1773319244384766,
      "total": 2.4827048778533936
    }
  },
  "3900": {
    "training_loss": 8172.01953125,
    "validation_loss": [
      2908.996826171875
    ],
    "validation_chi2s": {
      "DEUTERON": 2.589732611357276,
      "NMC": 2.3375078089096966,
      "NUCLEAR": 1.932367431640625,
      "HERACOMB": 2.4188370050168504,
      "DYE886": 2.1611792824485083,
      "CDF": 1.77940000806536,
      "D0": 2.2459880828857424,
      "ATLAS": 2.98459867997603,
      "CMS": 2.8800971798780486,
      "LHCb": 2.234938383102417,
      "total": 2.458850622177124
    }
  },
  "4000": {
    "training_loss": 8193.09033203125,
    "validation_loss": [
      2907.634765625
    ],
    "validation_chi2s": {
      "DEUTERON": 2.6251521324043843,
      "NMC": 2.351023655311734,
      "NUCLEAR": 1.930422119140625,
      "HERACOMB": 2.419208003025429,
      "DYE886": 2.3500321128151636,
      "CDF": 1.7155749457223075,
      "D0": 3.3424896240234374,
      "ATLAS": 2.924732901833274,
      "CMS": 2.8345289773088163,
      "LHCb": 2.0648105144500732,
      "total": 2.4592950344085693
    }
  },
  "4100": {
    "training_loss": 8181.56982421875,
    "validation_loss": [
      2914.17626953125
    ],
    "validation_chi2s": {
      "DEUTERON": 2.609455165578358,
      "NMC": 2.355201571595435,
      "NUCLEAR": 1.9327144775390626,
      "HERACOMB": 2.4234539356107025,
      "DYE886": 2.2289017764004795,
      "CDF": 1.784501348223005,
      "D0": 2.610264205932617,
      "ATLAS": 2.972831379283558,
      "CMS": 2.867687442438389,
      "LHCb": 2.175856113433838,
      "total": 2.4639837741851807
    }
  },
  "4200": {
    "training_loss": 8193.78759765625,
    "validation_loss": [
      2912.72021484375
    ],
    "validation_chi2s": {
      "DEUTERON": 2.61620213143268,
      "NMC": 2.3519720937691484,
      "NUCLEAR": 1.934911865234375,
      "HERACOMB": 2.4195574592141544,
      "DYE886": 2.2655455849387427,
      "CDF": 1.7944244657244002,
      "D0": 2.82135009765625,
      "ATLAS": 2.9617413607510654,
      "CMS": 2.856927887211001,
      "LHCb": 2.1385602951049805,
      "total": 2.463190793991089
    }
  },
  "4300": {
    "training_loss": 8192.9609375,
    "validation_loss": [
      2917.79541015625
    ],
    "validation_chi2s": {
      "DEUTERON": 2.615251987134639,
      "NMC": 2.3429682114545036,
      "NUCLEAR": 1.9314656982421874,
      "HERACOMB": 2.4299665463516136,
      "DYE886": 2.154041463678533,
      "CDF": 1.7571708134242467,
      "D0": 2.7149032592773437,
      "ATLAS": 2.9866069446910513,
      "CMS": 2.8650914634146343,
      "LHCb": 2.1912150382995605,
      "total": 2.4674017429351807
    }
  },
  "4400": {
    "training_loss": 8184.5126953125,
    "validation_loss": [
      2918.65185546875
    ],
    "validation_chi2s": {
      "DEUTERON": 2.627510943816076,
      "NMC": 2.343234193091299,
      "NUCLEAR": 1.92646484375,
      "HERACOMB": 2.426190145654616,
      "DYE886": 2.1281859657981177,
      "CDF": 1.7657482964651925,
      "D0": 2.323516273498535,
      "ATLAS": 2.981861808083274,
      "CMS": 2.8983124523628048,
      "LHCb": 2.2453463077545166,
      "total": 2.4679386615753174
    }
  },
  "4500": {
    "training_loss": 8200.1376953125,
    "validation_loss": [
      2914.1865234375
    ],
    "validation_chi2s": {
      "DEUTERON": 2.6663101727689678,
      "NMC": 2.3456669227749694,
      "NUCLEAR": 1.92538134765625,
      "HERACOMB": 2.416116951337827,
      "DYE886": 2.3087166872891514,
      "CDF": 1.6364657538277763,
      "D0": 3.6437610626220702,
      "ATLAS": 2.927365389737216,
      "CMS": 2.8256314905678352,
      "LHCb": 2.073329448699951,
      "total": 2.465224504470825
    }
  },
  "4600": {
    "training_loss": 8205.26953125,
    "validation_loss": [
      2931.419677734375
    ],
    "validation_chi2s": {
      "DEUTERON": 2.6238758599580225,
      "NMC": 2.3689310410443474,
      "NUCLEAR": 1.938584716796875,
      "HERACOMB": 2.4509454864302493,
      "DYE886": 2.1289440501819956,
      "CDF": 1.8272010258265905,
      "D0": 3.280260467529297,
      "ATLAS": 2.9965733614834873,
      "CMS": 2.82519928226626,
      "LHCb": 2.2055490016937256,
      "total": 2.479417562484741
    }
  },
  "4700": {
    "training_loss": 8199.7392578125,
    "validation_loss": [
      2940.26611328125
    ],
    "validation_chi2s": {
      "DEUTERON": 2.675951601854011,
      "NMC": 2.365682564529718,
      "NUCLEAR": 1.933014892578125,
      "HERACOMB": 2.4456318375331905,
      "DYE886": 2.2576782920143823,
      "CDF": 1.6824452536446708,
      "D0": 4.483440017700195,
      "ATLAS": 2.9484738436612217,
      "CMS": 2.798894866695249,
      "LHCb": 2.216033935546875,
      "total": 2.4877097606658936
    }
  },
  "4800": {
    "training_loss": 8219.7421875,
    "validation_loss": [
      2912.701171875
    ],
    "validation_chi2s": {
      "DEUTERON": 2.6533722379314364,
      "NMC": 2.345070932425705,
      "NUCLEAR": 1.929818603515625,
      "HERACOMB": 2.4160910213694855,
      "DYE886": 2.210599032315341,
      "CDF": 1.7280960083007812,
      "D0": 2.8982635498046876,
      "ATLAS": 2.9563251842151987,
      "CMS": 2.841937801702236,
      "LHCb": 2.1241843700408936,
      "total": 2.4637205600738525
    }
  },
  "4900": {
    "training_loss": 8211.20703125,
    "validation_loss": [
      2925.25244140625
    ],
    "validation_chi2s": {
      "DEUTERON": 2.645526942922108,
      "NMC": 2.3572650984221815,
      "NUCLEAR": 1.9291434326171875,
      "HERACOMB": 2.440545773973652,
      "DYE886": 2.1030361869118432,
      "CDF": 1.7608421870640345,
      "D0": 2.5413909912109376,
      "ATLAS": 2.987023787064986,
      "CMS": 2.8674085663586126,
      "LHCb": 2.222170114517212,
      "total": 2.4741830825805664
    }
  },
  "5000": {
    "training_loss": 8206.0849609375,
    "validation_loss": [
      2927.83935546875
    ],
    "validation_chi2s": {
      "DEUTERON": 2.655821235618781,
      "NMC": 2.351889516793045,
      "NUCLEAR": 1.926681396484375,
      "HERACOMB": 2.437139772901348,
      "DYE886": 2.0577307614413174,
      "CDF": 1.7973308563232422,
      "D0": 2.3295000076293944,
      "ATLAS": 3.0030933726917612,
      "CMS": 2.8825686074853913,
      "LHCb": 2.2475645542144775,
      "total": 2.4765453338623047
    }
  },
  "5100": {
    "training_loss": 8212.76171875,
    "validation_loss": [
      2950.139404296875
    ],
    "validation_chi2s": {
      "DEUTERON": 2.7034972840873754,
      "NMC": 2.3551698572495403,
      "NUCLEAR": 1.938698974609375,
      "HERACOMB": 2.4586566600924225,
      "DYE886": 2.275408137928356,
      "CDF": 1.6088910784040178,
      "D0": 4.816539001464844,
      "ATLAS": 2.9561507485129614,
      "CMS": 2.758898975403328,
      "LHCb": 2.232276201248169,
      "total": 2.496677875518799
    }
  },
  "5200": {
    "training_loss": 8212.5263671875,
    "validation_loss": [
      2953.385009765625
    ],
    "validation_chi2s": {
      "DEUTERON": 2.680790384017413,
      "NMC": 2.361210692162607,
      "NUCLEAR": 1.9395445556640625,
      "HERACOMB": 2.4684063281888275,
      "DYE886": 2.0992806174538354,
      "CDF": 1.7349530628749303,
      "D0": 4.157254028320312,
      "ATLAS": 3.0176658630371094,
      "CMS": 2.763318069582063,
      "LHCb": 2.3036048412323,
      "total": 2.499230146408081
    }
  },
  "5300": {
    "training_loss": 8225.5810546875,
    "validation_loss": [
      2927.6123046875
    ],
    "validation_chi2s": {
      "DEUTERON": 2.679768272893346,
      "NMC": 2.369584177054611,
      "NUCLEAR": 1.926877685546875,
      "HERACOMB": 2.4531794529335174,
      "DYE886": 2.2221168171275747,
      "CDF": 1.7399783815656389,
      "D0": 3.6481170654296875,
      "ATLAS": 2.983376242897727,
      "CMS": 2.7447904261147102,
      "LHCb": 2.076951742172241,
      "total": 2.4775619506835938
    }
  },
  "5400": {
    "training_loss": 8221.716796875,
    "validation_loss": [
      2951.388916015625
    ],
    "validation_chi2s": {
      "DEUTERON": 2.676109807408271,
      "NMC": 2.391470666025199,
      "NUCLEAR": 1.9393272705078124,
      "HERACOMB": 2.4675127415875204,
      "DYE886": 2.215835918079723,
      "CDF": 1.941769736153739,
      "D0": 3.8646896362304686,
      "ATLAS": 3.018046639182351,
      "CMS": 2.7730154642244664,
      "LHCb": 2.1661508083343506,
      "total": 2.4977211952209473
    }
  },
  "5500": {
    "training_loss": 8228.0341796875,
    "validation_loss": [
      2956.025390625
    ],
    "validation_chi2s": {
      "DEUTERON": 2.7251510999689055,
      "NMC": 2.368868360332414,
      "NUCLEAR": 1.9270206298828125,
      "HERACOMB": 2.4668086432164014,
      "DYE886": 2.17104755748402,
      "CDF": 1.6946258544921875,
      "D0": 4.667395782470703,
      "ATLAS": 2.990850968794389,
      "CMS": 2.7406382987169717,
      "LHCb": 2.2685086727142334,
      "total": 2.5021615028381348
    }
  },
  "5600": {
    "training_loss": 8234.615234375,
    "validation_loss": [
      2958.00146484375
    ],
    "validation_chi2s": {
      "DEUTERON": 2.758113424576337,
      "NMC": 2.348378798540901,
      "NUCLEAR": 1.9237877197265625,
      "HERACOMB": 2.4571690777548,
      "DYE886": 2.2894982424649326,
      "CDF": 1.6270855494907923,
      "D0": 4.693932342529297,
      "ATLAS": 2.956380670720881,
      "CMS": 2.7907422073488313,
      "LHCb": 2.2011101245880127,
      "total": 2.503995418548584
    }
  },
  "5700": {
    "training_loss": 8242.265625,
    "validation_loss": [
      2931.683349609375
    ],
    "validation_chi2s": {
      "DEUTERON": 2.720646644706157,
      "NMC": 2.335246067421109,
      "NUCLEAR": 1.9160220947265625,
      "HERACOMB": 2.435250674977022,
      "DYE886": 1.9764040166681462,
      "CDF": 1.7340511594499861,
      "D0": 2.471851921081543,
      "ATLAS": 2.987212441184304,
      "CMS": 2.883120404995554,
      "LHCb": 2.2358651161193848,
      "total": 2.4808132648468018
    }
  },
  "5800": {
    "training_loss": 8244.6298828125,
    "validation_loss": [
      2950.35302734375
    ],
    "validation_chi2s": {
      "DEUTERON": 2.7476296496035446,
      "NMC": 2.335651771695006,
      "NUCLEAR": 1.9221075439453126,
      "HERACOMB": 2.4277425529130925,
      "DYE886": 2.00351264260032,
      "CDF": 1.70979186466762,
      "D0": 3.6747108459472657,
      "ATLAS": 2.9980697631835938,
      "CMS": 2.8397249051225866,
      "LHCb": 2.394120693206787,
      "total": 2.496739387512207
    }
  },
  "5900": {
    "training_loss": 8253.0908203125,
    "validation_loss": [
      2936.615234375
    ],
    "validation_chi2s": {
      "DEUTERON": 2.731965781444341,
      "NMC": 2.3449590346392464,
      "NUCLEAR": 1.9146427001953126,
      "HERACOMB": 2.43067862317453,
      "DYE886": 2.018302570689808,
      "CDF": 1.7812904630388533,
      "D0": 2.572562408447266,
      "ATLAS": 2.9999320290305396,
      "CMS": 2.884935332507622,
      "LHCb": 2.226780891418457,
      "total": 2.4854462146759033
    }
  },
  "6000": {
    "training_loss": 8296.8955078125,
    "validation_loss": [
      2926.6181640625
    ],
    "validation_chi2s": {
      "DEUTERON": 2.7390085096976056,
      "NMC": 2.344507703594133,
      "NUCLEAR": 1.9086268310546874,
      "HERACOMB": 2.4309686398973653,
      "DYE886": 2.084238572554155,
      "CDF": 1.731008665902274,
      "D0": 3.072362518310547,
      "ATLAS": 2.96165639703924,
      "CMS": 2.833754624777693,
      "LHCb": 2.1531500816345215,
      "total": 2.4775397777557373
    }
  },
  "6100": {
    "training_loss": 8257.2451171875,
    "validation_loss": [
      2960.547607421875
    ],
    "validation_chi2s": {
      "DEUTERON": 2.7704346310439987,
      "NMC": 2.3514531453450522,
      "NUCLEAR": 1.914503662109375,
      "HERACOMB": 2.4554489235472836,
      "DYE886": 2.3242272463711826,
      "CDF": 1.569953509739467,
      "D0": 5.423895645141601,
      "ATLAS": 2.942201787775213,
      "CMS": 2.780979311563135,
      "LHCb": 2.1898560523986816,
      "total": 2.506876230239868
    }
  },
  "6200": {
    "training_loss": 8262.9912109375,
    "validation_loss": [
      2943.199462890625
    ],
    "validation_chi2s": {
      "DEUTERON": 2.7413515309196206,
      "NMC": 2.34777084051394,
      "NUCLEAR": 1.9072352294921875,
      "HERACOMB": 2.431064181857639,
      "DYE886": 1.9501219662753018,
      "CDF": 1.78770569392613,
      "D0": 2.4238405227661133,
      "ATLAS": 3.036640167236328,
      "CMS": 2.9064616381637447,
      "LHCb": 2.2366814613342285,
      "total": 2.4912009239196777
    }
  },
  "6300": {
    "training_loss": 8284.681640625,
    "validation_loss": [
      2941.272705078125
    ],
    "validation_chi2s": {
      "DEUTERON": 2.750128750777363,
      "NMC": 2.336630727730545,
      "NUCLEAR": 1.911468017578125,
      "HERACOMB": 2.441119624119179,
      "DYE886": 1.97249343178489,
      "CDF": 1.7347767693655831,
      "D0": 2.712276649475098,
      "ATLAS": 3.0019617947665127,
      "CMS": 2.863276784012957,
      "LHCb": 2.2797369956970215,
      "total": 2.489758014678955
    }
  },
  "6400": {
    "training_loss": 8299.41796875,
    "validation_loss": [
      2968.12109375
    ],
    "validation_chi2s": {
      "DEUTERON": 2.7532008536419466,
      "NMC": 2.350839652267157,
      "NUCLEAR": 1.9135518798828124,
      "HERACOMB": 2.4576218548943016,
      "DYE886": 1.9830500862815164,
      "CDF": 1.7623237882341658,
      "D0": 3.449036407470703,
      "ATLAS": 3.057885256680575,
      "CMS": 2.8558622530805384,
      "LHCb": 2.399415969848633,
      "total": 2.513073444366455
    }
  },
  "6500": {
    "training_loss": 8324.708984375,
    "validation_loss": [
      2946.64208984375
    ],
    "validation_chi2s": {
      "DEUTERON": 2.7737308331389925,
      "NMC": 2.343281764610141,
      "NUCLEAR": 1.9065130615234376,
      "HERACOMB": 2.4450246773514093,
      "DYE886": 2.202996860850941,
      "CDF": 1.6190308162144251,
      "D0": 4.290488815307617,
      "ATLAS": 2.960646542635831,
      "CMS": 2.7954821082634655,
      "LHCb": 2.1883416175842285,
      "total": 2.4953157901763916
    }
  },
  "6600": {
    "training_loss": 8299.0,
    "validation_loss": [
      2925.880126953125
    ],
    "validation_chi2s": {
      "DEUTERON": 2.8200759508123445,
      "NMC": 2.3251682356292127,
      "NUCLEAR": 1.891939453125,
      "HERACOMB": 2.3967971303104574,
      "DYE886": 2.16145827553489,
      "CDF": 1.4869038718087333,
      "D0": 4.006341171264649,
      "ATLAS": 2.91940654407848,
      "CMS": 2.8192761428957063,
      "LHCb": 2.133791923522949,
      "total": 2.477687120437622
    }
  },
  "6700": {
    "training_loss": 8312.267578125,
    "validation_loss": [
      2959.134033203125
    ],
    "validation_chi2s": {
      "DEUTERON": 2.798733991176928,
      "NMC": 2.3402678545783546,
      "NUCLEAR": 1.89970751953125,
      "HERACOMB": 2.4550920872906454,
      "DYE886": 2.154003316705877,
      "CDF": 1.5949318749564034,
      "D0": 4.891326904296875,
      "ATLAS": 2.9551530317826704,
      "CMS": 2.789943043778582,
      "LHCb": 2.2928080558776855,
      "total": 2.506103515625
    }
  },
  "6800": {
    "training_loss": 8328.8232421875,
    "validation_loss": [
      2938.192626953125
    ],
    "validation_chi2s": {
      "DEUTERON": 2.8060530477495336,
      "NMC": 2.3444551954082415,
      "NUCLEAR": 1.8915794677734374,
      "HERACOMB": 2.4245348163679536,
      "DYE886": 2.2014827728271484,
      "CDF": 1.554572377886091,
      "D0": 4.339994049072265,
      "ATLAS": 2.948914961381392,
      "CMS": 2.7994722195757116,
      "LHCb": 2.0903141498565674,
      "total": 2.4883997440338135
    }
  },
  "6900": {
    "training_loss": 8354.166015625,
    "validation_loss": [
      2947.20263671875
    ],
    "validation_chi2s": {
      "DEUTERON": 2.805805870549596,
      "NMC": 2.353541505103018,
      "NUCLEAR": 1.892189453125,
      "HERACOMB": 2.4318735957924837,
      "DYE886": 2.2020097212357954,
      "CDF": 1.6144684382847376,
      "D0": 3.976484680175781,
      "ATLAS": 2.954771562056108,
      "CMS": 2.8498542599561736,
      "LHCb": 2.1493327617645264,
      "total": 2.4958057403564453
    }
  },
  "7000": {
    "training_loss": 8329.869140625,
    "validation_loss": [
      2985.34228515625
    ],
    "validation_chi2s": {
      "DEUTERON": 2.798584288032494,
      "NMC": 2.3674976124483,
      "NUCLEAR": 1.9017890625,
      "HERACOMB": 2.483633203444138,
      "DYE886": 2.060445785522461,
      "CDF": 1.7279589516775948,
      "D0": 4.8194435119628904,
      "ATLAS": 3.036685596812855,
      "CMS": 2.7621187039507116,
      "LHCb": 2.4956204891204834,
      "total": 2.5283310413360596
    }
  },
  "7100": {
    "training_loss": 8360.71875,
    "validation_loss": [
      2972.484130859375
    ],
    "validation_chi2s": {
      "DEUTERON": 2.773666154092817,
      "NMC": 2.3706677006740198,
      "NUCLEAR": 1.8981806640625,
      "HERACOMB": 2.4731373506433822,
      "DYE886": 1.9681881991299717,
      "CDF": 1.7845978055681502,
      "D0": 3.841632843017578,
      "ATLAS": 3.0674989873712715,
      "CMS": 2.813451751460874,
      "LHCb": 2.3623459339141846,
      "total": 2.517380714416504
    }
  },
  "7200": {
    "training_loss": 8374.974609375,
    "validation_loss": [
      2965.358642578125
    ],
    "validation_chi2s": {
      "DEUTERON": 2.806976166530628,
      "NMC": 2.327932918772978,
      "NUCLEAR": 1.8918369140625,
      "HERACOMB": 2.4531784556270426,
      "DYE886": 1.9498814669522373,
      "CDF": 1.61842714037214,
      "D0": 3.551557922363281,
      "ATLAS": 3.014969912442294,
      "CMS": 2.886269670191819,
      "LHCb": 2.3766493797302246,
      "total": 2.5110349655151367
    }
  },
  "7300": {
    "training_loss": 8380.583984375,
    "validation_loss": [
      2959.892578125
    ],
    "validation_chi2s": {
      "DEUTERON": 2.8303079937227924,
      "NMC": 2.330638511508119,
      "NUCLEAR": 1.884949951171875,
      "HERACOMB": 2.4398855570874183,
      "DYE886": 2.1712039600719106,
      "CDF": 1.5566938945225306,
      "D0": 4.843599700927735,
      "ATLAS": 2.959042635830966,
      "CMS": 2.8235887977165905,
      "LHCb": 2.280374526977539,
      "total": 2.5074374675750732
    }
  },
  "7400": {
    "training_loss": 8383.0048828125,
    "validation_loss": [
      2974.096923828125
    ],
    "validation_chi2s": {
      "DEUTERON": 2.7948265265469527,
      "NMC": 2.3527069091796875,
      "NUCLEAR": 1.8922486572265624,
      "HERACOMB": 2.4696517645143996,
      "DYE886": 2.0476885708895596,
      "CDF": 1.7423200607299805,
      "D0": 4.385669708251953,
      "ATLAS": 3.0290971235795454,
      "CMS": 2.8046172847592734,
      "LHCb": 2.444732666015625,
      "total": 2.519479274749756
    }
  },
  "7500": {
    "training_loss": 8378.62109375,
    "validation_loss": [
      2997.699462890625
    ],
    "validation_chi2s": {
      "DEUTERON": 2.840107021047108,
      "NMC": 2.3509331497491575,
      "NUCLEAR": 1.8860552978515626,
      "HERACOMB": 2.457391078176062,
      "DYE886": 2.063531528819691,
      "CDF": 1.8200293949672155,
      "D0": 4.46683349609375,
      "ATLAS": 3.041239998557351,
      "CMS": 2.9129618823043697,
      "LHCb": 2.521794557571411,
      "total": 2.5392961502075195
    }
  },
  "7600": {
    "training_loss": 8407.2958984375,
    "validation_loss": [
      2976.61474609375
    ],
    "validation_chi2s": {
      "DEUTERON": 2.840602590076959,
      "NMC": 2.3348491893095127,
      "NUCLEAR": 1.8803763427734375,
      "HERACOMB": 2.4554632847605187,
      "DYE886": 2.217515078457919,
      "CDF": 1.6311281749180384,
      "D0": 5.32923469543457,
      "ATLAS": 2.991897236217152,
      "CMS": 2.7958627096036586,
      "LHCb": 2.3657217025756836,
      "total": 2.522213935852051
    }
  },
  "7700": {
    "training_loss": 8037.2646484375,
    "validation_loss": [
      2827.62109375
    ],
    "validation_chi2s": {
      "DEUTERON": 2.1430976829718595,
      "NMC": 2.3565691779641544,
      "NUCLEAR": 1.8496434326171876,
      "HERACOMB": 2.533383438010621,
      "DYE886": 2.1135839982466265,
      "CDF": 2.0244203295026506,
      "D0": 3.14243106842041,
      "ATLAS": 3.098595705899325,
      "CMS": 2.7544741746855945,
      "LHCb": 1.9061145782470703,
      "total": 2.3988256454467773
    }
  },
  "7800": {
    "training_loss": 7942.66015625,
    "validation_loss": [
      2843.684814453125
    ],
    "validation_chi2s": {
      "DEUTERON": 2.3825433076317633,
      "NMC": 2.332399854473039,
      "NUCLEAR": 1.8623314208984374,
      "HERACOMB": 2.4949725780611725,
      "DYE886": 1.9341527765447444,
      "CDF": 1.821173804146903,
      "D0": 2.1147031784057617,
      "ATLAS": 3.006212754683061,
      "CMS": 2.8239815564659554,
      "LHCb": 1.9548559188842773,
      "total": 2.412846565246582
    }
  },
  "7900": {
    "training_loss": 7908.11328125,
    "validation_loss": [
      2948.70654296875
    ],
    "validation_chi2s": {
      "DEUTERON": 2.9821728758550994,
      "NMC": 2.298925661573223,
      "NUCLEAR": 1.868477783203125,
      "HERACOMB": 2.461840461282169,
      "DYE886": 1.8825355876575818,
      "CDF": 1.7062311172485352,
      "D0": 1.6628482818603516,
      "ATLAS": 2.946149305863814,
      "CMS": 2.912890178401296,
      "LHCb": 1.9889239072799683,
      "total": 2.5021612644195557
    }
  },
  "8000": {
    "training_loss": 7927.34912109375,
    "validation_loss": [
      2785.45361328125
    ],
    "validation_chi2s": {
      "DEUTERON": 2.302959233374145,
      "NMC": 2.2924466600605085,
      "NUCLEAR": 1.8669005126953124,
      "HERACOMB": 2.4314920263352735,
      "DYE886": 1.9375769875266335,
      "CDF": 1.5254299981253487,
      "D0": 1.7734857559204102,
      "ATLAS": 2.9205162741921167,
      "CMS": 2.830215578156758,
      "LHCb": 1.914191484451294,
      "total": 2.3641698360443115
    }
  },
  "8100": {
    "training_loss": 7899.76025390625,
    "validation_loss": [
      2833.426025390625
    ],
    "validation_chi2s": {
      "DEUTERON": 2.3554418763118004,
      "NMC": 2.3451959946576286,
      "NUCLEAR": 1.883606201171875,
      "HERACOMB": 2.491152096417994,
      "DYE886": 1.8383969393643467,
      "CDF": 1.6052676609584264,
      "D0": 1.8450115203857422,
      "ATLAS": 3.0240374478426846,
      "CMS": 2.7823960218972306,
      "LHCb": 1.9430631399154663,
      "total": 2.4049384593963623
    }
  },
  "8200": {
    "training_loss": 7904.3662109375,
    "validation_loss": [
      2833.19921875
    ],
    "validation_chi2s": {
      "DEUTERON": 2.303744036166822,
      "NMC": 2.326170379040288,
      "NUCLEAR": 1.892854248046875,
      "HERACOMB": 2.5386609844132964,
      "DYE886": 1.993229952725497,
      "CDF": 1.3274786812918526,
      "D0": 2.4501052856445313,
      "ATLAS": 3.059317848899148,
      "CMS": 2.6634501635543697,
      "LHCb": 1.7954314947128296,
      "total": 2.4048163890838623
    }
  },
  "8300": {
    "training_loss": 7891.08447265625,
    "validation_loss": [
      2766.41259765625
    ],
    "validation_chi2s": {
      "DEUTERON": 2.196548234170942,
      "NMC": 2.314733767041973,
      "NUCLEAR": 1.869924560546875,
      "HERACOMB": 2.4493266585605595,
      "DYE886": 2.034406141801314,
      "CDF": 1.4469074521745955,
      "D0": 1.7307464599609375,
      "ATLAS": 2.9020344127308237,
      "CMS": 2.815878767308181,
      "LHCb": 1.8844773769378662,
      "total": 2.348165988922119
    }
  },
  "8400": {
    "training_loss": 7892.6806640625,
    "validation_loss": [
      2793.603271484375
    ],
    "validation_chi2s": {
      "DEUTERON": 2.2583903602106656,
      "NMC": 2.326280481675092,
      "NUCLEAR": 1.87965869140625,
      "HERACOMB": 2.4802511377272265,
      "DYE886": 1.9151843677867542,
      "CDF": 1.4779688971383231,
      "D0": 1.6753877639770507,
      "ATLAS": 2.9498558044433594,
      "CMS": 2.7870885337271343,
      "LHCb": 1.893584132194519,
      "total": 2.3711912631988525
    }
  },
  "8500": {
    "training_loss": 7854.0654296875,
    "validation_loss": [
      2839.609619140625
    ],
    "validation_chi2s": {
      "DEUTERON": 2.584143491526741,
      "NMC": 2.2911894555185355,
      "NUCLEAR": 1.8654654541015625,
      "HERACOMB": 2.441589554930045,
      "DYE886": 1.9465484619140625,
      "CDF": 1.4124999727521623,
      "D0": 1.4651018142700196,
      "ATLAS": 2.8588345267555932,
      "CMS": 2.9027541245871444,
      "LHCb": 1.9384227991104126,
      "total": 2.4103074073791504
    }
  },
  "8600": {
    "training_loss": 7907.8798828125,
    "validation_loss": [
      2758.909912109375
    ],
    "validation_chi2s": {
      "DEUTERON": 2.1664374052588617,
      "NMC": 2.3020303763595282,
      "NUCLEAR": 1.883955322265625,
      "HERACOMB": 2.445742339090584,
      "DYE886": 2.0432437549937856,
      "CDF": 1.3468848637172155,
      "D0": 1.6277158737182618,
      "ATLAS": 2.9753827181729404,
      "CMS": 2.7060750325520835,
      "LHCb": 1.853432536125183,
      "total": 2.3418712615966797
    }
  },
  "8700": {
    "training_loss": 7864.640625,
    "validation_loss": [
      2814.4453125
    ],
    "validation_chi2s": {
      "DEUTERON": 2.3230053346548507,
      "NMC": 2.3322698555740655,
      "NUCLEAR": 1.88384521484375,
      "HERACOMB": 2.483502157373366,
      "DYE886": 1.8184100064364346,
      "CDF": 1.4289840970720564,
      "D0": 1.304540252685547,
      "ATLAS": 2.978761152787642,
      "CMS": 2.816306261512322,
      "LHCb": 1.9926518201828003,
      "total": 2.3890228271484375
    }
  },
  "8800": {
    "training_loss": 7858.0068359375,
    "validation_loss": [
      2797.236572265625
    ],
    "validation_chi2s": {
      "DEUTERON": 2.2162191666180813,
      "NMC": 2.3360274071786917,
      "NUCLEAR": 1.889182861328125,
      "HERACOMB": 2.4932667850668913,
      "DYE886": 1.8593032143332742,
      "CDF": 1.4063833781651087,
      "D0": 1.3943525314331056,
      "ATLAS": 2.988218134099787,
      "CMS": 2.7949293183117376,
      "LHCb": 1.9650849103927612,
      "total": 2.374457836151123
    }
  },
  "8900": {
    "training_loss": 7869.806640625,
    "validation_loss": [
      2741.95068359375
    ],
    "validation_chi2s": {
      "DEUTERON": 2.0885304313393966,
      "NMC": 2.3133051255170036,
      "NUCLEAR": 1.8767513427734375,
      "HERACOMB": 2.4283608829273895,
      "DYE886": 2.0342029224742544,
      "CDF": 1.3587161472865514,
      "D0": 1.4241888999938965,
      "ATLAS": 2.875513943758878,
      "CMS": 2.8818805973704267,
      "LHCb": 1.9618163108825684,
      "total": 2.327575922012329
    }
  },
  "9000": {
    "training_loss": 7831.41845703125,
    "validation_loss": [
      3057.8408203125
    ],
    "validation_chi2s": {
      "DEUTERON": 3.492318072722326,
      "NMC": 2.3340183332854627,
      "NUCLEAR": 1.8995653076171874,
      "HERACOMB": 2.5012857275071485,
      "DYE886": 1.7816496762362393,
      "CDF": 1.3163901737758092,
      "D0": 1.2986031532287599,
      "ATLAS": 2.9878463745117188,
      "CMS": 2.803571747570503,
      "LHCb": 2.0035901069641113,
      "total": 2.5954906940460205
    }
  },
  "9100": {
    "training_loss": 7846.54833984375,
    "validation_loss": [
      2756.3349609375
    ],
    "validation_chi2s": {
      "DEUTERON": 2.054767665578358,
      "NMC": 2.334371230181526,
      "NUCLEAR": 1.892448486328125,
      "HERACOMB": 2.5048295563342524,
      "DYE886": 2.066227999600497,
      "CDF": 1.2350353513445174,
      "D0": 1.5401224136352538,
      "ATLAS": 2.9562932794744317,
      "CMS": 2.7247058899422,
      "LHCb": 1.865383267402649,
      "total": 2.3398079872131348
    }
  },
  "9200": {
    "training_loss": 7838.13037109375,
    "validation_loss": [
      2753.90966796875
    ],
    "validation_chi2s": {
      "DEUTERON": 2.1635799882423816,
      "NMC": 2.3283398198146448,
      "NUCLEAR": 1.8813724365234374,
      "HERACOMB": 2.4433910893458948,
      "DYE886": 2.010475505482067,
      "CDF": 1.3242984499250139,
      "D0": 1.176950168609619,
      "ATLAS": 2.8604401675137607,
      "CMS": 2.859323393038618,
      "LHCb": 1.9313210248947144,
      "total": 2.337735414505005
    }
  },
  "9300": {
    "training_loss": 7850.18896484375,
    "validation_loss": [
      2766.388671875
    ],
    "validation_chi2s": {
      "DEUTERON": 2.0608071094721705,
      "NMC": 2.3307170493929994,
      "NUCLEAR": 1.91716259765625,
      "HERACOMB": 2.5179696675219567,
      "DYE886": 1.9870569055730647,
      "CDF": 1.2809692110334123,
      "D0": 1.2643609046936035,
      "ATLAS": 2.9799444025213067,
      "CMS": 2.7111801519626524,
      "LHCb": 1.8680920600891113,
      "total": 2.3479864597320557
    }
  },
  "9400": {
    "training_loss": 7841.435546875,
    "validation_loss": [
      2757.65771484375
    ],
    "validation_chi2s": {
      "DEUTERON": 2.13720019895639,
      "NMC": 2.3020231957529105,
      "NUCLEAR": 1.8897276611328124,
      "HERACOMB": 2.4391250111698324,
      "DYE886": 1.9373945756392046,
      "CDF": 1.2976891653878349,
      "D0": 1.1229389190673829,
      "ATLAS": 2.8954042954878374,
      "CMS": 2.8879136496443087,
      "LHCb": 2.003875494003296,
      "total": 2.340958595275879
    }
  },
  "9500": {
    "training_loss": 7828.17724609375,
    "validation_loss": [
      2790.30419921875
    ],
    "validation_chi2s": {
      "DEUTERON": 2.1359857208100124,
      "NMC": 2.3418818455116424,
      "NUCLEAR": 1.9170150146484375,
      "HERACOMB": 2.525937148948121,
      "DYE886": 1.958418759432706,
      "CDF": 1.301680564880371,
      "D0": 1.2368293762207032,
      "ATLAS": 2.9719664833762427,
      "CMS": 2.7645811995839686,
      "LHCb": 1.9223369359970093,
      "total": 2.3685479164123535
    }
  },
  "9600": {
    "training_loss": 7844.01123046875,
    "validation_loss": [
      2818.03564453125
    ],
    "validation_chi2s": {
      "DEUTERON": 2.355070655025653,
      "NMC": 2.3173929850260415,
      "NUCLEAR": 1.9149638671875,
      "HERACOMB": 2.5208881851894405,
      "DYE886": 1.8747855099764736,
      "CDF": 1.1982149396623885,
      "D0": 1.122331428527832,
      "ATLAS": 2.982967723499645,
      "CMS": 2.686159459556021,
      "LHCb": 1.8694947957992554,
      "total": 2.391993999481201
    }
  },
  "9700": {
    "training_loss": 7826.71533203125,
    "validation_loss": [
      3278.5009765625
    ],
    "validation_chi2s": {
      "DEUTERON": 4.701929804104478,
      "NMC": 2.2941462198893228,
      "NUCLEAR": 1.882886474609375,
      "HERACOMB": 2.4572097678589664,
      "DYE886": 1.7536449432373047,
      "CDF": 1.2709792000906808,
      "D0": 1.0368403434753417,
      "ATLAS": 2.945554559881037,
      "CMS": 2.863534074488694,
      "LHCb": 2.033947706222534,
      "total": 2.782921552658081
    }
  },
  "9800": {
    "training_loss": 7864.94189453125,
    "validation_loss": [
      2763.6015625
    ],
    "validation_chi2s": {
      "DEUTERON": 2.071705528752721,
      "NMC": 2.319371092553232,
      "NUCLEAR": 1.8950880126953125,
      "HERACOMB": 2.5168137893178106,
      "DYE886": 2.207463351162997,
      "CDF": 1.3043207441057478,
      "D0": 1.3110811233520507,
      "ATLAS": 2.9383094094016333,
      "CMS": 2.7565654971735265,
      "LHCb": 1.811714768409729,
      "total": 2.34600830078125
    }
  },
  "9900": {
    "training_loss": 7855.45458984375,
    "validation_loss": [
      2789.270263671875
    ],
    "validation_chi2s": {
      "DEUTERON": 2.246479698674596,
      "NMC": 2.3005477306889555,
      "NUCLEAR": 1.88659716796875,
      "HERACOMB": 2.4528884389042074,
      "DYE886": 1.8241506056352095,
      "CDF": 1.3424421037946428,
      "D0": 1.0049413681030273,
      "ATLAS": 2.979636452414773,
      "CMS": 2.850923367632114,
      "LHCb": 1.983689308166504,
      "total": 2.3677749633789062
    }
  },
  "10000": {
    "training_loss": 7851.32275390625,
    "validation_loss": [
      2836.7431640625
    ],
    "validation_chi2s": {
      "DEUTERON": 2.4896014009542133,
      "NMC": 2.3481891108494177,
      "NUCLEAR": 1.887888671875,
      "HERACOMB": 2.476657842498979,
      "DYE886": 1.9498708898370916,
      "CDF": 1.426523072378976,
      "D0": 1.0194554328918457,
      "ATLAS": 2.9168822548606177,
      "CMS": 2.8324895098926577,
      "LHCb": 1.9338394403457642,
      "total": 2.408085584640503
    }
  },
  "10100": {
    "training_loss": 7855.82373046875,
    "validation_loss": [
      2929.780517578125
    ],
    "validation_chi2s": {
      "DEUTERON": 2.99407078377643,
      "NMC": 2.3451155120251226,
      "NUCLEAR": 1.8900567626953124,
      "HERACOMB": 2.4597788293377247,
      "DYE886": 2.07377104325728,
      "CDF": 1.4144063677106584,
      "D0": 0.9419100761413575,
      "ATLAS": 2.9119997891512783,
      "CMS": 2.816608459968877,
      "LHCb": 1.851849913597107,
      "total": 2.4870736598968506
    }
  },
  "10200": {
    "training_loss": 7849.87451171875,
    "validation_loss": [
      2781.8779296875
    ],
    "validation_chi2s": {
      "DEUTERON": 2.0938646307039024,
      "NMC": 2.3536248300589766,
      "NUCLEAR": 1.914135498046875,
      "HERACOMB": 2.5224603391161153,
      "DYE886": 2.162190177223899,
      "CDF": 1.3560376848493303,
      "D0": 1.3247951507568358,
      "ATLAS": 2.989617781205611,
      "CMS": 2.725568073551829,
      "LHCb": 1.838780403137207,
      "total": 2.3615241050720215
    }
  },
  "10300": {
    "training_loss": 7873.9326171875,
    "validation_loss": [
      2925.36279296875
    ],
    "validation_chi2s": {
      "DEUTERON": 2.953508823072139,
      "NMC": 2.334386040182675,
      "NUCLEAR": 1.8926986083984374,
      "HERACOMB": 2.467160094018076,
      "DYE886": 1.8840035525235264,
      "CDF": 1.4120426177978516,
      "D0": 1.0556708335876466,
      "ATLAS": 2.9163423018022017,
      "CMS": 2.8224415352674033,
      "LHCb": 1.9429230690002441,
      "total": 2.4833056926727295
    }
  },
  "10400": {
    "training_loss": 7849.32177734375,
    "validation_loss": [
      2791.46435546875
    ],
    "validation_chi2s": {
      "DEUTERON": 2.1495768229166665,
      "NMC": 2.350995232077206,
      "NUCLEAR": 1.918576171875,
      "HERACOMB": 2.5176034565844567,
      "DYE886": 2.1322763616388496,
      "CDF": 1.4094013486589705,
      "D0": 1.2408815383911134,
      "ATLAS": 2.9728140397505327,
      "CMS": 2.7511078128969766,
      "LHCb": 1.8338005542755127,
      "total": 2.369663953781128
    }
  },
  "10500": {
    "training_loss": 7851.81591796875,
    "validation_loss": [
      3489.74658203125
    ],
    "validation_chi2s": {
      "DEUTERON": 5.765005538712686,
      "NMC": 2.3039950202493107,
      "NUCLEAR": 1.8886817626953125,
      "HERACOMB": 2.454952464384191,
      "DYE886": 1.8191620219837537,
      "CDF": 1.384504726954869,
      "D0": 1.0602364540100098,
      "ATLAS": 2.9391229802911933,
      "CMS": 2.83536262822345,
      "LHCb": 1.9892680644989014,
      "total": 2.962362289428711
    }
  },
  "10600": {
    "training_loss": 7840.48876953125,
    "validation_loss": [
      10804.6201171875
    ],
    "validation_chi2s": {
      "DEUTERON": 42.02903451492537,
      "NMC": 2.3059321384803924,
      "NUCLEAR": 1.8792088623046874,
      "HERACOMB": 2.4750814998851105,
      "DYE886": 1.6953187422318892,
      "CDF": 1.3620609555925642,
      "D0": 1.2786579132080078,
      "ATLAS": 3.005966533314098,
      "CMS": 2.8864991723037345,
      "LHCb": 2.125781297683716,
      "total": 9.171771049499512
    }
  },
  "10700": {
    "training_loss": 7899.94775390625,
    "validation_loss": [
      2770.1083984375
    ],
    "validation_chi2s": {
      "DEUTERON": 2.0500262056417133,
      "NMC": 2.351925719018076,
      "NUCLEAR": 1.9109403076171876,
      "HERACOMB": 2.5019976048687704,
      "DYE886": 2.0159454345703125,
      "CDF": 1.429288727896554,
      "D0": 1.229306411743164,
      "ATLAS": 3.0115488225763496,
      "CMS": 2.753640027550178,
      "LHCb": 1.8556132316589355,
      "total": 2.3515353202819824
    }
  },
  "10800": {
    "training_loss": 7870.49755859375,
    "validation_loss": [
      2798.892578125
    ],
    "validation_chi2s": {
      "DEUTERON": 2.1989615521027672,
      "NMC": 2.3620499255610445,
      "NUCLEAR": 1.90427099609375,
      "HERACOMB": 2.5078715405433005,
      "DYE886": 2.0294189453125,
      "CDF": 1.4659276689801897,
      "D0": 1.197738265991211,
      "ATLAS": 2.9658324501731177,
      "CMS": 2.8008291353055133,
      "LHCb": 1.861971139907837,
      "total": 2.3759677410125732
    }
  },
  "10900": {
    "training_loss": 13019.3193359375,
    "validation_loss": [
      2799.6982421875
    ],
    "validation_chi2s": {
      "DEUTERON": 2.0387908783718127,
      "NMC": 2.3710621852500764,
      "NUCLEAR": 1.9382750244140625,
      "HERACOMB": 2.580806757110396,
      "DYE886": 2.3750830563631924,
      "CDF": 1.326467514038086,
      "D0": 1.965146255493164,
      "ATLAS": 3.0193790089000356,
      "CMS": 2.649916237931911,
      "LHCb": 1.7523596286773682,
      "total": 2.3765971660614014
    }
  }
}