{
  "100": {
    "training_loss": 361.32470703125,
    "validation_loss": [
      157.92881774902344
    ],
    "validation_chi2s": {
      "DEUTERON": 3.038644027709961,
      "ATLAS": 3.3075506036931817,
      "total": 3.0966434478759766
    }
  },
  "200": {
    "training_loss": 278.8530578613281,
    "validation_loss": [
      107.62320709228516
    ],
    "validation_chi2s": {
      "DEUTERON": 1.96246280670166,
      "ATLAS": 2.6476998762650923,
      "total": 2.1102590560913086
    }
  },
  "300": {
    "training_loss": 286.73016357421875,
    "validation_loss": [
      99.11438751220703
    ],
    "validation_chi2s": {
      "DEUTERON": 1.709373664855957,
      "ATLAS": 2.79449480230158,
      "total": 1.943419337272644
    }
  },
  "400": {
    "training_loss": 287.12298583984375,
    "validation_loss": [
      86.84855651855469
    ],
    "validation_chi2s": {
      "DEUTERON": 1.5337677955627442,
      "ATLAS": 2.31798640164462,
      "total": 1.7029130458831787
    }
  },
  "500": {
    "training_loss": 274.42633056640625,
    "validation_loss": [
      85.45873260498047
    ],
    "validation_chi2s": {
      "DEUTERON": 1.523762035369873,
      "ATLAS": 2.2280235290527344,
      "total": 1.675661563873291
    }
  },
  "600": {
    "training_loss": 256.92266845703125,
    "validation_loss": [
      92.50648498535156
    ],
    "validation_chi2s": {
      "DEUTERON": 1.5323837280273438,
      "ATLAS": 2.837376507845792,
      "total": 1.8138527870178223
    }
  },
  "700": {
    "training_loss": 250.87657165527344,
    "validation_loss": [
      91.42461395263672
    ],
    "validation_chi2s": {
      "DEUTERON": 1.5602368354797362,
      "ATLAS": 2.6377405686811968,
      "total": 1.7926396131515503
    }
  },
  "800": {
    "training_loss": 247.7459716796875,
    "validation_loss": [
      91.02935028076172
    ],
    "validation_chi2s": {
      "DEUTERON": 1.566403293609619,
      "ATLAS": 2.579384196888317,
      "total": 1.7848893404006958
    }
  },
  "900": {
    "training_loss": 247.80099487304688,
    "validation_loss": [
      89.94058227539062
    ],
    "validation_chi2s": {
      "DEUTERON": 1.5469597816467284,
      "ATLAS": 2.551108967174183,
      "total": 1.7635409832000732
    }
  }
}