{
  "100": {
    "training_loss": 309.16943359375,
    "validation_loss": [
      126.00536346435547
    ],
    "validation_chi2s": {
      "DEUTERON": 2.365178108215332,
      "ATLAS": 2.8543855493718926,
      "total": 2.470693349838257
    }
  },
  "200": {
    "training_loss": 294.83135986328125,
    "validation_loss": [
      121.56014251708984
    ],
    "validation_chi2s": {
      "DEUTERON": 2.264802360534668,
      "ATLAS": 2.815277273004705,
      "total": 2.3835322856903076
    }
  },
  "300": {
    "training_loss": 286.1578674316406,
    "validation_loss": [
      104.71370697021484
    ],
    "validation_chi2s": {
      "DEUTERON": 1.940079689025879,
      "ATLAS": 2.46459302035245,
      "total": 2.0532100200653076
    }
  },
  "400": {
    "training_loss": 261.9811706542969,
    "validation_loss": [
      103.38239288330078
    ],
    "validation_chi2s": {
      "DEUTERON": 1.8564884185791015,
      "ATLAS": 2.6475323763760654,
      "total": 2.0271058082580566
    }
  },
  "500": {
    "training_loss": 260.0144348144531,
    "validation_loss": [
      100.84729766845703
    ],
    "validation_chi2s": {
      "DEUTERON": 1.8283512115478515,
      "ATLAS": 2.5193862915039062,
      "total": 1.9773980379104614
    }
  },
  "600": {
    "training_loss": 264.81842041015625,
    "validation_loss": [
      91.86247253417969
    ],
    "validation_chi2s": {
      "DEUTERON": 1.7652456283569335,
      "ATLAS": 1.932059027931907,
      "total": 1.801224946975708
    }
  },
  "700": {
    "training_loss": 260.9469909667969,
    "validation_loss": [
      97.57109069824219
    ],
    "validation_chi2s": {
      "DEUTERON": 1.7764171600341796,
      "ATLAS": 2.4104009108109907,
      "total": 1.9131587743759155
    }
  },
  "800": {
    "training_loss": 258.9801330566406,
    "validation_loss": [
      98.00373840332031
    ],
    "validation_chi2s": {
      "DEUTERON": 1.7923822402954102,
      "ATLAS": 2.3916776830499824,
      "total": 1.9216420650482178
    }
  },
  "900": {
    "training_loss": 259.723876953125,
    "validation_loss": [
      97.63587951660156
    ],
    "validation_chi2s": {
      "DEUTERON": 1.7768959045410155,
      "ATLAS": 2.414549220692028,
      "total": 1.9144290685653687
    }
  }
}