{
  "100": {
    "training_loss": 299.34375,
    "validation_loss": [
      97.33063507080078
    ],
    "validation_chi2s": {
      "DEUTERON": 1.814490509033203,
      "ATLAS": 2.250092246315696,
      "total": 1.908443808555603
    }
  },
  "200": {
    "training_loss": 254.59283447265625,
    "validation_loss": [
      118.36752319335938
    ],
    "validation_chi2s": {
      "DEUTERON": 2.0738948822021483,
      "ATLAS": 3.219247991388494,
      "total": 2.320931911468506
    }
  },
  "300": {
    "training_loss": 234.58145141601562,
    "validation_loss": [
      120.21569061279297
    ],
    "validation_chi2s": {
      "DEUTERON": 2.230190086364746,
      "ATLAS": 2.818917014382102,
      "total": 2.357170343399048
    }
  },
  "400": {
    "training_loss": 227.43922424316406,
    "validation_loss": [
      120.37552642822266
    ],
    "validation_chi2s": {
      "DEUTERON": 2.2477577209472654,
      "ATLAS": 2.7695655822753906,
      "total": 2.360304594039917
    }
  },
  "500": {
    "training_loss": 235.61123657226562,
    "validation_loss": [
      96.88568115234375
    ],
    "validation_chi2s": {
      "DEUTERON": 1.8483598709106446,
      "ATLAS": 2.0864804007790307,
      "total": 1.89971923828125
    }
  }
}