{
  "100": {
    "training_loss": 319.0,
    "validation_loss": [
      84.79124450683594
    ],
    "validation_chi2s": {
      "DEUTERON": 1.769289207458496,
      "ATLAS": 1.2745159322565252,
      "total": 1.6625734567642212
    }
  },
  "200": {
    "training_loss": 286.9135437011719,
    "validation_loss": [
      66.1370849609375
    ],
    "validation_chi2s": {
      "DEUTERON": 1.3754857063293457,
      "ATLAS": 1.0106966712258079,
      "total": 1.296805739402771
    }
  },
  "300": {
    "training_loss": 270.4700012207031,
    "validation_loss": [
      71.16728973388672
    ],
    "validation_chi2s": {
      "DEUTERON": 1.36898193359375,
      "ATLAS": 1.4916380101984197,
      "total": 1.395437240600586
    }
  },
  "400": {
    "training_loss": 266.1477355957031,
    "validation_loss": [
      72.02281188964844
    ],
    "validation_chi2s": {
      "DEUTERON": 1.3957141876220702,
      "ATLAS": 1.4722047285600142,
      "total": 1.4122121334075928
    }
  },
  "500": {
    "training_loss": 263.85760498046875,
    "validation_loss": [
      71.5152359008789
    ],
    "validation_chi2s": {
      "DEUTERON": 1.3918987274169923,
      "ATLAS": 1.4399354241111062,
      "total": 1.4022594690322876
    }
  },
  "600": {
    "training_loss": 262.0950927734375,
    "validation_loss": [
      71.1097183227539
    ],
    "validation_chi2s": {
      "DEUTERON": 1.3908201217651368,
      "ATLAS": 1.406992652199485,
      "total": 1.39430832862854
    }
  },
  "700": {
    "training_loss": 271.5056457519531,
    "validation_loss": [
      61.81129455566406
    ],
    "validation_chi2s": {
      "DEUTERON": 1.267543125152588,
      "ATLAS": 1.0099613883278586,
      "total": 1.2119863033294678
    }
  }
}