{
  "100": {
    "training_loss": 742930.0,
    "validation_loss": [
      561688.5625
    ],
    "validation_chi2s": {
      "DEUTERON": 85.39138292910448,
      "NMC": 128.63541666666666,
      "NUCLEAR": 12.421376953125,
      "HERACOMB": 170.36569393382354,
      "DYE886": 31.980776700106535,
      "CDF": 40.589891706194194,
      "D0": 36049.3625,
      "ATLAS": 210.55183035714285,
      "CMS": 539.575499487705,
      "LHCb": 314.45867919921875,
      "total": 470.3912658691406
    }
  },
  "200": {
    "training_loss": 281941.625,
    "validation_loss": [
      137434.53125
    ],
    "validation_chi2s": {
      "DEUTERON": 37.004559720926615,
      "NMC": 137.06156173406862,
      "NUCLEAR": 14.7436591796875,
      "HERACOMB": 122.79617289624183,
      "DYE886": 31.540366432883523,
      "CDF": 37.387987409319194,
      "D0": 2637.18125,
      "ATLAS": 165.4114732142857,
      "CMS": 78.81875160092213,
      "LHCb": 317.5606689453125,
      "total": 112.025390625
    }
  },
  "300": {
    "training_loss": 298137.0,
    "validation_loss": [
      133338.3125
    ],
    "validation_chi2s": {
      "DEUTERON": 58.0302831545398,
      "NMC": 168.1345932904412,
      "NUCLEAR": 21.625173828125,
      "HERACOMB": 132.2195542279412,
      "DYE886": 16.28363175825639,
      "CDF": 46.31748744419643,
      "D0": 328.7856201171875,
      "ATLAS": 185.83551339285714,
      "CMS": 174.13077932889345,
      "LHCb": 227.42251586914062,
      "total": 111.49442291259766
    }
  },
  "400": {
    "training_loss": 28208.0,
    "validation_loss": [
      13372.734375
    ],
    "validation_chi2s": {
      "DEUTERON": 12.362571906094526,
      "NMC": 5.2446755801930145,
      "NUCLEAR": 8.13685009765625,
      "HERACOMB": 8.347651462928921,
      "DYE886": 55.19775945490057,
      "CDF": 7.829204559326172,
      "D0": 10.471066284179688,
      "ATLAS": 13.124773995535714,
      "CMS": 9.059181088306865,
      "LHCb": 14.559553146362305,
      "total": 10.699639320373535
    }
  },
  "500": {
    "training_loss": 18590.615234375,
    "validation_loss": [
      8724.69140625
    ],
    "validation_chi2s": {
      "DEUTERON": 6.841301305970149,
      "NMC": 2.928078445733762,
      "NUCLEAR": 6.63891943359375,
      "HERACOMB": 4.946272307751226,
      "DYE886": 51.88429953835227,
      "CDF": 4.190344674246652,
      "D0": 6.621998596191406,
      "ATLAS": 6.767761579241071,
      "CMS": 5.828091480692879,
      "LHCb": 5.164048194885254,
      "total": 6.7987799644470215
    }
  },
  "600": {
    "training_loss": 10919.3984375,
    "validation_loss": [
      4514.91796875
    ],
    "validation_chi2s": {
      "DEUTERON": 4.56431344255286,
      "NMC": 2.583572686887255,
      "NUCLEAR": 3.291801025390625,
      "HERACOMB": 3.1930978812423407,
      "DYE886": 3.855399738658558,
      "CDF": 3.992997305733817,
      "D0": 7.166332244873047,
      "ATLAS": 2.860322265625,
      "CMS": 4.231776503265881,
      "LHCb": 4.1354875564575195,
      "total": 3.5568275451660156
    }
  },
  "700": {
    "training_loss": 8189.44921875,
    "validation_loss": [
      3197.2578125
    ],
    "validation_chi2s": {
      "DEUTERON": 2.477211567892957,
      "NMC": 2.2162496529373468,
      "NUCLEAR": 2.14560986328125,
      "HERACOMB": 2.844455494600184,
      "DYE886": 3.00337739424272,
      "CDF": 2.168795721871512,
      "D0": 7.938851928710937,
      "ATLAS": 2.5267095075334822,
      "CMS": 3.638826964331455,
      "LHCb": 3.1683263778686523,
      "total": 2.6920881271362305
    }
  },
  "800": {
    "training_loss": 7949.87890625,
    "validation_loss": [
      3082.69580078125
    ],
    "validation_chi2s": {
      "DEUTERON": 2.3367525167133083,
      "NMC": 2.2868016560872397,
      "NUCLEAR": 2.0411707763671876,
      "HERACOMB": 2.7723346785003065,
      "DYE886": 3.9021894281560723,
      "CDF": 1.7370527812412806,
      "D0": 5.200181198120117,
      "ATLAS": 2.4609519740513393,
      "CMS": 3.64584225513896,
      "LHCb": 3.4399938583374023,
      "total": 2.6194639205932617
    }
  },
  "900": {
    "training_loss": 7943.5048828125,
    "validation_loss": [
      2996.7421875
    ],
    "validation_chi2s": {
      "DEUTERON": 2.210883600794854,
      "NMC": 2.1637405694699754,
      "NUCLEAR": 2.0319246826171873,
      "HERACOMB": 2.7586923237719567,
      "DYE886": 3.2262684215198862,
      "CDF": 1.6983036313738142,
      "D0": 5.552633666992188,
      "ATLAS": 2.4544529506138395,
      "CMS": 3.4883487889024076,
      "LHCb": 2.9030234813690186,
      "total": 2.5453031063079834
    }
  },
  "1000": {
    "training_loss": 7888.33349609375,
    "validation_loss": [
      2980.46044921875
    ],
    "validation_chi2s": {
      "DEUTERON": 2.180337175207945,
      "NMC": 2.1660778569240198,
      "NUCLEAR": 2.034027099609375,
      "HERACOMB": 2.752040887969771,
      "DYE886": 3.3378080888227983,
      "CDF": 1.660628046308245,
      "D0": 4.962520599365234,
      "ATLAS": 2.435448172433036,
      "CMS": 3.4908982573962604,
      "LHCb": 2.866701126098633,
      "total": 2.5321919918060303
    }
  },
  "1100": {
    "training_loss": 7882.2529296875,
    "validation_loss": [
      2963.9677734375
    ],
    "validation_chi2s": {
      "DEUTERON": 2.1513248272796175,
      "NMC": 2.150346793380438,
      "NUCLEAR": 2.0321756591796873,
      "HERACOMB": 2.7496220208460986,
      "DYE886": 3.2856462652033027,
      "CDF": 1.6500181470598494,
      "D0": 4.760134887695313,
      "ATLAS": 2.4287662179129463,
      "CMS": 3.4698551365586576,
      "LHCb": 2.8088231086730957,
      "total": 2.5180158615112305
    }
  },
  "1200": {
    "training_loss": 7866.5,
    "validation_loss": [
      2954.02880859375
    ],
    "validation_chi2s": {
      "DEUTERON": 2.1296480852573074,
      "NMC": 2.1405338960535385,
      "NUCLEAR": 2.032914794921875,
      "HERACOMB": 2.7519788555070464,
      "DYE886": 3.2932593605735083,
      "CDF": 1.6567209788731165,
      "D0": 4.535378646850586,
      "ATLAS": 2.4214004952566963,
      "CMS": 3.46082043256916,
      "LHCb": 2.75549054145813,
      "total": 2.509442090988159
    }
  },
  "1300": {
    "training_loss": 7845.55712890625,
    "validation_loss": [
      2948.8408203125
    ],
    "validation_chi2s": {
      "DEUTERON": 2.119423785612951,
      "NMC": 2.1415608723958335,
      "NUCLEAR": 2.0340009765625,
      "HERACOMB": 2.753286922679228,
      "DYE886": 3.3358369307084517,
      "CDF": 1.6750880650111608,
      "D0": 4.335400772094727,
      "ATLAS": 2.411386195591518,
      "CMS": 3.4623638215612194,
      "LHCb": 2.715993642807007,
      "total": 2.5051112174987793
    }
  },
  "1400": {
    "training_loss": 7801.35791015625,
    "validation_loss": [
      2965.07763671875
    ],
    "validation_chi2s": {
      "DEUTERON": 2.156494140625,
      "NMC": 2.0958841361251532,
      "NUCLEAR": 2.021926025390625,
      "HERACOMB": 2.7715655557470384,
      "DYE886": 2.8215628537264736,
      "CDF": 1.7252367564610072,
      "D0": 5.1469879150390625,
      "ATLAS": 2.4958450753348216,
      "CMS": 3.4417574522925203,
      "LHCb": 2.6537301540374756,
      "total": 2.5179708003997803
    }
  },
  "1500": {
    "training_loss": 7802.8154296875,
    "validation_loss": [
      2951.6923828125
    ],
    "validation_chi2s": {
      "DEUTERON": 2.1414425978020057,
      "NMC": 2.185630947935815,
      "NUCLEAR": 2.0221507568359374,
      "HERACOMB": 2.7520099714690565,
      "DYE886": 3.4275869889692827,
      "CDF": 1.7100839614868164,
      "D0": 3.736795425415039,
      "ATLAS": 2.4001919991629466,
      "CMS": 3.4903139208183913,
      "LHCb": 2.780982255935669,
      "total": 2.5077710151672363
    }
  },
  "1600": {
    "training_loss": 7796.92626953125,
    "validation_loss": [
      2949.912109375
    ],
    "validation_chi2s": {
      "DEUTERON": 2.1180881481265548,
      "NMC": 2.1633586509554994,
      "NUCLEAR": 2.035976806640625,
      "HERACOMB": 2.759377872242647,
      "DYE886": 3.46529804576527,
      "CDF": 1.743990761893136,
      "D0": 3.843662643432617,
      "ATLAS": 2.3943331473214284,
      "CMS": 3.4996212818583503,
      "LHCb": 2.654808521270752,
      "total": 2.506146192550659
    }
  },
  "1700": {
    "training_loss": 7794.31396484375,
    "validation_loss": [
      2953.900390625
    ],
    "validation_chi2s": {
      "DEUTERON": 2.0998998233928017,
      "NMC": 2.081912171606924,
      "NUCLEAR": 2.034775634765625,
      "HERACOMB": 2.791453841464971,
      "DYE886": 2.8865191719748755,
      "CDF": 1.8469971248081751,
      "D0": 4.961078643798828,
      "ATLAS": 2.473814522879464,
      "CMS": 3.424074016633581,
      "LHCb": 2.57195782661438,
      "total": 2.508619546890259
    }
  },
  "1800": {
    "training_loss": 7793.15673828125,
    "validation_loss": [
      2950.98388671875
    ],
    "validation_chi2s": {
      "DEUTERON": 2.095637838638837,
      "NMC": 2.084283566942402,
      "NUCLEAR": 2.03265185546875,
      "HERACOMB": 2.7907395705678106,
      "DYE886": 2.9037948955189097,
      "CDF": 1.862640653337751,
      "D0": 4.840081405639649,
      "ATLAS": 2.4674571010044644,
      "CMS": 3.427188310466829,
      "LHCb": 2.575939893722534,
      "total": 2.5062294006347656
    }
  },
  "1900": {
    "training_loss": 7789.25341796875,
    "validation_loss": [
      2951.4697265625
    ],
    "validation_chi2s": {
      "DEUTERON": 2.094792152518657,
      "NMC": 2.0837577371036304,
      "NUCLEAR": 2.0318094482421873,
      "HERACOMB": 2.792181675730188,
      "DYE886": 2.899677970192649,
      "CDF": 1.8787890842982702,
      "D0": 4.847164535522461,
      "ATLAS": 2.4683396693638393,
      "CMS": 3.4310137639280227,
      "LHCb": 2.573692798614502,
      "total": 2.5068047046661377
    }
  },
  "2000": {
    "training_loss": 7784.46728515625,
    "validation_loss": [
      2953.51318359375
    ],
    "validation_chi2s": {
      "DEUTERON": 2.114112360560479,
      "NMC": 2.1008863262101714,
      "NUCLEAR": 2.0222353515625,
      "HERACOMB": 2.7791209501378678,
      "DYE886": 2.9090933366255327,
      "CDF": 1.8693265914916992,
      "D0": 4.810763549804688,
      "ATLAS": 2.4678583635602678,
      "CMS": 3.4445297991643185,
      "LHCb": 2.6582717895507812,
      "total": 2.5088582038879395
    }
  },
  "2100": {
    "training_loss": 7779.30126953125,
    "validation_loss": [
      2954.992431640625
    ],
    "validation_chi2s": {
      "DEUTERON": 2.093104575996968,
      "NMC": 2.0789114260206034,
      "NUCLEAR": 2.035654541015625,
      "HERACOMB": 2.797021803513072,
      "DYE886": 2.8775258497758345,
      "CDF": 1.9075253350394112,
      "D0": 4.894332504272461,
      "ATLAS": 2.4729996163504464,
      "CMS": 3.437406446112961,
      "LHCb": 2.5746138095855713,
      "total": 2.5099222660064697
    }
  },
  "2200": {
    "training_loss": 7778.01708984375,
    "validation_loss": [
      2955.7998046875
    ],
    "validation_chi2s": {
      "DEUTERON": 2.09016259036847,
      "NMC": 2.0809611900179994,
      "NUCLEAR": 2.030826416015625,
      "HERACOMB": 2.7964702930325775,
      "DYE886": 2.887203910134055,
      "CDF": 1.9188988549368722,
      "D0": 4.984697723388672,
      "ATLAS": 2.4774998256138394,
      "CMS": 3.4422717485271517,
      "LHCb": 2.5840818881988525,
      "total": 2.5107877254486084
    }
  },
  "2300": {
    "training_loss": 7785.0048828125,
    "validation_loss": [
      2949.123779296875
    ],
    "validation_chi2s": {
      "DEUTERON": 2.065385505334655,
      "NMC": 2.0795783248602175,
      "NUCLEAR": 2.05544677734375,
      "HERACOMB": 2.8012689328661153,
      "DYE886": 2.939461101185192,
      "CDF": 1.9350600923810686,
      "D0": 4.561442565917969,
      "ATLAS": 2.4426384626116073,
      "CMS": 3.433262559234119,
      "LHCb": 2.601210832595825,
      "total": 2.504793643951416
    }
  },
  "2400": {
    "training_loss": 7792.89013671875,
    "validation_loss": [
      2943.4638671875
    ],
    "validation_chi2s": {
      "DEUTERON": 2.0629556380694187,
      "NMC": 2.088049346325444,
      "NUCLEAR": 2.049568115234375,
      "HERACOMB": 2.7935741150301268,
      "DYE886": 2.9745393232865767,
      "CDF": 1.9071592603410994,
      "D0": 4.481903839111328,
      "ATLAS": 2.438563929966518,
      "CMS": 3.433285572489754,
      "LHCb": 2.5839500427246094,
      "total": 2.5002341270446777
    }
  },
  "2500": {
    "training_loss": 7778.85400390625,
    "validation_loss": [
      2948.826171875
    ],
    "validation_chi2s": {
      "DEUTERON": 2.0562865603622513,
      "NMC": 2.0732715083103552,
      "NUCLEAR": 2.0425281982421875,
      "HERACOMB": 2.8041387819776347,
      "DYE886": 2.9113117564808237,
      "CDF": 1.9504428591047014,
      "D0": 4.7585899353027346,
      "ATLAS": 2.46063232421875,
      "CMS": 3.438165633404841,
      "LHCb": 2.5805277824401855,
      "total": 2.5048305988311768
    }
  },
  "2600": {
    "training_loss": 7782.03515625,
    "validation_loss": [
      2944.8935546875
    ],
    "validation_chi2s": {
      "DEUTERON": 2.0610357635649876,
      "NMC": 2.0780160941329657,
      "NUCLEAR": 2.0352430419921874,
      "HERACOMB": 2.7938886654922386,
      "DYE886": 2.9540956670587715,
      "CDF": 1.933356830051967,
      "D0": 4.5689128875732425,
      "ATLAS": 2.4618111746651787,
      "CMS": 3.4400394627305326,
      "LHCb": 2.5944950580596924,
      "total": 2.501467704772949
    }
  },
  "2700": {
    "training_loss": 7774.48193359375,
    "validation_loss": [
      2946.11767578125
    ],
    "validation_chi2s": {
      "DEUTERON": 2.0641573626010574,
      "NMC": 2.0735365923713234,
      "NUCLEAR": 2.0372347412109373,
      "HERACOMB": 2.7991097643484477,
      "DYE886": 2.906490672718395,
      "CDF": 1.9334024701799666,
      "D0": 4.613325500488282,
      "ATLAS": 2.4557974679129466,
      "CMS": 3.4465261990906764,
      "LHCb": 2.5899600982666016,
      "total": 2.5027310848236084
    }
  },
  "2800": {
    "training_loss": 7781.9638671875,
    "validation_loss": [
      2941.9638671875
    ],
    "validation_chi2s": {
      "DEUTERON": 2.0964971893462376,
      "NMC": 2.1323101567287073,
      "NUCLEAR": 2.0438363037109375,
      "HERACOMB": 2.769187179266238,
      "DYE886": 3.242346676913175,
      "CDF": 1.8662714276994978,
      "D0": 3.8241992950439454,
      "ATLAS": 2.404947684151786,
      "CMS": 3.4833128882236166,
      "LHCb": 2.6027698516845703,
      "total": 2.5001957416534424
    }
  },
  "2900": {
    "training_loss": 7770.8076171875,
    "validation_loss": [
      2952.74951171875
    ],
    "validation_chi2s": {
      "DEUTERON": 2.0829558870685636,
      "NMC": 2.0714522717045805,
      "NUCLEAR": 2.0400284423828126,
      "HERACOMB": 2.800628662109375,
      "DYE886": 2.8478634574196557,
      "CDF": 1.8999242782592773,
      "D0": 4.696418762207031,
      "ATLAS": 2.452540283203125,
      "CMS": 3.463954737929047,
      "LHCb": 2.629047155380249,
      "total": 2.5086400508880615
    }
  },
  "3000": {
    "training_loss": 7772.7392578125,
    "validation_loss": [
      2940.57568359375
    ],
    "validation_chi2s": {
      "DEUTERON": 2.137762876292366,
      "NMC": 2.1918363384172026,
      "NUCLEAR": 2.0173736572265626,
      "HERACOMB": 2.756491866766238,
      "DYE886": 3.2081416736949575,
      "CDF": 1.844123159136091,
      "D0": 3.5832447052001952,
      "ATLAS": 2.3888153948102677,
      "CMS": 3.5032781382076075,
      "LHCb": 2.6597442626953125,
      "total": 2.4993016719818115
    }
  },
  "3100": {
    "training_loss": 7768.0146484375,
    "validation_loss": [
      2941.205078125
    ],
    "validation_chi2s": {
      "DEUTERON": 2.054456264818486,
      "NMC": 2.0699742635091147,
      "NUCLEAR": 2.033520263671875,
      "HERACOMB": 2.7993537055121527,
      "DYE886": 2.8605648387562144,
      "CDF": 1.9664299828665597,
      "D0": 4.579313278198242,
      "ATLAS": 2.4569552176339284,
      "CMS": 3.441067054623463,
      "LHCb": 2.590038299560547,
      "total": 2.4988486766815186
    }
  },
  "3200": {
    "training_loss": 7789.23291015625,
    "validation_loss": [
      2939.706787109375
    ],
    "validation_chi2s": {
      "DEUTERON": 2.0676108592778295,
      "NMC": 2.0693796195235907,
      "NUCLEAR": 2.0412840576171876,
      "HERACOMB": 2.795052522148182,
      "DYE886": 2.9976952292702417,
      "CDF": 1.8833983285086495,
      "D0": 4.008942031860352,
      "ATLAS": 2.42248046875,
      "CMS": 3.4753845715131915,
      "LHCb": 2.595184803009033,
      "total": 2.4973936080932617
    }
  },
  "3300": {
    "training_loss": 7803.30615234375,
    "validation_loss": [
      2928.81103515625
    ],
    "validation_chi2s": {
      "DEUTERON": 2.0836193786924753,
      "NMC": 2.115332061169194,
      "NUCLEAR": 2.0273558349609373,
      "HERACOMB": 2.771532844094669,
      "DYE886": 2.9619986794211646,
      "CDF": 1.8934237616402763,
      "D0": 4.157870864868164,
      "ATLAS": 2.402901611328125,
      "CMS": 3.4557284996157787,
      "LHCb": 2.600756883621216,
      "total": 2.488898754119873
    }
  },
  "3400": {
    "training_loss": 7759.73828125,
    "validation_loss": [
      2942.805419921875
    ],
    "validation_chi2s": {
      "DEUTERON": 2.1199806934565455,
      "NMC": 2.1020630481196383,
      "NUCLEAR": 2.0133397216796873,
      "HERACOMB": 2.7744587418300655,
      "DYE886": 2.79265004938299,
      "CDF": 1.8803035191127233,
      "D0": 4.679221725463867,
      "ATLAS": 2.449178292410714,
      "CMS": 3.467655869780994,
      "LHCb": 2.5682332515716553,
      "total": 2.5007457733154297
    }
  },
  "3500": {
    "training_loss": 7762.8037109375,
    "validation_loss": [
      2938.1728515625
    ],
    "validation_chi2s": {
      "DEUTERON": 2.0475239160642102,
      "NMC": 2.067682752422258,
      "NUCLEAR": 2.033264892578125,
      "HERACOMB": 2.796182669845282,
      "DYE886": 2.8710859472101387,
      "CDF": 1.9924424035208566,
      "D0": 4.56707763671875,
      "ATLAS": 2.4555691964285713,
      "CMS": 3.437381931992828,
      "LHCb": 2.603254556655884,
      "total": 2.4967033863067627
    }
  },
  "3600": {
    "training_loss": 7765.5009765625,
    "validation_loss": [
      2937.1298828125
    ],
    "validation_chi2s": {
      "DEUTERON": 2.0450333173002178,
      "NMC": 2.06982047885072,
      "NUCLEAR": 2.03721923828125,
      "HERACOMB": 2.7938735064338234,
      "DYE886": 2.9117937954989346,
      "CDF": 1.9723035267421178,
      "D0": 4.519674682617188,
      "ATLAS": 2.4462569754464285,
      "CMS": 3.4398373463114753,
      "LHCb": 2.61080002784729,
      "total": 2.4959232807159424
    }
  },
  "3700": {
    "training_loss": 7761.03369140625,
    "validation_loss": [
      2939.82421875
    ],
    "validation_chi2s": {
      "DEUTERON": 2.0399065160039647,
      "NMC": 2.062104617848116,
      "NUCLEAR": 2.038161376953125,
      "HERACOMB": 2.7991253223294525,
      "DYE886": 2.906945315274325,
      "CDF": 1.9973996026175362,
      "D0": 4.561260604858399,
      "ATLAS": 2.451714041573661,
      "CMS": 3.4430767121862194,
      "LHCb": 2.621706485748291,
      "total": 2.498136281967163
    }
  },
  "3800": {
    "training_loss": 7779.49462890625,
    "validation_loss": [
      2932.630126953125
    ],
    "validation_chi2s": {
      "DEUTERON": 2.1055276595537937,
      "NMC": 2.146826201794194,
      "NUCLEAR": 2.0178128662109374,
      "HERACOMB": 2.7601824991064134,
      "DYE886": 3.2109433954412285,
      "CDF": 1.8895326341901506,
      "D0": 3.7364273071289062,
      "ATLAS": 2.3937969098772323,
      "CMS": 3.4864044189453125,
      "LHCb": 2.638209819793701,
      "total": 2.4929239749908447
    }
  },
  "3900": {
    "training_loss": 7759.90966796875,
    "validation_loss": [
      2936.521240234375
    ],
    "validation_chi2s": {
      "DEUTERON": 2.0522816216767725,
      "NMC": 2.0642972459980085,
      "NUCLEAR": 2.028541748046875,
      "HERACOMB": 2.79336527905433,
      "DYE886": 2.8549636494029653,
      "CDF": 1.9820199693952287,
      "D0": 4.595519256591797,
      "ATLAS": 2.45590087890625,
      "CMS": 3.4402961105596823,
      "LHCb": 2.5946977138519287,
      "total": 2.4956297874450684
    }
  },
  "4000": {
    "training_loss": 7761.20703125,
    "validation_loss": [
      2933.9189453125
    ],
    "validation_chi2s": {
      "DEUTERON": 2.046354379226912,
      "NMC": 2.0663078158509496,
      "NUCLEAR": 2.0298070068359375,
      "HERACOMB": 2.791390213311887,
      "DYE886": 2.871244777332653,
      "CDF": 1.9855758122035436,
      "D0": 4.529663467407227,
      "ATLAS": 2.4538875906808038,
      "CMS": 3.435519359150871,
      "LHCb": 2.5969436168670654,
      "total": 2.493490695953369
    }
  },
  "4100": {
    "training_loss": 7762.7626953125,
    "validation_loss": [
      2931.4345703125
    ],
    "validation_chi2s": {
      "DEUTERON": 2.066905311091029,
      "NMC": 2.0792438282686123,
      "NUCLEAR": 2.0129307861328125,
      "HERACOMB": 2.779360104230494,
      "DYE886": 2.8613839582963423,
      "CDF": 1.9520657403128487,
      "D0": 4.584495162963867,
      "ATLAS": 2.4524618094308037,
      "CMS": 3.442042366403048,
      "LHCb": 2.5989487171173096,
      "total": 2.491447687149048
    }
  },
  "4200": {
    "training_loss": 7763.27294921875,
    "validation_loss": [
      2936.2578125
    ],
    "validation_chi2s": {
      "DEUTERON": 2.065275733150653,
      "NMC": 2.0639714259727326,
      "NUCLEAR": 2.0208707275390627,
      "HERACOMB": 2.7822030260671977,
      "DYE886": 2.900043660944158,
      "CDF": 1.9655095509120397,
      "D0": 4.532386779785156,
      "ATLAS": 2.461601039341518,
      "CMS": 3.4508789562788165,
      "LHCb": 2.6005537509918213,
      "total": 2.495615005493164
    }
  },
  "4300": {
    "training_loss": 7763.251953125,
    "validation_loss": [
      2931.4150390625
    ],
    "validation_chi2s": {
      "DEUTERON": 2.060667123367537,
      "NMC": 2.073128943349801,
      "NUCLEAR": 2.0173448486328125,
      "HERACOMB": 2.7786390516493054,
      "DYE886": 2.891034559770064,
      "CDF": 1.9722769601004464,
      "D0": 4.612077713012695,
      "ATLAS": 2.454894321986607,
      "CMS": 3.4395086569864244,
      "LHCb": 2.5906801223754883,
      "total": 2.4916508197784424
    }
  },
  "4400": {
    "training_loss": 7765.78515625,
    "validation_loss": [
      2934.881103515625
    ],
    "validation_chi2s": {
      "DEUTERON": 2.1055223455476524,
      "NMC": 2.0884260289809284,
      "NUCLEAR": 2.007352783203125,
      "HERACOMB": 2.772668377246732,
      "DYE886": 2.84037954157049,
      "CDF": 1.872347014290946,
      "D0": 4.406978607177734,
      "ATLAS": 2.439443184988839,
      "CMS": 3.470488501376793,
      "LHCb": 2.61057186126709,
      "total": 2.4944722652435303
    }
  },
  "4500": {
    "training_loss": 7757.67431640625,
    "validation_loss": [
      2935.5615234375
    ],
    "validation_chi2s": {
      "DEUTERON": 2.0444093011504973,
      "NMC": 2.058645958993949,
      "NUCLEAR": 2.03070458984375,
      "HERACOMB": 2.7908428915185866,
      "DYE886": 2.9384103254838423,
      "CDF": 1.9868030548095703,
      "D0": 4.575683975219727,
      "ATLAS": 2.4489597865513395,
      "CMS": 3.4373676737800976,
      "LHCb": 2.625462770462036,
      "total": 2.4947640895843506
    }
  },
  "4600": {
    "training_loss": 7763.931640625,
    "validation_loss": [
      2931.380859375
    ],
    "validation_chi2s": {
      "DEUTERON": 2.14081934079602,
      "NMC": 2.1816537894454657,
      "NUCLEAR": 2.0042279052734373,
      "HERACOMB": 2.749173432393791,
      "DYE886": 3.06814887306907,
      "CDF": 1.840749876839774,
      "D0": 3.838008499145508,
      "ATLAS": 2.395933837890625,
      "CMS": 3.4832906254002305,
      "LHCb": 2.623997688293457,
      "total": 2.4922239780426025
    }
  },
  "4700": {
    "training_loss": 7785.30078125,
    "validation_loss": [
      2929.56201171875
    ],
    "validation_chi2s": {
      "DEUTERON": 2.132954156220849,
      "NMC": 2.1455311494715072,
      "NUCLEAR": 2.0069410400390626,
      "HERACOMB": 2.7473519518484477,
      "DYE886": 3.0109599720348013,
      "CDF": 1.8388376235961914,
      "D0": 4.024355697631836,
      "ATLAS": 2.403310023716518,
      "CMS": 3.4728220955270235,
      "LHCb": 2.6468186378479004,
      "total": 2.4905519485473633
    }
  },
  "4800": {
    "training_loss": 7764.92626953125,
    "validation_loss": [
      2933.69580078125
    ],
    "validation_chi2s": {
      "DEUTERON": 2.115082090766869,
      "NMC": 2.101384480794271,
      "NUCLEAR": 2.0073277587890623,
      "HERACOMB": 2.7566640018637663,
      "DYE886": 2.8758971474387427,
      "CDF": 1.8957466397966658,
      "D0": 4.4704231262207035,
      "ATLAS": 2.4548812430245537,
      "CMS": 3.443719332335425,
      "LHCb": 2.6431634426116943,
      "total": 2.494249105453491
    }
  },
  "4900": {
    "training_loss": 7766.1630859375,
    "validation_loss": [
      2931.298583984375
    ],
    "validation_chi2s": {
      "DEUTERON": 2.1487874652615826,
      "NMC": 2.172396790747549,
      "NUCLEAR": 2.0036878662109374,
      "HERACOMB": 2.7470906575520835,
      "DYE886": 3.018058430064808,
      "CDF": 1.7993221282958984,
      "D0": 3.9602787017822267,
      "ATLAS": 2.3958265904017857,
      "CMS": 3.4777079097560195,
      "LHCb": 2.6424500942230225,
      "total": 2.492290735244751
    }
  },
  "5000": {
    "training_loss": 7783.89013671875,
    "validation_loss": [
      2930.68603515625
    ],
    "validation_chi2s": {
      "DEUTERON": 2.099097560294232,
      "NMC": 2.099167468501072,
      "NUCLEAR": 2.0144990234375,
      "HERACOMB": 2.757464838962929,
      "DYE886": 2.854240590875799,
      "CDF": 1.906886100769043,
      "D0": 4.586567306518555,
      "ATLAS": 2.429618617466518,
      "CMS": 3.463381657834913,
      "LHCb": 2.628174304962158,
      "total": 2.4916746616363525
    }
  },
  "5100": {
    "training_loss": 7755.43896484375,
    "validation_loss": [
      2935.773681640625
    ],
    "validation_chi2s": {
      "DEUTERON": 2.150245173060479,
      "NMC": 2.195260291006051,
      "NUCLEAR": 2.002212890625,
      "HERACOMB": 2.748736811619179,
      "DYE886": 3.078519647771662,
      "CDF": 1.8476322719029017,
      "D0": 3.881821060180664,
      "ATLAS": 2.387595912388393,
      "CMS": 3.502712062147797,
      "LHCb": 2.6561548709869385,
      "total": 2.4961397647857666
    }
  },
  "5200": {
    "training_loss": 7776.20654296875,
    "validation_loss": [
      2923.186767578125
    ],
    "validation_chi2s": {
      "DEUTERON": 2.089692832225591,
      "NMC": 2.110337350882736,
      "NUCLEAR": 2.0086123046875,
      "HERACOMB": 2.7626787572125204,
      "DYE886": 2.914352763782848,
      "CDF": 1.8744964599609375,
      "D0": 4.28307876586914,
      "ATLAS": 2.418504115513393,
      "CMS": 3.4450265853131405,
      "LHCb": 2.6133384704589844,
      "total": 2.48504638671875
    }
  },
  "5300": {
    "training_loss": 7765.1796875,
    "validation_loss": [
      2925.170654296875
    ],
    "validation_chi2s": {
      "DEUTERON": 2.064909066726912,
      "NMC": 2.0745480107326135,
      "NUCLEAR": 2.01575732421875,
      "HERACOMB": 2.769412769990809,
      "DYE886": 2.893023230812766,
      "CDF": 1.9205488477434431,
      "D0": 4.548320770263672,
      "ATLAS": 2.444380580357143,
      "CMS": 3.4270484799244363,
      "LHCb": 2.6142220497131348,
      "total": 2.4866695404052734
    }
  },
  "5400": {
    "training_loss": 7749.1103515625,
    "validation_loss": [
      2934.255126953125
    ],
    "validation_chi2s": {
      "DEUTERON": 2.170340618683924,
      "NMC": 2.2010113585229014,
      "NUCLEAR": 1.992283203125,
      "HERACOMB": 2.7468925924862133,
      "DYE886": 2.8729589635675605,
      "CDF": 1.796877043587821,
      "D0": 4.066761779785156,
      "ATLAS": 2.390793980189732,
      "CMS": 3.4955546895011524,
      "LHCb": 2.674046277999878,
      "total": 2.4948785305023193
    }
  },
  "5500": {
    "training_loss": 7761.9580078125,
    "validation_loss": [
      2929.6162109375
    ],
    "validation_chi2s": {
      "DEUTERON": 2.152939070516558,
      "NMC": 2.17649871227788,
      "NUCLEAR": 1.9979884033203126,
      "HERACOMB": 2.745633792253881,
      "DYE886": 2.9786196621981533,
      "CDF": 1.7370001929146903,
      "D0": 3.9668960571289062,
      "ATLAS": 2.3945486886160716,
      "CMS": 3.478484607133709,
      "LHCb": 2.6648995876312256,
      "total": 2.4910366535186768
    }
  },
  "5600": {
    "training_loss": 7776.974609375,
    "validation_loss": [
      2925.5400390625
    ],
    "validation_chi2s": {
      "DEUTERON": 2.1063637804629196,
      "NMC": 2.1264048557655486,
      "NUCLEAR": 2.005386474609375,
      "HERACOMB": 2.7479254030713847,
      "DYE886": 3.0089683532714844,
      "CDF": 1.8742884227207728,
      "D0": 4.285214614868164,
      "ATLAS": 2.412291782924107,
      "CMS": 3.4584485663742317,
      "LHCb": 2.6577706336975098,
      "total": 2.487531900405884
    }
  },
  "5700": {
    "training_loss": 7787.150390625,
    "validation_loss": [
      2923.0498046875
    ],
    "validation_chi2s": {
      "DEUTERON": 2.106488735521611,
      "NMC": 2.112537758023131,
      "NUCLEAR": 2.0038134765625,
      "HERACOMB": 2.7511488970588234,
      "DYE886": 2.904673142866655,
      "CDF": 1.7995414733886719,
      "D0": 4.2923023223876955,
      "ATLAS": 2.4426515415736607,
      "CMS": 3.438352491034836,
      "LHCb": 2.571674108505249,
      "total": 2.485210657119751
    }
  },
  "5800": {
    "training_loss": 7751.50830078125,
    "validation_loss": [
      2933.92626953125
    ],
    "validation_chi2s": {
      "DEUTERON": 2.0602104224968905,
      "NMC": 2.0564816044826135,
      "NUCLEAR": 2.0167171630859375,
      "HERACOMB": 2.7819985782398895,
      "DYE886": 2.8065352006392046,
      "CDF": 1.863536970955985,
      "D0": 5.0607551574707035,
      "ATLAS": 2.4622860281808037,
      "CMS": 3.4324520924052253,
      "LHCb": 2.607342004776001,
      "total": 2.49399995803833
    }
  },
  "5900": {
    "training_loss": 7757.0146484375,
    "validation_loss": [
      2929.22412109375
    ],
    "validation_chi2s": {
      "DEUTERON": 2.0659683758939678,
      "NMC": 2.0628633686140474,
      "NUCLEAR": 2.010912109375,
      "HERACOMB": 2.7674548579197302,
      "DYE886": 2.836133436723189,
      "CDF": 1.9692997251238142,
      "D0": 4.899325180053711,
      "ATLAS": 2.461465192522321,
      "CMS": 3.430998755283043,
      "LHCb": 2.626659393310547,
      "total": 2.4903059005737305
    }
  },
  "6000": {
    "training_loss": 7763.244140625,
    "validation_loss": [
      2923.56591796875
    ],
    "validation_chi2s": {
      "DEUTERON": 2.0739453064268503,
      "NMC": 2.0832733453488816,
      "NUCLEAR": 2.0133643798828125,
      "HERACOMB": 2.7619343676598245,
      "DYE886": 2.9215275157581675,
      "CDF": 1.9384454999651228,
      "D0": 4.626933288574219,
      "ATLAS": 2.4261812918526786,
      "CMS": 3.43475091652792,
      "LHCb": 2.6182336807250977,
      "total": 2.4856460094451904
    }
  },
  "6100": {
    "training_loss": 7749.50390625,
    "validation_loss": [
      2929.71142578125
    ],
    "validation_chi2s": {
      "DEUTERON": 2.070386896085976,
      "NMC": 2.0586067648494946,
      "NUCLEAR": 2.008550537109375,
      "HERACOMB": 2.775794733583538,
      "DYE886": 2.7511945204301314,
      "CDF": 1.9083678381783622,
      "D0": 5.004843139648438,
      "ATLAS": 2.4538040597098214,
      "CMS": 3.4412086361744363,
      "LHCb": 2.5749619007110596,
      "total": 2.490002155303955
    }
  },
  "6200": {
    "training_loss": 7767.1455078125,
    "validation_loss": [
      2928.039794921875
    ],
    "validation_chi2s": {
      "DEUTERON": 2.075898735084344,
      "NMC": 2.0643534940831803,
      "NUCLEAR": 2.0085968017578124,
      "HERACOMB": 2.7697341021369484,
      "DYE886": 2.768461054021662,
      "CDF": 1.8888195582798548,
      "D0": 4.922953414916992,
      "ATLAS": 2.4904345703125,
      "CMS": 3.398777445808786,
      "LHCb": 2.544144868850708,
      "total": 2.489347219467163
    }
  },
  "6300": {
    "training_loss": 7763.873046875,
    "validation_loss": [
      2934.623046875
    ],
    "validation_chi2s": {
      "DEUTERON": 2.0890202308768657,
      "NMC": 2.0784394507314645,
      "NUCLEAR": 1.9997335205078124,
      "HERACOMB": 2.7605229795368667,
      "DYE886": 2.76531965082342,
      "CDF": 1.9817038944789342,
      "D0": 5.160190200805664,
      "ATLAS": 2.494569266183036,
      "CMS": 3.4223397677061986,
      "LHCb": 2.600684642791748,
      "total": 2.4950296878814697
    }
  },
  "6400": {
    "training_loss": 7865.6396484375,
    "validation_loss": [
      2937.837646484375
    ],
    "validation_chi2s": {
      "DEUTERON": 2.134026522660137,
      "NMC": 2.1454804364372704,
      "NUCLEAR": 1.998370361328125,
      "HERACOMB": 2.7462664834814134,
      "DYE886": 3.133602489124645,
      "CDF": 1.966846329825265,
      "D0": 4.229801177978516,
      "ATLAS": 2.4226199776785715,
      "CMS": 3.4693798628009733,
      "LHCb": 2.7238638401031494,
      "total": 2.498044490814209
    }
  },
  "6500": {
    "training_loss": 7754.20068359375,
    "validation_loss": [
      2935.7236328125
    ],
    "validation_chi2s": {
      "DEUTERON": 2.163570271202581,
      "NMC": 2.168814864813113,
      "NUCLEAR": 1.9936268310546874,
      "HERACOMB": 2.736947252859477,
      "DYE886": 2.962280967018821,
      "CDF": 1.8935788018362862,
      "D0": 4.284172058105469,
      "ATLAS": 2.407769775390625,
      "CMS": 3.4908644879450565,
      "LHCb": 2.6775193214416504,
      "total": 2.4962520599365234
    }
  },
  "6600": {
    "training_loss": 7777.35302734375,
    "validation_loss": [
      2924.46826171875
    ],
    "validation_chi2s": {
      "DEUTERON": 2.005184040733831,
      "NMC": 2.0705582861806833,
      "NUCLEAR": 2.0067518310546877,
      "HERACOMB": 2.779452055887459,
      "DYE886": 2.9474802884188565,
      "CDF": 2.1950089590890065,
      "D0": 4.993414688110351,
      "ATLAS": 2.514027797154018,
      "CMS": 3.3528622486552253,
      "LHCb": 2.6168723106384277,
      "total": 2.486163854598999
    }
  },
  "6700": {
    "training_loss": 7753.39404296875,
    "validation_loss": [
      2937.575439453125
    ],
    "validation_chi2s": {
      "DEUTERON": 2.1690054366837686,
      "NMC": 2.164275973450904,
      "NUCLEAR": 1.9890843505859375,
      "HERACOMB": 2.7411919886769813,
      "DYE886": 2.820690155029297,
      "CDF": 1.905968257359096,
      "D0": 4.612201309204101,
      "ATLAS": 2.4258082798549108,
      "CMS": 3.46863293256916,
      "LHCb": 2.677471876144409,
      "total": 2.4977142810821533
    }
  },
  "6800": {
    "training_loss": 7755.880859375,
    "validation_loss": [
      2934.83349609375
    ],
    "validation_chi2s": {
      "DEUTERON": 2.0795605408018503,
      "NMC": 2.0713266110887716,
      "NUCLEAR": 2.0253909912109376,
      "HERACOMB": 2.7649244919321894,
      "DYE886": 3.145951357754794,
      "CDF": 1.8908741814749581,
      "D0": 4.303450012207032,
      "ATLAS": 2.450904715401786,
      "CMS": 3.4579052534259733,
      "LHCb": 2.5622358322143555,
      "total": 2.4951443672180176
    }
  },
  "6900": {
    "training_loss": 7751.85791015625,
    "validation_loss": [
      2935.6943359375
    ],
    "validation_chi2s": {
      "DEUTERON": 2.1807035379741917,
      "NMC": 2.1819857429055607,
      "NUCLEAR": 1.9894676513671874,
      "HERACOMB": 2.731268589792688,
      "DYE886": 2.9052854017777876,
      "CDF": 1.8759874616350447,
      "D0": 4.335076141357422,
      "ATLAS": 2.4122549874441965,
      "CMS": 3.476649299996798,
      "LHCb": 2.6935646533966064,
      "total": 2.4962809085845947
    }
  },
  "7000": {
    "training_loss": 7802.53955078125,
    "validation_loss": [
      2941.122802734375
    ],
    "validation_chi2s": {
      "DEUTERON": 1.9851654204563123,
      "NMC": 2.042912202722886,
      "NUCLEAR": 2.0256082763671874,
      "HERACOMB": 2.792001562180862,
      "DYE886": 3.0401465676047583,
      "CDF": 2.3715278080531528,
      "D0": 4.981575393676758,
      "ATLAS": 2.5854000418526786,
      "CMS": 3.3364060198674435,
      "LHCb": 2.6225857734680176,
      "total": 2.500570058822632
    }
  },
  "7100": {
    "training_loss": 7765.42626953125,
    "validation_loss": [
      2929.793701171875
    ],
    "validation_chi2s": {
      "DEUTERON": 2.147325354429027,
      "NMC": 2.144732306985294,
      "NUCLEAR": 1.993318359375,
      "HERACOMB": 2.734295614404616,
      "DYE886": 2.9716793407093394,
      "CDF": 1.9365201677594865,
      "D0": 4.302602005004883,
      "ATLAS": 2.409636056082589,
      "CMS": 3.4791059650358607,
      "LHCb": 2.6747872829437256,
      "total": 2.4912474155426025
    }
  },
  "7200": {
    "training_loss": 7777.92578125,
    "validation_loss": [
      2927.500244140625
    ],
    "validation_chi2s": {
      "DEUTERON": 2.0428293712103547,
      "NMC": 2.0963848338407627,
      "NUCLEAR": 2.01396337890625,
      "HERACOMB": 2.7626693825316586,
      "DYE886": 3.3752899169921875,
      "CDF": 2.167280605861119,
      "D0": 4.277819061279297,
      "ATLAS": 2.455171072823661,
      "CMS": 3.3981543368980534,
      "LHCb": 2.6372368335723877,
      "total": 2.4891319274902344
    }
  },
  "7300": {
    "training_loss": 7778.89208984375,
    "validation_loss": [
      2928.9345703125
    ],
    "validation_chi2s": {
      "DEUTERON": 2.067511411448616,
      "NMC": 2.083085901596967,
      "NUCLEAR": 2.0149727783203124,
      "HERACOMB": 2.7604940576491015,
      "DYE886": 2.9408857172185723,
      "CDF": 2.1188414437430247,
      "D0": 4.719210433959961,
      "ATLAS": 2.5275399344308034,
      "CMS": 3.3479206522957226,
      "LHCb": 2.5368330478668213,
      "total": 2.490586519241333
    }
  },
  "7400": {
    "training_loss": 7765.24609375,
    "validation_loss": [
      2938.788330078125
    ],
    "validation_chi2s": {
      "DEUTERON": 2.1405911421894435,
      "NMC": 2.1483686858532476,
      "NUCLEAR": 1.9994130859375,
      "HERACOMB": 2.736245348562602,
      "DYE886": 3.176058682528409,
      "CDF": 1.9433043343680245,
      "D0": 4.1571510314941404,
      "ATLAS": 2.424911586216518,
      "CMS": 3.4904022216796875,
      "LHCb": 2.7046127319335938,
      "total": 2.4989407062530518
    }
  },
  "7500": {
    "training_loss": 7739.6025390625,
    "validation_loss": [
      2928.95556640625
    ],
    "validation_chi2s": {
      "DEUTERON": 2.0461445518987094,
      "NMC": 2.043716879451976,
      "NUCLEAR": 2.0077003173828123,
      "HERACOMB": 2.770536136003881,
      "DYE886": 2.819708390669389,
      "CDF": 2.1172727857317244,
      "D0": 5.103831481933594,
      "ATLAS": 2.4889364188058036,
      "CMS": 3.4183734831262806,
      "LHCb": 2.591336965560913,
      "total": 2.490335702896118
    }
  },
  "7600": {
    "training_loss": 7802.16748046875,
    "validation_loss": [
      2934.27978515625
    ],
    "validation_chi2s": {
      "DEUTERON": 2.0827727815998136,
      "NMC": 2.1548242007984832,
      "NUCLEAR": 1.9923343505859374,
      "HERACOMB": 2.7550162521063113,
      "DYE886": 3.0185706398703833,
      "CDF": 2.222839900425502,
      "D0": 4.573575592041015,
      "ATLAS": 2.5144077845982142,
      "CMS": 3.3612178114594005,
      "LHCb": 2.713102340698242,
      "total": 2.4951236248016357
    }
  },
  "7700": {
    "training_loss": 7768.6201171875,
    "validation_loss": [
      2925.9111328125
    ],
    "validation_chi2s": {
      "DEUTERON": 2.1034746312383397,
      "NMC": 2.105425815956265,
      "NUCLEAR": 2.00131787109375,
      "HERACOMB": 2.740618537454044,
      "DYE886": 3.1841427196155894,
      "CDF": 2.032802309308733,
      "D0": 4.175076675415039,
      "ATLAS": 2.4177992466517857,
      "CMS": 3.466397394899462,
      "LHCb": 2.6465394496917725,
      "total": 2.4879846572875977
    }
  },
  "7800": {
    "training_loss": 7748.3212890625,
    "validation_loss": [
      2928.79443359375
    ],
    "validation_chi2s": {
      "DEUTERON": 2.1441835621696206,
      "NMC": 2.14811362472235,
      "NUCLEAR": 1.9896436767578125,
      "HERACOMB": 2.7381270664190156,
      "DYE886": 2.8953352841463955,
      "CDF": 1.973459107535226,
      "D0": 4.455537796020508,
      "ATLAS": 2.4165555245535715,
      "CMS": 3.471186653512423,
      "LHCb": 2.6405835151672363,
      "total": 2.4904425144195557
    }
  },
  "7900": {
    "training_loss": 7766.57177734375,
    "validation_loss": [
      2928.45556640625
    ],
    "validation_chi2s": {
      "DEUTERON": 2.135510648660992,
      "NMC": 2.1383655024509802,
      "NUCLEAR": 1.9971322021484375,
      "HERACOMB": 2.7365888209124796,
      "DYE886": 2.980187502774325,
      "CDF": 1.9342154094151087,
      "D0": 4.413362121582031,
      "ATLAS": 2.40665771484375,
      "CMS": 3.475306526559298,
      "LHCb": 2.6588287353515625,
      "total": 2.4901750087738037
    }
  },
  "8000": {
    "training_loss": 7745.79248046875,
    "validation_loss": [
      2922.627197265625
    ],
    "validation_chi2s": {
      "DEUTERON": 2.059822803706079,
      "NMC": 2.053401124243643,
      "NUCLEAR": 2.00254638671875,
      "HERACOMB": 2.7526741775811887,
      "DYE886": 2.8749087940562856,
      "CDF": 2.0819662639072964,
      "D0": 5.069178771972656,
      "ATLAS": 2.4593160574776785,
      "CMS": 3.432956132732454,
      "LHCb": 2.5943801403045654,
      "total": 2.4850659370422363
    }
  },
  "8100": {
    "training_loss": 7735.9697265625,
    "validation_loss": [
      2934.7421875
    ],
    "validation_chi2s": {
      "DEUTERON": 2.050439028004509,
      "NMC": 2.0264373480104934,
      "NUCLEAR": 2.0051783447265623,
      "HERACOMB": 2.766873029322406,
      "DYE886": 2.808967937122692,
      "CDF": 2.1879472732543945,
      "D0": 5.301551818847656,
      "ATLAS": 2.5300308663504465,
      "CMS": 3.408751690974001,
      "LHCb": 2.575495719909668,
      "total": 2.495418071746826
    }
  },
  "8200": {
    "training_loss": 7772.78173828125,
    "validation_loss": [
      2922.876220703125
    ],
    "validation_chi2s": {
      "DEUTERON": 2.127701033407183,
      "NMC": 2.1300684611002603,
      "NUCLEAR": 1.9962806396484376,
      "HERACOMB": 2.7264352436938317,
      "DYE886": 2.9931411743164062,
      "CDF": 1.9310414450509208,
      "D0": 4.365341567993164,
      "ATLAS": 2.3977621023995535,
      "CMS": 3.4809345182825306,
      "LHCb": 2.6841723918914795,
      "total": 2.485422372817993
    }
  },
  "8300": {
    "training_loss": 7735.16748046875,
    "validation_loss": [
      2927.74560546875
    ],
    "validation_chi2s": {
      "DEUTERON": 2.0495965302880133,
      "NMC": 2.0402908325195312,
      "NUCLEAR": 2.01623779296875,
      "HERACOMB": 2.757637971366932,
      "DYE886": 2.9126049388538706,
      "CDF": 2.134195191519601,
      "D0": 5.181618118286133,
      "ATLAS": 2.466793910435268,
      "CMS": 3.425323736472208,
      "LHCb": 2.5988426208496094,
      "total": 2.489366292953491
    }
  },
  "8400": {
    "training_loss": 7757.3681640625,
    "validation_loss": [
      2926.533203125
    ],
    "validation_chi2s": {
      "DEUTERON": 2.148753455622279,
      "NMC": 2.1454360064338234,
      "NUCLEAR": 1.9929661865234376,
      "HERACOMB": 2.7292227152905433,
      "DYE886": 3.0613299283114346,
      "CDF": 1.9963080542428153,
      "D0": 4.222805786132812,
      "ATLAS": 2.40552978515625,
      "CMS": 3.464136092389216,
      "LHCb": 2.6462743282318115,
      "total": 2.4885413646698
    }
  },
  "8500": {
    "training_loss": 7754.03564453125,
    "validation_loss": [
      2931.1044921875
    ],
    "validation_chi2s": {
      "DEUTERON": 2.119251915471471,
      "NMC": 2.0877091650869333,
      "NUCLEAR": 1.997892578125,
      "HERACOMB": 2.7356730941074345,
      "DYE886": 2.9190250743519175,
      "CDF": 2.1005209514072964,
      "D0": 4.775542068481445,
      "ATLAS": 2.4323177664620537,
      "CMS": 3.4720051249519726,
      "LHCb": 2.6921911239624023,
      "total": 2.492431879043579
    }
  },
  "8600": {
    "training_loss": 7834.55810546875,
    "validation_loss": [
      2919.62109375
    ],
    "validation_chi2s": {
      "DEUTERON": 2.0929418155803017,
      "NMC": 2.0958984973383883,
      "NUCLEAR": 1.99970166015625,
      "HERACOMB": 2.735872754863664,
      "DYE886": 3.110668182373047,
      "CDF": 2.0904175894601003,
      "D0": 4.227336883544922,
      "ATLAS": 2.4826627022879464,
      "CMS": 3.398283411244877,
      "LHCb": 2.5171563625335693,
      "total": 2.482671022415161
    }
  },
  "8700": {
    "training_loss": 7742.4921875,
    "validation_loss": [
      2927.0888671875
    ],
    "validation_chi2s": {
      "DEUTERON": 2.068489947722326,
      "NMC": 2.047724256328508,
      "NUCLEAR": 2.0128629150390625,
      "HERACOMB": 2.745553608813317,
      "DYE886": 3.0062332153320312,
      "CDF": 2.2111802782331194,
      "D0": 4.787140655517578,
      "ATLAS": 2.4715579659598212,
      "CMS": 3.4218279729123977,
      "LHCb": 2.626384973526001,
      "total": 2.489006996154785
    }
  },
  "8800": {
    "training_loss": 7802.2685546875,
    "validation_loss": [
      2930.47509765625
    ],
    "validation_chi2s": {
      "DEUTERON": 2.1445868193213617,
      "NMC": 2.1561744540345433,
      "NUCLEAR": 1.9915694580078125,
      "HERACOMB": 2.7430044934640523,
      "DYE886": 2.9733030145818535,
      "CDF": 2.0356220517839705,
      "D0": 4.025373077392578,
      "ATLAS": 2.4905125209263392,
      "CMS": 3.3750780449538933,
      "LHCb": 2.646301507949829,
      "total": 2.491900682449341
    }
  },
  "8900": {
    "training_loss": 7774.48681640625,
    "validation_loss": [
      2917.125732421875
    ],
    "validation_chi2s": {
      "DEUTERON": 2.0806005677180504,
      "NMC": 2.082667481665518,
      "NUCLEAR": 2.00605224609375,
      "HERACOMB": 2.7402634963490606,
      "DYE886": 3.2253844521262427,
      "CDF": 2.0643627984183177,
      "D0": 4.27164306640625,
      "ATLAS": 2.4032999093191965,
      "CMS": 3.4446926429623463,
      "LHCb": 2.604736804962158,
      "total": 2.4802358150482178
    }
  },
  "9000": {
    "training_loss": 7767.66796875,
    "validation_loss": [
      2923.50390625
    ],
    "validation_chi2s": {
      "DEUTERON": 2.0881248967564523,
      "NMC": 2.097088832481235,
      "NUCLEAR": 1.99217138671875,
      "HERACOMB": 2.7377269470613768,
      "DYE886": 2.9594445662064985,
      "CDF": 2.365433011736189,
      "D0": 4.449004364013672,
      "ATLAS": 2.5126361955915177,
      "CMS": 3.3583739233798666,
      "LHCb": 2.66992449760437,
      "total": 2.4859509468078613
    }
  },
  "9100": {
    "training_loss": 7736.87255859375,
    "validation_loss": [
      2926.23291015625
    ],
    "validation_chi2s": {
      "DEUTERON": 2.0652477966612253,
      "NMC": 2.038854112812117,
      "NUCLEAR": 2.0034427490234377,
      "HERACOMB": 2.7492117289624183,
      "DYE886": 2.896780187433416,
      "CDF": 2.2552803584507535,
      "D0": 4.975671005249024,
      "ATLAS": 2.503094482421875,
      "CMS": 3.406152693951716,
      "LHCb": 2.5671327114105225,
      "total": 2.4882900714874268
    }
  },
  "9200": {
    "training_loss": 7763.04638671875,
    "validation_loss": [
      2928.0625
    ],
    "validation_chi2s": {
      "DEUTERON": 2.081048007035137,
      "NMC": 2.123509724934896,
      "NUCLEAR": 2.0093609619140627,
      "HERACOMB": 2.7484874850005108,
      "DYE886": 3.318360068581321,
      "CDF": 2.255087035042899,
      "D0": 3.999635696411133,
      "ATLAS": 2.4608823939732143,
      "CMS": 3.4042225822073515,
      "LHCb": 2.6038978099823,
      "total": 2.4898359775543213
    }
  },
  "9300": {
    "training_loss": 7752.6884765625,
    "validation_loss": [
      2917.068359375
    ],
    "validation_chi2s": {
      "DEUTERON": 2.0912525689423975,
      "NMC": 2.0730125576842067,
      "NUCLEAR": 1.9958223876953125,
      "HERACOMB": 2.7353413899739585,
      "DYE886": 2.8747858567671343,
      "CDF": 2.038731438773019,
      "D0": 4.647529602050781,
      "ATLAS": 2.460789097377232,
      "CMS": 3.4378842213114753,
      "LHCb": 2.5279810428619385,
      "total": 2.4804275035858154
    }
  },
  "9400": {
    "training_loss": 7741.78466796875,
    "validation_loss": [
      2925.53271484375
    ],
    "validation_chi2s": {
      "DEUTERON": 2.1627257997123754,
      "NMC": 2.1456657858455883,
      "NUCLEAR": 1.9924417724609376,
      "HERACOMB": 2.7106520708869484,
      "DYE886": 3.14402944391424,
      "CDF": 2.0497665405273438,
      "D0": 3.8382797241210938,
      "ATLAS": 2.3959090750558034,
      "CMS": 3.5120677009957735,
      "LHCb": 2.6300158500671387,
      "total": 2.487689971923828
    }
  },
  "9500": {
    "training_loss": 7729.85693359375,
    "validation_loss": [
      2928.9375
    ],
    "validation_chi2s": {
      "DEUTERON": 2.044812406473492,
      "NMC": 2.023884193570006,
      "NUCLEAR": 2.0228394775390623,
      "HERACOMB": 2.755816889744179,
      "DYE886": 3.0253646157004614,
      "CDF": 2.3389015197753906,
      "D0": 4.549498748779297,
      "ATLAS": 2.4956201171875,
      "CMS": 3.421296666880123,
      "LHCb": 2.5924510955810547,
      "total": 2.490417242050171
    }
  },
  "9600": {
    "training_loss": 7888.07177734375,
    "validation_loss": [
      2920.3564453125
    ],
    "validation_chi2s": {
      "DEUTERON": 2.054781330165578,
      "NMC": 2.076968323950674,
      "NUCLEAR": 2.005879150390625,
      "HERACOMB": 2.752194473166871,
      "DYE886": 3.0655330311168325,
      "CDF": 2.3504570552280972,
      "D0": 4.379838180541992,
      "ATLAS": 2.5156173270089286,
      "CMS": 3.3345149306000255,
      "LHCb": 2.593824625015259,
      "total": 2.483262777328491
    }
  },
  "9700": {
    "training_loss": 7732.32275390625,
    "validation_loss": [
      2928.36962890625
    ],
    "validation_chi2s": {
      "DEUTERON": 2.135999081739739,
      "NMC": 2.1395856071920956,
      "NUCLEAR": 2.002837646484375,
      "HERACOMB": 2.7221308689491424,
      "DYE886": 3.460500196977095,
      "CDF": 2.1065733773367747,
      "D0": 3.8226856231689452,
      "ATLAS": 2.3785142299107145,
      "CMS": 3.4887520211641907,
      "LHCb": 2.66438627243042,
      "total": 2.4901087284088135
    }
  },
  "9800": {
    "training_loss": 7725.318359375,
    "validation_loss": [
      2934.1357421875
    ],
    "validation_chi2s": {
      "DEUTERON": 2.051685845673974,
      "NMC": 2.02521499932981,
      "NUCLEAR": 2.0242908935546877,
      "HERACOMB": 2.75703440148846,
      "DYE886": 2.9883513017134233,
      "CDF": 2.2826499938964844,
      "D0": 4.8155876159667965,
      "ATLAS": 2.4859073311941966,
      "CMS": 3.429588693087218,
      "LHCb": 2.662276029586792,
      "total": 2.494825601577759
    }
  },
  "9900": {
    "training_loss": 7745.671875,
    "validation_loss": [
      2923.3447265625
    ],
    "validation_chi2s": {
      "DEUTERON": 2.080852147951648,
      "NMC": 2.065452725279565,
      "NUCLEAR": 1.999768310546875,
      "HERACOMB": 2.734872855392157,
      "DYE886": 3.0348458723588423,
      "CDF": 2.164109774998256,
      "D0": 4.842465209960937,
      "ATLAS": 2.426295166015625,
      "CMS": 3.466644287109375,
      "LHCb": 2.6495797634124756,
      "total": 2.4855964183807373
    }
  },
  "10000": {
    "training_loss": 7733.4580078125,
    "validation_loss": [
      2924.11083984375
    ],
    "validation_chi2s": {
      "DEUTERON": 2.0660084586831466,
      "NMC": 2.0406854666915595,
      "NUCLEAR": 1.99998046875,
      "HERACOMB": 2.750485688253166,
      "DYE886": 2.9432234330610796,
      "CDF": 2.2362638201032365,
      "D0": 4.768439483642578,
      "ATLAS": 2.4711628069196427,
      "CMS": 3.4420618776415215,
      "LHCb": 2.5792338848114014,
      "total": 2.486391305923462
    }
  },
  "10100": {
    "training_loss": 7747.08056640625,
    "validation_loss": [
      2921.5341796875
    ],
    "validation_chi2s": {
      "DEUTERON": 2.1102850615088617,
      "NMC": 2.1014239741306677,
      "NUCLEAR": 1.99034765625,
      "HERACOMB": 2.724191104664522,
      "DYE886": 3.1950420032848013,
      "CDF": 2.1995981761387418,
      "D0": 4.111180114746094,
      "ATLAS": 2.4368150111607143,
      "CMS": 3.45770013527792,
      "LHCb": 2.622589349746704,
      "total": 2.484297752380371
    }
  },
  "10200": {
    "training_loss": 7728.41357421875,
    "validation_loss": [
      2924.140869140625
    ],
    "validation_chi2s": {
      "DEUTERON": 2.1166351470188123,
      "NMC": 2.143534641639859,
      "NUCLEAR": 1.99186669921875,
      "HERACOMB": 2.7267352334814134,
      "DYE886": 3.609490828080611,
      "CDF": 2.0723533630371094,
      "D0": 3.8177032470703125,
      "ATLAS": 2.389485560825893,
      "CMS": 3.4691837498399076,
      "LHCb": 2.610518455505371,
      "total": 2.4865143299102783
    }
  },
  "10300": {
    "training_loss": 7826.46337890625,
    "validation_loss": [
      2911.8349609375
    ],
    "validation_chi2s": {
      "DEUTERON": 2.0778013011116294,
      "NMC": 2.078580370136336,
      "NUCLEAR": 1.9839775390625,
      "HERACOMB": 2.7294052223754086,
      "DYE886": 3.1366993297230112,
      "CDF": 2.1797697884695872,
      "D0": 4.331438446044922,
      "ATLAS": 2.434983433314732,
      "CMS": 3.44611095991291,
      "LHCb": 2.5896224975585938,
      "total": 2.4760491847991943
    }
  },
  "10400": {
    "training_loss": 7738.916015625,
    "validation_loss": [
      2920.02490234375
    ],
    "validation_chi2s": {
      "DEUTERON": 2.068997966709422,
      "NMC": 2.043416041953891,
      "NUCLEAR": 1.9883065185546875,
      "HERACOMB": 2.741690641914318,
      "DYE886": 2.9792664267800073,
      "CDF": 2.2578416551862444,
      "D0": 4.910686874389649,
      "ATLAS": 2.47771240234375,
      "CMS": 3.42366678206647,
      "LHCb": 2.5675783157348633,
      "total": 2.4830117225646973
    }
  },
  "10500": {
    "training_loss": 7765.33154296875,
    "validation_loss": [
      2920.158935546875
    ],
    "validation_chi2s": {
      "DEUTERON": 2.1082253527285446,
      "NMC": 2.0968007106407014,
      "NUCLEAR": 1.980138671875,
      "HERACOMB": 2.728234783496732,
      "DYE886": 3.1378714821555396,
      "CDF": 2.20683901650565,
      "D0": 4.319781875610351,
      "ATLAS": 2.4327542550223216,
      "CMS": 3.462423605997054,
      "LHCb": 2.6176583766937256,
      "total": 2.483126163482666
    }
  },
  "10600": {
    "training_loss": 7729.64990234375,
    "validation_loss": [
      2939.266357421875
    ],
    "validation_chi2s": {
      "DEUTERON": 2.1701667747687345,
      "NMC": 2.193470375210631,
      "NUCLEAR": 1.977947998046875,
      "HERACOMB": 2.7225636999591503,
      "DYE886": 3.5246890674937856,
      "CDF": 2.021017210824149,
      "D0": 3.674427795410156,
      "ATLAS": 2.3838307407924106,
      "CMS": 3.5535198274205944,
      "LHCb": 2.639688014984131,
      "total": 2.499376058578491
    }
  },
  "10700": {
    "training_loss": 7755.98779296875,
    "validation_loss": [
      2923.35693359375
    ],
    "validation_chi2s": {
      "DEUTERON": 2.089146096908038,
      "NMC": 2.0610845229204964,
      "NUCLEAR": 1.981108642578125,
      "HERACOMB": 2.7367745193780637,
      "DYE886": 3.0563153353604404,
      "CDF": 2.291520254952567,
      "D0": 4.706255340576172,
      "ATLAS": 2.468044259207589,
      "CMS": 3.4482026647348873,
      "LHCb": 2.5832059383392334,
      "total": 2.4858477115631104
    }
  },
  "10800": {
    "training_loss": 7740.86083984375,
    "validation_loss": [
      2926.00390625
    ],
    "validation_chi2s": {
      "DEUTERON": 2.067868209003809,
      "NMC": 2.037746354645374,
      "NUCLEAR": 1.9891826171875,
      "HERACOMB": 2.754748774509804,
      "DYE886": 2.979278564453125,
      "CDF": 2.3316173553466797,
      "D0": 4.981082916259766,
      "ATLAS": 2.476357770647321,
      "CMS": 3.434605832959785,
      "LHCb": 2.5664520263671875,
      "total": 2.4880974292755127
    }
  },
  "10900": {
    "training_loss": 7743.25341796875,
    "validation_loss": [
      2932.7041015625
    ],
    "validation_chi2s": {
      "DEUTERON": 2.126290240691076,
      "NMC": 2.121390548406863,
      "NUCLEAR": 1.9800234375,
      "HERACOMB": 2.727120792164522,
      "DYE886": 3.019529862837358,
      "CDF": 2.089507511683873,
      "D0": 4.617695617675781,
      "ATLAS": 2.447212437220982,
      "CMS": 3.490025504690702,
      "LHCb": 2.698275089263916,
      "total": 2.493795394897461
    }
  },
  "11000": {
    "training_loss": 7751.10205078125,
    "validation_loss": [
      2922.1103515625
    ],
    "validation_chi2s": {
      "DEUTERON": 2.069450871861396,
      "NMC": 2.0556754317938113,
      "NUCLEAR": 1.9881470947265625,
      "HERACOMB": 2.7505914027394813,
      "DYE886": 3.084784074263139,
      "CDF": 2.245805331638881,
      "D0": 4.634611892700195,
      "ATLAS": 2.4560126604352677,
      "CMS": 3.4520366230949024,
      "LHCb": 2.553361654281616,
      "total": 2.4847848415374756
    }
  },
  "11100": {
    "training_loss": 7722.99267578125,
    "validation_loss": [
      2924.42822265625
    ],
    "validation_chi2s": {
      "DEUTERON": 2.125041752905395,
      "NMC": 2.132280387130438,
      "NUCLEAR": 1.9862513427734374,
      "HERACOMB": 2.7344741322635824,
      "DYE886": 3.191054257479581,
      "CDF": 2.0496391568865096,
      "D0": 4.036508941650391,
      "ATLAS": 2.3970274135044645,
      "CMS": 3.5041663998463113,
      "LHCb": 2.6040232181549072,
      "total": 2.486755609512329
    }
  },
  "11200": {
    "training_loss": 7781.03466796875,
    "validation_loss": [
      2927.5830078125
    ],
    "validation_chi2s": {
      "DEUTERON": 2.0912987248814523,
      "NMC": 2.146032744762944,
      "NUCLEAR": 1.9920938720703125,
      "HERACOMB": 2.7526811587265114,
      "DYE886": 3.131060166792436,
      "CDF": 2.3142942701067244,
      "D0": 4.240608596801758,
      "ATLAS": 2.490909423828125,
      "CMS": 3.3781182961385756,
      "LHCb": 2.5597236156463623,
      "total": 2.489441156387329
    }
  },
  "11300": {
    "training_loss": 7740.82568359375,
    "validation_loss": [
      2920.23681640625
    ],
    "validation_chi2s": {
      "DEUTERON": 2.094694678463153,
      "NMC": 2.121967839259727,
      "NUCLEAR": 1.987247802734375,
      "HERACOMB": 2.7295659881791257,
      "DYE886": 3.226409218528054,
      "CDF": 2.1775881903512135,
      "D0": 4.173945617675781,
      "ATLAS": 2.407558070591518,
      "CMS": 3.4901218101626537,
      "LHCb": 2.6200642585754395,
      "total": 2.48319411277771
    }
  },
  "11400": {
    "training_loss": 7741.71630859375,
    "validation_loss": [
      2917.47509765625
    ],
    "validation_chi2s": {
      "DEUTERON": 2.104132960684857,
      "NMC": 2.1315998750574447,
      "NUCLEAR": 1.9895067138671876,
      "HERACOMB": 2.7297796112260007,
      "DYE886": 3.1541255604137075,
      "CDF": 2.260800770350865,
      "D0": 4.192304611206055,
      "ATLAS": 2.411724853515625,
      "CMS": 3.448207667616547,
      "LHCb": 2.602213144302368,
      "total": 2.4808459281921387
    }
  },
  "11500": {
    "training_loss": 7733.52294921875,
    "validation_loss": [
      2924.054931640625
    ],
    "validation_chi2s": {
      "DEUTERON": 2.062456728807136,
      "NMC": 2.0488863178327974,
      "NUCLEAR": 2.005222412109375,
      "HERACOMB": 2.7558402267156863,
      "DYE886": 3.0174009149724785,
      "CDF": 2.206035886492048,
      "D0": 4.72618293762207,
      "ATLAS": 2.440911865234375,
      "CMS": 3.4605017490074284,
      "LHCb": 2.5605504512786865,
      "total": 2.486398696899414
    }
  },
  "11600": {
    "training_loss": 7732.341796875,
    "validation_loss": [
      2920.28515625
    ],
    "validation_chi2s": {
      "DEUTERON": 2.105821448179027,
      "NMC": 2.1090025060317097,
      "NUCLEAR": 1.9907020263671875,
      "HERACOMB": 2.725637996897978,
      "DYE886": 3.1651396317915483,
      "CDF": 2.2055184500558034,
      "D0": 4.074817657470703,
      "ATLAS": 2.425624825613839,
      "CMS": 3.478754012311091,
      "LHCb": 2.594473361968994,
      "total": 2.4832358360290527
    }
  },
  "11700": {
    "training_loss": 7714.12890625,
    "validation_loss": [
      2924.0576171875
    ],
    "validation_chi2s": {
      "DEUTERON": 2.086607368431281,
      "NMC": 2.1285358503753065,
      "NUCLEAR": 1.9924920654296876,
      "HERACOMB": 2.7295943116830066,
      "DYE886": 3.3278593583540483,
      "CDF": 2.2151509693690707,
      "D0": 3.6772506713867186,
      "ATLAS": 2.4200503976004466,
      "CMS": 3.4985469130219005,
      "LHCb": 2.715315818786621,
      "total": 2.4864416122436523
    }
  },
  "11800": {
    "training_loss": 10418.10205078125,
    "validation_loss": [
      2940.5615234375
    ],
    "validation_chi2s": {
      "DEUTERON": 1.998330035612951,
      "NMC": 2.088312635234758,
      "NUCLEAR": 2.0108984375,
      "HERACOMB": 2.7685772266263275,
      "DYE886": 3.6739626797762783,
      "CDF": 2.8108201708112444,
      "D0": 4.300674057006836,
      "ATLAS": 2.582521275111607,
      "CMS": 3.301943669553663,
      "LHCb": 2.6311280727386475,
      "total": 2.5004775524139404
    }
  }
}