{
  "100": {
    "training_loss": 225440.0,
    "validation_loss": [
      112572.1796875
    ],
    "validation_chi2s": {
      "DEUTERON": 53.341855177238806,
      "NMC": 131.82629633884804,
      "NUCLEAR": 19.22716796875,
      "HERACOMB": 105.91304125816994,
      "DYE886": 55.73046875,
      "CDF": 49.614161900111604,
      "D0": 152.18656005859376,
      "ATLAS": 150.13023792613637,
      "CMS": 147.15642466971545,
      "LHCb": 182.74813842773438,
      "total": 91.7889404296875
    }
  },
  "200": {
    "training_loss": 192079.203125,
    "validation_loss": [
      96491.9375
    ],
    "validation_chi2s": {
      "DEUTERON": 61.79219624533582,
      "NMC": 126.62770948223039,
      "NUCLEAR": 23.788744140625,
      "HERACOMB": 108.16570925245098,
      "DYE886": 101.49116654829545,
      "CDF": 39.34480939592634,
      "D0": 117.76279296875,
      "ATLAS": 101.77843128551136,
      "CMS": 92.6043016387195,
      "LHCb": 131.32516479492188,
      "total": 80.74339294433594
    }
  },
  "300": {
    "training_loss": 188647.5,
    "validation_loss": [
      90598.1953125
    ],
    "validation_chi2s": {
      "DEUTERON": 30.930530453202735,
      "NMC": 129.3012886795343,
      "NUCLEAR": 24.513806640625,
      "HERACOMB": 107.43070874183006,
      "DYE886": 113.39946954900569,
      "CDF": 46.89052036830357,
      "D0": 97.77700805664062,
      "ATLAS": 96.2369051846591,
      "CMS": 94.77145261686992,
      "LHCb": 154.5787811279297,
      "total": 75.68383026123047
    }
  },
  "400": {
    "training_loss": 206720.0,
    "validation_loss": [
      124149.578125
    ],
    "validation_chi2s": {
      "DEUTERON": 32.58780803016169,
      "NMC": 66.60593309589461,
      "NUCLEAR": 22.470095703125,
      "HERACOMB": 67.87604677287581,
      "DYE886": 139.58336292613637,
      "CDF": 62.591705322265625,
      "D0": 135.2241943359375,
      "ATLAS": 310.68119673295456,
      "CMS": 76.83067358993902,
      "LHCb": 183.91622924804688,
      "total": 94.40682983398438
    }
  },
  "500": {
    "training_loss": 24024.9765625,
    "validation_loss": [
      11053.4521484375
    ],
    "validation_chi2s": {
      "DEUTERON": 15.531273077969526,
      "NMC": 4.331232407513787,
      "NUCLEAR": 6.90764990234375,
      "HERACOMB": 6.984036713643791,
      "DYE886": 14.046537919477982,
      "CDF": 7.937874930245536,
      "D0": 5.776266098022461,
      "ATLAS": 9.92023953524503,
      "CMS": 6.823043202966209,
      "LHCb": 9.33044147491455,
      "total": 8.92430305480957
    }
  },
  "600": {
    "training_loss": 9055.69140625,
    "validation_loss": [
      3411.361083984375
    ],
    "validation_chi2s": {
      "DEUTERON": 2.7116146562111316,
      "NMC": 2.7617280249502145,
      "NUCLEAR": 2.64490673828125,
      "HERACOMB": 2.8484975777420343,
      "DYE886": 2.7601275010542436,
      "CDF": 2.861142839704241,
      "D0": 3.4191802978515624,
      "ATLAS": 2.6585027521306817,
      "CMS": 3.9010545684070124,
      "LHCb": 2.903726577758789,
      "total": 2.8644630908966064
    }
  },
  "700": {
    "training_loss": 8250.2099609375,
    "validation_loss": [
      2985.62109375
    ],
    "validation_chi2s": {
      "DEUTERON": 2.281075548769823,
      "NMC": 2.7052360983455883,
      "NUCLEAR": 1.9335377197265624,
      "HERACOMB": 2.664575115527982,
      "DYE886": 2.495262319391424,
      "CDF": 3.399555206298828,
      "D0": 2.7200063705444335,
      "ATLAS": 2.388501600785689,
      "CMS": 3.593689957285315,
      "LHCb": 2.9516940116882324,
      "total": 2.5109970569610596
    }
  },
  "800": {
    "training_loss": 8193.5517578125,
    "validation_loss": [
      2908.4716796875
    ],
    "validation_chi2s": {
      "DEUTERON": 2.147308501438122,
      "NMC": 2.657369277056526,
      "NUCLEAR": 1.7954534912109374,
      "HERACOMB": 2.6562910890267566,
      "DYE886": 2.9207406477494673,
      "CDF": 3.344517844063895,
      "D0": 2.1120349884033205,
      "ATLAS": 2.4531021118164062,
      "CMS": 3.4823057593368905,
      "LHCb": 2.9760541915893555,
      "total": 2.455785036087036
    }
  },
  "900": {
    "training_loss": 8056.69091796875,
    "validation_loss": [
      2899.478759765625
    ],
    "validation_chi2s": {
      "DEUTERON": 2.1398614532318874,
      "NMC": 2.6729715384689032,
      "NUCLEAR": 1.762921142578125,
      "HERACOMB": 2.6573175168504903,
      "DYE886": 2.985320351340554,
      "CDF": 3.4465111323765347,
      "D0": 1.854600715637207,
      "ATLAS": 2.4401770505038174,
      "CMS": 3.5203321503429876,
      "LHCb": 3.0539138317108154,
      "total": 2.452333927154541
    }
  },
  "1000": {
    "training_loss": 8015.22998046875,
    "validation_loss": [
      2878.2763671875
    ],
    "validation_chi2s": {
      "DEUTERON": 2.1052367556747513,
      "NMC": 2.6610601088579964,
      "NUCLEAR": 1.7401722412109375,
      "HERACOMB": 2.650527455448325,
      "DYE886": 3.1143205816095527,
      "CDF": 3.3175433022635326,
      "D0": 1.7751907348632812,
      "ATLAS": 2.44928654757413,
      "CMS": 3.4728207471894055,
      "LHCb": 3.05045223236084,
      "total": 2.4365930557250977
    }
  },
  "1100": {
    "training_loss": 8072.02734375,
    "validation_loss": [
      2858.21826171875
    ],
    "validation_chi2s": {
      "DEUTERON": 2.0657105706817473,
      "NMC": 2.6428779153262867,
      "NUCLEAR": 1.7094940185546874,
      "HERACOMB": 2.6432443257250817,
      "DYE886": 2.961454911665483,
      "CDF": 3.2199952261788503,
      "D0": 2.092330741882324,
      "ATLAS": 2.467836553400213,
      "CMS": 3.464801571233486,
      "LHCb": 2.948145627975464,
      "total": 2.419071674346924
    }
  },
  "1200": {
    "training_loss": 10966.875,
    "validation_loss": [
      26715.251953125
    ],
    "validation_chi2s": {
      "DEUTERON": 119.38464902052239,
      "NMC": 2.6943951775045956,
      "NUCLEAR": 1.808434326171875,
      "HERACOMB": 2.8224780512791052,
      "DYE886": 6.21343369917436,
      "CDF": 4.446196147373745,
      "D0": 3.31463508605957,
      "ATLAS": 2.2999461780894888,
      "CMS": 4.2434751929306405,
      "LHCb": 3.5237367153167725,
      "total": 22.657028198242188
    }
  },
  "1300": {
    "training_loss": 7982.119140625,
    "validation_loss": [
      2836.20068359375
    ],
    "validation_chi2s": {
      "DEUTERON": 2.122794231965174,
      "NMC": 2.5985454484528185,
      "NUCLEAR": 1.6839346923828125,
      "HERACOMB": 2.6288286595562704,
      "DYE886": 2.5867578333074395,
      "CDF": 3.2147699083600725,
      "D0": 2.065626335144043,
      "ATLAS": 2.421974875710227,
      "CMS": 3.5259833607247204,
      "LHCb": 2.6471686363220215,
      "total": 2.4018287658691406
    }
  },
  "1400": {
    "training_loss": 7970.7119140625,
    "validation_loss": [
      2825.5908203125
    ],
    "validation_chi2s": {
      "DEUTERON": 2.1077943109161223,
      "NMC": 2.584628834443934,
      "NUCLEAR": 1.674816162109375,
      "HERACOMB": 2.625148798126021,
      "DYE886": 2.563539158214222,
      "CDF": 3.172076633998326,
      "D0": 2.0038274765014648,
      "ATLAS": 2.423284877430309,
      "CMS": 3.5240758880367125,
      "LHCb": 2.6071884632110596,
      "total": 2.3934741020202637
    }
  },
  "1500": {
    "training_loss": 7965.68017578125,
    "validation_loss": [
      2814.41259765625
    ],
    "validation_chi2s": {
      "DEUTERON": 2.079965619898554,
      "NMC": 2.5751264983532476,
      "NUCLEAR": 1.669929443359375,
      "HERACOMB": 2.620708989162071,
      "DYE886": 2.5728910619562324,
      "CDF": 3.1096829005650113,
      "D0": 1.8865486145019532,
      "ATLAS": 2.4297502691095527,
      "CMS": 3.5171000162760415,
      "LHCb": 2.5742571353912354,
      "total": 2.384275197982788
    }
  },
  "1600": {
    "training_loss": 7956.228515625,
    "validation_loss": [
      2812.83056640625
    ],
    "validation_chi2s": {
      "DEUTERON": 2.0872833100124377,
      "NMC": 2.563984291226256,
      "NUCLEAR": 1.6669864501953124,
      "HERACOMB": 2.619930292266646,
      "DYE886": 2.5862676447088067,
      "CDF": 3.0908282143729076,
      "D0": 1.890080451965332,
      "ATLAS": 2.428969296542081,
      "CMS": 3.5221299582380587,
      "LHCb": 2.529170513153076,
      "total": 2.38356614112854
    }
  },
  "1700": {
    "training_loss": 7955.14013671875,
    "validation_loss": [
      2805.634521484375
    ],
    "validation_chi2s": {
      "DEUTERON": 2.0710355084926926,
      "NMC": 2.5567214068244484,
      "NUCLEAR": 1.66528271484375,
      "HERACOMB": 2.61712686376634,
      "DYE886": 2.5933766798539595,
      "CDF": 3.041447230747768,
      "D0": 1.8067916870117187,
      "ATLAS": 2.4311209591952236,
      "CMS": 3.5214389707983993,
      "LHCb": 2.4906716346740723,
      "total": 2.37772536277771
    }
  },
  "1800": {
    "training_loss": 7949.33837890625,
    "validation_loss": [
      2804.206298828125
    ],
    "validation_chi2s": {
      "DEUTERON": 2.0763291695817787,
      "NMC": 2.551116045783548,
      "NUCLEAR": 1.6624263916015625,
      "HERACOMB": 2.61425821142259,
      "DYE886": 2.597325238314542,
      "CDF": 3.0169549669538225,
      "D0": 1.8160528182983398,
      "ATLAS": 2.4368433518843218,
      "CMS": 3.5214181295255336,
      "LHCb": 2.4495887756347656,
      "total": 2.3767781257629395
    }
  },
  "1900": {
    "training_loss": 7943.65478515625,
    "validation_loss": [
      2807.05078125
    ],
    "validation_chi2s": {
      "DEUTERON": 2.103773582040967,
      "NMC": 2.547940721698836,
      "NUCLEAR": 1.661036376953125,
      "HERACOMB": 2.615261302274816,
      "DYE886": 2.5917736400257456,
      "CDF": 3.032604490007673,
      "D0": 1.7751611709594726,
      "ATLAS": 2.4212072545831855,
      "CMS": 3.534196807116997,
      "LHCb": 2.442173480987549,
      "total": 2.379728317260742
    }
  },
  "2000": {
    "training_loss": 7940.912109375,
    "validation_loss": [
      2805.494140625
    ],
    "validation_chi2s": {
      "DEUTERON": 2.111297303764381,
      "NMC": 2.5460833381204044,
      "NUCLEAR": 1.6586033935546876,
      "HERACOMB": 2.6098712597017975,
      "DYE886": 2.6072027033025567,
      "CDF": 3.023523603166853,
      "D0": 1.7271127700805664,
      "ATLAS": 2.4117918881503018,
      "CMS": 3.5429481568375256,
      "LHCb": 2.451613664627075,
      "total": 2.3786046504974365
    }
  },
  "2100": {
    "training_loss": 7938.2958984375,
    "validation_loss": [
      2802.168701171875
    ],
    "validation_chi2s": {
      "DEUTERON": 2.097425925790967,
      "NMC": 2.5387390735102633,
      "NUCLEAR": 1.657940673828125,
      "HERACOMB": 2.611142027611826,
      "DYE886": 2.6057581468061968,
      "CDF": 2.9736235482352122,
      "D0": 1.727480125427246,
      "ATLAS": 2.429313833063299,
      "CMS": 3.5350242552718494,
      "LHCb": 2.3854753971099854,
      "total": 2.3757827281951904
    }
  },
  "2200": {
    "training_loss": 7942.02880859375,
    "validation_loss": [
      2797.05859375
    ],
    "validation_chi2s": {
      "DEUTERON": 2.078212149700715,
      "NMC": 2.534487855200674,
      "NUCLEAR": 1.65885986328125,
      "HERACOMB": 2.6087514839920343,
      "DYE886": 2.629065426913175,
      "CDF": 2.939516612461635,
      "D0": 1.6637500762939452,
      "ATLAS": 2.435172341086648,
      "CMS": 3.5300429429465194,
      "LHCb": 2.3672711849212646,
      "total": 2.3714466094970703
    }
  },
  "2300": {
    "training_loss": 7940.9736328125,
    "validation_loss": [
      2796.68603515625
    ],
    "validation_chi2s": {
      "DEUTERON": 2.07526075068991,
      "NMC": 2.535429412243413,
      "NUCLEAR": 1.6592100830078125,
      "HERACOMB": 2.6087419098498774,
      "DYE886": 2.641625491055575,
      "CDF": 2.9260523659842357,
      "D0": 1.6551376342773438,
      "ATLAS": 2.4403351870450107,
      "CMS": 3.527905471925813,
      "LHCb": 2.3479628562927246,
      "total": 2.3711609840393066
    }
  },
  "2400": {
    "training_loss": 7940.439453125,
    "validation_loss": [
      2798.56298828125
    ],
    "validation_chi2s": {
      "DEUTERON": 2.0931240100765702,
      "NMC": 2.5336985868566178,
      "NUCLEAR": 1.6585118408203126,
      "HERACOMB": 2.6050044041053924,
      "DYE886": 2.6518020629882812,
      "CDF": 2.942104067121233,
      "D0": 1.6286432266235351,
      "ATLAS": 2.4259889776056465,
      "CMS": 3.538503755398882,
      "LHCb": 2.3886027336120605,
      "total": 2.3731424808502197
    }
  },
  "2500": {
    "training_loss": 7938.74169921875,
    "validation_loss": [
      2802.80712890625
    ],
    "validation_chi2s": {
      "DEUTERON": 2.107256533494636,
      "NMC": 2.5424370859183516,
      "NUCLEAR": 1.6606036376953126,
      "HERACOMB": 2.6132696812448937,
      "DYE886": 2.6593190973455254,
      "CDF": 2.9545582362583707,
      "D0": 1.5350625038146972,
      "ATLAS": 2.4172562685879795,
      "CMS": 3.5403700417619413,
      "LHCb": 2.3947362899780273,
      "total": 2.376999855041504
    }
  },
  "2600": {
    "training_loss": 7922.71875,
    "validation_loss": [
      2812.15478515625
    ],
    "validation_chi2s": {
      "DEUTERON": 2.0727780470207557,
      "NMC": 2.5663517970664826,
      "NUCLEAR": 1.661980224609375,
      "HERACOMB": 2.6202444438061683,
      "DYE886": 3.138392361727628,
      "CDF": 2.884272711617606,
      "D0": 1.3716937065124513,
      "ATLAS": 2.4563562219793145,
      "CMS": 3.4806104210334095,
      "LHCb": 2.5224227905273438,
      "total": 2.384469509124756
    }
  },
  "2700": {
    "training_loss": 7946.72802734375,
    "validation_loss": [
      2822.583984375
    ],
    "validation_chi2s": {
      "DEUTERON": 2.142220568301073,
      "NMC": 2.584614772422641,
      "NUCLEAR": 1.663971435546875,
      "HERACOMB": 2.623282438789318,
      "DYE886": 2.887719587846236,
      "CDF": 2.971909386771066,
      "D0": 1.3435501098632812,
      "ATLAS": 2.413312565196644,
      "CMS": 3.538681898659807,
      "LHCb": 2.56453800201416,
      "total": 2.394697427749634
    }
  },
  "2800": {
    "training_loss": 7935.67626953125,
    "validation_loss": [
      2801.980224609375
    ],
    "validation_chi2s": {
      "DEUTERON": 2.108767381354944,
      "NMC": 2.535552080939798,
      "NUCLEAR": 1.6588868408203126,
      "HERACOMB": 2.602092269199346,
      "DYE886": 2.659838242964311,
      "CDF": 2.9229044233049666,
      "D0": 1.5795743942260743,
      "ATLAS": 2.428461421619762,
      "CMS": 3.547831465558308,
      "LHCb": 2.407832145690918,
      "total": 2.3767001628875732
    }
  },
  "2900": {
    "training_loss": 7933.59814453125,
    "validation_loss": [
      2802.677490234375
    ],
    "validation_chi2s": {
      "DEUTERON": 2.1130096283718127,
      "NMC": 2.533309338139553,
      "NUCLEAR": 1.6584293212890624,
      "HERACOMB": 2.602041805491728,
      "DYE886": 2.660997737537731,
      "CDF": 2.9162570408412387,
      "D0": 1.5684039115905761,
      "ATLAS": 2.42970102483576,
      "CMS": 3.5512948385099086,
      "LHCb": 2.399430513381958,
      "total": 2.377423048019409
    }
  },
  "3000": {
    "training_loss": 7932.048828125,
    "validation_loss": [
      2803.29150390625
    ],
    "validation_chi2s": {
      "DEUTERON": 2.1165259821497977,
      "NMC": 2.5335394167432597,
      "NUCLEAR": 1.658985595703125,
      "HERACOMB": 2.6032770692912583,
      "DYE886": 2.6593305414373223,
      "CDF": 2.9068807874407088,
      "D0": 1.5418222427368165,
      "ATLAS": 2.432923750443892,
      "CMS": 3.550174620093369,
      "LHCb": 2.3845162391662598,
      "total": 2.3781185150146484
    }
  },
  "3100": {
    "training_loss": 7930.486328125,
    "validation_loss": [
      2804.338623046875
    ],
    "validation_chi2s": {
      "DEUTERON": 2.121328325413946,
      "NMC": 2.5343550139782476,
      "NUCLEAR": 1.659668701171875,
      "HERACOMB": 2.603431452333538,
      "DYE886": 2.6555730646306817,
      "CDF": 2.9012549264090404,
      "D0": 1.5276978492736817,
      "ATLAS": 2.434933402321555,
      "CMS": 3.5522036668730945,
      "LHCb": 2.3736066818237305,
      "total": 2.379150629043579
    }
  },
  "3200": {
    "training_loss": 13647.064453125,
    "validation_loss": [
      86440.46875
    ],
    "validation_chi2s": {
      "DEUTERON": 417.2828824626866,
      "NMC": 2.4869686949486827,
      "NUCLEAR": 1.7322369384765626,
      "HERACOMB": 2.6534110673891953,
      "DYE886": 5.553901325572621,
      "CDF": 3.099381310599191,
      "D0": 2.9653257369995116,
      "ATLAS": 2.459252270785245,
      "CMS": 4.003492153756987,
      "LHCb": 2.4453766345977783,
      "total": 73.36396789550781
    }
  },
  "3300": {
    "training_loss": 7936.54296875,
    "validation_loss": [
      2802.2158203125
    ],
    "validation_chi2s": {
      "DEUTERON": 2.1075697561994713,
      "NMC": 2.532556272020527,
      "NUCLEAR": 1.6629921875,
      "HERACOMB": 2.59118692236009,
      "DYE886": 2.690909819169478,
      "CDF": 2.852705546787807,
      "D0": 1.5010282516479492,
      "ATLAS": 2.4598797884854404,
      "CMS": 3.5432965038268547,
      "LHCb": 2.3964626789093018,
      "total": 2.3778128623962402
    }
  },
  "3400": {
    "training_loss": 7995.18701171875,
    "validation_loss": [
      2802.11865234375
    ],
    "validation_chi2s": {
      "DEUTERON": 2.0387637010261193,
      "NMC": 2.5399481081495097,
      "NUCLEAR": 1.66570654296875,
      "HERACOMB": 2.605163374757455,
      "DYE886": 2.934174971147017,
      "CDF": 2.792876652308873,
      "D0": 1.4396531105041503,
      "ATLAS": 2.5201150720769707,
      "CMS": 3.4929898890053352,
      "LHCb": 2.3511269092559814,
      "total": 2.3767812252044678
    }
  },
  "3500": {
    "training_loss": 7928.5078125,
    "validation_loss": [
      2819.532958984375
    ],
    "validation_chi2s": {
      "DEUTERON": 2.0796461722150963,
      "NMC": 2.5556978711894915,
      "NUCLEAR": 1.6640062255859376,
      "HERACOMB": 2.629907146777982,
      "DYE886": 3.0809589732776987,
      "CDF": 2.851092202322824,
      "D0": 1.3121715545654298,
      "ATLAS": 2.4859676361083984,
      "CMS": 3.5078643550717734,
      "LHCb": 2.4716415405273438,
      "total": 2.392235279083252
    }
  },
  "3600": {
    "training_loss": 7933.50048828125,
    "validation_loss": [
      2805.7412109375
    ],
    "validation_chi2s": {
      "DEUTERON": 2.120749402402052,
      "NMC": 2.533707263422947,
      "NUCLEAR": 1.6635614013671876,
      "HERACOMB": 2.5963611478119892,
      "DYE886": 2.696432113647461,
      "CDF": 2.87985474722726,
      "D0": 1.4657732963562011,
      "ATLAS": 2.4410492290150034,
      "CMS": 3.5611974204458843,
      "LHCb": 2.4112308025360107,
      "total": 2.380998373031616
    }
  },
  "3700": {
    "training_loss": 7919.74951171875,
    "validation_loss": [
      2800.78125
    ],
    "validation_chi2s": {
      "DEUTERON": 2.056246629401819,
      "NMC": 2.526478786094516,
      "NUCLEAR": 1.664976806640625,
      "HERACOMB": 2.598895104102839,
      "DYE886": 2.690595106645064,
      "CDF": 2.811938149588449,
      "D0": 1.5455900192260743,
      "ATLAS": 2.4878867756236684,
      "CMS": 3.5522714010099086,
      "LHCb": 2.3828094005584717,
      "total": 2.3760969638824463
    }
  },
  "3800": {
    "training_loss": 7928.40869140625,
    "validation_loss": [
      2801.14794921875
    ],
    "validation_chi2s": {
      "DEUTERON": 2.097555891198305,
      "NMC": 2.5338275385837927,
      "NUCLEAR": 1.6662430419921874,
      "HERACOMB": 2.593176149854473,
      "DYE886": 2.628754875876687,
      "CDF": 2.8535058157784596,
      "D0": 1.4797373771667481,
      "ATLAS": 2.4563529274680396,
      "CMS": 3.5621968091018803,
      "LHCb": 2.364487409591675,
      "total": 2.3766067028045654
    }
  },
  "3900": {
    "training_loss": 7936.33056640625,
    "validation_loss": [
      2816.529541015625
    ],
    "validation_chi2s": {
      "DEUTERON": 2.124417584926928,
      "NMC": 2.566357780905331,
      "NUCLEAR": 1.6702908935546874,
      "HERACOMB": 2.6142165240119484,
      "DYE886": 2.8025604594837534,
      "CDF": 2.8833487374441966,
      "D0": 1.3092718124389648,
      "ATLAS": 2.45865873856978,
      "CMS": 3.5365652689119664,
      "LHCb": 2.434077262878418,
      "total": 2.390458106994629
    }
  },
  "4000": {
    "training_loss": 7931.11865234375,
    "validation_loss": [
      2804.5419921875
    ],
    "validation_chi2s": {
      "DEUTERON": 2.1113679041316855,
      "NMC": 2.53547010234758,
      "NUCLEAR": 1.664119384765625,
      "HERACOMB": 2.592660741868362,
      "DYE886": 2.684758099642667,
      "CDF": 2.8628327505929128,
      "D0": 1.4527423858642579,
      "ATLAS": 2.4601091905073686,
      "CMS": 3.5577744894880587,
      "LHCb": 2.3944456577301025,
      "total": 2.380235433578491
    }
  },
  "4100": {
    "training_loss": 7926.63671875,
    "validation_loss": [
      2813.06591796875
    ],
    "validation_chi2s": {
      "DEUTERON": 2.073046632074005,
      "NMC": 2.557519650926777,
      "NUCLEAR": 1.668187255859375,
      "HERACOMB": 2.6139233159083948,
      "DYE886": 3.0427839105779473,
      "CDF": 2.84066527230399,
      "D0": 1.2704380989074706,
      "ATLAS": 2.4980877962979404,
      "CMS": 3.496042143038618,
      "LHCb": 2.46336030960083,
      "total": 2.387145757675171
    }
  },
  "4200": {
    "training_loss": 7923.87646484375,
    "validation_loss": [
      2810.56396484375
    ],
    "validation_chi2s": {
      "DEUTERON": 2.0603561780939055,
      "NMC": 2.5502002192478552,
      "NUCLEAR": 1.667588134765625,
      "HERACOMB": 2.617907355813419,
      "DYE886": 3.026565204967152,
      "CDF": 2.8334508623395647,
      "D0": 1.2974754333496095,
      "ATLAS": 2.4924266121604224,
      "CMS": 3.501089948948806,
      "LHCb": 2.44577956199646,
      "total": 2.3846585750579834
    }
  },
  "4300": {
    "training_loss": 7978.9482421875,
    "validation_loss": [
      2804.88134765625
    ],
    "validation_chi2s": {
      "DEUTERON": 2.0658362848841727,
      "NMC": 2.554189345415901,
      "NUCLEAR": 1.6659227294921874,
      "HERACOMB": 2.5974896998187296,
      "DYE886": 2.966921026056463,
      "CDF": 2.817002977643694,
      "D0": 1.2552956581115722,
      "ATLAS": 2.5078340010209517,
      "CMS": 3.4934915682164633,
      "LHCb": 2.460935354232788,
      "total": 2.380460023880005
    }
  },
  "4400": {
    "training_loss": 7919.4697265625,
    "validation_loss": [
      2814.2666015625
    ],
    "validation_chi2s": {
      "DEUTERON": 2.0497321133589863,
      "NMC": 2.5594685872395835,
      "NUCLEAR": 1.669859130859375,
      "HERACOMB": 2.6279011645348245,
      "DYE886": 3.019326990300959,
      "CDF": 2.825183868408203,
      "D0": 1.2931558609008789,
      "ATLAS": 2.5038762526078657,
      "CMS": 3.4990239337207827,
      "LHCb": 2.45544171333313,
      "total": 2.387861490249634
    }
  },
  "4500": {
    "training_loss": 7927.09033203125,
    "validation_loss": [
      2812.598876953125
    ],
    "validation_chi2s": {
      "DEUTERON": 2.0670348210121268,
      "NMC": 2.5565239401424633,
      "NUCLEAR": 1.668119140625,
      "HERACOMB": 2.6124277551189747,
      "DYE886": 3.028803738680753,
      "CDF": 2.8384276798793246,
      "D0": 1.3019707679748536,
      "ATLAS": 2.4944983395663174,
      "CMS": 3.5064940413808436,
      "LHCb": 2.4900050163269043,
      "total": 2.386945962905884
    }
  },
  "4600": {
    "training_loss": 7919.15087890625,
    "validation_loss": [
      2808.51708984375
    ],
    "validation_chi2s": {
      "DEUTERON": 2.128915967039801,
      "NMC": 2.5286251890893077,
      "NUCLEAR": 1.6647188720703125,
      "HERACOMB": 2.591213450712316,
      "DYE886": 2.599294142289595,
      "CDF": 2.8647471836635043,
      "D0": 1.4570423126220704,
      "ATLAS": 2.4651622772216797,
      "CMS": 3.57504173216781,
      "LHCb": 2.3942513465881348,
      "total": 2.3836894035339355
    }
  },
  "4700": {
    "training_loss": 9077.46875,
    "validation_loss": [
      12889.2041015625
    ],
    "validation_chi2s": {
      "DEUTERON": 51.96081603700249,
      "NMC": 2.5621110504748774,
      "NUCLEAR": 1.7767303466796875,
      "HERACOMB": 2.682566125408497,
      "DYE886": 2.524168361317028,
      "CDF": 2.8064956665039062,
      "D0": 1.3002447128295898,
      "ATLAS": 2.4000993208451704,
      "CMS": 3.5878216503112297,
      "LHCb": 2.5000476837158203,
      "total": 10.926774978637695
    }
  },
  "4800": {
    "training_loss": 8444.6171875,
    "validation_loss": [
      3144.9208984375
    ],
    "validation_chi2s": {
      "DEUTERON": 3.5987239097481343,
      "NMC": 2.5583158006855085,
      "NUCLEAR": 1.7309014892578125,
      "HERACOMB": 2.608599693946589,
      "DYE886": 3.0075544877485796,
      "CDF": 2.7340360369001115,
      "D0": 1.186362075805664,
      "ATLAS": 2.4446624409068716,
      "CMS": 3.6315302654979673,
      "LHCb": 2.198751449584961,
      "total": 2.6564016342163086
    }
  },
  "4900": {
    "training_loss": 8310.8291015625,
    "validation_loss": [
      3221.58154296875
    ],
    "validation_chi2s": {
      "DEUTERON": 3.955447068854944,
      "NMC": 2.6034423229741117,
      "NUCLEAR": 1.74199755859375,
      "HERACOMB": 2.6242390551598245,
      "DYE886": 2.752935929731889,
      "CDF": 2.778275353567941,
      "D0": 1.2548901557922363,
      "ATLAS": 2.4983409534801138,
      "CMS": 3.4953876278264735,
      "LHCb": 2.593923330307007,
      "total": 2.726268768310547
    }
  },
  "5000": {
    "training_loss": 8327.056640625,
    "validation_loss": [
      3213.3642578125
    ],
    "validation_chi2s": {
      "DEUTERON": 3.9089571065570583,
      "NMC": 2.557119930491728,
      "NUCLEAR": 1.73931787109375,
      "HERACOMB": 2.6003856783598858,
      "DYE886": 2.6710071563720703,
      "CDF": 2.749782017299107,
      "D0": 1.2473905563354493,
      "ATLAS": 2.562062523581765,
      "CMS": 3.5389240544016767,
      "LHCb": 2.5297882556915283,
      "total": 2.7201268672943115
    }
  },
  "5100": {
    "training_loss": 8235.783203125,
    "validation_loss": [
      3068.31640625
    ],
    "validation_chi2s": {
      "DEUTERON": 3.2212821998406405,
      "NMC": 2.5221659342447915,
      "NUCLEAR": 1.718069091796875,
      "HERACOMB": 2.596189012714461,
      "DYE886": 2.7921232743696733,
      "CDF": 2.7553176879882812,
      "D0": 1.2948005676269532,
      "ATLAS": 2.5062472603537818,
      "CMS": 3.607138781043572,
      "LHCb": 2.477457046508789,
      "total": 2.595736265182495
    }
  },
  "5200": {
    "training_loss": 8227.1005859375,
    "validation_loss": [
      3072.58349609375
    ],
    "validation_chi2s": {
      "DEUTERON": 3.216748593458489,
      "NMC": 2.5249912037568936,
      "NUCLEAR": 1.706334228515625,
      "HERACOMB": 2.60499542834712,
      "DYE886": 2.8389705311168325,
      "CDF": 2.742267608642578,
      "D0": 1.3114771842956543,
      "ATLAS": 2.5400746085427026,
      "CMS": 3.6006340709159046,
      "LHCb": 2.4782626628875732,
      "total": 2.600217819213867
    }
  },
  "5300": {
    "training_loss": 8264.6162109375,
    "validation_loss": [
      3227.3271484375
    ],
    "validation_chi2s": {
      "DEUTERON": 4.030975493625622,
      "NMC": 2.5558639227175246,
      "NUCLEAR": 1.6875640869140625,
      "HERACOMB": 2.6184251573350696,
      "DYE886": 2.9029055508700283,
      "CDF": 2.7655702318464006,
      "D0": 1.1409436225891114,
      "ATLAS": 2.5203066739169033,
      "CMS": 3.528186084778328,
      "LHCb": 2.634002685546875,
      "total": 2.7335870265960693
    }
  },
  "5400": {
    "training_loss": 8228.4765625,
    "validation_loss": [
      3079.044921875
    ],
    "validation_chi2s": {
      "DEUTERON": 3.305537437325093,
      "NMC": 2.526624791762408,
      "NUCLEAR": 1.69458740234375,
      "HERACOMB": 2.609286040262459,
      "DYE886": 2.908204685557972,
      "CDF": 2.7381553649902344,
      "D0": 1.2242020606994628,
      "ATLAS": 2.551225488836115,
      "CMS": 3.5493305485423017,
      "LHCb": 2.3199410438537598,
      "total": 2.606595993041992
    }
  },
  "5500": {
    "training_loss": 8231.3125,
    "validation_loss": [
      3055.166015625
    ],
    "validation_chi2s": {
      "DEUTERON": 3.1512357038051926,
      "NMC": 2.530359006395527,
      "NUCLEAR": 1.6877716064453125,
      "HERACOMB": 2.6113572463490606,
      "DYE886": 2.9255554892800073,
      "CDF": 2.7566016060965404,
      "D0": 1.204268455505371,
      "ATLAS": 2.5384849201549184,
      "CMS": 3.578537855691057,
      "LHCb": 2.500842332839966,
      "total": 2.585845947265625
    }
  },
  "5600": {
    "training_loss": 8225.2578125,
    "validation_loss": [
      3243.994384765625
    ],
    "validation_chi2s": {
      "DEUTERON": 4.108786208119558,
      "NMC": 2.5586009306066178,
      "NUCLEAR": 1.6700372314453125,
      "HERACOMB": 2.62532013537837,
      "DYE886": 3.0412316755814985,
      "CDF": 2.7618560791015625,
      "D0": 1.1157575607299806,
      "ATLAS": 2.5290551619096235,
      "CMS": 3.519517355818089,
      "LHCb": 2.638108015060425,
      "total": 2.7479145526885986
    }
  },
  "5700": {
    "training_loss": 8230.5556640625,
    "validation_loss": [
      3065.16357421875
    ],
    "validation_chi2s": {
      "DEUTERON": 3.1849094979205534,
      "NMC": 2.534568038641238,
      "NUCLEAR": 1.6903060302734374,
      "HERACOMB": 2.6011895073784723,
      "DYE886": 3.0322615883567114,
      "CDF": 2.734100886753627,
      "D0": 1.198086643218994,
      "ATLAS": 2.587251143022017,
      "CMS": 3.5669332364710367,
      "LHCb": 2.419187307357788,
      "total": 2.5953333377838135
    }
  },
  "5800": {
    "training_loss": 8237.9638671875,
    "validation_loss": [
      3180.4912109375
    ],
    "validation_chi2s": {
      "DEUTERON": 3.766919491895989,
      "NMC": 2.5743085075827206,
      "NUCLEAR": 1.6716949462890625,
      "HERACOMB": 2.6276665980519813,
      "DYE886": 3.0248735601251777,
      "CDF": 2.732820783342634,
      "D0": 1.076751708984375,
      "ATLAS": 2.6061526211825283,
      "CMS": 3.4857802972560976,
      "LHCb": 2.479506731033325,
      "total": 2.6941022872924805
    }
  },
  "5900": {
    "training_loss": 8217.1533203125,
    "validation_loss": [
      3384.552734375
    ],
    "validation_chi2s": {
      "DEUTERON": 4.805287527207711,
      "NMC": 2.5705674115349266,
      "NUCLEAR": 1.6600103759765625,
      "HERACOMB": 2.6212200089996935,
      "DYE886": 3.249215906316584,
      "CDF": 2.776102066040039,
      "D0": 1.1768924713134765,
      "ATLAS": 2.5176171389493076,
      "CMS": 3.505777250460493,
      "LHCb": 2.7295982837677,
      "total": 2.8679120540618896
    }
  },
  "6000": {
    "training_loss": 8218.99609375,
    "validation_loss": [
      3167.0791015625
    ],
    "validation_chi2s": {
      "DEUTERON": 3.766625551442009,
      "NMC": 2.559161017922794,
      "NUCLEAR": 1.666968017578125,
      "HERACOMB": 2.6048787434895835,
      "DYE886": 3.0693130493164062,
      "CDF": 2.7333409445626393,
      "D0": 1.0934468269348145,
      "ATLAS": 2.606109792535955,
      "CMS": 3.4608769610645327,
      "LHCb": 2.4094414710998535,
      "total": 2.682938814163208
    }
  },
  "6100": {
    "training_loss": 8212.185546875,
    "validation_loss": [
      3165.125
    ],
    "validation_chi2s": {
      "DEUTERON": 3.7499231746540733,
      "NMC": 2.597257127948836,
      "NUCLEAR": 1.676313720703125,
      "HERACOMB": 2.6058209986468546,
      "DYE886": 3.095468694513494,
      "CDF": 2.8005259377615794,
      "D0": 1.2139883041381836,
      "ATLAS": 2.472525856711648,
      "CMS": 3.551028119839304,
      "LHCb": 2.6241583824157715,
      "total": 2.6811649799346924
    }
  },
  "6200": {
    "training_loss": 8234.009765625,
    "validation_loss": [
      3310.7412109375
    ],
    "validation_chi2s": {
      "DEUTERON": 4.4912829043260265,
      "NMC": 2.5615458768956803,
      "NUCLEAR": 1.659101318359375,
      "HERACOMB": 2.6106914445465685,
      "DYE886": 3.150800878351385,
      "CDF": 2.7593882424490794,
      "D0": 1.1305377960205079,
      "ATLAS": 2.5324986197731714,
      "CMS": 3.492352493410188,
      "LHCb": 2.5758185386657715,
      "total": 2.8053290843963623
    }
  },
  "6300": {
    "training_loss": 8253.5166015625,
    "validation_loss": [
      3104.900146484375
    ],
    "validation_chi2s": {
      "DEUTERON": 3.513423786827581,
      "NMC": 2.556595147824755,
      "NUCLEAR": 1.6746561279296874,
      "HERACOMB": 2.6011591892616424,
      "DYE886": 3.0420747236772017,
      "CDF": 2.7560863494873047,
      "D0": 1.1241698265075684,
      "ATLAS": 2.51403791254217,
      "CMS": 3.5174716856421493,
      "LHCb": 2.3220367431640625,
      "total": 2.629955768585205
    }
  },
  "6400": {
    "training_loss": 8219.61328125,
    "validation_loss": [
      3491.212646484375
    ],
    "validation_chi2s": {
      "DEUTERON": 5.360267753031716,
      "NMC": 2.5796781053730085,
      "NUCLEAR": 1.657020751953125,
      "HERACOMB": 2.615872451682496,
      "DYE886": 3.240828427401456,
      "CDF": 2.761367525373186,
      "D0": 1.184270477294922,
      "ATLAS": 2.5195260481400923,
      "CMS": 3.4925001190929876,
      "LHCb": 2.6952672004699707,
      "total": 2.9587631225585938
    }
  },
  "6500": {
    "training_loss": 8220.5869140625,
    "validation_loss": [
      4044.4794921875
    ],
    "validation_chi2s": {
      "DEUTERON": 8.081804114194652,
      "NMC": 2.579214058670343,
      "NUCLEAR": 1.6568824462890626,
      "HERACOMB": 2.6269028607536766,
      "DYE886": 3.314938285134055,
      "CDF": 2.7473212650844028,
      "D0": 1.2099362373352052,
      "ATLAS": 2.53988959572532,
      "CMS": 3.4658987153836383,
      "LHCb": 2.7312936782836914,
      "total": 3.428711414337158
    }
  },
  "6600": {
    "training_loss": 8243.5400390625,
    "validation_loss": [
      3702.4521484375
    ],
    "validation_chi2s": {
      "DEUTERON": 6.439730667949316,
      "NMC": 2.5775457643995097,
      "NUCLEAR": 1.6607930908203126,
      "HERACOMB": 2.59054545483558,
      "DYE886": 3.2212562561035156,
      "CDF": 2.744281496320452,
      "D0": 1.2565027236938477,
      "ATLAS": 2.541648171164773,
      "CMS": 3.4564298304115852,
      "LHCb": 2.761906862258911,
      "total": 3.1385743618011475
    }
  },
  "6700": {
    "training_loss": 8230.0830078125,
    "validation_loss": [
      3732.1064453125
    ],
    "validation_chi2s": {
      "DEUTERON": 6.567960976368159,
      "NMC": 2.5715753891888786,
      "NUCLEAR": 1.657742431640625,
      "HERACOMB": 2.619463752297794,
      "DYE886": 3.2515508478338067,
      "CDF": 2.7614312853131975,
      "D0": 1.1835025787353515,
      "ATLAS": 2.5226449099454014,
      "CMS": 3.4731450274707827,
      "LHCb": 2.6614410877227783,
      "total": 3.1632847785949707
    }
  },
  "6800": {
    "training_loss": 8268.25,
    "validation_loss": [
      3122.063720703125
    ],
    "validation_chi2s": {
      "DEUTERON": 3.54249170407727,
      "NMC": 2.565237007889093,
      "NUCLEAR": 1.666203857421875,
      "HERACOMB": 2.607541352315666,
      "DYE886": 2.892773888327859,
      "CDF": 2.769871030535017,
      "D0": 1.1560763359069823,
      "ATLAS": 2.5296384638006035,
      "CMS": 3.559243303004319,
      "LHCb": 2.5181546211242676,
      "total": 2.6447384357452393
    }
  },
  "6900": {
    "training_loss": 8279.259765625,
    "validation_loss": [
      3302.056884765625
    ],
    "validation_chi2s": {
      "DEUTERON": 4.438459254022854,
      "NMC": 2.5606195786420036,
      "NUCLEAR": 1.6597197265625,
      "HERACOMB": 2.5983320248672386,
      "DYE886": 2.977481495250355,
      "CDF": 2.7440270015171597,
      "D0": 1.142674732208252,
      "ATLAS": 2.5696556784889917,
      "CMS": 3.524777544223196,
      "LHCb": 2.5545430183410645,
      "total": 2.798330783843994
    }
  },
  "7000": {
    "training_loss": 8337.0205078125,
    "validation_loss": [
      3223.54345703125
    ],
    "validation_chi2s": {
      "DEUTERON": 4.0704965164412314,
      "NMC": 2.560136682846967,
      "NUCLEAR": 1.6662811279296874,
      "HERACOMB": 2.6054950788909315,
      "DYE886": 2.9456103931773794,
      "CDF": 2.7278499603271484,
      "D0": 1.1005187034606934,
      "ATLAS": 2.6209888458251953,
      "CMS": 3.442888213366997,
      "LHCb": 2.3598155975341797,
      "total": 2.731558084487915
    }
  },
  "7100": {
    "training_loss": 8292.216796875,
    "validation_loss": [
      3171.794921875
    ],
    "validation_chi2s": {
      "DEUTERON": 3.834927535175684,
      "NMC": 2.5513299680223653,
      "NUCLEAR": 1.666188720703125,
      "HERACOMB": 2.5995798547283497,
      "DYE886": 2.877577868374911,
      "CDF": 2.753722599574498,
      "D0": 1.1303024291992188,
      "ATLAS": 2.5491769964044746,
      "CMS": 3.523906676749873,
      "LHCb": 2.399369955062866,
      "total": 2.687366485595703
    }
  },
  "7200": {
    "training_loss": 8321.6513671875,
    "validation_loss": [
      3158.54638671875
    ],
    "validation_chi2s": {
      "DEUTERON": 3.783202821342506,
      "NMC": 2.552273619408701,
      "NUCLEAR": 1.6642982177734376,
      "HERACOMB": 2.594337214052288,
      "DYE886": 2.869991996071555,
      "CDF": 2.76415525163923,
      "D0": 1.1254522323608398,
      "ATLAS": 2.534208991310813,
      "CMS": 3.519511153058308,
      "LHCb": 2.4823708534240723,
      "total": 2.676257610321045
    }
  },
  "7300": {
    "training_loss": 8278.9345703125,
    "validation_loss": [
      3352.43212890625
    ],
    "validation_chi2s": {
      "DEUTERON": 4.736617510591573,
      "NMC": 2.558694876876532,
      "NUCLEAR": 1.681965087890625,
      "HERACOMB": 2.5962392769607843,
      "DYE886": 2.7914902080189097,
      "CDF": 2.7703124455043246,
      "D0": 1.1417426109313964,
      "ATLAS": 2.545287392356179,
      "CMS": 3.527549681624746,
      "LHCb": 2.3146772384643555,
      "total": 2.840106248855591
    }
  },
  "7400": {
    "training_loss": 8309.6259765625,
    "validation_loss": [
      3201.84765625
    ],
    "validation_chi2s": {
      "DEUTERON": 3.990384381801928,
      "NMC": 2.5501296099494484,
      "NUCLEAR": 1.672753662109375,
      "HERACOMB": 2.5924187953176063,
      "DYE886": 2.8719017722389917,
      "CDF": 2.7590391976492747,
      "D0": 1.142305850982666,
      "ATLAS": 2.549034985628995,
      "CMS": 3.521175477562881,
      "LHCb": 2.402117967605591,
      "total": 2.7131688594818115
    }
  },
  "7500": {
    "training_loss": 8302.2421875,
    "validation_loss": [
      10116.9677734375
    ],
    "validation_chi2s": {
      "DEUTERON": 38.332983519900495,
      "NMC": 2.593913059608609,
      "NUCLEAR": 1.6670386962890624,
      "HERACOMB": 2.6138652726715685,
      "DYE886": 3.1465003273703833,
      "CDF": 2.774591718401228,
      "D0": 1.195546817779541,
      "ATLAS": 2.536940487948331,
      "CMS": 3.467672456570757,
      "LHCb": 2.6478428840637207,
      "total": 8.58419132232666
    }
  },
  "7600": {
    "training_loss": 8371.74609375,
    "validation_loss": [
      3308.758544921875
    ],
    "validation_chi2s": {
      "DEUTERON": 4.515531473491915,
      "NMC": 2.570033952301624,
      "NUCLEAR": 1.6732703857421876,
      "HERACOMB": 2.5999638177210986,
      "DYE886": 2.835850802334872,
      "CDF": 2.8312184470040456,
      "D0": 1.182668399810791,
      "ATLAS": 2.4787171103737573,
      "CMS": 3.5577462049034554,
      "LHCb": 2.5812578201293945,
      "total": 2.8039824962615967
    }
  },
  "7700": {
    "training_loss": 8326.6826171875,
    "validation_loss": [
      3174.322509765625
    ],
    "validation_chi2s": {
      "DEUTERON": 3.8428241483014616,
      "NMC": 2.5599733240464153,
      "NUCLEAR": 1.67867431640625,
      "HERACOMB": 2.5887199850643383,
      "DYE886": 2.7999758286909624,
      "CDF": 2.764697756086077,
      "D0": 1.128870391845703,
      "ATLAS": 2.5612043900923296,
      "CMS": 3.526508610423018,
      "LHCb": 2.3999269008636475,
      "total": 2.6896045207977295
    }
  },
  "7800": {
    "training_loss": 8330.9248046875,
    "validation_loss": [
      7831.1376953125
    ],
    "validation_chi2s": {
      "DEUTERON": 26.92843157260572,
      "NMC": 2.603444118125766,
      "NUCLEAR": 1.67255322265625,
      "HERACOMB": 2.6318520938648895,
      "DYE886": 3.0331379283558237,
      "CDF": 2.8071771349225725,
      "D0": 1.3517677307128906,
      "ATLAS": 2.50819917158647,
      "CMS": 3.4808295025088922,
      "LHCb": 2.750337839126587,
      "total": 6.643775939941406
    }
  },
  "7900": {
    "training_loss": 8343.7822265625,
    "validation_loss": [
      3370.1875
    ],
    "validation_chi2s": {
      "DEUTERON": 4.759976666958178,
      "NMC": 2.5587511249617036,
      "NUCLEAR": 1.682515380859375,
      "HERACOMB": 2.5939101674198324,
      "DYE886": 2.8310907537286933,
      "CDF": 2.7721639360700334,
      "D0": 1.1838027000427247,
      "ATLAS": 2.575436158613725,
      "CMS": 3.5463909366266515,
      "LHCb": 2.4821903705596924,
      "total": 2.855736017227173
    }
  },
  "8000": {
    "training_loss": 8357.4482421875,
    "validation_loss": [
      4410.50634765625
    ],
    "validation_chi2s": {
      "DEUTERON": 9.957329441658892,
      "NMC": 2.5786052030675553,
      "NUCLEAR": 1.6719794921875,
      "HERACOMB": 2.618729335809845,
      "DYE886": 2.87090388211337,
      "CDF": 2.7983338492257253,
      "D0": 1.246833324432373,
      "ATLAS": 2.5376840071244673,
      "CMS": 3.4867511532170985,
      "LHCb": 2.5774669647216797,
      "total": 3.739776372909546
    }
  },
  "8100": {
    "training_loss": 8388.25,
    "validation_loss": [
      543574.0625
    ],
    "validation_chi2s": {
      "DEUTERON": 2692.333955223881,
      "NMC": 2.596964219037224,
      "NUCLEAR": 1.67550634765625,
      "HERACOMB": 2.6053594452103757,
      "DYE886": 3.013121865012429,
      "CDF": 2.7615626198904857,
      "D0": 1.1539693832397462,
      "ATLAS": 2.589986974542791,
      "CMS": 3.449752683561992,
      "LHCb": 2.6447436809539795,
      "total": 461.434326171875
    }
  },
  "8200": {
    "training_loss": 8445.5205078125,
    "validation_loss": [
      3472.84912109375
    ],
    "validation_chi2s": {
      "DEUTERON": 5.332463658271144,
      "NMC": 2.570432176776961,
      "NUCLEAR": 1.6822174072265625,
      "HERACOMB": 2.597036523756638,
      "DYE886": 2.765543157404119,
      "CDF": 2.824132646833147,
      "D0": 1.2138232231140136,
      "ATLAS": 2.4805098446932705,
      "CMS": 3.547016919143801,
      "LHCb": 2.6172707080841064,
      "total": 2.9435651302337646
    }
  },
  "8300": {
    "training_loss": 8410.0888671875,
    "validation_loss": [
      4096.4267578125
    ],
    "validation_chi2s": {
      "DEUTERON": 8.396096908037935,
      "NMC": 2.579548256070006,
      "NUCLEAR": 1.68020751953125,
      "HERACOMB": 2.6191294551674837,
      "DYE886": 2.808956666426225,
      "CDF": 2.811220714024135,
      "D0": 1.2704499244689942,
      "ATLAS": 2.5173076282848013,
      "CMS": 3.5042900767752796,
      "LHCb": 2.5784237384796143,
      "total": 3.473210096359253
    }
  },
  "8400": {
    "training_loss": 8413.9619140625,
    "validation_loss": [
      3244.38134765625
    ],
    "validation_chi2s": {
      "DEUTERON": 4.1798918614933145,
      "NMC": 2.5529485964307597,
      "NUCLEAR": 1.684713623046875,
      "HERACOMB": 2.5896662294475083,
      "DYE886": 2.7328649000688032,
      "CDF": 2.8006643567766463,
      "D0": 1.1539119720458983,
      "ATLAS": 2.538197257302024,
      "CMS": 3.5476327291349086,
      "LHCb": 2.521467924118042,
      "total": 2.749584436416626
    }
  },
  "8500": {
    "training_loss": 8442.373046875,
    "validation_loss": [
      237469.078125
    ],
    "validation_chi2s": {
      "DEUTERON": 1169.4120802238806,
      "NMC": 2.5995315850949754,
      "NUCLEAR": 1.6778104248046875,
      "HERACOMB": 2.604804743349163,
      "DYE886": 2.956521814519709,
      "CDF": 2.7697091783796037,
      "D0": 1.1760565757751464,
      "ATLAS": 2.603635787963867,
      "CMS": 3.444633421859121,
      "LHCb": 2.686582565307617,
      "total": 201.5832061767578
    }
  },
  "8600": {
    "training_loss": 8456.7060546875,
    "validation_loss": [
      295170.28125
    ],
    "validation_chi2s": {
      "DEUTERON": 1456.501554726368,
      "NMC": 2.5954033346737133,
      "NUCLEAR": 1.68156103515625,
      "HERACOMB": 2.611569074244281,
      "DYE886": 2.884508653120561,
      "CDF": 2.7999679020472934,
      "D0": 1.2294469833374024,
      "ATLAS": 2.546852805397727,
      "CMS": 3.4793075933689024,
      "LHCb": 2.6790761947631836,
      "total": 250.56533813476562
    }
  },
  "8700": {
    "training_loss": 8468.8173828125,
    "validation_loss": [
      5582.763671875
    ],
    "validation_chi2s": {
      "DEUTERON": 15.768229166666666,
      "NMC": 2.5914644727519915,
      "NUCLEAR": 1.682250732421875,
      "HERACOMB": 2.6179799597247753,
      "DYE886": 2.7735824584960938,
      "CDF": 2.805830819266183,
      "D0": 1.238275909423828,
      "ATLAS": 2.564829566261985,
      "CMS": 3.478129565231199,
      "LHCb": 2.583538770675659,
      "total": 4.735296726226807
    }
  },
  "8800": {
    "training_loss": 8478.9267578125,
    "validation_loss": [
      41218.91015625
    ],
    "validation_chi2s": {
      "DEUTERON": 193.04226912313433,
      "NMC": 2.5904843199486827,
      "NUCLEAR": 1.686512451171875,
      "HERACOMB": 2.616598091873468,
      "DYE886": 2.7986526489257812,
      "CDF": 2.7859300885881697,
      "D0": 1.1755491256713868,
      "ATLAS": 2.585124275901101,
      "CMS": 3.4839814969194616,
      "LHCb": 2.576277256011963,
      "total": 34.98700714111328
    }
  },
  "8900": {
    "training_loss": 8501.611328125,
    "validation_loss": [
      169650.875
    ],
    "validation_chi2s": {
      "DEUTERON": 832.029928482587,
      "NMC": 2.580739040000766,
      "NUCLEAR": 1.6886309814453124,
      "HERACOMB": 2.6122811510671977,
      "DYE886": 2.7813764051957564,
      "CDF": 2.7985352107456754,
      "D0": 1.1999270439147949,
      "ATLAS": 2.574158928611062,
      "CMS": 3.478425809038364,
      "LHCb": 2.560971975326538,
      "total": 144.01254272460938
    }
  },
  "9000": {
    "training_loss": 8544.275390625,
    "validation_loss": [
      3631.0830078125
    ],
    "validation_chi2s": {
      "DEUTERON": 6.085340509367226,
      "NMC": 2.5828504375382964,
      "NUCLEAR": 1.6939088134765625,
      "HERACOMB": 2.588244269875919,
      "DYE886": 2.6708443381569604,
      "CDF": 2.834165300641741,
      "D0": 1.203140640258789,
      "ATLAS": 2.530579306862571,
      "CMS": 3.546771786077236,
      "LHCb": 2.6203763484954834,
      "total": 3.0785014629364014
    }
  },
  "9100": {
    "training_loss": 8574.1123046875,
    "validation_loss": [
      4222.00048828125
    ],
    "validation_chi2s": {
      "DEUTERON": 9.02506935537158,
      "NMC": 2.603077907188266,
      "NUCLEAR": 1.6973555908203124,
      "HERACOMB": 2.5930018206827,
      "DYE886": 2.6620715748180044,
      "CDF": 2.840262004307338,
      "D0": 1.2541184425354004,
      "ATLAS": 2.5209728587757456,
      "CMS": 3.51224251103595,
      "LHCb": 2.697638750076294,
      "total": 3.580308198928833
    }
  },
  "9200": {
    "training_loss": 8165.642578125,
    "validation_loss": [
      2888.39697265625
    ],
    "validation_chi2s": {
      "DEUTERON": 2.1036079368781095,
      "NMC": 2.5128850001914826,
      "NUCLEAR": 1.69124169921875,
      "HERACOMB": 2.6203050800398286,
      "DYE886": 3.892403342507102,
      "CDF": 2.8705239977155412,
      "D0": 1.251896286010742,
      "ATLAS": 2.6322011080655185,
      "CMS": 3.5781391422923017,
      "LHCb": 2.813913345336914,
      "total": 2.4509975910186768
    }
  },
  "9300": {
    "training_loss": 7974.6806640625,
    "validation_loss": [
      2851.03466796875
    ],
    "validation_chi2s": {
      "DEUTERON": 2.2057956676578048,
      "NMC": 2.6052093505859375,
      "NUCLEAR": 1.6757501220703126,
      "HERACOMB": 2.590030645233354,
      "DYE886": 2.938778963955966,
      "CDF": 2.9489498138427734,
      "D0": 1.1925154685974122,
      "ATLAS": 2.537322998046875,
      "CMS": 3.5893864825489077,
      "LHCb": 2.433093786239624,
      "total": 2.4200856685638428
    }
  },
  "9400": {
    "training_loss": 7930.06640625,
    "validation_loss": [
      2862.6357421875
    ],
    "validation_chi2s": {
      "DEUTERON": 2.1467212278451493,
      "NMC": 2.620977663526348,
      "NUCLEAR": 1.670720703125,
      "HERACOMB": 2.640018039279514,
      "DYE886": 3.1774607571688565,
      "CDF": 2.9433670043945312,
      "D0": 1.245374870300293,
      "ATLAS": 2.549766020341353,
      "CMS": 3.5541962414253048,
      "LHCb": 2.5914971828460693,
      "total": 2.429966688156128
    }
  },
  "9500": {
    "training_loss": 7935.90673828125,
    "validation_loss": [
      2834.66064453125
    ],
    "validation_chi2s": {
      "DEUTERON": 2.0883183265799907,
      "NMC": 2.5754346660539214,
      "NUCLEAR": 1.6743211669921876,
      "HERACOMB": 2.622244641671773,
      "DYE886": 3.113728263161399,
      "CDF": 2.8859489985874722,
      "D0": 1.185175323486328,
      "ATLAS": 2.562956376509233,
      "CMS": 3.5162795152121444,
      "LHCb": 2.44667649269104,
      "total": 2.406212568283081
    }
  },
  "9600": {
    "training_loss": 7944.93359375,
    "validation_loss": [
      2813.3203125
    ],
    "validation_chi2s": {
      "DEUTERON": 2.0817925752098883,
      "NMC": 2.5510723637599573,
      "NUCLEAR": 1.6639066162109375,
      "HERACOMB": 2.5775928372651142,
      "DYE886": 2.8152035799893467,
      "CDF": 2.8189005170549666,
      "D0": 1.1385320663452148,
      "ATLAS": 2.620718175714666,
      "CMS": 3.514129638671875,
      "LHCb": 2.2948572635650635,
      "total": 2.3881468772888184
    }
  },
  "9700": {
    "training_loss": 7918.4775390625,
    "validation_loss": [
      2822.36962890625
    ],
    "validation_chi2s": {
      "DEUTERON": 2.0573352415170243,
      "NMC": 2.5756390141505823,
      "NUCLEAR": 1.6695406494140625,
      "HERACOMB": 2.604711794385723,
      "DYE886": 3.033780878240412,
      "CDF": 2.8316557747977122,
      "D0": 1.1449618339538574,
      "ATLAS": 2.6106251803311435,
      "CMS": 3.4992124976181405,
      "LHCb": 2.3472206592559814,
      "total": 2.3958466053009033
    }
  },
  "9800": {
    "training_loss": 7913.03955078125,
    "validation_loss": [
      2847.384765625
    ],
    "validation_chi2s": {
      "DEUTERON": 2.1085501144181436,
      "NMC": 2.6148358513327206,
      "NUCLEAR": 1.6748856201171876,
      "HERACOMB": 2.637955410028595,
      "DYE886": 3.146697998046875,
      "CDF": 2.9283368246895924,
      "D0": 1.2226402282714843,
      "ATLAS": 2.542253320867365,
      "CMS": 3.5374376250476374,
      "LHCb": 2.4912502765655518,
      "total": 2.417083501815796
    }
  },
  "9900": {
    "training_loss": 7907.8212890625,
    "validation_loss": [
      2842.865234375
    ],
    "validation_chi2s": {
      "DEUTERON": 2.110694391810479,
      "NMC": 2.6191690482345282,
      "NUCLEAR": 1.6763017578125,
      "HERACOMB": 2.6337655260671977,
      "DYE886": 3.0953008478338067,
      "CDF": 2.944671085902623,
      "D0": 1.2125374794006347,
      "ATLAS": 2.526902112093839,
      "CMS": 3.535662891418953,
      "LHCb": 2.4848875999450684,
      "total": 2.4132490158081055
    }
  },
  "10000": {
    "training_loss": 7925.4921875,
    "validation_loss": [
      2809.39501953125
    ],
    "validation_chi2s": {
      "DEUTERON": 2.0848551128634174,
      "NMC": 2.5652630375880823,
      "NUCLEAR": 1.6644068603515625,
      "HERACOMB": 2.5805253172232434,
      "DYE886": 2.7252987948330967,
      "CDF": 2.8496091025216237,
      "D0": 1.176810073852539,
      "ATLAS": 2.5728553425181997,
      "CMS": 3.5388491250635163,
      "LHCb": 2.309591770172119,
      "total": 2.384810209274292
    }
  },
  "10100": {
    "training_loss": 7933.19091796875,
    "validation_loss": [
      2802.8134765625
    ],
    "validation_chi2s": {
      "DEUTERON": 2.0634799027324315,
      "NMC": 2.551259957107843,
      "NUCLEAR": 1.6698358154296875,
      "HERACOMB": 2.5949164496527777,
      "DYE886": 2.769763773137873,
      "CDF": 2.8656815120152066,
      "D0": 1.2005759239196778,
      "ATLAS": 2.505204287442294,
      "CMS": 3.5573393038617884,
      "LHCb": 2.3251023292541504,
      "total": 2.378819704055786
    }
  },
  "10200": {
    "training_loss": 7907.94873046875,
    "validation_loss": [
      2843.38818359375
    ],
    "validation_chi2s": {
      "DEUTERON": 2.054471447693175,
      "NMC": 2.573026170917586,
      "NUCLEAR": 1.66848828125,
      "HERACOMB": 2.658831827001634,
      "DYE886": 2.8732726357199927,
      "CDF": 2.8512769426618303,
      "D0": 1.1629673004150392,
      "ATLAS": 2.6488923159512607,
      "CMS": 3.5283528149612553,
      "LHCb": 2.295100688934326,
      "total": 2.413695812225342
    }
  },
  "10300": {
    "training_loss": 7915.353515625,
    "validation_loss": [
      2800.620361328125
    ],
    "validation_chi2s": {
      "DEUTERON": 2.073972028286303,
      "NMC": 2.5457940195121016,
      "NUCLEAR": 1.6643870849609375,
      "HERACOMB": 2.5783854964511845,
      "DYE886": 2.718822652643377,
      "CDF": 2.8415611812046597,
      "D0": 1.2007612228393554,
      "ATLAS": 2.5355039076371626,
      "CMS": 3.5532668198996444,
      "LHCb": 2.3045384883880615,
      "total": 2.3773725032806396
    }
  },
  "10400": {
    "training_loss": 7950.7119140625,
    "validation_loss": [
      2810.845703125
    ],
    "validation_chi2s": {
      "DEUTERON": 2.034282323732898,
      "NMC": 2.5736918729894303,
      "NUCLEAR": 1.664628662109375,
      "HERACOMB": 2.6018594978681575,
      "DYE886": 3.0461841930042612,
      "CDF": 2.813398906162807,
      "D0": 1.1442009925842285,
      "ATLAS": 2.5895226218483667,
      "CMS": 3.492381770436357,
      "LHCb": 2.3389527797698975,
      "total": 2.3860716819763184
    }
  },
  "10500": {
    "training_loss": 7920.9052734375,
    "validation_loss": [
      2797.03271484375
    ],
    "validation_chi2s": {
      "DEUTERON": 2.0504756187325093,
      "NMC": 2.5416986802045036,
      "NUCLEAR": 1.662774658203125,
      "HERACOMB": 2.580167483660131,
      "DYE886": 2.8115189292214136,
      "CDF": 2.8325917380196706,
      "D0": 1.194930076599121,
      "ATLAS": 2.5372532931241123,
      "CMS": 3.5435473434324187,
      "LHCb": 2.310086727142334,
      "total": 2.3743326663970947
    }
  },
  "10600": {
    "training_loss": 7966.2314453125,
    "validation_loss": [
      2825.47900390625
    ],
    "validation_chi2s": {
      "DEUTERON": 2.1633305336112407,
      "NMC": 2.618996414483762,
      "NUCLEAR": 1.670457763671875,
      "HERACOMB": 2.578772251902063,
      "DYE886": 2.7940060008655894,
      "CDF": 2.9517179216657365,
      "D0": 1.1988268852233888,
      "ATLAS": 2.463279897516424,
      "CMS": 3.5868257352007116,
      "LHCb": 2.5459296703338623,
      "total": 2.3984906673431396
    }
  },
  "10700": {
    "training_loss": 7914.69970703125,
    "validation_loss": [
      2794.8310546875
    ],
    "validation_chi2s": {
      "DEUTERON": 2.0644590463211285,
      "NMC": 2.5409354415594363,
      "NUCLEAR": 1.660700927734375,
      "HERACOMB": 2.5747929990681167,
      "DYE886": 2.7851633592085405,
      "CDF": 2.8165509360177174,
      "D0": 1.1681655883789062,
      "ATLAS": 2.5272560119628906,
      "CMS": 3.54153541626969,
      "LHCb": 2.3154330253601074,
      "total": 2.3724758625030518
    }
  },
  "10800": {
    "training_loss": 7967.5390625,
    "validation_loss": [
      2802.956298828125
    ],
    "validation_chi2s": {
      "DEUTERON": 2.0822122298662937,
      "NMC": 2.566464293236826,
      "NUCLEAR": 1.663945556640625,
      "HERACOMB": 2.569705140356924,
      "DYE886": 3.0697021484375,
      "CDF": 2.875382287161691,
      "D0": 1.1766159057617187,
      "ATLAS": 2.471145283092152,
      "CMS": 3.548733843051321,
      "LHCb": 2.5103933811187744,
      "total": 2.3793771266937256
    }
  },
  "10900": {
    "training_loss": 7926.2216796875,
    "validation_loss": [
      2811.90576171875
    ],
    "validation_chi2s": {
      "DEUTERON": 2.059282293367149,
      "NMC": 2.6075615976371016,
      "NUCLEAR": 1.6672159423828126,
      "HERACOMB": 2.598721373314951,
      "DYE886": 3.071298772638494,
      "CDF": 2.8052847726004466,
      "D0": 1.1119117736816406,
      "ATLAS": 2.5614627491344106,
      "CMS": 3.4714209083619156,
      "LHCb": 2.4009711742401123,
      "total": 2.3869881629943848
    }
  },
  "11000": {
    "training_loss": 8007.33203125,
    "validation_loss": [
      2851.45849609375
    ],
    "validation_chi2s": {
      "DEUTERON": 2.1378846429473723,
      "NMC": 2.662165323893229,
      "NUCLEAR": 1.674873779296875,
      "HERACOMB": 2.6316410638148486,
      "DYE886": 3.343936573375355,
      "CDF": 2.920647757393973,
      "D0": 1.2374506950378419,
      "ATLAS": 2.4881245006214487,
      "CMS": 3.5348830804592226,
      "LHCb": 2.5892081260681152,
      "total": 2.4205660820007324
    }
  },
  "11100": {
    "training_loss": 7893.52685546875,
    "validation_loss": [
      2811.4462890625
    ],
    "validation_chi2s": {
      "DEUTERON": 2.113834665782416,
      "NMC": 2.5756907743566178,
      "NUCLEAR": 1.666708984375,
      "HERACOMB": 2.6006537543402777,
      "DYE886": 2.736399390480735,
      "CDF": 2.840852737426758,
      "D0": 1.142325210571289,
      "ATLAS": 2.531938379461115,
      "CMS": 3.515128034886306,
      "LHCb": 2.2858712673187256,
      "total": 2.386551856994629
    }
  },
  "11200": {
    "training_loss": 7972.39453125,
    "validation_loss": [
      2809.0068359375
    ],
    "validation_chi2s": {
      "DEUTERON": 2.098484779471782,
      "NMC": 2.5991103228400734,
      "NUCLEAR": 1.665833251953125,
      "HERACOMB": 2.5761603062448937,
      "DYE886": 2.92355693470348,
      "CDF": 2.8483101981026784,
      "D0": 1.1580583572387695,
      "ATLAS": 2.514625375921076,
      "CMS": 3.524494946487551,
      "LHCb": 2.4359283447265625,
      "total": 2.3845391273498535
    }
  },
  "11300": {
    "training_loss": 7895.69189453125,
    "validation_loss": [
      2799.0546875
    ],
    "validation_chi2s": {
      "DEUTERON": 2.113989682932991,
      "NMC": 2.5451543471392464,
      "NUCLEAR": 1.6607186279296875,
      "HERACOMB": 2.5622518701491015,
      "DYE886": 2.677853324196555,
      "CDF": 2.8727332523890903,
      "D0": 1.2308754920959473,
      "ATLAS": 2.4718508286909624,
      "CMS": 3.6040547688802085,
      "LHCb": 2.356361150741577,
      "total": 2.37608003616333
    }
  },
  "11400": {
    "training_loss": 7911.54638671875,
    "validation_loss": [
      2815.201904296875
    ],
    "validation_chi2s": {
      "DEUTERON": 2.0717557840679417,
      "NMC": 2.6047076056985294,
      "NUCLEAR": 1.6711767578125,
      "HERACOMB": 2.5966230404922386,
      "DYE886": 3.212803927334872,
      "CDF": 2.864690508161272,
      "D0": 1.1620372772216796,
      "ATLAS": 2.5036678314208984,
      "CMS": 3.5140045910346798,
      "LHCb": 2.448349952697754,
      "total": 2.389808177947998
    }
  },
  "11500": {
    "training_loss": 7899.7060546875,
    "validation_loss": [
      2798.384765625
    ],
    "validation_chi2s": {
      "DEUTERON": 2.026386469750855,
      "NMC": 2.5658931358187806,
      "NUCLEAR": 1.6635450439453126,
      "HERACOMB": 2.587222030739379,
      "DYE886": 2.8149840615012427,
      "CDF": 2.7749039786202565,
      "D0": 1.1594586372375488,
      "ATLAS": 2.6017941561612217,
      "CMS": 3.4986036347179876,
      "LHCb": 2.2327544689178467,
      "total": 2.3755359649658203
    }
  },
  "11600": {
    "training_loss": 7897.85888671875,
    "validation_loss": [
      2792.85009765625
    ],
    "validation_chi2s": {
      "DEUTERON": 2.0297619264517257,
      "NMC": 2.5641093534581803,
      "NUCLEAR": 1.6623128662109374,
      "HERACOMB": 2.5799067877476514,
      "DYE886": 2.797001925381747,
      "CDF": 2.7732009887695312,
      "D0": 1.1575607299804687,
      "ATLAS": 2.5714652321555396,
      "CMS": 3.5099090328061484,
      "LHCb": 2.2576448917388916,
      "total": 2.370836019515991
    }
  },
  "11700": {
    "training_loss": 7888.7158203125,
    "validation_loss": [
      2790.3203125
    ],
    "validation_chi2s": {
      "DEUTERON": 2.0778507972831157,
      "NMC": 2.5592630423751532,
      "NUCLEAR": 1.6644619140625,
      "HERACOMB": 2.5675485648360907,
      "DYE886": 2.7743715806440874,
      "CDF": 2.8785386766706194,
      "D0": 1.2036508560180663,
      "ATLAS": 2.4684488123113457,
      "CMS": 3.5606682009813264,
      "LHCb": 2.3279776573181152,
      "total": 2.3684914112091064
    }
  },
  "11800": {
    "training_loss": 7883.046875,
    "validation_loss": [
      2787.177001953125
    ],
    "validation_chi2s": {
      "DEUTERON": 2.096785056650342,
      "NMC": 2.5718060661764706,
      "NUCLEAR": 1.6605875244140624,
      "HERACOMB": 2.556009130540237,
      "DYE886": 2.695351340553977,
      "CDF": 2.854147502354213,
      "D0": 1.1692695617675781,
      "ATLAS": 2.488615729592063,
      "CMS": 3.5360554020579267,
      "LHCb": 2.292470932006836,
      "total": 2.366011381149292
    }
  },
  "11900": {
    "training_loss": 7936.5390625,
    "validation_loss": [
      2793.7138671875
    ],
    "validation_chi2s": {
      "DEUTERON": 2.076823523981654,
      "NMC": 2.5992159375957415,
      "NUCLEAR": 1.6634217529296875,
      "HERACOMB": 2.5558980305989585,
      "DYE886": 2.9409800442782315,
      "CDF": 2.853635243007115,
      "D0": 1.1617329597473145,
      "ATLAS": 2.4947729977694424,
      "CMS": 3.5133128592638467,
      "LHCb": 2.444753885269165,
      "total": 2.3715667724609375
    }
  },
  "12000": {
    "training_loss": 7881.66748046875,
    "validation_loss": [
      2812.727294921875
    ],
    "validation_chi2s": {
      "DEUTERON": 2.075959922069341,
      "NMC": 2.5797941918466605,
      "NUCLEAR": 1.6599256591796876,
      "HERACOMB": 2.607583239187602,
      "DYE886": 2.689851240678267,
      "CDF": 2.7660350799560547,
      "D0": 1.122917366027832,
      "ATLAS": 2.635001789439808,
      "CMS": 3.479299653836382,
      "LHCb": 2.1720221042633057,
      "total": 2.3877134323120117
    }
  },
  "12100": {
    "training_loss": 7881.98974609375,
    "validation_loss": [
      2786.33203125
    ],
    "validation_chi2s": {
      "DEUTERON": 2.050611960947217,
      "NMC": 2.570611691942402,
      "NUCLEAR": 1.6637757568359375,
      "HERACOMB": 2.575478946461397,
      "DYE886": 2.7517323927445845,
      "CDF": 2.8073662349155972,
      "D0": 1.1464058876037597,
      "ATLAS": 2.5117610584605825,
      "CMS": 3.5210816918349845,
      "LHCb": 2.254805564880371,
      "total": 2.365267753601074
    }
  },
  "12200": {
    "training_loss": 7886.24951171875,
    "validation_loss": [
      2791.50830078125
    ],
    "validation_chi2s": {
      "DEUTERON": 2.100742928424285,
      "NMC": 2.608453488817402,
      "NUCLEAR": 1.666336181640625,
      "HERACOMB": 2.5630108203763275,
      "DYE886": 2.8772449493408203,
      "CDF": 2.8572875431605746,
      "D0": 1.1448573112487792,
      "ATLAS": 2.4588153145530005,
      "CMS": 3.51290397333905,
      "LHCb": 2.367784261703491,
      "total": 2.3696963787078857
    }
  },
  "12300": {
    "training_loss": 7890.365234375,
    "validation_loss": [
      2799.302490234375
    ],
    "validation_chi2s": {
      "DEUTERON": 2.0821639483247822,
      "NMC": 2.613382676068474,
      "NUCLEAR": 1.66668896484375,
      "HERACOMB": 2.5731338800168504,
      "DYE886": 2.9727134704589844,
      "CDF": 2.8283394404820035,
      "D0": 1.1242568016052246,
      "ATLAS": 2.518571680242365,
      "CMS": 3.482623092527312,
      "LHCb": 2.355685234069824,
      "total": 2.3763177394866943
    }
  },
  "12400": {
    "training_loss": 7920.55078125,
    "validation_loss": [
      2804.61962890625
    ],
    "validation_chi2s": {
      "DEUTERON": 2.100860747531872,
      "NMC": 2.6340014887791052,
      "NUCLEAR": 1.66895166015625,
      "HERACOMB": 2.571773553985396,
      "DYE886": 2.9867664683948862,
      "CDF": 2.859251022338867,
      "D0": 1.1609454154968262,
      "ATLAS": 2.4786116860129614,
      "CMS": 3.5101028070217226,
      "LHCb": 2.453143835067749,
      "total": 2.380831718444824
    }
  },
  "12500": {
    "training_loss": 7881.43212890625,
    "validation_loss": [
      2784.47216796875
    ],
    "validation_chi2s": {
      "DEUTERON": 2.070370650410059,
      "NMC": 2.577725279564951,
      "NUCLEAR": 1.6595616455078126,
      "HERACOMB": 2.5534043654896856,
      "DYE886": 2.7148385481400923,
      "CDF": 2.8315560477120534,
      "D0": 1.16906795501709,
      "ATLAS": 2.480288418856534,
      "CMS": 3.5497831018959602,
      "LHCb": 2.3818306922912598,
      "total": 2.363710641860962
    }
  },
  "12600": {
    "training_loss": 7951.85986328125,
    "validation_loss": [
      2816.9951171875
    ],
    "validation_chi2s": {
      "DEUTERON": 2.0367437713774876,
      "NMC": 2.6222881242340685,
      "NUCLEAR": 1.6678984375,
      "HERACOMB": 2.6130682253370097,
      "DYE886": 3.0632816661487925,
      "CDF": 2.752641405378069,
      "D0": 1.0733766555786133,
      "ATLAS": 2.653340079567649,
      "CMS": 3.4229872788840194,
      "LHCb": 2.2465579509735107,
      "total": 2.3913371562957764
    }
  },
  "12700": {
    "training_loss": 7891.9501953125,
    "validation_loss": [
      2781.77685546875
    ],
    "validation_chi2s": {
      "DEUTERON": 2.0584296231246113,
      "NMC": 2.578312593347886,
      "NUCLEAR": 1.66306884765625,
      "HERACOMB": 2.5587323755999796,
      "DYE886": 2.731952840631658,
      "CDF": 2.7872401646205356,
      "D0": 1.1433704376220704,
      "ATLAS": 2.5173776799982246,
      "CMS": 3.5128342543191056,
      "LHCb": 2.237593412399292,
      "total": 2.3614304065704346
    }
  },
  "12800": {
    "training_loss": 7881.07177734375,
    "validation_loss": [
      2806.123779296875
    ],
    "validation_chi2s": {
      "DEUTERON": 2.0483557857684236,
      "NMC": 2.6159916298062194,
      "NUCLEAR": 1.6739609375,
      "HERACOMB": 2.6001714569291257,
      "DYE886": 2.9922679554332388,
      "CDF": 2.835997990199498,
      "D0": 1.1447640419006349,
      "ATLAS": 2.4926071166992188,
      "CMS": 3.534648616139482,
      "LHCb": 2.3829970359802246,
      "total": 2.382108211517334
    }
  },
  "12900": {
    "training_loss": 7869.119140625,
    "validation_loss": [
      2785.210205078125
    ],
    "validation_chi2s": {
      "DEUTERON": 2.09086328003537,
      "NMC": 2.583423988491881,
      "NUCLEAR": 1.6643231201171875,
      "HERACOMB": 2.557414534824346,
      "DYE886": 2.656901619651101,
      "CDF": 2.8505235399518694,
      "D0": 1.1578133583068848,
      "ATLAS": 2.470261487093839,
      "CMS": 3.5441753108326983,
      "LHCb": 2.3075268268585205,
      "total": 2.3643393516540527
    }
  },
  "13000": {
    "training_loss": 7887.2578125,
    "validation_loss": [
      2790.8330078125
    ],
    "validation_chi2s": {
      "DEUTERON": 2.038608835704291,
      "NMC": 2.60950574687883,
      "NUCLEAR": 1.666943603515625,
      "HERACOMB": 2.5777386434717116,
      "DYE886": 3.01542143388228,
      "CDF": 2.788982663835798,
      "D0": 1.1042455673217773,
      "ATLAS": 2.5296734896573154,
      "CMS": 3.4740598104833587,
      "LHCb": 2.2821044921875,
      "total": 2.3691279888153076
    }
  },
  "13100": {
    "training_loss": 7886.0869140625,
    "validation_loss": [
      2797.047607421875
    ],
    "validation_chi2s": {
      "DEUTERON": 2.034364463084966,
      "NMC": 2.6127621519799327,
      "NUCLEAR": 1.666181884765625,
      "HERACOMB": 2.5871197070950775,
      "DYE886": 3.094607613303445,
      "CDF": 2.7982575552804128,
      "D0": 1.1039456367492675,
      "ATLAS": 2.527739091352983,
      "CMS": 3.471806720020325,
      "LHCb": 2.3766322135925293,
      "total": 2.3743951320648193
    }
  },
  "13200": {
    "training_loss": 7874.79052734375,
    "validation_loss": [
      2777.76318359375
    ],
    "validation_chi2s": {
      "DEUTERON": 2.0626929743372977,
      "NMC": 2.5949165493834254,
      "NUCLEAR": 1.6658377685546875,
      "HERACOMB": 2.549692390790952,
      "DYE886": 2.784388455477628,
      "CDF": 2.868701934814453,
      "D0": 1.1733606338500977,
      "ATLAS": 2.4350242614746094,
      "CMS": 3.5478289844543953,
      "LHCb": 2.377276659011841,
      "total": 2.357978582382202
    }
  },
  "13300": {
    "training_loss": 7912.6796875,
    "validation_loss": [
      2831.61181640625
    ],
    "validation_chi2s": {
      "DEUTERON": 2.140541797846704,
      "NMC": 2.6934982000612746,
      "NUCLEAR": 1.67324072265625,
      "HERACOMB": 2.5797536014731413,
      "DYE886": 3.323598341508345,
      "CDF": 2.918195996965681,
      "D0": 1.2029067039489747,
      "ATLAS": 2.448396162553267,
      "CMS": 3.5477451231421493,
      "LHCb": 2.6066763401031494,
      "total": 2.403744697570801
    }
  },
  "13400": {
    "training_loss": 7887.63916015625,
    "validation_loss": [
      2779.634765625
    ],
    "validation_chi2s": {
      "DEUTERON": 2.0470216665694965,
      "NMC": 2.6028253891888786,
      "NUCLEAR": 1.6695361328125,
      "HERACOMB": 2.5613628711575775,
      "DYE886": 2.864336533979936,
      "CDF": 2.8329296112060547,
      "D0": 1.1411672592163087,
      "ATLAS": 2.453622817993164,
      "CMS": 3.514356659679878,
      "LHCb": 2.3693151473999023,
      "total": 2.3595378398895264
    }
  },
  "13500": {
    "training_loss": 7869.29931640625,
    "validation_loss": [
      2794.755859375
    ],
    "validation_chi2s": {
      "DEUTERON": 2.021892338842895,
      "NMC": 2.6066571403952206,
      "NUCLEAR": 1.667320068359375,
      "HERACOMB": 2.5882624208537583,
      "DYE886": 2.9284896850585938,
      "CDF": 2.7609855106898715,
      "D0": 1.1277804374694824,
      "ATLAS": 2.547740242697976,
      "CMS": 3.5041754497745172,
      "LHCb": 2.252647638320923,
      "total": 2.372419834136963
    }
  },
  "13600": {
    "training_loss": 7861.8095703125,
    "validation_loss": [
      2803.08740234375
    ],
    "validation_chi2s": {
      "DEUTERON": 2.1072446908523785,
      "NMC": 2.6595566693474266,
      "NUCLEAR": 1.67245947265625,
      "HERACOMB": 2.5512314341426676,
      "DYE886": 3.007749384099787,
      "CDF": 2.913043430873326,
      "D0": 1.1726290702819824,
      "ATLAS": 2.3973366130482066,
      "CMS": 3.59683128294906,
      "LHCb": 2.5771265029907227,
      "total": 2.3795270919799805
    }
  },
  "13700": {
    "training_loss": 7921.41552734375,
    "validation_loss": [
      2788.94189453125
    ],
    "validation_chi2s": {
      "DEUTERON": 2.0555621854108366,
      "NMC": 2.6199837478936887,
      "NUCLEAR": 1.664149169921875,
      "HERACOMB": 2.5508231368719363,
      "DYE886": 3.0547301552512427,
      "CDF": 2.862195151192801,
      "D0": 1.153049373626709,
      "ATLAS": 2.455171064897017,
      "CMS": 3.5321702414411837,
      "LHCb": 2.5070526599884033,
      "total": 2.367520332336426
    }
  },
  "13800": {
    "training_loss": 7862.81396484375,
    "validation_loss": [
      2780.99365234375
    ],
    "validation_chi2s": {
      "DEUTERON": 2.075984821983831,
      "NMC": 2.590817918964461,
      "NUCLEAR": 1.6705263671875,
      "HERACOMB": 2.547055512471916,
      "DYE886": 2.760117617520419,
      "CDF": 2.8537265232631137,
      "D0": 1.195981788635254,
      "ATLAS": 2.4254980954256924,
      "CMS": 3.5692823456554876,
      "LHCb": 2.3723177909851074,
      "total": 2.360710620880127
    }
  },
  "13900": {
    "training_loss": 7967.1767578125,
    "validation_loss": [
      2811.20458984375
    ],
    "validation_chi2s": {
      "DEUTERON": 2.1266733046194806,
      "NMC": 2.702109542547488,
      "NUCLEAR": 1.67622509765625,
      "HERACOMB": 2.5539838005514706,
      "DYE886": 3.132883592085405,
      "CDF": 2.883956091744559,
      "D0": 1.1375592231750489,
      "ATLAS": 2.4272084669633345,
      "CMS": 3.5428568522135415,
      "LHCb": 2.559793710708618,
      "total": 2.3864214420318604
    }
  },
  "14000": {
    "training_loss": 7870.09375,
    "validation_loss": [
      2783.974609375
    ],
    "validation_chi2s": {
      "DEUTERON": 2.0562905079096705,
      "NMC": 2.607762654622396,
      "NUCLEAR": 1.6638211669921874,
      "HERACOMB": 2.545431897531148,
      "DYE886": 3.0320621837269175,
      "CDF": 2.826463426862444,
      "D0": 1.1680617332458496,
      "ATLAS": 2.465760664506392,
      "CMS": 3.5212156714462655,
      "LHCb": 2.4233062267303467,
      "total": 2.3633010387420654
    }
  },
  "14100": {
    "training_loss": 7860.54345703125,
    "validation_loss": [
      2778.6728515625
    ],
    "validation_chi2s": {
      "DEUTERON": 2.0691473661963617,
      "NMC": 2.5927886962890625,
      "NUCLEAR": 1.6634154052734376,
      "HERACOMB": 2.5462417103885824,
      "DYE886": 2.6792368455366655,
      "CDF": 2.8190806252615794,
      "D0": 1.2026104927062988,
      "ATLAS": 2.450731971047141,
      "CMS": 3.562426311213796,
      "LHCb": 2.3540070056915283,
      "total": 2.3588056564331055
    }
  },
  "14200": {
    "training_loss": 7981.80712890625,
    "validation_loss": [
      2802.46142578125
    ],
    "validation_chi2s": {
      "DEUTERON": 2.140871873542444,
      "NMC": 2.665591969209559,
      "NUCLEAR": 1.669324951171875,
      "HERACOMB": 2.5446304620481004,
      "DYE886": 2.8505916595458984,
      "CDF": 2.8647123064313615,
      "D0": 1.1453857421875,
      "ATLAS": 2.417374004017223,
      "CMS": 3.5823009459953,
      "LHCb": 2.4968559741973877,
      "total": 2.378988742828369
    }
  },
  "14300": {
    "training_loss": 7860.001953125,
    "validation_loss": [
      2783.585693359375
    ],
    "validation_chi2s": {
      "DEUTERON": 2.057502101309857,
      "NMC": 2.604279462028952,
      "NUCLEAR": 1.6671290283203124,
      "HERACOMB": 2.569229425168505,
      "DYE886": 2.7672242251309482,
      "CDF": 2.7873428889683316,
      "D0": 1.1299007415771485,
      "ATLAS": 2.502689014781605,
      "CMS": 3.5012782647357725,
      "LHCb": 2.231698751449585,
      "total": 2.3629682064056396
    }
  },
  "14400": {
    "training_loss": 7902.50146484375,
    "validation_loss": [
      2788.4033203125
    ],
    "validation_chi2s": {
      "DEUTERON": 2.0460657527790733,
      "NMC": 2.6345989750880823,
      "NUCLEAR": 1.6695579833984375,
      "HERACOMB": 2.566219554227941,
      "DYE886": 2.8508082303133877,
      "CDF": 2.7403651646205356,
      "D0": 1.0538209915161132,
      "ATLAS": 2.5689789165150034,
      "CMS": 3.448528506891514,
      "LHCb": 2.2305965423583984,
      "total": 2.367065668106079
    }
  },
  "14500": {
    "training_loss": 7869.185546875,
    "validation_loss": [
      2779.6767578125
    ],
    "validation_chi2s": {
      "DEUTERON": 2.0618296760824784,
      "NMC": 2.606595506855086,
      "NUCLEAR": 1.666978759765625,
      "HERACOMB": 2.5417007745481004,
      "DYE886": 2.881771607832475,
      "CDF": 2.7866052900041853,
      "D0": 1.1388858795166015,
      "ATLAS": 2.458227504383434,
      "CMS": 3.5378355941152186,
      "LHCb": 2.365989923477173,
      "total": 2.3596577644348145
    }
  },
  "14600": {
    "training_loss": 7989.4755859375,
    "validation_loss": [
      2806.450439453125
    ],
    "validation_chi2s": {
      "DEUTERON": 2.095266313695196,
      "NMC": 2.688047820446538,
      "NUCLEAR": 1.668249755859375,
      "HERACOMB": 2.5509896870532067,
      "DYE886": 3.163114374334162,
      "CDF": 2.801168441772461,
      "D0": 1.0744369506835938,
      "ATLAS": 2.4957731420343574,
      "CMS": 3.5050294457412345,
      "LHCb": 2.507199764251709,
      "total": 2.382385730743408
    }
  },
  "14700": {
    "training_loss": 7895.20361328125,
    "validation_loss": [
      2791.845703125
    ],
    "validation_chi2s": {
      "DEUTERON": 2.060352837861474,
      "NMC": 2.6323415718826593,
      "NUCLEAR": 1.6667386474609376,
      "HERACOMB": 2.565590852226307,
      "DYE886": 3.197141473943537,
      "CDF": 2.808101109095982,
      "D0": 1.1125621795654297,
      "ATLAS": 2.437784021550959,
      "CMS": 3.5079504493775406,
      "LHCb": 2.5018088817596436,
      "total": 2.3699839115142822
    }
  },
  "14800": {
    "training_loss": 7897.4638671875,
    "validation_loss": [
      2781.89794921875
    ],
    "validation_chi2s": {
      "DEUTERON": 2.1009459234588777,
      "NMC": 2.6089803658279718,
      "NUCLEAR": 1.6631661376953124,
      "HERACOMB": 2.5359690547768587,
      "DYE886": 2.7218787453391333,
      "CDF": 2.7652195521763394,
      "D0": 1.1536078453063965,
      "ATLAS": 2.4577898545698686,
      "CMS": 3.5405375162760415,
      "LHCb": 2.3722708225250244,
      "total": 2.3615365028381348
    }
  },
  "14900": {
    "training_loss": 7940.70654296875,
    "validation_loss": [
      2781.849853515625
    ],
    "validation_chi2s": {
      "DEUTERON": 2.0812510020697297,
      "NMC": 2.6172883276845895,
      "NUCLEAR": 1.676761962890625,
      "HERACOMB": 2.5501726935891544,
      "DYE886": 2.8560256958007812,
      "CDF": 2.796006338936942,
      "D0": 1.1374839782714843,
      "ATLAS": 2.4252471923828125,
      "CMS": 3.543956725577998,
      "LHCb": 2.311328411102295,
      "total": 2.361501455307007
    }
  },
  "15000": {
    "training_loss": 7870.3193359375,
    "validation_loss": [
      2778.34814453125
    ],
    "validation_chi2s": {
      "DEUTERON": 2.0482657513215172,
      "NMC": 2.6010344262216605,
      "NUCLEAR": 1.66994921875,
      "HERACOMB": 2.552935431985294,
      "DYE886": 2.877714503895153,
      "CDF": 2.7690347943987166,
      "D0": 1.1198615074157714,
      "ATLAS": 2.4668360623446377,
      "CMS": 3.5202718595179117,
      "LHCb": 2.3172695636749268,
      "total": 2.358438491821289
    }
  },
  "15100": {
    "training_loss": 7856.06884765625,
    "validation_loss": [
      2783.203369140625
    ],
    "validation_chi2s": {
      "DEUTERON": 2.0692645779889616,
      "NMC": 2.5972538368374694,
      "NUCLEAR": 1.66850244140625,
      "HERACOMB": 2.5512583614174837,
      "DYE886": 2.7555864507501777,
      "CDF": 2.7373431069510326,
      "D0": 1.1920610427856446,
      "ATLAS": 2.4805911671031606,
      "CMS": 3.5406727364392783,
      "LHCb": 2.287386417388916,
      "total": 2.3626322746276855
    }
  },
  "15200": {
    "training_loss": 7858.13037109375,
    "validation_loss": [
      2776.9697265625
    ],
    "validation_chi2s": {
      "DEUTERON": 2.0625731814560013,
      "NMC": 2.6086727965111827,
      "NUCLEAR": 1.663391357421875,
      "HERACOMB": 2.560963150722529,
      "DYE886": 2.747484727339311,
      "CDF": 2.7196527208600725,
      "D0": 1.0967931747436523,
      "ATLAS": 2.495127244429155,
      "CMS": 3.4914563186769563,
      "LHCb": 2.211501359939575,
      "total": 2.357327461242676
    }
  },
  "15300": {
    "training_loss": 7949.6689453125,
    "validation_loss": [
      2791.3818359375
    ],
    "validation_chi2s": {
      "DEUTERON": 2.094164340650264,
      "NMC": 2.674460317574295,
      "NUCLEAR": 1.6749539794921875,
      "HERACOMB": 2.552919674542994,
      "DYE886": 3.0722070173783735,
      "CDF": 2.7729794638497487,
      "D0": 1.1032575607299804,
      "ATLAS": 2.4198037927800957,
      "CMS": 3.5247790328855437,
      "LHCb": 2.395630359649658,
      "total": 2.369594097137451
    }
  },
  "15400": {
    "training_loss": 8009.95556640625,
    "validation_loss": [
      2812.513916015625
    ],
    "validation_chi2s": {
      "DEUTERON": 2.1824140406366603,
      "NMC": 2.710635316138174,
      "NUCLEAR": 1.673599609375,
      "HERACOMB": 2.5470746607562296,
      "DYE886": 2.95126030661843,
      "CDF": 2.8721185411725725,
      "D0": 1.136701774597168,
      "ATLAS": 2.3963085521351206,
      "CMS": 3.562960492886179,
      "LHCb": 2.5432913303375244,
      "total": 2.387514114379883
    }
  },
  "15500": {
    "training_loss": 7852.00341796875,
    "validation_loss": [
      2777.279296875
    ],
    "validation_chi2s": {
      "DEUTERON": 2.021092201346782,
      "NMC": 2.601662430108762,
      "NUCLEAR": 1.666524169921875,
      "HERACOMB": 2.5603256724239176,
      "DYE886": 2.9015391956676138,
      "CDF": 2.7021070207868303,
      "D0": 1.1396859169006348,
      "ATLAS": 2.5253738056529653,
      "CMS": 3.500328001937246,
      "LHCb": 2.1597609519958496,
      "total": 2.3576221466064453
    }
  },
  "15600": {
    "training_loss": 7872.97314453125,
    "validation_loss": [
      2793.49072265625
    ],
    "validation_chi2s": {
      "DEUTERON": 2.060061478496191,
      "NMC": 2.6390374875536153,
      "NUCLEAR": 1.6731112060546875,
      "HERACOMB": 2.574380114187602,
      "DYE886": 3.2160235318270596,
      "CDF": 2.7614097595214844,
      "D0": 1.1026700973510741,
      "ATLAS": 2.4615547873757104,
      "CMS": 3.4955650267562244,
      "LHCb": 2.3278753757476807,
      "total": 2.371384382247925
    }
  },
  "15700": {
    "training_loss": 7866.46875,
    "validation_loss": [
      2795.04345703125
    ],
    "validation_chi2s": {
      "DEUTERON": 2.0335644774175994,
      "NMC": 2.617617738013174,
      "NUCLEAR": 1.6736480712890625,
      "HERACOMB": 2.598427566827512,
      "DYE886": 3.0575377724387427,
      "CDF": 2.7644519805908203,
      "D0": 1.1163474082946778,
      "ATLAS": 2.4763029271906074,
      "CMS": 3.5123893923875764,
      "LHCb": 2.298703670501709,
      "total": 2.372638702392578
    }
  },
  "15800": {
    "training_loss": 7861.71484375,
    "validation_loss": [
      2807.19775390625
    ],
    "validation_chi2s": {
      "DEUTERON": 2.0348805289956466,
      "NMC": 2.618670295266544,
      "NUCLEAR": 1.669339599609375,
      "HERACOMB": 2.6110494775709765,
      "DYE886": 2.9931886846368965,
      "CDF": 2.7257608686174666,
      "D0": 1.1026413917541504,
      "ATLAS": 2.5995204231955786,
      "CMS": 3.458345242632114,
      "LHCb": 2.170926809310913,
      "total": 2.3830201625823975
    }
  },
  "15900": {
    "training_loss": 8032.81787109375,
    "validation_loss": [
      2784.43603515625
    ],
    "validation_chi2s": {
      "DEUTERON": 2.1068607159514925,
      "NMC": 2.6228679582184435,
      "NUCLEAR": 1.668628662109375,
      "HERACOMB": 2.543390211716197,
      "DYE886": 2.954184792258523,
      "CDF": 2.751084191458566,
      "D0": 1.098417377471924,
      "ATLAS": 2.453877188942649,
      "CMS": 3.5152729313548017,
      "LHCb": 2.258173704147339,
      "total": 2.3636977672576904
    }
  },
  "16000": {
    "training_loss": 7868.0986328125,
    "validation_loss": [
      2772.7236328125
    ],
    "validation_chi2s": {
      "DEUTERON": 2.042974367663635,
      "NMC": 2.60881072399663,
      "NUCLEAR": 1.667405517578125,
      "HERACOMB": 2.5510188084022674,
      "DYE886": 2.9570621143687856,
      "CDF": 2.751168659755162,
      "D0": 1.1073522567749023,
      "ATLAS": 2.465400522405451,
      "CMS": 3.5005242572567328,
      "LHCb": 2.240975856781006,
      "total": 2.353755235671997
    }
  },
  "16100": {
    "training_loss": 7858.0703125,
    "validation_loss": [
      2780.353515625
    ],
    "validation_chi2s": {
      "DEUTERON": 2.0964294737251246,
      "NMC": 2.6275326597924327,
      "NUCLEAR": 1.6710108642578125,
      "HERACOMB": 2.5467481426164214,
      "DYE886": 2.8572980707341973,
      "CDF": 2.7443338121686662,
      "D0": 1.1246034622192382,
      "ATLAS": 2.461030613292347,
      "CMS": 3.4985145630875256,
      "LHCb": 2.2229251861572266,
      "total": 2.36023211479187
    }
  },
  "16200": {
    "training_loss": 7901.5693359375,
    "validation_loss": [
      2835.177490234375
    ],
    "validation_chi2s": {
      "DEUTERON": 2.1532554816250777,
      "NMC": 2.7385687734566484,
      "NUCLEAR": 1.6910074462890625,
      "HERACOMB": 2.5954934911790235,
      "DYE886": 3.47410063310103,
      "CDF": 2.795018059866769,
      "D0": 1.3082505226135255,
      "ATLAS": 2.435395847667347,
      "CMS": 3.4937540690104165,
      "LHCb": 2.446688175201416,
      "total": 2.4067721366882324
    }
  },
  "16300": {
    "training_loss": 7858.794921875,
    "validation_loss": [
      2797.8837890625
    ],
    "validation_chi2s": {
      "DEUTERON": 2.08891941658893,
      "NMC": 2.6821271110983456,
      "NUCLEAR": 1.6800284423828125,
      "HERACOMB": 2.5681142370685253,
      "DYE886": 3.2608600963245737,
      "CDF": 2.808725357055664,
      "D0": 1.1266794204711914,
      "ATLAS": 2.414797002618963,
      "CMS": 3.511014612709604,
      "LHCb": 2.3702032566070557,
      "total": 2.3751132488250732
    }
  },
  "16400": {
    "training_loss": 7846.24853515625,
    "validation_loss": [
      2778.15478515625
    ],
    "validation_chi2s": {
      "DEUTERON": 2.031766217739428,
      "NMC": 2.6080014097924327,
      "NUCLEAR": 1.669567626953125,
      "HERACOMB": 2.5696676416334765,
      "DYE886": 3.086424394087358,
      "CDF": 2.735312053135463,
      "D0": 1.1011308670043944,
      "ATLAS": 2.4680186184969815,
      "CMS": 3.485781537808054,
      "LHCb": 2.241966485977173,
      "total": 2.3582584857940674
    }
  },
  "16500": {
    "training_loss": 7876.369140625,
    "validation_loss": [
      2790.96337890625
    ],
    "validation_chi2s": {
      "DEUTERON": 2.064843021222015,
      "NMC": 2.6284556669347428,
      "NUCLEAR": 1.66911474609375,
      "HERACOMB": 2.5709455901501226,
      "DYE886": 3.2554026517001065,
      "CDF": 2.7899208068847656,
      "D0": 1.116917324066162,
      "ATLAS": 2.440148266878995,
      "CMS": 3.4908660640561484,
      "LHCb": 2.397831916809082,
      "total": 2.369239091873169
    }
  },
  "16600": {
    "training_loss": 7859.41943359375,
    "validation_loss": [
      2785.2978515625
    ],
    "validation_chi2s": {
      "DEUTERON": 2.070436240428716,
      "NMC": 2.6415952794692097,
      "NUCLEAR": 1.676914794921875,
      "HERACOMB": 2.574428982204861,
      "DYE886": 3.0509484030983667,
      "CDF": 2.7479520525251115,
      "D0": 1.0896096229553223,
      "ATLAS": 2.4714603424072266,
      "CMS": 3.458299590320122,
      "LHCb": 2.181697368621826,
      "total": 2.364429473876953
    }
  },
  "16700": {
    "training_loss": 7858.32275390625,
    "validation_loss": [
      2785.61962890625
    ],
    "validation_chi2s": {
      "DEUTERON": 2.03862644783893,
      "NMC": 2.6293643128638173,
      "NUCLEAR": 1.674966064453125,
      "HERACOMB": 2.57835378210529,
      "DYE886": 3.284992911598899,
      "CDF": 2.805313382829939,
      "D0": 1.1295395851135255,
      "ATLAS": 2.3978077281605112,
      "CMS": 3.5087543270452235,
      "LHCb": 2.413198947906494,
      "total": 2.3646817207336426
    }
  },
  "16800": {
    "training_loss": 8736.650390625,
    "validation_loss": [
      2800.4375
    ],
    "validation_chi2s": {
      "DEUTERON": 2.146959295320274,
      "NMC": 2.6766354429955577,
      "NUCLEAR": 1.678466064453125,
      "HERACOMB": 2.5611715877757355,
      "DYE886": 2.854650844227184,
      "CDF": 2.828972407749721,
      "D0": 1.1356866836547852,
      "ATLAS": 2.407215638594194,
      "CMS": 3.529758608438135,
      "LHCb": 2.4144716262817383,
      "total": 2.377281904220581
    }
  },
  "16900": {
    "training_loss": 7868.068359375,
    "validation_loss": [
      2777.47607421875
    ],
    "validation_chi2s": {
      "DEUTERON": 2.077747705563977,
      "NMC": 2.6094067143458948,
      "NUCLEAR": 1.666674560546875,
      "HERACOMB": 2.5584517335580066,
      "DYE886": 2.7259289134632456,
      "CDF": 2.727108819144113,
      "D0": 1.132314395904541,
      "ATLAS": 2.475305210460316,
      "CMS": 3.4993764985867633,
      "LHCb": 2.204542398452759,
      "total": 2.3576128482818604
    }
  }
}