{
  "100": {
    "training_loss": 350.552734375,
    "validation_loss": [
      126.90327453613281
    ],
    "validation_chi2s": {
      "DEUTERON": 2.7140661239624024,
      "ATLAS": 1.6673304817893289,
      "total": 2.488299608230591
    }
  },
  "200": {
    "training_loss": 329.6656494140625,
    "validation_loss": [
      104.35249328613281
    ],
    "validation_chi2s": {
      "DEUTERON": 2.160490798950195,
      "ATLAS": 1.6302604675292969,
      "total": 2.0461273193359375
    }
  },
  "300": {
    "training_loss": 300.18402099609375,
    "validation_loss": [
      100.35086059570312
    ],
    "validation_chi2s": {
      "DEUTERON": 2.0390682220458984,
      "ATLAS": 1.708011973987926,
      "total": 1.9676638841629028
    }
  },
  "400": {
    "training_loss": 262.43701171875,
    "validation_loss": [
      101.42524719238281
    ],
    "validation_chi2s": {
      "DEUTERON": 1.9942867279052734,
      "ATLAS": 1.9685256264426492,
      "total": 1.9887303113937378
    }
  },
  "500": {
    "training_loss": 246.964599609375,
    "validation_loss": [
      102.43501281738281
    ],
    "validation_chi2s": {
      "DEUTERON": 1.994474220275879,
      "ATLAS": 2.059640711004084,
      "total": 2.0085296630859375
    }
  },
  "600": {
    "training_loss": 245.91390991210938,
    "validation_loss": [
      99.85594177246094
    ],
    "validation_chi2s": {
      "DEUTERON": 1.9119884490966796,
      "ATLAS": 2.1251277923583984,
      "total": 1.9579596519470215
    }
  }
}