{
  "100": {
    "training_loss": 19368.0,
    "validation_loss": [
      9078.77734375
    ],
    "validation_chi2s": {
      "DEUTERON": 8.14670118645056,
      "NMC": 3.325102263805913,
      "NUCLEAR": 3.685687744140625,
      "HERACOMB": 5.504077786713644,
      "DYE886": 2.4888194691051138,
      "CDF": 4.019378662109375,
      "D0": 8.000957489013672,
      "ATLAS": 13.790907585757902,
      "CMS": 11.526262837071572,
      "LHCb": 20.574254989624023,
      "total": 7.699988842010498
    }
  },
  "200": {
    "training_loss": 56208.234375,
    "validation_loss": [
      17708.42578125
    ],
    "validation_chi2s": {
      "DEUTERON": 4.282442159320585,
      "NMC": 6.491820690678615,
      "NUCLEAR": 5.872779296875,
      "HERACOMB": 10.373466541564543,
      "DYE886": 128.14875932173297,
      "CDF": 3.0931944165910994,
      "D0": 41.34695129394531,
      "ATLAS": 18.704261516702587,
      "CMS": 13.566270397555444,
      "LHCb": 105.62737274169922,
      "total": 14.788069725036621
    }
  },
  "300": {
    "training_loss": 8637.546875,
    "validation_loss": [
      3494.472900390625
    ],
    "validation_chi2s": {
      "DEUTERON": 2.7298186193058145,
      "NMC": 2.8076964733647367,
      "NUCLEAR": 2.114983642578125,
      "HERACOMB": 3.002599977979473,
      "DYE886": 1.778447758067738,
      "CDF": 1.5173510142735072,
      "D0": 1.7075260162353516,
      "ATLAS": 3.5792071463047774,
      "CMS": 3.8659874700730845,
      "LHCb": 5.083961009979248,
      "total": 2.949108600616455
    }
  },
  "400": {
    "training_loss": 8221.5615234375,
    "validation_loss": [
      3117.388671875
    ],
    "validation_chi2s": {
      "DEUTERON": 2.257676613271533,
      "NMC": 2.599160587086397,
      "NUCLEAR": 2.0025758056640623,
      "HERACOMB": 2.819185543683619,
      "DYE886": 1.9859679828990588,
      "CDF": 1.6563655308314733,
      "D0": 1.543582057952881,
      "ATLAS": 3.292291049299569,
      "CMS": 3.4367552726499495,
      "LHCb": 2.837347984313965,
      "total": 2.642479181289673
    }
  },
  "500": {
    "training_loss": 8141.18017578125,
    "validation_loss": [
      3075.900390625
    ],
    "validation_chi2s": {
      "DEUTERON": 2.177204796330846,
      "NMC": 2.575153724820006,
      "NUCLEAR": 1.992761474609375,
      "HERACOMB": 2.808041242213031,
      "DYE886": 2.1817961606112393,
      "CDF": 1.667084012712751,
      "D0": 1.6601377487182618,
      "ATLAS": 3.1969558891208694,
      "CMS": 3.4007629886750252,
      "LHCb": 2.8235979080200195,
      "total": 2.6091694831848145
    }
  },
  "600": {
    "training_loss": 8126.53173828125,
    "validation_loss": [
      3057.298583984375
    ],
    "validation_chi2s": {
      "DEUTERON": 2.1465460174712376,
      "NMC": 2.545998367608762,
      "NUCLEAR": 1.99216650390625,
      "HERACOMB": 2.79472341101154,
      "DYE886": 2.182578693736683,
      "CDF": 1.6627862112862724,
      "D0": 1.676163101196289,
      "ATLAS": 3.2034926140445403,
      "CMS": 3.3393040318642893,
      "LHCb": 2.8123152256011963,
      "total": 2.5933916568756104
    }
  },
  "700": {
    "training_loss": 8113.8828125,
    "validation_loss": [
      3044.17333984375
    ],
    "validation_chi2s": {
      "DEUTERON": 2.1273477279131687,
      "NMC": 2.554627960803462,
      "NUCLEAR": 1.9926923828125,
      "HERACOMB": 2.788859847324346,
      "DYE886": 2.1639510068026455,
      "CDF": 1.6730139596121651,
      "D0": 1.7281244277954102,
      "ATLAS": 3.1541172772988504,
      "CMS": 3.3382615120180192,
      "LHCb": 2.832217216491699,
      "total": 2.58236026763916
    }
  },
  "800": {
    "training_loss": 8100.0146484375,
    "validation_loss": [
      3040.88525390625
    ],
    "validation_chi2s": {
      "DEUTERON": 2.118153130830224,
      "NMC": 2.5334930419921875,
      "NUCLEAR": 1.9939810791015624,
      "HERACOMB": 2.7886701596328636,
      "DYE886": 2.265901218761097,
      "CDF": 1.6471043995448522,
      "D0": 1.8081178665161133,
      "ATLAS": 3.15124546796426,
      "CMS": 3.312285884734123,
      "LHCb": 2.8355813026428223,
      "total": 2.5794601440429688
    }
  },
  "900": {
    "training_loss": 369026.462890625,
    "validation_loss": [
      12545.61328125
    ],
    "validation_chi2s": {
      "DEUTERON": 5.732366609336132,
      "NMC": 3.65813461004519,
      "NUCLEAR": 6.3082333984375,
      "HERACOMB": 3.046731986251532,
      "DYE886": 125.93639026988636,
      "CDF": 3.1870119912283763,
      "D0": 7.87073974609375,
      "ATLAS": 4.99639997811153,
      "CMS": 4.4571951589276715,
      "LHCb": 132.6365203857422,
      "total": 10.523517608642578
    }
  },
  "1000": {
    "training_loss": 8116.30859375,
    "validation_loss": [
      3053.65380859375
    ],
    "validation_chi2s": {
      "DEUTERON": 2.1165780594099814,
      "NMC": 2.497241300695083,
      "NUCLEAR": 2.013251953125,
      "HERACOMB": 2.7920574113434435,
      "DYE886": 1.746826865456321,
      "CDF": 1.623861449105399,
      "D0": 1.3888110160827636,
      "ATLAS": 3.3662695172189294,
      "CMS": 3.1845513620684223,
      "LHCb": 2.945767402648926,
      "total": 2.59051775932312
    }
  },
  "1100": {
    "training_loss": 8098.876953125,
    "validation_loss": [
      3033.2353515625
    ],
    "validation_chi2s": {
      "DEUTERON": 2.1176499703630287,
      "NMC": 2.5557170194738053,
      "NUCLEAR": 1.9998748779296875,
      "HERACOMB": 2.7725790185866015,
      "DYE886": 2.072100205854936,
      "CDF": 1.6215735844203405,
      "D0": 1.7742820739746095,
      "ATLAS": 3.1518407361260774,
      "CMS": 3.3016775808026715,
      "LHCb": 2.8850765228271484,
      "total": 2.573659896850586
    }
  },
  "1200": {
    "training_loss": 18066.15625,
    "validation_loss": [
      7279.38232421875
    ],
    "validation_chi2s": {
      "DEUTERON": 4.169603338289024,
      "NMC": 2.728581148035386,
      "NUCLEAR": 2.676117431640625,
      "HERACOMB": 3.995065327563317,
      "DYE886": 15.452808726917613,
      "CDF": 3.110074996948242,
      "D0": 1.7524900436401367,
      "ATLAS": 13.253137347341953,
      "CMS": 9.31729224420363,
      "LHCb": 16.35990333557129,
      "total": 6.14522647857666
    }
  },
  "1300": {
    "training_loss": 8551.8984375,
    "validation_loss": [
      3338.7880859375
    ],
    "validation_chi2s": {
      "DEUTERON": 2.6671063627176617,
      "NMC": 2.485255372290518,
      "NUCLEAR": 2.10082421875,
      "HERACOMB": 2.743692236008987,
      "DYE886": 4.731627724387429,
      "CDF": 1.3989697865077428,
      "D0": 2.3905689239501955,
      "ATLAS": 3.377575753749102,
      "CMS": 3.2738489950856855,
      "LHCb": 4.694020748138428,
      "total": 2.811614990234375
    }
  },
  "1400": {
    "training_loss": 8472.6123046875,
    "validation_loss": [
      3266.5986328125
    ],
    "validation_chi2s": {
      "DEUTERON": 2.5148198521552394,
      "NMC": 2.4775737687653185,
      "NUCLEAR": 2.099100341796875,
      "HERACOMB": 2.720443426393995,
      "DYE886": 4.459378329190341,
      "CDF": 1.452869279044015,
      "D0": 2.4261417388916016,
      "ATLAS": 3.3976173839349855,
      "CMS": 3.2555113761655745,
      "LHCb": 3.865584373474121,
      "total": 2.752906560897827
    }
  },
  "1500": {
    "training_loss": 8442.3154296875,
    "validation_loss": [
      3239.3515625
    ],
    "validation_chi2s": {
      "DEUTERON": 2.480314491993159,
      "NMC": 2.4725946164598653,
      "NUCLEAR": 2.106181884765625,
      "HERACOMB": 2.7169608321844363,
      "DYE886": 4.093168085271662,
      "CDF": 1.4971185411725725,
      "D0": 2.3990480422973635,
      "ATLAS": 3.3876202462733476,
      "CMS": 3.264032671528478,
      "LHCb": 3.530364990234375,
      "total": 2.7308907508850098
    }
  },
  "1600": {
    "training_loss": 8463.78125,
    "validation_loss": [
      3237.05615234375
    ],
    "validation_chi2s": {
      "DEUTERON": 2.5770312257074006,
      "NMC": 2.468476239372702,
      "NUCLEAR": 2.10755419921875,
      "HERACOMB": 2.7217660542407067,
      "DYE886": 3.775334444912997,
      "CDF": 1.5482778549194336,
      "D0": 2.470300483703613,
      "ATLAS": 3.3459942697108476,
      "CMS": 3.2875892885269655,
      "LHCb": 3.1653940677642822,
      "total": 2.7301440238952637
    }
  },
  "1700": {
    "training_loss": 8412.2666015625,
    "validation_loss": [
      3217.52197265625
    ],
    "validation_chi2s": {
      "DEUTERON": 2.4438745299381996,
      "NMC": 2.4450270708869484,
      "NUCLEAR": 2.11806005859375,
      "HERACOMB": 2.7213453903696894,
      "DYE886": 3.516889745538885,
      "CDF": 1.6241816111973353,
      "D0": 2.2351884841918945,
      "ATLAS": 3.4052337997261133,
      "CMS": 3.2658290247763357,
      "LHCb": 3.323936939239502,
      "total": 2.71290922164917
    }
  },
  "1800": {
    "training_loss": 8401.1591796875,
    "validation_loss": [
      3211.99072265625
    ],
    "validation_chi2s": {
      "DEUTERON": 2.469015092992071,
      "NMC": 2.4509042478075216,
      "NUCLEAR": 2.123752197265625,
      "HERACOMB": 2.715948566112643,
      "DYE886": 3.336944580078125,
      "CDF": 1.6415014266967773,
      "D0": 2.2486234664916993,
      "ATLAS": 3.3888325307561065,
      "CMS": 3.2672252039755545,
      "LHCb": 3.1998469829559326,
      "total": 2.708465576171875
    }
  },
  "1900": {
    "training_loss": 8393.5048828125,
    "validation_loss": [
      3209.34765625
    ],
    "validation_chi2s": {
      "DEUTERON": 2.449458639420087,
      "NMC": 2.4372175628063726,
      "NUCLEAR": 2.12803955078125,
      "HERACOMB": 2.7204478145424837,
      "DYE886": 2.982381647283381,
      "CDF": 1.7008840015956335,
      "D0": 2.154837417602539,
      "ATLAS": 3.4120634232444327,
      "CMS": 3.2796539798859627,
      "LHCb": 3.2833504676818848,
      "total": 2.7065558433532715
    }
  },
  "2000": {
    "training_loss": 8379.0615234375,
    "validation_loss": [
      3211.76513671875
    ],
    "validation_chi2s": {
      "DEUTERON": 2.4360562604458176,
      "NMC": 2.434274860456878,
      "NUCLEAR": 2.132288330078125,
      "HERACOMB": 2.723700030956393,
      "DYE886": 2.8326442024924536,
      "CDF": 1.712017604282924,
      "D0": 2.1106922149658205,
      "ATLAS": 3.4361070654858117,
      "CMS": 3.2835252823368197,
      "LHCb": 3.3602330684661865,
      "total": 2.7088325023651123
    }
  },
  "2100": {
    "training_loss": 8373.6513671875,
    "validation_loss": [
      3209.57373046875
    ],
    "validation_chi2s": {
      "DEUTERON": 2.4184081423935013,
      "NMC": 2.4286449656767,
      "NUCLEAR": 2.13191064453125,
      "HERACOMB": 2.726867875242545,
      "DYE886": 2.6129601218483667,
      "CDF": 1.7472714015415736,
      "D0": 2.1113611221313477,
      "ATLAS": 3.448126431169181,
      "CMS": 3.2970357095041583,
      "LHCb": 3.421677350997925,
      "total": 2.7072980403900146
    }
  },
  "2200": {
    "training_loss": 8371.28515625,
    "validation_loss": [
      3222.19091796875
    ],
    "validation_chi2s": {
      "DEUTERON": 2.4811237392140857,
      "NMC": 2.4253653732000613,
      "NUCLEAR": 2.13170947265625,
      "HERACOMB": 2.7297101986953636,
      "DYE886": 2.3755427273837,
      "CDF": 1.7930231094360352,
      "D0": 2.084320640563965,
      "ATLAS": 3.4436852466100936,
      "CMS": 3.3121650449691282,
      "LHCb": 3.551953077316284,
      "total": 2.71864652633667
    }
  },
  "2300": {
    "training_loss": 8376.359375,
    "validation_loss": [
      3213.373291015625
    ],
    "validation_chi2s": {
      "DEUTERON": 2.6069411851873445,
      "NMC": 2.4486483405618107,
      "NUCLEAR": 2.138460693359375,
      "HERACOMB": 2.717324849047692,
      "DYE886": 2.6457914872602983,
      "CDF": 1.8033396857125419,
      "D0": 2.0495615005493164,
      "ATLAS": 3.3812880242007903,
      "CMS": 3.255975046465474,
      "LHCb": 2.9021666049957275,
      "total": 2.711362838745117
    }
  },
  "2400": {
    "training_loss": 8368.9912109375,
    "validation_loss": [
      3281.076416015625
    ],
    "validation_chi2s": {
      "DEUTERON": 2.7972205622279227,
      "NMC": 2.424412895651425,
      "NUCLEAR": 2.13339990234375,
      "HERACOMB": 2.731198179955576,
      "DYE886": 2.2270790446888316,
      "CDF": 1.8155648367745536,
      "D0": 2.125413513183594,
      "ATLAS": 3.458868267892421,
      "CMS": 3.305699502268145,
      "LHCb": 3.4423563480377197,
      "total": 2.7696237564086914
    }
  },
  "2500": {
    "training_loss": 8375.275390625,
    "validation_loss": [
      3199.64013671875
    ],
    "validation_chi2s": {
      "DEUTERON": 2.564526610113495,
      "NMC": 2.4502665201822915,
      "NUCLEAR": 2.140224853515625,
      "HERACOMB": 2.717305700763378,
      "DYE886": 2.431211818348278,
      "CDF": 1.8356451307024275,
      "D0": 2.0655664443969726,
      "ATLAS": 3.3895614448635056,
      "CMS": 3.2338665377709175,
      "LHCb": 2.9307820796966553,
      "total": 2.7005484104156494
    }
  },
  "2600": {
    "training_loss": 8369.2685546875,
    "validation_loss": [
      3199.671875
    ],
    "validation_chi2s": {
      "DEUTERON": 2.5733909796719527,
      "NMC": 2.4586664835611978,
      "NUCLEAR": 2.141493896484375,
      "HERACOMB": 2.713449515548407,
      "DYE886": 2.4339864904230293,
      "CDF": 1.810664449419294,
      "D0": 2.0733154296875,
      "ATLAS": 3.3816489734868895,
      "CMS": 3.243189657888105,
      "LHCb": 2.908226251602173,
      "total": 2.7008614540100098
    }
  },
  "2700": {
    "training_loss": 8364.40234375,
    "validation_loss": [
      3191.01953125
    ],
    "validation_chi2s": {
      "DEUTERON": 2.4578277436061877,
      "NMC": 2.440475164675245,
      "NUCLEAR": 2.1353125,
      "HERACOMB": 2.718231201171875,
      "DYE886": 2.1068375327370386,
      "CDF": 1.8176562445504325,
      "D0": 2.147063446044922,
      "ATLAS": 3.4505836223733835,
      "CMS": 3.2389179352791078,
      "LHCb": 3.2683541774749756,
      "total": 2.6943533420562744
    }
  },
  "2800": {
    "training_loss": 9609.453125,
    "validation_loss": [
      6568.21923828125
    ],
    "validation_chi2s": {
      "DEUTERON": 19.00927734375,
      "NMC": 2.7464542762905944,
      "NUCLEAR": 2.149576171875,
      "HERACOMB": 2.747421763301675,
      "DYE886": 2.972994024103338,
      "CDF": 1.7585750307355608,
      "D0": 1.6849422454833984,
      "ATLAS": 3.5750539494656968,
      "CMS": 3.253057172221522,
      "LHCb": 2.928370714187622,
      "total": 5.567333221435547
    }
  },
  "2900": {
    "training_loss": 8432.0,
    "validation_loss": [
      3196.9375
    ],
    "validation_chi2s": {
      "DEUTERON": 2.700865180931281,
      "NMC": 2.480972589231005,
      "NUCLEAR": 2.114325927734375,
      "HERACOMB": 2.7181266834533293,
      "DYE886": 1.8812684145840732,
      "CDF": 1.7716726575578963,
      "D0": 2.508346366882324,
      "ATLAS": 3.3240496756016524,
      "CMS": 3.2572270054971018,
      "LHCb": 2.827401638031006,
      "total": 2.702941656112671
    }
  },
  "3000": {
    "training_loss": 8375.259765625,
    "validation_loss": [
      3220.1064453125
    ],
    "validation_chi2s": {
      "DEUTERON": 2.8209677928715795,
      "NMC": 2.4818584965724573,
      "NUCLEAR": 2.116095947265625,
      "HERACOMB": 2.715674107370813,
      "DYE886": 1.8756478049538352,
      "CDF": 1.7843576158796037,
      "D0": 2.385832405090332,
      "ATLAS": 3.3397616682381464,
      "CMS": 3.235744353263609,
      "LHCb": 2.8431217670440674,
      "total": 2.7226455211639404
    }
  },
  "3100": {
    "training_loss": 8381.0126953125,
    "validation_loss": [
      3251.9228515625
    ],
    "validation_chi2s": {
      "DEUTERON": 2.984168512904229,
      "NMC": 2.4826127594592524,
      "NUCLEAR": 2.1161611328125,
      "HERACOMB": 2.7136984432444855,
      "DYE886": 1.874686674638228,
      "CDF": 1.7921058109828405,
      "D0": 2.288779640197754,
      "ATLAS": 3.356518975619612,
      "CMS": 3.2150477747763357,
      "LHCb": 2.8495872020721436,
      "total": 2.7497246265411377
    }
  },
  "3200": {
    "training_loss": 8356.080078125,
    "validation_loss": [
      3171.876953125
    ],
    "validation_chi2s": {
      "DEUTERON": 2.5431940638603856,
      "NMC": 2.4815035053327974,
      "NUCLEAR": 2.10057421875,
      "HERACOMB": 2.737436331954657,
      "DYE886": 1.8642966530539773,
      "CDF": 1.764178957257952,
      "D0": 3.0709949493408204,
      "ATLAS": 3.3197852825296335,
      "CMS": 3.2959109890845513,
      "LHCb": 2.756058692932129,
      "total": 2.6840620040893555
    }
  },
  "3300": {
    "training_loss": 8364.302734375,
    "validation_loss": [
      3188.67236328125
    ],
    "validation_chi2s": {
      "DEUTERON": 2.5298883997978856,
      "NMC": 2.447830798579197,
      "NUCLEAR": 2.129513427734375,
      "HERACOMB": 2.7130270565257355,
      "DYE886": 2.082611777565696,
      "CDF": 1.835414205278669,
      "D0": 1.9640928268432618,
      "ATLAS": 3.4939319128277657,
      "CMS": 3.1792048792685232,
      "LHCb": 2.950227737426758,
      "total": 2.6939597129821777
    }
  },
  "3400": {
    "training_loss": 8364.701171875,
    "validation_loss": [
      3189.54150390625
    ],
    "validation_chi2s": {
      "DEUTERON": 2.542269730449316,
      "NMC": 2.442674674239813,
      "NUCLEAR": 2.130720703125,
      "HERACOMB": 2.713857812819138,
      "DYE886": 2.064251119440252,
      "CDF": 1.8408581869942802,
      "D0": 1.9403127670288085,
      "ATLAS": 3.4925256487966956,
      "CMS": 3.165035124747984,
      "LHCb": 2.9725306034088135,
      "total": 2.694716215133667
    }
  },
  "3500": {
    "training_loss": 9294.2880859375,
    "validation_loss": [
      3150.82958984375
    ],
    "validation_chi2s": {
      "DEUTERON": 2.42080126710199,
      "NMC": 2.4427620382869946,
      "NUCLEAR": 2.10831396484375,
      "HERACOMB": 2.711511150684232,
      "DYE886": 1.9174965945157139,
      "CDF": 1.850735800606864,
      "D0": 2.8403486251831054,
      "ATLAS": 3.3679223773123206,
      "CMS": 3.2300102479996218,
      "LHCb": 3.0175583362579346,
      "total": 2.6632184982299805
    }
  },
  "3600": {
    "training_loss": 8375.142578125,
    "validation_loss": [
      3205.001220703125
    ],
    "validation_chi2s": {
      "DEUTERON": 2.7529166302277672,
      "NMC": 2.483361936083027,
      "NUCLEAR": 2.111395751953125,
      "HERACOMB": 2.7177167904922386,
      "DYE886": 1.7774281935258345,
      "CDF": 1.8002793448311942,
      "D0": 2.439789962768555,
      "ATLAS": 3.3665171656115302,
      "CMS": 3.226408435452369,
      "LHCb": 2.8013646602630615,
      "total": 2.7111756801605225
    }
  },
  "3700": {
    "training_loss": 8381.3544921875,
    "validation_loss": [
      3209.568359375
    ],
    "validation_chi2s": {
      "DEUTERON": 2.7840275550956157,
      "NMC": 2.4814690982594207,
      "NUCLEAR": 2.110959716796875,
      "HERACOMB": 2.7146855771931167,
      "DYE886": 1.7812174016779119,
      "CDF": 1.794807025364467,
      "D0": 2.363481903076172,
      "ATLAS": 3.3702599536413436,
      "CMS": 3.21009039109753,
      "LHCb": 2.8469488620758057,
      "total": 2.714989185333252
    }
  },
  "3800": {
    "training_loss": 8383.130859375,
    "validation_loss": [
      3196.381591796875
    ],
    "validation_chi2s": {
      "DEUTERON": 2.721577354924596,
      "NMC": 2.478254430434283,
      "NUCLEAR": 2.110229736328125,
      "HERACOMB": 2.7174931943806167,
      "DYE886": 1.7744196111505681,
      "CDF": 1.795830317905971,
      "D0": 2.399806022644043,
      "ATLAS": 3.3632847577676004,
      "CMS": 3.2155328566028225,
      "LHCb": 2.827324151992798,
      "total": 2.703956127166748
    }
  },
  "3900": {
    "training_loss": 8389.04296875,
    "validation_loss": [
      3211.754150390625
    ],
    "validation_chi2s": {
      "DEUTERON": 2.8055632482120645,
      "NMC": 2.4744273167030486,
      "NUCLEAR": 2.110216796875,
      "HERACOMB": 2.71582071142259,
      "DYE886": 1.7754833915016868,
      "CDF": 1.806093760899135,
      "D0": 2.2899436950683594,
      "ATLAS": 3.384302599676724,
      "CMS": 3.1841664468088458,
      "LHCb": 2.841994524002075,
      "total": 2.7170443534851074
    }
  },
  "4000": {
    "training_loss": 8182.7021484375,
    "validation_loss": [
      3097.392333984375
    ],
    "validation_chi2s": {
      "DEUTERON": 2.2008023238300685,
      "NMC": 2.499069812251072,
      "NUCLEAR": 2.055040283203125,
      "HERACOMB": 2.780441383910335,
      "DYE886": 1.9765073602849788,
      "CDF": 1.8060054779052734,
      "D0": 1.2362430572509766,
      "ATLAS": 3.5615630752738867,
      "CMS": 3.0803606587071575,
      "LHCb": 2.7936582565307617,
      "total": 2.6286747455596924
    }
  },
  "4100": {
    "training_loss": 8135.86767578125,
    "validation_loss": [
      3053.907470703125
    ],
    "validation_chi2s": {
      "DEUTERON": 2.107011481897155,
      "NMC": 2.4344041113759958,
      "NUCLEAR": 2.0282330322265625,
      "HERACOMB": 2.773232852711397,
      "DYE886": 1.8364195390181108,
      "CDF": 1.7221625191824776,
      "D0": 1.283253002166748,
      "ATLAS": 3.5322097252155173,
      "CMS": 3.044061476184476,
      "LHCb": 2.8383915424346924,
      "total": 2.592622756958008
    }
  },
  "4200": {
    "training_loss": 8101.8125,
    "validation_loss": [
      3048.3193359375
    ],
    "validation_chi2s": {
      "DEUTERON": 2.1664610905433768,
      "NMC": 2.473773283116958,
      "NUCLEAR": 2.022135009765625,
      "HERACOMB": 2.752389147390727,
      "DYE886": 1.826195630160245,
      "CDF": 1.668898582458496,
      "D0": 1.2861647605895996,
      "ATLAS": 3.49035714686602,
      "CMS": 3.0300384029265373,
      "LHCb": 2.798616409301758,
      "total": 2.5885376930236816
    }
  },
  "4300": {
    "training_loss": 8099.431640625,
    "validation_loss": [
      3039.510498046875
    ],
    "validation_chi2s": {
      "DEUTERON": 2.1379500811372822,
      "NMC": 2.452817580279182,
      "NUCLEAR": 2.0147974853515627,
      "HERACOMB": 2.7509819479549633,
      "DYE886": 1.8003144697709517,
      "CDF": 1.638979775565011,
      "D0": 1.320791244506836,
      "ATLAS": 3.47924874842852,
      "CMS": 3.0413641160534275,
      "LHCb": 2.8467564582824707,
      "total": 2.5813286304473877
    }
  },
  "4400": {
    "training_loss": 8087.27783203125,
    "validation_loss": [
      3039.94384765625
    ],
    "validation_chi2s": {
      "DEUTERON": 2.1752574408232275,
      "NMC": 2.4761535046147367,
      "NUCLEAR": 2.0124097900390625,
      "HERACOMB": 2.738181120429943,
      "DYE886": 1.7893943786621094,
      "CDF": 1.632335799080985,
      "D0": 1.3095587730407714,
      "ATLAS": 3.4565889205055673,
      "CMS": 3.044494136687248,
      "LHCb": 2.85591983795166,
      "total": 2.581765651702881
    }
  },
  "4500": {
    "training_loss": 8092.45263671875,
    "validation_loss": [
      3034.61669921875
    ],
    "validation_chi2s": {
      "DEUTERON": 2.147820619801384,
      "NMC": 2.468887777889476,
      "NUCLEAR": 2.0087567138671876,
      "HERACOMB": 2.7439289965660745,
      "DYE886": 1.8110001303932883,
      "CDF": 1.6077419008527483,
      "D0": 1.3245102882385253,
      "ATLAS": 3.46716378749102,
      "CMS": 3.0275192260742188,
      "LHCb": 2.8496971130371094,
      "total": 2.5774741172790527
    }
  },
  "4600": {
    "training_loss": 8081.64599609375,
    "validation_loss": [
      3037.68603515625
    ],
    "validation_chi2s": {
      "DEUTERON": 2.16526953853778,
      "NMC": 2.468226264504825,
      "NUCLEAR": 2.005373779296875,
      "HERACOMB": 2.7359605178334356,
      "DYE886": 1.7644100189208984,
      "CDF": 1.5979182379586356,
      "D0": 1.344886302947998,
      "ATLAS": 3.451196078596444,
      "CMS": 3.0670611473821823,
      "LHCb": 2.898824691772461,
      "total": 2.580019950866699
    }
  },
  "4700": {
    "training_loss": 8081.466796875,
    "validation_loss": [
      3029.552734375
    ],
    "validation_chi2s": {
      "DEUTERON": 2.1475861962161846,
      "NMC": 2.462001127355239,
      "NUCLEAR": 2.001301513671875,
      "HERACOMB": 2.737985847822202,
      "DYE886": 1.7714692896062678,
      "CDF": 1.610323769705636,
      "D0": 1.3142289161682128,
      "ATLAS": 3.4537609582659843,
      "CMS": 3.0414972612934728,
      "LHCb": 2.869889736175537,
      "total": 2.5732367038726807
    }
  },
  "4800": {
    "training_loss": 8080.3671875,
    "validation_loss": [
      3030.23779296875
    ],
    "validation_chi2s": {
      "DEUTERON": 2.1922221776857898,
      "NMC": 2.5311431884765625,
      "NUCLEAR": 1.9963636474609374,
      "HERACOMB": 2.723058962354473,
      "DYE886": 1.7796058654785156,
      "CDF": 1.6041321073259627,
      "D0": 1.4384050369262695,
      "ATLAS": 3.3486643824084052,
      "CMS": 3.131559802639869,
      "LHCb": 2.8602771759033203,
      "total": 2.5737860202789307
    }
  },
  "4900": {
    "training_loss": 8086.07080078125,
    "validation_loss": [
      3023.1826171875
    ],
    "validation_chi2s": {
      "DEUTERON": 2.1689527521085976,
      "NMC": 2.499740002202053,
      "NUCLEAR": 1.99477392578125,
      "HERACOMB": 2.7441631641263275,
      "DYE886": 1.8840834877707742,
      "CDF": 1.5644213812691825,
      "D0": 1.4896932601928712,
      "ATLAS": 3.2922889446390085,
      "CMS": 3.1310934251354587,
      "LHCb": 2.878654956817627,
      "total": 2.567869186401367
    }
  },
  "5000": {
    "training_loss": 8067.8837890625,
    "validation_loss": [
      3033.45458984375
    ],
    "validation_chi2s": {
      "DEUTERON": 2.205980746900264,
      "NMC": 2.5453868192784928,
      "NUCLEAR": 1.992490478515625,
      "HERACOMB": 2.7358968896803515,
      "DYE886": 1.8485268679532139,
      "CDF": 1.5564287730625697,
      "D0": 1.5386555671691895,
      "ATLAS": 3.291180490077227,
      "CMS": 3.1608460949313257,
      "LHCb": 2.892404079437256,
      "total": 2.576584815979004
    }
  },
  "5100": {
    "training_loss": 8085.830078125,
    "validation_loss": [
      3025.800048828125
    ],
    "validation_chi2s": {
      "DEUTERON": 2.14400000121463,
      "NMC": 2.4578287461224724,
      "NUCLEAR": 1.989826416015625,
      "HERACOMB": 2.7582411423228144,
      "DYE886": 1.9436017816716975,
      "CDF": 1.5563155582972936,
      "D0": 1.4296535491943358,
      "ATLAS": 3.373578301791487,
      "CMS": 3.0691629225207913,
      "LHCb": 2.858513593673706,
      "total": 2.5699005126953125
    }
  },
  "5200": {
    "training_loss": 8075.10498046875,
    "validation_loss": [
      3022.15185546875
    ],
    "validation_chi2s": {
      "DEUTERON": 2.19727245729361,
      "NMC": 2.5010197957356772,
      "NUCLEAR": 1.99057275390625,
      "HERACOMB": 2.7346013885697507,
      "DYE886": 1.8359714854847302,
      "CDF": 1.5899368013654436,
      "D0": 1.410260009765625,
      "ATLAS": 3.2863573096264367,
      "CMS": 3.1265763313539567,
      "LHCb": 2.893415927886963,
      "total": 2.5670089721679688
    }
  },
  "5300": {
    "training_loss": 8078.96484375,
    "validation_loss": [
      3020.44140625
    ],
    "validation_chi2s": {
      "DEUTERON": 2.1740010579427085,
      "NMC": 2.466280320111443,
      "NUCLEAR": 1.99079736328125,
      "HERACOMB": 2.734181921466503,
      "DYE886": 1.7788333892822266,
      "CDF": 1.6393120629446847,
      "D0": 1.2865015029907227,
      "ATLAS": 3.375440224833872,
      "CMS": 3.061395460559476,
      "LHCb": 2.880086660385132,
      "total": 2.565582275390625
    }
  },
  "5400": {
    "training_loss": 8079.603515625,
    "validation_loss": [
      3032.744140625
    ],
    "validation_chi2s": {
      "DEUTERON": 2.1974592066522853,
      "NMC": 2.466685276405484,
      "NUCLEAR": 1.9874754638671874,
      "HERACOMB": 2.7478753382863563,
      "DYE886": 1.9391476024280896,
      "CDF": 1.5694679532732283,
      "D0": 1.4715500831604005,
      "ATLAS": 3.3418663287984915,
      "CMS": 3.1030418642105593,
      "LHCb": 2.87693190574646,
      "total": 2.5759520530700684
    }
  },
  "5500": {
    "training_loss": 8071.564453125,
    "validation_loss": [
      3040.1416015625
    ],
    "validation_chi2s": {
      "DEUTERON": 2.1807196318213617,
      "NMC": 2.4523406683229934,
      "NUCLEAR": 1.9913585205078126,
      "HERACOMB": 2.7446967230902777,
      "DYE886": 1.7461190657182173,
      "CDF": 1.571291106087821,
      "D0": 1.3127089500427247,
      "ATLAS": 3.4792255971623565,
      "CMS": 3.0388912077872985,
      "LHCb": 2.925962448120117,
      "total": 2.582404613494873
    }
  },
  "5600": {
    "training_loss": 8063.3076171875,
    "validation_loss": [
      3025.005859375
    ],
    "validation_chi2s": {
      "DEUTERON": 2.208824651158271,
      "NMC": 2.5083169376148895,
      "NUCLEAR": 1.9894403076171876,
      "HERACOMB": 2.7265421549479165,
      "DYE886": 1.7612590789794922,
      "CDF": 1.5881105150495256,
      "D0": 1.3020477294921875,
      "ATLAS": 3.374158135775862,
      "CMS": 3.0695018153036795,
      "LHCb": 2.8167717456817627,
      "total": 2.569518566131592
    }
  },
  "5700": {
    "training_loss": 8091.65966796875,
    "validation_loss": [
      3043.30810546875
    ],
    "validation_chi2s": {
      "DEUTERON": 2.199493104545631,
      "NMC": 2.4829982682770373,
      "NUCLEAR": 1.9902890625,
      "HERACOMB": 2.7413495630999796,
      "DYE886": 1.7744504755193538,
      "CDF": 1.5933997290475028,
      "D0": 1.2795602798461914,
      "ATLAS": 3.5291309575924927,
      "CMS": 2.9919687086536038,
      "LHCb": 2.7984063625335693,
      "total": 2.5851874351501465
    }
  },
  "5800": {
    "training_loss": 8057.6806640625,
    "validation_loss": [
      3027.3369140625
    ],
    "validation_chi2s": {
      "DEUTERON": 2.1909352772271453,
      "NMC": 2.4432168100394454,
      "NUCLEAR": 1.983188232421875,
      "HERACOMB": 2.7562944000842524,
      "DYE886": 1.9815786535089666,
      "CDF": 1.6119639532906669,
      "D0": 1.383444881439209,
      "ATLAS": 3.3132555731411637,
      "CMS": 3.1200263730941282,
      "LHCb": 2.8196587562561035,
      "total": 2.571398973464966
    }
  },
  "5900": {
    "training_loss": 8090.47314453125,
    "validation_loss": [
      3027.10400390625
    ],
    "validation_chi2s": {
      "DEUTERON": 2.182111294115361,
      "NMC": 2.428567026175705,
      "NUCLEAR": 1.98560595703125,
      "HERACOMB": 2.7422802495021448,
      "DYE886": 1.808558377352628,
      "CDF": 1.6182512555803572,
      "D0": 1.281179141998291,
      "ATLAS": 3.4449676864448633,
      "CMS": 3.0308050340221775,
      "LHCb": 2.793318748474121,
      "total": 2.571417808532715
    }
  },
  "6000": {
    "training_loss": 8056.56298828125,
    "validation_loss": [
      3037.888427734375
    ],
    "validation_chi2s": {
      "DEUTERON": 2.2084317183613185,
      "NMC": 2.4556599037320006,
      "NUCLEAR": 1.988303955078125,
      "HERACOMB": 2.744629105711295,
      "DYE886": 1.7271445881236682,
      "CDF": 1.5903637749808175,
      "D0": 1.266347312927246,
      "ATLAS": 3.470531595164332,
      "CMS": 3.0250261368290072,
      "LHCb": 2.8094284534454346,
      "total": 2.5800650119781494
    }
  },
  "6100": {
    "training_loss": 8069.03662109375,
    "validation_loss": [
      3034.01708984375
    ],
    "validation_chi2s": {
      "DEUTERON": 2.2350439574588,
      "NMC": 2.4784026800417434,
      "NUCLEAR": 1.981912841796875,
      "HERACOMB": 2.743451286764706,
      "DYE886": 1.8759843652898616,
      "CDF": 1.5968129294259208,
      "D0": 1.382405948638916,
      "ATLAS": 3.3367597207255746,
      "CMS": 3.1261520385742188,
      "LHCb": 2.761662006378174,
      "total": 2.577317237854004
    }
  },
  "6200": {
    "training_loss": 8055.84619140625,
    "validation_loss": [
      3022.877197265625
    ],
    "validation_chi2s": {
      "DEUTERON": 2.2004569134308922,
      "NMC": 2.432283738080193,
      "NUCLEAR": 1.9830531005859375,
      "HERACOMB": 2.7602792378344567,
      "DYE886": 2.0541622855446557,
      "CDF": 1.6301089695521764,
      "D0": 1.3740786552429198,
      "ATLAS": 3.2913558784572556,
      "CMS": 3.1062543315272175,
      "LHCb": 2.712510347366333,
      "total": 2.5673422813415527
    }
  },
  "6300": {
    "training_loss": 8060.18408203125,
    "validation_loss": [
      3034.20263671875
    ],
    "validation_chi2s": {
      "DEUTERON": 2.2189258176888993,
      "NMC": 2.4418281106387867,
      "NUCLEAR": 1.9822109375,
      "HERACOMB": 2.7485455282373366,
      "DYE886": 1.9504580064253374,
      "CDF": 1.576336451939174,
      "D0": 1.384957504272461,
      "ATLAS": 3.3347743242636496,
      "CMS": 3.1333716607862905,
      "LHCb": 2.813396453857422,
      "total": 2.577533006668091
    }
  },
  "6400": {
    "training_loss": 8045.53076171875,
    "validation_loss": [
      3035.80908203125
    ],
    "validation_chi2s": {
      "DEUTERON": 2.2531138557699784,
      "NMC": 2.466200735054764,
      "NUCLEAR": 1.9902142333984374,
      "HERACOMB": 2.72296142578125,
      "DYE886": 1.6981447393243962,
      "CDF": 1.593905312674386,
      "D0": 1.2897092819213867,
      "ATLAS": 3.415124301252694,
      "CMS": 3.0614030899540072,
      "LHCb": 2.8137588500976562,
      "total": 2.5783615112304688
    }
  },
  "6500": {
    "training_loss": 8096.67431640625,
    "validation_loss": [
      3017.42236328125
    ],
    "validation_chi2s": {
      "DEUTERON": 2.197392250174907,
      "NMC": 2.4609297210094976,
      "NUCLEAR": 1.987693359375,
      "HERACOMB": 2.7396469614864176,
      "DYE886": 1.8409300717440518,
      "CDF": 1.5702017375401087,
      "D0": 1.3187026977539062,
      "ATLAS": 3.3912037816540948,
      "CMS": 3.015685050718246,
      "LHCb": 2.6836562156677246,
      "total": 2.5633039474487305
    }
  },
  "6600": {
    "training_loss": 8058.3251953125,
    "validation_loss": [
      3022.5888671875
    ],
    "validation_chi2s": {
      "DEUTERON": 2.230130171894434,
      "NMC": 2.480441972321155,
      "NUCLEAR": 1.9867606201171875,
      "HERACOMB": 2.723793777765012,
      "DYE886": 1.7603683471679688,
      "CDF": 1.585287639072963,
      "D0": 1.3049444198608398,
      "ATLAS": 3.3695584001212286,
      "CMS": 3.068840765183972,
      "LHCb": 2.732903003692627,
      "total": 2.567626476287842
    }
  },
  "6700": {
    "training_loss": 8161.400390625,
    "validation_loss": [
      3031.54248046875
    ],
    "validation_chi2s": {
      "DEUTERON": 2.1648764539120804,
      "NMC": 2.390912074668735,
      "NUCLEAR": 1.9874521484375,
      "HERACOMB": 2.7775691412632764,
      "DYE886": 1.8415149341930042,
      "CDF": 1.5870805467878069,
      "D0": 1.2692025184631348,
      "ATLAS": 3.4323579634743173,
      "CMS": 3.0475281746156755,
      "LHCb": 2.708498239517212,
      "total": 2.5743300914764404
    }
  },
  "6800": {
    "training_loss": 8059.25,
    "validation_loss": [
      3025.78515625
    ],
    "validation_chi2s": {
      "DEUTERON": 2.1849301466301307,
      "NMC": 2.4313954372032014,
      "NUCLEAR": 1.9877528076171875,
      "HERACOMB": 2.73526020922692,
      "DYE886": 1.723182504827326,
      "CDF": 1.614867891584124,
      "D0": 1.2506329536437988,
      "ATLAS": 3.411687390557651,
      "CMS": 3.0811322119928177,
      "LHCb": 2.839029550552368,
      "total": 2.570402145385742
    }
  },
  "6900": {
    "training_loss": 8077.34423828125,
    "validation_loss": [
      3030.8681640625
    ],
    "validation_chi2s": {
      "DEUTERON": 2.1931685262651586,
      "NMC": 2.4456303914388022,
      "NUCLEAR": 1.99482568359375,
      "HERACOMB": 2.74934437072355,
      "DYE886": 1.7629339044744319,
      "CDF": 1.542541776384626,
      "D0": 1.2773370742797852,
      "ATLAS": 3.493950503996049,
      "CMS": 2.9639159171811995,
      "LHCb": 2.708177328109741,
      "total": 2.5743839740753174
    }
  },
  "7000": {
    "training_loss": 8050.69580078125,
    "validation_loss": [
      3024.59716796875
    ],
    "validation_chi2s": {
      "DEUTERON": 2.2437212740010883,
      "NMC": 2.5122297698376226,
      "NUCLEAR": 1.9898270263671876,
      "HERACOMB": 2.741457272199244,
      "DYE886": 1.807487661188299,
      "CDF": 1.5610286167689733,
      "D0": 1.353571605682373,
      "ATLAS": 3.306316507273707,
      "CMS": 3.0863640077652468,
      "LHCb": 2.7069263458251953,
      "total": 2.5695090293884277
    }
  },
  "7100": {
    "training_loss": 8052.42041015625,
    "validation_loss": [
      3017.598388671875
    ],
    "validation_chi2s": {
      "DEUTERON": 2.2337523503090018,
      "NMC": 2.4721748501646754,
      "NUCLEAR": 1.9897099609375,
      "HERACOMB": 2.727313471775429,
      "DYE886": 1.7905915000221946,
      "CDF": 1.5836762019566126,
      "D0": 1.3363515853881835,
      "ATLAS": 3.320349331559806,
      "CMS": 3.0807581255512853,
      "LHCb": 2.7077338695526123,
      "total": 2.563547134399414
    }
  },
  "7200": {
    "training_loss": 8046.7978515625,
    "validation_loss": [
      3021.12548828125
    ],
    "validation_chi2s": {
      "DEUTERON": 2.245945261485541,
      "NMC": 2.5050832711014093,
      "NUCLEAR": 1.989774658203125,
      "HERACOMB": 2.7298344630821076,
      "DYE886": 1.7999623038552024,
      "CDF": 1.5695665904453822,
      "D0": 1.3524109840393066,
      "ATLAS": 3.303052178744612,
      "CMS": 3.092074978736139,
      "LHCb": 2.706653594970703,
      "total": 2.5665581226348877
    }
  },
  "7300": {
    "training_loss": 8089.00634765625,
    "validation_loss": [
      3040.728271484375
    ],
    "validation_chi2s": {
      "DEUTERON": 2.2161637491254664,
      "NMC": 2.4240644866344976,
      "NUCLEAR": 1.9891954345703124,
      "HERACOMB": 2.7420638339971406,
      "DYE886": 1.80577243458141,
      "CDF": 1.5856024878365653,
      "D0": 1.3003174781799316,
      "ATLAS": 3.4669943623159125,
      "CMS": 3.0615682294291835,
      "LHCb": 2.7606189250946045,
      "total": 2.583268642425537
    }
  },
  "7400": {
    "training_loss": 8059.25390625,
    "validation_loss": [
      3040.81884765625
    ],
    "validation_chi2s": {
      "DEUTERON": 2.249811276867615,
      "NMC": 2.503327163995481,
      "NUCLEAR": 1.994127685546875,
      "HERACOMB": 2.7376754860472836,
      "DYE886": 1.8081092834472656,
      "CDF": 1.502683367047991,
      "D0": 1.3887834548950195,
      "ATLAS": 3.4375354284527657,
      "CMS": 3.0285720825195312,
      "LHCb": 2.7068021297454834,
      "total": 2.5833637714385986
    }
  },
  "7500": {
    "training_loss": 8078.51318359375,
    "validation_loss": [
      3039.625732421875
    ],
    "validation_chi2s": {
      "DEUTERON": 2.262486092486785,
      "NMC": 2.5055426803289675,
      "NUCLEAR": 1.9882744140625,
      "HERACOMB": 2.7295707752502043,
      "DYE886": 1.9891211769797585,
      "CDF": 1.5413379669189453,
      "D0": 1.5319705963134767,
      "ATLAS": 3.3190581223060347,
      "CMS": 3.1499180947580645,
      "LHCb": 2.705871343612671,
      "total": 2.5823476314544678
    }
  },
  "7600": {
    "training_loss": 8049.26025390625,
    "validation_loss": [
      3032.60791015625
    ],
    "validation_chi2s": {
      "DEUTERON": 2.2048248746501864,
      "NMC": 2.4198799881280637,
      "NUCLEAR": 1.9933798828125,
      "HERACOMB": 2.7393505620021448,
      "DYE886": 1.681382265957919,
      "CDF": 1.5846424102783203,
      "D0": 1.281113338470459,
      "ATLAS": 3.4536781749506105,
      "CMS": 3.0591829361454135,
      "LHCb": 2.7509772777557373,
      "total": 2.5763583183288574
    }
  },
  "7700": {
    "training_loss": 8070.5693359375,
    "validation_loss": [
      3039.12158203125
    ],
    "validation_chi2s": {
      "DEUTERON": 2.208650048099347,
      "NMC": 2.4698760088752296,
      "NUCLEAR": 1.990318115234375,
      "HERACOMB": 2.7511676464205475,
      "DYE886": 2.0573666312477807,
      "CDF": 1.5326854160853796,
      "D0": 1.567327880859375,
      "ATLAS": 3.3844039741603806,
      "CMS": 3.087133099955897,
      "LHCb": 2.696659803390503,
      "total": 2.581977367401123
    }
  },
  "7800": {
    "training_loss": 8047.3876953125,
    "validation_loss": [
      3036.94775390625
    ],
    "validation_chi2s": {
      "DEUTERON": 2.198357729176384,
      "NMC": 2.4159258674172794,
      "NUCLEAR": 1.9943551025390625,
      "HERACOMB": 2.7334722381791257,
      "DYE886": 1.6537295254794033,
      "CDF": 1.6043122155325753,
      "D0": 1.2905191421508788,
      "ATLAS": 3.494788509675826,
      "CMS": 3.0598651516822075,
      "LHCb": 2.770510196685791,
      "total": 2.5801219940185547
    }
  },
  "7900": {
    "training_loss": 8038.9677734375,
    "validation_loss": [
      3033.50439453125
    ],
    "validation_chi2s": {
      "DEUTERON": 2.2645363878847946,
      "NMC": 2.5160330978094363,
      "NUCLEAR": 1.993081787109375,
      "HERACOMB": 2.731325635723039,
      "DYE886": 1.766617861661044,
      "CDF": 1.549393790108817,
      "D0": 1.3963935852050782,
      "ATLAS": 3.340441122822378,
      "CMS": 3.1009656844600553,
      "LHCb": 2.6988093852996826,
      "total": 2.577178716659546
    }
  },
  "8000": {
    "training_loss": 8071.12939453125,
    "validation_loss": [
      3022.819580078125
    ],
    "validation_chi2s": {
      "DEUTERON": 2.2320304604905163,
      "NMC": 2.463827095779718,
      "NUCLEAR": 1.992741455078125,
      "HERACOMB": 2.725479026245915,
      "DYE886": 1.8374540155584163,
      "CDF": 1.5330232892717635,
      "D0": 1.4486807823181151,
      "ATLAS": 3.3292408208737427,
      "CMS": 3.0956447970482612,
      "LHCb": 2.7314505577087402,
      "total": 2.568115234375
    }
  },
  "8100": {
    "training_loss": 8107.4365234375,
    "validation_loss": [
      3050.787109375
    ],
    "validation_chi2s": {
      "DEUTERON": 2.236000782221704,
      "NMC": 2.477856355554917,
      "NUCLEAR": 1.99500390625,
      "HERACOMB": 2.7541573717703227,
      "DYE886": 2.036195061423562,
      "CDF": 1.5247451237269811,
      "D0": 1.5427032470703126,
      "ATLAS": 3.4367714366693605,
      "CMS": 3.0560541460590978,
      "LHCb": 2.6738009452819824,
      "total": 2.5919601917266846
    }
  },
  "8200": {
    "training_loss": 8054.55810546875,
    "validation_loss": [
      3034.879638671875
    ],
    "validation_chi2s": {
      "DEUTERON": 2.280917191386816,
      "NMC": 2.5278876809512867,
      "NUCLEAR": 1.9894232177734374,
      "HERACOMB": 2.712618160871119,
      "DYE886": 1.903643868186257,
      "CDF": 1.5904494694301061,
      "D0": 1.5016472816467286,
      "ATLAS": 3.2788906755118536,
      "CMS": 3.161017633253528,
      "LHCb": 2.79398250579834,
      "total": 2.5783636569976807
    }
  },
  "8300": {
    "training_loss": 8113.74755859375,
    "validation_loss": [
      3058.3974609375
    ],
    "validation_chi2s": {
      "DEUTERON": 2.146822497619325,
      "NMC": 2.3779793533624387,
      "NUCLEAR": 2.00232666015625,
      "HERACOMB": 2.8030872220307392,
      "DYE886": 1.698866757479581,
      "CDF": 1.5895614624023438,
      "D0": 1.2850658416748046,
      "ATLAS": 3.5691998361170976,
      "CMS": 3.0360619329637095,
      "LHCb": 2.7291884422302246,
      "total": 2.597547769546509
    }
  },
  "8400": {
    "training_loss": 8045.91943359375,
    "validation_loss": [
      3043.51220703125
    ],
    "validation_chi2s": {
      "DEUTERON": 2.2757698932097328,
      "NMC": 2.541491938572304,
      "NUCLEAR": 1.9965006103515626,
      "HERACOMB": 2.717633216209661,
      "DYE886": 1.7690535458651455,
      "CDF": 1.495513916015625,
      "D0": 1.514046573638916,
      "ATLAS": 3.4238200571345185,
      "CMS": 3.0552838233209427,
      "LHCb": 2.7049736976623535,
      "total": 2.5857722759246826
    }
  },
  "8500": {
    "training_loss": 8078.63916015625,
    "validation_loss": [
      3027.3798828125
    ],
    "validation_chi2s": {
      "DEUTERON": 2.2510582463658273,
      "NMC": 2.4918010936063877,
      "NUCLEAR": 1.992967041015625,
      "HERACOMB": 2.7198406543607025,
      "DYE886": 1.71385366266424,
      "CDF": 1.5658698763166154,
      "D0": 1.4696823120117188,
      "ATLAS": 3.3200974738460847,
      "CMS": 3.1422648276052167,
      "LHCb": 2.701772689819336,
      "total": 2.5719752311706543
    }
  },
  "8600": {
    "training_loss": 8038.2734375,
    "validation_loss": [
      3038.3193359375
    ],
    "validation_chi2s": {
      "DEUTERON": 2.2298482259114585,
      "NMC": 2.445441900515089,
      "NUCLEAR": 1.992301025390625,
      "HERACOMB": 2.7429681915083743,
      "DYE886": 1.9740359566428445,
      "CDF": 1.4959115982055664,
      "D0": 1.664048194885254,
      "ATLAS": 3.333868267892421,
      "CMS": 3.1605128626669607,
      "LHCb": 2.6673851013183594,
      "total": 2.5813376903533936
    }
  },
  "8700": {
    "training_loss": 8052.90234375,
    "validation_loss": [
      3045.5185546875
    ],
    "validation_chi2s": {
      "DEUTERON": 2.220017921865283,
      "NMC": 2.4314998551911,
      "NUCLEAR": 1.99569775390625,
      "HERACOMB": 2.7365166159237133,
      "DYE886": 1.6748145710338245,
      "CDF": 1.541787556239537,
      "D0": 1.4403646469116211,
      "ATLAS": 3.488354562342852,
      "CMS": 3.1022385627992692,
      "LHCb": 2.6606569290161133,
      "total": 2.5873942375183105
    }
  },
  "8800": {
    "training_loss": 8039.04150390625,
    "validation_loss": [
      3023.2890625
    ],
    "validation_chi2s": {
      "DEUTERON": 2.2307180528023944,
      "NMC": 2.4801252776501226,
      "NUCLEAR": 1.995969482421875,
      "HERACOMB": 2.729855605979371,
      "DYE886": 1.755245035344904,
      "CDF": 1.4979662214006697,
      "D0": 1.557063674926758,
      "ATLAS": 3.3071131212957976,
      "CMS": 3.12493158155872,
      "LHCb": 2.7010207176208496,
      "total": 2.5685832500457764
    }
  },
  "8900": {
    "training_loss": 8042.85205078125,
    "validation_loss": [
      3049.928466796875
    ],
    "validation_chi2s": {
      "DEUTERON": 2.2256213135980256,
      "NMC": 2.4466458488913143,
      "NUCLEAR": 1.9977952880859375,
      "HERACOMB": 2.733517914815666,
      "DYE886": 1.721500570123846,
      "CDF": 1.492628506251744,
      "D0": 1.4565336227416992,
      "ATLAS": 3.4819290336521194,
      "CMS": 3.0744907009986138,
      "LHCb": 2.869844913482666,
      "total": 2.59120512008667
    }
  },
  "9000": {
    "training_loss": 8026.626953125,
    "validation_loss": [
      3031.9189453125
    ],
    "validation_chi2s": {
      "DEUTERON": 2.1758738655356034,
      "NMC": 2.4119920917585786,
      "NUCLEAR": 1.9996917724609375,
      "HERACOMB": 2.756585813036152,
      "DYE886": 1.7702218836004084,
      "CDF": 1.4966793060302734,
      "D0": 1.4761123657226562,
      "ATLAS": 3.4075783915903375,
      "CMS": 3.087919665921119,
      "LHCb": 2.752798557281494,
      "total": 2.5759503841400146
    }
  },
  "9100": {
    "training_loss": 8046.462890625,
    "validation_loss": [
      3037.444580078125
    ],
    "validation_chi2s": {
      "DEUTERON": 2.206368062033582,
      "NMC": 2.4464181638231466,
      "NUCLEAR": 1.9953375244140625,
      "HERACOMB": 2.730977974685968,
      "DYE886": 1.7168298201127485,
      "CDF": 1.5149681908743722,
      "D0": 1.4861644744873046,
      "ATLAS": 3.4253006858387214,
      "CMS": 3.1200359713646675,
      "LHCb": 2.7663302421569824,
      "total": 2.580634593963623
    }
  },
  "9200": {
    "training_loss": 8044.24169921875,
    "validation_loss": [
      3037.662353515625
    ],
    "validation_chi2s": {
      "DEUTERON": 2.2152524729866294,
      "NMC": 2.4420744952033546,
      "NUCLEAR": 1.99968310546875,
      "HERACOMB": 2.727549035564747,
      "DYE886": 1.6919099634343928,
      "CDF": 1.508568627493722,
      "D0": 1.4560826301574707,
      "ATLAS": 3.4306840567753234,
      "CMS": 3.0932668870495212,
      "LHCb": 2.8252296447753906,
      "total": 2.580812931060791
    }
  },
  "9300": {
    "training_loss": 8035.8857421875,
    "validation_loss": [
      3037.5595703125
    ],
    "validation_chi2s": {
      "DEUTERON": 2.2302892884211754,
      "NMC": 2.466307097790288,
      "NUCLEAR": 1.994694580078125,
      "HERACOMB": 2.730984357447406,
      "DYE886": 2.064077377319336,
      "CDF": 1.5160300391060966,
      "D0": 1.8029657363891602,
      "ATLAS": 3.3360823708019036,
      "CMS": 3.1227503130512853,
      "LHCb": 2.729780912399292,
      "total": 2.580737829208374
    }
  },
  "9400": {
    "training_loss": 8035.90478515625,
    "validation_loss": [
      3023.980712890625
    ],
    "validation_chi2s": {
      "DEUTERON": 2.1866101317144744,
      "NMC": 2.417362287932751,
      "NUCLEAR": 2.0026654052734374,
      "HERACOMB": 2.734896591286254,
      "DYE886": 1.7411231994628906,
      "CDF": 1.4999638966151647,
      "D0": 1.4921751022338867,
      "ATLAS": 3.3706209029274423,
      "CMS": 3.1049002370526715,
      "LHCb": 2.7617685794830322,
      "total": 2.569190740585327
    }
  },
  "9500": {
    "training_loss": 8011.83984375,
    "validation_loss": [
      3043.804931640625
    ],
    "validation_chi2s": {
      "DEUTERON": 2.184413625233209,
      "NMC": 2.407793980018765,
      "NUCLEAR": 2.0051522216796873,
      "HERACOMB": 2.7623358832465277,
      "DYE886": 1.6760219227183948,
      "CDF": 1.4748358045305525,
      "D0": 1.4293792724609375,
      "ATLAS": 3.427966589215158,
      "CMS": 3.0986128776304183,
      "LHCb": 2.8882486820220947,
      "total": 2.5854170322418213
    }
  },
  "9600": {
    "training_loss": 8027.75634765625,
    "validation_loss": [
      3038.36279296875
    ],
    "validation_chi2s": {
      "DEUTERON": 2.193922507822217,
      "NMC": 2.4277032590379903,
      "NUCLEAR": 2.007304443359375,
      "HERACOMB": 2.737066530713848,
      "DYE886": 1.6382503509521484,
      "CDF": 1.4804338727678572,
      "D0": 1.4338692665100097,
      "ATLAS": 3.4298292138110633,
      "CMS": 3.1088185464182208,
      "LHCb": 2.847891330718994,
      "total": 2.5814096927642822
    }
  },
  "9700": {
    "training_loss": 8043.40234375,
    "validation_loss": [
      3021.769775390625
    ],
    "validation_chi2s": {
      "DEUTERON": 2.2120508602009483,
      "NMC": 2.4876614738913143,
      "NUCLEAR": 2.0029227294921874,
      "HERACOMB": 2.733111811619179,
      "DYE886": 1.7809469049627131,
      "CDF": 1.4602105276925224,
      "D0": 1.6379568099975585,
      "ATLAS": 3.2943255545079024,
      "CMS": 3.1210186866021927,
      "LHCb": 2.7248764038085938,
      "total": 2.5673344135284424
    }
  },
  "9800": {
    "training_loss": 8047.0703125,
    "validation_loss": [
      3030.884033203125
    ],
    "validation_chi2s": {
      "DEUTERON": 2.2368241495160914,
      "NMC": 2.4889671475279567,
      "NUCLEAR": 2.0055740966796876,
      "HERACOMB": 2.710702933517157,
      "DYE886": 1.6582830602472478,
      "CDF": 1.4718453543526786,
      "D0": 1.5059920310974122,
      "ATLAS": 3.4091088305944686,
      "CMS": 3.063023721018145,
      "LHCb": 2.767580270767212,
      "total": 2.5750339031219482
    }
  },
  "9900": {
    "training_loss": 8052.63720703125,
    "validation_loss": [
      3052.7353515625
    ],
    "validation_chi2s": {
      "DEUTERON": 2.2381142383784205,
      "NMC": 2.4573295443665746,
      "NUCLEAR": 2.006454833984375,
      "HERACOMB": 2.7235895293989993,
      "DYE886": 1.7419660741632634,
      "CDF": 1.427868025643485,
      "D0": 1.5967554092407226,
      "ATLAS": 3.5015174602640085,
      "CMS": 3.071383076329385,
      "LHCb": 2.7530417442321777,
      "total": 2.5936410427093506
    }
  },
  "10000": {
    "training_loss": 8019.125,
    "validation_loss": [
      3032.435791015625
    ],
    "validation_chi2s": {
      "DEUTERON": 2.243202930659204,
      "NMC": 2.5363302791819855,
      "NUCLEAR": 2.00530908203125,
      "HERACOMB": 2.735044192644506,
      "DYE886": 1.952314723621715,
      "CDF": 1.4576595851353236,
      "D0": 1.8632219314575196,
      "ATLAS": 3.2248324690193964,
      "CMS": 3.193934779013357,
      "LHCb": 2.6555745601654053,
      "total": 2.5763986110687256
    }
  },
  "10100": {
    "training_loss": 8026.62353515625,
    "validation_loss": [
      3025.24609375
    ],
    "validation_chi2s": {
      "DEUTERON": 2.2246479395017102,
      "NMC": 2.470510445389093,
      "NUCLEAR": 2.0052335205078125,
      "HERACOMB": 2.727163077959048,
      "DYE886": 1.8468333157626065,
      "CDF": 1.480849266052246,
      "D0": 1.7290315628051758,
      "ATLAS": 3.2691075116738504,
      "CMS": 3.1681816347183718,
      "LHCb": 2.696375608444214,
      "total": 2.5702805519104004
    }
  },
  "10200": {
    "training_loss": 8132.71630859375,
    "validation_loss": [
      3034.935302734375
    ],
    "validation_chi2s": {
      "DEUTERON": 2.228825355643657,
      "NMC": 2.4744487089269303,
      "NUCLEAR": 2.0106759033203123,
      "HERACOMB": 2.72653178296058,
      "DYE886": 1.7490810047496448,
      "CDF": 1.4307812282017298,
      "D0": 1.6460905075073242,
      "ATLAS": 3.3398286665993173,
      "CMS": 3.1362836284022175,
      "LHCb": 2.7733023166656494,
      "total": 2.5785129070281982
    }
  },
  "10300": {
    "training_loss": 8154.35107421875,
    "validation_loss": [
      3019.6376953125
    ],
    "validation_chi2s": {
      "DEUTERON": 2.221485802190221,
      "NMC": 2.4764778286803004,
      "NUCLEAR": 2.009169677734375,
      "HERACOMB": 2.718020370583129,
      "DYE886": 1.886078574440696,
      "CDF": 1.5029407228742326,
      "D0": 1.6726119995117188,
      "ATLAS": 3.2479444481860633,
      "CMS": 3.157965383222026,
      "LHCb": 2.7278778553009033,
      "total": 2.565495491027832
    }
  },
  "10400": {
    "training_loss": 8004.8251953125,
    "validation_loss": [
      3047.693115234375
    ],
    "validation_chi2s": {
      "DEUTERON": 2.169730267121424,
      "NMC": 2.4013323316387103,
      "NUCLEAR": 2.01929833984375,
      "HERACOMB": 2.762604158688215,
      "DYE886": 1.6753420396284624,
      "CDF": 1.4230985641479492,
      "D0": 1.5210025787353516,
      "ATLAS": 3.440345150300826,
      "CMS": 3.135586154076361,
      "LHCb": 2.7691690921783447,
      "total": 2.5886497497558594
    }
  },
  "10500": {
    "training_loss": 8013.84375,
    "validation_loss": [
      3032.012939453125
    ],
    "validation_chi2s": {
      "DEUTERON": 2.1931021771027672,
      "NMC": 2.4118791468003216,
      "NUCLEAR": 2.0146964111328125,
      "HERACOMB": 2.750484491485396,
      "DYE886": 1.8081980618563565,
      "CDF": 1.424353872026716,
      "D0": 1.6110626220703126,
      "ATLAS": 3.3680816299613867,
      "CMS": 3.0980044949439263,
      "LHCb": 2.690331220626831,
      "total": 2.575439929962158
    }
  },
  "10600": {
    "training_loss": 8043.615234375,
    "validation_loss": [
      3049.093994140625
    ],
    "validation_chi2s": {
      "DEUTERON": 2.1833026942922107,
      "NMC": 2.423535066492417,
      "NUCLEAR": 2.012517333984375,
      "HERACOMB": 2.772756140216503,
      "DYE886": 2.05148627541282,
      "CDF": 1.428403309413365,
      "D0": 1.8786432266235351,
      "ATLAS": 3.3428755135371766,
      "CMS": 3.1833198301253782,
      "LHCb": 2.6480352878570557,
      "total": 2.590555429458618
    }
  },
  "10700": {
    "training_loss": 8000.873046875,
    "validation_loss": [
      3054.69384765625
    ],
    "validation_chi2s": {
      "DEUTERON": 2.1755276959926926,
      "NMC": 2.3875162461224724,
      "NUCLEAR": 2.0260482177734374,
      "HERACOMB": 2.7594722174351514,
      "DYE886": 1.6828386133367366,
      "CDF": 1.4449902943202428,
      "D0": 1.5440902709960938,
      "ATLAS": 3.444878939924569,
      "CMS": 3.1628986481697328,
      "LHCb": 2.821674108505249,
      "total": 2.595102071762085
    }
  },
  "10800": {
    "training_loss": 8075.74267578125,
    "validation_loss": [
      3038.181640625
    ],
    "validation_chi2s": {
      "DEUTERON": 2.230679791958178,
      "NMC": 2.4747640572342218,
      "NUCLEAR": 2.0162593994140625,
      "HERACOMB": 2.7299698973013684,
      "DYE886": 1.8484998182816939,
      "CDF": 1.4364683968680245,
      "D0": 1.8879339218139648,
      "ATLAS": 3.3639312393363867,
      "CMS": 3.1202035719348538,
      "LHCb": 2.569194793701172,
      "total": 2.5811898708343506
    }
  },
  "10900": {
    "training_loss": 8002.529296875,
    "validation_loss": [
      3037.1337890625
    ],
    "validation_chi2s": {
      "DEUTERON": 2.158016071983831,
      "NMC": 2.4406115962009802,
      "NUCLEAR": 2.0216435546875,
      "HERACOMB": 2.773538227953942,
      "DYE886": 1.6878304914994673,
      "CDF": 1.3997610637119837,
      "D0": 1.831070899963379,
      "ATLAS": 3.3584142224542024,
      "CMS": 3.1691956058625252,
      "LHCb": 2.565657138824463,
      "total": 2.5803167819976807
    }
  },
  "11000": {
    "training_loss": 8027.427734375,
    "validation_loss": [
      3045.29443359375
    ],
    "validation_chi2s": {
      "DEUTERON": 2.1953963094682836,
      "NMC": 2.4875860775218293,
      "NUCLEAR": 2.0276890869140627,
      "HERACOMB": 2.7498404309640523,
      "DYE886": 1.7719842737371272,
      "CDF": 1.4132024220057897,
      "D0": 1.8454025268554688,
      "ATLAS": 3.3697906143363867,
      "CMS": 3.153479299237651,
      "LHCb": 2.6271166801452637,
      "total": 2.5873303413391113
    }
  },
  "11100": {
    "training_loss": 8038.5068359375,
    "validation_loss": [
      3034.72705078125
    ],
    "validation_chi2s": {
      "DEUTERON": 2.188285106450171,
      "NMC": 2.450334586349188,
      "NUCLEAR": 2.0240843505859374,
      "HERACOMB": 2.745430740655637,
      "DYE886": 1.799912539395419,
      "CDF": 1.3962448665073939,
      "D0": 1.7266395568847657,
      "ATLAS": 3.3997031025502875,
      "CMS": 3.0834461335212953,
      "LHCb": 2.601470708847046,
      "total": 2.578348398208618
    }
  },
  "11200": {
    "training_loss": 8023.94189453125,
    "validation_loss": [
      3033.7177734375
    ],
    "validation_chi2s": {
      "DEUTERON": 2.1807808188063587,
      "NMC": 2.439239651549096,
      "NUCLEAR": 2.025521240234375,
      "HERACOMB": 2.757511113983354,
      "DYE886": 1.7740814902565696,
      "CDF": 1.388692855834961,
      "D0": 1.873004150390625,
      "ATLAS": 3.3626070570671693,
      "CMS": 3.1157406222435737,
      "LHCb": 2.5582785606384277,
      "total": 2.5774919986724854
    }
  },
  "11300": {
    "training_loss": 8102.232421875,
    "validation_loss": [
      3068.50244140625
    ],
    "validation_chi2s": {
      "DEUTERON": 2.226715087890625,
      "NMC": 2.4537497127757355,
      "NUCLEAR": 2.023461669921875,
      "HERACOMB": 2.7789448258144405,
      "DYE886": 2.015141573819247,
      "CDF": 1.3982597078595842,
      "D0": 2.196512985229492,
      "ATLAS": 3.33196986406699,
      "CMS": 3.2388199836977067,
      "LHCb": 2.5655012130737305,
      "total": 2.6070451736450195
    }
  },
  "11400": {
    "training_loss": 8115.447265625,
    "validation_loss": [
      3027.92138671875
    ],
    "validation_chi2s": {
      "DEUTERON": 2.2256090154695274,
      "NMC": 2.4612175436580883,
      "NUCLEAR": 2.0344910888671874,
      "HERACOMB": 2.730782502616932,
      "DYE886": 1.7107039364901455,
      "CDF": 1.4273120335170202,
      "D0": 1.572111225128174,
      "ATLAS": 3.3957596702137214,
      "CMS": 3.0265030399445565,
      "LHCb": 2.5404069423675537,
      "total": 2.5725584030151367
    }
  },
  "11500": {
    "training_loss": 8025.9482421875,
    "validation_loss": [
      3037.4775390625
    ],
    "validation_chi2s": {
      "DEUTERON": 2.173027532017646,
      "NMC": 2.3981312770469514,
      "NUCLEAR": 2.0360985107421876,
      "HERACOMB": 2.7470585442835986,
      "DYE886": 1.6913828416304155,
      "CDF": 1.4009769984654017,
      "D0": 1.6005229949951172,
      "ATLAS": 3.4759567085353806,
      "CMS": 3.0456082743983113,
      "LHCb": 2.602220296859741,
      "total": 2.58069109916687
    }
  },
  "11600": {
    "training_loss": 8017.2763671875,
    "validation_loss": [
      3037.7568359375
    ],
    "validation_chi2s": {
      "DEUTERON": 2.1674684742789956,
      "NMC": 2.3733055264342067,
      "NUCLEAR": 2.0396348876953123,
      "HERACOMB": 2.7598402235243054,
      "DYE886": 1.6862349076704546,
      "CDF": 1.434664590018136,
      "D0": 1.5243075370788575,
      "ATLAS": 3.503912914758441,
      "CMS": 3.0068246164629535,
      "LHCb": 2.55385160446167,
      "total": 2.580928325653076
    }
  },
  "11700": {
    "training_loss": 8019.451171875,
    "validation_loss": [
      3043.90087890625
    ],
    "validation_chi2s": {
      "DEUTERON": 2.1664270809040733,
      "NMC": 2.371744342878753,
      "NUCLEAR": 2.04070068359375,
      "HERACOMB": 2.76612863976971,
      "DYE886": 1.7041119662198154,
      "CDF": 1.461216654096331,
      "D0": 1.560805320739746,
      "ATLAS": 3.4962193280801004,
      "CMS": 3.0517383698494203,
      "LHCb": 2.524806022644043,
      "total": 2.586150884628296
    }
  },
  "11800": {
    "training_loss": 8032.939453125,
    "validation_loss": [
      3039.98974609375
    ],
    "validation_chi2s": {
      "DEUTERON": 2.1773214008084576,
      "NMC": 2.3824628942153034,
      "NUCLEAR": 2.0431783447265626,
      "HERACOMB": 2.7580516540926268,
      "DYE886": 1.7122452475807883,
      "CDF": 1.430412701198033,
      "D0": 1.6177536010742188,
      "ATLAS": 3.4823261129445044,
      "CMS": 3.0235703991305445,
      "LHCb": 2.5429697036743164,
      "total": 2.58282732963562
    }
  },
  "11900": {
    "training_loss": 8093.5009765625,
    "validation_loss": [
      3056.382568359375
    ],
    "validation_chi2s": {
      "DEUTERON": 2.2248167730682527,
      "NMC": 2.451914020613128,
      "NUCLEAR": 2.03572021484375,
      "HERACOMB": 2.775274737987643,
      "DYE886": 2.0541423450816763,
      "CDF": 1.402691159929548,
      "D0": 2.2171817779541017,
      "ATLAS": 3.2924773117591597,
      "CMS": 3.186977755638861,
      "LHCb": 2.5225870609283447,
      "total": 2.5967555046081543
    }
  },
  "12000": {
    "training_loss": 8032.0146484375,
    "validation_loss": [
      3061.8935546875
    ],
    "validation_chi2s": {
      "DEUTERON": 2.1988270318330225,
      "NMC": 2.3682424507889093,
      "NUCLEAR": 2.05219140625,
      "HERACOMB": 2.7680745841630925,
      "DYE886": 1.675413651899858,
      "CDF": 1.4202221461704798,
      "D0": 1.5569279670715332,
      "ATLAS": 3.57165457188398,
      "CMS": 3.0265963154454387,
      "LHCb": 2.4979496002197266,
      "total": 2.6014387607574463
    }
  },
  "12100": {
    "training_loss": 8018.86181640625,
    "validation_loss": [
      3054.2734375
    ],
    "validation_chi2s": {
      "DEUTERON": 2.21745702639148,
      "NMC": 2.378449234307981,
      "NUCLEAR": 2.0457559814453123,
      "HERACOMB": 2.7656122344771243,
      "DYE886": 1.6532086459073154,
      "CDF": 1.4095089776175362,
      "D0": 1.649115753173828,
      "ATLAS": 3.5032857259114585,
      "CMS": 3.0364906557144655,
      "LHCb": 2.5218679904937744,
      "total": 2.5949454307556152
    }
  },
  "12200": {
    "training_loss": 8031.5654296875,
    "validation_loss": [
      3053.036865234375
    ],
    "validation_chi2s": {
      "DEUTERON": 2.201552054182214,
      "NMC": 2.3742515713560817,
      "NUCLEAR": 2.0471485595703127,
      "HERACOMB": 2.7680279102200775,
      "DYE886": 1.7200736999511719,
      "CDF": 1.4204027993338448,
      "D0": 1.6570703506469726,
      "ATLAS": 3.525487790162536,
      "CMS": 3.0098985241305445,
      "LHCb": 2.4879508018493652,
      "total": 2.59391188621521
    }
  },
  "12300": {
    "training_loss": 8011.646484375,
    "validation_loss": [
      3057.5380859375
    ],
    "validation_chi2s": {
      "DEUTERON": 2.18490038819574,
      "NMC": 2.3537469003714766,
      "NUCLEAR": 2.055596435546875,
      "HERACOMB": 2.7691899717243667,
      "DYE886": 1.6354189786044033,
      "CDF": 1.4297173363821847,
      "D0": 1.5032394409179688,
      "ATLAS": 3.5579370959051726,
      "CMS": 3.0298365931357107,
      "LHCb": 2.5393898487091064,
      "total": 2.59773850440979
    }
  },
  "12400": {
    "training_loss": 8154.9501953125,
    "validation_loss": [
      3036.856689453125
    ],
    "validation_chi2s": {
      "DEUTERON": 2.2374272132987407,
      "NMC": 2.4451699350394454,
      "NUCLEAR": 2.04748876953125,
      "HERACOMB": 2.7319046718622344,
      "DYE886": 1.9372378262606533,
      "CDF": 1.4585144860403878,
      "D0": 1.9399309158325195,
      "ATLAS": 3.3477642892420976,
      "CMS": 3.0543840469852572,
      "LHCb": 2.5346713066101074,
      "total": 2.5801644325256348
    }
  },
  "12500": {
    "training_loss": 8131.4658203125,
    "validation_loss": [
      3044.095947265625
    ],
    "validation_chi2s": {
      "DEUTERON": 2.1767456662002487,
      "NMC": 2.4094924926757812,
      "NUCLEAR": 2.048310546875,
      "HERACOMB": 2.762750164356107,
      "DYE886": 1.8473455255681819,
      "CDF": 1.3918087823050362,
      "D0": 1.7854814529418945,
      "ATLAS": 3.4676797801050645,
      "CMS": 3.008881107453377,
      "LHCb": 2.546567440032959,
      "total": 2.586318016052246
    }
  },
  "12600": {
    "training_loss": 8012.83154296875,
    "validation_loss": [
      3047.71044921875
    ],
    "validation_chi2s": {
      "DEUTERON": 2.171447905734997,
      "NMC": 2.4014544019512103,
      "NUCLEAR": 2.04643603515625,
      "HERACOMB": 2.768380757250817,
      "DYE886": 1.78158898787065,
      "CDF": 1.3576216016496931,
      "D0": 1.7288148880004883,
      "ATLAS": 3.48150634765625,
      "CMS": 3.0058177824943297,
      "LHCb": 2.6734938621520996,
      "total": 2.589388608932495
    }
  },
  "12700": {
    "training_loss": 8025.07421875,
    "validation_loss": [
      3058.1826171875
    ],
    "validation_chi2s": {
      "DEUTERON": 2.1761260530841886,
      "NMC": 2.4089509552600337,
      "NUCLEAR": 2.04856005859375,
      "HERACOMB": 2.7775250603170956,
      "DYE886": 1.697531440041282,
      "CDF": 1.3394689559936523,
      "D0": 1.623729133605957,
      "ATLAS": 3.549614917272809,
      "CMS": 3.0105563748267388,
      "LHCb": 2.5612738132476807,
      "total": 2.5982859134674072
    }
  },
  "12800": {
    "training_loss": 8055.484375,
    "validation_loss": [
      3042.667236328125
    ],
    "validation_chi2s": {
      "DEUTERON": 2.1922335648418065,
      "NMC": 2.4199393777286304,
      "NUCLEAR": 2.0407266845703127,
      "HERACOMB": 2.7710459590737337,
      "DYE886": 1.9143184315074573,
      "CDF": 1.3771422249930245,
      "D0": 1.679975700378418,
      "ATLAS": 3.368877893206717,
      "CMS": 3.0885287869361138,
      "LHCb": 2.5866246223449707,
      "total": 2.5851035118103027
    }
  },
  "12900": {
    "training_loss": 8020.951171875,
    "validation_loss": [
      3051.0712890625
    ],
    "validation_chi2s": {
      "DEUTERON": 2.1895301021746736,
      "NMC": 2.397911370969286,
      "NUCLEAR": 2.048318359375,
      "HERACOMB": 2.7777229259216707,
      "DYE886": 1.7040342851118608,
      "CDF": 1.3876135689871651,
      "D0": 1.4489921569824218,
      "ATLAS": 3.499712363056753,
      "CMS": 3.0337477653257308,
      "LHCb": 2.4935121536254883,
      "total": 2.5922439098358154
    }
  },
  "13000": {
    "training_loss": 8031.82177734375,
    "validation_loss": [
      3041.02392578125
    ],
    "validation_chi2s": {
      "DEUTERON": 2.1974482749825093,
      "NMC": 2.413257972866881,
      "NUCLEAR": 2.0418824462890623,
      "HERACOMB": 2.7714402940538196,
      "DYE886": 1.951111533425071,
      "CDF": 1.4132753099714006,
      "D0": 1.6293479919433593,
      "ATLAS": 3.3542796167834052,
      "CMS": 3.0856601345923638,
      "LHCb": 2.5734939575195312,
      "total": 2.583707571029663
    }
  },
  "13100": {
    "training_loss": 8021.19140625,
    "validation_loss": [
      3039.392578125
    ],
    "validation_chi2s": {
      "DEUTERON": 2.162869581535681,
      "NMC": 2.360007042978324,
      "NUCLEAR": 2.049351806640625,
      "HERACOMB": 2.786154553781148,
      "DYE886": 1.7551470669833096,
      "CDF": 1.4321175983973913,
      "D0": 1.3712501525878906,
      "ATLAS": 3.436907538052263,
      "CMS": 3.0419033419701362,
      "LHCb": 2.5562846660614014,
      "total": 2.5823006629943848
    }
  },
  "13200": {
    "training_loss": 8017.1103515625,
    "validation_loss": [
      3059.1240234375
    ],
    "validation_chi2s": {
      "DEUTERON": 2.1731508169601215,
      "NMC": 2.3517182294060204,
      "NUCLEAR": 2.055462158203125,
      "HERACOMB": 2.791745653339461,
      "DYE886": 1.7321492975408381,
      "CDF": 1.4161733899797713,
      "D0": 1.4426554679870605,
      "ATLAS": 3.4716197046740302,
      "CMS": 3.0965972408171623,
      "LHCb": 2.61739182472229,
      "total": 2.599085807800293
    }
  },
  "13300": {
    "training_loss": 8046.25927734375,
    "validation_loss": [
      3048.529541015625
    ],
    "validation_chi2s": {
      "DEUTERON": 2.1701953185731497,
      "NMC": 2.355575112735524,
      "NUCLEAR": 2.0449373779296875,
      "HERACOMB": 2.789803299249387,
      "DYE886": 1.8272927024147727,
      "CDF": 1.395472526550293,
      "D0": 1.4808184623718261,
      "ATLAS": 3.410736083984375,
      "CMS": 3.1192895212481098,
      "LHCb": 2.5698390007019043,
      "total": 2.5900845527648926
    }
  },
  "13400": {
    "training_loss": 8014.291015625,
    "validation_loss": [
      3046.83349609375
    ],
    "validation_chi2s": {
      "DEUTERON": 2.217773133842506,
      "NMC": 2.427388209922641,
      "NUCLEAR": 2.047954833984375,
      "HERACOMB": 2.7737420773973653,
      "DYE886": 1.8540597395463423,
      "CDF": 1.377343041556222,
      "D0": 1.5059247970581056,
      "ATLAS": 3.345953579606681,
      "CMS": 3.14777103547127,
      "LHCb": 2.4531261920928955,
      "total": 2.5886428356170654
    }
  },
  "13500": {
    "training_loss": 8028.60546875,
    "validation_loss": [
      3055.23974609375
    ],
    "validation_chi2s": {
      "DEUTERON": 2.183127483918299,
      "NMC": 2.3784501318838083,
      "NUCLEAR": 2.052947265625,
      "HERACOMB": 2.790982713886336,
      "DYE886": 1.8538684844970703,
      "CDF": 1.406242915562221,
      "D0": 1.4016719818115235,
      "ATLAS": 3.5079812236215875,
      "CMS": 3.0194542177261843,
      "LHCb": 2.4496817588806152,
      "total": 2.5957722663879395
    }
  },
  "13600": {
    "training_loss": 8019.44482421875,
    "validation_loss": [
      3048.412353515625
    ],
    "validation_chi2s": {
      "DEUTERON": 2.193238974803716,
      "NMC": 2.3891935161515776,
      "NUCLEAR": 2.052368408203125,
      "HERACOMB": 2.779009850196589,
      "DYE886": 1.7375248995694248,
      "CDF": 1.438539913722447,
      "D0": 1.3840249061584473,
      "ATLAS": 3.4549560546875,
      "CMS": 3.0640207106067288,
      "LHCb": 2.469257116317749,
      "total": 2.58998441696167
    }
  },
  "13700": {
    "training_loss": 8009.6416015625,
    "validation_loss": [
      3045.26318359375
    ],
    "validation_chi2s": {
      "DEUTERON": 2.226228628585588,
      "NMC": 2.4939033657896754,
      "NUCLEAR": 2.05222607421875,
      "HERACOMB": 2.7704764970766953,
      "DYE886": 1.8495330810546875,
      "CDF": 1.3796400342668806,
      "D0": 1.682790184020996,
      "ATLAS": 3.3020219474003234,
      "CMS": 3.1423551497920865,
      "LHCb": 2.4500222206115723,
      "total": 2.5873091220855713
    }
  },
  "13800": {
    "training_loss": 8540.1865234375,
    "validation_loss": [
      3052.84716796875
    ],
    "validation_chi2s": {
      "DEUTERON": 2.2238556971004355,
      "NMC": 2.4431931738759958,
      "NUCLEAR": 2.064046142578125,
      "HERACOMB": 2.7537217483021856,
      "DYE886": 1.6871681213378906,
      "CDF": 1.4196457181658064,
      "D0": 1.4200382232666016,
      "ATLAS": 3.449499722184806,
      "CMS": 3.0556667697045112,
      "LHCb": 2.5695669651031494,
      "total": 2.5937514305114746
    }
  },
  "13900": {
    "training_loss": 7999.41552734375,
    "validation_loss": [
      3050.7177734375
    ],
    "validation_chi2s": {
      "DEUTERON": 2.1741544049770676,
      "NMC": 2.416742212632123,
      "NUCLEAR": 2.061723388671875,
      "HERACOMB": 2.773056528926675,
      "DYE886": 1.6615727164528586,
      "CDF": 1.4279779706682478,
      "D0": 1.3887808799743653,
      "ATLAS": 3.4887365582345544,
      "CMS": 3.0501622846049647,
      "LHCb": 2.5241353511810303,
      "total": 2.591942071914673
    }
  },
  "14000": {
    "training_loss": 8010.12158203125,
    "validation_loss": [
      3046.64111328125
    ],
    "validation_chi2s": {
      "DEUTERON": 2.2159914234977456,
      "NMC": 2.503317739449295,
      "NUCLEAR": 2.0533125,
      "HERACOMB": 2.768149382148693,
      "DYE886": 1.7682207280939275,
      "CDF": 1.4257801600864954,
      "D0": 1.679475975036621,
      "ATLAS": 3.2931497508081895,
      "CMS": 3.1637629847372732,
      "LHCb": 2.568270683288574,
      "total": 2.58847975730896
    }
  },
  "14100": {
    "training_loss": 8093.06298828125,
    "validation_loss": [
      3041.872314453125
    ],
    "validation_chi2s": {
      "DEUTERON": 2.242002117100047,
      "NMC": 2.4994524787454044,
      "NUCLEAR": 2.05087939453125,
      "HERACOMB": 2.7447561625561683,
      "DYE886": 1.8114809556440874,
      "CDF": 1.4457580021449499,
      "D0": 1.5703030586242677,
      "ATLAS": 3.352076037176724,
      "CMS": 3.079098116966986,
      "LHCb": 2.512415885925293,
      "total": 2.584428548812866
    }
  },
  "14200": {
    "training_loss": 8012.2421875,
    "validation_loss": [
      3055.2197265625
    ],
    "validation_chi2s": {
      "DEUTERON": 2.2295333330904072,
      "NMC": 2.577917360791973,
      "NUCLEAR": 2.0539140625,
      "HERACOMB": 2.7746207044015523,
      "DYE886": 1.7669734954833984,
      "CDF": 1.454012189592634,
      "D0": 1.5574234962463378,
      "ATLAS": 3.3033173659752153,
      "CMS": 3.1713136242282007,
      "LHCb": 2.514108419418335,
      "total": 2.595768690109253
    }
  },
  "14300": {
    "training_loss": 8030.06201171875,
    "validation_loss": [
      3047.63037109375
    ],
    "validation_chi2s": {
      "DEUTERON": 2.165992243372979,
      "NMC": 2.47468536975337,
      "NUCLEAR": 2.05479296875,
      "HERACOMB": 2.767309849558313,
      "DYE886": 1.6882840936834163,
      "CDF": 1.533001491001674,
      "D0": 1.3408425331115723,
      "ATLAS": 3.4903427650188577,
      "CMS": 3.0352490332818802,
      "LHCb": 2.5184285640716553,
      "total": 2.589320421218872
    }
  }
}