{
  "100": {
    "training_loss": 867.44140625,
    "validation_loss": [
      171.44931030273438
    ],
    "validation_chi2s": {
      "DEUTERON": 3.3451019287109376,
      "ATLAS": 3.422294269908558,
      "total": 3.361751079559326
    }
  },
  "200": {
    "training_loss": 284.0273742675781,
    "validation_loss": [
      160.499267578125
    ],
    "validation_chi2s": {
      "DEUTERON": 2.9760799407958984,
      "ATLAS": 3.7687332846901636,
      "total": 3.1470444202423096
    }
  },
  "300": {
    "training_loss": 255.35232543945312,
    "validation_loss": [
      141.49427795410156
    ],
    "validation_chi2s": {
      "DEUTERON": 2.578550910949707,
      "ATLAS": 3.486567410555753,
      "total": 2.774397611618042
    }
  },
  "400": {
    "training_loss": 263.0587615966797,
    "validation_loss": [
      122.49913787841797
    ],
    "validation_chi2s": {
      "DEUTERON": 2.233284568786621,
      "ATLAS": 3.015250466086648,
      "total": 2.4019439220428467
    }
  },
  "500": {
    "training_loss": 263.7265625,
    "validation_loss": [
      120.43035888671875
    ],
    "validation_chi2s": {
      "DEUTERON": 2.2100317001342775,
      "ATLAS": 2.911735187877308,
      "total": 2.361379623413086
    }
  },
  "600": {
    "training_loss": 262.39776611328125,
    "validation_loss": [
      119.45879364013672
    ],
    "validation_chi2s": {
      "DEUTERON": 2.187736701965332,
      "ATLAS": 2.9044844887473364,
      "total": 2.342329502105713
    }
  },
  "700": {
    "training_loss": 236.22967529296875,
    "validation_loss": [
      120.50139617919922
    ],
    "validation_chi2s": {
      "DEUTERON": 2.2475053787231447,
      "ATLAS": 2.7819255482066763,
      "total": 2.3627724647521973
    }
  }
}