{
  "100": {
    "training_loss": 260.75,
    "validation_loss": [
      91.44576263427734
    ],
    "validation_chi2s": {
      "DEUTERON": 1.7628597259521483,
      "ATLAS": 1.9028524918989702,
      "total": 1.7930543422698975
    }
  },
  "200": {
    "training_loss": 244.11123657226562,
    "validation_loss": [
      82.4730224609375
    ],
    "validation_chi2s": {
      "DEUTERON": 1.6172452926635743,
      "ATLAS": 1.6166556965221057,
      "total": 1.6171181201934814
    }
  },
  "300": {
    "training_loss": 242.98733520507812,
    "validation_loss": [
      81.38793182373047
    ],
    "validation_chi2s": {
      "DEUTERON": 1.6030174255371095,
      "ATLAS": 1.5697486183860085,
      "total": 1.5958417654037476
    }
  }
}