{
  "100": {
    "training_loss": 2848.0,
    "validation_loss": [
      175.10096740722656
    ],
    "validation_chi2s": {
      "DEUTERON": 3.9812618255615235,
      "ATLAS": 1.4409543817693538,
      "total": 3.43335223197937
    }
  },
  "200": {
    "training_loss": 297.2041015625,
    "validation_loss": [
      117.84890747070312
    ],
    "validation_chi2s": {
      "DEUTERON": 2.4832426071166993,
      "ATLAS": 1.683563926003196,
      "total": 2.310762882232666
    }
  },
  "300": {
    "training_loss": 269.916748046875,
    "validation_loss": [
      115.40910339355469
    ],
    "validation_chi2s": {
      "DEUTERON": 2.386078643798828,
      "ATLAS": 1.815087231722745,
      "total": 2.2629234790802
    }
  },
  "400": {
    "training_loss": 248.536865234375,
    "validation_loss": [
      102.51246643066406
    ],
    "validation_chi2s": {
      "DEUTERON": 2.188663673400879,
      "ATLAS": 1.3605385693636807,
      "total": 2.0100486278533936
    }
  },
  "500": {
    "training_loss": 254.1732177734375,
    "validation_loss": [
      99.26243591308594
    ],
    "validation_chi2s": {
      "DEUTERON": 2.1126920700073244,
      "ATLAS": 1.3413414521650835,
      "total": 1.9463223218917847
    }
  },
  "600": {
    "training_loss": 258.6153564453125,
    "validation_loss": [
      96.81883239746094
    ],
    "validation_chi2s": {
      "DEUTERON": 2.047690773010254,
      "ATLAS": 1.3555640307339756,
      "total": 1.8984085321426392
    }
  },
  "700": {
    "training_loss": 254.49285888671875,
    "validation_loss": [
      102.14154815673828
    ],
    "validation_chi2s": {
      "DEUTERON": 2.129365158081055,
      "ATLAS": 1.5424496043812146,
      "total": 2.0027756690979004
    }
  },
  "800": {
    "training_loss": 248.99517822265625,
    "validation_loss": [
      91.92436218261719
    ],
    "validation_chi2s": {
      "DEUTERON": 1.9254253387451172,
      "ATLAS": 1.3552136854691939,
      "total": 1.802438497543335
    }
  },
  "900": {
    "training_loss": 247.089111328125,
    "validation_loss": [
      105.41341400146484
    ],
    "validation_chi2s": {
      "DEUTERON": 2.1041942596435548,
      "ATLAS": 1.931422146883878,
      "total": 2.066929578781128
    }
  }
}