{
  "100": {
    "training_loss": 353.1826171875,
    "validation_loss": [
      99.46253967285156
    ],
    "validation_chi2s": {
      "DEUTERON": 2.03668155670166,
      "ATLAS": 1.6359343095259233,
      "total": 1.9502458572387695
    }
  },
  "200": {
    "training_loss": 342.2190246582031,
    "validation_loss": [
      98.55785369873047
    ],
    "validation_chi2s": {
      "DEUTERON": 1.9818803787231445,
      "ATLAS": 1.7529671408913352,
      "total": 1.9325069189071655
    }
  },
  "300": {
    "training_loss": 332.4573974609375,
    "validation_loss": [
      95.05535125732422
    ],
    "validation_chi2s": {
      "DEUTERON": 1.835555076599121,
      "ATLAS": 1.9666498357599431,
      "total": 1.8638304471969604
    }
  },
  "400": {
    "training_loss": 323.14520263671875,
    "validation_loss": [
      91.21182250976562
    ],
    "validation_chi2s": {
      "DEUTERON": 1.6892498016357422,
      "ATLAS": 2.1492576599121094,
      "total": 1.7884670495986938
    }
  },
  "500": {
    "training_loss": 304.10638427734375,
    "validation_loss": [
      105.50274658203125
    ],
    "validation_chi2s": {
      "DEUTERON": 1.857529640197754,
      "ATLAS": 2.836505716497248,
      "total": 2.068681240081787
    }
  },
  "600": {
    "training_loss": 298.5870666503906,
    "validation_loss": [
      102.81401062011719
    ],
    "validation_chi2s": {
      "DEUTERON": 1.8081396102905274,
      "ATLAS": 2.7716751098632812,
      "total": 2.015960931777954
    }
  },
  "700": {
    "training_loss": 303.0595703125,
    "validation_loss": [
      96.4773941040039
    ],
    "validation_chi2s": {
      "DEUTERON": 1.704690170288086,
      "ATLAS": 2.5717988447709517,
      "total": 1.8917136192321777
    }
  }
}