{
  "100": {
    "training_loss": 276.930419921875,
    "validation_loss": [
      124.94227600097656
    ],
    "validation_chi2s": {
      "DEUTERON": 2.382431983947754,
      "ATLAS": 2.6950002150102095,
      "total": 2.4498486518859863
    }
  },
  "200": {
    "training_loss": 254.4505615234375,
    "validation_loss": [
      136.1999969482422
    ],
    "validation_chi2s": {
      "DEUTERON": 2.432551956176758,
      "ATLAS": 3.5361744273792612,
      "total": 2.670588254928589
    }
  },
  "300": {
    "training_loss": 255.595947265625,
    "validation_loss": [
      12490.4833984375
    ],
    "validation_chi2s": {
      "DEUTERON": 2.0921844482421874,
      "ATLAS": 2.1900197809392754,
      "total": 2.113286256790161
    }
  },
  "400": {
    "training_loss": 250.22540283203125,
    "validation_loss": [
      105.45575714111328
    ],
    "validation_chi2s": {
      "DEUTERON": 2.010431480407715,
      "ATLAS": 2.276227257468484,
      "total": 2.0677599906921387
    }
  },
  "500": {
    "training_loss": 238.094970703125,
    "validation_loss": [
      123.86029052734375
    ],
    "validation_chi2s": {
      "DEUTERON": 2.1416677474975585,
      "ATLAS": 3.4721433466131035,
      "total": 2.428633213043213
    }
  },
  "600": {
    "training_loss": 243.51416015625,
    "validation_loss": [
      102.06697082519531
    ],
    "validation_chi2s": {
      "DEUTERON": 2.018505668640137,
      "ATLAS": 1.9387950897216797,
      "total": 2.0013132095336914
    }
  },
  "700": {
    "training_loss": 234.1595458984375,
    "validation_loss": [
      116.10427856445312
    ],
    "validation_chi2s": {
      "DEUTERON": 2.22961540222168,
      "ATLAS": 2.4472420432350854,
      "total": 2.276554584503174
    }
  },
  "800": {
    "training_loss": 230.0869140625,
    "validation_loss": [
      104.0011978149414
    ],
    "validation_chi2s": {
      "DEUTERON": 2.0526248931884767,
      "ATLAS": 1.9905641729181462,
      "total": 2.0392394065856934
    }
  },
  "900": {
    "training_loss": 226.6859130859375,
    "validation_loss": [
      101.58099365234375
    ],
    "validation_chi2s": {
      "DEUTERON": 2.0331209182739256,
      "ATLAS": 1.8414688110351562,
      "total": 1.9917842149734497
    }
  }
}