{
  "100": {
    "training_loss": 238.67578125,
    "validation_loss": [
      171.67880249023438
    ],
    "validation_chi2s": {
      "DEUTERON": 3.6226783752441407,
      "ATLAS": 2.433787779374556,
      "total": 3.366250991821289
    }
  },
  "200": {
    "training_loss": 234.27130126953125,
    "validation_loss": [
      154.67953491210938
    ],
    "validation_chi2s": {
      "DEUTERON": 3.187700080871582,
      "ATLAS": 2.4701397635719995,
      "total": 3.0329320430755615
    }
  },
  "300": {
    "training_loss": 232.3574676513672,
    "validation_loss": [
      136.64190673828125
    ],
    "validation_chi2s": {
      "DEUTERON": 2.8068384170532226,
      "ATLAS": 2.2153058485551314,
      "total": 2.679253101348877
    }
  },
  "400": {
    "training_loss": 209.80081176757812,
    "validation_loss": [
      131.70999145507812
    ],
    "validation_chi2s": {
      "DEUTERON": 2.682402420043945,
      "ATLAS": 2.219445662064986,
      "total": 2.5825488567352295
    }
  },
  "500": {
    "training_loss": 197.67787170410156,
    "validation_loss": [
      115.2939682006836
    ],
    "validation_chi2s": {
      "DEUTERON": 2.428639221191406,
      "ATLAS": 1.6498544866388494,
      "total": 2.2606661319732666
    }
  },
  "600": {
    "training_loss": 193.03115844726562,
    "validation_loss": [
      112.28213500976562
    ],
    "validation_chi2s": {
      "DEUTERON": 2.233559417724609,
      "ATLAS": 2.085432919588956,
      "total": 2.201610565185547
    }
  },
  "700": {
    "training_loss": 191.8959197998047,
    "validation_loss": [
      112.49958038330078
    ],
    "validation_chi2s": {
      "DEUTERON": 2.1441165924072267,
      "ATLAS": 2.43044697154652,
      "total": 2.20587420463562
    }
  },
  "800": {
    "training_loss": 190.471435546875,
    "validation_loss": [
      112.58676147460938
    ],
    "validation_chi2s": {
      "DEUTERON": 2.151921272277832,
      "ATLAS": 2.409992218017578,
      "total": 2.2075836658477783
    }
  }
}