{
  "100": {
    "training_loss": 384.0,
    "validation_loss": [
      167.6588134765625
    ],
    "validation_chi2s": {
      "DEUTERON": 3.251173400878906,
      "ATLAS": 3.419261238791726,
      "total": 3.2874276638031006
    }
  },
  "200": {
    "training_loss": 305.3581237792969,
    "validation_loss": [
      114.05674743652344
    ],
    "validation_chi2s": {
      "DEUTERON": 1.716989517211914,
      "ATLAS": 4.125196977095171,
      "total": 2.2364068031311035
    }
  },
  "300": {
    "training_loss": 266.36767578125,
    "validation_loss": [
      117.5074234008789
    ],
    "validation_chi2s": {
      "DEUTERON": 2.256308174133301,
      "ATLAS": 2.477736386385831,
      "total": 2.304067373275757
    }
  },
  "400": {
    "training_loss": 257.9558410644531,
    "validation_loss": [
      114.29563903808594
    ],
    "validation_chi2s": {
      "DEUTERON": 2.2512348175048826,
      "ATLAS": 2.204204385930842,
      "total": 2.241091012954712
    }
  },
  "500": {
    "training_loss": 257.63250732421875,
    "validation_loss": [
      109.37765502929688
    ],
    "validation_chi2s": {
      "DEUTERON": 2.151358413696289,
      "ATLAS": 2.1203020269220527,
      "total": 2.144659996032715
    }
  },
  "600": {
    "training_loss": 254.11550903320312,
    "validation_loss": [
      110.21435546875
    ],
    "validation_chi2s": {
      "DEUTERON": 2.169692039489746,
      "ATLAS": 2.129697626287287,
      "total": 2.1610658168792725
    }
  },
  "700": {
    "training_loss": 253.64962768554688,
    "validation_loss": [
      107.45805358886719
    ],
    "validation_chi2s": {
      "DEUTERON": 1.7860681533813476,
      "ATLAS": 3.2741206776012075,
      "total": 2.107020616531372
    }
  },
  "800": {
    "training_loss": 255.93960571289062,
    "validation_loss": [
      101.56694793701172
    ],
    "validation_chi2s": {
      "DEUTERON": 1.6847143173217773,
      "ATLAS": 3.107125022194602,
      "total": 1.9915088415145874
    }
  }
}