{
  "100": {
    "training_loss": 29132518.4375,
    "validation_loss": [
      396693.96875
    ],
    "validation_chi2s": {
      "DEUTERON": 1568.623289800995,
      "NMC": 93.71419270833333,
      "NUCLEAR": 9.518150390625,
      "HERACOMB": 76.73889399509804,
      "DYE886": 12.092713789506393,
      "CDF": 49.85148402622768,
      "D0": 79.42384033203125,
      "ATLAS": 144.87338362068965,
      "CMS": 110.51745109247967,
      "LHCb": 135.2698974609375,
      "total": 332.03558349609375
    }
  },
  "200": {
    "training_loss": 19154.0,
    "validation_loss": [
      8597.091796875
    ],
    "validation_chi2s": {
      "DEUTERON": 7.723280569807214,
      "NMC": 4.580728269090839,
      "NUCLEAR": 6.62731982421875,
      "HERACOMB": 5.111129062627655,
      "DYE886": 26.667136452414773,
      "CDF": 6.902045658656529,
      "D0": 2.3003376007080076,
      "ATLAS": 10.214522438487787,
      "CMS": 5.603532992727388,
      "LHCb": 8.024109840393066,
      "total": 7.132788181304932
    }
  },
  "300": {
    "training_loss": 15065.591796875,
    "validation_loss": [
      6704.40380859375
    ],
    "validation_chi2s": {
      "DEUTERON": 6.395177433146766,
      "NMC": 3.7365896187576593,
      "NUCLEAR": 5.7550888671875,
      "HERACOMB": 4.93096883935866,
      "DYE886": 25.859852183948863,
      "CDF": 7.840979984828404,
      "D0": 1.5589863777160644,
      "ATLAS": 5.426605926162895,
      "CMS": 3.0992478781599337,
      "LHCb": 4.744412899017334,
      "total": 5.561477184295654
    }
  },
  "400": {
    "training_loss": 9800.03125,
    "validation_loss": [
      3922.691650390625
    ],
    "validation_chi2s": {
      "DEUTERON": 4.782609474599658,
      "NMC": 3.102553722905178,
      "NUCLEAR": 2.9249609375,
      "HERACOMB": 2.8333857916539014,
      "DYE886": 3.9823597994717685,
      "CDF": 5.705502101353237,
      "D0": 2.7999549865722657,
      "ATLAS": 3.2113910543507544,
      "CMS": 2.726388078394944,
      "LHCb": 2.824800491333008,
      "total": 3.2804949283599854
    }
  },
  "500": {
    "training_loss": 8645.16796875,
    "validation_loss": [
      6087.7568359375
    ],
    "validation_chi2s": {
      "DEUTERON": 17.199228467039802,
      "NMC": 3.172999662511489,
      "NUCLEAR": 2.3718837890625,
      "HERACOMB": 2.6431162715737337,
      "DYE886": 2.087503259832209,
      "CDF": 5.27080808367048,
      "D0": 3.675042724609375,
      "ATLAS": 2.8876253325363685,
      "CMS": 2.7514586409902186,
      "LHCb": 2.4557156562805176,
      "total": 5.152774333953857
    }
  },
  "600": {
    "training_loss": 8181.244140625,
    "validation_loss": [
      2966.953857421875
    ],
    "validation_chi2s": {
      "DEUTERON": 2.268406198985541,
      "NMC": 3.164164524452359,
      "NUCLEAR": 2.306403076171875,
      "HERACOMB": 2.545232835158803,
      "DYE886": 2.1476801091974433,
      "CDF": 5.053815024239676,
      "D0": 2.0821094512939453,
      "ATLAS": 2.7339444215270294,
      "CMS": 2.6380657413141515,
      "LHCb": 2.2970130443573,
      "total": 2.5084216594696045
    }
  },
  "700": {
    "training_loss": 8036.27392578125,
    "validation_loss": [
      2886.791015625
    ],
    "validation_chi2s": {
      "DEUTERON": 2.047468498571595,
      "NMC": 3.097135057636336,
      "NUCLEAR": 2.28571240234375,
      "HERACOMB": 2.5206470364838642,
      "DYE886": 2.1393755132501777,
      "CDF": 5.020014081682477,
      "D0": 1.924271011352539,
      "ATLAS": 2.6835730541711564,
      "CMS": 2.614237715558308,
      "LHCb": 2.2632503509521484,
      "total": 2.4443938732147217
    }
  },
  "800": {
    "training_loss": 7970.744140625,
    "validation_loss": [
      2862.4697265625
    ],
    "validation_chi2s": {
      "DEUTERON": 2.0148447520697297,
      "NMC": 3.0611279057521448,
      "NUCLEAR": 2.2598896484375,
      "HERACOMB": 2.5141589594822302,
      "DYE886": 2.214357029307972,
      "CDF": 4.897603716169085,
      "D0": 1.9073219299316406,
      "ATLAS": 2.654710265411728,
      "CMS": 2.6174291595210875,
      "LHCb": 2.2539920806884766,
      "total": 2.426419734954834
    }
  },
  "900": {
    "training_loss": 7931.50830078125,
    "validation_loss": [
      2850.515869140625
    ],
    "validation_chi2s": {
      "DEUTERON": 2.009765625,
      "NMC": 3.042614506740196,
      "NUCLEAR": 2.238184814453125,
      "HERACOMB": 2.5098735335605595,
      "DYE886": 2.3102252266623755,
      "CDF": 4.7847170148577005,
      "D0": 1.9329542160034179,
      "ATLAS": 2.634541654038703,
      "CMS": 2.626188448774136,
      "LHCb": 2.2579736709594727,
      "total": 2.4183995723724365
    }
  },
  "1000": {
    "training_loss": 7902.99267578125,
    "validation_loss": [
      2843.6337890625
    ],
    "validation_chi2s": {
      "DEUTERON": 2.0118259410953048,
      "NMC": 3.0335271498736214,
      "NUCLEAR": 2.216304931640625,
      "HERACOMB": 2.507720548343035,
      "DYE886": 2.3928449804132637,
      "CDF": 4.687625885009766,
      "D0": 1.9786542892456054,
      "ATLAS": 2.6202795971399064,
      "CMS": 2.6367135396817836,
      "LHCb": 2.266066789627075,
      "total": 2.413713216781616
    }
  },
  "1100": {
    "training_loss": 7887.77685546875,
    "validation_loss": [
      2836.2138671875
    ],
    "validation_chi2s": {
      "DEUTERON": 2.0095583787604943,
      "NMC": 3.0181121826171875,
      "NUCLEAR": 2.19940673828125,
      "HERACOMB": 2.5042010537939134,
      "DYE886": 2.42441801591353,
      "CDF": 4.57386725289481,
      "D0": 1.9799440383911133,
      "ATLAS": 2.6126382761988145,
      "CMS": 2.6423754188103405,
      "LHCb": 2.2790496349334717,
      "total": 2.407888412475586
    }
  },
  "1200": {
    "training_loss": 7878.35107421875,
    "validation_loss": [
      2833.1884765625
    ],
    "validation_chi2s": {
      "DEUTERON": 2.0140080238456157,
      "NMC": 3.0096327837775734,
      "NUCLEAR": 2.1901259765625,
      "HERACOMB": 2.5002912134906046,
      "DYE886": 2.458330674604936,
      "CDF": 4.503480638776507,
      "D0": 1.994089126586914,
      "ATLAS": 2.6073894281496948,
      "CMS": 2.648312700473196,
      "LHCb": 2.283548593521118,
      "total": 2.4055933952331543
    }
  },
  "1300": {
    "training_loss": 7877.56787109375,
    "validation_loss": [
      2829.63623046875
    ],
    "validation_chi2s": {
      "DEUTERON": 2.0235023308749223,
      "NMC": 2.990407008750766,
      "NUCLEAR": 2.1820625,
      "HERACOMB": 2.4968556921466503,
      "DYE886": 2.454438816417347,
      "CDF": 4.3969879150390625,
      "D0": 1.950495719909668,
      "ATLAS": 2.6088035846578665,
      "CMS": 2.650866500730437,
      "LHCb": 2.261442184448242,
      "total": 2.4025719165802
    }
  },
  "1400": {
    "training_loss": 7868.107421875,
    "validation_loss": [
      2831.58740234375
    ],
    "validation_chi2s": {
      "DEUTERON": 2.032636803774098,
      "NMC": 2.996176626168045,
      "NUCLEAR": 2.1801845703125,
      "HERACOMB": 2.4955635818780637,
      "DYE886": 2.4791204279119317,
      "CDF": 4.387519836425781,
      "D0": 2.0030704498291017,
      "ATLAS": 2.6031894026131464,
      "CMS": 2.655524277105564,
      "LHCb": 2.2700881958007812,
      "total": 2.4043917655944824
    }
  },
  "1500": {
    "training_loss": 7859.87890625,
    "validation_loss": [
      2833.77294921875
    ],
    "validation_chi2s": {
      "DEUTERON": 2.0420579293474037,
      "NMC": 3.0010214412913605,
      "NUCLEAR": 2.17662060546875,
      "HERACOMB": 2.495242449193219,
      "DYE886": 2.5014589483087715,
      "CDF": 4.373997824532645,
      "D0": 2.074591064453125,
      "ATLAS": 2.599907359857669,
      "CMS": 2.659812865218496,
      "LHCb": 2.276254177093506,
      "total": 2.406447172164917
    }
  },
  "1600": {
    "training_loss": 7861.9384765625,
    "validation_loss": [
      2836.70751953125
    ],
    "validation_chi2s": {
      "DEUTERON": 2.0774788168532337,
      "NMC": 2.9860175637637867,
      "NUCLEAR": 2.172631591796875,
      "HERACOMB": 2.4934239605673,
      "DYE886": 2.4709623510187324,
      "CDF": 4.29988043648856,
      "D0": 2.0147266387939453,
      "ATLAS": 2.6047947324555496,
      "CMS": 2.6599262516673017,
      "LHCb": 2.2427990436553955,
      "total": 2.4088335037231445
    }
  },
  "1700": {
    "training_loss": 7854.802734375,
    "validation_loss": [
      2839.14013671875
    ],
    "validation_chi2s": {
      "DEUTERON": 2.0816405946342504,
      "NMC": 2.99634656719133,
      "NUCLEAR": 2.172217529296875,
      "HERACOMB": 2.4931991676879086,
      "DYE886": 2.4933303486217153,
      "CDF": 4.295285088675363,
      "D0": 2.0798976898193358,
      "ATLAS": 2.601872937432651,
      "CMS": 2.6635734744188264,
      "LHCb": 2.253260850906372,
      "total": 2.411025285720825
    }
  },
  "1800": {
    "training_loss": 7865.0595703125,
    "validation_loss": [
      2848.147216796875
    ],
    "validation_chi2s": {
      "DEUTERON": 2.151931990438433,
      "NMC": 2.971879846909467,
      "NUCLEAR": 2.16855615234375,
      "HERACOMB": 2.4914359298406863,
      "DYE886": 2.4582339200106533,
      "CDF": 4.210847854614258,
      "D0": 1.9613983154296875,
      "ATLAS": 2.610466617277299,
      "CMS": 2.662443331586636,
      "LHCb": 2.2062013149261475,
      "total": 2.4184470176696777
    }
  },
  "1900": {
    "training_loss": 7856.224609375,
    "validation_loss": [
      2847.6689453125
    ],
    "validation_chi2s": {
      "DEUTERON": 2.1439644732878578,
      "NMC": 2.9828257841222428,
      "NUCLEAR": 2.169174072265625,
      "HERACOMB": 2.490838942184947,
      "DYE886": 2.4715218977494673,
      "CDF": 4.2220257350376675,
      "D0": 2.017012023925781,
      "ATLAS": 2.6080399436512214,
      "CMS": 2.662761657218623,
      "LHCb": 2.213212728500366,
      "total": 2.418189525604248
    }
  },
  "2000": {
    "training_loss": 7850.41845703125,
    "validation_loss": [
      2844.908203125
    ],
    "validation_chi2s": {
      "DEUTERON": 2.1268383424673507,
      "NMC": 2.9911331475949754,
      "NUCLEAR": 2.1682607421875,
      "HERACOMB": 2.4913774876812704,
      "DYE886": 2.490518396550959,
      "CDF": 4.223707744053432,
      "D0": 2.050899124145508,
      "ATLAS": 2.6061559216729524,
      "CMS": 2.6637404527121444,
      "LHCb": 2.2110674381256104,
      "total": 2.415987014770508
    }
  },
  "2100": {
    "training_loss": 7847.8818359375,
    "validation_loss": [
      2846.837646484375
    ],
    "validation_chi2s": {
      "DEUTERON": 2.1371532838736007,
      "NMC": 2.9934153837316178,
      "NUCLEAR": 2.168546630859375,
      "HERACOMB": 2.490653243719363,
      "DYE886": 2.4936613603071733,
      "CDF": 4.208641869681222,
      "D0": 2.053251266479492,
      "ATLAS": 2.6082372555787536,
      "CMS": 2.663990796096926,
      "LHCb": 2.2003109455108643,
      "total": 2.4177517890930176
    }
  },
  "2200": {
    "training_loss": 7845.64697265625,
    "validation_loss": [
      2845.588623046875
    ],
    "validation_chi2s": {
      "DEUTERON": 2.1371540430173352,
      "NMC": 2.996906654507506,
      "NUCLEAR": 2.168873046875,
      "HERACOMB": 2.4879407695695464,
      "DYE886": 2.4959021481600674,
      "CDF": 4.195846830095563,
      "D0": 2.050339698791504,
      "ATLAS": 2.608234098587913,
      "CMS": 2.6624932017752796,
      "LHCb": 2.1926846504211426,
      "total": 2.4168434143066406
    }
  },
  "2300": {
    "training_loss": 7845.203125,
    "validation_loss": [
      2842.019775390625
    ],
    "validation_chi2s": {
      "DEUTERON": 2.1259896197722328,
      "NMC": 2.995373894186581,
      "NUCLEAR": 2.1676396484375,
      "HERACOMB": 2.4852426566329657,
      "DYE886": 2.490234375,
      "CDF": 4.174885613577707,
      "D0": 2.0312515258789063,
      "ATLAS": 2.6096994685030532,
      "CMS": 2.6615521190612297,
      "LHCb": 2.199903964996338,
      "total": 2.4138262271881104
    }
  },
  "2400": {
    "training_loss": 7844.01171875,
    "validation_loss": [
      2844.8837890625
    ],
    "validation_chi2s": {
      "DEUTERON": 2.138375201628576,
      "NMC": 2.998917224360447,
      "NUCLEAR": 2.169937255859375,
      "HERACOMB": 2.482452791500715,
      "DYE886": 2.4790489890358667,
      "CDF": 4.167007991245815,
      "D0": 2.0351234436035157,
      "ATLAS": 2.6111892174030173,
      "CMS": 2.6638037208619156,
      "LHCb": 2.2086944580078125,
      "total": 2.4163312911987305
    }
  },
  "2500": {
    "training_loss": 7843.27685546875,
    "validation_loss": [
      2843.902099609375
    ],
    "validation_chi2s": {
      "DEUTERON": 2.136964712569963,
      "NMC": 2.9991042193244484,
      "NUCLEAR": 2.169128662109375,
      "HERACOMB": 2.4810655381944446,
      "DYE886": 2.4750248302112925,
      "CDF": 4.1621309007917136,
      "D0": 2.0329568862915037,
      "ATLAS": 2.6122471601113504,
      "CMS": 2.663470012385671,
      "LHCb": 2.2068545818328857,
      "total": 2.4155142307281494
    }
  },
  "2600": {
    "training_loss": 7853.63232421875,
    "validation_loss": [
      2890.52587890625
    ],
    "validation_chi2s": {
      "DEUTERON": 2.3996006600299284,
      "NMC": 2.9930461808746935,
      "NUCLEAR": 2.166744140625,
      "HERACOMB": 2.461977690653084,
      "DYE886": 2.438372005115856,
      "CDF": 4.0535447256905695,
      "D0": 1.8495256423950195,
      "ATLAS": 2.5993803177756827,
      "CMS": 2.7100653919747204,
      "LHCb": 2.207653284072876,
      "total": 2.4547669887542725
    }
  },
  "2700": {
    "training_loss": 7847.806640625,
    "validation_loss": [
      2867.7978515625
    ],
    "validation_chi2s": {
      "DEUTERON": 2.288200871861396,
      "NMC": 2.997604070925245,
      "NUCLEAR": 2.167101806640625,
      "HERACOMB": 2.4597088184232025,
      "DYE886": 2.4383149580522017,
      "CDF": 4.05871091570173,
      "D0": 1.8697227478027343,
      "ATLAS": 2.598620535313398,
      "CMS": 2.707741838160569,
      "LHCb": 2.220221996307373,
      "total": 2.4355976581573486
    }
  },
  "2800": {
    "training_loss": 7841.96630859375,
    "validation_loss": [
      2843.112060546875
    ],
    "validation_chi2s": {
      "DEUTERON": 2.1354297239388993,
      "NMC": 3.002564374138327,
      "NUCLEAR": 2.171120849609375,
      "HERACOMB": 2.4763680252374387,
      "DYE886": 2.4536559365012427,
      "CDF": 4.146090371268136,
      "D0": 2.0399452209472657,
      "ATLAS": 2.6116350546650504,
      "CMS": 2.667462604801829,
      "LHCb": 2.2214787006378174,
      "total": 2.4148921966552734
    }
  },
  "2900": {
    "training_loss": 7841.43115234375,
    "validation_loss": [
      2842.861572265625
    ],
    "validation_chi2s": {
      "DEUTERON": 2.134940076230177,
      "NMC": 3.00225830078125,
      "NUCLEAR": 2.170940185546875,
      "HERACOMB": 2.475659538717831,
      "DYE886": 2.448982065374201,
      "CDF": 4.142523629324777,
      "D0": 2.0389520645141603,
      "ATLAS": 2.61413451446884,
      "CMS": 2.6672308696963922,
      "LHCb": 2.218963861465454,
      "total": 2.4147324562072754
    }
  },
  "3000": {
    "training_loss": 7841.16796875,
    "validation_loss": [
      2841.322265625
    ],
    "validation_chi2s": {
      "DEUTERON": 2.1297722811722637,
      "NMC": 3.0014576631433822,
      "NUCLEAR": 2.17032666015625,
      "HERACOMB": 2.4760504828559027,
      "DYE886": 2.4441077492453833,
      "CDF": 4.143706185477121,
      "D0": 2.0262825012207033,
      "ATLAS": 2.613201623675467,
      "CMS": 2.6675774799129828,
      "LHCb": 2.218018054962158,
      "total": 2.413466453552246
    }
  },
  "3100": {
    "training_loss": 7840.8828125,
    "validation_loss": [
      2841.400390625
    ],
    "validation_chi2s": {
      "DEUTERON": 2.1327637629722482,
      "NMC": 3.003169340245864,
      "NUCLEAR": 2.170421630859375,
      "HERACOMB": 2.472940282883987,
      "DYE886": 2.4331323450261895,
      "CDF": 4.132288251604352,
      "D0": 2.020998954772949,
      "ATLAS": 2.6178185473913436,
      "CMS": 2.6672512147484757,
      "LHCb": 2.2197628021240234,
      "total": 2.4136412143707275
    }
  },
  "3200": {
    "training_loss": 7839.79736328125,
    "validation_loss": [
      2838.617431640625
    ],
    "validation_chi2s": {
      "DEUTERON": 2.1223958333333335,
      "NMC": 3.003862268784467,
      "NUCLEAR": 2.169460205078125,
      "HERACOMB": 2.472387575635723,
      "DYE886": 2.4305220517245205,
      "CDF": 4.135918208530971,
      "D0": 2.0156326293945312,
      "ATLAS": 2.61676148162491,
      "CMS": 2.6674380418730945,
      "LHCb": 2.2197585105895996,
      "total": 2.4113409519195557
    }
  },
  "3300": {
    "training_loss": 7838.89208984375,
    "validation_loss": [
      2837.62060546875
    ],
    "validation_chi2s": {
      "DEUTERON": 2.1182026270017102,
      "NMC": 3.0054683311312806,
      "NUCLEAR": 2.169653076171875,
      "HERACOMB": 2.471841650071487,
      "DYE886": 2.4266307137229224,
      "CDF": 4.142718996320452,
      "D0": 2.0164093017578124,
      "ATLAS": 2.6149323562095903,
      "CMS": 2.669054729182546,
      "LHCb": 2.223156690597534,
      "total": 2.4105582237243652
    }
  },
  "3400": {
    "training_loss": 7835.80615234375,
    "validation_loss": [
      2833.43359375
    ],
    "validation_chi2s": {
      "DEUTERON": 2.0982782923760106,
      "NMC": 3.0116038602941178,
      "NUCLEAR": 2.1692275390625,
      "HERACOMB": 2.4682804681117236,
      "DYE886": 2.4267430738969282,
      "CDF": 4.1456402369907925,
      "D0": 2.0278059005737306,
      "ATLAS": 2.617034561332615,
      "CMS": 2.6691765513846546,
      "LHCb": 2.234210968017578,
      "total": 2.4071426391601562
    }
  },
  "3500": {
    "training_loss": 7834.95654296875,
    "validation_loss": [
      2837.59326171875
    ],
    "validation_chi2s": {
      "DEUTERON": 2.114041456535681,
      "NMC": 3.0139459348192403,
      "NUCLEAR": 2.17041650390625,
      "HERACOMB": 2.467244665607128,
      "DYE886": 2.4144359935413706,
      "CDF": 4.1462200709751675,
      "D0": 2.046442985534668,
      "ATLAS": 2.6224145998899964,
      "CMS": 2.6693018471322407,
      "LHCb": 2.240032434463501,
      "total": 2.4108211994171143
    }
  },
  "3600": {
    "training_loss": 7837.0810546875,
    "validation_loss": [
      2832.69921875
    ],
    "validation_chi2s": {
      "DEUTERON": 2.1031222367168065,
      "NMC": 3.0046135397518383,
      "NUCLEAR": 2.1677919921875,
      "HERACOMB": 2.4670061098983864,
      "DYE886": 2.40566010908647,
      "CDF": 4.127804892403739,
      "D0": 1.9895658493041992,
      "ATLAS": 2.622673999304059,
      "CMS": 2.6685709139195883,
      "LHCb": 2.226011037826538,
      "total": 2.406752824783325
    }
  },
  "3700": {
    "training_loss": 7838.6884765625,
    "validation_loss": [
      2831.83203125
    ],
    "validation_chi2s": {
      "DEUTERON": 2.1012469998639616,
      "NMC": 3.0000753963694855,
      "NUCLEAR": 2.167336181640625,
      "HERACOMB": 2.4672438677619484,
      "DYE886": 2.3929367065429688,
      "CDF": 4.122852325439453,
      "D0": 1.9628715515136719,
      "ATLAS": 2.623102122339709,
      "CMS": 2.6708976931688264,
      "LHCb": 2.230048418045044,
      "total": 2.4061224460601807
    }
  },
  "3800": {
    "training_loss": 7837.63623046875,
    "validation_loss": [
      2842.19140625
    ],
    "validation_chi2s": {
      "DEUTERON": 2.173515813267646,
      "NMC": 3.0094125785079657,
      "NUCLEAR": 2.165074951171875,
      "HERACOMB": 2.4462567497702206,
      "DYE886": 2.3857544985684482,
      "CDF": 4.051999773297991,
      "D0": 1.861761474609375,
      "ATLAS": 2.611805707558818,
      "CMS": 2.7143862344385163,
      "LHCb": 2.2510008811950684,
      "total": 2.4149692058563232
    }
  },
  "3900": {
    "training_loss": 7834.8603515625,
    "validation_loss": [
      2826.99365234375
    ],
    "validation_chi2s": {
      "DEUTERON": 2.096956774963075,
      "NMC": 3.0034532733992036,
      "NUCLEAR": 2.1654755859375,
      "HERACOMB": 2.45513876123366,
      "DYE886": 2.3956551985307173,
      "CDF": 4.080229350498745,
      "D0": 1.8633493423461913,
      "ATLAS": 2.596425198960578,
      "CMS": 2.711559512750889,
      "LHCb": 2.2610366344451904,
      "total": 2.402090549468994
    }
  },
  "4000": {
    "training_loss": 7836.828125,
    "validation_loss": [
      2826.572265625
    ],
    "validation_chi2s": {
      "DEUTERON": 2.086085533028218,
      "NMC": 2.997074201995251,
      "NUCLEAR": 2.16625146484375,
      "HERACOMB": 2.4622419768688726,
      "DYE886": 2.3683303486217153,
      "CDF": 4.101238523210798,
      "D0": 1.9327007293701173,
      "ATLAS": 2.6275308543238145,
      "CMS": 2.670401472386306,
      "LHCb": 2.2457802295684814,
      "total": 2.402055025100708
    }
  },
  "4100": {
    "training_loss": 7834.82177734375,
    "validation_loss": [
      2826.223876953125
    ],
    "validation_chi2s": {
      "DEUTERON": 2.088784137175451,
      "NMC": 3.001433428596048,
      "NUCLEAR": 2.166771240234375,
      "HERACOMB": 2.4587418300653594,
      "DYE886": 2.352947235107422,
      "CDF": 4.096438816615513,
      "D0": 1.9007488250732423,
      "ATLAS": 2.6313986942685883,
      "CMS": 2.668952011480564,
      "LHCb": 2.252686023712158,
      "total": 2.4019253253936768
    }
  },
  "4200": {
    "training_loss": 7836.4990234375,
    "validation_loss": [
      2832.219970703125
    ],
    "validation_chi2s": {
      "DEUTERON": 2.120448781483209,
      "NMC": 2.991146012848499,
      "NUCLEAR": 2.166071044921875,
      "HERACOMB": 2.463784411062602,
      "DYE886": 2.34008130160245,
      "CDF": 4.0949587140764505,
      "D0": 1.9093191146850585,
      "ATLAS": 2.627635561186692,
      "CMS": 2.6698087366615852,
      "LHCb": 2.2405216693878174,
      "total": 2.4070796966552734
    }
  },
  "4300": {
    "training_loss": 7833.25927734375,
    "validation_loss": [
      2824.8251953125
    ],
    "validation_chi2s": {
      "DEUTERON": 2.0819079650575247,
      "NMC": 2.9870937571806064,
      "NUCLEAR": 2.165593505859375,
      "HERACOMB": 2.4683965545853757,
      "DYE886": 2.3393958698619497,
      "CDF": 4.111731120518276,
      "D0": 1.8811599731445312,
      "ATLAS": 2.6197223882565552,
      "CMS": 2.670757262687373,
      "LHCb": 2.266331672668457,
      "total": 2.4008936882019043
    }
  },
  "4400": {
    "training_loss": 7828.46240234375,
    "validation_loss": [
      2825.689453125
    ],
    "validation_chi2s": {
      "DEUTERON": 2.089259361153218,
      "NMC": 2.9928920970243564,
      "NUCLEAR": 2.166369140625,
      "HERACOMB": 2.4656425924862133,
      "DYE886": 2.3337665904651987,
      "CDF": 4.105956758771624,
      "D0": 1.8930564880371095,
      "ATLAS": 2.619951971646013,
      "CMS": 2.6695521905170225,
      "LHCb": 2.2690231800079346,
      "total": 2.401792287826538
    }
  },
  "4500": {
    "training_loss": 7828.1240234375,
    "validation_loss": [
      2829.294677734375
    ],
    "validation_chi2s": {
      "DEUTERON": 2.1134938102456466,
      "NMC": 2.985608269186581,
      "NUCLEAR": 2.165408447265625,
      "HERACOMB": 2.4638927185457518,
      "DYE886": 2.311062899502841,
      "CDF": 4.088894435337612,
      "D0": 1.8672409057617188,
      "ATLAS": 2.623846295236171,
      "CMS": 2.6698332995903202,
      "LHCb": 2.275254964828491,
      "total": 2.4049882888793945
    }
  },
  "4600": {
    "training_loss": 7825.34375,
    "validation_loss": [
      2841.813720703125
    ],
    "validation_chi2s": {
      "DEUTERON": 2.1879759831215018,
      "NMC": 2.9900740081188726,
      "NUCLEAR": 2.16648388671875,
      "HERACOMB": 2.4475261214511845,
      "DYE886": 2.3173030506480825,
      "CDF": 4.035257066999163,
      "D0": 1.7939226150512695,
      "ATLAS": 2.6076754865975214,
      "CMS": 2.7169452450139735,
      "LHCb": 2.2744486331939697,
      "total": 2.41556978225708
    }
  },
  "4700": {
    "training_loss": 7819.6806640625,
    "validation_loss": [
      2827.808837890625
    ],
    "validation_chi2s": {
      "DEUTERON": 2.1184159463910914,
      "NMC": 2.994483798157935,
      "NUCLEAR": 2.166408203125,
      "HERACOMB": 2.4451531304253473,
      "DYE886": 2.331160458651456,
      "CDF": 4.041339601789202,
      "D0": 1.8764171600341797,
      "ATLAS": 2.631999224081807,
      "CMS": 2.677868850832063,
      "LHCb": 2.2834360599517822,
      "total": 2.403991460800171
    }
  },
  "4800": {
    "training_loss": 7809.68505859375,
    "validation_loss": [
      2818.484619140625
    ],
    "validation_chi2s": {
      "DEUTERON": 2.056979051276819,
      "NMC": 2.993198469573376,
      "NUCLEAR": 2.167809326171875,
      "HERACOMB": 2.4604929007735907,
      "DYE886": 2.372772216796875,
      "CDF": 4.09360476902553,
      "D0": 1.9043594360351563,
      "ATLAS": 2.614234485845456,
      "CMS": 2.6703694661458335,
      "LHCb": 2.2988150119781494,
      "total": 2.39605712890625
    }
  },
  "4900": {
    "training_loss": 7807.49609375,
    "validation_loss": [
      2818.9658203125
    ],
    "validation_chi2s": {
      "DEUTERON": 2.0651655054804103,
      "NMC": 2.9872601079005823,
      "NUCLEAR": 2.168081787109375,
      "HERACOMB": 2.4583750207439747,
      "DYE886": 2.380796779285778,
      "CDF": 4.07011113848005,
      "D0": 1.8786937713623046,
      "ATLAS": 2.6139389564251077,
      "CMS": 2.669989609136814,
      "LHCb": 2.302564859390259,
      "total": 2.3965163230895996
    }
  },
  "5000": {
    "training_loss": 7816.81640625,
    "validation_loss": [
      2831.761474609375
    ],
    "validation_chi2s": {
      "DEUTERON": 2.1407227777129973,
      "NMC": 2.96442518047258,
      "NUCLEAR": 2.1671484375,
      "HERACOMB": 2.458913765701593,
      "DYE886": 2.3408744118430396,
      "CDF": 4.002449308122907,
      "D0": 1.784885787963867,
      "ATLAS": 2.623327145631286,
      "CMS": 2.6732135555608485,
      "LHCb": 2.275123119354248,
      "total": 2.407413959503174
    }
  },
  "5100": {
    "training_loss": 7805.35302734375,
    "validation_loss": [
      2819.657470703125
    ],
    "validation_chi2s": {
      "DEUTERON": 2.0917914091651117,
      "NMC": 2.9723893707873774,
      "NUCLEAR": 2.16536962890625,
      "HERACOMB": 2.4503469030841503,
      "DYE886": 2.370340347290039,
      "CDF": 4.010251998901367,
      "D0": 1.76805419921875,
      "ATLAS": 2.6153659162850214,
      "CMS": 2.6771292337557164,
      "LHCb": 2.304757595062256,
      "total": 2.3972814083099365
    }
  },
  "5200": {
    "training_loss": 7807.0009765625,
    "validation_loss": [
      2827.853271484375
    ],
    "validation_chi2s": {
      "DEUTERON": 2.135803374484997,
      "NMC": 2.95360460468367,
      "NUCLEAR": 2.16511962890625,
      "HERACOMB": 2.4530952802670547,
      "DYE886": 2.3498465798117896,
      "CDF": 3.9712914058140347,
      "D0": 1.7281560897827148,
      "ATLAS": 2.625542125482669,
      "CMS": 2.6718097469670985,
      "LHCb": 2.2933056354522705,
      "total": 2.404334545135498
    }
  },
  "5300": {
    "training_loss": 7791.50146484375,
    "validation_loss": [
      2852.2578125
    ],
    "validation_chi2s": {
      "DEUTERON": 2.2808430989583335,
      "NMC": 2.978923423617494,
      "NUCLEAR": 2.163458251953125,
      "HERACOMB": 2.4224103541156046,
      "DYE886": 2.3683910369873047,
      "CDF": 3.9089903150285994,
      "D0": 1.686001968383789,
      "ATLAS": 2.6073131342043823,
      "CMS": 2.732898991282393,
      "LHCb": 2.290065050125122,
      "total": 2.4251062870025635
    }
  },
  "5400": {
    "training_loss": 7798.689453125,
    "validation_loss": [
      2829.616455078125
    ],
    "validation_chi2s": {
      "DEUTERON": 2.159873393044543,
      "NMC": 2.941814048617494,
      "NUCLEAR": 2.167419677734375,
      "HERACOMB": 2.4471515331392975,
      "DYE886": 2.3608856201171875,
      "CDF": 3.9677720751081194,
      "D0": 1.700075912475586,
      "ATLAS": 2.630670481714709,
      "CMS": 2.6659575671684452,
      "LHCb": 2.2541632652282715,
      "total": 2.4059078693389893
    }
  },
  "5500": {
    "training_loss": 7787.83056640625,
    "validation_loss": [
      2824.14599609375
    ],
    "validation_chi2s": {
      "DEUTERON": 2.147962731508473,
      "NMC": 2.946732165766697,
      "NUCLEAR": 2.162025634765625,
      "HERACOMB": 2.440601822597529,
      "DYE886": 2.3653514168479224,
      "CDF": 4.020018441336496,
      "D0": 1.7442543029785156,
      "ATLAS": 2.6165001529386673,
      "CMS": 2.6697328148818595,
      "LHCb": 2.2892110347747803,
      "total": 2.401256561279297
    }
  },
  "5600": {
    "training_loss": 7778.240234375,
    "validation_loss": [
      2816.693603515625
    ],
    "validation_chi2s": {
      "DEUTERON": 2.1050800684079602,
      "NMC": 2.951677210190717,
      "NUCLEAR": 2.161531982421875,
      "HERACOMB": 2.441708633323121,
      "DYE886": 2.3989791870117188,
      "CDF": 4.018921443394253,
      "D0": 1.761368179321289,
      "ATLAS": 2.616387553598689,
      "CMS": 2.666643840510671,
      "LHCb": 2.2999026775360107,
      "total": 2.3950438499450684
    }
  },
  "5700": {
    "training_loss": 7774.58203125,
    "validation_loss": [
      2827.75244140625
    ],
    "validation_chi2s": {
      "DEUTERON": 2.1699769888351215,
      "NMC": 2.9522471708409928,
      "NUCLEAR": 2.161624755859375,
      "HERACOMB": 2.437523137510212,
      "DYE886": 2.388094121759588,
      "CDF": 3.993615286690848,
      "D0": 1.6875350952148438,
      "ATLAS": 2.620917660066451,
      "CMS": 2.665155426273501,
      "LHCb": 2.2935240268707275,
      "total": 2.4044504165649414
    }
  },
  "5800": {
    "training_loss": 7776.638671875,
    "validation_loss": [
      2823.09716796875
    ],
    "validation_chi2s": {
      "DEUTERON": 2.1662131541997045,
      "NMC": 2.9450827205882355,
      "NUCLEAR": 2.159489501953125,
      "HERACOMB": 2.438498702703738,
      "DYE886": 2.4171206734397193,
      "CDF": 4.003002984183175,
      "D0": 1.6975099563598632,
      "ATLAS": 2.603117317988955,
      "CMS": 2.666523755081301,
      "LHCb": 2.2526116371154785,
      "total": 2.400376081466675
    }
  },
  "5900": {
    "training_loss": 7768.95263671875,
    "validation_loss": [
      2849.2109375
    ],
    "validation_chi2s": {
      "DEUTERON": 2.283621716855177,
      "NMC": 2.94165906719133,
      "NUCLEAR": 2.157048095703125,
      "HERACOMB": 2.442722096162684,
      "DYE886": 2.3971935619007456,
      "CDF": 4.028697150094168,
      "D0": 1.6884096145629883,
      "ATLAS": 2.6042270002693964,
      "CMS": 2.674752088097053,
      "LHCb": 2.2944862842559814,
      "total": 2.4227421283721924
    }
  },
  "6000": {
    "training_loss": 7768.7431640625,
    "validation_loss": [
      2872.2724609375
    ],
    "validation_chi2s": {
      "DEUTERON": 2.4163564805367694,
      "NMC": 2.9508388743681064,
      "NUCLEAR": 2.159297607421875,
      "HERACOMB": 2.423477472043505,
      "DYE886": 2.3909424868496982,
      "CDF": 3.9691366468157088,
      "D0": 1.590059757232666,
      "ATLAS": 2.6272910984083153,
      "CMS": 2.6734671243807164,
      "LHCb": 2.2602016925811768,
      "total": 2.4423348903656006
    }
  },
  "6100": {
    "training_loss": 7784.3564453125,
    "validation_loss": [
      2878.397216796875
    ],
    "validation_chi2s": {
      "DEUTERON": 2.460757279277441,
      "NMC": 2.9074264227175246,
      "NUCLEAR": 2.15338232421875,
      "HERACOMB": 2.439717810138378,
      "DYE886": 2.3585187738591973,
      "CDF": 4.00263922555106,
      "D0": 1.575821304321289,
      "ATLAS": 2.611785888671875,
      "CMS": 2.670941608708079,
      "LHCb": 2.2441179752349854,
      "total": 2.4474852085113525
    }
  },
  "6200": {
    "training_loss": 7756.85107421875,
    "validation_loss": [
      2895.9990234375
    ],
    "validation_chi2s": {
      "DEUTERON": 2.5527295164800994,
      "NMC": 2.955001531862745,
      "NUCLEAR": 2.15099951171875,
      "HERACOMB": 2.4233286739174837,
      "DYE886": 2.379190271550959,
      "CDF": 4.042184012276786,
      "D0": 1.6178911209106446,
      "ATLAS": 2.606892377480693,
      "CMS": 2.672130553702998,
      "LHCb": 2.3051910400390625,
      "total": 2.4625391960144043
    }
  },
  "6300": {
    "training_loss": 7771.34619140625,
    "validation_loss": [
      2852.14501953125
    ],
    "validation_chi2s": {
      "DEUTERON": 2.3320862120063746,
      "NMC": 2.920014325310202,
      "NUCLEAR": 2.149714111328125,
      "HERACOMB": 2.430041144875919,
      "DYE886": 2.399354587901722,
      "CDF": 3.9400206974574496,
      "D0": 1.6077119827270507,
      "ATLAS": 2.6422101601786996,
      "CMS": 2.6522846997268803,
      "LHCb": 2.2171707153320312,
      "total": 2.425220489501953
    }
  },
  "6400": {
    "training_loss": 7755.904296875,
    "validation_loss": [
      3035.131103515625
    ],
    "validation_chi2s": {
      "DEUTERON": 3.165459324471393,
      "NMC": 2.8374867158777572,
      "NUCLEAR": 2.147963623046875,
      "HERACOMB": 2.486563888250613,
      "DYE886": 2.353446266867898,
      "CDF": 3.8571259634835378,
      "D0": 1.4497797966003418,
      "ATLAS": 2.648889826632094,
      "CMS": 2.6918004974117125,
      "LHCb": 2.2016053199768066,
      "total": 2.580418348312378
    }
  },
  "6500": {
    "training_loss": 7757.1376953125,
    "validation_loss": [
      3021.213623046875
    ],
    "validation_chi2s": {
      "DEUTERON": 3.108015221742848,
      "NMC": 2.842990650850184,
      "NUCLEAR": 2.1527607421875,
      "HERACOMB": 2.4844853020960986,
      "DYE886": 2.3801501880992544,
      "CDF": 3.8373827253069197,
      "D0": 1.426703929901123,
      "ATLAS": 2.651862484285201,
      "CMS": 2.6799681128525155,
      "LHCb": 2.1192233562469482,
      "total": 2.5684638023376465
    }
  },
  "6600": {
    "training_loss": 7771.10986328125,
    "validation_loss": [
      2869.85205078125
    ],
    "validation_chi2s": {
      "DEUTERON": 2.445804728797419,
      "NMC": 2.9222555721507355,
      "NUCLEAR": 2.143477294921875,
      "HERACOMB": 2.412234437231924,
      "DYE886": 2.3945477225563745,
      "CDF": 3.8679820469447543,
      "D0": 1.513956069946289,
      "ATLAS": 2.634474304900772,
      "CMS": 2.689101304465193,
      "LHCb": 2.2195980548858643,
      "total": 2.440251111984253
    }
  },
  "6700": {
    "training_loss": 7761.75732421875,
    "validation_loss": [
      2865.14111328125
    ],
    "validation_chi2s": {
      "DEUTERON": 2.4194921996463,
      "NMC": 2.902438294653799,
      "NUCLEAR": 2.14308740234375,
      "HERACOMB": 2.431106467652165,
      "DYE886": 2.380097822709517,
      "CDF": 3.9845354897635326,
      "D0": 1.5220741271972655,
      "ATLAS": 2.6191599177218032,
      "CMS": 2.664183577870935,
      "LHCb": 2.254734516143799,
      "total": 2.4362988471984863
    }
  },
  "6800": {
    "training_loss": 7766.8115234375,
    "validation_loss": [
      2869.8994140625
    ],
    "validation_chi2s": {
      "DEUTERON": 2.4495204337200716,
      "NMC": 2.9035237630208335,
      "NUCLEAR": 2.14202783203125,
      "HERACOMB": 2.4354936188342524,
      "DYE886": 2.361676649613814,
      "CDF": 3.970503125871931,
      "D0": 1.500685691833496,
      "ATLAS": 2.6139689478380927,
      "CMS": 2.663158137623857,
      "LHCb": 2.234377384185791,
      "total": 2.440355062484741
    }
  },
  "6900": {
    "training_loss": 7784.03759765625,
    "validation_loss": [
      2904.81591796875
    ],
    "validation_chi2s": {
      "DEUTERON": 2.6365298750388684,
      "NMC": 2.925523645737592,
      "NUCLEAR": 2.143932861328125,
      "HERACOMB": 2.420742259306066,
      "DYE886": 2.3466751792214136,
      "CDF": 3.9711862291608537,
      "D0": 1.4566663742065429,
      "ATLAS": 2.6014477959994613,
      "CMS": 2.6821199742759148,
      "LHCb": 2.260460376739502,
      "total": 2.4700286388397217
    }
  },
  "7000": {
    "training_loss": 7742.04541015625,
    "validation_loss": [
      3657.68896484375
    ],
    "validation_chi2s": {
      "DEUTERON": 6.299337054959577,
      "NMC": 2.8379755955116424,
      "NUCLEAR": 2.141063232421875,
      "HERACOMB": 2.4891100116804536,
      "DYE886": 2.2973475022749468,
      "CDF": 3.8684719630650113,
      "D0": 1.3906194686889648,
      "ATLAS": 2.605549604043193,
      "CMS": 2.714279298859883,
      "LHCb": 2.185176134109497,
      "total": 3.109279155731201
    }
  },
  "7100": {
    "training_loss": 7747.05078125,
    "validation_loss": [
      3115.118408203125
    ],
    "validation_chi2s": {
      "DEUTERON": 3.60405370607898,
      "NMC": 2.8245547425513173,
      "NUCLEAR": 2.1404326171875,
      "HERACOMB": 2.487719766454759,
      "DYE886": 2.2875803167169746,
      "CDF": 3.869792938232422,
      "D0": 1.4078660964965821,
      "ATLAS": 2.6503195927060883,
      "CMS": 2.6680218456237297,
      "LHCb": 2.1615471839904785,
      "total": 2.648642063140869
    }
  },
  "7200": {
    "training_loss": 7751.7001953125,
    "validation_loss": [
      2849.844970703125
    ],
    "validation_chi2s": {
      "DEUTERON": 2.360654916336287,
      "NMC": 2.9066844267003678,
      "NUCLEAR": 2.135806884765625,
      "HERACOMB": 2.4432566524331087,
      "DYE886": 2.3770278583873403,
      "CDF": 3.9997356959751675,
      "D0": 1.5030726432800292,
      "ATLAS": 2.598546696805406,
      "CMS": 2.6548836560753304,
      "LHCb": 2.233511447906494,
      "total": 2.423311710357666
    }
  },
  "7300": {
    "training_loss": 7741.8984375,
    "validation_loss": [
      3210.07666015625
    ],
    "validation_chi2s": {
      "DEUTERON": 4.063103063782649,
      "NMC": 2.8231955135569855,
      "NUCLEAR": 2.14008984375,
      "HERACOMB": 2.4921821145450367,
      "DYE886": 2.3014644276012075,
      "CDF": 3.8708880288260326,
      "D0": 1.3900423049926758,
      "ATLAS": 2.646675022169091,
      "CMS": 2.6795192811547257,
      "LHCb": 2.1739211082458496,
      "total": 2.729246139526367
    }
  },
  "7400": {
    "training_loss": 7744.0654296875,
    "validation_loss": [
      3385.03125
    ],
    "validation_chi2s": {
      "DEUTERON": 4.9370481576492535,
      "NMC": 2.8297107172947302,
      "NUCLEAR": 2.141793701171875,
      "HERACOMB": 2.4834674511080475,
      "DYE886": 2.2893014387650923,
      "CDF": 3.894918986729213,
      "D0": 1.3923462867736816,
      "ATLAS": 2.6400898900525323,
      "CMS": 2.6960233362709602,
      "LHCb": 2.187675714492798,
      "total": 2.8780579566955566
    }
  },
  "7500": {
    "training_loss": 7753.802734375,
    "validation_loss": [
      2895.4931640625
    ],
    "validation_chi2s": {
      "DEUTERON": 2.52526415165384,
      "NMC": 2.8305436676623774,
      "NUCLEAR": 2.131354736328125,
      "HERACOMB": 2.4768259883706087,
      "DYE886": 2.32116022976962,
      "CDF": 3.8629837036132812,
      "D0": 1.4254937171936035,
      "ATLAS": 2.676006448679957,
      "CMS": 2.64047340455094,
      "LHCb": 2.1881682872772217,
      "total": 2.4621336460113525
    }
  },
  "7600": {
    "training_loss": 7750.66845703125,
    "validation_loss": [
      3149.331298828125
    ],
    "validation_chi2s": {
      "DEUTERON": 3.7983932874689055,
      "NMC": 2.835052490234375,
      "NUCLEAR": 2.13702197265625,
      "HERACOMB": 2.4593882841222428,
      "DYE886": 2.294028542258523,
      "CDF": 3.8691981179373607,
      "D0": 1.4199416160583496,
      "ATLAS": 2.6805002497530532,
      "CMS": 2.6487230750603405,
      "LHCb": 2.2009167671203613,
      "total": 2.677955150604248
    }
  },
  "7700": {
    "training_loss": 7746.6884765625,
    "validation_loss": [
      2833.4609375
    ],
    "validation_chi2s": {
      "DEUTERON": 2.2844733242964863,
      "NMC": 2.9180620978860294,
      "NUCLEAR": 2.133598876953125,
      "HERACOMB": 2.4266289605034723,
      "DYE886": 2.348225160078569,
      "CDF": 3.9504996708461215,
      "D0": 1.5174654960632323,
      "ATLAS": 2.6031515187230605,
      "CMS": 2.6776070943692836,
      "LHCb": 2.2724227905273438,
      "total": 2.409395694732666
    }
  },
  "7800": {
    "training_loss": 7742.25390625,
    "validation_loss": [
      2930.529052734375
    ],
    "validation_chi2s": {
      "DEUTERON": 2.7462537774992226,
      "NMC": 2.881204044117647,
      "NUCLEAR": 2.132895263671875,
      "HERACOMB": 2.431365567874285,
      "DYE886": 2.3351700522682886,
      "CDF": 3.878842217581613,
      "D0": 1.4086894035339355,
      "ATLAS": 2.666058945929867,
      "CMS": 2.657057847433943,
      "LHCb": 2.2200753688812256,
      "total": 2.491945266723633
    }
  },
  "7900": {
    "training_loss": 7767.58056640625,
    "validation_loss": [
      2850.332763671875
    ],
    "validation_chi2s": {
      "DEUTERON": 2.335331399642413,
      "NMC": 2.867813708735447,
      "NUCLEAR": 2.131409912109375,
      "HERACOMB": 2.4469426971635007,
      "DYE886": 2.3390168276700107,
      "CDF": 3.8270571572440013,
      "D0": 1.4200343132019042,
      "ATLAS": 2.665375983578035,
      "CMS": 2.6522963609152694,
      "LHCb": 2.2060751914978027,
      "total": 2.423748016357422
    }
  },
  "8000": {
    "training_loss": 7739.51318359375,
    "validation_loss": [
      3832.897705078125
    ],
    "validation_chi2s": {
      "DEUTERON": 7.210230585354478,
      "NMC": 2.8444342519722734,
      "NUCLEAR": 2.13321337890625,
      "HERACOMB": 2.4579483730341094,
      "DYE886": 2.2605358470569956,
      "CDF": 3.8413418361118863,
      "D0": 1.367376708984375,
      "ATLAS": 2.6460306452608657,
      "CMS": 2.6991031305576727,
      "LHCb": 2.191821575164795,
      "total": 3.259005546569824
    }
  },
  "8100": {
    "training_loss": 7749.69091796875,
    "validation_loss": [
      2855.33447265625
    ],
    "validation_chi2s": {
      "DEUTERON": 2.3790122264653295,
      "NMC": 2.9200460396560968,
      "NUCLEAR": 2.135767578125,
      "HERACOMB": 2.439599330129187,
      "DYE886": 2.321605855768377,
      "CDF": 3.9552061898367747,
      "D0": 1.5239511489868165,
      "ATLAS": 2.628131208748653,
      "CMS": 2.6514006824028202,
      "LHCb": 2.1981046199798584,
      "total": 2.4279937744140625
    }
  },
  "8200": {
    "training_loss": 7734.6474609375,
    "validation_loss": [
      3336.6083984375
    ],
    "validation_chi2s": {
      "DEUTERON": 4.662523563821518,
      "NMC": 2.804155237534467,
      "NUCLEAR": 2.135092041015625,
      "HERACOMB": 2.5172500111698324,
      "DYE886": 2.2544354525479404,
      "CDF": 3.9292795998709544,
      "D0": 1.38937406539917,
      "ATLAS": 2.668933035313398,
      "CMS": 2.6661451386242376,
      "LHCb": 2.132598638534546,
      "total": 2.836564779281616
    }
  },
  "8300": {
    "training_loss": 7743.54443359375,
    "validation_loss": [
      2887.155517578125
    ],
    "validation_chi2s": {
      "DEUTERON": 2.410995559312811,
      "NMC": 2.808737960516238,
      "NUCLEAR": 2.129476318359375,
      "HERACOMB": 2.5021854974085986,
      "DYE886": 2.343963449651545,
      "CDF": 3.8887694222586497,
      "D0": 1.4662972450256349,
      "ATLAS": 2.722127103257453,
      "CMS": 2.6429354039634148,
      "LHCb": 2.1581649780273438,
      "total": 2.4550487995147705
    }
  },
  "8400": {
    "training_loss": 7732.857421875,
    "validation_loss": [
      3210.812744140625
    ],
    "validation_chi2s": {
      "DEUTERON": 4.116814608597637,
      "NMC": 2.829339719286152,
      "NUCLEAR": 2.13351611328125,
      "HERACOMB": 2.4715751697814543,
      "DYE886": 2.3037877516313032,
      "CDF": 3.8890132904052734,
      "D0": 1.370307445526123,
      "ATLAS": 2.6758761351135956,
      "CMS": 2.6365492906027694,
      "LHCb": 2.116081714630127,
      "total": 2.7301695346832275
    }
  },
  "8500": {
    "training_loss": 7763.328125,
    "validation_loss": [
      2828.585205078125
    ],
    "validation_chi2s": {
      "DEUTERON": 2.2565908859025186,
      "NMC": 2.948354683670343,
      "NUCLEAR": 2.13148828125,
      "HERACOMB": 2.4358572367749183,
      "DYE886": 2.404987508600408,
      "CDF": 4.088473456246512,
      "D0": 1.459811019897461,
      "ATLAS": 2.5950731299389367,
      "CMS": 2.659090863979929,
      "LHCb": 2.2393057346343994,
      "total": 2.4052557945251465
    }
  },
  "8600": {
    "training_loss": 7741.43994140625,
    "validation_loss": [
      2882.425048828125
    ],
    "validation_chi2s": {
      "DEUTERON": 2.513007624232354,
      "NMC": 2.910727108226103,
      "NUCLEAR": 2.128156494140625,
      "HERACOMB": 2.4320146149280024,
      "DYE886": 2.36406794461337,
      "CDF": 3.9639955248151506,
      "D0": 1.4841869354248047,
      "ATLAS": 2.641401444358387,
      "CMS": 2.661088400739964,
      "LHCb": 2.2221457958221436,
      "total": 2.451040029525757
    }
  },
  "8700": {
    "training_loss": 7764.68896484375,
    "validation_loss": [
      3021.80126953125
    ],
    "validation_chi2s": {
      "DEUTERON": 3.168174022465796,
      "NMC": 2.8891194661458335,
      "NUCLEAR": 2.137033447265625,
      "HERACOMB": 2.4552386913424225,
      "DYE886": 2.3015906594016333,
      "CDF": 3.9367267063685825,
      "D0": 1.4626587867736816,
      "ATLAS": 2.670374377020474,
      "CMS": 2.6389410747745172,
      "LHCb": 2.188422679901123,
      "total": 2.569551706314087
    }
  },
  "8800": {
    "training_loss": 7749.35498046875,
    "validation_loss": [
      2896.80615234375
    ],
    "validation_chi2s": {
      "DEUTERON": 2.5463387408659828,
      "NMC": 2.893508312748928,
      "NUCLEAR": 2.1361962890625,
      "HERACOMB": 2.4567426295062296,
      "DYE886": 2.362707658247514,
      "CDF": 3.9743540627615794,
      "D0": 1.4726725578308106,
      "ATLAS": 2.618507297559716,
      "CMS": 2.684312773913872,
      "LHCb": 2.2278690338134766,
      "total": 2.463268995285034
    }
  },
  "8900": {
    "training_loss": 7788.6669921875,
    "validation_loss": [
      2987.511962890625
    ],
    "validation_chi2s": {
      "DEUTERON": 3.0063467452775186,
      "NMC": 2.890318926642923,
      "NUCLEAR": 2.13872607421875,
      "HERACOMB": 2.4581598020067403,
      "DYE886": 2.300790960138494,
      "CDF": 4.015194484165737,
      "D0": 1.4835992813110352,
      "ATLAS": 2.630009267522001,
      "CMS": 2.656935777121443,
      "LHCb": 2.2176966667175293,
      "total": 2.540400743484497
    }
  },
  "9000": {
    "training_loss": 7742.806640625,
    "validation_loss": [
      2987.83349609375
    ],
    "validation_chi2s": {
      "DEUTERON": 2.923382963114117,
      "NMC": 2.8357184914981617,
      "NUCLEAR": 2.135015625,
      "HERACOMB": 2.510690726485907,
      "DYE886": 2.313740296797319,
      "CDF": 3.907339641026088,
      "D0": 1.4269742012023925,
      "ATLAS": 2.6584625244140625,
      "CMS": 2.680129880827617,
      "LHCb": 2.1400551795959473,
      "total": 2.540374517440796
    }
  },
  "9100": {
    "training_loss": 7747.92822265625,
    "validation_loss": [
      2933.163330078125
    ],
    "validation_chi2s": {
      "DEUTERON": 2.7331038897310322,
      "NMC": 2.8976177140778185,
      "NUCLEAR": 2.135275634765625,
      "HERACOMB": 2.461201187831904,
      "DYE886": 2.3523537028919566,
      "CDF": 3.962433406284877,
      "D0": 1.4247406005859375,
      "ATLAS": 2.6142730712890625,
      "CMS": 2.686297408933562,
      "LHCb": 2.1889731884002686,
      "total": 2.4941837787628174
    }
  },
  "9200": {
    "training_loss": 7756.50146484375,
    "validation_loss": [
      2834.5625
    ],
    "validation_chi2s": {
      "DEUTERON": 2.225137890867926,
      "NMC": 2.883168837603401,
      "NUCLEAR": 2.130269775390625,
      "HERACOMB": 2.479775622000102,
      "DYE886": 2.386585235595703,
      "CDF": 3.9251065935407365,
      "D0": 1.37962646484375,
      "ATLAS": 2.616449465696839,
      "CMS": 2.6793153344131095,
      "LHCb": 2.183673858642578,
      "total": 2.409987688064575
    }
  },
  "9300": {
    "training_loss": 7744.9609375,
    "validation_loss": [
      2934.798828125
    ],
    "validation_chi2s": {
      "DEUTERON": 2.617818803929571,
      "NMC": 2.839374018650429,
      "NUCLEAR": 2.13874462890625,
      "HERACOMB": 2.5092950958052493,
      "DYE886": 2.347594001076438,
      "CDF": 3.875114985874721,
      "D0": 1.4157399177551269,
      "ATLAS": 2.7125280972184806,
      "CMS": 2.6640925213573423,
      "LHCb": 2.1463770866394043,
      "total": 2.4955763816833496
    }
  },
  "9400": {
    "training_loss": 7764.52978515625,
    "validation_loss": [
      2998.90478515625
    ],
    "validation_chi2s": {
      "DEUTERON": 3.015088133550995,
      "NMC": 2.8875065223843444,
      "NUCLEAR": 2.141453369140625,
      "HERACOMB": 2.458488713682087,
      "DYE886": 2.3436419747092505,
      "CDF": 3.9533358982631137,
      "D0": 1.4225068092346191,
      "ATLAS": 2.6713818078753593,
      "CMS": 2.6788803968972306,
      "LHCb": 2.1925790309906006,
      "total": 2.5500850677490234
    }
  },
  "9500": {
    "training_loss": 7750.74658203125,
    "validation_loss": [
      3485.2109375
    ],
    "validation_chi2s": {
      "DEUTERON": 5.380927394278607,
      "NMC": 2.866167853860294,
      "NUCLEAR": 2.148935302734375,
      "HERACOMB": 2.509295494727839,
      "DYE886": 2.2972205768931997,
      "CDF": 3.904811314174107,
      "D0": 1.38266019821167,
      "ATLAS": 2.6432949373091774,
      "CMS": 2.708151964637322,
      "LHCb": 2.0828123092651367,
      "total": 2.962759017944336
    }
  },
  "9600": {
    "training_loss": 7741.9912109375,
    "validation_loss": [
      3320.368408203125
    ],
    "validation_chi2s": {
      "DEUTERON": 4.564704553404851,
      "NMC": 2.857290230545343,
      "NUCLEAR": 2.144454345703125,
      "HERACOMB": 2.498813005833844,
      "DYE886": 2.3130427273837,
      "CDF": 3.9162965502057756,
      "D0": 1.3890378952026368,
      "ATLAS": 2.641590863808818,
      "CMS": 2.717044737280869,
      "LHCb": 2.1791341304779053,
      "total": 2.822903633117676
    }
  },
  "9700": {
    "training_loss": 7741.65673828125,
    "validation_loss": [
      2891.57080078125
    ],
    "validation_chi2s": {
      "DEUTERON": 2.4839626331234452,
      "NMC": 2.8717570585363053,
      "NUCLEAR": 2.141921630859375,
      "HERACOMB": 2.4856130562576593,
      "DYE886": 2.329527248035778,
      "CDF": 3.940113067626953,
      "D0": 1.418938159942627,
      "ATLAS": 2.5967912345096984,
      "CMS": 2.7099879815326475,
      "LHCb": 2.2238175868988037,
      "total": 2.45847487449646
    }
  },
  "9800": {
    "training_loss": 7784.87744140625,
    "validation_loss": [
      2881.156982421875
    ],
    "validation_chi2s": {
      "DEUTERON": 2.3988489559040733,
      "NMC": 2.932834400850184,
      "NUCLEAR": 2.14922900390625,
      "HERACOMB": 2.465231502757353,
      "DYE886": 2.3390473452481357,
      "CDF": 4.015795298985073,
      "D0": 1.6249452590942384,
      "ATLAS": 2.688953794282058,
      "CMS": 2.640151109152693,
      "LHCb": 2.163358211517334,
      "total": 2.4498932361602783
    }
  },
  "9900": {
    "training_loss": 7751.4697265625,
    "validation_loss": [
      3070.358642578125
    ],
    "validation_chi2s": {
      "DEUTERON": 3.366605084926928,
      "NMC": 2.8837693158318016,
      "NUCLEAR": 2.14010693359375,
      "HERACOMB": 2.4642535440282884,
      "DYE886": 2.3216596083207564,
      "CDF": 3.9226973397391185,
      "D0": 1.4069653511047364,
      "ATLAS": 2.650055457805765,
      "CMS": 2.712198148897993,
      "LHCb": 2.1931259632110596,
      "total": 2.6108357906341553
    }
  },
  "10000": {
    "training_loss": 7837.677734375,
    "validation_loss": [
      2878.522705078125
    ],
    "validation_chi2s": {
      "DEUTERON": 2.4473784337589395,
      "NMC": 2.9294304941214766,
      "NUCLEAR": 2.1387958984375,
      "HERACOMB": 2.441916671453738,
      "DYE886": 2.274698084050959,
      "CDF": 3.9848115103585378,
      "D0": 1.416817569732666,
      "ATLAS": 2.63055437460713,
      "CMS": 2.7130809256700967,
      "LHCb": 2.241879463195801,
      "total": 2.447721481323242
    }
  },
  "10100": {
    "training_loss": 7765.88623046875,
    "validation_loss": [
      2985.174072265625
    ],
    "validation_chi2s": {
      "DEUTERON": 2.913775240010883,
      "NMC": 2.90019255993413,
      "NUCLEAR": 2.15206298828125,
      "HERACOMB": 2.476596009497549,
      "DYE886": 2.2890892028808594,
      "CDF": 3.9856627328055247,
      "D0": 1.4561561584472655,
      "ATLAS": 2.6827680215068246,
      "CMS": 2.6608601391800053,
      "LHCb": 2.1488683223724365,
      "total": 2.5383548736572266
    }
  },
  "10200": {
    "training_loss": 7768.46826171875,
    "validation_loss": [
      3044.90673828125
    ],
    "validation_chi2s": {
      "DEUTERON": 3.2272593939482275,
      "NMC": 2.9064944398169423,
      "NUCLEAR": 2.14376171875,
      "HERACOMB": 2.4589285258374183,
      "DYE886": 2.3141673694957388,
      "CDF": 4.088674545288086,
      "D0": 1.4368452072143554,
      "ATLAS": 2.6819845616132363,
      "CMS": 2.678415189913618,
      "LHCb": 2.172393560409546,
      "total": 2.5891246795654297
    }
  },
  "10300": {
    "training_loss": 7761.96484375,
    "validation_loss": [
      2851.96923828125
    ],
    "validation_chi2s": {
      "DEUTERON": 2.1741820378090018,
      "NMC": 2.8709333831188726,
      "NUCLEAR": 2.148650390625,
      "HERACOMB": 2.5070818732766544,
      "DYE886": 2.3255162672563032,
      "CDF": 3.9999283381870816,
      "D0": 1.4488611221313477,
      "ATLAS": 2.6930131583378234,
      "CMS": 2.6853746863884655,
      "LHCb": 2.223411798477173,
      "total": 2.4246954917907715
    }
  },
  "10400": {
    "training_loss": 7767.6875,
    "validation_loss": [
      2880.55126953125
    ],
    "validation_chi2s": {
      "DEUTERON": 2.3213616366410137,
      "NMC": 2.8815313601026347,
      "NUCLEAR": 2.152882080078125,
      "HERACOMB": 2.4944954666436887,
      "DYE886": 2.3715159676291724,
      "CDF": 4.009946550641741,
      "D0": 1.4730949401855469,
      "ATLAS": 2.687358987742457,
      "CMS": 2.6964498380335367,
      "LHCb": 2.2257163524627686,
      "total": 2.449445962905884
    }
  },
  "10500": {
    "training_loss": 7811.27734375,
    "validation_loss": [
      2969.93408203125
    ],
    "validation_chi2s": {
      "DEUTERON": 2.7760632263487253,
      "NMC": 2.9480348474839153,
      "NUCLEAR": 2.155866943359375,
      "HERACOMB": 2.482793870315053,
      "DYE886": 2.3710445057262075,
      "CDF": 4.19110461643764,
      "D0": 1.509162139892578,
      "ATLAS": 2.6693815034011315,
      "CMS": 2.6843296454204775,
      "LHCb": 2.23520827293396,
      "total": 2.525343418121338
    }
  },
  "10600": {
    "training_loss": 7778.82568359375,
    "validation_loss": [
      2819.17578125
    ],
    "validation_chi2s": {
      "DEUTERON": 2.027060893044543,
      "NMC": 3.0342224719477633,
      "NUCLEAR": 2.15000048828125,
      "HERACOMB": 2.456732257518893,
      "DYE886": 2.6147277138449927,
      "CDF": 4.09777477809361,
      "D0": 1.5702268600463867,
      "ATLAS": 2.6373269969019395,
      "CMS": 2.6930556878810976,
      "LHCb": 2.363356113433838,
      "total": 2.39721417427063
    }
  },
  "10700": {
    "training_loss": 7774.86376953125,
    "validation_loss": [
      2899.609375
    ],
    "validation_chi2s": {
      "DEUTERON": 2.4149707395638993,
      "NMC": 2.9119941861021754,
      "NUCLEAR": 2.169795654296875,
      "HERACOMB": 2.490350062551062,
      "DYE886": 2.3906451138583096,
      "CDF": 3.987896238054548,
      "D0": 1.2808991432189942,
      "ATLAS": 2.6988674470748024,
      "CMS": 2.682336822757876,
      "LHCb": 2.129234790802002,
      "total": 2.465477466583252
    }
  },
  "10800": {
    "training_loss": 7803.47216796875,
    "validation_loss": [
      2820.26904296875
    ],
    "validation_chi2s": {
      "DEUTERON": 2.0473692025711285,
      "NMC": 2.9231154497931984,
      "NUCLEAR": 2.154779541015625,
      "HERACOMB": 2.4655929266237746,
      "DYE886": 2.480253566395153,
      "CDF": 4.031396048409598,
      "D0": 1.313326930999756,
      "ATLAS": 2.68597341954023,
      "CMS": 2.7036003795096546,
      "LHCb": 2.2087857723236084,
      "total": 2.3981876373291016
    }
  },
  "10900": {
    "training_loss": 7818.3037109375,
    "validation_loss": [
      2832.171630859375
    ],
    "validation_chi2s": {
      "DEUTERON": 2.048506399885339,
      "NMC": 2.9213394464231004,
      "NUCLEAR": 2.15830810546875,
      "HERACOMB": 2.470907572827308,
      "DYE886": 2.4200174158269707,
      "CDF": 4.019711903163365,
      "D0": 1.3978681564331055,
      "ATLAS": 2.754371906148976,
      "CMS": 2.674579403264736,
      "LHCb": 2.2551872730255127,
      "total": 2.4083077907562256
    }
  },
  "11000": {
    "training_loss": 7789.80615234375,
    "validation_loss": [
      2920.733642578125
    ],
    "validation_chi2s": {
      "DEUTERON": 2.5303129129741917,
      "NMC": 2.9228413899739585,
      "NUCLEAR": 2.16736767578125,
      "HERACOMB": 2.495694029564951,
      "DYE886": 2.292451858520508,
      "CDF": 4.112176622663226,
      "D0": 1.3489218711853028,
      "ATLAS": 2.6609998681079383,
      "CMS": 2.681106443327617,
      "LHCb": 2.245776653289795,
      "total": 2.483457088470459
    }
  },
  "11100": {
    "training_loss": 7771.18994140625,
    "validation_loss": [
      2843.94970703125
    ],
    "validation_chi2s": {
      "DEUTERON": 2.1055329735599346,
      "NMC": 2.8846202177159928,
      "NUCLEAR": 2.160236328125,
      "HERACOMB": 2.483737122778799,
      "DYE886": 2.354850075461648,
      "CDF": 3.885809762137277,
      "D0": 1.3484460830688476,
      "ATLAS": 2.7358252865144577,
      "CMS": 2.7147459945058436,
      "LHCb": 2.2218568325042725,
      "total": 2.4183239936828613
    }
  },
  "11200": {
    "training_loss": 7763.33056640625,
    "validation_loss": [
      2864.3369140625
    ],
    "validation_chi2s": {
      "DEUTERON": 2.253230308418843,
      "NMC": 2.895486869064032,
      "NUCLEAR": 2.156759033203125,
      "HERACOMB": 2.4776354023054536,
      "DYE886": 2.353117335926403,
      "CDF": 3.934907913208008,
      "D0": 1.3316642761230468,
      "ATLAS": 2.6943457592492814,
      "CMS": 2.7170501957094766,
      "LHCb": 2.2078237533569336,
      "total": 2.435551404953003
    }
  },
  "11300": {
    "training_loss": 7762.2138671875,
    "validation_loss": [
      2856.41357421875
    ],
    "validation_chi2s": {
      "DEUTERON": 2.2081402071672884,
      "NMC": 2.9214226217830883,
      "NUCLEAR": 2.1665419921875,
      "HERACOMB": 2.483721963720384,
      "DYE886": 2.3304197138006035,
      "CDF": 4.081518718174526,
      "D0": 1.4285429954528808,
      "ATLAS": 2.684252859532148,
      "CMS": 2.6795413629795477,
      "LHCb": 2.2237601280212402,
      "total": 2.428922176361084
    }
  },
  "11400": {
    "training_loss": 7797.93505859375,
    "validation_loss": [
      2819.300537109375
    ],
    "validation_chi2s": {
      "DEUTERON": 2.0706688420689523,
      "NMC": 2.9687772264667585,
      "NUCLEAR": 2.160930419921875,
      "HERACOMB": 2.439557243795956,
      "DYE886": 2.3832515369762075,
      "CDF": 3.920022419520787,
      "D0": 1.4298943519592284,
      "ATLAS": 2.691246997350934,
      "CMS": 2.683172210445249,
      "LHCb": 2.264765739440918,
      "total": 2.3973636627197266
    }
  },
  "11500": {
    "training_loss": 7760.552734375,
    "validation_loss": [
      2861.146728515625
    ],
    "validation_chi2s": {
      "DEUTERON": 2.245555213434779,
      "NMC": 2.8938712325750613,
      "NUCLEAR": 2.158495361328125,
      "HERACOMB": 2.4822950176164214,
      "DYE886": 2.31749829378995,
      "CDF": 3.819744655064174,
      "D0": 1.3744416236877441,
      "ATLAS": 2.667431009226832,
      "CMS": 2.7352763850514483,
      "LHCb": 2.2117576599121094,
      "total": 2.4327940940856934
    }
  },
  "11600": {
    "training_loss": 7784.0634765625,
    "validation_loss": [
      2813.57373046875
    ],
    "validation_chi2s": {
      "DEUTERON": 2.0476342955631996,
      "NMC": 2.976275275735294,
      "NUCLEAR": 2.159289794921875,
      "HERACOMB": 2.4358831667432597,
      "DYE886": 2.3597401705655185,
      "CDF": 3.840867451259068,
      "D0": 1.5184710502624512,
      "ATLAS": 2.6987722111844468,
      "CMS": 2.663006045954014,
      "LHCb": 2.308905601501465,
      "total": 2.3924944400787354
    }
  },
  "11700": {
    "training_loss": 7782.43212890625,
    "validation_loss": [
      2818.10888671875
    ],
    "validation_chi2s": {
      "DEUTERON": 2.049635094789723,
      "NMC": 2.929849662032782,
      "NUCLEAR": 2.162072021484375,
      "HERACOMB": 2.4709602306091707,
      "DYE886": 2.3487666736949575,
      "CDF": 3.828096389770508,
      "D0": 1.4348183631896974,
      "ATLAS": 2.669080361552622,
      "CMS": 2.687817829411204,
      "LHCb": 2.255866765975952,
      "total": 2.3963074684143066
    }
  },
  "11800": {
    "training_loss": 7763.236328125,
    "validation_loss": [
      3067.175537109375
    ],
    "validation_chi2s": {
      "DEUTERON": 3.3175212803171643,
      "NMC": 2.9925668753829657,
      "NUCLEAR": 2.1637578125,
      "HERACOMB": 2.435078140956904,
      "DYE886": 2.269147352738814,
      "CDF": 3.9710257393973216,
      "D0": 1.4080437660217284,
      "ATLAS": 2.687773430484465,
      "CMS": 2.683897933339685,
      "LHCb": 2.247368335723877,
      "total": 2.6080121994018555
    }
  },
  "11900": {
    "training_loss": 8169.1201171875,
    "validation_loss": [
      2817.070068359375
    ],
    "validation_chi2s": {
      "DEUTERON": 2.087511812276508,
      "NMC": 2.9690183751723347,
      "NUCLEAR": 2.158572021484375,
      "HERACOMB": 2.443219153709661,
      "DYE886": 2.3479820598255503,
      "CDF": 3.9571465083530972,
      "D0": 1.4497999191284179,
      "ATLAS": 2.612043183425377,
      "CMS": 2.733596677702617,
      "LHCb": 2.317753791809082,
      "total": 2.3954317569732666
    }
  },
  "12000": {
    "training_loss": 7810.51953125,
    "validation_loss": [
      2809.951171875
    ],
    "validation_chi2s": {
      "DEUTERON": 2.0407959288032496,
      "NMC": 3.0161440980200673,
      "NUCLEAR": 2.15854931640625,
      "HERACOMB": 2.4419854856004903,
      "DYE886": 2.373851255937056,
      "CDF": 3.9133232661655972,
      "D0": 1.5329097747802733,
      "ATLAS": 2.6277195722207254,
      "CMS": 2.6846822102864585,
      "LHCb": 2.395521402359009,
      "total": 2.3894143104553223
    }
  },
  "12100": {
    "training_loss": 7773.283203125,
    "validation_loss": [
      2862.75439453125
    ],
    "validation_chi2s": {
      "DEUTERON": 2.218850055144201,
      "NMC": 2.9371206246170343,
      "NUCLEAR": 2.172603759765625,
      "HERACOMB": 2.490408504710478,
      "DYE886": 2.223170367154208,
      "CDF": 3.917449406215123,
      "D0": 1.5005499839782714,
      "ATLAS": 2.69702183515176,
      "CMS": 2.6766171339081555,
      "LHCb": 2.2472903728485107,
      "total": 2.434314727783203
    }
  },
  "12200": {
    "training_loss": 7776.6240234375,
    "validation_loss": [
      2831.6962890625
    ],
    "validation_chi2s": {
      "DEUTERON": 2.1002013552841263,
      "NMC": 2.9090863396139706,
      "NUCLEAR": 2.1717119140625,
      "HERACOMB": 2.501400417751736,
      "DYE886": 2.299853064797141,
      "CDF": 3.792139325823103,
      "D0": 1.4327627182006837,
      "ATLAS": 2.6195478768184266,
      "CMS": 2.7002578363185976,
      "LHCb": 2.2667887210845947,
      "total": 2.4071428775787354
    }
  },
  "12300": {
    "training_loss": 8501.85400390625,
    "validation_loss": [
      2843.29736328125
    ],
    "validation_chi2s": {
      "DEUTERON": 2.110414267772466,
      "NMC": 2.9089214848537073,
      "NUCLEAR": 2.17067529296875,
      "HERACOMB": 2.505453271803513,
      "DYE886": 2.2417470758611504,
      "CDF": 3.8242103031703403,
      "D0": 1.4646944999694824,
      "ATLAS": 2.706227445054328,
      "CMS": 2.6726233009400406,
      "LHCb": 2.206813097000122,
      "total": 2.417393684387207
    }
  },
  "12400": {
    "training_loss": 7795.93701171875,
    "validation_loss": [
      2826.956298828125
    ],
    "validation_chi2s": {
      "DEUTERON": 2.0486919346140393,
      "NMC": 2.9293715533088234,
      "NUCLEAR": 2.155620849609375,
      "HERACOMB": 2.467186223447712,
      "DYE886": 2.3467708934437144,
      "CDF": 3.6031772068568637,
      "D0": 1.4720271110534668,
      "ATLAS": 2.7142302414466597,
      "CMS": 2.730771196566946,
      "LHCb": 2.255455255508423,
      "total": 2.403874158859253
    }
  },
  "12500": {
    "training_loss": 7850.1318359375,
    "validation_loss": [
      2819.88623046875
    ],
    "validation_chi2s": {
      "DEUTERON": 2.114790124086598,
      "NMC": 3.0030864640778185,
      "NUCLEAR": 2.167503662109375,
      "HERACOMB": 2.4359481911254086,
      "DYE886": 2.288161364468661,
      "CDF": 3.8125414167131697,
      "D0": 1.5072744369506836,
      "ATLAS": 2.6279382815306214,
      "CMS": 2.697766311769563,
      "LHCb": 2.2872917652130127,
      "total": 2.397862434387207
    }
  },
  "12600": {
    "training_loss": 7795.9228515625,
    "validation_loss": [
      2818.541015625
    ],
    "validation_chi2s": {
      "DEUTERON": 2.0274428941717195,
      "NMC": 2.9531926173789826,
      "NUCLEAR": 2.166468505859375,
      "HERACOMB": 2.466173957375919,
      "DYE886": 2.395276329734109,
      "CDF": 3.623805727277483,
      "D0": 1.494133758544922,
      "ATLAS": 2.632281073208513,
      "CMS": 2.759564655583079,
      "LHCb": 2.2948639392852783,
      "total": 2.3964951038360596
    }
  },
  "12700": {
    "training_loss": 7817.19970703125,
    "validation_loss": [
      2954.926025390625
    ],
    "validation_chi2s": {
      "DEUTERON": 2.6948582283893034,
      "NMC": 2.9714223824295343,
      "NUCLEAR": 2.173484375,
      "HERACOMB": 2.4735697827308005,
      "DYE886": 2.2627743807705967,
      "CDF": 3.962890080043248,
      "D0": 1.5589592933654786,
      "ATLAS": 2.6637546933930496,
      "CMS": 2.6845832142403454,
      "LHCb": 2.3286805152893066,
      "total": 2.5126004219055176
    }
  },
  "12800": {
    "training_loss": 7807.0009765625,
    "validation_loss": [
      2827.1318359375
    ],
    "validation_chi2s": {
      "DEUTERON": 2.044462441211909,
      "NMC": 2.9437234915939032,
      "NUCLEAR": 2.165513427734375,
      "HERACOMB": 2.484273873123468,
      "DYE886": 2.2972788377241655,
      "CDF": 3.561995370047433,
      "D0": 1.6161684036254882,
      "ATLAS": 2.682172227179867,
      "CMS": 2.707903854246062,
      "LHCb": 2.2776272296905518,
      "total": 2.403846263885498
    }
  },
  "12900": {
    "training_loss": 7867.00927734375,
    "validation_loss": [
      2869.996826171875
    ],
    "validation_chi2s": {
      "DEUTERON": 2.30615917604361,
      "NMC": 2.9979436537798714,
      "NUCLEAR": 2.18182666015625,
      "HERACOMB": 2.447283975439134,
      "DYE886": 2.269123250787908,
      "CDF": 3.920301982334682,
      "D0": 1.6435419082641602,
      "ATLAS": 2.654456127649066,
      "CMS": 2.672044211286839,
      "LHCb": 2.3407208919525146,
      "total": 2.4404733180999756
    }
  },
  "13000": {
    "training_loss": 7817.6865234375,
    "validation_loss": [
      2818.072265625
    ],
    "validation_chi2s": {
      "DEUTERON": 2.0477458896921643,
      "NMC": 2.9963115617340685,
      "NUCLEAR": 2.17682421875,
      "HERACOMB": 2.4421528336269405,
      "DYE886": 2.356332952325994,
      "CDF": 3.718823024204799,
      "D0": 1.5824854850769043,
      "ATLAS": 2.6847008014547415,
      "CMS": 2.669088472195757,
      "LHCb": 2.2820918560028076,
      "total": 2.39631986618042
    }
  },
  "13100": {
    "training_loss": 7820.93115234375,
    "validation_loss": [
      2840.9208984375
    ],
    "validation_chi2s": {
      "DEUTERON": 2.0447509158310013,
      "NMC": 2.978582643995098,
      "NUCLEAR": 2.177005615234375,
      "HERACOMB": 2.483959921045241,
      "DYE886": 2.3393162814053623,
      "CDF": 3.7991441999162947,
      "D0": 1.6192132949829101,
      "ATLAS": 2.746478201329023,
      "CMS": 2.661056642609883,
      "LHCb": 2.319587230682373,
      "total": 2.4157493114471436
    }
  },
  "13200": {
    "training_loss": 7830.03515625,
    "validation_loss": [
      2835.48046875
    ],
    "validation_chi2s": {
      "DEUTERON": 2.035888368217506,
      "NMC": 2.978348376704197,
      "NUCLEAR": 2.176997802734375,
      "HERACOMB": 2.471799563738256,
      "DYE886": 2.3937320709228516,
      "CDF": 3.670419148036412,
      "D0": 1.6875526428222656,
      "ATLAS": 2.7296426707300645,
      "CMS": 2.6796175328696648,
      "LHCb": 2.3115487098693848,
      "total": 2.4111227989196777
    }
  },
  "13300": {
    "training_loss": 7821.66552734375,
    "validation_loss": [
      2849.51318359375
    ],
    "validation_chi2s": {
      "DEUTERON": 2.055984572984686,
      "NMC": 2.9881944843367036,
      "NUCLEAR": 2.190884765625,
      "HERACOMB": 2.473573971417994,
      "DYE886": 2.4273239482532847,
      "CDF": 3.750738961356027,
      "D0": 1.6336336135864258,
      "ATLAS": 2.748760881095097,
      "CMS": 2.6973301337017275,
      "LHCb": 2.286846399307251,
      "total": 2.423055410385132
    }
  },
  "13400": {
    "training_loss": 7814.63525390625,
    "validation_loss": [
      2843.896240234375
    ],
    "validation_chi2s": {
      "DEUTERON": 2.042966928055037,
      "NMC": 2.9311834597120097,
      "NUCLEAR": 2.17779638671875,
      "HERACOMB": 2.5011159859451593,
      "DYE886": 2.460494648326527,
      "CDF": 3.4254894256591797,
      "D0": 1.651409912109375,
      "ATLAS": 2.690619983892331,
      "CMS": 2.7547277435054625,
      "LHCb": 2.247544050216675,
      "total": 2.4179093837738037
    }
  },
  "13500": {
    "training_loss": 7865.70361328125,
    "validation_loss": [
      2870.968505859375
    ],
    "validation_chi2s": {
      "DEUTERON": 2.0344400738009174,
      "NMC": 2.93577605602788,
      "NUCLEAR": 2.1883671875,
      "HERACOMB": 2.5465141745174633,
      "DYE886": 2.456147454001687,
      "CDF": 3.747623988560268,
      "D0": 2.0291263580322267,
      "ATLAS": 2.7460734049479165,
      "CMS": 2.7072528125793953,
      "LHCb": 2.3284530639648438,
      "total": 2.4412002563476562
    }
  },
  "13600": {
    "training_loss": 7848.4228515625,
    "validation_loss": [
      2854.12255859375
    ],
    "validation_chi2s": {
      "DEUTERON": 2.172090900478078,
      "NMC": 3.00011339374617,
      "NUCLEAR": 2.18791845703125,
      "HERACOMB": 2.4411519368489585,
      "DYE886": 2.5004022771661933,
      "CDF": 3.6908667428152904,
      "D0": 1.6807109832763671,
      "ATLAS": 2.641252364235363,
      "CMS": 2.7489378394150155,
      "LHCb": 2.3501603603363037,
      "total": 2.4269750118255615
    }
  },
  "13700": {
    "training_loss": 7841.5595703125,
    "validation_loss": [
      2847.200927734375
    ],
    "validation_chi2s": {
      "DEUTERON": 2.072586287313433,
      "NMC": 2.9959384693818936,
      "NUCLEAR": 2.188244873046875,
      "HERACOMB": 2.463716993144914,
      "DYE886": 2.520124088634144,
      "CDF": 3.728156770978655,
      "D0": 1.6043224334716797,
      "ATLAS": 2.7188082289421693,
      "CMS": 2.706006057863313,
      "LHCb": 2.292661190032959,
      "total": 2.4210894107818604
    }
  },
  "13800": {
    "training_loss": 7889.62841796875,
    "validation_loss": [
      2853.90869140625
    ],
    "validation_chi2s": {
      "DEUTERON": 2.1647244733364426,
      "NMC": 3.0328551647709867,
      "NUCLEAR": 2.1895947265625,
      "HERACOMB": 2.4550248688342524,
      "DYE886": 2.461814186789773,
      "CDF": 3.8077122824532643,
      "D0": 1.8406221389770507,
      "ATLAS": 2.6293619090113145,
      "CMS": 2.7092493568978657,
      "LHCb": 2.3600070476531982,
      "total": 2.426792860031128
    }
  },
  "13900": {
    "training_loss": 7813.9853515625,
    "validation_loss": [
      2835.23486328125
    ],
    "validation_chi2s": {
      "DEUTERON": 2.032935450919232,
      "NMC": 2.9499523686427698,
      "NUCLEAR": 2.189427490234375,
      "HERACOMB": 2.472387376174428,
      "DYE886": 2.5358021476052026,
      "CDF": 3.555347170148577,
      "D0": 1.7853988647460937,
      "ATLAS": 2.67718558475889,
      "CMS": 2.714449254477896,
      "LHCb": 2.3132247924804688,
      "total": 2.4109139442443848
    }
  },
  "14000": {
    "training_loss": 7819.314453125,
    "validation_loss": [
      2849.91064453125
    ],
    "validation_chi2s": {
      "DEUTERON": 2.060923865778529,
      "NMC": 2.9508810604319855,
      "NUCLEAR": 2.18906982421875,
      "HERACOMB": 2.4732247146905637,
      "DYE886": 2.4886485013094815,
      "CDF": 3.5910241263253346,
      "D0": 1.717594528198242,
      "ATLAS": 2.7846356972880746,
      "CMS": 2.6658679993172,
      "LHCb": 2.237600326538086,
      "total": 2.4233927726745605
    }
  },
  "14100": {
    "training_loss": 9840.05419921875,
    "validation_loss": [
      2923.905517578125
    ],
    "validation_chi2s": {
      "DEUTERON": 2.415922402149409,
      "NMC": 2.9607768339269303,
      "NUCLEAR": 2.18638818359375,
      "HERACOMB": 2.4828291749642566,
      "DYE886": 2.458708329634233,
      "CDF": 3.4529149191720143,
      "D0": 1.7095651626586914,
      "ATLAS": 2.6687790443157327,
      "CMS": 2.8318439266545985,
      "LHCb": 2.2748491764068604,
      "total": 2.4862074851989746
    }
  },
  "14200": {
    "training_loss": 7836.7216796875,
    "validation_loss": [
      2833.32421875
    ],
    "validation_chi2s": {
      "DEUTERON": 2.075872316882385,
      "NMC": 3.0091106938380823,
      "NUCLEAR": 2.19177392578125,
      "HERACOMB": 2.4466718287249796,
      "DYE886": 2.532649126919833,
      "CDF": 3.625136239188058,
      "D0": 1.6374582290649413,
      "ATLAS": 2.6365875594917383,
      "CMS": 2.7270177825679625,
      "LHCb": 2.322679281234741,
      "total": 2.4092891216278076
    }
  }
}