{
  "100": {
    "training_loss": 267.9609375,
    "validation_loss": [
      130.77415466308594
    ],
    "validation_chi2s": {
      "DEUTERON": 2.4725114822387697,
      "ATLAS": 2.8976093639026987,
      "total": 2.564199447631836
    }
  },
  "200": {
    "training_loss": 250.86233520507812,
    "validation_loss": [
      120.42752838134766
    ],
    "validation_chi2s": {
      "DEUTERON": 2.290581703186035,
      "ATLAS": 2.6185694607821377,
      "total": 2.3613243103027344
    }
  },
  "300": {
    "training_loss": 234.49766540527344,
    "validation_loss": [
      103.29261016845703
    ],
    "validation_chi2s": {
      "DEUTERON": 1.8246488571166992,
      "ATLAS": 2.7551505348899146,
      "total": 2.0253453254699707
    }
  },
  "400": {
    "training_loss": 225.0362091064453,
    "validation_loss": [
      101.26907348632812
    ],
    "validation_chi2s": {
      "DEUTERON": 1.7837451934814452,
      "ATLAS": 2.7199337699196557,
      "total": 1.9856683015823364
    }
  },
  "500": {
    "training_loss": 219.5077362060547,
    "validation_loss": [
      109.4083251953125
    ],
    "validation_chi2s": {
      "DEUTERON": 1.8903694152832031,
      "ATLAS": 3.072140433571555,
      "total": 2.145261287689209
    }
  },
  "600": {
    "training_loss": 216.9615936279297,
    "validation_loss": [
      110.49961853027344
    ],
    "validation_chi2s": {
      "DEUTERON": 1.8592845916748046,
      "ATLAS": 3.284385334361683,
      "total": 2.166659116744995
    }
  }
}