{
  "100": {
    "training_loss": 340.125,
    "validation_loss": [
      165.3641357421875
    ],
    "validation_chi2s": {
      "DEUTERON": 2.8626468658447264,
      "ATLAS": 4.623478282581676,
      "total": 3.242434024810791
    }
  },
  "200": {
    "training_loss": 310.3857421875,
    "validation_loss": [
      167.52023315429688
    ],
    "validation_chi2s": {
      "DEUTERON": 2.9400733947753905,
      "ATLAS": 4.537936470725319,
      "total": 3.28471040725708
    }
  },
  "300": {
    "training_loss": 294.0938720703125,
    "validation_loss": [
      168.92625427246094
    ],
    "validation_chi2s": {
      "DEUTERON": 2.6716114044189454,
      "ATLAS": 5.641981645063921,
      "total": 3.312279462814331
    }
  },
  "400": {
    "training_loss": 266.20208740234375,
    "validation_loss": [
      167.81028747558594
    ],
    "validation_chi2s": {
      "DEUTERON": 2.791134071350098,
      "ATLAS": 5.1059025851163,
      "total": 3.290397882461548
    }
  },
  "500": {
    "training_loss": 20224.0,
    "validation_loss": [
      119.46138000488281
    ],
    "validation_chi2s": {
      "DEUTERON": 1.7987529754638671,
      "ATLAS": 4.3192055442116475,
      "total": 2.3423800468444824
    }
  },
  "600": {
    "training_loss": 259.228759765625,
    "validation_loss": [
      116.61726379394531
    ],
    "validation_chi2s": {
      "DEUTERON": 1.6243385314941405,
      "ATLAS": 4.6948842135342685,
      "total": 2.2866129875183105
    }
  },
  "700": {
    "training_loss": 248.69525146484375,
    "validation_loss": [
      122.32392120361328
    ],
    "validation_chi2s": {
      "DEUTERON": 2.263809394836426,
      "ATLAS": 2.8883224834095347,
      "total": 2.398508310317993
    }
  },
  "800": {
    "training_loss": 265.88299560546875,
    "validation_loss": [
      101.47923278808594
    ],
    "validation_chi2s": {
      "DEUTERON": 1.5582334518432617,
      "ATLAS": 3.5590816844593394,
      "total": 1.9897888898849487
    }
  },
  "900": {
    "training_loss": 247.90911865234375,
    "validation_loss": [
      111.170166015625
    ],
    "validation_chi2s": {
      "DEUTERON": 1.9359270095825196,
      "ATLAS": 3.066644148393111,
      "total": 2.179807186126709
    }
  }
}