{
  "100": {
    "training_loss": 350.0303955078125,
    "validation_loss": [
      141.3218994140625
    ],
    "validation_chi2s": {
      "DEUTERON": 2.878536605834961,
      "ATLAS": 2.3800395618785513,
      "total": 2.771017551422119
    }
  },
  "200": {
    "training_loss": 299.2561950683594,
    "validation_loss": [
      130.82797241210938
    ],
    "validation_chi2s": {
      "DEUTERON": 2.629281425476074,
      "ATLAS": 2.3324290188876065,
      "total": 2.5652544498443604
    }
  },
  "300": {
    "training_loss": 249.66448974609375,
    "validation_loss": [
      143.5011749267578
    ],
    "validation_chi2s": {
      "DEUTERON": 2.893416404724121,
      "ATLAS": 2.5240468111905185,
      "total": 2.813748598098755
    }
  },
  "400": {
    "training_loss": 254.48341369628906,
    "validation_loss": [
      135.58370971679688
    ],
    "validation_chi2s": {
      "DEUTERON": 2.7425966262817383,
      "ATLAS": 2.352713844992898,
      "total": 2.658504009246826
    }
  },
  "500": {
    "training_loss": 258.12940979003906,
    "validation_loss": [
      132.97708129882812
    ],
    "validation_chi2s": {
      "DEUTERON": 2.67702693939209,
      "ATLAS": 2.3541819832541724,
      "total": 2.607393741607666
    }
  }
}