{
  "100": {
    "training_loss": 311.6826171875,
    "validation_loss": [
      104.85123443603516
    ],
    "validation_chi2s": {
      "DEUTERON": 1.8815303802490235,
      "ATLAS": 2.6900019212202593,
      "total": 2.0559065341949463
    }
  },
  "200": {
    "training_loss": 255.78765869140625,
    "validation_loss": [
      114.53166198730469
    ],
    "validation_chi2s": {
      "DEUTERON": 2.1811710357666017,
      "ATLAS": 2.480438059026545,
      "total": 2.2457189559936523
    }
  },
  "300": {
    "training_loss": 245.89779663085938,
    "validation_loss": [
      113.45581817626953
    ],
    "validation_chi2s": {
      "DEUTERON": 2.1972024917602537,
      "ATLAS": 2.324338045987216,
      "total": 2.224623918533325
    }
  },
  "400": {
    "training_loss": 240.34776306152344,
    "validation_loss": [
      112.22310638427734
    ],
    "validation_chi2s": {
      "DEUTERON": 2.186904525756836,
      "ATLAS": 2.249720660122958,
      "total": 2.200453042984009
    }
  },
  "500": {
    "training_loss": 260.1006622314453,
    "validation_loss": [
      88.77799224853516
    ],
    "validation_chi2s": {
      "DEUTERON": 1.6853731155395508,
      "ATLAS": 1.9420970569957385,
      "total": 1.740744948387146
    }
  },
  "600": {
    "training_loss": 255.1652069091797,
    "validation_loss": [
      89.49298095703125
    ],
    "validation_chi2s": {
      "DEUTERON": 1.687990951538086,
      "ATLAS": 1.997576973655007,
      "total": 1.7547643184661865
    }
  },
  "700": {
    "training_loss": 229.9700927734375,
    "validation_loss": [
      110.50634765625
    ],
    "validation_chi2s": {
      "DEUTERON": 2.1542787551879883,
      "ATLAS": 2.212291023947976,
      "total": 2.1667912006378174
    }
  },
  "800": {
    "training_loss": 230.9532928466797,
    "validation_loss": [
      106.4590072631836
    ],
    "validation_chi2s": {
      "DEUTERON": 1.9854986190795898,
      "ATLAS": 2.4580967643044214,
      "total": 2.0874314308166504
    }
  }
}