{
  "100": {
    "training_loss": 558.046875,
    "validation_loss": [
      193.02357482910156
    ],
    "validation_chi2s": {
      "DEUTERON": 2.6248350143432617,
      "ATLAS": 8.002743114124645,
      "total": 3.784775972366333
    }
  },
  "200": {
    "training_loss": 353.01123046875,
    "validation_loss": [
      118.48809051513672
    ],
    "validation_chi2s": {
      "DEUTERON": 2.2155269622802733,
      "ATLAS": 2.7151832580566406,
      "total": 2.323296070098877
    }
  },
  "300": {
    "training_loss": 320.3761291503906,
    "validation_loss": [
      83.4330825805664
    ],
    "validation_chi2s": {
      "DEUTERON": 1.4149073600769042,
      "ATLAS": 2.439708536321467,
      "total": 1.6359429359436035
    }
  },
  "400": {
    "training_loss": 304.7063903808594,
    "validation_loss": [
      106.237548828125
    ],
    "validation_chi2s": {
      "DEUTERON": 2.001358222961426,
      "ATLAS": 2.3802927190607246,
      "total": 2.0830891132354736
    }
  },
  "500": {
    "training_loss": 312.542724609375,
    "validation_loss": [
      79.21110534667969
    ],
    "validation_chi2s": {
      "DEUTERON": 1.3450138092041015,
      "ATLAS": 2.310051137750799,
      "total": 1.5531591176986694
    }
  },
  "600": {
    "training_loss": 307.4280090332031,
    "validation_loss": [
      97.5802001953125
    ],
    "validation_chi2s": {
      "DEUTERON": 1.7734500885009765,
      "ATLAS": 2.422018051147461,
      "total": 1.913337230682373
    }
  }
}