{
  "100": {
    "training_loss": 252.0,
    "validation_loss": [
      88.01128387451172
    ],
    "validation_chi2s": {
      "DEUTERON": 1.8049575805664062,
      "ATLAS": 1.4375437823208896,
      "total": 1.725711464881897
    }
  },
  "200": {
    "training_loss": 239.23056030273438,
    "validation_loss": [
      74.26091003417969
    ],
    "validation_chi2s": {
      "DEUTERON": 1.4513463973999023,
      "ATLAS": 1.4733689048073508,
      "total": 1.4560962915420532
    }
  },
  "300": {
    "training_loss": 225.81301879882812,
    "validation_loss": [
      74.17092895507812
    ],
    "validation_chi2s": {
      "DEUTERON": 1.4589566230773925,
      "ATLAS": 1.437515605579723,
      "total": 1.4543321132659912
    }
  },
  "400": {
    "training_loss": 224.05667114257812,
    "validation_loss": [
      70.81551361083984
    ],
    "validation_chi2s": {
      "DEUTERON": 1.3958012580871582,
      "ATLAS": 1.3621335463090376,
      "total": 1.3885396718978882
    }
  },
  "500": {
    "training_loss": 226.84800720214844,
    "validation_loss": [
      67.17031860351562
    ],
    "validation_chi2s": {
      "DEUTERON": 1.3179404258728027,
      "ATLAS": 1.3138824809681287,
      "total": 1.3170652389526367
    }
  },
  "600": {
    "training_loss": 230.24156188964844,
    "validation_loss": [
      64.67069244384766
    ],
    "validation_chi2s": {
      "DEUTERON": 1.2622238159179688,
      "ATLAS": 1.2892498536543413,
      "total": 1.2680529356002808
    }
  },
  "700": {
    "training_loss": 232.6897430419922,
    "validation_loss": [
      63.128944396972656
    ],
    "validation_chi2s": {
      "DEUTERON": 1.229478645324707,
      "ATLAS": 1.2681638544256038,
      "total": 1.2378225326538086
    }
  },
  "800": {
    "training_loss": 229.14215087890625,
    "validation_loss": [
      62.56739044189453
    ],
    "validation_chi2s": {
      "DEUTERON": 1.2232789039611816,
      "ATLAS": 1.2396582690152256,
      "total": 1.2268117666244507
    }
  },
  "900": {
    "training_loss": 223.49253845214844,
    "validation_loss": [
      62.754478454589844
    ],
    "validation_chi2s": {
      "DEUTERON": 1.2369184494018555,
      "ATLAS": 1.2070679231123491,
      "total": 1.2304800748825073
    }
  }
}