{
  "100": {
    "training_loss": 336.561767578125,
    "validation_loss": [
      148.4747314453125
    ],
    "validation_chi2s": {
      "DEUTERON": 2.813705635070801,
      "ATLAS": 3.2660463506525215,
      "total": 2.911269187927246
    }
  },
  "200": {
    "training_loss": 282.1417236328125,
    "validation_loss": [
      118.99868774414062
    ],
    "validation_chi2s": {
      "DEUTERON": 2.2614461898803713,
      "ATLAS": 2.594622351906516,
      "total": 2.3333077430725098
    }
  },
  "300": {
    "training_loss": 263.9378967285156,
    "validation_loss": [
      111.80018615722656
    ],
    "validation_chi2s": {
      "DEUTERON": 1.9900510787963868,
      "ATLAS": 2.927104256369851,
      "total": 2.1921606063842773
    }
  },
  "400": {
    "training_loss": 244.1060791015625,
    "validation_loss": [
      110.76091766357422
    ],
    "validation_chi2s": {
      "DEUTERON": 2.0292026519775392,
      "ATLAS": 2.6902555985884233,
      "total": 2.1717827320098877
    }
  },
  "500": {
    "training_loss": 228.9768829345703,
    "validation_loss": [
      117.79261779785156
    ],
    "validation_chi2s": {
      "DEUTERON": 2.2315441131591798,
      "ATLAS": 2.5937137603759766,
      "total": 2.309659242630005
    }
  },
  "600": {
    "training_loss": 221.52191162109375,
    "validation_loss": [
      123.76616668701172
    ],
    "validation_chi2s": {
      "DEUTERON": 2.401734161376953,
      "ATLAS": 2.517891276966442,
      "total": 2.4267876148223877
    }
  },
  "700": {
    "training_loss": 217.00997924804688,
    "validation_loss": [
      123.706298828125
    ],
    "validation_chi2s": {
      "DEUTERON": 2.396893310546875,
      "ATLAS": 2.5300520116632637,
      "total": 2.4256138801574707
    }
  },
  "800": {
    "training_loss": 212.79754638671875,
    "validation_loss": [
      123.2103271484375
    ],
    "validation_chi2s": {
      "DEUTERON": 2.376156806945801,
      "ATLAS": 2.5603689713911577,
      "total": 2.415888786315918
    }
  },
  "900": {
    "training_loss": 209.85415649414062,
    "validation_loss": [
      130.5619659423828
    ],
    "validation_chi2s": {
      "DEUTERON": 2.516293525695801,
      "ATLAS": 2.7191117026589136,
      "total": 2.5600385665893555
    }
  }
}