{
  "100": {
    "training_loss": 27224.02734375,
    "validation_loss": [
      11334.046875
    ],
    "validation_chi2s": {
      "DEUTERON": 7.825102393306903,
      "NMC": 3.6068668739468444,
      "NUCLEAR": 7.4674345703125,
      "HERACOMB": 7.669660979626226,
      "DYE886": 54.25844504616477,
      "CDF": 5.053546905517578,
      "D0": 40.197540283203125,
      "ATLAS": 11.773379239169033,
      "CMS": 6.697449230756916,
      "LHCb": 8.425561904907227,
      "total": 9.14224910736084
    }
  },
  "200": {
    "training_loss": 22685.763671875,
    "validation_loss": [
      9880.8173828125
    ],
    "validation_chi2s": {
      "DEUTERON": 6.360860492459577,
      "NMC": 2.614344278971354,
      "NUCLEAR": 6.65006201171875,
      "HERACOMB": 6.917304144965278,
      "DYE886": 54.24751420454545,
      "CDF": 5.067955562046596,
      "D0": 30.98626708984375,
      "ATLAS": 10.2327749078924,
      "CMS": 6.234084832863729,
      "LHCb": 7.008668422698975,
      "total": 8.084675788879395
    }
  },
  "300": {
    "training_loss": 19900.607421875,
    "validation_loss": [
      8526.5341796875
    ],
    "validation_chi2s": {
      "DEUTERON": 5.312764182019589,
      "NMC": 1.9500261194565718,
      "NUCLEAR": 6.5548095703125,
      "HERACOMB": 5.692792107077206,
      "DYE886": 50.43327192826705,
      "CDF": 4.566933495657785,
      "D0": 26.879806518554688,
      "ATLAS": 8.03681113503196,
      "CMS": 5.663364097720287,
      "LHCb": 5.71315860748291,
      "total": 7.00640869140625
    }
  },
  "400": {
    "training_loss": 18754.498046875,
    "validation_loss": [
      7804.265625
    ],
    "validation_chi2s": {
      "DEUTERON": 4.939025575248756,
      "NMC": 1.729422176585478,
      "NUCLEAR": 6.6051455078125,
      "HERACOMB": 4.8246483896292895,
      "DYE886": 45.74666526100852,
      "CDF": 3.8548573085239957,
      "D0": 26.920068359375,
      "ATLAS": 7.016469782049006,
      "CMS": 5.397198286212858,
      "LHCb": 5.309289455413818,
      "total": 6.4353766441345215
    }
  },
  "500": {
    "training_loss": 21238.521484375,
    "validation_loss": [
      7430.20166015625
    ],
    "validation_chi2s": {
      "DEUTERON": 5.02325439453125,
      "NMC": 1.6667425118240655,
      "NUCLEAR": 6.832623046875,
      "HERACOMB": 4.22479287939134,
      "DYE886": 36.52006114612926,
      "CDF": 2.9262888772147044,
      "D0": 31.795465087890626,
      "ATLAS": 6.446610190651634,
      "CMS": 5.525797859567111,
      "LHCb": 5.5837836265563965,
      "total": 6.138430118560791
    }
  },
  "600": {
    "training_loss": 18831.736328125,
    "validation_loss": [
      7334.0830078125
    ],
    "validation_chi2s": {
      "DEUTERON": 4.995382887807058,
      "NMC": 1.6906917796415442,
      "NUCLEAR": 6.8821953125,
      "HERACOMB": 4.107529983021855,
      "DYE886": 35.244049072265625,
      "CDF": 2.727675301688058,
      "D0": 33.35807495117187,
      "ATLAS": 6.203520341352983,
      "CMS": 5.540427286116803,
      "LHCb": 5.559476852416992,
      "total": 6.067501068115234
    }
  },
  "700": {
    "training_loss": 17913.82421875,
    "validation_loss": [
      7244.38720703125
    ],
    "validation_chi2s": {
      "DEUTERON": 4.966345639964241,
      "NMC": 1.7137901455748314,
      "NUCLEAR": 6.82798388671875,
      "HERACOMB": 4.0414935342626634,
      "DYE886": 34.88660777698863,
      "CDF": 2.570869173322405,
      "D0": 32.5138427734375,
      "ATLAS": 6.077470259232954,
      "CMS": 5.504062840195953,
      "LHCb": 5.432117938995361,
      "total": 5.993992805480957
    }
  },
  "800": {
    "training_loss": 17327.10546875,
    "validation_loss": [
      7178.92138671875
    ],
    "validation_chi2s": {
      "DEUTERON": 4.964005048002177,
      "NMC": 1.7120714374617034,
      "NUCLEAR": 6.7573564453125,
      "HERACOMB": 3.94906596264808,
      "DYE886": 35.2876143022017,
      "CDF": 2.5592904772077287,
      "D0": 32.432012939453124,
      "ATLAS": 5.957108931107954,
      "CMS": 5.502851642546107,
      "LHCb": 5.343864917755127,
      "total": 5.940696716308594
    }
  },
  "900": {
    "training_loss": 15875.138671875,
    "validation_loss": [
      7149.0029296875
    ],
    "validation_chi2s": {
      "DEUTERON": 4.762180613048041,
      "NMC": 1.6972196990368413,
      "NUCLEAR": 6.85013232421875,
      "HERACOMB": 3.809200910181781,
      "DYE886": 40.67695201526988,
      "CDF": 2.7357774462018694,
      "D0": 22.75472412109375,
      "ATLAS": 6.013427040793679,
      "CMS": 5.540501829053535,
      "LHCb": 4.818164348602295,
      "total": 5.9065260887146
    }
  },
  "1000": {
    "training_loss": 16255.8798828125,
    "validation_loss": [
      7083.42919921875
    ],
    "validation_chi2s": {
      "DEUTERON": 4.904549214377332,
      "NMC": 1.7146877214020373,
      "NUCLEAR": 6.67094189453125,
      "HERACOMB": 3.8443124808517157,
      "DYE886": 36.2577958540483,
      "CDF": 2.7464825766427174,
      "D0": 30.991653442382812,
      "ATLAS": 5.865785772150213,
      "CMS": 5.46343743996542,
      "LHCb": 5.076678276062012,
      "total": 5.867072105407715
    }
  },
  "1100": {
    "training_loss": 21445.587890625,
    "validation_loss": [
      6969.24072265625
    ],
    "validation_chi2s": {
      "DEUTERON": 5.103035846159826,
      "NMC": 1.7290534225164675,
      "NUCLEAR": 6.57862158203125,
      "HERACOMB": 3.807236216426675,
      "DYE886": 32.91152121803977,
      "CDF": 2.480585370744978,
      "D0": 31.487493896484374,
      "ATLAS": 5.646827350963246,
      "CMS": 5.485694760181865,
      "LHCb": 5.1626667976379395,
      "total": 5.784330368041992
    }
  },
  "1200": {
    "training_loss": 19804.005859375,
    "validation_loss": [
      6913.517578125
    ],
    "validation_chi2s": {
      "DEUTERON": 5.109551121346393,
      "NMC": 1.7328592936197917,
      "NUCLEAR": 6.50448583984375,
      "HERACOMB": 3.770302766288807,
      "DYE886": 32.96574263139205,
      "CDF": 2.4186973571777344,
      "D0": 30.360690307617187,
      "ATLAS": 5.592972495339134,
      "CMS": 5.46589885774206,
      "LHCb": 5.053124904632568,
      "total": 5.738247394561768
    }
  },
  "1300": {
    "training_loss": 16194.03125,
    "validation_loss": [
      6910.375
    ],
    "validation_chi2s": {
      "DEUTERON": 4.984262343069807,
      "NMC": 1.7395381553500306,
      "NUCLEAR": 6.45132666015625,
      "HERACOMB": 3.8043679630055145,
      "DYE886": 34.98035777698863,
      "CDF": 2.580989020211356,
      "D0": 29.298794555664063,
      "ATLAS": 5.642069036310369,
      "CMS": 5.382542844678535,
      "LHCb": 4.833517074584961,
      "total": 5.737035751342773
    }
  },
  "1400": {
    "training_loss": 20648.400390625,
    "validation_loss": [
      6825.9814453125
    ],
    "validation_chi2s": {
      "DEUTERON": 5.187162332866915,
      "NMC": 1.748029821059283,
      "NUCLEAR": 6.42198974609375,
      "HERACOMB": 3.7193013110191995,
      "DYE886": 32.31021395596591,
      "CDF": 2.3209334782191684,
      "D0": 29.639697265625,
      "ATLAS": 5.495785453102806,
      "CMS": 5.345180323866547,
      "LHCb": 4.976607799530029,
      "total": 5.673290252685547
    }
  },
  "1500": {
    "training_loss": 17716.755859375,
    "validation_loss": [
      6793.69189453125
    ],
    "validation_chi2s": {
      "DEUTERON": 5.183181383123445,
      "NMC": 1.7617495667700673,
      "NUCLEAR": 6.35604443359375,
      "HERACOMB": 3.732730242161969,
      "DYE886": 32.5537636496804,
      "CDF": 2.3671902247837613,
      "D0": 28.998779296875,
      "ATLAS": 5.471016276966441,
      "CMS": 5.305924712634478,
      "LHCb": 4.892228603363037,
      "total": 5.652003765106201
    }
  },
  "1600": {
    "training_loss": 16017.7109375,
    "validation_loss": [
      6759.009765625
    ],
    "validation_chi2s": {
      "DEUTERON": 5.087496781230566,
      "NMC": 1.774539124731924,
      "NUCLEAR": 6.29328076171875,
      "HERACOMB": 3.709819319980596,
      "DYE886": 34.099365234375,
      "CDF": 2.4865431104387556,
      "D0": 27.926007080078126,
      "ATLAS": 5.487721183083274,
      "CMS": 5.192767033811475,
      "LHCb": 4.7623748779296875,
      "total": 5.6246538162231445
    }
  },
  "1700": {
    "training_loss": 16828.6953125,
    "validation_loss": [
      6687.416015625
    ],
    "validation_chi2s": {
      "DEUTERON": 5.218800407143967,
      "NMC": 1.7993929993872548,
      "NUCLEAR": 6.27517236328125,
      "HERACOMB": 3.6388693416819855,
      "DYE886": 32.82051780007102,
      "CDF": 2.2624058042253767,
      "D0": 28.042474365234376,
      "ATLAS": 5.360310294411399,
      "CMS": 5.026742403624488,
      "LHCb": 4.833469390869141,
      "total": 5.567286491394043
    }
  },
  "1800": {
    "training_loss": 15142.55859375,
    "validation_loss": [
      6601.92529296875
    ],
    "validation_chi2s": {
      "DEUTERON": 4.917864595479633,
      "NMC": 1.8321002137427236,
      "NUCLEAR": 6.2676865234375,
      "HERACOMB": 3.499133141212214,
      "DYE886": 37.569091796875,
      "CDF": 2.333864756992885,
      "D0": 21.505184936523438,
      "ATLAS": 5.488648848100142,
      "CMS": 4.753482505923412,
      "LHCb": 4.385140419006348,
      "total": 5.491711616516113
    }
  },
  "1900": {
    "training_loss": 15237.6923828125,
    "validation_loss": [
      6577.5439453125
    ],
    "validation_chi2s": {
      "DEUTERON": 5.0061517971665115,
      "NMC": 1.8794335757984835,
      "NUCLEAR": 6.19223486328125,
      "HERACOMB": 3.5057760001787175,
      "DYE886": 35.94721846147017,
      "CDF": 2.394514628819057,
      "D0": 24.838209533691405,
      "ATLAS": 5.401858936656605,
      "CMS": 4.655616635181865,
      "LHCb": 4.681943416595459,
      "total": 5.477851867675781
    }
  },
  "2000": {
    "training_loss": 15259.017578125,
    "validation_loss": [
      6559.3525390625
    ],
    "validation_chi2s": {
      "DEUTERON": 5.056228865438433,
      "NMC": 1.9020107493681067,
      "NUCLEAR": 6.148416015625,
      "HERACOMB": 3.510629292407067,
      "DYE886": 35.33621493252841,
      "CDF": 2.4269918714250838,
      "D0": 25.293911743164063,
      "ATLAS": 5.366147474809126,
      "CMS": 4.633546923027664,
      "LHCb": 4.714206695556641,
      "total": 5.46522855758667
    }
  },
  "2100": {
    "training_loss": 15392.6865234375,
    "validation_loss": [
      6540.11474609375
    ],
    "validation_chi2s": {
      "DEUTERON": 5.133282561800373,
      "NMC": 1.9196786319508272,
      "NUCLEAR": 6.100291015625,
      "HERACOMB": 3.5196521235447302,
      "DYE886": 34.39450905539773,
      "CDF": 2.424889155796596,
      "D0": 25.886184692382812,
      "ATLAS": 5.313180056485263,
      "CMS": 4.625366711225666,
      "LHCb": 4.772319793701172,
      "total": 5.451507091522217
    }
  },
  "2200": {
    "training_loss": 15611.3828125,
    "validation_loss": [
      6512.3251953125
    ],
    "validation_chi2s": {
      "DEUTERON": 5.219159937616604,
      "NMC": 1.9316437665153952,
      "NUCLEAR": 6.0540888671875,
      "HERACOMB": 3.520596373314951,
      "DYE886": 33.49854625355113,
      "CDF": 2.4092908586774553,
      "D0": 25.865762329101564,
      "ATLAS": 5.251265439120206,
      "CMS": 4.601897693071209,
      "LHCb": 4.829179286956787,
      "total": 5.429964542388916
    }
  },
  "2300": {
    "training_loss": 15113.462890625,
    "validation_loss": [
      6463.28466796875
    ],
    "validation_chi2s": {
      "DEUTERON": 5.103570890663868,
      "NMC": 1.9208487716375613,
      "NUCLEAR": 5.99981298828125,
      "HERACOMB": 3.470578661151961,
      "DYE886": 35.37980513139205,
      "CDF": 2.61395263671875,
      "D0": 22.784954833984376,
      "ATLAS": 5.2653961181640625,
      "CMS": 4.603774774269979,
      "LHCb": 4.475253582000732,
      "total": 5.388116359710693
    }
  },
  "2400": {
    "training_loss": 15002.5478515625,
    "validation_loss": [
      6436.1953125
    ],
    "validation_chi2s": {
      "DEUTERON": 5.082537750699627,
      "NMC": 1.9216604793772978,
      "NUCLEAR": 5.955958984375,
      "HERACOMB": 3.4421921275020426,
      "DYE886": 35.8011474609375,
      "CDF": 2.7943978990827287,
      "D0": 22.491238403320313,
      "ATLAS": 5.235252033580434,
      "CMS": 4.58973168545082,
      "LHCb": 4.417736053466797,
      "total": 5.366790771484375
    }
  },
  "2500": {
    "training_loss": 14921.3935546875,
    "validation_loss": [
      6411.392578125
    ],
    "validation_chi2s": {
      "DEUTERON": 5.0728808350824,
      "NMC": 1.9242848415000766,
      "NUCLEAR": 5.90656396484375,
      "HERACOMB": 3.426163018918505,
      "DYE886": 36.14320789683949,
      "CDF": 2.962416240147182,
      "D0": 22.432298278808595,
      "ATLAS": 5.195514332164418,
      "CMS": 4.558461173636014,
      "LHCb": 4.378227710723877,
      "total": 5.347230911254883
    }
  },
  "2600": {
    "training_loss": 14797.9423828125,
    "validation_loss": [
      6380.0341796875
    ],
    "validation_chi2s": {
      "DEUTERON": 5.070135467681125,
      "NMC": 1.9211000928691788,
      "NUCLEAR": 5.86577294921875,
      "HERACOMB": 3.393466525607639,
      "DYE886": 36.45413485440341,
      "CDF": 3.094015121459961,
      "D0": 21.79767761230469,
      "ATLAS": 5.149916215376421,
      "CMS": 4.576229408139088,
      "LHCb": 4.232753753662109,
      "total": 5.321730136871338
    }
  },
  "2700": {
    "training_loss": 14701.8994140625,
    "validation_loss": [
      6355.744140625
    ],
    "validation_chi2s": {
      "DEUTERON": 5.041518785467195,
      "NMC": 1.9233926511278339,
      "NUCLEAR": 5.817896484375,
      "HERACOMB": 3.3816644007863563,
      "DYE886": 37.09247381036932,
      "CDF": 3.3323843819754466,
      "D0": 21.42438659667969,
      "ATLAS": 5.1224753639914775,
      "CMS": 4.522655049308401,
      "LHCb": 4.173219203948975,
      "total": 5.302607536315918
    }
  },
  "2800": {
    "training_loss": 14586.4462890625,
    "validation_loss": [
      6327.10986328125
    ],
    "validation_chi2s": {
      "DEUTERON": 5.020380580010106,
      "NMC": 1.9160878798540901,
      "NUCLEAR": 5.7839931640625,
      "HERACOMB": 3.3416608423968546,
      "DYE886": 37.90965687144887,
      "CDF": 3.59735597882952,
      "D0": 21.185749816894532,
      "ATLAS": 5.064219734885476,
      "CMS": 4.473177049980789,
      "LHCb": 4.078178882598877,
      "total": 5.279479503631592
    }
  },
  "2900": {
    "training_loss": 9816.96875,
    "validation_loss": [
      3738.83251953125
    ],
    "validation_chi2s": {
      "DEUTERON": 3.0114084120413556,
      "NMC": 1.885266621907552,
      "NUCLEAR": 3.73748583984375,
      "HERACOMB": 2.690722297219669,
      "DYE886": 2.448405525901101,
      "CDF": 1.2572618212018694,
      "D0": 4.074323654174805,
      "ATLAS": 3.2275068109685723,
      "CMS": 3.986113501376793,
      "LHCb": 3.5214505195617676,
      "total": 3.168748378753662
    }
  },
  "3000": {
    "training_loss": 8227.9970703125,
    "validation_loss": [
      2882.87158203125
    ],
    "validation_chi2s": {
      "DEUTERON": 2.3526512639439523,
      "NMC": 1.4661884681851256,
      "NUCLEAR": 2.20035986328125,
      "HERACOMB": 2.4805718714894813,
      "DYE886": 2.526369268243963,
      "CDF": 2.0486338479178294,
      "D0": 4.457455444335937,
      "ATLAS": 2.4634645635431465,
      "CMS": 3.340087890625,
      "LHCb": 1.9557626247406006,
      "total": 2.4426028728485107
    }
  },
  "3100": {
    "training_loss": 8115.43017578125,
    "validation_loss": [
      2829.514892578125
    ],
    "validation_chi2s": {
      "DEUTERON": 2.2161658747279227,
      "NMC": 1.4248444800283395,
      "NUCLEAR": 2.133342041015625,
      "HERACOMB": 2.476511038985907,
      "DYE886": 2.7123659307306465,
      "CDF": 1.9961512429373605,
      "D0": 3.828054428100586,
      "ATLAS": 2.4774478565562856,
      "CMS": 3.2924309402215677,
      "LHCb": 1.9852666854858398,
      "total": 2.3979828357696533
    }
  },
  "3200": {
    "training_loss": 8052.75244140625,
    "validation_loss": [
      2803.961669921875
    ],
    "validation_chi2s": {
      "DEUTERON": 2.1578958236162937,
      "NMC": 1.4101608874751073,
      "NUCLEAR": 2.08998388671875,
      "HERACOMB": 2.470587038526348,
      "DYE886": 2.830919785933061,
      "CDF": 1.923938478742327,
      "D0": 3.553872299194336,
      "ATLAS": 2.486543655395508,
      "CMS": 3.280360737784964,
      "LHCb": 2.005373477935791,
      "total": 2.3767588138580322
    }
  },
  "3300": {
    "training_loss": 7996.00830078125,
    "validation_loss": [
      2799.552734375
    ],
    "validation_chi2s": {
      "DEUTERON": 2.1321991118625623,
      "NMC": 1.4099937887752758,
      "NUCLEAR": 2.0722998046875,
      "HERACOMB": 2.467554030075572,
      "DYE886": 2.9107541170987217,
      "CDF": 1.8867690222603934,
      "D0": 3.563052749633789,
      "ATLAS": 2.485139500011097,
      "CMS": 3.3164892978355534,
      "LHCb": 2.031761884689331,
      "total": 2.373420000076294
    }
  },
  "3400": {
    "training_loss": 8012.66650390625,
    "validation_loss": [
      2754.6826171875
    ],
    "validation_chi2s": {
      "DEUTERON": 2.081054991157494,
      "NMC": 1.380238701315487,
      "NUCLEAR": 2.0277398681640624,
      "HERACOMB": 2.4737371307572507,
      "DYE886": 2.8793456337668677,
      "CDF": 1.7470331192016602,
      "D0": 3.156652069091797,
      "ATLAS": 2.471333243630149,
      "CMS": 3.189945158411245,
      "LHCb": 2.0233688354492188,
      "total": 2.335258960723877
    }
  },
  "3500": {
    "training_loss": 7954.60205078125,
    "validation_loss": [
      2756.75146484375
    ],
    "validation_chi2s": {
      "DEUTERON": 2.079768849842584,
      "NMC": 1.388619815602022,
      "NUCLEAR": 2.0173848876953127,
      "HERACOMB": 2.4571465386284723,
      "DYE886": 2.9636383056640625,
      "CDF": 1.7439779554094588,
      "D0": 3.2422760009765623,
      "ATLAS": 2.470804214477539,
      "CMS": 3.258793314949411,
      "LHCb": 2.007169008255005,
      "total": 2.3377914428710938
    }
  },
  "3600": {
    "training_loss": 7918.83203125,
    "validation_loss": [
      2761.8583984375
    ],
    "validation_chi2s": {
      "DEUTERON": 2.080115626700482,
      "NMC": 1.4027567844764859,
      "NUCLEAR": 2.015373046875,
      "HERACOMB": 2.4516194661458335,
      "DYE886": 2.923066572709517,
      "CDF": 1.7208987644740514,
      "D0": 3.3509822845458985,
      "ATLAS": 2.4758330258456143,
      "CMS": 3.3071184001985143,
      "LHCb": 2.020848274230957,
      "total": 2.342759847640991
    }
  },
  "3700": {
    "training_loss": 7919.1875,
    "validation_loss": [
      2743.18359375
    ],
    "validation_chi2s": {
      "DEUTERON": 2.0540402540520057,
      "NMC": 1.3884207033643536,
      "NUCLEAR": 2.0013291015625,
      "HERACOMB": 2.4519358117595997,
      "DYE886": 2.9234497763893823,
      "CDF": 1.6453713008335658,
      "D0": 3.1711566925048826,
      "ATLAS": 2.4719859036532315,
      "CMS": 3.2592563316470287,
      "LHCb": 2.014817476272583,
      "total": 2.3271148204803467
    }
  },
  "3800": {
    "training_loss": 7910.03466796875,
    "validation_loss": [
      2737.860595703125
    ],
    "validation_chi2s": {
      "DEUTERON": 2.044695650167133,
      "NMC": 1.3829404045553768,
      "NUCLEAR": 1.9922249755859376,
      "HERACOMB": 2.452414119944853,
      "DYE886": 2.8940805955366655,
      "CDF": 1.6186049325125558,
      "D0": 3.1633909225463865,
      "ATLAS": 2.4743610728870737,
      "CMS": 3.256526008981173,
      "LHCb": 2.0170087814331055,
      "total": 2.3228297233581543
    }
  },
  "3900": {
    "training_loss": 7892.3271484375,
    "validation_loss": [
      2743.50390625
    ],
    "validation_chi2s": {
      "DEUTERON": 2.0759076929804103,
      "NMC": 1.4178412942325367,
      "NUCLEAR": 1.990015869140625,
      "HERACOMB": 2.442252165351818,
      "DYE886": 2.9017425883900034,
      "CDF": 1.638054030282157,
      "D0": 3.3715015411376954,
      "ATLAS": 2.4672874103892934,
      "CMS": 3.2715374055455944,
      "LHCb": 1.9995853900909424,
      "total": 2.328612804412842
    }
  },
  "4000": {
    "training_loss": 7904.30224609375,
    "validation_loss": [
      2725.59765625
    ],
    "validation_chi2s": {
      "DEUTERON": 2.029944424605488,
      "NMC": 1.3773902444278492,
      "NUCLEAR": 1.985220703125,
      "HERACOMB": 2.4469869775709765,
      "DYE886": 2.838234641335227,
      "CDF": 1.5593515123639787,
      "D0": 3.147940444946289,
      "ATLAS": 2.483338616111062,
      "CMS": 3.218571647268827,
      "LHCb": 2.021778106689453,
      "total": 2.3131821155548096
    }
  },
  "4100": {
    "training_loss": 7882.54345703125,
    "validation_loss": [
      2733.4267578125
    ],
    "validation_chi2s": {
      "DEUTERON": 2.0724897242304103,
      "NMC": 1.408715939989277,
      "NUCLEAR": 1.9883338623046876,
      "HERACOMB": 2.427645016339869,
      "DYE886": 2.783368544145064,
      "CDF": 1.5835963657924108,
      "D0": 3.2373321533203123,
      "ATLAS": 2.4615478515625,
      "CMS": 3.2841581751088627,
      "LHCb": 2.0133228302001953,
      "total": 2.3206255435943604
    }
  },
  "4200": {
    "training_loss": 7878.19921875,
    "validation_loss": [
      2741.68994140625
    ],
    "validation_chi2s": {
      "DEUTERON": 2.07160547360852,
      "NMC": 1.414125031115962,
      "NUCLEAR": 1.9870316162109376,
      "HERACOMB": 2.434500102124183,
      "DYE886": 2.7524067271839487,
      "CDF": 1.5871731894356864,
      "D0": 3.3300521850585936,
      "ATLAS": 2.4963014776056465,
      "CMS": 3.277196164991035,
      "LHCb": 2.05125093460083,
      "total": 2.327951431274414
    }
  },
  "4300": {
    "training_loss": 7874.27978515625,
    "validation_loss": [
      2732.8642578125
    ],
    "validation_chi2s": {
      "DEUTERON": 2.060265384503265,
      "NMC": 1.4214724372414982,
      "NUCLEAR": 1.9787144775390626,
      "HERACOMB": 2.4268254298789826,
      "DYE886": 2.872914747758345,
      "CDF": 1.5831283841814314,
      "D0": 3.229416275024414,
      "ATLAS": 2.4902127005837182,
      "CMS": 3.2596593137647285,
      "LHCb": 2.039005994796753,
      "total": 2.3208835124969482
    }
  },
  "4400": {
    "training_loss": 7867.20166015625,
    "validation_loss": [
      2730.080078125
    ],
    "validation_chi2s": {
      "DEUTERON": 2.0669242896843905,
      "NMC": 1.410716038124234,
      "NUCLEAR": 1.9780294189453125,
      "HERACOMB": 2.427874995212929,
      "DYE886": 2.781555869362571,
      "CDF": 1.5851805550711495,
      "D0": 3.118512725830078,
      "ATLAS": 2.4794798764315518,
      "CMS": 3.273136326524078,
      "LHCb": 2.0284314155578613,
      "total": 2.318549156188965
    }
  },
  "4500": {
    "training_loss": 7866.52099609375,
    "validation_loss": [
      2729.81103515625
    ],
    "validation_chi2s": {
      "DEUTERON": 2.050455121851679,
      "NMC": 1.3968534282609528,
      "NUCLEAR": 1.9791685791015625,
      "HERACOMB": 2.4303335551342933,
      "DYE886": 2.690424832430753,
      "CDF": 1.5544068472726005,
      "D0": 3.039994812011719,
      "ATLAS": 2.5066956606778232,
      "CMS": 3.281925138879995,
      "LHCb": 2.0311279296875,
      "total": 2.318516969680786
    }
  },
  "4600": {
    "training_loss": 7882.12451171875,
    "validation_loss": [
      2716.1962890625
    ],
    "validation_chi2s": {
      "DEUTERON": 2.042895113057758,
      "NMC": 1.3740035412358302,
      "NUCLEAR": 1.9774654541015626,
      "HERACOMB": 2.4408671061197915,
      "DYE886": 2.685261292891069,
      "CDF": 1.5509416035243444,
      "D0": 3.0911224365234373,
      "ATLAS": 2.476350090720437,
      "CMS": 3.2069514540375255,
      "LHCb": 2.031186819076538,
      "total": 2.3066227436065674
    }
  },
  "4700": {
    "training_loss": 7867.07373046875,
    "validation_loss": [
      2717.4150390625
    ],
    "validation_chi2s": {
      "DEUTERON": 2.059812175693797,
      "NMC": 1.3655706667432599,
      "NUCLEAR": 1.9792802734375,
      "HERACOMB": 2.4247919219771243,
      "DYE886": 2.6595103523947974,
      "CDF": 1.5316994530814034,
      "D0": 3.0139385223388673,
      "ATLAS": 2.4977156899192114,
      "CMS": 3.183583994380763,
      "LHCb": 2.1437289714813232,
      "total": 2.307933807373047
    }
  },
  "4800": {
    "training_loss": 7879.27197265625,
    "validation_loss": [
      2713.3642578125
    ],
    "validation_chi2s": {
      "DEUTERON": 2.003392006034282,
      "NMC": 1.3389137118470436,
      "NUCLEAR": 1.98136962890625,
      "HERACOMB": 2.489952336728962,
      "DYE886": 2.608774358575994,
      "CDF": 1.4851487023489816,
      "D0": 3.042470932006836,
      "ATLAS": 2.4861093000932173,
      "CMS": 3.124601520475794,
      "LHCb": 2.0773754119873047,
      "total": 2.303891897201538
    }
  },
  "4900": {
    "training_loss": 7869.65283203125,
    "validation_loss": [
      2730.647705078125
    ],
    "validation_chi2s": {
      "DEUTERON": 2.1262152372901117,
      "NMC": 1.3409607831169577,
      "NUCLEAR": 1.9853148193359376,
      "HERACOMB": 2.444577884050756,
      "DYE886": 2.5957391912286933,
      "CDF": 1.4667342049734933,
      "D0": 3.0058963775634764,
      "ATLAS": 2.5086758353493432,
      "CMS": 3.1584905405513575,
      "LHCb": 2.036243438720703,
      "total": 2.3191020488739014
    }
  },
  "5000": {
    "training_loss": 7852.3505859375,
    "validation_loss": [
      2717.69921875
    ],
    "validation_chi2s": {
      "DEUTERON": 2.0074567652460353,
      "NMC": 1.3341478833965226,
      "NUCLEAR": 1.9842091064453125,
      "HERACOMB": 2.4873707091886232,
      "DYE886": 2.6576496471058237,
      "CDF": 1.4789165769304549,
      "D0": 3.06590576171875,
      "ATLAS": 2.5108401558615943,
      "CMS": 3.101479202020364,
      "LHCb": 2.103020668029785,
      "total": 2.3073854446411133
    }
  },
  "5100": {
    "training_loss": 7889.3984375,
    "validation_loss": [
      2719.28271484375
    ],
    "validation_chi2s": {
      "DEUTERON": 2.0363623775652986,
      "NMC": 1.3673402374865962,
      "NUCLEAR": 1.9778031005859376,
      "HERACOMB": 2.436577092588337,
      "DYE886": 2.7246721441095527,
      "CDF": 1.4949240003313338,
      "D0": 2.9678958892822265,
      "ATLAS": 2.5172705216841265,
      "CMS": 3.197393948914575,
      "LHCb": 2.074519395828247,
      "total": 2.309837579727173
    }
  },
  "5200": {
    "training_loss": 7852.349609375,
    "validation_loss": [
      2717.324951171875
    ],
    "validation_chi2s": {
      "DEUTERON": 2.0163874839668843,
      "NMC": 1.3332003425149357,
      "NUCLEAR": 1.9788538818359376,
      "HERACOMB": 2.485130559385212,
      "DYE886": 2.8306236267089844,
      "CDF": 1.4582875115530831,
      "D0": 3.0171875,
      "ATLAS": 2.509117993441495,
      "CMS": 3.0806659635950306,
      "LHCb": 2.0948805809020996,
      "total": 2.3072102069854736
    }
  },
  "5300": {
    "training_loss": 7842.96826171875,
    "validation_loss": [
      2736.296875
    ],
    "validation_chi2s": {
      "DEUTERON": 1.9880776476504198,
      "NMC": 1.3317443249272365,
      "NUCLEAR": 1.9841884765625,
      "HERACOMB": 2.565127703099469,
      "DYE886": 2.6719710610129614,
      "CDF": 1.421966280255999,
      "D0": 3.0402446746826173,
      "ATLAS": 2.5142166831276636,
      "CMS": 3.081690303614882,
      "LHCb": 2.1039962768554688,
      "total": 2.3223743438720703
    }
  },
  "5400": {
    "training_loss": 7880.38232421875,
    "validation_loss": [
      2714.52099609375
    ],
    "validation_chi2s": {
      "DEUTERON": 2.022674256889381,
      "NMC": 1.3571436264935661,
      "NUCLEAR": 1.9770877685546875,
      "HERACOMB": 2.4437547072865606,
      "DYE886": 2.7374352541836826,
      "CDF": 1.4727161952427454,
      "D0": 2.9226219177246096,
      "ATLAS": 2.5230175365101206,
      "CMS": 3.17067605941022,
      "LHCb": 2.049363851547241,
      "total": 2.3059003353118896
    }
  },
  "5500": {
    "training_loss": 7896.642578125,
    "validation_loss": [
      2717.85205078125
    ],
    "validation_chi2s": {
      "DEUTERON": 2.0581745508298352,
      "NMC": 1.3647269454656863,
      "NUCLEAR": 1.97699365234375,
      "HERACOMB": 2.423425612106822,
      "DYE886": 2.7880516052246094,
      "CDF": 1.4564766202654158,
      "D0": 3.000724220275879,
      "ATLAS": 2.508183392611417,
      "CMS": 3.200385171858991,
      "LHCb": 2.0260448455810547,
      "total": 2.3087267875671387
    }
  },
  "5600": {
    "training_loss": 7842.3486328125,
    "validation_loss": [
      2752.54248046875
    ],
    "validation_chi2s": {
      "DEUTERON": 2.237382423818408,
      "NMC": 1.3827453314089309,
      "NUCLEAR": 1.981233642578125,
      "HERACOMB": 2.414058710235396,
      "DYE886": 2.60257963700728,
      "CDF": 1.4580415998186385,
      "D0": 2.838227653503418,
      "ATLAS": 2.517761924050071,
      "CMS": 3.2299954773949797,
      "LHCb": 2.0268726348876953,
      "total": 2.3382627964019775
    }
  },
  "5700": {
    "training_loss": 7834.60986328125,
    "validation_loss": [
      2761.57177734375
    ],
    "validation_chi2s": {
      "DEUTERON": 2.2888238252098883,
      "NMC": 1.3909855262905944,
      "NUCLEAR": 1.988181396484375,
      "HERACOMB": 2.4043138292100696,
      "DYE886": 2.7037535580721768,
      "CDF": 1.457862172807966,
      "D0": 2.822658157348633,
      "ATLAS": 2.525720943104137,
      "CMS": 3.183568485447618,
      "LHCb": 2.079820394515991,
      "total": 2.345921754837036
    }
  },
  "5800": {
    "training_loss": 7831.45556640625,
    "validation_loss": [
      2758.3642578125
    ],
    "validation_chi2s": {
      "DEUTERON": 2.229297998532727,
      "NMC": 1.4079156015433518,
      "NUCLEAR": 1.9859102783203124,
      "HERACOMB": 2.398883295994179,
      "DYE886": 2.6356358961625532,
      "CDF": 1.4493825095040458,
      "D0": 2.819598579406738,
      "ATLAS": 2.54924860867587,
      "CMS": 3.2585509253329916,
      "LHCb": 2.032925605773926,
      "total": 2.343261480331421
    }
  },
  "5900": {
    "training_loss": 7837.99951171875,
    "validation_loss": [
      2726.2763671875
    ],
    "validation_chi2s": {
      "DEUTERON": 2.081386129654462,
      "NMC": 1.3297220865885417,
      "NUCLEAR": 1.98360888671875,
      "HERACOMB": 2.4470442229626226,
      "DYE886": 2.765836715698242,
      "CDF": 1.3654539925711495,
      "D0": 2.866955375671387,
      "ATLAS": 2.530670339410955,
      "CMS": 3.154235339555584,
      "LHCb": 2.0552077293395996,
      "total": 2.315998077392578
    }
  },
  "6000": {
    "training_loss": 7868.73583984375,
    "validation_loss": [
      2718.707763671875
    ],
    "validation_chi2s": {
      "DEUTERON": 2.02966065667755,
      "NMC": 1.3691736857096355,
      "NUCLEAR": 1.984091552734375,
      "HERACOMB": 2.4332562614889706,
      "DYE886": 2.9036001725630327,
      "CDF": 1.4505327769688197,
      "D0": 3.085649108886719,
      "ATLAS": 2.5195355848832564,
      "CMS": 3.154758640977203,
      "LHCb": 2.088771104812622,
      "total": 2.3096327781677246
    }
  },
  "6100": {
    "training_loss": 7837.4453125,
    "validation_loss": [
      2720.65673828125
    ],
    "validation_chi2s": {
      "DEUTERON": 1.993957367702503,
      "NMC": 1.3283365287032782,
      "NUCLEAR": 1.992761474609375,
      "HERACOMB": 2.4916431701261232,
      "DYE886": 2.739084243774414,
      "CDF": 1.3614963803972517,
      "D0": 2.9672597885131835,
      "ATLAS": 2.5575977672230112,
      "CMS": 3.069397973232582,
      "LHCb": 2.098047971725464,
      "total": 2.3112728595733643
    }
  },
  "6200": {
    "training_loss": 7835.38232421875,
    "validation_loss": [
      2711.1845703125
    ],
    "validation_chi2s": {
      "DEUTERON": 2.042010103292133,
      "NMC": 1.3511783375459558,
      "NUCLEAR": 1.986426025390625,
      "HERACOMB": 2.4337030547896243,
      "DYE886": 2.9075768210671167,
      "CDF": 1.4305686950683594,
      "D0": 2.852897071838379,
      "ATLAS": 2.4863709536465732,
      "CMS": 3.1437773157338627,
      "LHCb": 2.0814361572265625,
      "total": 2.303255319595337
    }
  },
  "6300": {
    "training_loss": 7832.19775390625,
    "validation_loss": [
      2742.00537109375
    ],
    "validation_chi2s": {
      "DEUTERON": 2.155702353709966,
      "NMC": 1.3172896142099417,
      "NUCLEAR": 1.997025390625,
      "HERACOMB": 2.4568988077001634,
      "DYE886": 2.6576277992942114,
      "CDF": 1.337930134364537,
      "D0": 2.8328466415405273,
      "ATLAS": 2.5027009790593926,
      "CMS": 3.1683472179975665,
      "LHCb": 2.0902507305145264,
      "total": 2.3293192386627197
    }
  },
  "6400": {
    "training_loss": 7871.08154296875,
    "validation_loss": [
      2714.95458984375
    ],
    "validation_chi2s": {
      "DEUTERON": 2.063961959003809,
      "NMC": 1.352244956820619,
      "NUCLEAR": 1.9912882080078125,
      "HERACOMB": 2.4456561718111725,
      "DYE886": 2.7764542319557886,
      "CDF": 1.3870694296700614,
      "D0": 2.746508979797363,
      "ATLAS": 2.508663697676225,
      "CMS": 3.1140902159643953,
      "LHCb": 2.0340330600738525,
      "total": 2.306544780731201
    }
  },
  "6500": {
    "training_loss": 7822.2841796875,
    "validation_loss": [
      2722.385986328125
    ],
    "validation_chi2s": {
      "DEUTERON": 2.0684655032940764,
      "NMC": 1.3656569836186427,
      "NUCLEAR": 1.99390576171875,
      "HERACOMB": 2.4279641544117645,
      "DYE886": 2.6409489024769175,
      "CDF": 1.3805571964808874,
      "D0": 2.818380355834961,
      "ATLAS": 2.514518391002308,
      "CMS": 3.2184315665823515,
      "LHCb": 2.0082383155822754,
      "total": 2.312880039215088
    }
  },
  "6600": {
    "training_loss": 7837.958984375,
    "validation_loss": [
      2719.099609375
    ],
    "validation_chi2s": {
      "DEUTERON": 2.059885205321051,
      "NMC": 1.3522620107613357,
      "NUCLEAR": 1.9928209228515625,
      "HERACOMB": 2.438849156198938,
      "DYE886": 2.695047551935369,
      "CDF": 1.3709218161446708,
      "D0": 2.8656768798828125,
      "ATLAS": 2.489185853437944,
      "CMS": 3.21194332935771,
      "LHCb": 1.9995629787445068,
      "total": 2.3100929260253906
    }
  },
  "6700": {
    "training_loss": 7835.85400390625,
    "validation_loss": [
      2716.460205078125
    ],
    "validation_chi2s": {
      "DEUTERON": 2.048261044630364,
      "NMC": 1.3192527621400123,
      "NUCLEAR": 1.9958372802734374,
      "HERACOMB": 2.465692258348652,
      "DYE886": 2.712910392067649,
      "CDF": 1.3369077954973494,
      "D0": 2.8716712951660157,
      "ATLAS": 2.503733201460405,
      "CMS": 3.1238290755475155,
      "LHCb": 2.012458324432373,
      "total": 2.3078720569610596
    }
  },
  "6800": {
    "training_loss": 7820.734375,
    "validation_loss": [
      2725.7265625
    ],
    "validation_chi2s": {
      "DEUTERON": 2.0433097573655163,
      "NMC": 1.3551599839154411,
      "NUCLEAR": 1.9895753173828126,
      "HERACOMB": 2.453145544513378,
      "DYE886": 2.8046580227938565,
      "CDF": 1.372250693184989,
      "D0": 2.946511650085449,
      "ATLAS": 2.4889900901100854,
      "CMS": 3.2351814645235657,
      "LHCb": 2.0067367553710938,
      "total": 2.3157334327697754
    }
  },
  "6900": {
    "training_loss": 7825.18359375,
    "validation_loss": [
      2721.77001953125
    ],
    "validation_chi2s": {
      "DEUTERON": 2.0771098729982898,
      "NMC": 1.3868469537473191,
      "NUCLEAR": 1.99394189453125,
      "HERACOMB": 2.4112846025454453,
      "DYE886": 2.7849469618363814,
      "CDF": 1.4017866679600306,
      "D0": 2.6786771774291993,
      "ATLAS": 2.5360462882302026,
      "CMS": 3.1784768026383197,
      "LHCb": 2.0361545085906982,
      "total": 2.312412977218628
    }
  },
  "7000": {
    "training_loss": 7809.15234375,
    "validation_loss": [
      2723.623046875
    ],
    "validation_chi2s": {
      "DEUTERON": 2.0492827002681904,
      "NMC": 1.363276911716835,
      "NUCLEAR": 1.9955009765625,
      "HERACOMB": 2.444842569189134,
      "DYE886": 2.778389323841442,
      "CDF": 1.3872408185686385,
      "D0": 2.9385021209716795,
      "ATLAS": 2.473603682084517,
      "CMS": 3.247337216236552,
      "LHCb": 1.9796645641326904,
      "total": 2.313958168029785
    }
  },
  "7100": {
    "training_loss": 7819.6474609375,
    "validation_loss": [
      2710.576904296875
    ],
    "validation_chi2s": {
      "DEUTERON": 2.014792522980799,
      "NMC": 1.3332250258501839,
      "NUCLEAR": 1.9997525634765625,
      "HERACOMB": 2.471722771139706,
      "DYE886": 2.819549560546875,
      "CDF": 1.3459471293858118,
      "D0": 2.8169378280639648,
      "ATLAS": 2.462212996049361,
      "CMS": 3.138849727443007,
      "LHCb": 2.0407795906066895,
      "total": 2.3028616905212402
    }
  },
  "7200": {
    "training_loss": 7817.619140625,
    "validation_loss": [
      2710.25830078125
    ],
    "validation_chi2s": {
      "DEUTERON": 2.0222494400555813,
      "NMC": 1.3307623769722732,
      "NUCLEAR": 1.9983905029296876,
      "HERACOMB": 2.4772687924453636,
      "DYE886": 2.7723014137961646,
      "CDF": 1.3522965567452567,
      "D0": 2.8206098556518553,
      "ATLAS": 2.4446050470525567,
      "CMS": 3.1456806620613476,
      "LHCb": 2.0344862937927246,
      "total": 2.3022706508636475
    }
  },
  "7300": {
    "training_loss": 7814.4404296875,
    "validation_loss": [
      2772.706298828125
    ],
    "validation_chi2s": {
      "DEUTERON": 2.3265635931669775,
      "NMC": 1.3308111452588849,
      "NUCLEAR": 2.0012144775390626,
      "HERACOMB": 2.4673932642718546,
      "DYE886": 2.972617409446023,
      "CDF": 1.3529396057128906,
      "D0": 2.8329561233520506,
      "ATLAS": 2.4637501456520776,
      "CMS": 3.10702889864562,
      "LHCb": 2.0418648719787598,
      "total": 2.3551838397979736
    }
  },
  "7400": {
    "training_loss": 7799.1083984375,
    "validation_loss": [
      2715.659912109375
    ],
    "validation_chi2s": {
      "DEUTERON": 1.9862106095499068,
      "NMC": 1.3336534687117034,
      "NUCLEAR": 1.997175048828125,
      "HERACOMB": 2.5184982399535336,
      "DYE886": 2.778447237881747,
      "CDF": 1.3355234691074915,
      "D0": 2.9410331726074217,
      "ATLAS": 2.479576977816495,
      "CMS": 3.088599783475282,
      "LHCb": 2.0259339809417725,
      "total": 2.306820869445801
    }
  },
  "7500": {
    "training_loss": 7815.0849609375,
    "validation_loss": [
      2726.422607421875
    ],
    "validation_chi2s": {
      "DEUTERON": 2.0956083838619404,
      "NMC": 1.36312432382621,
      "NUCLEAR": 1.9938394775390624,
      "HERACOMB": 2.4290296766493054,
      "DYE886": 2.680721803144975,
      "CDF": 1.3854502269199915,
      "D0": 2.779602813720703,
      "ATLAS": 2.510027451948686,
      "CMS": 3.2123865846727715,
      "LHCb": 1.9917365312576294,
      "total": 2.3163645267486572
    }
  },
  "7600": {
    "training_loss": 7803.78955078125,
    "validation_loss": [
      2725.6416015625
    ],
    "validation_chi2s": {
      "DEUTERON": 2.03652392335199,
      "NMC": 1.35626220703125,
      "NUCLEAR": 1.997415771484375,
      "HERACOMB": 2.4621320736953636,
      "DYE886": 2.7668177864768286,
      "CDF": 1.385392189025879,
      "D0": 3.042502593994141,
      "ATLAS": 2.4653195467862217,
      "CMS": 3.2466825891713627,
      "LHCb": 1.9784953594207764,
      "total": 2.31569504737854
    }
  },
  "7700": {
    "training_loss": 7799.0078125,
    "validation_loss": [
      2733.51171875
    ],
    "validation_chi2s": {
      "DEUTERON": 2.089917386942242,
      "NMC": 1.3613694134880514,
      "NUCLEAR": 1.9953399658203126,
      "HERACOMB": 2.4292249492570464,
      "DYE886": 2.675334410233931,
      "CDF": 1.3865489959716797,
      "D0": 2.878387451171875,
      "ATLAS": 2.4768172177401455,
      "CMS": 3.3235981425300976,
      "LHCb": 1.9687927961349487,
      "total": 2.32236909866333
    }
  },
  "7800": {
    "training_loss": 7809.68115234375,
    "validation_loss": [
      2740.953857421875
    ],
    "validation_chi2s": {
      "DEUTERON": 2.1804908258997977,
      "NMC": 1.3516732010186887,
      "NUCLEAR": 2.006619140625,
      "HERACOMB": 2.429380130144506,
      "DYE886": 2.6686141274192114,
      "CDF": 1.3386990683419364,
      "D0": 2.654866600036621,
      "ATLAS": 2.478242180564187,
      "CMS": 3.202030369492828,
      "LHCb": 2.099001169204712,
      "total": 2.328695297241211
    }
  },
  "7900": {
    "training_loss": 7815.47607421875,
    "validation_loss": [
      2715.871337890625
    ],
    "validation_chi2s": {
      "DEUTERON": 2.0489497398262593,
      "NMC": 1.3566242292815565,
      "NUCLEAR": 1.9950338134765624,
      "HERACOMB": 2.435629850898693,
      "DYE886": 2.718324834650213,
      "CDF": 1.363171168736049,
      "D0": 2.8149524688720704,
      "ATLAS": 2.5001220703125,
      "CMS": 3.189610215484119,
      "LHCb": 2.0026605129241943,
      "total": 2.307410478591919
    }
  },
  "8000": {
    "training_loss": 7824.33154296875,
    "validation_loss": [
      2737.40869140625
    ],
    "validation_chi2s": {
      "DEUTERON": 2.1301233092350746,
      "NMC": 1.372880823471967,
      "NUCLEAR": 2.0068724365234374,
      "HERACOMB": 2.4167410657296773,
      "DYE886": 2.616338383067738,
      "CDF": 1.3645294734409876,
      "D0": 2.6952936172485353,
      "ATLAS": 2.5012711611661045,
      "CMS": 3.2692645964075306,
      "LHCb": 2.0254714488983154,
      "total": 2.325714588165283
    }
  },
  "8100": {
    "training_loss": 7836.517578125,
    "validation_loss": [
      2750.19384765625
    ],
    "validation_chi2s": {
      "DEUTERON": 2.164584031745569,
      "NMC": 1.35491569369447,
      "NUCLEAR": 1.9997152099609374,
      "HERACOMB": 2.4285224465762867,
      "DYE886": 2.6563866355202417,
      "CDF": 1.3512941087995256,
      "D0": 2.7458988189697267,
      "ATLAS": 2.508032885464755,
      "CMS": 3.3040298712058145,
      "LHCb": 1.96969735622406,
      "total": 2.336561679840088
    }
  },
  "8200": {
    "training_loss": 7799.11181640625,
    "validation_loss": [
      2729.6337890625
    ],
    "validation_chi2s": {
      "DEUTERON": 2.027453218526508,
      "NMC": 1.3492856493183212,
      "NUCLEAR": 1.9972020263671875,
      "HERACOMB": 2.467172261157067,
      "DYE886": 2.7632096030495386,
      "CDF": 1.3615447453090124,
      "D0": 3.0795101165771483,
      "ATLAS": 2.49075005271218,
      "CMS": 3.246547511366547,
      "LHCb": 1.9810092449188232,
      "total": 2.319071054458618
    }
  },
  "8300": {
    "training_loss": 7804.87451171875,
    "validation_loss": [
      2730.208251953125
    ],
    "validation_chi2s": {
      "DEUTERON": 2.0314100274992226,
      "NMC": 1.3543722115310968,
      "NUCLEAR": 1.999189697265625,
      "HERACOMB": 2.476284450954861,
      "DYE886": 2.71523735739968,
      "CDF": 1.350560188293457,
      "D0": 2.9302749633789062,
      "ATLAS": 2.4625766060569068,
      "CMS": 3.2787960865458503,
      "LHCb": 1.9788217544555664,
      "total": 2.31959867477417
    }
  },
  "8400": {
    "training_loss": 7829.9951171875,
    "validation_loss": [
      2709.35546875
    ],
    "validation_chi2s": {
      "DEUTERON": 2.030321870870258,
      "NMC": 1.339650322409237,
      "NUCLEAR": 2.0031036376953124,
      "HERACOMB": 2.4716910567938113,
      "DYE886": 2.838162508877841,
      "CDF": 1.3619153159005302,
      "D0": 2.946607208251953,
      "ATLAS": 2.437584096735174,
      "CMS": 3.1244649418064805,
      "LHCb": 1.9969111680984497,
      "total": 2.3016738891601562
    }
  },
  "8500": {
    "training_loss": 7797.47314453125,
    "validation_loss": [
      2717.969970703125
    ],
    "validation_chi2s": {
      "DEUTERON": 2.0135252084305035,
      "NMC": 1.3349980373008579,
      "NUCLEAR": 2.0028692626953126,
      "HERACOMB": 2.4914409163730595,
      "DYE886": 2.7738559029319068,
      "CDF": 1.3196649551391602,
      "D0": 2.9013614654541016,
      "ATLAS": 2.4940145665949043,
      "CMS": 3.104588993260118,
      "LHCb": 2.0329761505126953,
      "total": 2.309209108352661
    }
  },
  "8600": {
    "training_loss": 7827.0283203125,
    "validation_loss": [
      2738.091552734375
    ],
    "validation_chi2s": {
      "DEUTERON": 2.1550449352359298,
      "NMC": 1.3605050479664522,
      "NUCLEAR": 2.00131201171875,
      "HERACOMB": 2.4182577694163605,
      "DYE886": 2.6855877962979404,
      "CDF": 1.3441301073346819,
      "D0": 2.6743188858032227,
      "ATLAS": 2.5051697817715732,
      "CMS": 3.2338732109695183,
      "LHCb": 2.0162839889526367,
      "total": 2.3263068199157715
    }
  },
  "8700": {
    "training_loss": 7795.1396484375,
    "validation_loss": [
      2725.001708984375
    ],
    "validation_chi2s": {
      "DEUTERON": 2.0733442164179103,
      "NMC": 1.3742895687327665,
      "NUCLEAR": 2.00063916015625,
      "HERACOMB": 2.438259149688521,
      "DYE886": 2.6418772610751065,
      "CDF": 1.3931713104248047,
      "D0": 2.851859283447266,
      "ATLAS": 2.4628386064009233,
      "CMS": 3.2696593237704916,
      "LHCb": 1.972880482673645,
      "total": 2.3151912689208984
    }
  },
  "8800": {
    "training_loss": 7818.515625,
    "validation_loss": [
      2730.24658203125
    ],
    "validation_chi2s": {
      "DEUTERON": 2.1170513096140393,
      "NMC": 1.3675249885110294,
      "NUCLEAR": 2.0064779052734374,
      "HERACOMB": 2.426777359706904,
      "DYE886": 2.682708046653054,
      "CDF": 1.3232881001063757,
      "D0": 2.6485620498657227,
      "ATLAS": 2.5226371071555396,
      "CMS": 3.1670647292840677,
      "LHCb": 2.050224781036377,
      "total": 2.319648027420044
    }
  },
  "8900": {
    "training_loss": 7832.9228515625,
    "validation_loss": [
      2719.166015625
    ],
    "validation_chi2s": {
      "DEUTERON": 2.0345975202114426,
      "NMC": 1.3508148193359375,
      "NUCLEAR": 2.010470458984375,
      "HERACOMB": 2.4542246301189747,
      "DYE886": 2.9553167169744317,
      "CDF": 1.3187221799577986,
      "D0": 2.8007270812988283,
      "ATLAS": 2.491792332042347,
      "CMS": 3.119072835953509,
      "LHCb": 2.07344913482666,
      "total": 2.3102328777313232
    }
  },
  "9000": {
    "training_loss": 7802.634765625,
    "validation_loss": [
      2722.00146484375
    ],
    "validation_chi2s": {
      "DEUTERON": 2.0766355599930035,
      "NMC": 1.3322137570848651,
      "NUCLEAR": 2.00409619140625,
      "HERACOMB": 2.4761236851511437,
      "DYE886": 2.7510589252818716,
      "CDF": 1.3150453567504883,
      "D0": 2.850751495361328,
      "ATLAS": 2.4423519481312144,
      "CMS": 3.1549892738217213,
      "LHCb": 2.0202078819274902,
      "total": 2.312412977218628
    }
  },
  "9100": {
    "training_loss": 7794.83203125,
    "validation_loss": [
      2729.751953125
    ],
    "validation_chi2s": {
      "DEUTERON": 2.0512991378556436,
      "NMC": 1.3791019215303308,
      "NUCLEAR": 2.000816650390625,
      "HERACOMB": 2.4456617567274304,
      "DYE886": 2.7597732543945312,
      "CDF": 1.3795084272112166,
      "D0": 2.9781009674072267,
      "ATLAS": 2.4720311598344282,
      "CMS": 3.277591892930328,
      "LHCb": 1.9816983938217163,
      "total": 2.3192288875579834
    }
  },
  "9200": {
    "training_loss": 7802.22509765625,
    "validation_loss": [
      2732.59765625
    ],
    "validation_chi2s": {
      "DEUTERON": 2.012780336598259,
      "NMC": 1.3433908200731464,
      "NUCLEAR": 2.0058956298828123,
      "HERACOMB": 2.4806201411228552,
      "DYE886": 2.67089184847745,
      "CDF": 1.2868430273873466,
      "D0": 3.0211864471435548,
      "ATLAS": 2.5129755193536933,
      "CMS": 3.222010878265881,
      "LHCb": 2.048214912414551,
      "total": 2.321594715118408
    }
  },
  "9300": {
    "training_loss": 7788.685546875,
    "validation_loss": [
      2794.151123046875
    ],
    "validation_chi2s": {
      "DEUTERON": 2.433088615759095,
      "NMC": 1.3335602704216452,
      "NUCLEAR": 2.002189453125,
      "HERACOMB": 2.441456314785029,
      "DYE886": 2.768177726052024,
      "CDF": 1.2940149307250977,
      "D0": 2.8349294662475586,
      "ATLAS": 2.4860692457719282,
      "CMS": 3.1792357397861166,
      "LHCb": 2.0517053604125977,
      "total": 2.3738930225372314
    }
  },
  "9400": {
    "training_loss": 7804.30859375,
    "validation_loss": [
      2725.243408203125
    ],
    "validation_chi2s": {
      "DEUTERON": 2.075639411584655,
      "NMC": 1.332142250210631,
      "NUCLEAR": 2.003428466796875,
      "HERACOMB": 2.468377406301062,
      "DYE886": 2.7659424868496982,
      "CDF": 1.2948007583618164,
      "D0": 2.8962705612182615,
      "ATLAS": 2.4792343486439097,
      "CMS": 3.149141155305456,
      "LHCb": 2.0155677795410156,
      "total": 2.315411329269409
    }
  },
  "9500": {
    "training_loss": 7805.828125,
    "validation_loss": [
      2761.3369140625
    ],
    "validation_chi2s": {
      "DEUTERON": 2.2609310624611316,
      "NMC": 1.3387485578948377,
      "NUCLEAR": 2.0053720703125,
      "HERACOMB": 2.491882523680045,
      "DYE886": 2.631631851196289,
      "CDF": 1.3156429018293108,
      "D0": 2.7698158264160155,
      "ATLAS": 2.438590656627308,
      "CMS": 3.158468027583888,
      "LHCb": 2.030057430267334,
      "total": 2.345686435699463
    }
  },
  "9600": {
    "training_loss": 7803.87451171875,
    "validation_loss": [
      2754.208251953125
    ],
    "validation_chi2s": {
      "DEUTERON": 2.236971575229322,
      "NMC": 1.3414934943704044,
      "NUCLEAR": 2.009649658203125,
      "HERACOMB": 2.4776772891773895,
      "DYE886": 2.662044871937145,
      "CDF": 1.2832281930106026,
      "D0": 2.7987695693969727,
      "ATLAS": 2.428776827725497,
      "CMS": 3.1761912361520235,
      "LHCb": 2.028041124343872,
      "total": 2.339865207672119
    }
  },
  "9700": {
    "training_loss": 7873.31982421875,
    "validation_loss": [
      2799.578857421875
    ],
    "validation_chi2s": {
      "DEUTERON": 2.481187659116527,
      "NMC": 1.3327597823797488,
      "NUCLEAR": 2.0050771484375,
      "HERACOMB": 2.4315167595358456,
      "DYE886": 2.7920507951216265,
      "CDF": 1.274641990661621,
      "D0": 2.8662092208862306,
      "ATLAS": 2.4554413882168857,
      "CMS": 3.2197770916047643,
      "LHCb": 1.9871121644973755,
      "total": 2.3785648345947266
    }
  },
  "9800": {
    "training_loss": 7805.21435546875,
    "validation_loss": [
      2705.41162109375
    ],
    "validation_chi2s": {
      "DEUTERON": 2.0017610616351833,
      "NMC": 1.3293401680740655,
      "NUCLEAR": 2.00318017578125,
      "HERACOMB": 2.4718071432674633,
      "DYE886": 2.797522111372514,
      "CDF": 1.290726661682129,
      "D0": 2.9220745086669924,
      "ATLAS": 2.44369818947532,
      "CMS": 3.148375214123335,
      "LHCb": 1.9992949962615967,
      "total": 2.2984619140625
    }
  },
  "9900": {
    "training_loss": 7785.4462890625,
    "validation_loss": [
      2783.73779296875
    ],
    "validation_chi2s": {
      "DEUTERON": 2.3660621453280473,
      "NMC": 1.324086357565487,
      "NUCLEAR": 2.0073612060546875,
      "HERACOMB": 2.4761974858302698,
      "DYE886": 2.809621984308416,
      "CDF": 1.252807344709124,
      "D0": 2.806471061706543,
      "ATLAS": 2.461862390691584,
      "CMS": 3.150482177734375,
      "LHCb": 2.0243911743164062,
      "total": 2.365112066268921
    }
  },
  "10000": {
    "training_loss": 7879.8671875,
    "validation_loss": [
      2716.09814453125
    ],
    "validation_chi2s": {
      "DEUTERON": 1.9658233490749377,
      "NMC": 1.3492973178040748,
      "NUCLEAR": 2.0011383056640626,
      "HERACOMB": 2.486640680849163,
      "DYE886": 3.0698984319513496,
      "CDF": 1.3345094408307756,
      "D0": 3.0304388046264648,
      "ATLAS": 2.5180781971324575,
      "CMS": 3.071136974897541,
      "LHCb": 2.059478282928467,
      "total": 2.3076372146606445
    }
  },
  "10100": {
    "training_loss": 7821.86572265625,
    "validation_loss": [
      2724.099609375
    ],
    "validation_chi2s": {
      "DEUTERON": 2.1298211700287624,
      "NMC": 1.3409108180625766,
      "NUCLEAR": 2.0072847900390625,
      "HERACOMB": 2.4586652369281046,
      "DYE886": 2.8826339028098364,
      "CDF": 1.2960021155221122,
      "D0": 2.712909698486328,
      "ATLAS": 2.442432576959783,
      "CMS": 3.11556631619813,
      "LHCb": 1.995405912399292,
      "total": 2.3144373893737793
    }
  },
  "10200": {
    "training_loss": 7800.6240234375,
    "validation_loss": [
      2712.16357421875
    ],
    "validation_chi2s": {
      "DEUTERON": 2.047259126729633,
      "NMC": 1.3395644543217677,
      "NUCLEAR": 2.0007440185546876,
      "HERACOMB": 2.4607496074601714,
      "DYE886": 2.721332550048828,
      "CDF": 1.2932098933628626,
      "D0": 2.751728820800781,
      "ATLAS": 2.4310040907426314,
      "CMS": 3.2142729212026127,
      "LHCb": 1.9603885412216187,
      "total": 2.304300546646118
    }
  },
  "10300": {
    "training_loss": 7774.771484375,
    "validation_loss": [
      2770.9189453125
    ],
    "validation_chi2s": {
      "DEUTERON": 2.289038966544232,
      "NMC": 1.3205816231521905,
      "NUCLEAR": 2.0147503662109374,
      "HERACOMB": 2.4895747564976514,
      "DYE886": 2.902218211780895,
      "CDF": 1.2155120032174247,
      "D0": 2.809127426147461,
      "ATLAS": 2.444070989435369,
      "CMS": 3.135288926421619,
      "LHCb": 2.0157525539398193,
      "total": 2.3539154529571533
    }
  },
  "10400": {
    "training_loss": 7775.76171875,
    "validation_loss": [
      2730.85302734375
    ],
    "validation_chi2s": {
      "DEUTERON": 2.1473397781599814,
      "NMC": 1.354737076104856,
      "NUCLEAR": 1.998185302734375,
      "HERACOMB": 2.4218608382480595,
      "DYE886": 2.753712220625444,
      "CDF": 1.2666582380022322,
      "D0": 2.7140745162963866,
      "ATLAS": 2.4823617068204014,
      "CMS": 3.222469142225922,
      "LHCb": 1.9650758504867554,
      "total": 2.320178985595703
    }
  },
  "10500": {
    "training_loss": 7772.24560546875,
    "validation_loss": [
      2743.31884765625
    ],
    "validation_chi2s": {
      "DEUTERON": 2.2167488971159828,
      "NMC": 1.3433121325922948,
      "NUCLEAR": 2.024489501953125,
      "HERACOMB": 2.472015380859375,
      "DYE886": 2.8855708729137075,
      "CDF": 1.2754192352294922,
      "D0": 2.622445487976074,
      "ATLAS": 2.4166634299538354,
      "CMS": 3.092008496894211,
      "LHCb": 2.0459108352661133,
      "total": 2.3307533264160156
    }
  },
  "10600": {
    "training_loss": 7770.27587890625,
    "validation_loss": [
      2899.44482421875
    ],
    "validation_chi2s": {
      "DEUTERON": 2.994996635474969,
      "NMC": 1.3312255260991115,
      "NUCLEAR": 2.0113035888671873,
      "HERACOMB": 2.4365411895552493,
      "DYE886": 2.7168795845725318,
      "CDF": 1.203242574419294,
      "D0": 2.5325037002563477,
      "ATLAS": 2.439683047207919,
      "CMS": 3.23854965460105,
      "LHCb": 1.969117522239685,
      "total": 2.4633071422576904
    }
  },
  "10700": {
    "training_loss": 7787.0947265625,
    "validation_loss": [
      2734.50048828125
    ],
    "validation_chi2s": {
      "DEUTERON": 2.1167802953008397,
      "NMC": 1.3775935453527115,
      "NUCLEAR": 2.004895263671875,
      "HERACOMB": 2.4532937442555145,
      "DYE886": 2.7756255756724966,
      "CDF": 1.2754174641200475,
      "D0": 2.6798168182373048,
      "ATLAS": 2.4466942873868076,
      "CMS": 3.255130705286245,
      "LHCb": 1.9470171928405762,
      "total": 2.323279857635498
    }
  },
  "10800": {
    "training_loss": 7782.20068359375,
    "validation_loss": [
      2748.1669921875
    ],
    "validation_chi2s": {
      "DEUTERON": 2.1921576504683613,
      "NMC": 1.346830031451057,
      "NUCLEAR": 2.0209013671875,
      "HERACOMB": 2.4573286467907476,
      "DYE886": 2.913868644020774,
      "CDF": 1.2102227892194475,
      "D0": 2.6133527755737305,
      "ATLAS": 2.4588196494362573,
      "CMS": 3.15364725081647,
      "LHCb": 2.0462350845336914,
      "total": 2.3348910808563232
    }
  },
  "10900": {
    "training_loss": 7833.8173828125,
    "validation_loss": [
      2811.033203125
    ],
    "validation_chi2s": {
      "DEUTERON": 2.5441305435712063,
      "NMC": 1.3654147877412683,
      "NUCLEAR": 2.013854248046875,
      "HERACOMB": 2.414172004250919,
      "DYE886": 2.840618133544922,
      "CDF": 1.2140214102608817,
      "D0": 2.4732879638671874,
      "ATLAS": 2.4439081712202593,
      "CMS": 3.2666801077420593,
      "LHCb": 1.9824645519256592,
      "total": 2.388303279876709
    }
  },
  "11000": {
    "training_loss": 7776.88720703125,
    "validation_loss": [
      2730.052734375
    ],
    "validation_chi2s": {
      "DEUTERON": 2.0964193011990826,
      "NMC": 1.3318946688782936,
      "NUCLEAR": 2.0178897705078125,
      "HERACOMB": 2.4558213177849266,
      "DYE886": 2.8602834181352095,
      "CDF": 1.173560687473842,
      "D0": 2.5023359298706054,
      "ATLAS": 2.4599340612238105,
      "CMS": 3.2223973508741035,
      "LHCb": 1.9544506072998047,
      "total": 2.31949782371521
    }
  },
  "11100": {
    "training_loss": 7786.646484375,
    "validation_loss": [
      2728.73974609375
    ],
    "validation_chi2s": {
      "DEUTERON": 2.1633891395075406,
      "NMC": 1.3686773262771905,
      "NUCLEAR": 2.0237974853515626,
      "HERACOMB": 2.4482583438648895,
      "DYE886": 3.0141861655495386,
      "CDF": 1.2641692842755998,
      "D0": 2.5462404251098634,
      "ATLAS": 2.4212535511363638,
      "CMS": 3.09914285628522,
      "LHCb": 2.0036284923553467,
      "total": 2.318382501602173
    }
  },
  "11200": {
    "training_loss": 7758.8486328125,
    "validation_loss": [
      2728.3291015625
    ],
    "validation_chi2s": {
      "DEUTERON": 2.0542569136738185,
      "NMC": 1.3597252041685814,
      "NUCLEAR": 2.012647216796875,
      "HERACOMB": 2.4736140631382764,
      "DYE886": 2.9016234657981177,
      "CDF": 1.1973848342895508,
      "D0": 2.4944868087768555,
      "ATLAS": 2.4257933876731177,
      "CMS": 3.274901593317751,
      "LHCb": 1.946890115737915,
      "total": 2.3179948329925537
    }
  },
  "11300": {
    "training_loss": 7789.11669921875,
    "validation_loss": [
      2985.96533203125
    ],
    "validation_chi2s": {
      "DEUTERON": 3.4009268841340172,
      "NMC": 1.3314579982383579,
      "NUCLEAR": 2.023385986328125,
      "HERACOMB": 2.4527348537071076,
      "DYE886": 2.747917348688299,
      "CDF": 1.1645430156162806,
      "D0": 2.6556913375854494,
      "ATLAS": 2.467810544100675,
      "CMS": 3.152796510790215,
      "LHCb": 1.9985209703445435,
      "total": 2.53692889213562
    }
  },
  "11400": {
    "training_loss": 7758.73876953125,
    "validation_loss": [
      2763.26318359375
    ],
    "validation_chi2s": {
      "DEUTERON": 2.2468840186275654,
      "NMC": 1.3363026637657016,
      "NUCLEAR": 2.020263916015625,
      "HERACOMB": 2.497240851907169,
      "DYE886": 2.901590347290039,
      "CDF": 1.117377689906529,
      "D0": 2.525600051879883,
      "ATLAS": 2.406556389548562,
      "CMS": 3.188629150390625,
      "LHCb": 2.0084400177001953,
      "total": 2.347277879714966
    }
  },
  "11500": {
    "training_loss": 7756.6708984375,
    "validation_loss": [
      2726.76171875
    ],
    "validation_chi2s": {
      "DEUTERON": 2.0529946094721705,
      "NMC": 1.3457191317689186,
      "NUCLEAR": 2.0167454833984375,
      "HERACOMB": 2.482760161356209,
      "DYE886": 2.816307241266424,
      "CDF": 1.1337811606270927,
      "D0": 2.5583433151245116,
      "ATLAS": 2.4731681130149146,
      "CMS": 3.1820438572617826,
      "LHCb": 1.9537144899368286,
      "total": 2.3166346549987793
    }
  },
  "11600": {
    "training_loss": 7763.89794921875,
    "validation_loss": [
      2746.06884765625
    ],
    "validation_chi2s": {
      "DEUTERON": 2.2228382926675216,
      "NMC": 1.3293202718098958,
      "NUCLEAR": 2.013157958984375,
      "HERACOMB": 2.5121053059895835,
      "DYE886": 2.9182125438343394,
      "CDF": 1.1316327367510115,
      "D0": 2.518704414367676,
      "ATLAS": 2.3828154477206143,
      "CMS": 3.1136304511398567,
      "LHCb": 1.9494659900665283,
      "total": 2.3326337337493896
    }
  }
}