{
  "100": {
    "training_loss": 442.203125,
    "validation_loss": [
      9514.2392578125
    ],
    "validation_chi2s": {
      "DEUTERON": 3.9153068542480467,
      "ATLAS": 1.4785175323486328,
      "total": 3.3897247314453125
    }
  },
  "200": {
    "training_loss": 67940.166015625,
    "validation_loss": [
      117.257568359375
    ],
    "validation_chi2s": {
      "DEUTERON": 2.4619783401489257,
      "ATLAS": 1.707130952314897,
      "total": 2.299168109893799
    }
  },
  "300": {
    "training_loss": 298.5682373046875,
    "validation_loss": [
      113.3241195678711
    ],
    "validation_chi2s": {
      "DEUTERON": 2.3803640365600587,
      "ATLAS": 1.6463234641335227,
      "total": 2.222041606903076
    }
  },
  "400": {
    "training_loss": 1108.4962768554688,
    "validation_loss": [
      123.8680419921875
    ],
    "validation_chi2s": {
      "DEUTERON": 2.6623855590820313,
      "ATLAS": 1.579328883777965,
      "total": 2.4287850856781006
    }
  },
  "500": {
    "training_loss": 291.92144775390625,
    "validation_loss": [
      114.1041030883789
    ],
    "validation_chi2s": {
      "DEUTERON": 2.454399299621582,
      "ATLAS": 1.4480119185014204,
      "total": 2.237335443496704
    }
  }
}