{
  "100": {
    "training_loss": 362.75,
    "validation_loss": [
      120.98379516601562
    ],
    "validation_chi2s": {
      "DEUTERON": 2.4092458724975585,
      "ATLAS": 2.2376332716508345,
      "total": 2.3722314834594727
    }
  },
  "200": {
    "training_loss": 300.15032958984375,
    "validation_loss": [
      93.54280090332031
    ],
    "validation_chi2s": {
      "DEUTERON": 1.7092538833618165,
      "ATLAS": 2.2884221510453657,
      "total": 1.8341726064682007
    }
  },
  "300": {
    "training_loss": 269.00726318359375,
    "validation_loss": [
      84.22589111328125
    ],
    "validation_chi2s": {
      "DEUTERON": 1.6001928329467774,
      "ATLAS": 1.8380165100097656,
      "total": 1.6514880657196045
    }
  },
  "400": {
    "training_loss": 271.1328125,
    "validation_loss": [
      88.2918701171875
    ],
    "validation_chi2s": {
      "DEUTERON": 1.6638490676879882,
      "ATLAS": 1.976173227483576,
      "total": 1.731213092803955
    }
  },
  "500": {
    "training_loss": 267.4573669433594,
    "validation_loss": [
      101.02996063232422
    ],
    "validation_chi2s": {
      "DEUTERON": 1.7189428329467773,
      "ATLAS": 2.11008037220348,
      "total": 1.8033058643341064
    }
  },
  "600": {
    "training_loss": 262.3046569824219,
    "validation_loss": [
      85.37198638916016
    ],
    "validation_chi2s": {
      "DEUTERON": 1.558981704711914,
      "ATLAS": 2.0920656377618965,
      "total": 1.6739606857299805
    }
  }
}