{
  "100": {
    "training_loss": 303.37109375,
    "validation_loss": [
      128.54641723632812
    ],
    "validation_chi2s": {
      "DEUTERON": 2.40179328918457,
      "ATLAS": 2.95224345814098,
      "total": 2.5205180644989014
    }
  },
  "200": {
    "training_loss": 245.63558959960938,
    "validation_loss": [
      114.2154312133789
    ],
    "validation_chi2s": {
      "DEUTERON": 2.3058265686035155,
      "ATLAS": 1.9983973069624468,
      "total": 2.239518165588379
    }
  },
  "300": {
    "training_loss": 234.97891235351562,
    "validation_loss": [
      108.34831237792969
    ],
    "validation_chi2s": {
      "DEUTERON": 2.1627214431762694,
      "ATLAS": 1.9854049682617188,
      "total": 2.124476671218872
    }
  },
  "400": {
    "training_loss": 230.9651641845703,
    "validation_loss": [
      103.57473754882812
    ],
    "validation_chi2s": {
      "DEUTERON": 2.043338394165039,
      "ATLAS": 1.9855643185702236,
      "total": 2.0308773517608643
    }
  },
  "500": {
    "training_loss": 228.5633087158203,
    "validation_loss": [
      98.05647277832031
    ],
    "validation_chi2s": {
      "DEUTERON": 1.9041778564453125,
      "ATLAS": 1.9899422038685193,
      "total": 1.9226760864257812
    }
  },
  "600": {
    "training_loss": 225.7966766357422,
    "validation_loss": [
      96.62222290039062
    ],
    "validation_chi2s": {
      "DEUTERON": 1.8648128509521484,
      "ATLAS": 2.0027006322687324,
      "total": 1.8945534229278564
    }
  },
  "700": {
    "training_loss": 233.5000457763672,
    "validation_loss": [
      90.1045913696289
    ],
    "validation_chi2s": {
      "DEUTERON": 1.674723243713379,
      "ATLAS": 2.1014237837357954,
      "total": 1.7667566537857056
    }
  },
  "800": {
    "training_loss": 221.04470825195312,
    "validation_loss": [
      100.31600952148438
    ],
    "validation_chi2s": {
      "DEUTERON": 1.9544452667236327,
      "ATLAS": 2.0125633586536753,
      "total": 1.9669805765151978
    }
  },
  "900": {
    "training_loss": 220.0664825439453,
    "validation_loss": [
      103.61772918701172
    ],
    "validation_chi2s": {
      "DEUTERON": 2.0288333892822266,
      "ATLAS": 2.0422179482199927,
      "total": 2.0317203998565674
    }
  }
}