{
  "100": {
    "training_loss": 290.24652099609375,
    "validation_loss": [
      123.12998962402344
    ],
    "validation_chi2s": {
      "DEUTERON": 2.610722541809082,
      "ATLAS": 1.7000987313010476,
      "total": 2.414313554763794
    }
  },
  "200": {
    "training_loss": 270.24273681640625,
    "validation_loss": [
      125.53675079345703
    ],
    "validation_chi2s": {
      "DEUTERON": 2.6521446228027346,
      "ATLAS": 1.7682696255770596,
      "total": 2.4615049362182617
    }
  },
  "300": {
    "training_loss": 257.82928466796875,
    "validation_loss": [
      125.58383178710938
    ],
    "validation_chi2s": {
      "DEUTERON": 2.6903913497924803,
      "ATLAS": 1.6334712288596414,
      "total": 2.462428331375122
    }
  },
  "400": {
    "training_loss": 253.67782592773438,
    "validation_loss": [
      121.84748840332031
    ],
    "validation_chi2s": {
      "DEUTERON": 2.664533805847168,
      "ATLAS": 1.38783108104359,
      "total": 2.3891665935516357
    }
  },
  "500": {
    "training_loss": 250.06680297851562,
    "validation_loss": [
      124.60725402832031
    ],
    "validation_chi2s": {
      "DEUTERON": 2.608702850341797,
      "ATLAS": 1.841740001331676,
      "total": 2.443279504776001
    }
  },
  "600": {
    "training_loss": 258.76824951171875,
    "validation_loss": [
      121.28636169433594
    ],
    "validation_chi2s": {
      "DEUTERON": 2.749039077758789,
      "ATLAS": 1.02952749078924,
      "total": 2.378164052963257
    }
  },
  "700": {
    "training_loss": 259.4384307861328,
    "validation_loss": [
      118.54296112060547
    ],
    "validation_chi2s": {
      "DEUTERON": 2.6885019302368165,
      "ATLAS": 1.000262433832342,
      "total": 2.324371814727783
    }
  },
  "800": {
    "training_loss": 246.46632385253906,
    "validation_loss": [
      118.98457336425781
    ],
    "validation_chi2s": {
      "DEUTERON": 2.589117240905762,
      "ATLAS": 1.4018075249411843,
      "total": 2.333030939102173
    }
  },
  "900": {
    "training_loss": 259.57679748535156,
    "validation_loss": [
      111.92993927001953
    ],
    "validation_chi2s": {
      "DEUTERON": 2.482399559020996,
      "ATLAS": 1.1485414505004883,
      "total": 2.19470477104187
    }
  }
}