{
  "100": {
    "training_loss": 303.59765625,
    "validation_loss": [
      107.68006896972656
    ],
    "validation_chi2s": {
      "DEUTERON": 2.099678802490234,
      "ATLAS": 2.153901360251687,
      "total": 2.1113739013671875
    }
  },
  "200": {
    "training_loss": 278.142333984375,
    "validation_loss": [
      99.03964233398438
    ],
    "validation_chi2s": {
      "DEUTERON": 1.9218215942382812,
      "ATLAS": 2.0151615142822266,
      "total": 1.9419537782669067
    }
  },
  "300": {
    "training_loss": 254.44558715820312,
    "validation_loss": [
      89.60545349121094
    ],
    "validation_chi2s": {
      "DEUTERON": 1.7249567031860351,
      "ATLAS": 1.8733804876154119,
      "total": 1.756969690322876
    }
  },
  "400": {
    "training_loss": 241.5182342529297,
    "validation_loss": [
      85.89250183105469
    ],
    "validation_chi2s": {
      "DEUTERON": 1.6547712326049804,
      "ATLAS": 1.7910594940185547,
      "total": 1.684166669845581
    }
  },
  "500": {
    "training_loss": 236.31134033203125,
    "validation_loss": [
      86.96074676513672
    ],
    "validation_chi2s": {
      "DEUTERON": 1.6891273498535155,
      "ATLAS": 1.7632411609996448,
      "total": 1.7051126956939697
    }
  },
  "600": {
    "training_loss": 231.47622680664062,
    "validation_loss": [
      90.5829086303711
    ],
    "validation_chi2s": {
      "DEUTERON": 1.7890810012817382,
      "ATLAS": 1.729060779918324,
      "total": 1.7761354446411133
    }
  },
  "700": {
    "training_loss": 224.39955139160156,
    "validation_loss": [
      90.7441177368164
    ],
    "validation_chi2s": {
      "DEUTERON": 1.8007682800292968,
      "ATLAS": 1.701217304576527,
      "total": 1.7792965173721313
    }
  },
  "800": {
    "training_loss": 221.08421325683594,
    "validation_loss": [
      83.17021942138672
    ],
    "validation_chi2s": {
      "DEUTERON": 1.599175262451172,
      "ATLAS": 1.7457469593394885,
      "total": 1.630788803100586
    }
  },
  "900": {
    "training_loss": 222.40892028808594,
    "validation_loss": [
      81.00019073486328
    ],
    "validation_chi2s": {
      "DEUTERON": 1.5210227966308594,
      "ATLAS": 1.8326622356068005,
      "total": 1.5882391929626465
    }
  }
}