{
  "100": {
    "training_loss": 82027.0,
    "validation_loss": [
      185799.328125
    ],
    "validation_chi2s": {
      "DEUTERON": 778.9807991293533,
      "NMC": 25.437509574142158,
      "NUCLEAR": 8.5181845703125,
      "HERACOMB": 25.51687921262255,
      "DYE886": 23.960820978338067,
      "CDF": 32.60864693777902,
      "D0": 49.215451049804685,
      "ATLAS": 36.1435546875,
      "CMS": 24.493594310322745,
      "LHCb": 58.91958236694336,
      "total": 153.1798095703125
    }
  },
  "200": {
    "training_loss": 23822.375,
    "validation_loss": [
      16942.34765625
    ],
    "validation_chi2s": {
      "DEUTERON": 43.550130208333336,
      "NMC": 4.361593807444853,
      "NUCLEAR": 8.96313671875,
      "HERACOMB": 5.565302431193832,
      "DYE886": 22.613711270419035,
      "CDF": 3.8018286568777904,
      "D0": 8.77133560180664,
      "ATLAS": 11.195799394087357,
      "CMS": 6.525008404841189,
      "LHCb": 11.94690227508545,
      "total": 14.171984672546387
    }
  },
  "300": {
    "training_loss": 11018.16796875,
    "validation_loss": [
      4371.517578125
    ],
    "validation_chi2s": {
      "DEUTERON": 3.832726322003265,
      "NMC": 2.6721149519378065,
      "NUCLEAR": 3.6001455078125,
      "HERACOMB": 3.036096111621732,
      "DYE886": 1.7830084020441228,
      "CDF": 1.0058963639395577,
      "D0": 5.853731536865235,
      "ATLAS": 4.620179956609553,
      "CMS": 3.165252935690958,
      "LHCb": 9.045361518859863,
      "total": 3.678255319595337
    }
  },
  "400": {
    "training_loss": 8693.7314453125,
    "validation_loss": [
      3246.8681640625
    ],
    "validation_chi2s": {
      "DEUTERON": 3.064591896474658,
      "NMC": 2.3699515847598804,
      "NUCLEAR": 2.31359765625,
      "HERACOMB": 2.675039054521548,
      "DYE886": 1.5117400776256213,
      "CDF": 0.9521816798618862,
      "D0": 6.42210693359375,
      "ATLAS": 3.031545118852095,
      "CMS": 2.589608864706071,
      "LHCb": 4.458863735198975,
      "total": 2.744370937347412
    }
  },
  "500": {
    "training_loss": 8175.755859375,
    "validation_loss": [
      2955.524169921875
    ],
    "validation_chi2s": {
      "DEUTERON": 2.4913850850726833,
      "NMC": 2.236436881271063,
      "NUCLEAR": 2.168340087890625,
      "HERACOMB": 2.5345173754723245,
      "DYE886": 1.6189498901367188,
      "CDF": 1.1908176967075892,
      "D0": 5.882839965820312,
      "ATLAS": 2.6999475305730645,
      "CMS": 2.5918381487736935,
      "LHCb": 3.7246577739715576,
      "total": 2.5028367042541504
    }
  },
  "600": {
    "training_loss": 8104.59326171875,
    "validation_loss": [
      2911.2353515625
    ],
    "validation_chi2s": {
      "DEUTERON": 2.4177757756627023,
      "NMC": 2.1988558301738665,
      "NUCLEAR": 2.13114013671875,
      "HERACOMB": 2.485186608009089,
      "DYE886": 1.6348840540105647,
      "CDF": 1.2244464329310827,
      "D0": 5.498773193359375,
      "ATLAS": 2.6899620402943003,
      "CMS": 2.6257196645267675,
      "LHCb": 3.720296859741211,
      "total": 2.4670464992523193
    }
  },
  "700": {
    "training_loss": 8078.689453125,
    "validation_loss": [
      2885.921630859375
    ],
    "validation_chi2s": {
      "DEUTERON": 2.387758625087453,
      "NMC": 2.1851763257793353,
      "NUCLEAR": 2.11088525390625,
      "HERACOMB": 2.4614690643510007,
      "DYE886": 1.632944800636985,
      "CDF": 1.2273269380841936,
      "D0": 5.098115539550781,
      "ATLAS": 2.6802845001220703,
      "CMS": 2.6366084364594005,
      "LHCb": 3.708587408065796,
      "total": 2.4467990398406982
    }
  },
  "800": {
    "training_loss": 8073.5888671875,
    "validation_loss": [
      2863.5
    ],
    "validation_chi2s": {
      "DEUTERON": 2.3584889274331466,
      "NMC": 2.186372195973116,
      "NUCLEAR": 2.09775439453125,
      "HERACOMB": 2.4529644336575775,
      "DYE886": 1.697680733420632,
      "CDF": 1.2380084991455078,
      "D0": 4.7024494171142575,
      "ATLAS": 2.6644892259077593,
      "CMS": 2.6142152880058913,
      "LHCb": 3.648145914077759,
      "total": 2.428438186645508
    }
  },
  "900": {
    "training_loss": 8051.5537109375,
    "validation_loss": [
      2861.98095703125
    ],
    "validation_chi2s": {
      "DEUTERON": 2.3342623734355565,
      "NMC": 2.1747506833543966,
      "NUCLEAR": 2.083271728515625,
      "HERACOMB": 2.443799187155331,
      "DYE886": 1.5726573250510476,
      "CDF": 1.207798957824707,
      "D0": 5.069522094726563,
      "ATLAS": 2.7050131017511543,
      "CMS": 2.6400259049212345,
      "LHCb": 3.640786647796631,
      "total": 2.4274752140045166
    }
  },
  "1000": {
    "training_loss": 8038.61865234375,
    "validation_loss": [
      2850.62060546875
    ],
    "validation_chi2s": {
      "DEUTERON": 2.315596243635339,
      "NMC": 2.175781997979856,
      "NUCLEAR": 2.07441650390625,
      "HERACOMB": 2.437472075418709,
      "DYE886": 1.5842735984108665,
      "CDF": 1.2098610741751534,
      "D0": 5.000893020629883,
      "ATLAS": 2.6978222240101206,
      "CMS": 2.639892327980917,
      "LHCb": 3.6009485721588135,
      "total": 2.418280601501465
    }
  },
  "1100": {
    "training_loss": 8032.4091796875,
    "validation_loss": [
      2835.78662109375
    ],
    "validation_chi2s": {
      "DEUTERON": 2.305116568038713,
      "NMC": 2.178773319019991,
      "NUCLEAR": 2.070245361328125,
      "HERACOMB": 2.432254766327104,
      "DYE886": 1.562578721479936,
      "CDF": 1.217437471662249,
      "D0": 4.696510314941406,
      "ATLAS": 2.676056081598455,
      "CMS": 2.6269676333568137,
      "LHCb": 3.567735433578491,
      "total": 2.4059340953826904
    }
  },
  "1200": {
    "training_loss": 8025.185546875,
    "validation_loss": [
      2829.80078125
    ],
    "validation_chi2s": {
      "DEUTERON": 2.285073199675451,
      "NMC": 2.1780422435087314,
      "NUCLEAR": 2.063828369140625,
      "HERACOMB": 2.4293498120276755,
      "DYE886": 1.5518001209605823,
      "CDF": 1.2125801358904158,
      "D0": 4.718083190917969,
      "ATLAS": 2.68683537569913,
      "CMS": 2.6250807965388065,
      "LHCb": 3.5431182384490967,
      "total": 2.4010612964630127
    }
  },
  "1300": {
    "training_loss": 8017.5009765625,
    "validation_loss": [
      2822.1181640625
    ],
    "validation_chi2s": {
      "DEUTERON": 2.2773237086054103,
      "NMC": 2.1790828330844056,
      "NUCLEAR": 2.06110107421875,
      "HERACOMB": 2.426932141671773,
      "DYE886": 1.4863265644420276,
      "CDF": 1.212216785975865,
      "D0": 4.679951858520508,
      "ATLAS": 2.685080788352273,
      "CMS": 2.6153724545338113,
      "LHCb": 3.502750873565674,
      "total": 2.3946592807769775
    }
  },
  "1400": {
    "training_loss": 8014.33203125,
    "validation_loss": [
      2816.51806640625
    ],
    "validation_chi2s": {
      "DEUTERON": 2.2714244026449784,
      "NMC": 2.1848908966662837,
      "NUCLEAR": 2.0565546875,
      "HERACOMB": 2.428146063112745,
      "DYE886": 1.4555350216952236,
      "CDF": 1.2214164733886719,
      "D0": 4.514278411865234,
      "ATLAS": 2.6633793223987925,
      "CMS": 2.633271264248207,
      "LHCb": 3.50520396232605,
      "total": 2.3900017738342285
    }
  },
  "1500": {
    "training_loss": 8006.078125,
    "validation_loss": [
      2815.8251953125
    ],
    "validation_chi2s": {
      "DEUTERON": 2.2737546702522544,
      "NMC": 2.1930657181085325,
      "NUCLEAR": 2.053653076171875,
      "HERACOMB": 2.4316960752399917,
      "DYE886": 1.4160451022061435,
      "CDF": 1.2177878788539342,
      "D0": 4.518253326416016,
      "ATLAS": 2.6594392603093926,
      "CMS": 2.6345582555552,
      "LHCb": 3.4964396953582764,
      "total": 2.3896403312683105
    }
  },
  "1600": {
    "training_loss": 8005.5703125,
    "validation_loss": [
      2806.596923828125
    ],
    "validation_chi2s": {
      "DEUTERON": 2.2383942105876864,
      "NMC": 2.175145317526425,
      "NUCLEAR": 2.050871337890625,
      "HERACOMB": 2.422257167841095,
      "DYE886": 1.4806764776056462,
      "CDF": 1.2045601436070033,
      "D0": 4.49688491821289,
      "ATLAS": 2.6962143291126597,
      "CMS": 2.601382896548412,
      "LHCb": 3.4703590869903564,
      "total": 2.382079601287842
    }
  },
  "1700": {
    "training_loss": 7999.912109375,
    "validation_loss": [
      2803.67626953125
    ],
    "validation_chi2s": {
      "DEUTERON": 2.2424519856770835,
      "NMC": 2.177668702368643,
      "NUCLEAR": 2.05371923828125,
      "HERACOMB": 2.4181111653645835,
      "DYE886": 1.4193931059403853,
      "CDF": 1.210669926234654,
      "D0": 4.412435531616211,
      "ATLAS": 2.6909935691139917,
      "CMS": 2.60311014144147,
      "LHCb": 3.4516310691833496,
      "total": 2.37947154045105
    }
  },
  "1800": {
    "training_loss": 8018.20751953125,
    "validation_loss": [
      2793.5556640625
    ],
    "validation_chi2s": {
      "DEUTERON": 2.2242843096529072,
      "NMC": 2.182250826966529,
      "NUCLEAR": 2.0521611328125,
      "HERACOMB": 2.4262246524586395,
      "DYE886": 1.6342853199351917,
      "CDF": 1.2249302182878767,
      "D0": 3.839823913574219,
      "ATLAS": 2.6618888161399146,
      "CMS": 2.5755204998078893,
      "LHCb": 3.484295129776001,
      "total": 2.371258497238159
    }
  },
  "1900": {
    "training_loss": 7991.67236328125,
    "validation_loss": [
      2795.6728515625
    ],
    "validation_chi2s": {
      "DEUTERON": 2.208400593468206,
      "NMC": 2.1749749277152266,
      "NUCLEAR": 2.054934814453125,
      "HERACOMB": 2.4399649426828023,
      "DYE886": 1.709589351307262,
      "CDF": 1.209271022251674,
      "D0": 3.747190475463867,
      "ATLAS": 2.719824877652255,
      "CMS": 2.509032452692751,
      "LHCb": 3.4341185092926025,
      "total": 2.3733270168304443
    }
  },
  "2000": {
    "training_loss": 8000.7958984375,
    "validation_loss": [
      2785.20068359375
    ],
    "validation_chi2s": {
      "DEUTERON": 2.247233832060401,
      "NMC": 2.2134679158528647,
      "NUCLEAR": 2.056707763671875,
      "HERACOMB": 2.4324284971149917,
      "DYE886": 1.5261643149636008,
      "CDF": 1.2841249193464006,
      "D0": 3.528342437744141,
      "ATLAS": 2.604304226962003,
      "CMS": 2.5704225633965163,
      "LHCb": 3.4409258365631104,
      "total": 2.3644754886627197
    }
  },
  "2100": {
    "training_loss": 7998.51513671875,
    "validation_loss": [
      2789.791259765625
    ],
    "validation_chi2s": {
      "DEUTERON": 2.216046840990361,
      "NMC": 2.1727990543141082,
      "NUCLEAR": 2.049501220703125,
      "HERACOMB": 2.4158586489608864,
      "DYE886": 1.4729312549937854,
      "CDF": 1.2091248376028878,
      "D0": 4.048341369628906,
      "ATLAS": 2.6853070692582564,
      "CMS": 2.585197323658427,
      "LHCb": 3.454569101333618,
      "total": 2.3685405254364014
    }
  },
  "2200": {
    "training_loss": 7988.0419921875,
    "validation_loss": [
      2793.598876953125
    ],
    "validation_chi2s": {
      "DEUTERON": 2.220336762233753,
      "NMC": 2.172657985313266,
      "NUCLEAR": 2.050662353515625,
      "HERACOMB": 2.4152105992136437,
      "DYE886": 1.3903874483975498,
      "CDF": 1.2132276807512556,
      "D0": 4.255805206298828,
      "ATLAS": 2.676095962524414,
      "CMS": 2.620634985751793,
      "LHCb": 3.440676689147949,
      "total": 2.3715076446533203
    }
  },
  "2300": {
    "training_loss": 7989.66064453125,
    "validation_loss": [
      2781.564453125
    ],
    "validation_chi2s": {
      "DEUTERON": 2.219566838658271,
      "NMC": 2.186854044596354,
      "NUCLEAR": 2.05846533203125,
      "HERACOMB": 2.4287374658522265,
      "DYE886": 1.9076954234730115,
      "CDF": 1.2658758163452148,
      "D0": 3.0344942092895506,
      "ATLAS": 2.6344790025190874,
      "CMS": 2.524165419281506,
      "LHCb": 3.492809772491455,
      "total": 2.361966133117676
    }
  },
  "2400": {
    "training_loss": 7976.365234375,
    "validation_loss": [
      2793.25
    ],
    "validation_chi2s": {
      "DEUTERON": 2.2218886038557213,
      "NMC": 2.1630648444680607,
      "NUCLEAR": 2.056903564453125,
      "HERACOMB": 2.4083200093188317,
      "DYE886": 1.3559043190696023,
      "CDF": 1.1883136204310827,
      "D0": 4.311618423461914,
      "ATLAS": 2.716520656238903,
      "CMS": 2.582297653448386,
      "LHCb": 3.394808053970337,
      "total": 2.371396541595459
    }
  },
  "2500": {
    "training_loss": 7983.8857421875,
    "validation_loss": [
      2787.70751953125
    ],
    "validation_chi2s": {
      "DEUTERON": 2.2135100862873136,
      "NMC": 2.1626657224168966,
      "NUCLEAR": 2.054811767578125,
      "HERACOMB": 2.409573623557496,
      "DYE886": 1.4205967296253552,
      "CDF": 1.2007853644234794,
      "D0": 4.066520690917969,
      "ATLAS": 2.678380619395863,
      "CMS": 2.6060638427734375,
      "LHCb": 3.4324350357055664,
      "total": 2.366814136505127
    }
  },
  "2600": {
    "training_loss": 7985.72607421875,
    "validation_loss": [
      2785.71533203125
    ],
    "validation_chi2s": {
      "DEUTERON": 2.206043604001477,
      "NMC": 2.159635955212163,
      "NUCLEAR": 2.05546484375,
      "HERACOMB": 2.4082288555070464,
      "DYE886": 1.4779224395751953,
      "CDF": 1.2016487121582031,
      "D0": 4.00122184753418,
      "ATLAS": 2.689965854991566,
      "CMS": 2.5844876648949797,
      "LHCb": 3.436819553375244,
      "total": 2.3653340339660645
    }
  },
  "2700": {
    "training_loss": 7979.63671875,
    "validation_loss": [
      2778.16015625
    ],
    "validation_chi2s": {
      "DEUTERON": 2.2143260139731034,
      "NMC": 2.1819318883559284,
      "NUCLEAR": 2.06322216796875,
      "HERACOMB": 2.4236093159594567,
      "DYE886": 1.8079859993674539,
      "CDF": 1.2466957909720284,
      "D0": 3.142958641052246,
      "ATLAS": 2.633468281139027,
      "CMS": 2.535062696112961,
      "LHCb": 3.4478542804718018,
      "total": 2.3592350482940674
    }
  },
  "2800": {
    "training_loss": 7973.693359375,
    "validation_loss": [
      2777.20849609375
    ],
    "validation_chi2s": {
      "DEUTERON": 2.230039681961287,
      "NMC": 2.1938086117015168,
      "NUCLEAR": 2.065120361328125,
      "HERACOMB": 2.4259087057674633,
      "DYE886": 1.7476475455544211,
      "CDF": 1.2646958487374442,
      "D0": 3.000625991821289,
      "ATLAS": 2.608168515292081,
      "CMS": 2.546792702596696,
      "LHCb": 3.445796251296997,
      "total": 2.3585808277130127
    }
  },
  "2900": {
    "training_loss": 7961.97998046875,
    "validation_loss": [
      2781.679931640625
    ],
    "validation_chi2s": {
      "DEUTERON": 2.240753021999378,
      "NMC": 2.2048282997280944,
      "NUCLEAR": 2.067928955078125,
      "HERACOMB": 2.4469560610702614,
      "DYE886": 1.6660709381103516,
      "CDF": 1.2969621930803572,
      "D0": 2.902248764038086,
      "ATLAS": 2.5828273079612036,
      "CMS": 2.563447045498207,
      "LHCb": 3.434624671936035,
      "total": 2.3624205589294434
    }
  },
  "3000": {
    "training_loss": 7974.16748046875,
    "validation_loss": [
      2785.24365234375
    ],
    "validation_chi2s": {
      "DEUTERON": 2.2081069566717195,
      "NMC": 2.1428598142137716,
      "NUCLEAR": 2.0630390625,
      "HERACOMB": 2.404525058721405,
      "DYE886": 1.4423629587346858,
      "CDF": 1.1758005959647042,
      "D0": 3.985147476196289,
      "ATLAS": 2.6896731636740943,
      "CMS": 2.597328811395364,
      "LHCb": 3.405003547668457,
      "total": 2.36507248878479
    }
  },
  "3100": {
    "training_loss": 7966.0732421875,
    "validation_loss": [
      2789.166015625
    ],
    "validation_chi2s": {
      "DEUTERON": 2.2083445686606034,
      "NMC": 2.1389453364353552,
      "NUCLEAR": 2.06435693359375,
      "HERACOMB": 2.4034403881995505,
      "DYE886": 1.4000354246659712,
      "CDF": 1.1547592708042689,
      "D0": 4.136939239501953,
      "ATLAS": 2.731225100430575,
      "CMS": 2.5760090312019726,
      "LHCb": 3.370819330215454,
      "total": 2.368389129638672
    }
  },
  "3200": {
    "training_loss": 7964.88232421875,
    "validation_loss": [
      2776.8974609375
    ],
    "validation_chi2s": {
      "DEUTERON": 2.2515526007657027,
      "NMC": 2.185669842888327,
      "NUCLEAR": 2.068283203125,
      "HERACOMB": 2.4203730564491424,
      "DYE886": 1.5775175961581143,
      "CDF": 1.2608539036342077,
      "D0": 2.9875654220581054,
      "ATLAS": 2.591980674050071,
      "CMS": 2.5779311383356815,
      "LHCb": 3.434373378753662,
      "total": 2.3583171367645264
    }
  },
  "3300": {
    "training_loss": 7970.9296875,
    "validation_loss": [
      2776.9091796875
    ],
    "validation_chi2s": {
      "DEUTERON": 2.2326761881510415,
      "NMC": 2.1717972100949754,
      "NUCLEAR": 2.068418701171875,
      "HERACOMB": 2.417065190333946,
      "DYE886": 1.8309418071400037,
      "CDF": 1.2504400525774275,
      "D0": 2.8254444122314455,
      "ATLAS": 2.6046125238591973,
      "CMS": 2.5590009845671107,
      "LHCb": 3.4878597259521484,
      "total": 2.358339786529541
    }
  },
  "3400": {
    "training_loss": 7968.53955078125,
    "validation_loss": [
      2775.0439453125
    ],
    "validation_chi2s": {
      "DEUTERON": 2.2168131206759174,
      "NMC": 2.153707466873468,
      "NUCLEAR": 2.0697685546875,
      "HERACOMB": 2.4132706386591094,
      "DYE886": 1.7432049837979404,
      "CDF": 1.217764445713588,
      "D0": 3.1074783325195314,
      "ATLAS": 2.6304522427645596,
      "CMS": 2.5535043184874486,
      "LHCb": 3.4374852180480957,
      "total": 2.356633424758911
    }
  },
  "3500": {
    "training_loss": 7963.84521484375,
    "validation_loss": [
      2782.87841796875
    ],
    "validation_chi2s": {
      "DEUTERON": 2.222477395736163,
      "NMC": 2.126102223115809,
      "NUCLEAR": 2.0670859375,
      "HERACOMB": 2.4012624703201593,
      "DYE886": 1.394583528692072,
      "CDF": 1.1680210658482142,
      "D0": 3.811540985107422,
      "ATLAS": 2.6837163404984907,
      "CMS": 2.598695098376665,
      "LHCb": 3.3868658542633057,
      "total": 2.3631553649902344
    }
  },
  "3600": {
    "training_loss": 7962.48388671875,
    "validation_loss": [
      2786.47705078125
    ],
    "validation_chi2s": {
      "DEUTERON": 2.2134361456875777,
      "NMC": 2.1229282453948377,
      "NUCLEAR": 2.0667939453125,
      "HERACOMB": 2.396423140382455,
      "DYE886": 1.4291081862016157,
      "CDF": 1.1502214159284319,
      "D0": 3.931269073486328,
      "ATLAS": 2.6964087052778765,
      "CMS": 2.615384211305712,
      "LHCb": 3.421821117401123,
      "total": 2.366288423538208
    }
  },
  "3700": {
    "training_loss": 7943.91748046875,
    "validation_loss": [
      2776.4951171875
    ],
    "validation_chi2s": {
      "DEUTERON": 2.246700154015081,
      "NMC": 2.178228789684819,
      "NUCLEAR": 2.076890380859375,
      "HERACOMB": 2.41960173962163,
      "DYE886": 1.7811450958251953,
      "CDF": 1.260592324393136,
      "D0": 2.7314228057861327,
      "ATLAS": 2.579163811423562,
      "CMS": 2.568970727138832,
      "LHCb": 3.453209161758423,
      "total": 2.358088731765747
    }
  },
  "3800": {
    "training_loss": 7946.6044921875,
    "validation_loss": [
      2779.444580078125
    ],
    "validation_chi2s": {
      "DEUTERON": 2.2568869519589554,
      "NMC": 2.1796797210094976,
      "NUCLEAR": 2.07678515625,
      "HERACOMB": 2.4266032299964255,
      "DYE886": 1.6201014085249468,
      "CDF": 1.2652349472045898,
      "D0": 2.899520492553711,
      "ATLAS": 2.5739130540327593,
      "CMS": 2.5864430411917265,
      "LHCb": 3.4311656951904297,
      "total": 2.3605618476867676
    }
  },
  "3900": {
    "training_loss": 7956.93896484375,
    "validation_loss": [
      2784.691650390625
    ],
    "validation_chi2s": {
      "DEUTERON": 2.222014014400653,
      "NMC": 2.1147963579963234,
      "NUCLEAR": 2.06953271484375,
      "HERACOMB": 2.3948968625536153,
      "DYE886": 1.4146950461647727,
      "CDF": 1.1350064958844865,
      "D0": 3.845001983642578,
      "ATLAS": 2.717557040127841,
      "CMS": 2.580695730740907,
      "LHCb": 3.377777576446533,
      "total": 2.3648624420166016
    }
  },
  "4000": {
    "training_loss": 7942.32421875,
    "validation_loss": [
      2783.966796875
    ],
    "validation_chi2s": {
      "DEUTERON": 2.272057376690765,
      "NMC": 2.1789733288334867,
      "NUCLEAR": 2.078792236328125,
      "HERACOMB": 2.418294669755923,
      "DYE886": 1.4706471183083274,
      "CDF": 1.2416907719203405,
      "D0": 3.1046796798706056,
      "ATLAS": 2.578293713656339,
      "CMS": 2.613182443087218,
      "LHCb": 3.4562392234802246,
      "total": 2.3643059730529785
    }
  },
  "4100": {
    "training_loss": 7945.54052734375,
    "validation_loss": [
      2780.205078125
    ],
    "validation_chi2s": {
      "DEUTERON": 2.241515809623756,
      "NMC": 2.140716702330346,
      "NUCLEAR": 2.07702294921875,
      "HERACOMB": 2.4186411340252247,
      "DYE886": 1.530055652965199,
      "CDF": 1.1883490426199776,
      "D0": 3.179492378234863,
      "ATLAS": 2.6675149744207207,
      "CMS": 2.5311459400614753,
      "LHCb": 3.377988815307617,
      "total": 2.3612864017486572
    }
  },
  "4200": {
    "training_loss": 7943.00634765625,
    "validation_loss": [
      2774.45751953125
    ],
    "validation_chi2s": {
      "DEUTERON": 2.244303992731654,
      "NMC": 2.1446521235447302,
      "NUCLEAR": 2.074794677734375,
      "HERACOMB": 2.40789794921875,
      "DYE886": 1.8908590836958452,
      "CDF": 1.233428682599749,
      "D0": 2.802435111999512,
      "ATLAS": 2.6034667275168677,
      "CMS": 2.549315905961834,
      "LHCb": 3.4367823600769043,
      "total": 2.356379508972168
    }
  },
  "4300": {
    "training_loss": 7939.3974609375,
    "validation_loss": [
      2772.52734375
    ],
    "validation_chi2s": {
      "DEUTERON": 2.2421923585199006,
      "NMC": 2.1440307018803617,
      "NUCLEAR": 2.079507568359375,
      "HERACOMB": 2.417898140701593,
      "DYE886": 1.8258887204256924,
      "CDF": 1.22921998160226,
      "D0": 2.6858356475830076,
      "ATLAS": 2.5822079398415307,
      "CMS": 2.5584786837218236,
      "LHCb": 3.427206039428711,
      "total": 2.3548731803894043
    }
  },
  "4400": {
    "training_loss": 7955.78076171875,
    "validation_loss": [
      2774.380859375
    ],
    "validation_chi2s": {
      "DEUTERON": 2.237153769725591,
      "NMC": 2.1314528222177542,
      "NUCLEAR": 2.074924560546875,
      "HERACOMB": 2.395639456954657,
      "DYE886": 1.7152770649303088,
      "CDF": 1.1869103567940849,
      "D0": 3.038779449462891,
      "ATLAS": 2.6335235942493784,
      "CMS": 2.5645281682248977,
      "LHCb": 3.4559786319732666,
      "total": 2.3564698696136475
    }
  },
  "4500": {
    "training_loss": 7941.03125,
    "validation_loss": [
      2770.51953125
    ],
    "validation_chi2s": {
      "DEUTERON": 2.2497953348491917,
      "NMC": 2.1474649765912224,
      "NUCLEAR": 2.079709716796875,
      "HERACOMB": 2.407193252463746,
      "DYE886": 1.6583383733575994,
      "CDF": 1.2205895015171595,
      "D0": 2.8452877044677733,
      "ATLAS": 2.5940548289905894,
      "CMS": 2.56519054975666,
      "LHCb": 3.3923068046569824,
      "total": 2.3532700538635254
    }
  },
  "4600": {
    "training_loss": 7951.06591796875,
    "validation_loss": [
      2770.166015625
    ],
    "validation_chi2s": {
      "DEUTERON": 2.2265895255169466,
      "NMC": 2.121937321681602,
      "NUCLEAR": 2.073848876953125,
      "HERACOMB": 2.4010023727915644,
      "DYE886": 1.6952648162841797,
      "CDF": 1.183229582650321,
      "D0": 3.041604995727539,
      "ATLAS": 2.6256332397460938,
      "CMS": 2.557953631291624,
      "LHCb": 3.4435791969299316,
      "total": 2.352848768234253
    }
  },
  "4700": {
    "training_loss": 7955.4208984375,
    "validation_loss": [
      2778.462890625
    ],
    "validation_chi2s": {
      "DEUTERON": 2.2379138244325247,
      "NMC": 2.1040517769607843,
      "NUCLEAR": 2.07848388671875,
      "HERACOMB": 2.397149578418607,
      "DYE886": 1.5171125585382634,
      "CDF": 1.129889760698591,
      "D0": 3.4232246398925783,
      "ATLAS": 2.7215043848211113,
      "CMS": 2.5100880607229765,
      "LHCb": 3.3363168239593506,
      "total": 2.360044002532959
    }
  },
  "4800": {
    "training_loss": 7933.44482421875,
    "validation_loss": [
      2779.0595703125
    ],
    "validation_chi2s": {
      "DEUTERON": 2.216293107217817,
      "NMC": 2.087408177992877,
      "NUCLEAR": 2.070327880859375,
      "HERACOMB": 2.392422545189951,
      "DYE886": 1.524157784201882,
      "CDF": 1.1203153473990304,
      "D0": 3.6819183349609377,
      "ATLAS": 2.7435118935324927,
      "CMS": 2.5255924912749745,
      "LHCb": 3.357980489730835,
      "total": 2.360428810119629
    }
  },
  "4900": {
    "training_loss": 7930.91748046875,
    "validation_loss": [
      2771.50537109375
    ],
    "validation_chi2s": {
      "DEUTERON": 2.2784698638156873,
      "NMC": 2.160363889208027,
      "NUCLEAR": 2.085517578125,
      "HERACOMB": 2.3955307505489176,
      "DYE886": 1.5712701624090022,
      "CDF": 1.221383775983538,
      "D0": 2.897872543334961,
      "ATLAS": 2.5810605829412285,
      "CMS": 2.571382116098873,
      "LHCb": 3.3867104053497314,
      "total": 2.3542983531951904
    }
  },
  "5000": {
    "training_loss": 7930.96142578125,
    "validation_loss": [
      2779.46533203125
    ],
    "validation_chi2s": {
      "DEUTERON": 2.2706066530142257,
      "NMC": 2.1147745169845282,
      "NUCLEAR": 2.076730712890625,
      "HERACOMB": 2.3709054585375817,
      "DYE886": 1.3952568227594548,
      "CDF": 1.1430138179234095,
      "D0": 3.6309417724609374,
      "ATLAS": 2.6452997381036933,
      "CMS": 2.6243999043449024,
      "LHCb": 3.4100918769836426,
      "total": 2.3609209060668945
    }
  },
  "5100": {
    "training_loss": 7929.33740234375,
    "validation_loss": [
      2775.79443359375
    ],
    "validation_chi2s": {
      "DEUTERON": 2.271146404209422,
      "NMC": 2.1336348290536917,
      "NUCLEAR": 2.081988525390625,
      "HERACOMB": 2.3727375105315565,
      "DYE886": 1.4301913001320579,
      "CDF": 1.1671498162405831,
      "D0": 3.502122497558594,
      "ATLAS": 2.6163881475275215,
      "CMS": 2.615410726578509,
      "LHCb": 3.412428855895996,
      "total": 2.35793399810791
    }
  },
  "5200": {
    "training_loss": 7919.0244140625,
    "validation_loss": [
      2763.06689453125
    ],
    "validation_chi2s": {
      "DEUTERON": 2.2467045570487407,
      "NMC": 2.143755744485294,
      "NUCLEAR": 2.08395458984375,
      "HERACOMB": 2.3889331692963642,
      "DYE886": 1.7208711450750178,
      "CDF": 1.2021124703543526,
      "D0": 2.7909318923950197,
      "ATLAS": 2.5788041895086113,
      "CMS": 2.5599237660892675,
      "LHCb": 3.4164721965789795,
      "total": 2.3471639156341553
    }
  },
  "5300": {
    "training_loss": 7923.302734375,
    "validation_loss": [
      2777.24755859375
    ],
    "validation_chi2s": {
      "DEUTERON": 2.222059259367226,
      "NMC": 2.0818367752374387,
      "NUCLEAR": 2.07814404296875,
      "HERACOMB": 2.377362220115911,
      "DYE886": 1.4621998180042615,
      "CDF": 1.1142867633274622,
      "D0": 3.9449790954589843,
      "ATLAS": 2.696012843738903,
      "CMS": 2.589476038198002,
      "LHCb": 3.3466174602508545,
      "total": 2.35916805267334
    }
  },
  "5400": {
    "training_loss": 7913.048828125,
    "validation_loss": [
      2779.869140625
    ],
    "validation_chi2s": {
      "DEUTERON": 2.2200365968011506,
      "NMC": 2.0725025850183822,
      "NUCLEAR": 2.07465283203125,
      "HERACOMB": 2.3829640905841503,
      "DYE886": 1.4077315763993696,
      "CDF": 1.1007568495614188,
      "D0": 4.063332748413086,
      "ATLAS": 2.688600713556463,
      "CMS": 2.614466682809298,
      "LHCb": 3.381009340286255,
      "total": 2.361456871032715
    }
  },
  "5500": {
    "training_loss": 7932.22314453125,
    "validation_loss": [
      2759.17431640625
    ],
    "validation_chi2s": {
      "DEUTERON": 2.2241926050897853,
      "NMC": 2.1121624217313877,
      "NUCLEAR": 2.08553564453125,
      "HERACOMB": 2.3870432735268587,
      "DYE886": 1.7514475042169744,
      "CDF": 1.1741681780133928,
      "D0": 2.803451919555664,
      "ATLAS": 2.5945417230779473,
      "CMS": 2.5652710961513834,
      "LHCb": 3.3706729412078857,
      "total": 2.3439693450927734
    }
  },
  "5600": {
    "training_loss": 7911.77294921875,
    "validation_loss": [
      2768.92919921875
    ],
    "validation_chi2s": {
      "DEUTERON": 2.2553768632423816,
      "NMC": 2.1378998101926316,
      "NUCLEAR": 2.08148095703125,
      "HERACOMB": 2.3759342767054736,
      "DYE886": 1.5817434137517756,
      "CDF": 1.177490234375,
      "D0": 3.18560848236084,
      "ATLAS": 2.5943019173362036,
      "CMS": 2.5927586789991035,
      "LHCb": 3.4657959938049316,
      "total": 2.352154493331909
    }
  },
  "5700": {
    "training_loss": 7904.0576171875,
    "validation_loss": [
      2776.921875
    ],
    "validation_chi2s": {
      "DEUTERON": 2.2069876751496422,
      "NMC": 2.0776296877393534,
      "NUCLEAR": 2.078753662109375,
      "HERACOMB": 2.3786018720639297,
      "DYE886": 1.445813005620783,
      "CDF": 1.1074107033865792,
      "D0": 3.856602096557617,
      "ATLAS": 2.702735727483576,
      "CMS": 2.6073455810546875,
      "LHCb": 3.3594653606414795,
      "total": 2.3589723110198975
    }
  },
  "5800": {
    "training_loss": 7908.0107421875,
    "validation_loss": [
      2757.4541015625
    ],
    "validation_chi2s": {
      "DEUTERON": 2.2185095032649254,
      "NMC": 2.120273365693934,
      "NUCLEAR": 2.083351318359375,
      "HERACOMB": 2.380471622242647,
      "DYE886": 1.7757949829101562,
      "CDF": 1.1823704583304269,
      "D0": 2.809791374206543,
      "ATLAS": 2.6046390533447266,
      "CMS": 2.5545449178726947,
      "LHCb": 3.385207176208496,
      "total": 2.3425285816192627
    }
  },
  "5900": {
    "training_loss": 7900.58544921875,
    "validation_loss": [
      2758.681396484375
    ],
    "validation_chi2s": {
      "DEUTERON": 2.22767479739972,
      "NMC": 2.133462195302926,
      "NUCLEAR": 2.088314453125,
      "HERACOMB": 2.3930707943984886,
      "DYE886": 1.7724964835427024,
      "CDF": 1.1960500989641463,
      "D0": 2.7725805282592773,
      "ATLAS": 2.577276750044389,
      "CMS": 2.556056538566214,
      "LHCb": 3.342388153076172,
      "total": 2.343599319458008
    }
  },
  "6000": {
    "training_loss": 7910.09716796875,
    "validation_loss": [
      2763.942138671875
    ],
    "validation_chi2s": {
      "DEUTERON": 2.223294538051928,
      "NMC": 2.092868879729626,
      "NUCLEAR": 2.0776962890625,
      "HERACOMB": 2.3701177858838847,
      "DYE886": 1.433567914095792,
      "CDF": 1.1362288338797433,
      "D0": 3.5270904541015624,
      "ATLAS": 2.656109029596502,
      "CMS": 2.59918463034708,
      "LHCb": 3.309230327606201,
      "total": 2.3479459285736084
    }
  },
  "6100": {
    "training_loss": 7896.7978515625,
    "validation_loss": [
      2760.493896484375
    ],
    "validation_chi2s": {
      "DEUTERON": 2.259918212890625,
      "NMC": 2.17534652410769,
      "NUCLEAR": 2.093859619140625,
      "HERACOMB": 2.372927597145629,
      "DYE886": 1.7213902906938032,
      "CDF": 1.2065211704799108,
      "D0": 2.5670862197875977,
      "ATLAS": 2.608410054987127,
      "CMS": 2.5300483078253073,
      "LHCb": 3.3031859397888184,
      "total": 2.345116376876831
    }
  },
  "6200": {
    "training_loss": 7896.73388671875,
    "validation_loss": [
      2755.9208984375
    ],
    "validation_chi2s": {
      "DEUTERON": 2.2055569928676926,
      "NMC": 2.1065851847330728,
      "NUCLEAR": 2.080572998046875,
      "HERACOMB": 2.3503190582873774,
      "DYE886": 1.5627776059237393,
      "CDF": 1.135882786342076,
      "D0": 3.2397075653076173,
      "ATLAS": 2.6751630956476387,
      "CMS": 2.571079942046619,
      "LHCb": 3.323801040649414,
      "total": 2.341278553009033
    }
  },
  "6300": {
    "training_loss": 7907.11767578125,
    "validation_loss": [
      2761.1474609375
    ],
    "validation_chi2s": {
      "DEUTERON": 2.1965948455962376,
      "NMC": 2.0970940683402266,
      "NUCLEAR": 2.074206787109375,
      "HERACOMB": 2.365000207439747,
      "DYE886": 1.606950586492365,
      "CDF": 1.1424777848379952,
      "D0": 3.5266559600830076,
      "ATLAS": 2.6789223064075816,
      "CMS": 2.5694394971503587,
      "LHCb": 3.3265113830566406,
      "total": 2.3455703258514404
    }
  },
  "6400": {
    "training_loss": 7887.37841796875,
    "validation_loss": [
      2767.79052734375
    ],
    "validation_chi2s": {
      "DEUTERON": 2.18158839591107,
      "NMC": 2.0823102464862897,
      "NUCLEAR": 2.074453857421875,
      "HERACOMB": 2.3719979080499387,
      "DYE886": 1.5161209106445312,
      "CDF": 1.1078265735081263,
      "D0": 3.8155956268310547,
      "ATLAS": 2.7150684703480112,
      "CMS": 2.579039526767418,
      "LHCb": 3.331599473953247,
      "total": 2.351328134536743
    }
  },
  "6500": {
    "training_loss": 7887.7080078125,
    "validation_loss": [
      2764.2998046875
    ],
    "validation_chi2s": {
      "DEUTERON": 2.18632666744403,
      "NMC": 2.0978531182981004,
      "NUCLEAR": 2.080014404296875,
      "HERACOMB": 2.365756764131434,
      "DYE886": 1.5427249561656604,
      "CDF": 1.120192391531808,
      "D0": 3.594051742553711,
      "ATLAS": 2.6838952844793145,
      "CMS": 2.598321883404841,
      "LHCb": 3.3324813842773438,
      "total": 2.348419427871704
    }
  },
  "6600": {
    "training_loss": 7890.9189453125,
    "validation_loss": [
      2750.007568359375
    ],
    "validation_chi2s": {
      "DEUTERON": 2.185960304677783,
      "NMC": 2.125419915891161,
      "NUCLEAR": 2.083397705078125,
      "HERACOMB": 2.3703962338516136,
      "DYE886": 1.8020498102361506,
      "CDF": 1.166940144130162,
      "D0": 2.846159553527832,
      "ATLAS": 2.631519317626953,
      "CMS": 2.5390750072041497,
      "LHCb": 3.333336591720581,
      "total": 2.336297035217285
    }
  },
  "6700": {
    "training_loss": 7881.68359375,
    "validation_loss": [
      2753.6435546875
    ],
    "validation_chi2s": {
      "DEUTERON": 2.207028972568797,
      "NMC": 2.1528377158969056,
      "NUCLEAR": 2.089073486328125,
      "HERACOMB": 2.3679917279411766,
      "DYE886": 1.7953345558860085,
      "CDF": 1.189096450805664,
      "D0": 2.712285614013672,
      "ATLAS": 2.618380459872159,
      "CMS": 2.548435899077869,
      "LHCb": 3.3280768394470215,
      "total": 2.3393948078155518
    }
  },
  "6800": {
    "training_loss": 7888.3408203125,
    "validation_loss": [
      2752.63330078125
    ],
    "validation_chi2s": {
      "DEUTERON": 2.19840722534787,
      "NMC": 2.1440046721813726,
      "NUCLEAR": 2.08751025390625,
      "HERACOMB": 2.3668924967447915,
      "DYE886": 1.8193439136851917,
      "CDF": 1.177443368094308,
      "D0": 2.801715087890625,
      "ATLAS": 2.617748433893377,
      "CMS": 2.5540058573738476,
      "LHCb": 3.327918767929077,
      "total": 2.3385396003723145
    }
  },
  "6900": {
    "training_loss": 7884.3134765625,
    "validation_loss": [
      2751.20849609375
    ],
    "validation_chi2s": {
      "DEUTERON": 2.1822877191192473,
      "NMC": 2.1368168849571076,
      "NUCLEAR": 2.086937255859375,
      "HERACOMB": 2.3747969484017566,
      "DYE886": 1.842713095925071,
      "CDF": 1.1789180210658483,
      "D0": 2.7361440658569336,
      "ATLAS": 2.622108806263317,
      "CMS": 2.548219524446081,
      "LHCb": 3.3274667263031006,
      "total": 2.3373374938964844
    }
  },
  "7000": {
    "training_loss": 7891.6376953125,
    "validation_loss": [
      2747.34423828125
    ],
    "validation_chi2s": {
      "DEUTERON": 2.171201335850047,
      "NMC": 2.135023977242264,
      "NUCLEAR": 2.08171728515625,
      "HERACOMB": 2.367746789470997,
      "DYE886": 1.8739573738791726,
      "CDF": 1.1848351614815849,
      "D0": 2.869969940185547,
      "ATLAS": 2.616919604214755,
      "CMS": 2.5533609859278945,
      "LHCb": 3.3314454555511475,
      "total": 2.334045886993408
    }
  },
  "7100": {
    "training_loss": 7910.74609375,
    "validation_loss": [
      2763.259521484375
    ],
    "validation_chi2s": {
      "DEUTERON": 2.1762839549809545,
      "NMC": 2.109772626091452,
      "NUCLEAR": 2.0843935546875,
      "HERACOMB": 2.3606377894582313,
      "DYE886": 1.5362370230934836,
      "CDF": 1.1019509179251534,
      "D0": 3.523357391357422,
      "ATLAS": 2.7458764856511895,
      "CMS": 2.5531406089907787,
      "LHCb": 3.221503734588623,
      "total": 2.347557306289673
    }
  },
  "7200": {
    "training_loss": 7869.5283203125,
    "validation_loss": [
      2761.27978515625
    ],
    "validation_chi2s": {
      "DEUTERON": 2.1902172790831003,
      "NMC": 2.131637124454274,
      "NUCLEAR": 2.07843701171875,
      "HERACOMB": 2.3498483296313317,
      "DYE886": 1.545669902454723,
      "CDF": 1.134737423488072,
      "D0": 3.5472408294677735,
      "ATLAS": 2.6354727311567827,
      "CMS": 2.6577571181000255,
      "LHCb": 3.3740415573120117,
      "total": 2.345870018005371
    }
  },
  "7300": {
    "training_loss": 7869.8076171875,
    "validation_loss": [
      2759.63134765625
    ],
    "validation_chi2s": {
      "DEUTERON": 2.1661619879120027,
      "NMC": 2.1145914115157782,
      "NUCLEAR": 2.0812783203125,
      "HERACOMB": 2.3563469780815973,
      "DYE886": 1.570089340209961,
      "CDF": 1.1189954621451241,
      "D0": 3.599021148681641,
      "ATLAS": 2.674677241932262,
      "CMS": 2.619516591556737,
      "LHCb": 3.317169189453125,
      "total": 2.3444719314575195
    }
  },
  "7400": {
    "training_loss": 7878.68017578125,
    "validation_loss": [
      2749.1474609375
    ],
    "validation_chi2s": {
      "DEUTERON": 2.171550390139148,
      "NMC": 2.151050044041054,
      "NUCLEAR": 2.085517822265625,
      "HERACOMB": 2.3676893446180554,
      "DYE886": 1.8775294910777698,
      "CDF": 1.1644652230398995,
      "D0": 2.7762060165405273,
      "ATLAS": 2.6353192762895064,
      "CMS": 2.537410548475922,
      "LHCb": 3.3238439559936523,
      "total": 2.335632801055908
    }
  },
  "7500": {
    "training_loss": 7868.8701171875,
    "validation_loss": [
      2757.16650390625
    ],
    "validation_chi2s": {
      "DEUTERON": 2.166259765625,
      "NMC": 2.121610155292586,
      "NUCLEAR": 2.08025732421875,
      "HERACOMB": 2.3537236631306167,
      "DYE886": 1.6041386344216086,
      "CDF": 1.1215411594935827,
      "D0": 3.449442672729492,
      "ATLAS": 2.6665491624311968,
      "CMS": 2.619652169649718,
      "LHCb": 3.330127000808716,
      "total": 2.3424253463745117
    }
  },
  "7600": {
    "training_loss": 7872.80126953125,
    "validation_loss": [
      2747.22607421875
    ],
    "validation_chi2s": {
      "DEUTERON": 2.177245790092506,
      "NMC": 2.161002364813113,
      "NUCLEAR": 2.087503662109375,
      "HERACOMB": 2.356573366651348,
      "DYE886": 1.8724682547829368,
      "CDF": 1.1650778906685966,
      "D0": 2.651169013977051,
      "ATLAS": 2.631156574596058,
      "CMS": 2.553286943279329,
      "LHCb": 3.307313919067383,
      "total": 2.333988904953003
    }
  },
  "7700": {
    "training_loss": 7882.7138671875,
    "validation_loss": [
      2752.089599609375
    ],
    "validation_chi2s": {
      "DEUTERON": 2.1752219128964554,
      "NMC": 2.1467533485562194,
      "NUCLEAR": 2.08591552734375,
      "HERACOMB": 2.372732723460478,
      "DYE886": 1.9299236644398083,
      "CDF": 1.1733758108956474,
      "D0": 3.014738655090332,
      "ATLAS": 2.618293588811701,
      "CMS": 2.5412957863729506,
      "LHCb": 3.315897226333618,
      "total": 2.3381688594818115
    }
  },
  "7800": {
    "training_loss": 7869.29150390625,
    "validation_loss": [
      2746.912109375
    ],
    "validation_chi2s": {
      "DEUTERON": 2.1732835152849037,
      "NMC": 2.148591583850337,
      "NUCLEAR": 2.088986328125,
      "HERACOMB": 2.3654430115145018,
      "DYE886": 1.934897856278853,
      "CDF": 1.1647836140223913,
      "D0": 2.657453727722168,
      "ATLAS": 2.6162485642866655,
      "CMS": 2.552983768650743,
      "LHCb": 3.2851202487945557,
      "total": 2.333750009536743
    }
  },
  "7900": {
    "training_loss": 7863.38427734375,
    "validation_loss": [
      2758.671630859375
    ],
    "validation_chi2s": {
      "DEUTERON": 2.1633660615380133,
      "NMC": 2.119556950587852,
      "NUCLEAR": 2.08455078125,
      "HERACOMB": 2.3529708962035336,
      "DYE886": 1.6309058449485085,
      "CDF": 1.106477873665946,
      "D0": 3.435543441772461,
      "ATLAS": 2.704762198708274,
      "CMS": 2.588526741403048,
      "LHCb": 3.2717511653900146,
      "total": 2.343751907348633
    }
  },
  "8000": {
    "training_loss": 7864.40380859375,
    "validation_loss": [
      2750.620361328125
    ],
    "validation_chi2s": {
      "DEUTERON": 2.177768991954291,
      "NMC": 2.1562675027286304,
      "NUCLEAR": 2.09473828125,
      "HERACOMB": 2.3742181117238563,
      "DYE886": 1.9184715964577415,
      "CDF": 1.170259748186384,
      "D0": 2.6126840591430662,
      "ATLAS": 2.6057439283891157,
      "CMS": 2.558010914286629,
      "LHCb": 3.2951974868774414,
      "total": 2.336921215057373
    }
  },
  "8100": {
    "training_loss": 7858.62744140625,
    "validation_loss": [
      2758.819580078125
    ],
    "validation_chi2s": {
      "DEUTERON": 2.154211850901741,
      "NMC": 2.114871155981924,
      "NUCLEAR": 2.08495947265625,
      "HERACOMB": 2.35644491357741,
      "DYE886": 1.6502269398082385,
      "CDF": 1.1060797146388464,
      "D0": 3.414434051513672,
      "ATLAS": 2.7280772816051138,
      "CMS": 2.5739560987128587,
      "LHCb": 3.2265255451202393,
      "total": 2.3439013957977295
    }
  },
  "8200": {
    "training_loss": 7866.42919921875,
    "validation_loss": [
      2758.16943359375
    ],
    "validation_chi2s": {
      "DEUTERON": 2.154358213813744,
      "NMC": 2.119449391084559,
      "NUCLEAR": 2.087150634765625,
      "HERACOMB": 2.3605633903952206,
      "DYE886": 1.7089051333340732,
      "CDF": 1.1078853607177734,
      "D0": 3.138622283935547,
      "ATLAS": 2.7305512861772017,
      "CMS": 2.5600035620517416,
      "LHCb": 3.2267508506774902,
      "total": 2.3433549404144287
    }
  },
  "8300": {
    "training_loss": 7868.5498046875,
    "validation_loss": [
      2754.447998046875
    ],
    "validation_chi2s": {
      "DEUTERON": 2.1771261490399563,
      "NMC": 2.1459242876838234,
      "NUCLEAR": 2.084337158203125,
      "HERACOMB": 2.344655753740298,
      "DYE886": 1.763135389848189,
      "CDF": 1.1459383283342635,
      "D0": 3.0835338592529298,
      "ATLAS": 2.62359619140625,
      "CMS": 2.644249837906634,
      "LHCb": 3.3342931270599365,
      "total": 2.3400917053222656
    }
  },
  "8400": {
    "training_loss": 7866.4150390625,
    "validation_loss": [
      2748.3134765625
    ],
    "validation_chi2s": {
      "DEUTERON": 2.1472046505752487,
      "NMC": 2.147641649433211,
      "NUCLEAR": 2.08809423828125,
      "HERACOMB": 2.373019947725184,
      "DYE886": 1.9540346319025212,
      "CDF": 1.1653126307896204,
      "D0": 2.720354461669922,
      "ATLAS": 2.6604033383456143,
      "CMS": 2.5265660520459785,
      "LHCb": 3.256044864654541,
      "total": 2.3350045680999756
    }
  },
  "8500": {
    "training_loss": 7874.02978515625,
    "validation_loss": [
      2751.43896484375
    ],
    "validation_chi2s": {
      "DEUTERON": 2.2089102825715172,
      "NMC": 2.2078095978381587,
      "NUCLEAR": 2.091947509765625,
      "HERACOMB": 2.3520952611187704,
      "DYE886": 1.791896473277699,
      "CDF": 1.170067650931222,
      "D0": 2.604141616821289,
      "ATLAS": 2.584251057017933,
      "CMS": 2.601649049852715,
      "LHCb": 3.3193864822387695,
      "total": 2.337655544281006
    }
  },
  "8600": {
    "training_loss": 7852.18603515625,
    "validation_loss": [
      2757.510009765625
    ],
    "validation_chi2s": {
      "DEUTERON": 2.1741870481576493,
      "NMC": 2.1370988733628216,
      "NUCLEAR": 2.0924404296875,
      "HERACOMB": 2.3678475174249387,
      "DYE886": 1.62910964272239,
      "CDF": 1.1353820392063685,
      "D0": 3.126923370361328,
      "ATLAS": 2.6489023728804155,
      "CMS": 2.5951758212730534,
      "LHCb": 3.306605577468872,
      "total": 2.3427035808563232
    }
  },
  "8700": {
    "training_loss": 7858.09423828125,
    "validation_loss": [
      2746.824462890625
    ],
    "validation_chi2s": {
      "DEUTERON": 2.192426235521611,
      "NMC": 2.1860792870615042,
      "NUCLEAR": 2.0911171875,
      "HERACOMB": 2.350817910986009,
      "DYE886": 1.7786983143199573,
      "CDF": 1.1553576333182198,
      "D0": 2.65650634765625,
      "ATLAS": 2.5855962579900567,
      "CMS": 2.6062164306640625,
      "LHCb": 3.303408622741699,
      "total": 2.3337414264678955
    }
  },
  "8800": {
    "training_loss": 7867.00537109375,
    "validation_loss": [
      2752.88671875
    ],
    "validation_chi2s": {
      "DEUTERON": 2.2120368919562345,
      "NMC": 2.224883285223269,
      "NUCLEAR": 2.09537255859375,
      "HERACOMB": 2.347488702512255,
      "DYE886": 1.834785981611772,
      "CDF": 1.1862154006958008,
      "D0": 2.5362430572509767,
      "ATLAS": 2.595487594604492,
      "CMS": 2.595428216652792,
      "LHCb": 3.285423755645752,
      "total": 2.3388919830322266
    }
  },
  "8900": {
    "training_loss": 7853.06201171875,
    "validation_loss": [
      2751.862548828125
    ],
    "validation_chi2s": {
      "DEUTERON": 2.167106059060168,
      "NMC": 2.1476310281192554,
      "NUCLEAR": 2.08115673828125,
      "HERACOMB": 2.3471422382429536,
      "DYE886": 1.6558121767911045,
      "CDF": 1.1390382221766882,
      "D0": 3.2026615142822266,
      "ATLAS": 2.6217784881591797,
      "CMS": 2.6550828277087604,
      "LHCb": 3.3256492614746094,
      "total": 2.3380067348480225
    }
  },
  "9000": {
    "training_loss": 7867.23046875,
    "validation_loss": [
      2745.0966796875
    ],
    "validation_chi2s": {
      "DEUTERON": 2.165998923837842,
      "NMC": 2.1460538377948835,
      "NUCLEAR": 2.087455322265625,
      "HERACOMB": 2.3678455228119892,
      "DYE886": 1.9397680109197444,
      "CDF": 1.1694083895002092,
      "D0": 2.645959663391113,
      "ATLAS": 2.5951791243119673,
      "CMS": 2.5818406402087604,
      "LHCb": 3.274966239929199,
      "total": 2.3322808742523193
    }
  },
  "9100": {
    "training_loss": 7851.68701171875,
    "validation_loss": [
      2743.283447265625
    ],
    "validation_chi2s": {
      "DEUTERON": 2.1578429872123754,
      "NMC": 2.1417740466547945,
      "NUCLEAR": 2.0796298828125,
      "HERACOMB": 2.350234486698325,
      "DYE886": 1.9371069127863103,
      "CDF": 1.139575617653983,
      "D0": 2.7126291275024412,
      "ATLAS": 2.633119236339222,
      "CMS": 2.582484761222464,
      "LHCb": 3.2818853855133057,
      "total": 2.3307292461395264
    }
  },
  "9200": {
    "training_loss": 7848.78564453125,
    "validation_loss": [
      2754.8837890625
    ],
    "validation_chi2s": {
      "DEUTERON": 2.1824723428754664,
      "NMC": 2.1415837605794272,
      "NUCLEAR": 2.07888330078125,
      "HERACOMB": 2.353183322482639,
      "DYE886": 1.6055930744517932,
      "CDF": 1.1311779022216797,
      "D0": 3.2738948822021485,
      "ATLAS": 2.6294292103160513,
      "CMS": 2.642732213755123,
      "LHCb": 3.309490919113159,
      "total": 2.340500593185425
    }
  },
  "9300": {
    "training_loss": 7852.2275390625,
    "validation_loss": [
      2752.7763671875
    ],
    "validation_chi2s": {
      "DEUTERON": 2.169040964610541,
      "NMC": 2.137629191080729,
      "NUCLEAR": 2.09110888671875,
      "HERACOMB": 2.3821600621042687,
      "DYE886": 1.882416465065696,
      "CDF": 1.1583286012922014,
      "D0": 2.7263011932373047,
      "ATLAS": 2.633933674205433,
      "CMS": 2.560790515336834,
      "LHCb": 3.227675676345825,
      "total": 2.3388051986694336
    }
  },
  "9400": {
    "training_loss": 7855.5830078125,
    "validation_loss": [
      2757.075439453125
    ],
    "validation_chi2s": {
      "DEUTERON": 2.2238318599871736,
      "NMC": 2.200626448089001,
      "NUCLEAR": 2.089353271484375,
      "HERACOMB": 2.353647269454657,
      "DYE886": 1.7360749678178267,
      "CDF": 1.167213031223842,
      "D0": 2.7805261611938477,
      "ATLAS": 2.594646280462092,
      "CMS": 2.610473882956583,
      "LHCb": 3.312021017074585,
      "total": 2.342452049255371
    }
  },
  "9500": {
    "training_loss": 7852.458984375,
    "validation_loss": [
      2754.655517578125
    ],
    "validation_chi2s": {
      "DEUTERON": 2.183012549556903,
      "NMC": 2.1441417020909928,
      "NUCLEAR": 2.087521728515625,
      "HERACOMB": 2.3595158196742236,
      "DYE886": 1.6855336969549006,
      "CDF": 1.1291141510009766,
      "D0": 3.021059036254883,
      "ATLAS": 2.633446780118075,
      "CMS": 2.612428508821081,
      "LHCb": 3.286628007888794,
      "total": 2.3403568267822266
    }
  },
  "9600": {
    "training_loss": 7871.185546875,
    "validation_loss": [
      2747.393798828125
    ],
    "validation_chi2s": {
      "DEUTERON": 2.1757426854982898,
      "NMC": 2.1598039514878216,
      "NUCLEAR": 2.084738037109375,
      "HERACOMB": 2.3650833827997344,
      "DYE886": 1.9848332838578657,
      "CDF": 1.1748628616333008,
      "D0": 2.5507429122924803,
      "ATLAS": 2.588002638383345,
      "CMS": 2.5927609302958503,
      "LHCb": 3.306663751602173,
      "total": 2.3342316150665283
    }
  },
  "9700": {
    "training_loss": 7937.20263671875,
    "validation_loss": [
      2750.17919921875
    ],
    "validation_chi2s": {
      "DEUTERON": 2.1728722112095773,
      "NMC": 2.1194700353285847,
      "NUCLEAR": 2.08184130859375,
      "HERACOMB": 2.3558584973703023,
      "DYE886": 1.6980649774724788,
      "CDF": 1.107551165989467,
      "D0": 2.915172576904297,
      "ATLAS": 2.60715033791282,
      "CMS": 2.6728115394467213,
      "LHCb": 3.272928237915039,
      "total": 2.336559295654297
    }
  },
  "9800": {
    "training_loss": 7843.8798828125,
    "validation_loss": [
      2747.52685546875
    ],
    "validation_chi2s": {
      "DEUTERON": 2.1716770153140548,
      "NMC": 2.155943477855009,
      "NUCLEAR": 2.086345703125,
      "HERACOMB": 2.3626324024075775,
      "DYE886": 2.184575167569247,
      "CDF": 1.1826328550066267,
      "D0": 2.306537055969238,
      "ATLAS": 2.618739214810458,
      "CMS": 2.551504916832095,
      "LHCb": 3.2777035236358643,
      "total": 2.3343119621276855
    }
  },
  "9900": {
    "training_loss": 7862.0244140625,
    "validation_loss": [
      2744.3740234375
    ],
    "validation_chi2s": {
      "DEUTERON": 2.1748371788518344,
      "NMC": 2.157348782408471,
      "NUCLEAR": 2.085764892578125,
      "HERACOMB": 2.3549335953456905,
      "DYE886": 1.9777429754083806,
      "CDF": 1.1686528069632394,
      "D0": 2.5190526962280275,
      "ATLAS": 2.6001942374489526,
      "CMS": 2.5912355516777663,
      "LHCb": 3.2657039165496826,
      "total": 2.33166241645813
    }
  },
  "10000": {
    "training_loss": 7859.39990234375,
    "validation_loss": [
      2746.451171875
    ],
    "validation_chi2s": {
      "DEUTERON": 2.1823141373212063,
      "NMC": 2.1529084747912837,
      "NUCLEAR": 2.08442138671875,
      "HERACOMB": 2.342913459329044,
      "DYE886": 1.7457211234352805,
      "CDF": 1.1288037981305803,
      "D0": 2.7706415176391603,
      "ATLAS": 2.635915929620916,
      "CMS": 2.6067307268986935,
      "LHCb": 3.250422716140747,
      "total": 2.333432674407959
    }
  },
  "10100": {
    "training_loss": 7857.84033203125,
    "validation_loss": [
      2751.25244140625
    ],
    "validation_chi2s": {
      "DEUTERON": 2.1568003792074784,
      "NMC": 2.125017951516544,
      "NUCLEAR": 2.081707275390625,
      "HERACOMB": 2.3571649688521243,
      "DYE886": 1.8404258381236682,
      "CDF": 1.1110193388802665,
      "D0": 2.9570075988769533,
      "ATLAS": 2.6887938759543677,
      "CMS": 2.570197183577741,
      "LHCb": 3.2191014289855957,
      "total": 2.3375117778778076
    }
  },
  "10200": {
    "training_loss": 7865.97998046875,
    "validation_loss": [
      2743.761474609375
    ],
    "validation_chi2s": {
      "DEUTERON": 2.1772207383492694,
      "NMC": 2.1572442148246016,
      "NUCLEAR": 2.0815751953125,
      "HERACOMB": 2.338900098613664,
      "DYE886": 1.9681399952281604,
      "CDF": 1.1372466768537248,
      "D0": 2.570872116088867,
      "ATLAS": 2.6491295207630503,
      "CMS": 2.569513789943007,
      "LHCb": 3.2288825511932373,
      "total": 2.3311455249786377
    }
  }
}