{
  "100": {
    "training_loss": 123377664.0,
    "validation_loss": [
      172171.1875
    ],
    "validation_chi2s": {
      "DEUTERON": 423.31199471393035,
      "NMC": 125.8633482689951,
      "NUCLEAR": 15.6579453125,
      "HERACOMB": 91.3277547998366,
      "DYE886": 14.201730901544744,
      "CDF": 45.11724417550223,
      "D0": 51.463006591796876,
      "ATLAS": 152.79395628511236,
      "CMS": 63.902546208079265,
      "LHCb": 150.95187377929688,
      "total": 139.31881713867188
    }
  },
  "200": {
    "training_loss": 9750.0,
    "validation_loss": [
      3442.271484375
    ],
    "validation_chi2s": {
      "DEUTERON": 2.882860781541511,
      "NMC": 2.7365785486557903,
      "NUCLEAR": 2.560772705078125,
      "HERACOMB": 3.0521375868055554,
      "DYE886": 1.259940580888228,
      "CDF": 1.2938368661063058,
      "D0": 2.35638313293457,
      "ATLAS": 3.149068425210674,
      "CMS": 3.3045773389862805,
      "LHCb": 2.9886364936828613,
      "total": 2.8950345516204834
    }
  },
  "300": {
    "training_loss": 8078.7080078125,
    "validation_loss": [
      2819.48486328125
    ],
    "validation_chi2s": {
      "DEUTERON": 1.7800913948324781,
      "NMC": 2.6485344381893383,
      "NUCLEAR": 2.267067138671875,
      "HERACOMB": 2.5989944358277164,
      "DYE886": 1.8875236511230469,
      "CDF": 2.26775700705392,
      "D0": 2.453006553649902,
      "ATLAS": 2.4503516722261236,
      "CMS": 2.7660902069836126,
      "LHCb": 2.763509750366211,
      "total": 2.3743104934692383
    }
  },
  "400": {
    "training_loss": 8011.1474609375,
    "validation_loss": [
      2802.49072265625
    ],
    "validation_chi2s": {
      "DEUTERON": 1.7644079407649254,
      "NMC": 2.6482920927159928,
      "NUCLEAR": 2.257072509765625,
      "HERACOMB": 2.5837605794270835,
      "DYE886": 1.943452314897017,
      "CDF": 2.394430705479213,
      "D0": 2.53845329284668,
      "ATLAS": 2.4114271871159585,
      "CMS": 2.765308659251143,
      "LHCb": 2.724390745162964,
      "total": 2.361065149307251
    }
  },
  "500": {
    "training_loss": 7972.74951171875,
    "validation_loss": [
      2791.464599609375
    ],
    "validation_chi2s": {
      "DEUTERON": 1.7510359275400342,
      "NMC": 2.6609272676355697,
      "NUCLEAR": 2.252893798828125,
      "HERACOMB": 2.5810411241319446,
      "DYE886": 1.9407078136097302,
      "CDF": 2.4239600045340404,
      "D0": 2.560876655578613,
      "ATLAS": 2.3857253856873246,
      "CMS": 2.7682031150755844,
      "LHCb": 2.687100887298584,
      "total": 2.3534703254699707
    }
  },
  "600": {
    "training_loss": 7937.83837890625,
    "validation_loss": [
      2782.8525390625
    ],
    "validation_chi2s": {
      "DEUTERON": 1.7519125867245802,
      "NMC": 2.673646515490962,
      "NUCLEAR": 2.2486298828125,
      "HERACOMB": 2.5760655621298,
      "DYE886": 1.948786648837003,
      "CDF": 2.415267671857561,
      "D0": 2.5582763671875,
      "ATLAS": 2.362506652146243,
      "CMS": 2.7711794473291413,
      "LHCb": 2.654412269592285,
      "total": 2.3479740619659424
    }
  },
  "700": {
    "training_loss": 7907.8466796875,
    "validation_loss": [
      2770.8623046875
    ],
    "validation_chi2s": {
      "DEUTERON": 1.740821041277985,
      "NMC": 2.6790609920726105,
      "NUCLEAR": 2.24682666015625,
      "HERACOMB": 2.5702921549479165,
      "DYE886": 1.9313441189852627,
      "CDF": 2.4071707044328963,
      "D0": 2.5168472290039063,
      "ATLAS": 2.340615433253599,
      "CMS": 2.7734255907012195,
      "LHCb": 2.6305863857269287,
      "total": 2.340001106262207
    }
  },
  "800": {
    "training_loss": 7883.44921875,
    "validation_loss": [
      2761.810546875
    ],
    "validation_chi2s": {
      "DEUTERON": 1.7372011402946206,
      "NMC": 2.682049321193321,
      "NUCLEAR": 2.24676318359375,
      "HERACOMB": 2.5619161767897265,
      "DYE886": 1.9120367223566228,
      "CDF": 2.403700147356306,
      "D0": 2.4571861267089843,
      "ATLAS": 2.324320075217258,
      "CMS": 2.775016722640371,
      "LHCb": 2.6178574562072754,
      "total": 2.3338046073913574
    }
  },
  "900": {
    "training_loss": 7870.5341796875,
    "validation_loss": [
      2754.05029296875
    ],
    "validation_chi2s": {
      "DEUTERON": 1.7249947163596082,
      "NMC": 2.6742194680606617,
      "NUCLEAR": 2.2485703125,
      "HERACOMB": 2.5609264498442608,
      "DYE886": 1.8636550903320312,
      "CDF": 2.420299530029297,
      "D0": 2.3598228454589845,
      "ATLAS": 2.3104632088307584,
      "CMS": 2.7755072368838922,
      "LHCb": 2.609423875808716,
      "total": 2.3276164531707764
    }
  },
  "1000": {
    "training_loss": 7856.84326171875,
    "validation_loss": [
      2750.69482421875
    ],
    "validation_chi2s": {
      "DEUTERON": 1.7297632018131996,
      "NMC": 2.6763332591337314,
      "NUCLEAR": 2.250631591796875,
      "HERACOMB": 2.5555764989915235,
      "DYE886": 1.8494252291592685,
      "CDF": 2.414471217564174,
      "D0": 2.340333366394043,
      "ATLAS": 2.3027078007044417,
      "CMS": 2.7767242183530234,
      "LHCb": 2.586550235748291,
      "total": 2.3254408836364746
    }
  },
  "1100": {
    "training_loss": 7848.10205078125,
    "validation_loss": [
      2745.662841796875
    ],
    "validation_chi2s": {
      "DEUTERON": 1.732599362805115,
      "NMC": 2.6771306056602326,
      "NUCLEAR": 2.252650146484375,
      "HERACOMB": 2.5502943649790644,
      "DYE886": 1.8252865184437146,
      "CDF": 2.3823165893554688,
      "D0": 2.295627212524414,
      "ATLAS": 2.296297909168715,
      "CMS": 2.7724460508765243,
      "LHCb": 2.5588369369506836,
      "total": 2.3218324184417725
    }
  },
  "1200": {
    "training_loss": 7840.30810546875,
    "validation_loss": [
      2748.87890625
    ],
    "validation_chi2s": {
      "DEUTERON": 1.7361598987484452,
      "NMC": 2.6665583591835174,
      "NUCLEAR": 2.255115234375,
      "HERACOMB": 2.556942011016646,
      "DYE886": 1.8382746956565164,
      "CDF": 2.356918062482561,
      "D0": 2.291474151611328,
      "ATLAS": 2.3013694848907127,
      "CMS": 2.7735575854293697,
      "LHCb": 2.5399317741394043,
      "total": 2.324652910232544
    }
  },
  "1300": {
    "training_loss": 7836.1279296875,
    "validation_loss": [
      2739.749755859375
    ],
    "validation_chi2s": {
      "DEUTERON": 1.7528820132734764,
      "NMC": 2.6526677748736214,
      "NUCLEAR": 2.253068115234375,
      "HERACOMB": 2.56253071703942,
      "DYE886": 1.775067762895064,
      "CDF": 2.244055611746652,
      "D0": 2.1147613525390625,
      "ATLAS": 2.273406982421875,
      "CMS": 2.7429680552909046,
      "LHCb": 2.5238373279571533,
      "total": 2.31672739982605
    }
  },
  "1400": {
    "training_loss": 7824.95751953125,
    "validation_loss": [
      2751.640869140625
    ],
    "validation_chi2s": {
      "DEUTERON": 1.730661420679804,
      "NMC": 2.6377276252297794,
      "NUCLEAR": 2.25718603515625,
      "HERACOMB": 2.5925360785590277,
      "DYE886": 1.8140900351784446,
      "CDF": 2.15509455544608,
      "D0": 2.1387727737426756,
      "ATLAS": 2.2916947268368153,
      "CMS": 2.7777196372427593,
      "LHCb": 2.4914324283599854,
      "total": 2.3268558979034424
    }
  },
  "1500": {
    "training_loss": 7830.162109375,
    "validation_loss": [
      2742.226318359375
    ],
    "validation_chi2s": {
      "DEUTERON": 1.744711956574549,
      "NMC": 2.6798029880897674,
      "NUCLEAR": 2.25710546875,
      "HERACOMB": 2.5397382748672386,
      "DYE886": 1.8029048226096414,
      "CDF": 2.2964589255196706,
      "D0": 2.1949710845947266,
      "ATLAS": 2.291272795602177,
      "CMS": 2.7733251059927593,
      "LHCb": 2.5248639583587646,
      "total": 2.318850040435791
    }
  },
  "1600": {
    "training_loss": 7829.1328125,
    "validation_loss": [
      2742.876953125
    ],
    "validation_chi2s": {
      "DEUTERON": 1.7380917677238805,
      "NMC": 2.6748349058861827,
      "NUCLEAR": 2.2578486328125,
      "HERACOMB": 2.5431147556678924,
      "DYE886": 1.793135036121715,
      "CDF": 2.286848340715681,
      "D0": 2.1873090744018553,
      "ATLAS": 2.2951639582601824,
      "CMS": 2.778627721274771,
      "LHCb": 2.5257983207702637,
      "total": 2.319401741027832
    }
  },
  "1700": {
    "training_loss": 7828.24755859375,
    "validation_loss": [
      2740.2509765625
    ],
    "validation_chi2s": {
      "DEUTERON": 1.7444286441328514,
      "NMC": 2.6746221804151347,
      "NUCLEAR": 2.258787109375,
      "HERACOMB": 2.538662380642361,
      "DYE886": 1.7904288552024148,
      "CDF": 2.254730905805315,
      "D0": 2.1666187286376952,
      "ATLAS": 2.289558324920997,
      "CMS": 2.772534378175813,
      "LHCb": 2.5137224197387695,
      "total": 2.317291736602783
    }
  },
  "1800": {
    "training_loss": 7831.732421875,
    "validation_loss": [
      2726.0859375
    ],
    "validation_chi2s": {
      "DEUTERON": 1.7450414249553017,
      "NMC": 2.6914035572725186,
      "NUCLEAR": 2.25693505859375,
      "HERACOMB": 2.51293905420241,
      "DYE886": 1.7532170035622336,
      "CDF": 2.218024662562779,
      "D0": 2.088664436340332,
      "ATLAS": 2.270712520299333,
      "CMS": 2.758358094750381,
      "LHCb": 2.5378458499908447,
      "total": 2.3058199882507324
    }
  },
  "1900": {
    "training_loss": 7838.619140625,
    "validation_loss": [
      2756.623779296875
    ],
    "validation_chi2s": {
      "DEUTERON": 1.7186273223725124,
      "NMC": 2.619540943818934,
      "NUCLEAR": 2.260719970703125,
      "HERACOMB": 2.590338015088848,
      "DYE886": 1.819201035933061,
      "CDF": 2.23428521837507,
      "D0": 2.1948129653930666,
      "ATLAS": 2.3321337753467346,
      "CMS": 2.776634154280996,
      "LHCb": 2.48142409324646,
      "total": 2.3309543132781982
    }
  },
  "2000": {
    "training_loss": 7822.09326171875,
    "validation_loss": [
      2741.50634765625
    ],
    "validation_chi2s": {
      "DEUTERON": 1.740485196089863,
      "NMC": 2.6613862280752145,
      "NUCLEAR": 2.259478271484375,
      "HERACOMB": 2.5379195867800246,
      "DYE886": 1.8266535672274502,
      "CDF": 2.240144729614258,
      "D0": 2.1529016494750977,
      "ATLAS": 2.300298797950316,
      "CMS": 2.777577469988567,
      "LHCb": 2.511404514312744,
      "total": 2.3185575008392334
    }
  },
  "2100": {
    "training_loss": 7827.998046875,
    "validation_loss": [
      2762.62841796875
    ],
    "validation_chi2s": {
      "DEUTERON": 1.7306875352242692,
      "NMC": 2.6152936150045956,
      "NUCLEAR": 2.261334716796875,
      "HERACOMB": 2.5945819530611725,
      "DYE886": 1.864995089444247,
      "CDF": 2.2123264585222517,
      "D0": 2.1919887542724608,
      "ATLAS": 2.3417655001865345,
      "CMS": 2.7802233192009655,
      "LHCb": 2.4639251232147217,
      "total": 2.3361082077026367
    }
  },
  "2200": {
    "training_loss": 7818.427734375,
    "validation_loss": [
      2740.750244140625
    ],
    "validation_chi2s": {
      "DEUTERON": 1.745034137175451,
      "NMC": 2.6178741455078125,
      "NUCLEAR": 2.256985107421875,
      "HERACOMB": 2.567184547972835,
      "DYE886": 1.7662648287686435,
      "CDF": 2.123940876552037,
      "D0": 2.072492980957031,
      "ATLAS": 2.297055533762728,
      "CMS": 2.7531884666380844,
      "LHCb": 2.4899513721466064,
      "total": 2.3184025287628174
    }
  },
  "2300": {
    "training_loss": 7824.87255859375,
    "validation_loss": [
      2722.624755859375
    ],
    "validation_chi2s": {
      "DEUTERON": 1.7496911803288246,
      "NMC": 2.6761833639705883,
      "NUCLEAR": 2.259152587890625,
      "HERACOMB": 2.5159989899280024,
      "DYE886": 1.7733341563831677,
      "CDF": 2.149538040161133,
      "D0": 2.059187126159668,
      "ATLAS": 2.263004774457953,
      "CMS": 2.7481657198774134,
      "LHCb": 2.496185541152954,
      "total": 2.303581714630127
    }
  },
  "2400": {
    "training_loss": 7915.28125,
    "validation_loss": [
      4224.3134765625
    ],
    "validation_chi2s": {
      "DEUTERON": 9.025140411225124,
      "NMC": 2.550251979453891,
      "NUCLEAR": 2.2900966796875,
      "HERACOMB": 2.6217001123366015,
      "DYE886": 1.5835132598876953,
      "CDF": 2.381187983921596,
      "D0": 1.9881195068359374,
      "ATLAS": 2.295356150423543,
      "CMS": 2.7365536573456555,
      "LHCb": 2.4216067790985107,
      "total": 3.570277690887451
    }
  },
  "2500": {
    "training_loss": 7827.201171875,
    "validation_loss": [
      2731.1572265625
    ],
    "validation_chi2s": {
      "DEUTERON": 1.7359225904170554,
      "NMC": 2.6582782221775427,
      "NUCLEAR": 2.258646484375,
      "HERACOMB": 2.524440989774816,
      "DYE886": 1.7459090839732776,
      "CDF": 2.2193829672677174,
      "D0": 2.0990501403808595,
      "ATLAS": 2.2940126911977705,
      "CMS": 2.768861600053989,
      "LHCb": 2.5295591354370117,
      "total": 2.3105251789093018
    }
  },
  "2600": {
    "training_loss": 7817.12451171875,
    "validation_loss": [
      2773.5263671875
    ],
    "validation_chi2s": {
      "DEUTERON": 1.8783235312694342,
      "NMC": 2.631304572610294,
      "NUCLEAR": 2.26361865234375,
      "HERACOMB": 2.549413743361928,
      "DYE886": 1.8321741277521306,
      "CDF": 2.1932431629725864,
      "D0": 2.1430707931518556,
      "ATLAS": 2.320504520716292,
      "CMS": 2.771864976340193,
      "LHCb": 2.4980905055999756,
      "total": 2.3464272022247314
    }
  },
  "2700": {
    "training_loss": 7833.68896484375,
    "validation_loss": [
      2737.135009765625
    ],
    "validation_chi2s": {
      "DEUTERON": 1.742095795436878,
      "NMC": 2.6164556765088847,
      "NUCLEAR": 2.256994140625,
      "HERACOMB": 2.5531145482281454,
      "DYE886": 1.760807210748846,
      "CDF": 2.1576129368373325,
      "D0": 2.078227996826172,
      "ATLAS": 2.305926719408357,
      "CMS": 2.7531445510988313,
      "LHCb": 2.5127615928649902,
      "total": 2.3162927627563477
    }
  },
  "2800": {
    "training_loss": 7821.505859375,
    "validation_loss": [
      2754.084228515625
    ],
    "validation_chi2s": {
      "DEUTERON": 1.7152201334635417,
      "NMC": 2.5973531685623468,
      "NUCLEAR": 2.257567626953125,
      "HERACOMB": 2.5914171006944446,
      "DYE886": 1.8078401738947087,
      "CDF": 2.14442811693464,
      "D0": 2.1357688903808594,
      "ATLAS": 2.3555287564738414,
      "CMS": 2.77181510615155,
      "LHCb": 2.470611333847046,
      "total": 2.3305153846740723
    }
  },
  "2900": {
    "training_loss": 7826.1708984375,
    "validation_loss": [
      2725.66748046875
    ],
    "validation_chi2s": {
      "DEUTERON": 1.733347119383551,
      "NMC": 2.660549986596201,
      "NUCLEAR": 2.255385498046875,
      "HERACOMB": 2.5227946362464255,
      "DYE886": 1.7674380215731533,
      "CDF": 2.1887527193341936,
      "D0": 2.070736122131348,
      "ATLAS": 2.292710207821278,
      "CMS": 2.7591756184895835,
      "LHCb": 2.504382848739624,
      "total": 2.3071577548980713
    }
  },
  "3000": {
    "training_loss": 7846.75,
    "validation_loss": [
      2764.442138671875
    ],
    "validation_chi2s": {
      "DEUTERON": 1.7578140182874689,
      "NMC": 2.577353683172488,
      "NUCLEAR": 2.254760498046875,
      "HERACOMB": 2.614413192848754,
      "DYE886": 1.7619895935058594,
      "CDF": 2.093900408063616,
      "D0": 2.0667146682739257,
      "ATLAS": 2.3486317838175914,
      "CMS": 2.7660820193407014,
      "LHCb": 2.4893455505371094,
      "total": 2.339405059814453
    }
  },
  "3100": {
    "training_loss": 7820.3759765625,
    "validation_loss": [
      2739.685791015625
    ],
    "validation_chi2s": {
      "DEUTERON": 1.7166518785467195,
      "NMC": 2.610428454829197,
      "NUCLEAR": 2.2545546875,
      "HERACOMB": 2.5715078715405433,
      "DYE886": 1.8040346665815874,
      "CDF": 2.1005761282784596,
      "D0": 2.082851791381836,
      "ATLAS": 2.3269673893960676,
      "CMS": 2.764875954728786,
      "LHCb": 2.4551801681518555,
      "total": 2.3192930221557617
    }
  },
  "3200": {
    "training_loss": 7816.34375,
    "validation_loss": [
      2714.700439453125
    ],
    "validation_chi2s": {
      "DEUTERON": 1.7455233293979322,
      "NMC": 2.684823428883272,
      "NUCLEAR": 2.253181396484375,
      "HERACOMB": 2.5098394256791257,
      "DYE886": 1.7597165541215376,
      "CDF": 2.1046018600463867,
      "D0": 2.0386734008789062,
      "ATLAS": 2.2564686978800914,
      "CMS": 2.7473635789824695,
      "LHCb": 2.495898485183716,
      "total": 2.2986109256744385
    }
  },
  "3300": {
    "training_loss": 37405.9375,
    "validation_loss": [
      33100.5625
    ],
    "validation_chi2s": {
      "DEUTERON": 136.22287974191542,
      "NMC": 10.091689165900736,
      "NUCLEAR": 2.7187041015625,
      "HERACOMB": 5.5629172730290035,
      "DYE886": 5.567303397438743,
      "CDF": 4.53485597882952,
      "D0": 2.126287269592285,
      "ATLAS": 8.34003782808111,
      "CMS": 6.1472192779789125,
      "LHCb": 11.710949897766113,
      "total": 28.023963928222656
    }
  },
  "3400": {
    "training_loss": 8216.791015625,
    "validation_loss": [
      2929.845703125
    ],
    "validation_chi2s": {
      "DEUTERON": 2.208599033640392,
      "NMC": 2.519781374463848,
      "NUCLEAR": 2.31860595703125,
      "HERACOMB": 2.608700621361826,
      "DYE886": 2.5780037966641514,
      "CDF": 1.9961838041033064,
      "D0": 2.1037918090820313,
      "ATLAS": 2.4309409495150107,
      "CMS": 2.8091961620299797,
      "LHCb": 2.8016679286956787,
      "total": 2.466076374053955
    }
  },
  "3500": {
    "training_loss": 8230.96484375,
    "validation_loss": [
      2892.16796875
    ],
    "validation_chi2s": {
      "DEUTERON": 2.1889446505266634,
      "NMC": 2.6274871826171875,
      "NUCLEAR": 2.341370849609375,
      "HERACOMB": 2.5531805699167687,
      "DYE886": 2.312899502840909,
      "CDF": 2.1207881655011858,
      "D0": 2.135032081604004,
      "ATLAS": 2.384153558966819,
      "CMS": 2.7513224283854165,
      "LHCb": 2.619562864303589,
      "total": 2.4358417987823486
    }
  },
  "3600": {
    "training_loss": 9599.2294921875,
    "validation_loss": [
      2967.753662109375
    ],
    "validation_chi2s": {
      "DEUTERON": 2.3092863927433145,
      "NMC": 2.5217120600681677,
      "NUCLEAR": 2.3410537109375,
      "HERACOMB": 2.6362137140012254,
      "DYE886": 1.5895096171985974,
      "CDF": 2.320694787161691,
      "D0": 2.3683403015136717,
      "ATLAS": 2.5637839670931357,
      "CMS": 2.750407397262449,
      "LHCb": 3.0461277961730957,
      "total": 2.5014796257019043
    }
  },
  "3700": {
    "training_loss": 9175.75,
    "validation_loss": [
      2966.145751953125
    ],
    "validation_chi2s": {
      "DEUTERON": 2.1905358157940764,
      "NMC": 2.5838865392348347,
      "NUCLEAR": 2.355056884765625,
      "HERACOMB": 2.6460000829758985,
      "DYE886": 2.7179494337602095,
      "CDF": 2.1268773760114397,
      "D0": 2.0056894302368162,
      "ATLAS": 2.467068447155899,
      "CMS": 2.851625271928989,
      "LHCb": 2.8111581802368164,
      "total": 2.4958486557006836
    }
  },
  "3800": {
    "training_loss": 8186.9755859375,
    "validation_loss": [
      2881.066650390625
    ],
    "validation_chi2s": {
      "DEUTERON": 2.1357329259464395,
      "NMC": 2.644251505533854,
      "NUCLEAR": 2.32875390625,
      "HERACOMB": 2.5757009468826593,
      "DYE886": 2.141020341352983,
      "CDF": 2.1475552150181363,
      "D0": 2.048575592041016,
      "ATLAS": 2.3963845928063554,
      "CMS": 2.756239480119411,
      "LHCb": 2.5958003997802734,
      "total": 2.4286038875579834
    }
  },
  "3900": {
    "training_loss": 8246.71484375,
    "validation_loss": [
      3307.05615234375
    ],
    "validation_chi2s": {
      "DEUTERON": 4.187633609297263,
      "NMC": 2.620678471583946,
      "NUCLEAR": 2.33714404296875,
      "HERACOMB": 2.5782588385289014,
      "DYE886": 2.7459016279740767,
      "CDF": 2.2304206575666154,
      "D0": 2.0653007507324217,
      "ATLAS": 2.3599442042661516,
      "CMS": 2.761000718527693,
      "LHCb": 2.5956335067749023,
      "total": 2.7864506244659424
    }
  },
  "4000": {
    "training_loss": 8187.021484375,
    "validation_loss": [
      2909.959716796875
    ],
    "validation_chi2s": {
      "DEUTERON": 2.1491362158931904,
      "NMC": 2.5593806248085174,
      "NUCLEAR": 2.32935546875,
      "HERACOMB": 2.642139908535029,
      "DYE886": 2.2421496998180044,
      "CDF": 2.3666139330182756,
      "D0": 2.084736633300781,
      "ATLAS": 2.413252755497279,
      "CMS": 2.760001329871697,
      "LHCb": 2.6224522590637207,
      "total": 2.4517264366149902
    }
  },
  "4100": {
    "training_loss": 8167.091796875,
    "validation_loss": [
      2954.9580078125
    ],
    "validation_chi2s": {
      "DEUTERON": 2.277546289548352,
      "NMC": 2.5696028167126226,
      "NUCLEAR": 2.343630859375,
      "HERACOMB": 2.6075612984451593,
      "DYE886": 2.4543032212690874,
      "CDF": 2.6391097477504184,
      "D0": 2.0059202194213865,
      "ATLAS": 2.4394121491507197,
      "CMS": 2.79766448726499,
      "LHCb": 2.8760883808135986,
      "total": 2.48775315284729
    }
  },
  "4200": {
    "training_loss": 7881.625,
    "validation_loss": [
      2752.106689453125
    ],
    "validation_chi2s": {
      "DEUTERON": 1.7708621807952425,
      "NMC": 2.703360763250613,
      "NUCLEAR": 2.267538818359375,
      "HERACOMB": 2.5373068416819855,
      "DYE886": 2.0855529091574927,
      "CDF": 2.2320255552019392,
      "D0": 2.088250923156738,
      "ATLAS": 2.317488595341029,
      "CMS": 2.7475037613535314,
      "LHCb": 2.517868757247925,
      "total": 2.3309593200683594
    }
  },
  "4300": {
    "training_loss": 7845.8720703125,
    "validation_loss": [
      2731.99755859375
    ],
    "validation_chi2s": {
      "DEUTERON": 1.7238774086112407,
      "NMC": 2.654446470971201,
      "NUCLEAR": 2.255321533203125,
      "HERACOMB": 2.5245618633195464,
      "DYE886": 1.9193706512451172,
      "CDF": 2.2488132204328264,
      "D0": 2.0858827590942384,
      "ATLAS": 2.338509891810042,
      "CMS": 2.7381589315771087,
      "LHCb": 2.527015447616577,
      "total": 2.3143744468688965
    }
  },
  "4400": {
    "training_loss": 9804.6796875,
    "validation_loss": [
      3164.727783203125
    ],
    "validation_chi2s": {
      "DEUTERON": 2.127707410214552,
      "NMC": 2.5606126972273286,
      "NUCLEAR": 2.374556884765625,
      "HERACOMB": 2.5284539515676063,
      "DYE886": 4.123080166903409,
      "CDF": 2.5214881896972656,
      "D0": 2.5278947830200194,
      "ATLAS": 2.9179420042573736,
      "CMS": 3.0505363650438264,
      "LHCb": 5.72176456451416,
      "total": 2.6584320068359375
    }
  },
  "4500": {
    "training_loss": 8665.78515625,
    "validation_loss": [
      4301.14208984375
    ],
    "validation_chi2s": {
      "DEUTERON": 9.04251994422419,
      "NMC": 2.580012601964614,
      "NUCLEAR": 2.3162861328125,
      "HERACOMB": 2.616705003127553,
      "DYE886": 2.6486838947642934,
      "CDF": 2.19613470349993,
      "D0": 1.9961135864257813,
      "ATLAS": 2.404508612129126,
      "CMS": 2.824870039777058,
      "LHCb": 2.5886523723602295,
      "total": 3.6278083324432373
    }
  },
  "4600": {
    "training_loss": 8260.7939453125,
    "validation_loss": [
      2904.894775390625
    ],
    "validation_chi2s": {
      "DEUTERON": 2.196588620617615,
      "NMC": 2.6564630246629903,
      "NUCLEAR": 2.360135498046875,
      "HERACOMB": 2.5435928643918504,
      "DYE886": 2.572058764371005,
      "CDF": 2.0710855211530412,
      "D0": 2.0128862380981447,
      "ATLAS": 2.3561768263913274,
      "CMS": 2.7863223688389227,
      "LHCb": 2.7794957160949707,
      "total": 2.447152614593506
    }
  },
  "4700": {
    "training_loss": 25859.83203125,
    "validation_loss": [
      2996.059326171875
    ],
    "validation_chi2s": {
      "DEUTERON": 2.1658681992867694,
      "NMC": 2.6196342917049633,
      "NUCLEAR": 2.379587890625,
      "HERACOMB": 2.6093127680759802,
      "DYE886": 3.650533502752131,
      "CDF": 2.314389910016741,
      "D0": 2.085758590698242,
      "ATLAS": 2.504762113764045,
      "CMS": 2.8565820213255844,
      "LHCb": 3.0489566326141357,
      "total": 2.520704746246338
    }
  },
  "4800": {
    "training_loss": 8221.955078125,
    "validation_loss": [
      2919.8271484375
    ],
    "validation_chi2s": {
      "DEUTERON": 2.1913476441037,
      "NMC": 2.590292837105545,
      "NUCLEAR": 2.331915771484375,
      "HERACOMB": 2.59562633240145,
      "DYE886": 2.186216180974787,
      "CDF": 2.462815148489816,
      "D0": 2.013475036621094,
      "ATLAS": 2.4622607284717346,
      "CMS": 2.786655581094385,
      "LHCb": 2.805206537246704,
      "total": 2.4627840518951416
    }
  },
  "4900": {
    "training_loss": 7871.69921875,
    "validation_loss": [
      2763.987548828125
    ],
    "validation_chi2s": {
      "DEUTERON": 1.7970614457011815,
      "NMC": 2.6699772255093444,
      "NUCLEAR": 2.2526396484375,
      "HERACOMB": 2.558270223779616,
      "DYE886": 2.1773277629505503,
      "CDF": 2.254510062081473,
      "D0": 2.0798212051391602,
      "ATLAS": 2.3352103929841115,
      "CMS": 2.742708531821646,
      "LHCb": 2.5558483600616455,
      "total": 2.341235399246216
    }
  },
  "5000": {
    "training_loss": 7835.22265625,
    "validation_loss": [
      2734.854736328125
    ],
    "validation_chi2s": {
      "DEUTERON": 1.719502007783349,
      "NMC": 2.672513475605086,
      "NUCLEAR": 2.248116943359375,
      "HERACOMB": 2.527700785717933,
      "DYE886": 2.0032582716508345,
      "CDF": 2.2768312181745256,
      "D0": 2.09854679107666,
      "ATLAS": 2.3190736234857794,
      "CMS": 2.767948057593369,
      "LHCb": 2.5691335201263428,
      "total": 2.316850423812866
    }
  },
  "5100": {
    "training_loss": 7815.9658203125,
    "validation_loss": [
      2759.92431640625
    ],
    "validation_chi2s": {
      "DEUTERON": 1.736282424547186,
      "NMC": 2.5963338216145835,
      "NUCLEAR": 2.2485908203125,
      "HERACOMB": 2.5971027449065565,
      "DYE886": 1.9317046078768643,
      "CDF": 2.299046380179269,
      "D0": 2.0829898834228517,
      "ATLAS": 2.3859031762969627,
      "CMS": 2.7393240579744664,
      "LHCb": 2.489778518676758,
      "total": 2.338125467300415
    }
  },
  "5200": {
    "training_loss": 7825.06640625,
    "validation_loss": [
      2721.268798828125
    ],
    "validation_chi2s": {
      "DEUTERON": 1.7278402907338308,
      "NMC": 2.6909843893612133,
      "NUCLEAR": 2.24810888671875,
      "HERACOMB": 2.503133337482128,
      "DYE886": 1.906844745982777,
      "CDF": 2.2435785021100725,
      "D0": 2.0497367858886717,
      "ATLAS": 2.2999523034256497,
      "CMS": 2.7518600836032774,
      "LHCb": 2.5648045539855957,
      "total": 2.3056094646453857
    }
  },
  "5300": {
    "training_loss": 7824.7900390625,
    "validation_loss": [
      2748.9130859375
    ],
    "validation_chi2s": {
      "DEUTERON": 1.7160277105682524,
      "NMC": 2.599397247912837,
      "NUCLEAR": 2.24752197265625,
      "HERACOMB": 2.5856155694699754,
      "DYE886": 1.879842758178711,
      "CDF": 2.2265347072056363,
      "D0": 2.0753684997558595,
      "ATLAS": 2.3684699240695224,
      "CMS": 2.753351227054751,
      "LHCb": 2.4711153507232666,
      "total": 2.3284668922424316
    }
  },
  "5400": {
    "training_loss": 7821.72900390625,
    "validation_loss": [
      2735.927978515625
    ],
    "validation_chi2s": {
      "DEUTERON": 1.7076115394706157,
      "NMC": 2.6057963651769303,
      "NUCLEAR": 2.24552587890625,
      "HERACOMB": 2.5478471743515114,
      "DYE886": 1.8829402923583984,
      "CDF": 2.2326483045305525,
      "D0": 2.048146438598633,
      "ATLAS": 2.367061143510797,
      "CMS": 2.7538859049479165,
      "LHCb": 2.5221948623657227,
      "total": 2.3181848526000977
    }
  },
  "5500": {
    "training_loss": 7839.615234375,
    "validation_loss": [
      2724.034423828125
    ],
    "validation_chi2s": {
      "DEUTERON": 1.7420431108617072,
      "NMC": 2.648821662454044,
      "NUCLEAR": 2.24607861328125,
      "HERACOMB": 2.517306259255004,
      "DYE886": 1.8222146467729048,
      "CDF": 2.156779016767229,
      "D0": 2.0299762725830077,
      "ATLAS": 2.3074584275149226,
      "CMS": 2.7468810042714686,
      "LHCb": 2.576557159423828,
      "total": 2.3081235885620117
    }
  },
  "5600": {
    "training_loss": 7816.6376953125,
    "validation_loss": [
      2736.050048828125
    ],
    "validation_chi2s": {
      "DEUTERON": 1.776618008589863,
      "NMC": 2.624793856751685,
      "NUCLEAR": 2.244956298828125,
      "HERACOMB": 2.532910515280331,
      "DYE886": 1.8068138469349255,
      "CDF": 2.1904359545026506,
      "D0": 2.0286163330078124,
      "ATLAS": 2.311129280690397,
      "CMS": 2.752701674050432,
      "LHCb": 2.595285415649414,
      "total": 2.318352222442627
    }
  },
  "5700": {
    "training_loss": 7805.90771484375,
    "validation_loss": [
      2757.257568359375
    ],
    "validation_chi2s": {
      "DEUTERON": 1.7027560561450559,
      "NMC": 2.587105545343137,
      "NUCLEAR": 2.248298095703125,
      "HERACOMB": 2.5933181662964664,
      "DYE886": 1.8551843816583806,
      "CDF": 2.2805238451276506,
      "D0": 2.110686683654785,
      "ATLAS": 2.387752232926615,
      "CMS": 2.780255573551829,
      "LHCb": 2.5557851791381836,
      "total": 2.336005926132202
    }
  },
  "5800": {
    "training_loss": 7829.1083984375,
    "validation_loss": [
      2730.2412109375
    ],
    "validation_chi2s": {
      "DEUTERON": 1.7737722823868936,
      "NMC": 2.6428767185585174,
      "NUCLEAR": 2.244537109375,
      "HERACOMB": 2.5221423978119892,
      "DYE886": 1.7941239096901633,
      "CDF": 2.193122591291155,
      "D0": 2.0378273010253904,
      "ATLAS": 2.314295908038536,
      "CMS": 2.738771764243521,
      "LHCb": 2.55344295501709,
      "total": 2.31351637840271
    }
  },
  "5900": {
    "training_loss": 7805.88916015625,
    "validation_loss": [
      2730.217529296875
    ],
    "validation_chi2s": {
      "DEUTERON": 1.7616833739019746,
      "NMC": 2.6305901022518383,
      "NUCLEAR": 2.24026123046875,
      "HERACOMB": 2.530727610868566,
      "DYE886": 1.7669362154873935,
      "CDF": 2.1339502334594727,
      "D0": 2.0223548889160154,
      "ATLAS": 2.334425679753336,
      "CMS": 2.738446243410188,
      "LHCb": 2.5265254974365234,
      "total": 2.313530206680298
    }
  },
  "6000": {
    "training_loss": 7806.2197265625,
    "validation_loss": [
      2732.214111328125
    ],
    "validation_chi2s": {
      "DEUTERON": 1.7582518923935013,
      "NMC": 2.661178289675245,
      "NUCLEAR": 2.24299755859375,
      "HERACOMB": 2.529162438087214,
      "DYE886": 1.7713586633855647,
      "CDF": 2.2130027498517717,
      "D0": 2.075144577026367,
      "ATLAS": 2.3149756956636236,
      "CMS": 2.768775009527439,
      "LHCb": 2.5002293586730957,
      "total": 2.3149547576904297
    }
  },
  "6100": {
    "training_loss": 7833.0908203125,
    "validation_loss": [
      2736.214599609375
    ],
    "validation_chi2s": {
      "DEUTERON": 1.7829415240691076,
      "NMC": 2.6006768918504903,
      "NUCLEAR": 2.239447021484375,
      "HERACOMB": 2.53691091101154,
      "DYE886": 1.690953341397372,
      "CDF": 2.216477802821568,
      "D0": 2.0200122833251952,
      "ATLAS": 2.349557597985428,
      "CMS": 2.740878965796494,
      "LHCb": 2.5178310871124268,
      "total": 2.318643093109131
    }
  },
  "6200": {
    "training_loss": 7816.3369140625,
    "validation_loss": [
      2711.37548828125
    ],
    "validation_chi2s": {
      "DEUTERON": 1.7421457470946051,
      "NMC": 2.7104390462239585,
      "NUCLEAR": 2.2408125,
      "HERACOMB": 2.5006849500868054,
      "DYE886": 1.7013534199107776,
      "CDF": 2.183556147984096,
      "D0": 2.0057024002075194,
      "ATLAS": 2.2910596868965065,
      "CMS": 2.743966203394944,
      "LHCb": 2.476743698120117,
      "total": 2.297593593597412
    }
  },
  "6300": {
    "training_loss": 7889.01171875,
    "validation_loss": [
      2740.24658203125
    ],
    "validation_chi2s": {
      "DEUTERON": 1.780452291763837,
      "NMC": 2.6504280239928004,
      "NUCLEAR": 2.2411357421875,
      "HERACOMB": 2.4966418696384802,
      "DYE886": 1.7736207788640803,
      "CDF": 2.309479304722377,
      "D0": 2.044362449645996,
      "ATLAS": 2.370272861437851,
      "CMS": 2.773141752413618,
      "LHCb": 2.627309560775757,
      "total": 2.322040557861328
    }
  },
  "6400": {
    "training_loss": 7796.541015625,
    "validation_loss": [
      2719.443115234375
    ],
    "validation_chi2s": {
      "DEUTERON": 1.754837112047186,
      "NMC": 2.7021837421492036,
      "NUCLEAR": 2.24402587890625,
      "HERACOMB": 2.491066726983762,
      "DYE886": 1.7811220342462712,
      "CDF": 2.2318951742989674,
      "D0": 2.0068361282348635,
      "ATLAS": 2.295062804489993,
      "CMS": 2.7573018888147867,
      "LHCb": 2.585883855819702,
      "total": 2.3043222427368164
    }
  },
  "6500": {
    "training_loss": 7814.05419921875,
    "validation_loss": [
      2732.988037109375
    ],
    "validation_chi2s": {
      "DEUTERON": 1.7183560044018191,
      "NMC": 2.608669505399816,
      "NUCLEAR": 2.244582763671875,
      "HERACOMB": 2.5522526759727326,
      "DYE886": 1.7593902241099963,
      "CDF": 2.2441722324916293,
      "D0": 2.043177032470703,
      "ATLAS": 2.330768199449175,
      "CMS": 2.7688501869759907,
      "LHCb": 2.549506902694702,
      "total": 2.3156304359436035
    }
  },
  "6600": {
    "training_loss": 7820.90673828125,
    "validation_loss": [
      2716.21728515625
    ],
    "validation_chi2s": {
      "DEUTERON": 1.7698139551267102,
      "NMC": 2.7037296669155944,
      "NUCLEAR": 2.236708251953125,
      "HERACOMB": 2.492196475758272,
      "DYE886": 1.7085182883522727,
      "CDF": 2.2387129919869557,
      "D0": 2.007771682739258,
      "ATLAS": 2.29525345362974,
      "CMS": 2.7514033123729673,
      "LHCb": 2.51092791557312,
      "total": 2.3017587661743164
    }
  },
  "6700": {
    "training_loss": 7789.63330078125,
    "validation_loss": [
      2775.354736328125
    ],
    "validation_chi2s": {
      "DEUTERON": 1.741098584227301,
      "NMC": 2.564698163200827,
      "NUCLEAR": 2.250014404296875,
      "HERACOMB": 2.608276566648795,
      "DYE886": 1.7909218181263318,
      "CDF": 2.339663641793387,
      "D0": 2.1129011154174804,
      "ATLAS": 2.3968277834774403,
      "CMS": 2.8119139632558436,
      "LHCb": 2.6073198318481445,
      "total": 2.3510499000549316
    }
  },
  "6800": {
    "training_loss": 7814.6787109375,
    "validation_loss": [
      2736.859375
    ],
    "validation_chi2s": {
      "DEUTERON": 1.7153311202775186,
      "NMC": 2.588805254767923,
      "NUCLEAR": 2.2351513671875,
      "HERACOMB": 2.560370152292688,
      "DYE886": 1.73246938532049,
      "CDF": 2.2992030552455356,
      "D0": 2.0594245910644533,
      "ATLAS": 2.389279654856478,
      "CMS": 2.7574438079585875,
      "LHCb": 2.443692922592163,
      "total": 2.3190934658050537
    }
  },
  "6900": {
    "training_loss": 7818.26708984375,
    "validation_loss": [
      2727.537109375
    ],
    "validation_chi2s": {
      "DEUTERON": 1.7213641873639614,
      "NMC": 2.593106737323836,
      "NUCLEAR": 2.23416943359375,
      "HERACOMB": 2.5427633048662175,
      "DYE886": 1.7310419949618252,
      "CDF": 2.1817079271589006,
      "D0": 2.0475433349609373,
      "ATLAS": 2.364867821168364,
      "CMS": 2.755784445661839,
      "LHCb": 2.461074113845825,
      "total": 2.3113248348236084
    }
  },
  "7000": {
    "training_loss": 7795.21240234375,
    "validation_loss": [
      2734.537353515625
    ],
    "validation_chi2s": {
      "DEUTERON": 1.8082617005305504,
      "NMC": 2.594915651807598,
      "NUCLEAR": 2.23629296875,
      "HERACOMB": 2.5200312994664014,
      "DYE886": 1.7012419267134233,
      "CDF": 2.210221835545131,
      "D0": 2.006560707092285,
      "ATLAS": 2.333017584982883,
      "CMS": 2.74017333984375,
      "LHCb": 2.5951836109161377,
      "total": 2.3172314167022705
    }
  },
  "7100": {
    "training_loss": 7890.97509765625,
    "validation_loss": [
      2722.2236328125
    ],
    "validation_chi2s": {
      "DEUTERON": 1.758408883317786,
      "NMC": 2.6028298770680145,
      "NUCLEAR": 2.234831787109375,
      "HERACOMB": 2.524825750612745,
      "DYE886": 1.6077593023126775,
      "CDF": 2.2401955468314037,
      "D0": 2.0040363311767577,
      "ATLAS": 2.3556888880354636,
      "CMS": 2.726089601594258,
      "LHCb": 2.4649698734283447,
      "total": 2.306849479675293
    }
  },
  "7200": {
    "training_loss": 7807.91357421875,
    "validation_loss": [
      2737.8369140625
    ],
    "validation_chi2s": {
      "DEUTERON": 1.7250606100357586,
      "NMC": 2.6024555879480697,
      "NUCLEAR": 2.240536376953125,
      "HERACOMB": 2.540140189376532,
      "DYE886": 1.8071077520197087,
      "CDF": 2.2756734575544084,
      "D0": 2.067481803894043,
      "ATLAS": 2.374421709039238,
      "CMS": 2.7720468412569867,
      "LHCb": 2.5260772705078125,
      "total": 2.320070743560791
    }
  },
  "7300": {
    "training_loss": 7803.31201171875,
    "validation_loss": [
      2741.754150390625
    ],
    "validation_chi2s": {
      "DEUTERON": 1.7200038017918222,
      "NMC": 2.556711533490349,
      "NUCLEAR": 2.23403466796875,
      "HERACOMB": 2.5658034779667074,
      "DYE886": 1.7324657440185547,
      "CDF": 2.1681127548217773,
      "D0": 2.0164894104003905,
      "ATLAS": 2.427266495951106,
      "CMS": 2.746525958301575,
      "LHCb": 2.4509363174438477,
      "total": 2.323321580886841
    }
  },
  "7400": {
    "training_loss": 7807.0380859375,
    "validation_loss": [
      2735.29443359375
    ],
    "validation_chi2s": {
      "DEUTERON": 1.723184614039179,
      "NMC": 2.590381996304381,
      "NUCLEAR": 2.237568359375,
      "HERACOMB": 2.5431769875919117,
      "DYE886": 1.785171161998402,
      "CDF": 2.300674165998186,
      "D0": 2.0519880294799804,
      "ATLAS": 2.366551088483146,
      "CMS": 2.77114967408219,
      "LHCb": 2.5332651138305664,
      "total": 2.3179101943969727
    }
  },
  "7500": {
    "training_loss": 7807.564453125,
    "validation_loss": [
      2728.512451171875
    ],
    "validation_chi2s": {
      "DEUTERON": 1.774971729487329,
      "NMC": 2.595076916264553,
      "NUCLEAR": 2.232580810546875,
      "HERACOMB": 2.5309685601128473,
      "DYE886": 1.6838314749977805,
      "CDF": 2.199028287615095,
      "D0": 1.9951265335083008,
      "ATLAS": 2.3291751132922225,
      "CMS": 2.746519259321011,
      "LHCb": 2.5574374198913574,
      "total": 2.312187671661377
    }
  },
  "7600": {
    "training_loss": 7815.19921875,
    "validation_loss": [
      2728.05810546875
    ],
    "validation_chi2s": {
      "DEUTERON": 1.7344033919756685,
      "NMC": 2.5969785802504597,
      "NUCLEAR": 2.23271240234375,
      "HERACOMB": 2.5310445548662175,
      "DYE886": 1.7370334972034802,
      "CDF": 2.2918665749686107,
      "D0": 2.0015113830566404,
      "ATLAS": 2.3847008180082514,
      "CMS": 2.7471648425590702,
      "LHCb": 2.416917324066162,
      "total": 2.311636447906494
    }
  },
  "7700": {
    "training_loss": 7789.9345703125,
    "validation_loss": [
      2731.431640625
    ],
    "validation_chi2s": {
      "DEUTERON": 1.812433347180115,
      "NMC": 2.681559543983609,
      "NUCLEAR": 2.237296142578125,
      "HERACOMB": 2.5239156087239585,
      "DYE886": 1.6913077614524148,
      "CDF": 2.133441516331264,
      "D0": 2.0063323974609375,
      "ATLAS": 2.293909994403968,
      "CMS": 2.754782575901931,
      "LHCb": 2.469088077545166,
      "total": 2.3144679069519043
    }
  },
  "7800": {
    "training_loss": 7970.6884765625,
    "validation_loss": [
      2723.821533203125
    ],
    "validation_chi2s": {
      "DEUTERON": 1.7688891662294,
      "NMC": 2.627389346852022,
      "NUCLEAR": 2.230490478515625,
      "HERACOMB": 2.5006662007250817,
      "DYE886": 1.7060040560635654,
      "CDF": 2.2397584915161133,
      "D0": 1.9923624038696288,
      "ATLAS": 2.376805166180214,
      "CMS": 2.719833498078633,
      "LHCb": 2.507817506790161,
      "total": 2.307936668395996
    }
  },
  "7900": {
    "training_loss": 7803.7626953125,
    "validation_loss": [
      2730.28662109375
    ],
    "validation_chi2s": {
      "DEUTERON": 1.784117285885028,
      "NMC": 2.6058962952856923,
      "NUCLEAR": 2.232227783203125,
      "HERACOMB": 2.5292103087979982,
      "DYE886": 1.7008230035955256,
      "CDF": 2.210481643676758,
      "D0": 1.9998235702514648,
      "ATLAS": 2.3371477448538447,
      "CMS": 2.744960629843115,
      "LHCb": 2.5048751831054688,
      "total": 2.3137216567993164
    }
  },
  "8000": {
    "training_loss": 7840.50146484375,
    "validation_loss": [
      2742.532958984375
    ],
    "validation_chi2s": {
      "DEUTERON": 1.7765006449685168,
      "NMC": 2.563258451573989,
      "NUCLEAR": 2.230826171875,
      "HERACOMB": 2.5323007621017157,
      "DYE886": 1.7298349900679155,
      "CDF": 2.288311549595424,
      "D0": 2.010553169250488,
      "ATLAS": 2.4050654722063727,
      "CMS": 2.7529081018959602,
      "LHCb": 2.5346555709838867,
      "total": 2.3240606784820557
    }
  },
  "8100": {
    "training_loss": 7834.78125,
    "validation_loss": [
      2743.43505859375
    ],
    "validation_chi2s": {
      "DEUTERON": 1.790622995860541,
      "NMC": 2.5496197868795956,
      "NUCLEAR": 2.230124267578125,
      "HERACOMB": 2.5396556978911358,
      "DYE886": 1.7164480035955256,
      "CDF": 2.262063298906599,
      "D0": 2.002507972717285,
      "ATLAS": 2.409002411231566,
      "CMS": 2.731692182339304,
      "LHCb": 2.5102550983428955,
      "total": 2.324882745742798
    }
  },
  "8200": {
    "training_loss": 7800.759765625,
    "validation_loss": [
      2713.899658203125
    ],
    "validation_chi2s": {
      "DEUTERON": 1.7776949298915579,
      "NMC": 2.6761217304304536,
      "NUCLEAR": 2.2327919921875,
      "HERACOMB": 2.4803728091171364,
      "DYE886": 1.6974560130726208,
      "CDF": 2.165202958243234,
      "D0": 1.9943250656127929,
      "ATLAS": 2.299605808900983,
      "CMS": 2.745946868648374,
      "LHCb": 2.602987289428711,
      "total": 2.299840211868286
    }
  },
  "8300": {
    "training_loss": 9151.2490234375,
    "validation_loss": [
      2734.429443359375
    ],
    "validation_chi2s": {
      "DEUTERON": 1.7704898967078668,
      "NMC": 2.5554863424862133,
      "NUCLEAR": 2.22903076171875,
      "HERACOMB": 2.5094770045062296,
      "DYE886": 1.6950170343572444,
      "CDF": 2.3741376059395924,
      "D0": 2.0041345596313476,
      "ATLAS": 2.444183521056443,
      "CMS": 2.7073843110867633,
      "LHCb": 2.524374008178711,
      "total": 2.317084550857544
    }
  },
  "8400": {
    "training_loss": 7801.54296875,
    "validation_loss": [
      2750.052490234375
    ],
    "validation_chi2s": {
      "DEUTERON": 1.731444097870025,
      "NMC": 2.57569855334712,
      "NUCLEAR": 2.235059326171875,
      "HERACOMB": 2.6005845412709356,
      "DYE886": 1.714764334938743,
      "CDF": 2.1272241047450473,
      "D0": 2.056186866760254,
      "ATLAS": 2.3872764673125877,
      "CMS": 2.766745714637322,
      "LHCb": 2.4122164249420166,
      "total": 2.3301167488098145
    }
  },
  "8500": {
    "training_loss": 8814.21142578125,
    "validation_loss": [
      2721.4638671875
    ],
    "validation_chi2s": {
      "DEUTERON": 1.81354200068991,
      "NMC": 2.650515687231924,
      "NUCLEAR": 2.233451171875,
      "HERACOMB": 2.4856274174708948,
      "DYE886": 1.6749397624622693,
      "CDF": 2.2855799538748607,
      "D0": 2.020257568359375,
      "ATLAS": 2.314096515098315,
      "CMS": 2.718202420366489,
      "LHCb": 2.6066532135009766,
      "total": 2.3062493801116943
    }
  },
  "8600": {
    "training_loss": 7921.52978515625,
    "validation_loss": [
      2735.739013671875
    ],
    "validation_chi2s": {
      "DEUTERON": 1.7463797953591418,
      "NMC": 2.544613108915441,
      "NUCLEAR": 2.230797119140625,
      "HERACOMB": 2.5642281326593137,
      "DYE886": 1.6788591905073686,
      "CDF": 2.240209306989397,
      "D0": 2.001785469055176,
      "ATLAS": 2.388634328092082,
      "CMS": 2.7373349569677337,
      "LHCb": 2.4381470680236816,
      "total": 2.318368434906006
    }
  },
  "8700": {
    "training_loss": 7826.94482421875,
    "validation_loss": [
      2720.1962890625
    ],
    "validation_chi2s": {
      "DEUTERON": 1.7529052430717507,
      "NMC": 2.6054319493910847,
      "NUCLEAR": 2.232930908203125,
      "HERACOMB": 2.5155932856541052,
      "DYE886": 1.6900452700528232,
      "CDF": 2.2501723425728932,
      "D0": 1.9998092651367188,
      "ATLAS": 2.3440982089953475,
      "CMS": 2.7338708396849594,
      "LHCb": 2.5149407386779785,
      "total": 2.3052027225494385
    }
  },
  "8800": {
    "training_loss": 7810.9970703125,
    "validation_loss": [
      2727.90380859375
    ],
    "validation_chi2s": {
      "DEUTERON": 1.785440625242926,
      "NMC": 2.5846916647518383,
      "NUCLEAR": 2.23227392578125,
      "HERACOMB": 2.511114781198938,
      "DYE886": 1.7044476595791904,
      "CDF": 2.2771087374006,
      "D0": 2.007278823852539,
      "ATLAS": 2.349876489532128,
      "CMS": 2.7296787665142275,
      "LHCb": 2.5986576080322266,
      "total": 2.311744451522827
    }
  },
  "8900": {
    "training_loss": 7814.64794921875,
    "validation_loss": [
      2720.6357421875
    ],
    "validation_chi2s": {
      "DEUTERON": 1.7481779032085665,
      "NMC": 2.6048604927810968,
      "NUCLEAR": 2.2343759765625,
      "HERACOMB": 2.5225532880795547,
      "DYE886": 1.7021102905273438,
      "CDF": 2.2695872443062917,
      "D0": 2.0313392639160157,
      "ATLAS": 2.3312533946519487,
      "CMS": 2.7349012421398626,
      "LHCb": 2.527329683303833,
      "total": 2.3055968284606934
    }
  },
  "9000": {
    "training_loss": 7784.54345703125,
    "validation_loss": [
      2737.59326171875
    ],
    "validation_chi2s": {
      "DEUTERON": 1.8284660073655161,
      "NMC": 2.6043755026424633,
      "NUCLEAR": 2.231807861328125,
      "HERACOMB": 2.52687042834712,
      "DYE886": 1.6864051818847656,
      "CDF": 2.2192009517124722,
      "D0": 1.990982437133789,
      "ATLAS": 2.3442446247915205,
      "CMS": 2.7377964422954775,
      "LHCb": 2.4741923809051514,
      "total": 2.319714307785034
    }
  },
  "9100": {
    "training_loss": 8151.7109375,
    "validation_loss": [
      2722.02392578125
    ],
    "validation_chi2s": {
      "DEUTERON": 1.7409291433457712,
      "NMC": 2.5854184019799327,
      "NUCLEAR": 2.23001806640625,
      "HERACOMB": 2.52741934583078,
      "DYE886": 1.640124581076882,
      "CDF": 2.2271289825439453,
      "D0": 1.9872739791870118,
      "ATLAS": 2.396637305784761,
      "CMS": 2.7094341991393547,
      "LHCb": 2.4348411560058594,
      "total": 2.306779623031616
    }
  },
  "9200": {
    "training_loss": 7795.9970703125,
    "validation_loss": [
      2731.71826171875
    ],
    "validation_chi2s": {
      "DEUTERON": 1.7309052576473103,
      "NMC": 2.5559159821155024,
      "NUCLEAR": 2.229361572265625,
      "HERACOMB": 2.5392136916615606,
      "DYE886": 1.7610794414173474,
      "CDF": 2.4583094460623607,
      "D0": 2.0032794952392576,
      "ATLAS": 2.407855601792925,
      "CMS": 2.7284397032202743,
      "LHCb": 2.4659366607666016,
      "total": 2.314995288848877
    }
  },
  "9300": {
    "training_loss": 11372.998046875,
    "validation_loss": [
      2728.897216796875
    ],
    "validation_chi2s": {
      "DEUTERON": 1.7421114337978079,
      "NMC": 2.579402250402114,
      "NUCLEAR": 2.23035791015625,
      "HERACOMB": 2.55043039758221,
      "DYE886": 1.6890832727605647,
      "CDF": 2.266402380807059,
      "D0": 2.0095966339111326,
      "ATLAS": 2.369232520628511,
      "CMS": 2.727543528487043,
      "LHCb": 2.463019609451294,
      "total": 2.3126132488250732
    }
  },
  "9400": {
    "training_loss": 7819.2255859375,
    "validation_loss": [
      2705.852294921875
    ],
    "validation_chi2s": {
      "DEUTERON": 1.753220895036536,
      "NMC": 2.6402665680530024,
      "NUCLEAR": 2.22433447265625,
      "HERACOMB": 2.476522009357128,
      "DYE886": 1.7437908866188743,
      "CDF": 2.4480593545096263,
      "D0": 2.0036996841430663,
      "ATLAS": 2.348054692986306,
      "CMS": 2.7007481024517275,
      "LHCb": 2.474900722503662,
      "total": 2.2930760383605957
    }
  },
  "9500": {
    "training_loss": 7787.29638671875,
    "validation_loss": [
      2744.68505859375
    ],
    "validation_chi2s": {
      "DEUTERON": 1.729259130373523,
      "NMC": 2.6414510689529718,
      "NUCLEAR": 2.228490234375,
      "HERACOMB": 2.5230692944495505,
      "DYE886": 1.7572533000599255,
      "CDF": 2.376631328037807,
      "D0": 2.1365724563598634,
      "ATLAS": 2.390411034058989,
      "CMS": 2.8306936868807164,
      "LHCb": 2.589345693588257,
      "total": 2.325988292694092
    }
  },
  "9600": {
    "training_loss": 7799.91259765625,
    "validation_loss": [
      2723.48974609375
    ],
    "validation_chi2s": {
      "DEUTERON": 1.7327142971665113,
      "NMC": 2.577875773111979,
      "NUCLEAR": 2.228242431640625,
      "HERACOMB": 2.50587433459712,
      "DYE886": 1.7727109735662288,
      "CDF": 2.4751246316092357,
      "D0": 2.010992431640625,
      "ATLAS": 2.389314630058374,
      "CMS": 2.741548863852896,
      "LHCb": 2.5287702083587646,
      "total": 2.308025598526001
    }
  },
  "9700": {
    "training_loss": 7800.09521484375,
    "validation_loss": [
      2732.699951171875
    ],
    "validation_chi2s": {
      "DEUTERON": 1.7759416115224658,
      "NMC": 2.605849621342678,
      "NUCLEAR": 2.232596923828125,
      "HERACOMB": 2.5276959986468546,
      "DYE886": 1.747397162697532,
      "CDF": 2.2495629446847096,
      "D0": 2.0280189514160156,
      "ATLAS": 2.3561685969320574,
      "CMS": 2.7325521329554117,
      "LHCb": 2.538564920425415,
      "total": 2.3158414363861084
    }
  },
  "9800": {
    "training_loss": 7803.65234375,
    "validation_loss": [
      2716.847900390625
    ],
    "validation_chi2s": {
      "DEUTERON": 1.7363194707614273,
      "NMC": 2.632013059129902,
      "NUCLEAR": 2.23096826171875,
      "HERACOMB": 2.501689437168096,
      "DYE886": 1.720270503651012,
      "CDF": 2.316679000854492,
      "D0": 2.0046932220458986,
      "ATLAS": 2.334087757582075,
      "CMS": 2.7511311352737553,
      "LHCb": 2.5721304416656494,
      "total": 2.30234432220459
    }
  },
  "9900": {
    "training_loss": 7800.388671875,
    "validation_loss": [
      2738.5322265625
    ],
    "validation_chi2s": {
      "DEUTERON": 1.8076818665461754,
      "NMC": 2.6201578776041665,
      "NUCLEAR": 2.231666015625,
      "HERACOMB": 2.508473913654003,
      "DYE886": 1.7569886987859553,
      "CDF": 2.1795338221958707,
      "D0": 2.0177921295166015,
      "ATLAS": 2.334959223029319,
      "CMS": 2.7742589935054625,
      "LHCb": 2.655444860458374,
      "total": 2.3206787109375
    }
  },
  "10000": {
    "training_loss": 7773.68505859375,
    "validation_loss": [
      2722.88232421875
    ],
    "validation_chi2s": {
      "DEUTERON": 1.7428133380946829,
      "NMC": 2.6005566166896448,
      "NUCLEAR": 2.230623779296875,
      "HERACOMB": 2.531789542802798,
      "DYE886": 1.7428013194691052,
      "CDF": 2.220033509390695,
      "D0": 2.009054946899414,
      "ATLAS": 2.3326551458808815,
      "CMS": 2.7502982286902946,
      "LHCb": 2.4996254444122314,
      "total": 2.3074381351470947
    }
  },
  "10100": {
    "training_loss": 7792.1865234375,
    "validation_loss": [
      2724.103515625
    ],
    "validation_chi2s": {
      "DEUTERON": 1.7690311261077425,
      "NMC": 2.592208263920803,
      "NUCLEAR": 2.22804248046875,
      "HERACOMB": 2.519739088669322,
      "DYE886": 1.7100916775790127,
      "CDF": 2.2711022240774974,
      "D0": 1.9909650802612304,
      "ATLAS": 2.386189835794856,
      "CMS": 2.7266409028836383,
      "LHCb": 2.334183692932129,
      "total": 2.308534622192383
    }
  },
  "10200": {
    "training_loss": 7873.74609375,
    "validation_loss": [
      2705.3603515625
    ],
    "validation_chi2s": {
      "DEUTERON": 1.740524367906561,
      "NMC": 2.632535448261336,
      "NUCLEAR": 2.225978759765625,
      "HERACOMB": 2.495414983213337,
      "DYE886": 1.7557875893332742,
      "CDF": 2.4171524047851562,
      "D0": 2.0033525466918944,
      "ATLAS": 2.3207565479064254,
      "CMS": 2.7160421231897867,
      "LHCb": 2.449960470199585,
      "total": 2.2926642894744873
    }
  },
  "10300": {
    "training_loss": 7802.18017578125,
    "validation_loss": [
      2717.176025390625
    ],
    "validation_chi2s": {
      "DEUTERON": 1.7318840975785137,
      "NMC": 2.5613274667777266,
      "NUCLEAR": 2.222564697265625,
      "HERACOMB": 2.521889680351307,
      "DYE886": 1.6896764581853694,
      "CDF": 2.4311507088797435,
      "D0": 1.9977216720581055,
      "ATLAS": 2.407559341259217,
      "CMS": 2.7014316465796493,
      "LHCb": 2.3781301975250244,
      "total": 2.302682876586914
    }
  },
  "10400": {
    "training_loss": 7764.912109375,
    "validation_loss": [
      2730.78125
    ],
    "validation_chi2s": {
      "DEUTERON": 1.773620757297497,
      "NMC": 2.5501400816674327,
      "NUCLEAR": 2.22414111328125,
      "HERACOMB": 2.5162301655688317,
      "DYE886": 1.7675502083518289,
      "CDF": 2.31519045148577,
      "D0": 2.003452682495117,
      "ATLAS": 2.3749566238917663,
      "CMS": 2.7451913725069867,
      "LHCb": 2.580737590789795,
      "total": 2.3141252994537354
    }
  },
  "10500": {
    "training_loss": 7784.4130859375,
    "validation_loss": [
      2725.73095703125
    ],
    "validation_chi2s": {
      "DEUTERON": 1.7475825826920086,
      "NMC": 2.62163438983992,
      "NUCLEAR": 2.22280712890625,
      "HERACOMB": 2.538242315155229,
      "DYE886": 1.7418629039417615,
      "CDF": 2.2802779333932057,
      "D0": 2.008900833129883,
      "ATLAS": 2.3549348638298806,
      "CMS": 2.7528626976943595,
      "LHCb": 2.381072521209717,
      "total": 2.3099305629730225
    }
  },
  "10600": {
    "training_loss": 7849.541015625,
    "validation_loss": [
      2732.093505859375
    ],
    "validation_chi2s": {
      "DEUTERON": 1.7844059123328668,
      "NMC": 2.6392885095932903,
      "NUCLEAR": 2.226859130859375,
      "HERACOMB": 2.496449987872753,
      "DYE886": 1.8053295829079368,
      "CDF": 2.526874542236328,
      "D0": 2.0124006271362305,
      "ATLAS": 2.385176755069347,
      "CMS": 2.7487123070693595,
      "LHCb": 2.437209129333496,
      "total": 2.315314531326294
    }
  },
  "10700": {
    "training_loss": 270577.53125,
    "validation_loss": [
      15916.2421875
    ],
    "validation_chi2s": {
      "DEUTERON": 31.112069049284827,
      "NMC": 5.963679294960172,
      "NUCLEAR": 3.48851025390625,
      "HERACOMB": 6.689162709354576,
      "DYE886": 67.6123046875,
      "CDF": 5.490382058279855,
      "D0": 2.0883642196655274,
      "ATLAS": 18.16343568951896,
      "CMS": 9.456966741298272,
      "LHCb": 12.17504596710205,
      "total": 13.397772789001465
    }
  },
  "10800": {
    "training_loss": 29206.375,
    "validation_loss": [
      63546.3046875
    ],
    "validation_chi2s": {
      "DEUTERON": 281.85698460820896,
      "NMC": 5.351123286228554,
      "NUCLEAR": 3.053533447265625,
      "HERACOMB": 6.74844499974469,
      "DYE886": 18.8321796764027,
      "CDF": 9.302086966378349,
      "D0": 19.13694610595703,
      "ATLAS": 12.207024392117276,
      "CMS": 5.1749768761115345,
      "LHCb": 5.9507646560668945,
      "total": 53.75013732910156
    }
  },
  "10900": {
    "training_loss": 12974280.5,
    "validation_loss": [
      105877.6875
    ],
    "validation_chi2s": {
      "DEUTERON": 498.1649953358209,
      "NMC": 4.600292430204504,
      "NUCLEAR": 3.01959521484375,
      "HERACOMB": 5.43347247753268,
      "DYE886": 15.743215387517756,
      "CDF": 8.206324986049108,
      "D0": 10.3840087890625,
      "ATLAS": 10.022600152519312,
      "CMS": 4.702608434165397,
      "LHCb": 4.692655086517334,
      "total": 89.6640396118164
    }
  },
  "11000": {
    "training_loss": 7788.875,
    "validation_loss": [
      2726.232421875
    ],
    "validation_chi2s": {
      "DEUTERON": 1.766310506792211,
      "NMC": 2.5257011862362133,
      "NUCLEAR": 2.232831298828125,
      "HERACOMB": 2.5088664534824345,
      "DYE886": 1.4919502951882102,
      "CDF": 2.387810025896345,
      "D0": 1.952944564819336,
      "ATLAS": 2.3766369766063904,
      "CMS": 2.808168240678989,
      "LHCb": 2.467482328414917,
      "total": 2.3103668689727783
    }
  },
  "11100": {
    "training_loss": 7773.251953125,
    "validation_loss": [
      2716.57666015625
    ],
    "validation_chi2s": {
      "DEUTERON": 1.7606041751690764,
      "NMC": 2.565455717198989,
      "NUCLEAR": 2.22982568359375,
      "HERACOMB": 2.5027236439823324,
      "DYE886": 1.5534910722212358,
      "CDF": 2.2957551138741628,
      "D0": 1.974892807006836,
      "ATLAS": 2.364272214053722,
      "CMS": 2.760546428401296,
      "LHCb": 2.4420342445373535,
      "total": 2.3021509647369385
    }
  },
  "11200": {
    "training_loss": 7790.13671875,
    "validation_loss": [
      2712.470703125
    ],
    "validation_chi2s": {
      "DEUTERON": 1.7940795291122513,
      "NMC": 2.5731952143650427,
      "NUCLEAR": 2.22396484375,
      "HERACOMB": 2.4845283857358047,
      "DYE886": 1.609358007257635,
      "CDF": 2.223867280142648,
      "D0": 2.0707542419433596,
      "ATLAS": 2.3368916029340765,
      "CMS": 2.726945334333714,
      "LHCb": 2.540555000305176,
      "total": 2.298694372177124
    }
  },
  "11300": {
    "training_loss": 7761.2490234375,
    "validation_loss": [
      2733.90234375
    ],
    "validation_chi2s": {
      "DEUTERON": 1.7895885866079757,
      "NMC": 2.604513130935968,
      "NUCLEAR": 2.228473876953125,
      "HERACOMB": 2.5059437471277572,
      "DYE886": 1.6736495278098367,
      "CDF": 2.2842813219342912,
      "D0": 1.9982297897338868,
      "ATLAS": 2.3881642202313027,
      "CMS": 2.7509522476816564,
      "LHCb": 2.5303032398223877,
      "total": 2.31669282913208
    }
  },
  "11400": {
    "training_loss": 7753.078125,
    "validation_loss": [
      2739.82080078125
    ],
    "validation_chi2s": {
      "DEUTERON": 1.767601962113262,
      "NMC": 2.630709180644914,
      "NUCLEAR": 2.23032763671875,
      "HERACOMB": 2.5044685313904207,
      "DYE886": 1.6988378004594282,
      "CDF": 2.3338230678013394,
      "D0": 1.9789627075195313,
      "ATLAS": 2.381779702861657,
      "CMS": 2.815784485359502,
      "LHCb": 2.581587314605713,
      "total": 2.321876049041748
    }
  },
  "11500": {
    "training_loss": 7771.0927734375,
    "validation_loss": [
      2738.7060546875
    ],
    "validation_chi2s": {
      "DEUTERON": 1.7657715147407493,
      "NMC": 2.668965956744026,
      "NUCLEAR": 2.232596923828125,
      "HERACOMB": 2.5105305590660745,
      "DYE886": 1.6898786371404475,
      "CDF": 2.2581964220319475,
      "D0": 1.9768091201782227,
      "ATLAS": 2.389091920316889,
      "CMS": 2.7836534453601374,
      "LHCb": 2.5277187824249268,
      "total": 2.3209292888641357
    }
  },
  "11600": {
    "training_loss": 7747.9990234375,
    "validation_loss": [
      2730.61572265625
    ],
    "validation_chi2s": {
      "DEUTERON": 1.7731431040597792,
      "NMC": 2.592336318072151,
      "NUCLEAR": 2.230709228515625,
      "HERACOMB": 2.5342754289215685,
      "DYE886": 1.6817597475918857,
      "CDF": 2.2004936763218472,
      "D0": 2.057617950439453,
      "ATLAS": 2.3569838277409585,
      "CMS": 2.7431997903963414,
      "LHCb": 2.465721845626831,
      "total": 2.314079999923706
    }
  },
  "11700": {
    "training_loss": 7792.146484375,
    "validation_loss": [
      2709.25146484375
    ],
    "validation_chi2s": {
      "DEUTERON": 1.7767241368839397,
      "NMC": 2.6831392774394915,
      "NUCLEAR": 2.2269833984375,
      "HERACOMB": 2.4627908943525325,
      "DYE886": 1.7156642567027698,
      "CDF": 2.328567777361189,
      "D0": 2.127200698852539,
      "ATLAS": 2.3365649962693116,
      "CMS": 2.707011153058308,
      "LHCb": 2.518092155456543,
      "total": 2.295837163925171
    }
  },
  "11800": {
    "training_loss": 7740.6533203125,
    "validation_loss": [
      2731.55908203125
    ],
    "validation_chi2s": {
      "DEUTERON": 1.7654500932835822,
      "NMC": 2.594692454618566,
      "NUCLEAR": 2.23152294921875,
      "HERACOMB": 2.5362351361443016,
      "DYE886": 1.6520181135697798,
      "CDF": 2.1829302651541576,
      "D0": 2.1420623779296877,
      "ATLAS": 2.361123417200667,
      "CMS": 2.748461467463796,
      "LHCb": 2.468405246734619,
      "total": 2.314854860305786
    }
  },
  "11900": {
    "training_loss": 351146.0,
    "validation_loss": [
      6113.1259765625
    ],
    "validation_chi2s": {
      "DEUTERON": 16.05829980954602,
      "NMC": 2.7030762317133883,
      "NUCLEAR": 2.30354638671875,
      "HERACOMB": 2.96122731726154,
      "DYE886": 5.796329845081676,
      "CDF": 2.2778216770717075,
      "D0": 3.4298614501953124,
      "ATLAS": 3.051480411143785,
      "CMS": 3.314095597926194,
      "LHCb": 3.928799867630005,
      "total": 5.171084403991699
    }
  },
  "12000": {
    "training_loss": 7765.3125,
    "validation_loss": [
      2717.25390625
    ],
    "validation_chi2s": {
      "DEUTERON": 1.7753219984064055,
      "NMC": 2.706354777018229,
      "NUCLEAR": 2.2240107421875,
      "HERACOMB": 2.4676499709584356,
      "DYE886": 1.7523143074729226,
      "CDF": 2.4719442640032088,
      "D0": 2.068562889099121,
      "ATLAS": 2.348956847458743,
      "CMS": 2.7286828514037094,
      "LHCb": 2.5310115814208984,
      "total": 2.3027477264404297
    }
  },
  "12100": {
    "training_loss": 7760.5576171875,
    "validation_loss": [
      2730.172607421875
    ],
    "validation_chi2s": {
      "DEUTERON": 1.7690590625971705,
      "NMC": 2.6228930903416052,
      "NUCLEAR": 2.2297802734375,
      "HERACOMB": 2.5074690276501226,
      "DYE886": 1.7274702245538884,
      "CDF": 2.2753926685878207,
      "D0": 2.0645957946777345,
      "ATLAS": 2.395401686764835,
      "CMS": 2.727859373015117,
      "LHCb": 2.487734079360962,
      "total": 2.3137056827545166
    }
  },
  "12200": {
    "training_loss": 7749.1591796875,
    "validation_loss": [
      2735.098876953125
    ],
    "validation_chi2s": {
      "DEUTERON": 1.7725189360813123,
      "NMC": 2.658375758750766,
      "NUCLEAR": 2.229718017578125,
      "HERACOMB": 2.4914987601485907,
      "DYE886": 1.7851808721368962,
      "CDF": 2.385514668055943,
      "D0": 1.966193389892578,
      "ATLAS": 2.381414520606566,
      "CMS": 2.786538969210493,
      "LHCb": 2.5358355045318604,
      "total": 2.317880630493164
    }
  },
  "12300": {
    "training_loss": 7768.611328125,
    "validation_loss": [
      2723.353515625
    ],
    "validation_chi2s": {
      "DEUTERON": 1.7669545643365205,
      "NMC": 2.5996820786420036,
      "NUCLEAR": 2.22944970703125,
      "HERACOMB": 2.502526576222937,
      "DYE886": 1.7588374397971414,
      "CDF": 2.3476148332868303,
      "D0": 2.0822486877441406,
      "ATLAS": 2.3969313375065835,
      "CMS": 2.7054649290999744,
      "LHCb": 2.4092955589294434,
      "total": 2.307924509048462
    }
  }
}