{
  "100": {
    "training_loss": 336.6875,
    "validation_loss": [
      135.91989135742188
    ],
    "validation_chi2s": {
      "DEUTERON": 1.8976478576660156,
      "ATLAS": 5.45581678910689,
      "total": 2.665095806121826
    }
  },
  "200": {
    "training_loss": 294.3792724609375,
    "validation_loss": [
      128.660400390625
    ],
    "validation_chi2s": {
      "DEUTERON": 1.724977684020996,
      "ATLAS": 5.42375356500799,
      "total": 2.5227530002593994
    }
  },
  "300": {
    "training_loss": 281.53936767578125,
    "validation_loss": [
      99.08649444580078
    ],
    "validation_chi2s": {
      "DEUTERON": 1.5368868827819824,
      "ATLAS": 3.4191839044744317,
      "total": 1.9428726434707642
    }
  },
  "400": {
    "training_loss": 273.5166015625,
    "validation_loss": [
      107.30186462402344
    ],
    "validation_chi2s": {
      "DEUTERON": 1.5651095390319825,
      "ATLAS": 4.063407551158559,
      "total": 2.1039581298828125
    }
  },
  "500": {
    "training_loss": 272.08856201171875,
    "validation_loss": [
      96.45564270019531
    ],
    "validation_chi2s": {
      "DEUTERON": 1.5193851470947266,
      "ATLAS": 3.2436582391912285,
      "total": 1.891287088394165
    }
  },
  "600": {
    "training_loss": 266.0353088378906,
    "validation_loss": [
      96.25048828125
    ],
    "validation_chi2s": {
      "DEUTERON": 1.5620824813842773,
      "ATLAS": 3.0697448036887427,
      "total": 1.8872644901275635
    }
  },
  "700": {
    "training_loss": 269.9069519042969,
    "validation_loss": [
      92.0304946899414
    ],
    "validation_chi2s": {
      "DEUTERON": 1.5231703758239745,
      "ATLAS": 2.8276079351251777,
      "total": 1.8045196533203125
    }
  },
  "800": {
    "training_loss": 260.18011474609375,
    "validation_loss": [
      109.4586181640625
    ],
    "validation_chi2s": {
      "DEUTERON": 1.6502622604370116,
      "ATLAS": 3.949829795143821,
      "total": 2.146247386932373
    }
  },
  "900": {
    "training_loss": 262.1515808105469,
    "validation_loss": [
      98.71293640136719
    ],
    "validation_chi2s": {
      "DEUTERON": 1.5779186248779298,
      "ATLAS": 3.2360174005681817,
      "total": 1.9355478286743164
    }
  }
}