{
  "100": {
    "training_loss": 317.54736328125,
    "validation_loss": [
      112.71405792236328
    ],
    "validation_chi2s": {
      "DEUTERON": 1.8676860809326172,
      "ATLAS": 3.2535438537597656,
      "total": 2.1665966510772705
    }
  },
  "200": {
    "training_loss": 277.9747009277344,
    "validation_loss": [
      91.1073226928711
    ],
    "validation_chi2s": {
      "DEUTERON": 1.5509232521057128,
      "ATLAS": 2.6427634846080434,
      "total": 1.7864181995391846
    }
  },
  "300": {
    "training_loss": 264.6405334472656,
    "validation_loss": [
      84.08928680419922
    ],
    "validation_chi2s": {
      "DEUTERON": 1.5098167419433595,
      "ATLAS": 2.154238614169034,
      "total": 1.6488096714019775
    }
  },
  "400": {
    "training_loss": 259.417724609375,
    "validation_loss": [
      95.07567596435547
    ],
    "validation_chi2s": {
      "DEUTERON": 1.7330833435058595,
      "ATLAS": 2.341122367165305,
      "total": 1.8642290830612183
    }
  },
  "500": {
    "training_loss": 257.27935791015625,
    "validation_loss": [
      95.73482513427734
    ],
    "validation_chi2s": {
      "DEUTERON": 1.7501724243164063,
      "ATLAS": 2.3389029069380327,
      "total": 1.8771536350250244
    }
  },
  "600": {
    "training_loss": 254.83956909179688,
    "validation_loss": [
      100.22308349609375
    ],
    "validation_chi2s": {
      "DEUTERON": 1.883154296875,
      "ATLAS": 2.263355428522283,
      "total": 1.965158462524414
    }
  },
  "700": {
    "training_loss": 257.3583679199219,
    "validation_loss": [
      92.64893341064453
    ],
    "validation_chi2s": {
      "DEUTERON": 1.6935203552246094,
      "ATLAS": 2.2643748196688565,
      "total": 1.816645860671997
    }
  },
  "800": {
    "training_loss": 260.5816650390625,
    "validation_loss": [
      80.710205078125
    ],
    "validation_chi2s": {
      "DEUTERON": 1.4705625534057618,
      "ATLAS": 1.9897918701171875,
      "total": 1.5825531482696533
    }
  },
  "900": {
    "training_loss": 255.01416015625,
    "validation_loss": [
      97.53900146484375
    ],
    "validation_chi2s": {
      "DEUTERON": 1.8358362197875977,
      "ATLAS": 2.1914140527898613,
      "total": 1.912529468536377
    }
  }
}