{
  "100": {
    "training_loss": 32703.8125,
    "validation_loss": [
      3174061312.0
    ],
    "validation_chi2s": {
      "DEUTERON": 15791286.129353235,
      "NMC": 6.290347828584559,
      "NUCLEAR": 6.28568896484375,
      "HERACOMB": 5.776309742647059,
      "DYE886": 49.05156915838068,
      "CDF": 9.649215698242188,
      "D0": 5.2971336364746096,
      "ATLAS": 16.382747032122904,
      "CMS": 11.026517046176322,
      "LHCb": 11.916742324829102,
      "total": 2687601.5
    }
  },
  "200": {
    "training_loss": 20638.962890625,
    "validation_loss": [
      20651.37890625
    ],
    "validation_chi2s": {
      "DEUTERON": 71.69402985074628,
      "NMC": 3.416611316157322,
      "NUCLEAR": 4.99521923828125,
      "HERACOMB": 4.8091326944189134,
      "DYE886": 50.15549538352273,
      "CDF": 4.747403281075614,
      "D0": 5.81678466796875,
      "ATLAS": 7.383775423358938,
      "CMS": 4.786668234724339,
      "LHCb": 4.249095916748047,
      "total": 17.39745330810547
    }
  },
  "300": {
    "training_loss": 17954.5234375,
    "validation_loss": [
      10497.92578125
    ],
    "validation_chi2s": {
      "DEUTERON": 23.40266684157338,
      "NMC": 2.60096710803462,
      "NUCLEAR": 4.821927734375,
      "HERACOMB": 4.348148919398488,
      "DYE886": 43.30655739524148,
      "CDF": 4.012354169573102,
      "D0": 4.970670318603515,
      "ATLAS": 6.906885583973463,
      "CMS": 4.839484486153455,
      "LHCb": 4.845190525054932,
      "total": 8.797438621520996
    }
  },
  "400": {
    "training_loss": 17341.712890625,
    "validation_loss": [
      10310.3447265625
    ],
    "validation_chi2s": {
      "DEUTERON": 22.798973880597014,
      "NMC": 2.4295747046377145,
      "NUCLEAR": 4.776552734375,
      "HERACOMB": 4.20413227953942,
      "DYE886": 40.12415937943892,
      "CDF": 3.843477521623884,
      "D0": 4.5709587097167965,
      "ATLAS": 7.048220501265712,
      "CMS": 5.144574917428862,
      "LHCb": 4.89612340927124,
      "total": 8.631278038024902
    }
  },
  "500": {
    "training_loss": 17210.314453125,
    "validation_loss": [
      12170.5107421875
    ],
    "validation_chi2s": {
      "DEUTERON": 32.30239913712686,
      "NMC": 2.381692923751532,
      "NUCLEAR": 4.757609375,
      "HERACOMB": 4.0854839250153185,
      "DYE886": 39.62116033380682,
      "CDF": 3.841426304408482,
      "D0": 4.315560913085937,
      "ATLAS": 7.056347383467179,
      "CMS": 5.198848569296239,
      "LHCb": 4.738174915313721,
      "total": 10.202951431274414
    }
  },
  "600": {
    "training_loss": 17077.35546875,
    "validation_loss": [
      12994.73046875
    ],
    "validation_chi2s": {
      "DEUTERON": 36.65309196206468,
      "NMC": 2.357077205882353,
      "NUCLEAR": 4.69919970703125,
      "HERACOMB": 3.9873613345077614,
      "DYE886": 39.72618241743608,
      "CDF": 4.015196119035993,
      "D0": 4.451934814453125,
      "ATLAS": 6.985594339210894,
      "CMS": 5.158483985962906,
      "LHCb": 4.93058443069458,
      "total": 10.898991584777832
    }
  },
  "700": {
    "training_loss": 16642.90625,
    "validation_loss": [
      10829.1025390625
    ],
    "validation_chi2s": {
      "DEUTERON": 26.945069574004975,
      "NMC": 2.3413803998161766,
      "NUCLEAR": 4.4161455078125,
      "HERACOMB": 3.8385304968341503,
      "DYE886": 38.289819890802555,
      "CDF": 4.2577217647007535,
      "D0": 4.567742156982422,
      "ATLAS": 6.693349145644204,
      "CMS": 4.942923693152947,
      "LHCb": 5.234160900115967,
      "total": 9.06472110748291
    }
  },
  "800": {
    "training_loss": 16295.6826171875,
    "validation_loss": [
      12455.66015625
    ],
    "validation_chi2s": {
      "DEUTERON": 36.53492547030473,
      "NMC": 2.3032178691789214,
      "NUCLEAR": 4.057453125,
      "HERACOMB": 3.5686693378523286,
      "DYE886": 39.33362371271307,
      "CDF": 4.39416640145438,
      "D0": 3.574013900756836,
      "ATLAS": 6.190069614175978,
      "CMS": 4.580096485168953,
      "LHCb": 4.870535373687744,
      "total": 10.43728256225586
    }
  },
  "900": {
    "training_loss": 15819.6455078125,
    "validation_loss": [
      7001.556640625
    ],
    "validation_chi2s": {
      "DEUTERON": 11.20820215329602,
      "NMC": 2.2464304905311736,
      "NUCLEAR": 3.7332705078125,
      "HERACOMB": 3.259445689082925,
      "DYE886": 37.10288307883523,
      "CDF": 4.644964490618024,
      "D0": 2.2700986862182617,
      "ATLAS": 5.53472798097067,
      "CMS": 4.3536962493648375,
      "LHCb": 5.207606792449951,
      "total": 5.810726165771484
    }
  },
  "1000": {
    "training_loss": 8139.75,
    "validation_loss": [
      2966.23974609375
    ],
    "validation_chi2s": {
      "DEUTERON": 2.6038532921330844,
      "NMC": 1.9496491376091452,
      "NUCLEAR": 2.238160888671875,
      "HERACOMB": 2.583493899675756,
      "DYE886": 1.4738863164728337,
      "CDF": 1.0980170113699776,
      "D0": 2.035443878173828,
      "ATLAS": 2.4825028574000525,
      "CMS": 3.2144065794905994,
      "LHCb": 2.477222204208374,
      "total": 2.4998927116394043
    }
  },
  "1100": {
    "training_loss": 7997.37890625,
    "validation_loss": [
      2865.4267578125
    ],
    "validation_chi2s": {
      "DEUTERON": 2.4273866871696206,
      "NMC": 1.9658788045247395,
      "NUCLEAR": 2.0996396484375,
      "HERACOMB": 2.517488965801164,
      "DYE886": 1.4215575131503018,
      "CDF": 0.9942361967904227,
      "D0": 2.0395809173583985,
      "ATLAS": 2.4667796555844097,
      "CMS": 3.1500951255240093,
      "LHCb": 2.6866283416748047,
      "total": 2.419172763824463
    }
  },
  "1200": {
    "training_loss": 7956.49267578125,
    "validation_loss": [
      2832.27587890625
    ],
    "validation_chi2s": {
      "DEUTERON": 2.362593010290345,
      "NMC": 1.9678272920496322,
      "NUCLEAR": 2.0453592529296873,
      "HERACOMB": 2.503122566572202,
      "DYE886": 1.425729144703258,
      "CDF": 1.064143521445138,
      "D0": 2.0452754974365233,
      "ATLAS": 2.4866825721783345,
      "CMS": 3.0832311118521343,
      "LHCb": 2.815927743911743,
      "total": 2.393113374710083
    }
  },
  "1300": {
    "training_loss": 7927.27392578125,
    "validation_loss": [
      2814.701171875
    ],
    "validation_chi2s": {
      "DEUTERON": 2.341389062985852,
      "NMC": 1.97741325228822,
      "NUCLEAR": 2.0209217529296875,
      "HERACOMB": 2.490927702461193,
      "DYE886": 1.4439407695423474,
      "CDF": 1.0758284841264998,
      "D0": 1.9327383041381836,
      "ATLAS": 2.4743483559379365,
      "CMS": 3.065097715796494,
      "LHCb": 2.8808038234710693,
      "total": 2.3790411949157715
    }
  },
  "1400": {
    "training_loss": 7927.056640625,
    "validation_loss": [
      2802.5107421875
    ],
    "validation_chi2s": {
      "DEUTERON": 2.316041557349969,
      "NMC": 1.9717525407379748,
      "NUCLEAR": 1.998447265625,
      "HERACOMB": 2.490658429713031,
      "DYE886": 1.411218903281472,
      "CDF": 1.1178597041538783,
      "D0": 1.8778072357177735,
      "ATLAS": 2.480858488455831,
      "CMS": 3.0341953184546493,
      "LHCb": 2.977412700653076,
      "total": 2.369215965270996
    }
  },
  "1500": {
    "training_loss": 7938.37109375,
    "validation_loss": [
      2788.21728515625
    ],
    "validation_chi2s": {
      "DEUTERON": 2.3083282015216886,
      "NMC": 1.9967163684321385,
      "NUCLEAR": 1.978393798828125,
      "HERACOMB": 2.476367027930964,
      "DYE886": 1.3373273502696643,
      "CDF": 1.0911943571908134,
      "D0": 1.7772819519042968,
      "ATLAS": 2.4559196600034916,
      "CMS": 3.0232730028105945,
      "LHCb": 3.1280617713928223,
      "total": 2.357811689376831
    }
  },
  "1600": {
    "training_loss": 8200.0,
    "validation_loss": [
      3065.83447265625
    ],
    "validation_chi2s": {
      "DEUTERON": 3.1816649175995027,
      "NMC": 1.9642001881318933,
      "NUCLEAR": 2.03759912109375,
      "HERACOMB": 2.5028951806959765,
      "DYE886": 3.6996706182306465,
      "CDF": 1.2768463407244002,
      "D0": 1.736579704284668,
      "ATLAS": 2.47686665284567,
      "CMS": 3.0850899549034554,
      "LHCb": 2.917351245880127,
      "total": 2.573117256164551
    }
  },
  "1700": {
    "training_loss": 8102.0068359375,
    "validation_loss": [
      3054.83935546875
    ],
    "validation_chi2s": {
      "DEUTERON": 3.121519174148787,
      "NMC": 1.9598967608283548,
      "NUCLEAR": 2.057181396484375,
      "HERACOMB": 2.500185698465584,
      "DYE886": 3.4722636829723013,
      "CDF": 1.2329766409737724,
      "D0": 1.7369318008422852,
      "ATLAS": 2.4848199769771298,
      "CMS": 3.0874544469321648,
      "LHCb": 2.9876718521118164,
      "total": 2.565001964569092
    }
  },
  "1800": {
    "training_loss": 20100.78125,
    "validation_loss": [
      21575.015625
    ],
    "validation_chi2s": {
      "DEUTERON": 78.5772407493781,
      "NMC": 2.3077612484202668,
      "NUCLEAR": 3.638312255859375,
      "HERACOMB": 4.015666886871936,
      "DYE886": 68.41179310191761,
      "CDF": 1.7001443590436662,
      "D0": 2.231166458129883,
      "ATLAS": 6.613509705612779,
      "CMS": 3.7104373094512195,
      "LHCb": 4.654690742492676,
      "total": 18.1020450592041
    }
  },
  "1900": {
    "training_loss": 16001.9296875,
    "validation_loss": [
      40639.828125
    ],
    "validation_chi2s": {
      "DEUTERON": 174.25244869402985,
      "NMC": 2.423277911017923,
      "NUCLEAR": 3.6213125,
      "HERACOMB": 3.919191846660539,
      "DYE886": 63.30125843394887,
      "CDF": 1.7150692258562361,
      "D0": 1.6895463943481446,
      "ATLAS": 6.479440358763966,
      "CMS": 3.6430083484184452,
      "LHCb": 4.350448131561279,
      "total": 34.2265739440918
    }
  },
  "2000": {
    "training_loss": 15044.24609375,
    "validation_loss": [
      14348.84765625
    ],
    "validation_chi2s": {
      "DEUTERON": 45.336408776430346,
      "NMC": 2.4020933263442097,
      "NUCLEAR": 3.402297119140625,
      "HERACOMB": 3.7218635908139297,
      "DYE886": 55.29733553799716,
      "CDF": 1.7474579129900252,
      "D0": 1.6785926818847656,
      "ATLAS": 6.414232307306215,
      "CMS": 3.640579347688008,
      "LHCb": 3.840261459350586,
      "total": 12.014374732971191
    }
  },
  "2100": {
    "training_loss": 14693.3115234375,
    "validation_loss": [
      12407.09375
    ],
    "validation_chi2s": {
      "DEUTERON": 37.38784592661692,
      "NMC": 2.375035454245175,
      "NUCLEAR": 3.166725341796875,
      "HERACOMB": 3.5671215182036358,
      "DYE886": 46.87050559303977,
      "CDF": 1.8637519563947404,
      "D0": 1.8927764892578125,
      "ATLAS": 6.398938738434008,
      "CMS": 3.606366413395579,
      "LHCb": 3.4813482761383057,
      "total": 10.400361061096191
    }
  },
  "2200": {
    "training_loss": 15132.1826171875,
    "validation_loss": [
      13601.2744140625
    ],
    "validation_chi2s": {
      "DEUTERON": 44.57039995335821,
      "NMC": 2.3426580990062043,
      "NUCLEAR": 3.053637939453125,
      "HERACOMB": 3.437899720435049,
      "DYE886": 41.00641424005682,
      "CDF": 1.9534307207380022,
      "D0": 2.1884572982788084,
      "ATLAS": 6.308948367667598,
      "CMS": 3.6284725530360773,
      "LHCb": 3.2692604064941406,
      "total": 11.440688133239746
    }
  },
  "2300": {
    "training_loss": 15449.9482421875,
    "validation_loss": [
      9431.8818359375
    ],
    "validation_chi2s": {
      "DEUTERON": 24.699753187189053,
      "NMC": 2.289505453670726,
      "NUCLEAR": 2.996489990234375,
      "HERACOMB": 3.324578977098652,
      "DYE886": 36.40149480646307,
      "CDF": 2.112593242100307,
      "D0": 2.673094940185547,
      "ATLAS": 6.2679872992318435,
      "CMS": 3.6537718734120936,
      "LHCb": 3.1326942443847656,
      "total": 7.9270453453063965
    }
  },
  "2400": {
    "training_loss": 16718.1455078125,
    "validation_loss": [
      8171.61279296875
    ],
    "validation_chi2s": {
      "DEUTERON": 19.140222957478233,
      "NMC": 2.2359527887082566,
      "NUCLEAR": 2.98213232421875,
      "HERACOMB": 3.2350027046951593,
      "DYE886": 31.838470458984375,
      "CDF": 2.24713066646031,
      "D0": 3.091531753540039,
      "ATLAS": 6.204195672573324,
      "CMS": 3.695967263322536,
      "LHCb": 3.1036932468414307,
      "total": 6.865560531616211
    }
  },
  "2500": {
    "training_loss": 15498.37890625,
    "validation_loss": [
      6035.1884765625
    ],
    "validation_chi2s": {
      "DEUTERON": 8.778456351057214,
      "NMC": 2.200165692497702,
      "NUCLEAR": 3.007041015625,
      "HERACOMB": 3.1892317229626226,
      "DYE886": 30.127810391512785,
      "CDF": 2.304202216012137,
      "D0": 3.3883407592773436,
      "ATLAS": 6.179331518418296,
      "CMS": 3.7138396472465702,
      "LHCb": 3.024090051651001,
      "total": 5.060831546783447
    }
  },
  "2600": {
    "training_loss": 14597.7568359375,
    "validation_loss": [
      5476.2138671875
    ],
    "validation_chi2s": {
      "DEUTERON": 6.1999463133551,
      "NMC": 2.1767552693684897,
      "NUCLEAR": 3.02160009765625,
      "HERACOMB": 3.164859148411969,
      "DYE886": 28.632990056818183,
      "CDF": 2.3001376560756137,
      "D0": 3.5646129608154298,
      "ATLAS": 6.182275527016411,
      "CMS": 3.7197297879350866,
      "LHCb": 2.939584970474243,
      "total": 4.5901312828063965
    }
  },
  "2700": {
    "training_loss": 13809.8857421875,
    "validation_loss": [
      5227.8779296875
    ],
    "validation_chi2s": {
      "DEUTERON": 5.1582717515935945,
      "NMC": 2.1561834297928155,
      "NUCLEAR": 3.03215625,
      "HERACOMB": 3.141100914649714,
      "DYE886": 27.023698286576703,
      "CDF": 2.3098133632114957,
      "D0": 3.8028327941894533,
      "ATLAS": 6.201409878011522,
      "CMS": 3.718955187293572,
      "LHCb": 2.848285436630249,
      "total": 4.380475044250488
    }
  },
  "2800": {
    "training_loss": 12935.248046875,
    "validation_loss": [
      5060.21337890625
    ],
    "validation_chi2s": {
      "DEUTERON": 4.358257844080379,
      "NMC": 2.1401072483436736,
      "NUCLEAR": 3.070779296875,
      "HERACOMB": 3.1148510103911358,
      "DYE886": 26.78175215287642,
      "CDF": 2.289360591343471,
      "D0": 3.9981502532958983,
      "ATLAS": 6.192946790982891,
      "CMS": 3.723073075457317,
      "LHCb": 2.7499098777770996,
      "total": 4.238503456115723
    }
  },
  "2900": {
    "training_loss": 12546.62109375,
    "validation_loss": [
      4973.126953125
    ],
    "validation_chi2s": {
      "DEUTERON": 4.062001698052705,
      "NMC": 2.1290947409237133,
      "NUCLEAR": 3.080915283203125,
      "HERACOMB": 3.103326136769812,
      "DYE886": 26.06026944247159,
      "CDF": 2.2568016052246094,
      "D0": 4.018146896362305,
      "ATLAS": 6.163219601082402,
      "CMS": 3.687162569867886,
      "LHCb": 2.7127585411071777,
      "total": 4.164050102233887
    }
  },
  "3000": {
    "training_loss": 12120.4775390625,
    "validation_loss": [
      4911.09814453125
    ],
    "validation_chi2s": {
      "DEUTERON": 3.7813732849424753,
      "NMC": 2.1234881831150427,
      "NUCLEAR": 3.11899462890625,
      "HERACOMB": 3.0853937685100083,
      "DYE886": 25.92369773171165,
      "CDF": 2.2415225165230885,
      "D0": 4.181254196166992,
      "ATLAS": 6.131603390144902,
      "CMS": 3.6684716697630844,
      "LHCb": 2.651789903640747,
      "total": 4.109817028045654
    }
  },
  "3100": {
    "training_loss": 12001.1572265625,
    "validation_loss": [
      4848.9931640625
    ],
    "validation_chi2s": {
      "DEUTERON": 3.6756904564093595,
      "NMC": 2.122281542011336,
      "NUCLEAR": 3.11933837890625,
      "HERACOMB": 3.0742538551879086,
      "DYE886": 24.87477527965199,
      "CDF": 2.232999529157366,
      "D0": 4.203763580322265,
      "ATLAS": 6.071257010518505,
      "CMS": 3.643877727229421,
      "LHCb": 2.6556339263916016,
      "total": 4.057961463928223
    }
  },
  "3200": {
    "training_loss": 11637.24609375,
    "validation_loss": [
      4825.40869140625
    ],
    "validation_chi2s": {
      "DEUTERON": 3.4901532984491603,
      "NMC": 2.1254649442784928,
      "NUCLEAR": 3.182774658203125,
      "HERACOMB": 3.050468694150837,
      "DYE886": 25.254866166548297,
      "CDF": 2.2556054251534596,
      "D0": 4.594473648071289,
      "ATLAS": 6.0253040164542595,
      "CMS": 3.6282445395865093,
      "LHCb": 2.595884084701538,
      "total": 4.034097671508789
    }
  },
  "3300": {
    "training_loss": 11487.138671875,
    "validation_loss": [
      4769.4033203125
    ],
    "validation_chi2s": {
      "DEUTERON": 3.396686914548352,
      "NMC": 2.1271196253159466,
      "NUCLEAR": 3.18737841796875,
      "HERACOMB": 3.0397420646318425,
      "DYE886": 24.31796819513494,
      "CDF": 2.306669235229492,
      "D0": 4.5168506622314455,
      "ATLAS": 5.957331993060405,
      "CMS": 3.603299768959604,
      "LHCb": 2.5967965126037598,
      "total": 3.985774517059326
    }
  },
  "3400": {
    "training_loss": 11219.3046875,
    "validation_loss": [
      4739.361328125
    ],
    "validation_chi2s": {
      "DEUTERON": 3.251811924265392,
      "NMC": 2.1395333981981466,
      "NUCLEAR": 3.23956494140625,
      "HERACOMB": 3.0279806299147265,
      "DYE886": 24.07208251953125,
      "CDF": 2.3531556810651506,
      "D0": 4.517050933837891,
      "ATLAS": 5.896417543208799,
      "CMS": 3.586002256812119,
      "LHCb": 2.6168274879455566,
      "total": 3.9548580646514893
    }
  },
  "3500": {
    "training_loss": 10866.7900390625,
    "validation_loss": [
      4585.537109375
    ],
    "validation_chi2s": {
      "DEUTERON": 3.342254486843128,
      "NMC": 2.1354002111098347,
      "NUCLEAR": 3.142006591796875,
      "HERACOMB": 2.981998418670854,
      "DYE886": 20.57384560324929,
      "CDF": 2.4142935616629466,
      "D0": 4.621308517456055,
      "ATLAS": 5.618204979923185,
      "CMS": 3.5304664673844006,
      "LHCb": 2.5418756008148193,
      "total": 3.8236031532287598
    }
  },
  "3600": {
    "training_loss": 8608.251953125,
    "validation_loss": [
      3302.43212890625
    ],
    "validation_chi2s": {
      "DEUTERON": 3.5574942062150186,
      "NMC": 2.093670414943321,
      "NUCLEAR": 2.099628173828125,
      "HERACOMB": 2.527428919972937,
      "DYE886": 4.1730873801491475,
      "CDF": 1.2221979413713728,
      "D0": 2.079367828369141,
      "ATLAS": 3.102785930953212,
      "CMS": 2.994587223704268,
      "LHCb": 3.5785303115844727,
      "total": 2.7769150733947754
    }
  },
  "3700": {
    "training_loss": 8268.310546875,
    "validation_loss": [
      3218.82373046875
    ],
    "validation_chi2s": {
      "DEUTERON": 3.895646887632152,
      "NMC": 2.0300610112208948,
      "NUCLEAR": 2.058206787109375,
      "HERACOMB": 2.4642282124438317,
      "DYE886": 2.997170188210227,
      "CDF": 1.2158269882202148,
      "D0": 1.8749622344970702,
      "ATLAS": 2.6721048195268855,
      "CMS": 2.942985472640371,
      "LHCb": 3.560166358947754,
      "total": 2.7117536067962646
    }
  },
  "3800": {
    "training_loss": 8213.9140625,
    "validation_loss": [
      3132.91259765625
    ],
    "validation_chi2s": {
      "DEUTERON": 3.590608055911847,
      "NMC": 2.0499963199391082,
      "NUCLEAR": 2.05590234375,
      "HERACOMB": 2.4491720760569855,
      "DYE886": 2.7449796850031074,
      "CDF": 1.1530688149588448,
      "D0": 1.7288631439208983,
      "ATLAS": 2.599802027867493,
      "CMS": 2.961755768070376,
      "LHCb": 3.4986047744750977,
      "total": 2.6393306255340576
    }
  },
  "3900": {
    "training_loss": 8473.2666015625,
    "validation_loss": [
      3164.750732421875
    ],
    "validation_chi2s": {
      "DEUTERON": 3.8042137943097014,
      "NMC": 2.0151862350164675,
      "NUCLEAR": 2.02673779296875,
      "HERACOMB": 2.4569562525531046,
      "DYE886": 2.457162857055664,
      "CDF": 1.1310771533421107,
      "D0": 1.6638616561889648,
      "ATLAS": 2.555662698585894,
      "CMS": 3.001259656456428,
      "LHCb": 3.7036263942718506,
      "total": 2.6669628620147705
    }
  },
  "4000": {
    "training_loss": 8412.0869140625,
    "validation_loss": [
      3239.1552734375
    ],
    "validation_chi2s": {
      "DEUTERON": 4.197856846140392,
      "NMC": 2.1394120758655024,
      "NUCLEAR": 2.0236064453125,
      "HERACOMB": 2.4484781502119075,
      "DYE886": 2.236519553444602,
      "CDF": 1.1289422171456474,
      "D0": 1.711758804321289,
      "ATLAS": 2.559319693282996,
      "CMS": 2.9688028475133383,
      "LHCb": 3.7941412925720215,
      "total": 2.732372999191284
    }
  },
  "4100": {
    "training_loss": 68344.7861328125,
    "validation_loss": [
      5613.177734375
    ],
    "validation_chi2s": {
      "DEUTERON": 3.088599057932991,
      "NMC": 2.0041571224437043,
      "NUCLEAR": 2.73726806640625,
      "HERACOMB": 2.8877882614634394,
      "DYE886": 45.880285089666195,
      "CDF": 1.9012620108468192,
      "D0": 7.4408317565917965,
      "ATLAS": 6.774757768854749,
      "CMS": 5.9253649207634655,
      "LHCb": 5.636818885803223,
      "total": 4.6655073165893555
    }
  },
  "4200": {
    "training_loss": 348789.80078125,
    "validation_loss": [
      7002.4658203125
    ],
    "validation_chi2s": {
      "DEUTERON": 3.446250194340796,
      "NMC": 1.8674751730526196,
      "NUCLEAR": 5.9449091796875,
      "HERACOMB": 3.1069407743566178,
      "DYE886": 61.29986572265625,
      "CDF": 1.2847636086600167,
      "D0": 3.4565811157226562,
      "ATLAS": 5.340833269684008,
      "CMS": 6.178129862963669,
      "LHCb": 16.15216636657715,
      "total": 5.800028324127197
    }
  },
  "4300": {
    "training_loss": 13831.591796875,
    "validation_loss": [
      4312.70849609375
    ],
    "validation_chi2s": {
      "DEUTERON": 3.364816845946051,
      "NMC": 1.869012570848652,
      "NUCLEAR": 2.721712890625,
      "HERACOMB": 2.772373174530229,
      "DYE886": 21.90686867453835,
      "CDF": 1.3283323560442244,
      "D0": 3.5428600311279297,
      "ATLAS": 4.358362293776187,
      "CMS": 4.361820872237042,
      "LHCb": 3.2728512287139893,
      "total": 3.597360610961914
    }
  },
  "4400": {
    "training_loss": 8142.775390625,
    "validation_loss": [
      3017.85302734375
    ],
    "validation_chi2s": {
      "DEUTERON": 3.2106636009406095,
      "NMC": 1.9995416379442401,
      "NUCLEAR": 2.010553955078125,
      "HERACOMB": 2.4529658298866424,
      "DYE886": 2.4892255609685723,
      "CDF": 1.178281511579241,
      "D0": 1.6463918685913086,
      "ATLAS": 2.547954538015014,
      "CMS": 2.9896369251778454,
      "LHCb": 3.1666512489318848,
      "total": 2.5446088314056396
    }
  },
  "4500": {
    "training_loss": 8127.0517578125,
    "validation_loss": [
      3015.697021484375
    ],
    "validation_chi2s": {
      "DEUTERON": 3.1951351640236316,
      "NMC": 2.000029021618413,
      "NUCLEAR": 1.9927689208984376,
      "HERACOMB": 2.4598402634165644,
      "DYE886": 2.5054005709561435,
      "CDF": 1.1869501386369978,
      "D0": 1.6443429946899415,
      "ATLAS": 2.570010904493279,
      "CMS": 2.9878914685753304,
      "LHCb": 3.12839674949646,
      "total": 2.5424633026123047
    }
  },
  "4600": {
    "training_loss": 8105.84814453125,
    "validation_loss": [
      3101.47021484375
    ],
    "validation_chi2s": {
      "DEUTERON": 3.772609426014459,
      "NMC": 2.10601432650697,
      "NUCLEAR": 1.95278662109375,
      "HERACOMB": 2.4378789764603757,
      "DYE886": 2.0186420787464487,
      "CDF": 1.17079039982387,
      "D0": 1.7143997192382812,
      "ATLAS": 2.506870035352654,
      "CMS": 2.956695556640625,
      "LHCb": 3.4346845149993896,
      "total": 2.618079423904419
    }
  },
  "4700": {
    "training_loss": 8095.73681640625,
    "validation_loss": [
      3061.00927734375
    ],
    "validation_chi2s": {
      "DEUTERON": 3.5884602864583335,
      "NMC": 2.1024141498640474,
      "NUCLEAR": 1.951535888671875,
      "HERACOMB": 2.436184552759906,
      "DYE886": 2.118909315629439,
      "CDF": 1.200011934552874,
      "D0": 1.6991682052612305,
      "ATLAS": 2.5090074592462464,
      "CMS": 2.941384416285569,
      "LHCb": 3.3349978923797607,
      "total": 2.5838191509246826
    }
  },
  "4800": {
    "training_loss": 8205.5,
    "validation_loss": [
      3081.8974609375
    ],
    "validation_chi2s": {
      "DEUTERON": 3.4212221363883706,
      "NMC": 1.9089989755667893,
      "NUCLEAR": 1.998205078125,
      "HERACOMB": 2.538861443014706,
      "DYE886": 2.361919403076172,
      "CDF": 1.4964697701590401,
      "D0": 1.6712974548339843,
      "ATLAS": 2.68210333286051,
      "CMS": 2.9099376647453,
      "LHCb": 2.8689632415771484,
      "total": 2.599867582321167
    }
  },
  "4900": {
    "training_loss": 8094.74072265625,
    "validation_loss": [
      3034.112548828125
    ],
    "validation_chi2s": {
      "DEUTERON": 3.4595479633084576,
      "NMC": 2.040753532858456,
      "NUCLEAR": 1.952789794921875,
      "HERACOMB": 2.4477788389118667,
      "DYE886": 2.24744328585538,
      "CDF": 1.3232639857700892,
      "D0": 1.6790489196777343,
      "ATLAS": 2.549779284599773,
      "CMS": 2.894132288490854,
      "LHCb": 3.1309077739715576,
      "total": 2.561168670654297
    }
  },
  "5000": {
    "training_loss": 8098.08251953125,
    "validation_loss": [
      3046.686767578125
    ],
    "validation_chi2s": {
      "DEUTERON": 3.4959136811061877,
      "NMC": 2.0364391850490198,
      "NUCLEAR": 1.9563876953125,
      "HERACOMB": 2.4474375606362337,
      "DYE886": 2.3084787888960405,
      "CDF": 1.4095897674560547,
      "D0": 1.6746973037719726,
      "ATLAS": 2.60498098021779,
      "CMS": 2.880403844321646,
      "LHCb": 2.994807004928589,
      "total": 2.5727057456970215
    }
  },
  "5100": {
    "training_loss": 8133.94873046875,
    "validation_loss": [
      3039.2314453125
    ],
    "validation_chi2s": {
      "DEUTERON": 3.4358972957478233,
      "NMC": 1.9880038990693933,
      "NUCLEAR": 1.9426319580078124,
      "HERACOMB": 2.4560291564542482,
      "DYE886": 2.3078079223632812,
      "CDF": 1.2310502188546317,
      "D0": 1.6395557403564454,
      "ATLAS": 2.524226694799668,
      "CMS": 2.979221250952744,
      "LHCb": 3.303361654281616,
      "total": 2.56475830078125
    }
  },
  "5200": {
    "training_loss": 8137.5947265625,
    "validation_loss": [
      3046.55078125
    ],
    "validation_chi2s": {
      "DEUTERON": 3.4829022611551617,
      "NMC": 2.061157974542356,
      "NUCLEAR": 1.9466385498046874,
      "HERACOMB": 2.434640323414522,
      "DYE886": 2.462143291126598,
      "CDF": 1.418900489807129,
      "D0": 1.6628358840942383,
      "ATLAS": 2.6209802041506634,
      "CMS": 2.8639662827902694,
      "LHCb": 3.097208023071289,
      "total": 2.572484254837036
    }
  },
  "5300": {
    "training_loss": 8114.88671875,
    "validation_loss": [
      3009.45361328125
    ],
    "validation_chi2s": {
      "DEUTERON": 3.2651777125116603,
      "NMC": 2.0128481995825673,
      "NUCLEAR": 1.94393115234375,
      "HERACOMB": 2.4550310521343954,
      "DYE886": 2.579018159346147,
      "CDF": 1.308737073625837,
      "D0": 1.6264049530029296,
      "ATLAS": 2.563864425573935,
      "CMS": 2.9299472715796493,
      "LHCb": 3.2069077491760254,
      "total": 2.5404555797576904
    }
  },
  "5400": {
    "training_loss": 8099.7880859375,
    "validation_loss": [
      3075.0625
    ],
    "validation_chi2s": {
      "DEUTERON": 3.7074691241060322,
      "NMC": 2.165826535692402,
      "NUCLEAR": 1.92549267578125,
      "HERACOMB": 2.4236226798662175,
      "DYE886": 2.197954004461115,
      "CDF": 1.2066309792654855,
      "D0": 1.7183036804199219,
      "ATLAS": 2.5050045418339733,
      "CMS": 2.9300378318724594,
      "LHCb": 3.298203706741333,
      "total": 2.5969326496124268
    }
  },
  "5500": {
    "training_loss": 8103.6318359375,
    "validation_loss": [
      3106.84814453125
    ],
    "validation_chi2s": {
      "DEUTERON": 3.8602847578513684,
      "NMC": 2.0482134351543353,
      "NUCLEAR": 1.9376798095703125,
      "HERACOMB": 2.4531295876097836,
      "DYE886": 2.0651076923717153,
      "CDF": 1.353811808994838,
      "D0": 1.6868188858032227,
      "ATLAS": 2.5429233998559706,
      "CMS": 2.8757929608104673,
      "LHCb": 3.2237625122070312,
      "total": 2.6242990493774414
    }
  },
  "5600": {
    "training_loss": 8111.31884765625,
    "validation_loss": [
      3010.266845703125
    ],
    "validation_chi2s": {
      "DEUTERON": 3.2356515761038556,
      "NMC": 1.994073606004902,
      "NUCLEAR": 1.948236328125,
      "HERACOMB": 2.448849946065666,
      "DYE886": 2.733007951216264,
      "CDF": 1.3227034977504186,
      "D0": 1.623532485961914,
      "ATLAS": 2.6053183784697973,
      "CMS": 2.938374589129192,
      "LHCb": 3.1124627590179443,
      "total": 2.5414586067199707
    }
  },
  "5700": {
    "training_loss": 8102.0791015625,
    "validation_loss": [
      3045.07958984375
    ],
    "validation_chi2s": {
      "DEUTERON": 3.533704767179726,
      "NMC": 2.2129236857096353,
      "NUCLEAR": 1.9318367919921875,
      "HERACOMB": 2.4217764661203023,
      "DYE886": 2.4017791748046875,
      "CDF": 1.1922597885131836,
      "D0": 1.7012720108032227,
      "ATLAS": 2.515992574851606,
      "CMS": 2.926616885797764,
      "LHCb": 3.165968894958496,
      "total": 2.5715510845184326
    }
  },
  "5800": {
    "training_loss": 8113.12939453125,
    "validation_loss": [
      2995.95849609375
    ],
    "validation_chi2s": {
      "DEUTERON": 3.2110392252604165,
      "NMC": 1.99591064453125,
      "NUCLEAR": 1.950056640625,
      "HERACOMB": 2.4577501085069446,
      "DYE886": 2.5148837349631568,
      "CDF": 1.350853511265346,
      "D0": 1.6207111358642579,
      "ATLAS": 2.5616663075026187,
      "CMS": 2.926675687960493,
      "LHCb": 3.154644250869751,
      "total": 2.529428243637085
    }
  },
  "5900": {
    "training_loss": 8110.8642578125,
    "validation_loss": [
      3186.01708984375
    ],
    "validation_chi2s": {
      "DEUTERON": 4.249727619228079,
      "NMC": 2.052878136728324,
      "NUCLEAR": 1.9397550048828125,
      "HERACOMB": 2.459096871170343,
      "DYE886": 1.9925892569802024,
      "CDF": 1.2973338535853796,
      "D0": 1.6867700576782227,
      "ATLAS": 2.5191914648983067,
      "CMS": 2.8936846973450203,
      "LHCb": 3.31853985786438,
      "total": 2.691915512084961
    }
  },
  "6000": {
    "training_loss": 8141.34130859375,
    "validation_loss": [
      3008.0537109375
    ],
    "validation_chi2s": {
      "DEUTERON": 3.31610107421875,
      "NMC": 2.0290486952837776,
      "NUCLEAR": 1.9431845703125,
      "HERACOMB": 2.447283975439134,
      "DYE886": 2.371867613358931,
      "CDF": 1.2746384484427316,
      "D0": 1.6244449615478516,
      "ATLAS": 2.538883656762832,
      "CMS": 2.9299472715796493,
      "LHCb": 3.2307021617889404,
      "total": 2.540437936782837
    }
  },
  "6100": {
    "training_loss": 8129.0712890625,
    "validation_loss": [
      3000.80908203125
    ],
    "validation_chi2s": {
      "DEUTERON": 3.2565811688627178,
      "NMC": 2.0192562926049327,
      "NUCLEAR": 1.947015380859375,
      "HERACOMB": 2.448013205933415,
      "DYE886": 2.5822478207674893,
      "CDF": 1.246413094656808,
      "D0": 1.6266250610351562,
      "ATLAS": 2.557521031555517,
      "CMS": 2.935612376143293,
      "LHCb": 3.0853188037872314,
      "total": 2.534130573272705
    }
  },
  "6200": {
    "training_loss": 8176.125,
    "validation_loss": [
      3103.98828125
    ],
    "validation_chi2s": {
      "DEUTERON": 3.850624805659204,
      "NMC": 2.1090265909830728,
      "NUCLEAR": 1.9430135498046874,
      "HERACOMB": 2.424734277662888,
      "DYE886": 2.2623245932839136,
      "CDF": 1.3413054602486747,
      "D0": 1.6840679168701171,
      "ATLAS": 2.5957817205503666,
      "CMS": 2.8479237130017783,
      "LHCb": 3.0411481857299805,
      "total": 2.6227903366088867
    }
  },
  "6300": {
    "training_loss": 8142.58349609375,
    "validation_loss": [
      3009.0908203125
    ],
    "validation_chi2s": {
      "DEUTERON": 3.2876881461831466,
      "NMC": 1.9990760952818627,
      "NUCLEAR": 1.94255615234375,
      "HERACOMB": 2.465765460643893,
      "DYE886": 2.441017671064897,
      "CDF": 1.2509054456438338,
      "D0": 1.6247575759887696,
      "ATLAS": 2.5546114617885824,
      "CMS": 2.9169251976943595,
      "LHCb": 3.2395524978637695,
      "total": 2.5413806438446045
    }
  },
  "6400": {
    "training_loss": 8150.11767578125,
    "validation_loss": [
      3010.12451171875
    ],
    "validation_chi2s": {
      "DEUTERON": 3.2998982140080844,
      "NMC": 2.0056744743795956,
      "NUCLEAR": 1.94406005859375,
      "HERACOMB": 2.4567131092345793,
      "DYE886": 2.4120216369628906,
      "CDF": 1.2977251325334822,
      "D0": 1.6329004287719726,
      "ATLAS": 2.579861262657123,
      "CMS": 2.9123577335016515,
      "LHCb": 3.158247709274292,
      "total": 2.5426712036132812
    }
  },
  "6500": {
    "training_loss": 8193.50830078125,
    "validation_loss": [
      3033.60205078125
    ],
    "validation_chi2s": {
      "DEUTERON": 3.4562456880635883,
      "NMC": 2.000476313572304,
      "NUCLEAR": 1.94724365234375,
      "HERACOMB": 2.4695243087469363,
      "DYE886": 2.294420589100231,
      "CDF": 1.2276172637939453,
      "D0": 1.6393068313598633,
      "ATLAS": 2.5354871696600036,
      "CMS": 2.908667587652439,
      "LHCb": 3.130429983139038,
      "total": 2.562633991241455
    }
  },
  "6600": {
    "training_loss": 8246.822265625,
    "validation_loss": [
      3034.795166015625
    ],
    "validation_chi2s": {
      "DEUTERON": 3.41798241458722,
      "NMC": 1.9850670309627758,
      "NUCLEAR": 1.949499267578125,
      "HERACOMB": 2.4783738080193016,
      "DYE886": 2.3821130232377485,
      "CDF": 1.2974684579031808,
      "D0": 1.645547103881836,
      "ATLAS": 2.588022924668296,
      "CMS": 2.8802676317168445,
      "LHCb": 3.07734751701355,
      "total": 2.5638937950134277
    }
  },
  "6700": {
    "training_loss": 8159.7255859375,
    "validation_loss": [
      3308.8857421875
    ],
    "validation_chi2s": {
      "DEUTERON": 4.903779746288091,
      "NMC": 2.053886712766161,
      "NUCLEAR": 1.93978125,
      "HERACOMB": 2.4574716605392157,
      "DYE886": 1.9369697570800781,
      "CDF": 1.217475754874093,
      "D0": 1.6904718399047851,
      "ATLAS": 2.506863727249913,
      "CMS": 2.886278850276296,
      "LHCb": 3.2485733032226562,
      "total": 2.7968459129333496
    }
  },
  "6800": {
    "training_loss": 8204.7255859375,
    "validation_loss": [
      3094.662109375
    ],
    "validation_chi2s": {
      "DEUTERON": 3.826681108617071,
      "NMC": 2.073024076573989,
      "NUCLEAR": 1.9316929931640625,
      "HERACOMB": 2.4495416778364993,
      "DYE886": 2.0642095045609907,
      "CDF": 1.1036346980503626,
      "D0": 1.6787757873535156,
      "ATLAS": 2.4884982828321403,
      "CMS": 2.9215713128810976,
      "LHCb": 3.3178327083587646,
      "total": 2.6149542331695557
    }
  },
  "6900": {
    "training_loss": 8180.6220703125,
    "validation_loss": [
      2999.082763671875
    ],
    "validation_chi2s": {
      "DEUTERON": 3.2606128294076493,
      "NMC": 2.0259350047392,
      "NUCLEAR": 1.9388668212890625,
      "HERACOMB": 2.454199099073223,
      "DYE886": 2.378740657459606,
      "CDF": 1.2188694817679269,
      "D0": 1.6319219589233398,
      "ATLAS": 2.5602064079412536,
      "CMS": 2.904234103071011,
      "LHCb": 3.277026653289795,
      "total": 2.5334067344665527
    }
  },
  "7000": {
    "training_loss": 8455.3955078125,
    "validation_loss": [
      3137.52783203125
    ],
    "validation_chi2s": {
      "DEUTERON": 3.9940085339902054,
      "NMC": 2.014908884085861,
      "NUCLEAR": 1.9485296630859374,
      "HERACOMB": 2.4616826873978757,
      "DYE886": 2.1980006478049536,
      "CDF": 1.247826439993722,
      "D0": 1.6668012619018555,
      "ATLAS": 2.5948339707358588,
      "CMS": 2.8614171966304625,
      "LHCb": 2.9840171337127686,
      "total": 2.6516852378845215
    }
  },
  "7100": {
    "training_loss": 8206.3173828125,
    "validation_loss": [
      3295.21826171875
    ],
    "validation_chi2s": {
      "DEUTERON": 4.826538389594994,
      "NMC": 2.030199836282169,
      "NUCLEAR": 1.937127197265625,
      "HERACOMB": 2.4615558300142975,
      "DYE886": 1.9608624198219993,
      "CDF": 1.2174415588378906,
      "D0": 1.6674705505371095,
      "ATLAS": 2.532224857607367,
      "CMS": 2.8720400430322663,
      "LHCb": 3.2375504970550537,
      "total": 2.7854859828948975
    }
  },
  "7200": {
    "training_loss": 8213.89453125,
    "validation_loss": [
      3164.46142578125
    ],
    "validation_chi2s": {
      "DEUTERON": 4.181902681417133,
      "NMC": 2.1280388925589766,
      "NUCLEAR": 1.9308629150390626,
      "HERACOMB": 2.4427286783854165,
      "DYE886": 2.0369522788307886,
      "CDF": 1.1121673583984375,
      "D0": 1.7120248794555664,
      "ATLAS": 2.52297530360728,
      "CMS": 2.8865063675050813,
      "LHCb": 3.216984510421753,
      "total": 2.674511671066284
    }
  },
  "7300": {
    "training_loss": 8224.244140625,
    "validation_loss": [
      3419.0078125
    ],
    "validation_chi2s": {
      "DEUTERON": 5.451230177238806,
      "NMC": 2.0514177808574603,
      "NUCLEAR": 1.9354691162109374,
      "HERACOMB": 2.453997643165339,
      "DYE886": 1.9320585077459163,
      "CDF": 1.1865476880754744,
      "D0": 1.6913629531860352,
      "ATLAS": 2.540339294092615,
      "CMS": 2.876987612344385,
      "LHCb": 3.198066234588623,
      "total": 2.8905699253082275
    }
  },
  "7400": {
    "training_loss": 8236.7861328125,
    "validation_loss": [
      3106.86376953125
    ],
    "validation_chi2s": {
      "DEUTERON": 3.797062660331157,
      "NMC": 2.021313237208946,
      "NUCLEAR": 1.937735107421875,
      "HERACOMB": 2.4539068882761437,
      "DYE886": 2.234552036632191,
      "CDF": 1.2575664520263672,
      "D0": 1.6534688949584961,
      "ATLAS": 2.6175344456507506,
      "CMS": 2.871471125905107,
      "LHCb": 3.2265188694000244,
      "total": 2.6258270740509033
    }
  },
  "7500": {
    "training_loss": 8247.998046875,
    "validation_loss": [
      3422.53369140625
    ],
    "validation_chi2s": {
      "DEUTERON": 5.459750806514304,
      "NMC": 2.05939468682981,
      "NUCLEAR": 1.9359566650390625,
      "HERACOMB": 2.453161700878268,
      "DYE886": 1.9259418140758167,
      "CDF": 1.1972638538905553,
      "D0": 1.6844085693359374,
      "ATLAS": 2.544146830809183,
      "CMS": 2.8625024314818344,
      "LHCb": 3.2895259857177734,
      "total": 2.893688678741455
    }
  },
  "7600": {
    "training_loss": 8265.1650390625,
    "validation_loss": [
      3125.6640625
    ],
    "validation_chi2s": {
      "DEUTERON": 3.973398388914801,
      "NMC": 2.057253968481924,
      "NUCLEAR": 1.9357646484375,
      "HERACOMB": 2.4534381542330475,
      "DYE886": 2.0226180336692114,
      "CDF": 1.1489828654697962,
      "D0": 1.6873043060302735,
      "ATLAS": 2.5329281258183483,
      "CMS": 2.8876987860454775,
      "LHCb": 3.241119623184204,
      "total": 2.6418092250823975
    }
  },
  "7700": {
    "training_loss": 8282.3759765625,
    "validation_loss": [
      3271.283203125
    ],
    "validation_chi2s": {
      "DEUTERON": 4.674542631082867,
      "NMC": 2.1357858695235907,
      "NUCLEAR": 1.9353392333984376,
      "HERACOMB": 2.4489024043862337,
      "DYE886": 2.1538522893732246,
      "CDF": 1.1298016820635115,
      "D0": 1.7303171157836914,
      "ATLAS": 2.5810026882747032,
      "CMS": 2.862711836652058,
      "LHCb": 3.051528215408325,
      "total": 2.7655086517333984
    }
  },
  "7800": {
    "training_loss": 7851.623046875,
    "validation_loss": [
      2765.41162109375
    ],
    "validation_chi2s": {
      "DEUTERON": 2.305712495870258,
      "NMC": 2.120686549766391,
      "NUCLEAR": 1.9209150390625,
      "HERACOMB": 2.442013210720486,
      "DYE886": 1.580879731611772,
      "CDF": 1.2879328046526228,
      "D0": 1.7309749603271485,
      "ATLAS": 2.52374267578125,
      "CMS": 2.904397855929243,
      "LHCb": 2.9947268962860107,
      "total": 2.3412487506866455
    }
  },
  "7900": {
    "training_loss": 7805.43701171875,
    "validation_loss": [
      2756.56005859375
    ],
    "validation_chi2s": {
      "DEUTERON": 2.2954468988067473,
      "NMC": 2.1067649990904567,
      "NUCLEAR": 1.929363037109375,
      "HERACOMB": 2.4318189433976714,
      "DYE886": 1.4661284360018643,
      "CDF": 1.167344229561942,
      "D0": 1.731794548034668,
      "ATLAS": 2.50549265259471,
      "CMS": 2.901388276883257,
      "LHCb": 3.0625839233398438,
      "total": 2.333961248397827
    }
  },
  "8000": {
    "training_loss": 7795.53173828125,
    "validation_loss": [
      2759.50732421875
    ],
    "validation_chi2s": {
      "DEUTERON": 2.311430518306903,
      "NMC": 2.0873896280924478,
      "NUCLEAR": 1.9380052490234374,
      "HERACOMB": 2.437884760837929,
      "DYE886": 1.3993581425059924,
      "CDF": 1.1096687316894531,
      "D0": 1.7471321105957032,
      "ATLAS": 2.493202081605709,
      "CMS": 2.9095739349117125,
      "LHCb": 3.0522944927215576,
      "total": 2.336500883102417
    }
  },
  "8100": {
    "training_loss": 7876.6572265625,
    "validation_loss": [
      2758.646484375
    ],
    "validation_chi2s": {
      "DEUTERON": 2.207536232412158,
      "NMC": 1.96993584726371,
      "NUCLEAR": 1.9545186767578124,
      "HERACOMB": 2.4773904638352735,
      "DYE886": 1.4201554385098545,
      "CDF": 1.307563236781529,
      "D0": 1.660790252685547,
      "ATLAS": 2.6062115717200594,
      "CMS": 2.857349178655361,
      "LHCb": 2.8763229846954346,
      "total": 2.335228443145752
    }
  },
  "8200": {
    "training_loss": 7776.6748046875,
    "validation_loss": [
      2758.2431640625
    ],
    "validation_chi2s": {
      "DEUTERON": 2.2425989559040733,
      "NMC": 2.0433783437691484,
      "NUCLEAR": 1.9446143798828126,
      "HERACOMB": 2.4714546951593137,
      "DYE886": 1.3417033282193271,
      "CDF": 1.227395466395787,
      "D0": 1.709819221496582,
      "ATLAS": 2.5676966832336765,
      "CMS": 2.8520438341590446,
      "LHCb": 2.9697654247283936,
      "total": 2.3353536128997803
    }
  },
  "8300": {
    "training_loss": 7768.0458984375,
    "validation_loss": [
      2753.59228515625
    ],
    "validation_chi2s": {
      "DEUTERON": 2.2700854249261506,
      "NMC": 2.0412346335018383,
      "NUCLEAR": 1.944009521484375,
      "HERACOMB": 2.4560716417100696,
      "DYE886": 1.3183657906272195,
      "CDF": 1.1968992778233118,
      "D0": 1.728133773803711,
      "ATLAS": 2.5181830209060756,
      "CMS": 2.8723082503652186,
      "LHCb": 3.028316020965576,
      "total": 2.331557035446167
    }
  },
  "8400": {
    "training_loss": 7776.53173828125,
    "validation_loss": [
      2756.29345703125
    ],
    "validation_chi2s": {
      "DEUTERON": 2.259216156765003,
      "NMC": 1.9821237302293964,
      "NUCLEAR": 1.9437130126953126,
      "HERACOMB": 2.4645521375868054,
      "DYE886": 1.3821346109563655,
      "CDF": 1.159365245274135,
      "D0": 1.6349424362182616,
      "ATLAS": 2.493741509634689,
      "CMS": 2.937380658901804,
      "LHCb": 3.0595474243164062,
      "total": 2.3333845138549805
    }
  },
  "8500": {
    "training_loss": 7797.2529296875,
    "validation_loss": [
      2748.8896484375
    ],
    "validation_chi2s": {
      "DEUTERON": 2.2698664878731343,
      "NMC": 2.0559643016142,
      "NUCLEAR": 1.9492391357421874,
      "HERACOMB": 2.439007329005821,
      "DYE886": 1.3440203233198686,
      "CDF": 1.1697741917201452,
      "D0": 1.667993927001953,
      "ATLAS": 2.505988435372294,
      "CMS": 2.890535680259146,
      "LHCb": 2.9869167804718018,
      "total": 2.327577829360962
    }
  },
  "8600": {
    "training_loss": 7757.3427734375,
    "validation_loss": [
      2749.41650390625
    ],
    "validation_chi2s": {
      "DEUTERON": 2.244355614505597,
      "NMC": 2.062092051786535,
      "NUCLEAR": 1.9389512939453124,
      "HERACOMB": 2.462685977711397,
      "DYE886": 1.2811750932173296,
      "CDF": 1.2100578035627092,
      "D0": 1.729659652709961,
      "ATLAS": 2.4979115065249653,
      "CMS": 2.892564230818089,
      "LHCb": 3.060703992843628,
      "total": 2.3280348777770996
    }
  },
  "8700": {
    "training_loss": 7767.21044921875,
    "validation_loss": [
      2749.919189453125
    ],
    "validation_chi2s": {
      "DEUTERON": 2.2838684385688746,
      "NMC": 2.1070754107306984,
      "NUCLEAR": 1.9376932373046876,
      "HERACOMB": 2.4323417314516953,
      "DYE886": 1.3447107835249468,
      "CDF": 1.1350720269339425,
      "D0": 1.666444969177246,
      "ATLAS": 2.4697804371071927,
      "CMS": 2.9280856993140243,
      "LHCb": 3.069631576538086,
      "total": 2.3284549713134766
    }
  },
  "8800": {
    "training_loss": 7762.94287109375,
    "validation_loss": [
      2747.260498046875
    ],
    "validation_chi2s": {
      "DEUTERON": 2.2800007530705844,
      "NMC": 2.1071002436619177,
      "NUCLEAR": 1.9398345947265625,
      "HERACOMB": 2.4325547561146856,
      "DYE886": 1.3278458335182883,
      "CDF": 1.1275758743286133,
      "D0": 1.6782676696777343,
      "ATLAS": 2.4682068212072275,
      "CMS": 2.9210723628842734,
      "LHCb": 3.037574529647827,
      "total": 2.3262104988098145
    }
  },
  "8900": {
    "training_loss": 7764.56494140625,
    "validation_loss": [
      2745.6005859375
    ],
    "validation_chi2s": {
      "DEUTERON": 2.233956256316076,
      "NMC": 2.0131246529373468,
      "NUCLEAR": 1.945225830078125,
      "HERACOMB": 2.4503131941253065,
      "DYE886": 1.34968055378307,
      "CDF": 1.2131124223981584,
      "D0": 1.6175958633422851,
      "ATLAS": 2.5001109885103876,
      "CMS": 2.9168056084857725,
      "LHCb": 3.0354957580566406,
      "total": 2.3247931003570557
    }
  },
  "9000": {
    "training_loss": 7759.23681640625,
    "validation_loss": [
      2753.754638671875
    ],
    "validation_chi2s": {
      "DEUTERON": 2.264339314171331,
      "NMC": 2.0803925757314645,
      "NUCLEAR": 1.94283349609375,
      "HERACOMB": 2.4588309892641953,
      "DYE886": 1.2921258752996272,
      "CDF": 1.1863839285714286,
      "D0": 1.6808237075805663,
      "ATLAS": 2.516257003698935,
      "CMS": 2.8805899271150914,
      "LHCb": 3.0046379566192627,
      "total": 2.3317134380340576
    }
  },
  "9100": {
    "training_loss": 7758.0537109375,
    "validation_loss": [
      2752.9169921875
    ],
    "validation_chi2s": {
      "DEUTERON": 2.2405800890566696,
      "NMC": 1.9992328718596815,
      "NUCLEAR": 1.948112060546875,
      "HERACOMB": 2.4594182033164826,
      "DYE886": 1.3415890606966885,
      "CDF": 1.2106242861066545,
      "D0": 1.6090167999267577,
      "ATLAS": 2.507318592604312,
      "CMS": 2.933377893959604,
      "LHCb": 3.0354161262512207,
      "total": 2.330868721008301
    }
  },
  "9200": {
    "training_loss": 7748.24072265625,
    "validation_loss": [
      2747.2236328125
    ],
    "validation_chi2s": {
      "DEUTERON": 2.253152116614195,
      "NMC": 2.0629803526635264,
      "NUCLEAR": 1.94540087890625,
      "HERACOMB": 2.46057168798509,
      "DYE886": 1.3055083534934304,
      "CDF": 1.1189354487827845,
      "D0": 1.642354393005371,
      "ATLAS": 2.461937078550541,
      "CMS": 2.9326720198964686,
      "LHCb": 2.983076572418213,
      "total": 2.3261828422546387
    }
  },
  "9300": {
    "training_loss": 7781.4736328125,
    "validation_loss": [
      2745.95751953125
    ],
    "validation_chi2s": {
      "DEUTERON": 2.2690747009581003,
      "NMC": 2.1043547088024663,
      "NUCLEAR": 1.940281982421875,
      "HERACOMB": 2.4330093284058414,
      "DYE886": 1.3226140629161487,
      "CDF": 1.0983670098440987,
      "D0": 1.6267669677734375,
      "ATLAS": 2.4657734279526013,
      "CMS": 2.9353779118235517,
      "LHCb": 3.0469248294830322,
      "total": 2.3251125812530518
    }
  },
  "9400": {
    "training_loss": 7753.37060546875,
    "validation_loss": [
      2751.212890625
    ],
    "validation_chi2s": {
      "DEUTERON": 2.2344465113397853,
      "NMC": 2.0136388142903647,
      "NUCLEAR": 1.949450927734375,
      "HERACOMB": 2.449994056053411,
      "DYE886": 1.3781123594804243,
      "CDF": 1.169273512704032,
      "D0": 1.6172096252441406,
      "ATLAS": 2.5015717405180693,
      "CMS": 2.945297365266133,
      "LHCb": 3.049924373626709,
      "total": 2.329556465148926
    }
  },
  "9500": {
    "training_loss": 7751.2919921875,
    "validation_loss": [
      2755.25537109375
    ],
    "validation_chi2s": {
      "DEUTERON": 2.220003801791822,
      "NMC": 2.0154749552408853,
      "NUCLEAR": 1.9517069091796875,
      "HERACOMB": 2.46577383801828,
      "DYE886": 1.373164263638583,
      "CDF": 1.2228130613054549,
      "D0": 1.631218719482422,
      "ATLAS": 2.542669370853701,
      "CMS": 2.9064871935340446,
      "LHCb": 3.002328634262085,
      "total": 2.3329849243164062
    }
  },
  "9600": {
    "training_loss": 7751.578125,
    "validation_loss": [
      2751.017578125
    ],
    "validation_chi2s": {
      "DEUTERON": 2.2350333294465172,
      "NMC": 2.026210710114124,
      "NUCLEAR": 1.9403948974609375,
      "HERACOMB": 2.444409339256536,
      "DYE886": 1.3129725022749468,
      "CDF": 1.204000745500837,
      "D0": 1.6265220642089844,
      "ATLAS": 2.5254069919692737,
      "CMS": 2.911761524231453,
      "LHCb": 3.1741297245025635,
      "total": 2.3293919563293457
    }
  },
  "9700": {
    "training_loss": 7745.24462890625,
    "validation_loss": [
      2746.96240234375
    ],
    "validation_chi2s": {
      "DEUTERON": 2.267163328863495,
      "NMC": 2.090089386584712,
      "NUCLEAR": 1.9484476318359376,
      "HERACOMB": 2.4367015564363768,
      "DYE886": 1.3248749646273525,
      "CDF": 1.0958599363054549,
      "D0": 1.6309869766235352,
      "ATLAS": 2.426116261402322,
      "CMS": 2.9919426150438264,
      "LHCb": 3.016043186187744,
      "total": 2.325962781906128
    }
  },
  "9800": {
    "training_loss": 7751.87890625,
    "validation_loss": [
      2743.013427734375
    ],
    "validation_chi2s": {
      "DEUTERON": 2.242114014886505,
      "NMC": 2.044392006070006,
      "NUCLEAR": 1.94454345703125,
      "HERACOMB": 2.4514936060687296,
      "DYE886": 1.272890871221369,
      "CDF": 1.130232810974121,
      "D0": 1.6380626678466796,
      "ATLAS": 2.466590242012919,
      "CMS": 2.921147044112043,
      "LHCb": 3.083287239074707,
      "total": 2.322610855102539
    }
  },
  "9900": {
    "training_loss": 7778.87890625,
    "validation_loss": [
      2742.290283203125
    ],
    "validation_chi2s": {
      "DEUTERON": 2.261427390634717,
      "NMC": 2.081508711272595,
      "NUCLEAR": 1.939902099609375,
      "HERACOMB": 2.424304239111009,
      "DYE886": 1.3296945745294744,
      "CDF": 1.0941845348903112,
      "D0": 1.6197778701782226,
      "ATLAS": 2.4819555868649616,
      "CMS": 2.926427825679624,
      "LHCb": 3.0450353622436523,
      "total": 2.3220057487487793
    }
  },
  "10000": {
    "training_loss": 7745.8095703125,
    "validation_loss": [
      2750.19970703125
    ],
    "validation_chi2s": {
      "DEUTERON": 2.228938316231343,
      "NMC": 1.993864470837163,
      "NUCLEAR": 1.945512939453125,
      "HERACOMB": 2.450675016914318,
      "DYE886": 1.3791500438343396,
      "CDF": 1.1575967243739538,
      "D0": 1.6275728225708008,
      "ATLAS": 2.5214311823498603,
      "CMS": 2.9333118965955283,
      "LHCb": 3.0423288345336914,
      "total": 2.3287017345428467
    }
  },
  "10100": {
    "training_loss": 7759.53662109375,
    "validation_loss": [
      2745.09326171875
    ],
    "validation_chi2s": {
      "DEUTERON": 2.269589552238806,
      "NMC": 2.1269354726753984,
      "NUCLEAR": 1.939387451171875,
      "HERACOMB": 2.431560042636846,
      "DYE886": 1.2918577194213867,
      "CDF": 1.0969266891479492,
      "D0": 1.6752668380737306,
      "ATLAS": 2.4828337770600557,
      "CMS": 2.9202955292492376,
      "LHCb": 2.970299243927002,
      "total": 2.324378252029419
    }
  },
  "10200": {
    "training_loss": 7751.35693359375,
    "validation_loss": [
      2748.49755859375
    ],
    "validation_chi2s": {
      "DEUTERON": 2.229516024613262,
      "NMC": 1.9667382333792893,
      "NUCLEAR": 1.9420301513671876,
      "HERACOMB": 2.458761576733558,
      "DYE886": 1.40099759535356,
      "CDF": 1.110635484967913,
      "D0": 1.6170480728149415,
      "ATLAS": 2.4879880084671786,
      "CMS": 2.9484935233263467,
      "LHCb": 3.102736711502075,
      "total": 2.3271753787994385
    }
  },
  "10300": {
    "training_loss": 7749.830078125,
    "validation_loss": [
      2742.103759765625
    ],
    "validation_chi2s": {
      "DEUTERON": 2.237028359180659,
      "NMC": 2.050274867637485,
      "NUCLEAR": 1.942568603515625,
      "HERACOMB": 2.45491037805096,
      "DYE886": 1.275084668939764,
      "CDF": 1.1547019141060966,
      "D0": 1.6454679489135742,
      "ATLAS": 2.507012223398219,
      "CMS": 2.880812730246443,
      "LHCb": 2.9802417755126953,
      "total": 2.3218493461608887
    }
  },
  "10400": {
    "training_loss": 7774.74609375,
    "validation_loss": [
      2739.6435546875
    ],
    "validation_chi2s": {
      "DEUTERON": 2.2441344000213777,
      "NMC": 2.0552532719630823,
      "NUCLEAR": 1.941462646484375,
      "HERACOMB": 2.434494118285335,
      "DYE886": 1.340642668984153,
      "CDF": 1.1365513120378767,
      "D0": 1.6255914688110351,
      "ATLAS": 2.495358770786051,
      "CMS": 2.904218720226753,
      "LHCb": 2.9949982166290283,
      "total": 2.319766044616699
    }
  },
  "10500": {
    "training_loss": 7744.9365234375,
    "validation_loss": [
      2747.26416015625
    ],
    "validation_chi2s": {
      "DEUTERON": 2.2801161429182213,
      "NMC": 2.029935500201057,
      "NUCLEAR": 1.9388900146484376,
      "HERACOMB": 2.4653272441789214,
      "DYE886": 1.2755700891668147,
      "CDF": 1.0969814573015486,
      "D0": 1.6441818237304688,
      "ATLAS": 2.4638064933222767,
      "CMS": 2.9290977415999744,
      "LHCb": 2.9011781215667725,
      "total": 2.326218366622925
    }
  },
  "10600": {
    "training_loss": 7734.75634765625,
    "validation_loss": [
      2743.85791015625
    ],
    "validation_chi2s": {
      "DEUTERON": 2.2599936717778295,
      "NMC": 2.0106133853687957,
      "NUCLEAR": 1.9391527099609376,
      "HERACOMB": 2.433346816916871,
      "DYE886": 1.2954566261985085,
      "CDF": 1.1097437313624792,
      "D0": 1.6190198898315429,
      "ATLAS": 2.4872789436212464,
      "CMS": 2.9389147254509655,
      "LHCb": 3.0780553817749023,
      "total": 2.3233344554901123
    }
  },
  "10700": {
    "training_loss": 7741.86962890625,
    "validation_loss": [
      2745.59814453125
    ],
    "validation_chi2s": {
      "DEUTERON": 2.2769465659981343,
      "NMC": 2.0230647068397674,
      "NUCLEAR": 1.940561279296875,
      "HERACOMB": 2.4652749853196485,
      "DYE886": 1.2681075009432705,
      "CDF": 1.116274288722447,
      "D0": 1.6510128021240233,
      "ATLAS": 2.4682835413756985,
      "CMS": 2.9180808958968494,
      "LHCb": 2.8833467960357666,
      "total": 2.3248038291931152
    }
  },
  "10800": {
    "training_loss": 7733.884765625,
    "validation_loss": [
      2743.09033203125
    ],
    "validation_chi2s": {
      "DEUTERON": 2.227580511747901,
      "NMC": 2.0054256962794885,
      "NUCLEAR": 1.94996826171875,
      "HERACOMB": 2.475652757033803,
      "DYE886": 1.256849549033425,
      "CDF": 1.1934550149100167,
      "D0": 1.6444787979125977,
      "ATLAS": 2.5036904105927027,
      "CMS": 2.8705811539316564,
      "LHCb": 2.948007345199585,
      "total": 2.3226842880249023
    }
  },
  "10900": {
    "training_loss": 7759.14404296875,
    "validation_loss": [
      2749.681396484375
    ],
    "validation_chi2s": {
      "DEUTERON": 2.236062272864195,
      "NMC": 2.0677313711128984,
      "NUCLEAR": 1.9510938720703126,
      "HERACOMB": 2.460335924734477,
      "DYE886": 1.2677464918656782,
      "CDF": 1.2007390430995397,
      "D0": 1.6713048934936523,
      "ATLAS": 2.559994319297748,
      "CMS": 2.854541561467861,
      "LHCb": 2.8683128356933594,
      "total": 2.3282651901245117
    }
  },
  "11000": {
    "training_loss": 7738.92822265625,
    "validation_loss": [
      2749.33740234375
    ],
    "validation_chi2s": {
      "DEUTERON": 2.247448973394745,
      "NMC": 2.0527064005533853,
      "NUCLEAR": 1.943478271484375,
      "HERACOMB": 2.4700269512101714,
      "DYE886": 1.2618471492420544,
      "CDF": 1.1717769077845983,
      "D0": 1.666278076171875,
      "ATLAS": 2.5121964609156775,
      "CMS": 2.8796456189659554,
      "LHCb": 2.9594783782958984,
      "total": 2.3279693126678467
    }
  },
  "11100": {
    "training_loss": 7784.650390625,
    "validation_loss": [
      2754.57373046875
    ],
    "validation_chi2s": {
      "DEUTERON": 2.294821516198305,
      "NMC": 2.0899176504097734,
      "NUCLEAR": 1.9406033935546876,
      "HERACOMB": 2.4208878660513684,
      "DYE886": 1.3735817128961736,
      "CDF": 1.128439085824149,
      "D0": 1.6199352264404296,
      "ATLAS": 2.530635897673708,
      "CMS": 2.9207282337715954,
      "LHCb": 2.944741725921631,
      "total": 2.332404375076294
    }
  },
  "11200": {
    "training_loss": 7807.45654296875,
    "validation_loss": [
      2749.3759765625
    ],
    "validation_chi2s": {
      "DEUTERON": 2.274422261252332,
      "NMC": 2.080078274595971,
      "NUCLEAR": 1.9376612548828125,
      "HERACOMB": 2.4299751231872957,
      "DYE886": 1.3136473569003018,
      "CDF": 1.141562053135463,
      "D0": 1.624663734436035,
      "ATLAS": 2.517450258052549,
      "CMS": 2.907493529280996,
      "LHCb": 3.023726463317871,
      "total": 2.3280043601989746
    }
  },
  "11300": {
    "training_loss": 7761.79345703125,
    "validation_loss": [
      2742.04345703125
    ],
    "validation_chi2s": {
      "DEUTERON": 2.2611331465232434,
      "NMC": 2.026695401060815,
      "NUCLEAR": 1.9411273193359375,
      "HERACOMB": 2.4432440863715277,
      "DYE886": 1.2941546873612837,
      "CDF": 1.201890127999442,
      "D0": 1.639320182800293,
      "ATLAS": 2.4845807805407647,
      "CMS": 2.9028833901009907,
      "LHCb": 3.0064759254455566,
      "total": 2.321798086166382
    }
  },
  "11400": {
    "training_loss": 7759.28466796875,
    "validation_loss": [
      2747.69970703125
    ],
    "validation_chi2s": {
      "DEUTERON": 2.2271597942902672,
      "NMC": 1.9972110823089002,
      "NUCLEAR": 1.9542431640625,
      "HERACOMB": 2.453787012037888,
      "DYE886": 1.3713262731378728,
      "CDF": 1.2561157771519251,
      "D0": 1.611541748046875,
      "ATLAS": 2.5265342669780027,
      "CMS": 2.8895970786490093,
      "LHCb": 3.0004868507385254,
      "total": 2.326587438583374
    }
  },
  "11500": {
    "training_loss": 7865.1943359375,
    "validation_loss": [
      2755.6845703125
    ],
    "validation_chi2s": {
      "DEUTERON": 2.2885488633492694,
      "NMC": 2.1147671867819393,
      "NUCLEAR": 1.94578173828125,
      "HERACOMB": 2.418367872051164,
      "DYE886": 1.4056520462036133,
      "CDF": 1.1789565767560686,
      "D0": 1.6450307846069336,
      "ATLAS": 2.5188900398808483,
      "CMS": 2.9265139199853913,
      "LHCb": 2.96553635597229,
      "total": 2.333348274230957
    }
  },
  "11600": {
    "training_loss": 7772.99609375,
    "validation_loss": [
      2744.73828125
    ],
    "validation_chi2s": {
      "DEUTERON": 2.250150158630675,
      "NMC": 2.0231037513882506,
      "NUCLEAR": 1.9403485107421874,
      "HERACOMB": 2.4452692168989993,
      "DYE886": 1.2922951958396218,
      "CDF": 1.2336627415248327,
      "D0": 1.674708366394043,
      "ATLAS": 2.5080094150990746,
      "CMS": 2.9086154844702743,
      "LHCb": 2.9823029041290283,
      "total": 2.324079751968384
    }
  },
  "11700": {
    "training_loss": 7767.43115234375,
    "validation_loss": [
      2747.1572265625
    ],
    "validation_chi2s": {
      "DEUTERON": 2.2497218497356966,
      "NMC": 2.0354131062825522,
      "NUCLEAR": 1.94433154296875,
      "HERACOMB": 2.4446339326746322,
      "DYE886": 1.3667494166981091,
      "CDF": 1.3142854145595007,
      "D0": 1.640825080871582,
      "ATLAS": 2.5536393320094275,
      "CMS": 2.874557371061992,
      "LHCb": 2.833350658416748,
      "total": 2.326127529144287
    }
  },
  "11800": {
    "training_loss": 7753.8623046875,
    "validation_loss": [
      2751.498046875
    ],
    "validation_chi2s": {
      "DEUTERON": 2.2496884474113807,
      "NMC": 2.069376328412224,
      "NUCLEAR": 1.937346435546875,
      "HERACOMB": 2.4499689239302493,
      "DYE886": 1.3024385625665837,
      "CDF": 1.2304507664271764,
      "D0": 1.6419233322143554,
      "ATLAS": 2.5396019280289805,
      "CMS": 2.8789355270261687,
      "LHCb": 3.042228937149048,
      "total": 2.3297948837280273
    }
  },
  "11900": {
    "training_loss": 7766.1337890625,
    "validation_loss": [
      2739.47998046875
    ],
    "validation_chi2s": {
      "DEUTERON": 2.259224659174829,
      "NMC": 2.039622288124234,
      "NUCLEAR": 1.935427978515625,
      "HERACOMB": 2.4414128322227326,
      "DYE886": 1.2705228111960671,
      "CDF": 1.2189670290265764,
      "D0": 1.6551836013793946,
      "ATLAS": 2.487822804371072,
      "CMS": 2.8932033631859757,
      "LHCb": 3.006420373916626,
      "total": 2.319627523422241
    }
  },
  "12000": {
    "training_loss": 7753.28564453125,
    "validation_loss": [
      2737.207763671875
    ],
    "validation_chi2s": {
      "DEUTERON": 2.2329995833819187,
      "NMC": 2.0398601457184435,
      "NUCLEAR": 1.9375650634765624,
      "HERACOMB": 2.4474076414419934,
      "DYE886": 1.2649486715143377,
      "CDF": 1.2479023252214705,
      "D0": 1.6619863510131836,
      "ATLAS": 2.518411647008118,
      "CMS": 2.8636812039507116,
      "LHCb": 2.963484764099121,
      "total": 2.3177037239074707
    }
  },
  "12100": {
    "training_loss": 7791.087890625,
    "validation_loss": [
      2741.398681640625
    ],
    "validation_chi2s": {
      "DEUTERON": 2.2515923798973883,
      "NMC": 2.0383938060087314,
      "NUCLEAR": 1.955944580078125,
      "HERACOMB": 2.440946292253881,
      "DYE886": 1.3282900723544033,
      "CDF": 1.2443411690848214,
      "D0": 1.6183549880981445,
      "ATLAS": 2.5266701469208277,
      "CMS": 2.8462278784775155,
      "LHCb": 2.88995361328125,
      "total": 2.3212521076202393
    }
  },
  "12200": {
    "training_loss": 7776.74169921875,
    "validation_loss": [
      2742.0234375
    ],
    "validation_chi2s": {
      "DEUTERON": 2.240604533484919,
      "NMC": 1.9825823914770986,
      "NUCLEAR": 1.9600147705078126,
      "HERACOMB": 2.463999031415952,
      "DYE886": 1.3126943761652166,
      "CDF": 1.1887633459908622,
      "D0": 1.610198974609375,
      "ATLAS": 2.4799017027103702,
      "CMS": 2.900185437706428,
      "LHCb": 2.88810396194458,
      "total": 2.321598529815674
    }
  }
}