{
  "100": {
    "training_loss": 332.015380859375,
    "validation_loss": [
      148.9157257080078
    ],
    "validation_chi2s": {
      "DEUTERON": 3.017658996582031,
      "ATLAS": 2.5644876306707207,
      "total": 2.9199161529541016
    }
  },
  "200": {
    "training_loss": 299.6105651855469,
    "validation_loss": [
      123.91194915771484
    ],
    "validation_chi2s": {
      "DEUTERON": 2.760396957397461,
      "ATLAS": 1.2269154461947354,
      "total": 2.4296460151672363
    }
  },
  "300": {
    "training_loss": 289.314208984375,
    "validation_loss": [
      108.70817565917969
    ],
    "validation_chi2s": {
      "DEUTERON": 2.440521812438965,
      "ATLAS": 1.0079371712424539,
      "total": 2.131532907485962
    }
  },
  "400": {
    "training_loss": 278.715087890625,
    "validation_loss": [
      101.02665710449219
    ],
    "validation_chi2s": {
      "DEUTERON": 2.226211738586426,
      "ATLAS": 1.0889262286099521,
      "total": 1.980914831161499
    }
  },
  "500": {
    "training_loss": 275.53643798828125,
    "validation_loss": [
      91.96770477294922
    ],
    "validation_chi2s": {
      "DEUTERON": 1.9698076248168945,
      "ATLAS": 1.1977637897838245,
      "total": 1.8032883405685425
    }
  },
  "600": {
    "training_loss": 274.7269287109375,
    "validation_loss": [
      90.18193054199219
    ],
    "validation_chi2s": {
      "DEUTERON": 1.9628110885620118,
      "ATLAS": 1.0608626278963955,
      "total": 1.768273115158081
    }
  },
  "700": {
    "training_loss": 275.2232666015625,
    "validation_loss": [
      87.80474090576172
    ],
    "validation_chi2s": {
      "DEUTERON": 1.9022287368774413,
      "ATLAS": 1.0650536797263406,
      "total": 1.7216615676879883
    }
  },
  "800": {
    "training_loss": 270.5377197265625,
    "validation_loss": [
      84.62357330322266
    ],
    "validation_chi2s": {
      "DEUTERON": 1.784269142150879,
      "ATLAS": 1.2048011259599165,
      "total": 1.6592859029769897
    }
  },
  "900": {
    "training_loss": 269.25933837890625,
    "validation_loss": [
      93.48030090332031
    ],
    "validation_chi2s": {
      "DEUTERON": 2.0555843353271483,
      "ATLAS": 1.0233573913574219,
      "total": 1.8329471349716187
    }
  }
}