{
  "100": {
    "training_loss": 253.720947265625,
    "validation_loss": [
      104.56649780273438
    ],
    "validation_chi2s": {
      "DEUTERON": 1.7811824798583984,
      "ATLAS": 3.0290180553089487,
      "total": 2.050323486328125
    }
  },
  "200": {
    "training_loss": 240.10598754882812,
    "validation_loss": [
      115.71017456054688
    ],
    "validation_chi2s": {
      "DEUTERON": 1.8511425018310548,
      "ATLAS": 3.787679498845881,
      "total": 2.268826961517334
    }
  },
  "300": {
    "training_loss": 243.58151245117188,
    "validation_loss": [
      108.50162506103516
    ],
    "validation_chi2s": {
      "DEUTERON": 1.7507633209228515,
      "ATLAS": 3.497372020374645,
      "total": 2.1274828910827637
    }
  },
  "400": {
    "training_loss": 230.3770751953125,
    "validation_loss": [
      110.82518005371094
    ],
    "validation_chi2s": {
      "DEUTERON": 1.965189552307129,
      "ATLAS": 2.9288725419477983,
      "total": 2.1730427742004395
    }
  }
}