{
  "100": {
    "training_loss": 548.78125,
    "validation_loss": [
      260.48541259765625
    ],
    "validation_chi2s": {
      "DEUTERON": 1.9033485412597657,
      "ATLAS": 16.7592246315696,
      "total": 5.10755729675293
    }
  },
  "200": {
    "training_loss": 390.15234375,
    "validation_loss": [
      4250.0634765625
    ],
    "validation_chi2s": {
      "DEUTERON": 1.7221977233886718,
      "ATLAS": 5.792854309082031,
      "total": 2.60018253326416
    }
  },
  "300": {
    "training_loss": 368.7792053222656,
    "validation_loss": [
      77.24800109863281
    ],
    "validation_chi2s": {
      "DEUTERON": 1.3605964660644532,
      "ATLAS": 2.074922561645508,
      "total": 1.5146667957305908
    }
  },
  "400": {
    "training_loss": 349.78399658203125,
    "validation_loss": [
      80.13807678222656
    ],
    "validation_chi2s": {
      "DEUTERON": 1.531687355041504,
      "ATLAS": 1.7155080275102095,
      "total": 1.571334958076477
    }
  },
  "500": {
    "training_loss": 341.8192443847656,
    "validation_loss": [
      76.17008209228516
    ],
    "validation_chi2s": {
      "DEUTERON": 1.4531700134277343,
      "ATLAS": 1.640298843383789,
      "total": 1.4935312271118164
    }
  },
  "600": {
    "training_loss": 342.3197937011719,
    "validation_loss": [
      73.93777465820312
    ],
    "validation_chi2s": {
      "DEUTERON": 1.3955331802368165,
      "ATLAS": 1.6469499414617366,
      "total": 1.4497603178024292
    }
  },
  "700": {
    "training_loss": 326.38787841796875,
    "validation_loss": [
      80.8482666015625
    ],
    "validation_chi2s": {
      "DEUTERON": 1.3936580657958983,
      "ATLAS": 2.281995426524769,
      "total": 1.585260272026062
    }
  },
  "800": {
    "training_loss": 325.18804931640625,
    "validation_loss": [
      80.5227279663086
    ],
    "validation_chi2s": {
      "DEUTERON": 1.387960720062256,
      "ATLAS": 2.2731186259876597,
      "total": 1.5788772106170654
    }
  },
  "900": {
    "training_loss": 341.49517822265625,
    "validation_loss": [
      71.91657257080078
    ],
    "validation_chi2s": {
      "DEUTERON": 1.369672679901123,
      "ATLAS": 1.557242826981978,
      "total": 1.4101290702819824
    }
  }
}